000 (690108.006.000) 07/11 07:32:04 Job submitted from host: <144.92.181.245:9618?addrs=144.92.181.245-9618+[2607-f388-101c-1000--372]-9618&noUDP&sock=6179_dbc8_3>
...
001 (690108.006.000) 07/11 09:24:40 Job executing on host: <144.92.180.233:9618?addrs=144.92.180.233-9618+[2607-f388-101c-1000--629]-9618&noUDP&sock=9975_994a_3>
...
006 (690108.006.000) 07/11 09:24:49 Image size of job updated: 226740
	106  -  MemoryUsage of job (MB)
	107920  -  ResidentSetSize of job (KB)
...
006 (690108.006.000) 07/11 09:44:50 Image size of job updated: 243124
	236  -  MemoryUsage of job (MB)
	240732  -  ResidentSetSize of job (KB)
...
005 (690108.006.000) 07/11 09:46:25 Job terminated.
	(1) Normal termination (return value 0)
		Usr 0 00:01:40, Sys 0 00:00:06  -  Run Remote Usage
		Usr 0 00:00:00, Sys 0 00:00:00  -  Run Local Usage
		Usr 0 00:01:40, Sys 0 00:00:06  -  Total Remote Usage
		Usr 0 00:00:00, Sys 0 00:00:00  -  Total Local Usage
	339411  -  Run Bytes Sent By Job
	302156  -  Run Bytes Received By Job
	339411  -  Total Bytes Sent By Job
	302156  -  Total Bytes Received By Job
	Partitionable Resources :    Usage  Request Allocated
	   Cpus                 :                 1         1
	   Disk (KB)            :  1000000  2048000   7917907
	   Memory (MB)          :      236     1992      1992
...
