000 (696041.001.000) 07/12 06:43:49 Job submitted from host: <144.92.181.245:9618?addrs=144.92.181.245-9618+[2607-f388-101c-1000--372]-9618&noUDP&sock=6179_dbc8_3>
...
001 (695044.001.000) 07/12 07:42:30 Job executing on host: <128.104.227.11:9618?addrs=128.104.227.11-9618+[2607-f388-101c-1000--629]-9618&noUDP&sock=10363_bc09_3>
...
006 (695044.001.000) 07/12 07:42:38 Image size of job updated: 111196
	106  -  MemoryUsage of job (MB)
	108160  -  ResidentSetSize of job (KB)
...
006 (695044.001.000) 07/12 08:01:29 Image size of job updated: 243088
	106  -  MemoryUsage of job (MB)
	108160  -  ResidentSetSize of job (KB)
...
005 (695044.001.000) 07/12 08:01:30 Job terminated.
	(1) Normal termination (return value 0)
		Usr 0 00:01:32, Sys 0 00:00:04  -  Run Remote Usage
		Usr 0 00:00:00, Sys 0 00:00:00  -  Run Local Usage
		Usr 0 00:01:32, Sys 0 00:00:04  -  Total Remote Usage
		Usr 0 00:00:00, Sys 0 00:00:00  -  Total Local Usage
	224992  -  Run Bytes Sent By Job
	281287  -  Run Bytes Received By Job
	224992  -  Total Bytes Sent By Job
	281287  -  Total Bytes Received By Job
	Partitionable Resources :    Usage  Request Allocated
	   Cpus                 :                 1         1
	   Disk (KB)            :  1000000  2048000   9500364
	   Memory (MB)          :      106     1992      1992
...
001 (696041.001.000) 07/12 08:39:29 Job executing on host: <144.92.180.122:9618?addrs=144.92.180.122-9618+[2607-f388-101c-1000--629]-9618&noUDP&sock=7623_528a_3>
...
006 (696041.001.000) 07/12 08:39:38 Image size of job updated: 9084
	7  -  MemoryUsage of job (MB)
	6940  -  ResidentSetSize of job (KB)
...
006 (696041.001.000) 07/12 08:59:39 Image size of job updated: 269892
	236  -  MemoryUsage of job (MB)
	240948  -  ResidentSetSize of job (KB)
...
005 (696041.001.000) 07/12 09:02:23 Job terminated.
	(1) Normal termination (return value 0)
		Usr 0 00:01:36, Sys 0 00:00:05  -  Run Remote Usage
		Usr 0 00:00:00, Sys 0 00:00:00  -  Run Local Usage
		Usr 0 00:01:36, Sys 0 00:00:05  -  Total Remote Usage
		Usr 0 00:00:00, Sys 0 00:00:00  -  Total Local Usage
	224992  -  Run Bytes Sent By Job
	281287  -  Run Bytes Received By Job
	224992  -  Total Bytes Sent By Job
	281287  -  Total Bytes Received By Job
	Partitionable Resources :    Usage  Request Allocated
	   Cpus                 :                 1         1
	   Disk (KB)            :  1000000  2048000   6333832
	   Memory (MB)          :      236     1992      1992
...
