000 (690155.012.000) 07/11 07:33:07 Job submitted from host: <144.92.181.245:9618?addrs=144.92.181.245-9618+[2607-f388-101c-1000--372]-9618&noUDP&sock=6179_dbc8_3>
...
001 (690155.012.000) 07/11 09:52:47 Job executing on host: <128.104.227.81:9618?addrs=128.104.227.81-9618+[2607-f388-101c-1000--629]-9618&noUDP&sock=11938_0db3_10>
...
006 (690155.012.000) 07/11 09:52:56 Image size of job updated: 165724
	53  -  MemoryUsage of job (MB)
	53344  -  ResidentSetSize of job (KB)
...
006 (690155.012.000) 07/11 10:12:58 Image size of job updated: 279580
	231  -  MemoryUsage of job (MB)
	236328  -  ResidentSetSize of job (KB)
...
005 (690155.012.000) 07/11 10:26:20 Job terminated.
	(1) Normal termination (return value 0)
		Usr 0 00:02:38, Sys 0 00:00:15  -  Run Remote Usage
		Usr 0 00:00:00, Sys 0 00:00:00  -  Run Local Usage
		Usr 0 00:02:38, Sys 0 00:00:15  -  Total Remote Usage
		Usr 0 00:00:00, Sys 0 00:00:00  -  Total Local Usage
	394865  -  Run Bytes Sent By Job
	302156  -  Run Bytes Received By Job
	394865  -  Total Bytes Sent By Job
	302156  -  Total Bytes Received By Job
	Partitionable Resources :    Usage  Request Allocated
	   Cpus                 :                 1         1
	   Disk (KB)            :  1000000  2048000   9503497
	   Memory (MB)          :      231     1992      1992
...
