000 (690155.001.000) 07/11 07:33:06 Job submitted from host: <144.92.181.245:9618?addrs=144.92.181.245-9618+[2607-f388-101c-1000--372]-9618&noUDP&sock=6179_dbc8_3>
...
001 (690155.001.000) 07/11 09:52:17 Job executing on host: <128.104.227.12:9618?addrs=128.104.227.12-9618+[2607-f388-101c-1000--629]-9618&noUDP&sock=10301_352a_3>
...
006 (690155.001.000) 07/11 09:52:26 Image size of job updated: 226900
	106  -  MemoryUsage of job (MB)
	107972  -  ResidentSetSize of job (KB)
...
006 (690155.001.000) 07/11 10:11:14 Image size of job updated: 227580
	106  -  MemoryUsage of job (MB)
	107972  -  ResidentSetSize of job (KB)
...
005 (690155.001.000) 07/11 10:11:15 Job terminated.
	(1) Normal termination (return value 0)
		Usr 0 00:02:47, Sys 0 00:00:08  -  Run Remote Usage
		Usr 0 00:00:00, Sys 0 00:00:00  -  Run Local Usage
		Usr 0 00:02:47, Sys 0 00:00:08  -  Total Remote Usage
		Usr 0 00:00:00, Sys 0 00:00:00  -  Total Local Usage
	394913  -  Run Bytes Sent By Job
	302156  -  Run Bytes Received By Job
	394913  -  Total Bytes Sent By Job
	302156  -  Total Bytes Received By Job
	Partitionable Resources :    Usage  Request Allocated
	   Cpus                 :                 1         1
	   Disk (KB)            :  1000000  2048000   9501185
	   Memory (MB)          :      106     1992      1992
...
