000 (690155.002.000) 07/11 07:33:06 Job submitted from host: <144.92.181.245:9618?addrs=144.92.181.245-9618+[2607-f388-101c-1000--372]-9618&noUDP&sock=6179_dbc8_3>
...
001 (690155.002.000) 07/11 09:52:21 Job executing on host: <128.104.227.115:9618?addrs=128.104.227.115-9618+[2607-f388-101c-1000--64]-9618&noUDP&sock=11711_59b3_3>
...
006 (690155.002.000) 07/11 09:52:29 Image size of job updated: 156920
	40  -  MemoryUsage of job (MB)
	40880  -  ResidentSetSize of job (KB)
...
006 (690155.002.000) 07/11 10:12:29 Image size of job updated: 273652
	233  -  MemoryUsage of job (MB)
	237916  -  ResidentSetSize of job (KB)
...
006 (690155.002.000) 07/11 10:15:38 Image size of job updated: 478644
	233  -  MemoryUsage of job (MB)
	237916  -  ResidentSetSize of job (KB)
...
005 (690155.002.000) 07/11 10:15:39 Job terminated.
	(1) Normal termination (return value 0)
		Usr 0 00:02:15, Sys 0 00:00:09  -  Run Remote Usage
		Usr 0 00:00:00, Sys 0 00:00:00  -  Run Local Usage
		Usr 0 00:02:15, Sys 0 00:00:09  -  Total Remote Usage
		Usr 0 00:00:00, Sys 0 00:00:00  -  Total Local Usage
	394998  -  Run Bytes Sent By Job
	302156  -  Run Bytes Received By Job
	394998  -  Total Bytes Sent By Job
	302156  -  Total Bytes Received By Job
	Partitionable Resources :    Usage  Request Allocated
	   Cpus                 :                 1         1
	   Disk (KB)            :  1000000  2048000   9502653
	   Memory (MB)          :      233     1992      1992
...
