000 (696047.000.000) 07/12 06:43:56 Job submitted from host: <144.92.181.245:9618?addrs=144.92.181.245-9618+[2607-f388-101c-1000--372]-9618&noUDP&sock=6179_dbc8_3>
...
001 (695050.000.000) 07/12 07:42:41 Job executing on host: <144.92.181.191:9618?addrs=144.92.181.191-9618+[2607-f388-101c-1000--629]-9618&noUDP&sock=10050_0ae4_3>
...
006 (695050.000.000) 07/12 07:42:50 Image size of job updated: 114708
	106  -  MemoryUsage of job (MB)
	108460  -  ResidentSetSize of job (KB)
...
006 (695050.000.000) 07/12 08:02:51 Image size of job updated: 250644
	245  -  MemoryUsage of job (MB)
	250644  -  ResidentSetSize of job (KB)
...
006 (695050.000.000) 07/12 08:08:12 Image size of job updated: 253644
	245  -  MemoryUsage of job (MB)
	250644  -  ResidentSetSize of job (KB)
...
005 (695050.000.000) 07/12 08:08:14 Job terminated.
	(1) Normal termination (return value 0)
		Usr 0 00:02:00, Sys 0 00:00:07  -  Run Remote Usage
		Usr 0 00:00:00, Sys 0 00:00:00  -  Run Local Usage
		Usr 0 00:02:00, Sys 0 00:00:07  -  Total Remote Usage
		Usr 0 00:00:00, Sys 0 00:00:00  -  Total Local Usage
	344925  -  Run Bytes Sent By Job
	281287  -  Run Bytes Received By Job
	344925  -  Total Bytes Sent By Job
	281287  -  Total Bytes Received By Job
	Partitionable Resources :    Usage  Request Allocated
	   Cpus                 :                 1         1
	   Disk (KB)            :  1000000  2048000   7914778
	   Memory (MB)          :      245     1992      1992
...
001 (696047.000.000) 07/12 08:41:21 Job executing on host: <144.92.180.80:9618?addrs=144.92.180.80-9618+[2607-f388-101c-1000--629]-9618&noUDP&sock=9995_512f_3>
...
006 (696047.000.000) 07/12 08:41:30 Image size of job updated: 217776
	106  -  MemoryUsage of job (MB)
	108484  -  ResidentSetSize of job (KB)
...
006 (696047.000.000) 07/12 09:01:30 Image size of job updated: 252968
	247  -  MemoryUsage of job (MB)
	252892  -  ResidentSetSize of job (KB)
...
006 (696047.000.000) 07/12 09:06:00 Image size of job updated: 255196
	247  -  MemoryUsage of job (MB)
	252892  -  ResidentSetSize of job (KB)
...
005 (696047.000.000) 07/12 09:06:02 Job terminated.
	(1) Normal termination (return value 0)
		Usr 0 00:02:08, Sys 0 00:00:06  -  Run Remote Usage
		Usr 0 00:00:00, Sys 0 00:00:00  -  Run Local Usage
		Usr 0 00:02:08, Sys 0 00:00:06  -  Total Remote Usage
		Usr 0 00:00:00, Sys 0 00:00:00  -  Total Local Usage
	344925  -  Run Bytes Sent By Job
	281287  -  Run Bytes Received By Job
	344925  -  Total Bytes Sent By Job
	281287  -  Total Bytes Received By Job
	Partitionable Resources :    Usage  Request Allocated
	   Cpus                 :                 1         1
	   Disk (KB)            :  1000000  2048000   7917096
	   Memory (MB)          :      247     1992      1992
...
