000 (696047.010.000) 07/12 06:43:56 Job submitted from host: <144.92.181.245:9618?addrs=144.92.181.245-9618+[2607-f388-101c-1000--372]-9618&noUDP&sock=6179_dbc8_3>
...
001 (695050.010.000) 07/12 07:42:38 Job executing on host: <128.104.227.22:9618?addrs=128.104.227.22-9618+[2607-f388-101c-1000--629]-9618&noUDP&sock=10298_2661_3>
...
006 (695050.010.000) 07/12 07:42:47 Image size of job updated: 109364
	106  -  MemoryUsage of job (MB)
	108476  -  ResidentSetSize of job (KB)
...
006 (695050.010.000) 07/12 08:02:48 Image size of job updated: 250172
	244  -  MemoryUsage of job (MB)
	249768  -  ResidentSetSize of job (KB)
...
005 (695050.010.000) 07/12 08:10:17 Job terminated.
	(1) Normal termination (return value 0)
		Usr 0 00:02:02, Sys 0 00:00:07  -  Run Remote Usage
		Usr 0 00:00:00, Sys 0 00:00:00  -  Run Local Usage
		Usr 0 00:02:02, Sys 0 00:00:07  -  Total Remote Usage
		Usr 0 00:00:00, Sys 0 00:00:00  -  Total Local Usage
	345194  -  Run Bytes Sent By Job
	281287  -  Run Bytes Received By Job
	345194  -  Total Bytes Sent By Job
	281287  -  Total Bytes Received By Job
	Partitionable Resources :    Usage  Request Allocated
	   Cpus                 :                 1         1
	   Disk (KB)            :  1000000  2048000   9500771
	   Memory (MB)          :      244     1992      1992
...
001 (696047.010.000) 07/12 08:41:53 Job executing on host: <128.104.227.59:9618?addrs=128.104.227.59-9618+[2607-f388-101c-1000--629]-9618&noUDP&sock=10315_cf7d_3>
...
006 (696047.010.000) 07/12 08:42:01 Image size of job updated: 216648
	106  -  MemoryUsage of job (MB)
	108484  -  ResidentSetSize of job (KB)
...
005 (696047.010.000) 07/12 09:00:54 Job terminated.
	(1) Normal termination (return value 0)
		Usr 0 00:02:01, Sys 0 00:00:07  -  Run Remote Usage
		Usr 0 00:00:00, Sys 0 00:00:00  -  Run Local Usage
		Usr 0 00:02:01, Sys 0 00:00:07  -  Total Remote Usage
		Usr 0 00:00:00, Sys 0 00:00:00  -  Total Local Usage
	345194  -  Run Bytes Sent By Job
	281287  -  Run Bytes Received By Job
	345194  -  Total Bytes Sent By Job
	281287  -  Total Bytes Received By Job
	Partitionable Resources :    Usage  Request Allocated
	   Cpus                 :                 1         1
	   Disk (KB)            :  1000000  2048000   9501449
	   Memory (MB)          :      106     1992      1992
...
