000 (696047.008.000) 07/12 06:43:56 Job submitted from host: <144.92.181.245:9618?addrs=144.92.181.245-9618+[2607-f388-101c-1000--372]-9618&noUDP&sock=6179_dbc8_3>
...
001 (695050.008.000) 07/12 07:42:42 Job executing on host: <144.92.181.197:9618?addrs=144.92.181.197-9618+[2607-f388-101c-1000--456]-9618&noUDP&sock=6498_aa7e_3>
...
006 (695050.008.000) 07/12 07:42:50 Image size of job updated: 132356
	53  -  MemoryUsage of job (MB)
	53468  -  ResidentSetSize of job (KB)
...
006 (695050.008.000) 07/12 08:02:50 Image size of job updated: 255892
	249  -  MemoryUsage of job (MB)
	254760  -  ResidentSetSize of job (KB)
...
005 (695050.008.000) 07/12 08:07:09 Job terminated.
	(1) Normal termination (return value 0)
		Usr 0 00:07:03, Sys 0 00:00:18  -  Run Remote Usage
		Usr 0 00:00:00, Sys 0 00:00:00  -  Run Local Usage
		Usr 0 00:07:03, Sys 0 00:00:18  -  Total Remote Usage
		Usr 0 00:00:00, Sys 0 00:00:00  -  Total Local Usage
	571652  -  Run Bytes Sent By Job
	281287  -  Run Bytes Received By Job
	571652  -  Total Bytes Sent By Job
	281287  -  Total Bytes Received By Job
	Partitionable Resources :    Usage  Request Allocated
	   Cpus                 :                 1         1
	   Disk (KB)            :  1000000  2048000   4751700
	   Memory (MB)          :      249     1992      1992
...
001 (696047.008.000) 07/12 08:41:48 Job executing on host: <128.104.227.57:9618?addrs=128.104.227.57-9618+[2607-f388-101c-1000--629]-9618&noUDP&sock=10277_bee4_3>
...
006 (696047.008.000) 07/12 08:41:57 Image size of job updated: 108724
	106  -  MemoryUsage of job (MB)
	108480  -  ResidentSetSize of job (KB)
...
006 (696047.008.000) 07/12 09:01:57 Image size of job updated: 252388
	247  -  MemoryUsage of job (MB)
	252388  -  ResidentSetSize of job (KB)
...
006 (696047.008.000) 07/12 09:06:28 Image size of job updated: 253028
	247  -  MemoryUsage of job (MB)
	252388  -  ResidentSetSize of job (KB)
...
005 (696047.008.000) 07/12 09:06:28 Job terminated.
	(1) Normal termination (return value 0)
		Usr 0 00:02:09, Sys 0 00:00:06  -  Run Remote Usage
		Usr 0 00:00:00, Sys 0 00:00:00  -  Run Local Usage
		Usr 0 00:02:09, Sys 0 00:00:06  -  Total Remote Usage
		Usr 0 00:00:00, Sys 0 00:00:00  -  Total Local Usage
	345389  -  Run Bytes Sent By Job
	281287  -  Run Bytes Received By Job
	345389  -  Total Bytes Sent By Job
	281287  -  Total Bytes Received By Job
	Partitionable Resources :    Usage  Request Allocated
	   Cpus                 :                 1         1
	   Disk (KB)            :  1000000  2048000   9502473
	   Memory (MB)          :      247     1992      1992
...
