000 (691522.015.000) 07/11 11:28:32 Job submitted from host: <144.92.181.245:9618?addrs=144.92.181.245-9618+[2607-f388-101c-1000--372]-9618&noUDP&sock=6179_dbc8_3>
...
001 (691522.015.000) 07/11 12:23:26 Job executing on host: <128.104.227.85:9618?addrs=128.104.227.85-9618+[2607-f388-101c-1000--629]-9618&noUDP&sock=11857_7e87_10>
...
006 (691522.015.000) 07/11 12:23:34 Image size of job updated: 216804
	106  -  MemoryUsage of job (MB)
	108388  -  ResidentSetSize of job (KB)
...
006 (691522.015.000) 07/11 12:43:34 Image size of job updated: 243800
	239  -  MemoryUsage of job (MB)
	243756  -  ResidentSetSize of job (KB)
...
006 (691522.015.000) 07/11 12:48:53 Image size of job updated: 245828
	239  -  MemoryUsage of job (MB)
	243756  -  ResidentSetSize of job (KB)
...
005 (691522.015.000) 07/11 12:48:55 Job terminated.
	(1) Normal termination (return value 0)
		Usr 0 00:02:22, Sys 0 00:00:11  -  Run Remote Usage
		Usr 0 00:00:00, Sys 0 00:00:00  -  Run Local Usage
		Usr 0 00:02:22, Sys 0 00:00:11  -  Total Remote Usage
		Usr 0 00:00:00, Sys 0 00:00:00  -  Total Local Usage
	369945  -  Run Bytes Sent By Job
	306644  -  Run Bytes Received By Job
	369945  -  Total Bytes Sent By Job
	306644  -  Total Bytes Received By Job
	Partitionable Resources :    Usage  Request Allocated
	   Cpus                 :                 1         1
	   Disk (KB)            :  1000000  2048000   9503925
	   Memory (MB)          :      239     1992      1992
...
