000 (691522.008.000) 07/11 11:28:32 Job submitted from host: <144.92.181.245:9618?addrs=144.92.181.245-9618+[2607-f388-101c-1000--372]-9618&noUDP&sock=6179_dbc8_3>
...
001 (691522.008.000) 07/11 12:23:11 Job executing on host: <144.92.181.137:9618?addrs=144.92.181.137-9618+[2607-f388-101c-1000--629]-9618&noUDP&sock=10036_7091_3>
...
006 (691522.008.000) 07/11 12:23:20 Image size of job updated: 214488
	105  -  MemoryUsage of job (MB)
	106840  -  ResidentSetSize of job (KB)
...
006 (691522.008.000) 07/11 12:43:20 Image size of job updated: 245192
	240  -  MemoryUsage of job (MB)
	245192  -  ResidentSetSize of job (KB)
...
006 (691522.008.000) 07/11 12:45:55 Image size of job updated: 488156
	240  -  MemoryUsage of job (MB)
	245192  -  ResidentSetSize of job (KB)
...
005 (691522.008.000) 07/11 12:45:57 Job terminated.
	(1) Normal termination (return value 0)
		Usr 0 00:02:12, Sys 0 00:00:06  -  Run Remote Usage
		Usr 0 00:00:00, Sys 0 00:00:00  -  Run Local Usage
		Usr 0 00:02:12, Sys 0 00:00:06  -  Total Remote Usage
		Usr 0 00:00:00, Sys 0 00:00:00  -  Total Local Usage
	367841  -  Run Bytes Sent By Job
	306644  -  Run Bytes Received By Job
	367841  -  Total Bytes Sent By Job
	306644  -  Total Bytes Received By Job
	Partitionable Resources :    Usage  Request Allocated
	   Cpus                 :                 1         1
	   Disk (KB)            :  1000000  2048000   7917968
	   Memory (MB)          :      240     1992      1992
...
