000 (691488.011.000) 07/11 11:27:50 Job submitted from host: <144.92.181.245:9618?addrs=144.92.181.245-9618+[2607-f388-101c-1000--372]-9618&noUDP&sock=6179_dbc8_3>
...
001 (691488.011.000) 07/11 12:10:31 Job executing on host: <144.92.181.246:9618?addrs=144.92.181.246-9618+[2607-f388-101c-1000--629]-9618&noUDP&sock=10025_e506_3>
...
006 (691488.011.000) 07/11 12:10:40 Image size of job updated: 139456
	33  -  MemoryUsage of job (MB)
	33620  -  ResidentSetSize of job (KB)
...
006 (691488.011.000) 07/11 12:30:41 Image size of job updated: 249472
	241  -  MemoryUsage of job (MB)
	246040  -  ResidentSetSize of job (KB)
...
005 (691488.011.000) 07/11 12:30:46 Job terminated.
	(1) Normal termination (return value 0)
		Usr 0 00:01:40, Sys 0 00:00:04  -  Run Remote Usage
		Usr 0 00:00:00, Sys 0 00:00:00  -  Run Local Usage
		Usr 0 00:01:40, Sys 0 00:00:04  -  Total Remote Usage
		Usr 0 00:00:00, Sys 0 00:00:00  -  Total Local Usage
	355065  -  Run Bytes Sent By Job
	306644  -  Run Bytes Received By Job
	355065  -  Total Bytes Sent By Job
	306644  -  Total Bytes Received By Job
	Partitionable Resources :    Usage  Request Allocated
	   Cpus                 :                 1         1
	   Disk (KB)            :  1000000  2048000   7918242
	   Memory (MB)          :      241     1992      1992
...
