000 (691488.015.000) 07/11 11:27:50 Job submitted from host: <144.92.181.245:9618?addrs=144.92.181.245-9618+[2607-f388-101c-1000--372]-9618&noUDP&sock=6179_dbc8_3>
...
001 (691488.015.000) 07/11 12:10:36 Job executing on host: <128.104.227.101:9618?addrs=128.104.227.101-9618+[2607-f388-101c-1000--50]-9618&noUDP&sock=11662_bd8f_3>
...
006 (691488.015.000) 07/11 12:10:44 Image size of job updated: 70432
	23  -  MemoryUsage of job (MB)
	23484  -  ResidentSetSize of job (KB)
...
006 (691488.015.000) 07/11 12:30:44 Image size of job updated: 251412
	245  -  MemoryUsage of job (MB)
	250740  -  ResidentSetSize of job (KB)
...
005 (691488.015.000) 07/11 12:35:05 Job terminated.
	(1) Normal termination (return value 0)
		Usr 0 00:01:45, Sys 0 00:00:05  -  Run Remote Usage
		Usr 0 00:00:00, Sys 0 00:00:00  -  Run Local Usage
		Usr 0 00:01:45, Sys 0 00:00:05  -  Total Remote Usage
		Usr 0 00:00:00, Sys 0 00:00:00  -  Total Local Usage
	357195  -  Run Bytes Sent By Job
	306644  -  Run Bytes Received By Job
	357195  -  Total Bytes Sent By Job
	306644  -  Total Bytes Received By Job
	Partitionable Resources :    Usage  Request Allocated
	   Cpus                 :                 1         1
	   Disk (KB)            :  1000000  2048000   9503486
	   Memory (MB)          :      245     1992      1992
...
