000 (696092.000.000) 07/12 06:44:59 Job submitted from host: <144.92.181.245:9618?addrs=144.92.181.245-9618+[2607-f388-101c-1000--372]-9618&noUDP&sock=6179_dbc8_3>
...
001 (695095.000.000) 07/12 08:02:09 Job executing on host: <144.92.181.246:9618?addrs=144.92.181.246-9618+[2607-f388-101c-1000--629]-9618&noUDP&sock=10025_e506_3>
...
006 (695095.000.000) 07/12 08:02:18 Image size of job updated: 217900
	106  -  MemoryUsage of job (MB)
	108376  -  ResidentSetSize of job (KB)
...
006 (695095.000.000) 07/12 08:22:18 Image size of job updated: 234240
	229  -  MemoryUsage of job (MB)
	233628  -  ResidentSetSize of job (KB)
...
005 (695095.000.000) 07/12 08:22:43 Job terminated.
	(1) Normal termination (return value 0)
		Usr 0 00:02:19, Sys 0 00:00:06  -  Run Remote Usage
		Usr 0 00:00:00, Sys 0 00:00:00  -  Run Local Usage
		Usr 0 00:02:19, Sys 0 00:00:06  -  Total Remote Usage
		Usr 0 00:00:00, Sys 0 00:00:00  -  Total Local Usage
	337265  -  Run Bytes Sent By Job
	281287  -  Run Bytes Received By Job
	337265  -  Total Bytes Sent By Job
	281287  -  Total Bytes Received By Job
	Partitionable Resources :    Usage  Request Allocated
	   Cpus                 :                 1         1
	   Disk (KB)            :  1000000  2048000   7918242
	   Memory (MB)          :      229     1992      1992
...
001 (696092.000.000) 07/12 08:59:26 Job executing on host: <128.104.227.13:9618?addrs=128.104.227.13-9618+[2607-f388-101c-1000--629]-9618&noUDP&sock=10343_0424_3>
...
006 (696092.000.000) 07/12 08:59:35 Image size of job updated: 34116
	7  -  MemoryUsage of job (MB)
	6880  -  ResidentSetSize of job (KB)
...
006 (696092.000.000) 07/12 09:19:35 Image size of job updated: 306728
	229  -  MemoryUsage of job (MB)
	233544  -  ResidentSetSize of job (KB)
...
005 (696092.000.000) 07/12 09:26:09 Job terminated.
	(1) Normal termination (return value 0)
		Usr 0 00:01:48, Sys 0 00:00:02  -  Run Remote Usage
		Usr 0 00:00:00, Sys 0 00:00:00  -  Run Local Usage
		Usr 0 00:01:48, Sys 0 00:00:02  -  Total Remote Usage
		Usr 0 00:00:00, Sys 0 00:00:00  -  Total Local Usage
	337265  -  Run Bytes Sent By Job
	281287  -  Run Bytes Received By Job
	337265  -  Total Bytes Sent By Job
	281287  -  Total Bytes Received By Job
	Partitionable Resources :    Usage  Request Allocated
	   Cpus                 :                 1         1
	   Disk (KB)            :  1000000  2048000   9502043
	   Memory (MB)          :      229     1992      1992
...
