000 (1262597.000.000) 07/25 12:34:19 Job submitted from host: <144.92.180.28:9618?addrs=144.92.180.28-9618+[2607-f388-101c-1000--370]-9618&noUDP&sock=5187_6dd5_82>
...
001 (1262597.000.000) 07/25 14:06:12 Job executing on host: <144.92.181.233:9618?addrs=144.92.181.233-9618+[2607-f388-101c-1000--629]-9618&noUDP&sock=7438_6d84_3>
...
006 (1262597.000.000) 07/25 14:06:20 Image size of job updated: 224232
	106  -  MemoryUsage of job (MB)
	108256  -  ResidentSetSize of job (KB)
...
005 (1262597.000.000) 07/25 14:19:27 Job terminated.
	(1) Normal termination (return value 0)
		Usr 0 00:03:29, Sys 0 00:00:12  -  Run Remote Usage
		Usr 0 00:00:00, Sys 0 00:00:00  -  Run Local Usage
		Usr 0 00:03:29, Sys 0 00:00:12  -  Total Remote Usage
		Usr 0 00:00:00, Sys 0 00:00:00  -  Total Local Usage
	234562  -  Run Bytes Sent By Job
	283691  -  Run Bytes Received By Job
	234562  -  Total Bytes Sent By Job
	283691  -  Total Bytes Received By Job
	Partitionable Resources :    Usage  Request Allocated
	   Cpus                 :                 1         1
	   Disk (KB)            :  1000000  2048000   4750133
	   Memory (MB)          :      106     1992      1992
...
