000 (690161.001.000) 07/11 07:33:13 Job submitted from host: <144.92.181.245:9618?addrs=144.92.181.245-9618+[2607-f388-101c-1000--372]-9618&noUDP&sock=6179_dbc8_3>
...
001 (690161.001.000) 07/11 09:54:50 Job executing on host: <144.92.180.123:9618?addrs=144.92.180.123-9618+[2607-f388-101c-1000--629]-9618&noUDP&sock=7577_c52e_3>
...
006 (690161.001.000) 07/11 09:55:00 Image size of job updated: 162416
	50  -  MemoryUsage of job (MB)
	50776  -  ResidentSetSize of job (KB)
...
005 (690161.001.000) 07/11 10:14:43 Job terminated.
	(1) Normal termination (return value 0)
		Usr 0 00:02:17, Sys 0 00:00:07  -  Run Remote Usage
		Usr 0 00:00:00, Sys 0 00:00:00  -  Run Local Usage
		Usr 0 00:02:17, Sys 0 00:00:07  -  Total Remote Usage
		Usr 0 00:00:00, Sys 0 00:00:00  -  Total Local Usage
	198831  -  Run Bytes Sent By Job
	302156  -  Run Bytes Received By Job
	198831  -  Total Bytes Sent By Job
	302156  -  Total Bytes Received By Job
	Partitionable Resources :    Usage  Request Allocated
	   Cpus                 :                 1         1
	   Disk (KB)            :  1000000  2048000   6334195
	   Memory (MB)          :       50     1992      1992
...
