000 (690161.002.000) 07/11 07:33:13 Job submitted from host: <144.92.181.245:9618?addrs=144.92.181.245-9618+[2607-f388-101c-1000--372]-9618&noUDP&sock=6179_dbc8_3>
...
001 (690161.002.000) 07/11 09:54:50 Job executing on host: <144.92.181.68:9618?addrs=144.92.181.68-9618+[2607-f388-101c-1000--629]-9618&noUDP&sock=7256_9748_10>
...
006 (690161.002.000) 07/11 09:54:59 Image size of job updated: 144568
	37  -  MemoryUsage of job (MB)
	37628  -  ResidentSetSize of job (KB)
...
006 (690161.002.000) 07/11 10:14:59 Image size of job updated: 295628
	239  -  MemoryUsage of job (MB)
	243912  -  ResidentSetSize of job (KB)
...
005 (690161.002.000) 07/11 10:22:47 Job terminated.
	(1) Normal termination (return value 0)
		Usr 0 00:07:09, Sys 0 00:00:19  -  Run Remote Usage
		Usr 0 00:00:00, Sys 0 00:00:00  -  Run Local Usage
		Usr 0 00:07:09, Sys 0 00:00:19  -  Total Remote Usage
		Usr 0 00:00:00, Sys 0 00:00:00  -  Total Local Usage
	204766  -  Run Bytes Sent By Job
	302156  -  Run Bytes Received By Job
	204766  -  Total Bytes Sent By Job
	302156  -  Total Bytes Received By Job
	Partitionable Resources :    Usage  Request Allocated
	   Cpus                 :                 1         1
	   Disk (KB)            :  1000000  2048000   4750720
	   Memory (MB)          :      239     1992      1992
...
