000 (690161.004.000) 07/11 07:33:13 Job submitted from host: <144.92.181.245:9618?addrs=144.92.181.245-9618+[2607-f388-101c-1000--372]-9618&noUDP&sock=6179_dbc8_3>
...
001 (690161.004.000) 07/11 09:54:57 Job executing on host: <144.92.181.208:9618?addrs=144.92.181.208-9618+[2607-f388-101c-1000--629]-9618&noUDP&sock=6746_c5fb_3>
...
006 (690161.004.000) 07/11 09:55:05 Image size of job updated: 227432
	106  -  MemoryUsage of job (MB)
	107684  -  ResidentSetSize of job (KB)
...
005 (690161.004.000) 07/11 10:13:51 Job terminated.
	(1) Normal termination (return value 0)
		Usr 0 00:04:14, Sys 0 00:00:15  -  Run Remote Usage
		Usr 0 00:00:00, Sys 0 00:00:00  -  Run Local Usage
		Usr 0 00:04:14, Sys 0 00:00:15  -  Total Remote Usage
		Usr 0 00:00:00, Sys 0 00:00:00  -  Total Local Usage
	205049  -  Run Bytes Sent By Job
	302156  -  Run Bytes Received By Job
	205049  -  Total Bytes Sent By Job
	302156  -  Total Bytes Received By Job
	Partitionable Resources :    Usage  Request Allocated
	   Cpus                 :                 1         1
	   Disk (KB)            :  1000000  2048000   3166447
	   Memory (MB)          :      106     1992      1992
...
