000 (690090.000.000) 07/11 07:31:34 Job submitted from host: <144.92.181.245:9618?addrs=144.92.181.245-9618+[2607-f388-101c-1000--372]-9618&noUDP&sock=6179_dbc8_3>
...
001 (690090.000.000) 07/11 09:05:59 Job executing on host: <144.92.180.121:9618?addrs=144.92.180.121-9618+[2607-f388-101c-1000--629]-9618&noUDP&sock=7631_cf4c_3>
...
006 (690090.000.000) 07/11 09:06:07 Image size of job updated: 230172
	106  -  MemoryUsage of job (MB)
	107904  -  ResidentSetSize of job (KB)
...
006 (690090.000.000) 07/11 09:26:07 Image size of job updated: 273500
	234  -  MemoryUsage of job (MB)
	239140  -  ResidentSetSize of job (KB)
...
005 (690090.000.000) 07/11 09:31:04 Job terminated.
	(1) Normal termination (return value 0)
		Usr 0 00:01:58, Sys 0 00:00:07  -  Run Remote Usage
		Usr 0 00:00:00, Sys 0 00:00:00  -  Run Local Usage
		Usr 0 00:01:58, Sys 0 00:00:07  -  Total Remote Usage
		Usr 0 00:00:00, Sys 0 00:00:00  -  Total Local Usage
	351790  -  Run Bytes Sent By Job
	302156  -  Run Bytes Received By Job
	351790  -  Total Bytes Sent By Job
	302156  -  Total Bytes Received By Job
	Partitionable Resources :    Usage  Request Allocated
	   Cpus                 :                 1         1
	   Disk (KB)            :  1000000  2048000   6333840
	   Memory (MB)          :      234     1992      1992
...
