000 (695948.000.000) 07/12 06:41:34 Job submitted from host: <144.92.181.245:9618?addrs=144.92.181.245-9618+[2607-f388-101c-1000--372]-9618&noUDP&sock=6179_dbc8_3>
...
001 (695948.000.000) 07/12 08:03:17 Job executing on host: <144.92.180.108:9618?addrs=144.92.180.108-9618+[2607-f388-101c-1000--629]-9618&noUDP&sock=7631_cf4c_3>
...
006 (695948.000.000) 07/12 08:03:26 Image size of job updated: 108040
	106  -  MemoryUsage of job (MB)
	108040  -  ResidentSetSize of job (KB)
...
005 (695948.000.000) 07/12 08:21:10 Job terminated.
	(1) Normal termination (return value 0)
		Usr 0 00:01:38, Sys 0 00:00:04  -  Run Remote Usage
		Usr 0 00:00:00, Sys 0 00:00:00  -  Run Local Usage
		Usr 0 00:01:38, Sys 0 00:00:04  -  Total Remote Usage
		Usr 0 00:00:00, Sys 0 00:00:00  -  Total Local Usage
	147664  -  Run Bytes Sent By Job
	281287  -  Run Bytes Received By Job
	147664  -  Total Bytes Sent By Job
	281287  -  Total Bytes Received By Job
	Partitionable Resources :    Usage  Request Allocated
	   Cpus                 :                 1         1
	   Disk (KB)            :  1000000  2048000   6334444
	   Memory (MB)          :      106     1992      1992
...
