000 (690111.004.000) 07/11 07:32:08 Job submitted from host: <144.92.181.245:9618?addrs=144.92.181.245-9618+[2607-f388-101c-1000--372]-9618&noUDP&sock=6179_dbc8_3>
...
001 (690111.004.000) 07/11 09:27:27 Job executing on host: <144.92.180.89:9618?addrs=144.92.180.89-9618+[2607-f388-101c-1000--629]-9618&noUDP&sock=7047_3bfd_3>
...
006 (690111.004.000) 07/11 09:27:35 Image size of job updated: 32372
	7  -  MemoryUsage of job (MB)
	6688  -  ResidentSetSize of job (KB)
...
006 (690111.004.000) 07/11 09:47:35 Image size of job updated: 240420
	234  -  MemoryUsage of job (MB)
	238788  -  ResidentSetSize of job (KB)
...
005 (690111.004.000) 07/11 09:59:19 Job terminated.
	(1) Normal termination (return value 0)
		Usr 0 00:03:41, Sys 0 00:00:13  -  Run Remote Usage
		Usr 0 00:00:00, Sys 0 00:00:00  -  Run Local Usage
		Usr 0 00:03:41, Sys 0 00:00:13  -  Total Remote Usage
		Usr 0 00:00:00, Sys 0 00:00:00  -  Total Local Usage
	359678  -  Run Bytes Sent By Job
	302156  -  Run Bytes Received By Job
	359678  -  Total Bytes Sent By Job
	302156  -  Total Bytes Received By Job
	Partitionable Resources :    Usage  Request Allocated
	   Cpus                 :                 1         1
	   Disk (KB)            :  1000000  2048000   4749984
	   Memory (MB)          :      234     1992      1992
...
