000 (690111.007.000) 07/11 07:32:08 Job submitted from host: <144.92.181.245:9618?addrs=144.92.181.245-9618+[2607-f388-101c-1000--372]-9618&noUDP&sock=6179_dbc8_3>
...
001 (690111.007.000) 07/11 09:27:34 Job executing on host: <144.92.180.202:9618?addrs=144.92.180.202-9618+[2607-f388-101c-1000--629]-9618&noUDP&sock=8716_078d_3>
...
006 (690111.007.000) 07/11 09:27:43 Image size of job updated: 171124
	53  -  MemoryUsage of job (MB)
	53516  -  ResidentSetSize of job (KB)
...
006 (690111.007.000) 07/11 09:47:44 Image size of job updated: 243676
	235  -  MemoryUsage of job (MB)
	239684  -  ResidentSetSize of job (KB)
...
005 (690111.007.000) 07/11 09:49:51 Job terminated.
	(1) Normal termination (return value 0)
		Usr 0 00:02:44, Sys 0 00:00:10  -  Run Remote Usage
		Usr 0 00:00:00, Sys 0 00:00:00  -  Run Local Usage
		Usr 0 00:02:44, Sys 0 00:00:10  -  Total Remote Usage
		Usr 0 00:00:00, Sys 0 00:00:00  -  Total Local Usage
	350203  -  Run Bytes Sent By Job
	302156  -  Run Bytes Received By Job
	350203  -  Total Bytes Sent By Job
	302156  -  Total Bytes Received By Job
	Partitionable Resources :    Usage  Request Allocated
	   Cpus                 :                 1         1
	   Disk (KB)            :  1000000  2048000   4750155
	   Memory (MB)          :      235     1992      1992
...
