000 (1262576.000.000) 07/25 12:34:03 Job submitted from host: <144.92.180.28:9618?addrs=144.92.180.28-9618+[2607-f388-101c-1000--370]-9618&noUDP&sock=5187_6dd5_82>
...
001 (1262576.000.000) 07/25 13:47:09 Job executing on host: <144.92.180.103:9618?addrs=144.92.180.103-9618+[2607-f388-101c-1000--629]-9618&noUDP&sock=7505_625d_3>
...
006 (1262576.000.000) 07/25 13:47:17 Image size of job updated: 228120
	107  -  MemoryUsage of job (MB)
	108616  -  ResidentSetSize of job (KB)
...
005 (1262576.000.000) 07/25 13:59:24 Job terminated.
	(1) Normal termination (return value 0)
		Usr 0 00:02:03, Sys 0 00:00:09  -  Run Remote Usage
		Usr 0 00:00:00, Sys 0 00:00:00  -  Run Local Usage
		Usr 0 00:02:03, Sys 0 00:00:09  -  Total Remote Usage
		Usr 0 00:00:00, Sys 0 00:00:00  -  Total Local Usage
	433529  -  Run Bytes Sent By Job
	283691  -  Run Bytes Received By Job
	433529  -  Total Bytes Sent By Job
	283691  -  Total Bytes Received By Job
	Partitionable Resources :    Usage  Request Allocated
	   Cpus                 :                 1         1
	   Disk (KB)            :  1000000  2048000   6334067
	   Memory (MB)          :      107     1992      1992
...
