000 (166877.006.000) 06/10 13:21:37 Job submitted from host: <144.92.180.4:9618?addrs=144.92.180.4-9618+[2607-f388-101c-1000--367]-9618&noUDP&sock=4693_960c_3>
...
001 (166877.006.000) 06/10 13:36:08 Job executing on host: <144.92.180.243:9618?addrs=144.92.180.243-9618+[2607-f388-101c-1000--629]-9618&noUDP&sock=10042_8e22_10>
...
006 (166877.006.000) 06/10 13:36:16 Image size of job updated: 201692
	107  -  MemoryUsage of job (MB)
	108740  -  ResidentSetSize of job (KB)
...
006 (166877.006.000) 06/10 13:50:04 Image size of job updated: 273512
	107  -  MemoryUsage of job (MB)
	108740  -  ResidentSetSize of job (KB)
...
005 (166877.006.000) 06/10 13:50:04 Job terminated.
	(1) Normal termination (return value 0)
		Usr 0 00:01:39, Sys 0 00:00:05  -  Run Remote Usage
		Usr 0 00:00:00, Sys 0 00:00:00  -  Run Local Usage
		Usr 0 00:01:39, Sys 0 00:00:05  -  Total Remote Usage
		Usr 0 00:00:00, Sys 0 00:00:00  -  Total Local Usage
	556219  -  Run Bytes Sent By Job
	278854  -  Run Bytes Received By Job
	556219  -  Total Bytes Sent By Job
	278854  -  Total Bytes Received By Job
	Partitionable Resources :    Usage  Request Allocated
	   Cpus                 :                 1         1
	   Disk (KB)            :  1000000  2048000   7919658
	   Memory (MB)          :      107     1992      1992
...
