000 (696043.005.000) 07/12 06:43:51 Job submitted from host: <144.92.181.245:9618?addrs=144.92.181.245-9618+[2607-f388-101c-1000--372]-9618&noUDP&sock=6179_dbc8_3>
...
001 (695046.005.000) 07/12 07:42:33 Job executing on host: <144.92.181.197:9618?addrs=144.92.181.197-9618+[2607-f388-101c-1000--456]-9618&noUDP&sock=6498_aa7e_3>
...
006 (695046.005.000) 07/12 07:42:42 Image size of job updated: 126136
	53  -  MemoryUsage of job (MB)
	53428  -  ResidentSetSize of job (KB)
...
006 (695046.005.000) 07/12 08:02:43 Image size of job updated: 235592
	230  -  MemoryUsage of job (MB)
	235412  -  ResidentSetSize of job (KB)
...
005 (695046.005.000) 07/12 08:23:06 Job terminated.
	(1) Normal termination (return value 0)
		Usr 0 00:08:27, Sys 0 00:00:24  -  Run Remote Usage
		Usr 0 00:00:00, Sys 0 00:00:00  -  Run Local Usage
		Usr 0 00:08:27, Sys 0 00:00:24  -  Total Remote Usage
		Usr 0 00:00:00, Sys 0 00:00:00  -  Total Local Usage
	420595  -  Run Bytes Sent By Job
	281287  -  Run Bytes Received By Job
	420595  -  Total Bytes Sent By Job
	281287  -  Total Bytes Received By Job
	Partitionable Resources :    Usage  Request Allocated
	   Cpus                 :                 1         1
	   Disk (KB)            :  1000000  2048000   4751700
	   Memory (MB)          :      230     1992      1992
...
001 (696043.005.000) 07/12 08:40:06 Job executing on host: <128.104.227.101:9618?addrs=128.104.227.101-9618+[2607-f388-101c-1000--50]-9618&noUDP&sock=11662_bd8f_3>
...
006 (696043.005.000) 07/12 08:40:15 Image size of job updated: 84540
	25  -  MemoryUsage of job (MB)
	24956  -  ResidentSetSize of job (KB)
...
006 (696043.005.000) 07/12 09:00:16 Image size of job updated: 237712
	231  -  MemoryUsage of job (MB)
	236456  -  ResidentSetSize of job (KB)
...
005 (696043.005.000) 07/12 09:08:17 Job terminated.
	(1) Normal termination (return value 0)
		Usr 0 00:02:30, Sys 0 00:00:08  -  Run Remote Usage
		Usr 0 00:00:00, Sys 0 00:00:00  -  Run Local Usage
		Usr 0 00:02:30, Sys 0 00:00:08  -  Total Remote Usage
		Usr 0 00:00:00, Sys 0 00:00:00  -  Total Local Usage
	402979  -  Run Bytes Sent By Job
	281287  -  Run Bytes Received By Job
	402979  -  Total Bytes Sent By Job
	281287  -  Total Bytes Received By Job
	Partitionable Resources :    Usage  Request Allocated
	   Cpus                 :                 1         1
	   Disk (KB)            :  1000000  2048000   9503486
	   Memory (MB)          :      231     1992      1992
...
