000 (1262587.013.000) 07/25 12:34:12 Job submitted from host: <144.92.180.28:9618?addrs=144.92.180.28-9618+[2607-f388-101c-1000--370]-9618&noUDP&sock=5187_6dd5_82>
...
001 (1262587.013.000) 07/25 13:56:55 Job executing on host: <128.104.227.108:9618?addrs=128.104.227.108-9618+[2607-f388-101c-1000--57]-9618&noUDP&sock=11667_2b88_10>
...
006 (1262587.013.000) 07/25 13:57:03 Image size of job updated: 208492
	93  -  MemoryUsage of job (MB)
	94444  -  ResidentSetSize of job (KB)
...
006 (1262587.013.000) 07/25 14:13:25 Image size of job updated: 208492
	93  -  MemoryUsage of job (MB)
	94644  -  ResidentSetSize of job (KB)
...
005 (1262587.013.000) 07/25 14:13:26 Job terminated.
	(1) Normal termination (return value 0)
		Usr 0 00:02:48, Sys 0 00:00:14  -  Run Remote Usage
		Usr 0 00:00:00, Sys 0 00:00:00  -  Run Local Usage
		Usr 0 00:02:48, Sys 0 00:00:14  -  Total Remote Usage
		Usr 0 00:00:00, Sys 0 00:00:00  -  Total Local Usage
	501193  -  Run Bytes Sent By Job
	283691  -  Run Bytes Received By Job
	501193  -  Total Bytes Sent By Job
	283691  -  Total Bytes Received By Job
	Partitionable Resources :    Usage  Request Allocated
	   Cpus                 :                 1         1
	   Disk (KB)            :  1000000  2048000   9503528
	   Memory (MB)          :       93     1992      1992
...
