000 (1262587.002.000) 07/25 12:34:12 Job submitted from host: <144.92.180.28:9618?addrs=144.92.180.28-9618+[2607-f388-101c-1000--370]-9618&noUDP&sock=5187_6dd5_82>
...
001 (1262587.002.000) 07/25 13:56:20 Job executing on host: <144.92.181.137:9618?addrs=144.92.181.137-9618+[2607-f388-101c-1000--629]-9618&noUDP&sock=10017_6844_3>
...
006 (1262587.002.000) 07/25 13:56:29 Image size of job updated: 225636
	107  -  MemoryUsage of job (MB)
	108660  -  ResidentSetSize of job (KB)
...
005 (1262587.002.000) 07/25 14:11:11 Job terminated.
	(1) Normal termination (return value 0)
		Usr 0 00:02:31, Sys 0 00:00:08  -  Run Remote Usage
		Usr 0 00:00:00, Sys 0 00:00:00  -  Run Local Usage
		Usr 0 00:02:31, Sys 0 00:00:08  -  Total Remote Usage
		Usr 0 00:00:00, Sys 0 00:00:00  -  Total Local Usage
	498166  -  Run Bytes Sent By Job
	283691  -  Run Bytes Received By Job
	498166  -  Total Bytes Sent By Job
	283691  -  Total Bytes Received By Job
	Partitionable Resources :    Usage  Request Allocated
	   Cpus                 :                 1         1
	   Disk (KB)            :  1000000  2048000   7917550
	   Memory (MB)          :      107     1992      1992
...
