000 (691451.003.000) 07/11 11:27:00 Job submitted from host: <144.92.181.245:9618?addrs=144.92.181.245-9618+[2607-f388-101c-1000--372]-9618&noUDP&sock=6179_dbc8_3>
...
001 (691451.003.000) 07/11 11:53:27 Job executing on host: <144.92.180.233:9618?addrs=144.92.180.233-9618+[2607-f388-101c-1000--629]-9618&noUDP&sock=9975_994a_3>
...
006 (691451.003.000) 07/11 11:53:35 Image size of job updated: 74956
	24  -  MemoryUsage of job (MB)
	23804  -  ResidentSetSize of job (KB)
...
006 (691451.003.000) 07/11 12:13:36 Image size of job updated: 238852
	234  -  MemoryUsage of job (MB)
	238852  -  ResidentSetSize of job (KB)
...
006 (691451.003.000) 07/11 12:21:49 Image size of job updated: 240328
	234  -  MemoryUsage of job (MB)
	238852  -  ResidentSetSize of job (KB)
...
005 (691451.003.000) 07/11 12:21:51 Job terminated.
	(1) Normal termination (return value 0)
		Usr 0 00:02:24, Sys 0 00:00:06  -  Run Remote Usage
		Usr 0 00:00:00, Sys 0 00:00:00  -  Run Local Usage
		Usr 0 00:02:24, Sys 0 00:00:06  -  Total Remote Usage
		Usr 0 00:00:00, Sys 0 00:00:00  -  Total Local Usage
	362834  -  Run Bytes Sent By Job
	306644  -  Run Bytes Received By Job
	362834  -  Total Bytes Sent By Job
	306644  -  Total Bytes Received By Job
	Partitionable Resources :    Usage  Request Allocated
	   Cpus                 :                 1         1
	   Disk (KB)            :  1000000  2048000   7917907
	   Memory (MB)          :      234     1992      1992
...
