000 (691451.007.000) 07/11 11:27:01 Job submitted from host: <144.92.181.245:9618?addrs=144.92.181.245-9618+[2607-f388-101c-1000--372]-9618&noUDP&sock=6179_dbc8_3>
...
001 (691451.007.000) 07/11 11:53:28 Job executing on host: <144.92.181.147:9618?addrs=144.92.181.147-9618+[2607-f388-101c-1000--629]-9618&noUDP&sock=9876_b16a_3>
...
006 (691451.007.000) 07/11 11:53:37 Image size of job updated: 216364
	106  -  MemoryUsage of job (MB)
	108384  -  ResidentSetSize of job (KB)
...
006 (691451.007.000) 07/11 12:13:37 Image size of job updated: 238848
	234  -  MemoryUsage of job (MB)
	238792  -  ResidentSetSize of job (KB)
...
006 (691451.007.000) 07/11 12:17:32 Image size of job updated: 238892
	234  -  MemoryUsage of job (MB)
	238792  -  ResidentSetSize of job (KB)
...
005 (691451.007.000) 07/11 12:17:33 Job terminated.
	(1) Normal termination (return value 0)
		Usr 0 00:02:29, Sys 0 00:00:07  -  Run Remote Usage
		Usr 0 00:00:00, Sys 0 00:00:00  -  Run Local Usage
		Usr 0 00:02:29, Sys 0 00:00:07  -  Total Remote Usage
		Usr 0 00:00:00, Sys 0 00:00:00  -  Total Local Usage
	362117  -  Run Bytes Sent By Job
	306644  -  Run Bytes Received By Job
	362117  -  Total Bytes Sent By Job
	306644  -  Total Bytes Received By Job
	Partitionable Resources :    Usage  Request Allocated
	   Cpus                 :                 1         1
	   Disk (KB)            :  1000000  2048000   7918247
	   Memory (MB)          :      234     1992      1992
...
