000 (696048.004.000) 07/12 06:43:57 Job submitted from host: <144.92.181.245:9618?addrs=144.92.181.245-9618+[2607-f388-101c-1000--372]-9618&noUDP&sock=6179_dbc8_3>
...
001 (695051.004.000) 07/12 07:42:40 Job executing on host: <144.92.181.246:9618?addrs=144.92.181.246-9618+[2607-f388-101c-1000--629]-9618&noUDP&sock=10025_e506_3>
...
006 (695051.004.000) 07/12 07:42:48 Image size of job updated: 109572
	106  -  MemoryUsage of job (MB)
	108352  -  ResidentSetSize of job (KB)
...
006 (695051.004.000) 07/12 07:59:56 Image size of job updated: 271208
	106  -  MemoryUsage of job (MB)
	108352  -  ResidentSetSize of job (KB)
...
005 (695051.004.000) 07/12 07:59:57 Job terminated.
	(1) Normal termination (return value 0)
		Usr 0 00:01:39, Sys 0 00:00:04  -  Run Remote Usage
		Usr 0 00:00:00, Sys 0 00:00:00  -  Run Local Usage
		Usr 0 00:01:39, Sys 0 00:00:04  -  Total Remote Usage
		Usr 0 00:00:00, Sys 0 00:00:00  -  Total Local Usage
	271291  -  Run Bytes Sent By Job
	281287  -  Run Bytes Received By Job
	271291  -  Total Bytes Sent By Job
	281287  -  Total Bytes Received By Job
	Partitionable Resources :    Usage  Request Allocated
	   Cpus                 :                 1         1
	   Disk (KB)            :  1000000  2048000   7918242
	   Memory (MB)          :      106     1992      1992
...
001 (696048.004.000) 07/12 08:42:03 Job executing on host: <144.92.181.140:9618?addrs=144.92.181.140-9618+[2607-f388-101c-1000--629]-9618&noUDP&sock=10043_3dbb_3>
...
006 (696048.004.000) 07/12 08:42:12 Image size of job updated: 217036
	106  -  MemoryUsage of job (MB)
	108348  -  ResidentSetSize of job (KB)
...
005 (696048.004.000) 07/12 08:58:22 Job terminated.
	(1) Normal termination (return value 0)
		Usr 0 00:01:38, Sys 0 00:00:04  -  Run Remote Usage
		Usr 0 00:00:00, Sys 0 00:00:00  -  Run Local Usage
		Usr 0 00:01:38, Sys 0 00:00:04  -  Total Remote Usage
		Usr 0 00:00:00, Sys 0 00:00:00  -  Total Local Usage
	271291  -  Run Bytes Sent By Job
	281287  -  Run Bytes Received By Job
	271291  -  Total Bytes Sent By Job
	281287  -  Total Bytes Received By Job
	Partitionable Resources :    Usage  Request Allocated
	   Cpus                 :                 1         1
	   Disk (KB)            :  1000000  2048000   7918565
	   Memory (MB)          :      106     1992      1992
...
