000 (696048.008.000) 07/12 06:43:57 Job submitted from host: <144.92.181.245:9618?addrs=144.92.181.245-9618+[2607-f388-101c-1000--372]-9618&noUDP&sock=6179_dbc8_3>
...
001 (695051.008.000) 07/12 07:42:40 Job executing on host: <144.92.181.160:9618?addrs=144.92.181.160-9618+[2607-f388-101c-1000--629]-9618&noUDP&sock=9867_850f_3>
...
006 (695051.008.000) 07/12 07:42:48 Image size of job updated: 193396
	106  -  MemoryUsage of job (MB)
	108360  -  ResidentSetSize of job (KB)
...
006 (695051.008.000) 07/12 08:00:53 Image size of job updated: 259920
	106  -  MemoryUsage of job (MB)
	108360  -  ResidentSetSize of job (KB)
...
005 (695051.008.000) 07/12 08:00:55 Job terminated.
	(1) Normal termination (return value 0)
		Usr 0 00:01:38, Sys 0 00:00:05  -  Run Remote Usage
		Usr 0 00:00:00, Sys 0 00:00:00  -  Run Local Usage
		Usr 0 00:01:38, Sys 0 00:00:05  -  Total Remote Usage
		Usr 0 00:00:00, Sys 0 00:00:00  -  Total Local Usage
	271567  -  Run Bytes Sent By Job
	281287  -  Run Bytes Received By Job
	271567  -  Total Bytes Sent By Job
	281287  -  Total Bytes Received By Job
	Partitionable Resources :    Usage  Request Allocated
	   Cpus                 :                 1         1
	   Disk (KB)            :  1000000  2048000   7916775
	   Memory (MB)          :      106     1992      1992
...
001 (696048.008.000) 07/12 08:42:26 Job executing on host: <128.104.227.103:9618?addrs=128.104.227.103-9618+[2607-f388-101c-1000--52]-9618&noUDP&sock=11683_250c_3>
...
006 (696048.008.000) 07/12 08:42:35 Image size of job updated: 38716
	8  -  MemoryUsage of job (MB)
	8092  -  ResidentSetSize of job (KB)
...
005 (696048.008.000) 07/12 09:02:33 Job terminated.
	(1) Normal termination (return value 0)
		Usr 0 00:01:34, Sys 0 00:00:05  -  Run Remote Usage
		Usr 0 00:00:00, Sys 0 00:00:00  -  Run Local Usage
		Usr 0 00:01:34, Sys 0 00:00:05  -  Total Remote Usage
		Usr 0 00:00:00, Sys 0 00:00:00  -  Total Local Usage
	271567  -  Run Bytes Sent By Job
	281287  -  Run Bytes Received By Job
	271567  -  Total Bytes Sent By Job
	281287  -  Total Bytes Received By Job
	Partitionable Resources :    Usage  Request Allocated
	   Cpus                 :                 1         1
	   Disk (KB)            :  1000000  2048000   9503861
	   Memory (MB)          :        8     1992      1992
...
