000 (696048.009.000) 07/12 06:43:57 Job submitted from host: <144.92.181.245:9618?addrs=144.92.181.245-9618+[2607-f388-101c-1000--372]-9618&noUDP&sock=6179_dbc8_3>
...
001 (695051.009.000) 07/12 07:42:40 Job executing on host: <144.92.180.80:9618?addrs=144.92.180.80-9618+[2607-f388-101c-1000--629]-9618&noUDP&sock=9995_512f_3>
...
006 (695051.009.000) 07/12 07:42:49 Image size of job updated: 127040
	106  -  MemoryUsage of job (MB)
	108384  -  ResidentSetSize of job (KB)
...
006 (695051.009.000) 07/12 08:02:50 Image size of job updated: 279000
	273  -  MemoryUsage of job (MB)
	279000  -  ResidentSetSize of job (KB)
...
005 (695051.009.000) 07/12 08:07:51 Job terminated.
	(1) Normal termination (return value 0)
		Usr 0 00:01:34, Sys 0 00:00:04  -  Run Remote Usage
		Usr 0 00:00:00, Sys 0 00:00:00  -  Run Local Usage
		Usr 0 00:01:34, Sys 0 00:00:04  -  Total Remote Usage
		Usr 0 00:00:00, Sys 0 00:00:00  -  Total Local Usage
	271808  -  Run Bytes Sent By Job
	281287  -  Run Bytes Received By Job
	271808  -  Total Bytes Sent By Job
	281287  -  Total Bytes Received By Job
	Partitionable Resources :    Usage  Request Allocated
	   Cpus                 :                 1         1
	   Disk (KB)            :  1000000  2048000   7917096
	   Memory (MB)          :      273     1992      1992
...
001 (696048.009.000) 07/12 08:42:30 Job executing on host: <128.104.227.95:9618?addrs=128.104.227.95-9618+[2607-f388-101c-1000--629]-9618&noUDP&sock=11760_f5d7_10>
...
006 (696048.009.000) 07/12 08:42:39 Image size of job updated: 169960
	53  -  MemoryUsage of job (MB)
	53476  -  ResidentSetSize of job (KB)
...
006 (696048.009.000) 07/12 09:02:39 Image size of job updated: 283720
	276  -  MemoryUsage of job (MB)
	282048  -  ResidentSetSize of job (KB)
...
005 (696048.009.000) 07/12 09:12:17 Job terminated.
	(1) Normal termination (return value 0)
		Usr 0 00:01:40, Sys 0 00:00:06  -  Run Remote Usage
		Usr 0 00:00:00, Sys 0 00:00:00  -  Run Local Usage
		Usr 0 00:01:40, Sys 0 00:00:06  -  Total Remote Usage
		Usr 0 00:00:00, Sys 0 00:00:00  -  Total Local Usage
	271808  -  Run Bytes Sent By Job
	281287  -  Run Bytes Received By Job
	271808  -  Total Bytes Sent By Job
	281287  -  Total Bytes Received By Job
	Partitionable Resources :    Usage  Request Allocated
	   Cpus                 :                 1         1
	   Disk (KB)            :  1000000  2048000   9504151
	   Memory (MB)          :      276     1992      1992
...
