000 (691463.009.000) 07/11 11:27:17 Job submitted from host: <144.92.181.245:9618?addrs=144.92.181.245-9618+[2607-f388-101c-1000--372]-9618&noUDP&sock=6179_dbc8_3>
...
001 (691463.009.000) 07/11 11:58:10 Job executing on host: <144.92.181.1:9618?addrs=144.92.181.1-9618+[2607-f388-101c-1000--629]-9618&noUDP&sock=7674_4dde_3>
...
006 (691463.009.000) 07/11 11:58:19 Image size of job updated: 109692
	106  -  MemoryUsage of job (MB)
	108420  -  ResidentSetSize of job (KB)
...
006 (691463.009.000) 07/11 12:18:20 Image size of job updated: 237572
	233  -  MemoryUsage of job (MB)
	237572  -  ResidentSetSize of job (KB)
...
006 (691463.009.000) 07/11 12:23:52 Image size of job updated: 238304
	233  -  MemoryUsage of job (MB)
	237572  -  ResidentSetSize of job (KB)
...
005 (691463.009.000) 07/11 12:23:53 Job terminated.
	(1) Normal termination (return value 0)
		Usr 0 00:02:24, Sys 0 00:00:09  -  Run Remote Usage
		Usr 0 00:00:00, Sys 0 00:00:00  -  Run Local Usage
		Usr 0 00:02:24, Sys 0 00:00:09  -  Total Remote Usage
		Usr 0 00:00:00, Sys 0 00:00:00  -  Total Local Usage
	414334  -  Run Bytes Sent By Job
	306644  -  Run Bytes Received By Job
	414334  -  Total Bytes Sent By Job
	306644  -  Total Bytes Received By Job
	Partitionable Resources :    Usage  Request Allocated
	   Cpus                 :                 1         1
	   Disk (KB)            :  1000000  2048000   7917509
	   Memory (MB)          :      233     1992      1992
...
