000 (691385.004.000) 07/11 11:25:29 Job submitted from host: <144.92.181.245:9618?addrs=144.92.181.245-9618+[2607-f388-101c-1000--372]-9618&noUDP&sock=6179_dbc8_3>
...
001 (691385.004.000) 07/11 11:34:52 Job executing on host: <144.92.180.213:9618?addrs=144.92.180.213-9618+[2607-f388-101c-1000--629]-9618&noUDP&sock=7661_6323_3>
...
006 (691385.004.000) 07/11 11:35:01 Image size of job updated: 126084
	106  -  MemoryUsage of job (MB)
	108176  -  ResidentSetSize of job (KB)
...
005 (691385.004.000) 07/11 11:41:02 Job terminated.
	(1) Normal termination (return value 0)
		Usr 0 00:00:51, Sys 0 00:00:03  -  Run Remote Usage
		Usr 0 00:00:00, Sys 0 00:00:00  -  Run Local Usage
		Usr 0 00:00:51, Sys 0 00:00:03  -  Total Remote Usage
		Usr 0 00:00:00, Sys 0 00:00:00  -  Total Local Usage
	307816  -  Run Bytes Sent By Job
	306644  -  Run Bytes Received By Job
	307816  -  Total Bytes Sent By Job
	306644  -  Total Bytes Received By Job
	Partitionable Resources :    Usage  Request Allocated
	   Cpus                 :                 1         1
	   Disk (KB)            :  1000000  2048000   7916908
	   Memory (MB)          :      106     1992      1992
...
