000 (691385.008.000) 07/11 11:25:29 Job submitted from host: <144.92.181.245:9618?addrs=144.92.181.245-9618+[2607-f388-101c-1000--372]-9618&noUDP&sock=6179_dbc8_3>
...
001 (691385.008.000) 07/11 11:34:53 Job executing on host: <128.104.227.13:9618?addrs=128.104.227.13-9618+[2607-f388-101c-1000--629]-9618&noUDP&sock=10343_0424_3>
...
006 (691385.008.000) 07/11 11:35:01 Image size of job updated: 156248
	61  -  MemoryUsage of job (MB)
	61732  -  ResidentSetSize of job (KB)
...
005 (691385.008.000) 07/11 11:38:40 Job terminated.
	(1) Normal termination (return value 0)
		Usr 0 00:00:31, Sys 0 00:00:02  -  Run Remote Usage
		Usr 0 00:00:00, Sys 0 00:00:00  -  Run Local Usage
		Usr 0 00:00:31, Sys 0 00:00:02  -  Total Remote Usage
		Usr 0 00:00:00, Sys 0 00:00:00  -  Total Local Usage
	307590  -  Run Bytes Sent By Job
	306644  -  Run Bytes Received By Job
	307590  -  Total Bytes Sent By Job
	306644  -  Total Bytes Received By Job
	Partitionable Resources :    Usage  Request Allocated
	   Cpus                 :                 1         1
	   Disk (KB)            :  1000000  2048000   9502043
	   Memory (MB)          :       61     1992      1992
...
