000 (696081.011.000) 07/12 06:44:46 Job submitted from host: <144.92.181.245:9618?addrs=144.92.181.245-9618+[2607-f388-101c-1000--372]-9618&noUDP&sock=6179_dbc8_3>
...
001 (695084.011.000) 07/12 07:56:56 Job executing on host: <144.92.180.243:9618?addrs=144.92.180.243-9618+[2607-f388-101c-1000--629]-9618&noUDP&sock=9982_6674_3>
...
006 (695084.011.000) 07/12 07:57:04 Image size of job updated: 158820
	55  -  MemoryUsage of job (MB)
	56316  -  ResidentSetSize of job (KB)
...
006 (695084.011.000) 07/12 08:17:04 Image size of job updated: 237664
	233  -  MemoryUsage of job (MB)
	237664  -  ResidentSetSize of job (KB)
...
006 (695084.011.000) 07/12 08:29:24 Image size of job updated: 238536
	233  -  MemoryUsage of job (MB)
	237664  -  ResidentSetSize of job (KB)
...
005 (695084.011.000) 07/12 08:29:26 Job terminated.
	(1) Normal termination (return value 0)
		Usr 0 00:02:42, Sys 0 00:00:08  -  Run Remote Usage
		Usr 0 00:00:00, Sys 0 00:00:00  -  Run Local Usage
		Usr 0 00:02:42, Sys 0 00:00:08  -  Total Remote Usage
		Usr 0 00:00:00, Sys 0 00:00:00  -  Total Local Usage
	718003  -  Run Bytes Sent By Job
	281287  -  Run Bytes Received By Job
	718003  -  Total Bytes Sent By Job
	281287  -  Total Bytes Received By Job
	Partitionable Resources :    Usage  Request Allocated
	   Cpus                 :                 1         1
	   Disk (KB)            :  1000000  2048000   7916955
	   Memory (MB)          :      233     1992      1992
...
001 (696081.011.000) 07/12 08:56:29 Job executing on host: <128.104.227.34:9618?addrs=128.104.227.34-9618+[2607-f388-101c-1000--629]-9618&noUDP&sock=10298_2661_3>
...
006 (696081.011.000) 07/12 08:56:38 Image size of job updated: 121724
	107  -  MemoryUsage of job (MB)
	108552  -  ResidentSetSize of job (KB)
...
006 (696081.011.000) 07/12 09:16:39 Image size of job updated: 249732
	232  -  MemoryUsage of job (MB)
	237120  -  ResidentSetSize of job (KB)
...
005 (696081.011.000) 07/12 09:24:43 Job terminated.
	(1) Normal termination (return value 0)
		Usr 0 00:02:40, Sys 0 00:00:09  -  Run Remote Usage
		Usr 0 00:00:00, Sys 0 00:00:00  -  Run Local Usage
		Usr 0 00:02:40, Sys 0 00:00:09  -  Total Remote Usage
		Usr 0 00:00:00, Sys 0 00:00:00  -  Total Local Usage
	718003  -  Run Bytes Sent By Job
	281287  -  Run Bytes Received By Job
	718003  -  Total Bytes Sent By Job
	281287  -  Total Bytes Received By Job
	Partitionable Resources :    Usage  Request Allocated
	   Cpus                 :                 1         1
	   Disk (KB)            :  1000000  2048000   9500816
	   Memory (MB)          :      232     1992      1992
...
