000 (696081.004.000) 07/12 06:44:46 Job submitted from host: <144.92.181.245:9618?addrs=144.92.181.245-9618+[2607-f388-101c-1000--372]-9618&noUDP&sock=6179_dbc8_3>
...
001 (695084.004.000) 07/12 07:55:44 Job executing on host: <128.104.227.15:9618?addrs=128.104.227.15-9618+[2607-f388-101c-1000--629]-9618&noUDP&sock=10589_c070_3>
...
006 (695084.004.000) 07/12 07:55:52 Image size of job updated: 216552
	106  -  MemoryUsage of job (MB)
	108520  -  ResidentSetSize of job (KB)
...
006 (695084.004.000) 07/12 08:15:52 Image size of job updated: 239184
	233  -  MemoryUsage of job (MB)
	238216  -  ResidentSetSize of job (KB)
...
005 (695084.004.000) 07/12 08:24:34 Job terminated.
	(1) Normal termination (return value 0)
		Usr 0 00:02:20, Sys 0 00:00:07  -  Run Remote Usage
		Usr 0 00:00:00, Sys 0 00:00:00  -  Run Local Usage
		Usr 0 00:02:20, Sys 0 00:00:07  -  Total Remote Usage
		Usr 0 00:00:00, Sys 0 00:00:00  -  Total Local Usage
	717199  -  Run Bytes Sent By Job
	281287  -  Run Bytes Received By Job
	717199  -  Total Bytes Sent By Job
	281287  -  Total Bytes Received By Job
	Partitionable Resources :    Usage  Request Allocated
	   Cpus                 :                 1         1
	   Disk (KB)            :  1000000  2048000   9500643
	   Memory (MB)          :      233     1992      1992
...
001 (696081.004.000) 07/12 08:56:23 Job executing on host: <128.104.227.50:9618?addrs=128.104.227.50-9618+[2607-f388-101c-1000--629]-9618&noUDP&sock=10316_7f15_3>
...
006 (696081.004.000) 07/12 08:56:32 Image size of job updated: 54176
	53  -  MemoryUsage of job (MB)
	53648  -  ResidentSetSize of job (KB)
...
006 (696081.004.000) 07/12 09:16:33 Image size of job updated: 238796
	234  -  MemoryUsage of job (MB)
	238796  -  ResidentSetSize of job (KB)
...
006 (696081.004.000) 07/12 09:21:34 Image size of job updated: 238972
	234  -  MemoryUsage of job (MB)
	238796  -  ResidentSetSize of job (KB)
...
005 (696081.004.000) 07/12 09:21:35 Job terminated.
	(1) Normal termination (return value 0)
		Usr 0 00:02:14, Sys 0 00:00:07  -  Run Remote Usage
		Usr 0 00:00:00, Sys 0 00:00:00  -  Run Local Usage
		Usr 0 00:02:14, Sys 0 00:00:07  -  Total Remote Usage
		Usr 0 00:00:00, Sys 0 00:00:00  -  Total Local Usage
	717199  -  Run Bytes Sent By Job
	281287  -  Run Bytes Received By Job
	717199  -  Total Bytes Sent By Job
	281287  -  Total Bytes Received By Job
	Partitionable Resources :    Usage  Request Allocated
	   Cpus                 :                 1         1
	   Disk (KB)            :  1000000  2048000   9498760
	   Memory (MB)          :      234     1992      1992
...
