000 (691508.001.000) 07/11 11:28:17 Job submitted from host: <144.92.181.245:9618?addrs=144.92.181.245-9618+[2607-f388-101c-1000--372]-9618&noUDP&sock=6179_dbc8_3>
...
001 (691508.001.000) 07/11 12:19:04 Job executing on host: <128.104.227.104:9618?addrs=128.104.227.104-9618+[2607-f388-101c-1000--53]-9618&noUDP&sock=11764_b438_10>
...
006 (691508.001.000) 07/11 12:19:13 Image size of job updated: 139692
	55  -  MemoryUsage of job (MB)
	56072  -  ResidentSetSize of job (KB)
...
006 (691508.001.000) 07/11 12:29:39 Image size of job updated: 269232
	55  -  MemoryUsage of job (MB)
	56072  -  ResidentSetSize of job (KB)
...
005 (691508.001.000) 07/11 12:29:40 Job terminated.
	(1) Normal termination (return value 0)
		Usr 0 00:00:57, Sys 0 00:00:03  -  Run Remote Usage
		Usr 0 00:00:00, Sys 0 00:00:00  -  Run Local Usage
		Usr 0 00:00:57, Sys 0 00:00:03  -  Total Remote Usage
		Usr 0 00:00:00, Sys 0 00:00:00  -  Total Local Usage
	136776  -  Run Bytes Sent By Job
	306644  -  Run Bytes Received By Job
	136776  -  Total Bytes Sent By Job
	306644  -  Total Bytes Received By Job
	Partitionable Resources :    Usage  Request Allocated
	   Cpus                 :                 1         1
	   Disk (KB)            :  1000000  2048000   9503354
	   Memory (MB)          :       55     1992      1992
...
