000 (1262616.007.000) 07/25 12:34:33 Job submitted from host: <144.92.180.28:9618?addrs=144.92.180.28-9618+[2607-f388-101c-1000--370]-9618&noUDP&sock=5187_6dd5_82>
...
001 (1262616.007.000) 07/25 14:19:46 Job executing on host: <144.92.180.157:9618?addrs=144.92.180.157-9618+[2607-f388-101c-1000--629]-9618&noUDP&sock=7620_43c1_3>
...
006 (1262616.007.000) 07/25 14:19:54 Image size of job updated: 225488
	107  -  MemoryUsage of job (MB)
	108632  -  ResidentSetSize of job (KB)
...
005 (1262616.007.000) 07/25 14:30:32 Job terminated.
	(1) Normal termination (return value 0)
		Usr 0 00:01:43, Sys 0 00:00:06  -  Run Remote Usage
		Usr 0 00:00:00, Sys 0 00:00:00  -  Run Local Usage
		Usr 0 00:01:43, Sys 0 00:00:06  -  Total Remote Usage
		Usr 0 00:00:00, Sys 0 00:00:00  -  Total Local Usage
	463343  -  Run Bytes Sent By Job
	283691  -  Run Bytes Received By Job
	463343  -  Total Bytes Sent By Job
	283691  -  Total Bytes Received By Job
	Partitionable Resources :    Usage  Request Allocated
	   Cpus                 :                 1         1
	   Disk (KB)            :  1000000  2048000   7918255
	   Memory (MB)          :      107     1992      1992
...
