file path found: /hdfs/store/user/varuns/MC2018_Autumn18_May2019/DYJetsToLL_M-50_HT-400to600_TuneCP5_PSweights_13TeV-madgraphMLM-pythia8/crab_job_DYJetsToLL_HT400-600/190516_074631/0001/MC_DYJetsToLL_HT400-600_1000.root
name: MC_DYJetsToLL_HT400-600_1000.root
filenumber: 0
Adding FullPathInputFile to chain:/hdfs/store/user/varuns/MC2018_Autumn18_May2019/DYJetsToLL_M-50_HT-400to600_TuneCP5_PSweights_13TeV-madgraphMLM-pythia8/crab_job_DYJetsToLL_HT400-600/190516_074631/0001/MC_DYJetsToLL_HT400-600_1000.root

file path found: /hdfs/store/user/varuns/MC2018_Autumn18_May2019/DYJetsToLL_M-50_HT-400to600_TuneCP5_PSweights_13TeV-madgraphMLM-pythia8/crab_job_DYJetsToLL_HT400-600/190516_074631/0001/MC_DYJetsToLL_HT400-600_1001.root
name: MC_DYJetsToLL_HT400-600_1001.root
filenumber: 1
Adding FullPathInputFile to chain:/hdfs/store/user/varuns/MC2018_Autumn18_May2019/DYJetsToLL_M-50_HT-400to600_TuneCP5_PSweights_13TeV-madgraphMLM-pythia8/crab_job_DYJetsToLL_HT400-600/190516_074631/0001/MC_DYJetsToLL_HT400-600_1001.root

file path found: /hdfs/store/user/varuns/MC2018_Autumn18_May2019/DYJetsToLL_M-50_HT-400to600_TuneCP5_PSweights_13TeV-madgraphMLM-pythia8/crab_job_DYJetsToLL_HT400-600/190516_074631/0001/MC_DYJetsToLL_HT400-600_1002.root
name: MC_DYJetsToLL_HT400-600_1002.root
filenumber: 2
Adding FullPathInputFile to chain:/hdfs/store/user/varuns/MC2018_Autumn18_May2019/DYJetsToLL_M-50_HT-400to600_TuneCP5_PSweights_13TeV-madgraphMLM-pythia8/crab_job_DYJetsToLL_HT400-600/190516_074631/0001/MC_DYJetsToLL_HT400-600_1002.root

file path found: /hdfs/store/user/varuns/MC2018_Autumn18_May2019/DYJetsToLL_M-50_HT-400to600_TuneCP5_PSweights_13TeV-madgraphMLM-pythia8/crab_job_DYJetsToLL_HT400-600/190516_074631/0001/MC_DYJetsToLL_HT400-600_1003.root
name: MC_DYJetsToLL_HT400-600_1003.root
filenumber: 3
Adding FullPathInputFile to chain:/hdfs/store/user/varuns/MC2018_Autumn18_May2019/DYJetsToLL_M-50_HT-400to600_TuneCP5_PSweights_13TeV-madgraphMLM-pythia8/crab_job_DYJetsToLL_HT400-600/190516_074631/0001/MC_DYJetsToLL_HT400-600_1003.root

file path found: /hdfs/store/user/varuns/MC2018_Autumn18_May2019/DYJetsToLL_M-50_HT-400to600_TuneCP5_PSweights_13TeV-madgraphMLM-pythia8/crab_job_DYJetsToLL_HT400-600/190516_074631/0001/MC_DYJetsToLL_HT400-600_1004.root
name: MC_DYJetsToLL_HT400-600_1004.root
filenumber: 4
Adding FullPathInputFile to chain:/hdfs/store/user/varuns/MC2018_Autumn18_May2019/DYJetsToLL_M-50_HT-400to600_TuneCP5_PSweights_13TeV-madgraphMLM-pythia8/crab_job_DYJetsToLL_HT400-600/190516_074631/0001/MC_DYJetsToLL_HT400-600_1004.root

file path found: /hdfs/store/user/varuns/MC2018_Autumn18_May2019/DYJetsToLL_M-50_HT-400to600_TuneCP5_PSweights_13TeV-madgraphMLM-pythia8/crab_job_DYJetsToLL_HT400-600/190516_074631/0001/MC_DYJetsToLL_HT400-600_1005.root
name: MC_DYJetsToLL_HT400-600_1005.root
filenumber: 5
Adding FullPathInputFile to chain:/hdfs/store/user/varuns/MC2018_Autumn18_May2019/DYJetsToLL_M-50_HT-400to600_TuneCP5_PSweights_13TeV-madgraphMLM-pythia8/crab_job_DYJetsToLL_HT400-600/190516_074631/0001/MC_DYJetsToLL_HT400-600_1005.root

file path found: /hdfs/store/user/varuns/MC2018_Autumn18_May2019/DYJetsToLL_M-50_HT-400to600_TuneCP5_PSweights_13TeV-madgraphMLM-pythia8/crab_job_DYJetsToLL_HT400-600/190516_074631/0001/MC_DYJetsToLL_HT400-600_1006.root
name: MC_DYJetsToLL_HT400-600_1006.root
filenumber: 6
Adding FullPathInputFile to chain:/hdfs/store/user/varuns/MC2018_Autumn18_May2019/DYJetsToLL_M-50_HT-400to600_TuneCP5_PSweights_13TeV-madgraphMLM-pythia8/crab_job_DYJetsToLL_HT400-600/190516_074631/0001/MC_DYJetsToLL_HT400-600_1006.root

file path found: /hdfs/store/user/varuns/MC2018_Autumn18_May2019/DYJetsToLL_M-50_HT-400to600_TuneCP5_PSweights_13TeV-madgraphMLM-pythia8/crab_job_DYJetsToLL_HT400-600/190516_074631/0001/MC_DYJetsToLL_HT400-600_1007.root
name: MC_DYJetsToLL_HT400-600_1007.root
filenumber: 7
Adding FullPathInputFile to chain:/hdfs/store/user/varuns/MC2018_Autumn18_May2019/DYJetsToLL_M-50_HT-400to600_TuneCP5_PSweights_13TeV-madgraphMLM-pythia8/crab_job_DYJetsToLL_HT400-600/190516_074631/0001/MC_DYJetsToLL_HT400-600_1007.root

file path found: /hdfs/store/user/varuns/MC2018_Autumn18_May2019/DYJetsToLL_M-50_HT-400to600_TuneCP5_PSweights_13TeV-madgraphMLM-pythia8/crab_job_DYJetsToLL_HT400-600/190516_074631/0001/MC_DYJetsToLL_HT400-600_1008.root
name: MC_DYJetsToLL_HT400-600_1008.root
filenumber: 8
Adding FullPathInputFile to chain:/hdfs/store/user/varuns/MC2018_Autumn18_May2019/DYJetsToLL_M-50_HT-400to600_TuneCP5_PSweights_13TeV-madgraphMLM-pythia8/crab_job_DYJetsToLL_HT400-600/190516_074631/0001/MC_DYJetsToLL_HT400-600_1008.root

file path found: /hdfs/store/user/varuns/MC2018_Autumn18_May2019/DYJetsToLL_M-50_HT-400to600_TuneCP5_PSweights_13TeV-madgraphMLM-pythia8/crab_job_DYJetsToLL_HT400-600/190516_074631/0001/MC_DYJetsToLL_HT400-600_1009.root
name: MC_DYJetsToLL_HT400-600_1009.root
filenumber: 9
Adding FullPathInputFile to chain:/hdfs/store/user/varuns/MC2018_Autumn18_May2019/DYJetsToLL_M-50_HT-400to600_TuneCP5_PSweights_13TeV-madgraphMLM-pythia8/crab_job_DYJetsToLL_HT400-600/190516_074631/0001/MC_DYJetsToLL_HT400-600_1009.root

file path found: /hdfs/store/user/varuns/MC2018_Autumn18_May2019/DYJetsToLL_M-50_HT-400to600_TuneCP5_PSweights_13TeV-madgraphMLM-pythia8/crab_job_DYJetsToLL_HT400-600/190516_074631/0001/MC_DYJetsToLL_HT400-600_1010.root
name: MC_DYJetsToLL_HT400-600_1010.root
filenumber: 10
Adding FullPathInputFile to chain:/hdfs/store/user/varuns/MC2018_Autumn18_May2019/DYJetsToLL_M-50_HT-400to600_TuneCP5_PSweights_13TeV-madgraphMLM-pythia8/crab_job_DYJetsToLL_HT400-600/190516_074631/0001/MC_DYJetsToLL_HT400-600_1010.root

file path found: /hdfs/store/user/varuns/MC2018_Autumn18_May2019/DYJetsToLL_M-50_HT-400to600_TuneCP5_PSweights_13TeV-madgraphMLM-pythia8/crab_job_DYJetsToLL_HT400-600/190516_074631/0001/.
name: .
filenumber: 11
file path found: /hdfs/store/user/varuns/MC2018_Autumn18_May2019/DYJetsToLL_M-50_HT-400to600_TuneCP5_PSweights_13TeV-madgraphMLM-pythia8/crab_job_DYJetsToLL_HT400-600/190516_074631/0001/..
name: ..
filenumber: 12
11 files added.
Initializing chain.
Coming in: 
nentries:98978
Running over 98978 events.
Finished entry 0/98977
Finished entry 10000/98977
Finished entry 20000/98977
Finished entry 30000/98977
Finished entry 40000/98977
Finished entry 50000/98977
Finished entry 60000/98977
Finished entry 70000/98977
Finished entry 80000/98977
Finished entry 90000/98977
