000 (690091.004.000) 07/11 07:31:35 Job submitted from host: <144.92.181.245:9618?addrs=144.92.181.245-9618+[2607-f388-101c-1000--372]-9618&noUDP&sock=6179_dbc8_3>
...
001 (690091.004.000) 07/11 09:08:28 Job executing on host: <144.92.181.176:9618?addrs=144.92.181.176-9618+[2607-f388-101c-1000--629]-9618&noUDP&sock=9863_c6ae_3>
...
006 (690091.004.000) 07/11 09:08:37 Image size of job updated: 166916
	53  -  MemoryUsage of job (MB)
	53412  -  ResidentSetSize of job (KB)
...
006 (690091.004.000) 07/11 09:28:38 Image size of job updated: 239432
	233  -  MemoryUsage of job (MB)
	238580  -  ResidentSetSize of job (KB)
...
005 (690091.004.000) 07/11 09:30:27 Job terminated.
	(1) Normal termination (return value 0)
		Usr 0 00:01:40, Sys 0 00:00:03  -  Run Remote Usage
		Usr 0 00:00:00, Sys 0 00:00:00  -  Run Local Usage
		Usr 0 00:01:40, Sys 0 00:00:03  -  Total Remote Usage
		Usr 0 00:00:00, Sys 0 00:00:00  -  Total Local Usage
	347964  -  Run Bytes Sent By Job
	302156  -  Run Bytes Received By Job
	347964  -  Total Bytes Sent By Job
	302156  -  Total Bytes Received By Job
	Partitionable Resources :    Usage  Request Allocated
	   Cpus                 :                 1         1
	   Disk (KB)            :  1000000  2048000   7917406
	   Memory (MB)          :      233     1992      1992
...
