000 (690091.009.000) 07/11 07:31:35 Job submitted from host: <144.92.181.245:9618?addrs=144.92.181.245-9618+[2607-f388-101c-1000--372]-9618&noUDP&sock=6179_dbc8_3>
...
001 (690091.009.000) 07/11 09:08:32 Job executing on host: <128.104.227.82:9618?addrs=128.104.227.82-9618+[2607-f388-101c-1000--629]-9618&noUDP&sock=11748_bab4_3>
...
006 (690091.009.000) 07/11 09:08:41 Image size of job updated: 143312
	54  -  MemoryUsage of job (MB)
	54480  -  ResidentSetSize of job (KB)
...
006 (690091.009.000) 07/11 09:24:20 Image size of job updated: 480392
	54  -  MemoryUsage of job (MB)
	54480  -  ResidentSetSize of job (KB)
...
005 (690091.009.000) 07/11 09:24:21 Job terminated.
	(1) Normal termination (return value 0)
		Usr 0 00:02:19, Sys 0 00:00:09  -  Run Remote Usage
		Usr 0 00:00:00, Sys 0 00:00:00  -  Run Local Usage
		Usr 0 00:02:19, Sys 0 00:00:09  -  Total Remote Usage
		Usr 0 00:00:00, Sys 0 00:00:00  -  Total Local Usage
	347810  -  Run Bytes Sent By Job
	302156  -  Run Bytes Received By Job
	347810  -  Total Bytes Sent By Job
	302156  -  Total Bytes Received By Job
	Partitionable Resources :    Usage  Request Allocated
	   Cpus                 :                 1         1
	   Disk (KB)            :  1000000  2048000   9503085
	   Memory (MB)          :       54     1992      1992
...
