000 (691416.007.000) 07/11 11:26:09 Job submitted from host: <144.92.181.245:9618?addrs=144.92.181.245-9618+[2607-f388-101c-1000--372]-9618&noUDP&sock=6179_dbc8_3>
...
001 (691416.007.000) 07/11 11:44:04 Job executing on host: <128.104.227.27:9618?addrs=128.104.227.27-9618+[2607-f388-101c-1000--629]-9618&noUDP&sock=10393_4fe0_3>
...
006 (691416.007.000) 07/11 11:44:12 Image size of job updated: 54244
	53  -  MemoryUsage of job (MB)
	53604  -  ResidentSetSize of job (KB)
...
006 (691416.007.000) 07/11 11:56:57 Image size of job updated: 127320
	53  -  MemoryUsage of job (MB)
	53604  -  ResidentSetSize of job (KB)
...
005 (691416.007.000) 07/11 11:56:57 Job terminated.
	(1) Normal termination (return value 0)
		Usr 0 00:01:05, Sys 0 00:00:04  -  Run Remote Usage
		Usr 0 00:00:00, Sys 0 00:00:00  -  Run Local Usage
		Usr 0 00:01:05, Sys 0 00:00:04  -  Total Remote Usage
		Usr 0 00:00:00, Sys 0 00:00:00  -  Total Local Usage
	496625  -  Run Bytes Sent By Job
	306644  -  Run Bytes Received By Job
	496625  -  Total Bytes Sent By Job
	306644  -  Total Bytes Received By Job
	Partitionable Resources :    Usage  Request Allocated
	   Cpus                 :                 1         1
	   Disk (KB)            :  1000000  2048000   9500451
	   Memory (MB)          :       53     1992      1992
...
