000 (696051.011.000) 07/12 06:44:01 Job submitted from host: <144.92.181.245:9618?addrs=144.92.181.245-9618+[2607-f388-101c-1000--372]-9618&noUDP&sock=6179_dbc8_3>
...
001 (695054.011.000) 07/12 07:42:43 Job executing on host: <128.104.227.39:9618?addrs=128.104.227.39-9618+[2607-f388-101c-1000--629]-9618&noUDP&sock=10345_6355_3>
...
006 (695054.011.000) 07/12 07:42:51 Image size of job updated: 181536
	106  -  MemoryUsage of job (MB)
	108516  -  ResidentSetSize of job (KB)
...
006 (695054.011.000) 07/12 08:02:51 Image size of job updated: 239832
	233  -  MemoryUsage of job (MB)
	238276  -  ResidentSetSize of job (KB)
...
005 (695054.011.000) 07/12 08:04:44 Job terminated.
	(1) Normal termination (return value 0)
		Usr 0 00:01:40, Sys 0 00:00:05  -  Run Remote Usage
		Usr 0 00:00:00, Sys 0 00:00:00  -  Run Local Usage
		Usr 0 00:01:40, Sys 0 00:00:05  -  Total Remote Usage
		Usr 0 00:00:00, Sys 0 00:00:00  -  Total Local Usage
	354205  -  Run Bytes Sent By Job
	281287  -  Run Bytes Received By Job
	354205  -  Total Bytes Sent By Job
	281287  -  Total Bytes Received By Job
	Partitionable Resources :    Usage  Request Allocated
	   Cpus                 :                 1         1
	   Disk (KB)            :  1000000  2048000   9500277
	   Memory (MB)          :      233     1992      1992
...
001 (696051.011.000) 07/12 08:42:46 Job executing on host: <128.104.227.41:9618?addrs=128.104.227.41-9618+[2607-f388-101c-1000--629]-9618&noUDP&sock=10218_46cd_3>
...
006 (696051.011.000) 07/12 08:42:55 Image size of job updated: 200820
	106  -  MemoryUsage of job (MB)
	108508  -  ResidentSetSize of job (KB)
...
005 (696051.011.000) 07/12 08:58:54 Job terminated.
	(1) Normal termination (return value 0)
		Usr 0 00:01:37, Sys 0 00:00:04  -  Run Remote Usage
		Usr 0 00:00:00, Sys 0 00:00:00  -  Run Local Usage
		Usr 0 00:01:37, Sys 0 00:00:04  -  Total Remote Usage
		Usr 0 00:00:00, Sys 0 00:00:00  -  Total Local Usage
	354205  -  Run Bytes Sent By Job
	281287  -  Run Bytes Received By Job
	354205  -  Total Bytes Sent By Job
	281287  -  Total Bytes Received By Job
	Partitionable Resources :    Usage  Request Allocated
	   Cpus                 :                 1         1
	   Disk (KB)            :  1000000  2048000   9502046
	   Memory (MB)          :      106     1992      1992
...
