000 (696051.012.000) 07/12 06:44:01 Job submitted from host: <144.92.181.245:9618?addrs=144.92.181.245-9618+[2607-f388-101c-1000--372]-9618&noUDP&sock=6179_dbc8_3>
...
001 (695054.012.000) 07/12 07:42:43 Job executing on host: <128.104.227.50:9618?addrs=128.104.227.50-9618+[2607-f388-101c-1000--629]-9618&noUDP&sock=10316_7f15_3>
...
006 (695054.012.000) 07/12 07:42:51 Image size of job updated: 142716
	106  -  MemoryUsage of job (MB)
	108512  -  ResidentSetSize of job (KB)
...
006 (695054.012.000) 07/12 08:01:34 Image size of job updated: 251644
	106  -  MemoryUsage of job (MB)
	108512  -  ResidentSetSize of job (KB)
...
005 (695054.012.000) 07/12 08:01:35 Job terminated.
	(1) Normal termination (return value 0)
		Usr 0 00:01:40, Sys 0 00:00:06  -  Run Remote Usage
		Usr 0 00:00:00, Sys 0 00:00:00  -  Run Local Usage
		Usr 0 00:01:40, Sys 0 00:00:06  -  Total Remote Usage
		Usr 0 00:00:00, Sys 0 00:00:00  -  Total Local Usage
	355093  -  Run Bytes Sent By Job
	281287  -  Run Bytes Received By Job
	355093  -  Total Bytes Sent By Job
	281287  -  Total Bytes Received By Job
	Partitionable Resources :    Usage  Request Allocated
	   Cpus                 :                 1         1
	   Disk (KB)            :  1000000  2048000   9498760
	   Memory (MB)          :      106     1992      1992
...
001 (696051.012.000) 07/12 08:42:46 Job executing on host: <144.92.180.253:9618?addrs=144.92.180.253-9618+[2607-f388-101c-1000--629]-9618&noUDP&sock=7687_3899_3>
...
006 (696051.012.000) 07/12 08:42:55 Image size of job updated: 169760
	106  -  MemoryUsage of job (MB)
	108516  -  ResidentSetSize of job (KB)
...
005 (696051.012.000) 07/12 09:01:15 Job terminated.
	(1) Normal termination (return value 0)
		Usr 0 00:01:39, Sys 0 00:00:05  -  Run Remote Usage
		Usr 0 00:00:00, Sys 0 00:00:00  -  Run Local Usage
		Usr 0 00:01:39, Sys 0 00:00:05  -  Total Remote Usage
		Usr 0 00:00:00, Sys 0 00:00:00  -  Total Local Usage
	355093  -  Run Bytes Sent By Job
	281287  -  Run Bytes Received By Job
	355093  -  Total Bytes Sent By Job
	281287  -  Total Bytes Received By Job
	Partitionable Resources :    Usage  Request Allocated
	   Cpus                 :                 1         1
	   Disk (KB)            :  1000000  2048000   7918470
	   Memory (MB)          :      106     1992      1992
...
