000 (696051.003.000) 07/12 06:44:01 Job submitted from host: <144.92.181.245:9618?addrs=144.92.181.245-9618+[2607-f388-101c-1000--372]-9618&noUDP&sock=6179_dbc8_3>
...
001 (695054.003.000) 07/12 07:42:50 Job executing on host: <128.104.227.90:9618?addrs=128.104.227.90-9618+[2607-f388-101c-1000--629]-9618&noUDP&sock=11962_83f9_3>
...
006 (695054.003.000) 07/12 07:43:00 Image size of job updated: 110528
	106  -  MemoryUsage of job (MB)
	108512  -  ResidentSetSize of job (KB)
...
006 (695054.003.000) 07/12 08:03:01 Image size of job updated: 251568
	246  -  MemoryUsage of job (MB)
	251544  -  ResidentSetSize of job (KB)
...
006 (695054.003.000) 07/12 08:07:52 Image size of job updated: 253284
	246  -  MemoryUsage of job (MB)
	251544  -  ResidentSetSize of job (KB)
...
005 (695054.003.000) 07/12 08:07:53 Job terminated.
	(1) Normal termination (return value 0)
		Usr 0 00:01:31, Sys 0 00:00:05  -  Run Remote Usage
		Usr 0 00:00:00, Sys 0 00:00:00  -  Run Local Usage
		Usr 0 00:01:31, Sys 0 00:00:05  -  Total Remote Usage
		Usr 0 00:00:00, Sys 0 00:00:00  -  Total Local Usage
	355076  -  Run Bytes Sent By Job
	281287  -  Run Bytes Received By Job
	355076  -  Total Bytes Sent By Job
	281287  -  Total Bytes Received By Job
	Partitionable Resources :    Usage  Request Allocated
	   Cpus                 :                 1         1
	   Disk (KB)            :  1000000  2048000   9502812
	   Memory (MB)          :      246     1992      1992
...
001 (696051.003.000) 07/12 08:42:52 Job executing on host: <144.92.180.134:9618?addrs=144.92.180.134-9618+[2607-f388-101c-1000--629]-9618&noUDP&sock=10094_390f_3>
...
006 (696051.003.000) 07/12 08:43:00 Image size of job updated: 168056
	53  -  MemoryUsage of job (MB)
	53640  -  ResidentSetSize of job (KB)
...
005 (696051.003.000) 07/12 09:01:50 Job terminated.
	(1) Normal termination (return value 0)
		Usr 0 00:01:42, Sys 0 00:00:06  -  Run Remote Usage
		Usr 0 00:00:00, Sys 0 00:00:00  -  Run Local Usage
		Usr 0 00:01:42, Sys 0 00:00:06  -  Total Remote Usage
		Usr 0 00:00:00, Sys 0 00:00:00  -  Total Local Usage
	355076  -  Run Bytes Sent By Job
	281287  -  Run Bytes Received By Job
	355076  -  Total Bytes Sent By Job
	281287  -  Total Bytes Received By Job
	Partitionable Resources :    Usage  Request Allocated
	   Cpus                 :                 1         1
	   Disk (KB)            :  1000000  2048000   7918298
	   Memory (MB)          :       53     1992      1992
...
