000 (696051.005.000) 07/12 06:44:01 Job submitted from host: <144.92.181.245:9618?addrs=144.92.181.245-9618+[2607-f388-101c-1000--372]-9618&noUDP&sock=6179_dbc8_3>
...
001 (695054.005.000) 07/12 07:42:44 Job executing on host: <144.92.180.77:9618?addrs=144.92.180.77-9618+[2607-f388-101c-1000--629]-9618&noUDP&sock=7678_0c3f_3>
...
006 (695054.005.000) 07/12 07:42:52 Image size of job updated: 107972
	53  -  MemoryUsage of job (MB)
	53496  -  ResidentSetSize of job (KB)
...
006 (695054.005.000) 07/12 08:02:52 Image size of job updated: 247252
	242  -  MemoryUsage of job (MB)
	247252  -  ResidentSetSize of job (KB)
...
006 (695054.005.000) 07/12 08:03:58 Image size of job updated: 499340
	242  -  MemoryUsage of job (MB)
	247252  -  ResidentSetSize of job (KB)
...
005 (695054.005.000) 07/12 08:03:58 Job terminated.
	(1) Normal termination (return value 0)
		Usr 0 00:01:31, Sys 0 00:00:05  -  Run Remote Usage
		Usr 0 00:00:00, Sys 0 00:00:00  -  Run Local Usage
		Usr 0 00:01:31, Sys 0 00:00:05  -  Total Remote Usage
		Usr 0 00:00:00, Sys 0 00:00:00  -  Total Local Usage
	354780  -  Run Bytes Sent By Job
	281287  -  Run Bytes Received By Job
	354780  -  Total Bytes Sent By Job
	281287  -  Total Bytes Received By Job
	Partitionable Resources :    Usage  Request Allocated
	   Cpus                 :                 1         1
	   Disk (KB)            :  1000000  2048000   7918691
	   Memory (MB)          :      242     1992      1992
...
001 (696051.005.000) 07/12 08:42:46 Job executing on host: <144.92.180.200:9618?addrs=144.92.180.200-9618+[2607-f388-101c-1000--629]-9618&noUDP&sock=8749_aa2e_3>
...
006 (696051.005.000) 07/12 08:42:55 Image size of job updated: 112888
	78  -  MemoryUsage of job (MB)
	79000  -  ResidentSetSize of job (KB)
...
006 (696051.005.000) 07/12 09:02:56 Image size of job updated: 237484
	232  -  MemoryUsage of job (MB)
	236624  -  ResidentSetSize of job (KB)
...
005 (696051.005.000) 07/12 09:09:20 Job terminated.
	(1) Normal termination (return value 0)
		Usr 0 00:02:32, Sys 0 00:00:14  -  Run Remote Usage
		Usr 0 00:00:00, Sys 0 00:00:00  -  Run Local Usage
		Usr 0 00:02:32, Sys 0 00:00:14  -  Total Remote Usage
		Usr 0 00:00:00, Sys 0 00:00:00  -  Total Local Usage
	354780  -  Run Bytes Sent By Job
	281287  -  Run Bytes Received By Job
	354780  -  Total Bytes Sent By Job
	281287  -  Total Bytes Received By Job
	Partitionable Resources :    Usage  Request Allocated
	   Cpus                 :                 1         1
	   Disk (KB)            :  1000000  2048000   4750503
	   Memory (MB)          :      232     1992      1992
...
