000 (696051.006.000) 07/12 06:44:01 Job submitted from host: <144.92.181.245:9618?addrs=144.92.181.245-9618+[2607-f388-101c-1000--372]-9618&noUDP&sock=6179_dbc8_3>
...
001 (695054.006.000) 07/12 07:42:48 Job executing on host: <144.92.181.238:9618?addrs=144.92.181.238-9618+[2607-f388-101c-1000--629]-9618&noUDP&sock=7008_7bcb_3>
...
006 (695054.006.000) 07/12 07:42:56 Image size of job updated: 135980
	53  -  MemoryUsage of job (MB)
	53580  -  ResidentSetSize of job (KB)
...
006 (695054.006.000) 07/12 08:02:56 Image size of job updated: 247080
	242  -  MemoryUsage of job (MB)
	247080  -  ResidentSetSize of job (KB)
...
005 (695054.006.000) 07/12 08:04:24 Job terminated.
	(1) Normal termination (return value 0)
		Usr 0 00:03:33, Sys 0 00:00:12  -  Run Remote Usage
		Usr 0 00:00:00, Sys 0 00:00:00  -  Run Local Usage
		Usr 0 00:03:33, Sys 0 00:00:12  -  Total Remote Usage
		Usr 0 00:00:00, Sys 0 00:00:00  -  Total Local Usage
	364704  -  Run Bytes Sent By Job
	281287  -  Run Bytes Received By Job
	364704  -  Total Bytes Sent By Job
	281287  -  Total Bytes Received By Job
	Partitionable Resources :    Usage  Request Allocated
	   Cpus                 :                 1         1
	   Disk (KB)            :  1000000  2048000   4750395
	   Memory (MB)          :      242     1992      1992
...
001 (696051.006.000) 07/12 08:42:46 Job executing on host: <144.92.180.13:9618?addrs=144.92.180.13-9618+[2607-f388-101c-1000--629]-9618&noUDP&sock=7729_0794_3>
...
006 (696051.006.000) 07/12 08:42:54 Image size of job updated: 217436
	106  -  MemoryUsage of job (MB)
	108500  -  ResidentSetSize of job (KB)
...
005 (696051.006.000) 07/12 09:00:49 Job terminated.
	(1) Normal termination (return value 0)
		Usr 0 00:01:18, Sys 0 00:00:04  -  Run Remote Usage
		Usr 0 00:00:00, Sys 0 00:00:00  -  Run Local Usage
		Usr 0 00:01:18, Sys 0 00:00:04  -  Total Remote Usage
		Usr 0 00:00:00, Sys 0 00:00:00  -  Total Local Usage
	354977  -  Run Bytes Sent By Job
	281287  -  Run Bytes Received By Job
	354977  -  Total Bytes Sent By Job
	281287  -  Total Bytes Received By Job
	Partitionable Resources :    Usage  Request Allocated
	   Cpus                 :                 1         1
	   Disk (KB)            :  1000000  2048000   7917832
	   Memory (MB)          :      106     1992      1992
...
