000 (690127.010.000) 07/11 07:32:29 Job submitted from host: <144.92.181.245:9618?addrs=144.92.181.245-9618+[2607-f388-101c-1000--372]-9618&noUDP&sock=6179_dbc8_3>
...
001 (690127.010.000) 07/11 09:37:34 Job executing on host: <144.92.180.112:9618?addrs=144.92.180.112-9618+[2607-f388-101c-1000--629]-9618&noUDP&sock=7613_7697_3>
...
006 (690127.010.000) 07/11 09:37:43 Image size of job updated: 226816
	106  -  MemoryUsage of job (MB)
	107900  -  ResidentSetSize of job (KB)
...
006 (690127.010.000) 07/11 09:57:44 Image size of job updated: 244376
	239  -  MemoryUsage of job (MB)
	244376  -  ResidentSetSize of job (KB)
...
006 (690127.010.000) 07/11 09:58:57 Image size of job updated: 244392
	239  -  MemoryUsage of job (MB)
	244376  -  ResidentSetSize of job (KB)
...
005 (690127.010.000) 07/11 09:58:58 Job terminated.
	(1) Normal termination (return value 0)
		Usr 0 00:01:21, Sys 0 00:00:05  -  Run Remote Usage
		Usr 0 00:00:00, Sys 0 00:00:00  -  Run Local Usage
		Usr 0 00:01:21, Sys 0 00:00:05  -  Total Remote Usage
		Usr 0 00:00:00, Sys 0 00:00:00  -  Total Local Usage
	335059  -  Run Bytes Sent By Job
	302156  -  Run Bytes Received By Job
	335059  -  Total Bytes Sent By Job
	302156  -  Total Bytes Received By Job
	Partitionable Resources :    Usage  Request Allocated
	   Cpus                 :                 1         1
	   Disk (KB)            :  1000000  2048000   6333852
	   Memory (MB)          :      239     1992      1992
...
