000 (691456.003.000) 07/11 11:27:08 Job submitted from host: <144.92.181.245:9618?addrs=144.92.181.245-9618+[2607-f388-101c-1000--372]-9618&noUDP&sock=6179_dbc8_3>
...
001 (691456.003.000) 07/11 11:55:41 Job executing on host: <144.92.181.176:9618?addrs=144.92.181.176-9618+[2607-f388-101c-1000--629]-9618&noUDP&sock=9863_c6ae_3>
...
006 (691456.003.000) 07/11 11:55:51 Image size of job updated: 214320
	106  -  MemoryUsage of job (MB)
	108244  -  ResidentSetSize of job (KB)
...
006 (691456.003.000) 07/11 12:15:51 Image size of job updated: 236304
	231  -  MemoryUsage of job (MB)
	236304  -  ResidentSetSize of job (KB)
...
005 (691456.003.000) 07/11 12:18:41 Job terminated.
	(1) Normal termination (return value 0)
		Usr 0 00:02:42, Sys 0 00:00:08  -  Run Remote Usage
		Usr 0 00:00:00, Sys 0 00:00:00  -  Run Local Usage
		Usr 0 00:02:42, Sys 0 00:00:08  -  Total Remote Usage
		Usr 0 00:00:00, Sys 0 00:00:00  -  Total Local Usage
	271764  -  Run Bytes Sent By Job
	306644  -  Run Bytes Received By Job
	271764  -  Total Bytes Sent By Job
	306644  -  Total Bytes Received By Job
	Partitionable Resources :    Usage  Request Allocated
	   Cpus                 :                 1         1
	   Disk (KB)            :  1000000  2048000   7917406
	   Memory (MB)          :      231     1992      1992
...
