000 (691456.008.000) 07/11 11:27:08 Job submitted from host: <144.92.181.245:9618?addrs=144.92.181.245-9618+[2607-f388-101c-1000--372]-9618&noUDP&sock=6179_dbc8_3>
...
001 (691456.008.000) 07/11 11:56:00 Job executing on host: <144.92.180.233:9618?addrs=144.92.180.233-9618+[2607-f388-101c-1000--629]-9618&noUDP&sock=9975_994a_3>
...
006 (691456.008.000) 07/11 11:56:11 Image size of job updated: 60360
	23  -  MemoryUsage of job (MB)
	23372  -  ResidentSetSize of job (KB)
...
006 (691456.008.000) 07/11 12:16:10 Image size of job updated: 241268
	236  -  MemoryUsage of job (MB)
	241268  -  ResidentSetSize of job (KB)
...
006 (691456.008.000) 07/11 12:25:55 Image size of job updated: 241704
	236  -  MemoryUsage of job (MB)
	241268  -  ResidentSetSize of job (KB)
...
005 (691456.008.000) 07/11 12:25:56 Job terminated.
	(1) Normal termination (return value 0)
		Usr 0 00:02:18, Sys 0 00:00:06  -  Run Remote Usage
		Usr 0 00:00:00, Sys 0 00:00:00  -  Run Local Usage
		Usr 0 00:02:18, Sys 0 00:00:06  -  Total Remote Usage
		Usr 0 00:00:00, Sys 0 00:00:00  -  Total Local Usage
	272626  -  Run Bytes Sent By Job
	306644  -  Run Bytes Received By Job
	272626  -  Total Bytes Sent By Job
	306644  -  Total Bytes Received By Job
	Partitionable Resources :    Usage  Request Allocated
	   Cpus                 :                 1         1
	   Disk (KB)            :  1000000  2048000   7917907
	   Memory (MB)          :      236     1992      1992
...
