000 (696000.001.000) 07/12 06:42:47 Job submitted from host: <144.92.181.245:9618?addrs=144.92.181.245-9618+[2607-f388-101c-1000--372]-9618&noUDP&sock=6179_dbc8_3>
...
001 (696000.001.000) 07/12 08:20:37 Job executing on host: <144.92.181.140:9618?addrs=144.92.181.140-9618+[2607-f388-101c-1000--629]-9618&noUDP&sock=10043_3dbb_3>
...
006 (696000.001.000) 07/12 08:20:46 Image size of job updated: 217456
	106  -  MemoryUsage of job (MB)
	108520  -  ResidentSetSize of job (KB)
...
006 (696000.001.000) 07/12 08:40:47 Image size of job updated: 247504
	242  -  MemoryUsage of job (MB)
	247504  -  ResidentSetSize of job (KB)
...
006 (696000.001.000) 07/12 08:46:11 Image size of job updated: 492208
	242  -  MemoryUsage of job (MB)
	247504  -  ResidentSetSize of job (KB)
...
005 (696000.001.000) 07/12 08:46:12 Job terminated.
	(1) Normal termination (return value 0)
		Usr 0 00:02:16, Sys 0 00:00:07  -  Run Remote Usage
		Usr 0 00:00:00, Sys 0 00:00:00  -  Run Local Usage
		Usr 0 00:02:16, Sys 0 00:00:07  -  Total Remote Usage
		Usr 0 00:00:00, Sys 0 00:00:00  -  Total Local Usage
	387879  -  Run Bytes Sent By Job
	281287  -  Run Bytes Received By Job
	387879  -  Total Bytes Sent By Job
	281287  -  Total Bytes Received By Job
	Partitionable Resources :    Usage  Request Allocated
	   Cpus                 :                 1         1
	   Disk (KB)            :  1000000  2048000   7918565
	   Memory (MB)          :      242     1992      1992
...
