000 (696056.000.000) 07/12 06:44:12 Job submitted from host: <144.92.181.245:9618?addrs=144.92.181.245-9618+[2607-f388-101c-1000--372]-9618&noUDP&sock=6179_dbc8_3>
...
001 (695059.000.000) 07/12 07:42:57 Job executing on host: <128.104.227.87:9618?addrs=128.104.227.87-9618+[2607-f388-101c-1000--629]-9618&noUDP&sock=11868_0a12_10>
...
006 (695059.000.000) 07/12 07:43:07 Image size of job updated: 151268
	106  -  MemoryUsage of job (MB)
	108516  -  ResidentSetSize of job (KB)
...
005 (695059.000.000) 07/12 08:00:59 Job terminated.
	(1) Normal termination (return value 0)
		Usr 0 00:01:37, Sys 0 00:00:07  -  Run Remote Usage
		Usr 0 00:00:00, Sys 0 00:00:00  -  Run Local Usage
		Usr 0 00:01:37, Sys 0 00:00:07  -  Total Remote Usage
		Usr 0 00:00:00, Sys 0 00:00:00  -  Total Local Usage
	356663  -  Run Bytes Sent By Job
	281287  -  Run Bytes Received By Job
	356663  -  Total Bytes Sent By Job
	281287  -  Total Bytes Received By Job
	Partitionable Resources :    Usage  Request Allocated
	   Cpus                 :                 1         1
	   Disk (KB)            :  1000000  2048000   9503775
	   Memory (MB)          :      106     1992      1992
...
001 (696056.000.000) 07/12 08:45:29 Job executing on host: <144.92.180.170:9618?addrs=144.92.180.170-9618+[2607-f388-101c-1000--629]-9618&noUDP&sock=7785_70e1_3>
...
006 (696056.000.000) 07/12 08:45:38 Image size of job updated: 216684
	106  -  MemoryUsage of job (MB)
	108492  -  ResidentSetSize of job (KB)
...
005 (696056.000.000) 07/12 09:01:40 Job terminated.
	(1) Normal termination (return value 0)
		Usr 0 00:01:48, Sys 0 00:00:05  -  Run Remote Usage
		Usr 0 00:00:00, Sys 0 00:00:00  -  Run Local Usage
		Usr 0 00:01:48, Sys 0 00:00:05  -  Total Remote Usage
		Usr 0 00:00:00, Sys 0 00:00:00  -  Total Local Usage
	356663  -  Run Bytes Sent By Job
	281287  -  Run Bytes Received By Job
	356663  -  Total Bytes Sent By Job
	281287  -  Total Bytes Received By Job
	Partitionable Resources :    Usage  Request Allocated
	   Cpus                 :                 1         1
	   Disk (KB)            :  1000000  2048000   7918265
	   Memory (MB)          :      106     1992      1992
...
