000 (696056.001.000) 07/12 06:44:12 Job submitted from host: <144.92.181.245:9618?addrs=144.92.181.245-9618+[2607-f388-101c-1000--372]-9618&noUDP&sock=6179_dbc8_3>
...
001 (695059.001.000) 07/12 07:42:57 Job executing on host: <128.104.227.101:9618?addrs=128.104.227.101-9618+[2607-f388-101c-1000--50]-9618&noUDP&sock=11662_bd8f_3>
...
006 (695059.001.000) 07/12 07:43:08 Image size of job updated: 217776
	106  -  MemoryUsage of job (MB)
	108508  -  ResidentSetSize of job (KB)
...
006 (695059.001.000) 07/12 08:03:09 Image size of job updated: 256296
	249  -  MemoryUsage of job (MB)
	254928  -  ResidentSetSize of job (KB)
...
005 (695059.001.000) 07/12 08:10:36 Job terminated.
	(1) Normal termination (return value 0)
		Usr 0 00:01:42, Sys 0 00:00:05  -  Run Remote Usage
		Usr 0 00:00:00, Sys 0 00:00:00  -  Run Local Usage
		Usr 0 00:01:42, Sys 0 00:00:05  -  Total Remote Usage
		Usr 0 00:00:00, Sys 0 00:00:00  -  Total Local Usage
	356576  -  Run Bytes Sent By Job
	281287  -  Run Bytes Received By Job
	356576  -  Total Bytes Sent By Job
	281287  -  Total Bytes Received By Job
	Partitionable Resources :    Usage  Request Allocated
	   Cpus                 :                 1         1
	   Disk (KB)            :  1000000  2048000   9503486
	   Memory (MB)          :      249     1992      1992
...
001 (696056.001.000) 07/12 08:45:29 Job executing on host: <128.104.227.24:9618?addrs=128.104.227.24-9618+[2607-f388-101c-1000--629]-9618&noUDP&sock=10309_b1ec_3>
...
006 (696056.001.000) 07/12 08:45:38 Image size of job updated: 216036
	106  -  MemoryUsage of job (MB)
	108504  -  ResidentSetSize of job (KB)
...
006 (696056.001.000) 07/12 09:05:39 Image size of job updated: 251904
	245  -  MemoryUsage of job (MB)
	250488  -  ResidentSetSize of job (KB)
...
005 (696056.001.000) 07/12 09:09:44 Job terminated.
	(1) Normal termination (return value 0)
		Usr 0 00:01:22, Sys 0 00:00:05  -  Run Remote Usage
		Usr 0 00:00:00, Sys 0 00:00:00  -  Run Local Usage
		Usr 0 00:01:22, Sys 0 00:00:05  -  Total Remote Usage
		Usr 0 00:00:00, Sys 0 00:00:00  -  Total Local Usage
	356576  -  Run Bytes Sent By Job
	281287  -  Run Bytes Received By Job
	356576  -  Total Bytes Sent By Job
	281287  -  Total Bytes Received By Job
	Partitionable Resources :    Usage  Request Allocated
	   Cpus                 :                 1         1
	   Disk (KB)            :  1000000  2048000   9499870
	   Memory (MB)          :      245     1992      1992
...
