000 (696056.004.000) 07/12 06:44:12 Job submitted from host: <144.92.181.245:9618?addrs=144.92.181.245-9618+[2607-f388-101c-1000--372]-9618&noUDP&sock=6179_dbc8_3>
...
001 (695059.004.000) 07/12 07:42:54 Job executing on host: <144.92.180.243:9618?addrs=144.92.180.243-9618+[2607-f388-101c-1000--629]-9618&noUDP&sock=9982_6674_3>
...
006 (695059.004.000) 07/12 07:43:03 Image size of job updated: 214232
	106  -  MemoryUsage of job (MB)
	108516  -  ResidentSetSize of job (KB)
...
006 (695059.004.000) 07/12 08:03:04 Image size of job updated: 255972
	247  -  MemoryUsage of job (MB)
	252728  -  ResidentSetSize of job (KB)
...
005 (695059.004.000) 07/12 08:03:40 Job terminated.
	(1) Normal termination (return value 0)
		Usr 0 00:01:45, Sys 0 00:00:05  -  Run Remote Usage
		Usr 0 00:00:00, Sys 0 00:00:00  -  Run Local Usage
		Usr 0 00:01:45, Sys 0 00:00:05  -  Total Remote Usage
		Usr 0 00:00:00, Sys 0 00:00:00  -  Total Local Usage
	356520  -  Run Bytes Sent By Job
	281287  -  Run Bytes Received By Job
	356520  -  Total Bytes Sent By Job
	281287  -  Total Bytes Received By Job
	Partitionable Resources :    Usage  Request Allocated
	   Cpus                 :                 1         1
	   Disk (KB)            :  1000000  2048000   7916955
	   Memory (MB)          :      247     1992      1992
...
001 (696056.004.000) 07/12 08:45:36 Job executing on host: <128.104.227.15:9618?addrs=128.104.227.15-9618+[2607-f388-101c-1000--629]-9618&noUDP&sock=10589_c070_3>
...
006 (696056.004.000) 07/12 08:45:44 Image size of job updated: 216676
	106  -  MemoryUsage of job (MB)
	108500  -  ResidentSetSize of job (KB)
...
006 (696056.004.000) 07/12 09:05:44 Image size of job updated: 252708
	247  -  MemoryUsage of job (MB)
	252708  -  ResidentSetSize of job (KB)
...
006 (696056.004.000) 07/12 09:09:50 Image size of job updated: 253560
	247  -  MemoryUsage of job (MB)
	252708  -  ResidentSetSize of job (KB)
...
005 (696056.004.000) 07/12 09:09:50 Job terminated.
	(1) Normal termination (return value 0)
		Usr 0 00:01:33, Sys 0 00:00:04  -  Run Remote Usage
		Usr 0 00:00:00, Sys 0 00:00:00  -  Run Local Usage
		Usr 0 00:01:33, Sys 0 00:00:04  -  Total Remote Usage
		Usr 0 00:00:00, Sys 0 00:00:00  -  Total Local Usage
	356520  -  Run Bytes Sent By Job
	281287  -  Run Bytes Received By Job
	356520  -  Total Bytes Sent By Job
	281287  -  Total Bytes Received By Job
	Partitionable Resources :    Usage  Request Allocated
	   Cpus                 :                 1         1
	   Disk (KB)            :  1000000  2048000   9500643
	   Memory (MB)          :      247     1992      1992
...
