000 (696056.006.000) 07/12 06:44:12 Job submitted from host: <144.92.181.245:9618?addrs=144.92.181.245-9618+[2607-f388-101c-1000--372]-9618&noUDP&sock=6179_dbc8_3>
...
001 (695059.006.000) 07/12 07:42:55 Job executing on host: <144.92.181.150:9618?addrs=144.92.181.150-9618+[2607-f388-101c-1000--629]-9618&noUDP&sock=9864_7647_3>
...
006 (695059.006.000) 07/12 07:43:04 Image size of job updated: 108492
	106  -  MemoryUsage of job (MB)
	108492  -  ResidentSetSize of job (KB)
...
006 (695059.006.000) 07/12 08:03:05 Image size of job updated: 246832
	240  -  MemoryUsage of job (MB)
	245472  -  ResidentSetSize of job (KB)
...
005 (695059.006.000) 07/12 08:03:39 Job terminated.
	(1) Normal termination (return value 0)
		Usr 0 00:01:34, Sys 0 00:00:05  -  Run Remote Usage
		Usr 0 00:00:00, Sys 0 00:00:00  -  Run Local Usage
		Usr 0 00:01:34, Sys 0 00:00:05  -  Total Remote Usage
		Usr 0 00:00:00, Sys 0 00:00:00  -  Total Local Usage
	357537  -  Run Bytes Sent By Job
	281287  -  Run Bytes Received By Job
	357537  -  Total Bytes Sent By Job
	281287  -  Total Bytes Received By Job
	Partitionable Resources :    Usage  Request Allocated
	   Cpus                 :                 1         1
	   Disk (KB)            :  1000000  2048000   7917968
	   Memory (MB)          :      240     1992      1992
...
001 (696056.006.000) 07/12 08:46:04 Job executing on host: <144.92.181.165:9618?addrs=144.92.181.165-9618+[2607-f388-101c-1000--629]-9618&noUDP&sock=9844_be62_3>
...
006 (696056.006.000) 07/12 08:46:13 Image size of job updated: 217292
	106  -  MemoryUsage of job (MB)
	108504  -  ResidentSetSize of job (KB)
...
006 (696056.006.000) 07/12 09:06:13 Image size of job updated: 245628
	240  -  MemoryUsage of job (MB)
	245528  -  ResidentSetSize of job (KB)
...
006 (696056.006.000) 07/12 09:09:18 Image size of job updated: 248380
	240  -  MemoryUsage of job (MB)
	245528  -  ResidentSetSize of job (KB)
...
005 (696056.006.000) 07/12 09:09:19 Job terminated.
	(1) Normal termination (return value 0)
		Usr 0 00:01:40, Sys 0 00:00:04  -  Run Remote Usage
		Usr 0 00:00:00, Sys 0 00:00:00  -  Run Local Usage
		Usr 0 00:01:40, Sys 0 00:00:04  -  Total Remote Usage
		Usr 0 00:00:00, Sys 0 00:00:00  -  Total Local Usage
	357537  -  Run Bytes Sent By Job
	281287  -  Run Bytes Received By Job
	357537  -  Total Bytes Sent By Job
	281287  -  Total Bytes Received By Job
	Partitionable Resources :    Usage  Request Allocated
	   Cpus                 :                 1         1
	   Disk (KB)            :  1000000  2048000   7917346
	   Memory (MB)          :      240     1992      1992
...
