000 (696056.007.000) 07/12 06:44:12 Job submitted from host: <144.92.181.245:9618?addrs=144.92.181.245-9618+[2607-f388-101c-1000--372]-9618&noUDP&sock=6179_dbc8_3>
...
001 (695059.007.000) 07/12 07:42:55 Job executing on host: <128.104.227.50:9618?addrs=128.104.227.50-9618+[2607-f388-101c-1000--629]-9618&noUDP&sock=10316_7f15_3>
...
006 (695059.007.000) 07/12 07:43:04 Image size of job updated: 216740
	106  -  MemoryUsage of job (MB)
	108508  -  ResidentSetSize of job (KB)
...
006 (695059.007.000) 07/12 08:03:05 Image size of job updated: 253564
	246  -  MemoryUsage of job (MB)
	251776  -  ResidentSetSize of job (KB)
...
005 (695059.007.000) 07/12 08:12:57 Job terminated.
	(1) Normal termination (return value 0)
		Usr 0 00:01:37, Sys 0 00:00:04  -  Run Remote Usage
		Usr 0 00:00:00, Sys 0 00:00:00  -  Run Local Usage
		Usr 0 00:01:37, Sys 0 00:00:04  -  Total Remote Usage
		Usr 0 00:00:00, Sys 0 00:00:00  -  Total Local Usage
	357286  -  Run Bytes Sent By Job
	281287  -  Run Bytes Received By Job
	357286  -  Total Bytes Sent By Job
	281287  -  Total Bytes Received By Job
	Partitionable Resources :    Usage  Request Allocated
	   Cpus                 :                 1         1
	   Disk (KB)            :  1000000  2048000   9498760
	   Memory (MB)          :      246     1992      1992
...
001 (696056.007.000) 07/12 08:46:08 Job executing on host: <144.92.180.13:9618?addrs=144.92.180.13-9618+[2607-f388-101c-1000--629]-9618&noUDP&sock=7729_0794_3>
...
006 (696056.007.000) 07/12 08:46:17 Image size of job updated: 216996
	106  -  MemoryUsage of job (MB)
	108516  -  ResidentSetSize of job (KB)
...
006 (696056.007.000) 07/12 09:05:42 Image size of job updated: 499308
	106  -  MemoryUsage of job (MB)
	108516  -  ResidentSetSize of job (KB)
...
005 (696056.007.000) 07/12 09:05:43 Job terminated.
	(1) Normal termination (return value 0)
		Usr 0 00:01:26, Sys 0 00:00:04  -  Run Remote Usage
		Usr 0 00:00:00, Sys 0 00:00:00  -  Run Local Usage
		Usr 0 00:01:26, Sys 0 00:00:04  -  Total Remote Usage
		Usr 0 00:00:00, Sys 0 00:00:00  -  Total Local Usage
	357286  -  Run Bytes Sent By Job
	281287  -  Run Bytes Received By Job
	357286  -  Total Bytes Sent By Job
	281287  -  Total Bytes Received By Job
	Partitionable Resources :    Usage  Request Allocated
	   Cpus                 :                 1         1
	   Disk (KB)            :  1000000  2048000   7917832
	   Memory (MB)          :      106     1992      1992
...
