000 (696056.009.000) 07/12 06:44:12 Job submitted from host: <144.92.181.245:9618?addrs=144.92.181.245-9618+[2607-f388-101c-1000--372]-9618&noUDP&sock=6179_dbc8_3>
...
001 (695059.009.000) 07/12 07:42:55 Job executing on host: <128.104.227.57:9618?addrs=128.104.227.57-9618+[2607-f388-101c-1000--629]-9618&noUDP&sock=10277_bee4_3>
...
006 (695059.009.000) 07/12 07:43:04 Image size of job updated: 215656
	106  -  MemoryUsage of job (MB)
	108512  -  ResidentSetSize of job (KB)
...
006 (695059.009.000) 07/12 08:03:04 Image size of job updated: 244636
	239  -  MemoryUsage of job (MB)
	244636  -  ResidentSetSize of job (KB)
...
006 (695059.009.000) 07/12 08:10:06 Image size of job updated: 244832
	239  -  MemoryUsage of job (MB)
	244636  -  ResidentSetSize of job (KB)
...
005 (695059.009.000) 07/12 08:10:07 Job terminated.
	(1) Normal termination (return value 0)
		Usr 0 00:01:39, Sys 0 00:00:05  -  Run Remote Usage
		Usr 0 00:00:00, Sys 0 00:00:00  -  Run Local Usage
		Usr 0 00:01:39, Sys 0 00:00:05  -  Total Remote Usage
		Usr 0 00:00:00, Sys 0 00:00:00  -  Total Local Usage
	356426  -  Run Bytes Sent By Job
	281287  -  Run Bytes Received By Job
	356426  -  Total Bytes Sent By Job
	281287  -  Total Bytes Received By Job
	Partitionable Resources :    Usage  Request Allocated
	   Cpus                 :                 1         1
	   Disk (KB)            :  1000000  2048000   9502473
	   Memory (MB)          :      239     1992      1992
...
001 (696056.009.000) 07/12 08:46:10 Job executing on host: <144.92.180.243:9618?addrs=144.92.180.243-9618+[2607-f388-101c-1000--629]-9618&noUDP&sock=9982_6674_3>
...
006 (696056.009.000) 07/12 08:46:20 Image size of job updated: 217048
	106  -  MemoryUsage of job (MB)
	108504  -  ResidentSetSize of job (KB)
...
006 (696056.009.000) 07/12 09:04:40 Image size of job updated: 246796
	106  -  MemoryUsage of job (MB)
	108504  -  ResidentSetSize of job (KB)
...
005 (696056.009.000) 07/12 09:04:41 Job terminated.
	(1) Normal termination (return value 0)
		Usr 0 00:01:20, Sys 0 00:00:04  -  Run Remote Usage
		Usr 0 00:00:00, Sys 0 00:00:00  -  Run Local Usage
		Usr 0 00:01:20, Sys 0 00:00:04  -  Total Remote Usage
		Usr 0 00:00:00, Sys 0 00:00:00  -  Total Local Usage
	356426  -  Run Bytes Sent By Job
	281287  -  Run Bytes Received By Job
	356426  -  Total Bytes Sent By Job
	281287  -  Total Bytes Received By Job
	Partitionable Resources :    Usage  Request Allocated
	   Cpus                 :                 1         1
	   Disk (KB)            :  1000000  2048000   7916955
	   Memory (MB)          :      106     1992      1992
...
