file path found: /hdfs/store/user/varuns/Run2018D_Prompt/EGamma/crab_job_EGamma2018Dv2_3v3/190604_144154/0007/Data_EGamma2018Dv2_3v3_7083.root
name: Data_EGamma2018Dv2_3v3_7083.root
filenumber: 0
file path found: /hdfs/store/user/varuns/Run2018D_Prompt/EGamma/crab_job_EGamma2018Dv2_3v3/190604_144154/0007/Data_EGamma2018Dv2_3v3_7112.root
name: Data_EGamma2018Dv2_3v3_7112.root
filenumber: 1
file path found: /hdfs/store/user/varuns/Run2018D_Prompt/EGamma/crab_job_EGamma2018Dv2_3v3/190604_144154/0007/Data_EGamma2018Dv2_3v3_7149.root
name: Data_EGamma2018Dv2_3v3_7149.root
filenumber: 2
file path found: /hdfs/store/user/varuns/Run2018D_Prompt/EGamma/crab_job_EGamma2018Dv2_3v3/190604_144154/0007/Data_EGamma2018Dv2_3v3_7151.root
name: Data_EGamma2018Dv2_3v3_7151.root
filenumber: 3
file path found: /hdfs/store/user/varuns/Run2018D_Prompt/EGamma/crab_job_EGamma2018Dv2_3v3/190604_144154/0007/Data_EGamma2018Dv2_3v3_7178.root
name: Data_EGamma2018Dv2_3v3_7178.root
filenumber: 4
file path found: /hdfs/store/user/varuns/Run2018D_Prompt/EGamma/crab_job_EGamma2018Dv2_3v3/190604_144154/0007/Data_EGamma2018Dv2_3v3_7198.root
name: Data_EGamma2018Dv2_3v3_7198.root
filenumber: 5
file path found: /hdfs/store/user/varuns/Run2018D_Prompt/EGamma/crab_job_EGamma2018Dv2_3v3/190604_144154/0007/Data_EGamma2018Dv2_3v3_7201.root
name: Data_EGamma2018Dv2_3v3_7201.root
filenumber: 6
file path found: /hdfs/store/user/varuns/Run2018D_Prompt/EGamma/crab_job_EGamma2018Dv2_3v3/190604_144154/0007/Data_EGamma2018Dv2_3v3_7203.root
name: Data_EGamma2018Dv2_3v3_7203.root
filenumber: 7
file path found: /hdfs/store/user/varuns/Run2018D_Prompt/EGamma/crab_job_EGamma2018Dv2_3v3/190604_144154/0007/Data_EGamma2018Dv2_3v3_7207.root
name: Data_EGamma2018Dv2_3v3_7207.root
filenumber: 8
file path found: /hdfs/store/user/varuns/Run2018D_Prompt/EGamma/crab_job_EGamma2018Dv2_3v3/190604_144154/0007/Data_EGamma2018Dv2_3v3_7214.root
name: Data_EGamma2018Dv2_3v3_7214.root
filenumber: 9
file path found: /hdfs/store/user/varuns/Run2018D_Prompt/EGamma/crab_job_EGamma2018Dv2_3v3/190604_144154/0007/Data_EGamma2018Dv2_3v3_7221.root
name: Data_EGamma2018Dv2_3v3_7221.root
filenumber: 10
file path found: /hdfs/store/user/varuns/Run2018D_Prompt/EGamma/crab_job_EGamma2018Dv2_3v3/190604_144154/0007/Data_EGamma2018Dv2_3v3_7223.root
name: Data_EGamma2018Dv2_3v3_7223.root
filenumber: 11
file path found: /hdfs/store/user/varuns/Run2018D_Prompt/EGamma/crab_job_EGamma2018Dv2_3v3/190604_144154/0007/Data_EGamma2018Dv2_3v3_7226.root
name: Data_EGamma2018Dv2_3v3_7226.root
filenumber: 12
file path found: /hdfs/store/user/varuns/Run2018D_Prompt/EGamma/crab_job_EGamma2018Dv2_3v3/190604_144154/0007/Data_EGamma2018Dv2_3v3_7227.root
name: Data_EGamma2018Dv2_3v3_7227.root
filenumber: 13
file path found: /hdfs/store/user/varuns/Run2018D_Prompt/EGamma/crab_job_EGamma2018Dv2_3v3/190604_144154/0007/Data_EGamma2018Dv2_3v3_7228.root
name: Data_EGamma2018Dv2_3v3_7228.root
filenumber: 14
file path found: /hdfs/store/user/varuns/Run2018D_Prompt/EGamma/crab_job_EGamma2018Dv2_3v3/190604_144154/0007/Data_EGamma2018Dv2_3v3_7231.root
name: Data_EGamma2018Dv2_3v3_7231.root
filenumber: 15
file path found: /hdfs/store/user/varuns/Run2018D_Prompt/EGamma/crab_job_EGamma2018Dv2_3v3/190604_144154/0007/Data_EGamma2018Dv2_3v3_7233.root
name: Data_EGamma2018Dv2_3v3_7233.root
filenumber: 16
file path found: /hdfs/store/user/varuns/Run2018D_Prompt/EGamma/crab_job_EGamma2018Dv2_3v3/190604_144154/0007/Data_EGamma2018Dv2_3v3_7234.root
name: Data_EGamma2018Dv2_3v3_7234.root
filenumber: 17
file path found: /hdfs/store/user/varuns/Run2018D_Prompt/EGamma/crab_job_EGamma2018Dv2_3v3/190604_144154/0007/Data_EGamma2018Dv2_3v3_7235.root
name: Data_EGamma2018Dv2_3v3_7235.root
filenumber: 18
file path found: /hdfs/store/user/varuns/Run2018D_Prompt/EGamma/crab_job_EGamma2018Dv2_3v3/190604_144154/0007/Data_EGamma2018Dv2_3v3_7236.root
name: Data_EGamma2018Dv2_3v3_7236.root
filenumber: 19
file path found: /hdfs/store/user/varuns/Run2018D_Prompt/EGamma/crab_job_EGamma2018Dv2_3v3/190604_144154/0007/Data_EGamma2018Dv2_3v3_7578.root
name: Data_EGamma2018Dv2_3v3_7578.root
filenumber: 20
file path found: /hdfs/store/user/varuns/Run2018D_Prompt/EGamma/crab_job_EGamma2018Dv2_3v3/190604_144154/0007/Data_EGamma2018Dv2_3v3_7598.root
name: Data_EGamma2018Dv2_3v3_7598.root
filenumber: 21
file path found: /hdfs/store/user/varuns/Run2018D_Prompt/EGamma/crab_job_EGamma2018Dv2_3v3/190604_144154/0007/Data_EGamma2018Dv2_3v3_7609.root
name: Data_EGamma2018Dv2_3v3_7609.root
filenumber: 22
file path found: /hdfs/store/user/varuns/Run2018D_Prompt/EGamma/crab_job_EGamma2018Dv2_3v3/190604_144154/0007/Data_EGamma2018Dv2_3v3_7610.root
name: Data_EGamma2018Dv2_3v3_7610.root
filenumber: 23
file path found: /hdfs/store/user/varuns/Run2018D_Prompt/EGamma/crab_job_EGamma2018Dv2_3v3/190604_144154/0007/Data_EGamma2018Dv2_3v3_7611.root
name: Data_EGamma2018Dv2_3v3_7611.root
filenumber: 24
file path found: /hdfs/store/user/varuns/Run2018D_Prompt/EGamma/crab_job_EGamma2018Dv2_3v3/190604_144154/0007/Data_EGamma2018Dv2_3v3_7612.root
name: Data_EGamma2018Dv2_3v3_7612.root
filenumber: 25
file path found: /hdfs/store/user/varuns/Run2018D_Prompt/EGamma/crab_job_EGamma2018Dv2_3v3/190604_144154/0007/Data_EGamma2018Dv2_3v3_7613.root
name: Data_EGamma2018Dv2_3v3_7613.root
filenumber: 26
file path found: /hdfs/store/user/varuns/Run2018D_Prompt/EGamma/crab_job_EGamma2018Dv2_3v3/190604_144154/0007/Data_EGamma2018Dv2_3v3_7614.root
name: Data_EGamma2018Dv2_3v3_7614.root
filenumber: 27
file path found: /hdfs/store/user/varuns/Run2018D_Prompt/EGamma/crab_job_EGamma2018Dv2_3v3/190604_144154/0007/Data_EGamma2018Dv2_3v3_7615.root
name: Data_EGamma2018Dv2_3v3_7615.root
filenumber: 28
file path found: /hdfs/store/user/varuns/Run2018D_Prompt/EGamma/crab_job_EGamma2018Dv2_3v3/190604_144154/0007/Data_EGamma2018Dv2_3v3_7616.root
name: Data_EGamma2018Dv2_3v3_7616.root
filenumber: 29
file path found: /hdfs/store/user/varuns/Run2018D_Prompt/EGamma/crab_job_EGamma2018Dv2_3v3/190604_144154/0007/Data_EGamma2018Dv2_3v3_7617.root
name: Data_EGamma2018Dv2_3v3_7617.root
filenumber: 30
file path found: /hdfs/store/user/varuns/Run2018D_Prompt/EGamma/crab_job_EGamma2018Dv2_3v3/190604_144154/0007/Data_EGamma2018Dv2_3v3_7674.root
name: Data_EGamma2018Dv2_3v3_7674.root
filenumber: 31
file path found: /hdfs/store/user/varuns/Run2018D_Prompt/EGamma/crab_job_EGamma2018Dv2_3v3/190604_144154/0007/Data_EGamma2018Dv2_3v3_7682.root
name: Data_EGamma2018Dv2_3v3_7682.root
filenumber: 32
file path found: /hdfs/store/user/varuns/Run2018D_Prompt/EGamma/crab_job_EGamma2018Dv2_3v3/190604_144154/0007/Data_EGamma2018Dv2_3v3_7749.root
name: Data_EGamma2018Dv2_3v3_7749.root
filenumber: 33
file path found: /hdfs/store/user/varuns/Run2018D_Prompt/EGamma/crab_job_EGamma2018Dv2_3v3/190604_144154/0007/Data_EGamma2018Dv2_3v3_7768.root
name: Data_EGamma2018Dv2_3v3_7768.root
filenumber: 34
file path found: /hdfs/store/user/varuns/Run2018D_Prompt/EGamma/crab_job_EGamma2018Dv2_3v3/190604_144154/0007/Data_EGamma2018Dv2_3v3_7769.root
name: Data_EGamma2018Dv2_3v3_7769.root
filenumber: 35
file path found: /hdfs/store/user/varuns/Run2018D_Prompt/EGamma/crab_job_EGamma2018Dv2_3v3/190604_144154/0007/Data_EGamma2018Dv2_3v3_7781.root
name: Data_EGamma2018Dv2_3v3_7781.root
filenumber: 36
file path found: /hdfs/store/user/varuns/Run2018D_Prompt/EGamma/crab_job_EGamma2018Dv2_3v3/190604_144154/0007/Data_EGamma2018Dv2_3v3_7784.root
name: Data_EGamma2018Dv2_3v3_7784.root
filenumber: 37
file path found: /hdfs/store/user/varuns/Run2018D_Prompt/EGamma/crab_job_EGamma2018Dv2_3v3/190604_144154/0007/Data_EGamma2018Dv2_3v3_7799.root
name: Data_EGamma2018Dv2_3v3_7799.root
filenumber: 38
Adding FullPathInputFile to chain:/hdfs/store/user/varuns/Run2018D_Prompt/EGamma/crab_job_EGamma2018Dv2_3v3/190604_144154/0007/Data_EGamma2018Dv2_3v3_7799.root

file path found: /hdfs/store/user/varuns/Run2018D_Prompt/EGamma/crab_job_EGamma2018Dv2_3v3/190604_144154/0007/Data_EGamma2018Dv2_3v3_7800.root
name: Data_EGamma2018Dv2_3v3_7800.root
filenumber: 39
Adding FullPathInputFile to chain:/hdfs/store/user/varuns/Run2018D_Prompt/EGamma/crab_job_EGamma2018Dv2_3v3/190604_144154/0007/Data_EGamma2018Dv2_3v3_7800.root

file path found: /hdfs/store/user/varuns/Run2018D_Prompt/EGamma/crab_job_EGamma2018Dv2_3v3/190604_144154/0007/Data_EGamma2018Dv2_3v3_7809.root
name: Data_EGamma2018Dv2_3v3_7809.root
filenumber: 40
Adding FullPathInputFile to chain:/hdfs/store/user/varuns/Run2018D_Prompt/EGamma/crab_job_EGamma2018Dv2_3v3/190604_144154/0007/Data_EGamma2018Dv2_3v3_7809.root

file path found: /hdfs/store/user/varuns/Run2018D_Prompt/EGamma/crab_job_EGamma2018Dv2_3v3/190604_144154/0007/Data_EGamma2018Dv2_3v3_7814.root
name: Data_EGamma2018Dv2_3v3_7814.root
filenumber: 41
Adding FullPathInputFile to chain:/hdfs/store/user/varuns/Run2018D_Prompt/EGamma/crab_job_EGamma2018Dv2_3v3/190604_144154/0007/Data_EGamma2018Dv2_3v3_7814.root

file path found: /hdfs/store/user/varuns/Run2018D_Prompt/EGamma/crab_job_EGamma2018Dv2_3v3/190604_144154/0007/Data_EGamma2018Dv2_3v3_7830.root
name: Data_EGamma2018Dv2_3v3_7830.root
filenumber: 42
Adding FullPathInputFile to chain:/hdfs/store/user/varuns/Run2018D_Prompt/EGamma/crab_job_EGamma2018Dv2_3v3/190604_144154/0007/Data_EGamma2018Dv2_3v3_7830.root

file path found: /hdfs/store/user/varuns/Run2018D_Prompt/EGamma/crab_job_EGamma2018Dv2_3v3/190604_144154/0007/Data_EGamma2018Dv2_3v3_7831.root
name: Data_EGamma2018Dv2_3v3_7831.root
filenumber: 43
Adding FullPathInputFile to chain:/hdfs/store/user/varuns/Run2018D_Prompt/EGamma/crab_job_EGamma2018Dv2_3v3/190604_144154/0007/Data_EGamma2018Dv2_3v3_7831.root

file path found: /hdfs/store/user/varuns/Run2018D_Prompt/EGamma/crab_job_EGamma2018Dv2_3v3/190604_144154/0007/Data_EGamma2018Dv2_3v3_7833.root
name: Data_EGamma2018Dv2_3v3_7833.root
filenumber: 44
Adding FullPathInputFile to chain:/hdfs/store/user/varuns/Run2018D_Prompt/EGamma/crab_job_EGamma2018Dv2_3v3/190604_144154/0007/Data_EGamma2018Dv2_3v3_7833.root

file path found: /hdfs/store/user/varuns/Run2018D_Prompt/EGamma/crab_job_EGamma2018Dv2_3v3/190604_144154/0007/Data_EGamma2018Dv2_3v3_7835.root
name: Data_EGamma2018Dv2_3v3_7835.root
filenumber: 45
Adding FullPathInputFile to chain:/hdfs/store/user/varuns/Run2018D_Prompt/EGamma/crab_job_EGamma2018Dv2_3v3/190604_144154/0007/Data_EGamma2018Dv2_3v3_7835.root

file path found: /hdfs/store/user/varuns/Run2018D_Prompt/EGamma/crab_job_EGamma2018Dv2_3v3/190604_144154/0007/Data_EGamma2018Dv2_3v3_7839.root
name: Data_EGamma2018Dv2_3v3_7839.root
filenumber: 46
Adding FullPathInputFile to chain:/hdfs/store/user/varuns/Run2018D_Prompt/EGamma/crab_job_EGamma2018Dv2_3v3/190604_144154/0007/Data_EGamma2018Dv2_3v3_7839.root

file path found: /hdfs/store/user/varuns/Run2018D_Prompt/EGamma/crab_job_EGamma2018Dv2_3v3/190604_144154/0007/Data_EGamma2018Dv2_3v3_7841.root
name: Data_EGamma2018Dv2_3v3_7841.root
filenumber: 47
Adding FullPathInputFile to chain:/hdfs/store/user/varuns/Run2018D_Prompt/EGamma/crab_job_EGamma2018Dv2_3v3/190604_144154/0007/Data_EGamma2018Dv2_3v3_7841.root

file path found: /hdfs/store/user/varuns/Run2018D_Prompt/EGamma/crab_job_EGamma2018Dv2_3v3/190604_144154/0007/Data_EGamma2018Dv2_3v3_7842.root
name: Data_EGamma2018Dv2_3v3_7842.root
filenumber: 48
Adding FullPathInputFile to chain:/hdfs/store/user/varuns/Run2018D_Prompt/EGamma/crab_job_EGamma2018Dv2_3v3/190604_144154/0007/Data_EGamma2018Dv2_3v3_7842.root

file path found: /hdfs/store/user/varuns/Run2018D_Prompt/EGamma/crab_job_EGamma2018Dv2_3v3/190604_144154/0007/Data_EGamma2018Dv2_3v3_7843.root
name: Data_EGamma2018Dv2_3v3_7843.root
filenumber: 49
Adding FullPathInputFile to chain:/hdfs/store/user/varuns/Run2018D_Prompt/EGamma/crab_job_EGamma2018Dv2_3v3/190604_144154/0007/Data_EGamma2018Dv2_3v3_7843.root

file path found: /hdfs/store/user/varuns/Run2018D_Prompt/EGamma/crab_job_EGamma2018Dv2_3v3/190604_144154/0007/Data_EGamma2018Dv2_3v3_7844.root
name: Data_EGamma2018Dv2_3v3_7844.root
filenumber: 50
Adding FullPathInputFile to chain:/hdfs/store/user/varuns/Run2018D_Prompt/EGamma/crab_job_EGamma2018Dv2_3v3/190604_144154/0007/Data_EGamma2018Dv2_3v3_7844.root

file path found: /hdfs/store/user/varuns/Run2018D_Prompt/EGamma/crab_job_EGamma2018Dv2_3v3/190604_144154/0007/Data_EGamma2018Dv2_3v3_7847.root
name: Data_EGamma2018Dv2_3v3_7847.root
filenumber: 51
Adding FullPathInputFile to chain:/hdfs/store/user/varuns/Run2018D_Prompt/EGamma/crab_job_EGamma2018Dv2_3v3/190604_144154/0007/Data_EGamma2018Dv2_3v3_7847.root

file path found: /hdfs/store/user/varuns/Run2018D_Prompt/EGamma/crab_job_EGamma2018Dv2_3v3/190604_144154/0007/Data_EGamma2018Dv2_3v3_7848.root
name: Data_EGamma2018Dv2_3v3_7848.root
filenumber: 52
Adding FullPathInputFile to chain:/hdfs/store/user/varuns/Run2018D_Prompt/EGamma/crab_job_EGamma2018Dv2_3v3/190604_144154/0007/Data_EGamma2018Dv2_3v3_7848.root

file path found: /hdfs/store/user/varuns/Run2018D_Prompt/EGamma/crab_job_EGamma2018Dv2_3v3/190604_144154/0007/Data_EGamma2018Dv2_3v3_7849.root
name: Data_EGamma2018Dv2_3v3_7849.root
filenumber: 53
Adding FullPathInputFile to chain:/hdfs/store/user/varuns/Run2018D_Prompt/EGamma/crab_job_EGamma2018Dv2_3v3/190604_144154/0007/Data_EGamma2018Dv2_3v3_7849.root

file path found: /hdfs/store/user/varuns/Run2018D_Prompt/EGamma/crab_job_EGamma2018Dv2_3v3/190604_144154/0007/Data_EGamma2018Dv2_3v3_7850.root
name: Data_EGamma2018Dv2_3v3_7850.root
filenumber: 54
Adding FullPathInputFile to chain:/hdfs/store/user/varuns/Run2018D_Prompt/EGamma/crab_job_EGamma2018Dv2_3v3/190604_144154/0007/Data_EGamma2018Dv2_3v3_7850.root

file path found: /hdfs/store/user/varuns/Run2018D_Prompt/EGamma/crab_job_EGamma2018Dv2_3v3/190604_144154/0007/Data_EGamma2018Dv2_3v3_7851.root
name: Data_EGamma2018Dv2_3v3_7851.root
filenumber: 55
Adding FullPathInputFile to chain:/hdfs/store/user/varuns/Run2018D_Prompt/EGamma/crab_job_EGamma2018Dv2_3v3/190604_144154/0007/Data_EGamma2018Dv2_3v3_7851.root

file path found: /hdfs/store/user/varuns/Run2018D_Prompt/EGamma/crab_job_EGamma2018Dv2_3v3/190604_144154/0007/Data_EGamma2018Dv2_3v3_7852.root
name: Data_EGamma2018Dv2_3v3_7852.root
filenumber: 56
Adding FullPathInputFile to chain:/hdfs/store/user/varuns/Run2018D_Prompt/EGamma/crab_job_EGamma2018Dv2_3v3/190604_144154/0007/Data_EGamma2018Dv2_3v3_7852.root

file path found: /hdfs/store/user/varuns/Run2018D_Prompt/EGamma/crab_job_EGamma2018Dv2_3v3/190604_144154/0007/Data_EGamma2018Dv2_3v3_7853.root
name: Data_EGamma2018Dv2_3v3_7853.root
filenumber: 57
Adding FullPathInputFile to chain:/hdfs/store/user/varuns/Run2018D_Prompt/EGamma/crab_job_EGamma2018Dv2_3v3/190604_144154/0007/Data_EGamma2018Dv2_3v3_7853.root

file path found: /hdfs/store/user/varuns/Run2018D_Prompt/EGamma/crab_job_EGamma2018Dv2_3v3/190604_144154/0007/Data_EGamma2018Dv2_3v3_7854.root
name: Data_EGamma2018Dv2_3v3_7854.root
filenumber: 58
Adding FullPathInputFile to chain:/hdfs/store/user/varuns/Run2018D_Prompt/EGamma/crab_job_EGamma2018Dv2_3v3/190604_144154/0007/Data_EGamma2018Dv2_3v3_7854.root

file path found: /hdfs/store/user/varuns/Run2018D_Prompt/EGamma/crab_job_EGamma2018Dv2_3v3/190604_144154/0007/Data_EGamma2018Dv2_3v3_7855.root
name: Data_EGamma2018Dv2_3v3_7855.root
filenumber: 59
Adding FullPathInputFile to chain:/hdfs/store/user/varuns/Run2018D_Prompt/EGamma/crab_job_EGamma2018Dv2_3v3/190604_144154/0007/Data_EGamma2018Dv2_3v3_7855.root

file path found: /hdfs/store/user/varuns/Run2018D_Prompt/EGamma/crab_job_EGamma2018Dv2_3v3/190604_144154/0007/Data_EGamma2018Dv2_3v3_7856.root
name: Data_EGamma2018Dv2_3v3_7856.root
filenumber: 60
Adding FullPathInputFile to chain:/hdfs/store/user/varuns/Run2018D_Prompt/EGamma/crab_job_EGamma2018Dv2_3v3/190604_144154/0007/Data_EGamma2018Dv2_3v3_7856.root

file path found: /hdfs/store/user/varuns/Run2018D_Prompt/EGamma/crab_job_EGamma2018Dv2_3v3/190604_144154/0007/Data_EGamma2018Dv2_3v3_7858.root
name: Data_EGamma2018Dv2_3v3_7858.root
filenumber: 61
Adding FullPathInputFile to chain:/hdfs/store/user/varuns/Run2018D_Prompt/EGamma/crab_job_EGamma2018Dv2_3v3/190604_144154/0007/Data_EGamma2018Dv2_3v3_7858.root

file path found: /hdfs/store/user/varuns/Run2018D_Prompt/EGamma/crab_job_EGamma2018Dv2_3v3/190604_144154/0007/Data_EGamma2018Dv2_3v3_7859.root
name: Data_EGamma2018Dv2_3v3_7859.root
filenumber: 62
Adding FullPathInputFile to chain:/hdfs/store/user/varuns/Run2018D_Prompt/EGamma/crab_job_EGamma2018Dv2_3v3/190604_144154/0007/Data_EGamma2018Dv2_3v3_7859.root

file path found: /hdfs/store/user/varuns/Run2018D_Prompt/EGamma/crab_job_EGamma2018Dv2_3v3/190604_144154/0007/Data_EGamma2018Dv2_3v3_7860.root
name: Data_EGamma2018Dv2_3v3_7860.root
filenumber: 63
Adding FullPathInputFile to chain:/hdfs/store/user/varuns/Run2018D_Prompt/EGamma/crab_job_EGamma2018Dv2_3v3/190604_144154/0007/Data_EGamma2018Dv2_3v3_7860.root

file path found: /hdfs/store/user/varuns/Run2018D_Prompt/EGamma/crab_job_EGamma2018Dv2_3v3/190604_144154/0007/Data_EGamma2018Dv2_3v3_7861.root
name: Data_EGamma2018Dv2_3v3_7861.root
filenumber: 64
Adding FullPathInputFile to chain:/hdfs/store/user/varuns/Run2018D_Prompt/EGamma/crab_job_EGamma2018Dv2_3v3/190604_144154/0007/Data_EGamma2018Dv2_3v3_7861.root

file path found: /hdfs/store/user/varuns/Run2018D_Prompt/EGamma/crab_job_EGamma2018Dv2_3v3/190604_144154/0007/Data_EGamma2018Dv2_3v3_7863.root
name: Data_EGamma2018Dv2_3v3_7863.root
filenumber: 65
Adding FullPathInputFile to chain:/hdfs/store/user/varuns/Run2018D_Prompt/EGamma/crab_job_EGamma2018Dv2_3v3/190604_144154/0007/Data_EGamma2018Dv2_3v3_7863.root

file path found: /hdfs/store/user/varuns/Run2018D_Prompt/EGamma/crab_job_EGamma2018Dv2_3v3/190604_144154/0007/Data_EGamma2018Dv2_3v3_7864.root
name: Data_EGamma2018Dv2_3v3_7864.root
filenumber: 66
Adding FullPathInputFile to chain:/hdfs/store/user/varuns/Run2018D_Prompt/EGamma/crab_job_EGamma2018Dv2_3v3/190604_144154/0007/Data_EGamma2018Dv2_3v3_7864.root

file path found: /hdfs/store/user/varuns/Run2018D_Prompt/EGamma/crab_job_EGamma2018Dv2_3v3/190604_144154/0007/Data_EGamma2018Dv2_3v3_7865.root
name: Data_EGamma2018Dv2_3v3_7865.root
filenumber: 67
Adding FullPathInputFile to chain:/hdfs/store/user/varuns/Run2018D_Prompt/EGamma/crab_job_EGamma2018Dv2_3v3/190604_144154/0007/Data_EGamma2018Dv2_3v3_7865.root

file path found: /hdfs/store/user/varuns/Run2018D_Prompt/EGamma/crab_job_EGamma2018Dv2_3v3/190604_144154/0007/Data_EGamma2018Dv2_3v3_7866.root
name: Data_EGamma2018Dv2_3v3_7866.root
filenumber: 68
Adding FullPathInputFile to chain:/hdfs/store/user/varuns/Run2018D_Prompt/EGamma/crab_job_EGamma2018Dv2_3v3/190604_144154/0007/Data_EGamma2018Dv2_3v3_7866.root

file path found: /hdfs/store/user/varuns/Run2018D_Prompt/EGamma/crab_job_EGamma2018Dv2_3v3/190604_144154/0007/Data_EGamma2018Dv2_3v3_7867.root
name: Data_EGamma2018Dv2_3v3_7867.root
filenumber: 69
Adding FullPathInputFile to chain:/hdfs/store/user/varuns/Run2018D_Prompt/EGamma/crab_job_EGamma2018Dv2_3v3/190604_144154/0007/Data_EGamma2018Dv2_3v3_7867.root

file path found: /hdfs/store/user/varuns/Run2018D_Prompt/EGamma/crab_job_EGamma2018Dv2_3v3/190604_144154/0007/Data_EGamma2018Dv2_3v3_7868.root
name: Data_EGamma2018Dv2_3v3_7868.root
filenumber: 70
Adding FullPathInputFile to chain:/hdfs/store/user/varuns/Run2018D_Prompt/EGamma/crab_job_EGamma2018Dv2_3v3/190604_144154/0007/Data_EGamma2018Dv2_3v3_7868.root

file path found: /hdfs/store/user/varuns/Run2018D_Prompt/EGamma/crab_job_EGamma2018Dv2_3v3/190604_144154/0007/Data_EGamma2018Dv2_3v3_7870.root
name: Data_EGamma2018Dv2_3v3_7870.root
filenumber: 71
Adding FullPathInputFile to chain:/hdfs/store/user/varuns/Run2018D_Prompt/EGamma/crab_job_EGamma2018Dv2_3v3/190604_144154/0007/Data_EGamma2018Dv2_3v3_7870.root

file path found: /hdfs/store/user/varuns/Run2018D_Prompt/EGamma/crab_job_EGamma2018Dv2_3v3/190604_144154/0007/Data_EGamma2018Dv2_3v3_7871.root
name: Data_EGamma2018Dv2_3v3_7871.root
filenumber: 72
Adding FullPathInputFile to chain:/hdfs/store/user/varuns/Run2018D_Prompt/EGamma/crab_job_EGamma2018Dv2_3v3/190604_144154/0007/Data_EGamma2018Dv2_3v3_7871.root

file path found: /hdfs/store/user/varuns/Run2018D_Prompt/EGamma/crab_job_EGamma2018Dv2_3v3/190604_144154/0007/Data_EGamma2018Dv2_3v3_7873.root
name: Data_EGamma2018Dv2_3v3_7873.root
filenumber: 73
Adding FullPathInputFile to chain:/hdfs/store/user/varuns/Run2018D_Prompt/EGamma/crab_job_EGamma2018Dv2_3v3/190604_144154/0007/Data_EGamma2018Dv2_3v3_7873.root

file path found: /hdfs/store/user/varuns/Run2018D_Prompt/EGamma/crab_job_EGamma2018Dv2_3v3/190604_144154/0007/Data_EGamma2018Dv2_3v3_7874.root
name: Data_EGamma2018Dv2_3v3_7874.root
filenumber: 74
Adding FullPathInputFile to chain:/hdfs/store/user/varuns/Run2018D_Prompt/EGamma/crab_job_EGamma2018Dv2_3v3/190604_144154/0007/Data_EGamma2018Dv2_3v3_7874.root

file path found: /hdfs/store/user/varuns/Run2018D_Prompt/EGamma/crab_job_EGamma2018Dv2_3v3/190604_144154/0007/Data_EGamma2018Dv2_3v3_7875.root
name: Data_EGamma2018Dv2_3v3_7875.root
filenumber: 75
Adding FullPathInputFile to chain:/hdfs/store/user/varuns/Run2018D_Prompt/EGamma/crab_job_EGamma2018Dv2_3v3/190604_144154/0007/Data_EGamma2018Dv2_3v3_7875.root

file path found: /hdfs/store/user/varuns/Run2018D_Prompt/EGamma/crab_job_EGamma2018Dv2_3v3/190604_144154/0007/Data_EGamma2018Dv2_3v3_7876.root
name: Data_EGamma2018Dv2_3v3_7876.root
filenumber: 76
Adding FullPathInputFile to chain:/hdfs/store/user/varuns/Run2018D_Prompt/EGamma/crab_job_EGamma2018Dv2_3v3/190604_144154/0007/Data_EGamma2018Dv2_3v3_7876.root

file path found: /hdfs/store/user/varuns/Run2018D_Prompt/EGamma/crab_job_EGamma2018Dv2_3v3/190604_144154/0007/.
name: .
filenumber: 77
file path found: /hdfs/store/user/varuns/Run2018D_Prompt/EGamma/crab_job_EGamma2018Dv2_3v3/190604_144154/0007/..
name: ..
filenumber: 78
39 files added.
Initializing chain.
Coming in: 
nentries:728176
Running over 728176 events.
Finished entry 0/728175
Finished entry 10000/728175
Finished entry 20000/728175
Finished entry 30000/728175
Finished entry 40000/728175
Finished entry 50000/728175
Finished entry 60000/728175
Finished entry 70000/728175
Finished entry 80000/728175
Finished entry 90000/728175
Finished entry 100000/728175
Finished entry 110000/728175
Finished entry 120000/728175
Finished entry 130000/728175
Finished entry 140000/728175
Finished entry 150000/728175
Finished entry 160000/728175
Finished entry 170000/728175
Finished entry 180000/728175
Finished entry 190000/728175
Finished entry 200000/728175
Finished entry 210000/728175
Finished entry 220000/728175
Finished entry 230000/728175
Finished entry 240000/728175
Finished entry 250000/728175
Finished entry 260000/728175
Finished entry 270000/728175
Finished entry 280000/728175
Finished entry 290000/728175
Finished entry 300000/728175
Finished entry 310000/728175
Finished entry 320000/728175
Finished entry 330000/728175
Finished entry 340000/728175
Finished entry 350000/728175
Finished entry 360000/728175
Finished entry 370000/728175
Finished entry 380000/728175
Finished entry 390000/728175
Finished entry 400000/728175
Finished entry 410000/728175
Finished entry 420000/728175
Finished entry 430000/728175
Finished entry 440000/728175
Finished entry 450000/728175
Finished entry 460000/728175
Finished entry 470000/728175
Finished entry 480000/728175
Finished entry 490000/728175
Finished entry 500000/728175
Finished entry 510000/728175
Finished entry 520000/728175
Finished entry 530000/728175
Finished entry 540000/728175
Finished entry 550000/728175
Finished entry 560000/728175
Finished entry 570000/728175
Finished entry 580000/728175
Finished entry 590000/728175
Finished entry 600000/728175
Finished entry 610000/728175
Finished entry 620000/728175
Finished entry 630000/728175
Finished entry 640000/728175
Finished entry 650000/728175
Finished entry 660000/728175
Finished entry 670000/728175
Finished entry 680000/728175
Finished entry 690000/728175
Finished entry 700000/728175
Finished entry 710000/728175
Finished entry 720000/728175
