000 (691389.014.000) 07/11 11:25:35 Job submitted from host: <144.92.181.245:9618?addrs=144.92.181.245-9618+[2607-f388-101c-1000--372]-9618&noUDP&sock=6179_dbc8_3>
...
001 (691389.014.000) 07/11 11:36:00 Job executing on host: <144.92.181.84:9618?addrs=144.92.181.84-9618+[2607-f388-101c-1000--629]-9618&noUDP&sock=6907_34ba_10>
...
006 (691389.014.000) 07/11 11:36:08 Image size of job updated: 18168
	6  -  MemoryUsage of job (MB)
	5860  -  ResidentSetSize of job (KB)
...
005 (691389.014.000) 07/11 11:43:40 Job terminated.
	(1) Normal termination (return value 0)
		Usr 0 00:00:56, Sys 0 00:00:03  -  Run Remote Usage
		Usr 0 00:00:00, Sys 0 00:00:00  -  Run Local Usage
		Usr 0 00:00:56, Sys 0 00:00:03  -  Total Remote Usage
		Usr 0 00:00:00, Sys 0 00:00:00  -  Total Local Usage
	326258  -  Run Bytes Sent By Job
	306644  -  Run Bytes Received By Job
	326258  -  Total Bytes Sent By Job
	306644  -  Total Bytes Received By Job
	Partitionable Resources :    Usage  Request Allocated
	   Cpus                 :                 1         1
	   Disk (KB)            :  1000000  2048000   4750883
	   Memory (MB)          :        6     1992      1992
...
