000 (690084.004.000) 07/11 07:31:24 Job submitted from host: <144.92.181.245:9618?addrs=144.92.181.245-9618+[2607-f388-101c-1000--372]-9618&noUDP&sock=6179_dbc8_3>
...
001 (690084.004.000) 07/11 08:58:45 Job executing on host: <144.92.181.1:9618?addrs=144.92.181.1-9618+[2607-f388-101c-1000--629]-9618&noUDP&sock=7674_4dde_3>
...
006 (690084.004.000) 07/11 08:58:54 Image size of job updated: 225480
	106  -  MemoryUsage of job (MB)
	107928  -  ResidentSetSize of job (KB)
...
006 (690084.004.000) 07/11 09:16:55 Image size of job updated: 240544
	106  -  MemoryUsage of job (MB)
	107928  -  ResidentSetSize of job (KB)
...
005 (690084.004.000) 07/11 09:16:56 Job terminated.
	(1) Normal termination (return value 0)
		Usr 0 00:02:44, Sys 0 00:00:09  -  Run Remote Usage
		Usr 0 00:00:00, Sys 0 00:00:00  -  Run Local Usage
		Usr 0 00:02:44, Sys 0 00:00:09  -  Total Remote Usage
		Usr 0 00:00:00, Sys 0 00:00:00  -  Total Local Usage
	339960  -  Run Bytes Sent By Job
	302156  -  Run Bytes Received By Job
	339960  -  Total Bytes Sent By Job
	302156  -  Total Bytes Received By Job
	Partitionable Resources :    Usage  Request Allocated
	   Cpus                 :                 1         1
	   Disk (KB)            :  1000000  2048000   7917509
	   Memory (MB)          :      106     1992      1992
...
