000 (690053.014.000) 07/11 07:30:33 Job submitted from host: <144.92.181.245:9618?addrs=144.92.181.245-9618+[2607-f388-101c-1000--372]-9618&noUDP&sock=6179_dbc8_3>
...
001 (690053.014.000) 07/11 08:21:58 Job executing on host: <144.92.181.81:9618?addrs=144.92.181.81-9618+[2607-f388-101c-1000--629]-9618&noUDP&sock=7062_85e8_3>
...
006 (690053.014.000) 07/11 08:22:07 Image size of job updated: 166944
	53  -  MemoryUsage of job (MB)
	53452  -  ResidentSetSize of job (KB)
...
006 (690053.014.000) 07/11 08:32:14 Image size of job updated: 166944
	53  -  MemoryUsage of job (MB)
	53456  -  ResidentSetSize of job (KB)
...
005 (690053.014.000) 07/11 08:32:15 Job terminated.
	(1) Normal termination (return value 0)
		Usr 0 00:02:22, Sys 0 00:00:08  -  Run Remote Usage
		Usr 0 00:00:00, Sys 0 00:00:00  -  Run Local Usage
		Usr 0 00:02:22, Sys 0 00:00:08  -  Total Remote Usage
		Usr 0 00:00:00, Sys 0 00:00:00  -  Total Local Usage
	486441  -  Run Bytes Sent By Job
	302156  -  Run Bytes Received By Job
	486441  -  Total Bytes Sent By Job
	302156  -  Total Bytes Received By Job
	Partitionable Resources :    Usage  Request Allocated
	   Cpus                 :                 1         1
	   Disk (KB)            :  1000000  2048000   4748429
	   Memory (MB)          :       53     1992      1992
...
