000 (690053.002.000) 07/11 07:30:33 Job submitted from host: <144.92.181.245:9618?addrs=144.92.181.245-9618+[2607-f388-101c-1000--372]-9618&noUDP&sock=6179_dbc8_3>
...
001 (690053.002.000) 07/11 08:21:18 Job executing on host: <128.104.227.44:9618?addrs=128.104.227.44-9618+[2607-f388-101c-1000--629]-9618&noUDP&sock=10345_6355_3>
...
006 (690053.002.000) 07/11 08:21:27 Image size of job updated: 167708
	53  -  MemoryUsage of job (MB)
	53564  -  ResidentSetSize of job (KB)
...
005 (690053.002.000) 07/11 08:27:40 Job terminated.
	(1) Normal termination (return value 0)
		Usr 0 00:01:07, Sys 0 00:00:04  -  Run Remote Usage
		Usr 0 00:00:00, Sys 0 00:00:00  -  Run Local Usage
		Usr 0 00:01:07, Sys 0 00:00:04  -  Total Remote Usage
		Usr 0 00:00:00, Sys 0 00:00:00  -  Total Local Usage
	471241  -  Run Bytes Sent By Job
	302156  -  Run Bytes Received By Job
	471241  -  Total Bytes Sent By Job
	302156  -  Total Bytes Received By Job
	Partitionable Resources :    Usage  Request Allocated
	   Cpus                 :                 1         1
	   Disk (KB)            :  1000000  2048000   9499711
	   Memory (MB)          :       53     1992      1992
...
