000 (1262542.003.000) 07/25 12:33:34 Job submitted from host: <144.92.180.28:9618?addrs=144.92.180.28-9618+[2607-f388-101c-1000--370]-9618&noUDP&sock=5187_6dd5_82>
...
001 (1262542.003.000) 07/25 13:12:19 Job executing on host: <144.92.180.238:9618?addrs=144.92.180.238-9618+[2607-f388-101c-1000--629]-9618&noUDP&sock=9940_9779_3>
...
006 (1262542.003.000) 07/25 13:12:27 Image size of job updated: 225824
	106  -  MemoryUsage of job (MB)
	108472  -  ResidentSetSize of job (KB)
...
005 (1262542.003.000) 07/25 13:19:36 Job terminated.
	(1) Normal termination (return value 0)
		Usr 0 00:01:27, Sys 0 00:00:06  -  Run Remote Usage
		Usr 0 00:00:00, Sys 0 00:00:00  -  Run Local Usage
		Usr 0 00:01:27, Sys 0 00:00:06  -  Total Remote Usage
		Usr 0 00:00:00, Sys 0 00:00:00  -  Total Local Usage
	401400  -  Run Bytes Sent By Job
	283691  -  Run Bytes Received By Job
	401400  -  Total Bytes Sent By Job
	283691  -  Total Bytes Received By Job
	Partitionable Resources :    Usage  Request Allocated
	   Cpus                 :                 1         1
	   Disk (KB)            :  1000000  2048000   7917464
	   Memory (MB)          :      106     1992      1992
...
