000 (691492.002.000) 07/11 11:27:56 Job submitted from host: <144.92.181.245:9618?addrs=144.92.181.245-9618+[2607-f388-101c-1000--372]-9618&noUDP&sock=6179_dbc8_3>
...
001 (691492.002.000) 07/11 12:12:29 Job executing on host: <128.104.227.116:9618?addrs=128.104.227.116-9618+[2607-f388-101c-1000--65]-9618&noUDP&sock=11696_0fc7_10>
...
006 (691492.002.000) 07/11 12:12:39 Image size of job updated: 56180
	23  -  MemoryUsage of job (MB)
	23124  -  ResidentSetSize of job (KB)
...
006 (691492.002.000) 07/11 12:32:39 Image size of job updated: 242020
	233  -  MemoryUsage of job (MB)
	238188  -  ResidentSetSize of job (KB)
...
005 (691492.002.000) 07/11 12:41:04 Job terminated.
	(1) Normal termination (return value 0)
		Usr 0 00:01:33, Sys 0 00:00:04  -  Run Remote Usage
		Usr 0 00:00:00, Sys 0 00:00:00  -  Run Local Usage
		Usr 0 00:01:33, Sys 0 00:00:04  -  Total Remote Usage
		Usr 0 00:00:00, Sys 0 00:00:00  -  Total Local Usage
	355019  -  Run Bytes Sent By Job
	306644  -  Run Bytes Received By Job
	355019  -  Total Bytes Sent By Job
	306644  -  Total Bytes Received By Job
	Partitionable Resources :    Usage  Request Allocated
	   Cpus                 :                 1         1
	   Disk (KB)            :  1000000  2048000   9503198
	   Memory (MB)          :      233     1992      1992
...
