000 (696046.000.000) 07/12 06:43:54 Job submitted from host: <144.92.181.245:9618?addrs=144.92.181.245-9618+[2607-f388-101c-1000--372]-9618&noUDP&sock=6179_dbc8_3>
...
001 (695049.000.000) 07/12 07:42:36 Job executing on host: <144.92.180.80:9618?addrs=144.92.180.80-9618+[2607-f388-101c-1000--629]-9618&noUDP&sock=9995_512f_3>
...
006 (695049.000.000) 07/12 07:42:44 Image size of job updated: 125200
	106  -  MemoryUsage of job (MB)
	108500  -  ResidentSetSize of job (KB)
...
006 (695049.000.000) 07/12 08:02:44 Image size of job updated: 250516
	245  -  MemoryUsage of job (MB)
	250516  -  ResidentSetSize of job (KB)
...
006 (695049.000.000) 07/12 08:06:14 Image size of job updated: 250648
	245  -  MemoryUsage of job (MB)
	250516  -  ResidentSetSize of job (KB)
...
005 (695049.000.000) 07/12 08:06:15 Job terminated.
	(1) Normal termination (return value 0)
		Usr 0 00:01:39, Sys 0 00:00:06  -  Run Remote Usage
		Usr 0 00:00:00, Sys 0 00:00:00  -  Run Local Usage
		Usr 0 00:01:39, Sys 0 00:00:06  -  Total Remote Usage
		Usr 0 00:00:00, Sys 0 00:00:00  -  Total Local Usage
	360800  -  Run Bytes Sent By Job
	281287  -  Run Bytes Received By Job
	360800  -  Total Bytes Sent By Job
	281287  -  Total Bytes Received By Job
	Partitionable Resources :    Usage  Request Allocated
	   Cpus                 :                 1         1
	   Disk (KB)            :  1000000  2048000   7917096
	   Memory (MB)          :      245     1992      1992
...
001 (696046.000.000) 07/12 08:40:33 Job executing on host: <128.104.227.39:9618?addrs=128.104.227.39-9618+[2607-f388-101c-1000--629]-9618&noUDP&sock=10345_6355_3>
...
006 (696046.000.000) 07/12 08:40:42 Image size of job updated: 217220
	106  -  MemoryUsage of job (MB)
	108496  -  ResidentSetSize of job (KB)
...
006 (696046.000.000) 07/12 09:00:43 Image size of job updated: 253128
	248  -  MemoryUsage of job (MB)
	253128  -  ResidentSetSize of job (KB)
...
006 (696046.000.000) 07/12 09:06:17 Image size of job updated: 253968
	248  -  MemoryUsage of job (MB)
	253128  -  ResidentSetSize of job (KB)
...
005 (696046.000.000) 07/12 09:06:18 Job terminated.
	(1) Normal termination (return value 0)
		Usr 0 00:02:05, Sys 0 00:00:08  -  Run Remote Usage
		Usr 0 00:00:00, Sys 0 00:00:00  -  Run Local Usage
		Usr 0 00:02:05, Sys 0 00:00:08  -  Total Remote Usage
		Usr 0 00:00:00, Sys 0 00:00:00  -  Total Local Usage
	360800  -  Run Bytes Sent By Job
	281287  -  Run Bytes Received By Job
	360800  -  Total Bytes Sent By Job
	281287  -  Total Bytes Received By Job
	Partitionable Resources :    Usage  Request Allocated
	   Cpus                 :                 1         1
	   Disk (KB)            :  1000000  2048000   9500277
	   Memory (MB)          :      248     1992      1992
...
