000 (696046.012.000) 07/12 06:43:54 Job submitted from host: <144.92.181.245:9618?addrs=144.92.181.245-9618+[2607-f388-101c-1000--372]-9618&noUDP&sock=6179_dbc8_3>
...
001 (695049.012.000) 07/12 07:42:36 Job executing on host: <144.92.180.253:9618?addrs=144.92.180.253-9618+[2607-f388-101c-1000--629]-9618&noUDP&sock=7687_3899_3>
...
006 (695049.012.000) 07/12 07:42:45 Image size of job updated: 110476
	106  -  MemoryUsage of job (MB)
	108496  -  ResidentSetSize of job (KB)
...
006 (695049.012.000) 07/12 08:02:46 Image size of job updated: 255528
	249  -  MemoryUsage of job (MB)
	254060  -  ResidentSetSize of job (KB)
...
005 (695049.012.000) 07/12 08:02:57 Job terminated.
	(1) Normal termination (return value 0)
		Usr 0 00:02:10, Sys 0 00:00:06  -  Run Remote Usage
		Usr 0 00:00:00, Sys 0 00:00:00  -  Run Local Usage
		Usr 0 00:02:10, Sys 0 00:00:06  -  Total Remote Usage
		Usr 0 00:00:00, Sys 0 00:00:00  -  Total Local Usage
	359977  -  Run Bytes Sent By Job
	281287  -  Run Bytes Received By Job
	359977  -  Total Bytes Sent By Job
	281287  -  Total Bytes Received By Job
	Partitionable Resources :    Usage  Request Allocated
	   Cpus                 :                 1         1
	   Disk (KB)            :  1000000  2048000   7918470
	   Memory (MB)          :      249     1992      1992
...
001 (696046.012.000) 07/12 08:41:19 Job executing on host: <144.92.180.158:9618?addrs=144.92.180.158-9618+[2607-f388-101c-1000--629]-9618&noUDP&sock=7713_0e10_3>
...
006 (696046.012.000) 07/12 08:41:27 Image size of job updated: 217380
	106  -  MemoryUsage of job (MB)
	108496  -  ResidentSetSize of job (KB)
...
006 (696046.012.000) 07/12 09:01:27 Image size of job updated: 252348
	246  -  MemoryUsage of job (MB)
	251556  -  ResidentSetSize of job (KB)
...
005 (696046.012.000) 07/12 09:03:11 Job terminated.
	(1) Normal termination (return value 0)
		Usr 0 00:02:02, Sys 0 00:00:06  -  Run Remote Usage
		Usr 0 00:00:00, Sys 0 00:00:00  -  Run Local Usage
		Usr 0 00:02:02, Sys 0 00:00:06  -  Total Remote Usage
		Usr 0 00:00:00, Sys 0 00:00:00  -  Total Local Usage
	359977  -  Run Bytes Sent By Job
	281287  -  Run Bytes Received By Job
	359977  -  Total Bytes Sent By Job
	281287  -  Total Bytes Received By Job
	Partitionable Resources :    Usage  Request Allocated
	   Cpus                 :                 1         1
	   Disk (KB)            :  1000000  2048000   7917624
	   Memory (MB)          :      246     1992      1992
...
