000 (690150.010.000) 07/11 07:33:02 Job submitted from host: <144.92.181.245:9618?addrs=144.92.181.245-9618+[2607-f388-101c-1000--372]-9618&noUDP&sock=6179_dbc8_3>
...
001 (690150.010.000) 07/11 09:51:05 Job executing on host: <144.92.181.188:9618?addrs=144.92.181.188-9618+[2607-f388-101c-1000--146]-9618&noUDP&sock=4877_cb79_3>
...
006 (690150.010.000) 07/11 09:51:14 Image size of job updated: 228160
	106  -  MemoryUsage of job (MB)
	107960  -  ResidentSetSize of job (KB)
...
005 (690150.010.000) 07/11 10:08:46 Job terminated.
	(1) Normal termination (return value 0)
		Usr 0 00:01:50, Sys 0 00:00:10  -  Run Remote Usage
		Usr 0 00:00:00, Sys 0 00:00:00  -  Run Local Usage
		Usr 0 00:01:50, Sys 0 00:00:10  -  Total Remote Usage
		Usr 0 00:00:00, Sys 0 00:00:00  -  Total Local Usage
	417715  -  Run Bytes Sent By Job
	302156  -  Run Bytes Received By Job
	417715  -  Total Bytes Sent By Job
	302156  -  Total Bytes Received By Job
	Partitionable Resources :    Usage  Request Allocated
	   Cpus                 :                 1         1
	   Disk (KB)            :  1000000  2048000   3166350
	   Memory (MB)          :      106     1992      1992
...
