000 (690150.005.000) 07/11 07:33:02 Job submitted from host: <144.92.181.245:9618?addrs=144.92.181.245-9618+[2607-f388-101c-1000--372]-9618&noUDP&sock=6179_dbc8_3>
...
001 (690150.005.000) 07/11 09:50:50 Job executing on host: <144.92.180.19:9618?addrs=144.92.180.19-9618+[2607-f388-101c-1000--629]-9618&noUDP&sock=10082_fdec_3>
...
006 (690150.005.000) 07/11 09:50:58 Image size of job updated: 170004
	53  -  MemoryUsage of job (MB)
	53680  -  ResidentSetSize of job (KB)
...
005 (690150.005.000) 07/11 10:06:26 Job terminated.
	(1) Normal termination (return value 0)
		Usr 0 00:02:17, Sys 0 00:00:06  -  Run Remote Usage
		Usr 0 00:00:00, Sys 0 00:00:00  -  Run Local Usage
		Usr 0 00:02:17, Sys 0 00:00:06  -  Total Remote Usage
		Usr 0 00:00:00, Sys 0 00:00:00  -  Total Local Usage
	411683  -  Run Bytes Sent By Job
	302156  -  Run Bytes Received By Job
	411683  -  Total Bytes Sent By Job
	302156  -  Total Bytes Received By Job
	Partitionable Resources :    Usage  Request Allocated
	   Cpus                 :                 1         1
	   Disk (KB)            :  1000000  2048000   7916931
	   Memory (MB)          :       53     1992      1992
...
