000 (690150.008.000) 07/11 07:33:02 Job submitted from host: <144.92.181.245:9618?addrs=144.92.181.245-9618+[2607-f388-101c-1000--372]-9618&noUDP&sock=6179_dbc8_3>
...
001 (690150.008.000) 07/11 09:51:01 Job executing on host: <144.92.181.200:9618?addrs=144.92.181.200-9618+[2607-f388-101c-1000--629]-9618&noUDP&sock=6744_66ca_3>
...
006 (690150.008.000) 07/11 09:51:09 Image size of job updated: 168432
	53  -  MemoryUsage of job (MB)
	53584  -  ResidentSetSize of job (KB)
...
006 (690150.008.000) 07/11 10:11:09 Image size of job updated: 240896
	233  -  MemoryUsage of job (MB)
	237824  -  ResidentSetSize of job (KB)
...
005 (690150.008.000) 07/11 10:16:47 Job terminated.
	(1) Normal termination (return value 0)
		Usr 0 00:04:37, Sys 0 00:00:14  -  Run Remote Usage
		Usr 0 00:00:00, Sys 0 00:00:00  -  Run Local Usage
		Usr 0 00:04:37, Sys 0 00:00:14  -  Total Remote Usage
		Usr 0 00:00:00, Sys 0 00:00:00  -  Total Local Usage
	412750  -  Run Bytes Sent By Job
	302156  -  Run Bytes Received By Job
	412750  -  Total Bytes Sent By Job
	302156  -  Total Bytes Received By Job
	Partitionable Resources :    Usage  Request Allocated
	   Cpus                 :                 1         1
	   Disk (KB)            :  1000000  2048000   3166862
	   Memory (MB)          :      233     1992      1992
...
