000 (691437.000.000) 07/11 11:26:39 Job submitted from host: <144.92.181.245:9618?addrs=144.92.181.245-9618+[2607-f388-101c-1000--372]-9618&noUDP&sock=6179_dbc8_3>
...
001 (691437.000.000) 07/11 11:48:14 Job executing on host: <128.104.227.69:9618?addrs=128.104.227.69-9618+[2607-f388-101c-1000--629]-9618&noUDP&sock=10294_6800_3>
...
006 (691437.000.000) 07/11 11:48:23 Image size of job updated: 216600
	106  -  MemoryUsage of job (MB)
	108168  -  ResidentSetSize of job (KB)
...
006 (691437.000.000) 07/11 12:08:24 Image size of job updated: 250468
	244  -  MemoryUsage of job (MB)
	249236  -  ResidentSetSize of job (KB)
...
005 (691437.000.000) 07/11 12:21:23 Job terminated.
	(1) Normal termination (return value 0)
		Usr 0 00:01:59, Sys 0 00:00:06  -  Run Remote Usage
		Usr 0 00:00:00, Sys 0 00:00:00  -  Run Local Usage
		Usr 0 00:01:59, Sys 0 00:00:06  -  Total Remote Usage
		Usr 0 00:00:00, Sys 0 00:00:00  -  Total Local Usage
	238961  -  Run Bytes Sent By Job
	306644  -  Run Bytes Received By Job
	238961  -  Total Bytes Sent By Job
	306644  -  Total Bytes Received By Job
	Partitionable Resources :    Usage  Request Allocated
	   Cpus                 :                 1         1
	   Disk (KB)            :  1000000  2048000   9500184
	   Memory (MB)          :      244     1992      1992
...
