file path found: /hdfs/store/user/varuns/Run2018D_Prompt/EGamma/crab_job_EGamma2018Dv2_2/190526_233615/0008/Data_EGamma2018Dv2_2_8010.root
name: Data_EGamma2018Dv2_2_8010.root
filenumber: 0
Adding FullPathInputFile to chain:/hdfs/store/user/varuns/Run2018D_Prompt/EGamma/crab_job_EGamma2018Dv2_2/190526_233615/0008/Data_EGamma2018Dv2_2_8010.root

file path found: /hdfs/store/user/varuns/Run2018D_Prompt/EGamma/crab_job_EGamma2018Dv2_2/190526_233615/0008/Data_EGamma2018Dv2_2_8116.root
name: Data_EGamma2018Dv2_2_8116.root
filenumber: 1
Adding FullPathInputFile to chain:/hdfs/store/user/varuns/Run2018D_Prompt/EGamma/crab_job_EGamma2018Dv2_2/190526_233615/0008/Data_EGamma2018Dv2_2_8116.root

file path found: /hdfs/store/user/varuns/Run2018D_Prompt/EGamma/crab_job_EGamma2018Dv2_2/190526_233615/0008/Data_EGamma2018Dv2_2_8117.root
name: Data_EGamma2018Dv2_2_8117.root
filenumber: 2
Adding FullPathInputFile to chain:/hdfs/store/user/varuns/Run2018D_Prompt/EGamma/crab_job_EGamma2018Dv2_2/190526_233615/0008/Data_EGamma2018Dv2_2_8117.root

file path found: /hdfs/store/user/varuns/Run2018D_Prompt/EGamma/crab_job_EGamma2018Dv2_2/190526_233615/0008/Data_EGamma2018Dv2_2_8118.root
name: Data_EGamma2018Dv2_2_8118.root
filenumber: 3
Adding FullPathInputFile to chain:/hdfs/store/user/varuns/Run2018D_Prompt/EGamma/crab_job_EGamma2018Dv2_2/190526_233615/0008/Data_EGamma2018Dv2_2_8118.root

file path found: /hdfs/store/user/varuns/Run2018D_Prompt/EGamma/crab_job_EGamma2018Dv2_2/190526_233615/0008/Data_EGamma2018Dv2_2_8314.root
name: Data_EGamma2018Dv2_2_8314.root
filenumber: 4
Adding FullPathInputFile to chain:/hdfs/store/user/varuns/Run2018D_Prompt/EGamma/crab_job_EGamma2018Dv2_2/190526_233615/0008/Data_EGamma2018Dv2_2_8314.root

file path found: /hdfs/store/user/varuns/Run2018D_Prompt/EGamma/crab_job_EGamma2018Dv2_2/190526_233615/0008/Data_EGamma2018Dv2_2_8315.root
name: Data_EGamma2018Dv2_2_8315.root
filenumber: 5
Adding FullPathInputFile to chain:/hdfs/store/user/varuns/Run2018D_Prompt/EGamma/crab_job_EGamma2018Dv2_2/190526_233615/0008/Data_EGamma2018Dv2_2_8315.root

file path found: /hdfs/store/user/varuns/Run2018D_Prompt/EGamma/crab_job_EGamma2018Dv2_2/190526_233615/0008/Data_EGamma2018Dv2_2_8316.root
name: Data_EGamma2018Dv2_2_8316.root
filenumber: 6
Adding FullPathInputFile to chain:/hdfs/store/user/varuns/Run2018D_Prompt/EGamma/crab_job_EGamma2018Dv2_2/190526_233615/0008/Data_EGamma2018Dv2_2_8316.root

file path found: /hdfs/store/user/varuns/Run2018D_Prompt/EGamma/crab_job_EGamma2018Dv2_2/190526_233615/0008/Data_EGamma2018Dv2_2_8317.root
name: Data_EGamma2018Dv2_2_8317.root
filenumber: 7
Adding FullPathInputFile to chain:/hdfs/store/user/varuns/Run2018D_Prompt/EGamma/crab_job_EGamma2018Dv2_2/190526_233615/0008/Data_EGamma2018Dv2_2_8317.root

file path found: /hdfs/store/user/varuns/Run2018D_Prompt/EGamma/crab_job_EGamma2018Dv2_2/190526_233615/0008/Data_EGamma2018Dv2_2_8327.root
name: Data_EGamma2018Dv2_2_8327.root
filenumber: 8
Adding FullPathInputFile to chain:/hdfs/store/user/varuns/Run2018D_Prompt/EGamma/crab_job_EGamma2018Dv2_2/190526_233615/0008/Data_EGamma2018Dv2_2_8327.root

file path found: /hdfs/store/user/varuns/Run2018D_Prompt/EGamma/crab_job_EGamma2018Dv2_2/190526_233615/0008/Data_EGamma2018Dv2_2_8328.root
name: Data_EGamma2018Dv2_2_8328.root
filenumber: 9
Adding FullPathInputFile to chain:/hdfs/store/user/varuns/Run2018D_Prompt/EGamma/crab_job_EGamma2018Dv2_2/190526_233615/0008/Data_EGamma2018Dv2_2_8328.root

file path found: /hdfs/store/user/varuns/Run2018D_Prompt/EGamma/crab_job_EGamma2018Dv2_2/190526_233615/0008/Data_EGamma2018Dv2_2_8329.root
name: Data_EGamma2018Dv2_2_8329.root
filenumber: 10
Adding FullPathInputFile to chain:/hdfs/store/user/varuns/Run2018D_Prompt/EGamma/crab_job_EGamma2018Dv2_2/190526_233615/0008/Data_EGamma2018Dv2_2_8329.root

file path found: /hdfs/store/user/varuns/Run2018D_Prompt/EGamma/crab_job_EGamma2018Dv2_2/190526_233615/0008/Data_EGamma2018Dv2_2_8334.root
name: Data_EGamma2018Dv2_2_8334.root
filenumber: 11
Adding FullPathInputFile to chain:/hdfs/store/user/varuns/Run2018D_Prompt/EGamma/crab_job_EGamma2018Dv2_2/190526_233615/0008/Data_EGamma2018Dv2_2_8334.root

file path found: /hdfs/store/user/varuns/Run2018D_Prompt/EGamma/crab_job_EGamma2018Dv2_2/190526_233615/0008/Data_EGamma2018Dv2_2_8337.root
name: Data_EGamma2018Dv2_2_8337.root
filenumber: 12
Adding FullPathInputFile to chain:/hdfs/store/user/varuns/Run2018D_Prompt/EGamma/crab_job_EGamma2018Dv2_2/190526_233615/0008/Data_EGamma2018Dv2_2_8337.root

file path found: /hdfs/store/user/varuns/Run2018D_Prompt/EGamma/crab_job_EGamma2018Dv2_2/190526_233615/0008/Data_EGamma2018Dv2_2_8338.root
name: Data_EGamma2018Dv2_2_8338.root
filenumber: 13
Adding FullPathInputFile to chain:/hdfs/store/user/varuns/Run2018D_Prompt/EGamma/crab_job_EGamma2018Dv2_2/190526_233615/0008/Data_EGamma2018Dv2_2_8338.root

file path found: /hdfs/store/user/varuns/Run2018D_Prompt/EGamma/crab_job_EGamma2018Dv2_2/190526_233615/0008/Data_EGamma2018Dv2_2_8340.root
name: Data_EGamma2018Dv2_2_8340.root
filenumber: 14
Adding FullPathInputFile to chain:/hdfs/store/user/varuns/Run2018D_Prompt/EGamma/crab_job_EGamma2018Dv2_2/190526_233615/0008/Data_EGamma2018Dv2_2_8340.root

file path found: /hdfs/store/user/varuns/Run2018D_Prompt/EGamma/crab_job_EGamma2018Dv2_2/190526_233615/0008/Data_EGamma2018Dv2_2_8341.root
name: Data_EGamma2018Dv2_2_8341.root
filenumber: 15
Adding FullPathInputFile to chain:/hdfs/store/user/varuns/Run2018D_Prompt/EGamma/crab_job_EGamma2018Dv2_2/190526_233615/0008/Data_EGamma2018Dv2_2_8341.root

file path found: /hdfs/store/user/varuns/Run2018D_Prompt/EGamma/crab_job_EGamma2018Dv2_2/190526_233615/0008/Data_EGamma2018Dv2_2_8367.root
name: Data_EGamma2018Dv2_2_8367.root
filenumber: 16
Adding FullPathInputFile to chain:/hdfs/store/user/varuns/Run2018D_Prompt/EGamma/crab_job_EGamma2018Dv2_2/190526_233615/0008/Data_EGamma2018Dv2_2_8367.root

file path found: /hdfs/store/user/varuns/Run2018D_Prompt/EGamma/crab_job_EGamma2018Dv2_2/190526_233615/0008/Data_EGamma2018Dv2_2_8404.root
name: Data_EGamma2018Dv2_2_8404.root
filenumber: 17
Adding FullPathInputFile to chain:/hdfs/store/user/varuns/Run2018D_Prompt/EGamma/crab_job_EGamma2018Dv2_2/190526_233615/0008/Data_EGamma2018Dv2_2_8404.root

file path found: /hdfs/store/user/varuns/Run2018D_Prompt/EGamma/crab_job_EGamma2018Dv2_2/190526_233615/0008/Data_EGamma2018Dv2_2_8427.root
name: Data_EGamma2018Dv2_2_8427.root
filenumber: 18
Adding FullPathInputFile to chain:/hdfs/store/user/varuns/Run2018D_Prompt/EGamma/crab_job_EGamma2018Dv2_2/190526_233615/0008/Data_EGamma2018Dv2_2_8427.root

file path found: /hdfs/store/user/varuns/Run2018D_Prompt/EGamma/crab_job_EGamma2018Dv2_2/190526_233615/0008/Data_EGamma2018Dv2_2_8460.root
name: Data_EGamma2018Dv2_2_8460.root
filenumber: 19
Adding FullPathInputFile to chain:/hdfs/store/user/varuns/Run2018D_Prompt/EGamma/crab_job_EGamma2018Dv2_2/190526_233615/0008/Data_EGamma2018Dv2_2_8460.root

file path found: /hdfs/store/user/varuns/Run2018D_Prompt/EGamma/crab_job_EGamma2018Dv2_2/190526_233615/0008/Data_EGamma2018Dv2_2_8482.root
name: Data_EGamma2018Dv2_2_8482.root
filenumber: 20
Adding FullPathInputFile to chain:/hdfs/store/user/varuns/Run2018D_Prompt/EGamma/crab_job_EGamma2018Dv2_2/190526_233615/0008/Data_EGamma2018Dv2_2_8482.root

file path found: /hdfs/store/user/varuns/Run2018D_Prompt/EGamma/crab_job_EGamma2018Dv2_2/190526_233615/0008/Data_EGamma2018Dv2_2_8486.root
name: Data_EGamma2018Dv2_2_8486.root
filenumber: 21
Adding FullPathInputFile to chain:/hdfs/store/user/varuns/Run2018D_Prompt/EGamma/crab_job_EGamma2018Dv2_2/190526_233615/0008/Data_EGamma2018Dv2_2_8486.root

file path found: /hdfs/store/user/varuns/Run2018D_Prompt/EGamma/crab_job_EGamma2018Dv2_2/190526_233615/0008/Data_EGamma2018Dv2_2_8488.root
name: Data_EGamma2018Dv2_2_8488.root
filenumber: 22
Adding FullPathInputFile to chain:/hdfs/store/user/varuns/Run2018D_Prompt/EGamma/crab_job_EGamma2018Dv2_2/190526_233615/0008/Data_EGamma2018Dv2_2_8488.root

file path found: /hdfs/store/user/varuns/Run2018D_Prompt/EGamma/crab_job_EGamma2018Dv2_2/190526_233615/0008/Data_EGamma2018Dv2_2_8489.root
name: Data_EGamma2018Dv2_2_8489.root
filenumber: 23
Adding FullPathInputFile to chain:/hdfs/store/user/varuns/Run2018D_Prompt/EGamma/crab_job_EGamma2018Dv2_2/190526_233615/0008/Data_EGamma2018Dv2_2_8489.root

file path found: /hdfs/store/user/varuns/Run2018D_Prompt/EGamma/crab_job_EGamma2018Dv2_2/190526_233615/0008/Data_EGamma2018Dv2_2_8490.root
name: Data_EGamma2018Dv2_2_8490.root
filenumber: 24
Adding FullPathInputFile to chain:/hdfs/store/user/varuns/Run2018D_Prompt/EGamma/crab_job_EGamma2018Dv2_2/190526_233615/0008/Data_EGamma2018Dv2_2_8490.root

file path found: /hdfs/store/user/varuns/Run2018D_Prompt/EGamma/crab_job_EGamma2018Dv2_2/190526_233615/0008/Data_EGamma2018Dv2_2_8492.root
name: Data_EGamma2018Dv2_2_8492.root
filenumber: 25
Adding FullPathInputFile to chain:/hdfs/store/user/varuns/Run2018D_Prompt/EGamma/crab_job_EGamma2018Dv2_2/190526_233615/0008/Data_EGamma2018Dv2_2_8492.root

file path found: /hdfs/store/user/varuns/Run2018D_Prompt/EGamma/crab_job_EGamma2018Dv2_2/190526_233615/0008/Data_EGamma2018Dv2_2_8493.root
name: Data_EGamma2018Dv2_2_8493.root
filenumber: 26
Adding FullPathInputFile to chain:/hdfs/store/user/varuns/Run2018D_Prompt/EGamma/crab_job_EGamma2018Dv2_2/190526_233615/0008/Data_EGamma2018Dv2_2_8493.root

file path found: /hdfs/store/user/varuns/Run2018D_Prompt/EGamma/crab_job_EGamma2018Dv2_2/190526_233615/0008/Data_EGamma2018Dv2_2_8496.root
name: Data_EGamma2018Dv2_2_8496.root
filenumber: 27
Adding FullPathInputFile to chain:/hdfs/store/user/varuns/Run2018D_Prompt/EGamma/crab_job_EGamma2018Dv2_2/190526_233615/0008/Data_EGamma2018Dv2_2_8496.root

file path found: /hdfs/store/user/varuns/Run2018D_Prompt/EGamma/crab_job_EGamma2018Dv2_2/190526_233615/0008/Data_EGamma2018Dv2_2_8501.root
name: Data_EGamma2018Dv2_2_8501.root
filenumber: 28
Adding FullPathInputFile to chain:/hdfs/store/user/varuns/Run2018D_Prompt/EGamma/crab_job_EGamma2018Dv2_2/190526_233615/0008/Data_EGamma2018Dv2_2_8501.root

file path found: /hdfs/store/user/varuns/Run2018D_Prompt/EGamma/crab_job_EGamma2018Dv2_2/190526_233615/0008/Data_EGamma2018Dv2_2_8504.root
name: Data_EGamma2018Dv2_2_8504.root
filenumber: 29
Adding FullPathInputFile to chain:/hdfs/store/user/varuns/Run2018D_Prompt/EGamma/crab_job_EGamma2018Dv2_2/190526_233615/0008/Data_EGamma2018Dv2_2_8504.root

file path found: /hdfs/store/user/varuns/Run2018D_Prompt/EGamma/crab_job_EGamma2018Dv2_2/190526_233615/0008/Data_EGamma2018Dv2_2_8506.root
name: Data_EGamma2018Dv2_2_8506.root
filenumber: 30
Adding FullPathInputFile to chain:/hdfs/store/user/varuns/Run2018D_Prompt/EGamma/crab_job_EGamma2018Dv2_2/190526_233615/0008/Data_EGamma2018Dv2_2_8506.root

file path found: /hdfs/store/user/varuns/Run2018D_Prompt/EGamma/crab_job_EGamma2018Dv2_2/190526_233615/0008/Data_EGamma2018Dv2_2_8507.root
name: Data_EGamma2018Dv2_2_8507.root
filenumber: 31
Adding FullPathInputFile to chain:/hdfs/store/user/varuns/Run2018D_Prompt/EGamma/crab_job_EGamma2018Dv2_2/190526_233615/0008/Data_EGamma2018Dv2_2_8507.root

file path found: /hdfs/store/user/varuns/Run2018D_Prompt/EGamma/crab_job_EGamma2018Dv2_2/190526_233615/0008/Data_EGamma2018Dv2_2_8508.root
name: Data_EGamma2018Dv2_2_8508.root
filenumber: 32
Adding FullPathInputFile to chain:/hdfs/store/user/varuns/Run2018D_Prompt/EGamma/crab_job_EGamma2018Dv2_2/190526_233615/0008/Data_EGamma2018Dv2_2_8508.root

file path found: /hdfs/store/user/varuns/Run2018D_Prompt/EGamma/crab_job_EGamma2018Dv2_2/190526_233615/0008/Data_EGamma2018Dv2_2_8509.root
name: Data_EGamma2018Dv2_2_8509.root
filenumber: 33
Adding FullPathInputFile to chain:/hdfs/store/user/varuns/Run2018D_Prompt/EGamma/crab_job_EGamma2018Dv2_2/190526_233615/0008/Data_EGamma2018Dv2_2_8509.root

file path found: /hdfs/store/user/varuns/Run2018D_Prompt/EGamma/crab_job_EGamma2018Dv2_2/190526_233615/0008/Data_EGamma2018Dv2_2_8510.root
name: Data_EGamma2018Dv2_2_8510.root
filenumber: 34
Adding FullPathInputFile to chain:/hdfs/store/user/varuns/Run2018D_Prompt/EGamma/crab_job_EGamma2018Dv2_2/190526_233615/0008/Data_EGamma2018Dv2_2_8510.root

file path found: /hdfs/store/user/varuns/Run2018D_Prompt/EGamma/crab_job_EGamma2018Dv2_2/190526_233615/0008/Data_EGamma2018Dv2_2_8511.root
name: Data_EGamma2018Dv2_2_8511.root
filenumber: 35
Adding FullPathInputFile to chain:/hdfs/store/user/varuns/Run2018D_Prompt/EGamma/crab_job_EGamma2018Dv2_2/190526_233615/0008/Data_EGamma2018Dv2_2_8511.root

file path found: /hdfs/store/user/varuns/Run2018D_Prompt/EGamma/crab_job_EGamma2018Dv2_2/190526_233615/0008/Data_EGamma2018Dv2_2_8512.root
name: Data_EGamma2018Dv2_2_8512.root
filenumber: 36
Adding FullPathInputFile to chain:/hdfs/store/user/varuns/Run2018D_Prompt/EGamma/crab_job_EGamma2018Dv2_2/190526_233615/0008/Data_EGamma2018Dv2_2_8512.root

file path found: /hdfs/store/user/varuns/Run2018D_Prompt/EGamma/crab_job_EGamma2018Dv2_2/190526_233615/0008/Data_EGamma2018Dv2_2_8514.root
name: Data_EGamma2018Dv2_2_8514.root
filenumber: 37
Adding FullPathInputFile to chain:/hdfs/store/user/varuns/Run2018D_Prompt/EGamma/crab_job_EGamma2018Dv2_2/190526_233615/0008/Data_EGamma2018Dv2_2_8514.root

file path found: /hdfs/store/user/varuns/Run2018D_Prompt/EGamma/crab_job_EGamma2018Dv2_2/190526_233615/0008/Data_EGamma2018Dv2_2_8515.root
name: Data_EGamma2018Dv2_2_8515.root
filenumber: 38
Adding FullPathInputFile to chain:/hdfs/store/user/varuns/Run2018D_Prompt/EGamma/crab_job_EGamma2018Dv2_2/190526_233615/0008/Data_EGamma2018Dv2_2_8515.root

file path found: /hdfs/store/user/varuns/Run2018D_Prompt/EGamma/crab_job_EGamma2018Dv2_2/190526_233615/0008/Data_EGamma2018Dv2_2_8516.root
name: Data_EGamma2018Dv2_2_8516.root
filenumber: 39
Adding FullPathInputFile to chain:/hdfs/store/user/varuns/Run2018D_Prompt/EGamma/crab_job_EGamma2018Dv2_2/190526_233615/0008/Data_EGamma2018Dv2_2_8516.root

file path found: /hdfs/store/user/varuns/Run2018D_Prompt/EGamma/crab_job_EGamma2018Dv2_2/190526_233615/0008/Data_EGamma2018Dv2_2_8517.root
name: Data_EGamma2018Dv2_2_8517.root
filenumber: 40
Adding FullPathInputFile to chain:/hdfs/store/user/varuns/Run2018D_Prompt/EGamma/crab_job_EGamma2018Dv2_2/190526_233615/0008/Data_EGamma2018Dv2_2_8517.root

file path found: /hdfs/store/user/varuns/Run2018D_Prompt/EGamma/crab_job_EGamma2018Dv2_2/190526_233615/0008/Data_EGamma2018Dv2_2_8518.root
name: Data_EGamma2018Dv2_2_8518.root
filenumber: 41
Adding FullPathInputFile to chain:/hdfs/store/user/varuns/Run2018D_Prompt/EGamma/crab_job_EGamma2018Dv2_2/190526_233615/0008/Data_EGamma2018Dv2_2_8518.root

file path found: /hdfs/store/user/varuns/Run2018D_Prompt/EGamma/crab_job_EGamma2018Dv2_2/190526_233615/0008/Data_EGamma2018Dv2_2_8519.root
name: Data_EGamma2018Dv2_2_8519.root
filenumber: 42
Adding FullPathInputFile to chain:/hdfs/store/user/varuns/Run2018D_Prompt/EGamma/crab_job_EGamma2018Dv2_2/190526_233615/0008/Data_EGamma2018Dv2_2_8519.root

file path found: /hdfs/store/user/varuns/Run2018D_Prompt/EGamma/crab_job_EGamma2018Dv2_2/190526_233615/0008/Data_EGamma2018Dv2_2_8520.root
name: Data_EGamma2018Dv2_2_8520.root
filenumber: 43
Adding FullPathInputFile to chain:/hdfs/store/user/varuns/Run2018D_Prompt/EGamma/crab_job_EGamma2018Dv2_2/190526_233615/0008/Data_EGamma2018Dv2_2_8520.root

file path found: /hdfs/store/user/varuns/Run2018D_Prompt/EGamma/crab_job_EGamma2018Dv2_2/190526_233615/0008/Data_EGamma2018Dv2_2_8521.root
name: Data_EGamma2018Dv2_2_8521.root
filenumber: 44
Adding FullPathInputFile to chain:/hdfs/store/user/varuns/Run2018D_Prompt/EGamma/crab_job_EGamma2018Dv2_2/190526_233615/0008/Data_EGamma2018Dv2_2_8521.root

file path found: /hdfs/store/user/varuns/Run2018D_Prompt/EGamma/crab_job_EGamma2018Dv2_2/190526_233615/0008/Data_EGamma2018Dv2_2_8522.root
name: Data_EGamma2018Dv2_2_8522.root
filenumber: 45
Adding FullPathInputFile to chain:/hdfs/store/user/varuns/Run2018D_Prompt/EGamma/crab_job_EGamma2018Dv2_2/190526_233615/0008/Data_EGamma2018Dv2_2_8522.root

file path found: /hdfs/store/user/varuns/Run2018D_Prompt/EGamma/crab_job_EGamma2018Dv2_2/190526_233615/0008/Data_EGamma2018Dv2_2_8523.root
name: Data_EGamma2018Dv2_2_8523.root
filenumber: 46
Adding FullPathInputFile to chain:/hdfs/store/user/varuns/Run2018D_Prompt/EGamma/crab_job_EGamma2018Dv2_2/190526_233615/0008/Data_EGamma2018Dv2_2_8523.root

file path found: /hdfs/store/user/varuns/Run2018D_Prompt/EGamma/crab_job_EGamma2018Dv2_2/190526_233615/0008/Data_EGamma2018Dv2_2_8524.root
name: Data_EGamma2018Dv2_2_8524.root
filenumber: 47
Adding FullPathInputFile to chain:/hdfs/store/user/varuns/Run2018D_Prompt/EGamma/crab_job_EGamma2018Dv2_2/190526_233615/0008/Data_EGamma2018Dv2_2_8524.root

file path found: /hdfs/store/user/varuns/Run2018D_Prompt/EGamma/crab_job_EGamma2018Dv2_2/190526_233615/0008/Data_EGamma2018Dv2_2_8525.root
name: Data_EGamma2018Dv2_2_8525.root
filenumber: 48
Adding FullPathInputFile to chain:/hdfs/store/user/varuns/Run2018D_Prompt/EGamma/crab_job_EGamma2018Dv2_2/190526_233615/0008/Data_EGamma2018Dv2_2_8525.root

file path found: /hdfs/store/user/varuns/Run2018D_Prompt/EGamma/crab_job_EGamma2018Dv2_2/190526_233615/0008/Data_EGamma2018Dv2_2_8526.root
name: Data_EGamma2018Dv2_2_8526.root
filenumber: 49
Adding FullPathInputFile to chain:/hdfs/store/user/varuns/Run2018D_Prompt/EGamma/crab_job_EGamma2018Dv2_2/190526_233615/0008/Data_EGamma2018Dv2_2_8526.root

file path found: /hdfs/store/user/varuns/Run2018D_Prompt/EGamma/crab_job_EGamma2018Dv2_2/190526_233615/0008/Data_EGamma2018Dv2_2_8527.root
name: Data_EGamma2018Dv2_2_8527.root
filenumber: 50
file path found: /hdfs/store/user/varuns/Run2018D_Prompt/EGamma/crab_job_EGamma2018Dv2_2/190526_233615/0008/Data_EGamma2018Dv2_2_8528.root
name: Data_EGamma2018Dv2_2_8528.root
filenumber: 51
file path found: /hdfs/store/user/varuns/Run2018D_Prompt/EGamma/crab_job_EGamma2018Dv2_2/190526_233615/0008/Data_EGamma2018Dv2_2_8529.root
name: Data_EGamma2018Dv2_2_8529.root
filenumber: 52
file path found: /hdfs/store/user/varuns/Run2018D_Prompt/EGamma/crab_job_EGamma2018Dv2_2/190526_233615/0008/Data_EGamma2018Dv2_2_8530.root
name: Data_EGamma2018Dv2_2_8530.root
filenumber: 53
file path found: /hdfs/store/user/varuns/Run2018D_Prompt/EGamma/crab_job_EGamma2018Dv2_2/190526_233615/0008/Data_EGamma2018Dv2_2_8531.root
name: Data_EGamma2018Dv2_2_8531.root
filenumber: 54
file path found: /hdfs/store/user/varuns/Run2018D_Prompt/EGamma/crab_job_EGamma2018Dv2_2/190526_233615/0008/Data_EGamma2018Dv2_2_8532.root
name: Data_EGamma2018Dv2_2_8532.root
filenumber: 55
file path found: /hdfs/store/user/varuns/Run2018D_Prompt/EGamma/crab_job_EGamma2018Dv2_2/190526_233615/0008/Data_EGamma2018Dv2_2_8533.root
name: Data_EGamma2018Dv2_2_8533.root
filenumber: 56
file path found: /hdfs/store/user/varuns/Run2018D_Prompt/EGamma/crab_job_EGamma2018Dv2_2/190526_233615/0008/Data_EGamma2018Dv2_2_8535.root
name: Data_EGamma2018Dv2_2_8535.root
filenumber: 57
file path found: /hdfs/store/user/varuns/Run2018D_Prompt/EGamma/crab_job_EGamma2018Dv2_2/190526_233615/0008/Data_EGamma2018Dv2_2_8536.root
name: Data_EGamma2018Dv2_2_8536.root
filenumber: 58
file path found: /hdfs/store/user/varuns/Run2018D_Prompt/EGamma/crab_job_EGamma2018Dv2_2/190526_233615/0008/Data_EGamma2018Dv2_2_8537.root
name: Data_EGamma2018Dv2_2_8537.root
filenumber: 59
file path found: /hdfs/store/user/varuns/Run2018D_Prompt/EGamma/crab_job_EGamma2018Dv2_2/190526_233615/0008/Data_EGamma2018Dv2_2_8637.root
name: Data_EGamma2018Dv2_2_8637.root
filenumber: 60
file path found: /hdfs/store/user/varuns/Run2018D_Prompt/EGamma/crab_job_EGamma2018Dv2_2/190526_233615/0008/Data_EGamma2018Dv2_2_8638.root
name: Data_EGamma2018Dv2_2_8638.root
filenumber: 61
file path found: /hdfs/store/user/varuns/Run2018D_Prompt/EGamma/crab_job_EGamma2018Dv2_2/190526_233615/0008/Data_EGamma2018Dv2_2_8639.root
name: Data_EGamma2018Dv2_2_8639.root
filenumber: 62
file path found: /hdfs/store/user/varuns/Run2018D_Prompt/EGamma/crab_job_EGamma2018Dv2_2/190526_233615/0008/Data_EGamma2018Dv2_2_8683.root
name: Data_EGamma2018Dv2_2_8683.root
filenumber: 63
file path found: /hdfs/store/user/varuns/Run2018D_Prompt/EGamma/crab_job_EGamma2018Dv2_2/190526_233615/0008/Data_EGamma2018Dv2_2_8684.root
name: Data_EGamma2018Dv2_2_8684.root
filenumber: 64
file path found: /hdfs/store/user/varuns/Run2018D_Prompt/EGamma/crab_job_EGamma2018Dv2_2/190526_233615/0008/Data_EGamma2018Dv2_2_8685.root
name: Data_EGamma2018Dv2_2_8685.root
filenumber: 65
file path found: /hdfs/store/user/varuns/Run2018D_Prompt/EGamma/crab_job_EGamma2018Dv2_2/190526_233615/0008/Data_EGamma2018Dv2_2_8738.root
name: Data_EGamma2018Dv2_2_8738.root
filenumber: 66
file path found: /hdfs/store/user/varuns/Run2018D_Prompt/EGamma/crab_job_EGamma2018Dv2_2/190526_233615/0008/Data_EGamma2018Dv2_2_8739.root
name: Data_EGamma2018Dv2_2_8739.root
filenumber: 67
file path found: /hdfs/store/user/varuns/Run2018D_Prompt/EGamma/crab_job_EGamma2018Dv2_2/190526_233615/0008/Data_EGamma2018Dv2_2_8741.root
name: Data_EGamma2018Dv2_2_8741.root
filenumber: 68
file path found: /hdfs/store/user/varuns/Run2018D_Prompt/EGamma/crab_job_EGamma2018Dv2_2/190526_233615/0008/Data_EGamma2018Dv2_2_8752.root
name: Data_EGamma2018Dv2_2_8752.root
filenumber: 69
file path found: /hdfs/store/user/varuns/Run2018D_Prompt/EGamma/crab_job_EGamma2018Dv2_2/190526_233615/0008/Data_EGamma2018Dv2_2_8753.root
name: Data_EGamma2018Dv2_2_8753.root
filenumber: 70
file path found: /hdfs/store/user/varuns/Run2018D_Prompt/EGamma/crab_job_EGamma2018Dv2_2/190526_233615/0008/Data_EGamma2018Dv2_2_8755.root
name: Data_EGamma2018Dv2_2_8755.root
filenumber: 71
file path found: /hdfs/store/user/varuns/Run2018D_Prompt/EGamma/crab_job_EGamma2018Dv2_2/190526_233615/0008/Data_EGamma2018Dv2_2_8757.root
name: Data_EGamma2018Dv2_2_8757.root
filenumber: 72
file path found: /hdfs/store/user/varuns/Run2018D_Prompt/EGamma/crab_job_EGamma2018Dv2_2/190526_233615/0008/Data_EGamma2018Dv2_2_8758.root
name: Data_EGamma2018Dv2_2_8758.root
filenumber: 73
file path found: /hdfs/store/user/varuns/Run2018D_Prompt/EGamma/crab_job_EGamma2018Dv2_2/190526_233615/0008/Data_EGamma2018Dv2_2_8759.root
name: Data_EGamma2018Dv2_2_8759.root
filenumber: 74
file path found: /hdfs/store/user/varuns/Run2018D_Prompt/EGamma/crab_job_EGamma2018Dv2_2/190526_233615/0008/Data_EGamma2018Dv2_2_8761.root
name: Data_EGamma2018Dv2_2_8761.root
filenumber: 75
file path found: /hdfs/store/user/varuns/Run2018D_Prompt/EGamma/crab_job_EGamma2018Dv2_2/190526_233615/0008/Data_EGamma2018Dv2_2_8763.root
name: Data_EGamma2018Dv2_2_8763.root
filenumber: 76
file path found: /hdfs/store/user/varuns/Run2018D_Prompt/EGamma/crab_job_EGamma2018Dv2_2/190526_233615/0008/Data_EGamma2018Dv2_2_8813.root
name: Data_EGamma2018Dv2_2_8813.root
filenumber: 77
file path found: /hdfs/store/user/varuns/Run2018D_Prompt/EGamma/crab_job_EGamma2018Dv2_2/190526_233615/0008/Data_EGamma2018Dv2_2_8814.root
name: Data_EGamma2018Dv2_2_8814.root
filenumber: 78
file path found: /hdfs/store/user/varuns/Run2018D_Prompt/EGamma/crab_job_EGamma2018Dv2_2/190526_233615/0008/Data_EGamma2018Dv2_2_8820.root
name: Data_EGamma2018Dv2_2_8820.root
filenumber: 79
file path found: /hdfs/store/user/varuns/Run2018D_Prompt/EGamma/crab_job_EGamma2018Dv2_2/190526_233615/0008/Data_EGamma2018Dv2_2_8842.root
name: Data_EGamma2018Dv2_2_8842.root
filenumber: 80
file path found: /hdfs/store/user/varuns/Run2018D_Prompt/EGamma/crab_job_EGamma2018Dv2_2/190526_233615/0008/Data_EGamma2018Dv2_2_8846.root
name: Data_EGamma2018Dv2_2_8846.root
filenumber: 81
file path found: /hdfs/store/user/varuns/Run2018D_Prompt/EGamma/crab_job_EGamma2018Dv2_2/190526_233615/0008/Data_EGamma2018Dv2_2_8847.root
name: Data_EGamma2018Dv2_2_8847.root
filenumber: 82
file path found: /hdfs/store/user/varuns/Run2018D_Prompt/EGamma/crab_job_EGamma2018Dv2_2/190526_233615/0008/Data_EGamma2018Dv2_2_8849.root
name: Data_EGamma2018Dv2_2_8849.root
filenumber: 83
file path found: /hdfs/store/user/varuns/Run2018D_Prompt/EGamma/crab_job_EGamma2018Dv2_2/190526_233615/0008/Data_EGamma2018Dv2_2_8853.root
name: Data_EGamma2018Dv2_2_8853.root
filenumber: 84
file path found: /hdfs/store/user/varuns/Run2018D_Prompt/EGamma/crab_job_EGamma2018Dv2_2/190526_233615/0008/Data_EGamma2018Dv2_2_8855.root
name: Data_EGamma2018Dv2_2_8855.root
filenumber: 85
file path found: /hdfs/store/user/varuns/Run2018D_Prompt/EGamma/crab_job_EGamma2018Dv2_2/190526_233615/0008/Data_EGamma2018Dv2_2_8857.root
name: Data_EGamma2018Dv2_2_8857.root
filenumber: 86
file path found: /hdfs/store/user/varuns/Run2018D_Prompt/EGamma/crab_job_EGamma2018Dv2_2/190526_233615/0008/Data_EGamma2018Dv2_2_8858.root
name: Data_EGamma2018Dv2_2_8858.root
filenumber: 87
file path found: /hdfs/store/user/varuns/Run2018D_Prompt/EGamma/crab_job_EGamma2018Dv2_2/190526_233615/0008/Data_EGamma2018Dv2_2_8859.root
name: Data_EGamma2018Dv2_2_8859.root
filenumber: 88
file path found: /hdfs/store/user/varuns/Run2018D_Prompt/EGamma/crab_job_EGamma2018Dv2_2/190526_233615/0008/Data_EGamma2018Dv2_2_8862.root
name: Data_EGamma2018Dv2_2_8862.root
filenumber: 89
file path found: /hdfs/store/user/varuns/Run2018D_Prompt/EGamma/crab_job_EGamma2018Dv2_2/190526_233615/0008/Data_EGamma2018Dv2_2_8863.root
name: Data_EGamma2018Dv2_2_8863.root
filenumber: 90
file path found: /hdfs/store/user/varuns/Run2018D_Prompt/EGamma/crab_job_EGamma2018Dv2_2/190526_233615/0008/Data_EGamma2018Dv2_2_8866.root
name: Data_EGamma2018Dv2_2_8866.root
filenumber: 91
file path found: /hdfs/store/user/varuns/Run2018D_Prompt/EGamma/crab_job_EGamma2018Dv2_2/190526_233615/0008/Data_EGamma2018Dv2_2_8871.root
name: Data_EGamma2018Dv2_2_8871.root
filenumber: 92
file path found: /hdfs/store/user/varuns/Run2018D_Prompt/EGamma/crab_job_EGamma2018Dv2_2/190526_233615/0008/Data_EGamma2018Dv2_2_8872.root
name: Data_EGamma2018Dv2_2_8872.root
filenumber: 93
file path found: /hdfs/store/user/varuns/Run2018D_Prompt/EGamma/crab_job_EGamma2018Dv2_2/190526_233615/0008/Data_EGamma2018Dv2_2_8874.root
name: Data_EGamma2018Dv2_2_8874.root
filenumber: 94
file path found: /hdfs/store/user/varuns/Run2018D_Prompt/EGamma/crab_job_EGamma2018Dv2_2/190526_233615/0008/Data_EGamma2018Dv2_2_8875.root
name: Data_EGamma2018Dv2_2_8875.root
filenumber: 95
file path found: /hdfs/store/user/varuns/Run2018D_Prompt/EGamma/crab_job_EGamma2018Dv2_2/190526_233615/0008/Data_EGamma2018Dv2_2_8876.root
name: Data_EGamma2018Dv2_2_8876.root
filenumber: 96
file path found: /hdfs/store/user/varuns/Run2018D_Prompt/EGamma/crab_job_EGamma2018Dv2_2/190526_233615/0008/Data_EGamma2018Dv2_2_8877.root
name: Data_EGamma2018Dv2_2_8877.root
filenumber: 97
file path found: /hdfs/store/user/varuns/Run2018D_Prompt/EGamma/crab_job_EGamma2018Dv2_2/190526_233615/0008/Data_EGamma2018Dv2_2_8878.root
name: Data_EGamma2018Dv2_2_8878.root
filenumber: 98
file path found: /hdfs/store/user/varuns/Run2018D_Prompt/EGamma/crab_job_EGamma2018Dv2_2/190526_233615/0008/Data_EGamma2018Dv2_2_8882.root
name: Data_EGamma2018Dv2_2_8882.root
filenumber: 99
file path found: /hdfs/store/user/varuns/Run2018D_Prompt/EGamma/crab_job_EGamma2018Dv2_2/190526_233615/0008/.
name: .
filenumber: 100
file path found: /hdfs/store/user/varuns/Run2018D_Prompt/EGamma/crab_job_EGamma2018Dv2_2/190526_233615/0008/..
name: ..
filenumber: 101
50 files added.
Initializing chain.
Coming in: 
nentries:913472
Running over 913472 events.
Finished entry 0/913471
Finished entry 10000/913471
Finished entry 20000/913471
Finished entry 30000/913471
Finished entry 40000/913471
Finished entry 50000/913471
Finished entry 60000/913471
Finished entry 70000/913471
Finished entry 80000/913471
Finished entry 90000/913471
Finished entry 100000/913471
Finished entry 110000/913471
Finished entry 120000/913471
Finished entry 130000/913471
Finished entry 140000/913471
Finished entry 150000/913471
Finished entry 160000/913471
Finished entry 170000/913471
Finished entry 180000/913471
Finished entry 190000/913471
Finished entry 200000/913471
Finished entry 210000/913471
Finished entry 220000/913471
Finished entry 230000/913471
Finished entry 240000/913471
Finished entry 250000/913471
Finished entry 260000/913471
Finished entry 270000/913471
Finished entry 280000/913471
Finished entry 290000/913471
Finished entry 300000/913471
Finished entry 310000/913471
Finished entry 320000/913471
Finished entry 330000/913471
Finished entry 340000/913471
Finished entry 350000/913471
Finished entry 360000/913471
Finished entry 370000/913471
Finished entry 380000/913471
Finished entry 390000/913471
Finished entry 400000/913471
Finished entry 410000/913471
Finished entry 420000/913471
Finished entry 430000/913471
Finished entry 440000/913471
Finished entry 450000/913471
Finished entry 460000/913471
Finished entry 470000/913471
Finished entry 480000/913471
Finished entry 490000/913471
Finished entry 500000/913471
Finished entry 510000/913471
Finished entry 520000/913471
Finished entry 530000/913471
Finished entry 540000/913471
Finished entry 550000/913471
Finished entry 560000/913471
Finished entry 570000/913471
Finished entry 580000/913471
Finished entry 590000/913471
Finished entry 600000/913471
Finished entry 610000/913471
Finished entry 620000/913471
Finished entry 630000/913471
Finished entry 640000/913471
Finished entry 650000/913471
Finished entry 660000/913471
Finished entry 670000/913471
Finished entry 680000/913471
Finished entry 690000/913471
Finished entry 700000/913471
Finished entry 710000/913471
Finished entry 720000/913471
Finished entry 730000/913471
Finished entry 740000/913471
Finished entry 750000/913471
Finished entry 760000/913471
Finished entry 770000/913471
Finished entry 780000/913471
Finished entry 790000/913471
Finished entry 800000/913471
Finished entry 810000/913471
Finished entry 820000/913471
Finished entry 830000/913471
Finished entry 840000/913471
Finished entry 850000/913471
Finished entry 860000/913471
Finished entry 870000/913471
Finished entry 880000/913471
Finished entry 890000/913471
Finished entry 900000/913471
Finished entry 910000/913471
