000 (166892.001.000) 06/10 13:21:44 Job submitted from host: <144.92.180.4:9618?addrs=144.92.180.4-9618+[2607-f388-101c-1000--367]-9618&noUDP&sock=4693_960c_3>
...
001 (166892.001.000) 06/10 13:38:24 Job executing on host: <128.104.227.16:9618?addrs=128.104.227.16-9618+[2607-f388-101c-1000--629]-9618&noUDP&sock=10226_c38f_3>
...
006 (166892.001.000) 06/10 13:38:33 Image size of job updated: 242664
	133  -  MemoryUsage of job (MB)
	135772  -  ResidentSetSize of job (KB)
...
006 (166892.001.000) 06/10 13:45:30 Image size of job updated: 276888
	133  -  MemoryUsage of job (MB)
	135772  -  ResidentSetSize of job (KB)
...
005 (166892.001.000) 06/10 13:45:31 Job terminated.
	(1) Normal termination (return value 0)
		Usr 0 00:01:31, Sys 0 00:00:04  -  Run Remote Usage
		Usr 0 00:00:00, Sys 0 00:00:00  -  Run Local Usage
		Usr 0 00:01:31, Sys 0 00:00:04  -  Total Remote Usage
		Usr 0 00:00:00, Sys 0 00:00:00  -  Total Local Usage
	434858  -  Run Bytes Sent By Job
	278854  -  Run Bytes Received By Job
	434858  -  Total Bytes Sent By Job
	278854  -  Total Bytes Received By Job
	Partitionable Resources :    Usage  Request Allocated
	   Cpus                 :                 1         1
	   Disk (KB)            :  1000000  2048000   9503691
	   Memory (MB)          :      133     1992      1992
...
