file path found: /hdfs/store/user/varuns/Run2018D_Prompt/EGamma/crab_job_EGamma2018Dv2_2/190526_233615/0008/Data_EGamma2018Dv2_2_8010.root
name: Data_EGamma2018Dv2_2_8010.root
filenumber: 0
file path found: /hdfs/store/user/varuns/Run2018D_Prompt/EGamma/crab_job_EGamma2018Dv2_2/190526_233615/0008/Data_EGamma2018Dv2_2_8116.root
name: Data_EGamma2018Dv2_2_8116.root
filenumber: 1
file path found: /hdfs/store/user/varuns/Run2018D_Prompt/EGamma/crab_job_EGamma2018Dv2_2/190526_233615/0008/Data_EGamma2018Dv2_2_8117.root
name: Data_EGamma2018Dv2_2_8117.root
filenumber: 2
file path found: /hdfs/store/user/varuns/Run2018D_Prompt/EGamma/crab_job_EGamma2018Dv2_2/190526_233615/0008/Data_EGamma2018Dv2_2_8118.root
name: Data_EGamma2018Dv2_2_8118.root
filenumber: 3
file path found: /hdfs/store/user/varuns/Run2018D_Prompt/EGamma/crab_job_EGamma2018Dv2_2/190526_233615/0008/Data_EGamma2018Dv2_2_8314.root
name: Data_EGamma2018Dv2_2_8314.root
filenumber: 4
file path found: /hdfs/store/user/varuns/Run2018D_Prompt/EGamma/crab_job_EGamma2018Dv2_2/190526_233615/0008/Data_EGamma2018Dv2_2_8315.root
name: Data_EGamma2018Dv2_2_8315.root
filenumber: 5
file path found: /hdfs/store/user/varuns/Run2018D_Prompt/EGamma/crab_job_EGamma2018Dv2_2/190526_233615/0008/Data_EGamma2018Dv2_2_8316.root
name: Data_EGamma2018Dv2_2_8316.root
filenumber: 6
file path found: /hdfs/store/user/varuns/Run2018D_Prompt/EGamma/crab_job_EGamma2018Dv2_2/190526_233615/0008/Data_EGamma2018Dv2_2_8317.root
name: Data_EGamma2018Dv2_2_8317.root
filenumber: 7
file path found: /hdfs/store/user/varuns/Run2018D_Prompt/EGamma/crab_job_EGamma2018Dv2_2/190526_233615/0008/Data_EGamma2018Dv2_2_8327.root
name: Data_EGamma2018Dv2_2_8327.root
filenumber: 8
file path found: /hdfs/store/user/varuns/Run2018D_Prompt/EGamma/crab_job_EGamma2018Dv2_2/190526_233615/0008/Data_EGamma2018Dv2_2_8328.root
name: Data_EGamma2018Dv2_2_8328.root
filenumber: 9
file path found: /hdfs/store/user/varuns/Run2018D_Prompt/EGamma/crab_job_EGamma2018Dv2_2/190526_233615/0008/Data_EGamma2018Dv2_2_8329.root
name: Data_EGamma2018Dv2_2_8329.root
filenumber: 10
file path found: /hdfs/store/user/varuns/Run2018D_Prompt/EGamma/crab_job_EGamma2018Dv2_2/190526_233615/0008/Data_EGamma2018Dv2_2_8334.root
name: Data_EGamma2018Dv2_2_8334.root
filenumber: 11
file path found: /hdfs/store/user/varuns/Run2018D_Prompt/EGamma/crab_job_EGamma2018Dv2_2/190526_233615/0008/Data_EGamma2018Dv2_2_8337.root
name: Data_EGamma2018Dv2_2_8337.root
filenumber: 12
file path found: /hdfs/store/user/varuns/Run2018D_Prompt/EGamma/crab_job_EGamma2018Dv2_2/190526_233615/0008/Data_EGamma2018Dv2_2_8338.root
name: Data_EGamma2018Dv2_2_8338.root
filenumber: 13
file path found: /hdfs/store/user/varuns/Run2018D_Prompt/EGamma/crab_job_EGamma2018Dv2_2/190526_233615/0008/Data_EGamma2018Dv2_2_8340.root
name: Data_EGamma2018Dv2_2_8340.root
filenumber: 14
file path found: /hdfs/store/user/varuns/Run2018D_Prompt/EGamma/crab_job_EGamma2018Dv2_2/190526_233615/0008/Data_EGamma2018Dv2_2_8341.root
name: Data_EGamma2018Dv2_2_8341.root
filenumber: 15
file path found: /hdfs/store/user/varuns/Run2018D_Prompt/EGamma/crab_job_EGamma2018Dv2_2/190526_233615/0008/Data_EGamma2018Dv2_2_8367.root
name: Data_EGamma2018Dv2_2_8367.root
filenumber: 16
file path found: /hdfs/store/user/varuns/Run2018D_Prompt/EGamma/crab_job_EGamma2018Dv2_2/190526_233615/0008/Data_EGamma2018Dv2_2_8404.root
name: Data_EGamma2018Dv2_2_8404.root
filenumber: 17
file path found: /hdfs/store/user/varuns/Run2018D_Prompt/EGamma/crab_job_EGamma2018Dv2_2/190526_233615/0008/Data_EGamma2018Dv2_2_8427.root
name: Data_EGamma2018Dv2_2_8427.root
filenumber: 18
file path found: /hdfs/store/user/varuns/Run2018D_Prompt/EGamma/crab_job_EGamma2018Dv2_2/190526_233615/0008/Data_EGamma2018Dv2_2_8460.root
name: Data_EGamma2018Dv2_2_8460.root
filenumber: 19
file path found: /hdfs/store/user/varuns/Run2018D_Prompt/EGamma/crab_job_EGamma2018Dv2_2/190526_233615/0008/Data_EGamma2018Dv2_2_8482.root
name: Data_EGamma2018Dv2_2_8482.root
filenumber: 20
file path found: /hdfs/store/user/varuns/Run2018D_Prompt/EGamma/crab_job_EGamma2018Dv2_2/190526_233615/0008/Data_EGamma2018Dv2_2_8486.root
name: Data_EGamma2018Dv2_2_8486.root
filenumber: 21
file path found: /hdfs/store/user/varuns/Run2018D_Prompt/EGamma/crab_job_EGamma2018Dv2_2/190526_233615/0008/Data_EGamma2018Dv2_2_8488.root
name: Data_EGamma2018Dv2_2_8488.root
filenumber: 22
file path found: /hdfs/store/user/varuns/Run2018D_Prompt/EGamma/crab_job_EGamma2018Dv2_2/190526_233615/0008/Data_EGamma2018Dv2_2_8489.root
name: Data_EGamma2018Dv2_2_8489.root
filenumber: 23
file path found: /hdfs/store/user/varuns/Run2018D_Prompt/EGamma/crab_job_EGamma2018Dv2_2/190526_233615/0008/Data_EGamma2018Dv2_2_8490.root
name: Data_EGamma2018Dv2_2_8490.root
filenumber: 24
file path found: /hdfs/store/user/varuns/Run2018D_Prompt/EGamma/crab_job_EGamma2018Dv2_2/190526_233615/0008/Data_EGamma2018Dv2_2_8492.root
name: Data_EGamma2018Dv2_2_8492.root
filenumber: 25
file path found: /hdfs/store/user/varuns/Run2018D_Prompt/EGamma/crab_job_EGamma2018Dv2_2/190526_233615/0008/Data_EGamma2018Dv2_2_8493.root
name: Data_EGamma2018Dv2_2_8493.root
filenumber: 26
file path found: /hdfs/store/user/varuns/Run2018D_Prompt/EGamma/crab_job_EGamma2018Dv2_2/190526_233615/0008/Data_EGamma2018Dv2_2_8496.root
name: Data_EGamma2018Dv2_2_8496.root
filenumber: 27
file path found: /hdfs/store/user/varuns/Run2018D_Prompt/EGamma/crab_job_EGamma2018Dv2_2/190526_233615/0008/Data_EGamma2018Dv2_2_8501.root
name: Data_EGamma2018Dv2_2_8501.root
filenumber: 28
file path found: /hdfs/store/user/varuns/Run2018D_Prompt/EGamma/crab_job_EGamma2018Dv2_2/190526_233615/0008/Data_EGamma2018Dv2_2_8504.root
name: Data_EGamma2018Dv2_2_8504.root
filenumber: 29
file path found: /hdfs/store/user/varuns/Run2018D_Prompt/EGamma/crab_job_EGamma2018Dv2_2/190526_233615/0008/Data_EGamma2018Dv2_2_8506.root
name: Data_EGamma2018Dv2_2_8506.root
filenumber: 30
file path found: /hdfs/store/user/varuns/Run2018D_Prompt/EGamma/crab_job_EGamma2018Dv2_2/190526_233615/0008/Data_EGamma2018Dv2_2_8507.root
name: Data_EGamma2018Dv2_2_8507.root
filenumber: 31
file path found: /hdfs/store/user/varuns/Run2018D_Prompt/EGamma/crab_job_EGamma2018Dv2_2/190526_233615/0008/Data_EGamma2018Dv2_2_8508.root
name: Data_EGamma2018Dv2_2_8508.root
filenumber: 32
file path found: /hdfs/store/user/varuns/Run2018D_Prompt/EGamma/crab_job_EGamma2018Dv2_2/190526_233615/0008/Data_EGamma2018Dv2_2_8509.root
name: Data_EGamma2018Dv2_2_8509.root
filenumber: 33
file path found: /hdfs/store/user/varuns/Run2018D_Prompt/EGamma/crab_job_EGamma2018Dv2_2/190526_233615/0008/Data_EGamma2018Dv2_2_8510.root
name: Data_EGamma2018Dv2_2_8510.root
filenumber: 34
file path found: /hdfs/store/user/varuns/Run2018D_Prompt/EGamma/crab_job_EGamma2018Dv2_2/190526_233615/0008/Data_EGamma2018Dv2_2_8511.root
name: Data_EGamma2018Dv2_2_8511.root
filenumber: 35
file path found: /hdfs/store/user/varuns/Run2018D_Prompt/EGamma/crab_job_EGamma2018Dv2_2/190526_233615/0008/Data_EGamma2018Dv2_2_8512.root
name: Data_EGamma2018Dv2_2_8512.root
filenumber: 36
file path found: /hdfs/store/user/varuns/Run2018D_Prompt/EGamma/crab_job_EGamma2018Dv2_2/190526_233615/0008/Data_EGamma2018Dv2_2_8514.root
name: Data_EGamma2018Dv2_2_8514.root
filenumber: 37
file path found: /hdfs/store/user/varuns/Run2018D_Prompt/EGamma/crab_job_EGamma2018Dv2_2/190526_233615/0008/Data_EGamma2018Dv2_2_8515.root
name: Data_EGamma2018Dv2_2_8515.root
filenumber: 38
file path found: /hdfs/store/user/varuns/Run2018D_Prompt/EGamma/crab_job_EGamma2018Dv2_2/190526_233615/0008/Data_EGamma2018Dv2_2_8516.root
name: Data_EGamma2018Dv2_2_8516.root
filenumber: 39
file path found: /hdfs/store/user/varuns/Run2018D_Prompt/EGamma/crab_job_EGamma2018Dv2_2/190526_233615/0008/Data_EGamma2018Dv2_2_8517.root
name: Data_EGamma2018Dv2_2_8517.root
filenumber: 40
file path found: /hdfs/store/user/varuns/Run2018D_Prompt/EGamma/crab_job_EGamma2018Dv2_2/190526_233615/0008/Data_EGamma2018Dv2_2_8518.root
name: Data_EGamma2018Dv2_2_8518.root
filenumber: 41
file path found: /hdfs/store/user/varuns/Run2018D_Prompt/EGamma/crab_job_EGamma2018Dv2_2/190526_233615/0008/Data_EGamma2018Dv2_2_8519.root
name: Data_EGamma2018Dv2_2_8519.root
filenumber: 42
file path found: /hdfs/store/user/varuns/Run2018D_Prompt/EGamma/crab_job_EGamma2018Dv2_2/190526_233615/0008/Data_EGamma2018Dv2_2_8520.root
name: Data_EGamma2018Dv2_2_8520.root
filenumber: 43
file path found: /hdfs/store/user/varuns/Run2018D_Prompt/EGamma/crab_job_EGamma2018Dv2_2/190526_233615/0008/Data_EGamma2018Dv2_2_8521.root
name: Data_EGamma2018Dv2_2_8521.root
filenumber: 44
file path found: /hdfs/store/user/varuns/Run2018D_Prompt/EGamma/crab_job_EGamma2018Dv2_2/190526_233615/0008/Data_EGamma2018Dv2_2_8522.root
name: Data_EGamma2018Dv2_2_8522.root
filenumber: 45
file path found: /hdfs/store/user/varuns/Run2018D_Prompt/EGamma/crab_job_EGamma2018Dv2_2/190526_233615/0008/Data_EGamma2018Dv2_2_8523.root
name: Data_EGamma2018Dv2_2_8523.root
filenumber: 46
file path found: /hdfs/store/user/varuns/Run2018D_Prompt/EGamma/crab_job_EGamma2018Dv2_2/190526_233615/0008/Data_EGamma2018Dv2_2_8524.root
name: Data_EGamma2018Dv2_2_8524.root
filenumber: 47
file path found: /hdfs/store/user/varuns/Run2018D_Prompt/EGamma/crab_job_EGamma2018Dv2_2/190526_233615/0008/Data_EGamma2018Dv2_2_8525.root
name: Data_EGamma2018Dv2_2_8525.root
filenumber: 48
file path found: /hdfs/store/user/varuns/Run2018D_Prompt/EGamma/crab_job_EGamma2018Dv2_2/190526_233615/0008/Data_EGamma2018Dv2_2_8526.root
name: Data_EGamma2018Dv2_2_8526.root
filenumber: 49
file path found: /hdfs/store/user/varuns/Run2018D_Prompt/EGamma/crab_job_EGamma2018Dv2_2/190526_233615/0008/Data_EGamma2018Dv2_2_8527.root
name: Data_EGamma2018Dv2_2_8527.root
filenumber: 50
Adding FullPathInputFile to chain:/hdfs/store/user/varuns/Run2018D_Prompt/EGamma/crab_job_EGamma2018Dv2_2/190526_233615/0008/Data_EGamma2018Dv2_2_8527.root

file path found: /hdfs/store/user/varuns/Run2018D_Prompt/EGamma/crab_job_EGamma2018Dv2_2/190526_233615/0008/Data_EGamma2018Dv2_2_8528.root
name: Data_EGamma2018Dv2_2_8528.root
filenumber: 51
Adding FullPathInputFile to chain:/hdfs/store/user/varuns/Run2018D_Prompt/EGamma/crab_job_EGamma2018Dv2_2/190526_233615/0008/Data_EGamma2018Dv2_2_8528.root

file path found: /hdfs/store/user/varuns/Run2018D_Prompt/EGamma/crab_job_EGamma2018Dv2_2/190526_233615/0008/Data_EGamma2018Dv2_2_8529.root
name: Data_EGamma2018Dv2_2_8529.root
filenumber: 52
Adding FullPathInputFile to chain:/hdfs/store/user/varuns/Run2018D_Prompt/EGamma/crab_job_EGamma2018Dv2_2/190526_233615/0008/Data_EGamma2018Dv2_2_8529.root

file path found: /hdfs/store/user/varuns/Run2018D_Prompt/EGamma/crab_job_EGamma2018Dv2_2/190526_233615/0008/Data_EGamma2018Dv2_2_8530.root
name: Data_EGamma2018Dv2_2_8530.root
filenumber: 53
Adding FullPathInputFile to chain:/hdfs/store/user/varuns/Run2018D_Prompt/EGamma/crab_job_EGamma2018Dv2_2/190526_233615/0008/Data_EGamma2018Dv2_2_8530.root

file path found: /hdfs/store/user/varuns/Run2018D_Prompt/EGamma/crab_job_EGamma2018Dv2_2/190526_233615/0008/Data_EGamma2018Dv2_2_8531.root
name: Data_EGamma2018Dv2_2_8531.root
filenumber: 54
Adding FullPathInputFile to chain:/hdfs/store/user/varuns/Run2018D_Prompt/EGamma/crab_job_EGamma2018Dv2_2/190526_233615/0008/Data_EGamma2018Dv2_2_8531.root

file path found: /hdfs/store/user/varuns/Run2018D_Prompt/EGamma/crab_job_EGamma2018Dv2_2/190526_233615/0008/Data_EGamma2018Dv2_2_8532.root
name: Data_EGamma2018Dv2_2_8532.root
filenumber: 55
Adding FullPathInputFile to chain:/hdfs/store/user/varuns/Run2018D_Prompt/EGamma/crab_job_EGamma2018Dv2_2/190526_233615/0008/Data_EGamma2018Dv2_2_8532.root

file path found: /hdfs/store/user/varuns/Run2018D_Prompt/EGamma/crab_job_EGamma2018Dv2_2/190526_233615/0008/Data_EGamma2018Dv2_2_8533.root
name: Data_EGamma2018Dv2_2_8533.root
filenumber: 56
Adding FullPathInputFile to chain:/hdfs/store/user/varuns/Run2018D_Prompt/EGamma/crab_job_EGamma2018Dv2_2/190526_233615/0008/Data_EGamma2018Dv2_2_8533.root

file path found: /hdfs/store/user/varuns/Run2018D_Prompt/EGamma/crab_job_EGamma2018Dv2_2/190526_233615/0008/Data_EGamma2018Dv2_2_8535.root
name: Data_EGamma2018Dv2_2_8535.root
filenumber: 57
Adding FullPathInputFile to chain:/hdfs/store/user/varuns/Run2018D_Prompt/EGamma/crab_job_EGamma2018Dv2_2/190526_233615/0008/Data_EGamma2018Dv2_2_8535.root

file path found: /hdfs/store/user/varuns/Run2018D_Prompt/EGamma/crab_job_EGamma2018Dv2_2/190526_233615/0008/Data_EGamma2018Dv2_2_8536.root
name: Data_EGamma2018Dv2_2_8536.root
filenumber: 58
Adding FullPathInputFile to chain:/hdfs/store/user/varuns/Run2018D_Prompt/EGamma/crab_job_EGamma2018Dv2_2/190526_233615/0008/Data_EGamma2018Dv2_2_8536.root

file path found: /hdfs/store/user/varuns/Run2018D_Prompt/EGamma/crab_job_EGamma2018Dv2_2/190526_233615/0008/Data_EGamma2018Dv2_2_8537.root
name: Data_EGamma2018Dv2_2_8537.root
filenumber: 59
Adding FullPathInputFile to chain:/hdfs/store/user/varuns/Run2018D_Prompt/EGamma/crab_job_EGamma2018Dv2_2/190526_233615/0008/Data_EGamma2018Dv2_2_8537.root

file path found: /hdfs/store/user/varuns/Run2018D_Prompt/EGamma/crab_job_EGamma2018Dv2_2/190526_233615/0008/Data_EGamma2018Dv2_2_8637.root
name: Data_EGamma2018Dv2_2_8637.root
filenumber: 60
Adding FullPathInputFile to chain:/hdfs/store/user/varuns/Run2018D_Prompt/EGamma/crab_job_EGamma2018Dv2_2/190526_233615/0008/Data_EGamma2018Dv2_2_8637.root

file path found: /hdfs/store/user/varuns/Run2018D_Prompt/EGamma/crab_job_EGamma2018Dv2_2/190526_233615/0008/Data_EGamma2018Dv2_2_8638.root
name: Data_EGamma2018Dv2_2_8638.root
filenumber: 61
Adding FullPathInputFile to chain:/hdfs/store/user/varuns/Run2018D_Prompt/EGamma/crab_job_EGamma2018Dv2_2/190526_233615/0008/Data_EGamma2018Dv2_2_8638.root

file path found: /hdfs/store/user/varuns/Run2018D_Prompt/EGamma/crab_job_EGamma2018Dv2_2/190526_233615/0008/Data_EGamma2018Dv2_2_8639.root
name: Data_EGamma2018Dv2_2_8639.root
filenumber: 62
Adding FullPathInputFile to chain:/hdfs/store/user/varuns/Run2018D_Prompt/EGamma/crab_job_EGamma2018Dv2_2/190526_233615/0008/Data_EGamma2018Dv2_2_8639.root

file path found: /hdfs/store/user/varuns/Run2018D_Prompt/EGamma/crab_job_EGamma2018Dv2_2/190526_233615/0008/Data_EGamma2018Dv2_2_8683.root
name: Data_EGamma2018Dv2_2_8683.root
filenumber: 63
Adding FullPathInputFile to chain:/hdfs/store/user/varuns/Run2018D_Prompt/EGamma/crab_job_EGamma2018Dv2_2/190526_233615/0008/Data_EGamma2018Dv2_2_8683.root

file path found: /hdfs/store/user/varuns/Run2018D_Prompt/EGamma/crab_job_EGamma2018Dv2_2/190526_233615/0008/Data_EGamma2018Dv2_2_8684.root
name: Data_EGamma2018Dv2_2_8684.root
filenumber: 64
Adding FullPathInputFile to chain:/hdfs/store/user/varuns/Run2018D_Prompt/EGamma/crab_job_EGamma2018Dv2_2/190526_233615/0008/Data_EGamma2018Dv2_2_8684.root

file path found: /hdfs/store/user/varuns/Run2018D_Prompt/EGamma/crab_job_EGamma2018Dv2_2/190526_233615/0008/Data_EGamma2018Dv2_2_8685.root
name: Data_EGamma2018Dv2_2_8685.root
filenumber: 65
Adding FullPathInputFile to chain:/hdfs/store/user/varuns/Run2018D_Prompt/EGamma/crab_job_EGamma2018Dv2_2/190526_233615/0008/Data_EGamma2018Dv2_2_8685.root

file path found: /hdfs/store/user/varuns/Run2018D_Prompt/EGamma/crab_job_EGamma2018Dv2_2/190526_233615/0008/Data_EGamma2018Dv2_2_8738.root
name: Data_EGamma2018Dv2_2_8738.root
filenumber: 66
Adding FullPathInputFile to chain:/hdfs/store/user/varuns/Run2018D_Prompt/EGamma/crab_job_EGamma2018Dv2_2/190526_233615/0008/Data_EGamma2018Dv2_2_8738.root

file path found: /hdfs/store/user/varuns/Run2018D_Prompt/EGamma/crab_job_EGamma2018Dv2_2/190526_233615/0008/Data_EGamma2018Dv2_2_8739.root
name: Data_EGamma2018Dv2_2_8739.root
filenumber: 67
Adding FullPathInputFile to chain:/hdfs/store/user/varuns/Run2018D_Prompt/EGamma/crab_job_EGamma2018Dv2_2/190526_233615/0008/Data_EGamma2018Dv2_2_8739.root

file path found: /hdfs/store/user/varuns/Run2018D_Prompt/EGamma/crab_job_EGamma2018Dv2_2/190526_233615/0008/Data_EGamma2018Dv2_2_8741.root
name: Data_EGamma2018Dv2_2_8741.root
filenumber: 68
Adding FullPathInputFile to chain:/hdfs/store/user/varuns/Run2018D_Prompt/EGamma/crab_job_EGamma2018Dv2_2/190526_233615/0008/Data_EGamma2018Dv2_2_8741.root

file path found: /hdfs/store/user/varuns/Run2018D_Prompt/EGamma/crab_job_EGamma2018Dv2_2/190526_233615/0008/Data_EGamma2018Dv2_2_8752.root
name: Data_EGamma2018Dv2_2_8752.root
filenumber: 69
Adding FullPathInputFile to chain:/hdfs/store/user/varuns/Run2018D_Prompt/EGamma/crab_job_EGamma2018Dv2_2/190526_233615/0008/Data_EGamma2018Dv2_2_8752.root

file path found: /hdfs/store/user/varuns/Run2018D_Prompt/EGamma/crab_job_EGamma2018Dv2_2/190526_233615/0008/Data_EGamma2018Dv2_2_8753.root
name: Data_EGamma2018Dv2_2_8753.root
filenumber: 70
Adding FullPathInputFile to chain:/hdfs/store/user/varuns/Run2018D_Prompt/EGamma/crab_job_EGamma2018Dv2_2/190526_233615/0008/Data_EGamma2018Dv2_2_8753.root

file path found: /hdfs/store/user/varuns/Run2018D_Prompt/EGamma/crab_job_EGamma2018Dv2_2/190526_233615/0008/Data_EGamma2018Dv2_2_8755.root
name: Data_EGamma2018Dv2_2_8755.root
filenumber: 71
Adding FullPathInputFile to chain:/hdfs/store/user/varuns/Run2018D_Prompt/EGamma/crab_job_EGamma2018Dv2_2/190526_233615/0008/Data_EGamma2018Dv2_2_8755.root

file path found: /hdfs/store/user/varuns/Run2018D_Prompt/EGamma/crab_job_EGamma2018Dv2_2/190526_233615/0008/Data_EGamma2018Dv2_2_8757.root
name: Data_EGamma2018Dv2_2_8757.root
filenumber: 72
Adding FullPathInputFile to chain:/hdfs/store/user/varuns/Run2018D_Prompt/EGamma/crab_job_EGamma2018Dv2_2/190526_233615/0008/Data_EGamma2018Dv2_2_8757.root

file path found: /hdfs/store/user/varuns/Run2018D_Prompt/EGamma/crab_job_EGamma2018Dv2_2/190526_233615/0008/Data_EGamma2018Dv2_2_8758.root
name: Data_EGamma2018Dv2_2_8758.root
filenumber: 73
Adding FullPathInputFile to chain:/hdfs/store/user/varuns/Run2018D_Prompt/EGamma/crab_job_EGamma2018Dv2_2/190526_233615/0008/Data_EGamma2018Dv2_2_8758.root

file path found: /hdfs/store/user/varuns/Run2018D_Prompt/EGamma/crab_job_EGamma2018Dv2_2/190526_233615/0008/Data_EGamma2018Dv2_2_8759.root
name: Data_EGamma2018Dv2_2_8759.root
filenumber: 74
Adding FullPathInputFile to chain:/hdfs/store/user/varuns/Run2018D_Prompt/EGamma/crab_job_EGamma2018Dv2_2/190526_233615/0008/Data_EGamma2018Dv2_2_8759.root

file path found: /hdfs/store/user/varuns/Run2018D_Prompt/EGamma/crab_job_EGamma2018Dv2_2/190526_233615/0008/Data_EGamma2018Dv2_2_8761.root
name: Data_EGamma2018Dv2_2_8761.root
filenumber: 75
Adding FullPathInputFile to chain:/hdfs/store/user/varuns/Run2018D_Prompt/EGamma/crab_job_EGamma2018Dv2_2/190526_233615/0008/Data_EGamma2018Dv2_2_8761.root

file path found: /hdfs/store/user/varuns/Run2018D_Prompt/EGamma/crab_job_EGamma2018Dv2_2/190526_233615/0008/Data_EGamma2018Dv2_2_8763.root
name: Data_EGamma2018Dv2_2_8763.root
filenumber: 76
Adding FullPathInputFile to chain:/hdfs/store/user/varuns/Run2018D_Prompt/EGamma/crab_job_EGamma2018Dv2_2/190526_233615/0008/Data_EGamma2018Dv2_2_8763.root

file path found: /hdfs/store/user/varuns/Run2018D_Prompt/EGamma/crab_job_EGamma2018Dv2_2/190526_233615/0008/Data_EGamma2018Dv2_2_8813.root
name: Data_EGamma2018Dv2_2_8813.root
filenumber: 77
Adding FullPathInputFile to chain:/hdfs/store/user/varuns/Run2018D_Prompt/EGamma/crab_job_EGamma2018Dv2_2/190526_233615/0008/Data_EGamma2018Dv2_2_8813.root

file path found: /hdfs/store/user/varuns/Run2018D_Prompt/EGamma/crab_job_EGamma2018Dv2_2/190526_233615/0008/Data_EGamma2018Dv2_2_8814.root
name: Data_EGamma2018Dv2_2_8814.root
filenumber: 78
Adding FullPathInputFile to chain:/hdfs/store/user/varuns/Run2018D_Prompt/EGamma/crab_job_EGamma2018Dv2_2/190526_233615/0008/Data_EGamma2018Dv2_2_8814.root

file path found: /hdfs/store/user/varuns/Run2018D_Prompt/EGamma/crab_job_EGamma2018Dv2_2/190526_233615/0008/Data_EGamma2018Dv2_2_8820.root
name: Data_EGamma2018Dv2_2_8820.root
filenumber: 79
Adding FullPathInputFile to chain:/hdfs/store/user/varuns/Run2018D_Prompt/EGamma/crab_job_EGamma2018Dv2_2/190526_233615/0008/Data_EGamma2018Dv2_2_8820.root

file path found: /hdfs/store/user/varuns/Run2018D_Prompt/EGamma/crab_job_EGamma2018Dv2_2/190526_233615/0008/Data_EGamma2018Dv2_2_8842.root
name: Data_EGamma2018Dv2_2_8842.root
filenumber: 80
Adding FullPathInputFile to chain:/hdfs/store/user/varuns/Run2018D_Prompt/EGamma/crab_job_EGamma2018Dv2_2/190526_233615/0008/Data_EGamma2018Dv2_2_8842.root

file path found: /hdfs/store/user/varuns/Run2018D_Prompt/EGamma/crab_job_EGamma2018Dv2_2/190526_233615/0008/Data_EGamma2018Dv2_2_8846.root
name: Data_EGamma2018Dv2_2_8846.root
filenumber: 81
Adding FullPathInputFile to chain:/hdfs/store/user/varuns/Run2018D_Prompt/EGamma/crab_job_EGamma2018Dv2_2/190526_233615/0008/Data_EGamma2018Dv2_2_8846.root

file path found: /hdfs/store/user/varuns/Run2018D_Prompt/EGamma/crab_job_EGamma2018Dv2_2/190526_233615/0008/Data_EGamma2018Dv2_2_8847.root
name: Data_EGamma2018Dv2_2_8847.root
filenumber: 82
Adding FullPathInputFile to chain:/hdfs/store/user/varuns/Run2018D_Prompt/EGamma/crab_job_EGamma2018Dv2_2/190526_233615/0008/Data_EGamma2018Dv2_2_8847.root

file path found: /hdfs/store/user/varuns/Run2018D_Prompt/EGamma/crab_job_EGamma2018Dv2_2/190526_233615/0008/Data_EGamma2018Dv2_2_8849.root
name: Data_EGamma2018Dv2_2_8849.root
filenumber: 83
Adding FullPathInputFile to chain:/hdfs/store/user/varuns/Run2018D_Prompt/EGamma/crab_job_EGamma2018Dv2_2/190526_233615/0008/Data_EGamma2018Dv2_2_8849.root

file path found: /hdfs/store/user/varuns/Run2018D_Prompt/EGamma/crab_job_EGamma2018Dv2_2/190526_233615/0008/Data_EGamma2018Dv2_2_8853.root
name: Data_EGamma2018Dv2_2_8853.root
filenumber: 84
Adding FullPathInputFile to chain:/hdfs/store/user/varuns/Run2018D_Prompt/EGamma/crab_job_EGamma2018Dv2_2/190526_233615/0008/Data_EGamma2018Dv2_2_8853.root

file path found: /hdfs/store/user/varuns/Run2018D_Prompt/EGamma/crab_job_EGamma2018Dv2_2/190526_233615/0008/Data_EGamma2018Dv2_2_8855.root
name: Data_EGamma2018Dv2_2_8855.root
filenumber: 85
Adding FullPathInputFile to chain:/hdfs/store/user/varuns/Run2018D_Prompt/EGamma/crab_job_EGamma2018Dv2_2/190526_233615/0008/Data_EGamma2018Dv2_2_8855.root

file path found: /hdfs/store/user/varuns/Run2018D_Prompt/EGamma/crab_job_EGamma2018Dv2_2/190526_233615/0008/Data_EGamma2018Dv2_2_8857.root
name: Data_EGamma2018Dv2_2_8857.root
filenumber: 86
Adding FullPathInputFile to chain:/hdfs/store/user/varuns/Run2018D_Prompt/EGamma/crab_job_EGamma2018Dv2_2/190526_233615/0008/Data_EGamma2018Dv2_2_8857.root

file path found: /hdfs/store/user/varuns/Run2018D_Prompt/EGamma/crab_job_EGamma2018Dv2_2/190526_233615/0008/Data_EGamma2018Dv2_2_8858.root
name: Data_EGamma2018Dv2_2_8858.root
filenumber: 87
Adding FullPathInputFile to chain:/hdfs/store/user/varuns/Run2018D_Prompt/EGamma/crab_job_EGamma2018Dv2_2/190526_233615/0008/Data_EGamma2018Dv2_2_8858.root

file path found: /hdfs/store/user/varuns/Run2018D_Prompt/EGamma/crab_job_EGamma2018Dv2_2/190526_233615/0008/Data_EGamma2018Dv2_2_8859.root
name: Data_EGamma2018Dv2_2_8859.root
filenumber: 88
Adding FullPathInputFile to chain:/hdfs/store/user/varuns/Run2018D_Prompt/EGamma/crab_job_EGamma2018Dv2_2/190526_233615/0008/Data_EGamma2018Dv2_2_8859.root

file path found: /hdfs/store/user/varuns/Run2018D_Prompt/EGamma/crab_job_EGamma2018Dv2_2/190526_233615/0008/Data_EGamma2018Dv2_2_8862.root
name: Data_EGamma2018Dv2_2_8862.root
filenumber: 89
Adding FullPathInputFile to chain:/hdfs/store/user/varuns/Run2018D_Prompt/EGamma/crab_job_EGamma2018Dv2_2/190526_233615/0008/Data_EGamma2018Dv2_2_8862.root

file path found: /hdfs/store/user/varuns/Run2018D_Prompt/EGamma/crab_job_EGamma2018Dv2_2/190526_233615/0008/Data_EGamma2018Dv2_2_8863.root
name: Data_EGamma2018Dv2_2_8863.root
filenumber: 90
Adding FullPathInputFile to chain:/hdfs/store/user/varuns/Run2018D_Prompt/EGamma/crab_job_EGamma2018Dv2_2/190526_233615/0008/Data_EGamma2018Dv2_2_8863.root

file path found: /hdfs/store/user/varuns/Run2018D_Prompt/EGamma/crab_job_EGamma2018Dv2_2/190526_233615/0008/Data_EGamma2018Dv2_2_8866.root
name: Data_EGamma2018Dv2_2_8866.root
filenumber: 91
Adding FullPathInputFile to chain:/hdfs/store/user/varuns/Run2018D_Prompt/EGamma/crab_job_EGamma2018Dv2_2/190526_233615/0008/Data_EGamma2018Dv2_2_8866.root

file path found: /hdfs/store/user/varuns/Run2018D_Prompt/EGamma/crab_job_EGamma2018Dv2_2/190526_233615/0008/Data_EGamma2018Dv2_2_8871.root
name: Data_EGamma2018Dv2_2_8871.root
filenumber: 92
Adding FullPathInputFile to chain:/hdfs/store/user/varuns/Run2018D_Prompt/EGamma/crab_job_EGamma2018Dv2_2/190526_233615/0008/Data_EGamma2018Dv2_2_8871.root

file path found: /hdfs/store/user/varuns/Run2018D_Prompt/EGamma/crab_job_EGamma2018Dv2_2/190526_233615/0008/Data_EGamma2018Dv2_2_8872.root
name: Data_EGamma2018Dv2_2_8872.root
filenumber: 93
Adding FullPathInputFile to chain:/hdfs/store/user/varuns/Run2018D_Prompt/EGamma/crab_job_EGamma2018Dv2_2/190526_233615/0008/Data_EGamma2018Dv2_2_8872.root

file path found: /hdfs/store/user/varuns/Run2018D_Prompt/EGamma/crab_job_EGamma2018Dv2_2/190526_233615/0008/Data_EGamma2018Dv2_2_8874.root
name: Data_EGamma2018Dv2_2_8874.root
filenumber: 94
Adding FullPathInputFile to chain:/hdfs/store/user/varuns/Run2018D_Prompt/EGamma/crab_job_EGamma2018Dv2_2/190526_233615/0008/Data_EGamma2018Dv2_2_8874.root

file path found: /hdfs/store/user/varuns/Run2018D_Prompt/EGamma/crab_job_EGamma2018Dv2_2/190526_233615/0008/Data_EGamma2018Dv2_2_8875.root
name: Data_EGamma2018Dv2_2_8875.root
filenumber: 95
Adding FullPathInputFile to chain:/hdfs/store/user/varuns/Run2018D_Prompt/EGamma/crab_job_EGamma2018Dv2_2/190526_233615/0008/Data_EGamma2018Dv2_2_8875.root

file path found: /hdfs/store/user/varuns/Run2018D_Prompt/EGamma/crab_job_EGamma2018Dv2_2/190526_233615/0008/Data_EGamma2018Dv2_2_8876.root
name: Data_EGamma2018Dv2_2_8876.root
filenumber: 96
Adding FullPathInputFile to chain:/hdfs/store/user/varuns/Run2018D_Prompt/EGamma/crab_job_EGamma2018Dv2_2/190526_233615/0008/Data_EGamma2018Dv2_2_8876.root

file path found: /hdfs/store/user/varuns/Run2018D_Prompt/EGamma/crab_job_EGamma2018Dv2_2/190526_233615/0008/Data_EGamma2018Dv2_2_8877.root
name: Data_EGamma2018Dv2_2_8877.root
filenumber: 97
Adding FullPathInputFile to chain:/hdfs/store/user/varuns/Run2018D_Prompt/EGamma/crab_job_EGamma2018Dv2_2/190526_233615/0008/Data_EGamma2018Dv2_2_8877.root

file path found: /hdfs/store/user/varuns/Run2018D_Prompt/EGamma/crab_job_EGamma2018Dv2_2/190526_233615/0008/Data_EGamma2018Dv2_2_8878.root
name: Data_EGamma2018Dv2_2_8878.root
filenumber: 98
Adding FullPathInputFile to chain:/hdfs/store/user/varuns/Run2018D_Prompt/EGamma/crab_job_EGamma2018Dv2_2/190526_233615/0008/Data_EGamma2018Dv2_2_8878.root

file path found: /hdfs/store/user/varuns/Run2018D_Prompt/EGamma/crab_job_EGamma2018Dv2_2/190526_233615/0008/Data_EGamma2018Dv2_2_8882.root
name: Data_EGamma2018Dv2_2_8882.root
filenumber: 99
Adding FullPathInputFile to chain:/hdfs/store/user/varuns/Run2018D_Prompt/EGamma/crab_job_EGamma2018Dv2_2/190526_233615/0008/Data_EGamma2018Dv2_2_8882.root

file path found: /hdfs/store/user/varuns/Run2018D_Prompt/EGamma/crab_job_EGamma2018Dv2_2/190526_233615/0008/.
name: .
filenumber: 100
file path found: /hdfs/store/user/varuns/Run2018D_Prompt/EGamma/crab_job_EGamma2018Dv2_2/190526_233615/0008/..
name: ..
filenumber: 101
50 files added.
Initializing chain.
Coming in: 
nentries:877052
Running over 877052 events.
Finished entry 0/877051
Finished entry 10000/877051
Finished entry 20000/877051
Finished entry 30000/877051
Finished entry 40000/877051
Finished entry 50000/877051
Finished entry 60000/877051
Finished entry 70000/877051
Finished entry 80000/877051
Finished entry 90000/877051
Finished entry 100000/877051
Finished entry 110000/877051
Finished entry 120000/877051
Finished entry 130000/877051
Finished entry 140000/877051
Finished entry 150000/877051
Finished entry 160000/877051
Finished entry 170000/877051
Finished entry 180000/877051
Finished entry 190000/877051
Finished entry 200000/877051
Finished entry 210000/877051
Finished entry 220000/877051
Finished entry 230000/877051
Finished entry 240000/877051
Finished entry 250000/877051
Finished entry 260000/877051
Finished entry 270000/877051
Finished entry 280000/877051
Finished entry 290000/877051
Finished entry 300000/877051
Finished entry 310000/877051
Finished entry 320000/877051
Finished entry 330000/877051
Finished entry 340000/877051
Finished entry 350000/877051
Finished entry 360000/877051
Finished entry 370000/877051
Finished entry 380000/877051
Finished entry 390000/877051
Finished entry 400000/877051
Finished entry 410000/877051
Finished entry 420000/877051
Finished entry 430000/877051
Finished entry 440000/877051
Finished entry 450000/877051
Finished entry 460000/877051
Finished entry 470000/877051
Finished entry 480000/877051
Finished entry 490000/877051
Finished entry 500000/877051
Finished entry 510000/877051
Finished entry 520000/877051
Finished entry 530000/877051
Finished entry 540000/877051
Finished entry 550000/877051
Finished entry 560000/877051
Finished entry 570000/877051
Finished entry 580000/877051
Finished entry 590000/877051
Finished entry 600000/877051
Finished entry 610000/877051
Finished entry 620000/877051
Finished entry 630000/877051
Finished entry 640000/877051
Finished entry 650000/877051
Finished entry 660000/877051
Finished entry 670000/877051
Finished entry 680000/877051
Finished entry 690000/877051
Finished entry 700000/877051
Finished entry 710000/877051
Finished entry 720000/877051
Finished entry 730000/877051
Finished entry 740000/877051
Finished entry 750000/877051
Finished entry 760000/877051
Finished entry 770000/877051
Finished entry 780000/877051
Finished entry 790000/877051
Finished entry 800000/877051
Finished entry 810000/877051
Finished entry 820000/877051
Finished entry 830000/877051
Finished entry 840000/877051
Finished entry 850000/877051
Finished entry 860000/877051
Finished entry 870000/877051
