000 (690120.011.000) 07/11 07:32:18 Job submitted from host: <144.92.181.245:9618?addrs=144.92.181.245-9618+[2607-f388-101c-1000--372]-9618&noUDP&sock=6179_dbc8_3>
...
001 (690120.011.000) 07/11 09:32:27 Job executing on host: <144.92.181.189:9618?addrs=144.92.181.189-9618+[2607-f388-101c-1000--629]-9618&noUDP&sock=10089_cb16_3>
...
006 (690120.011.000) 07/11 09:32:35 Image size of job updated: 228156
	106  -  MemoryUsage of job (MB)
	107752  -  ResidentSetSize of job (KB)
...
005 (690120.011.000) 07/11 09:48:49 Job terminated.
	(1) Normal termination (return value 0)
		Usr 0 00:01:32, Sys 0 00:00:05  -  Run Remote Usage
		Usr 0 00:00:00, Sys 0 00:00:00  -  Run Local Usage
		Usr 0 00:01:32, Sys 0 00:00:05  -  Total Remote Usage
		Usr 0 00:00:00, Sys 0 00:00:00  -  Total Local Usage
	245290  -  Run Bytes Sent By Job
	302156  -  Run Bytes Received By Job
	245290  -  Total Bytes Sent By Job
	302156  -  Total Bytes Received By Job
	Partitionable Resources :    Usage  Request Allocated
	   Cpus                 :                 1         1
	   Disk (KB)            :  1000000  2048000   7917461
	   Memory (MB)          :      106     1992      1992
...
