000 (690120.012.000) 07/11 07:32:18 Job submitted from host: <144.92.181.245:9618?addrs=144.92.181.245-9618+[2607-f388-101c-1000--372]-9618&noUDP&sock=6179_dbc8_3>
...
001 (690120.012.000) 07/11 09:32:29 Job executing on host: <144.92.180.60:9618?addrs=144.92.180.60-9618+[2607-f388-101c-1000--629]-9618&noUDP&sock=7010_dafc_3>
...
006 (690120.012.000) 07/11 09:32:38 Image size of job updated: 1732
	1  -  MemoryUsage of job (MB)
	548  -  ResidentSetSize of job (KB)
...
006 (690120.012.000) 07/11 09:52:38 Image size of job updated: 283216
	274  -  MemoryUsage of job (MB)
	279576  -  ResidentSetSize of job (KB)
...
005 (690120.012.000) 07/11 09:58:08 Job terminated.
	(1) Normal termination (return value 0)
		Usr 0 00:03:26, Sys 0 00:00:10  -  Run Remote Usage
		Usr 0 00:00:00, Sys 0 00:00:00  -  Run Local Usage
		Usr 0 00:03:26, Sys 0 00:00:10  -  Total Remote Usage
		Usr 0 00:00:00, Sys 0 00:00:00  -  Total Local Usage
	291908  -  Run Bytes Sent By Job
	302156  -  Run Bytes Received By Job
	291908  -  Total Bytes Sent By Job
	302156  -  Total Bytes Received By Job
	Partitionable Resources :    Usage  Request Allocated
	   Cpus                 :                 1         1
	   Disk (KB)            :  1000000  2048000   4750523
	   Memory (MB)          :      274     1992      1992
...
