000 (691497.000.000) 07/11 11:28:03 Job submitted from host: <144.92.181.245:9618?addrs=144.92.181.245-9618+[2607-f388-101c-1000--372]-9618&noUDP&sock=6179_dbc8_3>
...
001 (691497.000.000) 07/11 12:14:48 Job executing on host: <144.92.180.239:9618?addrs=144.92.180.239-9618+[2607-f388-101c-1000--629]-9618&noUDP&sock=9884_2e2c_3>
...
006 (691497.000.000) 07/11 12:14:56 Image size of job updated: 170232
	53  -  MemoryUsage of job (MB)
	53588  -  ResidentSetSize of job (KB)
...
006 (691497.000.000) 07/11 12:34:56 Image size of job updated: 234972
	230  -  MemoryUsage of job (MB)
	234972  -  ResidentSetSize of job (KB)
...
006 (691497.000.000) 07/11 12:44:42 Image size of job updated: 239180
	230  -  MemoryUsage of job (MB)
	234972  -  ResidentSetSize of job (KB)
...
005 (691497.000.000) 07/11 12:44:43 Job terminated.
	(1) Normal termination (return value 0)
		Usr 0 00:02:07, Sys 0 00:00:05  -  Run Remote Usage
		Usr 0 00:00:00, Sys 0 00:00:00  -  Run Local Usage
		Usr 0 00:02:07, Sys 0 00:00:05  -  Total Remote Usage
		Usr 0 00:00:00, Sys 0 00:00:00  -  Total Local Usage
	399342  -  Run Bytes Sent By Job
	306644  -  Run Bytes Received By Job
	399342  -  Total Bytes Sent By Job
	306644  -  Total Bytes Received By Job
	Partitionable Resources :    Usage  Request Allocated
	   Cpus                 :                 1         1
	   Disk (KB)            :  1000000  2048000   7916739
	   Memory (MB)          :      230     1992      1992
...
