000 (691497.013.000) 07/11 11:28:03 Job submitted from host: <144.92.181.245:9618?addrs=144.92.181.245-9618+[2607-f388-101c-1000--372]-9618&noUDP&sock=6179_dbc8_3>
...
001 (691497.013.000) 07/11 12:15:22 Job executing on host: <128.104.227.12:9618?addrs=128.104.227.12-9618+[2607-f388-101c-1000--629]-9618&noUDP&sock=10301_352a_3>
...
006 (691497.013.000) 07/11 12:15:31 Image size of job updated: 216632
	106  -  MemoryUsage of job (MB)
	108408  -  ResidentSetSize of job (KB)
...
006 (691497.013.000) 07/11 12:35:32 Image size of job updated: 239620
	234  -  MemoryUsage of job (MB)
	239520  -  ResidentSetSize of job (KB)
...
006 (691497.013.000) 07/11 12:36:06 Image size of job updated: 239740
	234  -  MemoryUsage of job (MB)
	239520  -  ResidentSetSize of job (KB)
...
005 (691497.013.000) 07/11 12:36:07 Job terminated.
	(1) Normal termination (return value 0)
		Usr 0 00:02:14, Sys 0 00:00:06  -  Run Remote Usage
		Usr 0 00:00:00, Sys 0 00:00:00  -  Run Local Usage
		Usr 0 00:02:14, Sys 0 00:00:06  -  Total Remote Usage
		Usr 0 00:00:00, Sys 0 00:00:00  -  Total Local Usage
	404270  -  Run Bytes Sent By Job
	306644  -  Run Bytes Received By Job
	404270  -  Total Bytes Sent By Job
	306644  -  Total Bytes Received By Job
	Partitionable Resources :    Usage  Request Allocated
	   Cpus                 :                 1         1
	   Disk (KB)            :  1000000  2048000   9501185
	   Memory (MB)          :      234     1992      1992
...
