000 (691497.014.000) 07/11 11:28:03 Job submitted from host: <144.92.181.245:9618?addrs=144.92.181.245-9618+[2607-f388-101c-1000--372]-9618&noUDP&sock=6179_dbc8_3>
...
001 (691497.014.000) 07/11 12:15:28 Job executing on host: <144.92.180.164:9618?addrs=144.92.180.164-9618+[2607-f388-101c-1000--629]-9618&noUDP&sock=7723_ea02_3>
...
006 (691497.014.000) 07/11 12:15:37 Image size of job updated: 168132
	53  -  MemoryUsage of job (MB)
	53464  -  ResidentSetSize of job (KB)
...
006 (691497.014.000) 07/11 12:35:37 Image size of job updated: 240224
	235  -  MemoryUsage of job (MB)
	239968  -  ResidentSetSize of job (KB)
...
006 (691497.014.000) 07/11 12:39:16 Image size of job updated: 483824
	235  -  MemoryUsage of job (MB)
	239968  -  ResidentSetSize of job (KB)
...
005 (691497.014.000) 07/11 12:39:17 Job terminated.
	(1) Normal termination (return value 0)
		Usr 0 00:01:50, Sys 0 00:00:06  -  Run Remote Usage
		Usr 0 00:00:00, Sys 0 00:00:00  -  Run Local Usage
		Usr 0 00:01:50, Sys 0 00:00:06  -  Total Remote Usage
		Usr 0 00:00:00, Sys 0 00:00:00  -  Total Local Usage
	400268  -  Run Bytes Sent By Job
	306644  -  Run Bytes Received By Job
	400268  -  Total Bytes Sent By Job
	306644  -  Total Bytes Received By Job
	Partitionable Resources :    Usage  Request Allocated
	   Cpus                 :                 1         1
	   Disk (KB)            :  1000000  2048000   7918298
	   Memory (MB)          :      235     1992      1992
...
