000 (691497.002.000) 07/11 11:28:03 Job submitted from host: <144.92.181.245:9618?addrs=144.92.181.245-9618+[2607-f388-101c-1000--372]-9618&noUDP&sock=6179_dbc8_3>
...
001 (691497.002.000) 07/11 12:14:53 Job executing on host: <144.92.180.152:9618?addrs=144.92.180.152-9618+[2607-f388-101c-1000--629]-9618&noUDP&sock=7588_50b9_3>
...
006 (691497.002.000) 07/11 12:15:02 Image size of job updated: 216724
	106  -  MemoryUsage of job (MB)
	108404  -  ResidentSetSize of job (KB)
...
006 (691497.002.000) 07/11 12:35:03 Image size of job updated: 239160
	233  -  MemoryUsage of job (MB)
	238544  -  ResidentSetSize of job (KB)
...
005 (691497.002.000) 07/11 12:37:31 Job terminated.
	(1) Normal termination (return value 0)
		Usr 0 00:02:24, Sys 0 00:00:07  -  Run Remote Usage
		Usr 0 00:00:00, Sys 0 00:00:00  -  Run Local Usage
		Usr 0 00:02:24, Sys 0 00:00:07  -  Total Remote Usage
		Usr 0 00:00:00, Sys 0 00:00:00  -  Total Local Usage
	401808  -  Run Bytes Sent By Job
	306644  -  Run Bytes Received By Job
	401808  -  Total Bytes Sent By Job
	306644  -  Total Bytes Received By Job
	Partitionable Resources :    Usage  Request Allocated
	   Cpus                 :                 1         1
	   Disk (KB)            :  1000000  2048000   7917034
	   Memory (MB)          :      233     1992      1992
...
