000 (695987.000.000) 07/12 06:42:27 Job submitted from host: <144.92.181.245:9618?addrs=144.92.181.245-9618+[2607-f388-101c-1000--372]-9618&noUDP&sock=6179_dbc8_3>
...
001 (695987.000.000) 07/12 08:16:39 Job executing on host: <128.104.227.12:9618?addrs=128.104.227.12-9618+[2607-f388-101c-1000--629]-9618&noUDP&sock=10301_352a_3>
...
006 (695987.000.000) 07/12 08:16:48 Image size of job updated: 157940
	106  -  MemoryUsage of job (MB)
	108116  -  ResidentSetSize of job (KB)
...
006 (695987.000.000) 07/12 08:26:22 Image size of job updated: 248140
	106  -  MemoryUsage of job (MB)
	108116  -  ResidentSetSize of job (KB)
...
005 (695987.000.000) 07/12 08:26:23 Job terminated.
	(1) Normal termination (return value 0)
		Usr 0 00:01:03, Sys 0 00:00:03  -  Run Remote Usage
		Usr 0 00:00:00, Sys 0 00:00:00  -  Run Local Usage
		Usr 0 00:01:03, Sys 0 00:00:03  -  Total Remote Usage
		Usr 0 00:00:00, Sys 0 00:00:00  -  Total Local Usage
	195444  -  Run Bytes Sent By Job
	281287  -  Run Bytes Received By Job
	195444  -  Total Bytes Sent By Job
	281287  -  Total Bytes Received By Job
	Partitionable Resources :    Usage  Request Allocated
	   Cpus                 :                 1         1
	   Disk (KB)            :  1000000  2048000   9501185
	   Memory (MB)          :      106     1992      1992
...
