000 (1262645.009.000) 07/25 12:34:51 Job submitted from host: <144.92.180.28:9618?addrs=144.92.180.28-9618+[2607-f388-101c-1000--370]-9618&noUDP&sock=5187_6dd5_82>
...
001 (1262645.009.000) 07/25 14:36:39 Job executing on host: <144.92.180.111:9618?addrs=144.92.180.111-9618+[2607-f388-101c-1000--629]-9618&noUDP&sock=7464_42fb_3>
...
006 (1262645.009.000) 07/25 14:36:48 Image size of job updated: 229188
	107  -  MemoryUsage of job (MB)
	108632  -  ResidentSetSize of job (KB)
...
005 (1262645.009.000) 07/25 14:47:53 Job terminated.
	(1) Normal termination (return value 0)
		Usr 0 00:01:47, Sys 0 00:00:09  -  Run Remote Usage
		Usr 0 00:00:00, Sys 0 00:00:00  -  Run Local Usage
		Usr 0 00:01:47, Sys 0 00:00:09  -  Total Remote Usage
		Usr 0 00:00:00, Sys 0 00:00:00  -  Total Local Usage
	446446  -  Run Bytes Sent By Job
	283691  -  Run Bytes Received By Job
	446446  -  Total Bytes Sent By Job
	283691  -  Total Bytes Received By Job
	Partitionable Resources :    Usage  Request Allocated
	   Cpus                 :                 1         1
	   Disk (KB)            :  1000000  2048000   6334528
	   Memory (MB)          :      107     1992      1992
...
