000 (695989.000.000) 07/12 06:42:30 Job submitted from host: <144.92.181.245:9618?addrs=144.92.181.245-9618+[2607-f388-101c-1000--372]-9618&noUDP&sock=6179_dbc8_3>
...
001 (695989.000.000) 07/12 08:17:22 Job executing on host: <144.92.180.142:9618?addrs=144.92.180.142-9618+[2607-f388-101c-1000--629]-9618&noUDP&sock=7677_5ca7_3>
...
006 (695989.000.000) 07/12 08:17:31 Image size of job updated: 216336
	106  -  MemoryUsage of job (MB)
	108516  -  ResidentSetSize of job (KB)
...
006 (695989.000.000) 07/12 08:37:32 Image size of job updated: 263668
	258  -  MemoryUsage of job (MB)
	263544  -  ResidentSetSize of job (KB)
...
006 (695989.000.000) 07/12 08:40:46 Image size of job updated: 263684
	258  -  MemoryUsage of job (MB)
	263544  -  ResidentSetSize of job (KB)
...
005 (695989.000.000) 07/12 08:40:47 Job terminated.
	(1) Normal termination (return value 0)
		Usr 0 00:02:09, Sys 0 00:00:07  -  Run Remote Usage
		Usr 0 00:00:00, Sys 0 00:00:00  -  Run Local Usage
		Usr 0 00:02:09, Sys 0 00:00:07  -  Total Remote Usage
		Usr 0 00:00:00, Sys 0 00:00:00  -  Total Local Usage
	375793  -  Run Bytes Sent By Job
	281287  -  Run Bytes Received By Job
	375793  -  Total Bytes Sent By Job
	281287  -  Total Bytes Received By Job
	Partitionable Resources :    Usage  Request Allocated
	   Cpus                 :                 1         1
	   Disk (KB)            :  1000000  2048000   7918264
	   Memory (MB)          :      258     1992      1992
...
