000 (695989.014.000) 07/12 06:42:30 Job submitted from host: <144.92.181.245:9618?addrs=144.92.181.245-9618+[2607-f388-101c-1000--372]-9618&noUDP&sock=6179_dbc8_3>
...
001 (695989.014.000) 07/12 08:17:49 Job executing on host: <128.104.227.40:9618?addrs=128.104.227.40-9618+[2607-f388-101c-1000--629]-9618&noUDP&sock=10264_d429_3>
...
006 (695989.014.000) 07/12 08:17:58 Image size of job updated: 214312
	106  -  MemoryUsage of job (MB)
	108504  -  ResidentSetSize of job (KB)
...
006 (695989.014.000) 07/12 08:34:47 Image size of job updated: 505768
	106  -  MemoryUsage of job (MB)
	108504  -  ResidentSetSize of job (KB)
...
005 (695989.014.000) 07/12 08:34:49 Job terminated.
	(1) Normal termination (return value 0)
		Usr 0 00:02:05, Sys 0 00:00:08  -  Run Remote Usage
		Usr 0 00:00:00, Sys 0 00:00:00  -  Run Local Usage
		Usr 0 00:02:05, Sys 0 00:00:08  -  Total Remote Usage
		Usr 0 00:00:00, Sys 0 00:00:00  -  Total Local Usage
	374709  -  Run Bytes Sent By Job
	281287  -  Run Bytes Received By Job
	374709  -  Total Bytes Sent By Job
	281287  -  Total Bytes Received By Job
	Partitionable Resources :    Usage  Request Allocated
	   Cpus                 :                 1         1
	   Disk (KB)            :  1000000  2048000   9500532
	   Memory (MB)          :      106     1992      1992
...
