000 (690109.000.000) 07/11 07:32:05 Job submitted from host: <144.92.181.245:9618?addrs=144.92.181.245-9618+[2607-f388-101c-1000--372]-9618&noUDP&sock=6179_dbc8_3>
...
001 (690109.000.000) 07/11 09:25:34 Job executing on host: <144.92.181.212:9618?addrs=144.92.181.212-9618+[2607-f388-101c-1000--629]-9618&noUDP&sock=6802_2f49_3>
...
006 (690109.000.000) 07/11 09:25:43 Image size of job updated: 229092
	107  -  MemoryUsage of job (MB)
	108860  -  ResidentSetSize of job (KB)
...
005 (690109.000.000) 07/11 09:38:58 Job terminated.
	(1) Normal termination (return value 0)
		Usr 0 00:02:07, Sys 0 00:00:07  -  Run Remote Usage
		Usr 0 00:00:00, Sys 0 00:00:00  -  Run Local Usage
		Usr 0 00:02:07, Sys 0 00:00:07  -  Total Remote Usage
		Usr 0 00:00:00, Sys 0 00:00:00  -  Total Local Usage
	110851  -  Run Bytes Sent By Job
	302156  -  Run Bytes Received By Job
	110851  -  Total Bytes Sent By Job
	302156  -  Total Bytes Received By Job
	Partitionable Resources :    Usage  Request Allocated
	   Cpus                 :                 1         1
	   Disk (KB)            :  1000000  2048000   3166682
	   Memory (MB)          :      107     1992      1992
...
