000 (690125.010.000) 07/11 07:32:25 Job submitted from host: <144.92.181.245:9618?addrs=144.92.181.245-9618+[2607-f388-101c-1000--372]-9618&noUDP&sock=6179_dbc8_3>
...
001 (690125.010.000) 07/11 09:35:28 Job executing on host: <144.92.181.85:9618?addrs=144.92.181.85-9618+[2607-f388-101c-1000--629]-9618&noUDP&sock=7058_c787_3>
...
006 (690125.010.000) 07/11 09:35:37 Image size of job updated: 170500
	53  -  MemoryUsage of job (MB)
	53328  -  ResidentSetSize of job (KB)
...
005 (690125.010.000) 07/11 09:55:07 Job terminated.
	(1) Normal termination (return value 0)
		Usr 0 00:03:39, Sys 0 00:00:11  -  Run Remote Usage
		Usr 0 00:00:00, Sys 0 00:00:00  -  Run Local Usage
		Usr 0 00:03:39, Sys 0 00:00:11  -  Total Remote Usage
		Usr 0 00:00:00, Sys 0 00:00:00  -  Total Local Usage
	341398  -  Run Bytes Sent By Job
	302156  -  Run Bytes Received By Job
	341398  -  Total Bytes Sent By Job
	302156  -  Total Bytes Received By Job
	Partitionable Resources :    Usage  Request Allocated
	   Cpus                 :                 1         1
	   Disk (KB)            :  1000000  2048000   4746912
	   Memory (MB)          :       53     1992      1992
...
