000 (690125.005.000) 07/11 07:32:25 Job submitted from host: <144.92.181.245:9618?addrs=144.92.181.245-9618+[2607-f388-101c-1000--372]-9618&noUDP&sock=6179_dbc8_3>
...
001 (690125.005.000) 07/11 09:35:10 Job executing on host: <144.92.180.155:9618?addrs=144.92.180.155-9618+[2607-f388-101c-1000--629]-9618&noUDP&sock=7691_f6fa_3>
...
006 (690125.005.000) 07/11 09:35:19 Image size of job updated: 226744
	106  -  MemoryUsage of job (MB)
	107900  -  ResidentSetSize of job (KB)
...
005 (690125.005.000) 07/11 09:50:46 Job terminated.
	(1) Normal termination (return value 0)
		Usr 0 00:01:46, Sys 0 00:00:05  -  Run Remote Usage
		Usr 0 00:00:00, Sys 0 00:00:00  -  Run Local Usage
		Usr 0 00:01:46, Sys 0 00:00:05  -  Total Remote Usage
		Usr 0 00:00:00, Sys 0 00:00:00  -  Total Local Usage
	334466  -  Run Bytes Sent By Job
	302156  -  Run Bytes Received By Job
	334466  -  Total Bytes Sent By Job
	302156  -  Total Bytes Received By Job
	Partitionable Resources :    Usage  Request Allocated
	   Cpus                 :                 1         1
	   Disk (KB)            :  1000000  2048000   7918829
	   Memory (MB)          :      106     1992      1992
...
