000 (696091.004.000) 07/12 06:44:58 Job submitted from host: <144.92.181.245:9618?addrs=144.92.181.245-9618+[2607-f388-101c-1000--372]-9618&noUDP&sock=6179_dbc8_3>
...
001 (695094.004.000) 07/12 08:01:48 Job executing on host: <144.92.180.133:9618?addrs=144.92.180.133-9618+[2607-f388-101c-1000--629]-9618&noUDP&sock=9913_126b_3>
...
006 (695094.004.000) 07/12 08:01:57 Image size of job updated: 216864
	106  -  MemoryUsage of job (MB)
	108500  -  ResidentSetSize of job (KB)
...
006 (695094.004.000) 07/12 08:19:44 Image size of job updated: 244380
	106  -  MemoryUsage of job (MB)
	108500  -  ResidentSetSize of job (KB)
...
005 (695094.004.000) 07/12 08:19:45 Job terminated.
	(1) Normal termination (return value 0)
		Usr 0 00:02:14, Sys 0 00:00:05  -  Run Remote Usage
		Usr 0 00:00:00, Sys 0 00:00:00  -  Run Local Usage
		Usr 0 00:02:14, Sys 0 00:00:05  -  Total Remote Usage
		Usr 0 00:00:00, Sys 0 00:00:00  -  Total Local Usage
	418430  -  Run Bytes Sent By Job
	281287  -  Run Bytes Received By Job
	418430  -  Total Bytes Sent By Job
	281287  -  Total Bytes Received By Job
	Partitionable Resources :    Usage  Request Allocated
	   Cpus                 :                 1         1
	   Disk (KB)            :  1000000  2048000   7917438
	   Memory (MB)          :      106     1992      1992
...
001 (696091.004.000) 07/12 08:58:59 Job executing on host: <144.92.181.152:9618?addrs=144.92.181.152-9618+[2607-f388-101c-1000--629]-9618&noUDP&sock=10012_fa4b_3>
...
006 (696091.004.000) 07/12 08:59:08 Image size of job updated: 68768
	53  -  MemoryUsage of job (MB)
	53256  -  ResidentSetSize of job (KB)
...
006 (696091.004.000) 07/12 09:19:09 Image size of job updated: 262188
	237  -  MemoryUsage of job (MB)
	242492  -  ResidentSetSize of job (KB)
...
005 (696091.004.000) 07/12 09:19:35 Job terminated.
	(1) Normal termination (return value 0)
		Usr 0 00:02:11, Sys 0 00:00:08  -  Run Remote Usage
		Usr 0 00:00:00, Sys 0 00:00:00  -  Run Local Usage
		Usr 0 00:02:11, Sys 0 00:00:08  -  Total Remote Usage
		Usr 0 00:00:00, Sys 0 00:00:00  -  Total Local Usage
	418430  -  Run Bytes Sent By Job
	281287  -  Run Bytes Received By Job
	418430  -  Total Bytes Sent By Job
	281287  -  Total Bytes Received By Job
	Partitionable Resources :    Usage  Request Allocated
	   Cpus                 :                 1         1
	   Disk (KB)            :  1000000  2048000   7918948
	   Memory (MB)          :      237     1992      1992
...
