000 (696091.008.000) 07/12 06:44:58 Job submitted from host: <144.92.181.245:9618?addrs=144.92.181.245-9618+[2607-f388-101c-1000--372]-9618&noUDP&sock=6179_dbc8_3>
...
001 (695094.008.000) 07/12 08:01:51 Job executing on host: <128.104.227.40:9618?addrs=128.104.227.40-9618+[2607-f388-101c-1000--629]-9618&noUDP&sock=10264_d429_3>
...
006 (695094.008.000) 07/12 08:02:00 Image size of job updated: 216088
	107  -  MemoryUsage of job (MB)
	108548  -  ResidentSetSize of job (KB)
...
006 (695094.008.000) 07/12 08:22:01 Image size of job updated: 261384
	239  -  MemoryUsage of job (MB)
	243856  -  ResidentSetSize of job (KB)
...
005 (695094.008.000) 07/12 08:22:03 Job terminated.
	(1) Normal termination (return value 0)
		Usr 0 00:02:12, Sys 0 00:00:06  -  Run Remote Usage
		Usr 0 00:00:00, Sys 0 00:00:00  -  Run Local Usage
		Usr 0 00:02:12, Sys 0 00:00:06  -  Total Remote Usage
		Usr 0 00:00:00, Sys 0 00:00:00  -  Total Local Usage
	417537  -  Run Bytes Sent By Job
	281287  -  Run Bytes Received By Job
	417537  -  Total Bytes Sent By Job
	281287  -  Total Bytes Received By Job
	Partitionable Resources :    Usage  Request Allocated
	   Cpus                 :                 1         1
	   Disk (KB)            :  1000000  2048000   9500532
	   Memory (MB)          :      239     1992      1992
...
001 (696091.008.000) 07/12 08:58:59 Job executing on host: <144.92.181.152:9618?addrs=144.92.181.152-9618+[2607-f388-101c-1000--629]-9618&noUDP&sock=10012_fa4b_3>
...
006 (696091.008.000) 07/12 08:59:08 Image size of job updated: 69496
	53  -  MemoryUsage of job (MB)
	53256  -  ResidentSetSize of job (KB)
...
005 (696091.008.000) 07/12 09:17:57 Job terminated.
	(1) Normal termination (return value 0)
		Usr 0 00:02:12, Sys 0 00:00:06  -  Run Remote Usage
		Usr 0 00:00:00, Sys 0 00:00:00  -  Run Local Usage
		Usr 0 00:02:12, Sys 0 00:00:06  -  Total Remote Usage
		Usr 0 00:00:00, Sys 0 00:00:00  -  Total Local Usage
	417537  -  Run Bytes Sent By Job
	281287  -  Run Bytes Received By Job
	417537  -  Total Bytes Sent By Job
	281287  -  Total Bytes Received By Job
	Partitionable Resources :    Usage  Request Allocated
	   Cpus                 :                 1         1
	   Disk (KB)            :  1000000  2048000   7918948
	   Memory (MB)          :       53     1992      1992
...
