000 (696017.013.000) 07/12 06:43:13 Job submitted from host: <144.92.181.245:9618?addrs=144.92.181.245-9618+[2607-f388-101c-1000--372]-9618&noUDP&sock=6179_dbc8_3>
...
001 (696017.013.000) 07/12 08:28:16 Job executing on host: <144.92.180.170:9618?addrs=144.92.180.170-9618+[2607-f388-101c-1000--629]-9618&noUDP&sock=7785_70e1_3>
...
006 (696017.013.000) 07/12 08:28:25 Image size of job updated: 216868
	107  -  MemoryUsage of job (MB)
	108564  -  ResidentSetSize of job (KB)
...
006 (696017.013.000) 07/12 08:48:26 Image size of job updated: 238844
	234  -  MemoryUsage of job (MB)
	238804  -  ResidentSetSize of job (KB)
...
006 (696017.013.000) 07/12 08:53:11 Image size of job updated: 238904
	234  -  MemoryUsage of job (MB)
	238804  -  ResidentSetSize of job (KB)
...
005 (696017.013.000) 07/12 08:53:12 Job terminated.
	(1) Normal termination (return value 0)
		Usr 0 00:02:24, Sys 0 00:00:08  -  Run Remote Usage
		Usr 0 00:00:00, Sys 0 00:00:00  -  Run Local Usage
		Usr 0 00:02:24, Sys 0 00:00:08  -  Total Remote Usage
		Usr 0 00:00:00, Sys 0 00:00:00  -  Total Local Usage
	412355  -  Run Bytes Sent By Job
	281287  -  Run Bytes Received By Job
	412355  -  Total Bytes Sent By Job
	281287  -  Total Bytes Received By Job
	Partitionable Resources :    Usage  Request Allocated
	   Cpus                 :                 1         1
	   Disk (KB)            :  1000000  2048000   7918265
	   Memory (MB)          :      234     1992      1992
...
