000 (696017.008.000) 07/12 06:43:13 Job submitted from host: <144.92.181.245:9618?addrs=144.92.181.245-9618+[2607-f388-101c-1000--372]-9618&noUDP&sock=6179_dbc8_3>
...
001 (696017.008.000) 07/12 08:28:06 Job executing on host: <144.92.181.205:9618?addrs=144.92.181.205-9618+[2607-f388-101c-1000--629]-9618&noUDP&sock=6858_9896_3>
...
006 (696017.008.000) 07/12 08:28:14 Image size of job updated: 53912
	53  -  MemoryUsage of job (MB)
	53588  -  ResidentSetSize of job (KB)
...
006 (696017.008.000) 07/12 08:48:14 Image size of job updated: 240008
	234  -  MemoryUsage of job (MB)
	239596  -  ResidentSetSize of job (KB)
...
006 (696017.008.000) 07/12 08:54:29 Image size of job updated: 482984
	234  -  MemoryUsage of job (MB)
	239596  -  ResidentSetSize of job (KB)
...
005 (696017.008.000) 07/12 08:54:30 Job terminated.
	(1) Normal termination (return value 0)
		Usr 0 00:05:19, Sys 0 00:00:17  -  Run Remote Usage
		Usr 0 00:00:00, Sys 0 00:00:00  -  Run Local Usage
		Usr 0 00:05:19, Sys 0 00:00:17  -  Total Remote Usage
		Usr 0 00:00:00, Sys 0 00:00:00  -  Total Local Usage
	414205  -  Run Bytes Sent By Job
	281287  -  Run Bytes Received By Job
	414205  -  Total Bytes Sent By Job
	281287  -  Total Bytes Received By Job
	Partitionable Resources :    Usage  Request Allocated
	   Cpus                 :                 1         1
	   Disk (KB)            :  1000000  2048000   3166630
	   Memory (MB)          :      234     1992      1992
...
