000 (1262575.001.000) 07/25 12:34:02 Job submitted from host: <144.92.180.28:9618?addrs=144.92.180.28-9618+[2607-f388-101c-1000--370]-9618&noUDP&sock=5187_6dd5_82>
...
001 (1262575.001.000) 07/25 13:45:50 Job executing on host: <128.104.227.52:9618?addrs=128.104.227.52-9618+[2607-f388-101c-1000--629]-9618&noUDP&sock=10306_a323_3>
...
006 (1262575.001.000) 07/25 13:45:59 Image size of job updated: 226988
	107  -  MemoryUsage of job (MB)
	108668  -  ResidentSetSize of job (KB)
...
006 (1262575.001.000) 07/25 14:01:10 Image size of job updated: 238500
	107  -  MemoryUsage of job (MB)
	108668  -  ResidentSetSize of job (KB)
...
005 (1262575.001.000) 07/25 14:01:11 Job terminated.
	(1) Normal termination (return value 0)
		Usr 0 00:02:28, Sys 0 00:00:09  -  Run Remote Usage
		Usr 0 00:00:00, Sys 0 00:00:00  -  Run Local Usage
		Usr 0 00:02:28, Sys 0 00:00:09  -  Total Remote Usage
		Usr 0 00:00:00, Sys 0 00:00:00  -  Total Local Usage
	437110  -  Run Bytes Sent By Job
	283691  -  Run Bytes Received By Job
	437110  -  Total Bytes Sent By Job
	283691  -  Total Bytes Received By Job
	Partitionable Resources :    Usage  Request Allocated
	   Cpus                 :                 1         1
	   Disk (KB)            :  1000000  2048000   9501202
	   Memory (MB)          :      107     1992      1992
...
