000 (690034.010.000) 07/11 07:30:07 Job submitted from host: <144.92.181.245:9618?addrs=144.92.181.245-9618+[2607-f388-101c-1000--372]-9618&noUDP&sock=6179_dbc8_3>
...
001 (690034.010.000) 07/11 08:06:51 Job executing on host: <144.92.180.153:9618?addrs=144.92.180.153-9618+[2607-f388-101c-1000--629]-9618&noUDP&sock=7902_b176_3>
...
006 (690034.010.000) 07/11 08:06:59 Image size of job updated: 226116
	106  -  MemoryUsage of job (MB)
	107756  -  ResidentSetSize of job (KB)
...
005 (690034.010.000) 07/11 08:14:05 Job terminated.
	(1) Normal termination (return value 0)
		Usr 0 00:01:09, Sys 0 00:00:04  -  Run Remote Usage
		Usr 0 00:00:00, Sys 0 00:00:00  -  Run Local Usage
		Usr 0 00:01:09, Sys 0 00:00:04  -  Total Remote Usage
		Usr 0 00:00:00, Sys 0 00:00:00  -  Total Local Usage
	285291  -  Run Bytes Sent By Job
	302156  -  Run Bytes Received By Job
	285291  -  Total Bytes Sent By Job
	302156  -  Total Bytes Received By Job
	Partitionable Resources :    Usage  Request Allocated
	   Cpus                 :                 1         1
	   Disk (KB)            :  1000000  2048000   7917482
	   Memory (MB)          :      106     1992      1992
...
