000 (690139.005.000) 07/11 07:32:50 Job submitted from host: <144.92.181.245:9618?addrs=144.92.181.245-9618+[2607-f388-101c-1000--372]-9618&noUDP&sock=6179_dbc8_3>
...
001 (690139.005.000) 07/11 09:47:15 Job executing on host: <144.92.180.206:9618?addrs=144.92.180.206-9618+[2607-f388-101c-1000--629]-9618&noUDP&sock=7711_aedf_3>
...
006 (690139.005.000) 07/11 09:47:24 Image size of job updated: 210580
	92  -  MemoryUsage of job (MB)
	93500  -  ResidentSetSize of job (KB)
...
006 (690139.005.000) 07/11 10:07:25 Image size of job updated: 234772
	230  -  MemoryUsage of job (MB)
	234728  -  ResidentSetSize of job (KB)
...
006 (690139.005.000) 07/11 10:11:24 Image size of job updated: 235308
	230  -  MemoryUsage of job (MB)
	234728  -  ResidentSetSize of job (KB)
...
005 (690139.005.000) 07/11 10:11:26 Job terminated.
	(1) Normal termination (return value 0)
		Usr 0 00:02:47, Sys 0 00:00:11  -  Run Remote Usage
		Usr 0 00:00:00, Sys 0 00:00:00  -  Run Local Usage
		Usr 0 00:02:47, Sys 0 00:00:11  -  Total Remote Usage
		Usr 0 00:00:00, Sys 0 00:00:00  -  Total Local Usage
	409731  -  Run Bytes Sent By Job
	302156  -  Run Bytes Received By Job
	409731  -  Total Bytes Sent By Job
	302156  -  Total Bytes Received By Job
	Partitionable Resources :    Usage  Request Allocated
	   Cpus                 :                 1         1
	   Disk (KB)            :  1000000  2048000   7910803
	   Memory (MB)          :      230     1992      1992
...
