000 (696036.001.000) 07/12 06:43:43 Job submitted from host: <144.92.181.245:9618?addrs=144.92.181.245-9618+[2607-f388-101c-1000--372]-9618&noUDP&sock=6179_dbc8_3>
...
001 (695039.001.000) 07/12 07:41:41 Job executing on host: <144.92.181.7:9618?addrs=144.92.181.7-9618+[2607-f388-101c-1000--629]-9618&noUDP&sock=7655_4592_3>
...
006 (695039.001.000) 07/12 07:41:49 Image size of job updated: 204948
	106  -  MemoryUsage of job (MB)
	108156  -  ResidentSetSize of job (KB)
...
006 (695039.001.000) 07/12 07:58:35 Image size of job updated: 250724
	106  -  MemoryUsage of job (MB)
	108156  -  ResidentSetSize of job (KB)
...
005 (695039.001.000) 07/12 07:58:35 Job terminated.
	(1) Normal termination (return value 0)
		Usr 0 00:01:07, Sys 0 00:00:05  -  Run Remote Usage
		Usr 0 00:00:00, Sys 0 00:00:00  -  Run Local Usage
		Usr 0 00:01:07, Sys 0 00:00:05  -  Total Remote Usage
		Usr 0 00:00:00, Sys 0 00:00:00  -  Total Local Usage
	154112  -  Run Bytes Sent By Job
	281287  -  Run Bytes Received By Job
	154112  -  Total Bytes Sent By Job
	281287  -  Total Bytes Received By Job
	Partitionable Resources :    Usage  Request Allocated
	   Cpus                 :                 1         1
	   Disk (KB)            :  1000000  2048000   7917233
	   Memory (MB)          :      106     1992      1992
...
001 (696036.001.000) 07/12 08:38:04 Job executing on host: <128.104.227.50:9618?addrs=128.104.227.50-9618+[2607-f388-101c-1000--629]-9618&noUDP&sock=10316_7f15_3>
...
006 (696036.001.000) 07/12 08:38:12 Image size of job updated: 216520
	106  -  MemoryUsage of job (MB)
	108152  -  ResidentSetSize of job (KB)
...
006 (696036.001.000) 07/12 08:53:09 Image size of job updated: 249224
	106  -  MemoryUsage of job (MB)
	108152  -  ResidentSetSize of job (KB)
...
005 (696036.001.000) 07/12 08:53:10 Job terminated.
	(1) Normal termination (return value 0)
		Usr 0 00:01:14, Sys 0 00:00:04  -  Run Remote Usage
		Usr 0 00:00:00, Sys 0 00:00:00  -  Run Local Usage
		Usr 0 00:01:14, Sys 0 00:00:04  -  Total Remote Usage
		Usr 0 00:00:00, Sys 0 00:00:00  -  Total Local Usage
	154112  -  Run Bytes Sent By Job
	281287  -  Run Bytes Received By Job
	154112  -  Total Bytes Sent By Job
	281287  -  Total Bytes Received By Job
	Partitionable Resources :    Usage  Request Allocated
	   Cpus                 :                 1         1
	   Disk (KB)            :  1000000  2048000   9498760
	   Memory (MB)          :      106     1992      1992
...
