000 (696072.000.000) 07/12 06:44:35 Job submitted from host: <144.92.181.245:9618?addrs=144.92.181.245-9618+[2607-f388-101c-1000--372]-9618&noUDP&sock=6179_dbc8_3>
...
001 (695075.000.000) 07/12 07:46:57 Job executing on host: <144.92.181.81:9618?addrs=144.92.181.81-9618+[2607-f388-101c-1000--629]-9618&noUDP&sock=7062_85e8_3>
...
006 (695075.000.000) 07/12 07:47:06 Image size of job updated: 140592
	106  -  MemoryUsage of job (MB)
	108272  -  ResidentSetSize of job (KB)
...
006 (695075.000.000) 07/12 08:07:06 Image size of job updated: 261784
	227  -  MemoryUsage of job (MB)
	232356  -  ResidentSetSize of job (KB)
...
005 (695075.000.000) 07/12 08:20:50 Job terminated.
	(1) Normal termination (return value 0)
		Usr 0 00:06:30, Sys 0 00:00:22  -  Run Remote Usage
		Usr 0 00:00:00, Sys 0 00:00:00  -  Run Local Usage
		Usr 0 00:06:30, Sys 0 00:00:22  -  Total Remote Usage
		Usr 0 00:00:00, Sys 0 00:00:00  -  Total Local Usage
	565405  -  Run Bytes Sent By Job
	281287  -  Run Bytes Received By Job
	565405  -  Total Bytes Sent By Job
	281287  -  Total Bytes Received By Job
	Partitionable Resources :    Usage  Request Allocated
	   Cpus                 :                 1         1
	   Disk (KB)            :  1000000  2048000   4748429
	   Memory (MB)          :      227     1992      1992
...
001 (696072.000.000) 07/12 08:53:22 Job executing on host: <144.92.180.216:9618?addrs=144.92.180.216-9618+[2607-f388-101c-1000--629]-9618&noUDP&sock=7661_6323_3>
...
006 (696072.000.000) 07/12 08:53:30 Image size of job updated: 41112
	40  -  MemoryUsage of job (MB)
	40060  -  ResidentSetSize of job (KB)
...
006 (696072.000.000) 07/12 09:13:30 Image size of job updated: 246716
	228  -  MemoryUsage of job (MB)
	233060  -  ResidentSetSize of job (KB)
...
005 (696072.000.000) 07/12 09:21:44 Job terminated.
	(1) Normal termination (return value 0)
		Usr 0 00:03:16, Sys 0 00:00:11  -  Run Remote Usage
		Usr 0 00:00:00, Sys 0 00:00:00  -  Run Local Usage
		Usr 0 00:03:16, Sys 0 00:00:11  -  Total Remote Usage
		Usr 0 00:00:00, Sys 0 00:00:00  -  Total Local Usage
	560736  -  Run Bytes Sent By Job
	281287  -  Run Bytes Received By Job
	560736  -  Total Bytes Sent By Job
	281287  -  Total Bytes Received By Job
	Partitionable Resources :    Usage  Request Allocated
	   Cpus                 :                 1         1
	   Disk (KB)            :  1000000  2048000   7917496
	   Memory (MB)          :      228     1992      1992
...
