000 (696072.001.000) 07/12 06:44:35 Job submitted from host: <144.92.181.245:9618?addrs=144.92.181.245-9618+[2607-f388-101c-1000--372]-9618&noUDP&sock=6179_dbc8_3>
...
001 (695075.001.000) 07/12 07:46:55 Job executing on host: <128.104.227.111:9618?addrs=128.104.227.111-9618+[2607-f388-101c-1000--60]-9618&noUDP&sock=11720_860d_3>
...
006 (695075.001.000) 07/12 07:47:03 Image size of job updated: 219544
	106  -  MemoryUsage of job (MB)
	108276  -  ResidentSetSize of job (KB)
...
006 (695075.001.000) 07/12 08:07:03 Image size of job updated: 230396
	225  -  MemoryUsage of job (MB)
	230352  -  ResidentSetSize of job (KB)
...
006 (695075.001.000) 07/12 08:27:04 Image size of job updated: 230596
	226  -  MemoryUsage of job (MB)
	230520  -  ResidentSetSize of job (KB)
...
006 (695075.001.000) 07/12 08:38:45 Image size of job updated: 232324
	226  -  MemoryUsage of job (MB)
	230520  -  ResidentSetSize of job (KB)
...
005 (695075.001.000) 07/12 08:38:47 Job terminated.
	(1) Normal termination (return value 0)
		Usr 0 00:02:27, Sys 0 00:00:12  -  Run Remote Usage
		Usr 0 00:00:00, Sys 0 00:00:00  -  Run Local Usage
		Usr 0 00:02:27, Sys 0 00:00:12  -  Total Remote Usage
		Usr 0 00:00:00, Sys 0 00:00:00  -  Total Local Usage
	562578  -  Run Bytes Sent By Job
	281287  -  Run Bytes Received By Job
	562578  -  Total Bytes Sent By Job
	281287  -  Total Bytes Received By Job
	Partitionable Resources :    Usage  Request Allocated
	   Cpus                 :                 1         1
	   Disk (KB)            :  1000000  2048000   9503250
	   Memory (MB)          :      226     1992      1992
...
001 (696072.001.000) 07/12 08:53:23 Job executing on host: <144.92.181.7:9618?addrs=144.92.181.7-9618+[2607-f388-101c-1000--629]-9618&noUDP&sock=7655_4592_3>
...
006 (696072.001.000) 07/12 08:53:31 Image size of job updated: 216364
	106  -  MemoryUsage of job (MB)
	108288  -  ResidentSetSize of job (KB)
...
006 (696072.001.000) 07/12 09:13:31 Image size of job updated: 233880
	229  -  MemoryUsage of job (MB)
	233880  -  ResidentSetSize of job (KB)
...
006 (696072.001.000) 07/12 09:28:30 Image size of job updated: 236872
	229  -  MemoryUsage of job (MB)
	233880  -  ResidentSetSize of job (KB)
...
005 (696072.001.000) 07/12 09:28:30 Job terminated.
	(1) Normal termination (return value 0)
		Usr 0 00:02:47, Sys 0 00:00:12  -  Run Remote Usage
		Usr 0 00:00:00, Sys 0 00:00:00  -  Run Local Usage
		Usr 0 00:02:47, Sys 0 00:00:12  -  Total Remote Usage
		Usr 0 00:00:00, Sys 0 00:00:00  -  Total Local Usage
	562578  -  Run Bytes Sent By Job
	281287  -  Run Bytes Received By Job
	562578  -  Total Bytes Sent By Job
	281287  -  Total Bytes Received By Job
	Partitionable Resources :    Usage  Request Allocated
	   Cpus                 :                 1         1
	   Disk (KB)            :  1000000  2048000   7917233
	   Memory (MB)          :      229     1992      1992
...
