file path found: /hdfs/store/user/varuns/Run2018D_Prompt/EGamma/crab_job_EGamma2018Dv2_3v2/190529_223037/0000/Data_EGamma2018Dv2_3v2_101.root
name: Data_EGamma2018Dv2_3v2_101.root
filenumber: 0
Adding FullPathInputFile to chain:/hdfs/store/user/varuns/Run2018D_Prompt/EGamma/crab_job_EGamma2018Dv2_3v2/190529_223037/0000/Data_EGamma2018Dv2_3v2_101.root

file path found: /hdfs/store/user/varuns/Run2018D_Prompt/EGamma/crab_job_EGamma2018Dv2_3v2/190529_223037/0000/Data_EGamma2018Dv2_3v2_112.root
name: Data_EGamma2018Dv2_3v2_112.root
filenumber: 1
Adding FullPathInputFile to chain:/hdfs/store/user/varuns/Run2018D_Prompt/EGamma/crab_job_EGamma2018Dv2_3v2/190529_223037/0000/Data_EGamma2018Dv2_3v2_112.root

file path found: /hdfs/store/user/varuns/Run2018D_Prompt/EGamma/crab_job_EGamma2018Dv2_3v2/190529_223037/0000/Data_EGamma2018Dv2_3v2_122.root
name: Data_EGamma2018Dv2_3v2_122.root
filenumber: 2
Adding FullPathInputFile to chain:/hdfs/store/user/varuns/Run2018D_Prompt/EGamma/crab_job_EGamma2018Dv2_3v2/190529_223037/0000/Data_EGamma2018Dv2_3v2_122.root

file path found: /hdfs/store/user/varuns/Run2018D_Prompt/EGamma/crab_job_EGamma2018Dv2_3v2/190529_223037/0000/Data_EGamma2018Dv2_3v2_124.root
name: Data_EGamma2018Dv2_3v2_124.root
filenumber: 3
Adding FullPathInputFile to chain:/hdfs/store/user/varuns/Run2018D_Prompt/EGamma/crab_job_EGamma2018Dv2_3v2/190529_223037/0000/Data_EGamma2018Dv2_3v2_124.root

file path found: /hdfs/store/user/varuns/Run2018D_Prompt/EGamma/crab_job_EGamma2018Dv2_3v2/190529_223037/0000/Data_EGamma2018Dv2_3v2_126.root
name: Data_EGamma2018Dv2_3v2_126.root
filenumber: 4
Adding FullPathInputFile to chain:/hdfs/store/user/varuns/Run2018D_Prompt/EGamma/crab_job_EGamma2018Dv2_3v2/190529_223037/0000/Data_EGamma2018Dv2_3v2_126.root

file path found: /hdfs/store/user/varuns/Run2018D_Prompt/EGamma/crab_job_EGamma2018Dv2_3v2/190529_223037/0000/Data_EGamma2018Dv2_3v2_130.root
name: Data_EGamma2018Dv2_3v2_130.root
filenumber: 5
Adding FullPathInputFile to chain:/hdfs/store/user/varuns/Run2018D_Prompt/EGamma/crab_job_EGamma2018Dv2_3v2/190529_223037/0000/Data_EGamma2018Dv2_3v2_130.root

file path found: /hdfs/store/user/varuns/Run2018D_Prompt/EGamma/crab_job_EGamma2018Dv2_3v2/190529_223037/0000/Data_EGamma2018Dv2_3v2_131.root
name: Data_EGamma2018Dv2_3v2_131.root
filenumber: 6
Adding FullPathInputFile to chain:/hdfs/store/user/varuns/Run2018D_Prompt/EGamma/crab_job_EGamma2018Dv2_3v2/190529_223037/0000/Data_EGamma2018Dv2_3v2_131.root

file path found: /hdfs/store/user/varuns/Run2018D_Prompt/EGamma/crab_job_EGamma2018Dv2_3v2/190529_223037/0000/Data_EGamma2018Dv2_3v2_133.root
name: Data_EGamma2018Dv2_3v2_133.root
filenumber: 7
Adding FullPathInputFile to chain:/hdfs/store/user/varuns/Run2018D_Prompt/EGamma/crab_job_EGamma2018Dv2_3v2/190529_223037/0000/Data_EGamma2018Dv2_3v2_133.root

file path found: /hdfs/store/user/varuns/Run2018D_Prompt/EGamma/crab_job_EGamma2018Dv2_3v2/190529_223037/0000/Data_EGamma2018Dv2_3v2_134.root
name: Data_EGamma2018Dv2_3v2_134.root
filenumber: 8
Adding FullPathInputFile to chain:/hdfs/store/user/varuns/Run2018D_Prompt/EGamma/crab_job_EGamma2018Dv2_3v2/190529_223037/0000/Data_EGamma2018Dv2_3v2_134.root

file path found: /hdfs/store/user/varuns/Run2018D_Prompt/EGamma/crab_job_EGamma2018Dv2_3v2/190529_223037/0000/Data_EGamma2018Dv2_3v2_138.root
name: Data_EGamma2018Dv2_3v2_138.root
filenumber: 9
Adding FullPathInputFile to chain:/hdfs/store/user/varuns/Run2018D_Prompt/EGamma/crab_job_EGamma2018Dv2_3v2/190529_223037/0000/Data_EGamma2018Dv2_3v2_138.root

file path found: /hdfs/store/user/varuns/Run2018D_Prompt/EGamma/crab_job_EGamma2018Dv2_3v2/190529_223037/0000/Data_EGamma2018Dv2_3v2_139.root
name: Data_EGamma2018Dv2_3v2_139.root
filenumber: 10
Adding FullPathInputFile to chain:/hdfs/store/user/varuns/Run2018D_Prompt/EGamma/crab_job_EGamma2018Dv2_3v2/190529_223037/0000/Data_EGamma2018Dv2_3v2_139.root

file path found: /hdfs/store/user/varuns/Run2018D_Prompt/EGamma/crab_job_EGamma2018Dv2_3v2/190529_223037/0000/Data_EGamma2018Dv2_3v2_142.root
name: Data_EGamma2018Dv2_3v2_142.root
filenumber: 11
Adding FullPathInputFile to chain:/hdfs/store/user/varuns/Run2018D_Prompt/EGamma/crab_job_EGamma2018Dv2_3v2/190529_223037/0000/Data_EGamma2018Dv2_3v2_142.root

file path found: /hdfs/store/user/varuns/Run2018D_Prompt/EGamma/crab_job_EGamma2018Dv2_3v2/190529_223037/0000/Data_EGamma2018Dv2_3v2_143.root
name: Data_EGamma2018Dv2_3v2_143.root
filenumber: 12
Adding FullPathInputFile to chain:/hdfs/store/user/varuns/Run2018D_Prompt/EGamma/crab_job_EGamma2018Dv2_3v2/190529_223037/0000/Data_EGamma2018Dv2_3v2_143.root

file path found: /hdfs/store/user/varuns/Run2018D_Prompt/EGamma/crab_job_EGamma2018Dv2_3v2/190529_223037/0000/Data_EGamma2018Dv2_3v2_145.root
name: Data_EGamma2018Dv2_3v2_145.root
filenumber: 13
Adding FullPathInputFile to chain:/hdfs/store/user/varuns/Run2018D_Prompt/EGamma/crab_job_EGamma2018Dv2_3v2/190529_223037/0000/Data_EGamma2018Dv2_3v2_145.root

file path found: /hdfs/store/user/varuns/Run2018D_Prompt/EGamma/crab_job_EGamma2018Dv2_3v2/190529_223037/0000/Data_EGamma2018Dv2_3v2_147.root
name: Data_EGamma2018Dv2_3v2_147.root
filenumber: 14
Adding FullPathInputFile to chain:/hdfs/store/user/varuns/Run2018D_Prompt/EGamma/crab_job_EGamma2018Dv2_3v2/190529_223037/0000/Data_EGamma2018Dv2_3v2_147.root

file path found: /hdfs/store/user/varuns/Run2018D_Prompt/EGamma/crab_job_EGamma2018Dv2_3v2/190529_223037/0000/Data_EGamma2018Dv2_3v2_148.root
name: Data_EGamma2018Dv2_3v2_148.root
filenumber: 15
Adding FullPathInputFile to chain:/hdfs/store/user/varuns/Run2018D_Prompt/EGamma/crab_job_EGamma2018Dv2_3v2/190529_223037/0000/Data_EGamma2018Dv2_3v2_148.root

file path found: /hdfs/store/user/varuns/Run2018D_Prompt/EGamma/crab_job_EGamma2018Dv2_3v2/190529_223037/0000/Data_EGamma2018Dv2_3v2_151.root
name: Data_EGamma2018Dv2_3v2_151.root
filenumber: 16
Adding FullPathInputFile to chain:/hdfs/store/user/varuns/Run2018D_Prompt/EGamma/crab_job_EGamma2018Dv2_3v2/190529_223037/0000/Data_EGamma2018Dv2_3v2_151.root

file path found: /hdfs/store/user/varuns/Run2018D_Prompt/EGamma/crab_job_EGamma2018Dv2_3v2/190529_223037/0000/Data_EGamma2018Dv2_3v2_3.root
name: Data_EGamma2018Dv2_3v2_3.root
filenumber: 17
Adding FullPathInputFile to chain:/hdfs/store/user/varuns/Run2018D_Prompt/EGamma/crab_job_EGamma2018Dv2_3v2/190529_223037/0000/Data_EGamma2018Dv2_3v2_3.root

file path found: /hdfs/store/user/varuns/Run2018D_Prompt/EGamma/crab_job_EGamma2018Dv2_3v2/190529_223037/0000/Data_EGamma2018Dv2_3v2_30.root
name: Data_EGamma2018Dv2_3v2_30.root
filenumber: 18
Adding FullPathInputFile to chain:/hdfs/store/user/varuns/Run2018D_Prompt/EGamma/crab_job_EGamma2018Dv2_3v2/190529_223037/0000/Data_EGamma2018Dv2_3v2_30.root

file path found: /hdfs/store/user/varuns/Run2018D_Prompt/EGamma/crab_job_EGamma2018Dv2_3v2/190529_223037/0000/Data_EGamma2018Dv2_3v2_32.root
name: Data_EGamma2018Dv2_3v2_32.root
filenumber: 19
Adding FullPathInputFile to chain:/hdfs/store/user/varuns/Run2018D_Prompt/EGamma/crab_job_EGamma2018Dv2_3v2/190529_223037/0000/Data_EGamma2018Dv2_3v2_32.root

file path found: /hdfs/store/user/varuns/Run2018D_Prompt/EGamma/crab_job_EGamma2018Dv2_3v2/190529_223037/0000/Data_EGamma2018Dv2_3v2_419.root
name: Data_EGamma2018Dv2_3v2_419.root
filenumber: 20
Adding FullPathInputFile to chain:/hdfs/store/user/varuns/Run2018D_Prompt/EGamma/crab_job_EGamma2018Dv2_3v2/190529_223037/0000/Data_EGamma2018Dv2_3v2_419.root

file path found: /hdfs/store/user/varuns/Run2018D_Prompt/EGamma/crab_job_EGamma2018Dv2_3v2/190529_223037/0000/Data_EGamma2018Dv2_3v2_441.root
name: Data_EGamma2018Dv2_3v2_441.root
filenumber: 21
Adding FullPathInputFile to chain:/hdfs/store/user/varuns/Run2018D_Prompt/EGamma/crab_job_EGamma2018Dv2_3v2/190529_223037/0000/Data_EGamma2018Dv2_3v2_441.root

file path found: /hdfs/store/user/varuns/Run2018D_Prompt/EGamma/crab_job_EGamma2018Dv2_3v2/190529_223037/0000/Data_EGamma2018Dv2_3v2_444.root
name: Data_EGamma2018Dv2_3v2_444.root
filenumber: 22
Adding FullPathInputFile to chain:/hdfs/store/user/varuns/Run2018D_Prompt/EGamma/crab_job_EGamma2018Dv2_3v2/190529_223037/0000/Data_EGamma2018Dv2_3v2_444.root

file path found: /hdfs/store/user/varuns/Run2018D_Prompt/EGamma/crab_job_EGamma2018Dv2_3v2/190529_223037/0000/Data_EGamma2018Dv2_3v2_445.root
name: Data_EGamma2018Dv2_3v2_445.root
filenumber: 23
Adding FullPathInputFile to chain:/hdfs/store/user/varuns/Run2018D_Prompt/EGamma/crab_job_EGamma2018Dv2_3v2/190529_223037/0000/Data_EGamma2018Dv2_3v2_445.root

file path found: /hdfs/store/user/varuns/Run2018D_Prompt/EGamma/crab_job_EGamma2018Dv2_3v2/190529_223037/0000/Data_EGamma2018Dv2_3v2_447.root
name: Data_EGamma2018Dv2_3v2_447.root
filenumber: 24
Adding FullPathInputFile to chain:/hdfs/store/user/varuns/Run2018D_Prompt/EGamma/crab_job_EGamma2018Dv2_3v2/190529_223037/0000/Data_EGamma2018Dv2_3v2_447.root

file path found: /hdfs/store/user/varuns/Run2018D_Prompt/EGamma/crab_job_EGamma2018Dv2_3v2/190529_223037/0000/Data_EGamma2018Dv2_3v2_457.root
name: Data_EGamma2018Dv2_3v2_457.root
filenumber: 25
Adding FullPathInputFile to chain:/hdfs/store/user/varuns/Run2018D_Prompt/EGamma/crab_job_EGamma2018Dv2_3v2/190529_223037/0000/Data_EGamma2018Dv2_3v2_457.root

file path found: /hdfs/store/user/varuns/Run2018D_Prompt/EGamma/crab_job_EGamma2018Dv2_3v2/190529_223037/0000/Data_EGamma2018Dv2_3v2_458.root
name: Data_EGamma2018Dv2_3v2_458.root
filenumber: 26
Adding FullPathInputFile to chain:/hdfs/store/user/varuns/Run2018D_Prompt/EGamma/crab_job_EGamma2018Dv2_3v2/190529_223037/0000/Data_EGamma2018Dv2_3v2_458.root

file path found: /hdfs/store/user/varuns/Run2018D_Prompt/EGamma/crab_job_EGamma2018Dv2_3v2/190529_223037/0000/Data_EGamma2018Dv2_3v2_463.root
name: Data_EGamma2018Dv2_3v2_463.root
filenumber: 27
Adding FullPathInputFile to chain:/hdfs/store/user/varuns/Run2018D_Prompt/EGamma/crab_job_EGamma2018Dv2_3v2/190529_223037/0000/Data_EGamma2018Dv2_3v2_463.root

file path found: /hdfs/store/user/varuns/Run2018D_Prompt/EGamma/crab_job_EGamma2018Dv2_3v2/190529_223037/0000/Data_EGamma2018Dv2_3v2_464.root
name: Data_EGamma2018Dv2_3v2_464.root
filenumber: 28
Adding FullPathInputFile to chain:/hdfs/store/user/varuns/Run2018D_Prompt/EGamma/crab_job_EGamma2018Dv2_3v2/190529_223037/0000/Data_EGamma2018Dv2_3v2_464.root

file path found: /hdfs/store/user/varuns/Run2018D_Prompt/EGamma/crab_job_EGamma2018Dv2_3v2/190529_223037/0000/Data_EGamma2018Dv2_3v2_467.root
name: Data_EGamma2018Dv2_3v2_467.root
filenumber: 29
Adding FullPathInputFile to chain:/hdfs/store/user/varuns/Run2018D_Prompt/EGamma/crab_job_EGamma2018Dv2_3v2/190529_223037/0000/Data_EGamma2018Dv2_3v2_467.root

file path found: /hdfs/store/user/varuns/Run2018D_Prompt/EGamma/crab_job_EGamma2018Dv2_3v2/190529_223037/0000/Data_EGamma2018Dv2_3v2_473.root
name: Data_EGamma2018Dv2_3v2_473.root
filenumber: 30
Adding FullPathInputFile to chain:/hdfs/store/user/varuns/Run2018D_Prompt/EGamma/crab_job_EGamma2018Dv2_3v2/190529_223037/0000/Data_EGamma2018Dv2_3v2_473.root

file path found: /hdfs/store/user/varuns/Run2018D_Prompt/EGamma/crab_job_EGamma2018Dv2_3v2/190529_223037/0000/Data_EGamma2018Dv2_3v2_474.root
name: Data_EGamma2018Dv2_3v2_474.root
filenumber: 31
Adding FullPathInputFile to chain:/hdfs/store/user/varuns/Run2018D_Prompt/EGamma/crab_job_EGamma2018Dv2_3v2/190529_223037/0000/Data_EGamma2018Dv2_3v2_474.root

file path found: /hdfs/store/user/varuns/Run2018D_Prompt/EGamma/crab_job_EGamma2018Dv2_3v2/190529_223037/0000/Data_EGamma2018Dv2_3v2_475.root
name: Data_EGamma2018Dv2_3v2_475.root
filenumber: 32
Adding FullPathInputFile to chain:/hdfs/store/user/varuns/Run2018D_Prompt/EGamma/crab_job_EGamma2018Dv2_3v2/190529_223037/0000/Data_EGamma2018Dv2_3v2_475.root

file path found: /hdfs/store/user/varuns/Run2018D_Prompt/EGamma/crab_job_EGamma2018Dv2_3v2/190529_223037/0000/Data_EGamma2018Dv2_3v2_476.root
name: Data_EGamma2018Dv2_3v2_476.root
filenumber: 33
Adding FullPathInputFile to chain:/hdfs/store/user/varuns/Run2018D_Prompt/EGamma/crab_job_EGamma2018Dv2_3v2/190529_223037/0000/Data_EGamma2018Dv2_3v2_476.root

file path found: /hdfs/store/user/varuns/Run2018D_Prompt/EGamma/crab_job_EGamma2018Dv2_3v2/190529_223037/0000/Data_EGamma2018Dv2_3v2_478.root
name: Data_EGamma2018Dv2_3v2_478.root
filenumber: 34
Adding FullPathInputFile to chain:/hdfs/store/user/varuns/Run2018D_Prompt/EGamma/crab_job_EGamma2018Dv2_3v2/190529_223037/0000/Data_EGamma2018Dv2_3v2_478.root

file path found: /hdfs/store/user/varuns/Run2018D_Prompt/EGamma/crab_job_EGamma2018Dv2_3v2/190529_223037/0000/Data_EGamma2018Dv2_3v2_479.root
name: Data_EGamma2018Dv2_3v2_479.root
filenumber: 35
Adding FullPathInputFile to chain:/hdfs/store/user/varuns/Run2018D_Prompt/EGamma/crab_job_EGamma2018Dv2_3v2/190529_223037/0000/Data_EGamma2018Dv2_3v2_479.root

file path found: /hdfs/store/user/varuns/Run2018D_Prompt/EGamma/crab_job_EGamma2018Dv2_3v2/190529_223037/0000/Data_EGamma2018Dv2_3v2_480.root
name: Data_EGamma2018Dv2_3v2_480.root
filenumber: 36
Adding FullPathInputFile to chain:/hdfs/store/user/varuns/Run2018D_Prompt/EGamma/crab_job_EGamma2018Dv2_3v2/190529_223037/0000/Data_EGamma2018Dv2_3v2_480.root

file path found: /hdfs/store/user/varuns/Run2018D_Prompt/EGamma/crab_job_EGamma2018Dv2_3v2/190529_223037/0000/Data_EGamma2018Dv2_3v2_481.root
name: Data_EGamma2018Dv2_3v2_481.root
filenumber: 37
Adding FullPathInputFile to chain:/hdfs/store/user/varuns/Run2018D_Prompt/EGamma/crab_job_EGamma2018Dv2_3v2/190529_223037/0000/Data_EGamma2018Dv2_3v2_481.root

file path found: /hdfs/store/user/varuns/Run2018D_Prompt/EGamma/crab_job_EGamma2018Dv2_3v2/190529_223037/0000/Data_EGamma2018Dv2_3v2_482.root
name: Data_EGamma2018Dv2_3v2_482.root
filenumber: 38
Adding FullPathInputFile to chain:/hdfs/store/user/varuns/Run2018D_Prompt/EGamma/crab_job_EGamma2018Dv2_3v2/190529_223037/0000/Data_EGamma2018Dv2_3v2_482.root

file path found: /hdfs/store/user/varuns/Run2018D_Prompt/EGamma/crab_job_EGamma2018Dv2_3v2/190529_223037/0000/Data_EGamma2018Dv2_3v2_483.root
name: Data_EGamma2018Dv2_3v2_483.root
filenumber: 39
Adding FullPathInputFile to chain:/hdfs/store/user/varuns/Run2018D_Prompt/EGamma/crab_job_EGamma2018Dv2_3v2/190529_223037/0000/Data_EGamma2018Dv2_3v2_483.root

file path found: /hdfs/store/user/varuns/Run2018D_Prompt/EGamma/crab_job_EGamma2018Dv2_3v2/190529_223037/0000/Data_EGamma2018Dv2_3v2_484.root
name: Data_EGamma2018Dv2_3v2_484.root
filenumber: 40
Adding FullPathInputFile to chain:/hdfs/store/user/varuns/Run2018D_Prompt/EGamma/crab_job_EGamma2018Dv2_3v2/190529_223037/0000/Data_EGamma2018Dv2_3v2_484.root

file path found: /hdfs/store/user/varuns/Run2018D_Prompt/EGamma/crab_job_EGamma2018Dv2_3v2/190529_223037/0000/Data_EGamma2018Dv2_3v2_485.root
name: Data_EGamma2018Dv2_3v2_485.root
filenumber: 41
Adding FullPathInputFile to chain:/hdfs/store/user/varuns/Run2018D_Prompt/EGamma/crab_job_EGamma2018Dv2_3v2/190529_223037/0000/Data_EGamma2018Dv2_3v2_485.root

file path found: /hdfs/store/user/varuns/Run2018D_Prompt/EGamma/crab_job_EGamma2018Dv2_3v2/190529_223037/0000/Data_EGamma2018Dv2_3v2_486.root
name: Data_EGamma2018Dv2_3v2_486.root
filenumber: 42
Adding FullPathInputFile to chain:/hdfs/store/user/varuns/Run2018D_Prompt/EGamma/crab_job_EGamma2018Dv2_3v2/190529_223037/0000/Data_EGamma2018Dv2_3v2_486.root

file path found: /hdfs/store/user/varuns/Run2018D_Prompt/EGamma/crab_job_EGamma2018Dv2_3v2/190529_223037/0000/Data_EGamma2018Dv2_3v2_487.root
name: Data_EGamma2018Dv2_3v2_487.root
filenumber: 43
Adding FullPathInputFile to chain:/hdfs/store/user/varuns/Run2018D_Prompt/EGamma/crab_job_EGamma2018Dv2_3v2/190529_223037/0000/Data_EGamma2018Dv2_3v2_487.root

file path found: /hdfs/store/user/varuns/Run2018D_Prompt/EGamma/crab_job_EGamma2018Dv2_3v2/190529_223037/0000/Data_EGamma2018Dv2_3v2_503.root
name: Data_EGamma2018Dv2_3v2_503.root
filenumber: 44
Adding FullPathInputFile to chain:/hdfs/store/user/varuns/Run2018D_Prompt/EGamma/crab_job_EGamma2018Dv2_3v2/190529_223037/0000/Data_EGamma2018Dv2_3v2_503.root

file path found: /hdfs/store/user/varuns/Run2018D_Prompt/EGamma/crab_job_EGamma2018Dv2_3v2/190529_223037/0000/Data_EGamma2018Dv2_3v2_505.root
name: Data_EGamma2018Dv2_3v2_505.root
filenumber: 45
Adding FullPathInputFile to chain:/hdfs/store/user/varuns/Run2018D_Prompt/EGamma/crab_job_EGamma2018Dv2_3v2/190529_223037/0000/Data_EGamma2018Dv2_3v2_505.root

file path found: /hdfs/store/user/varuns/Run2018D_Prompt/EGamma/crab_job_EGamma2018Dv2_3v2/190529_223037/0000/Data_EGamma2018Dv2_3v2_508.root
name: Data_EGamma2018Dv2_3v2_508.root
filenumber: 46
Adding FullPathInputFile to chain:/hdfs/store/user/varuns/Run2018D_Prompt/EGamma/crab_job_EGamma2018Dv2_3v2/190529_223037/0000/Data_EGamma2018Dv2_3v2_508.root

file path found: /hdfs/store/user/varuns/Run2018D_Prompt/EGamma/crab_job_EGamma2018Dv2_3v2/190529_223037/0000/Data_EGamma2018Dv2_3v2_528.root
name: Data_EGamma2018Dv2_3v2_528.root
filenumber: 47
Adding FullPathInputFile to chain:/hdfs/store/user/varuns/Run2018D_Prompt/EGamma/crab_job_EGamma2018Dv2_3v2/190529_223037/0000/Data_EGamma2018Dv2_3v2_528.root

file path found: /hdfs/store/user/varuns/Run2018D_Prompt/EGamma/crab_job_EGamma2018Dv2_3v2/190529_223037/0000/Data_EGamma2018Dv2_3v2_657.root
name: Data_EGamma2018Dv2_3v2_657.root
filenumber: 48
Adding FullPathInputFile to chain:/hdfs/store/user/varuns/Run2018D_Prompt/EGamma/crab_job_EGamma2018Dv2_3v2/190529_223037/0000/Data_EGamma2018Dv2_3v2_657.root

file path found: /hdfs/store/user/varuns/Run2018D_Prompt/EGamma/crab_job_EGamma2018Dv2_3v2/190529_223037/0000/Data_EGamma2018Dv2_3v2_747.root
name: Data_EGamma2018Dv2_3v2_747.root
filenumber: 49
Adding FullPathInputFile to chain:/hdfs/store/user/varuns/Run2018D_Prompt/EGamma/crab_job_EGamma2018Dv2_3v2/190529_223037/0000/Data_EGamma2018Dv2_3v2_747.root

file path found: /hdfs/store/user/varuns/Run2018D_Prompt/EGamma/crab_job_EGamma2018Dv2_3v2/190529_223037/0000/Data_EGamma2018Dv2_3v2_77.root
name: Data_EGamma2018Dv2_3v2_77.root
filenumber: 50
Adding FullPathInputFile to chain:/hdfs/store/user/varuns/Run2018D_Prompt/EGamma/crab_job_EGamma2018Dv2_3v2/190529_223037/0000/Data_EGamma2018Dv2_3v2_77.root

file path found: /hdfs/store/user/varuns/Run2018D_Prompt/EGamma/crab_job_EGamma2018Dv2_3v2/190529_223037/0000/Data_EGamma2018Dv2_3v2_791.root
name: Data_EGamma2018Dv2_3v2_791.root
filenumber: 51
Adding FullPathInputFile to chain:/hdfs/store/user/varuns/Run2018D_Prompt/EGamma/crab_job_EGamma2018Dv2_3v2/190529_223037/0000/Data_EGamma2018Dv2_3v2_791.root

file path found: /hdfs/store/user/varuns/Run2018D_Prompt/EGamma/crab_job_EGamma2018Dv2_3v2/190529_223037/0000/Data_EGamma2018Dv2_3v2_809.root
name: Data_EGamma2018Dv2_3v2_809.root
filenumber: 52
Adding FullPathInputFile to chain:/hdfs/store/user/varuns/Run2018D_Prompt/EGamma/crab_job_EGamma2018Dv2_3v2/190529_223037/0000/Data_EGamma2018Dv2_3v2_809.root

file path found: /hdfs/store/user/varuns/Run2018D_Prompt/EGamma/crab_job_EGamma2018Dv2_3v2/190529_223037/0000/Data_EGamma2018Dv2_3v2_995.root
name: Data_EGamma2018Dv2_3v2_995.root
filenumber: 53
Adding FullPathInputFile to chain:/hdfs/store/user/varuns/Run2018D_Prompt/EGamma/crab_job_EGamma2018Dv2_3v2/190529_223037/0000/Data_EGamma2018Dv2_3v2_995.root

file path found: /hdfs/store/user/varuns/Run2018D_Prompt/EGamma/crab_job_EGamma2018Dv2_3v2/190529_223037/0000/Data_EGamma2018Dv2_3v2_996.root
name: Data_EGamma2018Dv2_3v2_996.root
filenumber: 54
Adding FullPathInputFile to chain:/hdfs/store/user/varuns/Run2018D_Prompt/EGamma/crab_job_EGamma2018Dv2_3v2/190529_223037/0000/Data_EGamma2018Dv2_3v2_996.root

file path found: /hdfs/store/user/varuns/Run2018D_Prompt/EGamma/crab_job_EGamma2018Dv2_3v2/190529_223037/0000/Data_EGamma2018Dv2_3v2_997.root
name: Data_EGamma2018Dv2_3v2_997.root
filenumber: 55
Adding FullPathInputFile to chain:/hdfs/store/user/varuns/Run2018D_Prompt/EGamma/crab_job_EGamma2018Dv2_3v2/190529_223037/0000/Data_EGamma2018Dv2_3v2_997.root

file path found: /hdfs/store/user/varuns/Run2018D_Prompt/EGamma/crab_job_EGamma2018Dv2_3v2/190529_223037/0000/.
name: .
filenumber: 56
file path found: /hdfs/store/user/varuns/Run2018D_Prompt/EGamma/crab_job_EGamma2018Dv2_3v2/190529_223037/0000/..
name: ..
filenumber: 57
56 files added.
Initializing chain.
Coming in: 
nentries:980268
Running over 980268 events.
Finished entry 0/980267
Finished entry 10000/980267
Finished entry 20000/980267
Finished entry 30000/980267
Finished entry 40000/980267
Finished entry 50000/980267
Finished entry 60000/980267
Finished entry 70000/980267
Finished entry 80000/980267
Finished entry 90000/980267
Finished entry 100000/980267
Finished entry 110000/980267
Finished entry 120000/980267
Finished entry 130000/980267
Finished entry 140000/980267
Finished entry 150000/980267
Finished entry 160000/980267
Finished entry 170000/980267
Finished entry 180000/980267
Finished entry 190000/980267
Finished entry 200000/980267
Finished entry 210000/980267
Finished entry 220000/980267
Finished entry 230000/980267
Finished entry 240000/980267
Finished entry 250000/980267
Finished entry 260000/980267
Finished entry 270000/980267
Finished entry 280000/980267
Finished entry 290000/980267
Finished entry 300000/980267
Finished entry 310000/980267
Finished entry 320000/980267
Finished entry 330000/980267
Finished entry 340000/980267
Finished entry 350000/980267
Finished entry 360000/980267
Finished entry 370000/980267
Finished entry 380000/980267
Finished entry 390000/980267
Finished entry 400000/980267
Finished entry 410000/980267
Finished entry 420000/980267
Finished entry 430000/980267
Finished entry 440000/980267
Finished entry 450000/980267
Finished entry 460000/980267
Finished entry 470000/980267
Finished entry 480000/980267
Finished entry 490000/980267
Finished entry 500000/980267
Finished entry 510000/980267
Finished entry 520000/980267
Finished entry 530000/980267
Finished entry 540000/980267
Finished entry 550000/980267
Finished entry 560000/980267
Finished entry 570000/980267
Finished entry 580000/980267
Finished entry 590000/980267
Finished entry 600000/980267
Finished entry 610000/980267
Finished entry 620000/980267
Finished entry 630000/980267
Finished entry 640000/980267
Finished entry 650000/980267
Finished entry 660000/980267
Finished entry 670000/980267
Finished entry 680000/980267
Finished entry 690000/980267
Finished entry 700000/980267
Finished entry 710000/980267
Finished entry 720000/980267
Finished entry 730000/980267
Finished entry 740000/980267
Finished entry 750000/980267
Finished entry 760000/980267
Finished entry 770000/980267
Finished entry 780000/980267
Finished entry 790000/980267
Finished entry 800000/980267
Finished entry 810000/980267
Finished entry 820000/980267
Finished entry 830000/980267
Finished entry 840000/980267
Finished entry 850000/980267
Finished entry 860000/980267
Finished entry 870000/980267
Finished entry 880000/980267
Finished entry 890000/980267
Finished entry 900000/980267
Finished entry 910000/980267
Finished entry 920000/980267
Finished entry 930000/980267
Finished entry 940000/980267
Finished entry 950000/980267
Finished entry 960000/980267
Finished entry 970000/980267
Finished entry 980000/980267
