000 (166921.000.000) 06/10 13:21:53 Job submitted from host: <144.92.180.4:9618?addrs=144.92.180.4-9618+[2607-f388-101c-1000--367]-9618&noUDP&sock=4693_960c_3>
...
001 (166921.000.000) 06/10 13:39:29 Job executing on host: <128.104.227.96:9618?addrs=128.104.227.96-9618+[2607-f388-101c-1000--629]-9618&noUDP&sock=11979_2d15_3>
...
006 (166921.000.000) 06/10 13:39:38 Image size of job updated: 215428
	107  -  MemoryUsage of job (MB)
	108572  -  ResidentSetSize of job (KB)
...
005 (166921.000.000) 06/10 13:49:03 Job terminated.
	(1) Normal termination (return value 0)
		Usr 0 00:01:42, Sys 0 00:00:05  -  Run Remote Usage
		Usr 0 00:00:00, Sys 0 00:00:00  -  Run Local Usage
		Usr 0 00:01:42, Sys 0 00:00:05  -  Total Remote Usage
		Usr 0 00:00:00, Sys 0 00:00:00  -  Total Local Usage
	447242  -  Run Bytes Sent By Job
	278854  -  Run Bytes Received By Job
	447242  -  Total Bytes Sent By Job
	278854  -  Total Bytes Received By Job
	Partitionable Resources :    Usage  Request Allocated
	   Cpus                 :                 1         1
	   Disk (KB)            :  1000000  2048000   9502761
	   Memory (MB)          :      107     1992      1992
...
