000 (696085.012.000) 07/12 06:44:49 Job submitted from host: <144.92.181.245:9618?addrs=144.92.181.245-9618+[2607-f388-101c-1000--372]-9618&noUDP&sock=6179_dbc8_3>
...
001 (695088.012.000) 07/12 07:58:59 Job executing on host: <144.92.180.106:9618?addrs=144.92.180.106-9618+[2607-f388-101c-1000--629]-9618&noUDP&sock=7637_ecdd_3>
...
006 (695088.012.000) 07/12 07:59:08 Image size of job updated: 214936
	106  -  MemoryUsage of job (MB)
	108524  -  ResidentSetSize of job (KB)
...
006 (695088.012.000) 07/12 08:18:38 Image size of job updated: 488812
	106  -  MemoryUsage of job (MB)
	108524  -  ResidentSetSize of job (KB)
...
005 (695088.012.000) 07/12 08:18:40 Job terminated.
	(1) Normal termination (return value 0)
		Usr 0 00:01:47, Sys 0 00:00:06  -  Run Remote Usage
		Usr 0 00:00:00, Sys 0 00:00:00  -  Run Local Usage
		Usr 0 00:01:47, Sys 0 00:00:06  -  Total Remote Usage
		Usr 0 00:00:00, Sys 0 00:00:00  -  Total Local Usage
	400003  -  Run Bytes Sent By Job
	281287  -  Run Bytes Received By Job
	400003  -  Total Bytes Sent By Job
	281287  -  Total Bytes Received By Job
	Partitionable Resources :    Usage  Request Allocated
	   Cpus                 :                 1         1
	   Disk (KB)            :  1000000  2048000   6333776
	   Memory (MB)          :      106     1992      1992
...
001 (696085.012.000) 07/12 08:56:34 Job executing on host: <144.92.180.111:9618?addrs=144.92.180.111-9618+[2607-f388-101c-1000--629]-9618&noUDP&sock=7586_f189_3>
...
006 (696085.012.000) 07/12 08:56:42 Image size of job updated: 55928
	44  -  MemoryUsage of job (MB)
	44296  -  ResidentSetSize of job (KB)
...
006 (696085.012.000) 07/12 09:16:42 Image size of job updated: 261736
	241  -  MemoryUsage of job (MB)
	246080  -  ResidentSetSize of job (KB)
...
005 (696085.012.000) 07/12 09:23:25 Job terminated.
	(1) Normal termination (return value 0)
		Usr 0 00:02:08, Sys 0 00:00:07  -  Run Remote Usage
		Usr 0 00:00:00, Sys 0 00:00:00  -  Run Local Usage
		Usr 0 00:02:08, Sys 0 00:00:07  -  Total Remote Usage
		Usr 0 00:00:00, Sys 0 00:00:00  -  Total Local Usage
	400003  -  Run Bytes Sent By Job
	281287  -  Run Bytes Received By Job
	400003  -  Total Bytes Sent By Job
	281287  -  Total Bytes Received By Job
	Partitionable Resources :    Usage  Request Allocated
	   Cpus                 :                 1         1
	   Disk (KB)            :  1000000  2048000   6334763
	   Memory (MB)          :      241     1992      1992
...
