000 (696085.003.000) 07/12 06:44:49 Job submitted from host: <144.92.181.245:9618?addrs=144.92.181.245-9618+[2607-f388-101c-1000--372]-9618&noUDP&sock=6179_dbc8_3>
...
001 (695088.003.000) 07/12 07:58:53 Job executing on host: <144.92.180.108:9618?addrs=144.92.180.108-9618+[2607-f388-101c-1000--629]-9618&noUDP&sock=7631_cf4c_3>
...
006 (695088.003.000) 07/12 07:59:03 Image size of job updated: 217300
	106  -  MemoryUsage of job (MB)
	108524  -  ResidentSetSize of job (KB)
...
006 (695088.003.000) 07/12 08:19:03 Image size of job updated: 251168
	246  -  MemoryUsage of job (MB)
	251044  -  ResidentSetSize of job (KB)
...
005 (695088.003.000) 07/12 08:24:09 Job terminated.
	(1) Normal termination (return value 0)
		Usr 0 00:01:38, Sys 0 00:00:06  -  Run Remote Usage
		Usr 0 00:00:00, Sys 0 00:00:00  -  Run Local Usage
		Usr 0 00:01:38, Sys 0 00:00:06  -  Total Remote Usage
		Usr 0 00:00:00, Sys 0 00:00:00  -  Total Local Usage
	399351  -  Run Bytes Sent By Job
	281287  -  Run Bytes Received By Job
	399351  -  Total Bytes Sent By Job
	281287  -  Total Bytes Received By Job
	Partitionable Resources :    Usage  Request Allocated
	   Cpus                 :                 1         1
	   Disk (KB)            :  1000000  2048000   6334444
	   Memory (MB)          :      246     1992      1992
...
001 (696085.003.000) 07/12 08:56:32 Job executing on host: <144.92.180.111:9618?addrs=144.92.180.111-9618+[2607-f388-101c-1000--629]-9618&noUDP&sock=7586_f189_3>
...
006 (696085.003.000) 07/12 08:56:41 Image size of job updated: 59916
	43  -  MemoryUsage of job (MB)
	43944  -  ResidentSetSize of job (KB)
...
006 (696085.003.000) 07/12 09:16:42 Image size of job updated: 265396
	245  -  MemoryUsage of job (MB)
	250596  -  ResidentSetSize of job (KB)
...
005 (696085.003.000) 07/12 09:27:09 Job terminated.
	(1) Normal termination (return value 0)
		Usr 0 00:02:11, Sys 0 00:00:07  -  Run Remote Usage
		Usr 0 00:00:00, Sys 0 00:00:00  -  Run Local Usage
		Usr 0 00:02:11, Sys 0 00:00:07  -  Total Remote Usage
		Usr 0 00:00:00, Sys 0 00:00:00  -  Total Local Usage
	399351  -  Run Bytes Sent By Job
	281287  -  Run Bytes Received By Job
	399351  -  Total Bytes Sent By Job
	281287  -  Total Bytes Received By Job
	Partitionable Resources :    Usage  Request Allocated
	   Cpus                 :                 1         1
	   Disk (KB)            :  1000000  2048000   6334763
	   Memory (MB)          :      245     1992      1992
...
