000 (696085.005.000) 07/12 06:44:49 Job submitted from host: <144.92.181.245:9618?addrs=144.92.181.245-9618+[2607-f388-101c-1000--372]-9618&noUDP&sock=6179_dbc8_3>
...
001 (695088.005.000) 07/12 07:58:33 Job executing on host: <128.104.227.11:9618?addrs=128.104.227.11-9618+[2607-f388-101c-1000--629]-9618&noUDP&sock=10363_bc09_3>
...
006 (695088.005.000) 07/12 07:58:42 Image size of job updated: 217408
	106  -  MemoryUsage of job (MB)
	108528  -  ResidentSetSize of job (KB)
...
005 (695088.005.000) 07/12 08:16:12 Job terminated.
	(1) Normal termination (return value 0)
		Usr 0 00:01:58, Sys 0 00:00:08  -  Run Remote Usage
		Usr 0 00:00:00, Sys 0 00:00:00  -  Run Local Usage
		Usr 0 00:01:58, Sys 0 00:00:08  -  Total Remote Usage
		Usr 0 00:00:00, Sys 0 00:00:00  -  Total Local Usage
	399539  -  Run Bytes Sent By Job
	281287  -  Run Bytes Received By Job
	399539  -  Total Bytes Sent By Job
	281287  -  Total Bytes Received By Job
	Partitionable Resources :    Usage  Request Allocated
	   Cpus                 :                 1         1
	   Disk (KB)            :  1000000  2048000   9500364
	   Memory (MB)          :      106     1992      1992
...
001 (696085.005.000) 07/12 08:56:32 Job executing on host: <128.104.227.26:9618?addrs=128.104.227.26-9618+[2607-f388-101c-1000--629]-9618&noUDP&sock=10369_d99a_3>
...
006 (696085.005.000) 07/12 08:56:41 Image size of job updated: 59960
	53  -  MemoryUsage of job (MB)
	53260  -  ResidentSetSize of job (KB)
...
006 (696085.005.000) 07/12 09:14:57 Image size of job updated: 249804
	53  -  MemoryUsage of job (MB)
	53260  -  ResidentSetSize of job (KB)
...
005 (696085.005.000) 07/12 09:14:57 Job terminated.
	(1) Normal termination (return value 0)
		Usr 0 00:01:41, Sys 0 00:00:06  -  Run Remote Usage
		Usr 0 00:00:00, Sys 0 00:00:00  -  Run Local Usage
		Usr 0 00:01:41, Sys 0 00:00:06  -  Total Remote Usage
		Usr 0 00:00:00, Sys 0 00:00:00  -  Total Local Usage
	399539  -  Run Bytes Sent By Job
	281287  -  Run Bytes Received By Job
	399539  -  Total Bytes Sent By Job
	281287  -  Total Bytes Received By Job
	Partitionable Resources :    Usage  Request Allocated
	   Cpus                 :                 1         1
	   Disk (KB)            :  1000000  2048000   9501379
	   Memory (MB)          :       53     1992      1992
...
