000 (690126.013.000) 07/11 07:32:28 Job submitted from host: <144.92.181.245:9618?addrs=144.92.181.245-9618+[2607-f388-101c-1000--372]-9618&noUDP&sock=6179_dbc8_3>
...
001 (690126.013.000) 07/11 09:36:39 Job executing on host: <144.92.180.83:9618?addrs=144.92.180.83-9618+[2607-f388-101c-1000--629]-9618&noUDP&sock=7013_e9c4_3>
...
006 (690126.013.000) 07/11 09:36:48 Image size of job updated: 138708
	34  -  MemoryUsage of job (MB)
	34164  -  ResidentSetSize of job (KB)
...
006 (690126.013.000) 07/11 09:55:54 Image size of job updated: 138708
	34  -  MemoryUsage of job (MB)
	34172  -  ResidentSetSize of job (KB)
...
005 (690126.013.000) 07/11 09:55:55 Job terminated.
	(1) Normal termination (return value 0)
		Usr 0 00:03:49, Sys 0 00:00:13  -  Run Remote Usage
		Usr 0 00:00:00, Sys 0 00:00:00  -  Run Local Usage
		Usr 0 00:03:49, Sys 0 00:00:13  -  Total Remote Usage
		Usr 0 00:00:00, Sys 0 00:00:00  -  Total Local Usage
	341651  -  Run Bytes Sent By Job
	302156  -  Run Bytes Received By Job
	341651  -  Total Bytes Sent By Job
	302156  -  Total Bytes Received By Job
	Partitionable Resources :    Usage  Request Allocated
	   Cpus                 :                 1         1
	   Disk (KB)            :  1000000  2048000   4751280
	   Memory (MB)          :       34     1992      1992
...
