000 (690126.008.000) 07/11 07:32:27 Job submitted from host: <144.92.181.245:9618?addrs=144.92.181.245-9618+[2607-f388-101c-1000--372]-9618&noUDP&sock=6179_dbc8_3>
...
001 (690126.008.000) 07/11 09:36:39 Job executing on host: <128.104.227.53:9618?addrs=128.104.227.53-9618+[2607-f388-101c-1000--629]-9618&noUDP&sock=10314_1fe5_3>
...
006 (690126.008.000) 07/11 09:36:47 Image size of job updated: 226956
	106  -  MemoryUsage of job (MB)
	107908  -  ResidentSetSize of job (KB)
...
006 (690126.008.000) 07/11 09:51:58 Image size of job updated: 257716
	106  -  MemoryUsage of job (MB)
	107908  -  ResidentSetSize of job (KB)
...
005 (690126.008.000) 07/11 09:51:59 Job terminated.
	(1) Normal termination (return value 0)
		Usr 0 00:01:36, Sys 0 00:00:04  -  Run Remote Usage
		Usr 0 00:00:00, Sys 0 00:00:00  -  Run Local Usage
		Usr 0 00:01:36, Sys 0 00:00:04  -  Total Remote Usage
		Usr 0 00:00:00, Sys 0 00:00:00  -  Total Local Usage
	334306  -  Run Bytes Sent By Job
	302156  -  Run Bytes Received By Job
	334306  -  Total Bytes Sent By Job
	302156  -  Total Bytes Received By Job
	Partitionable Resources :    Usage  Request Allocated
	   Cpus                 :                 1         1
	   Disk (KB)            :  1000000  2048000   9499993
	   Memory (MB)          :      106     1992      1992
...
