000 (1262588.013.000) 07/25 12:34:13 Job submitted from host: <144.92.180.28:9618?addrs=144.92.180.28-9618+[2607-f388-101c-1000--370]-9618&noUDP&sock=5187_6dd5_82>
...
001 (1262588.013.000) 07/25 13:58:13 Job executing on host: <128.104.227.107:9618?addrs=128.104.227.107-9618+[2607-f388-101c-1000--56]-9618&noUDP&sock=11711_59b3_3>
...
006 (1262588.013.000) 07/25 13:58:22 Image size of job updated: 220520
	107  -  MemoryUsage of job (MB)
	108644  -  ResidentSetSize of job (KB)
...
005 (1262588.013.000) 07/25 14:17:13 Job terminated.
	(1) Normal termination (return value 0)
		Usr 0 00:02:34, Sys 0 00:00:08  -  Run Remote Usage
		Usr 0 00:00:00, Sys 0 00:00:00  -  Run Local Usage
		Usr 0 00:02:34, Sys 0 00:00:08  -  Total Remote Usage
		Usr 0 00:00:00, Sys 0 00:00:00  -  Total Local Usage
	496709  -  Run Bytes Sent By Job
	283691  -  Run Bytes Received By Job
	496709  -  Total Bytes Sent By Job
	283691  -  Total Bytes Received By Job
	Partitionable Resources :    Usage  Request Allocated
	   Cpus                 :                 1         1
	   Disk (KB)            :  1000000  2048000   9503383
	   Memory (MB)          :      107     1992      1992
...
