000 (1262588.003.000) 07/25 12:34:13 Job submitted from host: <144.92.180.28:9618?addrs=144.92.180.28-9618+[2607-f388-101c-1000--370]-9618&noUDP&sock=5187_6dd5_82>
...
001 (1262588.003.000) 07/25 13:57:23 Job executing on host: <144.92.180.145:9618?addrs=144.92.180.145-9618+[2607-f388-101c-1000--629]-9618&noUDP&sock=7660_b38b_3>
...
006 (1262588.003.000) 07/25 13:57:32 Image size of job updated: 165856
	53  -  MemoryUsage of job (MB)
	53488  -  ResidentSetSize of job (KB)
...
006 (1262588.003.000) 07/25 14:17:32 Image size of job updated: 239328
	234  -  MemoryUsage of job (MB)
	239328  -  ResidentSetSize of job (KB)
...
005 (1262588.003.000) 07/25 14:27:47 Job terminated.
	(1) Normal termination (return value 0)
		Usr 0 00:02:05, Sys 0 00:00:07  -  Run Remote Usage
		Usr 0 00:00:00, Sys 0 00:00:00  -  Run Local Usage
		Usr 0 00:02:05, Sys 0 00:00:07  -  Total Remote Usage
		Usr 0 00:00:00, Sys 0 00:00:00  -  Total Local Usage
	493790  -  Run Bytes Sent By Job
	283691  -  Run Bytes Received By Job
	493790  -  Total Bytes Sent By Job
	283691  -  Total Bytes Received By Job
	Partitionable Resources :    Usage  Request Allocated
	   Cpus                 :                 1         1
	   Disk (KB)            :  1000000  2048000   7917960
	   Memory (MB)          :      234     1992      1992
...
