000 (696018.012.000) 07/12 06:43:15 Job submitted from host: <144.92.181.245:9618?addrs=144.92.181.245-9618+[2607-f388-101c-1000--372]-9618&noUDP&sock=6179_dbc8_3>
...
001 (696018.012.000) 07/12 08:28:51 Job executing on host: <128.104.227.51:9618?addrs=128.104.227.51-9618+[2607-f388-101c-1000--629]-9618&noUDP&sock=10396_5ea9_3>
...
006 (696018.012.000) 07/12 08:29:00 Image size of job updated: 216232
	106  -  MemoryUsage of job (MB)
	108524  -  ResidentSetSize of job (KB)
...
006 (696018.012.000) 07/12 08:49:00 Image size of job updated: 240780
	236  -  MemoryUsage of job (MB)
	240688  -  ResidentSetSize of job (KB)
...
006 (696018.012.000) 07/12 08:52:15 Image size of job updated: 240804
	236  -  MemoryUsage of job (MB)
	240688  -  ResidentSetSize of job (KB)
...
005 (696018.012.000) 07/12 08:52:16 Job terminated.
	(1) Normal termination (return value 0)
		Usr 0 00:02:14, Sys 0 00:00:08  -  Run Remote Usage
		Usr 0 00:00:00, Sys 0 00:00:00  -  Run Local Usage
		Usr 0 00:02:14, Sys 0 00:00:08  -  Total Remote Usage
		Usr 0 00:00:00, Sys 0 00:00:00  -  Total Local Usage
	412333  -  Run Bytes Sent By Job
	281287  -  Run Bytes Received By Job
	412333  -  Total Bytes Sent By Job
	281287  -  Total Bytes Received By Job
	Partitionable Resources :    Usage  Request Allocated
	   Cpus                 :                 1         1
	   Disk (KB)            :  1000000  2048000   9501265
	   Memory (MB)          :      236     1992      1992
...
