000 (691495.012.000) 07/11 11:28:00 Job submitted from host: <144.92.181.245:9618?addrs=144.92.181.245-9618+[2607-f388-101c-1000--372]-9618&noUDP&sock=6179_dbc8_3>
...
001 (691495.012.000) 07/11 12:14:27 Job executing on host: <128.104.227.44:9618?addrs=128.104.227.44-9618+[2607-f388-101c-1000--629]-9618&noUDP&sock=10345_6355_3>
...
006 (691495.012.000) 07/11 12:14:36 Image size of job updated: 72000
	23  -  MemoryUsage of job (MB)
	23472  -  ResidentSetSize of job (KB)
...
006 (691495.012.000) 07/11 12:34:37 Image size of job updated: 242932
	236  -  MemoryUsage of job (MB)
	241112  -  ResidentSetSize of job (KB)
...
005 (691495.012.000) 07/11 12:39:55 Job terminated.
	(1) Normal termination (return value 0)
		Usr 0 00:02:09, Sys 0 00:00:07  -  Run Remote Usage
		Usr 0 00:00:00, Sys 0 00:00:00  -  Run Local Usage
		Usr 0 00:02:09, Sys 0 00:00:07  -  Total Remote Usage
		Usr 0 00:00:00, Sys 0 00:00:00  -  Total Local Usage
	388685  -  Run Bytes Sent By Job
	306644  -  Run Bytes Received By Job
	388685  -  Total Bytes Sent By Job
	306644  -  Total Bytes Received By Job
	Partitionable Resources :    Usage  Request Allocated
	   Cpus                 :                 1         1
	   Disk (KB)            :  1000000  2048000   9499711
	   Memory (MB)          :      236     1992      1992
...
