000 (691495.015.000) 07/11 11:28:00 Job submitted from host: <144.92.181.245:9618?addrs=144.92.181.245-9618+[2607-f388-101c-1000--372]-9618&noUDP&sock=6179_dbc8_3>
...
001 (691495.015.000) 07/11 12:14:38 Job executing on host: <128.104.227.29:9618?addrs=128.104.227.29-9618+[2607-f388-101c-1000--629]-9618&noUDP&sock=10348_721d_3>
...
006 (691495.015.000) 07/11 12:14:47 Image size of job updated: 214972
	106  -  MemoryUsage of job (MB)
	108416  -  ResidentSetSize of job (KB)
...
006 (691495.015.000) 07/11 12:34:48 Image size of job updated: 244684
	239  -  MemoryUsage of job (MB)
	244464  -  ResidentSetSize of job (KB)
...
006 (691495.015.000) 07/11 12:39:42 Image size of job updated: 244868
	239  -  MemoryUsage of job (MB)
	244464  -  ResidentSetSize of job (KB)
...
005 (691495.015.000) 07/11 12:39:43 Job terminated.
	(1) Normal termination (return value 0)
		Usr 0 00:02:13, Sys 0 00:00:06  -  Run Remote Usage
		Usr 0 00:00:00, Sys 0 00:00:00  -  Run Local Usage
		Usr 0 00:02:13, Sys 0 00:00:06  -  Total Remote Usage
		Usr 0 00:00:00, Sys 0 00:00:00  -  Total Local Usage
	390596  -  Run Bytes Sent By Job
	306644  -  Run Bytes Received By Job
	390596  -  Total Bytes Sent By Job
	306644  -  Total Bytes Received By Job
	Partitionable Resources :    Usage  Request Allocated
	   Cpus                 :                 1         1
	   Disk (KB)            :  1000000  2048000   9500265
	   Memory (MB)          :      239     1992      1992
...
