000 (691495.003.000) 07/11 11:28:00 Job submitted from host: <144.92.181.245:9618?addrs=144.92.181.245-9618+[2607-f388-101c-1000--372]-9618&noUDP&sock=6179_dbc8_3>
...
001 (691495.003.000) 07/11 12:14:04 Job executing on host: <128.104.227.20:9618?addrs=128.104.227.20-9618+[2607-f388-101c-1000--629]-9618&noUDP&sock=10360_ad40_3>
...
006 (691495.003.000) 07/11 12:14:13 Image size of job updated: 213648
	106  -  MemoryUsage of job (MB)
	108388  -  ResidentSetSize of job (KB)
...
006 (691495.003.000) 07/11 12:34:14 Image size of job updated: 245032
	240  -  MemoryUsage of job (MB)
	244816  -  ResidentSetSize of job (KB)
...
006 (691495.003.000) 07/11 12:38:18 Image size of job updated: 489024
	240  -  MemoryUsage of job (MB)
	244816  -  ResidentSetSize of job (KB)
...
005 (691495.003.000) 07/11 12:38:19 Job terminated.
	(1) Normal termination (return value 0)
		Usr 0 00:02:13, Sys 0 00:00:08  -  Run Remote Usage
		Usr 0 00:00:00, Sys 0 00:00:00  -  Run Local Usage
		Usr 0 00:02:13, Sys 0 00:00:08  -  Total Remote Usage
		Usr 0 00:00:00, Sys 0 00:00:00  -  Total Local Usage
	388790  -  Run Bytes Sent By Job
	306644  -  Run Bytes Received By Job
	388790  -  Total Bytes Sent By Job
	306644  -  Total Bytes Received By Job
	Partitionable Resources :    Usage  Request Allocated
	   Cpus                 :                 1         1
	   Disk (KB)            :  1000000  2048000   9499163
	   Memory (MB)          :      240     1992      1992
...
