000 (690092.007.000) 07/11 07:31:38 Job submitted from host: <144.92.181.245:9618?addrs=144.92.181.245-9618+[2607-f388-101c-1000--372]-9618&noUDP&sock=6179_dbc8_3>
...
001 (690092.007.000) 07/11 09:09:08 Job executing on host: <144.92.181.234:9618?addrs=144.92.181.234-9618+[2607-f388-101c-1000--629]-9618&noUDP&sock=6999_4f71_3>
...
006 (690092.007.000) 07/11 09:09:17 Image size of job updated: 167736
	53  -  MemoryUsage of job (MB)
	53604  -  ResidentSetSize of job (KB)
...
006 (690092.007.000) 07/11 09:29:18 Image size of job updated: 240612
	235  -  MemoryUsage of job (MB)
	240612  -  ResidentSetSize of job (KB)
...
005 (690092.007.000) 07/11 09:34:13 Job terminated.
	(1) Normal termination (return value 0)
		Usr 0 00:05:35, Sys 0 00:00:23  -  Run Remote Usage
		Usr 0 00:00:00, Sys 0 00:00:00  -  Run Local Usage
		Usr 0 00:05:35, Sys 0 00:00:23  -  Total Remote Usage
		Usr 0 00:00:00, Sys 0 00:00:00  -  Total Local Usage
	366235  -  Run Bytes Sent By Job
	302156  -  Run Bytes Received By Job
	366235  -  Total Bytes Sent By Job
	302156  -  Total Bytes Received By Job
	Partitionable Resources :    Usage  Request Allocated
	   Cpus                 :                 1         1
	   Disk (KB)            :  1000000  2048000   4746716
	   Memory (MB)          :      235     1992      1992
...
