000 (696079.014.000) 07/12 06:44:44 Job submitted from host: <144.92.181.245:9618?addrs=144.92.181.245-9618+[2607-f388-101c-1000--372]-9618&noUDP&sock=6179_dbc8_3>
...
001 (695082.014.000) 07/12 07:55:20 Job executing on host: <128.104.227.95:9618?addrs=128.104.227.95-9618+[2607-f388-101c-1000--629]-9618&noUDP&sock=11760_f5d7_10>
...
006 (695082.014.000) 07/12 07:55:28 Image size of job updated: 48160
	45  -  MemoryUsage of job (MB)
	45548  -  ResidentSetSize of job (KB)
...
006 (695082.014.000) 07/12 08:15:28 Image size of job updated: 238004
	231  -  MemoryUsage of job (MB)
	235752  -  ResidentSetSize of job (KB)
...
006 (695082.014.000) 07/12 08:35:28 Image size of job updated: 239404
	232  -  MemoryUsage of job (MB)
	237312  -  ResidentSetSize of job (KB)
...
005 (695082.014.000) 07/12 08:39:37 Job terminated.
	(1) Normal termination (return value 0)
		Usr 0 00:02:34, Sys 0 00:00:08  -  Run Remote Usage
		Usr 0 00:00:00, Sys 0 00:00:00  -  Run Local Usage
		Usr 0 00:02:34, Sys 0 00:00:08  -  Total Remote Usage
		Usr 0 00:00:00, Sys 0 00:00:00  -  Total Local Usage
	731915  -  Run Bytes Sent By Job
	281287  -  Run Bytes Received By Job
	731915  -  Total Bytes Sent By Job
	281287  -  Total Bytes Received By Job
	Partitionable Resources :    Usage  Request Allocated
	   Cpus                 :                 1         1
	   Disk (KB)            :  1000000  2048000   9504151
	   Memory (MB)          :      232     1992      1992
...
001 (696079.014.000) 07/12 08:55:58 Job executing on host: <128.104.227.15:9618?addrs=128.104.227.15-9618+[2607-f388-101c-1000--629]-9618&noUDP&sock=10589_c070_3>
...
006 (696079.014.000) 07/12 08:56:06 Image size of job updated: 216204
	107  -  MemoryUsage of job (MB)
	108568  -  ResidentSetSize of job (KB)
...
006 (696079.014.000) 07/12 09:16:06 Image size of job updated: 239984
	233  -  MemoryUsage of job (MB)
	237736  -  ResidentSetSize of job (KB)
...
005 (696079.014.000) 07/12 09:19:53 Job terminated.
	(1) Normal termination (return value 0)
		Usr 0 00:02:29, Sys 0 00:00:08  -  Run Remote Usage
		Usr 0 00:00:00, Sys 0 00:00:00  -  Run Local Usage
		Usr 0 00:02:29, Sys 0 00:00:08  -  Total Remote Usage
		Usr 0 00:00:00, Sys 0 00:00:00  -  Total Local Usage
	731915  -  Run Bytes Sent By Job
	281287  -  Run Bytes Received By Job
	731915  -  Total Bytes Sent By Job
	281287  -  Total Bytes Received By Job
	Partitionable Resources :    Usage  Request Allocated
	   Cpus                 :                 1         1
	   Disk (KB)            :  1000000  2048000   9500643
	   Memory (MB)          :      233     1992      1992
...
