000 (696079.006.000) 07/12 06:44:44 Job submitted from host: <144.92.181.245:9618?addrs=144.92.181.245-9618+[2607-f388-101c-1000--372]-9618&noUDP&sock=6179_dbc8_3>
...
001 (695082.006.000) 07/12 07:54:07 Job executing on host: <128.104.227.46:9618?addrs=128.104.227.46-9618+[2607-f388-101c-1000--629]-9618&noUDP&sock=10288_4a6f_3>
...
006 (695082.006.000) 07/12 07:54:15 Image size of job updated: 216692
	107  -  MemoryUsage of job (MB)
	108556  -  ResidentSetSize of job (KB)
...
006 (695082.006.000) 07/12 08:14:15 Image size of job updated: 238444
	233  -  MemoryUsage of job (MB)
	238444  -  ResidentSetSize of job (KB)
...
006 (695082.006.000) 07/12 08:34:15 Image size of job updated: 238780
	233  -  MemoryUsage of job (MB)
	238580  -  ResidentSetSize of job (KB)
...
005 (695082.006.000) 07/12 08:36:37 Job terminated.
	(1) Normal termination (return value 0)
		Usr 0 00:02:20, Sys 0 00:00:08  -  Run Remote Usage
		Usr 0 00:00:00, Sys 0 00:00:00  -  Run Local Usage
		Usr 0 00:02:20, Sys 0 00:00:08  -  Total Remote Usage
		Usr 0 00:00:00, Sys 0 00:00:00  -  Total Local Usage
	731000  -  Run Bytes Sent By Job
	281287  -  Run Bytes Received By Job
	731000  -  Total Bytes Sent By Job
	281287  -  Total Bytes Received By Job
	Partitionable Resources :    Usage  Request Allocated
	   Cpus                 :                 1         1
	   Disk (KB)            :  1000000  2048000   9501106
	   Memory (MB)          :      233     1992      1992
...
001 (696079.006.000) 07/12 08:55:54 Job executing on host: <128.104.227.70:9618?addrs=128.104.227.70-9618+[2607-f388-101c-1000--629]-9618&noUDP&sock=10318_de46_3>
...
006 (696079.006.000) 07/12 08:56:03 Image size of job updated: 147908
	107  -  MemoryUsage of job (MB)
	108552  -  ResidentSetSize of job (KB)
...
006 (696079.006.000) 07/12 09:16:04 Image size of job updated: 241472
	234  -  MemoryUsage of job (MB)
	238972  -  ResidentSetSize of job (KB)
...
005 (696079.006.000) 07/12 09:20:36 Job terminated.
	(1) Normal termination (return value 0)
		Usr 0 00:02:27, Sys 0 00:00:07  -  Run Remote Usage
		Usr 0 00:00:00, Sys 0 00:00:00  -  Run Local Usage
		Usr 0 00:02:27, Sys 0 00:00:07  -  Total Remote Usage
		Usr 0 00:00:00, Sys 0 00:00:00  -  Total Local Usage
	731000  -  Run Bytes Sent By Job
	281287  -  Run Bytes Received By Job
	731000  -  Total Bytes Sent By Job
	281287  -  Total Bytes Received By Job
	Partitionable Resources :    Usage  Request Allocated
	   Cpus                 :                 1         1
	   Disk (KB)            :  1000000  2048000   9500874
	   Memory (MB)          :      234     1992      1992
...
