000 (691458.000.000) 07/11 11:27:10 Job submitted from host: <144.92.181.245:9618?addrs=144.92.181.245-9618+[2607-f388-101c-1000--372]-9618&noUDP&sock=6179_dbc8_3>
...
001 (691458.000.000) 07/11 11:56:34 Job executing on host: <128.104.227.19:9618?addrs=128.104.227.19-9618+[2607-f388-101c-1000--629]-9618&noUDP&sock=10268_928a_3>
...
006 (691458.000.000) 07/11 11:56:43 Image size of job updated: 110040
	106  -  MemoryUsage of job (MB)
	108080  -  ResidentSetSize of job (KB)
...
006 (691458.000.000) 07/11 12:16:44 Image size of job updated: 234348
	229  -  MemoryUsage of job (MB)
	234348  -  ResidentSetSize of job (KB)
...
006 (691458.000.000) 07/11 12:36:45 Image size of job updated: 237776
	233  -  MemoryUsage of job (MB)
	237704  -  ResidentSetSize of job (KB)
...
006 (691458.000.000) 07/11 12:43:04 Image size of job updated: 237876
	233  -  MemoryUsage of job (MB)
	237704  -  ResidentSetSize of job (KB)
...
005 (691458.000.000) 07/11 12:43:05 Job terminated.
	(1) Normal termination (return value 0)
		Usr 0 00:03:07, Sys 0 00:00:12  -  Run Remote Usage
		Usr 0 00:00:00, Sys 0 00:00:00  -  Run Local Usage
		Usr 0 00:03:07, Sys 0 00:00:12  -  Total Remote Usage
		Usr 0 00:00:00, Sys 0 00:00:00  -  Total Local Usage
	178778  -  Run Bytes Sent By Job
	306644  -  Run Bytes Received By Job
	178778  -  Total Bytes Sent By Job
	306644  -  Total Bytes Received By Job
	Partitionable Resources :    Usage  Request Allocated
	   Cpus                 :                 1         1
	   Disk (KB)            :  1000000  2048000   9501356
	   Memory (MB)          :      233     1992      1992
...
