file path found: /hdfs/store/user/varuns/Run2018D_Prompt/MET/crab_job_MET2018Dv2/190512_164040/0008/Data_MET2018Dv2_8031.root
name: Data_MET2018Dv2_8031.root
filenumber: 0
file path found: /hdfs/store/user/varuns/Run2018D_Prompt/MET/crab_job_MET2018Dv2/190512_164040/0008/Data_MET2018Dv2_8033.root
name: Data_MET2018Dv2_8033.root
filenumber: 1
file path found: /hdfs/store/user/varuns/Run2018D_Prompt/MET/crab_job_MET2018Dv2/190512_164040/0008/Data_MET2018Dv2_8036.root
name: Data_MET2018Dv2_8036.root
filenumber: 2
file path found: /hdfs/store/user/varuns/Run2018D_Prompt/MET/crab_job_MET2018Dv2/190512_164040/0008/Data_MET2018Dv2_8037.root
name: Data_MET2018Dv2_8037.root
filenumber: 3
file path found: /hdfs/store/user/varuns/Run2018D_Prompt/MET/crab_job_MET2018Dv2/190512_164040/0008/Data_MET2018Dv2_8039.root
name: Data_MET2018Dv2_8039.root
filenumber: 4
file path found: /hdfs/store/user/varuns/Run2018D_Prompt/MET/crab_job_MET2018Dv2/190512_164040/0008/Data_MET2018Dv2_8044.root
name: Data_MET2018Dv2_8044.root
filenumber: 5
file path found: /hdfs/store/user/varuns/Run2018D_Prompt/MET/crab_job_MET2018Dv2/190512_164040/0008/Data_MET2018Dv2_8045.root
name: Data_MET2018Dv2_8045.root
filenumber: 6
file path found: /hdfs/store/user/varuns/Run2018D_Prompt/MET/crab_job_MET2018Dv2/190512_164040/0008/Data_MET2018Dv2_8046.root
name: Data_MET2018Dv2_8046.root
filenumber: 7
file path found: /hdfs/store/user/varuns/Run2018D_Prompt/MET/crab_job_MET2018Dv2/190512_164040/0008/Data_MET2018Dv2_8047.root
name: Data_MET2018Dv2_8047.root
filenumber: 8
file path found: /hdfs/store/user/varuns/Run2018D_Prompt/MET/crab_job_MET2018Dv2/190512_164040/0008/Data_MET2018Dv2_8052.root
name: Data_MET2018Dv2_8052.root
filenumber: 9
file path found: /hdfs/store/user/varuns/Run2018D_Prompt/MET/crab_job_MET2018Dv2/190512_164040/0008/Data_MET2018Dv2_8053.root
name: Data_MET2018Dv2_8053.root
filenumber: 10
file path found: /hdfs/store/user/varuns/Run2018D_Prompt/MET/crab_job_MET2018Dv2/190512_164040/0008/Data_MET2018Dv2_8054.root
name: Data_MET2018Dv2_8054.root
filenumber: 11
file path found: /hdfs/store/user/varuns/Run2018D_Prompt/MET/crab_job_MET2018Dv2/190512_164040/0008/Data_MET2018Dv2_8055.root
name: Data_MET2018Dv2_8055.root
filenumber: 12
file path found: /hdfs/store/user/varuns/Run2018D_Prompt/MET/crab_job_MET2018Dv2/190512_164040/0008/Data_MET2018Dv2_8056.root
name: Data_MET2018Dv2_8056.root
filenumber: 13
file path found: /hdfs/store/user/varuns/Run2018D_Prompt/MET/crab_job_MET2018Dv2/190512_164040/0008/Data_MET2018Dv2_8058.root
name: Data_MET2018Dv2_8058.root
filenumber: 14
file path found: /hdfs/store/user/varuns/Run2018D_Prompt/MET/crab_job_MET2018Dv2/190512_164040/0008/Data_MET2018Dv2_8060.root
name: Data_MET2018Dv2_8060.root
filenumber: 15
file path found: /hdfs/store/user/varuns/Run2018D_Prompt/MET/crab_job_MET2018Dv2/190512_164040/0008/Data_MET2018Dv2_8062.root
name: Data_MET2018Dv2_8062.root
filenumber: 16
file path found: /hdfs/store/user/varuns/Run2018D_Prompt/MET/crab_job_MET2018Dv2/190512_164040/0008/Data_MET2018Dv2_8063.root
name: Data_MET2018Dv2_8063.root
filenumber: 17
file path found: /hdfs/store/user/varuns/Run2018D_Prompt/MET/crab_job_MET2018Dv2/190512_164040/0008/Data_MET2018Dv2_8064.root
name: Data_MET2018Dv2_8064.root
filenumber: 18
file path found: /hdfs/store/user/varuns/Run2018D_Prompt/MET/crab_job_MET2018Dv2/190512_164040/0008/Data_MET2018Dv2_8065.root
name: Data_MET2018Dv2_8065.root
filenumber: 19
file path found: /hdfs/store/user/varuns/Run2018D_Prompt/MET/crab_job_MET2018Dv2/190512_164040/0008/Data_MET2018Dv2_8066.root
name: Data_MET2018Dv2_8066.root
filenumber: 20
file path found: /hdfs/store/user/varuns/Run2018D_Prompt/MET/crab_job_MET2018Dv2/190512_164040/0008/Data_MET2018Dv2_8067.root
name: Data_MET2018Dv2_8067.root
filenumber: 21
file path found: /hdfs/store/user/varuns/Run2018D_Prompt/MET/crab_job_MET2018Dv2/190512_164040/0008/Data_MET2018Dv2_8068.root
name: Data_MET2018Dv2_8068.root
filenumber: 22
file path found: /hdfs/store/user/varuns/Run2018D_Prompt/MET/crab_job_MET2018Dv2/190512_164040/0008/Data_MET2018Dv2_8069.root
name: Data_MET2018Dv2_8069.root
filenumber: 23
file path found: /hdfs/store/user/varuns/Run2018D_Prompt/MET/crab_job_MET2018Dv2/190512_164040/0008/Data_MET2018Dv2_8070.root
name: Data_MET2018Dv2_8070.root
filenumber: 24
file path found: /hdfs/store/user/varuns/Run2018D_Prompt/MET/crab_job_MET2018Dv2/190512_164040/0008/Data_MET2018Dv2_8071.root
name: Data_MET2018Dv2_8071.root
filenumber: 25
file path found: /hdfs/store/user/varuns/Run2018D_Prompt/MET/crab_job_MET2018Dv2/190512_164040/0008/Data_MET2018Dv2_8072.root
name: Data_MET2018Dv2_8072.root
filenumber: 26
file path found: /hdfs/store/user/varuns/Run2018D_Prompt/MET/crab_job_MET2018Dv2/190512_164040/0008/Data_MET2018Dv2_8073.root
name: Data_MET2018Dv2_8073.root
filenumber: 27
file path found: /hdfs/store/user/varuns/Run2018D_Prompt/MET/crab_job_MET2018Dv2/190512_164040/0008/Data_MET2018Dv2_8074.root
name: Data_MET2018Dv2_8074.root
filenumber: 28
file path found: /hdfs/store/user/varuns/Run2018D_Prompt/MET/crab_job_MET2018Dv2/190512_164040/0008/Data_MET2018Dv2_8075.root
name: Data_MET2018Dv2_8075.root
filenumber: 29
file path found: /hdfs/store/user/varuns/Run2018D_Prompt/MET/crab_job_MET2018Dv2/190512_164040/0008/Data_MET2018Dv2_8076.root
name: Data_MET2018Dv2_8076.root
filenumber: 30
file path found: /hdfs/store/user/varuns/Run2018D_Prompt/MET/crab_job_MET2018Dv2/190512_164040/0008/Data_MET2018Dv2_8077.root
name: Data_MET2018Dv2_8077.root
filenumber: 31
file path found: /hdfs/store/user/varuns/Run2018D_Prompt/MET/crab_job_MET2018Dv2/190512_164040/0008/Data_MET2018Dv2_8078.root
name: Data_MET2018Dv2_8078.root
filenumber: 32
file path found: /hdfs/store/user/varuns/Run2018D_Prompt/MET/crab_job_MET2018Dv2/190512_164040/0008/Data_MET2018Dv2_8079.root
name: Data_MET2018Dv2_8079.root
filenumber: 33
file path found: /hdfs/store/user/varuns/Run2018D_Prompt/MET/crab_job_MET2018Dv2/190512_164040/0008/Data_MET2018Dv2_8080.root
name: Data_MET2018Dv2_8080.root
filenumber: 34
file path found: /hdfs/store/user/varuns/Run2018D_Prompt/MET/crab_job_MET2018Dv2/190512_164040/0008/Data_MET2018Dv2_8081.root
name: Data_MET2018Dv2_8081.root
filenumber: 35
file path found: /hdfs/store/user/varuns/Run2018D_Prompt/MET/crab_job_MET2018Dv2/190512_164040/0008/Data_MET2018Dv2_8082.root
name: Data_MET2018Dv2_8082.root
filenumber: 36
file path found: /hdfs/store/user/varuns/Run2018D_Prompt/MET/crab_job_MET2018Dv2/190512_164040/0008/Data_MET2018Dv2_8083.root
name: Data_MET2018Dv2_8083.root
filenumber: 37
file path found: /hdfs/store/user/varuns/Run2018D_Prompt/MET/crab_job_MET2018Dv2/190512_164040/0008/Data_MET2018Dv2_8084.root
name: Data_MET2018Dv2_8084.root
filenumber: 38
file path found: /hdfs/store/user/varuns/Run2018D_Prompt/MET/crab_job_MET2018Dv2/190512_164040/0008/Data_MET2018Dv2_8085.root
name: Data_MET2018Dv2_8085.root
filenumber: 39
file path found: /hdfs/store/user/varuns/Run2018D_Prompt/MET/crab_job_MET2018Dv2/190512_164040/0008/Data_MET2018Dv2_8086.root
name: Data_MET2018Dv2_8086.root
filenumber: 40
file path found: /hdfs/store/user/varuns/Run2018D_Prompt/MET/crab_job_MET2018Dv2/190512_164040/0008/Data_MET2018Dv2_8087.root
name: Data_MET2018Dv2_8087.root
filenumber: 41
file path found: /hdfs/store/user/varuns/Run2018D_Prompt/MET/crab_job_MET2018Dv2/190512_164040/0008/Data_MET2018Dv2_8088.root
name: Data_MET2018Dv2_8088.root
filenumber: 42
file path found: /hdfs/store/user/varuns/Run2018D_Prompt/MET/crab_job_MET2018Dv2/190512_164040/0008/Data_MET2018Dv2_8089.root
name: Data_MET2018Dv2_8089.root
filenumber: 43
file path found: /hdfs/store/user/varuns/Run2018D_Prompt/MET/crab_job_MET2018Dv2/190512_164040/0008/Data_MET2018Dv2_8090.root
name: Data_MET2018Dv2_8090.root
filenumber: 44
file path found: /hdfs/store/user/varuns/Run2018D_Prompt/MET/crab_job_MET2018Dv2/190512_164040/0008/Data_MET2018Dv2_8091.root
name: Data_MET2018Dv2_8091.root
filenumber: 45
file path found: /hdfs/store/user/varuns/Run2018D_Prompt/MET/crab_job_MET2018Dv2/190512_164040/0008/Data_MET2018Dv2_8092.root
name: Data_MET2018Dv2_8092.root
filenumber: 46
file path found: /hdfs/store/user/varuns/Run2018D_Prompt/MET/crab_job_MET2018Dv2/190512_164040/0008/Data_MET2018Dv2_8093.root
name: Data_MET2018Dv2_8093.root
filenumber: 47
file path found: /hdfs/store/user/varuns/Run2018D_Prompt/MET/crab_job_MET2018Dv2/190512_164040/0008/Data_MET2018Dv2_8094.root
name: Data_MET2018Dv2_8094.root
filenumber: 48
file path found: /hdfs/store/user/varuns/Run2018D_Prompt/MET/crab_job_MET2018Dv2/190512_164040/0008/Data_MET2018Dv2_8095.root
name: Data_MET2018Dv2_8095.root
filenumber: 49
file path found: /hdfs/store/user/varuns/Run2018D_Prompt/MET/crab_job_MET2018Dv2/190512_164040/0008/Data_MET2018Dv2_8096.root
name: Data_MET2018Dv2_8096.root
filenumber: 50
file path found: /hdfs/store/user/varuns/Run2018D_Prompt/MET/crab_job_MET2018Dv2/190512_164040/0008/Data_MET2018Dv2_8097.root
name: Data_MET2018Dv2_8097.root
filenumber: 51
file path found: /hdfs/store/user/varuns/Run2018D_Prompt/MET/crab_job_MET2018Dv2/190512_164040/0008/Data_MET2018Dv2_8098.root
name: Data_MET2018Dv2_8098.root
filenumber: 52
file path found: /hdfs/store/user/varuns/Run2018D_Prompt/MET/crab_job_MET2018Dv2/190512_164040/0008/Data_MET2018Dv2_8099.root
name: Data_MET2018Dv2_8099.root
filenumber: 53
file path found: /hdfs/store/user/varuns/Run2018D_Prompt/MET/crab_job_MET2018Dv2/190512_164040/0008/Data_MET2018Dv2_8117.root
name: Data_MET2018Dv2_8117.root
filenumber: 54
file path found: /hdfs/store/user/varuns/Run2018D_Prompt/MET/crab_job_MET2018Dv2/190512_164040/0008/Data_MET2018Dv2_8118.root
name: Data_MET2018Dv2_8118.root
filenumber: 55
file path found: /hdfs/store/user/varuns/Run2018D_Prompt/MET/crab_job_MET2018Dv2/190512_164040/0008/Data_MET2018Dv2_8119.root
name: Data_MET2018Dv2_8119.root
filenumber: 56
file path found: /hdfs/store/user/varuns/Run2018D_Prompt/MET/crab_job_MET2018Dv2/190512_164040/0008/Data_MET2018Dv2_8121.root
name: Data_MET2018Dv2_8121.root
filenumber: 57
file path found: /hdfs/store/user/varuns/Run2018D_Prompt/MET/crab_job_MET2018Dv2/190512_164040/0008/Data_MET2018Dv2_8122.root
name: Data_MET2018Dv2_8122.root
filenumber: 58
file path found: /hdfs/store/user/varuns/Run2018D_Prompt/MET/crab_job_MET2018Dv2/190512_164040/0008/Data_MET2018Dv2_8123.root
name: Data_MET2018Dv2_8123.root
filenumber: 59
file path found: /hdfs/store/user/varuns/Run2018D_Prompt/MET/crab_job_MET2018Dv2/190512_164040/0008/Data_MET2018Dv2_8124.root
name: Data_MET2018Dv2_8124.root
filenumber: 60
file path found: /hdfs/store/user/varuns/Run2018D_Prompt/MET/crab_job_MET2018Dv2/190512_164040/0008/Data_MET2018Dv2_8125.root
name: Data_MET2018Dv2_8125.root
filenumber: 61
file path found: /hdfs/store/user/varuns/Run2018D_Prompt/MET/crab_job_MET2018Dv2/190512_164040/0008/Data_MET2018Dv2_8126.root
name: Data_MET2018Dv2_8126.root
filenumber: 62
file path found: /hdfs/store/user/varuns/Run2018D_Prompt/MET/crab_job_MET2018Dv2/190512_164040/0008/Data_MET2018Dv2_8127.root
name: Data_MET2018Dv2_8127.root
filenumber: 63
file path found: /hdfs/store/user/varuns/Run2018D_Prompt/MET/crab_job_MET2018Dv2/190512_164040/0008/Data_MET2018Dv2_8128.root
name: Data_MET2018Dv2_8128.root
filenumber: 64
file path found: /hdfs/store/user/varuns/Run2018D_Prompt/MET/crab_job_MET2018Dv2/190512_164040/0008/Data_MET2018Dv2_8129.root
name: Data_MET2018Dv2_8129.root
filenumber: 65
file path found: /hdfs/store/user/varuns/Run2018D_Prompt/MET/crab_job_MET2018Dv2/190512_164040/0008/Data_MET2018Dv2_8131.root
name: Data_MET2018Dv2_8131.root
filenumber: 66
file path found: /hdfs/store/user/varuns/Run2018D_Prompt/MET/crab_job_MET2018Dv2/190512_164040/0008/Data_MET2018Dv2_8132.root
name: Data_MET2018Dv2_8132.root
filenumber: 67
file path found: /hdfs/store/user/varuns/Run2018D_Prompt/MET/crab_job_MET2018Dv2/190512_164040/0008/Data_MET2018Dv2_8133.root
name: Data_MET2018Dv2_8133.root
filenumber: 68
file path found: /hdfs/store/user/varuns/Run2018D_Prompt/MET/crab_job_MET2018Dv2/190512_164040/0008/Data_MET2018Dv2_8134.root
name: Data_MET2018Dv2_8134.root
filenumber: 69
file path found: /hdfs/store/user/varuns/Run2018D_Prompt/MET/crab_job_MET2018Dv2/190512_164040/0008/Data_MET2018Dv2_8135.root
name: Data_MET2018Dv2_8135.root
filenumber: 70
file path found: /hdfs/store/user/varuns/Run2018D_Prompt/MET/crab_job_MET2018Dv2/190512_164040/0008/Data_MET2018Dv2_8136.root
name: Data_MET2018Dv2_8136.root
filenumber: 71
file path found: /hdfs/store/user/varuns/Run2018D_Prompt/MET/crab_job_MET2018Dv2/190512_164040/0008/Data_MET2018Dv2_8140.root
name: Data_MET2018Dv2_8140.root
filenumber: 72
file path found: /hdfs/store/user/varuns/Run2018D_Prompt/MET/crab_job_MET2018Dv2/190512_164040/0008/Data_MET2018Dv2_8142.root
name: Data_MET2018Dv2_8142.root
filenumber: 73
file path found: /hdfs/store/user/varuns/Run2018D_Prompt/MET/crab_job_MET2018Dv2/190512_164040/0008/Data_MET2018Dv2_8143.root
name: Data_MET2018Dv2_8143.root
filenumber: 74
file path found: /hdfs/store/user/varuns/Run2018D_Prompt/MET/crab_job_MET2018Dv2/190512_164040/0008/Data_MET2018Dv2_8144.root
name: Data_MET2018Dv2_8144.root
filenumber: 75
file path found: /hdfs/store/user/varuns/Run2018D_Prompt/MET/crab_job_MET2018Dv2/190512_164040/0008/Data_MET2018Dv2_8145.root
name: Data_MET2018Dv2_8145.root
filenumber: 76
file path found: /hdfs/store/user/varuns/Run2018D_Prompt/MET/crab_job_MET2018Dv2/190512_164040/0008/Data_MET2018Dv2_8146.root
name: Data_MET2018Dv2_8146.root
filenumber: 77
file path found: /hdfs/store/user/varuns/Run2018D_Prompt/MET/crab_job_MET2018Dv2/190512_164040/0008/Data_MET2018Dv2_8147.root
name: Data_MET2018Dv2_8147.root
filenumber: 78
file path found: /hdfs/store/user/varuns/Run2018D_Prompt/MET/crab_job_MET2018Dv2/190512_164040/0008/Data_MET2018Dv2_8148.root
name: Data_MET2018Dv2_8148.root
filenumber: 79
file path found: /hdfs/store/user/varuns/Run2018D_Prompt/MET/crab_job_MET2018Dv2/190512_164040/0008/Data_MET2018Dv2_8149.root
name: Data_MET2018Dv2_8149.root
filenumber: 80
file path found: /hdfs/store/user/varuns/Run2018D_Prompt/MET/crab_job_MET2018Dv2/190512_164040/0008/Data_MET2018Dv2_8152.root
name: Data_MET2018Dv2_8152.root
filenumber: 81
file path found: /hdfs/store/user/varuns/Run2018D_Prompt/MET/crab_job_MET2018Dv2/190512_164040/0008/Data_MET2018Dv2_8153.root
name: Data_MET2018Dv2_8153.root
filenumber: 82
file path found: /hdfs/store/user/varuns/Run2018D_Prompt/MET/crab_job_MET2018Dv2/190512_164040/0008/Data_MET2018Dv2_8154.root
name: Data_MET2018Dv2_8154.root
filenumber: 83
file path found: /hdfs/store/user/varuns/Run2018D_Prompt/MET/crab_job_MET2018Dv2/190512_164040/0008/Data_MET2018Dv2_8155.root
name: Data_MET2018Dv2_8155.root
filenumber: 84
file path found: /hdfs/store/user/varuns/Run2018D_Prompt/MET/crab_job_MET2018Dv2/190512_164040/0008/Data_MET2018Dv2_8156.root
name: Data_MET2018Dv2_8156.root
filenumber: 85
file path found: /hdfs/store/user/varuns/Run2018D_Prompt/MET/crab_job_MET2018Dv2/190512_164040/0008/Data_MET2018Dv2_8157.root
name: Data_MET2018Dv2_8157.root
filenumber: 86
file path found: /hdfs/store/user/varuns/Run2018D_Prompt/MET/crab_job_MET2018Dv2/190512_164040/0008/Data_MET2018Dv2_8159.root
name: Data_MET2018Dv2_8159.root
filenumber: 87
file path found: /hdfs/store/user/varuns/Run2018D_Prompt/MET/crab_job_MET2018Dv2/190512_164040/0008/Data_MET2018Dv2_8160.root
name: Data_MET2018Dv2_8160.root
filenumber: 88
file path found: /hdfs/store/user/varuns/Run2018D_Prompt/MET/crab_job_MET2018Dv2/190512_164040/0008/Data_MET2018Dv2_8162.root
name: Data_MET2018Dv2_8162.root
filenumber: 89
file path found: /hdfs/store/user/varuns/Run2018D_Prompt/MET/crab_job_MET2018Dv2/190512_164040/0008/Data_MET2018Dv2_8163.root
name: Data_MET2018Dv2_8163.root
filenumber: 90
file path found: /hdfs/store/user/varuns/Run2018D_Prompt/MET/crab_job_MET2018Dv2/190512_164040/0008/Data_MET2018Dv2_8164.root
name: Data_MET2018Dv2_8164.root
filenumber: 91
file path found: /hdfs/store/user/varuns/Run2018D_Prompt/MET/crab_job_MET2018Dv2/190512_164040/0008/Data_MET2018Dv2_8166.root
name: Data_MET2018Dv2_8166.root
filenumber: 92
file path found: /hdfs/store/user/varuns/Run2018D_Prompt/MET/crab_job_MET2018Dv2/190512_164040/0008/Data_MET2018Dv2_8167.root
name: Data_MET2018Dv2_8167.root
filenumber: 93
file path found: /hdfs/store/user/varuns/Run2018D_Prompt/MET/crab_job_MET2018Dv2/190512_164040/0008/Data_MET2018Dv2_8168.root
name: Data_MET2018Dv2_8168.root
filenumber: 94
file path found: /hdfs/store/user/varuns/Run2018D_Prompt/MET/crab_job_MET2018Dv2/190512_164040/0008/Data_MET2018Dv2_8169.root
name: Data_MET2018Dv2_8169.root
filenumber: 95
file path found: /hdfs/store/user/varuns/Run2018D_Prompt/MET/crab_job_MET2018Dv2/190512_164040/0008/Data_MET2018Dv2_8170.root
name: Data_MET2018Dv2_8170.root
filenumber: 96
file path found: /hdfs/store/user/varuns/Run2018D_Prompt/MET/crab_job_MET2018Dv2/190512_164040/0008/Data_MET2018Dv2_8171.root
name: Data_MET2018Dv2_8171.root
filenumber: 97
file path found: /hdfs/store/user/varuns/Run2018D_Prompt/MET/crab_job_MET2018Dv2/190512_164040/0008/Data_MET2018Dv2_8172.root
name: Data_MET2018Dv2_8172.root
filenumber: 98
file path found: /hdfs/store/user/varuns/Run2018D_Prompt/MET/crab_job_MET2018Dv2/190512_164040/0008/Data_MET2018Dv2_8173.root
name: Data_MET2018Dv2_8173.root
filenumber: 99
file path found: /hdfs/store/user/varuns/Run2018D_Prompt/MET/crab_job_MET2018Dv2/190512_164040/0008/Data_MET2018Dv2_8174.root
name: Data_MET2018Dv2_8174.root
filenumber: 100
file path found: /hdfs/store/user/varuns/Run2018D_Prompt/MET/crab_job_MET2018Dv2/190512_164040/0008/Data_MET2018Dv2_8175.root
name: Data_MET2018Dv2_8175.root
filenumber: 101
file path found: /hdfs/store/user/varuns/Run2018D_Prompt/MET/crab_job_MET2018Dv2/190512_164040/0008/Data_MET2018Dv2_8176.root
name: Data_MET2018Dv2_8176.root
filenumber: 102
file path found: /hdfs/store/user/varuns/Run2018D_Prompt/MET/crab_job_MET2018Dv2/190512_164040/0008/Data_MET2018Dv2_8177.root
name: Data_MET2018Dv2_8177.root
filenumber: 103
file path found: /hdfs/store/user/varuns/Run2018D_Prompt/MET/crab_job_MET2018Dv2/190512_164040/0008/Data_MET2018Dv2_8178.root
name: Data_MET2018Dv2_8178.root
filenumber: 104
file path found: /hdfs/store/user/varuns/Run2018D_Prompt/MET/crab_job_MET2018Dv2/190512_164040/0008/Data_MET2018Dv2_8179.root
name: Data_MET2018Dv2_8179.root
filenumber: 105
file path found: /hdfs/store/user/varuns/Run2018D_Prompt/MET/crab_job_MET2018Dv2/190512_164040/0008/Data_MET2018Dv2_8180.root
name: Data_MET2018Dv2_8180.root
filenumber: 106
file path found: /hdfs/store/user/varuns/Run2018D_Prompt/MET/crab_job_MET2018Dv2/190512_164040/0008/Data_MET2018Dv2_8181.root
name: Data_MET2018Dv2_8181.root
filenumber: 107
file path found: /hdfs/store/user/varuns/Run2018D_Prompt/MET/crab_job_MET2018Dv2/190512_164040/0008/Data_MET2018Dv2_8182.root
name: Data_MET2018Dv2_8182.root
filenumber: 108
file path found: /hdfs/store/user/varuns/Run2018D_Prompt/MET/crab_job_MET2018Dv2/190512_164040/0008/Data_MET2018Dv2_8183.root
name: Data_MET2018Dv2_8183.root
filenumber: 109
file path found: /hdfs/store/user/varuns/Run2018D_Prompt/MET/crab_job_MET2018Dv2/190512_164040/0008/Data_MET2018Dv2_8184.root
name: Data_MET2018Dv2_8184.root
filenumber: 110
file path found: /hdfs/store/user/varuns/Run2018D_Prompt/MET/crab_job_MET2018Dv2/190512_164040/0008/Data_MET2018Dv2_8185.root
name: Data_MET2018Dv2_8185.root
filenumber: 111
file path found: /hdfs/store/user/varuns/Run2018D_Prompt/MET/crab_job_MET2018Dv2/190512_164040/0008/Data_MET2018Dv2_8187.root
name: Data_MET2018Dv2_8187.root
filenumber: 112
file path found: /hdfs/store/user/varuns/Run2018D_Prompt/MET/crab_job_MET2018Dv2/190512_164040/0008/Data_MET2018Dv2_8188.root
name: Data_MET2018Dv2_8188.root
filenumber: 113
file path found: /hdfs/store/user/varuns/Run2018D_Prompt/MET/crab_job_MET2018Dv2/190512_164040/0008/Data_MET2018Dv2_8189.root
name: Data_MET2018Dv2_8189.root
filenumber: 114
file path found: /hdfs/store/user/varuns/Run2018D_Prompt/MET/crab_job_MET2018Dv2/190512_164040/0008/Data_MET2018Dv2_8190.root
name: Data_MET2018Dv2_8190.root
filenumber: 115
file path found: /hdfs/store/user/varuns/Run2018D_Prompt/MET/crab_job_MET2018Dv2/190512_164040/0008/Data_MET2018Dv2_8191.root
name: Data_MET2018Dv2_8191.root
filenumber: 116
file path found: /hdfs/store/user/varuns/Run2018D_Prompt/MET/crab_job_MET2018Dv2/190512_164040/0008/Data_MET2018Dv2_8192.root
name: Data_MET2018Dv2_8192.root
filenumber: 117
file path found: /hdfs/store/user/varuns/Run2018D_Prompt/MET/crab_job_MET2018Dv2/190512_164040/0008/Data_MET2018Dv2_8193.root
name: Data_MET2018Dv2_8193.root
filenumber: 118
file path found: /hdfs/store/user/varuns/Run2018D_Prompt/MET/crab_job_MET2018Dv2/190512_164040/0008/Data_MET2018Dv2_8194.root
name: Data_MET2018Dv2_8194.root
filenumber: 119
file path found: /hdfs/store/user/varuns/Run2018D_Prompt/MET/crab_job_MET2018Dv2/190512_164040/0008/Data_MET2018Dv2_8195.root
name: Data_MET2018Dv2_8195.root
filenumber: 120
file path found: /hdfs/store/user/varuns/Run2018D_Prompt/MET/crab_job_MET2018Dv2/190512_164040/0008/Data_MET2018Dv2_8196.root
name: Data_MET2018Dv2_8196.root
filenumber: 121
file path found: /hdfs/store/user/varuns/Run2018D_Prompt/MET/crab_job_MET2018Dv2/190512_164040/0008/Data_MET2018Dv2_8197.root
name: Data_MET2018Dv2_8197.root
filenumber: 122
file path found: /hdfs/store/user/varuns/Run2018D_Prompt/MET/crab_job_MET2018Dv2/190512_164040/0008/Data_MET2018Dv2_8198.root
name: Data_MET2018Dv2_8198.root
filenumber: 123
file path found: /hdfs/store/user/varuns/Run2018D_Prompt/MET/crab_job_MET2018Dv2/190512_164040/0008/Data_MET2018Dv2_8199.root
name: Data_MET2018Dv2_8199.root
filenumber: 124
file path found: /hdfs/store/user/varuns/Run2018D_Prompt/MET/crab_job_MET2018Dv2/190512_164040/0008/Data_MET2018Dv2_8200.root
name: Data_MET2018Dv2_8200.root
filenumber: 125
file path found: /hdfs/store/user/varuns/Run2018D_Prompt/MET/crab_job_MET2018Dv2/190512_164040/0008/Data_MET2018Dv2_8201.root
name: Data_MET2018Dv2_8201.root
filenumber: 126
file path found: /hdfs/store/user/varuns/Run2018D_Prompt/MET/crab_job_MET2018Dv2/190512_164040/0008/Data_MET2018Dv2_8202.root
name: Data_MET2018Dv2_8202.root
filenumber: 127
file path found: /hdfs/store/user/varuns/Run2018D_Prompt/MET/crab_job_MET2018Dv2/190512_164040/0008/Data_MET2018Dv2_8203.root
name: Data_MET2018Dv2_8203.root
filenumber: 128
file path found: /hdfs/store/user/varuns/Run2018D_Prompt/MET/crab_job_MET2018Dv2/190512_164040/0008/Data_MET2018Dv2_8204.root
name: Data_MET2018Dv2_8204.root
filenumber: 129
file path found: /hdfs/store/user/varuns/Run2018D_Prompt/MET/crab_job_MET2018Dv2/190512_164040/0008/Data_MET2018Dv2_8205.root
name: Data_MET2018Dv2_8205.root
filenumber: 130
file path found: /hdfs/store/user/varuns/Run2018D_Prompt/MET/crab_job_MET2018Dv2/190512_164040/0008/Data_MET2018Dv2_8206.root
name: Data_MET2018Dv2_8206.root
filenumber: 131
file path found: /hdfs/store/user/varuns/Run2018D_Prompt/MET/crab_job_MET2018Dv2/190512_164040/0008/Data_MET2018Dv2_8207.root
name: Data_MET2018Dv2_8207.root
filenumber: 132
file path found: /hdfs/store/user/varuns/Run2018D_Prompt/MET/crab_job_MET2018Dv2/190512_164040/0008/Data_MET2018Dv2_8208.root
name: Data_MET2018Dv2_8208.root
filenumber: 133
file path found: /hdfs/store/user/varuns/Run2018D_Prompt/MET/crab_job_MET2018Dv2/190512_164040/0008/Data_MET2018Dv2_8209.root
name: Data_MET2018Dv2_8209.root
filenumber: 134
file path found: /hdfs/store/user/varuns/Run2018D_Prompt/MET/crab_job_MET2018Dv2/190512_164040/0008/Data_MET2018Dv2_8210.root
name: Data_MET2018Dv2_8210.root
filenumber: 135
file path found: /hdfs/store/user/varuns/Run2018D_Prompt/MET/crab_job_MET2018Dv2/190512_164040/0008/Data_MET2018Dv2_8211.root
name: Data_MET2018Dv2_8211.root
filenumber: 136
file path found: /hdfs/store/user/varuns/Run2018D_Prompt/MET/crab_job_MET2018Dv2/190512_164040/0008/Data_MET2018Dv2_8212.root
name: Data_MET2018Dv2_8212.root
filenumber: 137
file path found: /hdfs/store/user/varuns/Run2018D_Prompt/MET/crab_job_MET2018Dv2/190512_164040/0008/Data_MET2018Dv2_8213.root
name: Data_MET2018Dv2_8213.root
filenumber: 138
file path found: /hdfs/store/user/varuns/Run2018D_Prompt/MET/crab_job_MET2018Dv2/190512_164040/0008/Data_MET2018Dv2_8214.root
name: Data_MET2018Dv2_8214.root
filenumber: 139
file path found: /hdfs/store/user/varuns/Run2018D_Prompt/MET/crab_job_MET2018Dv2/190512_164040/0008/Data_MET2018Dv2_8215.root
name: Data_MET2018Dv2_8215.root
filenumber: 140
file path found: /hdfs/store/user/varuns/Run2018D_Prompt/MET/crab_job_MET2018Dv2/190512_164040/0008/Data_MET2018Dv2_8216.root
name: Data_MET2018Dv2_8216.root
filenumber: 141
file path found: /hdfs/store/user/varuns/Run2018D_Prompt/MET/crab_job_MET2018Dv2/190512_164040/0008/Data_MET2018Dv2_8217.root
name: Data_MET2018Dv2_8217.root
filenumber: 142
file path found: /hdfs/store/user/varuns/Run2018D_Prompt/MET/crab_job_MET2018Dv2/190512_164040/0008/Data_MET2018Dv2_8218.root
name: Data_MET2018Dv2_8218.root
filenumber: 143
file path found: /hdfs/store/user/varuns/Run2018D_Prompt/MET/crab_job_MET2018Dv2/190512_164040/0008/Data_MET2018Dv2_8219.root
name: Data_MET2018Dv2_8219.root
filenumber: 144
file path found: /hdfs/store/user/varuns/Run2018D_Prompt/MET/crab_job_MET2018Dv2/190512_164040/0008/Data_MET2018Dv2_8220.root
name: Data_MET2018Dv2_8220.root
filenumber: 145
file path found: /hdfs/store/user/varuns/Run2018D_Prompt/MET/crab_job_MET2018Dv2/190512_164040/0008/Data_MET2018Dv2_8221.root
name: Data_MET2018Dv2_8221.root
filenumber: 146
file path found: /hdfs/store/user/varuns/Run2018D_Prompt/MET/crab_job_MET2018Dv2/190512_164040/0008/Data_MET2018Dv2_8222.root
name: Data_MET2018Dv2_8222.root
filenumber: 147
file path found: /hdfs/store/user/varuns/Run2018D_Prompt/MET/crab_job_MET2018Dv2/190512_164040/0008/Data_MET2018Dv2_8223.root
name: Data_MET2018Dv2_8223.root
filenumber: 148
file path found: /hdfs/store/user/varuns/Run2018D_Prompt/MET/crab_job_MET2018Dv2/190512_164040/0008/Data_MET2018Dv2_8224.root
name: Data_MET2018Dv2_8224.root
filenumber: 149
file path found: /hdfs/store/user/varuns/Run2018D_Prompt/MET/crab_job_MET2018Dv2/190512_164040/0008/Data_MET2018Dv2_8225.root
name: Data_MET2018Dv2_8225.root
filenumber: 150
file path found: /hdfs/store/user/varuns/Run2018D_Prompt/MET/crab_job_MET2018Dv2/190512_164040/0008/Data_MET2018Dv2_8226.root
name: Data_MET2018Dv2_8226.root
filenumber: 151
file path found: /hdfs/store/user/varuns/Run2018D_Prompt/MET/crab_job_MET2018Dv2/190512_164040/0008/Data_MET2018Dv2_8227.root
name: Data_MET2018Dv2_8227.root
filenumber: 152
file path found: /hdfs/store/user/varuns/Run2018D_Prompt/MET/crab_job_MET2018Dv2/190512_164040/0008/Data_MET2018Dv2_8228.root
name: Data_MET2018Dv2_8228.root
filenumber: 153
file path found: /hdfs/store/user/varuns/Run2018D_Prompt/MET/crab_job_MET2018Dv2/190512_164040/0008/Data_MET2018Dv2_8230.root
name: Data_MET2018Dv2_8230.root
filenumber: 154
file path found: /hdfs/store/user/varuns/Run2018D_Prompt/MET/crab_job_MET2018Dv2/190512_164040/0008/Data_MET2018Dv2_8231.root
name: Data_MET2018Dv2_8231.root
filenumber: 155
file path found: /hdfs/store/user/varuns/Run2018D_Prompt/MET/crab_job_MET2018Dv2/190512_164040/0008/Data_MET2018Dv2_8237.root
name: Data_MET2018Dv2_8237.root
filenumber: 156
file path found: /hdfs/store/user/varuns/Run2018D_Prompt/MET/crab_job_MET2018Dv2/190512_164040/0008/Data_MET2018Dv2_8249.root
name: Data_MET2018Dv2_8249.root
filenumber: 157
file path found: /hdfs/store/user/varuns/Run2018D_Prompt/MET/crab_job_MET2018Dv2/190512_164040/0008/Data_MET2018Dv2_8250.root
name: Data_MET2018Dv2_8250.root
filenumber: 158
file path found: /hdfs/store/user/varuns/Run2018D_Prompt/MET/crab_job_MET2018Dv2/190512_164040/0008/Data_MET2018Dv2_8251.root
name: Data_MET2018Dv2_8251.root
filenumber: 159
file path found: /hdfs/store/user/varuns/Run2018D_Prompt/MET/crab_job_MET2018Dv2/190512_164040/0008/Data_MET2018Dv2_8252.root
name: Data_MET2018Dv2_8252.root
filenumber: 160
file path found: /hdfs/store/user/varuns/Run2018D_Prompt/MET/crab_job_MET2018Dv2/190512_164040/0008/Data_MET2018Dv2_8253.root
name: Data_MET2018Dv2_8253.root
filenumber: 161
file path found: /hdfs/store/user/varuns/Run2018D_Prompt/MET/crab_job_MET2018Dv2/190512_164040/0008/Data_MET2018Dv2_8254.root
name: Data_MET2018Dv2_8254.root
filenumber: 162
file path found: /hdfs/store/user/varuns/Run2018D_Prompt/MET/crab_job_MET2018Dv2/190512_164040/0008/Data_MET2018Dv2_8255.root
name: Data_MET2018Dv2_8255.root
filenumber: 163
file path found: /hdfs/store/user/varuns/Run2018D_Prompt/MET/crab_job_MET2018Dv2/190512_164040/0008/Data_MET2018Dv2_8256.root
name: Data_MET2018Dv2_8256.root
filenumber: 164
file path found: /hdfs/store/user/varuns/Run2018D_Prompt/MET/crab_job_MET2018Dv2/190512_164040/0008/Data_MET2018Dv2_8258.root
name: Data_MET2018Dv2_8258.root
filenumber: 165
file path found: /hdfs/store/user/varuns/Run2018D_Prompt/MET/crab_job_MET2018Dv2/190512_164040/0008/Data_MET2018Dv2_8259.root
name: Data_MET2018Dv2_8259.root
filenumber: 166
file path found: /hdfs/store/user/varuns/Run2018D_Prompt/MET/crab_job_MET2018Dv2/190512_164040/0008/Data_MET2018Dv2_8260.root
name: Data_MET2018Dv2_8260.root
filenumber: 167
file path found: /hdfs/store/user/varuns/Run2018D_Prompt/MET/crab_job_MET2018Dv2/190512_164040/0008/Data_MET2018Dv2_8261.root
name: Data_MET2018Dv2_8261.root
filenumber: 168
file path found: /hdfs/store/user/varuns/Run2018D_Prompt/MET/crab_job_MET2018Dv2/190512_164040/0008/Data_MET2018Dv2_8263.root
name: Data_MET2018Dv2_8263.root
filenumber: 169
file path found: /hdfs/store/user/varuns/Run2018D_Prompt/MET/crab_job_MET2018Dv2/190512_164040/0008/Data_MET2018Dv2_8264.root
name: Data_MET2018Dv2_8264.root
filenumber: 170
file path found: /hdfs/store/user/varuns/Run2018D_Prompt/MET/crab_job_MET2018Dv2/190512_164040/0008/Data_MET2018Dv2_8273.root
name: Data_MET2018Dv2_8273.root
filenumber: 171
file path found: /hdfs/store/user/varuns/Run2018D_Prompt/MET/crab_job_MET2018Dv2/190512_164040/0008/Data_MET2018Dv2_8274.root
name: Data_MET2018Dv2_8274.root
filenumber: 172
file path found: /hdfs/store/user/varuns/Run2018D_Prompt/MET/crab_job_MET2018Dv2/190512_164040/0008/Data_MET2018Dv2_8275.root
name: Data_MET2018Dv2_8275.root
filenumber: 173
file path found: /hdfs/store/user/varuns/Run2018D_Prompt/MET/crab_job_MET2018Dv2/190512_164040/0008/Data_MET2018Dv2_8276.root
name: Data_MET2018Dv2_8276.root
filenumber: 174
file path found: /hdfs/store/user/varuns/Run2018D_Prompt/MET/crab_job_MET2018Dv2/190512_164040/0008/Data_MET2018Dv2_8277.root
name: Data_MET2018Dv2_8277.root
filenumber: 175
file path found: /hdfs/store/user/varuns/Run2018D_Prompt/MET/crab_job_MET2018Dv2/190512_164040/0008/Data_MET2018Dv2_8278.root
name: Data_MET2018Dv2_8278.root
filenumber: 176
file path found: /hdfs/store/user/varuns/Run2018D_Prompt/MET/crab_job_MET2018Dv2/190512_164040/0008/Data_MET2018Dv2_8279.root
name: Data_MET2018Dv2_8279.root
filenumber: 177
file path found: /hdfs/store/user/varuns/Run2018D_Prompt/MET/crab_job_MET2018Dv2/190512_164040/0008/Data_MET2018Dv2_8280.root
name: Data_MET2018Dv2_8280.root
filenumber: 178
file path found: /hdfs/store/user/varuns/Run2018D_Prompt/MET/crab_job_MET2018Dv2/190512_164040/0008/Data_MET2018Dv2_8281.root
name: Data_MET2018Dv2_8281.root
filenumber: 179
file path found: /hdfs/store/user/varuns/Run2018D_Prompt/MET/crab_job_MET2018Dv2/190512_164040/0008/Data_MET2018Dv2_8282.root
name: Data_MET2018Dv2_8282.root
filenumber: 180
file path found: /hdfs/store/user/varuns/Run2018D_Prompt/MET/crab_job_MET2018Dv2/190512_164040/0008/Data_MET2018Dv2_8283.root
name: Data_MET2018Dv2_8283.root
filenumber: 181
file path found: /hdfs/store/user/varuns/Run2018D_Prompt/MET/crab_job_MET2018Dv2/190512_164040/0008/Data_MET2018Dv2_8284.root
name: Data_MET2018Dv2_8284.root
filenumber: 182
file path found: /hdfs/store/user/varuns/Run2018D_Prompt/MET/crab_job_MET2018Dv2/190512_164040/0008/Data_MET2018Dv2_8285.root
name: Data_MET2018Dv2_8285.root
filenumber: 183
file path found: /hdfs/store/user/varuns/Run2018D_Prompt/MET/crab_job_MET2018Dv2/190512_164040/0008/Data_MET2018Dv2_8286.root
name: Data_MET2018Dv2_8286.root
filenumber: 184
file path found: /hdfs/store/user/varuns/Run2018D_Prompt/MET/crab_job_MET2018Dv2/190512_164040/0008/Data_MET2018Dv2_8287.root
name: Data_MET2018Dv2_8287.root
filenumber: 185
file path found: /hdfs/store/user/varuns/Run2018D_Prompt/MET/crab_job_MET2018Dv2/190512_164040/0008/Data_MET2018Dv2_8288.root
name: Data_MET2018Dv2_8288.root
filenumber: 186
file path found: /hdfs/store/user/varuns/Run2018D_Prompt/MET/crab_job_MET2018Dv2/190512_164040/0008/Data_MET2018Dv2_8289.root
name: Data_MET2018Dv2_8289.root
filenumber: 187
file path found: /hdfs/store/user/varuns/Run2018D_Prompt/MET/crab_job_MET2018Dv2/190512_164040/0008/Data_MET2018Dv2_8290.root
name: Data_MET2018Dv2_8290.root
filenumber: 188
file path found: /hdfs/store/user/varuns/Run2018D_Prompt/MET/crab_job_MET2018Dv2/190512_164040/0008/Data_MET2018Dv2_8291.root
name: Data_MET2018Dv2_8291.root
filenumber: 189
file path found: /hdfs/store/user/varuns/Run2018D_Prompt/MET/crab_job_MET2018Dv2/190512_164040/0008/Data_MET2018Dv2_8292.root
name: Data_MET2018Dv2_8292.root
filenumber: 190
file path found: /hdfs/store/user/varuns/Run2018D_Prompt/MET/crab_job_MET2018Dv2/190512_164040/0008/Data_MET2018Dv2_8293.root
name: Data_MET2018Dv2_8293.root
filenumber: 191
file path found: /hdfs/store/user/varuns/Run2018D_Prompt/MET/crab_job_MET2018Dv2/190512_164040/0008/Data_MET2018Dv2_8294.root
name: Data_MET2018Dv2_8294.root
filenumber: 192
Adding FullPathInputFile to chain:/hdfs/store/user/varuns/Run2018D_Prompt/MET/crab_job_MET2018Dv2/190512_164040/0008/Data_MET2018Dv2_8294.root

file path found: /hdfs/store/user/varuns/Run2018D_Prompt/MET/crab_job_MET2018Dv2/190512_164040/0008/Data_MET2018Dv2_8295.root
name: Data_MET2018Dv2_8295.root
filenumber: 193
Adding FullPathInputFile to chain:/hdfs/store/user/varuns/Run2018D_Prompt/MET/crab_job_MET2018Dv2/190512_164040/0008/Data_MET2018Dv2_8295.root

file path found: /hdfs/store/user/varuns/Run2018D_Prompt/MET/crab_job_MET2018Dv2/190512_164040/0008/Data_MET2018Dv2_8296.root
name: Data_MET2018Dv2_8296.root
filenumber: 194
Adding FullPathInputFile to chain:/hdfs/store/user/varuns/Run2018D_Prompt/MET/crab_job_MET2018Dv2/190512_164040/0008/Data_MET2018Dv2_8296.root

file path found: /hdfs/store/user/varuns/Run2018D_Prompt/MET/crab_job_MET2018Dv2/190512_164040/0008/Data_MET2018Dv2_8297.root
name: Data_MET2018Dv2_8297.root
filenumber: 195
Adding FullPathInputFile to chain:/hdfs/store/user/varuns/Run2018D_Prompt/MET/crab_job_MET2018Dv2/190512_164040/0008/Data_MET2018Dv2_8297.root

file path found: /hdfs/store/user/varuns/Run2018D_Prompt/MET/crab_job_MET2018Dv2/190512_164040/0008/Data_MET2018Dv2_8298.root
name: Data_MET2018Dv2_8298.root
filenumber: 196
Adding FullPathInputFile to chain:/hdfs/store/user/varuns/Run2018D_Prompt/MET/crab_job_MET2018Dv2/190512_164040/0008/Data_MET2018Dv2_8298.root

file path found: /hdfs/store/user/varuns/Run2018D_Prompt/MET/crab_job_MET2018Dv2/190512_164040/0008/Data_MET2018Dv2_8299.root
name: Data_MET2018Dv2_8299.root
filenumber: 197
Adding FullPathInputFile to chain:/hdfs/store/user/varuns/Run2018D_Prompt/MET/crab_job_MET2018Dv2/190512_164040/0008/Data_MET2018Dv2_8299.root

file path found: /hdfs/store/user/varuns/Run2018D_Prompt/MET/crab_job_MET2018Dv2/190512_164040/0008/Data_MET2018Dv2_8300.root
name: Data_MET2018Dv2_8300.root
filenumber: 198
Adding FullPathInputFile to chain:/hdfs/store/user/varuns/Run2018D_Prompt/MET/crab_job_MET2018Dv2/190512_164040/0008/Data_MET2018Dv2_8300.root

file path found: /hdfs/store/user/varuns/Run2018D_Prompt/MET/crab_job_MET2018Dv2/190512_164040/0008/Data_MET2018Dv2_8301.root
name: Data_MET2018Dv2_8301.root
filenumber: 199
Adding FullPathInputFile to chain:/hdfs/store/user/varuns/Run2018D_Prompt/MET/crab_job_MET2018Dv2/190512_164040/0008/Data_MET2018Dv2_8301.root

file path found: /hdfs/store/user/varuns/Run2018D_Prompt/MET/crab_job_MET2018Dv2/190512_164040/0008/Data_MET2018Dv2_8302.root
name: Data_MET2018Dv2_8302.root
filenumber: 200
Adding FullPathInputFile to chain:/hdfs/store/user/varuns/Run2018D_Prompt/MET/crab_job_MET2018Dv2/190512_164040/0008/Data_MET2018Dv2_8302.root

file path found: /hdfs/store/user/varuns/Run2018D_Prompt/MET/crab_job_MET2018Dv2/190512_164040/0008/Data_MET2018Dv2_8303.root
name: Data_MET2018Dv2_8303.root
filenumber: 201
Adding FullPathInputFile to chain:/hdfs/store/user/varuns/Run2018D_Prompt/MET/crab_job_MET2018Dv2/190512_164040/0008/Data_MET2018Dv2_8303.root

file path found: /hdfs/store/user/varuns/Run2018D_Prompt/MET/crab_job_MET2018Dv2/190512_164040/0008/Data_MET2018Dv2_8304.root
name: Data_MET2018Dv2_8304.root
filenumber: 202
Adding FullPathInputFile to chain:/hdfs/store/user/varuns/Run2018D_Prompt/MET/crab_job_MET2018Dv2/190512_164040/0008/Data_MET2018Dv2_8304.root

file path found: /hdfs/store/user/varuns/Run2018D_Prompt/MET/crab_job_MET2018Dv2/190512_164040/0008/Data_MET2018Dv2_8305.root
name: Data_MET2018Dv2_8305.root
filenumber: 203
Adding FullPathInputFile to chain:/hdfs/store/user/varuns/Run2018D_Prompt/MET/crab_job_MET2018Dv2/190512_164040/0008/Data_MET2018Dv2_8305.root

file path found: /hdfs/store/user/varuns/Run2018D_Prompt/MET/crab_job_MET2018Dv2/190512_164040/0008/Data_MET2018Dv2_8306.root
name: Data_MET2018Dv2_8306.root
filenumber: 204
Adding FullPathInputFile to chain:/hdfs/store/user/varuns/Run2018D_Prompt/MET/crab_job_MET2018Dv2/190512_164040/0008/Data_MET2018Dv2_8306.root

file path found: /hdfs/store/user/varuns/Run2018D_Prompt/MET/crab_job_MET2018Dv2/190512_164040/0008/Data_MET2018Dv2_8307.root
name: Data_MET2018Dv2_8307.root
filenumber: 205
Adding FullPathInputFile to chain:/hdfs/store/user/varuns/Run2018D_Prompt/MET/crab_job_MET2018Dv2/190512_164040/0008/Data_MET2018Dv2_8307.root

file path found: /hdfs/store/user/varuns/Run2018D_Prompt/MET/crab_job_MET2018Dv2/190512_164040/0008/Data_MET2018Dv2_8308.root
name: Data_MET2018Dv2_8308.root
filenumber: 206
Adding FullPathInputFile to chain:/hdfs/store/user/varuns/Run2018D_Prompt/MET/crab_job_MET2018Dv2/190512_164040/0008/Data_MET2018Dv2_8308.root

file path found: /hdfs/store/user/varuns/Run2018D_Prompt/MET/crab_job_MET2018Dv2/190512_164040/0008/Data_MET2018Dv2_8309.root
name: Data_MET2018Dv2_8309.root
filenumber: 207
Adding FullPathInputFile to chain:/hdfs/store/user/varuns/Run2018D_Prompt/MET/crab_job_MET2018Dv2/190512_164040/0008/Data_MET2018Dv2_8309.root

file path found: /hdfs/store/user/varuns/Run2018D_Prompt/MET/crab_job_MET2018Dv2/190512_164040/0008/Data_MET2018Dv2_8310.root
name: Data_MET2018Dv2_8310.root
filenumber: 208
Adding FullPathInputFile to chain:/hdfs/store/user/varuns/Run2018D_Prompt/MET/crab_job_MET2018Dv2/190512_164040/0008/Data_MET2018Dv2_8310.root

file path found: /hdfs/store/user/varuns/Run2018D_Prompt/MET/crab_job_MET2018Dv2/190512_164040/0008/Data_MET2018Dv2_8311.root
name: Data_MET2018Dv2_8311.root
filenumber: 209
Adding FullPathInputFile to chain:/hdfs/store/user/varuns/Run2018D_Prompt/MET/crab_job_MET2018Dv2/190512_164040/0008/Data_MET2018Dv2_8311.root

file path found: /hdfs/store/user/varuns/Run2018D_Prompt/MET/crab_job_MET2018Dv2/190512_164040/0008/Data_MET2018Dv2_8312.root
name: Data_MET2018Dv2_8312.root
filenumber: 210
Adding FullPathInputFile to chain:/hdfs/store/user/varuns/Run2018D_Prompt/MET/crab_job_MET2018Dv2/190512_164040/0008/Data_MET2018Dv2_8312.root

file path found: /hdfs/store/user/varuns/Run2018D_Prompt/MET/crab_job_MET2018Dv2/190512_164040/0008/Data_MET2018Dv2_8313.root
name: Data_MET2018Dv2_8313.root
filenumber: 211
Adding FullPathInputFile to chain:/hdfs/store/user/varuns/Run2018D_Prompt/MET/crab_job_MET2018Dv2/190512_164040/0008/Data_MET2018Dv2_8313.root

file path found: /hdfs/store/user/varuns/Run2018D_Prompt/MET/crab_job_MET2018Dv2/190512_164040/0008/Data_MET2018Dv2_8314.root
name: Data_MET2018Dv2_8314.root
filenumber: 212
Adding FullPathInputFile to chain:/hdfs/store/user/varuns/Run2018D_Prompt/MET/crab_job_MET2018Dv2/190512_164040/0008/Data_MET2018Dv2_8314.root

file path found: /hdfs/store/user/varuns/Run2018D_Prompt/MET/crab_job_MET2018Dv2/190512_164040/0008/Data_MET2018Dv2_8315.root
name: Data_MET2018Dv2_8315.root
filenumber: 213
Adding FullPathInputFile to chain:/hdfs/store/user/varuns/Run2018D_Prompt/MET/crab_job_MET2018Dv2/190512_164040/0008/Data_MET2018Dv2_8315.root

file path found: /hdfs/store/user/varuns/Run2018D_Prompt/MET/crab_job_MET2018Dv2/190512_164040/0008/Data_MET2018Dv2_8316.root
name: Data_MET2018Dv2_8316.root
filenumber: 214
Adding FullPathInputFile to chain:/hdfs/store/user/varuns/Run2018D_Prompt/MET/crab_job_MET2018Dv2/190512_164040/0008/Data_MET2018Dv2_8316.root

file path found: /hdfs/store/user/varuns/Run2018D_Prompt/MET/crab_job_MET2018Dv2/190512_164040/0008/Data_MET2018Dv2_8317.root
name: Data_MET2018Dv2_8317.root
filenumber: 215
Adding FullPathInputFile to chain:/hdfs/store/user/varuns/Run2018D_Prompt/MET/crab_job_MET2018Dv2/190512_164040/0008/Data_MET2018Dv2_8317.root

file path found: /hdfs/store/user/varuns/Run2018D_Prompt/MET/crab_job_MET2018Dv2/190512_164040/0008/Data_MET2018Dv2_8318.root
name: Data_MET2018Dv2_8318.root
filenumber: 216
Adding FullPathInputFile to chain:/hdfs/store/user/varuns/Run2018D_Prompt/MET/crab_job_MET2018Dv2/190512_164040/0008/Data_MET2018Dv2_8318.root

file path found: /hdfs/store/user/varuns/Run2018D_Prompt/MET/crab_job_MET2018Dv2/190512_164040/0008/Data_MET2018Dv2_8319.root
name: Data_MET2018Dv2_8319.root
filenumber: 217
Adding FullPathInputFile to chain:/hdfs/store/user/varuns/Run2018D_Prompt/MET/crab_job_MET2018Dv2/190512_164040/0008/Data_MET2018Dv2_8319.root

file path found: /hdfs/store/user/varuns/Run2018D_Prompt/MET/crab_job_MET2018Dv2/190512_164040/0008/Data_MET2018Dv2_8320.root
name: Data_MET2018Dv2_8320.root
filenumber: 218
Adding FullPathInputFile to chain:/hdfs/store/user/varuns/Run2018D_Prompt/MET/crab_job_MET2018Dv2/190512_164040/0008/Data_MET2018Dv2_8320.root

file path found: /hdfs/store/user/varuns/Run2018D_Prompt/MET/crab_job_MET2018Dv2/190512_164040/0008/Data_MET2018Dv2_8321.root
name: Data_MET2018Dv2_8321.root
filenumber: 219
Adding FullPathInputFile to chain:/hdfs/store/user/varuns/Run2018D_Prompt/MET/crab_job_MET2018Dv2/190512_164040/0008/Data_MET2018Dv2_8321.root

file path found: /hdfs/store/user/varuns/Run2018D_Prompt/MET/crab_job_MET2018Dv2/190512_164040/0008/Data_MET2018Dv2_8322.root
name: Data_MET2018Dv2_8322.root
filenumber: 220
Adding FullPathInputFile to chain:/hdfs/store/user/varuns/Run2018D_Prompt/MET/crab_job_MET2018Dv2/190512_164040/0008/Data_MET2018Dv2_8322.root

file path found: /hdfs/store/user/varuns/Run2018D_Prompt/MET/crab_job_MET2018Dv2/190512_164040/0008/Data_MET2018Dv2_8323.root
name: Data_MET2018Dv2_8323.root
filenumber: 221
Adding FullPathInputFile to chain:/hdfs/store/user/varuns/Run2018D_Prompt/MET/crab_job_MET2018Dv2/190512_164040/0008/Data_MET2018Dv2_8323.root

file path found: /hdfs/store/user/varuns/Run2018D_Prompt/MET/crab_job_MET2018Dv2/190512_164040/0008/Data_MET2018Dv2_8324.root
name: Data_MET2018Dv2_8324.root
filenumber: 222
Adding FullPathInputFile to chain:/hdfs/store/user/varuns/Run2018D_Prompt/MET/crab_job_MET2018Dv2/190512_164040/0008/Data_MET2018Dv2_8324.root

file path found: /hdfs/store/user/varuns/Run2018D_Prompt/MET/crab_job_MET2018Dv2/190512_164040/0008/Data_MET2018Dv2_8325.root
name: Data_MET2018Dv2_8325.root
filenumber: 223
Adding FullPathInputFile to chain:/hdfs/store/user/varuns/Run2018D_Prompt/MET/crab_job_MET2018Dv2/190512_164040/0008/Data_MET2018Dv2_8325.root

file path found: /hdfs/store/user/varuns/Run2018D_Prompt/MET/crab_job_MET2018Dv2/190512_164040/0008/Data_MET2018Dv2_8326.root
name: Data_MET2018Dv2_8326.root
filenumber: 224
Adding FullPathInputFile to chain:/hdfs/store/user/varuns/Run2018D_Prompt/MET/crab_job_MET2018Dv2/190512_164040/0008/Data_MET2018Dv2_8326.root

file path found: /hdfs/store/user/varuns/Run2018D_Prompt/MET/crab_job_MET2018Dv2/190512_164040/0008/Data_MET2018Dv2_8327.root
name: Data_MET2018Dv2_8327.root
filenumber: 225
Adding FullPathInputFile to chain:/hdfs/store/user/varuns/Run2018D_Prompt/MET/crab_job_MET2018Dv2/190512_164040/0008/Data_MET2018Dv2_8327.root

file path found: /hdfs/store/user/varuns/Run2018D_Prompt/MET/crab_job_MET2018Dv2/190512_164040/0008/Data_MET2018Dv2_8328.root
name: Data_MET2018Dv2_8328.root
filenumber: 226
Adding FullPathInputFile to chain:/hdfs/store/user/varuns/Run2018D_Prompt/MET/crab_job_MET2018Dv2/190512_164040/0008/Data_MET2018Dv2_8328.root

file path found: /hdfs/store/user/varuns/Run2018D_Prompt/MET/crab_job_MET2018Dv2/190512_164040/0008/Data_MET2018Dv2_8329.root
name: Data_MET2018Dv2_8329.root
filenumber: 227
Adding FullPathInputFile to chain:/hdfs/store/user/varuns/Run2018D_Prompt/MET/crab_job_MET2018Dv2/190512_164040/0008/Data_MET2018Dv2_8329.root

file path found: /hdfs/store/user/varuns/Run2018D_Prompt/MET/crab_job_MET2018Dv2/190512_164040/0008/Data_MET2018Dv2_8330.root
name: Data_MET2018Dv2_8330.root
filenumber: 228
Adding FullPathInputFile to chain:/hdfs/store/user/varuns/Run2018D_Prompt/MET/crab_job_MET2018Dv2/190512_164040/0008/Data_MET2018Dv2_8330.root

file path found: /hdfs/store/user/varuns/Run2018D_Prompt/MET/crab_job_MET2018Dv2/190512_164040/0008/Data_MET2018Dv2_8331.root
name: Data_MET2018Dv2_8331.root
filenumber: 229
Adding FullPathInputFile to chain:/hdfs/store/user/varuns/Run2018D_Prompt/MET/crab_job_MET2018Dv2/190512_164040/0008/Data_MET2018Dv2_8331.root

file path found: /hdfs/store/user/varuns/Run2018D_Prompt/MET/crab_job_MET2018Dv2/190512_164040/0008/Data_MET2018Dv2_8332.root
name: Data_MET2018Dv2_8332.root
filenumber: 230
Adding FullPathInputFile to chain:/hdfs/store/user/varuns/Run2018D_Prompt/MET/crab_job_MET2018Dv2/190512_164040/0008/Data_MET2018Dv2_8332.root

file path found: /hdfs/store/user/varuns/Run2018D_Prompt/MET/crab_job_MET2018Dv2/190512_164040/0008/Data_MET2018Dv2_8333.root
name: Data_MET2018Dv2_8333.root
filenumber: 231
Adding FullPathInputFile to chain:/hdfs/store/user/varuns/Run2018D_Prompt/MET/crab_job_MET2018Dv2/190512_164040/0008/Data_MET2018Dv2_8333.root

file path found: /hdfs/store/user/varuns/Run2018D_Prompt/MET/crab_job_MET2018Dv2/190512_164040/0008/Data_MET2018Dv2_8334.root
name: Data_MET2018Dv2_8334.root
filenumber: 232
Adding FullPathInputFile to chain:/hdfs/store/user/varuns/Run2018D_Prompt/MET/crab_job_MET2018Dv2/190512_164040/0008/Data_MET2018Dv2_8334.root

file path found: /hdfs/store/user/varuns/Run2018D_Prompt/MET/crab_job_MET2018Dv2/190512_164040/0008/Data_MET2018Dv2_8335.root
name: Data_MET2018Dv2_8335.root
filenumber: 233
Adding FullPathInputFile to chain:/hdfs/store/user/varuns/Run2018D_Prompt/MET/crab_job_MET2018Dv2/190512_164040/0008/Data_MET2018Dv2_8335.root

file path found: /hdfs/store/user/varuns/Run2018D_Prompt/MET/crab_job_MET2018Dv2/190512_164040/0008/Data_MET2018Dv2_8336.root
name: Data_MET2018Dv2_8336.root
filenumber: 234
Adding FullPathInputFile to chain:/hdfs/store/user/varuns/Run2018D_Prompt/MET/crab_job_MET2018Dv2/190512_164040/0008/Data_MET2018Dv2_8336.root

file path found: /hdfs/store/user/varuns/Run2018D_Prompt/MET/crab_job_MET2018Dv2/190512_164040/0008/Data_MET2018Dv2_8337.root
name: Data_MET2018Dv2_8337.root
filenumber: 235
Adding FullPathInputFile to chain:/hdfs/store/user/varuns/Run2018D_Prompt/MET/crab_job_MET2018Dv2/190512_164040/0008/Data_MET2018Dv2_8337.root

file path found: /hdfs/store/user/varuns/Run2018D_Prompt/MET/crab_job_MET2018Dv2/190512_164040/0008/Data_MET2018Dv2_8338.root
name: Data_MET2018Dv2_8338.root
filenumber: 236
Adding FullPathInputFile to chain:/hdfs/store/user/varuns/Run2018D_Prompt/MET/crab_job_MET2018Dv2/190512_164040/0008/Data_MET2018Dv2_8338.root

file path found: /hdfs/store/user/varuns/Run2018D_Prompt/MET/crab_job_MET2018Dv2/190512_164040/0008/Data_MET2018Dv2_8339.root
name: Data_MET2018Dv2_8339.root
filenumber: 237
Adding FullPathInputFile to chain:/hdfs/store/user/varuns/Run2018D_Prompt/MET/crab_job_MET2018Dv2/190512_164040/0008/Data_MET2018Dv2_8339.root

file path found: /hdfs/store/user/varuns/Run2018D_Prompt/MET/crab_job_MET2018Dv2/190512_164040/0008/Data_MET2018Dv2_8340.root
name: Data_MET2018Dv2_8340.root
filenumber: 238
Adding FullPathInputFile to chain:/hdfs/store/user/varuns/Run2018D_Prompt/MET/crab_job_MET2018Dv2/190512_164040/0008/Data_MET2018Dv2_8340.root

file path found: /hdfs/store/user/varuns/Run2018D_Prompt/MET/crab_job_MET2018Dv2/190512_164040/0008/Data_MET2018Dv2_8341.root
name: Data_MET2018Dv2_8341.root
filenumber: 239
Adding FullPathInputFile to chain:/hdfs/store/user/varuns/Run2018D_Prompt/MET/crab_job_MET2018Dv2/190512_164040/0008/Data_MET2018Dv2_8341.root

file path found: /hdfs/store/user/varuns/Run2018D_Prompt/MET/crab_job_MET2018Dv2/190512_164040/0008/Data_MET2018Dv2_8342.root
name: Data_MET2018Dv2_8342.root
filenumber: 240
Adding FullPathInputFile to chain:/hdfs/store/user/varuns/Run2018D_Prompt/MET/crab_job_MET2018Dv2/190512_164040/0008/Data_MET2018Dv2_8342.root

file path found: /hdfs/store/user/varuns/Run2018D_Prompt/MET/crab_job_MET2018Dv2/190512_164040/0008/Data_MET2018Dv2_8343.root
name: Data_MET2018Dv2_8343.root
filenumber: 241
Adding FullPathInputFile to chain:/hdfs/store/user/varuns/Run2018D_Prompt/MET/crab_job_MET2018Dv2/190512_164040/0008/Data_MET2018Dv2_8343.root

file path found: /hdfs/store/user/varuns/Run2018D_Prompt/MET/crab_job_MET2018Dv2/190512_164040/0008/Data_MET2018Dv2_8344.root
name: Data_MET2018Dv2_8344.root
filenumber: 242
Adding FullPathInputFile to chain:/hdfs/store/user/varuns/Run2018D_Prompt/MET/crab_job_MET2018Dv2/190512_164040/0008/Data_MET2018Dv2_8344.root

file path found: /hdfs/store/user/varuns/Run2018D_Prompt/MET/crab_job_MET2018Dv2/190512_164040/0008/Data_MET2018Dv2_8345.root
name: Data_MET2018Dv2_8345.root
filenumber: 243
Adding FullPathInputFile to chain:/hdfs/store/user/varuns/Run2018D_Prompt/MET/crab_job_MET2018Dv2/190512_164040/0008/Data_MET2018Dv2_8345.root

file path found: /hdfs/store/user/varuns/Run2018D_Prompt/MET/crab_job_MET2018Dv2/190512_164040/0008/Data_MET2018Dv2_8346.root
name: Data_MET2018Dv2_8346.root
filenumber: 244
Adding FullPathInputFile to chain:/hdfs/store/user/varuns/Run2018D_Prompt/MET/crab_job_MET2018Dv2/190512_164040/0008/Data_MET2018Dv2_8346.root

file path found: /hdfs/store/user/varuns/Run2018D_Prompt/MET/crab_job_MET2018Dv2/190512_164040/0008/Data_MET2018Dv2_8347.root
name: Data_MET2018Dv2_8347.root
filenumber: 245
Adding FullPathInputFile to chain:/hdfs/store/user/varuns/Run2018D_Prompt/MET/crab_job_MET2018Dv2/190512_164040/0008/Data_MET2018Dv2_8347.root

file path found: /hdfs/store/user/varuns/Run2018D_Prompt/MET/crab_job_MET2018Dv2/190512_164040/0008/Data_MET2018Dv2_8348.root
name: Data_MET2018Dv2_8348.root
filenumber: 246
Adding FullPathInputFile to chain:/hdfs/store/user/varuns/Run2018D_Prompt/MET/crab_job_MET2018Dv2/190512_164040/0008/Data_MET2018Dv2_8348.root

file path found: /hdfs/store/user/varuns/Run2018D_Prompt/MET/crab_job_MET2018Dv2/190512_164040/0008/Data_MET2018Dv2_8349.root
name: Data_MET2018Dv2_8349.root
filenumber: 247
Adding FullPathInputFile to chain:/hdfs/store/user/varuns/Run2018D_Prompt/MET/crab_job_MET2018Dv2/190512_164040/0008/Data_MET2018Dv2_8349.root

file path found: /hdfs/store/user/varuns/Run2018D_Prompt/MET/crab_job_MET2018Dv2/190512_164040/0008/Data_MET2018Dv2_8350.root
name: Data_MET2018Dv2_8350.root
filenumber: 248
Adding FullPathInputFile to chain:/hdfs/store/user/varuns/Run2018D_Prompt/MET/crab_job_MET2018Dv2/190512_164040/0008/Data_MET2018Dv2_8350.root

file path found: /hdfs/store/user/varuns/Run2018D_Prompt/MET/crab_job_MET2018Dv2/190512_164040/0008/Data_MET2018Dv2_8351.root
name: Data_MET2018Dv2_8351.root
filenumber: 249
Adding FullPathInputFile to chain:/hdfs/store/user/varuns/Run2018D_Prompt/MET/crab_job_MET2018Dv2/190512_164040/0008/Data_MET2018Dv2_8351.root

file path found: /hdfs/store/user/varuns/Run2018D_Prompt/MET/crab_job_MET2018Dv2/190512_164040/0008/Data_MET2018Dv2_8352.root
name: Data_MET2018Dv2_8352.root
filenumber: 250
Adding FullPathInputFile to chain:/hdfs/store/user/varuns/Run2018D_Prompt/MET/crab_job_MET2018Dv2/190512_164040/0008/Data_MET2018Dv2_8352.root

file path found: /hdfs/store/user/varuns/Run2018D_Prompt/MET/crab_job_MET2018Dv2/190512_164040/0008/Data_MET2018Dv2_8353.root
name: Data_MET2018Dv2_8353.root
filenumber: 251
Adding FullPathInputFile to chain:/hdfs/store/user/varuns/Run2018D_Prompt/MET/crab_job_MET2018Dv2/190512_164040/0008/Data_MET2018Dv2_8353.root

file path found: /hdfs/store/user/varuns/Run2018D_Prompt/MET/crab_job_MET2018Dv2/190512_164040/0008/Data_MET2018Dv2_8354.root
name: Data_MET2018Dv2_8354.root
filenumber: 252
Adding FullPathInputFile to chain:/hdfs/store/user/varuns/Run2018D_Prompt/MET/crab_job_MET2018Dv2/190512_164040/0008/Data_MET2018Dv2_8354.root

file path found: /hdfs/store/user/varuns/Run2018D_Prompt/MET/crab_job_MET2018Dv2/190512_164040/0008/Data_MET2018Dv2_8355.root
name: Data_MET2018Dv2_8355.root
filenumber: 253
Adding FullPathInputFile to chain:/hdfs/store/user/varuns/Run2018D_Prompt/MET/crab_job_MET2018Dv2/190512_164040/0008/Data_MET2018Dv2_8355.root

file path found: /hdfs/store/user/varuns/Run2018D_Prompt/MET/crab_job_MET2018Dv2/190512_164040/0008/Data_MET2018Dv2_8356.root
name: Data_MET2018Dv2_8356.root
filenumber: 254
Adding FullPathInputFile to chain:/hdfs/store/user/varuns/Run2018D_Prompt/MET/crab_job_MET2018Dv2/190512_164040/0008/Data_MET2018Dv2_8356.root

file path found: /hdfs/store/user/varuns/Run2018D_Prompt/MET/crab_job_MET2018Dv2/190512_164040/0008/Data_MET2018Dv2_8357.root
name: Data_MET2018Dv2_8357.root
filenumber: 255
Adding FullPathInputFile to chain:/hdfs/store/user/varuns/Run2018D_Prompt/MET/crab_job_MET2018Dv2/190512_164040/0008/Data_MET2018Dv2_8357.root

file path found: /hdfs/store/user/varuns/Run2018D_Prompt/MET/crab_job_MET2018Dv2/190512_164040/0008/.
name: .
filenumber: 256
file path found: /hdfs/store/user/varuns/Run2018D_Prompt/MET/crab_job_MET2018Dv2/190512_164040/0008/..
name: ..
filenumber: 257
64 files added.
Initializing chain.
Coming in: 
nentries:655800
Running over 655800 events.
Finished entry 0/655799
Finished entry 10000/655799
Finished entry 20000/655799
Finished entry 30000/655799
Finished entry 40000/655799
Finished entry 50000/655799
Finished entry 60000/655799
Finished entry 70000/655799
Finished entry 80000/655799
Finished entry 90000/655799
Finished entry 100000/655799
Finished entry 110000/655799
Finished entry 120000/655799
Finished entry 130000/655799
Finished entry 140000/655799
Finished entry 150000/655799
Finished entry 160000/655799
Finished entry 170000/655799
Finished entry 180000/655799
Finished entry 190000/655799
Finished entry 200000/655799
Finished entry 210000/655799
Finished entry 220000/655799
Finished entry 230000/655799
Finished entry 240000/655799
Finished entry 250000/655799
Finished entry 260000/655799
Finished entry 270000/655799
Finished entry 280000/655799
Finished entry 290000/655799
Finished entry 300000/655799
Finished entry 310000/655799
Finished entry 320000/655799
Finished entry 330000/655799
Finished entry 340000/655799
Finished entry 350000/655799
Finished entry 360000/655799
Finished entry 370000/655799
Finished entry 380000/655799
Finished entry 390000/655799
Finished entry 400000/655799
Finished entry 410000/655799
Finished entry 420000/655799
Finished entry 430000/655799
Finished entry 440000/655799
Finished entry 450000/655799
Finished entry 460000/655799
Finished entry 470000/655799
Finished entry 480000/655799
Finished entry 490000/655799
Finished entry 500000/655799
Finished entry 510000/655799
Finished entry 520000/655799
Finished entry 530000/655799
Finished entry 540000/655799
Finished entry 550000/655799
Finished entry 560000/655799
Finished entry 570000/655799
Finished entry 580000/655799
Finished entry 590000/655799
Finished entry 600000/655799
Finished entry 610000/655799
Finished entry 620000/655799
Finished entry 630000/655799
Finished entry 640000/655799
Finished entry 650000/655799
