000 (691527.002.000) 07/11 11:28:38 Job submitted from host: <144.92.181.245:9618?addrs=144.92.181.245-9618+[2607-f388-101c-1000--372]-9618&noUDP&sock=6179_dbc8_3>
...
001 (691527.002.000) 07/11 12:25:01 Job executing on host: <128.104.227.66:9618?addrs=128.104.227.66-9618+[2607-f388-101c-1000--629]-9618&noUDP&sock=10328_ba38_3>
...
006 (691527.002.000) 07/11 12:25:10 Image size of job updated: 91708
	25  -  MemoryUsage of job (MB)
	25372  -  ResidentSetSize of job (KB)
...
006 (691527.002.000) 07/11 12:45:11 Image size of job updated: 329288
	232  -  MemoryUsage of job (MB)
	237180  -  ResidentSetSize of job (KB)
...
005 (691527.002.000) 07/11 12:57:48 Job terminated.
	(1) Normal termination (return value 0)
		Usr 0 00:02:49, Sys 0 00:00:08  -  Run Remote Usage
		Usr 0 00:00:00, Sys 0 00:00:00  -  Run Local Usage
		Usr 0 00:02:49, Sys 0 00:00:08  -  Total Remote Usage
		Usr 0 00:00:00, Sys 0 00:00:00  -  Total Local Usage
	185267  -  Run Bytes Sent By Job
	306644  -  Run Bytes Received By Job
	185267  -  Total Bytes Sent By Job
	306644  -  Total Bytes Received By Job
	Partitionable Resources :    Usage  Request Allocated
	   Cpus                 :                 1         1
	   Disk (KB)            :  1000000  2048000   9502139
	   Memory (MB)          :      232     1992      1992
...
