000 (695993.010.000) 07/12 06:42:37 Job submitted from host: <144.92.181.245:9618?addrs=144.92.181.245-9618+[2607-f388-101c-1000--372]-9618&noUDP&sock=6179_dbc8_3>
...
001 (695993.010.000) 07/12 08:19:13 Job executing on host: <128.104.227.14:9618?addrs=128.104.227.14-9618+[2607-f388-101c-1000--629]-9618&noUDP&sock=10387_324f_3>
...
006 (695993.010.000) 07/12 08:19:22 Image size of job updated: 168944
	53  -  MemoryUsage of job (MB)
	53624  -  ResidentSetSize of job (KB)
...
006 (695993.010.000) 07/12 08:39:23 Image size of job updated: 259064
	252  -  MemoryUsage of job (MB)
	257224  -  ResidentSetSize of job (KB)
...
005 (695993.010.000) 07/12 08:39:39 Job terminated.
	(1) Normal termination (return value 0)
		Usr 0 00:02:03, Sys 0 00:00:08  -  Run Remote Usage
		Usr 0 00:00:00, Sys 0 00:00:00  -  Run Local Usage
		Usr 0 00:02:03, Sys 0 00:00:08  -  Total Remote Usage
		Usr 0 00:00:00, Sys 0 00:00:00  -  Total Local Usage
	374584  -  Run Bytes Sent By Job
	281287  -  Run Bytes Received By Job
	374584  -  Total Bytes Sent By Job
	281287  -  Total Bytes Received By Job
	Partitionable Resources :    Usage  Request Allocated
	   Cpus                 :                 1         1
	   Disk (KB)            :  1000000  2048000   9501126
	   Memory (MB)          :      252     1992      1992
...
