000 (695993.003.000) 07/12 06:42:37 Job submitted from host: <144.92.181.245:9618?addrs=144.92.181.245-9618+[2607-f388-101c-1000--372]-9618&noUDP&sock=6179_dbc8_3>
...
001 (695993.003.000) 07/12 08:19:09 Job executing on host: <144.92.180.200:9618?addrs=144.92.180.200-9618+[2607-f388-101c-1000--629]-9618&noUDP&sock=8749_aa2e_3>
...
006 (695993.003.000) 07/12 08:19:18 Image size of job updated: 133664
	56  -  MemoryUsage of job (MB)
	57072  -  ResidentSetSize of job (KB)
...
006 (695993.003.000) 07/12 08:39:18 Image size of job updated: 255488
	250  -  MemoryUsage of job (MB)
	255452  -  ResidentSetSize of job (KB)
...
006 (695993.003.000) 07/12 08:49:28 Image size of job updated: 256404
	250  -  MemoryUsage of job (MB)
	255452  -  ResidentSetSize of job (KB)
...
005 (695993.003.000) 07/12 08:49:29 Job terminated.
	(1) Normal termination (return value 0)
		Usr 0 00:03:09, Sys 0 00:00:19  -  Run Remote Usage
		Usr 0 00:00:00, Sys 0 00:00:00  -  Run Local Usage
		Usr 0 00:03:09, Sys 0 00:00:19  -  Total Remote Usage
		Usr 0 00:00:00, Sys 0 00:00:00  -  Total Local Usage
	374835  -  Run Bytes Sent By Job
	281287  -  Run Bytes Received By Job
	374835  -  Total Bytes Sent By Job
	281287  -  Total Bytes Received By Job
	Partitionable Resources :    Usage  Request Allocated
	   Cpus                 :                 1         1
	   Disk (KB)            :  1000000  2048000   4750503
	   Memory (MB)          :      250     1992      1992
...
