000 (695974.000.000) 07/12 06:42:08 Job submitted from host: <144.92.181.245:9618?addrs=144.92.181.245-9618+[2607-f388-101c-1000--372]-9618&noUDP&sock=6179_dbc8_3>
...
001 (695974.000.000) 07/12 08:10:40 Job executing on host: <144.92.180.73:9618?addrs=144.92.180.73-9618+[2607-f388-101c-1000--629]-9618&noUDP&sock=7744_517f_3>
...
006 (695974.000.000) 07/12 08:10:49 Image size of job updated: 35488
	7  -  MemoryUsage of job (MB)
	7168  -  ResidentSetSize of job (KB)
...
006 (695974.000.000) 07/12 08:30:50 Image size of job updated: 289672
	279  -  MemoryUsage of job (MB)
	284868  -  ResidentSetSize of job (KB)
...
005 (695974.000.000) 07/12 08:36:24 Job terminated.
	(1) Normal termination (return value 0)
		Usr 0 00:02:43, Sys 0 00:00:08  -  Run Remote Usage
		Usr 0 00:00:00, Sys 0 00:00:00  -  Run Local Usage
		Usr 0 00:02:43, Sys 0 00:00:08  -  Total Remote Usage
		Usr 0 00:00:00, Sys 0 00:00:00  -  Total Local Usage
	258534  -  Run Bytes Sent By Job
	281287  -  Run Bytes Received By Job
	258534  -  Total Bytes Sent By Job
	281287  -  Total Bytes Received By Job
	Partitionable Resources :    Usage  Request Allocated
	   Cpus                 :                 1         1
	   Disk (KB)            :  1000000  2048000   7917450
	   Memory (MB)          :      279     1992      1992
...
