000 (695974.005.000) 07/12 06:42:08 Job submitted from host: <144.92.181.245:9618?addrs=144.92.181.245-9618+[2607-f388-101c-1000--372]-9618&noUDP&sock=6179_dbc8_3>
...
001 (695974.005.000) 07/12 08:10:49 Job executing on host: <144.92.181.176:9618?addrs=144.92.181.176-9618+[2607-f388-101c-1000--629]-9618&noUDP&sock=9863_c6ae_3>
...
006 (695974.005.000) 07/12 08:10:58 Image size of job updated: 216212
	106  -  MemoryUsage of job (MB)
	108216  -  ResidentSetSize of job (KB)
...
006 (695974.005.000) 07/12 08:30:59 Image size of job updated: 289504
	283  -  MemoryUsage of job (MB)
	289504  -  ResidentSetSize of job (KB)
...
006 (695974.005.000) 07/12 08:36:39 Image size of job updated: 293728
	283  -  MemoryUsage of job (MB)
	289504  -  ResidentSetSize of job (KB)
...
005 (695974.005.000) 07/12 08:36:40 Job terminated.
	(1) Normal termination (return value 0)
		Usr 0 00:01:45, Sys 0 00:00:05  -  Run Remote Usage
		Usr 0 00:00:00, Sys 0 00:00:00  -  Run Local Usage
		Usr 0 00:01:45, Sys 0 00:00:05  -  Total Remote Usage
		Usr 0 00:00:00, Sys 0 00:00:00  -  Total Local Usage
	254779  -  Run Bytes Sent By Job
	281287  -  Run Bytes Received By Job
	254779  -  Total Bytes Sent By Job
	281287  -  Total Bytes Received By Job
	Partitionable Resources :    Usage  Request Allocated
	   Cpus                 :                 1         1
	   Disk (KB)            :  1000000  2048000   7917406
	   Memory (MB)          :      283     1992      1992
...
