000 (695974.007.000) 07/12 06:42:08 Job submitted from host: <144.92.181.245:9618?addrs=144.92.181.245-9618+[2607-f388-101c-1000--372]-9618&noUDP&sock=6179_dbc8_3>
...
001 (695974.007.000) 07/12 08:10:58 Job executing on host: <144.92.181.191:9618?addrs=144.92.181.191-9618+[2607-f388-101c-1000--629]-9618&noUDP&sock=10050_0ae4_3>
...
006 (695974.007.000) 07/12 08:11:06 Image size of job updated: 216724
	106  -  MemoryUsage of job (MB)
	108204  -  ResidentSetSize of job (KB)
...
005 (695974.007.000) 07/12 08:28:16 Job terminated.
	(1) Normal termination (return value 0)
		Usr 0 00:02:01, Sys 0 00:00:05  -  Run Remote Usage
		Usr 0 00:00:00, Sys 0 00:00:00  -  Run Local Usage
		Usr 0 00:02:01, Sys 0 00:00:05  -  Total Remote Usage
		Usr 0 00:00:00, Sys 0 00:00:00  -  Total Local Usage
	254704  -  Run Bytes Sent By Job
	281287  -  Run Bytes Received By Job
	254704  -  Total Bytes Sent By Job
	281287  -  Total Bytes Received By Job
	Partitionable Resources :    Usage  Request Allocated
	   Cpus                 :                 1         1
	   Disk (KB)            :  1000000  2048000   7914778
	   Memory (MB)          :      106     1992      1992
...
