000 (695974.008.000) 07/12 06:42:08 Job submitted from host: <144.92.181.245:9618?addrs=144.92.181.245-9618+[2607-f388-101c-1000--372]-9618&noUDP&sock=6179_dbc8_3>
...
001 (695974.008.000) 07/12 08:10:59 Job executing on host: <144.92.180.106:9618?addrs=144.92.180.106-9618+[2607-f388-101c-1000--629]-9618&noUDP&sock=7637_ecdd_3>
...
006 (695974.008.000) 07/12 08:11:09 Image size of job updated: 216392
	106  -  MemoryUsage of job (MB)
	108232  -  ResidentSetSize of job (KB)
...
006 (695974.008.000) 07/12 08:31:10 Image size of job updated: 286776
	280  -  MemoryUsage of job (MB)
	285848  -  ResidentSetSize of job (KB)
...
005 (695974.008.000) 07/12 08:33:33 Job terminated.
	(1) Normal termination (return value 0)
		Usr 0 00:02:36, Sys 0 00:00:09  -  Run Remote Usage
		Usr 0 00:00:00, Sys 0 00:00:00  -  Run Local Usage
		Usr 0 00:02:36, Sys 0 00:00:09  -  Total Remote Usage
		Usr 0 00:00:00, Sys 0 00:00:00  -  Total Local Usage
	258093  -  Run Bytes Sent By Job
	281287  -  Run Bytes Received By Job
	258093  -  Total Bytes Sent By Job
	281287  -  Total Bytes Received By Job
	Partitionable Resources :    Usage  Request Allocated
	   Cpus                 :                 1         1
	   Disk (KB)            :  1000000  2048000   6333776
	   Memory (MB)          :      280     1992      1992
...
