000 (1262629.004.000) 07/25 12:34:42 Job submitted from host: <144.92.180.28:9618?addrs=144.92.180.28-9618+[2607-f388-101c-1000--370]-9618&noUDP&sock=5187_6dd5_82>
...
001 (1262629.004.000) 07/25 14:26:08 Job executing on host: <128.104.227.40:9618?addrs=128.104.227.40-9618+[2607-f388-101c-1000--629]-9618&noUDP&sock=10312_c0b4_3>
...
006 (1262629.004.000) 07/25 14:26:16 Image size of job updated: 108932
	107  -  MemoryUsage of job (MB)
	108652  -  ResidentSetSize of job (KB)
...
006 (1262629.004.000) 07/25 14:37:01 Image size of job updated: 246920
	107  -  MemoryUsage of job (MB)
	108652  -  ResidentSetSize of job (KB)
...
005 (1262629.004.000) 07/25 14:37:02 Job terminated.
	(1) Normal termination (return value 0)
		Usr 0 00:01:55, Sys 0 00:00:08  -  Run Remote Usage
		Usr 0 00:00:00, Sys 0 00:00:00  -  Run Local Usage
		Usr 0 00:01:55, Sys 0 00:00:08  -  Total Remote Usage
		Usr 0 00:00:00, Sys 0 00:00:00  -  Total Local Usage
	498466  -  Run Bytes Sent By Job
	283691  -  Run Bytes Received By Job
	498466  -  Total Bytes Sent By Job
	283691  -  Total Bytes Received By Job
	Partitionable Resources :    Usage  Request Allocated
	   Cpus                 :                 1         1
	   Disk (KB)            :  1000000  2048000   9499996
	   Memory (MB)          :      107     1992      1992
...
