000 (690135.011.000) 07/11 07:32:43 Job submitted from host: <144.92.181.245:9618?addrs=144.92.181.245-9618+[2607-f388-101c-1000--372]-9618&noUDP&sock=6179_dbc8_3>
...
001 (690135.011.000) 07/11 09:46:08 Job executing on host: <144.92.180.58:9618?addrs=144.92.180.58-9618+[2607-f388-101c-1000--629]-9618&noUDP&sock=7143_1514_3>
...
006 (690135.011.000) 07/11 09:46:16 Image size of job updated: 105776
	27  -  MemoryUsage of job (MB)
	26832  -  ResidentSetSize of job (KB)
...
006 (690135.011.000) 07/11 10:06:16 Image size of job updated: 242828
	237  -  MemoryUsage of job (MB)
	242084  -  ResidentSetSize of job (KB)
...
005 (690135.011.000) 07/11 10:06:23 Job terminated.
	(1) Normal termination (return value 0)
		Usr 0 00:04:24, Sys 0 00:00:14  -  Run Remote Usage
		Usr 0 00:00:00, Sys 0 00:00:00  -  Run Local Usage
		Usr 0 00:04:24, Sys 0 00:00:14  -  Total Remote Usage
		Usr 0 00:00:00, Sys 0 00:00:00  -  Total Local Usage
	398042  -  Run Bytes Sent By Job
	302156  -  Run Bytes Received By Job
	398042  -  Total Bytes Sent By Job
	302156  -  Total Bytes Received By Job
	Partitionable Resources :    Usage  Request Allocated
	   Cpus                 :                 1         1
	   Disk (KB)            :  1000000  2048000   4750419
	   Memory (MB)          :      237     1992      1992
...
