000 (690135.014.000) 07/11 07:32:43 Job submitted from host: <144.92.181.245:9618?addrs=144.92.181.245-9618+[2607-f388-101c-1000--372]-9618&noUDP&sock=6179_dbc8_3>
...
001 (690135.014.000) 07/11 09:46:16 Job executing on host: <144.92.180.208:9618?addrs=144.92.180.208-9618+[2607-f388-101c-1000--629]-9618&noUDP&sock=7849_56f1_3>
...
006 (690135.014.000) 07/11 09:46:25 Image size of job updated: 167356
	53  -  MemoryUsage of job (MB)
	53412  -  ResidentSetSize of job (KB)
...
006 (690135.014.000) 07/11 10:06:25 Image size of job updated: 242980
	235  -  MemoryUsage of job (MB)
	240476  -  ResidentSetSize of job (KB)
...
005 (690135.014.000) 07/11 10:09:52 Job terminated.
	(1) Normal termination (return value 0)
		Usr 0 00:02:29, Sys 0 00:00:08  -  Run Remote Usage
		Usr 0 00:00:00, Sys 0 00:00:00  -  Run Local Usage
		Usr 0 00:02:29, Sys 0 00:00:08  -  Total Remote Usage
		Usr 0 00:00:00, Sys 0 00:00:00  -  Total Local Usage
	397402  -  Run Bytes Sent By Job
	302156  -  Run Bytes Received By Job
	397402  -  Total Bytes Sent By Job
	302156  -  Total Bytes Received By Job
	Partitionable Resources :    Usage  Request Allocated
	   Cpus                 :                 1         1
	   Disk (KB)            :  1000000  2048000   7917665
	   Memory (MB)          :      235     1992      1992
...
