000 (691505.003.000) 07/11 11:28:14 Job submitted from host: <144.92.181.245:9618?addrs=144.92.181.245-9618+[2607-f388-101c-1000--372]-9618&noUDP&sock=6179_dbc8_3>
...
001 (691505.003.000) 07/11 12:18:08 Job executing on host: <128.104.227.102:9618?addrs=128.104.227.102-9618+[2607-f388-101c-1000--51]-9618&noUDP&sock=11664_1cc0_10>
...
006 (691505.003.000) 07/11 12:18:18 Image size of job updated: 30344
	7  -  MemoryUsage of job (MB)
	6868  -  ResidentSetSize of job (KB)
...
006 (691505.003.000) 07/11 12:38:18 Image size of job updated: 259380
	233  -  MemoryUsage of job (MB)
	237920  -  ResidentSetSize of job (KB)
...
005 (691505.003.000) 07/11 12:47:30 Job terminated.
	(1) Normal termination (return value 0)
		Usr 0 00:02:41, Sys 0 00:00:11  -  Run Remote Usage
		Usr 0 00:00:00, Sys 0 00:00:00  -  Run Local Usage
		Usr 0 00:02:41, Sys 0 00:00:11  -  Total Remote Usage
		Usr 0 00:00:00, Sys 0 00:00:00  -  Total Local Usage
	360915  -  Run Bytes Sent By Job
	306644  -  Run Bytes Received By Job
	360915  -  Total Bytes Sent By Job
	306644  -  Total Bytes Received By Job
	Partitionable Resources :    Usage  Request Allocated
	   Cpus                 :                 1         1
	   Disk (KB)            :  1000000  2048000   9502451
	   Memory (MB)          :      233     1992      1992
...
