000 (691505.004.000) 07/11 11:28:14 Job submitted from host: <144.92.181.245:9618?addrs=144.92.181.245-9618+[2607-f388-101c-1000--372]-9618&noUDP&sock=6179_dbc8_3>
...
001 (691505.004.000) 07/11 12:18:08 Job executing on host: <128.104.227.13:9618?addrs=128.104.227.13-9618+[2607-f388-101c-1000--629]-9618&noUDP&sock=10343_0424_3>
...
006 (691505.004.000) 07/11 12:18:17 Image size of job updated: 217424
	106  -  MemoryUsage of job (MB)
	108328  -  ResidentSetSize of job (KB)
...
006 (691505.004.000) 07/11 12:38:18 Image size of job updated: 275252
	233  -  MemoryUsage of job (MB)
	238012  -  ResidentSetSize of job (KB)
...
005 (691505.004.000) 07/11 12:42:34 Job terminated.
	(1) Normal termination (return value 0)
		Usr 0 00:02:30, Sys 0 00:00:09  -  Run Remote Usage
		Usr 0 00:00:00, Sys 0 00:00:00  -  Run Local Usage
		Usr 0 00:02:30, Sys 0 00:00:09  -  Total Remote Usage
		Usr 0 00:00:00, Sys 0 00:00:00  -  Total Local Usage
	365789  -  Run Bytes Sent By Job
	306644  -  Run Bytes Received By Job
	365789  -  Total Bytes Sent By Job
	306644  -  Total Bytes Received By Job
	Partitionable Resources :    Usage  Request Allocated
	   Cpus                 :                 1         1
	   Disk (KB)            :  1000000  2048000   9502043
	   Memory (MB)          :      233     1992      1992
...
