000 (691505.005.000) 07/11 11:28:14 Job submitted from host: <144.92.181.245:9618?addrs=144.92.181.245-9618+[2607-f388-101c-1000--372]-9618&noUDP&sock=6179_dbc8_3>
...
001 (691505.005.000) 07/11 12:18:12 Job executing on host: <144.92.180.107:9618?addrs=144.92.180.107-9618+[2607-f388-101c-1000--629]-9618&noUDP&sock=7645_699f_3>
...
006 (691505.005.000) 07/11 12:18:20 Image size of job updated: 216956
	106  -  MemoryUsage of job (MB)
	108088  -  ResidentSetSize of job (KB)
...
006 (691505.005.000) 07/11 12:38:20 Image size of job updated: 260184
	234  -  MemoryUsage of job (MB)
	239332  -  ResidentSetSize of job (KB)
...
005 (691505.005.000) 07/11 12:55:38 Job terminated.
	(1) Normal termination (return value 0)
		Usr 0 00:02:57, Sys 0 00:00:18  -  Run Remote Usage
		Usr 0 00:00:00, Sys 0 00:00:00  -  Run Local Usage
		Usr 0 00:02:57, Sys 0 00:00:18  -  Total Remote Usage
		Usr 0 00:00:00, Sys 0 00:00:00  -  Total Local Usage
	363875  -  Run Bytes Sent By Job
	306644  -  Run Bytes Received By Job
	363875  -  Total Bytes Sent By Job
	306644  -  Total Bytes Received By Job
	Partitionable Resources :    Usage  Request Allocated
	   Cpus                 :                 1         1
	   Disk (KB)            :  1000000  2048000   6333880
	   Memory (MB)          :      234     1992      1992
...
