000 (691505.009.000) 07/11 11:28:14 Job submitted from host: <144.92.181.245:9618?addrs=144.92.181.245-9618+[2607-f388-101c-1000--372]-9618&noUDP&sock=6179_dbc8_3>
...
001 (691505.009.000) 07/11 12:18:23 Job executing on host: <128.104.227.37:9618?addrs=128.104.227.37-9618+[2607-f388-101c-1000--629]-9618&noUDP&sock=10283_dc75_3>
...
006 (691505.009.000) 07/11 12:18:32 Image size of job updated: 216804
	106  -  MemoryUsage of job (MB)
	108328  -  ResidentSetSize of job (KB)
...
006 (691505.009.000) 07/11 12:38:33 Image size of job updated: 282712
	231  -  MemoryUsage of job (MB)
	235992  -  ResidentSetSize of job (KB)
...
005 (691505.009.000) 07/11 12:39:53 Job terminated.
	(1) Normal termination (return value 0)
		Usr 0 00:02:28, Sys 0 00:00:07  -  Run Remote Usage
		Usr 0 00:00:00, Sys 0 00:00:00  -  Run Local Usage
		Usr 0 00:02:28, Sys 0 00:00:07  -  Total Remote Usage
		Usr 0 00:00:00, Sys 0 00:00:00  -  Total Local Usage
	366484  -  Run Bytes Sent By Job
	306644  -  Run Bytes Received By Job
	366484  -  Total Bytes Sent By Job
	306644  -  Total Bytes Received By Job
	Partitionable Resources :    Usage  Request Allocated
	   Cpus                 :                 1         1
	   Disk (KB)            :  1000000  2048000   9500072
	   Memory (MB)          :      231     1992      1992
...
