000 (695953.002.000) 07/12 06:41:40 Job submitted from host: <144.92.181.245:9618?addrs=144.92.181.245-9618+[2607-f388-101c-1000--372]-9618&noUDP&sock=6179_dbc8_3>
...
001 (695953.002.000) 07/12 08:04:10 Job executing on host: <144.92.180.133:9618?addrs=144.92.180.133-9618+[2607-f388-101c-1000--629]-9618&noUDP&sock=9913_126b_3>
...
006 (695953.002.000) 07/12 08:04:18 Image size of job updated: 217108
	106  -  MemoryUsage of job (MB)
	108236  -  ResidentSetSize of job (KB)
...
005 (695953.002.000) 07/12 08:22:08 Job terminated.
	(1) Normal termination (return value 0)
		Usr 0 00:01:14, Sys 0 00:00:05  -  Run Remote Usage
		Usr 0 00:00:00, Sys 0 00:00:00  -  Run Local Usage
		Usr 0 00:01:14, Sys 0 00:00:05  -  Total Remote Usage
		Usr 0 00:00:00, Sys 0 00:00:00  -  Total Local Usage
	250089  -  Run Bytes Sent By Job
	281287  -  Run Bytes Received By Job
	250089  -  Total Bytes Sent By Job
	281287  -  Total Bytes Received By Job
	Partitionable Resources :    Usage  Request Allocated
	   Cpus                 :                 1         1
	   Disk (KB)            :  1000000  2048000   7917438
	   Memory (MB)          :      106     1992      1992
...
