000 (696077.005.000) 07/12 06:44:42 Job submitted from host: <144.92.181.245:9618?addrs=144.92.181.245-9618+[2607-f388-101c-1000--372]-9618&noUDP&sock=6179_dbc8_3>
...
001 (695080.005.000) 07/12 07:52:47 Job executing on host: <128.104.227.90:9618?addrs=128.104.227.90-9618+[2607-f388-101c-1000--629]-9618&noUDP&sock=11962_83f9_3>
...
006 (695080.005.000) 07/12 07:52:56 Image size of job updated: 49020
	41  -  MemoryUsage of job (MB)
	41608  -  ResidentSetSize of job (KB)
...
006 (695080.005.000) 07/12 08:12:56 Image size of job updated: 237784
	233  -  MemoryUsage of job (MB)
	237740  -  ResidentSetSize of job (KB)
...
006 (695080.005.000) 07/12 08:26:42 Image size of job updated: 238784
	233  -  MemoryUsage of job (MB)
	237740  -  ResidentSetSize of job (KB)
...
005 (695080.005.000) 07/12 08:26:43 Job terminated.
	(1) Normal termination (return value 0)
		Usr 0 00:02:23, Sys 0 00:00:08  -  Run Remote Usage
		Usr 0 00:00:00, Sys 0 00:00:00  -  Run Local Usage
		Usr 0 00:02:23, Sys 0 00:00:08  -  Total Remote Usage
		Usr 0 00:00:00, Sys 0 00:00:00  -  Total Local Usage
	627298  -  Run Bytes Sent By Job
	281287  -  Run Bytes Received By Job
	627298  -  Total Bytes Sent By Job
	281287  -  Total Bytes Received By Job
	Partitionable Resources :    Usage  Request Allocated
	   Cpus                 :                 1         1
	   Disk (KB)            :  1000000  2048000   9502812
	   Memory (MB)          :      233     1992      1992
...
001 (696077.005.000) 07/12 08:55:57 Job executing on host: <128.104.227.43:9618?addrs=128.104.227.43-9618+[2607-f388-101c-1000--629]-9618&noUDP&sock=10297_76c9_3>
...
006 (696077.005.000) 07/12 08:56:06 Image size of job updated: 167376
	107  -  MemoryUsage of job (MB)
	108564  -  ResidentSetSize of job (KB)
...
005 (696077.005.000) 07/12 09:15:30 Job terminated.
	(1) Normal termination (return value 0)
		Usr 0 00:02:23, Sys 0 00:00:09  -  Run Remote Usage
		Usr 0 00:00:00, Sys 0 00:00:00  -  Run Local Usage
		Usr 0 00:02:23, Sys 0 00:00:09  -  Total Remote Usage
		Usr 0 00:00:00, Sys 0 00:00:00  -  Total Local Usage
	627298  -  Run Bytes Sent By Job
	281287  -  Run Bytes Received By Job
	627298  -  Total Bytes Sent By Job
	281287  -  Total Bytes Received By Job
	Partitionable Resources :    Usage  Request Allocated
	   Cpus                 :                 1         1
	   Disk (KB)            :  1000000  2048000   9500443
	   Memory (MB)          :      107     1992      1992
...
