000 (691419.010.000) 07/11 11:26:13 Job submitted from host: <144.92.181.245:9618?addrs=144.92.181.245-9618+[2607-f388-101c-1000--372]-9618&noUDP&sock=6179_dbc8_3>
...
001 (691419.010.000) 07/11 11:44:07 Job executing on host: <144.92.181.1:9618?addrs=144.92.181.1-9618+[2607-f388-101c-1000--629]-9618&noUDP&sock=7674_4dde_3>
...
006 (691419.010.000) 07/11 11:44:16 Image size of job updated: 110440
	106  -  MemoryUsage of job (MB)
	108132  -  ResidentSetSize of job (KB)
...
005 (691419.010.000) 07/11 11:58:09 Job terminated.
	(1) Normal termination (return value 0)
		Usr 0 00:01:19, Sys 0 00:00:05  -  Run Remote Usage
		Usr 0 00:00:00, Sys 0 00:00:00  -  Run Local Usage
		Usr 0 00:01:19, Sys 0 00:00:05  -  Total Remote Usage
		Usr 0 00:00:00, Sys 0 00:00:00  -  Total Local Usage
	501110  -  Run Bytes Sent By Job
	306644  -  Run Bytes Received By Job
	501110  -  Total Bytes Sent By Job
	306644  -  Total Bytes Received By Job
	Partitionable Resources :    Usage  Request Allocated
	   Cpus                 :                 1         1
	   Disk (KB)            :  1000000  2048000   7917509
	   Memory (MB)          :      106     1992      1992
...
