000 (695986.000.000) 07/12 06:42:25 Job submitted from host: <144.92.181.245:9618?addrs=144.92.181.245-9618+[2607-f388-101c-1000--372]-9618&noUDP&sock=6179_dbc8_3>
...
001 (695986.000.000) 07/12 08:16:05 Job executing on host: <128.104.227.98:9618?addrs=128.104.227.98-9618+[2607-f388-101c-1000--629]-9618&noUDP&sock=11807_32cb_3>
...
006 (695986.000.000) 07/12 08:16:14 Image size of job updated: 168836
	53  -  MemoryUsage of job (MB)
	53412  -  ResidentSetSize of job (KB)
...
005 (695986.000.000) 07/12 08:27:07 Job terminated.
	(1) Normal termination (return value 0)
		Usr 0 00:01:11, Sys 0 00:00:04  -  Run Remote Usage
		Usr 0 00:00:00, Sys 0 00:00:00  -  Run Local Usage
		Usr 0 00:01:11, Sys 0 00:00:04  -  Total Remote Usage
		Usr 0 00:00:00, Sys 0 00:00:00  -  Total Local Usage
	325715  -  Run Bytes Sent By Job
	281287  -  Run Bytes Received By Job
	325715  -  Total Bytes Sent By Job
	281287  -  Total Bytes Received By Job
	Partitionable Resources :    Usage  Request Allocated
	   Cpus                 :                 1         1
	   Disk (KB)            :  1000000  2048000   9503520
	   Memory (MB)          :       53     1992      1992
...
