000 (695986.003.000) 07/12 06:42:25 Job submitted from host: <144.92.181.245:9618?addrs=144.92.181.245-9618+[2607-f388-101c-1000--372]-9618&noUDP&sock=6179_dbc8_3>
...
001 (695986.003.000) 07/12 08:16:14 Job executing on host: <128.104.227.22:9618?addrs=128.104.227.22-9618+[2607-f388-101c-1000--629]-9618&noUDP&sock=10298_2661_3>
...
006 (695986.003.000) 07/12 08:16:22 Image size of job updated: 53904
	53  -  MemoryUsage of job (MB)
	53584  -  ResidentSetSize of job (KB)
...
006 (695986.003.000) 07/12 08:36:22 Image size of job updated: 224972
	220  -  MemoryUsage of job (MB)
	224904  -  ResidentSetSize of job (KB)
...
006 (695986.003.000) 07/12 08:46:10 Image size of job updated: 226844
	220  -  MemoryUsage of job (MB)
	224904  -  ResidentSetSize of job (KB)
...
005 (695986.003.000) 07/12 08:46:11 Job terminated.
	(1) Normal termination (return value 0)
		Usr 0 00:01:22, Sys 0 00:00:07  -  Run Remote Usage
		Usr 0 00:00:00, Sys 0 00:00:00  -  Run Local Usage
		Usr 0 00:01:22, Sys 0 00:00:07  -  Total Remote Usage
		Usr 0 00:00:00, Sys 0 00:00:00  -  Total Local Usage
	326232  -  Run Bytes Sent By Job
	281287  -  Run Bytes Received By Job
	326232  -  Total Bytes Sent By Job
	281287  -  Total Bytes Received By Job
	Partitionable Resources :    Usage  Request Allocated
	   Cpus                 :                 1         1
	   Disk (KB)            :  1000000  2048000   9500771
	   Memory (MB)          :      220     1992      1992
...
