000 (695986.004.000) 07/12 06:42:25 Job submitted from host: <144.92.181.245:9618?addrs=144.92.181.245-9618+[2607-f388-101c-1000--372]-9618&noUDP&sock=6179_dbc8_3>
...
001 (695986.004.000) 07/12 08:16:14 Job executing on host: <128.104.227.11:9618?addrs=128.104.227.11-9618+[2607-f388-101c-1000--629]-9618&noUDP&sock=10363_bc09_3>
...
006 (695986.004.000) 07/12 08:16:22 Image size of job updated: 216752
	106  -  MemoryUsage of job (MB)
	108352  -  ResidentSetSize of job (KB)
...
005 (695986.004.000) 07/12 08:28:32 Job terminated.
	(1) Normal termination (return value 0)
		Usr 0 00:01:12, Sys 0 00:00:05  -  Run Remote Usage
		Usr 0 00:00:00, Sys 0 00:00:00  -  Run Local Usage
		Usr 0 00:01:12, Sys 0 00:00:05  -  Total Remote Usage
		Usr 0 00:00:00, Sys 0 00:00:00  -  Total Local Usage
	326042  -  Run Bytes Sent By Job
	281287  -  Run Bytes Received By Job
	326042  -  Total Bytes Sent By Job
	281287  -  Total Bytes Received By Job
	Partitionable Resources :    Usage  Request Allocated
	   Cpus                 :                 1         1
	   Disk (KB)            :  1000000  2048000   9500364
	   Memory (MB)          :      106     1992      1992
...
