000 (695986.007.000) 07/12 06:42:25 Job submitted from host: <144.92.181.245:9618?addrs=144.92.181.245-9618+[2607-f388-101c-1000--372]-9618&noUDP&sock=6179_dbc8_3>
...
001 (695986.007.000) 07/12 08:16:22 Job executing on host: <144.92.181.241:9618?addrs=144.92.181.241-9618+[2607-f388-101c-1000--217]-9618&noUDP&sock=6978_e7f4_3>
...
006 (695986.007.000) 07/12 08:16:31 Image size of job updated: 163204
	55  -  MemoryUsage of job (MB)
	56292  -  ResidentSetSize of job (KB)
...
005 (695986.007.000) 07/12 08:31:57 Job terminated.
	(1) Normal termination (return value 0)
		Usr 0 00:03:12, Sys 0 00:00:11  -  Run Remote Usage
		Usr 0 00:00:00, Sys 0 00:00:00  -  Run Local Usage
		Usr 0 00:03:12, Sys 0 00:00:11  -  Total Remote Usage
		Usr 0 00:00:00, Sys 0 00:00:00  -  Total Local Usage
	337740  -  Run Bytes Sent By Job
	281287  -  Run Bytes Received By Job
	337740  -  Total Bytes Sent By Job
	281287  -  Total Bytes Received By Job
	Partitionable Resources :    Usage  Request Allocated
	   Cpus                 :                 1         1
	   Disk (KB)            :  1000000  2048000   4750246
	   Memory (MB)          :       55     1992      1992
...
