000 (690049.011.000) 07/11 07:30:26 Job submitted from host: <144.92.181.245:9618?addrs=144.92.181.245-9618+[2607-f388-101c-1000--372]-9618&noUDP&sock=6179_dbc8_3>
...
001 (690049.011.000) 07/11 08:17:11 Job executing on host: <144.92.181.200:9618?addrs=144.92.181.200-9618+[2607-f388-101c-1000--629]-9618&noUDP&sock=6744_66ca_3>
...
006 (690049.011.000) 07/11 08:17:20 Image size of job updated: 167084
	53  -  MemoryUsage of job (MB)
	53404  -  ResidentSetSize of job (KB)
...
005 (690049.011.000) 07/11 08:25:50 Job terminated.
	(1) Normal termination (return value 0)
		Usr 0 00:01:31, Sys 0 00:00:08  -  Run Remote Usage
		Usr 0 00:00:00, Sys 0 00:00:00  -  Run Local Usage
		Usr 0 00:01:31, Sys 0 00:00:08  -  Total Remote Usage
		Usr 0 00:00:00, Sys 0 00:00:00  -  Total Local Usage
	488016  -  Run Bytes Sent By Job
	302156  -  Run Bytes Received By Job
	488016  -  Total Bytes Sent By Job
	302156  -  Total Bytes Received By Job
	Partitionable Resources :    Usage  Request Allocated
	   Cpus                 :                 1         1
	   Disk (KB)            :  1000000  2048000   3166862
	   Memory (MB)          :       53     1992      1992
...
