000 (690093.008.000) 07/11 07:31:39 Job submitted from host: <144.92.181.245:9618?addrs=144.92.181.245-9618+[2607-f388-101c-1000--372]-9618&noUDP&sock=6179_dbc8_3>
...
001 (690093.008.000) 07/11 09:10:37 Job executing on host: <144.92.180.82:9618?addrs=144.92.180.82-9618+[2607-f388-101c-1000--629]-9618&noUDP&sock=6973_79fb_3>
...
006 (690093.008.000) 07/11 09:10:46 Image size of job updated: 228300
	106  -  MemoryUsage of job (MB)
	107764  -  ResidentSetSize of job (KB)
...
006 (690093.008.000) 07/11 09:30:47 Image size of job updated: 240832
	235  -  MemoryUsage of job (MB)
	239868  -  ResidentSetSize of job (KB)
...
005 (690093.008.000) 07/11 09:33:59 Job terminated.
	(1) Normal termination (return value 0)
		Usr 0 00:04:32, Sys 0 00:00:20  -  Run Remote Usage
		Usr 0 00:00:00, Sys 0 00:00:00  -  Run Local Usage
		Usr 0 00:04:32, Sys 0 00:00:20  -  Total Remote Usage
		Usr 0 00:00:00, Sys 0 00:00:00  -  Total Local Usage
	268420  -  Run Bytes Sent By Job
	302156  -  Run Bytes Received By Job
	268420  -  Total Bytes Sent By Job
	302156  -  Total Bytes Received By Job
	Partitionable Resources :    Usage  Request Allocated
	   Cpus                 :                 1         1
	   Disk (KB)            :  1000000  2048000   4750867
	   Memory (MB)          :      235     1992      1992
...
