000 (696012.012.000) 07/12 06:43:06 Job submitted from host: <144.92.181.245:9618?addrs=144.92.181.245-9618+[2607-f388-101c-1000--372]-9618&noUDP&sock=6179_dbc8_3>
...
001 (696012.012.000) 07/12 08:25:53 Job executing on host: <128.104.227.77:9618?addrs=128.104.227.77-9618+[2607-f388-101c-1000--629]-9618&noUDP&sock=10347_c285_3>
...
006 (696012.012.000) 07/12 08:26:01 Image size of job updated: 214928
	106  -  MemoryUsage of job (MB)
	108508  -  ResidentSetSize of job (KB)
...
006 (696012.012.000) 07/12 08:46:01 Image size of job updated: 240948
	235  -  MemoryUsage of job (MB)
	240248  -  ResidentSetSize of job (KB)
...
005 (696012.012.000) 07/12 08:51:06 Job terminated.
	(1) Normal termination (return value 0)
		Usr 0 00:02:25, Sys 0 00:00:07  -  Run Remote Usage
		Usr 0 00:00:00, Sys 0 00:00:00  -  Run Local Usage
		Usr 0 00:02:25, Sys 0 00:00:07  -  Total Remote Usage
		Usr 0 00:00:00, Sys 0 00:00:00  -  Total Local Usage
	393519  -  Run Bytes Sent By Job
	281287  -  Run Bytes Received By Job
	393519  -  Total Bytes Sent By Job
	281287  -  Total Bytes Received By Job
	Partitionable Resources :    Usage  Request Allocated
	   Cpus                 :                 1         1
	   Disk (KB)            :  1000000  2048000   9501005
	   Memory (MB)          :      235     1992      1992
...
