000 (696012.004.000) 07/12 06:43:06 Job submitted from host: <144.92.181.245:9618?addrs=144.92.181.245-9618+[2607-f388-101c-1000--372]-9618&noUDP&sock=6179_dbc8_3>
...
001 (696012.004.000) 07/12 08:25:43 Job executing on host: <144.92.181.71:9618?addrs=144.92.181.71-9618+[2607-f388-101c-1000--629]-9618&noUDP&sock=7192_b138_10>
...
006 (696012.004.000) 07/12 08:25:52 Image size of job updated: 159796
	44  -  MemoryUsage of job (MB)
	44060  -  ResidentSetSize of job (KB)
...
006 (696012.004.000) 07/12 08:45:53 Image size of job updated: 239312
	234  -  MemoryUsage of job (MB)
	238832  -  ResidentSetSize of job (KB)
...
006 (696012.004.000) 07/12 09:05:54 Image size of job updated: 241484
	236  -  MemoryUsage of job (MB)
	241080  -  ResidentSetSize of job (KB)
...
005 (696012.004.000) 07/12 09:08:29 Job terminated.
	(1) Normal termination (return value 0)
		Usr 0 00:05:11, Sys 0 00:00:18  -  Run Remote Usage
		Usr 0 00:00:00, Sys 0 00:00:00  -  Run Local Usage
		Usr 0 00:05:11, Sys 0 00:00:18  -  Total Remote Usage
		Usr 0 00:00:00, Sys 0 00:00:00  -  Total Local Usage
	408592  -  Run Bytes Sent By Job
	281287  -  Run Bytes Received By Job
	408592  -  Total Bytes Sent By Job
	281287  -  Total Bytes Received By Job
	Partitionable Resources :    Usage  Request Allocated
	   Cpus                 :                 1         1
	   Disk (KB)            :  1000000  2048000   4751507
	   Memory (MB)          :      236     1992      1992
...
