000 (696012.007.000) 07/12 06:43:06 Job submitted from host: <144.92.181.245:9618?addrs=144.92.181.245-9618+[2607-f388-101c-1000--372]-9618&noUDP&sock=6179_dbc8_3>
...
001 (696012.007.000) 07/12 08:25:46 Job executing on host: <144.92.180.134:9618?addrs=144.92.180.134-9618+[2607-f388-101c-1000--629]-9618&noUDP&sock=10094_390f_3>
...
006 (696012.007.000) 07/12 08:25:55 Image size of job updated: 215600
	106  -  MemoryUsage of job (MB)
	108304  -  ResidentSetSize of job (KB)
...
006 (696012.007.000) 07/12 08:45:56 Image size of job updated: 233148
	228  -  MemoryUsage of job (MB)
	233148  -  ResidentSetSize of job (KB)
...
006 (696012.007.000) 07/12 08:51:38 Image size of job updated: 236244
	228  -  MemoryUsage of job (MB)
	233148  -  ResidentSetSize of job (KB)
...
005 (696012.007.000) 07/12 08:51:39 Job terminated.
	(1) Normal termination (return value 0)
		Usr 0 00:02:29, Sys 0 00:00:07  -  Run Remote Usage
		Usr 0 00:00:00, Sys 0 00:00:00  -  Run Local Usage
		Usr 0 00:02:29, Sys 0 00:00:07  -  Total Remote Usage
		Usr 0 00:00:00, Sys 0 00:00:00  -  Total Local Usage
	401599  -  Run Bytes Sent By Job
	281287  -  Run Bytes Received By Job
	401599  -  Total Bytes Sent By Job
	281287  -  Total Bytes Received By Job
	Partitionable Resources :    Usage  Request Allocated
	   Cpus                 :                 1         1
	   Disk (KB)            :  1000000  2048000   7918298
	   Memory (MB)          :      228     1992      1992
...
