000 (690116.002.000) 07/11 07:32:13 Job submitted from host: <144.92.181.245:9618?addrs=144.92.181.245-9618+[2607-f388-101c-1000--372]-9618&noUDP&sock=6179_dbc8_3>
...
001 (690116.002.000) 07/11 09:29:41 Job executing on host: <144.92.181.81:9618?addrs=144.92.181.81-9618+[2607-f388-101c-1000--629]-9618&noUDP&sock=7062_85e8_3>
...
006 (690116.002.000) 07/11 09:29:50 Image size of job updated: 200972
	82  -  MemoryUsage of job (MB)
	83924  -  ResidentSetSize of job (KB)
...
006 (690116.002.000) 07/11 09:49:50 Image size of job updated: 254752
	245  -  MemoryUsage of job (MB)
	250156  -  ResidentSetSize of job (KB)
...
005 (690116.002.000) 07/11 09:50:25 Job terminated.
	(1) Normal termination (return value 0)
		Usr 0 00:04:42, Sys 0 00:00:15  -  Run Remote Usage
		Usr 0 00:00:00, Sys 0 00:00:00  -  Run Local Usage
		Usr 0 00:04:42, Sys 0 00:00:15  -  Total Remote Usage
		Usr 0 00:00:00, Sys 0 00:00:00  -  Total Local Usage
	188100  -  Run Bytes Sent By Job
	302156  -  Run Bytes Received By Job
	188100  -  Total Bytes Sent By Job
	302156  -  Total Bytes Received By Job
	Partitionable Resources :    Usage  Request Allocated
	   Cpus                 :                 1         1
	   Disk (KB)            :  1000000  2048000   4748429
	   Memory (MB)          :      245     1992      1992
...
