000 (696090.004.000) 07/12 06:44:56 Job submitted from host: <144.92.181.245:9618?addrs=144.92.181.245-9618+[2607-f388-101c-1000--372]-9618&noUDP&sock=6179_dbc8_3>
...
001 (695093.004.000) 07/12 08:01:37 Job executing on host: <144.92.180.158:9618?addrs=144.92.180.158-9618+[2607-f388-101c-1000--629]-9618&noUDP&sock=7713_0e10_3>
...
006 (695093.004.000) 07/12 08:01:46 Image size of job updated: 216668
	106  -  MemoryUsage of job (MB)
	108280  -  ResidentSetSize of job (KB)
...
005 (695093.004.000) 07/12 08:21:26 Job terminated.
	(1) Normal termination (return value 0)
		Usr 0 00:01:57, Sys 0 00:00:06  -  Run Remote Usage
		Usr 0 00:00:00, Sys 0 00:00:00  -  Run Local Usage
		Usr 0 00:01:57, Sys 0 00:00:06  -  Total Remote Usage
		Usr 0 00:00:00, Sys 0 00:00:00  -  Total Local Usage
	258902  -  Run Bytes Sent By Job
	281287  -  Run Bytes Received By Job
	258902  -  Total Bytes Sent By Job
	281287  -  Total Bytes Received By Job
	Partitionable Resources :    Usage  Request Allocated
	   Cpus                 :                 1         1
	   Disk (KB)            :  1000000  2048000   7917624
	   Memory (MB)          :      106     1992      1992
...
001 (696090.004.000) 07/12 08:58:58 Job executing on host: <144.92.180.108:9618?addrs=144.92.180.108-9618+[2607-f388-101c-1000--629]-9618&noUDP&sock=7631_cf4c_3>
...
006 (696090.004.000) 07/12 08:59:08 Image size of job updated: 217116
	106  -  MemoryUsage of job (MB)
	108292  -  ResidentSetSize of job (KB)
...
006 (696090.004.000) 07/12 09:19:08 Image size of job updated: 289096
	239  -  MemoryUsage of job (MB)
	244248  -  ResidentSetSize of job (KB)
...
005 (696090.004.000) 07/12 09:22:27 Job terminated.
	(1) Normal termination (return value 0)
		Usr 0 00:02:20, Sys 0 00:00:07  -  Run Remote Usage
		Usr 0 00:00:00, Sys 0 00:00:00  -  Run Local Usage
		Usr 0 00:02:20, Sys 0 00:00:07  -  Total Remote Usage
		Usr 0 00:00:00, Sys 0 00:00:00  -  Total Local Usage
	258902  -  Run Bytes Sent By Job
	281287  -  Run Bytes Received By Job
	258902  -  Total Bytes Sent By Job
	281287  -  Total Bytes Received By Job
	Partitionable Resources :    Usage  Request Allocated
	   Cpus                 :                 1         1
	   Disk (KB)            :  1000000  2048000   6334444
	   Memory (MB)          :      239     1992      1992
...
