000 (691509.011.000) 07/11 11:28:19 Job submitted from host: <144.92.181.245:9618?addrs=144.92.181.245-9618+[2607-f388-101c-1000--372]-9618&noUDP&sock=6179_dbc8_3>
...
001 (691509.011.000) 07/11 12:19:30 Job executing on host: <144.92.180.19:9618?addrs=144.92.180.19-9618+[2607-f388-101c-1000--629]-9618&noUDP&sock=10082_fdec_3>
...
006 (691509.011.000) 07/11 12:19:38 Image size of job updated: 154492
	42  -  MemoryUsage of job (MB)
	42060  -  ResidentSetSize of job (KB)
...
006 (691509.011.000) 07/11 12:39:38 Image size of job updated: 241968
	236  -  MemoryUsage of job (MB)
	240788  -  ResidentSetSize of job (KB)
...
005 (691509.011.000) 07/11 12:45:49 Job terminated.
	(1) Normal termination (return value 0)
		Usr 0 00:02:01, Sys 0 00:00:07  -  Run Remote Usage
		Usr 0 00:00:00, Sys 0 00:00:00  -  Run Local Usage
		Usr 0 00:02:01, Sys 0 00:00:07  -  Total Remote Usage
		Usr 0 00:00:00, Sys 0 00:00:00  -  Total Local Usage
	426387  -  Run Bytes Sent By Job
	306644  -  Run Bytes Received By Job
	426387  -  Total Bytes Sent By Job
	306644  -  Total Bytes Received By Job
	Partitionable Resources :    Usage  Request Allocated
	   Cpus                 :                 1         1
	   Disk (KB)            :  1000000  2048000   7916931
	   Memory (MB)          :      236     1992      1992
...
