000 (691509.013.000) 07/11 11:28:19 Job submitted from host: <144.92.181.245:9618?addrs=144.92.181.245-9618+[2607-f388-101c-1000--372]-9618&noUDP&sock=6179_dbc8_3>
...
001 (691509.013.000) 07/11 12:19:33 Job executing on host: <128.104.227.12:9618?addrs=128.104.227.12-9618+[2607-f388-101c-1000--629]-9618&noUDP&sock=10301_352a_3>
...
006 (691509.013.000) 07/11 12:19:41 Image size of job updated: 216312
	106  -  MemoryUsage of job (MB)
	108432  -  ResidentSetSize of job (KB)
...
006 (691509.013.000) 07/11 12:39:41 Image size of job updated: 267060
	232  -  MemoryUsage of job (MB)
	237384  -  ResidentSetSize of job (KB)
...
006 (691509.013.000) 07/11 12:47:36 Image size of job updated: 270444
	232  -  MemoryUsage of job (MB)
	237384  -  ResidentSetSize of job (KB)
...
005 (691509.013.000) 07/11 12:47:37 Job terminated.
	(1) Normal termination (return value 0)
		Usr 0 00:02:20, Sys 0 00:00:07  -  Run Remote Usage
		Usr 0 00:00:00, Sys 0 00:00:00  -  Run Local Usage
		Usr 0 00:02:20, Sys 0 00:00:07  -  Total Remote Usage
		Usr 0 00:00:00, Sys 0 00:00:00  -  Total Local Usage
	424290  -  Run Bytes Sent By Job
	306644  -  Run Bytes Received By Job
	424290  -  Total Bytes Sent By Job
	306644  -  Total Bytes Received By Job
	Partitionable Resources :    Usage  Request Allocated
	   Cpus                 :                 1         1
	   Disk (KB)            :  1000000  2048000   9501185
	   Memory (MB)          :      232     1992      1992
...
