000 (691506.003.000) 07/11 11:28:15 Job submitted from host: <144.92.181.245:9618?addrs=144.92.181.245-9618+[2607-f388-101c-1000--372]-9618&noUDP&sock=6179_dbc8_3>
...
001 (691506.003.000) 07/11 12:18:34 Job executing on host: <128.104.227.19:9618?addrs=128.104.227.19-9618+[2607-f388-101c-1000--629]-9618&noUDP&sock=10268_928a_3>
...
006 (691506.003.000) 07/11 12:18:42 Image size of job updated: 211552
	106  -  MemoryUsage of job (MB)
	108140  -  ResidentSetSize of job (KB)
...
006 (691506.003.000) 07/11 12:38:42 Image size of job updated: 271892
	227  -  MemoryUsage of job (MB)
	232144  -  ResidentSetSize of job (KB)
...
006 (691506.003.000) 07/11 12:50:09 Image size of job updated: 476276
	227  -  MemoryUsage of job (MB)
	232144  -  ResidentSetSize of job (KB)
...
005 (691506.003.000) 07/11 12:50:10 Job terminated.
	(1) Normal termination (return value 0)
		Usr 0 00:02:59, Sys 0 00:00:09  -  Run Remote Usage
		Usr 0 00:00:00, Sys 0 00:00:00  -  Run Local Usage
		Usr 0 00:02:59, Sys 0 00:00:09  -  Total Remote Usage
		Usr 0 00:00:00, Sys 0 00:00:00  -  Total Local Usage
	250219  -  Run Bytes Sent By Job
	306644  -  Run Bytes Received By Job
	250219  -  Total Bytes Sent By Job
	306644  -  Total Bytes Received By Job
	Partitionable Resources :    Usage  Request Allocated
	   Cpus                 :                 1         1
	   Disk (KB)            :  1000000  2048000   9501356
	   Memory (MB)          :      227     1992      1992
...
