000 (695988.012.000) 07/12 06:42:28 Job submitted from host: <144.92.181.245:9618?addrs=144.92.181.245-9618+[2607-f388-101c-1000--372]-9618&noUDP&sock=6179_dbc8_3>
...
001 (695988.012.000) 07/12 08:17:17 Job executing on host: <144.92.180.54:9618?addrs=144.92.180.54-9618+[2607-f388-101c-1000--629]-9618&noUDP&sock=8012_24e1_3>
...
006 (695988.012.000) 07/12 08:17:26 Image size of job updated: 169500
	53  -  MemoryUsage of job (MB)
	53580  -  ResidentSetSize of job (KB)
...
006 (695988.012.000) 07/12 08:37:28 Image size of job updated: 267336
	259  -  MemoryUsage of job (MB)
	265196  -  ResidentSetSize of job (KB)
...
005 (695988.012.000) 07/12 08:43:49 Job terminated.
	(1) Normal termination (return value 0)
		Usr 0 00:04:27, Sys 0 00:00:17  -  Run Remote Usage
		Usr 0 00:00:00, Sys 0 00:00:00  -  Run Local Usage
		Usr 0 00:04:27, Sys 0 00:00:17  -  Total Remote Usage
		Usr 0 00:00:00, Sys 0 00:00:00  -  Total Local Usage
	380679  -  Run Bytes Sent By Job
	281287  -  Run Bytes Received By Job
	380679  -  Total Bytes Sent By Job
	281287  -  Total Bytes Received By Job
	Partitionable Resources :    Usage  Request Allocated
	   Cpus                 :                 1         1
	   Disk (KB)            :  1000000  2048000   4750620
	   Memory (MB)          :      259     1992      1992
...
