000 (695988.014.000) 07/12 06:42:28 Job submitted from host: <144.92.181.245:9618?addrs=144.92.181.245-9618+[2607-f388-101c-1000--372]-9618&noUDP&sock=6179_dbc8_3>
...
001 (695988.014.000) 07/12 08:17:21 Job executing on host: <128.104.227.54:9618?addrs=128.104.227.54-9618+[2607-f388-101c-1000--629]-9618&noUDP&sock=10332_7899_3>
...
006 (695988.014.000) 07/12 08:17:29 Image size of job updated: 215360
	106  -  MemoryUsage of job (MB)
	108516  -  ResidentSetSize of job (KB)
...
005 (695988.014.000) 07/12 08:37:10 Job terminated.
	(1) Normal termination (return value 0)
		Usr 0 00:02:07, Sys 0 00:00:06  -  Run Remote Usage
		Usr 0 00:00:00, Sys 0 00:00:00  -  Run Local Usage
		Usr 0 00:02:07, Sys 0 00:00:06  -  Total Remote Usage
		Usr 0 00:00:00, Sys 0 00:00:00  -  Total Local Usage
	371495  -  Run Bytes Sent By Job
	281287  -  Run Bytes Received By Job
	371495  -  Total Bytes Sent By Job
	281287  -  Total Bytes Received By Job
	Partitionable Resources :    Usage  Request Allocated
	   Cpus                 :                 1         1
	   Disk (KB)            :  1000000  2048000   9500796
	   Memory (MB)          :      106     1992      1992
...
