000 (696075.013.000) 07/12 06:44:39 Job submitted from host: <144.92.181.245:9618?addrs=144.92.181.245-9618+[2607-f388-101c-1000--372]-9618&noUDP&sock=6179_dbc8_3>
...
001 (695078.013.000) 07/12 07:52:46 Job executing on host: <128.104.227.24:9618?addrs=128.104.227.24-9618+[2607-f388-101c-1000--629]-9618&noUDP&sock=10309_b1ec_3>
...
006 (695078.013.000) 07/12 07:52:54 Image size of job updated: 154020
	53  -  MemoryUsage of job (MB)
	53348  -  ResidentSetSize of job (KB)
...
006 (695078.013.000) 07/12 08:12:54 Image size of job updated: 239152
	234  -  MemoryUsage of job (MB)
	239152  -  ResidentSetSize of job (KB)
...
006 (695078.013.000) 07/12 08:32:54 Image size of job updated: 243032
	236  -  MemoryUsage of job (MB)
	241264  -  ResidentSetSize of job (KB)
...
005 (695078.013.000) 07/12 08:40:52 Job terminated.
	(1) Normal termination (return value 0)
		Usr 0 00:02:11, Sys 0 00:00:10  -  Run Remote Usage
		Usr 0 00:00:00, Sys 0 00:00:00  -  Run Local Usage
		Usr 0 00:02:11, Sys 0 00:00:10  -  Total Remote Usage
		Usr 0 00:00:00, Sys 0 00:00:00  -  Total Local Usage
	476614  -  Run Bytes Sent By Job
	281287  -  Run Bytes Received By Job
	476614  -  Total Bytes Sent By Job
	281287  -  Total Bytes Received By Job
	Partitionable Resources :    Usage  Request Allocated
	   Cpus                 :                 1         1
	   Disk (KB)            :  1000000  2048000   9499870
	   Memory (MB)          :      236     1992      1992
...
001 (696075.013.000) 07/12 08:55:22 Job executing on host: <144.92.180.124:9618?addrs=144.92.180.124-9618+[2607-f388-101c-1000--629]-9618&noUDP&sock=7559_6c7a_3>
...
006 (696075.013.000) 07/12 08:55:31 Image size of job updated: 216484
	107  -  MemoryUsage of job (MB)
	108556  -  ResidentSetSize of job (KB)
...
006 (696075.013.000) 07/12 09:15:32 Image size of job updated: 242508
	237  -  MemoryUsage of job (MB)
	242420  -  ResidentSetSize of job (KB)
...
006 (696075.013.000) 07/12 09:17:58 Image size of job updated: 485796
	237  -  MemoryUsage of job (MB)
	242420  -  ResidentSetSize of job (KB)
...
005 (696075.013.000) 07/12 09:17:59 Job terminated.
	(1) Normal termination (return value 0)
		Usr 0 00:01:47, Sys 0 00:00:09  -  Run Remote Usage
		Usr 0 00:00:00, Sys 0 00:00:00  -  Run Local Usage
		Usr 0 00:01:47, Sys 0 00:00:09  -  Total Remote Usage
		Usr 0 00:00:00, Sys 0 00:00:00  -  Total Local Usage
	476614  -  Run Bytes Sent By Job
	281287  -  Run Bytes Received By Job
	476614  -  Total Bytes Sent By Job
	281287  -  Total Bytes Received By Job
	Partitionable Resources :    Usage  Request Allocated
	   Cpus                 :                 1         1
	   Disk (KB)            :  1000000  2048000   6333786
	   Memory (MB)          :      237     1992      1992
...
