000 (696075.014.000) 07/12 06:44:39 Job submitted from host: <144.92.181.245:9618?addrs=144.92.181.245-9618+[2607-f388-101c-1000--372]-9618&noUDP&sock=6179_dbc8_3>
...
001 (695078.014.000) 07/12 07:52:48 Job executing on host: <128.104.227.66:9618?addrs=128.104.227.66-9618+[2607-f388-101c-1000--629]-9618&noUDP&sock=10328_ba38_3>
...
006 (695078.014.000) 07/12 07:52:57 Image size of job updated: 169540
	53  -  MemoryUsage of job (MB)
	53336  -  ResidentSetSize of job (KB)
...
006 (695078.014.000) 07/12 08:12:58 Image size of job updated: 237908
	233  -  MemoryUsage of job (MB)
	237816  -  ResidentSetSize of job (KB)
...
006 (695078.014.000) 07/12 08:32:59 Image size of job updated: 241548
	236  -  MemoryUsage of job (MB)
	240952  -  ResidentSetSize of job (KB)
...
005 (695078.014.000) 07/12 08:41:22 Job terminated.
	(1) Normal termination (return value 0)
		Usr 0 00:02:09, Sys 0 00:00:10  -  Run Remote Usage
		Usr 0 00:00:00, Sys 0 00:00:00  -  Run Local Usage
		Usr 0 00:02:09, Sys 0 00:00:10  -  Total Remote Usage
		Usr 0 00:00:00, Sys 0 00:00:00  -  Total Local Usage
	479464  -  Run Bytes Sent By Job
	281287  -  Run Bytes Received By Job
	479464  -  Total Bytes Sent By Job
	281287  -  Total Bytes Received By Job
	Partitionable Resources :    Usage  Request Allocated
	   Cpus                 :                 1         1
	   Disk (KB)            :  1000000  2048000   9502139
	   Memory (MB)          :      236     1992      1992
...
001 (696075.014.000) 07/12 08:55:28 Job executing on host: <144.92.180.235:9618?addrs=144.92.180.235-9618+[2607-f388-101c-1000--629]-9618&noUDP&sock=9858_58b5_3>
...
006 (696075.014.000) 07/12 08:55:36 Image size of job updated: 217256
	107  -  MemoryUsage of job (MB)
	108564  -  ResidentSetSize of job (KB)
...
006 (696075.014.000) 07/12 09:15:36 Image size of job updated: 306704
	236  -  MemoryUsage of job (MB)
	240688  -  ResidentSetSize of job (KB)
...
005 (696075.014.000) 07/12 09:18:39 Job terminated.
	(1) Normal termination (return value 0)
		Usr 0 00:02:16, Sys 0 00:00:06  -  Run Remote Usage
		Usr 0 00:00:00, Sys 0 00:00:00  -  Run Local Usage
		Usr 0 00:02:16, Sys 0 00:00:06  -  Total Remote Usage
		Usr 0 00:00:00, Sys 0 00:00:00  -  Total Local Usage
	479464  -  Run Bytes Sent By Job
	281287  -  Run Bytes Received By Job
	479464  -  Total Bytes Sent By Job
	281287  -  Total Bytes Received By Job
	Partitionable Resources :    Usage  Request Allocated
	   Cpus                 :                 1         1
	   Disk (KB)            :  1000000  2048000   7917980
	   Memory (MB)          :      236     1992      1992
...
