000 (690044.001.000) 07/11 07:30:20 Job submitted from host: <144.92.181.245:9618?addrs=144.92.181.245-9618+[2607-f388-101c-1000--372]-9618&noUDP&sock=6179_dbc8_3>
...
001 (690044.001.000) 07/11 08:13:15 Job executing on host: <128.104.227.97:9618?addrs=128.104.227.97-9618+[2607-f388-101c-1000--629]-9618&noUDP&sock=11987_a9d7_10>
...
006 (690044.001.000) 07/11 08:13:25 Image size of job updated: 224220
	105  -  MemoryUsage of job (MB)
	107512  -  ResidentSetSize of job (KB)
...
005 (690044.001.000) 07/11 08:22:42 Job terminated.
	(1) Normal termination (return value 0)
		Usr 0 00:01:36, Sys 0 00:00:07  -  Run Remote Usage
		Usr 0 00:00:00, Sys 0 00:00:00  -  Run Local Usage
		Usr 0 00:01:36, Sys 0 00:00:07  -  Total Remote Usage
		Usr 0 00:00:00, Sys 0 00:00:00  -  Total Local Usage
	401129  -  Run Bytes Sent By Job
	302156  -  Run Bytes Received By Job
	401129  -  Total Bytes Sent By Job
	302156  -  Total Bytes Received By Job
	Partitionable Resources :    Usage  Request Allocated
	   Cpus                 :                 1         1
	   Disk (KB)            :  1000000  2048000   9503797
	   Memory (MB)          :      105     1992      1992
...
