000 (696071.007.000) 07/12 06:44:34 Job submitted from host: <144.92.181.245:9618?addrs=144.92.181.245-9618+[2607-f388-101c-1000--372]-9618&noUDP&sock=6179_dbc8_3>
...
001 (695074.007.000) 07/12 07:46:51 Job executing on host: <144.92.180.158:9618?addrs=144.92.180.158-9618+[2607-f388-101c-1000--629]-9618&noUDP&sock=7713_0e10_3>
...
006 (695074.007.000) 07/12 07:47:00 Image size of job updated: 109320
	106  -  MemoryUsage of job (MB)
	108452  -  ResidentSetSize of job (KB)
...
006 (695074.007.000) 07/12 08:07:01 Image size of job updated: 241060
	234  -  MemoryUsage of job (MB)
	238604  -  ResidentSetSize of job (KB)
...
005 (695074.007.000) 07/12 08:14:18 Job terminated.
	(1) Normal termination (return value 0)
		Usr 0 00:02:43, Sys 0 00:00:08  -  Run Remote Usage
		Usr 0 00:00:00, Sys 0 00:00:00  -  Run Local Usage
		Usr 0 00:02:43, Sys 0 00:00:08  -  Total Remote Usage
		Usr 0 00:00:00, Sys 0 00:00:00  -  Total Local Usage
	712189  -  Run Bytes Sent By Job
	281287  -  Run Bytes Received By Job
	712189  -  Total Bytes Sent By Job
	281287  -  Total Bytes Received By Job
	Partitionable Resources :    Usage  Request Allocated
	   Cpus                 :                 1         1
	   Disk (KB)            :  1000000  2048000   7917624
	   Memory (MB)          :      234     1992      1992
...
001 (696071.007.000) 07/12 08:53:21 Job executing on host: <144.92.180.216:9618?addrs=144.92.180.216-9618+[2607-f388-101c-1000--629]-9618&noUDP&sock=7661_6323_3>
...
006 (696071.007.000) 07/12 08:53:29 Image size of job updated: 29172
	28  -  MemoryUsage of job (MB)
	28168  -  ResidentSetSize of job (KB)
...
006 (696071.007.000) 07/12 09:13:29 Image size of job updated: 238352
	232  -  MemoryUsage of job (MB)
	237200  -  ResidentSetSize of job (KB)
...
006 (696071.007.000) 07/12 09:22:18 Image size of job updated: 238524
	232  -  MemoryUsage of job (MB)
	237200  -  ResidentSetSize of job (KB)
...
005 (696071.007.000) 07/12 09:22:19 Job terminated.
	(1) Normal termination (return value 0)
		Usr 0 00:02:58, Sys 0 00:00:11  -  Run Remote Usage
		Usr 0 00:00:00, Sys 0 00:00:00  -  Run Local Usage
		Usr 0 00:02:58, Sys 0 00:00:11  -  Total Remote Usage
		Usr 0 00:00:00, Sys 0 00:00:00  -  Total Local Usage
	712189  -  Run Bytes Sent By Job
	281287  -  Run Bytes Received By Job
	712189  -  Total Bytes Sent By Job
	281287  -  Total Bytes Received By Job
	Partitionable Resources :    Usage  Request Allocated
	   Cpus                 :                 1         1
	   Disk (KB)            :  1000000  2048000   7917496
	   Memory (MB)          :      232     1992      1992
...
