000 (690061.006.000) 07/11 07:30:45 Job submitted from host: <144.92.181.245:9618?addrs=144.92.181.245-9618+[2607-f388-101c-1000--372]-9618&noUDP&sock=6179_dbc8_3>
...
001 (690061.006.000) 07/11 08:27:17 Job executing on host: <144.92.181.205:9618?addrs=144.92.181.205-9618+[2607-f388-101c-1000--629]-9618&noUDP&sock=6858_9896_3>
...
006 (690061.006.000) 07/11 08:27:25 Image size of job updated: 226164
	106  -  MemoryUsage of job (MB)
	107920  -  ResidentSetSize of job (KB)
...
005 (690061.006.000) 07/11 08:41:06 Job terminated.
	(1) Normal termination (return value 0)
		Usr 0 00:03:43, Sys 0 00:00:10  -  Run Remote Usage
		Usr 0 00:00:00, Sys 0 00:00:00  -  Run Local Usage
		Usr 0 00:03:43, Sys 0 00:00:10  -  Total Remote Usage
		Usr 0 00:00:00, Sys 0 00:00:00  -  Total Local Usage
	336453  -  Run Bytes Sent By Job
	302156  -  Run Bytes Received By Job
	336453  -  Total Bytes Sent By Job
	302156  -  Total Bytes Received By Job
	Partitionable Resources :    Usage  Request Allocated
	   Cpus                 :                 1         1
	   Disk (KB)            :  1000000  2048000   3166630
	   Memory (MB)          :      106     1992      1992
...
