000 (691399.010.000) 07/11 11:25:48 Job submitted from host: <144.92.181.245:9618?addrs=144.92.181.245-9618+[2607-f388-101c-1000--372]-9618&noUDP&sock=6179_dbc8_3>
...
001 (691399.010.000) 07/11 11:40:33 Job executing on host: <144.92.181.137:9618?addrs=144.92.181.137-9618+[2607-f388-101c-1000--629]-9618&noUDP&sock=10036_7091_3>
...
006 (691399.010.000) 07/11 11:40:41 Image size of job updated: 213952
	106  -  MemoryUsage of job (MB)
	108176  -  ResidentSetSize of job (KB)
...
005 (691399.010.000) 07/11 11:47:50 Job terminated.
	(1) Normal termination (return value 0)
		Usr 0 00:00:58, Sys 0 00:00:02  -  Run Remote Usage
		Usr 0 00:00:00, Sys 0 00:00:00  -  Run Local Usage
		Usr 0 00:00:58, Sys 0 00:00:02  -  Total Remote Usage
		Usr 0 00:00:00, Sys 0 00:00:00  -  Total Local Usage
	308638  -  Run Bytes Sent By Job
	306644  -  Run Bytes Received By Job
	308638  -  Total Bytes Sent By Job
	306644  -  Total Bytes Received By Job
	Partitionable Resources :    Usage  Request Allocated
	   Cpus                 :                 1         1
	   Disk (KB)            :  1000000  2048000   7917968
	   Memory (MB)          :      106     1992      1992
...
