000 (691399.004.000) 07/11 11:25:48 Job submitted from host: <144.92.181.245:9618?addrs=144.92.181.245-9618+[2607-f388-101c-1000--372]-9618&noUDP&sock=6179_dbc8_3>
...
001 (691399.004.000) 07/11 11:40:14 Job executing on host: <144.92.180.244:9618?addrs=144.92.180.244-9618+[2607-f388-101c-1000--629]-9618&noUDP&sock=10081_4e54_3>
...
006 (691399.004.000) 07/11 11:40:23 Image size of job updated: 220040
	109  -  MemoryUsage of job (MB)
	111612  -  ResidentSetSize of job (KB)
...
006 (691399.004.000) 07/11 11:52:59 Image size of job updated: 220040
	110  -  MemoryUsage of job (MB)
	111680  -  ResidentSetSize of job (KB)
...
005 (691399.004.000) 07/11 11:53:00 Job terminated.
	(1) Normal termination (return value 0)
		Usr 0 00:01:01, Sys 0 00:00:03  -  Run Remote Usage
		Usr 0 00:00:00, Sys 0 00:00:00  -  Run Local Usage
		Usr 0 00:01:01, Sys 0 00:00:03  -  Total Remote Usage
		Usr 0 00:00:00, Sys 0 00:00:00  -  Total Local Usage
	309170  -  Run Bytes Sent By Job
	306644  -  Run Bytes Received By Job
	309170  -  Total Bytes Sent By Job
	306644  -  Total Bytes Received By Job
	Partitionable Resources :    Usage  Request Allocated
	   Cpus                 :                 1         1
	   Disk (KB)            :  1000000  2048000   7917512
	   Memory (MB)          :      110     1992      1992
...
