file path found: /hdfs/store/user/varuns/Run2018D_Prompt/EGamma/crab_job_EGamma2018Dv2_3v3/190604_144154/0000/Data_EGamma2018Dv2_3v3_101.root
name: Data_EGamma2018Dv2_3v3_101.root
filenumber: 0
Adding FullPathInputFile to chain:/hdfs/store/user/varuns/Run2018D_Prompt/EGamma/crab_job_EGamma2018Dv2_3v3/190604_144154/0000/Data_EGamma2018Dv2_3v3_101.root

file path found: /hdfs/store/user/varuns/Run2018D_Prompt/EGamma/crab_job_EGamma2018Dv2_3v3/190604_144154/0000/Data_EGamma2018Dv2_3v3_109.root
name: Data_EGamma2018Dv2_3v3_109.root
filenumber: 1
Adding FullPathInputFile to chain:/hdfs/store/user/varuns/Run2018D_Prompt/EGamma/crab_job_EGamma2018Dv2_3v3/190604_144154/0000/Data_EGamma2018Dv2_3v3_109.root

file path found: /hdfs/store/user/varuns/Run2018D_Prompt/EGamma/crab_job_EGamma2018Dv2_3v3/190604_144154/0000/Data_EGamma2018Dv2_3v3_111.root
name: Data_EGamma2018Dv2_3v3_111.root
filenumber: 2
Adding FullPathInputFile to chain:/hdfs/store/user/varuns/Run2018D_Prompt/EGamma/crab_job_EGamma2018Dv2_3v3/190604_144154/0000/Data_EGamma2018Dv2_3v3_111.root

file path found: /hdfs/store/user/varuns/Run2018D_Prompt/EGamma/crab_job_EGamma2018Dv2_3v3/190604_144154/0000/Data_EGamma2018Dv2_3v3_113.root
name: Data_EGamma2018Dv2_3v3_113.root
filenumber: 3
Adding FullPathInputFile to chain:/hdfs/store/user/varuns/Run2018D_Prompt/EGamma/crab_job_EGamma2018Dv2_3v3/190604_144154/0000/Data_EGamma2018Dv2_3v3_113.root

file path found: /hdfs/store/user/varuns/Run2018D_Prompt/EGamma/crab_job_EGamma2018Dv2_3v3/190604_144154/0000/Data_EGamma2018Dv2_3v3_114.root
name: Data_EGamma2018Dv2_3v3_114.root
filenumber: 4
Adding FullPathInputFile to chain:/hdfs/store/user/varuns/Run2018D_Prompt/EGamma/crab_job_EGamma2018Dv2_3v3/190604_144154/0000/Data_EGamma2018Dv2_3v3_114.root

file path found: /hdfs/store/user/varuns/Run2018D_Prompt/EGamma/crab_job_EGamma2018Dv2_3v3/190604_144154/0000/Data_EGamma2018Dv2_3v3_117.root
name: Data_EGamma2018Dv2_3v3_117.root
filenumber: 5
Adding FullPathInputFile to chain:/hdfs/store/user/varuns/Run2018D_Prompt/EGamma/crab_job_EGamma2018Dv2_3v3/190604_144154/0000/Data_EGamma2018Dv2_3v3_117.root

file path found: /hdfs/store/user/varuns/Run2018D_Prompt/EGamma/crab_job_EGamma2018Dv2_3v3/190604_144154/0000/Data_EGamma2018Dv2_3v3_121.root
name: Data_EGamma2018Dv2_3v3_121.root
filenumber: 6
Adding FullPathInputFile to chain:/hdfs/store/user/varuns/Run2018D_Prompt/EGamma/crab_job_EGamma2018Dv2_3v3/190604_144154/0000/Data_EGamma2018Dv2_3v3_121.root

file path found: /hdfs/store/user/varuns/Run2018D_Prompt/EGamma/crab_job_EGamma2018Dv2_3v3/190604_144154/0000/Data_EGamma2018Dv2_3v3_122.root
name: Data_EGamma2018Dv2_3v3_122.root
filenumber: 7
Adding FullPathInputFile to chain:/hdfs/store/user/varuns/Run2018D_Prompt/EGamma/crab_job_EGamma2018Dv2_3v3/190604_144154/0000/Data_EGamma2018Dv2_3v3_122.root

file path found: /hdfs/store/user/varuns/Run2018D_Prompt/EGamma/crab_job_EGamma2018Dv2_3v3/190604_144154/0000/Data_EGamma2018Dv2_3v3_124.root
name: Data_EGamma2018Dv2_3v3_124.root
filenumber: 8
Adding FullPathInputFile to chain:/hdfs/store/user/varuns/Run2018D_Prompt/EGamma/crab_job_EGamma2018Dv2_3v3/190604_144154/0000/Data_EGamma2018Dv2_3v3_124.root

file path found: /hdfs/store/user/varuns/Run2018D_Prompt/EGamma/crab_job_EGamma2018Dv2_3v3/190604_144154/0000/Data_EGamma2018Dv2_3v3_125.root
name: Data_EGamma2018Dv2_3v3_125.root
filenumber: 9
Adding FullPathInputFile to chain:/hdfs/store/user/varuns/Run2018D_Prompt/EGamma/crab_job_EGamma2018Dv2_3v3/190604_144154/0000/Data_EGamma2018Dv2_3v3_125.root

file path found: /hdfs/store/user/varuns/Run2018D_Prompt/EGamma/crab_job_EGamma2018Dv2_3v3/190604_144154/0000/Data_EGamma2018Dv2_3v3_126.root
name: Data_EGamma2018Dv2_3v3_126.root
filenumber: 10
Adding FullPathInputFile to chain:/hdfs/store/user/varuns/Run2018D_Prompt/EGamma/crab_job_EGamma2018Dv2_3v3/190604_144154/0000/Data_EGamma2018Dv2_3v3_126.root

file path found: /hdfs/store/user/varuns/Run2018D_Prompt/EGamma/crab_job_EGamma2018Dv2_3v3/190604_144154/0000/Data_EGamma2018Dv2_3v3_127.root
name: Data_EGamma2018Dv2_3v3_127.root
filenumber: 11
Adding FullPathInputFile to chain:/hdfs/store/user/varuns/Run2018D_Prompt/EGamma/crab_job_EGamma2018Dv2_3v3/190604_144154/0000/Data_EGamma2018Dv2_3v3_127.root

file path found: /hdfs/store/user/varuns/Run2018D_Prompt/EGamma/crab_job_EGamma2018Dv2_3v3/190604_144154/0000/Data_EGamma2018Dv2_3v3_128.root
name: Data_EGamma2018Dv2_3v3_128.root
filenumber: 12
Adding FullPathInputFile to chain:/hdfs/store/user/varuns/Run2018D_Prompt/EGamma/crab_job_EGamma2018Dv2_3v3/190604_144154/0000/Data_EGamma2018Dv2_3v3_128.root

file path found: /hdfs/store/user/varuns/Run2018D_Prompt/EGamma/crab_job_EGamma2018Dv2_3v3/190604_144154/0000/Data_EGamma2018Dv2_3v3_129.root
name: Data_EGamma2018Dv2_3v3_129.root
filenumber: 13
Adding FullPathInputFile to chain:/hdfs/store/user/varuns/Run2018D_Prompt/EGamma/crab_job_EGamma2018Dv2_3v3/190604_144154/0000/Data_EGamma2018Dv2_3v3_129.root

file path found: /hdfs/store/user/varuns/Run2018D_Prompt/EGamma/crab_job_EGamma2018Dv2_3v3/190604_144154/0000/Data_EGamma2018Dv2_3v3_130.root
name: Data_EGamma2018Dv2_3v3_130.root
filenumber: 14
Adding FullPathInputFile to chain:/hdfs/store/user/varuns/Run2018D_Prompt/EGamma/crab_job_EGamma2018Dv2_3v3/190604_144154/0000/Data_EGamma2018Dv2_3v3_130.root

file path found: /hdfs/store/user/varuns/Run2018D_Prompt/EGamma/crab_job_EGamma2018Dv2_3v3/190604_144154/0000/Data_EGamma2018Dv2_3v3_208.root
name: Data_EGamma2018Dv2_3v3_208.root
filenumber: 15
Adding FullPathInputFile to chain:/hdfs/store/user/varuns/Run2018D_Prompt/EGamma/crab_job_EGamma2018Dv2_3v3/190604_144154/0000/Data_EGamma2018Dv2_3v3_208.root

file path found: /hdfs/store/user/varuns/Run2018D_Prompt/EGamma/crab_job_EGamma2018Dv2_3v3/190604_144154/0000/Data_EGamma2018Dv2_3v3_21.root
name: Data_EGamma2018Dv2_3v3_21.root
filenumber: 16
Adding FullPathInputFile to chain:/hdfs/store/user/varuns/Run2018D_Prompt/EGamma/crab_job_EGamma2018Dv2_3v3/190604_144154/0000/Data_EGamma2018Dv2_3v3_21.root

file path found: /hdfs/store/user/varuns/Run2018D_Prompt/EGamma/crab_job_EGamma2018Dv2_3v3/190604_144154/0000/Data_EGamma2018Dv2_3v3_30.root
name: Data_EGamma2018Dv2_3v3_30.root
filenumber: 17
Adding FullPathInputFile to chain:/hdfs/store/user/varuns/Run2018D_Prompt/EGamma/crab_job_EGamma2018Dv2_3v3/190604_144154/0000/Data_EGamma2018Dv2_3v3_30.root

file path found: /hdfs/store/user/varuns/Run2018D_Prompt/EGamma/crab_job_EGamma2018Dv2_3v3/190604_144154/0000/Data_EGamma2018Dv2_3v3_392.root
name: Data_EGamma2018Dv2_3v3_392.root
filenumber: 18
Adding FullPathInputFile to chain:/hdfs/store/user/varuns/Run2018D_Prompt/EGamma/crab_job_EGamma2018Dv2_3v3/190604_144154/0000/Data_EGamma2018Dv2_3v3_392.root

file path found: /hdfs/store/user/varuns/Run2018D_Prompt/EGamma/crab_job_EGamma2018Dv2_3v3/190604_144154/0000/Data_EGamma2018Dv2_3v3_395.root
name: Data_EGamma2018Dv2_3v3_395.root
filenumber: 19
Adding FullPathInputFile to chain:/hdfs/store/user/varuns/Run2018D_Prompt/EGamma/crab_job_EGamma2018Dv2_3v3/190604_144154/0000/Data_EGamma2018Dv2_3v3_395.root

file path found: /hdfs/store/user/varuns/Run2018D_Prompt/EGamma/crab_job_EGamma2018Dv2_3v3/190604_144154/0000/Data_EGamma2018Dv2_3v3_406.root
name: Data_EGamma2018Dv2_3v3_406.root
filenumber: 20
Adding FullPathInputFile to chain:/hdfs/store/user/varuns/Run2018D_Prompt/EGamma/crab_job_EGamma2018Dv2_3v3/190604_144154/0000/Data_EGamma2018Dv2_3v3_406.root

file path found: /hdfs/store/user/varuns/Run2018D_Prompt/EGamma/crab_job_EGamma2018Dv2_3v3/190604_144154/0000/Data_EGamma2018Dv2_3v3_407.root
name: Data_EGamma2018Dv2_3v3_407.root
filenumber: 21
Adding FullPathInputFile to chain:/hdfs/store/user/varuns/Run2018D_Prompt/EGamma/crab_job_EGamma2018Dv2_3v3/190604_144154/0000/Data_EGamma2018Dv2_3v3_407.root

file path found: /hdfs/store/user/varuns/Run2018D_Prompt/EGamma/crab_job_EGamma2018Dv2_3v3/190604_144154/0000/Data_EGamma2018Dv2_3v3_416.root
name: Data_EGamma2018Dv2_3v3_416.root
filenumber: 22
Adding FullPathInputFile to chain:/hdfs/store/user/varuns/Run2018D_Prompt/EGamma/crab_job_EGamma2018Dv2_3v3/190604_144154/0000/Data_EGamma2018Dv2_3v3_416.root

file path found: /hdfs/store/user/varuns/Run2018D_Prompt/EGamma/crab_job_EGamma2018Dv2_3v3/190604_144154/0000/Data_EGamma2018Dv2_3v3_417.root
name: Data_EGamma2018Dv2_3v3_417.root
filenumber: 23
Adding FullPathInputFile to chain:/hdfs/store/user/varuns/Run2018D_Prompt/EGamma/crab_job_EGamma2018Dv2_3v3/190604_144154/0000/Data_EGamma2018Dv2_3v3_417.root

file path found: /hdfs/store/user/varuns/Run2018D_Prompt/EGamma/crab_job_EGamma2018Dv2_3v3/190604_144154/0000/Data_EGamma2018Dv2_3v3_419.root
name: Data_EGamma2018Dv2_3v3_419.root
filenumber: 24
Adding FullPathInputFile to chain:/hdfs/store/user/varuns/Run2018D_Prompt/EGamma/crab_job_EGamma2018Dv2_3v3/190604_144154/0000/Data_EGamma2018Dv2_3v3_419.root

file path found: /hdfs/store/user/varuns/Run2018D_Prompt/EGamma/crab_job_EGamma2018Dv2_3v3/190604_144154/0000/Data_EGamma2018Dv2_3v3_421.root
name: Data_EGamma2018Dv2_3v3_421.root
filenumber: 25
Adding FullPathInputFile to chain:/hdfs/store/user/varuns/Run2018D_Prompt/EGamma/crab_job_EGamma2018Dv2_3v3/190604_144154/0000/Data_EGamma2018Dv2_3v3_421.root

file path found: /hdfs/store/user/varuns/Run2018D_Prompt/EGamma/crab_job_EGamma2018Dv2_3v3/190604_144154/0000/Data_EGamma2018Dv2_3v3_426.root
name: Data_EGamma2018Dv2_3v3_426.root
filenumber: 26
Adding FullPathInputFile to chain:/hdfs/store/user/varuns/Run2018D_Prompt/EGamma/crab_job_EGamma2018Dv2_3v3/190604_144154/0000/Data_EGamma2018Dv2_3v3_426.root

file path found: /hdfs/store/user/varuns/Run2018D_Prompt/EGamma/crab_job_EGamma2018Dv2_3v3/190604_144154/0000/Data_EGamma2018Dv2_3v3_427.root
name: Data_EGamma2018Dv2_3v3_427.root
filenumber: 27
Adding FullPathInputFile to chain:/hdfs/store/user/varuns/Run2018D_Prompt/EGamma/crab_job_EGamma2018Dv2_3v3/190604_144154/0000/Data_EGamma2018Dv2_3v3_427.root

file path found: /hdfs/store/user/varuns/Run2018D_Prompt/EGamma/crab_job_EGamma2018Dv2_3v3/190604_144154/0000/Data_EGamma2018Dv2_3v3_429.root
name: Data_EGamma2018Dv2_3v3_429.root
filenumber: 28
Adding FullPathInputFile to chain:/hdfs/store/user/varuns/Run2018D_Prompt/EGamma/crab_job_EGamma2018Dv2_3v3/190604_144154/0000/Data_EGamma2018Dv2_3v3_429.root

file path found: /hdfs/store/user/varuns/Run2018D_Prompt/EGamma/crab_job_EGamma2018Dv2_3v3/190604_144154/0000/Data_EGamma2018Dv2_3v3_430.root
name: Data_EGamma2018Dv2_3v3_430.root
filenumber: 29
Adding FullPathInputFile to chain:/hdfs/store/user/varuns/Run2018D_Prompt/EGamma/crab_job_EGamma2018Dv2_3v3/190604_144154/0000/Data_EGamma2018Dv2_3v3_430.root

file path found: /hdfs/store/user/varuns/Run2018D_Prompt/EGamma/crab_job_EGamma2018Dv2_3v3/190604_144154/0000/Data_EGamma2018Dv2_3v3_431.root
name: Data_EGamma2018Dv2_3v3_431.root
filenumber: 30
Adding FullPathInputFile to chain:/hdfs/store/user/varuns/Run2018D_Prompt/EGamma/crab_job_EGamma2018Dv2_3v3/190604_144154/0000/Data_EGamma2018Dv2_3v3_431.root

file path found: /hdfs/store/user/varuns/Run2018D_Prompt/EGamma/crab_job_EGamma2018Dv2_3v3/190604_144154/0000/Data_EGamma2018Dv2_3v3_432.root
name: Data_EGamma2018Dv2_3v3_432.root
filenumber: 31
Adding FullPathInputFile to chain:/hdfs/store/user/varuns/Run2018D_Prompt/EGamma/crab_job_EGamma2018Dv2_3v3/190604_144154/0000/Data_EGamma2018Dv2_3v3_432.root

file path found: /hdfs/store/user/varuns/Run2018D_Prompt/EGamma/crab_job_EGamma2018Dv2_3v3/190604_144154/0000/Data_EGamma2018Dv2_3v3_433.root
name: Data_EGamma2018Dv2_3v3_433.root
filenumber: 32
Adding FullPathInputFile to chain:/hdfs/store/user/varuns/Run2018D_Prompt/EGamma/crab_job_EGamma2018Dv2_3v3/190604_144154/0000/Data_EGamma2018Dv2_3v3_433.root

file path found: /hdfs/store/user/varuns/Run2018D_Prompt/EGamma/crab_job_EGamma2018Dv2_3v3/190604_144154/0000/Data_EGamma2018Dv2_3v3_436.root
name: Data_EGamma2018Dv2_3v3_436.root
filenumber: 33
Adding FullPathInputFile to chain:/hdfs/store/user/varuns/Run2018D_Prompt/EGamma/crab_job_EGamma2018Dv2_3v3/190604_144154/0000/Data_EGamma2018Dv2_3v3_436.root

file path found: /hdfs/store/user/varuns/Run2018D_Prompt/EGamma/crab_job_EGamma2018Dv2_3v3/190604_144154/0000/Data_EGamma2018Dv2_3v3_438.root
name: Data_EGamma2018Dv2_3v3_438.root
filenumber: 34
Adding FullPathInputFile to chain:/hdfs/store/user/varuns/Run2018D_Prompt/EGamma/crab_job_EGamma2018Dv2_3v3/190604_144154/0000/Data_EGamma2018Dv2_3v3_438.root

file path found: /hdfs/store/user/varuns/Run2018D_Prompt/EGamma/crab_job_EGamma2018Dv2_3v3/190604_144154/0000/Data_EGamma2018Dv2_3v3_439.root
name: Data_EGamma2018Dv2_3v3_439.root
filenumber: 35
Adding FullPathInputFile to chain:/hdfs/store/user/varuns/Run2018D_Prompt/EGamma/crab_job_EGamma2018Dv2_3v3/190604_144154/0000/Data_EGamma2018Dv2_3v3_439.root

file path found: /hdfs/store/user/varuns/Run2018D_Prompt/EGamma/crab_job_EGamma2018Dv2_3v3/190604_144154/0000/Data_EGamma2018Dv2_3v3_441.root
name: Data_EGamma2018Dv2_3v3_441.root
filenumber: 36
Adding FullPathInputFile to chain:/hdfs/store/user/varuns/Run2018D_Prompt/EGamma/crab_job_EGamma2018Dv2_3v3/190604_144154/0000/Data_EGamma2018Dv2_3v3_441.root

file path found: /hdfs/store/user/varuns/Run2018D_Prompt/EGamma/crab_job_EGamma2018Dv2_3v3/190604_144154/0000/Data_EGamma2018Dv2_3v3_443.root
name: Data_EGamma2018Dv2_3v3_443.root
filenumber: 37
Adding FullPathInputFile to chain:/hdfs/store/user/varuns/Run2018D_Prompt/EGamma/crab_job_EGamma2018Dv2_3v3/190604_144154/0000/Data_EGamma2018Dv2_3v3_443.root

file path found: /hdfs/store/user/varuns/Run2018D_Prompt/EGamma/crab_job_EGamma2018Dv2_3v3/190604_144154/0000/Data_EGamma2018Dv2_3v3_451.root
name: Data_EGamma2018Dv2_3v3_451.root
filenumber: 38
Adding FullPathInputFile to chain:/hdfs/store/user/varuns/Run2018D_Prompt/EGamma/crab_job_EGamma2018Dv2_3v3/190604_144154/0000/Data_EGamma2018Dv2_3v3_451.root

file path found: /hdfs/store/user/varuns/Run2018D_Prompt/EGamma/crab_job_EGamma2018Dv2_3v3/190604_144154/0000/Data_EGamma2018Dv2_3v3_457.root
name: Data_EGamma2018Dv2_3v3_457.root
filenumber: 39
Adding FullPathInputFile to chain:/hdfs/store/user/varuns/Run2018D_Prompt/EGamma/crab_job_EGamma2018Dv2_3v3/190604_144154/0000/Data_EGamma2018Dv2_3v3_457.root

file path found: /hdfs/store/user/varuns/Run2018D_Prompt/EGamma/crab_job_EGamma2018Dv2_3v3/190604_144154/0000/Data_EGamma2018Dv2_3v3_471.root
name: Data_EGamma2018Dv2_3v3_471.root
filenumber: 40
Adding FullPathInputFile to chain:/hdfs/store/user/varuns/Run2018D_Prompt/EGamma/crab_job_EGamma2018Dv2_3v3/190604_144154/0000/Data_EGamma2018Dv2_3v3_471.root

file path found: /hdfs/store/user/varuns/Run2018D_Prompt/EGamma/crab_job_EGamma2018Dv2_3v3/190604_144154/0000/Data_EGamma2018Dv2_3v3_478.root
name: Data_EGamma2018Dv2_3v3_478.root
filenumber: 41
Adding FullPathInputFile to chain:/hdfs/store/user/varuns/Run2018D_Prompt/EGamma/crab_job_EGamma2018Dv2_3v3/190604_144154/0000/Data_EGamma2018Dv2_3v3_478.root

file path found: /hdfs/store/user/varuns/Run2018D_Prompt/EGamma/crab_job_EGamma2018Dv2_3v3/190604_144154/0000/Data_EGamma2018Dv2_3v3_731.root
name: Data_EGamma2018Dv2_3v3_731.root
filenumber: 42
Adding FullPathInputFile to chain:/hdfs/store/user/varuns/Run2018D_Prompt/EGamma/crab_job_EGamma2018Dv2_3v3/190604_144154/0000/Data_EGamma2018Dv2_3v3_731.root

file path found: /hdfs/store/user/varuns/Run2018D_Prompt/EGamma/crab_job_EGamma2018Dv2_3v3/190604_144154/0000/Data_EGamma2018Dv2_3v3_736.root
name: Data_EGamma2018Dv2_3v3_736.root
filenumber: 43
Adding FullPathInputFile to chain:/hdfs/store/user/varuns/Run2018D_Prompt/EGamma/crab_job_EGamma2018Dv2_3v3/190604_144154/0000/Data_EGamma2018Dv2_3v3_736.root

file path found: /hdfs/store/user/varuns/Run2018D_Prompt/EGamma/crab_job_EGamma2018Dv2_3v3/190604_144154/0000/Data_EGamma2018Dv2_3v3_739.root
name: Data_EGamma2018Dv2_3v3_739.root
filenumber: 44
Adding FullPathInputFile to chain:/hdfs/store/user/varuns/Run2018D_Prompt/EGamma/crab_job_EGamma2018Dv2_3v3/190604_144154/0000/Data_EGamma2018Dv2_3v3_739.root

file path found: /hdfs/store/user/varuns/Run2018D_Prompt/EGamma/crab_job_EGamma2018Dv2_3v3/190604_144154/0000/Data_EGamma2018Dv2_3v3_745.root
name: Data_EGamma2018Dv2_3v3_745.root
filenumber: 45
Adding FullPathInputFile to chain:/hdfs/store/user/varuns/Run2018D_Prompt/EGamma/crab_job_EGamma2018Dv2_3v3/190604_144154/0000/Data_EGamma2018Dv2_3v3_745.root

file path found: /hdfs/store/user/varuns/Run2018D_Prompt/EGamma/crab_job_EGamma2018Dv2_3v3/190604_144154/0000/Data_EGamma2018Dv2_3v3_748.root
name: Data_EGamma2018Dv2_3v3_748.root
filenumber: 46
Adding FullPathInputFile to chain:/hdfs/store/user/varuns/Run2018D_Prompt/EGamma/crab_job_EGamma2018Dv2_3v3/190604_144154/0000/Data_EGamma2018Dv2_3v3_748.root

file path found: /hdfs/store/user/varuns/Run2018D_Prompt/EGamma/crab_job_EGamma2018Dv2_3v3/190604_144154/0000/Data_EGamma2018Dv2_3v3_755.root
name: Data_EGamma2018Dv2_3v3_755.root
filenumber: 47
Adding FullPathInputFile to chain:/hdfs/store/user/varuns/Run2018D_Prompt/EGamma/crab_job_EGamma2018Dv2_3v3/190604_144154/0000/Data_EGamma2018Dv2_3v3_755.root

file path found: /hdfs/store/user/varuns/Run2018D_Prompt/EGamma/crab_job_EGamma2018Dv2_3v3/190604_144154/0000/Data_EGamma2018Dv2_3v3_93.root
name: Data_EGamma2018Dv2_3v3_93.root
filenumber: 48
Adding FullPathInputFile to chain:/hdfs/store/user/varuns/Run2018D_Prompt/EGamma/crab_job_EGamma2018Dv2_3v3/190604_144154/0000/Data_EGamma2018Dv2_3v3_93.root

file path found: /hdfs/store/user/varuns/Run2018D_Prompt/EGamma/crab_job_EGamma2018Dv2_3v3/190604_144154/0000/.
name: .
filenumber: 49
file path found: /hdfs/store/user/varuns/Run2018D_Prompt/EGamma/crab_job_EGamma2018Dv2_3v3/190604_144154/0000/..
name: ..
filenumber: 50
49 files added.
Initializing chain.
Coming in: 
nentries:944888
Running over 944888 events.
Finished entry 0/944887
Finished entry 10000/944887
Finished entry 20000/944887
Finished entry 30000/944887
Finished entry 40000/944887
Finished entry 50000/944887
Finished entry 60000/944887
Finished entry 70000/944887
Finished entry 80000/944887
Finished entry 90000/944887
Finished entry 100000/944887
Finished entry 110000/944887
Finished entry 120000/944887
Finished entry 130000/944887
Finished entry 140000/944887
Finished entry 150000/944887
Finished entry 160000/944887
Finished entry 170000/944887
Finished entry 180000/944887
Finished entry 190000/944887
Finished entry 200000/944887
Finished entry 210000/944887
Finished entry 220000/944887
Finished entry 230000/944887
Finished entry 240000/944887
Finished entry 250000/944887
Finished entry 260000/944887
Finished entry 270000/944887
Finished entry 280000/944887
Finished entry 290000/944887
Finished entry 300000/944887
Finished entry 310000/944887
Finished entry 320000/944887
Finished entry 330000/944887
Finished entry 340000/944887
Finished entry 350000/944887
Finished entry 360000/944887
Finished entry 370000/944887
Finished entry 380000/944887
Finished entry 390000/944887
Finished entry 400000/944887
Finished entry 410000/944887
Finished entry 420000/944887
Finished entry 430000/944887
Finished entry 440000/944887
Finished entry 450000/944887
Finished entry 460000/944887
Finished entry 470000/944887
Finished entry 480000/944887
Finished entry 490000/944887
Finished entry 500000/944887
Finished entry 510000/944887
Finished entry 520000/944887
Finished entry 530000/944887
Finished entry 540000/944887
Finished entry 550000/944887
Finished entry 560000/944887
Finished entry 570000/944887
Finished entry 580000/944887
Finished entry 590000/944887
Finished entry 600000/944887
Finished entry 610000/944887
Finished entry 620000/944887
Finished entry 630000/944887
Finished entry 640000/944887
Finished entry 650000/944887
Finished entry 660000/944887
Finished entry 670000/944887
Finished entry 680000/944887
Finished entry 690000/944887
Finished entry 700000/944887
Finished entry 710000/944887
Finished entry 720000/944887
Finished entry 730000/944887
Finished entry 740000/944887
Finished entry 750000/944887
Finished entry 760000/944887
Finished entry 770000/944887
Finished entry 780000/944887
Finished entry 790000/944887
Finished entry 800000/944887
Finished entry 810000/944887
Finished entry 820000/944887
Finished entry 830000/944887
Finished entry 840000/944887
Finished entry 850000/944887
Finished entry 860000/944887
Finished entry 870000/944887
Finished entry 880000/944887
Finished entry 890000/944887
Finished entry 900000/944887
Finished entry 910000/944887
Finished entry 920000/944887
Finished entry 930000/944887
Finished entry 940000/944887
