000 (691496.002.000) 07/11 11:28:02 Job submitted from host: <144.92.181.245:9618?addrs=144.92.181.245-9618+[2607-f388-101c-1000--372]-9618&noUDP&sock=6179_dbc8_3>
...
001 (691496.002.000) 07/11 12:14:39 Job executing on host: <144.92.181.246:9618?addrs=144.92.181.246-9618+[2607-f388-101c-1000--629]-9618&noUDP&sock=10025_e506_3>
...
006 (691496.002.000) 07/11 12:14:47 Image size of job updated: 217160
	106  -  MemoryUsage of job (MB)
	108392  -  ResidentSetSize of job (KB)
...
006 (691496.002.000) 07/11 12:34:47 Image size of job updated: 241832
	236  -  MemoryUsage of job (MB)
	241544  -  ResidentSetSize of job (KB)
...
006 (691496.002.000) 07/11 12:40:34 Image size of job updated: 488388
	236  -  MemoryUsage of job (MB)
	241544  -  ResidentSetSize of job (KB)
...
005 (691496.002.000) 07/11 12:40:35 Job terminated.
	(1) Normal termination (return value 0)
		Usr 0 00:02:13, Sys 0 00:00:06  -  Run Remote Usage
		Usr 0 00:00:00, Sys 0 00:00:00  -  Run Local Usage
		Usr 0 00:02:13, Sys 0 00:00:06  -  Total Remote Usage
		Usr 0 00:00:00, Sys 0 00:00:00  -  Total Local Usage
	377349  -  Run Bytes Sent By Job
	306644  -  Run Bytes Received By Job
	377349  -  Total Bytes Sent By Job
	306644  -  Total Bytes Received By Job
	Partitionable Resources :    Usage  Request Allocated
	   Cpus                 :                 1         1
	   Disk (KB)            :  1000000  2048000   7918242
	   Memory (MB)          :      236     1992      1992
...
