000 (691496.006.000) 07/11 11:28:02 Job submitted from host: <144.92.181.245:9618?addrs=144.92.181.245-9618+[2607-f388-101c-1000--372]-9618&noUDP&sock=6179_dbc8_3>
...
001 (691496.006.000) 07/11 12:14:39 Job executing on host: <128.104.227.97:9618?addrs=128.104.227.97-9618+[2607-f388-101c-1000--629]-9618&noUDP&sock=11987_a9d7_10>
...
006 (691496.006.000) 07/11 12:14:48 Image size of job updated: 10312
	7  -  MemoryUsage of job (MB)
	6800  -  ResidentSetSize of job (KB)
...
006 (691496.006.000) 07/11 12:34:49 Image size of job updated: 248424
	240  -  MemoryUsage of job (MB)
	245744  -  ResidentSetSize of job (KB)
...
005 (691496.006.000) 07/11 12:36:08 Job terminated.
	(1) Normal termination (return value 0)
		Usr 0 00:01:54, Sys 0 00:00:07  -  Run Remote Usage
		Usr 0 00:00:00, Sys 0 00:00:00  -  Run Local Usage
		Usr 0 00:01:54, Sys 0 00:00:07  -  Total Remote Usage
		Usr 0 00:00:00, Sys 0 00:00:00  -  Total Local Usage
	377334  -  Run Bytes Sent By Job
	306644  -  Run Bytes Received By Job
	377334  -  Total Bytes Sent By Job
	306644  -  Total Bytes Received By Job
	Partitionable Resources :    Usage  Request Allocated
	   Cpus                 :                 1         1
	   Disk (KB)            :  1000000  2048000   9503797
	   Memory (MB)          :      240     1992      1992
...
