000 (695981.008.000) 07/12 06:42:17 Job submitted from host: <144.92.181.245:9618?addrs=144.92.181.245-9618+[2607-f388-101c-1000--372]-9618&noUDP&sock=6179_dbc8_3>
...
001 (695981.008.000) 07/12 08:13:37 Job executing on host: <144.92.180.142:9618?addrs=144.92.180.142-9618+[2607-f388-101c-1000--629]-9618&noUDP&sock=7677_5ca7_3>
...
006 (695981.008.000) 07/12 08:13:46 Image size of job updated: 209736
	106  -  MemoryUsage of job (MB)
	108348  -  ResidentSetSize of job (KB)
...
006 (695981.008.000) 07/12 08:33:47 Image size of job updated: 277836
	272  -  MemoryUsage of job (MB)
	277836  -  ResidentSetSize of job (KB)
...
006 (695981.008.000) 07/12 08:36:32 Image size of job updated: 279540
	272  -  MemoryUsage of job (MB)
	277836  -  ResidentSetSize of job (KB)
...
005 (695981.008.000) 07/12 08:36:33 Job terminated.
	(1) Normal termination (return value 0)
		Usr 0 00:01:41, Sys 0 00:00:06  -  Run Remote Usage
		Usr 0 00:00:00, Sys 0 00:00:00  -  Run Local Usage
		Usr 0 00:01:41, Sys 0 00:00:06  -  Total Remote Usage
		Usr 0 00:00:00, Sys 0 00:00:00  -  Total Local Usage
	328093  -  Run Bytes Sent By Job
	281287  -  Run Bytes Received By Job
	328093  -  Total Bytes Sent By Job
	281287  -  Total Bytes Received By Job
	Partitionable Resources :    Usage  Request Allocated
	   Cpus                 :                 1         1
	   Disk (KB)            :  1000000  2048000   7918264
	   Memory (MB)          :      272     1992      1992
...
