000 (690145.002.000) 07/11 07:32:56 Job submitted from host: <144.92.181.245:9618?addrs=144.92.181.245-9618+[2607-f388-101c-1000--372]-9618&noUDP&sock=6179_dbc8_3>
...
001 (690145.002.000) 07/11 09:49:28 Job executing on host: <128.104.227.63:9618?addrs=128.104.227.63-9618+[2607-f388-101c-1000--629]-9618&noUDP&sock=10298_2661_3>
...
006 (690145.002.000) 07/11 09:49:36 Image size of job updated: 226248
	106  -  MemoryUsage of job (MB)
	107676  -  ResidentSetSize of job (KB)
...
006 (690145.002.000) 07/11 10:09:37 Image size of job updated: 228124
	223  -  MemoryUsage of job (MB)
	228124  -  ResidentSetSize of job (KB)
...
006 (690145.002.000) 07/11 10:15:55 Image size of job updated: 228384
	223  -  MemoryUsage of job (MB)
	228124  -  ResidentSetSize of job (KB)
...
005 (690145.002.000) 07/11 10:15:56 Job terminated.
	(1) Normal termination (return value 0)
		Usr 0 00:03:07, Sys 0 00:00:10  -  Run Remote Usage
		Usr 0 00:00:00, Sys 0 00:00:00  -  Run Local Usage
		Usr 0 00:03:07, Sys 0 00:00:10  -  Total Remote Usage
		Usr 0 00:00:00, Sys 0 00:00:00  -  Total Local Usage
	249767  -  Run Bytes Sent By Job
	302156  -  Run Bytes Received By Job
	249767  -  Total Bytes Sent By Job
	302156  -  Total Bytes Received By Job
	Partitionable Resources :    Usage  Request Allocated
	   Cpus                 :                 1         1
	   Disk (KB)            :  1000000  2048000   9501597
	   Memory (MB)          :      223     1992      1992
...
