000 (690022.012.000) 07/11 07:29:50 Job submitted from host: <144.92.181.245:9618?addrs=144.92.181.245-9618+[2607-f388-101c-1000--372]-9618&noUDP&sock=6179_dbc8_3>
...
001 (690022.012.000) 07/11 07:55:33 Job executing on host: <144.92.180.110:9618?addrs=144.92.180.110-9618+[2607-f388-101c-1000--629]-9618&noUDP&sock=7476_7e1e_3>
...
006 (690022.012.000) 07/11 07:55:42 Image size of job updated: 227500
	106  -  MemoryUsage of job (MB)
	107756  -  ResidentSetSize of job (KB)
...
005 (690022.012.000) 07/11 08:00:10 Job terminated.
	(1) Normal termination (return value 0)
		Usr 0 00:00:52, Sys 0 00:00:03  -  Run Remote Usage
		Usr 0 00:00:00, Sys 0 00:00:00  -  Run Local Usage
		Usr 0 00:00:52, Sys 0 00:00:03  -  Total Remote Usage
		Usr 0 00:00:00, Sys 0 00:00:00  -  Total Local Usage
	287401  -  Run Bytes Sent By Job
	302156  -  Run Bytes Received By Job
	287401  -  Total Bytes Sent By Job
	302156  -  Total Bytes Received By Job
	Partitionable Resources :    Usage  Request Allocated
	   Cpus                 :                 1         1
	   Disk (KB)            :  1000000  2048000   6334730
	   Memory (MB)          :      106     1992      1992
...
