000 (690022.013.000) 07/11 07:29:50 Job submitted from host: <144.92.181.245:9618?addrs=144.92.181.245-9618+[2607-f388-101c-1000--372]-9618&noUDP&sock=6179_dbc8_3>
...
001 (690022.013.000) 07/11 07:55:45 Job executing on host: <144.92.180.34:9618?addrs=144.92.180.34-9618+[2607-f388-101c-1000--629]-9618&noUDP&sock=6649_3d4b_10>
...
006 (690022.013.000) 07/11 07:55:54 Image size of job updated: 229320
	106  -  MemoryUsage of job (MB)
	107752  -  ResidentSetSize of job (KB)
...
005 (690022.013.000) 07/11 08:00:08 Job terminated.
	(1) Normal termination (return value 0)
		Usr 0 00:01:00, Sys 0 00:00:03  -  Run Remote Usage
		Usr 0 00:00:00, Sys 0 00:00:00  -  Run Local Usage
		Usr 0 00:01:00, Sys 0 00:00:03  -  Total Remote Usage
		Usr 0 00:00:00, Sys 0 00:00:00  -  Total Local Usage
	286980  -  Run Bytes Sent By Job
	302156  -  Run Bytes Received By Job
	286980  -  Total Bytes Sent By Job
	302156  -  Total Bytes Received By Job
	Partitionable Resources :    Usage  Request Allocated
	   Cpus                 :                 1         1
	   Disk (KB)            :  1000000  2048000   3166990
	   Memory (MB)          :      106     1992      1992
...
