000 (690100.015.000) 07/11 07:31:50 Job submitted from host: <144.92.181.245:9618?addrs=144.92.181.245-9618+[2607-f388-101c-1000--372]-9618&noUDP&sock=6179_dbc8_3>
...
001 (690100.015.000) 07/11 09:17:35 Job executing on host: <144.92.180.210:9618?addrs=144.92.180.210-9618+[2607-f388-101c-1000--629]-9618&noUDP&sock=8750_59c6_3>
...
006 (690100.015.000) 07/11 09:17:44 Image size of job updated: 170932
	53  -  MemoryUsage of job (MB)
	53652  -  ResidentSetSize of job (KB)
...
006 (690100.015.000) 07/11 09:37:45 Image size of job updated: 240488
	233  -  MemoryUsage of job (MB)
	238356  -  ResidentSetSize of job (KB)
...
005 (690100.015.000) 07/11 09:40:49 Job terminated.
	(1) Normal termination (return value 0)
		Usr 0 00:02:36, Sys 0 00:00:08  -  Run Remote Usage
		Usr 0 00:00:00, Sys 0 00:00:00  -  Run Local Usage
		Usr 0 00:02:36, Sys 0 00:00:08  -  Total Remote Usage
		Usr 0 00:00:00, Sys 0 00:00:00  -  Total Local Usage
	419586  -  Run Bytes Sent By Job
	302156  -  Run Bytes Received By Job
	419586  -  Total Bytes Sent By Job
	302156  -  Total Bytes Received By Job
	Partitionable Resources :    Usage  Request Allocated
	   Cpus                 :                 1         1
	   Disk (KB)            :  1000000  2048000   4750084
	   Memory (MB)          :      233     1992      1992
...
