000 (691433.015.000) 07/11 11:26:33 Job submitted from host: <144.92.181.245:9618?addrs=144.92.181.245-9618+[2607-f388-101c-1000--372]-9618&noUDP&sock=6179_dbc8_3>
...
001 (691433.015.000) 07/11 11:47:24 Job executing on host: <144.92.180.164:9618?addrs=144.92.180.164-9618+[2607-f388-101c-1000--629]-9618&noUDP&sock=7723_ea02_3>
...
006 (691433.015.000) 07/11 11:47:33 Image size of job updated: 216760
	106  -  MemoryUsage of job (MB)
	108420  -  ResidentSetSize of job (KB)
...
006 (691433.015.000) 07/11 12:07:34 Image size of job updated: 249336
	244  -  MemoryUsage of job (MB)
	249336  -  ResidentSetSize of job (KB)
...
005 (691433.015.000) 07/11 12:16:01 Job terminated.
	(1) Normal termination (return value 0)
		Usr 0 00:02:05, Sys 0 00:00:07  -  Run Remote Usage
		Usr 0 00:00:00, Sys 0 00:00:00  -  Run Local Usage
		Usr 0 00:02:05, Sys 0 00:00:07  -  Total Remote Usage
		Usr 0 00:00:00, Sys 0 00:00:00  -  Total Local Usage
	356083  -  Run Bytes Sent By Job
	306644  -  Run Bytes Received By Job
	356083  -  Total Bytes Sent By Job
	306644  -  Total Bytes Received By Job
	Partitionable Resources :    Usage  Request Allocated
	   Cpus                 :                 1         1
	   Disk (KB)            :  1000000  2048000   7918298
	   Memory (MB)          :      244     1992      1992
...
