000 (691433.002.000) 07/11 11:26:33 Job submitted from host: <144.92.181.245:9618?addrs=144.92.181.245-9618+[2607-f388-101c-1000--372]-9618&noUDP&sock=6179_dbc8_3>
...
001 (691433.002.000) 07/11 11:47:20 Job executing on host: <144.92.180.172:9618?addrs=144.92.180.172-9618+[2607-f388-101c-1000--629]-9618&noUDP&sock=7691_f6fa_3>
...
006 (691433.002.000) 07/11 11:47:29 Image size of job updated: 63548
	53  -  MemoryUsage of job (MB)
	53400  -  ResidentSetSize of job (KB)
...
006 (691433.002.000) 07/11 12:07:29 Image size of job updated: 247780
	242  -  MemoryUsage of job (MB)
	247724  -  ResidentSetSize of job (KB)
...
005 (691433.002.000) 07/11 12:12:41 Job terminated.
	(1) Normal termination (return value 0)
		Usr 0 00:02:28, Sys 0 00:00:07  -  Run Remote Usage
		Usr 0 00:00:00, Sys 0 00:00:00  -  Run Local Usage
		Usr 0 00:02:28, Sys 0 00:00:07  -  Total Remote Usage
		Usr 0 00:00:00, Sys 0 00:00:00  -  Total Local Usage
	355008  -  Run Bytes Sent By Job
	306644  -  Run Bytes Received By Job
	355008  -  Total Bytes Sent By Job
	306644  -  Total Bytes Received By Job
	Partitionable Resources :    Usage  Request Allocated
	   Cpus                 :                 1         1
	   Disk (KB)            :  1000000  2048000   7918161
	   Memory (MB)          :      242     1992      1992
...
