000 (691433.005.000) 07/11 11:26:33 Job submitted from host: <144.92.181.245:9618?addrs=144.92.181.245-9618+[2607-f388-101c-1000--372]-9618&noUDP&sock=6179_dbc8_3>
...
001 (691433.005.000) 07/11 11:47:22 Job executing on host: <144.92.180.107:9618?addrs=144.92.180.107-9618+[2607-f388-101c-1000--629]-9618&noUDP&sock=7645_699f_3>
...
006 (691433.005.000) 07/11 11:47:31 Image size of job updated: 76320
	53  -  MemoryUsage of job (MB)
	53440  -  ResidentSetSize of job (KB)
...
006 (691433.005.000) 07/11 12:07:32 Image size of job updated: 246976
	242  -  MemoryUsage of job (MB)
	246976  -  ResidentSetSize of job (KB)
...
006 (691433.005.000) 07/11 12:14:58 Image size of job updated: 250372
	242  -  MemoryUsage of job (MB)
	246976  -  ResidentSetSize of job (KB)
...
005 (691433.005.000) 07/11 12:14:58 Job terminated.
	(1) Normal termination (return value 0)
		Usr 0 00:02:24, Sys 0 00:00:06  -  Run Remote Usage
		Usr 0 00:00:00, Sys 0 00:00:00  -  Run Local Usage
		Usr 0 00:02:24, Sys 0 00:00:06  -  Total Remote Usage
		Usr 0 00:00:00, Sys 0 00:00:00  -  Total Local Usage
	354835  -  Run Bytes Sent By Job
	306644  -  Run Bytes Received By Job
	354835  -  Total Bytes Sent By Job
	306644  -  Total Bytes Received By Job
	Partitionable Resources :    Usage  Request Allocated
	   Cpus                 :                 1         1
	   Disk (KB)            :  1000000  2048000   6333880
	   Memory (MB)          :      242     1992      1992
...
