file path found: /hdfs/store/user/varuns/Run2018D_Prompt/EGamma/crab_job_EGamma2018Dv2_2v2/190529_223841/0006/Data_EGamma2018Dv2_2v2_6475.root
name: Data_EGamma2018Dv2_2v2_6475.root
filenumber: 0
Adding FullPathInputFile to chain:/hdfs/store/user/varuns/Run2018D_Prompt/EGamma/crab_job_EGamma2018Dv2_2v2/190529_223841/0006/Data_EGamma2018Dv2_2v2_6475.root

file path found: /hdfs/store/user/varuns/Run2018D_Prompt/EGamma/crab_job_EGamma2018Dv2_2v2/190529_223841/0006/Data_EGamma2018Dv2_2v2_6510.root
name: Data_EGamma2018Dv2_2v2_6510.root
filenumber: 1
Adding FullPathInputFile to chain:/hdfs/store/user/varuns/Run2018D_Prompt/EGamma/crab_job_EGamma2018Dv2_2v2/190529_223841/0006/Data_EGamma2018Dv2_2v2_6510.root

file path found: /hdfs/store/user/varuns/Run2018D_Prompt/EGamma/crab_job_EGamma2018Dv2_2v2/190529_223841/0006/Data_EGamma2018Dv2_2v2_6511.root
name: Data_EGamma2018Dv2_2v2_6511.root
filenumber: 2
Adding FullPathInputFile to chain:/hdfs/store/user/varuns/Run2018D_Prompt/EGamma/crab_job_EGamma2018Dv2_2v2/190529_223841/0006/Data_EGamma2018Dv2_2v2_6511.root

file path found: /hdfs/store/user/varuns/Run2018D_Prompt/EGamma/crab_job_EGamma2018Dv2_2v2/190529_223841/0006/Data_EGamma2018Dv2_2v2_6522.root
name: Data_EGamma2018Dv2_2v2_6522.root
filenumber: 3
Adding FullPathInputFile to chain:/hdfs/store/user/varuns/Run2018D_Prompt/EGamma/crab_job_EGamma2018Dv2_2v2/190529_223841/0006/Data_EGamma2018Dv2_2v2_6522.root

file path found: /hdfs/store/user/varuns/Run2018D_Prompt/EGamma/crab_job_EGamma2018Dv2_2v2/190529_223841/0006/Data_EGamma2018Dv2_2v2_6540.root
name: Data_EGamma2018Dv2_2v2_6540.root
filenumber: 4
Adding FullPathInputFile to chain:/hdfs/store/user/varuns/Run2018D_Prompt/EGamma/crab_job_EGamma2018Dv2_2v2/190529_223841/0006/Data_EGamma2018Dv2_2v2_6540.root

file path found: /hdfs/store/user/varuns/Run2018D_Prompt/EGamma/crab_job_EGamma2018Dv2_2v2/190529_223841/0006/Data_EGamma2018Dv2_2v2_6541.root
name: Data_EGamma2018Dv2_2v2_6541.root
filenumber: 5
Adding FullPathInputFile to chain:/hdfs/store/user/varuns/Run2018D_Prompt/EGamma/crab_job_EGamma2018Dv2_2v2/190529_223841/0006/Data_EGamma2018Dv2_2v2_6541.root

file path found: /hdfs/store/user/varuns/Run2018D_Prompt/EGamma/crab_job_EGamma2018Dv2_2v2/190529_223841/0006/Data_EGamma2018Dv2_2v2_6542.root
name: Data_EGamma2018Dv2_2v2_6542.root
filenumber: 6
Adding FullPathInputFile to chain:/hdfs/store/user/varuns/Run2018D_Prompt/EGamma/crab_job_EGamma2018Dv2_2v2/190529_223841/0006/Data_EGamma2018Dv2_2v2_6542.root

file path found: /hdfs/store/user/varuns/Run2018D_Prompt/EGamma/crab_job_EGamma2018Dv2_2v2/190529_223841/0006/.
name: .
filenumber: 7
file path found: /hdfs/store/user/varuns/Run2018D_Prompt/EGamma/crab_job_EGamma2018Dv2_2v2/190529_223841/0006/..
name: ..
filenumber: 8
7 files added.
Initializing chain.
Coming in: 
nentries:132579
Running over 132579 events.
Finished entry 0/132578
Finished entry 10000/132578
Finished entry 20000/132578
Finished entry 30000/132578
Finished entry 40000/132578
Finished entry 50000/132578
Finished entry 60000/132578
Finished entry 70000/132578
Finished entry 80000/132578
Finished entry 90000/132578
Finished entry 100000/132578
Finished entry 110000/132578
Finished entry 120000/132578
Finished entry 130000/132578
