000 (166900.000.000) 06/10 13:21:46 Job submitted from host: <144.92.180.4:9618?addrs=144.92.180.4-9618+[2607-f388-101c-1000--367]-9618&noUDP&sock=4693_960c_3>
...
001 (166900.000.000) 06/10 13:38:44 Job executing on host: <144.92.180.244:9618?addrs=144.92.180.244-9618+[2607-f388-101c-1000--629]-9618&noUDP&sock=10159_ceb7_3>
...
006 (166900.000.000) 06/10 13:38:53 Image size of job updated: 234152
	123  -  MemoryUsage of job (MB)
	125728  -  ResidentSetSize of job (KB)
...
006 (166900.000.000) 06/10 13:42:32 Image size of job updated: 234152
	123  -  MemoryUsage of job (MB)
	125792  -  ResidentSetSize of job (KB)
...
005 (166900.000.000) 06/10 13:42:32 Job terminated.
	(1) Normal termination (return value 0)
		Usr 0 00:00:14, Sys 0 00:00:01  -  Run Remote Usage
		Usr 0 00:00:00, Sys 0 00:00:00  -  Run Local Usage
		Usr 0 00:00:14, Sys 0 00:00:01  -  Total Remote Usage
		Usr 0 00:00:00, Sys 0 00:00:00  -  Total Local Usage
	264916  -  Run Bytes Sent By Job
	278854  -  Run Bytes Received By Job
	264916  -  Total Bytes Sent By Job
	278854  -  Total Bytes Received By Job
	Partitionable Resources :    Usage  Request Allocated
	   Cpus                 :                 1         1
	   Disk (KB)            :  1000000  2048000   7918489
	   Memory (MB)          :      123     1992      1992
...
