000 (690138.004.000) 07/11 07:32:48 Job submitted from host: <144.92.181.245:9618?addrs=144.92.181.245-9618+[2607-f388-101c-1000--372]-9618&noUDP&sock=6179_dbc8_3>
...
001 (690138.004.000) 07/11 09:46:58 Job executing on host: <144.92.180.106:9618?addrs=144.92.180.106-9618+[2607-f388-101c-1000--629]-9618&noUDP&sock=7637_ecdd_3>
...
006 (690138.004.000) 07/11 09:47:07 Image size of job updated: 227968
	106  -  MemoryUsage of job (MB)
	107784  -  ResidentSetSize of job (KB)
...
006 (690138.004.000) 07/11 10:07:08 Image size of job updated: 274528
	237  -  MemoryUsage of job (MB)
	242264  -  ResidentSetSize of job (KB)
...
005 (690138.004.000) 07/11 10:12:21 Job terminated.
	(1) Normal termination (return value 0)
		Usr 0 00:02:02, Sys 0 00:00:06  -  Run Remote Usage
		Usr 0 00:00:00, Sys 0 00:00:00  -  Run Local Usage
		Usr 0 00:02:02, Sys 0 00:00:06  -  Total Remote Usage
		Usr 0 00:00:00, Sys 0 00:00:00  -  Total Local Usage
	300402  -  Run Bytes Sent By Job
	302156  -  Run Bytes Received By Job
	300402  -  Total Bytes Sent By Job
	302156  -  Total Bytes Received By Job
	Partitionable Resources :    Usage  Request Allocated
	   Cpus                 :                 1         1
	   Disk (KB)            :  1000000  2048000   6333776
	   Memory (MB)          :      237     1992      1992
...
