000 (690138.008.000) 07/11 07:32:48 Job submitted from host: <144.92.181.245:9618?addrs=144.92.181.245-9618+[2607-f388-101c-1000--372]-9618&noUDP&sock=6179_dbc8_3>
...
001 (690138.008.000) 07/11 09:47:07 Job executing on host: <144.92.181.186:9618?addrs=144.92.181.186-9618+[2607-f388-101c-1000--629]-9618&noUDP&sock=10064_a538_3>
...
006 (690138.008.000) 07/11 09:47:16 Image size of job updated: 227392
	106  -  MemoryUsage of job (MB)
	107788  -  ResidentSetSize of job (KB)
...
006 (690138.008.000) 07/11 10:07:17 Image size of job updated: 272384
	233  -  MemoryUsage of job (MB)
	237728  -  ResidentSetSize of job (KB)
...
005 (690138.008.000) 07/11 10:07:57 Job terminated.
	(1) Normal termination (return value 0)
		Usr 0 00:02:37, Sys 0 00:00:07  -  Run Remote Usage
		Usr 0 00:00:00, Sys 0 00:00:00  -  Run Local Usage
		Usr 0 00:02:37, Sys 0 00:00:07  -  Total Remote Usage
		Usr 0 00:00:00, Sys 0 00:00:00  -  Total Local Usage
	301144  -  Run Bytes Sent By Job
	302156  -  Run Bytes Received By Job
	301144  -  Total Bytes Sent By Job
	302156  -  Total Bytes Received By Job
	Partitionable Resources :    Usage  Request Allocated
	   Cpus                 :                 1         1
	   Disk (KB)            :  1000000  2048000   7917456
	   Memory (MB)          :      233     1992      1992
...
