000 (696007.013.000) 07/12 06:42:58 Job submitted from host: <144.92.181.245:9618?addrs=144.92.181.245-9618+[2607-f388-101c-1000--372]-9618&noUDP&sock=6179_dbc8_3>
...
001 (696007.013.000) 07/12 08:23:36 Job executing on host: <144.92.180.82:9618?addrs=144.92.180.82-9618+[2607-f388-101c-1000--629]-9618&noUDP&sock=6973_79fb_3>
...
006 (696007.013.000) 07/12 08:23:45 Image size of job updated: 170784
	53  -  MemoryUsage of job (MB)
	53484  -  ResidentSetSize of job (KB)
...
006 (696007.013.000) 07/12 08:43:46 Image size of job updated: 242404
	237  -  MemoryUsage of job (MB)
	242352  -  ResidentSetSize of job (KB)
...
006 (696007.013.000) 07/12 08:48:49 Image size of job updated: 485780
	237  -  MemoryUsage of job (MB)
	242352  -  ResidentSetSize of job (KB)
...
005 (696007.013.000) 07/12 08:48:50 Job terminated.
	(1) Normal termination (return value 0)
		Usr 0 00:04:41, Sys 0 00:00:15  -  Run Remote Usage
		Usr 0 00:00:00, Sys 0 00:00:00  -  Run Local Usage
		Usr 0 00:04:41, Sys 0 00:00:15  -  Total Remote Usage
		Usr 0 00:00:00, Sys 0 00:00:00  -  Total Local Usage
	399238  -  Run Bytes Sent By Job
	281287  -  Run Bytes Received By Job
	399238  -  Total Bytes Sent By Job
	281287  -  Total Bytes Received By Job
	Partitionable Resources :    Usage  Request Allocated
	   Cpus                 :                 1         1
	   Disk (KB)            :  1000000  2048000   4750867
	   Memory (MB)          :      237     1992      1992
...
