000 (696007.009.000) 07/12 06:42:58 Job submitted from host: <144.92.181.245:9618?addrs=144.92.181.245-9618+[2607-f388-101c-1000--372]-9618&noUDP&sock=6179_dbc8_3>
...
001 (696007.009.000) 07/12 08:23:30 Job executing on host: <128.104.227.14:9618?addrs=128.104.227.14-9618+[2607-f388-101c-1000--629]-9618&noUDP&sock=10387_324f_3>
...
006 (696007.009.000) 07/12 08:23:39 Image size of job updated: 169172
	53  -  MemoryUsage of job (MB)
	53392  -  ResidentSetSize of job (KB)
...
006 (696007.009.000) 07/12 08:43:39 Image size of job updated: 241684
	237  -  MemoryUsage of job (MB)
	241684  -  ResidentSetSize of job (KB)
...
006 (696007.009.000) 07/12 08:49:37 Image size of job updated: 241840
	237  -  MemoryUsage of job (MB)
	241684  -  ResidentSetSize of job (KB)
...
005 (696007.009.000) 07/12 08:49:38 Job terminated.
	(1) Normal termination (return value 0)
		Usr 0 00:02:13, Sys 0 00:00:09  -  Run Remote Usage
		Usr 0 00:00:00, Sys 0 00:00:00  -  Run Local Usage
		Usr 0 00:02:13, Sys 0 00:00:09  -  Total Remote Usage
		Usr 0 00:00:00, Sys 0 00:00:00  -  Total Local Usage
	389518  -  Run Bytes Sent By Job
	281287  -  Run Bytes Received By Job
	389518  -  Total Bytes Sent By Job
	281287  -  Total Bytes Received By Job
	Partitionable Resources :    Usage  Request Allocated
	   Cpus                 :                 1         1
	   Disk (KB)            :  1000000  2048000   9501126
	   Memory (MB)          :      237     1992      1992
...
