000 (691452.012.000) 07/11 11:27:02 Job submitted from host: <144.92.181.245:9618?addrs=144.92.181.245-9618+[2607-f388-101c-1000--372]-9618&noUDP&sock=6179_dbc8_3>
...
001 (691452.012.000) 07/11 11:54:09 Job executing on host: <144.92.181.147:9618?addrs=144.92.181.147-9618+[2607-f388-101c-1000--629]-9618&noUDP&sock=9876_b16a_3>
...
006 (691452.012.000) 07/11 11:54:17 Image size of job updated: 213944
	106  -  MemoryUsage of job (MB)
	108392  -  ResidentSetSize of job (KB)
...
006 (691452.012.000) 07/11 12:14:17 Image size of job updated: 241072
	234  -  MemoryUsage of job (MB)
	239040  -  ResidentSetSize of job (KB)
...
005 (691452.012.000) 07/11 12:17:52 Job terminated.
	(1) Normal termination (return value 0)
		Usr 0 00:02:29, Sys 0 00:00:08  -  Run Remote Usage
		Usr 0 00:00:00, Sys 0 00:00:00  -  Run Local Usage
		Usr 0 00:02:29, Sys 0 00:00:08  -  Total Remote Usage
		Usr 0 00:00:00, Sys 0 00:00:00  -  Total Local Usage
	362341  -  Run Bytes Sent By Job
	306644  -  Run Bytes Received By Job
	362341  -  Total Bytes Sent By Job
	306644  -  Total Bytes Received By Job
	Partitionable Resources :    Usage  Request Allocated
	   Cpus                 :                 1         1
	   Disk (KB)            :  1000000  2048000   7918247
	   Memory (MB)          :      234     1992      1992
...
