000 (691452.008.000) 07/11 11:27:02 Job submitted from host: <144.92.181.245:9618?addrs=144.92.181.245-9618+[2607-f388-101c-1000--372]-9618&noUDP&sock=6179_dbc8_3>
...
001 (691452.008.000) 07/11 11:54:07 Job executing on host: <144.92.180.141:9618?addrs=144.92.180.141-9618+[2607-f388-101c-1000--629]-9618&noUDP&sock=7680_6b70_3>
...
006 (691452.008.000) 07/11 11:54:15 Image size of job updated: 111160
	106  -  MemoryUsage of job (MB)
	108380  -  ResidentSetSize of job (KB)
...
006 (691452.008.000) 07/11 12:14:15 Image size of job updated: 241256
	235  -  MemoryUsage of job (MB)
	239912  -  ResidentSetSize of job (KB)
...
005 (691452.008.000) 07/11 12:30:13 Job terminated.
	(1) Normal termination (return value 0)
		Usr 0 00:02:32, Sys 0 00:00:08  -  Run Remote Usage
		Usr 0 00:00:00, Sys 0 00:00:00  -  Run Local Usage
		Usr 0 00:02:32, Sys 0 00:00:08  -  Total Remote Usage
		Usr 0 00:00:00, Sys 0 00:00:00  -  Total Local Usage
	362951  -  Run Bytes Sent By Job
	306644  -  Run Bytes Received By Job
	362951  -  Total Bytes Sent By Job
	306644  -  Total Bytes Received By Job
	Partitionable Resources :    Usage  Request Allocated
	   Cpus                 :                 1         1
	   Disk (KB)            :  1000000  2048000   7916856
	   Memory (MB)          :      235     1992      1992
...
