000 (695995.000.000) 07/12 06:42:40 Job submitted from host: <144.92.181.245:9618?addrs=144.92.181.245-9618+[2607-f388-101c-1000--372]-9618&noUDP&sock=6179_dbc8_3>
...
001 (695995.000.000) 07/12 08:19:30 Job executing on host: <144.92.181.160:9618?addrs=144.92.181.160-9618+[2607-f388-101c-1000--629]-9618&noUDP&sock=9867_850f_3>
...
006 (695995.000.000) 07/12 08:19:38 Image size of job updated: 217596
	106  -  MemoryUsage of job (MB)
	108532  -  ResidentSetSize of job (KB)
...
006 (695995.000.000) 07/12 08:39:38 Image size of job updated: 261556
	256  -  MemoryUsage of job (MB)
	261556  -  ResidentSetSize of job (KB)
...
005 (695995.000.000) 07/12 08:39:44 Job terminated.
	(1) Normal termination (return value 0)
		Usr 0 00:02:06, Sys 0 00:00:06  -  Run Remote Usage
		Usr 0 00:00:00, Sys 0 00:00:00  -  Run Local Usage
		Usr 0 00:02:06, Sys 0 00:00:06  -  Total Remote Usage
		Usr 0 00:00:00, Sys 0 00:00:00  -  Total Local Usage
	374938  -  Run Bytes Sent By Job
	281287  -  Run Bytes Received By Job
	374938  -  Total Bytes Sent By Job
	281287  -  Total Bytes Received By Job
	Partitionable Resources :    Usage  Request Allocated
	   Cpus                 :                 1         1
	   Disk (KB)            :  1000000  2048000   7916775
	   Memory (MB)          :      256     1992      1992
...
