000 (695995.007.000) 07/12 06:42:40 Job submitted from host: <144.92.181.245:9618?addrs=144.92.181.245-9618+[2607-f388-101c-1000--372]-9618&noUDP&sock=6179_dbc8_3>
...
001 (695995.007.000) 07/12 08:19:37 Job executing on host: <144.92.181.238:9618?addrs=144.92.181.238-9618+[2607-f388-101c-1000--629]-9618&noUDP&sock=7008_7bcb_3>
...
006 (695995.007.000) 07/12 08:19:45 Image size of job updated: 170764
	54  -  MemoryUsage of job (MB)
	54760  -  ResidentSetSize of job (KB)
...
006 (695995.007.000) 07/12 08:39:45 Image size of job updated: 258168
	253  -  MemoryUsage of job (MB)
	258168  -  ResidentSetSize of job (KB)
...
005 (695995.007.000) 07/12 08:43:35 Job terminated.
	(1) Normal termination (return value 0)
		Usr 0 00:03:57, Sys 0 00:00:18  -  Run Remote Usage
		Usr 0 00:00:00, Sys 0 00:00:00  -  Run Local Usage
		Usr 0 00:03:57, Sys 0 00:00:18  -  Total Remote Usage
		Usr 0 00:00:00, Sys 0 00:00:00  -  Total Local Usage
	392620  -  Run Bytes Sent By Job
	281287  -  Run Bytes Received By Job
	392620  -  Total Bytes Sent By Job
	281287  -  Total Bytes Received By Job
	Partitionable Resources :    Usage  Request Allocated
	   Cpus                 :                 1         1
	   Disk (KB)            :  1000000  2048000   4750395
	   Memory (MB)          :      253     1992      1992
...
