000 (695995.008.000) 07/12 06:42:40 Job submitted from host: <144.92.181.245:9618?addrs=144.92.181.245-9618+[2607-f388-101c-1000--372]-9618&noUDP&sock=6179_dbc8_3>
...
001 (695995.008.000) 07/12 08:19:38 Job executing on host: <128.104.227.43:9618?addrs=128.104.227.43-9618+[2607-f388-101c-1000--629]-9618&noUDP&sock=10297_76c9_3>
...
006 (695995.008.000) 07/12 08:19:46 Image size of job updated: 218028
	106  -  MemoryUsage of job (MB)
	108524  -  ResidentSetSize of job (KB)
...
006 (695995.008.000) 07/12 08:36:02 Image size of job updated: 258632
	106  -  MemoryUsage of job (MB)
	108524  -  ResidentSetSize of job (KB)
...
005 (695995.008.000) 07/12 08:36:03 Job terminated.
	(1) Normal termination (return value 0)
		Usr 0 00:01:39, Sys 0 00:00:05  -  Run Remote Usage
		Usr 0 00:00:00, Sys 0 00:00:00  -  Run Local Usage
		Usr 0 00:01:39, Sys 0 00:00:05  -  Total Remote Usage
		Usr 0 00:00:00, Sys 0 00:00:00  -  Total Local Usage
	374557  -  Run Bytes Sent By Job
	281287  -  Run Bytes Received By Job
	374557  -  Total Bytes Sent By Job
	281287  -  Total Bytes Received By Job
	Partitionable Resources :    Usage  Request Allocated
	   Cpus                 :                 1         1
	   Disk (KB)            :  1000000  2048000   9500443
	   Memory (MB)          :      106     1992      1992
...
