000 (696057.004.000) 07/12 06:44:13 Job submitted from host: <144.92.181.245:9618?addrs=144.92.181.245-9618+[2607-f388-101c-1000--372]-9618&noUDP&sock=6179_dbc8_3>
...
001 (695060.004.000) 07/12 07:42:58 Job executing on host: <128.104.227.99:9618?addrs=128.104.227.99-9618+[2607-f388-101c-1000--629]-9618&noUDP&sock=11802_c4d1_10>
...
006 (695060.004.000) 07/12 07:43:07 Image size of job updated: 140328
	106  -  MemoryUsage of job (MB)
	108508  -  ResidentSetSize of job (KB)
...
006 (695060.004.000) 07/12 07:58:55 Image size of job updated: 244360
	106  -  MemoryUsage of job (MB)
	108508  -  ResidentSetSize of job (KB)
...
005 (695060.004.000) 07/12 07:58:56 Job terminated.
	(1) Normal termination (return value 0)
		Usr 0 00:01:44, Sys 0 00:00:05  -  Run Remote Usage
		Usr 0 00:00:00, Sys 0 00:00:00  -  Run Local Usage
		Usr 0 00:01:44, Sys 0 00:00:05  -  Total Remote Usage
		Usr 0 00:00:00, Sys 0 00:00:00  -  Total Local Usage
	357515  -  Run Bytes Sent By Job
	281287  -  Run Bytes Received By Job
	357515  -  Total Bytes Sent By Job
	281287  -  Total Bytes Received By Job
	Partitionable Resources :    Usage  Request Allocated
	   Cpus                 :                 1         1
	   Disk (KB)            :  1000000  2048000   9503734
	   Memory (MB)          :      106     1992      1992
...
001 (696057.004.000) 07/12 08:46:18 Job executing on host: <144.92.180.94:9618?addrs=144.92.180.94-9618+[2607-f388-101c-1000--629]-9618&noUDP&sock=7025_24e7_3>
...
006 (696057.004.000) 07/12 08:46:28 Image size of job updated: 94616
	53  -  MemoryUsage of job (MB)
	53540  -  ResidentSetSize of job (KB)
...
006 (696057.004.000) 07/12 09:02:05 Image size of job updated: 244736
	53  -  MemoryUsage of job (MB)
	53540  -  ResidentSetSize of job (KB)
...
005 (696057.004.000) 07/12 09:02:06 Job terminated.
	(1) Normal termination (return value 0)
		Usr 0 00:03:30, Sys 0 00:00:12  -  Run Remote Usage
		Usr 0 00:00:00, Sys 0 00:00:00  -  Run Local Usage
		Usr 0 00:03:30, Sys 0 00:00:12  -  Total Remote Usage
		Usr 0 00:00:00, Sys 0 00:00:00  -  Total Local Usage
	375008  -  Run Bytes Sent By Job
	281287  -  Run Bytes Received By Job
	375008  -  Total Bytes Sent By Job
	281287  -  Total Bytes Received By Job
	Partitionable Resources :    Usage  Request Allocated
	   Cpus                 :                 1         1
	   Disk (KB)            :  1000000  2048000   4749969
	   Memory (MB)          :       53     1992      1992
...
