000 (691445.015.000) 07/11 11:26:51 Job submitted from host: <144.92.181.245:9618?addrs=144.92.181.245-9618+[2607-f388-101c-1000--372]-9618&noUDP&sock=6179_dbc8_3>
...
001 (691445.015.000) 07/11 11:51:43 Job executing on host: <144.92.180.83:9618?addrs=144.92.180.83-9618+[2607-f388-101c-1000--629]-9618&noUDP&sock=7013_e9c4_3>
...
006 (691445.015.000) 07/11 11:51:51 Image size of job updated: 54356
	53  -  MemoryUsage of job (MB)
	53632  -  ResidentSetSize of job (KB)
...
006 (691445.015.000) 07/11 12:11:51 Image size of job updated: 241184
	236  -  MemoryUsage of job (MB)
	240928  -  ResidentSetSize of job (KB)
...
005 (691445.015.000) 07/11 12:26:08 Job terminated.
	(1) Normal termination (return value 0)
		Usr 0 00:05:53, Sys 0 00:00:19  -  Run Remote Usage
		Usr 0 00:00:00, Sys 0 00:00:00  -  Run Local Usage
		Usr 0 00:05:53, Sys 0 00:00:19  -  Total Remote Usage
		Usr 0 00:00:00, Sys 0 00:00:00  -  Total Local Usage
	365552  -  Run Bytes Sent By Job
	306644  -  Run Bytes Received By Job
	365552  -  Total Bytes Sent By Job
	306644  -  Total Bytes Received By Job
	Partitionable Resources :    Usage  Request Allocated
	   Cpus                 :                 1         1
	   Disk (KB)            :  1000000  2048000   4751280
	   Memory (MB)          :      236     1992      1992
...
