000 (1262607.004.000) 07/25 12:34:25 Job submitted from host: <144.92.180.28:9618?addrs=144.92.180.28-9618+[2607-f388-101c-1000--370]-9618&noUDP&sock=5187_6dd5_82>
...
001 (1262607.004.000) 07/25 14:12:27 Job executing on host: <128.104.227.71:9618?addrs=128.104.227.71-9618+[2607-f388-101c-1000--629]-9618&noUDP&sock=10369_d99a_3>
...
006 (1262607.004.000) 07/25 14:12:36 Image size of job updated: 225232
	107  -  MemoryUsage of job (MB)
	108612  -  ResidentSetSize of job (KB)
...
005 (1262607.004.000) 07/25 14:21:22 Job terminated.
	(1) Normal termination (return value 0)
		Usr 0 00:01:41, Sys 0 00:00:06  -  Run Remote Usage
		Usr 0 00:00:00, Sys 0 00:00:00  -  Run Local Usage
		Usr 0 00:01:41, Sys 0 00:00:06  -  Total Remote Usage
		Usr 0 00:00:00, Sys 0 00:00:00  -  Total Local Usage
	430513  -  Run Bytes Sent By Job
	283691  -  Run Bytes Received By Job
	430513  -  Total Bytes Sent By Job
	283691  -  Total Bytes Received By Job
	Partitionable Resources :    Usage  Request Allocated
	   Cpus                 :                 1         1
	   Disk (KB)            :  1000000  2048000   9499326
	   Memory (MB)          :      107     1992      1992
...
