000 (695960.009.000) 07/12 06:41:49 Job submitted from host: <144.92.181.245:9618?addrs=144.92.181.245-9618+[2607-f388-101c-1000--372]-9618&noUDP&sock=6179_dbc8_3>
...
001 (695960.009.000) 07/12 08:06:46 Job executing on host: <128.104.227.37:9618?addrs=128.104.227.37-9618+[2607-f388-101c-1000--629]-9618&noUDP&sock=10283_dc75_3>
...
006 (695960.009.000) 07/12 08:06:54 Image size of job updated: 215428
	106  -  MemoryUsage of job (MB)
	108340  -  ResidentSetSize of job (KB)
...
006 (695960.009.000) 07/12 08:17:16 Image size of job updated: 370524
	106  -  MemoryUsage of job (MB)
	108340  -  ResidentSetSize of job (KB)
...
005 (695960.009.000) 07/12 08:17:17 Job terminated.
	(1) Normal termination (return value 0)
		Usr 0 00:00:57, Sys 0 00:00:03  -  Run Remote Usage
		Usr 0 00:00:00, Sys 0 00:00:00  -  Run Local Usage
		Usr 0 00:00:57, Sys 0 00:00:03  -  Total Remote Usage
		Usr 0 00:00:00, Sys 0 00:00:00  -  Total Local Usage
	325052  -  Run Bytes Sent By Job
	281287  -  Run Bytes Received By Job
	325052  -  Total Bytes Sent By Job
	281287  -  Total Bytes Received By Job
	Partitionable Resources :    Usage  Request Allocated
	   Cpus                 :                 1         1
	   Disk (KB)            :  1000000  2048000   9500072
	   Memory (MB)          :      106     1992      1992
...
