000 (691432.012.000) 07/11 11:26:32 Job submitted from host: <144.92.181.245:9618?addrs=144.92.181.245-9618+[2607-f388-101c-1000--372]-9618&noUDP&sock=6179_dbc8_3>
...
001 (691432.012.000) 07/11 11:47:20 Job executing on host: <144.92.180.234:9618?addrs=144.92.180.234-9618+[2607-f388-101c-1000--629]-9618&noUDP&sock=9996_00c7_3>
...
006 (691432.012.000) 07/11 11:47:28 Image size of job updated: 203756
	106  -  MemoryUsage of job (MB)
	108380  -  ResidentSetSize of job (KB)
...
006 (691432.012.000) 07/11 12:07:28 Image size of job updated: 248704
	240  -  MemoryUsage of job (MB)
	245172  -  ResidentSetSize of job (KB)
...
005 (691432.012.000) 07/11 12:16:05 Job terminated.
	(1) Normal termination (return value 0)
		Usr 0 00:02:13, Sys 0 00:00:07  -  Run Remote Usage
		Usr 0 00:00:00, Sys 0 00:00:00  -  Run Local Usage
		Usr 0 00:02:13, Sys 0 00:00:07  -  Total Remote Usage
		Usr 0 00:00:00, Sys 0 00:00:00  -  Total Local Usage
	351772  -  Run Bytes Sent By Job
	306644  -  Run Bytes Received By Job
	351772  -  Total Bytes Sent By Job
	306644  -  Total Bytes Received By Job
	Partitionable Resources :    Usage  Request Allocated
	   Cpus                 :                 1         1
	   Disk (KB)            :  1000000  2048000   7916442
	   Memory (MB)          :      240     1992      1992
...
