000 (691432.013.000) 07/11 11:26:32 Job submitted from host: <144.92.181.245:9618?addrs=144.92.181.245-9618+[2607-f388-101c-1000--372]-9618&noUDP&sock=6179_dbc8_3>
...
001 (691432.013.000) 07/11 11:47:20 Job executing on host: <144.92.181.165:9618?addrs=144.92.181.165-9618+[2607-f388-101c-1000--629]-9618&noUDP&sock=9844_be62_3>
...
006 (691432.013.000) 07/11 11:47:28 Image size of job updated: 176176
	106  -  MemoryUsage of job (MB)
	108392  -  ResidentSetSize of job (KB)
...
006 (691432.013.000) 07/11 12:07:28 Image size of job updated: 238936
	234  -  MemoryUsage of job (MB)
	238936  -  ResidentSetSize of job (KB)
...
006 (691432.013.000) 07/11 12:12:08 Image size of job updated: 246048
	234  -  MemoryUsage of job (MB)
	238936  -  ResidentSetSize of job (KB)
...
005 (691432.013.000) 07/11 12:12:09 Job terminated.
	(1) Normal termination (return value 0)
		Usr 0 00:02:18, Sys 0 00:00:06  -  Run Remote Usage
		Usr 0 00:00:00, Sys 0 00:00:00  -  Run Local Usage
		Usr 0 00:02:18, Sys 0 00:00:06  -  Total Remote Usage
		Usr 0 00:00:00, Sys 0 00:00:00  -  Total Local Usage
	352231  -  Run Bytes Sent By Job
	306644  -  Run Bytes Received By Job
	352231  -  Total Bytes Sent By Job
	306644  -  Total Bytes Received By Job
	Partitionable Resources :    Usage  Request Allocated
	   Cpus                 :                 1         1
	   Disk (KB)            :  1000000  2048000   7917346
	   Memory (MB)          :      234     1992      1992
...
