000 (691432.002.000) 07/11 11:26:32 Job submitted from host: <144.92.181.245:9618?addrs=144.92.181.245-9618+[2607-f388-101c-1000--372]-9618&noUDP&sock=6179_dbc8_3>
...
001 (691432.002.000) 07/11 11:47:18 Job executing on host: <144.92.181.241:9618?addrs=144.92.181.241-9618+[2607-f388-101c-1000--217]-9618&noUDP&sock=6978_e7f4_3>
...
006 (691432.002.000) 07/11 11:47:26 Image size of job updated: 203000
	96  -  MemoryUsage of job (MB)
	97912  -  ResidentSetSize of job (KB)
...
006 (691432.002.000) 07/11 12:07:26 Image size of job updated: 253236
	244  -  MemoryUsage of job (MB)
	249768  -  ResidentSetSize of job (KB)
...
005 (691432.002.000) 07/11 12:22:32 Job terminated.
	(1) Normal termination (return value 0)
		Usr 0 00:04:59, Sys 0 00:00:15  -  Run Remote Usage
		Usr 0 00:00:00, Sys 0 00:00:00  -  Run Local Usage
		Usr 0 00:04:59, Sys 0 00:00:15  -  Total Remote Usage
		Usr 0 00:00:00, Sys 0 00:00:00  -  Total Local Usage
	362780  -  Run Bytes Sent By Job
	306644  -  Run Bytes Received By Job
	362780  -  Total Bytes Sent By Job
	306644  -  Total Bytes Received By Job
	Partitionable Resources :    Usage  Request Allocated
	   Cpus                 :                 1         1
	   Disk (KB)            :  1000000  2048000   4750246
	   Memory (MB)          :      244     1992      1992
...
