000 (696035.000.000) 07/12 06:43:42 Job submitted from host: <144.92.181.245:9618?addrs=144.92.181.245-9618+[2607-f388-101c-1000--372]-9618&noUDP&sock=6179_dbc8_3>
...
001 (695038.000.000) 07/12 07:38:10 Job executing on host: <128.104.227.56:9618?addrs=128.104.227.56-9618+[2607-f388-101c-1000--629]-9618&noUDP&sock=10339_45c3_3>
...
006 (695038.000.000) 07/12 07:38:19 Image size of job updated: 114424
	56  -  MemoryUsage of job (MB)
	56328  -  ResidentSetSize of job (KB)
...
006 (695038.000.000) 07/12 07:58:19 Image size of job updated: 242480
	237  -  MemoryUsage of job (MB)
	242480  -  ResidentSetSize of job (KB)
...
005 (695038.000.000) 07/12 08:08:15 Job terminated.
	(1) Normal termination (return value 0)
		Usr 0 00:01:25, Sys 0 00:00:07  -  Run Remote Usage
		Usr 0 00:00:00, Sys 0 00:00:00  -  Run Local Usage
		Usr 0 00:01:25, Sys 0 00:00:07  -  Total Remote Usage
		Usr 0 00:00:00, Sys 0 00:00:00  -  Total Local Usage
	376332  -  Run Bytes Sent By Job
	281287  -  Run Bytes Received By Job
	376332  -  Total Bytes Sent By Job
	281287  -  Total Bytes Received By Job
	Partitionable Resources :    Usage  Request Allocated
	   Cpus                 :                 1         1
	   Disk (KB)            :  1000000  2048000   9502013
	   Memory (MB)          :      237     1992      1992
...
001 (696035.000.000) 07/12 08:37:28 Job executing on host: <128.104.227.34:9618?addrs=128.104.227.34-9618+[2607-f388-101c-1000--629]-9618&noUDP&sock=10298_2661_3>
...
006 (696035.000.000) 07/12 08:37:37 Image size of job updated: 109380
	106  -  MemoryUsage of job (MB)
	108504  -  ResidentSetSize of job (KB)
...
006 (696035.000.000) 07/12 08:56:10 Image size of job updated: 247856
	106  -  MemoryUsage of job (MB)
	108504  -  ResidentSetSize of job (KB)
...
005 (696035.000.000) 07/12 08:56:11 Job terminated.
	(1) Normal termination (return value 0)
		Usr 0 00:01:43, Sys 0 00:00:05  -  Run Remote Usage
		Usr 0 00:00:00, Sys 0 00:00:00  -  Run Local Usage
		Usr 0 00:01:43, Sys 0 00:00:05  -  Total Remote Usage
		Usr 0 00:00:00, Sys 0 00:00:00  -  Total Local Usage
	376332  -  Run Bytes Sent By Job
	281287  -  Run Bytes Received By Job
	376332  -  Total Bytes Sent By Job
	281287  -  Total Bytes Received By Job
	Partitionable Resources :    Usage  Request Allocated
	   Cpus                 :                 1         1
	   Disk (KB)            :  1000000  2048000   9500816
	   Memory (MB)          :      106     1992      1992
...
