000 (696035.010.000) 07/12 06:43:42 Job submitted from host: <144.92.181.245:9618?addrs=144.92.181.245-9618+[2607-f388-101c-1000--372]-9618&noUDP&sock=6179_dbc8_3>
...
001 (695038.010.000) 07/12 07:40:01 Job executing on host: <144.92.181.231:9618?addrs=144.92.181.231-9618+[2607-f388-101c-1000--629]-9618&noUDP&sock=6884_6e0d_3>
...
006 (695038.010.000) 07/12 07:40:09 Image size of job updated: 169172
	53  -  MemoryUsage of job (MB)
	53368  -  ResidentSetSize of job (KB)
...
006 (695038.010.000) 07/12 08:00:09 Image size of job updated: 248812
	242  -  MemoryUsage of job (MB)
	247624  -  ResidentSetSize of job (KB)
...
005 (695038.010.000) 07/12 08:13:56 Job terminated.
	(1) Normal termination (return value 0)
		Usr 0 00:05:53, Sys 0 00:00:17  -  Run Remote Usage
		Usr 0 00:00:00, Sys 0 00:00:00  -  Run Local Usage
		Usr 0 00:05:53, Sys 0 00:00:17  -  Total Remote Usage
		Usr 0 00:00:00, Sys 0 00:00:00  -  Total Local Usage
	388217  -  Run Bytes Sent By Job
	281287  -  Run Bytes Received By Job
	388217  -  Total Bytes Sent By Job
	281287  -  Total Bytes Received By Job
	Partitionable Resources :    Usage  Request Allocated
	   Cpus                 :                 1         1
	   Disk (KB)            :  1000000  2048000   3167438
	   Memory (MB)          :      242     1992      1992
...
001 (696035.010.000) 07/12 08:37:44 Job executing on host: <144.92.181.140:9618?addrs=144.92.181.140-9618+[2607-f388-101c-1000--629]-9618&noUDP&sock=10043_3dbb_3>
...
006 (696035.010.000) 07/12 08:37:53 Image size of job updated: 216304
	106  -  MemoryUsage of job (MB)
	108496  -  ResidentSetSize of job (KB)
...
006 (696035.010.000) 07/12 08:57:53 Image size of job updated: 247376
	242  -  MemoryUsage of job (MB)
	247376  -  ResidentSetSize of job (KB)
...
006 (696035.010.000) 07/12 08:59:47 Image size of job updated: 247772
	242  -  MemoryUsage of job (MB)
	247376  -  ResidentSetSize of job (KB)
...
005 (696035.010.000) 07/12 08:59:48 Job terminated.
	(1) Normal termination (return value 0)
		Usr 0 00:01:47, Sys 0 00:00:05  -  Run Remote Usage
		Usr 0 00:00:00, Sys 0 00:00:00  -  Run Local Usage
		Usr 0 00:01:47, Sys 0 00:00:05  -  Total Remote Usage
		Usr 0 00:00:00, Sys 0 00:00:00  -  Total Local Usage
	376279  -  Run Bytes Sent By Job
	281287  -  Run Bytes Received By Job
	376279  -  Total Bytes Sent By Job
	281287  -  Total Bytes Received By Job
	Partitionable Resources :    Usage  Request Allocated
	   Cpus                 :                 1         1
	   Disk (KB)            :  1000000  2048000   7918565
	   Memory (MB)          :      242     1992      1992
...
