000 (696035.004.000) 07/12 06:43:42 Job submitted from host: <144.92.181.245:9618?addrs=144.92.181.245-9618+[2607-f388-101c-1000--372]-9618&noUDP&sock=6179_dbc8_3>
...
001 (695038.004.000) 07/12 07:38:29 Job executing on host: <144.92.181.68:9618?addrs=144.92.181.68-9618+[2607-f388-101c-1000--629]-9618&noUDP&sock=7256_9748_10>
...
006 (695038.004.000) 07/12 07:38:38 Image size of job updated: 161288
	53  -  MemoryUsage of job (MB)
	53344  -  ResidentSetSize of job (KB)
...
006 (695038.004.000) 07/12 07:58:39 Image size of job updated: 248460
	241  -  MemoryUsage of job (MB)
	246540  -  ResidentSetSize of job (KB)
...
005 (695038.004.000) 07/12 08:11:12 Job terminated.
	(1) Normal termination (return value 0)
		Usr 0 00:06:20, Sys 0 00:00:42  -  Run Remote Usage
		Usr 0 00:00:00, Sys 0 00:00:00  -  Run Local Usage
		Usr 0 00:06:20, Sys 0 00:00:42  -  Total Remote Usage
		Usr 0 00:00:00, Sys 0 00:00:00  -  Total Local Usage
	392954  -  Run Bytes Sent By Job
	281287  -  Run Bytes Received By Job
	392954  -  Total Bytes Sent By Job
	281287  -  Total Bytes Received By Job
	Partitionable Resources :    Usage  Request Allocated
	   Cpus                 :                 1         1
	   Disk (KB)            :  1000000  2048000   4750720
	   Memory (MB)          :      241     1992      1992
...
001 (696035.004.000) 07/12 08:37:33 Job executing on host: <128.104.227.70:9618?addrs=128.104.227.70-9618+[2607-f388-101c-1000--629]-9618&noUDP&sock=10318_de46_3>
...
006 (696035.004.000) 07/12 08:37:42 Image size of job updated: 170296
	53  -  MemoryUsage of job (MB)
	53552  -  ResidentSetSize of job (KB)
...
005 (696035.004.000) 07/12 08:54:10 Job terminated.
	(1) Normal termination (return value 0)
		Usr 0 00:01:26, Sys 0 00:00:04  -  Run Remote Usage
		Usr 0 00:00:00, Sys 0 00:00:00  -  Run Local Usage
		Usr 0 00:01:26, Sys 0 00:00:04  -  Total Remote Usage
		Usr 0 00:00:00, Sys 0 00:00:00  -  Total Local Usage
	376848  -  Run Bytes Sent By Job
	281287  -  Run Bytes Received By Job
	376848  -  Total Bytes Sent By Job
	281287  -  Total Bytes Received By Job
	Partitionable Resources :    Usage  Request Allocated
	   Cpus                 :                 1         1
	   Disk (KB)            :  1000000  2048000   9500874
	   Memory (MB)          :       53     1992      1992
...
