000 (690086.001.000) 07/11 07:31:27 Job submitted from host: <144.92.181.245:9618?addrs=144.92.181.245-9618+[2607-f388-101c-1000--372]-9618&noUDP&sock=6179_dbc8_3>
...
001 (690086.001.000) 07/11 09:01:19 Job executing on host: <144.92.181.190:9618?addrs=144.92.181.190-9618+[2607-f388-101c-1000--629]-9618&noUDP&sock=10049_5b4c_3>
...
006 (690086.001.000) 07/11 09:01:28 Image size of job updated: 33260
	7  -  MemoryUsage of job (MB)
	6920  -  ResidentSetSize of job (KB)
...
006 (690086.001.000) 07/11 09:21:28 Image size of job updated: 270468
	234  -  MemoryUsage of job (MB)
	239580  -  ResidentSetSize of job (KB)
...
005 (690086.001.000) 07/11 09:28:04 Job terminated.
	(1) Normal termination (return value 0)
		Usr 0 00:01:48, Sys 0 00:00:02  -  Run Remote Usage
		Usr 0 00:00:00, Sys 0 00:00:00  -  Run Local Usage
		Usr 0 00:01:48, Sys 0 00:00:02  -  Total Remote Usage
		Usr 0 00:00:00, Sys 0 00:00:00  -  Total Local Usage
	250696  -  Run Bytes Sent By Job
	302156  -  Run Bytes Received By Job
	250696  -  Total Bytes Sent By Job
	302156  -  Total Bytes Received By Job
	Partitionable Resources :    Usage  Request Allocated
	   Cpus                 :                 1         1
	   Disk (KB)            :  1000000  2048000   7917241
	   Memory (MB)          :      234     1992      1992
...
