000 (690086.002.000) 07/11 07:31:27 Job submitted from host: <144.92.181.245:9618?addrs=144.92.181.245-9618+[2607-f388-101c-1000--372]-9618&noUDP&sock=6179_dbc8_3>
...
001 (690086.002.000) 07/11 09:01:21 Job executing on host: <144.92.180.110:9618?addrs=144.92.180.110-9618+[2607-f388-101c-1000--629]-9618&noUDP&sock=7476_7e1e_3>
...
006 (690086.002.000) 07/11 09:01:29 Image size of job updated: 83016
	25  -  MemoryUsage of job (MB)
	24652  -  ResidentSetSize of job (KB)
...
006 (690086.002.000) 07/11 09:21:29 Image size of job updated: 242220
	236  -  MemoryUsage of job (MB)
	240680  -  ResidentSetSize of job (KB)
...
005 (690086.002.000) 07/11 09:22:15 Job terminated.
	(1) Normal termination (return value 0)
		Usr 0 00:01:32, Sys 0 00:00:01  -  Run Remote Usage
		Usr 0 00:00:00, Sys 0 00:00:00  -  Run Local Usage
		Usr 0 00:01:32, Sys 0 00:00:01  -  Total Remote Usage
		Usr 0 00:00:00, Sys 0 00:00:00  -  Total Local Usage
	253173  -  Run Bytes Sent By Job
	302156  -  Run Bytes Received By Job
	253173  -  Total Bytes Sent By Job
	302156  -  Total Bytes Received By Job
	Partitionable Resources :    Usage  Request Allocated
	   Cpus                 :                 1         1
	   Disk (KB)            :  1000000  2048000   6334730
	   Memory (MB)          :      236     1992      1992
...
