000 (1262530.006.000) 07/25 12:33:25 Job submitted from host: <144.92.180.28:9618?addrs=144.92.180.28-9618+[2607-f388-101c-1000--370]-9618&noUDP&sock=5187_6dd5_82>
...
001 (1262530.006.000) 07/25 13:03:36 Job executing on host: <144.92.180.77:9618?addrs=144.92.180.77-9618+[2607-f388-101c-1000--629]-9618&noUDP&sock=7678_0c3f_3>
...
006 (1262530.006.000) 07/25 13:03:46 Image size of job updated: 225756
	106  -  MemoryUsage of job (MB)
	108324  -  ResidentSetSize of job (KB)
...
005 (1262530.006.000) 07/25 13:10:14 Job terminated.
	(1) Normal termination (return value 0)
		Usr 0 00:01:24, Sys 0 00:00:05  -  Run Remote Usage
		Usr 0 00:00:00, Sys 0 00:00:00  -  Run Local Usage
		Usr 0 00:01:24, Sys 0 00:00:05  -  Total Remote Usage
		Usr 0 00:00:00, Sys 0 00:00:00  -  Total Local Usage
	326548  -  Run Bytes Sent By Job
	283691  -  Run Bytes Received By Job
	326548  -  Total Bytes Sent By Job
	283691  -  Total Bytes Received By Job
	Partitionable Resources :    Usage  Request Allocated
	   Cpus                 :                 1         1
	   Disk (KB)            :  1000000  2048000   7918691
	   Memory (MB)          :      106     1992      1992
...
