000 (690099.006.000) 07/11 07:31:48 Job submitted from host: <144.92.181.245:9618?addrs=144.92.181.245-9618+[2607-f388-101c-1000--372]-9618&noUDP&sock=6179_dbc8_3>
...
001 (690099.006.000) 07/11 09:15:51 Job executing on host: <128.104.227.45:9618?addrs=128.104.227.45-9618+[2607-f388-101c-1000--629]-9618&noUDP&sock=10315_cf7d_3>
...
006 (690099.006.000) 07/11 09:16:00 Image size of job updated: 181600
	68  -  MemoryUsage of job (MB)
	68932  -  ResidentSetSize of job (KB)
...
006 (690099.006.000) 07/11 09:33:53 Image size of job updated: 181600
	68  -  MemoryUsage of job (MB)
	69372  -  ResidentSetSize of job (KB)
...
005 (690099.006.000) 07/11 09:33:54 Job terminated.
	(1) Normal termination (return value 0)
		Usr 0 00:02:06, Sys 0 00:00:08  -  Run Remote Usage
		Usr 0 00:00:00, Sys 0 00:00:00  -  Run Local Usage
		Usr 0 00:02:06, Sys 0 00:00:08  -  Total Remote Usage
		Usr 0 00:00:00, Sys 0 00:00:00  -  Total Local Usage
	349355  -  Run Bytes Sent By Job
	302156  -  Run Bytes Received By Job
	349355  -  Total Bytes Sent By Job
	302156  -  Total Bytes Received By Job
	Partitionable Resources :    Usage  Request Allocated
	   Cpus                 :                 1         1
	   Disk (KB)            :  1000000  2048000   9500298
	   Memory (MB)          :       68     1992      1992
...
