000 (690099.009.000) 07/11 07:31:48 Job submitted from host: <144.92.181.245:9618?addrs=144.92.181.245-9618+[2607-f388-101c-1000--372]-9618&noUDP&sock=6179_dbc8_3>
...
001 (690099.009.000) 07/11 09:16:02 Job executing on host: <144.92.180.19:9618?addrs=144.92.180.19-9618+[2607-f388-101c-1000--629]-9618&noUDP&sock=10082_fdec_3>
...
006 (690099.009.000) 07/11 09:16:10 Image size of job updated: 164572
	53  -  MemoryUsage of job (MB)
	53360  -  ResidentSetSize of job (KB)
...
006 (690099.009.000) 07/11 09:36:10 Image size of job updated: 242828
	235  -  MemoryUsage of job (MB)
	240532  -  ResidentSetSize of job (KB)
...
005 (690099.009.000) 07/11 09:38:10 Job terminated.
	(1) Normal termination (return value 0)
		Usr 0 00:02:26, Sys 0 00:00:08  -  Run Remote Usage
		Usr 0 00:00:00, Sys 0 00:00:00  -  Run Local Usage
		Usr 0 00:02:26, Sys 0 00:00:08  -  Total Remote Usage
		Usr 0 00:00:00, Sys 0 00:00:00  -  Total Local Usage
	349366  -  Run Bytes Sent By Job
	302156  -  Run Bytes Received By Job
	349366  -  Total Bytes Sent By Job
	302156  -  Total Bytes Received By Job
	Partitionable Resources :    Usage  Request Allocated
	   Cpus                 :                 1         1
	   Disk (KB)            :  1000000  2048000   7916931
	   Memory (MB)          :      235     1992      1992
...
