000 (1262504.000.000) 07/25 12:33:09 Job submitted from host: <144.92.180.28:9618?addrs=144.92.180.28-9618+[2607-f388-101c-1000--370]-9618&noUDP&sock=5187_6dd5_82>
...
001 (1262504.000.000) 07/25 12:37:04 Job executing on host: <144.92.181.246:9618?addrs=144.92.181.246-9618+[2607-f388-101c-1000--629]-9618&noUDP&sock=10023_85d6_3>
...
006 (1262504.000.000) 07/25 12:37:13 Image size of job updated: 249340
	128  -  MemoryUsage of job (MB)
	130080  -  ResidentSetSize of job (KB)
...
005 (1262504.000.000) 07/25 12:42:16 Job terminated.
	(1) Normal termination (return value 0)
		Usr 0 00:01:24, Sys 0 00:00:03  -  Run Remote Usage
		Usr 0 00:00:00, Sys 0 00:00:00  -  Run Local Usage
		Usr 0 00:01:24, Sys 0 00:00:03  -  Total Remote Usage
		Usr 0 00:00:00, Sys 0 00:00:00  -  Total Local Usage
	222991  -  Run Bytes Sent By Job
	283691  -  Run Bytes Received By Job
	222991  -  Total Bytes Sent By Job
	283691  -  Total Bytes Received By Job
	Partitionable Resources :    Usage  Request Allocated
	   Cpus                 :                 1         1
	   Disk (KB)            :  1000000  2048000   7917729
	   Memory (MB)          :      128     1992      1992
...
