000 (691398.002.000) 07/11 11:25:47 Job submitted from host: <144.92.181.245:9618?addrs=144.92.181.245-9618+[2607-f388-101c-1000--372]-9618&noUDP&sock=6179_dbc8_3>
...
001 (691398.002.000) 07/11 11:39:45 Job executing on host: <144.92.180.233:9618?addrs=144.92.180.233-9618+[2607-f388-101c-1000--629]-9618&noUDP&sock=9975_994a_3>
...
006 (691398.002.000) 07/11 11:39:53 Image size of job updated: 109316
	106  -  MemoryUsage of job (MB)
	108200  -  ResidentSetSize of job (KB)
...
006 (691398.002.000) 07/11 11:48:15 Image size of job updated: 130656
	106  -  MemoryUsage of job (MB)
	108200  -  ResidentSetSize of job (KB)
...
005 (691398.002.000) 07/11 11:48:16 Job terminated.
	(1) Normal termination (return value 0)
		Usr 0 00:01:00, Sys 0 00:00:02  -  Run Remote Usage
		Usr 0 00:00:00, Sys 0 00:00:00  -  Run Local Usage
		Usr 0 00:01:00, Sys 0 00:00:02  -  Total Remote Usage
		Usr 0 00:00:00, Sys 0 00:00:00  -  Total Local Usage
	308874  -  Run Bytes Sent By Job
	306644  -  Run Bytes Received By Job
	308874  -  Total Bytes Sent By Job
	306644  -  Total Bytes Received By Job
	Partitionable Resources :    Usage  Request Allocated
	   Cpus                 :                 1         1
	   Disk (KB)            :  1000000  2048000   7917907
	   Memory (MB)          :      106     1992      1992
...
