000 (1262641.007.000) 07/25 12:34:48 Job submitted from host: <144.92.180.28:9618?addrs=144.92.180.28-9618+[2607-f388-101c-1000--370]-9618&noUDP&sock=5187_6dd5_82>
...
001 (1262641.007.000) 07/25 14:32:49 Job executing on host: <128.104.227.74:9618?addrs=128.104.227.74-9618+[2607-f388-101c-1000--629]-9618&noUDP&sock=10245_cbdc_3>
...
006 (1262641.007.000) 07/25 14:32:58 Image size of job updated: 227616
	107  -  MemoryUsage of job (MB)
	108636  -  ResidentSetSize of job (KB)
...
005 (1262641.007.000) 07/25 14:46:40 Job terminated.
	(1) Normal termination (return value 0)
		Usr 0 00:02:01, Sys 0 00:00:06  -  Run Remote Usage
		Usr 0 00:00:00, Sys 0 00:00:00  -  Run Local Usage
		Usr 0 00:02:01, Sys 0 00:00:06  -  Total Remote Usage
		Usr 0 00:00:00, Sys 0 00:00:00  -  Total Local Usage
	443411  -  Run Bytes Sent By Job
	283691  -  Run Bytes Received By Job
	443411  -  Total Bytes Sent By Job
	283691  -  Total Bytes Received By Job
	Partitionable Resources :    Usage  Request Allocated
	   Cpus                 :                 1         1
	   Disk (KB)            :  1000000  2048000   9499228
	   Memory (MB)          :      107     1992      1992
...
