000 (691487.004.000) 07/11 11:27:49 Job submitted from host: <144.92.181.245:9618?addrs=144.92.181.245-9618+[2607-f388-101c-1000--372]-9618&noUDP&sock=6179_dbc8_3>
...
001 (691487.004.000) 07/11 12:09:34 Job executing on host: <144.92.181.139:9618?addrs=144.92.181.139-9618+[2607-f388-101c-1000--629]-9618&noUDP&sock=9896_694f_3>
...
006 (691487.004.000) 07/11 12:09:43 Image size of job updated: 162700
	51  -  MemoryUsage of job (MB)
	51564  -  ResidentSetSize of job (KB)
...
006 (691487.004.000) 07/11 12:29:44 Image size of job updated: 247240
	242  -  MemoryUsage of job (MB)
	247188  -  ResidentSetSize of job (KB)
...
006 (691487.004.000) 07/11 12:34:26 Image size of job updated: 248064
	242  -  MemoryUsage of job (MB)
	247188  -  ResidentSetSize of job (KB)
...
005 (691487.004.000) 07/11 12:34:27 Job terminated.
	(1) Normal termination (return value 0)
		Usr 0 00:01:16, Sys 0 00:00:01  -  Run Remote Usage
		Usr 0 00:00:00, Sys 0 00:00:00  -  Run Local Usage
		Usr 0 00:01:16, Sys 0 00:00:01  -  Total Remote Usage
		Usr 0 00:00:00, Sys 0 00:00:00  -  Total Local Usage
	354829  -  Run Bytes Sent By Job
	306644  -  Run Bytes Received By Job
	354829  -  Total Bytes Sent By Job
	306644  -  Total Bytes Received By Job
	Partitionable Resources :    Usage  Request Allocated
	   Cpus                 :                 1         1
	   Disk (KB)            :  1000000  2048000   7917311
	   Memory (MB)          :      242     1992      1992
...
