000 (691426.011.000) 07/11 11:26:22 Job submitted from host: <144.92.181.245:9618?addrs=144.92.181.245-9618+[2607-f388-101c-1000--372]-9618&noUDP&sock=6179_dbc8_3>
...
001 (691426.011.000) 07/11 11:45:22 Job executing on host: <144.92.180.62:9618?addrs=144.92.180.62-9618+[2607-f388-101c-1000--629]-9618&noUDP&sock=7052_a9f6_3>
...
006 (691426.011.000) 07/11 11:45:31 Image size of job updated: 216804
	106  -  MemoryUsage of job (MB)
	108388  -  ResidentSetSize of job (KB)
...
006 (691426.011.000) 07/11 12:05:33 Image size of job updated: 264228
	256  -  MemoryUsage of job (MB)
	261836  -  ResidentSetSize of job (KB)
...
006 (691426.011.000) 07/11 12:07:34 Image size of job updated: 264228
	256  -  MemoryUsage of job (MB)
	261852  -  ResidentSetSize of job (KB)
...
005 (691426.011.000) 07/11 12:07:34 Job terminated.
	(1) Normal termination (return value 0)
		Usr 0 00:04:34, Sys 0 00:00:15  -  Run Remote Usage
		Usr 0 00:00:00, Sys 0 00:00:00  -  Run Local Usage
		Usr 0 00:04:34, Sys 0 00:00:15  -  Total Remote Usage
		Usr 0 00:00:00, Sys 0 00:00:00  -  Total Local Usage
	362804  -  Run Bytes Sent By Job
	306644  -  Run Bytes Received By Job
	362804  -  Total Bytes Sent By Job
	306644  -  Total Bytes Received By Job
	Partitionable Resources :    Usage  Request Allocated
	   Cpus                 :                 1         1
	   Disk (KB)            :  1000000  2048000   4750234
	   Memory (MB)          :      256     1992      1992
...
