000 (691426.001.000) 07/11 11:26:22 Job submitted from host: <144.92.181.245:9618?addrs=144.92.181.245-9618+[2607-f388-101c-1000--372]-9618&noUDP&sock=6179_dbc8_3>
...
001 (691426.001.000) 07/11 11:44:45 Job executing on host: <144.92.180.62:9618?addrs=144.92.180.62-9618+[2607-f388-101c-1000--629]-9618&noUDP&sock=7052_a9f6_3>
...
006 (691426.001.000) 07/11 11:44:54 Image size of job updated: 150848
	56  -  MemoryUsage of job (MB)
	57108  -  ResidentSetSize of job (KB)
...
006 (691426.001.000) 07/11 12:04:55 Image size of job updated: 261416
	255  -  MemoryUsage of job (MB)
	261052  -  ResidentSetSize of job (KB)
...
005 (691426.001.000) 07/11 12:08:39 Job terminated.
	(1) Normal termination (return value 0)
		Usr 0 00:03:47, Sys 0 00:00:21  -  Run Remote Usage
		Usr 0 00:00:00, Sys 0 00:00:00  -  Run Local Usage
		Usr 0 00:03:47, Sys 0 00:00:21  -  Total Remote Usage
		Usr 0 00:00:00, Sys 0 00:00:00  -  Total Local Usage
	363861  -  Run Bytes Sent By Job
	306644  -  Run Bytes Received By Job
	363861  -  Total Bytes Sent By Job
	306644  -  Total Bytes Received By Job
	Partitionable Resources :    Usage  Request Allocated
	   Cpus                 :                 1         1
	   Disk (KB)            :  1000000  2048000   4750234
	   Memory (MB)          :      255     1992      1992
...
