000 (691462.002.000) 07/11 11:27:16 Job submitted from host: <144.92.181.245:9618?addrs=144.92.181.245-9618+[2607-f388-101c-1000--372]-9618&noUDP&sock=6179_dbc8_3>
...
001 (691462.002.000) 07/11 11:57:12 Job executing on host: <128.104.227.44:9618?addrs=128.104.227.44-9618+[2607-f388-101c-1000--629]-9618&noUDP&sock=10345_6355_3>
...
006 (691462.002.000) 07/11 11:57:21 Image size of job updated: 49868
	49  -  MemoryUsage of job (MB)
	49820  -  ResidentSetSize of job (KB)
...
005 (691462.002.000) 07/11 12:14:26 Job terminated.
	(1) Normal termination (return value 0)
		Usr 0 00:02:27, Sys 0 00:00:09  -  Run Remote Usage
		Usr 0 00:00:00, Sys 0 00:00:00  -  Run Local Usage
		Usr 0 00:02:27, Sys 0 00:00:09  -  Total Remote Usage
		Usr 0 00:00:00, Sys 0 00:00:00  -  Total Local Usage
	372974  -  Run Bytes Sent By Job
	306644  -  Run Bytes Received By Job
	372974  -  Total Bytes Sent By Job
	306644  -  Total Bytes Received By Job
	Partitionable Resources :    Usage  Request Allocated
	   Cpus                 :                 1         1
	   Disk (KB)            :  1000000  2048000   9499711
	   Memory (MB)          :       49     1992      1992
...
