000 (691462.009.000) 07/11 11:27:16 Job submitted from host: <144.92.181.245:9618?addrs=144.92.181.245-9618+[2607-f388-101c-1000--372]-9618&noUDP&sock=6179_dbc8_3>
...
001 (691462.009.000) 07/11 11:57:23 Job executing on host: <144.92.180.103:9618?addrs=144.92.180.103-9618+[2607-f388-101c-1000--629]-9618&noUDP&sock=7751_1ea9_3>
...
006 (691462.009.000) 07/11 11:57:32 Image size of job updated: 169624
	53  -  MemoryUsage of job (MB)
	53352  -  ResidentSetSize of job (KB)
...
006 (691462.009.000) 07/11 12:17:33 Image size of job updated: 242476
	237  -  MemoryUsage of job (MB)
	241784  -  ResidentSetSize of job (KB)
...
005 (691462.009.000) 07/11 12:23:34 Job terminated.
	(1) Normal termination (return value 0)
		Usr 0 00:02:18, Sys 0 00:00:07  -  Run Remote Usage
		Usr 0 00:00:00, Sys 0 00:00:00  -  Run Local Usage
		Usr 0 00:02:18, Sys 0 00:00:07  -  Total Remote Usage
		Usr 0 00:00:00, Sys 0 00:00:00  -  Total Local Usage
	373199  -  Run Bytes Sent By Job
	306644  -  Run Bytes Received By Job
	373199  -  Total Bytes Sent By Job
	306644  -  Total Bytes Received By Job
	Partitionable Resources :    Usage  Request Allocated
	   Cpus                 :                 1         1
	   Disk (KB)            :  1000000  2048000   6334396
	   Memory (MB)          :      237     1992      1992
...
