000 (691468.010.000) 07/11 11:27:25 Job submitted from host: <144.92.181.245:9618?addrs=144.92.181.245-9618+[2607-f388-101c-1000--372]-9618&noUDP&sock=6179_dbc8_3>
...
001 (691468.010.000) 07/11 12:01:08 Job executing on host: <144.92.180.121:9618?addrs=144.92.180.121-9618+[2607-f388-101c-1000--629]-9618&noUDP&sock=7631_cf4c_3>
...
006 (691468.010.000) 07/11 12:01:17 Image size of job updated: 21364
	6  -  MemoryUsage of job (MB)
	5632  -  ResidentSetSize of job (KB)
...
006 (691468.010.000) 07/11 12:21:18 Image size of job updated: 260464
	231  -  MemoryUsage of job (MB)
	236248  -  ResidentSetSize of job (KB)
...
006 (691468.010.000) 07/11 12:41:19 Image size of job updated: 260464
	232  -  MemoryUsage of job (MB)
	236700  -  ResidentSetSize of job (KB)
...
005 (691468.010.000) 07/11 12:42:30 Job terminated.
	(1) Normal termination (return value 0)
		Usr 0 00:02:09, Sys 0 00:00:08  -  Run Remote Usage
		Usr 0 00:00:00, Sys 0 00:00:00  -  Run Local Usage
		Usr 0 00:02:09, Sys 0 00:00:08  -  Total Remote Usage
		Usr 0 00:00:00, Sys 0 00:00:00  -  Total Local Usage
	417650  -  Run Bytes Sent By Job
	306644  -  Run Bytes Received By Job
	417650  -  Total Bytes Sent By Job
	306644  -  Total Bytes Received By Job
	Partitionable Resources :    Usage  Request Allocated
	   Cpus                 :                 1         1
	   Disk (KB)            :  1000000  2048000   6333840
	   Memory (MB)          :      232     1992      1992
...
