000 (691468.011.000) 07/11 11:27:25 Job submitted from host: <144.92.181.245:9618?addrs=144.92.181.245-9618+[2607-f388-101c-1000--372]-9618&noUDP&sock=6179_dbc8_3>
...
001 (691468.011.000) 07/11 12:01:06 Job executing on host: <144.92.180.205:9618?addrs=144.92.180.205-9618+[2607-f388-101c-1000--629]-9618&noUDP&sock=7744_517f_3>
...
006 (691468.011.000) 07/11 12:01:15 Image size of job updated: 168556
	53  -  MemoryUsage of job (MB)
	53520  -  ResidentSetSize of job (KB)
...
006 (691468.011.000) 07/11 12:21:16 Image size of job updated: 236164
	231  -  MemoryUsage of job (MB)
	235840  -  ResidentSetSize of job (KB)
...
005 (691468.011.000) 07/11 12:23:29 Job terminated.
	(1) Normal termination (return value 0)
		Usr 0 00:02:46, Sys 0 00:00:10  -  Run Remote Usage
		Usr 0 00:00:00, Sys 0 00:00:00  -  Run Local Usage
		Usr 0 00:02:46, Sys 0 00:00:10  -  Total Remote Usage
		Usr 0 00:00:00, Sys 0 00:00:00  -  Total Local Usage
	413590  -  Run Bytes Sent By Job
	306644  -  Run Bytes Received By Job
	413590  -  Total Bytes Sent By Job
	306644  -  Total Bytes Received By Job
	Partitionable Resources :    Usage  Request Allocated
	   Cpus                 :                 1         1
	   Disk (KB)            :  1000000  2048000   7918311
	   Memory (MB)          :      231     1992      1992
...
