000 (691468.013.000) 07/11 11:27:25 Job submitted from host: <144.92.181.245:9618?addrs=144.92.181.245-9618+[2607-f388-101c-1000--372]-9618&noUDP&sock=6179_dbc8_3>
...
001 (691468.013.000) 07/11 12:01:07 Job executing on host: <144.92.180.77:9618?addrs=144.92.180.77-9618+[2607-f388-101c-1000--629]-9618&noUDP&sock=7678_0c3f_3>
...
006 (691468.013.000) 07/11 12:01:16 Image size of job updated: 216056
	106  -  MemoryUsage of job (MB)
	108404  -  ResidentSetSize of job (KB)
...
006 (691468.013.000) 07/11 12:21:17 Image size of job updated: 234036
	229  -  MemoryUsage of job (MB)
	233948  -  ResidentSetSize of job (KB)
...
006 (691468.013.000) 07/11 12:39:32 Image size of job updated: 235540
	229  -  MemoryUsage of job (MB)
	233948  -  ResidentSetSize of job (KB)
...
005 (691468.013.000) 07/11 12:39:34 Job terminated.
	(1) Normal termination (return value 0)
		Usr 0 00:02:48, Sys 0 00:00:09  -  Run Remote Usage
		Usr 0 00:00:00, Sys 0 00:00:00  -  Run Local Usage
		Usr 0 00:02:48, Sys 0 00:00:09  -  Total Remote Usage
		Usr 0 00:00:00, Sys 0 00:00:00  -  Total Local Usage
	420888  -  Run Bytes Sent By Job
	306644  -  Run Bytes Received By Job
	420888  -  Total Bytes Sent By Job
	306644  -  Total Bytes Received By Job
	Partitionable Resources :    Usage  Request Allocated
	   Cpus                 :                 1         1
	   Disk (KB)            :  1000000  2048000   7918691
	   Memory (MB)          :      229     1992      1992
...
