000 (691468.002.000) 07/11 11:27:25 Job submitted from host: <144.92.181.245:9618?addrs=144.92.181.245-9618+[2607-f388-101c-1000--372]-9618&noUDP&sock=6179_dbc8_3>
...
001 (691468.002.000) 07/11 12:01:05 Job executing on host: <128.104.227.50:9618?addrs=128.104.227.50-9618+[2607-f388-101c-1000--629]-9618&noUDP&sock=10316_7f15_3>
...
006 (691468.002.000) 07/11 12:01:14 Image size of job updated: 216632
	106  -  MemoryUsage of job (MB)
	108412  -  ResidentSetSize of job (KB)
...
006 (691468.002.000) 07/11 12:21:15 Image size of job updated: 235604
	230  -  MemoryUsage of job (MB)
	235428  -  ResidentSetSize of job (KB)
...
006 (691468.002.000) 07/11 12:26:19 Image size of job updated: 480296
	230  -  MemoryUsage of job (MB)
	235428  -  ResidentSetSize of job (KB)
...
005 (691468.002.000) 07/11 12:26:20 Job terminated.
	(1) Normal termination (return value 0)
		Usr 0 00:02:27, Sys 0 00:00:07  -  Run Remote Usage
		Usr 0 00:00:00, Sys 0 00:00:00  -  Run Local Usage
		Usr 0 00:02:27, Sys 0 00:00:07  -  Total Remote Usage
		Usr 0 00:00:00, Sys 0 00:00:00  -  Total Local Usage
	419777  -  Run Bytes Sent By Job
	306644  -  Run Bytes Received By Job
	419777  -  Total Bytes Sent By Job
	306644  -  Total Bytes Received By Job
	Partitionable Resources :    Usage  Request Allocated
	   Cpus                 :                 1         1
	   Disk (KB)            :  1000000  2048000   9498760
	   Memory (MB)          :      230     1992      1992
...
