000 (691468.003.000) 07/11 11:27:25 Job submitted from host: <144.92.181.245:9618?addrs=144.92.181.245-9618+[2607-f388-101c-1000--372]-9618&noUDP&sock=6179_dbc8_3>
...
001 (691468.003.000) 07/11 12:01:05 Job executing on host: <144.92.181.193:9618?addrs=144.92.181.193-9618+[2607-f388-101c-1000--629]-9618&noUDP&sock=10042_8e22_3>
...
006 (691468.003.000) 07/11 12:01:14 Image size of job updated: 208588
	106  -  MemoryUsage of job (MB)
	108420  -  ResidentSetSize of job (KB)
...
006 (691468.003.000) 07/11 12:21:15 Image size of job updated: 238448
	233  -  MemoryUsage of job (MB)
	238400  -  ResidentSetSize of job (KB)
...
006 (691468.003.000) 07/11 12:34:58 Image size of job updated: 238472
	233  -  MemoryUsage of job (MB)
	238400  -  ResidentSetSize of job (KB)
...
005 (691468.003.000) 07/11 12:34:59 Job terminated.
	(1) Normal termination (return value 0)
		Usr 0 00:02:27, Sys 0 00:00:07  -  Run Remote Usage
		Usr 0 00:00:00, Sys 0 00:00:00  -  Run Local Usage
		Usr 0 00:02:27, Sys 0 00:00:07  -  Total Remote Usage
		Usr 0 00:00:00, Sys 0 00:00:00  -  Total Local Usage
	418254  -  Run Bytes Sent By Job
	306644  -  Run Bytes Received By Job
	418254  -  Total Bytes Sent By Job
	306644  -  Total Bytes Received By Job
	Partitionable Resources :    Usage  Request Allocated
	   Cpus                 :                 1         1
	   Disk (KB)            :  1000000  2048000   7769661
	   Memory (MB)          :      233     1992      1992
...
