000 (691468.008.000) 07/11 11:27:25 Job submitted from host: <144.92.181.245:9618?addrs=144.92.181.245-9618+[2607-f388-101c-1000--372]-9618&noUDP&sock=6179_dbc8_3>
...
001 (691468.008.000) 07/11 12:01:06 Job executing on host: <144.92.180.82:9618?addrs=144.92.180.82-9618+[2607-f388-101c-1000--629]-9618&noUDP&sock=6973_79fb_3>
...
006 (691468.008.000) 07/11 12:01:14 Image size of job updated: 170496
	53  -  MemoryUsage of job (MB)
	53260  -  ResidentSetSize of job (KB)
...
006 (691468.008.000) 07/11 12:21:14 Image size of job updated: 236844
	232  -  MemoryUsage of job (MB)
	236628  -  ResidentSetSize of job (KB)
...
006 (691468.008.000) 07/11 12:30:28 Image size of job updated: 480428
	232  -  MemoryUsage of job (MB)
	236628  -  ResidentSetSize of job (KB)
...
005 (691468.008.000) 07/11 12:30:29 Job terminated.
	(1) Normal termination (return value 0)
		Usr 0 00:04:27, Sys 0 00:00:19  -  Run Remote Usage
		Usr 0 00:00:00, Sys 0 00:00:00  -  Run Local Usage
		Usr 0 00:04:27, Sys 0 00:00:19  -  Total Remote Usage
		Usr 0 00:00:00, Sys 0 00:00:00  -  Total Local Usage
	429277  -  Run Bytes Sent By Job
	306644  -  Run Bytes Received By Job
	429277  -  Total Bytes Sent By Job
	306644  -  Total Bytes Received By Job
	Partitionable Resources :    Usage  Request Allocated
	   Cpus                 :                 1         1
	   Disk (KB)            :  1000000  2048000   4750867
	   Memory (MB)          :      232     1992      1992
...
