000 (696022.001.000) 07/12 06:43:22 Job submitted from host: <144.92.181.245:9618?addrs=144.92.181.245-9618+[2607-f388-101c-1000--372]-9618&noUDP&sock=6179_dbc8_3>
...
001 (696022.001.000) 07/12 08:30:49 Job executing on host: <128.104.227.40:9618?addrs=128.104.227.40-9618+[2607-f388-101c-1000--629]-9618&noUDP&sock=10264_d429_3>
...
006 (696022.001.000) 07/12 08:30:57 Image size of job updated: 215460
	106  -  MemoryUsage of job (MB)
	108368  -  ResidentSetSize of job (KB)
...
006 (696022.001.000) 07/12 08:50:57 Image size of job updated: 240484
	235  -  MemoryUsage of job (MB)
	240484  -  ResidentSetSize of job (KB)
...
006 (696022.001.000) 07/12 09:06:21 Image size of job updated: 484376
	235  -  MemoryUsage of job (MB)
	240484  -  ResidentSetSize of job (KB)
...
005 (696022.001.000) 07/12 09:06:22 Job terminated.
	(1) Normal termination (return value 0)
		Usr 0 00:02:39, Sys 0 00:00:10  -  Run Remote Usage
		Usr 0 00:00:00, Sys 0 00:00:00  -  Run Local Usage
		Usr 0 00:02:39, Sys 0 00:00:10  -  Total Remote Usage
		Usr 0 00:00:00, Sys 0 00:00:00  -  Total Local Usage
	326008  -  Run Bytes Sent By Job
	281287  -  Run Bytes Received By Job
	326008  -  Total Bytes Sent By Job
	281287  -  Total Bytes Received By Job
	Partitionable Resources :    Usage  Request Allocated
	   Cpus                 :                 1         1
	   Disk (KB)            :  1000000  2048000   9500532
	   Memory (MB)          :      235     1992      1992
...
