000 (696022.007.000) 07/12 06:43:22 Job submitted from host: <144.92.181.245:9618?addrs=144.92.181.245-9618+[2607-f388-101c-1000--372]-9618&noUDP&sock=6179_dbc8_3>
...
001 (695025.007.000) 07/12 06:43:37 Job executing on host: <128.104.227.24:9618?addrs=128.104.227.24-9618+[2607-f388-101c-1000--629]-9618&noUDP&sock=10309_b1ec_3>
...
006 (695025.007.000) 07/12 06:43:46 Image size of job updated: 216256
	106  -  MemoryUsage of job (MB)
	108368  -  ResidentSetSize of job (KB)
...
006 (695025.007.000) 07/12 07:03:47 Image size of job updated: 240804
	236  -  MemoryUsage of job (MB)
	240656  -  ResidentSetSize of job (KB)
...
005 (695025.007.000) 07/12 07:12:04 Job terminated.
	(1) Normal termination (return value 0)
		Usr 0 00:02:46, Sys 0 00:00:09  -  Run Remote Usage
		Usr 0 00:00:00, Sys 0 00:00:00  -  Run Local Usage
		Usr 0 00:02:46, Sys 0 00:00:09  -  Total Remote Usage
		Usr 0 00:00:00, Sys 0 00:00:00  -  Total Local Usage
	329479  -  Run Bytes Sent By Job
	281287  -  Run Bytes Received By Job
	329479  -  Total Bytes Sent By Job
	281287  -  Total Bytes Received By Job
	Partitionable Resources :    Usage  Request Allocated
	   Cpus                 :                 1         1
	   Disk (KB)            :  1000000  2048000   9499870
	   Memory (MB)          :      236     1992      1992
...
001 (696022.007.000) 07/12 08:31:03 Job executing on host: <128.104.227.34:9618?addrs=128.104.227.34-9618+[2607-f388-101c-1000--629]-9618&noUDP&sock=10298_2661_3>
...
006 (696022.007.000) 07/12 08:31:11 Image size of job updated: 215328
	106  -  MemoryUsage of job (MB)
	108368  -  ResidentSetSize of job (KB)
...
006 (696022.007.000) 07/12 08:51:11 Image size of job updated: 238716
	233  -  MemoryUsage of job (MB)
	238532  -  ResidentSetSize of job (KB)
...
005 (696022.007.000) 07/12 09:00:20 Job terminated.
	(1) Normal termination (return value 0)
		Usr 0 00:02:42, Sys 0 00:00:08  -  Run Remote Usage
		Usr 0 00:00:00, Sys 0 00:00:00  -  Run Local Usage
		Usr 0 00:02:42, Sys 0 00:00:08  -  Total Remote Usage
		Usr 0 00:00:00, Sys 0 00:00:00  -  Total Local Usage
	329479  -  Run Bytes Sent By Job
	281287  -  Run Bytes Received By Job
	329479  -  Total Bytes Sent By Job
	281287  -  Total Bytes Received By Job
	Partitionable Resources :    Usage  Request Allocated
	   Cpus                 :                 1         1
	   Disk (KB)            :  1000000  2048000   9500816
	   Memory (MB)          :      233     1992      1992
...
