000 (696032.012.000) 07/12 06:43:37 Job submitted from host: <144.92.181.245:9618?addrs=144.92.181.245-9618+[2607-f388-101c-1000--372]-9618&noUDP&sock=6179_dbc8_3>
...
001 (695035.012.000) 07/12 07:27:48 Job executing on host: <144.92.180.200:9618?addrs=144.92.180.200-9618+[2607-f388-101c-1000--629]-9618&noUDP&sock=8749_aa2e_3>
...
006 (695035.012.000) 07/12 07:27:56 Image size of job updated: 44292
	44  -  MemoryUsage of job (MB)
	44292  -  ResidentSetSize of job (KB)
...
006 (695035.012.000) 07/12 07:47:56 Image size of job updated: 240924
	231  -  MemoryUsage of job (MB)
	235668  -  ResidentSetSize of job (KB)
...
006 (695035.012.000) 07/12 08:07:56 Image size of job updated: 241908
	232  -  MemoryUsage of job (MB)
	236652  -  ResidentSetSize of job (KB)
...
006 (695035.012.000) 07/12 08:13:44 Image size of job updated: 480744
	232  -  MemoryUsage of job (MB)
	236652  -  ResidentSetSize of job (KB)
...
005 (695035.012.000) 07/12 08:13:46 Job terminated.
	(1) Normal termination (return value 0)
		Usr 0 00:03:48, Sys 0 00:00:17  -  Run Remote Usage
		Usr 0 00:00:00, Sys 0 00:00:00  -  Run Local Usage
		Usr 0 00:03:48, Sys 0 00:00:17  -  Total Remote Usage
		Usr 0 00:00:00, Sys 0 00:00:00  -  Total Local Usage
	658444  -  Run Bytes Sent By Job
	281287  -  Run Bytes Received By Job
	658444  -  Total Bytes Sent By Job
	281287  -  Total Bytes Received By Job
	Partitionable Resources :    Usage  Request Allocated
	   Cpus                 :                 1         1
	   Disk (KB)            :  1000000  2048000   4750503
	   Memory (MB)          :      232     1992      1992
...
001 (696032.012.000) 07/12 08:36:37 Job executing on host: <144.92.180.82:9618?addrs=144.92.180.82-9618+[2607-f388-101c-1000--629]-9618&noUDP&sock=6973_79fb_3>
...
006 (696032.012.000) 07/12 08:36:45 Image size of job updated: 170932
	53  -  MemoryUsage of job (MB)
	53576  -  ResidentSetSize of job (KB)
...
006 (696032.012.000) 07/12 08:56:45 Image size of job updated: 236440
	231  -  MemoryUsage of job (MB)
	236440  -  ResidentSetSize of job (KB)
...
006 (696032.012.000) 07/12 09:16:45 Image size of job updated: 238228
	232  -  MemoryUsage of job (MB)
	236936  -  ResidentSetSize of job (KB)
...
005 (696032.012.000) 07/12 09:16:53 Job terminated.
	(1) Normal termination (return value 0)
		Usr 0 00:05:50, Sys 0 00:00:20  -  Run Remote Usage
		Usr 0 00:00:00, Sys 0 00:00:00  -  Run Local Usage
		Usr 0 00:05:50, Sys 0 00:00:20  -  Total Remote Usage
		Usr 0 00:00:00, Sys 0 00:00:00  -  Total Local Usage
	673635  -  Run Bytes Sent By Job
	281287  -  Run Bytes Received By Job
	673635  -  Total Bytes Sent By Job
	281287  -  Total Bytes Received By Job
	Partitionable Resources :    Usage  Request Allocated
	   Cpus                 :                 1         1
	   Disk (KB)            :  1000000  2048000   4750867
	   Memory (MB)          :      232     1992      1992
...
