000 (696032.006.000) 07/12 06:43:37 Job submitted from host: <144.92.181.245:9618?addrs=144.92.181.245-9618+[2607-f388-101c-1000--372]-9618&noUDP&sock=6179_dbc8_3>
...
001 (695035.006.000) 07/12 07:27:35 Job executing on host: <144.92.180.200:9618?addrs=144.92.180.200-9618+[2607-f388-101c-1000--629]-9618&noUDP&sock=8749_aa2e_3>
...
006 (695035.006.000) 07/12 07:27:44 Image size of job updated: 45056
	44  -  MemoryUsage of job (MB)
	44296  -  ResidentSetSize of job (KB)
...
006 (695035.006.000) 07/12 07:47:45 Image size of job updated: 239472
	233  -  MemoryUsage of job (MB)
	237892  -  ResidentSetSize of job (KB)
...
006 (695035.006.000) 07/12 08:07:46 Image size of job updated: 240320
	234  -  MemoryUsage of job (MB)
	238740  -  ResidentSetSize of job (KB)
...
005 (695035.006.000) 07/12 08:19:06 Job terminated.
	(1) Normal termination (return value 0)
		Usr 0 00:03:56, Sys 0 00:00:25  -  Run Remote Usage
		Usr 0 00:00:00, Sys 0 00:00:00  -  Run Local Usage
		Usr 0 00:03:56, Sys 0 00:00:25  -  Total Remote Usage
		Usr 0 00:00:00, Sys 0 00:00:00  -  Total Local Usage
	659010  -  Run Bytes Sent By Job
	281287  -  Run Bytes Received By Job
	659010  -  Total Bytes Sent By Job
	281287  -  Total Bytes Received By Job
	Partitionable Resources :    Usage  Request Allocated
	   Cpus                 :                 1         1
	   Disk (KB)            :  1000000  2048000   4750503
	   Memory (MB)          :      234     1992      1992
...
001 (696032.006.000) 07/12 08:36:28 Job executing on host: <144.92.181.220:9618?addrs=144.92.181.220-9618+[2607-f388-101c-1000--629]-9618&noUDP&sock=6939_27c2_10>
...
006 (696032.006.000) 07/12 08:36:37 Image size of job updated: 167552
	53  -  MemoryUsage of job (MB)
	53332  -  ResidentSetSize of job (KB)
...
006 (696032.006.000) 07/12 08:56:37 Image size of job updated: 239472
	233  -  MemoryUsage of job (MB)
	238332  -  ResidentSetSize of job (KB)
...
006 (696032.006.000) 07/12 09:16:37 Image size of job updated: 239472
	234  -  MemoryUsage of job (MB)
	238932  -  ResidentSetSize of job (KB)
...
005 (696032.006.000) 07/12 09:18:10 Job terminated.
	(1) Normal termination (return value 0)
		Usr 0 00:07:57, Sys 0 00:00:31  -  Run Remote Usage
		Usr 0 00:00:00, Sys 0 00:00:00  -  Run Local Usage
		Usr 0 00:07:57, Sys 0 00:00:31  -  Total Remote Usage
		Usr 0 00:00:00, Sys 0 00:00:00  -  Total Local Usage
	670146  -  Run Bytes Sent By Job
	281287  -  Run Bytes Received By Job
	670146  -  Total Bytes Sent By Job
	281287  -  Total Bytes Received By Job
	Partitionable Resources :    Usage  Request Allocated
	   Cpus                 :                 1         1
	   Disk (KB)            :  1000000  2048000   3167351
	   Memory (MB)          :      234     1992      1992
...
