000 (691521.000.000) 07/11 11:28:31 Job submitted from host: <144.92.181.245:9618?addrs=144.92.181.245-9618+[2607-f388-101c-1000--372]-9618&noUDP&sock=6179_dbc8_3>
...
001 (691521.000.000) 07/11 12:22:43 Job executing on host: <128.104.227.73:9618?addrs=128.104.227.73-9618+[2607-f388-101c-1000--629]-9618&noUDP&sock=10275_5fb3_3>
...
006 (691521.000.000) 07/11 12:22:51 Image size of job updated: 215476
	106  -  MemoryUsage of job (MB)
	108156  -  ResidentSetSize of job (KB)
...
006 (691521.000.000) 07/11 12:42:51 Image size of job updated: 281192
	242  -  MemoryUsage of job (MB)
	246940  -  ResidentSetSize of job (KB)
...
006 (691521.000.000) 07/11 12:45:57 Image size of job updated: 281500
	242  -  MemoryUsage of job (MB)
	246940  -  ResidentSetSize of job (KB)
...
005 (691521.000.000) 07/11 12:45:57 Job terminated.
	(1) Normal termination (return value 0)
		Usr 0 00:01:43, Sys 0 00:00:05  -  Run Remote Usage
		Usr 0 00:00:00, Sys 0 00:00:00  -  Run Local Usage
		Usr 0 00:01:43, Sys 0 00:00:05  -  Total Remote Usage
		Usr 0 00:00:00, Sys 0 00:00:00  -  Total Local Usage
	222961  -  Run Bytes Sent By Job
	306644  -  Run Bytes Received By Job
	222961  -  Total Bytes Sent By Job
	306644  -  Total Bytes Received By Job
	Partitionable Resources :    Usage  Request Allocated
	   Cpus                 :                 1         1
	   Disk (KB)            :  1000000  2048000   9501161
	   Memory (MB)          :      242     1992      1992
...
