000 (691521.005.000) 07/11 11:28:31 Job submitted from host: <144.92.181.245:9618?addrs=144.92.181.245-9618+[2607-f388-101c-1000--372]-9618&noUDP&sock=6179_dbc8_3>
...
001 (691521.005.000) 07/11 12:22:57 Job executing on host: <128.104.227.52:9618?addrs=128.104.227.52-9618+[2607-f388-101c-1000--629]-9618&noUDP&sock=10306_a323_3>
...
006 (691521.005.000) 07/11 12:23:06 Image size of job updated: 217296
	106  -  MemoryUsage of job (MB)
	108152  -  ResidentSetSize of job (KB)
...
006 (691521.005.000) 07/11 12:43:07 Image size of job updated: 248000
	238  -  MemoryUsage of job (MB)
	243680  -  ResidentSetSize of job (KB)
...
005 (691521.005.000) 07/11 12:46:55 Job terminated.
	(1) Normal termination (return value 0)
		Usr 0 00:02:15, Sys 0 00:00:06  -  Run Remote Usage
		Usr 0 00:00:00, Sys 0 00:00:00  -  Run Local Usage
		Usr 0 00:02:15, Sys 0 00:00:06  -  Total Remote Usage
		Usr 0 00:00:00, Sys 0 00:00:00  -  Total Local Usage
	224006  -  Run Bytes Sent By Job
	306644  -  Run Bytes Received By Job
	224006  -  Total Bytes Sent By Job
	306644  -  Total Bytes Received By Job
	Partitionable Resources :    Usage  Request Allocated
	   Cpus                 :                 1         1
	   Disk (KB)            :  1000000  2048000   9501202
	   Memory (MB)          :      238     1992      1992
...
