000 (695996.012.000) 07/12 06:42:41 Job submitted from host: <144.92.181.245:9618?addrs=144.92.181.245-9618+[2607-f388-101c-1000--372]-9618&noUDP&sock=6179_dbc8_3>
...
001 (695996.012.000) 07/12 08:20:01 Job executing on host: <128.104.227.51:9618?addrs=128.104.227.51-9618+[2607-f388-101c-1000--629]-9618&noUDP&sock=10396_5ea9_3>
...
006 (695996.012.000) 07/12 08:20:10 Image size of job updated: 216940
	106  -  MemoryUsage of job (MB)
	108512  -  ResidentSetSize of job (KB)
...
006 (695996.012.000) 07/12 08:40:11 Image size of job updated: 261400
	256  -  MemoryUsage of job (MB)
	261400  -  ResidentSetSize of job (KB)
...
006 (695996.012.000) 07/12 08:40:41 Image size of job updated: 264100
	256  -  MemoryUsage of job (MB)
	261400  -  ResidentSetSize of job (KB)
...
005 (695996.012.000) 07/12 08:40:42 Job terminated.
	(1) Normal termination (return value 0)
		Usr 0 00:02:04, Sys 0 00:00:06  -  Run Remote Usage
		Usr 0 00:00:00, Sys 0 00:00:00  -  Run Local Usage
		Usr 0 00:02:04, Sys 0 00:00:06  -  Total Remote Usage
		Usr 0 00:00:00, Sys 0 00:00:00  -  Total Local Usage
	374346  -  Run Bytes Sent By Job
	281287  -  Run Bytes Received By Job
	374346  -  Total Bytes Sent By Job
	281287  -  Total Bytes Received By Job
	Partitionable Resources :    Usage  Request Allocated
	   Cpus                 :                 1         1
	   Disk (KB)            :  1000000  2048000   9501265
	   Memory (MB)          :      256     1992      1992
...
