000 (695996.005.000) 07/12 06:42:41 Job submitted from host: <144.92.181.245:9618?addrs=144.92.181.245-9618+[2607-f388-101c-1000--372]-9618&noUDP&sock=6179_dbc8_3>
...
001 (695996.005.000) 07/12 08:19:53 Job executing on host: <128.104.227.14:9618?addrs=128.104.227.14-9618+[2607-f388-101c-1000--629]-9618&noUDP&sock=10387_324f_3>
...
006 (695996.005.000) 07/12 08:20:02 Image size of job updated: 216204
	106  -  MemoryUsage of job (MB)
	108520  -  ResidentSetSize of job (KB)
...
006 (695996.005.000) 07/12 08:40:03 Image size of job updated: 255516
	250  -  MemoryUsage of job (MB)
	255516  -  ResidentSetSize of job (KB)
...
005 (695996.005.000) 07/12 08:45:22 Job terminated.
	(1) Normal termination (return value 0)
		Usr 0 00:01:58, Sys 0 00:00:05  -  Run Remote Usage
		Usr 0 00:00:00, Sys 0 00:00:00  -  Run Local Usage
		Usr 0 00:01:58, Sys 0 00:00:05  -  Total Remote Usage
		Usr 0 00:00:00, Sys 0 00:00:00  -  Total Local Usage
	374377  -  Run Bytes Sent By Job
	281287  -  Run Bytes Received By Job
	374377  -  Total Bytes Sent By Job
	281287  -  Total Bytes Received By Job
	Partitionable Resources :    Usage  Request Allocated
	   Cpus                 :                 1         1
	   Disk (KB)            :  1000000  2048000   9501126
	   Memory (MB)          :      250     1992      1992
...
