000 (695996.006.000) 07/12 06:42:41 Job submitted from host: <144.92.181.245:9618?addrs=144.92.181.245-9618+[2607-f388-101c-1000--372]-9618&noUDP&sock=6179_dbc8_3>
...
001 (695996.006.000) 07/12 08:19:53 Job executing on host: <144.92.181.176:9618?addrs=144.92.181.176-9618+[2607-f388-101c-1000--629]-9618&noUDP&sock=9863_c6ae_3>
...
006 (695996.006.000) 07/12 08:20:02 Image size of job updated: 217168
	106  -  MemoryUsage of job (MB)
	108536  -  ResidentSetSize of job (KB)
...
006 (695996.006.000) 07/12 08:40:03 Image size of job updated: 261408
	253  -  MemoryUsage of job (MB)
	258920  -  ResidentSetSize of job (KB)
...
005 (695996.006.000) 07/12 08:44:23 Job terminated.
	(1) Normal termination (return value 0)
		Usr 0 00:02:02, Sys 0 00:00:05  -  Run Remote Usage
		Usr 0 00:00:00, Sys 0 00:00:00  -  Run Local Usage
		Usr 0 00:02:02, Sys 0 00:00:05  -  Total Remote Usage
		Usr 0 00:00:00, Sys 0 00:00:00  -  Total Local Usage
	374110  -  Run Bytes Sent By Job
	281287  -  Run Bytes Received By Job
	374110  -  Total Bytes Sent By Job
	281287  -  Total Bytes Received By Job
	Partitionable Resources :    Usage  Request Allocated
	   Cpus                 :                 1         1
	   Disk (KB)            :  1000000  2048000   7917406
	   Memory (MB)          :      253     1992      1992
...
