000 (695996.008.000) 07/12 06:42:41 Job submitted from host: <144.92.181.245:9618?addrs=144.92.181.245-9618+[2607-f388-101c-1000--372]-9618&noUDP&sock=6179_dbc8_3>
...
001 (695996.008.000) 07/12 08:19:55 Job executing on host: <128.104.227.75:9618?addrs=128.104.227.75-9618+[2607-f388-101c-1000--629]-9618&noUDP&sock=10338_962b_3>
...
006 (695996.008.000) 07/12 08:20:04 Image size of job updated: 217328
	106  -  MemoryUsage of job (MB)
	108516  -  ResidentSetSize of job (KB)
...
006 (695996.008.000) 07/12 08:40:04 Image size of job updated: 259352
	253  -  MemoryUsage of job (MB)
	258068  -  ResidentSetSize of job (KB)
...
005 (695996.008.000) 07/12 08:41:15 Job terminated.
	(1) Normal termination (return value 0)
		Usr 0 00:01:59, Sys 0 00:00:05  -  Run Remote Usage
		Usr 0 00:00:00, Sys 0 00:00:00  -  Run Local Usage
		Usr 0 00:01:59, Sys 0 00:00:05  -  Total Remote Usage
		Usr 0 00:00:00, Sys 0 00:00:00  -  Total Local Usage
	375269  -  Run Bytes Sent By Job
	281287  -  Run Bytes Received By Job
	375269  -  Total Bytes Sent By Job
	281287  -  Total Bytes Received By Job
	Partitionable Resources :    Usage  Request Allocated
	   Cpus                 :                 1         1
	   Disk (KB)            :  1000000  2048000   9500678
	   Memory (MB)          :      253     1992      1992
...
