000 (696042.000.000) 07/12 06:43:50 Job submitted from host: <144.92.181.245:9618?addrs=144.92.181.245-9618+[2607-f388-101c-1000--372]-9618&noUDP&sock=6179_dbc8_3>
...
001 (695045.000.000) 07/12 07:42:34 Job executing on host: <144.92.180.134:9618?addrs=144.92.180.134-9618+[2607-f388-101c-1000--629]-9618&noUDP&sock=10094_390f_3>
...
006 (695045.000.000) 07/12 07:42:42 Image size of job updated: 108392
	106  -  MemoryUsage of job (MB)
	108324  -  ResidentSetSize of job (KB)
...
006 (695045.000.000) 07/12 08:02:42 Image size of job updated: 243640
	238  -  MemoryUsage of job (MB)
	243036  -  ResidentSetSize of job (KB)
...
005 (695045.000.000) 07/12 08:05:05 Job terminated.
	(1) Normal termination (return value 0)
		Usr 0 00:02:20, Sys 0 00:00:08  -  Run Remote Usage
		Usr 0 00:00:00, Sys 0 00:00:00  -  Run Local Usage
		Usr 0 00:02:20, Sys 0 00:00:08  -  Total Remote Usage
		Usr 0 00:00:00, Sys 0 00:00:00  -  Total Local Usage
	365926  -  Run Bytes Sent By Job
	281287  -  Run Bytes Received By Job
	365926  -  Total Bytes Sent By Job
	281287  -  Total Bytes Received By Job
	Partitionable Resources :    Usage  Request Allocated
	   Cpus                 :                 1         1
	   Disk (KB)            :  1000000  2048000   7918298
	   Memory (MB)          :      238     1992      1992
...
001 (696042.000.000) 07/12 08:39:29 Job executing on host: <128.104.227.23:9618?addrs=128.104.227.23-9618+[2607-f388-101c-1000--629]-9618&noUDP&sock=10298_2661_3>
...
006 (696042.000.000) 07/12 08:39:37 Image size of job updated: 65800
	53  -  MemoryUsage of job (MB)
	53452  -  ResidentSetSize of job (KB)
...
006 (696042.000.000) 07/12 08:59:37 Image size of job updated: 242328
	237  -  MemoryUsage of job (MB)
	242256  -  ResidentSetSize of job (KB)
...
005 (696042.000.000) 07/12 09:11:28 Job terminated.
	(1) Normal termination (return value 0)
		Usr 0 00:02:17, Sys 0 00:00:06  -  Run Remote Usage
		Usr 0 00:00:00, Sys 0 00:00:00  -  Run Local Usage
		Usr 0 00:02:17, Sys 0 00:00:06  -  Total Remote Usage
		Usr 0 00:00:00, Sys 0 00:00:00  -  Total Local Usage
	365926  -  Run Bytes Sent By Job
	281287  -  Run Bytes Received By Job
	365926  -  Total Bytes Sent By Job
	281287  -  Total Bytes Received By Job
	Partitionable Resources :    Usage  Request Allocated
	   Cpus                 :                 1         1
	   Disk (KB)            :  1000000  2048000   9501386
	   Memory (MB)          :      237     1992      1992
...
