000 (696042.001.000) 07/12 06:43:50 Job submitted from host: <144.92.181.245:9618?addrs=144.92.181.245-9618+[2607-f388-101c-1000--372]-9618&noUDP&sock=6179_dbc8_3>
...
001 (695045.001.000) 07/12 07:42:35 Job executing on host: <144.92.180.142:9618?addrs=144.92.180.142-9618+[2607-f388-101c-1000--629]-9618&noUDP&sock=7677_5ca7_3>
...
006 (695045.001.000) 07/12 07:42:45 Image size of job updated: 111688
	106  -  MemoryUsage of job (MB)
	108336  -  ResidentSetSize of job (KB)
...
006 (695045.001.000) 07/12 08:02:46 Image size of job updated: 241140
	236  -  MemoryUsage of job (MB)
	241140  -  ResidentSetSize of job (KB)
...
005 (695045.001.000) 07/12 08:14:17 Job terminated.
	(1) Normal termination (return value 0)
		Usr 0 00:02:22, Sys 0 00:00:12  -  Run Remote Usage
		Usr 0 00:00:00, Sys 0 00:00:00  -  Run Local Usage
		Usr 0 00:02:22, Sys 0 00:00:12  -  Total Remote Usage
		Usr 0 00:00:00, Sys 0 00:00:00  -  Total Local Usage
	367539  -  Run Bytes Sent By Job
	281287  -  Run Bytes Received By Job
	367539  -  Total Bytes Sent By Job
	281287  -  Total Bytes Received By Job
	Partitionable Resources :    Usage  Request Allocated
	   Cpus                 :                 1         1
	   Disk (KB)            :  1000000  2048000   7918264
	   Memory (MB)          :      236     1992      1992
...
001 (696042.001.000) 07/12 08:39:29 Job executing on host: <144.92.180.135:9618?addrs=144.92.180.135-9618+[2607-f388-101c-1000--629]-9618&noUDP&sock=10076_e05b_3>
...
006 (696042.001.000) 07/12 08:39:38 Image size of job updated: 165992
	106  -  MemoryUsage of job (MB)
	108324  -  ResidentSetSize of job (KB)
...
006 (696042.001.000) 07/12 08:59:39 Image size of job updated: 244740
	238  -  MemoryUsage of job (MB)
	243636  -  ResidentSetSize of job (KB)
...
005 (696042.001.000) 07/12 09:02:11 Job terminated.
	(1) Normal termination (return value 0)
		Usr 0 00:01:56, Sys 0 00:00:07  -  Run Remote Usage
		Usr 0 00:00:00, Sys 0 00:00:00  -  Run Local Usage
		Usr 0 00:01:56, Sys 0 00:00:07  -  Total Remote Usage
		Usr 0 00:00:00, Sys 0 00:00:00  -  Total Local Usage
	367539  -  Run Bytes Sent By Job
	281287  -  Run Bytes Received By Job
	367539  -  Total Bytes Sent By Job
	281287  -  Total Bytes Received By Job
	Partitionable Resources :    Usage  Request Allocated
	   Cpus                 :                 1         1
	   Disk (KB)            :  1000000  2048000   7916833
	   Memory (MB)          :      238     1992      1992
...
