000 (696067.014.000) 07/12 06:44:29 Job submitted from host: <144.92.181.245:9618?addrs=144.92.181.245-9618+[2607-f388-101c-1000--372]-9618&noUDP&sock=6179_dbc8_3>
...
001 (695070.014.000) 07/12 07:45:08 Job executing on host: <128.104.227.80:9618?addrs=128.104.227.80-9618+[2607-f388-101c-1000--629]-9618&noUDP&sock=11881_f4cd_3>
...
006 (695070.014.000) 07/12 07:45:17 Image size of job updated: 54972
	44  -  MemoryUsage of job (MB)
	44296  -  ResidentSetSize of job (KB)
...
006 (695070.014.000) 07/12 08:05:17 Image size of job updated: 239196
	232  -  MemoryUsage of job (MB)
	236904  -  ResidentSetSize of job (KB)
...
005 (695070.014.000) 07/12 08:17:05 Job terminated.
	(1) Normal termination (return value 0)
		Usr 0 00:02:23, Sys 0 00:00:11  -  Run Remote Usage
		Usr 0 00:00:00, Sys 0 00:00:00  -  Run Local Usage
		Usr 0 00:02:23, Sys 0 00:00:11  -  Total Remote Usage
		Usr 0 00:00:00, Sys 0 00:00:00  -  Total Local Usage
	765759  -  Run Bytes Sent By Job
	281287  -  Run Bytes Received By Job
	765759  -  Total Bytes Sent By Job
	281287  -  Total Bytes Received By Job
	Partitionable Resources :    Usage  Request Allocated
	   Cpus                 :                 1         1
	   Disk (KB)            :  1000000  2048000   9503994
	   Memory (MB)          :      232     1992      1992
...
001 (696067.014.000) 07/12 08:51:39 Job executing on host: <128.104.227.103:9618?addrs=128.104.227.103-9618+[2607-f388-101c-1000--52]-9618&noUDP&sock=11683_250c_3>
...
006 (696067.014.000) 07/12 08:51:47 Image size of job updated: 169492
	53  -  MemoryUsage of job (MB)
	53424  -  ResidentSetSize of job (KB)
...
006 (696067.014.000) 07/12 09:11:47 Image size of job updated: 238252
	233  -  MemoryUsage of job (MB)
	237724  -  ResidentSetSize of job (KB)
...
005 (696067.014.000) 07/12 09:14:46 Job terminated.
	(1) Normal termination (return value 0)
		Usr 0 00:02:29, Sys 0 00:00:07  -  Run Remote Usage
		Usr 0 00:00:00, Sys 0 00:00:00  -  Run Local Usage
		Usr 0 00:02:29, Sys 0 00:00:07  -  Total Remote Usage
		Usr 0 00:00:00, Sys 0 00:00:00  -  Total Local Usage
	765759  -  Run Bytes Sent By Job
	281287  -  Run Bytes Received By Job
	765759  -  Total Bytes Sent By Job
	281287  -  Total Bytes Received By Job
	Partitionable Resources :    Usage  Request Allocated
	   Cpus                 :                 1         1
	   Disk (KB)            :  1000000  2048000   9503861
	   Memory (MB)          :      233     1992      1992
...
