000 (696067.001.000) 07/12 06:44:29 Job submitted from host: <144.92.181.245:9618?addrs=144.92.181.245-9618+[2607-f388-101c-1000--372]-9618&noUDP&sock=6179_dbc8_3>
...
001 (695070.001.000) 07/12 07:44:57 Job executing on host: <128.104.227.56:9618?addrs=128.104.227.56-9618+[2607-f388-101c-1000--629]-9618&noUDP&sock=10339_45c3_3>
...
006 (695070.001.000) 07/12 07:45:05 Image size of job updated: 131072
	53  -  MemoryUsage of job (MB)
	53500  -  ResidentSetSize of job (KB)
...
006 (695070.001.000) 07/12 08:05:05 Image size of job updated: 236908
	232  -  MemoryUsage of job (MB)
	236908  -  ResidentSetSize of job (KB)
...
006 (695070.001.000) 07/12 08:25:05 Image size of job updated: 238948
	234  -  MemoryUsage of job (MB)
	238864  -  ResidentSetSize of job (KB)
...
006 (695070.001.000) 07/12 08:25:46 Image size of job updated: 479508
	234  -  MemoryUsage of job (MB)
	238864  -  ResidentSetSize of job (KB)
...
005 (695070.001.000) 07/12 08:25:47 Job terminated.
	(1) Normal termination (return value 0)
		Usr 0 00:02:35, Sys 0 00:00:08  -  Run Remote Usage
		Usr 0 00:00:00, Sys 0 00:00:00  -  Run Local Usage
		Usr 0 00:02:35, Sys 0 00:00:08  -  Total Remote Usage
		Usr 0 00:00:00, Sys 0 00:00:00  -  Total Local Usage
	766054  -  Run Bytes Sent By Job
	281287  -  Run Bytes Received By Job
	766054  -  Total Bytes Sent By Job
	281287  -  Total Bytes Received By Job
	Partitionable Resources :    Usage  Request Allocated
	   Cpus                 :                 1         1
	   Disk (KB)            :  1000000  2048000   9502013
	   Memory (MB)          :      234     1992      1992
...
001 (696067.001.000) 07/12 08:51:15 Job executing on host: <144.92.180.127:9618?addrs=144.92.180.127-9618+[2607-f388-101c-1000--629]-9618&noUDP&sock=7627_10eb_3>
...
006 (696067.001.000) 07/12 08:51:24 Image size of job updated: 201356
	94  -  MemoryUsage of job (MB)
	95680  -  ResidentSetSize of job (KB)
...
006 (696067.001.000) 07/12 09:11:25 Image size of job updated: 238200
	233  -  MemoryUsage of job (MB)
	238176  -  ResidentSetSize of job (KB)
...
005 (696067.001.000) 07/12 09:28:18 Job terminated.
	(1) Normal termination (return value 0)
		Usr 0 00:02:29, Sys 0 00:00:08  -  Run Remote Usage
		Usr 0 00:00:00, Sys 0 00:00:00  -  Run Local Usage
		Usr 0 00:02:29, Sys 0 00:00:08  -  Total Remote Usage
		Usr 0 00:00:00, Sys 0 00:00:00  -  Total Local Usage
	766054  -  Run Bytes Sent By Job
	281287  -  Run Bytes Received By Job
	766054  -  Total Bytes Sent By Job
	281287  -  Total Bytes Received By Job
	Partitionable Resources :    Usage  Request Allocated
	   Cpus                 :                 1         1
	   Disk (KB)            :  1000000  2048000   6334119
	   Memory (MB)          :      233     1992      1992
...
