000 (690160.004.000) 07/11 07:33:12 Job submitted from host: <144.92.181.245:9618?addrs=144.92.181.245-9618+[2607-f388-101c-1000--372]-9618&noUDP&sock=6179_dbc8_3>
...
001 (690160.004.000) 07/11 09:54:05 Job executing on host: <144.92.180.62:9618?addrs=144.92.180.62-9618+[2607-f388-101c-1000--629]-9618&noUDP&sock=7052_a9f6_3>
...
006 (690160.004.000) 07/11 09:54:14 Image size of job updated: 170476
	53  -  MemoryUsage of job (MB)
	53404  -  ResidentSetSize of job (KB)
...
006 (690160.004.000) 07/11 10:14:15 Image size of job updated: 245436
	240  -  MemoryUsage of job (MB)
	245360  -  ResidentSetSize of job (KB)
...
006 (690160.004.000) 07/11 10:14:30 Image size of job updated: 249360
	240  -  MemoryUsage of job (MB)
	245360  -  ResidentSetSize of job (KB)
...
005 (690160.004.000) 07/11 10:14:31 Job terminated.
	(1) Normal termination (return value 0)
		Usr 0 00:03:40, Sys 0 00:00:17  -  Run Remote Usage
		Usr 0 00:00:00, Sys 0 00:00:00  -  Run Local Usage
		Usr 0 00:03:40, Sys 0 00:00:17  -  Total Remote Usage
		Usr 0 00:00:00, Sys 0 00:00:00  -  Total Local Usage
	359191  -  Run Bytes Sent By Job
	302156  -  Run Bytes Received By Job
	359191  -  Total Bytes Sent By Job
	302156  -  Total Bytes Received By Job
	Partitionable Resources :    Usage  Request Allocated
	   Cpus                 :                 1         1
	   Disk (KB)            :  1000000  2048000   4750234
	   Memory (MB)          :      240     1992      1992
...
