000 (690160.005.000) 07/11 07:33:12 Job submitted from host: <144.92.181.245:9618?addrs=144.92.181.245-9618+[2607-f388-101c-1000--372]-9618&noUDP&sock=6179_dbc8_3>
...
001 (690160.005.000) 07/11 09:54:09 Job executing on host: <144.92.181.75:9618?addrs=144.92.181.75-9618+[2607-f388-101c-1000--629]-9618&noUDP&sock=7091_6a27_3>
...
006 (690160.005.000) 07/11 09:54:19 Image size of job updated: 153672
	42  -  MemoryUsage of job (MB)
	42228  -  ResidentSetSize of job (KB)
...
006 (690160.005.000) 07/11 10:14:20 Image size of job updated: 251552
	245  -  MemoryUsage of job (MB)
	250452  -  ResidentSetSize of job (KB)
...
005 (690160.005.000) 07/11 10:14:32 Job terminated.
	(1) Normal termination (return value 0)
		Usr 0 00:04:25, Sys 0 00:00:15  -  Run Remote Usage
		Usr 0 00:00:00, Sys 0 00:00:00  -  Run Local Usage
		Usr 0 00:04:25, Sys 0 00:00:15  -  Total Remote Usage
		Usr 0 00:00:00, Sys 0 00:00:00  -  Total Local Usage
	351577  -  Run Bytes Sent By Job
	302156  -  Run Bytes Received By Job
	351577  -  Total Bytes Sent By Job
	302156  -  Total Bytes Received By Job
	Partitionable Resources :    Usage  Request Allocated
	   Cpus                 :                 1         1
	   Disk (KB)            :  1000000  2048000   4749881
	   Memory (MB)          :      245     1992      1992
...
