000 (690160.009.000) 07/11 07:33:12 Job submitted from host: <144.92.181.245:9618?addrs=144.92.181.245-9618+[2607-f388-101c-1000--372]-9618&noUDP&sock=6179_dbc8_3>
...
001 (690160.009.000) 07/11 09:54:18 Job executing on host: <128.104.227.17:9618?addrs=128.104.227.17-9618+[2607-f388-101c-1000--629]-9618&noUDP&sock=10417_c626_3>
...
006 (690160.009.000) 07/11 09:54:27 Image size of job updated: 226840
	106  -  MemoryUsage of job (MB)
	107928  -  ResidentSetSize of job (KB)
...
005 (690160.009.000) 07/11 10:09:58 Job terminated.
	(1) Normal termination (return value 0)
		Usr 0 00:01:48, Sys 0 00:00:06  -  Run Remote Usage
		Usr 0 00:00:00, Sys 0 00:00:00  -  Run Local Usage
		Usr 0 00:01:48, Sys 0 00:00:06  -  Total Remote Usage
		Usr 0 00:00:00, Sys 0 00:00:00  -  Total Local Usage
	345774  -  Run Bytes Sent By Job
	302156  -  Run Bytes Received By Job
	345774  -  Total Bytes Sent By Job
	302156  -  Total Bytes Received By Job
	Partitionable Resources :    Usage  Request Allocated
	   Cpus                 :                 1         1
	   Disk (KB)            :  1000000  2048000   9499832
	   Memory (MB)          :      106     1992      1992
...
