file path found: /hdfs/store/user/varuns/Run2018D_Prompt/EGamma/crab_job_EGamma2018Dv2_2/190526_233615/0007/Data_EGamma2018Dv2_2_7108.root
name: Data_EGamma2018Dv2_2_7108.root
filenumber: 0
Adding FullPathInputFile to chain:/hdfs/store/user/varuns/Run2018D_Prompt/EGamma/crab_job_EGamma2018Dv2_2/190526_233615/0007/Data_EGamma2018Dv2_2_7108.root

file path found: /hdfs/store/user/varuns/Run2018D_Prompt/EGamma/crab_job_EGamma2018Dv2_2/190526_233615/0007/Data_EGamma2018Dv2_2_7338.root
name: Data_EGamma2018Dv2_2_7338.root
filenumber: 1
Adding FullPathInputFile to chain:/hdfs/store/user/varuns/Run2018D_Prompt/EGamma/crab_job_EGamma2018Dv2_2/190526_233615/0007/Data_EGamma2018Dv2_2_7338.root

file path found: /hdfs/store/user/varuns/Run2018D_Prompt/EGamma/crab_job_EGamma2018Dv2_2/190526_233615/0007/Data_EGamma2018Dv2_2_7361.root
name: Data_EGamma2018Dv2_2_7361.root
filenumber: 2
Adding FullPathInputFile to chain:/hdfs/store/user/varuns/Run2018D_Prompt/EGamma/crab_job_EGamma2018Dv2_2/190526_233615/0007/Data_EGamma2018Dv2_2_7361.root

file path found: /hdfs/store/user/varuns/Run2018D_Prompt/EGamma/crab_job_EGamma2018Dv2_2/190526_233615/0007/Data_EGamma2018Dv2_2_7377.root
name: Data_EGamma2018Dv2_2_7377.root
filenumber: 3
Adding FullPathInputFile to chain:/hdfs/store/user/varuns/Run2018D_Prompt/EGamma/crab_job_EGamma2018Dv2_2/190526_233615/0007/Data_EGamma2018Dv2_2_7377.root

file path found: /hdfs/store/user/varuns/Run2018D_Prompt/EGamma/crab_job_EGamma2018Dv2_2/190526_233615/0007/Data_EGamma2018Dv2_2_7385.root
name: Data_EGamma2018Dv2_2_7385.root
filenumber: 4
Adding FullPathInputFile to chain:/hdfs/store/user/varuns/Run2018D_Prompt/EGamma/crab_job_EGamma2018Dv2_2/190526_233615/0007/Data_EGamma2018Dv2_2_7385.root

file path found: /hdfs/store/user/varuns/Run2018D_Prompt/EGamma/crab_job_EGamma2018Dv2_2/190526_233615/0007/Data_EGamma2018Dv2_2_7386.root
name: Data_EGamma2018Dv2_2_7386.root
filenumber: 5
Adding FullPathInputFile to chain:/hdfs/store/user/varuns/Run2018D_Prompt/EGamma/crab_job_EGamma2018Dv2_2/190526_233615/0007/Data_EGamma2018Dv2_2_7386.root

file path found: /hdfs/store/user/varuns/Run2018D_Prompt/EGamma/crab_job_EGamma2018Dv2_2/190526_233615/0007/Data_EGamma2018Dv2_2_7387.root
name: Data_EGamma2018Dv2_2_7387.root
filenumber: 6
Adding FullPathInputFile to chain:/hdfs/store/user/varuns/Run2018D_Prompt/EGamma/crab_job_EGamma2018Dv2_2/190526_233615/0007/Data_EGamma2018Dv2_2_7387.root

file path found: /hdfs/store/user/varuns/Run2018D_Prompt/EGamma/crab_job_EGamma2018Dv2_2/190526_233615/0007/Data_EGamma2018Dv2_2_7388.root
name: Data_EGamma2018Dv2_2_7388.root
filenumber: 7
Adding FullPathInputFile to chain:/hdfs/store/user/varuns/Run2018D_Prompt/EGamma/crab_job_EGamma2018Dv2_2/190526_233615/0007/Data_EGamma2018Dv2_2_7388.root

file path found: /hdfs/store/user/varuns/Run2018D_Prompt/EGamma/crab_job_EGamma2018Dv2_2/190526_233615/0007/Data_EGamma2018Dv2_2_7390.root
name: Data_EGamma2018Dv2_2_7390.root
filenumber: 8
Adding FullPathInputFile to chain:/hdfs/store/user/varuns/Run2018D_Prompt/EGamma/crab_job_EGamma2018Dv2_2/190526_233615/0007/Data_EGamma2018Dv2_2_7390.root

file path found: /hdfs/store/user/varuns/Run2018D_Prompt/EGamma/crab_job_EGamma2018Dv2_2/190526_233615/0007/Data_EGamma2018Dv2_2_7391.root
name: Data_EGamma2018Dv2_2_7391.root
filenumber: 9
Adding FullPathInputFile to chain:/hdfs/store/user/varuns/Run2018D_Prompt/EGamma/crab_job_EGamma2018Dv2_2/190526_233615/0007/Data_EGamma2018Dv2_2_7391.root

file path found: /hdfs/store/user/varuns/Run2018D_Prompt/EGamma/crab_job_EGamma2018Dv2_2/190526_233615/0007/Data_EGamma2018Dv2_2_7392.root
name: Data_EGamma2018Dv2_2_7392.root
filenumber: 10
Adding FullPathInputFile to chain:/hdfs/store/user/varuns/Run2018D_Prompt/EGamma/crab_job_EGamma2018Dv2_2/190526_233615/0007/Data_EGamma2018Dv2_2_7392.root

file path found: /hdfs/store/user/varuns/Run2018D_Prompt/EGamma/crab_job_EGamma2018Dv2_2/190526_233615/0007/Data_EGamma2018Dv2_2_7393.root
name: Data_EGamma2018Dv2_2_7393.root
filenumber: 11
Adding FullPathInputFile to chain:/hdfs/store/user/varuns/Run2018D_Prompt/EGamma/crab_job_EGamma2018Dv2_2/190526_233615/0007/Data_EGamma2018Dv2_2_7393.root

file path found: /hdfs/store/user/varuns/Run2018D_Prompt/EGamma/crab_job_EGamma2018Dv2_2/190526_233615/0007/Data_EGamma2018Dv2_2_7394.root
name: Data_EGamma2018Dv2_2_7394.root
filenumber: 12
Adding FullPathInputFile to chain:/hdfs/store/user/varuns/Run2018D_Prompt/EGamma/crab_job_EGamma2018Dv2_2/190526_233615/0007/Data_EGamma2018Dv2_2_7394.root

file path found: /hdfs/store/user/varuns/Run2018D_Prompt/EGamma/crab_job_EGamma2018Dv2_2/190526_233615/0007/Data_EGamma2018Dv2_2_7395.root
name: Data_EGamma2018Dv2_2_7395.root
filenumber: 13
Adding FullPathInputFile to chain:/hdfs/store/user/varuns/Run2018D_Prompt/EGamma/crab_job_EGamma2018Dv2_2/190526_233615/0007/Data_EGamma2018Dv2_2_7395.root

file path found: /hdfs/store/user/varuns/Run2018D_Prompt/EGamma/crab_job_EGamma2018Dv2_2/190526_233615/0007/Data_EGamma2018Dv2_2_7399.root
name: Data_EGamma2018Dv2_2_7399.root
filenumber: 14
Adding FullPathInputFile to chain:/hdfs/store/user/varuns/Run2018D_Prompt/EGamma/crab_job_EGamma2018Dv2_2/190526_233615/0007/Data_EGamma2018Dv2_2_7399.root

file path found: /hdfs/store/user/varuns/Run2018D_Prompt/EGamma/crab_job_EGamma2018Dv2_2/190526_233615/0007/Data_EGamma2018Dv2_2_7400.root
name: Data_EGamma2018Dv2_2_7400.root
filenumber: 15
Adding FullPathInputFile to chain:/hdfs/store/user/varuns/Run2018D_Prompt/EGamma/crab_job_EGamma2018Dv2_2/190526_233615/0007/Data_EGamma2018Dv2_2_7400.root

file path found: /hdfs/store/user/varuns/Run2018D_Prompt/EGamma/crab_job_EGamma2018Dv2_2/190526_233615/0007/Data_EGamma2018Dv2_2_7405.root
name: Data_EGamma2018Dv2_2_7405.root
filenumber: 16
Adding FullPathInputFile to chain:/hdfs/store/user/varuns/Run2018D_Prompt/EGamma/crab_job_EGamma2018Dv2_2/190526_233615/0007/Data_EGamma2018Dv2_2_7405.root

file path found: /hdfs/store/user/varuns/Run2018D_Prompt/EGamma/crab_job_EGamma2018Dv2_2/190526_233615/0007/Data_EGamma2018Dv2_2_7406.root
name: Data_EGamma2018Dv2_2_7406.root
filenumber: 17
Adding FullPathInputFile to chain:/hdfs/store/user/varuns/Run2018D_Prompt/EGamma/crab_job_EGamma2018Dv2_2/190526_233615/0007/Data_EGamma2018Dv2_2_7406.root

file path found: /hdfs/store/user/varuns/Run2018D_Prompt/EGamma/crab_job_EGamma2018Dv2_2/190526_233615/0007/Data_EGamma2018Dv2_2_7408.root
name: Data_EGamma2018Dv2_2_7408.root
filenumber: 18
Adding FullPathInputFile to chain:/hdfs/store/user/varuns/Run2018D_Prompt/EGamma/crab_job_EGamma2018Dv2_2/190526_233615/0007/Data_EGamma2018Dv2_2_7408.root

file path found: /hdfs/store/user/varuns/Run2018D_Prompt/EGamma/crab_job_EGamma2018Dv2_2/190526_233615/0007/Data_EGamma2018Dv2_2_7420.root
name: Data_EGamma2018Dv2_2_7420.root
filenumber: 19
Adding FullPathInputFile to chain:/hdfs/store/user/varuns/Run2018D_Prompt/EGamma/crab_job_EGamma2018Dv2_2/190526_233615/0007/Data_EGamma2018Dv2_2_7420.root

file path found: /hdfs/store/user/varuns/Run2018D_Prompt/EGamma/crab_job_EGamma2018Dv2_2/190526_233615/0007/Data_EGamma2018Dv2_2_7421.root
name: Data_EGamma2018Dv2_2_7421.root
filenumber: 20
Adding FullPathInputFile to chain:/hdfs/store/user/varuns/Run2018D_Prompt/EGamma/crab_job_EGamma2018Dv2_2/190526_233615/0007/Data_EGamma2018Dv2_2_7421.root

file path found: /hdfs/store/user/varuns/Run2018D_Prompt/EGamma/crab_job_EGamma2018Dv2_2/190526_233615/0007/Data_EGamma2018Dv2_2_7425.root
name: Data_EGamma2018Dv2_2_7425.root
filenumber: 21
Adding FullPathInputFile to chain:/hdfs/store/user/varuns/Run2018D_Prompt/EGamma/crab_job_EGamma2018Dv2_2/190526_233615/0007/Data_EGamma2018Dv2_2_7425.root

file path found: /hdfs/store/user/varuns/Run2018D_Prompt/EGamma/crab_job_EGamma2018Dv2_2/190526_233615/0007/Data_EGamma2018Dv2_2_7426.root
name: Data_EGamma2018Dv2_2_7426.root
filenumber: 22
Adding FullPathInputFile to chain:/hdfs/store/user/varuns/Run2018D_Prompt/EGamma/crab_job_EGamma2018Dv2_2/190526_233615/0007/Data_EGamma2018Dv2_2_7426.root

file path found: /hdfs/store/user/varuns/Run2018D_Prompt/EGamma/crab_job_EGamma2018Dv2_2/190526_233615/0007/Data_EGamma2018Dv2_2_7427.root
name: Data_EGamma2018Dv2_2_7427.root
filenumber: 23
Adding FullPathInputFile to chain:/hdfs/store/user/varuns/Run2018D_Prompt/EGamma/crab_job_EGamma2018Dv2_2/190526_233615/0007/Data_EGamma2018Dv2_2_7427.root

file path found: /hdfs/store/user/varuns/Run2018D_Prompt/EGamma/crab_job_EGamma2018Dv2_2/190526_233615/0007/Data_EGamma2018Dv2_2_7428.root
name: Data_EGamma2018Dv2_2_7428.root
filenumber: 24
Adding FullPathInputFile to chain:/hdfs/store/user/varuns/Run2018D_Prompt/EGamma/crab_job_EGamma2018Dv2_2/190526_233615/0007/Data_EGamma2018Dv2_2_7428.root

file path found: /hdfs/store/user/varuns/Run2018D_Prompt/EGamma/crab_job_EGamma2018Dv2_2/190526_233615/0007/Data_EGamma2018Dv2_2_7432.root
name: Data_EGamma2018Dv2_2_7432.root
filenumber: 25
Adding FullPathInputFile to chain:/hdfs/store/user/varuns/Run2018D_Prompt/EGamma/crab_job_EGamma2018Dv2_2/190526_233615/0007/Data_EGamma2018Dv2_2_7432.root

file path found: /hdfs/store/user/varuns/Run2018D_Prompt/EGamma/crab_job_EGamma2018Dv2_2/190526_233615/0007/Data_EGamma2018Dv2_2_7433.root
name: Data_EGamma2018Dv2_2_7433.root
filenumber: 26
Adding FullPathInputFile to chain:/hdfs/store/user/varuns/Run2018D_Prompt/EGamma/crab_job_EGamma2018Dv2_2/190526_233615/0007/Data_EGamma2018Dv2_2_7433.root

file path found: /hdfs/store/user/varuns/Run2018D_Prompt/EGamma/crab_job_EGamma2018Dv2_2/190526_233615/0007/Data_EGamma2018Dv2_2_7434.root
name: Data_EGamma2018Dv2_2_7434.root
filenumber: 27
Adding FullPathInputFile to chain:/hdfs/store/user/varuns/Run2018D_Prompt/EGamma/crab_job_EGamma2018Dv2_2/190526_233615/0007/Data_EGamma2018Dv2_2_7434.root

file path found: /hdfs/store/user/varuns/Run2018D_Prompt/EGamma/crab_job_EGamma2018Dv2_2/190526_233615/0007/Data_EGamma2018Dv2_2_7435.root
name: Data_EGamma2018Dv2_2_7435.root
filenumber: 28
Adding FullPathInputFile to chain:/hdfs/store/user/varuns/Run2018D_Prompt/EGamma/crab_job_EGamma2018Dv2_2/190526_233615/0007/Data_EGamma2018Dv2_2_7435.root

file path found: /hdfs/store/user/varuns/Run2018D_Prompt/EGamma/crab_job_EGamma2018Dv2_2/190526_233615/0007/Data_EGamma2018Dv2_2_7436.root
name: Data_EGamma2018Dv2_2_7436.root
filenumber: 29
Adding FullPathInputFile to chain:/hdfs/store/user/varuns/Run2018D_Prompt/EGamma/crab_job_EGamma2018Dv2_2/190526_233615/0007/Data_EGamma2018Dv2_2_7436.root

file path found: /hdfs/store/user/varuns/Run2018D_Prompt/EGamma/crab_job_EGamma2018Dv2_2/190526_233615/0007/Data_EGamma2018Dv2_2_7437.root
name: Data_EGamma2018Dv2_2_7437.root
filenumber: 30
Adding FullPathInputFile to chain:/hdfs/store/user/varuns/Run2018D_Prompt/EGamma/crab_job_EGamma2018Dv2_2/190526_233615/0007/Data_EGamma2018Dv2_2_7437.root

file path found: /hdfs/store/user/varuns/Run2018D_Prompt/EGamma/crab_job_EGamma2018Dv2_2/190526_233615/0007/Data_EGamma2018Dv2_2_7438.root
name: Data_EGamma2018Dv2_2_7438.root
filenumber: 31
Adding FullPathInputFile to chain:/hdfs/store/user/varuns/Run2018D_Prompt/EGamma/crab_job_EGamma2018Dv2_2/190526_233615/0007/Data_EGamma2018Dv2_2_7438.root

file path found: /hdfs/store/user/varuns/Run2018D_Prompt/EGamma/crab_job_EGamma2018Dv2_2/190526_233615/0007/Data_EGamma2018Dv2_2_7439.root
name: Data_EGamma2018Dv2_2_7439.root
filenumber: 32
Adding FullPathInputFile to chain:/hdfs/store/user/varuns/Run2018D_Prompt/EGamma/crab_job_EGamma2018Dv2_2/190526_233615/0007/Data_EGamma2018Dv2_2_7439.root

file path found: /hdfs/store/user/varuns/Run2018D_Prompt/EGamma/crab_job_EGamma2018Dv2_2/190526_233615/0007/Data_EGamma2018Dv2_2_7440.root
name: Data_EGamma2018Dv2_2_7440.root
filenumber: 33
Adding FullPathInputFile to chain:/hdfs/store/user/varuns/Run2018D_Prompt/EGamma/crab_job_EGamma2018Dv2_2/190526_233615/0007/Data_EGamma2018Dv2_2_7440.root

file path found: /hdfs/store/user/varuns/Run2018D_Prompt/EGamma/crab_job_EGamma2018Dv2_2/190526_233615/0007/Data_EGamma2018Dv2_2_7441.root
name: Data_EGamma2018Dv2_2_7441.root
filenumber: 34
Adding FullPathInputFile to chain:/hdfs/store/user/varuns/Run2018D_Prompt/EGamma/crab_job_EGamma2018Dv2_2/190526_233615/0007/Data_EGamma2018Dv2_2_7441.root

file path found: /hdfs/store/user/varuns/Run2018D_Prompt/EGamma/crab_job_EGamma2018Dv2_2/190526_233615/0007/Data_EGamma2018Dv2_2_7442.root
name: Data_EGamma2018Dv2_2_7442.root
filenumber: 35
Adding FullPathInputFile to chain:/hdfs/store/user/varuns/Run2018D_Prompt/EGamma/crab_job_EGamma2018Dv2_2/190526_233615/0007/Data_EGamma2018Dv2_2_7442.root

file path found: /hdfs/store/user/varuns/Run2018D_Prompt/EGamma/crab_job_EGamma2018Dv2_2/190526_233615/0007/Data_EGamma2018Dv2_2_7636.root
name: Data_EGamma2018Dv2_2_7636.root
filenumber: 36
Adding FullPathInputFile to chain:/hdfs/store/user/varuns/Run2018D_Prompt/EGamma/crab_job_EGamma2018Dv2_2/190526_233615/0007/Data_EGamma2018Dv2_2_7636.root

file path found: /hdfs/store/user/varuns/Run2018D_Prompt/EGamma/crab_job_EGamma2018Dv2_2/190526_233615/0007/Data_EGamma2018Dv2_2_7637.root
name: Data_EGamma2018Dv2_2_7637.root
filenumber: 37
Adding FullPathInputFile to chain:/hdfs/store/user/varuns/Run2018D_Prompt/EGamma/crab_job_EGamma2018Dv2_2/190526_233615/0007/Data_EGamma2018Dv2_2_7637.root

file path found: /hdfs/store/user/varuns/Run2018D_Prompt/EGamma/crab_job_EGamma2018Dv2_2/190526_233615/0007/Data_EGamma2018Dv2_2_7823.root
name: Data_EGamma2018Dv2_2_7823.root
filenumber: 38
Adding FullPathInputFile to chain:/hdfs/store/user/varuns/Run2018D_Prompt/EGamma/crab_job_EGamma2018Dv2_2/190526_233615/0007/Data_EGamma2018Dv2_2_7823.root

file path found: /hdfs/store/user/varuns/Run2018D_Prompt/EGamma/crab_job_EGamma2018Dv2_2/190526_233615/0007/.
name: .
filenumber: 39
file path found: /hdfs/store/user/varuns/Run2018D_Prompt/EGamma/crab_job_EGamma2018Dv2_2/190526_233615/0007/..
name: ..
filenumber: 40
39 files added.
Initializing chain.
Coming in: 
nentries:678867
Running over 678867 events.
Finished entry 0/678866
Finished entry 10000/678866
Finished entry 20000/678866
Finished entry 30000/678866
Finished entry 40000/678866
Finished entry 50000/678866
Finished entry 60000/678866
Finished entry 70000/678866
Finished entry 80000/678866
Finished entry 90000/678866
Finished entry 100000/678866
Finished entry 110000/678866
Finished entry 120000/678866
Finished entry 130000/678866
Finished entry 140000/678866
Finished entry 150000/678866
Finished entry 160000/678866
Finished entry 170000/678866
Finished entry 180000/678866
Finished entry 190000/678866
Finished entry 200000/678866
Finished entry 210000/678866
Finished entry 220000/678866
Finished entry 230000/678866
Finished entry 240000/678866
Finished entry 250000/678866
Finished entry 260000/678866
Finished entry 270000/678866
Finished entry 280000/678866
Finished entry 290000/678866
Finished entry 300000/678866
Finished entry 310000/678866
Finished entry 320000/678866
Finished entry 330000/678866
Finished entry 340000/678866
Finished entry 350000/678866
Finished entry 360000/678866
Finished entry 370000/678866
Finished entry 380000/678866
Finished entry 390000/678866
Finished entry 400000/678866
Finished entry 410000/678866
Finished entry 420000/678866
Finished entry 430000/678866
Finished entry 440000/678866
Finished entry 450000/678866
Finished entry 460000/678866
Finished entry 470000/678866
Finished entry 480000/678866
Finished entry 490000/678866
Finished entry 500000/678866
Finished entry 510000/678866
Finished entry 520000/678866
Finished entry 530000/678866
Finished entry 540000/678866
Finished entry 550000/678866
Finished entry 560000/678866
Finished entry 570000/678866
Finished entry 580000/678866
Finished entry 590000/678866
Finished entry 600000/678866
Finished entry 610000/678866
Finished entry 620000/678866
Finished entry 630000/678866
Finished entry 640000/678866
Finished entry 650000/678866
Finished entry 660000/678866
Finished entry 670000/678866
