000 (696064.000.000) 07/12 06:44:25 Job submitted from host: <144.92.181.245:9618?addrs=144.92.181.245-9618+[2607-f388-101c-1000--372]-9618&noUDP&sock=6179_dbc8_3>
...
001 (695067.000.000) 07/12 07:44:53 Job executing on host: <128.104.227.43:9618?addrs=128.104.227.43-9618+[2607-f388-101c-1000--629]-9618&noUDP&sock=10297_76c9_3>
...
006 (695067.000.000) 07/12 07:45:01 Image size of job updated: 217576
	106  -  MemoryUsage of job (MB)
	108516  -  ResidentSetSize of job (KB)
...
006 (695067.000.000) 07/12 08:05:01 Image size of job updated: 239244
	234  -  MemoryUsage of job (MB)
	239244  -  ResidentSetSize of job (KB)
...
006 (695067.000.000) 07/12 08:10:01 Image size of job updated: 240408
	234  -  MemoryUsage of job (MB)
	239244  -  ResidentSetSize of job (KB)
...
005 (695067.000.000) 07/12 08:10:02 Job terminated.
	(1) Normal termination (return value 0)
		Usr 0 00:02:20, Sys 0 00:00:06  -  Run Remote Usage
		Usr 0 00:00:00, Sys 0 00:00:00  -  Run Local Usage
		Usr 0 00:02:20, Sys 0 00:00:06  -  Total Remote Usage
		Usr 0 00:00:00, Sys 0 00:00:00  -  Total Local Usage
	728068  -  Run Bytes Sent By Job
	281287  -  Run Bytes Received By Job
	728068  -  Total Bytes Sent By Job
	281287  -  Total Bytes Received By Job
	Partitionable Resources :    Usage  Request Allocated
	   Cpus                 :                 1         1
	   Disk (KB)            :  1000000  2048000   9500443
	   Memory (MB)          :      234     1992      1992
...
001 (696064.000.000) 07/12 08:50:05 Job executing on host: <144.92.180.232:9618?addrs=144.92.180.232-9618+[2607-f388-101c-1000--629]-9618&noUDP&sock=10063_f59f_3>
...
006 (696064.000.000) 07/12 08:50:13 Image size of job updated: 73768
	44  -  MemoryUsage of job (MB)
	44780  -  ResidentSetSize of job (KB)
...
006 (696064.000.000) 07/12 09:10:13 Image size of job updated: 257024
	236  -  MemoryUsage of job (MB)
	241428  -  ResidentSetSize of job (KB)
...
005 (696064.000.000) 07/12 09:16:10 Job terminated.
	(1) Normal termination (return value 0)
		Usr 0 00:02:31, Sys 0 00:00:07  -  Run Remote Usage
		Usr 0 00:00:00, Sys 0 00:00:00  -  Run Local Usage
		Usr 0 00:02:31, Sys 0 00:00:07  -  Total Remote Usage
		Usr 0 00:00:00, Sys 0 00:00:00  -  Total Local Usage
	728068  -  Run Bytes Sent By Job
	281287  -  Run Bytes Received By Job
	728068  -  Total Bytes Sent By Job
	281287  -  Total Bytes Received By Job
	Partitionable Resources :    Usage  Request Allocated
	   Cpus                 :                 1         1
	   Disk (KB)            :  1000000  2048000   7916490
	   Memory (MB)          :      236     1992      1992
...
