000 (696064.012.000) 07/12 06:44:25 Job submitted from host: <144.92.181.245:9618?addrs=144.92.181.245-9618+[2607-f388-101c-1000--372]-9618&noUDP&sock=6179_dbc8_3>
...
001 (695067.012.000) 07/12 07:44:58 Job executing on host: <144.92.181.238:9618?addrs=144.92.181.238-9618+[2607-f388-101c-1000--629]-9618&noUDP&sock=7008_7bcb_3>
...
006 (695067.012.000) 07/12 07:45:06 Image size of job updated: 170600
	53  -  MemoryUsage of job (MB)
	53692  -  ResidentSetSize of job (KB)
...
006 (695067.012.000) 07/12 08:05:06 Image size of job updated: 239956
	235  -  MemoryUsage of job (MB)
	239956  -  ResidentSetSize of job (KB)
...
006 (695067.012.000) 07/12 08:09:32 Image size of job updated: 239968
	235  -  MemoryUsage of job (MB)
	239956  -  ResidentSetSize of job (KB)
...
005 (695067.012.000) 07/12 08:09:33 Job terminated.
	(1) Normal termination (return value 0)
		Usr 0 00:04:29, Sys 0 00:00:21  -  Run Remote Usage
		Usr 0 00:00:00, Sys 0 00:00:00  -  Run Local Usage
		Usr 0 00:04:29, Sys 0 00:00:21  -  Total Remote Usage
		Usr 0 00:00:00, Sys 0 00:00:00  -  Total Local Usage
	735802  -  Run Bytes Sent By Job
	281287  -  Run Bytes Received By Job
	735802  -  Total Bytes Sent By Job
	281287  -  Total Bytes Received By Job
	Partitionable Resources :    Usage  Request Allocated
	   Cpus                 :                 1         1
	   Disk (KB)            :  1000000  2048000   4750395
	   Memory (MB)          :      235     1992      1992
...
001 (696064.012.000) 07/12 08:50:56 Job executing on host: <128.104.227.12:9618?addrs=128.104.227.12-9618+[2607-f388-101c-1000--629]-9618&noUDP&sock=10301_352a_3>
...
006 (696064.012.000) 07/12 08:51:05 Image size of job updated: 217512
	106  -  MemoryUsage of job (MB)
	108540  -  ResidentSetSize of job (KB)
...
006 (696064.012.000) 07/12 09:10:32 Image size of job updated: 240188
	106  -  MemoryUsage of job (MB)
	108540  -  ResidentSetSize of job (KB)
...
005 (696064.012.000) 07/12 09:10:33 Job terminated.
	(1) Normal termination (return value 0)
		Usr 0 00:02:17, Sys 0 00:00:06  -  Run Remote Usage
		Usr 0 00:00:00, Sys 0 00:00:00  -  Run Local Usage
		Usr 0 00:02:17, Sys 0 00:00:06  -  Total Remote Usage
		Usr 0 00:00:00, Sys 0 00:00:00  -  Total Local Usage
	728275  -  Run Bytes Sent By Job
	281287  -  Run Bytes Received By Job
	728275  -  Total Bytes Sent By Job
	281287  -  Total Bytes Received By Job
	Partitionable Resources :    Usage  Request Allocated
	   Cpus                 :                 1         1
	   Disk (KB)            :  1000000  2048000   9501185
	   Memory (MB)          :      106     1992      1992
...
