000 (696064.002.000) 07/12 06:44:25 Job submitted from host: <144.92.181.245:9618?addrs=144.92.181.245-9618+[2607-f388-101c-1000--372]-9618&noUDP&sock=6179_dbc8_3>
...
001 (695067.002.000) 07/12 07:44:59 Job executing on host: <128.104.227.41:9618?addrs=128.104.227.41-9618+[2607-f388-101c-1000--629]-9618&noUDP&sock=10218_46cd_3>
...
006 (695067.002.000) 07/12 07:45:08 Image size of job updated: 109452
	106  -  MemoryUsage of job (MB)
	108536  -  ResidentSetSize of job (KB)
...
006 (695067.002.000) 07/12 08:05:09 Image size of job updated: 240264
	235  -  MemoryUsage of job (MB)
	239660  -  ResidentSetSize of job (KB)
...
005 (695067.002.000) 07/12 08:14:05 Job terminated.
	(1) Normal termination (return value 0)
		Usr 0 00:02:02, Sys 0 00:00:07  -  Run Remote Usage
		Usr 0 00:00:00, Sys 0 00:00:00  -  Run Local Usage
		Usr 0 00:02:02, Sys 0 00:00:07  -  Total Remote Usage
		Usr 0 00:00:00, Sys 0 00:00:00  -  Total Local Usage
	726069  -  Run Bytes Sent By Job
	281287  -  Run Bytes Received By Job
	726069  -  Total Bytes Sent By Job
	281287  -  Total Bytes Received By Job
	Partitionable Resources :    Usage  Request Allocated
	   Cpus                 :                 1         1
	   Disk (KB)            :  1000000  2048000   9502046
	   Memory (MB)          :      235     1992      1992
...
001 (696064.002.000) 07/12 08:50:20 Job executing on host: <144.92.181.190:9618?addrs=144.92.181.190-9618+[2607-f388-101c-1000--629]-9618&noUDP&sock=10049_5b4c_3>
...
006 (696064.002.000) 07/12 08:50:29 Image size of job updated: 216040
	106  -  MemoryUsage of job (MB)
	108528  -  ResidentSetSize of job (KB)
...
006 (696064.002.000) 07/12 09:09:55 Image size of job updated: 239736
	106  -  MemoryUsage of job (MB)
	108528  -  ResidentSetSize of job (KB)
...
005 (696064.002.000) 07/12 09:09:56 Job terminated.
	(1) Normal termination (return value 0)
		Usr 0 00:02:09, Sys 0 00:00:06  -  Run Remote Usage
		Usr 0 00:00:00, Sys 0 00:00:00  -  Run Local Usage
		Usr 0 00:02:09, Sys 0 00:00:06  -  Total Remote Usage
		Usr 0 00:00:00, Sys 0 00:00:00  -  Total Local Usage
	726069  -  Run Bytes Sent By Job
	281287  -  Run Bytes Received By Job
	726069  -  Total Bytes Sent By Job
	281287  -  Total Bytes Received By Job
	Partitionable Resources :    Usage  Request Allocated
	   Cpus                 :                 1         1
	   Disk (KB)            :  1000000  2048000   7917241
	   Memory (MB)          :      106     1992      1992
...
