000 (696064.005.000) 07/12 06:44:25 Job submitted from host: <144.92.181.245:9618?addrs=144.92.181.245-9618+[2607-f388-101c-1000--372]-9618&noUDP&sock=6179_dbc8_3>
...
001 (695067.005.000) 07/12 07:44:50 Job executing on host: <128.104.227.56:9618?addrs=128.104.227.56-9618+[2607-f388-101c-1000--629]-9618&noUDP&sock=10339_45c3_3>
...
006 (695067.005.000) 07/12 07:44:59 Image size of job updated: 53452
	53  -  MemoryUsage of job (MB)
	53452  -  ResidentSetSize of job (KB)
...
006 (695067.005.000) 07/12 08:05:00 Image size of job updated: 241224
	236  -  MemoryUsage of job (MB)
	241016  -  ResidentSetSize of job (KB)
...
005 (695067.005.000) 07/12 08:17:19 Job terminated.
	(1) Normal termination (return value 0)
		Usr 0 00:02:19, Sys 0 00:00:10  -  Run Remote Usage
		Usr 0 00:00:00, Sys 0 00:00:00  -  Run Local Usage
		Usr 0 00:02:19, Sys 0 00:00:10  -  Total Remote Usage
		Usr 0 00:00:00, Sys 0 00:00:00  -  Total Local Usage
	729236  -  Run Bytes Sent By Job
	281287  -  Run Bytes Received By Job
	729236  -  Total Bytes Sent By Job
	281287  -  Total Bytes Received By Job
	Partitionable Resources :    Usage  Request Allocated
	   Cpus                 :                 1         1
	   Disk (KB)            :  1000000  2048000   9502013
	   Memory (MB)          :      236     1992      1992
...
001 (696064.005.000) 07/12 08:50:40 Job executing on host: <128.104.227.87:9618?addrs=128.104.227.87-9618+[2607-f388-101c-1000--629]-9618&noUDP&sock=11868_0a12_10>
...
006 (696064.005.000) 07/12 08:50:49 Image size of job updated: 216968
	106  -  MemoryUsage of job (MB)
	108532  -  ResidentSetSize of job (KB)
...
006 (696064.005.000) 07/12 09:10:49 Image size of job updated: 241876
	237  -  MemoryUsage of job (MB)
	241876  -  ResidentSetSize of job (KB)
...
006 (696064.005.000) 07/12 09:14:53 Image size of job updated: 242308
	237  -  MemoryUsage of job (MB)
	241876  -  ResidentSetSize of job (KB)
...
005 (696064.005.000) 07/12 09:14:54 Job terminated.
	(1) Normal termination (return value 0)
		Usr 0 00:02:14, Sys 0 00:00:10  -  Run Remote Usage
		Usr 0 00:00:00, Sys 0 00:00:00  -  Run Local Usage
		Usr 0 00:02:14, Sys 0 00:00:10  -  Total Remote Usage
		Usr 0 00:00:00, Sys 0 00:00:00  -  Total Local Usage
	729236  -  Run Bytes Sent By Job
	281287  -  Run Bytes Received By Job
	729236  -  Total Bytes Sent By Job
	281287  -  Total Bytes Received By Job
	Partitionable Resources :    Usage  Request Allocated
	   Cpus                 :                 1         1
	   Disk (KB)            :  1000000  2048000   9503775
	   Memory (MB)          :      237     1992      1992
...
