000 (1262591.015.000) 07/25 12:34:15 Job submitted from host: <144.92.180.28:9618?addrs=144.92.180.28-9618+[2607-f388-101c-1000--370]-9618&noUDP&sock=5187_6dd5_82>
...
001 (1262591.015.000) 07/25 14:03:03 Job executing on host: <144.92.181.3:9618?addrs=144.92.181.3-9618+[2607-f388-101c-1000--629]-9618&noUDP&sock=7776_4487_3>
...
006 (1262591.015.000) 07/25 14:03:12 Image size of job updated: 225204
	107  -  MemoryUsage of job (MB)
	108604  -  ResidentSetSize of job (KB)
...
005 (1262591.015.000) 07/25 14:16:25 Job terminated.
	(1) Normal termination (return value 0)
		Usr 0 00:01:47, Sys 0 00:00:10  -  Run Remote Usage
		Usr 0 00:00:00, Sys 0 00:00:00  -  Run Local Usage
		Usr 0 00:01:47, Sys 0 00:00:10  -  Total Remote Usage
		Usr 0 00:00:00, Sys 0 00:00:00  -  Total Local Usage
	437006  -  Run Bytes Sent By Job
	283691  -  Run Bytes Received By Job
	437006  -  Total Bytes Sent By Job
	283691  -  Total Bytes Received By Job
	Partitionable Resources :    Usage  Request Allocated
	   Cpus                 :                 1         1
	   Disk (KB)            :  1000000  2048000   7918239
	   Memory (MB)          :      107     1992      1992
...
