000 (691439.002.000) 07/11 11:26:42 Job submitted from host: <144.92.181.245:9618?addrs=144.92.181.245-9618+[2607-f388-101c-1000--372]-9618&noUDP&sock=6179_dbc8_3>
...
001 (691439.002.000) 07/11 11:48:16 Job executing on host: <144.92.181.235:9618?addrs=144.92.181.235-9618+[2607-f388-101c-1000--629]-9618&noUDP&sock=7051_fa5e_3>
...
006 (691439.002.000) 07/11 11:48:25 Image size of job updated: 53792
	53  -  MemoryUsage of job (MB)
	53596  -  ResidentSetSize of job (KB)
...
006 (691439.002.000) 07/11 12:08:26 Image size of job updated: 236884
	232  -  MemoryUsage of job (MB)
	236884  -  ResidentSetSize of job (KB)
...
006 (691439.002.000) 07/11 12:21:39 Image size of job updated: 485340
	232  -  MemoryUsage of job (MB)
	236884  -  ResidentSetSize of job (KB)
...
005 (691439.002.000) 07/11 12:21:41 Job terminated.
	(1) Normal termination (return value 0)
		Usr 0 00:04:50, Sys 0 00:00:15  -  Run Remote Usage
		Usr 0 00:00:00, Sys 0 00:00:00  -  Run Local Usage
		Usr 0 00:04:50, Sys 0 00:00:15  -  Total Remote Usage
		Usr 0 00:00:00, Sys 0 00:00:00  -  Total Local Usage
	365673  -  Run Bytes Sent By Job
	306644  -  Run Bytes Received By Job
	365673  -  Total Bytes Sent By Job
	306644  -  Total Bytes Received By Job
	Partitionable Resources :    Usage  Request Allocated
	   Cpus                 :                 1         1
	   Disk (KB)            :  1000000  2048000   4748958
	   Memory (MB)          :      232     1992      1992
...
