000 (691439.005.000) 07/11 11:26:42 Job submitted from host: <144.92.181.245:9618?addrs=144.92.181.245-9618+[2607-f388-101c-1000--372]-9618&noUDP&sock=6179_dbc8_3>
...
001 (691439.005.000) 07/11 11:48:17 Job executing on host: <144.92.181.64:9618?addrs=144.92.181.64-9618+[2607-f388-101c-1000--629]-9618&noUDP&sock=7580_d3f7_3>
...
006 (691439.005.000) 07/11 11:48:25 Image size of job updated: 219256
	106  -  MemoryUsage of job (MB)
	108380  -  ResidentSetSize of job (KB)
...
006 (691439.005.000) 07/11 12:08:25 Image size of job updated: 244116
	239  -  MemoryUsage of job (MB)
	243996  -  ResidentSetSize of job (KB)
...
006 (691439.005.000) 07/11 12:09:32 Image size of job updated: 244120
	239  -  MemoryUsage of job (MB)
	243996  -  ResidentSetSize of job (KB)
...
005 (691439.005.000) 07/11 12:09:33 Job terminated.
	(1) Normal termination (return value 0)
		Usr 0 00:02:27, Sys 0 00:00:08  -  Run Remote Usage
		Usr 0 00:00:00, Sys 0 00:00:00  -  Run Local Usage
		Usr 0 00:02:27, Sys 0 00:00:08  -  Total Remote Usage
		Usr 0 00:00:00, Sys 0 00:00:00  -  Total Local Usage
	355847  -  Run Bytes Sent By Job
	306644  -  Run Bytes Received By Job
	355847  -  Total Bytes Sent By Job
	306644  -  Total Bytes Received By Job
	Partitionable Resources :    Usage  Request Allocated
	   Cpus                 :                 1         1
	   Disk (KB)            :  1000000  2048000   7917720
	   Memory (MB)          :      239     1992      1992
...
