000 (1262513.005.000) 07/25 12:33:14 Job submitted from host: <144.92.180.28:9618?addrs=144.92.180.28-9618+[2607-f388-101c-1000--370]-9618&noUDP&sock=5187_6dd5_82>
...
001 (1262513.005.000) 07/25 12:51:36 Job executing on host: <144.92.181.189:9618?addrs=144.92.181.189-9618+[2607-f388-101c-1000--629]-9618&noUDP&sock=10032_b230_3>
...
006 (1262513.005.000) 07/25 12:51:45 Image size of job updated: 227008
	111  -  MemoryUsage of job (MB)
	112708  -  ResidentSetSize of job (KB)
...
005 (1262513.005.000) 07/25 12:57:21 Job terminated.
	(1) Normal termination (return value 0)
		Usr 0 00:01:29, Sys 0 00:00:04  -  Run Remote Usage
		Usr 0 00:00:00, Sys 0 00:00:00  -  Run Local Usage
		Usr 0 00:01:29, Sys 0 00:00:04  -  Total Remote Usage
		Usr 0 00:00:00, Sys 0 00:00:00  -  Total Local Usage
	361389  -  Run Bytes Sent By Job
	283691  -  Run Bytes Received By Job
	361389  -  Total Bytes Sent By Job
	283691  -  Total Bytes Received By Job
	Partitionable Resources :    Usage  Request Allocated
	   Cpus                 :                 1         1
	   Disk (KB)            :  1000000  2048000   7917082
	   Memory (MB)          :      111     1992      1992
...
