000 (696014.010.000) 07/12 06:43:09 Job submitted from host: <144.92.181.245:9618?addrs=144.92.181.245-9618+[2607-f388-101c-1000--372]-9618&noUDP&sock=6179_dbc8_3>
...
001 (696014.010.000) 07/12 08:26:40 Job executing on host: <144.92.181.210:9618?addrs=144.92.181.210-9618+[2607-f388-101c-1000--629]-9618&noUDP&sock=6821_3795_3>
...
006 (696014.010.000) 07/12 08:26:49 Image size of job updated: 172096
	54  -  MemoryUsage of job (MB)
	54744  -  ResidentSetSize of job (KB)
...
006 (696014.010.000) 07/12 08:46:50 Image size of job updated: 239996
	234  -  MemoryUsage of job (MB)
	239520  -  ResidentSetSize of job (KB)
...
005 (696014.010.000) 07/12 08:53:46 Job terminated.
	(1) Normal termination (return value 0)
		Usr 0 00:05:08, Sys 0 00:00:17  -  Run Remote Usage
		Usr 0 00:00:00, Sys 0 00:00:00  -  Run Local Usage
		Usr 0 00:05:08, Sys 0 00:00:17  -  Total Remote Usage
		Usr 0 00:00:00, Sys 0 00:00:00  -  Total Local Usage
	412177  -  Run Bytes Sent By Job
	281287  -  Run Bytes Received By Job
	412177  -  Total Bytes Sent By Job
	281287  -  Total Bytes Received By Job
	Partitionable Resources :    Usage  Request Allocated
	   Cpus                 :                 1         1
	   Disk (KB)            :  1000000  2048000   3166786
	   Memory (MB)          :      234     1992      1992
...
