000 (696014.003.000) 07/12 06:43:09 Job submitted from host: <144.92.181.245:9618?addrs=144.92.181.245-9618+[2607-f388-101c-1000--372]-9618&noUDP&sock=6179_dbc8_3>
...
001 (696014.003.000) 07/12 08:26:26 Job executing on host: <144.92.181.165:9618?addrs=144.92.181.165-9618+[2607-f388-101c-1000--629]-9618&noUDP&sock=9844_be62_3>
...
006 (696014.003.000) 07/12 08:26:35 Image size of job updated: 55228
	53  -  MemoryUsage of job (MB)
	53324  -  ResidentSetSize of job (KB)
...
006 (696014.003.000) 07/12 08:46:36 Image size of job updated: 238504
	233  -  MemoryUsage of job (MB)
	237952  -  ResidentSetSize of job (KB)
...
005 (696014.003.000) 07/12 08:49:33 Job terminated.
	(1) Normal termination (return value 0)
		Usr 0 00:02:28, Sys 0 00:00:06  -  Run Remote Usage
		Usr 0 00:00:00, Sys 0 00:00:00  -  Run Local Usage
		Usr 0 00:02:28, Sys 0 00:00:06  -  Total Remote Usage
		Usr 0 00:00:00, Sys 0 00:00:00  -  Total Local Usage
	400869  -  Run Bytes Sent By Job
	281287  -  Run Bytes Received By Job
	400869  -  Total Bytes Sent By Job
	281287  -  Total Bytes Received By Job
	Partitionable Resources :    Usage  Request Allocated
	   Cpus                 :                 1         1
	   Disk (KB)            :  1000000  2048000   7917346
	   Memory (MB)          :      233     1992      1992
...
