000 (696014.008.000) 07/12 06:43:09 Job submitted from host: <144.92.181.245:9618?addrs=144.92.181.245-9618+[2607-f388-101c-1000--372]-9618&noUDP&sock=6179_dbc8_3>
...
001 (696014.008.000) 07/12 08:26:31 Job executing on host: <144.92.181.197:9618?addrs=144.92.181.197-9618+[2607-f388-101c-1000--456]-9618&noUDP&sock=6498_aa7e_3>
...
006 (696014.008.000) 07/12 08:26:40 Image size of job updated: 168620
	53  -  MemoryUsage of job (MB)
	53436  -  ResidentSetSize of job (KB)
...
006 (696014.008.000) 07/12 08:46:41 Image size of job updated: 238064
	232  -  MemoryUsage of job (MB)
	237016  -  ResidentSetSize of job (KB)
...
005 (696014.008.000) 07/12 09:00:34 Job terminated.
	(1) Normal termination (return value 0)
		Usr 0 00:07:54, Sys 0 00:00:21  -  Run Remote Usage
		Usr 0 00:00:00, Sys 0 00:00:00  -  Run Local Usage
		Usr 0 00:07:54, Sys 0 00:00:21  -  Total Remote Usage
		Usr 0 00:00:00, Sys 0 00:00:00  -  Total Local Usage
	416000  -  Run Bytes Sent By Job
	281287  -  Run Bytes Received By Job
	416000  -  Total Bytes Sent By Job
	281287  -  Total Bytes Received By Job
	Partitionable Resources :    Usage  Request Allocated
	   Cpus                 :                 1         1
	   Disk (KB)            :  1000000  2048000   4751700
	   Memory (MB)          :      232     1992      1992
...
