000 (691395.000.000) 07/11 11:25:43 Job submitted from host: <144.92.181.245:9618?addrs=144.92.181.245-9618+[2607-f388-101c-1000--372]-9618&noUDP&sock=6179_dbc8_3>
...
001 (691395.000.000) 07/11 11:38:52 Job executing on host: <144.92.180.62:9618?addrs=144.92.180.62-9618+[2607-f388-101c-1000--629]-9618&noUDP&sock=7052_a9f6_3>
...
006 (691395.000.000) 07/11 11:39:01 Image size of job updated: 36612
	8  -  MemoryUsage of job (MB)
	7432  -  ResidentSetSize of job (KB)
...
005 (691395.000.000) 07/11 11:46:06 Job terminated.
	(1) Normal termination (return value 0)
		Usr 0 00:01:21, Sys 0 00:00:04  -  Run Remote Usage
		Usr 0 00:00:00, Sys 0 00:00:00  -  Run Local Usage
		Usr 0 00:01:21, Sys 0 00:00:04  -  Total Remote Usage
		Usr 0 00:00:00, Sys 0 00:00:00  -  Total Local Usage
	321113  -  Run Bytes Sent By Job
	306644  -  Run Bytes Received By Job
	321113  -  Total Bytes Sent By Job
	306644  -  Total Bytes Received By Job
	Partitionable Resources :    Usage  Request Allocated
	   Cpus                 :                 1         1
	   Disk (KB)            :  1000000  2048000   4750234
	   Memory (MB)          :        8     1992      1992
...
