000 (691395.010.000) 07/11 11:25:43 Job submitted from host: <144.92.181.245:9618?addrs=144.92.181.245-9618+[2607-f388-101c-1000--372]-9618&noUDP&sock=6179_dbc8_3>
...
001 (691395.010.000) 07/11 11:38:53 Job executing on host: <144.92.180.84:9618?addrs=144.92.180.84-9618+[2607-f388-101c-1000--629]-9618&noUDP&sock=7060_26b8_3>
...
006 (691395.010.000) 07/11 11:39:03 Image size of job updated: 56412
	23  -  MemoryUsage of job (MB)
	23372  -  ResidentSetSize of job (KB)
...
005 (691395.010.000) 07/11 11:47:17 Job terminated.
	(1) Normal termination (return value 0)
		Usr 0 00:01:49, Sys 0 00:00:06  -  Run Remote Usage
		Usr 0 00:00:00, Sys 0 00:00:00  -  Run Local Usage
		Usr 0 00:01:49, Sys 0 00:00:06  -  Total Remote Usage
		Usr 0 00:00:00, Sys 0 00:00:00  -  Total Local Usage
	324596  -  Run Bytes Sent By Job
	306644  -  Run Bytes Received By Job
	324596  -  Total Bytes Sent By Job
	306644  -  Total Bytes Received By Job
	Partitionable Resources :    Usage  Request Allocated
	   Cpus                 :                 1         1
	   Disk (KB)            :  1000000  2048000   4750221
	   Memory (MB)          :       23     1992      1992
...
