000 (690081.004.000) 07/11 07:31:19 Job submitted from host: <144.92.181.245:9618?addrs=144.92.181.245-9618+[2607-f388-101c-1000--372]-9618&noUDP&sock=6179_dbc8_3>
...
001 (690081.004.000) 07/11 08:55:10 Job executing on host: <128.104.227.20:9618?addrs=128.104.227.20-9618+[2607-f388-101c-1000--629]-9618&noUDP&sock=10360_ad40_3>
...
006 (690081.004.000) 07/11 08:55:19 Image size of job updated: 228216
	106  -  MemoryUsage of job (MB)
	107920  -  ResidentSetSize of job (KB)
...
005 (690081.004.000) 07/11 09:13:09 Job terminated.
	(1) Normal termination (return value 0)
		Usr 0 00:02:33, Sys 0 00:00:09  -  Run Remote Usage
		Usr 0 00:00:00, Sys 0 00:00:00  -  Run Local Usage
		Usr 0 00:02:33, Sys 0 00:00:09  -  Total Remote Usage
		Usr 0 00:00:00, Sys 0 00:00:00  -  Total Local Usage
	336952  -  Run Bytes Sent By Job
	302156  -  Run Bytes Received By Job
	336952  -  Total Bytes Sent By Job
	302156  -  Total Bytes Received By Job
	Partitionable Resources :    Usage  Request Allocated
	   Cpus                 :                 1         1
	   Disk (KB)            :  1000000  2048000   9499163
	   Memory (MB)          :      106     1992      1992
...
