000 (690060.005.000) 07/11 07:30:44 Job submitted from host: <144.92.181.245:9618?addrs=144.92.181.245-9618+[2607-f388-101c-1000--372]-9618&noUDP&sock=6179_dbc8_3>
...
001 (690060.005.000) 07/11 08:26:16 Job executing on host: <144.92.181.84:9618?addrs=144.92.181.84-9618+[2607-f388-101c-1000--629]-9618&noUDP&sock=6907_34ba_10>
...
006 (690060.005.000) 07/11 08:26:25 Image size of job updated: 166996
	53  -  MemoryUsage of job (MB)
	53588  -  ResidentSetSize of job (KB)
...
005 (690060.005.000) 07/11 08:45:46 Job terminated.
	(1) Normal termination (return value 0)
		Usr 0 00:02:56, Sys 0 00:00:09  -  Run Remote Usage
		Usr 0 00:00:00, Sys 0 00:00:00  -  Run Local Usage
		Usr 0 00:02:56, Sys 0 00:00:09  -  Total Remote Usage
		Usr 0 00:00:00, Sys 0 00:00:00  -  Total Local Usage
	334652  -  Run Bytes Sent By Job
	302156  -  Run Bytes Received By Job
	334652  -  Total Bytes Sent By Job
	302156  -  Total Bytes Received By Job
	Partitionable Resources :    Usage  Request Allocated
	   Cpus                 :                 1         1
	   Disk (KB)            :  1000000  2048000   4750883
	   Memory (MB)          :       53     1992      1992
...
