000 (1262545.007.000) 07/25 12:33:37 Job submitted from host: <144.92.180.28:9618?addrs=144.92.180.28-9618+[2607-f388-101c-1000--370]-9618&noUDP&sock=5187_6dd5_82>
...
001 (1262545.007.000) 07/25 13:14:55 Job executing on host: <128.104.227.20:9618?addrs=128.104.227.20-9618+[2607-f388-101c-1000--629]-9618&noUDP&sock=10284_8c0e_3>
...
006 (1262545.007.000) 07/25 13:15:03 Image size of job updated: 201460
	107  -  MemoryUsage of job (MB)
	108632  -  ResidentSetSize of job (KB)
...
005 (1262545.007.000) 07/25 13:24:07 Job terminated.
	(1) Normal termination (return value 0)
		Usr 0 00:02:05, Sys 0 00:00:07  -  Run Remote Usage
		Usr 0 00:00:00, Sys 0 00:00:00  -  Run Local Usage
		Usr 0 00:02:05, Sys 0 00:00:07  -  Total Remote Usage
		Usr 0 00:00:00, Sys 0 00:00:00  -  Total Local Usage
	431755  -  Run Bytes Sent By Job
	283691  -  Run Bytes Received By Job
	431755  -  Total Bytes Sent By Job
	283691  -  Total Bytes Received By Job
	Partitionable Resources :    Usage  Request Allocated
	   Cpus                 :                 1         1
	   Disk (KB)            :  1000000  2048000   9498298
	   Memory (MB)          :      107     1992      1992
...
