000 (690136.001.000) 07/11 07:32:45 Job submitted from host: <144.92.181.245:9618?addrs=144.92.181.245-9618+[2607-f388-101c-1000--372]-9618&noUDP&sock=6179_dbc8_3>
...
001 (690136.001.000) 07/11 09:46:19 Job executing on host: <144.92.180.147:9618?addrs=144.92.180.147-9618+[2607-f388-101c-1000--629]-9618&noUDP&sock=7756_8ca2_3>
...
006 (690136.001.000) 07/11 09:46:27 Image size of job updated: 224932
	106  -  MemoryUsage of job (MB)
	107932  -  ResidentSetSize of job (KB)
...
006 (690136.001.000) 07/11 10:06:27 Image size of job updated: 240692
	233  -  MemoryUsage of job (MB)
	238372  -  ResidentSetSize of job (KB)
...
005 (690136.001.000) 07/11 10:13:04 Job terminated.
	(1) Normal termination (return value 0)
		Usr 0 00:02:27, Sys 0 00:00:08  -  Run Remote Usage
		Usr 0 00:00:00, Sys 0 00:00:00  -  Run Local Usage
		Usr 0 00:02:27, Sys 0 00:00:08  -  Total Remote Usage
		Usr 0 00:00:00, Sys 0 00:00:00  -  Total Local Usage
	399416  -  Run Bytes Sent By Job
	302156  -  Run Bytes Received By Job
	399416  -  Total Bytes Sent By Job
	302156  -  Total Bytes Received By Job
	Partitionable Resources :    Usage  Request Allocated
	   Cpus                 :                 1         1
	   Disk (KB)            :  1000000  2048000   7917508
	   Memory (MB)          :      233     1992      1992
...
