000 (690136.003.000) 07/11 07:32:45 Job submitted from host: <144.92.181.245:9618?addrs=144.92.181.245-9618+[2607-f388-101c-1000--372]-9618&noUDP&sock=6179_dbc8_3>
...
001 (690136.003.000) 07/11 09:46:22 Job executing on host: <128.104.227.82:9618?addrs=128.104.227.82-9618+[2607-f388-101c-1000--629]-9618&noUDP&sock=11748_bab4_3>
...
006 (690136.003.000) 07/11 09:46:30 Image size of job updated: 225228
	106  -  MemoryUsage of job (MB)
	107944  -  ResidentSetSize of job (KB)
...
006 (690136.003.000) 07/11 10:06:30 Image size of job updated: 239624
	235  -  MemoryUsage of job (MB)
	239624  -  ResidentSetSize of job (KB)
...
006 (690136.003.000) 07/11 10:08:02 Image size of job updated: 239628
	235  -  MemoryUsage of job (MB)
	239624  -  ResidentSetSize of job (KB)
...
005 (690136.003.000) 07/11 10:08:03 Job terminated.
	(1) Normal termination (return value 0)
		Usr 0 00:02:12, Sys 0 00:00:08  -  Run Remote Usage
		Usr 0 00:00:00, Sys 0 00:00:00  -  Run Local Usage
		Usr 0 00:02:12, Sys 0 00:00:08  -  Total Remote Usage
		Usr 0 00:00:00, Sys 0 00:00:00  -  Total Local Usage
	400054  -  Run Bytes Sent By Job
	302156  -  Run Bytes Received By Job
	400054  -  Total Bytes Sent By Job
	302156  -  Total Bytes Received By Job
	Partitionable Resources :    Usage  Request Allocated
	   Cpus                 :                 1         1
	   Disk (KB)            :  1000000  2048000   9503085
	   Memory (MB)          :      235     1992      1992
...
