000 (690025.003.000) 07/11 07:29:55 Job submitted from host: <144.92.181.245:9618?addrs=144.92.181.245-9618+[2607-f388-101c-1000--372]-9618&noUDP&sock=6179_dbc8_3>
...
001 (690025.003.000) 07/11 08:00:14 Job executing on host: <144.92.180.113:9618?addrs=144.92.180.113-9618+[2607-f388-101c-1000--629]-9618&noUDP&sock=7609_b836_3>
...
006 (690025.003.000) 07/11 08:00:23 Image size of job updated: 226152
	106  -  MemoryUsage of job (MB)
	107728  -  ResidentSetSize of job (KB)
...
005 (690025.003.000) 07/11 08:03:59 Job terminated.
	(1) Normal termination (return value 0)
		Usr 0 00:00:37, Sys 0 00:00:02  -  Run Remote Usage
		Usr 0 00:00:00, Sys 0 00:00:00  -  Run Local Usage
		Usr 0 00:00:37, Sys 0 00:00:02  -  Total Remote Usage
		Usr 0 00:00:00, Sys 0 00:00:00  -  Total Local Usage
	286227  -  Run Bytes Sent By Job
	302156  -  Run Bytes Received By Job
	286227  -  Total Bytes Sent By Job
	302156  -  Total Bytes Received By Job
	Partitionable Resources :    Usage  Request Allocated
	   Cpus                 :                 1         1
	   Disk (KB)            :  1000000  2048000   6334004
	   Memory (MB)          :      106     1992      1992
...
