000 (696020.010.000) 07/12 06:43:18 Job submitted from host: <144.92.181.245:9618?addrs=144.92.181.245-9618+[2607-f388-101c-1000--372]-9618&noUDP&sock=6179_dbc8_3>
...
001 (696020.010.000) 07/12 08:29:50 Job executing on host: <128.104.227.54:9618?addrs=128.104.227.54-9618+[2607-f388-101c-1000--629]-9618&noUDP&sock=10332_7899_3>
...
006 (696020.010.000) 07/12 08:29:59 Image size of job updated: 217744
	107  -  MemoryUsage of job (MB)
	108552  -  ResidentSetSize of job (KB)
...
006 (696020.010.000) 07/12 08:50:00 Image size of job updated: 241696
	234  -  MemoryUsage of job (MB)
	239176  -  ResidentSetSize of job (KB)
...
005 (696020.010.000) 07/12 08:57:02 Job terminated.
	(1) Normal termination (return value 0)
		Usr 0 00:02:18, Sys 0 00:00:07  -  Run Remote Usage
		Usr 0 00:00:00, Sys 0 00:00:00  -  Run Local Usage
		Usr 0 00:02:18, Sys 0 00:00:07  -  Total Remote Usage
		Usr 0 00:00:00, Sys 0 00:00:00  -  Total Local Usage
	406321  -  Run Bytes Sent By Job
	281287  -  Run Bytes Received By Job
	406321  -  Total Bytes Sent By Job
	281287  -  Total Bytes Received By Job
	Partitionable Resources :    Usage  Request Allocated
	   Cpus                 :                 1         1
	   Disk (KB)            :  1000000  2048000   9500796
	   Memory (MB)          :      234     1992      1992
...
