000 (695990.000.000) 07/12 06:42:32 Job submitted from host: <144.92.181.245:9618?addrs=144.92.181.245-9618+[2607-f388-101c-1000--372]-9618&noUDP&sock=6179_dbc8_3>
...
001 (695990.000.000) 07/12 08:17:50 Job executing on host: <128.104.227.70:9618?addrs=128.104.227.70-9618+[2607-f388-101c-1000--629]-9618&noUDP&sock=10318_de46_3>
...
006 (695990.000.000) 07/12 08:17:59 Image size of job updated: 205968
	106  -  MemoryUsage of job (MB)
	108520  -  ResidentSetSize of job (KB)
...
005 (695990.000.000) 07/12 08:37:32 Job terminated.
	(1) Normal termination (return value 0)
		Usr 0 00:01:42, Sys 0 00:00:05  -  Run Remote Usage
		Usr 0 00:00:00, Sys 0 00:00:00  -  Run Local Usage
		Usr 0 00:01:42, Sys 0 00:00:05  -  Total Remote Usage
		Usr 0 00:00:00, Sys 0 00:00:00  -  Total Local Usage
	374105  -  Run Bytes Sent By Job
	281287  -  Run Bytes Received By Job
	374105  -  Total Bytes Sent By Job
	281287  -  Total Bytes Received By Job
	Partitionable Resources :    Usage  Request Allocated
	   Cpus                 :                 1         1
	   Disk (KB)            :  1000000  2048000   9500874
	   Memory (MB)          :      106     1992      1992
...
