000 (695990.013.000) 07/12 06:42:32 Job submitted from host: <144.92.181.245:9618?addrs=144.92.181.245-9618+[2607-f388-101c-1000--372]-9618&noUDP&sock=6179_dbc8_3>
...
001 (695990.013.000) 07/12 08:18:06 Job executing on host: <128.104.227.111:9618?addrs=128.104.227.111-9618+[2607-f388-101c-1000--60]-9618&noUDP&sock=11720_860d_3>
...
006 (695990.013.000) 07/12 08:18:15 Image size of job updated: 217300
	106  -  MemoryUsage of job (MB)
	108512  -  ResidentSetSize of job (KB)
...
006 (695990.013.000) 07/12 08:38:16 Image size of job updated: 254092
	249  -  MemoryUsage of job (MB)
	253968  -  ResidentSetSize of job (KB)
...
006 (695990.013.000) 07/12 08:52:48 Image size of job updated: 258252
	249  -  MemoryUsage of job (MB)
	253968  -  ResidentSetSize of job (KB)
...
005 (695990.013.000) 07/12 08:52:49 Job terminated.
	(1) Normal termination (return value 0)
		Usr 0 00:02:18, Sys 0 00:00:07  -  Run Remote Usage
		Usr 0 00:00:00, Sys 0 00:00:00  -  Run Local Usage
		Usr 0 00:02:18, Sys 0 00:00:07  -  Total Remote Usage
		Usr 0 00:00:00, Sys 0 00:00:00  -  Total Local Usage
	374838  -  Run Bytes Sent By Job
	281287  -  Run Bytes Received By Job
	374838  -  Total Bytes Sent By Job
	281287  -  Total Bytes Received By Job
	Partitionable Resources :    Usage  Request Allocated
	   Cpus                 :                 1         1
	   Disk (KB)            :  1000000  2048000   9503250
	   Memory (MB)          :      249     1992      1992
...
