000 (695990.001.000) 07/12 06:42:32 Job submitted from host: <144.92.181.245:9618?addrs=144.92.181.245-9618+[2607-f388-101c-1000--372]-9618&noUDP&sock=6179_dbc8_3>
...
001 (695990.001.000) 07/12 08:17:51 Job executing on host: <144.92.180.94:9618?addrs=144.92.180.94-9618+[2607-f388-101c-1000--629]-9618&noUDP&sock=7025_24e7_3>
...
006 (695990.001.000) 07/12 08:17:59 Image size of job updated: 167576
	53  -  MemoryUsage of job (MB)
	53592  -  ResidentSetSize of job (KB)
...
006 (695990.001.000) 07/12 08:37:59 Image size of job updated: 261084
	255  -  MemoryUsage of job (MB)
	260448  -  ResidentSetSize of job (KB)
...
005 (695990.001.000) 07/12 08:45:34 Job terminated.
	(1) Normal termination (return value 0)
		Usr 0 00:04:33, Sys 0 00:00:15  -  Run Remote Usage
		Usr 0 00:00:00, Sys 0 00:00:00  -  Run Local Usage
		Usr 0 00:04:33, Sys 0 00:00:15  -  Total Remote Usage
		Usr 0 00:00:00, Sys 0 00:00:00  -  Total Local Usage
	383831  -  Run Bytes Sent By Job
	281287  -  Run Bytes Received By Job
	383831  -  Total Bytes Sent By Job
	281287  -  Total Bytes Received By Job
	Partitionable Resources :    Usage  Request Allocated
	   Cpus                 :                 1         1
	   Disk (KB)            :  1000000  2048000   4749969
	   Memory (MB)          :      255     1992      1992
...
