000 (1262549.000.000) 07/25 12:33:40 Job submitted from host: <144.92.180.28:9618?addrs=144.92.180.28-9618+[2607-f388-101c-1000--370]-9618&noUDP&sock=5187_6dd5_82>
...
001 (1262549.000.000) 07/25 13:18:45 Job executing on host: <144.92.180.31:9618?addrs=144.92.180.31-9618+[2607-f388-101c-1000--629]-9618&noUDP&sock=7707_f07e_3>
...
006 (1262549.000.000) 07/25 13:18:54 Image size of job updated: 226116
	107  -  MemoryUsage of job (MB)
	108620  -  ResidentSetSize of job (KB)
...
005 (1262549.000.000) 07/25 13:28:29 Job terminated.
	(1) Normal termination (return value 0)
		Usr 0 00:02:11, Sys 0 00:00:07  -  Run Remote Usage
		Usr 0 00:00:00, Sys 0 00:00:00  -  Run Local Usage
		Usr 0 00:02:11, Sys 0 00:00:07  -  Total Remote Usage
		Usr 0 00:00:00, Sys 0 00:00:00  -  Total Local Usage
	431095  -  Run Bytes Sent By Job
	283691  -  Run Bytes Received By Job
	431095  -  Total Bytes Sent By Job
	283691  -  Total Bytes Received By Job
	Partitionable Resources :    Usage  Request Allocated
	   Cpus                 :                 1         1
	   Disk (KB)            :  1000000  2048000   7916405
	   Memory (MB)          :      107     1992      1992
...
