file path found: /hdfs/store/user/varuns/Run2018D_Prompt/EGamma/crab_job_EGamma2018Dv2_3v2/190529_223037/0007/Data_EGamma2018Dv2_3v2_7006.root
name: Data_EGamma2018Dv2_3v2_7006.root
filenumber: 0
Adding FullPathInputFile to chain:/hdfs/store/user/varuns/Run2018D_Prompt/EGamma/crab_job_EGamma2018Dv2_3v2/190529_223037/0007/Data_EGamma2018Dv2_3v2_7006.root

file path found: /hdfs/store/user/varuns/Run2018D_Prompt/EGamma/crab_job_EGamma2018Dv2_3v2/190529_223037/0007/Data_EGamma2018Dv2_3v2_7007.root
name: Data_EGamma2018Dv2_3v2_7007.root
filenumber: 1
Adding FullPathInputFile to chain:/hdfs/store/user/varuns/Run2018D_Prompt/EGamma/crab_job_EGamma2018Dv2_3v2/190529_223037/0007/Data_EGamma2018Dv2_3v2_7007.root

file path found: /hdfs/store/user/varuns/Run2018D_Prompt/EGamma/crab_job_EGamma2018Dv2_3v2/190529_223037/0007/Data_EGamma2018Dv2_3v2_7009.root
name: Data_EGamma2018Dv2_3v2_7009.root
filenumber: 2
Adding FullPathInputFile to chain:/hdfs/store/user/varuns/Run2018D_Prompt/EGamma/crab_job_EGamma2018Dv2_3v2/190529_223037/0007/Data_EGamma2018Dv2_3v2_7009.root

file path found: /hdfs/store/user/varuns/Run2018D_Prompt/EGamma/crab_job_EGamma2018Dv2_3v2/190529_223037/0007/Data_EGamma2018Dv2_3v2_7015.root
name: Data_EGamma2018Dv2_3v2_7015.root
filenumber: 3
Adding FullPathInputFile to chain:/hdfs/store/user/varuns/Run2018D_Prompt/EGamma/crab_job_EGamma2018Dv2_3v2/190529_223037/0007/Data_EGamma2018Dv2_3v2_7015.root

file path found: /hdfs/store/user/varuns/Run2018D_Prompt/EGamma/crab_job_EGamma2018Dv2_3v2/190529_223037/0007/Data_EGamma2018Dv2_3v2_7017.root
name: Data_EGamma2018Dv2_3v2_7017.root
filenumber: 4
Adding FullPathInputFile to chain:/hdfs/store/user/varuns/Run2018D_Prompt/EGamma/crab_job_EGamma2018Dv2_3v2/190529_223037/0007/Data_EGamma2018Dv2_3v2_7017.root

file path found: /hdfs/store/user/varuns/Run2018D_Prompt/EGamma/crab_job_EGamma2018Dv2_3v2/190529_223037/0007/Data_EGamma2018Dv2_3v2_7018.root
name: Data_EGamma2018Dv2_3v2_7018.root
filenumber: 5
Adding FullPathInputFile to chain:/hdfs/store/user/varuns/Run2018D_Prompt/EGamma/crab_job_EGamma2018Dv2_3v2/190529_223037/0007/Data_EGamma2018Dv2_3v2_7018.root

file path found: /hdfs/store/user/varuns/Run2018D_Prompt/EGamma/crab_job_EGamma2018Dv2_3v2/190529_223037/0007/Data_EGamma2018Dv2_3v2_7019.root
name: Data_EGamma2018Dv2_3v2_7019.root
filenumber: 6
Adding FullPathInputFile to chain:/hdfs/store/user/varuns/Run2018D_Prompt/EGamma/crab_job_EGamma2018Dv2_3v2/190529_223037/0007/Data_EGamma2018Dv2_3v2_7019.root

file path found: /hdfs/store/user/varuns/Run2018D_Prompt/EGamma/crab_job_EGamma2018Dv2_3v2/190529_223037/0007/Data_EGamma2018Dv2_3v2_7021.root
name: Data_EGamma2018Dv2_3v2_7021.root
filenumber: 7
Adding FullPathInputFile to chain:/hdfs/store/user/varuns/Run2018D_Prompt/EGamma/crab_job_EGamma2018Dv2_3v2/190529_223037/0007/Data_EGamma2018Dv2_3v2_7021.root

file path found: /hdfs/store/user/varuns/Run2018D_Prompt/EGamma/crab_job_EGamma2018Dv2_3v2/190529_223037/0007/Data_EGamma2018Dv2_3v2_7029.root
name: Data_EGamma2018Dv2_3v2_7029.root
filenumber: 8
Adding FullPathInputFile to chain:/hdfs/store/user/varuns/Run2018D_Prompt/EGamma/crab_job_EGamma2018Dv2_3v2/190529_223037/0007/Data_EGamma2018Dv2_3v2_7029.root

file path found: /hdfs/store/user/varuns/Run2018D_Prompt/EGamma/crab_job_EGamma2018Dv2_3v2/190529_223037/0007/Data_EGamma2018Dv2_3v2_7031.root
name: Data_EGamma2018Dv2_3v2_7031.root
filenumber: 9
Adding FullPathInputFile to chain:/hdfs/store/user/varuns/Run2018D_Prompt/EGamma/crab_job_EGamma2018Dv2_3v2/190529_223037/0007/Data_EGamma2018Dv2_3v2_7031.root

file path found: /hdfs/store/user/varuns/Run2018D_Prompt/EGamma/crab_job_EGamma2018Dv2_3v2/190529_223037/0007/Data_EGamma2018Dv2_3v2_7044.root
name: Data_EGamma2018Dv2_3v2_7044.root
filenumber: 10
Adding FullPathInputFile to chain:/hdfs/store/user/varuns/Run2018D_Prompt/EGamma/crab_job_EGamma2018Dv2_3v2/190529_223037/0007/Data_EGamma2018Dv2_3v2_7044.root

file path found: /hdfs/store/user/varuns/Run2018D_Prompt/EGamma/crab_job_EGamma2018Dv2_3v2/190529_223037/0007/Data_EGamma2018Dv2_3v2_7048.root
name: Data_EGamma2018Dv2_3v2_7048.root
filenumber: 11
Adding FullPathInputFile to chain:/hdfs/store/user/varuns/Run2018D_Prompt/EGamma/crab_job_EGamma2018Dv2_3v2/190529_223037/0007/Data_EGamma2018Dv2_3v2_7048.root

file path found: /hdfs/store/user/varuns/Run2018D_Prompt/EGamma/crab_job_EGamma2018Dv2_3v2/190529_223037/0007/Data_EGamma2018Dv2_3v2_7049.root
name: Data_EGamma2018Dv2_3v2_7049.root
filenumber: 12
Adding FullPathInputFile to chain:/hdfs/store/user/varuns/Run2018D_Prompt/EGamma/crab_job_EGamma2018Dv2_3v2/190529_223037/0007/Data_EGamma2018Dv2_3v2_7049.root

file path found: /hdfs/store/user/varuns/Run2018D_Prompt/EGamma/crab_job_EGamma2018Dv2_3v2/190529_223037/0007/Data_EGamma2018Dv2_3v2_7055.root
name: Data_EGamma2018Dv2_3v2_7055.root
filenumber: 13
Adding FullPathInputFile to chain:/hdfs/store/user/varuns/Run2018D_Prompt/EGamma/crab_job_EGamma2018Dv2_3v2/190529_223037/0007/Data_EGamma2018Dv2_3v2_7055.root

file path found: /hdfs/store/user/varuns/Run2018D_Prompt/EGamma/crab_job_EGamma2018Dv2_3v2/190529_223037/0007/Data_EGamma2018Dv2_3v2_7057.root
name: Data_EGamma2018Dv2_3v2_7057.root
filenumber: 14
Adding FullPathInputFile to chain:/hdfs/store/user/varuns/Run2018D_Prompt/EGamma/crab_job_EGamma2018Dv2_3v2/190529_223037/0007/Data_EGamma2018Dv2_3v2_7057.root

file path found: /hdfs/store/user/varuns/Run2018D_Prompt/EGamma/crab_job_EGamma2018Dv2_3v2/190529_223037/0007/Data_EGamma2018Dv2_3v2_7058.root
name: Data_EGamma2018Dv2_3v2_7058.root
filenumber: 15
Adding FullPathInputFile to chain:/hdfs/store/user/varuns/Run2018D_Prompt/EGamma/crab_job_EGamma2018Dv2_3v2/190529_223037/0007/Data_EGamma2018Dv2_3v2_7058.root

file path found: /hdfs/store/user/varuns/Run2018D_Prompt/EGamma/crab_job_EGamma2018Dv2_3v2/190529_223037/0007/Data_EGamma2018Dv2_3v2_7063.root
name: Data_EGamma2018Dv2_3v2_7063.root
filenumber: 16
Adding FullPathInputFile to chain:/hdfs/store/user/varuns/Run2018D_Prompt/EGamma/crab_job_EGamma2018Dv2_3v2/190529_223037/0007/Data_EGamma2018Dv2_3v2_7063.root

file path found: /hdfs/store/user/varuns/Run2018D_Prompt/EGamma/crab_job_EGamma2018Dv2_3v2/190529_223037/0007/Data_EGamma2018Dv2_3v2_7066.root
name: Data_EGamma2018Dv2_3v2_7066.root
filenumber: 17
Adding FullPathInputFile to chain:/hdfs/store/user/varuns/Run2018D_Prompt/EGamma/crab_job_EGamma2018Dv2_3v2/190529_223037/0007/Data_EGamma2018Dv2_3v2_7066.root

file path found: /hdfs/store/user/varuns/Run2018D_Prompt/EGamma/crab_job_EGamma2018Dv2_3v2/190529_223037/0007/Data_EGamma2018Dv2_3v2_7074.root
name: Data_EGamma2018Dv2_3v2_7074.root
filenumber: 18
Adding FullPathInputFile to chain:/hdfs/store/user/varuns/Run2018D_Prompt/EGamma/crab_job_EGamma2018Dv2_3v2/190529_223037/0007/Data_EGamma2018Dv2_3v2_7074.root

file path found: /hdfs/store/user/varuns/Run2018D_Prompt/EGamma/crab_job_EGamma2018Dv2_3v2/190529_223037/0007/Data_EGamma2018Dv2_3v2_7080.root
name: Data_EGamma2018Dv2_3v2_7080.root
filenumber: 19
Adding FullPathInputFile to chain:/hdfs/store/user/varuns/Run2018D_Prompt/EGamma/crab_job_EGamma2018Dv2_3v2/190529_223037/0007/Data_EGamma2018Dv2_3v2_7080.root

file path found: /hdfs/store/user/varuns/Run2018D_Prompt/EGamma/crab_job_EGamma2018Dv2_3v2/190529_223037/0007/Data_EGamma2018Dv2_3v2_7081.root
name: Data_EGamma2018Dv2_3v2_7081.root
filenumber: 20
Adding FullPathInputFile to chain:/hdfs/store/user/varuns/Run2018D_Prompt/EGamma/crab_job_EGamma2018Dv2_3v2/190529_223037/0007/Data_EGamma2018Dv2_3v2_7081.root

file path found: /hdfs/store/user/varuns/Run2018D_Prompt/EGamma/crab_job_EGamma2018Dv2_3v2/190529_223037/0007/Data_EGamma2018Dv2_3v2_7082.root
name: Data_EGamma2018Dv2_3v2_7082.root
filenumber: 21
Adding FullPathInputFile to chain:/hdfs/store/user/varuns/Run2018D_Prompt/EGamma/crab_job_EGamma2018Dv2_3v2/190529_223037/0007/Data_EGamma2018Dv2_3v2_7082.root

file path found: /hdfs/store/user/varuns/Run2018D_Prompt/EGamma/crab_job_EGamma2018Dv2_3v2/190529_223037/0007/Data_EGamma2018Dv2_3v2_7085.root
name: Data_EGamma2018Dv2_3v2_7085.root
filenumber: 22
Adding FullPathInputFile to chain:/hdfs/store/user/varuns/Run2018D_Prompt/EGamma/crab_job_EGamma2018Dv2_3v2/190529_223037/0007/Data_EGamma2018Dv2_3v2_7085.root

file path found: /hdfs/store/user/varuns/Run2018D_Prompt/EGamma/crab_job_EGamma2018Dv2_3v2/190529_223037/0007/Data_EGamma2018Dv2_3v2_7086.root
name: Data_EGamma2018Dv2_3v2_7086.root
filenumber: 23
Adding FullPathInputFile to chain:/hdfs/store/user/varuns/Run2018D_Prompt/EGamma/crab_job_EGamma2018Dv2_3v2/190529_223037/0007/Data_EGamma2018Dv2_3v2_7086.root

file path found: /hdfs/store/user/varuns/Run2018D_Prompt/EGamma/crab_job_EGamma2018Dv2_3v2/190529_223037/0007/Data_EGamma2018Dv2_3v2_7087.root
name: Data_EGamma2018Dv2_3v2_7087.root
filenumber: 24
Adding FullPathInputFile to chain:/hdfs/store/user/varuns/Run2018D_Prompt/EGamma/crab_job_EGamma2018Dv2_3v2/190529_223037/0007/Data_EGamma2018Dv2_3v2_7087.root

file path found: /hdfs/store/user/varuns/Run2018D_Prompt/EGamma/crab_job_EGamma2018Dv2_3v2/190529_223037/0007/Data_EGamma2018Dv2_3v2_7092.root
name: Data_EGamma2018Dv2_3v2_7092.root
filenumber: 25
Adding FullPathInputFile to chain:/hdfs/store/user/varuns/Run2018D_Prompt/EGamma/crab_job_EGamma2018Dv2_3v2/190529_223037/0007/Data_EGamma2018Dv2_3v2_7092.root

file path found: /hdfs/store/user/varuns/Run2018D_Prompt/EGamma/crab_job_EGamma2018Dv2_3v2/190529_223037/0007/Data_EGamma2018Dv2_3v2_7093.root
name: Data_EGamma2018Dv2_3v2_7093.root
filenumber: 26
Adding FullPathInputFile to chain:/hdfs/store/user/varuns/Run2018D_Prompt/EGamma/crab_job_EGamma2018Dv2_3v2/190529_223037/0007/Data_EGamma2018Dv2_3v2_7093.root

file path found: /hdfs/store/user/varuns/Run2018D_Prompt/EGamma/crab_job_EGamma2018Dv2_3v2/190529_223037/0007/Data_EGamma2018Dv2_3v2_7094.root
name: Data_EGamma2018Dv2_3v2_7094.root
filenumber: 27
Adding FullPathInputFile to chain:/hdfs/store/user/varuns/Run2018D_Prompt/EGamma/crab_job_EGamma2018Dv2_3v2/190529_223037/0007/Data_EGamma2018Dv2_3v2_7094.root

file path found: /hdfs/store/user/varuns/Run2018D_Prompt/EGamma/crab_job_EGamma2018Dv2_3v2/190529_223037/0007/Data_EGamma2018Dv2_3v2_7095.root
name: Data_EGamma2018Dv2_3v2_7095.root
filenumber: 28
Adding FullPathInputFile to chain:/hdfs/store/user/varuns/Run2018D_Prompt/EGamma/crab_job_EGamma2018Dv2_3v2/190529_223037/0007/Data_EGamma2018Dv2_3v2_7095.root

file path found: /hdfs/store/user/varuns/Run2018D_Prompt/EGamma/crab_job_EGamma2018Dv2_3v2/190529_223037/0007/Data_EGamma2018Dv2_3v2_7100.root
name: Data_EGamma2018Dv2_3v2_7100.root
filenumber: 29
Adding FullPathInputFile to chain:/hdfs/store/user/varuns/Run2018D_Prompt/EGamma/crab_job_EGamma2018Dv2_3v2/190529_223037/0007/Data_EGamma2018Dv2_3v2_7100.root

file path found: /hdfs/store/user/varuns/Run2018D_Prompt/EGamma/crab_job_EGamma2018Dv2_3v2/190529_223037/0007/Data_EGamma2018Dv2_3v2_7101.root
name: Data_EGamma2018Dv2_3v2_7101.root
filenumber: 30
Adding FullPathInputFile to chain:/hdfs/store/user/varuns/Run2018D_Prompt/EGamma/crab_job_EGamma2018Dv2_3v2/190529_223037/0007/Data_EGamma2018Dv2_3v2_7101.root

file path found: /hdfs/store/user/varuns/Run2018D_Prompt/EGamma/crab_job_EGamma2018Dv2_3v2/190529_223037/0007/Data_EGamma2018Dv2_3v2_7102.root
name: Data_EGamma2018Dv2_3v2_7102.root
filenumber: 31
Adding FullPathInputFile to chain:/hdfs/store/user/varuns/Run2018D_Prompt/EGamma/crab_job_EGamma2018Dv2_3v2/190529_223037/0007/Data_EGamma2018Dv2_3v2_7102.root

file path found: /hdfs/store/user/varuns/Run2018D_Prompt/EGamma/crab_job_EGamma2018Dv2_3v2/190529_223037/0007/Data_EGamma2018Dv2_3v2_7104.root
name: Data_EGamma2018Dv2_3v2_7104.root
filenumber: 32
Adding FullPathInputFile to chain:/hdfs/store/user/varuns/Run2018D_Prompt/EGamma/crab_job_EGamma2018Dv2_3v2/190529_223037/0007/Data_EGamma2018Dv2_3v2_7104.root

file path found: /hdfs/store/user/varuns/Run2018D_Prompt/EGamma/crab_job_EGamma2018Dv2_3v2/190529_223037/0007/Data_EGamma2018Dv2_3v2_7106.root
name: Data_EGamma2018Dv2_3v2_7106.root
filenumber: 33
Adding FullPathInputFile to chain:/hdfs/store/user/varuns/Run2018D_Prompt/EGamma/crab_job_EGamma2018Dv2_3v2/190529_223037/0007/Data_EGamma2018Dv2_3v2_7106.root

file path found: /hdfs/store/user/varuns/Run2018D_Prompt/EGamma/crab_job_EGamma2018Dv2_3v2/190529_223037/0007/Data_EGamma2018Dv2_3v2_7110.root
name: Data_EGamma2018Dv2_3v2_7110.root
filenumber: 34
Adding FullPathInputFile to chain:/hdfs/store/user/varuns/Run2018D_Prompt/EGamma/crab_job_EGamma2018Dv2_3v2/190529_223037/0007/Data_EGamma2018Dv2_3v2_7110.root

file path found: /hdfs/store/user/varuns/Run2018D_Prompt/EGamma/crab_job_EGamma2018Dv2_3v2/190529_223037/0007/Data_EGamma2018Dv2_3v2_7113.root
name: Data_EGamma2018Dv2_3v2_7113.root
filenumber: 35
Adding FullPathInputFile to chain:/hdfs/store/user/varuns/Run2018D_Prompt/EGamma/crab_job_EGamma2018Dv2_3v2/190529_223037/0007/Data_EGamma2018Dv2_3v2_7113.root

file path found: /hdfs/store/user/varuns/Run2018D_Prompt/EGamma/crab_job_EGamma2018Dv2_3v2/190529_223037/0007/Data_EGamma2018Dv2_3v2_7114.root
name: Data_EGamma2018Dv2_3v2_7114.root
filenumber: 36
Adding FullPathInputFile to chain:/hdfs/store/user/varuns/Run2018D_Prompt/EGamma/crab_job_EGamma2018Dv2_3v2/190529_223037/0007/Data_EGamma2018Dv2_3v2_7114.root

file path found: /hdfs/store/user/varuns/Run2018D_Prompt/EGamma/crab_job_EGamma2018Dv2_3v2/190529_223037/0007/Data_EGamma2018Dv2_3v2_7115.root
name: Data_EGamma2018Dv2_3v2_7115.root
filenumber: 37
Adding FullPathInputFile to chain:/hdfs/store/user/varuns/Run2018D_Prompt/EGamma/crab_job_EGamma2018Dv2_3v2/190529_223037/0007/Data_EGamma2018Dv2_3v2_7115.root

file path found: /hdfs/store/user/varuns/Run2018D_Prompt/EGamma/crab_job_EGamma2018Dv2_3v2/190529_223037/0007/Data_EGamma2018Dv2_3v2_7119.root
name: Data_EGamma2018Dv2_3v2_7119.root
filenumber: 38
Adding FullPathInputFile to chain:/hdfs/store/user/varuns/Run2018D_Prompt/EGamma/crab_job_EGamma2018Dv2_3v2/190529_223037/0007/Data_EGamma2018Dv2_3v2_7119.root

file path found: /hdfs/store/user/varuns/Run2018D_Prompt/EGamma/crab_job_EGamma2018Dv2_3v2/190529_223037/0007/Data_EGamma2018Dv2_3v2_7120.root
name: Data_EGamma2018Dv2_3v2_7120.root
filenumber: 39
Adding FullPathInputFile to chain:/hdfs/store/user/varuns/Run2018D_Prompt/EGamma/crab_job_EGamma2018Dv2_3v2/190529_223037/0007/Data_EGamma2018Dv2_3v2_7120.root

file path found: /hdfs/store/user/varuns/Run2018D_Prompt/EGamma/crab_job_EGamma2018Dv2_3v2/190529_223037/0007/Data_EGamma2018Dv2_3v2_7121.root
name: Data_EGamma2018Dv2_3v2_7121.root
filenumber: 40
Adding FullPathInputFile to chain:/hdfs/store/user/varuns/Run2018D_Prompt/EGamma/crab_job_EGamma2018Dv2_3v2/190529_223037/0007/Data_EGamma2018Dv2_3v2_7121.root

file path found: /hdfs/store/user/varuns/Run2018D_Prompt/EGamma/crab_job_EGamma2018Dv2_3v2/190529_223037/0007/Data_EGamma2018Dv2_3v2_7122.root
name: Data_EGamma2018Dv2_3v2_7122.root
filenumber: 41
Adding FullPathInputFile to chain:/hdfs/store/user/varuns/Run2018D_Prompt/EGamma/crab_job_EGamma2018Dv2_3v2/190529_223037/0007/Data_EGamma2018Dv2_3v2_7122.root

file path found: /hdfs/store/user/varuns/Run2018D_Prompt/EGamma/crab_job_EGamma2018Dv2_3v2/190529_223037/0007/Data_EGamma2018Dv2_3v2_7123.root
name: Data_EGamma2018Dv2_3v2_7123.root
filenumber: 42
Adding FullPathInputFile to chain:/hdfs/store/user/varuns/Run2018D_Prompt/EGamma/crab_job_EGamma2018Dv2_3v2/190529_223037/0007/Data_EGamma2018Dv2_3v2_7123.root

file path found: /hdfs/store/user/varuns/Run2018D_Prompt/EGamma/crab_job_EGamma2018Dv2_3v2/190529_223037/0007/Data_EGamma2018Dv2_3v2_7124.root
name: Data_EGamma2018Dv2_3v2_7124.root
filenumber: 43
Adding FullPathInputFile to chain:/hdfs/store/user/varuns/Run2018D_Prompt/EGamma/crab_job_EGamma2018Dv2_3v2/190529_223037/0007/Data_EGamma2018Dv2_3v2_7124.root

file path found: /hdfs/store/user/varuns/Run2018D_Prompt/EGamma/crab_job_EGamma2018Dv2_3v2/190529_223037/0007/Data_EGamma2018Dv2_3v2_7125.root
name: Data_EGamma2018Dv2_3v2_7125.root
filenumber: 44
Adding FullPathInputFile to chain:/hdfs/store/user/varuns/Run2018D_Prompt/EGamma/crab_job_EGamma2018Dv2_3v2/190529_223037/0007/Data_EGamma2018Dv2_3v2_7125.root

file path found: /hdfs/store/user/varuns/Run2018D_Prompt/EGamma/crab_job_EGamma2018Dv2_3v2/190529_223037/0007/Data_EGamma2018Dv2_3v2_7126.root
name: Data_EGamma2018Dv2_3v2_7126.root
filenumber: 45
Adding FullPathInputFile to chain:/hdfs/store/user/varuns/Run2018D_Prompt/EGamma/crab_job_EGamma2018Dv2_3v2/190529_223037/0007/Data_EGamma2018Dv2_3v2_7126.root

file path found: /hdfs/store/user/varuns/Run2018D_Prompt/EGamma/crab_job_EGamma2018Dv2_3v2/190529_223037/0007/Data_EGamma2018Dv2_3v2_7127.root
name: Data_EGamma2018Dv2_3v2_7127.root
filenumber: 46
Adding FullPathInputFile to chain:/hdfs/store/user/varuns/Run2018D_Prompt/EGamma/crab_job_EGamma2018Dv2_3v2/190529_223037/0007/Data_EGamma2018Dv2_3v2_7127.root

file path found: /hdfs/store/user/varuns/Run2018D_Prompt/EGamma/crab_job_EGamma2018Dv2_3v2/190529_223037/0007/Data_EGamma2018Dv2_3v2_7129.root
name: Data_EGamma2018Dv2_3v2_7129.root
filenumber: 47
Adding FullPathInputFile to chain:/hdfs/store/user/varuns/Run2018D_Prompt/EGamma/crab_job_EGamma2018Dv2_3v2/190529_223037/0007/Data_EGamma2018Dv2_3v2_7129.root

file path found: /hdfs/store/user/varuns/Run2018D_Prompt/EGamma/crab_job_EGamma2018Dv2_3v2/190529_223037/0007/Data_EGamma2018Dv2_3v2_7130.root
name: Data_EGamma2018Dv2_3v2_7130.root
filenumber: 48
Adding FullPathInputFile to chain:/hdfs/store/user/varuns/Run2018D_Prompt/EGamma/crab_job_EGamma2018Dv2_3v2/190529_223037/0007/Data_EGamma2018Dv2_3v2_7130.root

file path found: /hdfs/store/user/varuns/Run2018D_Prompt/EGamma/crab_job_EGamma2018Dv2_3v2/190529_223037/0007/Data_EGamma2018Dv2_3v2_7131.root
name: Data_EGamma2018Dv2_3v2_7131.root
filenumber: 49
Adding FullPathInputFile to chain:/hdfs/store/user/varuns/Run2018D_Prompt/EGamma/crab_job_EGamma2018Dv2_3v2/190529_223037/0007/Data_EGamma2018Dv2_3v2_7131.root

file path found: /hdfs/store/user/varuns/Run2018D_Prompt/EGamma/crab_job_EGamma2018Dv2_3v2/190529_223037/0007/Data_EGamma2018Dv2_3v2_7132.root
name: Data_EGamma2018Dv2_3v2_7132.root
filenumber: 50
Adding FullPathInputFile to chain:/hdfs/store/user/varuns/Run2018D_Prompt/EGamma/crab_job_EGamma2018Dv2_3v2/190529_223037/0007/Data_EGamma2018Dv2_3v2_7132.root

file path found: /hdfs/store/user/varuns/Run2018D_Prompt/EGamma/crab_job_EGamma2018Dv2_3v2/190529_223037/0007/Data_EGamma2018Dv2_3v2_7133.root
name: Data_EGamma2018Dv2_3v2_7133.root
filenumber: 51
Adding FullPathInputFile to chain:/hdfs/store/user/varuns/Run2018D_Prompt/EGamma/crab_job_EGamma2018Dv2_3v2/190529_223037/0007/Data_EGamma2018Dv2_3v2_7133.root

file path found: /hdfs/store/user/varuns/Run2018D_Prompt/EGamma/crab_job_EGamma2018Dv2_3v2/190529_223037/0007/Data_EGamma2018Dv2_3v2_7134.root
name: Data_EGamma2018Dv2_3v2_7134.root
filenumber: 52
Adding FullPathInputFile to chain:/hdfs/store/user/varuns/Run2018D_Prompt/EGamma/crab_job_EGamma2018Dv2_3v2/190529_223037/0007/Data_EGamma2018Dv2_3v2_7134.root

file path found: /hdfs/store/user/varuns/Run2018D_Prompt/EGamma/crab_job_EGamma2018Dv2_3v2/190529_223037/0007/Data_EGamma2018Dv2_3v2_7135.root
name: Data_EGamma2018Dv2_3v2_7135.root
filenumber: 53
Adding FullPathInputFile to chain:/hdfs/store/user/varuns/Run2018D_Prompt/EGamma/crab_job_EGamma2018Dv2_3v2/190529_223037/0007/Data_EGamma2018Dv2_3v2_7135.root

file path found: /hdfs/store/user/varuns/Run2018D_Prompt/EGamma/crab_job_EGamma2018Dv2_3v2/190529_223037/0007/Data_EGamma2018Dv2_3v2_7136.root
name: Data_EGamma2018Dv2_3v2_7136.root
filenumber: 54
Adding FullPathInputFile to chain:/hdfs/store/user/varuns/Run2018D_Prompt/EGamma/crab_job_EGamma2018Dv2_3v2/190529_223037/0007/Data_EGamma2018Dv2_3v2_7136.root

file path found: /hdfs/store/user/varuns/Run2018D_Prompt/EGamma/crab_job_EGamma2018Dv2_3v2/190529_223037/0007/Data_EGamma2018Dv2_3v2_7137.root
name: Data_EGamma2018Dv2_3v2_7137.root
filenumber: 55
Adding FullPathInputFile to chain:/hdfs/store/user/varuns/Run2018D_Prompt/EGamma/crab_job_EGamma2018Dv2_3v2/190529_223037/0007/Data_EGamma2018Dv2_3v2_7137.root

file path found: /hdfs/store/user/varuns/Run2018D_Prompt/EGamma/crab_job_EGamma2018Dv2_3v2/190529_223037/0007/Data_EGamma2018Dv2_3v2_7138.root
name: Data_EGamma2018Dv2_3v2_7138.root
filenumber: 56
Adding FullPathInputFile to chain:/hdfs/store/user/varuns/Run2018D_Prompt/EGamma/crab_job_EGamma2018Dv2_3v2/190529_223037/0007/Data_EGamma2018Dv2_3v2_7138.root

file path found: /hdfs/store/user/varuns/Run2018D_Prompt/EGamma/crab_job_EGamma2018Dv2_3v2/190529_223037/0007/Data_EGamma2018Dv2_3v2_7141.root
name: Data_EGamma2018Dv2_3v2_7141.root
filenumber: 57
Adding FullPathInputFile to chain:/hdfs/store/user/varuns/Run2018D_Prompt/EGamma/crab_job_EGamma2018Dv2_3v2/190529_223037/0007/Data_EGamma2018Dv2_3v2_7141.root

file path found: /hdfs/store/user/varuns/Run2018D_Prompt/EGamma/crab_job_EGamma2018Dv2_3v2/190529_223037/0007/Data_EGamma2018Dv2_3v2_7142.root
name: Data_EGamma2018Dv2_3v2_7142.root
filenumber: 58
Adding FullPathInputFile to chain:/hdfs/store/user/varuns/Run2018D_Prompt/EGamma/crab_job_EGamma2018Dv2_3v2/190529_223037/0007/Data_EGamma2018Dv2_3v2_7142.root

file path found: /hdfs/store/user/varuns/Run2018D_Prompt/EGamma/crab_job_EGamma2018Dv2_3v2/190529_223037/0007/Data_EGamma2018Dv2_3v2_7143.root
name: Data_EGamma2018Dv2_3v2_7143.root
filenumber: 59
Adding FullPathInputFile to chain:/hdfs/store/user/varuns/Run2018D_Prompt/EGamma/crab_job_EGamma2018Dv2_3v2/190529_223037/0007/Data_EGamma2018Dv2_3v2_7143.root

file path found: /hdfs/store/user/varuns/Run2018D_Prompt/EGamma/crab_job_EGamma2018Dv2_3v2/190529_223037/0007/Data_EGamma2018Dv2_3v2_7144.root
name: Data_EGamma2018Dv2_3v2_7144.root
filenumber: 60
Adding FullPathInputFile to chain:/hdfs/store/user/varuns/Run2018D_Prompt/EGamma/crab_job_EGamma2018Dv2_3v2/190529_223037/0007/Data_EGamma2018Dv2_3v2_7144.root

file path found: /hdfs/store/user/varuns/Run2018D_Prompt/EGamma/crab_job_EGamma2018Dv2_3v2/190529_223037/0007/Data_EGamma2018Dv2_3v2_7145.root
name: Data_EGamma2018Dv2_3v2_7145.root
filenumber: 61
Adding FullPathInputFile to chain:/hdfs/store/user/varuns/Run2018D_Prompt/EGamma/crab_job_EGamma2018Dv2_3v2/190529_223037/0007/Data_EGamma2018Dv2_3v2_7145.root

file path found: /hdfs/store/user/varuns/Run2018D_Prompt/EGamma/crab_job_EGamma2018Dv2_3v2/190529_223037/0007/Data_EGamma2018Dv2_3v2_7146.root
name: Data_EGamma2018Dv2_3v2_7146.root
filenumber: 62
Adding FullPathInputFile to chain:/hdfs/store/user/varuns/Run2018D_Prompt/EGamma/crab_job_EGamma2018Dv2_3v2/190529_223037/0007/Data_EGamma2018Dv2_3v2_7146.root

file path found: /hdfs/store/user/varuns/Run2018D_Prompt/EGamma/crab_job_EGamma2018Dv2_3v2/190529_223037/0007/Data_EGamma2018Dv2_3v2_7147.root
name: Data_EGamma2018Dv2_3v2_7147.root
filenumber: 63
Adding FullPathInputFile to chain:/hdfs/store/user/varuns/Run2018D_Prompt/EGamma/crab_job_EGamma2018Dv2_3v2/190529_223037/0007/Data_EGamma2018Dv2_3v2_7147.root

file path found: /hdfs/store/user/varuns/Run2018D_Prompt/EGamma/crab_job_EGamma2018Dv2_3v2/190529_223037/0007/Data_EGamma2018Dv2_3v2_7148.root
name: Data_EGamma2018Dv2_3v2_7148.root
filenumber: 64
Adding FullPathInputFile to chain:/hdfs/store/user/varuns/Run2018D_Prompt/EGamma/crab_job_EGamma2018Dv2_3v2/190529_223037/0007/Data_EGamma2018Dv2_3v2_7148.root

file path found: /hdfs/store/user/varuns/Run2018D_Prompt/EGamma/crab_job_EGamma2018Dv2_3v2/190529_223037/0007/Data_EGamma2018Dv2_3v2_7149.root
name: Data_EGamma2018Dv2_3v2_7149.root
filenumber: 65
Adding FullPathInputFile to chain:/hdfs/store/user/varuns/Run2018D_Prompt/EGamma/crab_job_EGamma2018Dv2_3v2/190529_223037/0007/Data_EGamma2018Dv2_3v2_7149.root

file path found: /hdfs/store/user/varuns/Run2018D_Prompt/EGamma/crab_job_EGamma2018Dv2_3v2/190529_223037/0007/Data_EGamma2018Dv2_3v2_7150.root
name: Data_EGamma2018Dv2_3v2_7150.root
filenumber: 66
Adding FullPathInputFile to chain:/hdfs/store/user/varuns/Run2018D_Prompt/EGamma/crab_job_EGamma2018Dv2_3v2/190529_223037/0007/Data_EGamma2018Dv2_3v2_7150.root

file path found: /hdfs/store/user/varuns/Run2018D_Prompt/EGamma/crab_job_EGamma2018Dv2_3v2/190529_223037/0007/Data_EGamma2018Dv2_3v2_7151.root
name: Data_EGamma2018Dv2_3v2_7151.root
filenumber: 67
Adding FullPathInputFile to chain:/hdfs/store/user/varuns/Run2018D_Prompt/EGamma/crab_job_EGamma2018Dv2_3v2/190529_223037/0007/Data_EGamma2018Dv2_3v2_7151.root

file path found: /hdfs/store/user/varuns/Run2018D_Prompt/EGamma/crab_job_EGamma2018Dv2_3v2/190529_223037/0007/Data_EGamma2018Dv2_3v2_7153.root
name: Data_EGamma2018Dv2_3v2_7153.root
filenumber: 68
Adding FullPathInputFile to chain:/hdfs/store/user/varuns/Run2018D_Prompt/EGamma/crab_job_EGamma2018Dv2_3v2/190529_223037/0007/Data_EGamma2018Dv2_3v2_7153.root

file path found: /hdfs/store/user/varuns/Run2018D_Prompt/EGamma/crab_job_EGamma2018Dv2_3v2/190529_223037/0007/Data_EGamma2018Dv2_3v2_7154.root
name: Data_EGamma2018Dv2_3v2_7154.root
filenumber: 69
Adding FullPathInputFile to chain:/hdfs/store/user/varuns/Run2018D_Prompt/EGamma/crab_job_EGamma2018Dv2_3v2/190529_223037/0007/Data_EGamma2018Dv2_3v2_7154.root

file path found: /hdfs/store/user/varuns/Run2018D_Prompt/EGamma/crab_job_EGamma2018Dv2_3v2/190529_223037/0007/Data_EGamma2018Dv2_3v2_7155.root
name: Data_EGamma2018Dv2_3v2_7155.root
filenumber: 70
Adding FullPathInputFile to chain:/hdfs/store/user/varuns/Run2018D_Prompt/EGamma/crab_job_EGamma2018Dv2_3v2/190529_223037/0007/Data_EGamma2018Dv2_3v2_7155.root

file path found: /hdfs/store/user/varuns/Run2018D_Prompt/EGamma/crab_job_EGamma2018Dv2_3v2/190529_223037/0007/Data_EGamma2018Dv2_3v2_7156.root
name: Data_EGamma2018Dv2_3v2_7156.root
filenumber: 71
Adding FullPathInputFile to chain:/hdfs/store/user/varuns/Run2018D_Prompt/EGamma/crab_job_EGamma2018Dv2_3v2/190529_223037/0007/Data_EGamma2018Dv2_3v2_7156.root

file path found: /hdfs/store/user/varuns/Run2018D_Prompt/EGamma/crab_job_EGamma2018Dv2_3v2/190529_223037/0007/Data_EGamma2018Dv2_3v2_7157.root
name: Data_EGamma2018Dv2_3v2_7157.root
filenumber: 72
Adding FullPathInputFile to chain:/hdfs/store/user/varuns/Run2018D_Prompt/EGamma/crab_job_EGamma2018Dv2_3v2/190529_223037/0007/Data_EGamma2018Dv2_3v2_7157.root

file path found: /hdfs/store/user/varuns/Run2018D_Prompt/EGamma/crab_job_EGamma2018Dv2_3v2/190529_223037/0007/Data_EGamma2018Dv2_3v2_7158.root
name: Data_EGamma2018Dv2_3v2_7158.root
filenumber: 73
Adding FullPathInputFile to chain:/hdfs/store/user/varuns/Run2018D_Prompt/EGamma/crab_job_EGamma2018Dv2_3v2/190529_223037/0007/Data_EGamma2018Dv2_3v2_7158.root

file path found: /hdfs/store/user/varuns/Run2018D_Prompt/EGamma/crab_job_EGamma2018Dv2_3v2/190529_223037/0007/Data_EGamma2018Dv2_3v2_7159.root
name: Data_EGamma2018Dv2_3v2_7159.root
filenumber: 74
Adding FullPathInputFile to chain:/hdfs/store/user/varuns/Run2018D_Prompt/EGamma/crab_job_EGamma2018Dv2_3v2/190529_223037/0007/Data_EGamma2018Dv2_3v2_7159.root

file path found: /hdfs/store/user/varuns/Run2018D_Prompt/EGamma/crab_job_EGamma2018Dv2_3v2/190529_223037/0007/Data_EGamma2018Dv2_3v2_7160.root
name: Data_EGamma2018Dv2_3v2_7160.root
filenumber: 75
Adding FullPathInputFile to chain:/hdfs/store/user/varuns/Run2018D_Prompt/EGamma/crab_job_EGamma2018Dv2_3v2/190529_223037/0007/Data_EGamma2018Dv2_3v2_7160.root

file path found: /hdfs/store/user/varuns/Run2018D_Prompt/EGamma/crab_job_EGamma2018Dv2_3v2/190529_223037/0007/Data_EGamma2018Dv2_3v2_7161.root
name: Data_EGamma2018Dv2_3v2_7161.root
filenumber: 76
file path found: /hdfs/store/user/varuns/Run2018D_Prompt/EGamma/crab_job_EGamma2018Dv2_3v2/190529_223037/0007/Data_EGamma2018Dv2_3v2_7162.root
name: Data_EGamma2018Dv2_3v2_7162.root
filenumber: 77
file path found: /hdfs/store/user/varuns/Run2018D_Prompt/EGamma/crab_job_EGamma2018Dv2_3v2/190529_223037/0007/Data_EGamma2018Dv2_3v2_7163.root
name: Data_EGamma2018Dv2_3v2_7163.root
filenumber: 78
file path found: /hdfs/store/user/varuns/Run2018D_Prompt/EGamma/crab_job_EGamma2018Dv2_3v2/190529_223037/0007/Data_EGamma2018Dv2_3v2_7165.root
name: Data_EGamma2018Dv2_3v2_7165.root
filenumber: 79
file path found: /hdfs/store/user/varuns/Run2018D_Prompt/EGamma/crab_job_EGamma2018Dv2_3v2/190529_223037/0007/Data_EGamma2018Dv2_3v2_7166.root
name: Data_EGamma2018Dv2_3v2_7166.root
filenumber: 80
file path found: /hdfs/store/user/varuns/Run2018D_Prompt/EGamma/crab_job_EGamma2018Dv2_3v2/190529_223037/0007/Data_EGamma2018Dv2_3v2_7168.root
name: Data_EGamma2018Dv2_3v2_7168.root
filenumber: 81
file path found: /hdfs/store/user/varuns/Run2018D_Prompt/EGamma/crab_job_EGamma2018Dv2_3v2/190529_223037/0007/Data_EGamma2018Dv2_3v2_7169.root
name: Data_EGamma2018Dv2_3v2_7169.root
filenumber: 82
file path found: /hdfs/store/user/varuns/Run2018D_Prompt/EGamma/crab_job_EGamma2018Dv2_3v2/190529_223037/0007/Data_EGamma2018Dv2_3v2_7170.root
name: Data_EGamma2018Dv2_3v2_7170.root
filenumber: 83
file path found: /hdfs/store/user/varuns/Run2018D_Prompt/EGamma/crab_job_EGamma2018Dv2_3v2/190529_223037/0007/Data_EGamma2018Dv2_3v2_7171.root
name: Data_EGamma2018Dv2_3v2_7171.root
filenumber: 84
file path found: /hdfs/store/user/varuns/Run2018D_Prompt/EGamma/crab_job_EGamma2018Dv2_3v2/190529_223037/0007/Data_EGamma2018Dv2_3v2_7172.root
name: Data_EGamma2018Dv2_3v2_7172.root
filenumber: 85
file path found: /hdfs/store/user/varuns/Run2018D_Prompt/EGamma/crab_job_EGamma2018Dv2_3v2/190529_223037/0007/Data_EGamma2018Dv2_3v2_7175.root
name: Data_EGamma2018Dv2_3v2_7175.root
filenumber: 86
file path found: /hdfs/store/user/varuns/Run2018D_Prompt/EGamma/crab_job_EGamma2018Dv2_3v2/190529_223037/0007/Data_EGamma2018Dv2_3v2_7176.root
name: Data_EGamma2018Dv2_3v2_7176.root
filenumber: 87
file path found: /hdfs/store/user/varuns/Run2018D_Prompt/EGamma/crab_job_EGamma2018Dv2_3v2/190529_223037/0007/Data_EGamma2018Dv2_3v2_7177.root
name: Data_EGamma2018Dv2_3v2_7177.root
filenumber: 88
file path found: /hdfs/store/user/varuns/Run2018D_Prompt/EGamma/crab_job_EGamma2018Dv2_3v2/190529_223037/0007/Data_EGamma2018Dv2_3v2_7178.root
name: Data_EGamma2018Dv2_3v2_7178.root
filenumber: 89
file path found: /hdfs/store/user/varuns/Run2018D_Prompt/EGamma/crab_job_EGamma2018Dv2_3v2/190529_223037/0007/Data_EGamma2018Dv2_3v2_7179.root
name: Data_EGamma2018Dv2_3v2_7179.root
filenumber: 90
file path found: /hdfs/store/user/varuns/Run2018D_Prompt/EGamma/crab_job_EGamma2018Dv2_3v2/190529_223037/0007/Data_EGamma2018Dv2_3v2_7181.root
name: Data_EGamma2018Dv2_3v2_7181.root
filenumber: 91
file path found: /hdfs/store/user/varuns/Run2018D_Prompt/EGamma/crab_job_EGamma2018Dv2_3v2/190529_223037/0007/Data_EGamma2018Dv2_3v2_7182.root
name: Data_EGamma2018Dv2_3v2_7182.root
filenumber: 92
file path found: /hdfs/store/user/varuns/Run2018D_Prompt/EGamma/crab_job_EGamma2018Dv2_3v2/190529_223037/0007/Data_EGamma2018Dv2_3v2_7183.root
name: Data_EGamma2018Dv2_3v2_7183.root
filenumber: 93
file path found: /hdfs/store/user/varuns/Run2018D_Prompt/EGamma/crab_job_EGamma2018Dv2_3v2/190529_223037/0007/Data_EGamma2018Dv2_3v2_7184.root
name: Data_EGamma2018Dv2_3v2_7184.root
filenumber: 94
file path found: /hdfs/store/user/varuns/Run2018D_Prompt/EGamma/crab_job_EGamma2018Dv2_3v2/190529_223037/0007/Data_EGamma2018Dv2_3v2_7186.root
name: Data_EGamma2018Dv2_3v2_7186.root
filenumber: 95
file path found: /hdfs/store/user/varuns/Run2018D_Prompt/EGamma/crab_job_EGamma2018Dv2_3v2/190529_223037/0007/Data_EGamma2018Dv2_3v2_7187.root
name: Data_EGamma2018Dv2_3v2_7187.root
filenumber: 96
file path found: /hdfs/store/user/varuns/Run2018D_Prompt/EGamma/crab_job_EGamma2018Dv2_3v2/190529_223037/0007/Data_EGamma2018Dv2_3v2_7188.root
name: Data_EGamma2018Dv2_3v2_7188.root
filenumber: 97
file path found: /hdfs/store/user/varuns/Run2018D_Prompt/EGamma/crab_job_EGamma2018Dv2_3v2/190529_223037/0007/Data_EGamma2018Dv2_3v2_7189.root
name: Data_EGamma2018Dv2_3v2_7189.root
filenumber: 98
file path found: /hdfs/store/user/varuns/Run2018D_Prompt/EGamma/crab_job_EGamma2018Dv2_3v2/190529_223037/0007/Data_EGamma2018Dv2_3v2_7190.root
name: Data_EGamma2018Dv2_3v2_7190.root
filenumber: 99
file path found: /hdfs/store/user/varuns/Run2018D_Prompt/EGamma/crab_job_EGamma2018Dv2_3v2/190529_223037/0007/Data_EGamma2018Dv2_3v2_7191.root
name: Data_EGamma2018Dv2_3v2_7191.root
filenumber: 100
file path found: /hdfs/store/user/varuns/Run2018D_Prompt/EGamma/crab_job_EGamma2018Dv2_3v2/190529_223037/0007/Data_EGamma2018Dv2_3v2_7192.root
name: Data_EGamma2018Dv2_3v2_7192.root
filenumber: 101
file path found: /hdfs/store/user/varuns/Run2018D_Prompt/EGamma/crab_job_EGamma2018Dv2_3v2/190529_223037/0007/Data_EGamma2018Dv2_3v2_7193.root
name: Data_EGamma2018Dv2_3v2_7193.root
filenumber: 102
file path found: /hdfs/store/user/varuns/Run2018D_Prompt/EGamma/crab_job_EGamma2018Dv2_3v2/190529_223037/0007/Data_EGamma2018Dv2_3v2_7194.root
name: Data_EGamma2018Dv2_3v2_7194.root
filenumber: 103
file path found: /hdfs/store/user/varuns/Run2018D_Prompt/EGamma/crab_job_EGamma2018Dv2_3v2/190529_223037/0007/Data_EGamma2018Dv2_3v2_7195.root
name: Data_EGamma2018Dv2_3v2_7195.root
filenumber: 104
file path found: /hdfs/store/user/varuns/Run2018D_Prompt/EGamma/crab_job_EGamma2018Dv2_3v2/190529_223037/0007/Data_EGamma2018Dv2_3v2_7196.root
name: Data_EGamma2018Dv2_3v2_7196.root
filenumber: 105
file path found: /hdfs/store/user/varuns/Run2018D_Prompt/EGamma/crab_job_EGamma2018Dv2_3v2/190529_223037/0007/Data_EGamma2018Dv2_3v2_7197.root
name: Data_EGamma2018Dv2_3v2_7197.root
filenumber: 106
file path found: /hdfs/store/user/varuns/Run2018D_Prompt/EGamma/crab_job_EGamma2018Dv2_3v2/190529_223037/0007/Data_EGamma2018Dv2_3v2_7198.root
name: Data_EGamma2018Dv2_3v2_7198.root
filenumber: 107
file path found: /hdfs/store/user/varuns/Run2018D_Prompt/EGamma/crab_job_EGamma2018Dv2_3v2/190529_223037/0007/Data_EGamma2018Dv2_3v2_7199.root
name: Data_EGamma2018Dv2_3v2_7199.root
filenumber: 108
file path found: /hdfs/store/user/varuns/Run2018D_Prompt/EGamma/crab_job_EGamma2018Dv2_3v2/190529_223037/0007/Data_EGamma2018Dv2_3v2_7206.root
name: Data_EGamma2018Dv2_3v2_7206.root
filenumber: 109
file path found: /hdfs/store/user/varuns/Run2018D_Prompt/EGamma/crab_job_EGamma2018Dv2_3v2/190529_223037/0007/Data_EGamma2018Dv2_3v2_7212.root
name: Data_EGamma2018Dv2_3v2_7212.root
filenumber: 110
file path found: /hdfs/store/user/varuns/Run2018D_Prompt/EGamma/crab_job_EGamma2018Dv2_3v2/190529_223037/0007/Data_EGamma2018Dv2_3v2_7213.root
name: Data_EGamma2018Dv2_3v2_7213.root
filenumber: 111
file path found: /hdfs/store/user/varuns/Run2018D_Prompt/EGamma/crab_job_EGamma2018Dv2_3v2/190529_223037/0007/Data_EGamma2018Dv2_3v2_7223.root
name: Data_EGamma2018Dv2_3v2_7223.root
filenumber: 112
file path found: /hdfs/store/user/varuns/Run2018D_Prompt/EGamma/crab_job_EGamma2018Dv2_3v2/190529_223037/0007/Data_EGamma2018Dv2_3v2_7301.root
name: Data_EGamma2018Dv2_3v2_7301.root
filenumber: 113
file path found: /hdfs/store/user/varuns/Run2018D_Prompt/EGamma/crab_job_EGamma2018Dv2_3v2/190529_223037/0007/Data_EGamma2018Dv2_3v2_7384.root
name: Data_EGamma2018Dv2_3v2_7384.root
filenumber: 114
file path found: /hdfs/store/user/varuns/Run2018D_Prompt/EGamma/crab_job_EGamma2018Dv2_3v2/190529_223037/0007/Data_EGamma2018Dv2_3v2_7393.root
name: Data_EGamma2018Dv2_3v2_7393.root
filenumber: 115
file path found: /hdfs/store/user/varuns/Run2018D_Prompt/EGamma/crab_job_EGamma2018Dv2_3v2/190529_223037/0007/Data_EGamma2018Dv2_3v2_7407.root
name: Data_EGamma2018Dv2_3v2_7407.root
filenumber: 116
file path found: /hdfs/store/user/varuns/Run2018D_Prompt/EGamma/crab_job_EGamma2018Dv2_3v2/190529_223037/0007/Data_EGamma2018Dv2_3v2_7450.root
name: Data_EGamma2018Dv2_3v2_7450.root
filenumber: 117
file path found: /hdfs/store/user/varuns/Run2018D_Prompt/EGamma/crab_job_EGamma2018Dv2_3v2/190529_223037/0007/Data_EGamma2018Dv2_3v2_7461.root
name: Data_EGamma2018Dv2_3v2_7461.root
filenumber: 118
file path found: /hdfs/store/user/varuns/Run2018D_Prompt/EGamma/crab_job_EGamma2018Dv2_3v2/190529_223037/0007/Data_EGamma2018Dv2_3v2_7478.root
name: Data_EGamma2018Dv2_3v2_7478.root
filenumber: 119
file path found: /hdfs/store/user/varuns/Run2018D_Prompt/EGamma/crab_job_EGamma2018Dv2_3v2/190529_223037/0007/Data_EGamma2018Dv2_3v2_7479.root
name: Data_EGamma2018Dv2_3v2_7479.root
filenumber: 120
file path found: /hdfs/store/user/varuns/Run2018D_Prompt/EGamma/crab_job_EGamma2018Dv2_3v2/190529_223037/0007/Data_EGamma2018Dv2_3v2_7480.root
name: Data_EGamma2018Dv2_3v2_7480.root
filenumber: 121
file path found: /hdfs/store/user/varuns/Run2018D_Prompt/EGamma/crab_job_EGamma2018Dv2_3v2/190529_223037/0007/Data_EGamma2018Dv2_3v2_7487.root
name: Data_EGamma2018Dv2_3v2_7487.root
filenumber: 122
file path found: /hdfs/store/user/varuns/Run2018D_Prompt/EGamma/crab_job_EGamma2018Dv2_3v2/190529_223037/0007/Data_EGamma2018Dv2_3v2_7490.root
name: Data_EGamma2018Dv2_3v2_7490.root
filenumber: 123
file path found: /hdfs/store/user/varuns/Run2018D_Prompt/EGamma/crab_job_EGamma2018Dv2_3v2/190529_223037/0007/Data_EGamma2018Dv2_3v2_7503.root
name: Data_EGamma2018Dv2_3v2_7503.root
filenumber: 124
file path found: /hdfs/store/user/varuns/Run2018D_Prompt/EGamma/crab_job_EGamma2018Dv2_3v2/190529_223037/0007/Data_EGamma2018Dv2_3v2_7520.root
name: Data_EGamma2018Dv2_3v2_7520.root
filenumber: 125
file path found: /hdfs/store/user/varuns/Run2018D_Prompt/EGamma/crab_job_EGamma2018Dv2_3v2/190529_223037/0007/Data_EGamma2018Dv2_3v2_7526.root
name: Data_EGamma2018Dv2_3v2_7526.root
filenumber: 126
file path found: /hdfs/store/user/varuns/Run2018D_Prompt/EGamma/crab_job_EGamma2018Dv2_3v2/190529_223037/0007/Data_EGamma2018Dv2_3v2_7531.root
name: Data_EGamma2018Dv2_3v2_7531.root
filenumber: 127
file path found: /hdfs/store/user/varuns/Run2018D_Prompt/EGamma/crab_job_EGamma2018Dv2_3v2/190529_223037/0007/Data_EGamma2018Dv2_3v2_7532.root
name: Data_EGamma2018Dv2_3v2_7532.root
filenumber: 128
file path found: /hdfs/store/user/varuns/Run2018D_Prompt/EGamma/crab_job_EGamma2018Dv2_3v2/190529_223037/0007/Data_EGamma2018Dv2_3v2_7533.root
name: Data_EGamma2018Dv2_3v2_7533.root
filenumber: 129
file path found: /hdfs/store/user/varuns/Run2018D_Prompt/EGamma/crab_job_EGamma2018Dv2_3v2/190529_223037/0007/Data_EGamma2018Dv2_3v2_7536.root
name: Data_EGamma2018Dv2_3v2_7536.root
filenumber: 130
file path found: /hdfs/store/user/varuns/Run2018D_Prompt/EGamma/crab_job_EGamma2018Dv2_3v2/190529_223037/0007/Data_EGamma2018Dv2_3v2_7538.root
name: Data_EGamma2018Dv2_3v2_7538.root
filenumber: 131
file path found: /hdfs/store/user/varuns/Run2018D_Prompt/EGamma/crab_job_EGamma2018Dv2_3v2/190529_223037/0007/Data_EGamma2018Dv2_3v2_7540.root
name: Data_EGamma2018Dv2_3v2_7540.root
filenumber: 132
file path found: /hdfs/store/user/varuns/Run2018D_Prompt/EGamma/crab_job_EGamma2018Dv2_3v2/190529_223037/0007/Data_EGamma2018Dv2_3v2_7542.root
name: Data_EGamma2018Dv2_3v2_7542.root
filenumber: 133
file path found: /hdfs/store/user/varuns/Run2018D_Prompt/EGamma/crab_job_EGamma2018Dv2_3v2/190529_223037/0007/Data_EGamma2018Dv2_3v2_7543.root
name: Data_EGamma2018Dv2_3v2_7543.root
filenumber: 134
file path found: /hdfs/store/user/varuns/Run2018D_Prompt/EGamma/crab_job_EGamma2018Dv2_3v2/190529_223037/0007/Data_EGamma2018Dv2_3v2_7544.root
name: Data_EGamma2018Dv2_3v2_7544.root
filenumber: 135
file path found: /hdfs/store/user/varuns/Run2018D_Prompt/EGamma/crab_job_EGamma2018Dv2_3v2/190529_223037/0007/Data_EGamma2018Dv2_3v2_7547.root
name: Data_EGamma2018Dv2_3v2_7547.root
filenumber: 136
file path found: /hdfs/store/user/varuns/Run2018D_Prompt/EGamma/crab_job_EGamma2018Dv2_3v2/190529_223037/0007/Data_EGamma2018Dv2_3v2_7549.root
name: Data_EGamma2018Dv2_3v2_7549.root
filenumber: 137
file path found: /hdfs/store/user/varuns/Run2018D_Prompt/EGamma/crab_job_EGamma2018Dv2_3v2/190529_223037/0007/Data_EGamma2018Dv2_3v2_7550.root
name: Data_EGamma2018Dv2_3v2_7550.root
filenumber: 138
file path found: /hdfs/store/user/varuns/Run2018D_Prompt/EGamma/crab_job_EGamma2018Dv2_3v2/190529_223037/0007/Data_EGamma2018Dv2_3v2_7551.root
name: Data_EGamma2018Dv2_3v2_7551.root
filenumber: 139
file path found: /hdfs/store/user/varuns/Run2018D_Prompt/EGamma/crab_job_EGamma2018Dv2_3v2/190529_223037/0007/Data_EGamma2018Dv2_3v2_7552.root
name: Data_EGamma2018Dv2_3v2_7552.root
filenumber: 140
file path found: /hdfs/store/user/varuns/Run2018D_Prompt/EGamma/crab_job_EGamma2018Dv2_3v2/190529_223037/0007/Data_EGamma2018Dv2_3v2_7556.root
name: Data_EGamma2018Dv2_3v2_7556.root
filenumber: 141
file path found: /hdfs/store/user/varuns/Run2018D_Prompt/EGamma/crab_job_EGamma2018Dv2_3v2/190529_223037/0007/Data_EGamma2018Dv2_3v2_7557.root
name: Data_EGamma2018Dv2_3v2_7557.root
filenumber: 142
file path found: /hdfs/store/user/varuns/Run2018D_Prompt/EGamma/crab_job_EGamma2018Dv2_3v2/190529_223037/0007/Data_EGamma2018Dv2_3v2_7561.root
name: Data_EGamma2018Dv2_3v2_7561.root
filenumber: 143
file path found: /hdfs/store/user/varuns/Run2018D_Prompt/EGamma/crab_job_EGamma2018Dv2_3v2/190529_223037/0007/Data_EGamma2018Dv2_3v2_7563.root
name: Data_EGamma2018Dv2_3v2_7563.root
filenumber: 144
file path found: /hdfs/store/user/varuns/Run2018D_Prompt/EGamma/crab_job_EGamma2018Dv2_3v2/190529_223037/0007/Data_EGamma2018Dv2_3v2_7567.root
name: Data_EGamma2018Dv2_3v2_7567.root
filenumber: 145
file path found: /hdfs/store/user/varuns/Run2018D_Prompt/EGamma/crab_job_EGamma2018Dv2_3v2/190529_223037/0007/Data_EGamma2018Dv2_3v2_7569.root
name: Data_EGamma2018Dv2_3v2_7569.root
filenumber: 146
file path found: /hdfs/store/user/varuns/Run2018D_Prompt/EGamma/crab_job_EGamma2018Dv2_3v2/190529_223037/0007/Data_EGamma2018Dv2_3v2_7570.root
name: Data_EGamma2018Dv2_3v2_7570.root
filenumber: 147
file path found: /hdfs/store/user/varuns/Run2018D_Prompt/EGamma/crab_job_EGamma2018Dv2_3v2/190529_223037/0007/Data_EGamma2018Dv2_3v2_7571.root
name: Data_EGamma2018Dv2_3v2_7571.root
filenumber: 148
file path found: /hdfs/store/user/varuns/Run2018D_Prompt/EGamma/crab_job_EGamma2018Dv2_3v2/190529_223037/0007/Data_EGamma2018Dv2_3v2_7572.root
name: Data_EGamma2018Dv2_3v2_7572.root
filenumber: 149
file path found: /hdfs/store/user/varuns/Run2018D_Prompt/EGamma/crab_job_EGamma2018Dv2_3v2/190529_223037/0007/Data_EGamma2018Dv2_3v2_7573.root
name: Data_EGamma2018Dv2_3v2_7573.root
filenumber: 150
file path found: /hdfs/store/user/varuns/Run2018D_Prompt/EGamma/crab_job_EGamma2018Dv2_3v2/190529_223037/0007/Data_EGamma2018Dv2_3v2_7576.root
name: Data_EGamma2018Dv2_3v2_7576.root
filenumber: 151
file path found: /hdfs/store/user/varuns/Run2018D_Prompt/EGamma/crab_job_EGamma2018Dv2_3v2/190529_223037/0007/Data_EGamma2018Dv2_3v2_7578.root
name: Data_EGamma2018Dv2_3v2_7578.root
filenumber: 152
file path found: /hdfs/store/user/varuns/Run2018D_Prompt/EGamma/crab_job_EGamma2018Dv2_3v2/190529_223037/0007/Data_EGamma2018Dv2_3v2_7579.root
name: Data_EGamma2018Dv2_3v2_7579.root
filenumber: 153
file path found: /hdfs/store/user/varuns/Run2018D_Prompt/EGamma/crab_job_EGamma2018Dv2_3v2/190529_223037/0007/Data_EGamma2018Dv2_3v2_7580.root
name: Data_EGamma2018Dv2_3v2_7580.root
filenumber: 154
file path found: /hdfs/store/user/varuns/Run2018D_Prompt/EGamma/crab_job_EGamma2018Dv2_3v2/190529_223037/0007/Data_EGamma2018Dv2_3v2_7581.root
name: Data_EGamma2018Dv2_3v2_7581.root
filenumber: 155
file path found: /hdfs/store/user/varuns/Run2018D_Prompt/EGamma/crab_job_EGamma2018Dv2_3v2/190529_223037/0007/Data_EGamma2018Dv2_3v2_7582.root
name: Data_EGamma2018Dv2_3v2_7582.root
filenumber: 156
file path found: /hdfs/store/user/varuns/Run2018D_Prompt/EGamma/crab_job_EGamma2018Dv2_3v2/190529_223037/0007/Data_EGamma2018Dv2_3v2_7583.root
name: Data_EGamma2018Dv2_3v2_7583.root
filenumber: 157
file path found: /hdfs/store/user/varuns/Run2018D_Prompt/EGamma/crab_job_EGamma2018Dv2_3v2/190529_223037/0007/Data_EGamma2018Dv2_3v2_7584.root
name: Data_EGamma2018Dv2_3v2_7584.root
filenumber: 158
file path found: /hdfs/store/user/varuns/Run2018D_Prompt/EGamma/crab_job_EGamma2018Dv2_3v2/190529_223037/0007/Data_EGamma2018Dv2_3v2_7586.root
name: Data_EGamma2018Dv2_3v2_7586.root
filenumber: 159
file path found: /hdfs/store/user/varuns/Run2018D_Prompt/EGamma/crab_job_EGamma2018Dv2_3v2/190529_223037/0007/Data_EGamma2018Dv2_3v2_7589.root
name: Data_EGamma2018Dv2_3v2_7589.root
filenumber: 160
file path found: /hdfs/store/user/varuns/Run2018D_Prompt/EGamma/crab_job_EGamma2018Dv2_3v2/190529_223037/0007/Data_EGamma2018Dv2_3v2_7590.root
name: Data_EGamma2018Dv2_3v2_7590.root
filenumber: 161
file path found: /hdfs/store/user/varuns/Run2018D_Prompt/EGamma/crab_job_EGamma2018Dv2_3v2/190529_223037/0007/Data_EGamma2018Dv2_3v2_7591.root
name: Data_EGamma2018Dv2_3v2_7591.root
filenumber: 162
file path found: /hdfs/store/user/varuns/Run2018D_Prompt/EGamma/crab_job_EGamma2018Dv2_3v2/190529_223037/0007/Data_EGamma2018Dv2_3v2_7592.root
name: Data_EGamma2018Dv2_3v2_7592.root
filenumber: 163
file path found: /hdfs/store/user/varuns/Run2018D_Prompt/EGamma/crab_job_EGamma2018Dv2_3v2/190529_223037/0007/Data_EGamma2018Dv2_3v2_7593.root
name: Data_EGamma2018Dv2_3v2_7593.root
filenumber: 164
file path found: /hdfs/store/user/varuns/Run2018D_Prompt/EGamma/crab_job_EGamma2018Dv2_3v2/190529_223037/0007/Data_EGamma2018Dv2_3v2_7594.root
name: Data_EGamma2018Dv2_3v2_7594.root
filenumber: 165
file path found: /hdfs/store/user/varuns/Run2018D_Prompt/EGamma/crab_job_EGamma2018Dv2_3v2/190529_223037/0007/Data_EGamma2018Dv2_3v2_7595.root
name: Data_EGamma2018Dv2_3v2_7595.root
filenumber: 166
file path found: /hdfs/store/user/varuns/Run2018D_Prompt/EGamma/crab_job_EGamma2018Dv2_3v2/190529_223037/0007/Data_EGamma2018Dv2_3v2_7596.root
name: Data_EGamma2018Dv2_3v2_7596.root
filenumber: 167
file path found: /hdfs/store/user/varuns/Run2018D_Prompt/EGamma/crab_job_EGamma2018Dv2_3v2/190529_223037/0007/Data_EGamma2018Dv2_3v2_7597.root
name: Data_EGamma2018Dv2_3v2_7597.root
filenumber: 168
file path found: /hdfs/store/user/varuns/Run2018D_Prompt/EGamma/crab_job_EGamma2018Dv2_3v2/190529_223037/0007/Data_EGamma2018Dv2_3v2_7598.root
name: Data_EGamma2018Dv2_3v2_7598.root
filenumber: 169
file path found: /hdfs/store/user/varuns/Run2018D_Prompt/EGamma/crab_job_EGamma2018Dv2_3v2/190529_223037/0007/Data_EGamma2018Dv2_3v2_7599.root
name: Data_EGamma2018Dv2_3v2_7599.root
filenumber: 170
file path found: /hdfs/store/user/varuns/Run2018D_Prompt/EGamma/crab_job_EGamma2018Dv2_3v2/190529_223037/0007/Data_EGamma2018Dv2_3v2_7600.root
name: Data_EGamma2018Dv2_3v2_7600.root
filenumber: 171
file path found: /hdfs/store/user/varuns/Run2018D_Prompt/EGamma/crab_job_EGamma2018Dv2_3v2/190529_223037/0007/Data_EGamma2018Dv2_3v2_7601.root
name: Data_EGamma2018Dv2_3v2_7601.root
filenumber: 172
file path found: /hdfs/store/user/varuns/Run2018D_Prompt/EGamma/crab_job_EGamma2018Dv2_3v2/190529_223037/0007/Data_EGamma2018Dv2_3v2_7602.root
name: Data_EGamma2018Dv2_3v2_7602.root
filenumber: 173
file path found: /hdfs/store/user/varuns/Run2018D_Prompt/EGamma/crab_job_EGamma2018Dv2_3v2/190529_223037/0007/Data_EGamma2018Dv2_3v2_7603.root
name: Data_EGamma2018Dv2_3v2_7603.root
filenumber: 174
file path found: /hdfs/store/user/varuns/Run2018D_Prompt/EGamma/crab_job_EGamma2018Dv2_3v2/190529_223037/0007/Data_EGamma2018Dv2_3v2_7604.root
name: Data_EGamma2018Dv2_3v2_7604.root
filenumber: 175
file path found: /hdfs/store/user/varuns/Run2018D_Prompt/EGamma/crab_job_EGamma2018Dv2_3v2/190529_223037/0007/Data_EGamma2018Dv2_3v2_7605.root
name: Data_EGamma2018Dv2_3v2_7605.root
filenumber: 176
file path found: /hdfs/store/user/varuns/Run2018D_Prompt/EGamma/crab_job_EGamma2018Dv2_3v2/190529_223037/0007/Data_EGamma2018Dv2_3v2_7606.root
name: Data_EGamma2018Dv2_3v2_7606.root
filenumber: 177
file path found: /hdfs/store/user/varuns/Run2018D_Prompt/EGamma/crab_job_EGamma2018Dv2_3v2/190529_223037/0007/Data_EGamma2018Dv2_3v2_7607.root
name: Data_EGamma2018Dv2_3v2_7607.root
filenumber: 178
file path found: /hdfs/store/user/varuns/Run2018D_Prompt/EGamma/crab_job_EGamma2018Dv2_3v2/190529_223037/0007/Data_EGamma2018Dv2_3v2_7608.root
name: Data_EGamma2018Dv2_3v2_7608.root
filenumber: 179
file path found: /hdfs/store/user/varuns/Run2018D_Prompt/EGamma/crab_job_EGamma2018Dv2_3v2/190529_223037/0007/Data_EGamma2018Dv2_3v2_7609.root
name: Data_EGamma2018Dv2_3v2_7609.root
filenumber: 180
file path found: /hdfs/store/user/varuns/Run2018D_Prompt/EGamma/crab_job_EGamma2018Dv2_3v2/190529_223037/0007/Data_EGamma2018Dv2_3v2_7610.root
name: Data_EGamma2018Dv2_3v2_7610.root
filenumber: 181
file path found: /hdfs/store/user/varuns/Run2018D_Prompt/EGamma/crab_job_EGamma2018Dv2_3v2/190529_223037/0007/Data_EGamma2018Dv2_3v2_7611.root
name: Data_EGamma2018Dv2_3v2_7611.root
filenumber: 182
file path found: /hdfs/store/user/varuns/Run2018D_Prompt/EGamma/crab_job_EGamma2018Dv2_3v2/190529_223037/0007/Data_EGamma2018Dv2_3v2_7612.root
name: Data_EGamma2018Dv2_3v2_7612.root
filenumber: 183
file path found: /hdfs/store/user/varuns/Run2018D_Prompt/EGamma/crab_job_EGamma2018Dv2_3v2/190529_223037/0007/Data_EGamma2018Dv2_3v2_7613.root
name: Data_EGamma2018Dv2_3v2_7613.root
filenumber: 184
file path found: /hdfs/store/user/varuns/Run2018D_Prompt/EGamma/crab_job_EGamma2018Dv2_3v2/190529_223037/0007/Data_EGamma2018Dv2_3v2_7614.root
name: Data_EGamma2018Dv2_3v2_7614.root
filenumber: 185
file path found: /hdfs/store/user/varuns/Run2018D_Prompt/EGamma/crab_job_EGamma2018Dv2_3v2/190529_223037/0007/Data_EGamma2018Dv2_3v2_7615.root
name: Data_EGamma2018Dv2_3v2_7615.root
filenumber: 186
file path found: /hdfs/store/user/varuns/Run2018D_Prompt/EGamma/crab_job_EGamma2018Dv2_3v2/190529_223037/0007/Data_EGamma2018Dv2_3v2_7616.root
name: Data_EGamma2018Dv2_3v2_7616.root
filenumber: 187
file path found: /hdfs/store/user/varuns/Run2018D_Prompt/EGamma/crab_job_EGamma2018Dv2_3v2/190529_223037/0007/Data_EGamma2018Dv2_3v2_7617.root
name: Data_EGamma2018Dv2_3v2_7617.root
filenumber: 188
file path found: /hdfs/store/user/varuns/Run2018D_Prompt/EGamma/crab_job_EGamma2018Dv2_3v2/190529_223037/0007/Data_EGamma2018Dv2_3v2_7618.root
name: Data_EGamma2018Dv2_3v2_7618.root
filenumber: 189
file path found: /hdfs/store/user/varuns/Run2018D_Prompt/EGamma/crab_job_EGamma2018Dv2_3v2/190529_223037/0007/Data_EGamma2018Dv2_3v2_7663.root
name: Data_EGamma2018Dv2_3v2_7663.root
filenumber: 190
file path found: /hdfs/store/user/varuns/Run2018D_Prompt/EGamma/crab_job_EGamma2018Dv2_3v2/190529_223037/0007/Data_EGamma2018Dv2_3v2_7747.root
name: Data_EGamma2018Dv2_3v2_7747.root
filenumber: 191
file path found: /hdfs/store/user/varuns/Run2018D_Prompt/EGamma/crab_job_EGamma2018Dv2_3v2/190529_223037/0007/Data_EGamma2018Dv2_3v2_7833.root
name: Data_EGamma2018Dv2_3v2_7833.root
filenumber: 192
file path found: /hdfs/store/user/varuns/Run2018D_Prompt/EGamma/crab_job_EGamma2018Dv2_3v2/190529_223037/0007/Data_EGamma2018Dv2_3v2_7841.root
name: Data_EGamma2018Dv2_3v2_7841.root
filenumber: 193
file path found: /hdfs/store/user/varuns/Run2018D_Prompt/EGamma/crab_job_EGamma2018Dv2_3v2/190529_223037/0007/Data_EGamma2018Dv2_3v2_7842.root
name: Data_EGamma2018Dv2_3v2_7842.root
filenumber: 194
file path found: /hdfs/store/user/varuns/Run2018D_Prompt/EGamma/crab_job_EGamma2018Dv2_3v2/190529_223037/0007/Data_EGamma2018Dv2_3v2_7843.root
name: Data_EGamma2018Dv2_3v2_7843.root
filenumber: 195
file path found: /hdfs/store/user/varuns/Run2018D_Prompt/EGamma/crab_job_EGamma2018Dv2_3v2/190529_223037/0007/Data_EGamma2018Dv2_3v2_7857.root
name: Data_EGamma2018Dv2_3v2_7857.root
filenumber: 196
file path found: /hdfs/store/user/varuns/Run2018D_Prompt/EGamma/crab_job_EGamma2018Dv2_3v2/190529_223037/0007/Data_EGamma2018Dv2_3v2_7858.root
name: Data_EGamma2018Dv2_3v2_7858.root
filenumber: 197
file path found: /hdfs/store/user/varuns/Run2018D_Prompt/EGamma/crab_job_EGamma2018Dv2_3v2/190529_223037/0007/Data_EGamma2018Dv2_3v2_7868.root
name: Data_EGamma2018Dv2_3v2_7868.root
filenumber: 198
file path found: /hdfs/store/user/varuns/Run2018D_Prompt/EGamma/crab_job_EGamma2018Dv2_3v2/190529_223037/0007/Data_EGamma2018Dv2_3v2_7869.root
name: Data_EGamma2018Dv2_3v2_7869.root
filenumber: 199
file path found: /hdfs/store/user/varuns/Run2018D_Prompt/EGamma/crab_job_EGamma2018Dv2_3v2/190529_223037/0007/Data_EGamma2018Dv2_3v2_7872.root
name: Data_EGamma2018Dv2_3v2_7872.root
filenumber: 200
file path found: /hdfs/store/user/varuns/Run2018D_Prompt/EGamma/crab_job_EGamma2018Dv2_3v2/190529_223037/0007/Data_EGamma2018Dv2_3v2_7876.root
name: Data_EGamma2018Dv2_3v2_7876.root
filenumber: 201
file path found: /hdfs/store/user/varuns/Run2018D_Prompt/EGamma/crab_job_EGamma2018Dv2_3v2/190529_223037/0007/Data_EGamma2018Dv2_3v2_7877.root
name: Data_EGamma2018Dv2_3v2_7877.root
filenumber: 202
file path found: /hdfs/store/user/varuns/Run2018D_Prompt/EGamma/crab_job_EGamma2018Dv2_3v2/190529_223037/0007/Data_EGamma2018Dv2_3v2_7879.root
name: Data_EGamma2018Dv2_3v2_7879.root
filenumber: 203
file path found: /hdfs/store/user/varuns/Run2018D_Prompt/EGamma/crab_job_EGamma2018Dv2_3v2/190529_223037/0007/Data_EGamma2018Dv2_3v2_7884.root
name: Data_EGamma2018Dv2_3v2_7884.root
filenumber: 204
file path found: /hdfs/store/user/varuns/Run2018D_Prompt/EGamma/crab_job_EGamma2018Dv2_3v2/190529_223037/0007/Data_EGamma2018Dv2_3v2_7890.root
name: Data_EGamma2018Dv2_3v2_7890.root
filenumber: 205
file path found: /hdfs/store/user/varuns/Run2018D_Prompt/EGamma/crab_job_EGamma2018Dv2_3v2/190529_223037/0007/Data_EGamma2018Dv2_3v2_7893.root
name: Data_EGamma2018Dv2_3v2_7893.root
filenumber: 206
file path found: /hdfs/store/user/varuns/Run2018D_Prompt/EGamma/crab_job_EGamma2018Dv2_3v2/190529_223037/0007/Data_EGamma2018Dv2_3v2_7905.root
name: Data_EGamma2018Dv2_3v2_7905.root
filenumber: 207
file path found: /hdfs/store/user/varuns/Run2018D_Prompt/EGamma/crab_job_EGamma2018Dv2_3v2/190529_223037/0007/Data_EGamma2018Dv2_3v2_7933.root
name: Data_EGamma2018Dv2_3v2_7933.root
filenumber: 208
file path found: /hdfs/store/user/varuns/Run2018D_Prompt/EGamma/crab_job_EGamma2018Dv2_3v2/190529_223037/0007/Data_EGamma2018Dv2_3v2_7934.root
name: Data_EGamma2018Dv2_3v2_7934.root
filenumber: 209
file path found: /hdfs/store/user/varuns/Run2018D_Prompt/EGamma/crab_job_EGamma2018Dv2_3v2/190529_223037/0007/Data_EGamma2018Dv2_3v2_7946.root
name: Data_EGamma2018Dv2_3v2_7946.root
filenumber: 210
file path found: /hdfs/store/user/varuns/Run2018D_Prompt/EGamma/crab_job_EGamma2018Dv2_3v2/190529_223037/0007/Data_EGamma2018Dv2_3v2_7947.root
name: Data_EGamma2018Dv2_3v2_7947.root
filenumber: 211
file path found: /hdfs/store/user/varuns/Run2018D_Prompt/EGamma/crab_job_EGamma2018Dv2_3v2/190529_223037/0007/Data_EGamma2018Dv2_3v2_7949.root
name: Data_EGamma2018Dv2_3v2_7949.root
filenumber: 212
file path found: /hdfs/store/user/varuns/Run2018D_Prompt/EGamma/crab_job_EGamma2018Dv2_3v2/190529_223037/0007/Data_EGamma2018Dv2_3v2_7950.root
name: Data_EGamma2018Dv2_3v2_7950.root
filenumber: 213
file path found: /hdfs/store/user/varuns/Run2018D_Prompt/EGamma/crab_job_EGamma2018Dv2_3v2/190529_223037/0007/Data_EGamma2018Dv2_3v2_7951.root
name: Data_EGamma2018Dv2_3v2_7951.root
filenumber: 214
file path found: /hdfs/store/user/varuns/Run2018D_Prompt/EGamma/crab_job_EGamma2018Dv2_3v2/190529_223037/0007/Data_EGamma2018Dv2_3v2_7952.root
name: Data_EGamma2018Dv2_3v2_7952.root
filenumber: 215
file path found: /hdfs/store/user/varuns/Run2018D_Prompt/EGamma/crab_job_EGamma2018Dv2_3v2/190529_223037/0007/Data_EGamma2018Dv2_3v2_7953.root
name: Data_EGamma2018Dv2_3v2_7953.root
filenumber: 216
file path found: /hdfs/store/user/varuns/Run2018D_Prompt/EGamma/crab_job_EGamma2018Dv2_3v2/190529_223037/0007/Data_EGamma2018Dv2_3v2_7954.root
name: Data_EGamma2018Dv2_3v2_7954.root
filenumber: 217
file path found: /hdfs/store/user/varuns/Run2018D_Prompt/EGamma/crab_job_EGamma2018Dv2_3v2/190529_223037/0007/Data_EGamma2018Dv2_3v2_7960.root
name: Data_EGamma2018Dv2_3v2_7960.root
filenumber: 218
file path found: /hdfs/store/user/varuns/Run2018D_Prompt/EGamma/crab_job_EGamma2018Dv2_3v2/190529_223037/0007/Data_EGamma2018Dv2_3v2_7962.root
name: Data_EGamma2018Dv2_3v2_7962.root
filenumber: 219
file path found: /hdfs/store/user/varuns/Run2018D_Prompt/EGamma/crab_job_EGamma2018Dv2_3v2/190529_223037/0007/Data_EGamma2018Dv2_3v2_7963.root
name: Data_EGamma2018Dv2_3v2_7963.root
filenumber: 220
file path found: /hdfs/store/user/varuns/Run2018D_Prompt/EGamma/crab_job_EGamma2018Dv2_3v2/190529_223037/0007/Data_EGamma2018Dv2_3v2_7965.root
name: Data_EGamma2018Dv2_3v2_7965.root
filenumber: 221
file path found: /hdfs/store/user/varuns/Run2018D_Prompt/EGamma/crab_job_EGamma2018Dv2_3v2/190529_223037/0007/Data_EGamma2018Dv2_3v2_7966.root
name: Data_EGamma2018Dv2_3v2_7966.root
filenumber: 222
file path found: /hdfs/store/user/varuns/Run2018D_Prompt/EGamma/crab_job_EGamma2018Dv2_3v2/190529_223037/0007/Data_EGamma2018Dv2_3v2_7967.root
name: Data_EGamma2018Dv2_3v2_7967.root
filenumber: 223
file path found: /hdfs/store/user/varuns/Run2018D_Prompt/EGamma/crab_job_EGamma2018Dv2_3v2/190529_223037/0007/Data_EGamma2018Dv2_3v2_7969.root
name: Data_EGamma2018Dv2_3v2_7969.root
filenumber: 224
file path found: /hdfs/store/user/varuns/Run2018D_Prompt/EGamma/crab_job_EGamma2018Dv2_3v2/190529_223037/0007/Data_EGamma2018Dv2_3v2_7970.root
name: Data_EGamma2018Dv2_3v2_7970.root
filenumber: 225
file path found: /hdfs/store/user/varuns/Run2018D_Prompt/EGamma/crab_job_EGamma2018Dv2_3v2/190529_223037/0007/Data_EGamma2018Dv2_3v2_7972.root
name: Data_EGamma2018Dv2_3v2_7972.root
filenumber: 226
file path found: /hdfs/store/user/varuns/Run2018D_Prompt/EGamma/crab_job_EGamma2018Dv2_3v2/190529_223037/0007/Data_EGamma2018Dv2_3v2_7973.root
name: Data_EGamma2018Dv2_3v2_7973.root
filenumber: 227
file path found: /hdfs/store/user/varuns/Run2018D_Prompt/EGamma/crab_job_EGamma2018Dv2_3v2/190529_223037/0007/Data_EGamma2018Dv2_3v2_7974.root
name: Data_EGamma2018Dv2_3v2_7974.root
filenumber: 228
file path found: /hdfs/store/user/varuns/Run2018D_Prompt/EGamma/crab_job_EGamma2018Dv2_3v2/190529_223037/0007/Data_EGamma2018Dv2_3v2_7976.root
name: Data_EGamma2018Dv2_3v2_7976.root
filenumber: 229
file path found: /hdfs/store/user/varuns/Run2018D_Prompt/EGamma/crab_job_EGamma2018Dv2_3v2/190529_223037/0007/.
name: .
filenumber: 230
file path found: /hdfs/store/user/varuns/Run2018D_Prompt/EGamma/crab_job_EGamma2018Dv2_3v2/190529_223037/0007/..
name: ..
filenumber: 231
76 files added.
Initializing chain.
Coming in: 
nentries:1350470
Running over 1350470 events.
Finished entry 0/1350469
Finished entry 10000/1350469
Finished entry 20000/1350469
Finished entry 30000/1350469
Finished entry 40000/1350469
Finished entry 50000/1350469
Finished entry 60000/1350469
Finished entry 70000/1350469
Finished entry 80000/1350469
Finished entry 90000/1350469
Finished entry 100000/1350469
Finished entry 110000/1350469
Finished entry 120000/1350469
Finished entry 130000/1350469
Finished entry 140000/1350469
Finished entry 150000/1350469
Finished entry 160000/1350469
Finished entry 170000/1350469
Finished entry 180000/1350469
Finished entry 190000/1350469
Finished entry 200000/1350469
Finished entry 210000/1350469
Finished entry 220000/1350469
Finished entry 230000/1350469
Finished entry 240000/1350469
Finished entry 250000/1350469
Finished entry 260000/1350469
Finished entry 270000/1350469
Finished entry 280000/1350469
Finished entry 290000/1350469
Finished entry 300000/1350469
Finished entry 310000/1350469
Finished entry 320000/1350469
Finished entry 330000/1350469
Finished entry 340000/1350469
Finished entry 350000/1350469
Finished entry 360000/1350469
Finished entry 370000/1350469
Finished entry 380000/1350469
Finished entry 390000/1350469
Finished entry 400000/1350469
Finished entry 410000/1350469
Finished entry 420000/1350469
Finished entry 430000/1350469
Finished entry 440000/1350469
Finished entry 450000/1350469
Finished entry 460000/1350469
Finished entry 470000/1350469
Finished entry 480000/1350469
Finished entry 490000/1350469
Finished entry 500000/1350469
Finished entry 510000/1350469
Finished entry 520000/1350469
Finished entry 530000/1350469
Finished entry 540000/1350469
Finished entry 550000/1350469
Finished entry 560000/1350469
Finished entry 570000/1350469
Finished entry 580000/1350469
Finished entry 590000/1350469
Finished entry 600000/1350469
Finished entry 610000/1350469
Finished entry 620000/1350469
Finished entry 630000/1350469
Finished entry 640000/1350469
Finished entry 650000/1350469
Finished entry 660000/1350469
Finished entry 670000/1350469
Finished entry 680000/1350469
Finished entry 690000/1350469
Finished entry 700000/1350469
Finished entry 710000/1350469
Finished entry 720000/1350469
Finished entry 730000/1350469
Finished entry 740000/1350469
Finished entry 750000/1350469
Finished entry 760000/1350469
Finished entry 770000/1350469
Finished entry 780000/1350469
Finished entry 790000/1350469
Finished entry 800000/1350469
Finished entry 810000/1350469
Finished entry 820000/1350469
Finished entry 830000/1350469
Finished entry 840000/1350469
Finished entry 850000/1350469
Finished entry 860000/1350469
Finished entry 870000/1350469
Finished entry 880000/1350469
Finished entry 890000/1350469
Finished entry 900000/1350469
Finished entry 910000/1350469
Finished entry 920000/1350469
Finished entry 930000/1350469
Finished entry 940000/1350469
Finished entry 950000/1350469
Finished entry 960000/1350469
Finished entry 970000/1350469
Finished entry 980000/1350469
Finished entry 990000/1350469
Finished entry 1000000/1350469
Finished entry 1010000/1350469
Finished entry 1020000/1350469
Finished entry 1030000/1350469
Finished entry 1040000/1350469
Finished entry 1050000/1350469
Finished entry 1060000/1350469
Finished entry 1070000/1350469
Finished entry 1080000/1350469
Finished entry 1090000/1350469
Finished entry 1100000/1350469
Finished entry 1110000/1350469
Finished entry 1120000/1350469
Finished entry 1130000/1350469
Finished entry 1140000/1350469
Finished entry 1150000/1350469
Finished entry 1160000/1350469
Finished entry 1170000/1350469
Finished entry 1180000/1350469
Finished entry 1190000/1350469
Finished entry 1200000/1350469
Finished entry 1210000/1350469
Finished entry 1220000/1350469
Finished entry 1230000/1350469
Finished entry 1240000/1350469
Finished entry 1250000/1350469
Finished entry 1260000/1350469
Finished entry 1270000/1350469
Finished entry 1280000/1350469
Finished entry 1290000/1350469
Finished entry 1300000/1350469
Finished entry 1310000/1350469
Finished entry 1320000/1350469
Finished entry 1330000/1350469
Finished entry 1340000/1350469
Finished entry 1350000/1350469
