000 (691480.010.000) 07/11 11:27:39 Job submitted from host: <144.92.181.245:9618?addrs=144.92.181.245-9618+[2607-f388-101c-1000--372]-9618&noUDP&sock=6179_dbc8_3>
...
001 (691480.010.000) 07/11 12:06:39 Job executing on host: <144.92.180.147:9618?addrs=144.92.180.147-9618+[2607-f388-101c-1000--629]-9618&noUDP&sock=7756_8ca2_3>
...
006 (691480.010.000) 07/11 12:06:49 Image size of job updated: 216088
	106  -  MemoryUsage of job (MB)
	108360  -  ResidentSetSize of job (KB)
...
006 (691480.010.000) 07/11 12:26:49 Image size of job updated: 247376
	242  -  MemoryUsage of job (MB)
	247276  -  ResidentSetSize of job (KB)
...
006 (691480.010.000) 07/11 12:29:11 Image size of job updated: 250668
	242  -  MemoryUsage of job (MB)
	247276  -  ResidentSetSize of job (KB)
...
005 (691480.010.000) 07/11 12:29:12 Job terminated.
	(1) Normal termination (return value 0)
		Usr 0 00:02:13, Sys 0 00:00:07  -  Run Remote Usage
		Usr 0 00:00:00, Sys 0 00:00:00  -  Run Local Usage
		Usr 0 00:02:13, Sys 0 00:00:07  -  Total Remote Usage
		Usr 0 00:00:00, Sys 0 00:00:00  -  Total Local Usage
	336150  -  Run Bytes Sent By Job
	306644  -  Run Bytes Received By Job
	336150  -  Total Bytes Sent By Job
	306644  -  Total Bytes Received By Job
	Partitionable Resources :    Usage  Request Allocated
	   Cpus                 :                 1         1
	   Disk (KB)            :  1000000  2048000   7917508
	   Memory (MB)          :      242     1992      1992
...
