000 (691480.012.000) 07/11 11:27:39 Job submitted from host: <144.92.181.245:9618?addrs=144.92.181.245-9618+[2607-f388-101c-1000--372]-9618&noUDP&sock=6179_dbc8_3>
...
001 (691480.012.000) 07/11 12:06:43 Job executing on host: <144.92.180.202:9618?addrs=144.92.180.202-9618+[2607-f388-101c-1000--629]-9618&noUDP&sock=8716_078d_3>
...
006 (691480.012.000) 07/11 12:06:53 Image size of job updated: 169952
	53  -  MemoryUsage of job (MB)
	53304  -  ResidentSetSize of job (KB)
...
006 (691480.012.000) 07/11 12:26:53 Image size of job updated: 251484
	246  -  MemoryUsage of job (MB)
	251484  -  ResidentSetSize of job (KB)
...
006 (691480.012.000) 07/11 12:28:06 Image size of job updated: 254876
	246  -  MemoryUsage of job (MB)
	251484  -  ResidentSetSize of job (KB)
...
005 (691480.012.000) 07/11 12:28:07 Job terminated.
	(1) Normal termination (return value 0)
		Usr 0 00:02:43, Sys 0 00:00:10  -  Run Remote Usage
		Usr 0 00:00:00, Sys 0 00:00:00  -  Run Local Usage
		Usr 0 00:02:43, Sys 0 00:00:10  -  Total Remote Usage
		Usr 0 00:00:00, Sys 0 00:00:00  -  Total Local Usage
	337649  -  Run Bytes Sent By Job
	306644  -  Run Bytes Received By Job
	337649  -  Total Bytes Sent By Job
	306644  -  Total Bytes Received By Job
	Partitionable Resources :    Usage  Request Allocated
	   Cpus                 :                 1         1
	   Disk (KB)            :  1000000  2048000   4750155
	   Memory (MB)          :      246     1992      1992
...
