000 (691480.013.000) 07/11 11:27:39 Job submitted from host: <144.92.181.245:9618?addrs=144.92.181.245-9618+[2607-f388-101c-1000--372]-9618&noUDP&sock=6179_dbc8_3>
...
001 (691480.013.000) 07/11 12:06:38 Job executing on host: <144.92.180.104:9618?addrs=144.92.180.104-9618+[2607-f388-101c-1000--629]-9618&noUDP&sock=7593_beb2_3>
...
006 (691480.013.000) 07/11 12:06:46 Image size of job updated: 216484
	106  -  MemoryUsage of job (MB)
	108360  -  ResidentSetSize of job (KB)
...
006 (691480.013.000) 07/11 12:26:46 Image size of job updated: 252316
	246  -  MemoryUsage of job (MB)
	251880  -  ResidentSetSize of job (KB)
...
005 (691480.013.000) 07/11 12:27:08 Job terminated.
	(1) Normal termination (return value 0)
		Usr 0 00:01:59, Sys 0 00:00:09  -  Run Remote Usage
		Usr 0 00:00:00, Sys 0 00:00:00  -  Run Local Usage
		Usr 0 00:01:59, Sys 0 00:00:09  -  Total Remote Usage
		Usr 0 00:00:00, Sys 0 00:00:00  -  Total Local Usage
	336294  -  Run Bytes Sent By Job
	306644  -  Run Bytes Received By Job
	336294  -  Total Bytes Sent By Job
	306644  -  Total Bytes Received By Job
	Partitionable Resources :    Usage  Request Allocated
	   Cpus                 :                 1         1
	   Disk (KB)            :  1000000  2048000   6333356
	   Memory (MB)          :      246     1992      1992
...
