000 (691480.014.000) 07/11 11:27:39 Job submitted from host: <144.92.181.245:9618?addrs=144.92.181.245-9618+[2607-f388-101c-1000--372]-9618&noUDP&sock=6179_dbc8_3>
...
001 (691480.014.000) 07/11 12:06:39 Job executing on host: <144.92.180.82:9618?addrs=144.92.180.82-9618+[2607-f388-101c-1000--629]-9618&noUDP&sock=6973_79fb_3>
...
006 (691480.014.000) 07/11 12:06:47 Image size of job updated: 169884
	53  -  MemoryUsage of job (MB)
	53448  -  ResidentSetSize of job (KB)
...
006 (691480.014.000) 07/11 12:26:47 Image size of job updated: 257208
	248  -  MemoryUsage of job (MB)
	253908  -  ResidentSetSize of job (KB)
...
005 (691480.014.000) 07/11 12:29:54 Job terminated.
	(1) Normal termination (return value 0)
		Usr 0 00:04:26, Sys 0 00:00:14  -  Run Remote Usage
		Usr 0 00:00:00, Sys 0 00:00:00  -  Run Local Usage
		Usr 0 00:04:26, Sys 0 00:00:14  -  Total Remote Usage
		Usr 0 00:00:00, Sys 0 00:00:00  -  Total Local Usage
	364668  -  Run Bytes Sent By Job
	306644  -  Run Bytes Received By Job
	364668  -  Total Bytes Sent By Job
	306644  -  Total Bytes Received By Job
	Partitionable Resources :    Usage  Request Allocated
	   Cpus                 :                 1         1
	   Disk (KB)            :  1000000  2048000   4750867
	   Memory (MB)          :      248     1992      1992
...
