000 (691504.001.000) 07/11 11:28:13 Job submitted from host: <144.92.181.245:9618?addrs=144.92.181.245-9618+[2607-f388-101c-1000--372]-9618&noUDP&sock=6179_dbc8_3>
...
001 (691504.001.000) 07/11 12:17:54 Job executing on host: <128.104.227.89:9618?addrs=128.104.227.89-9618+[2607-f388-101c-1000--629]-9618&noUDP&sock=11880_4535_10>
...
006 (691504.001.000) 07/11 12:18:03 Image size of job updated: 2780
	1  -  MemoryUsage of job (MB)
	724  -  ResidentSetSize of job (KB)
...
006 (691504.001.000) 07/11 12:38:03 Image size of job updated: 250824
	225  -  MemoryUsage of job (MB)
	229472  -  ResidentSetSize of job (KB)
...
006 (691504.001.000) 07/11 12:48:43 Image size of job updated: 253828
	225  -  MemoryUsage of job (MB)
	229472  -  ResidentSetSize of job (KB)
...
005 (691504.001.000) 07/11 12:48:44 Job terminated.
	(1) Normal termination (return value 0)
		Usr 0 00:02:23, Sys 0 00:00:11  -  Run Remote Usage
		Usr 0 00:00:00, Sys 0 00:00:00  -  Run Local Usage
		Usr 0 00:02:23, Sys 0 00:00:11  -  Total Remote Usage
		Usr 0 00:00:00, Sys 0 00:00:00  -  Total Local Usage
	377635  -  Run Bytes Sent By Job
	306644  -  Run Bytes Received By Job
	377635  -  Total Bytes Sent By Job
	306644  -  Total Bytes Received By Job
	Partitionable Resources :    Usage  Request Allocated
	   Cpus                 :                 1         1
	   Disk (KB)            :  1000000  2048000   9504447
	   Memory (MB)          :      225     1992      1992
...
