000 (691504.005.000) 07/11 11:28:13 Job submitted from host: <144.92.181.245:9618?addrs=144.92.181.245-9618+[2607-f388-101c-1000--372]-9618&noUDP&sock=6179_dbc8_3>
...
001 (691504.005.000) 07/11 12:17:50 Job executing on host: <144.92.180.159:9618?addrs=144.92.180.159-9618+[2607-f388-101c-1000--629]-9618&noUDP&sock=7670_8f7d_3>
...
006 (691504.005.000) 07/11 12:17:59 Image size of job updated: 217224
	106  -  MemoryUsage of job (MB)
	108336  -  ResidentSetSize of job (KB)
...
006 (691504.005.000) 07/11 12:38:00 Image size of job updated: 233272
	228  -  MemoryUsage of job (MB)
	233272  -  ResidentSetSize of job (KB)
...
006 (691504.005.000) 07/11 12:50:21 Image size of job updated: 477468
	228  -  MemoryUsage of job (MB)
	233272  -  ResidentSetSize of job (KB)
...
005 (691504.005.000) 07/11 12:50:22 Job terminated.
	(1) Normal termination (return value 0)
		Usr 0 00:02:08, Sys 0 00:00:07  -  Run Remote Usage
		Usr 0 00:00:00, Sys 0 00:00:00  -  Run Local Usage
		Usr 0 00:02:08, Sys 0 00:00:07  -  Total Remote Usage
		Usr 0 00:00:00, Sys 0 00:00:00  -  Total Local Usage
	379670  -  Run Bytes Sent By Job
	306644  -  Run Bytes Received By Job
	379670  -  Total Bytes Sent By Job
	306644  -  Total Bytes Received By Job
	Partitionable Resources :    Usage  Request Allocated
	   Cpus                 :                 1         1
	   Disk (KB)            :  1000000  2048000   7918095
	   Memory (MB)          :      228     1992      1992
...
