000 (691504.006.000) 07/11 11:28:13 Job submitted from host: <144.92.181.245:9618?addrs=144.92.181.245-9618+[2607-f388-101c-1000--372]-9618&noUDP&sock=6179_dbc8_3>
...
001 (691504.006.000) 07/11 12:17:51 Job executing on host: <128.104.227.17:9618?addrs=128.104.227.17-9618+[2607-f388-101c-1000--629]-9618&noUDP&sock=10417_c626_3>
...
006 (691504.006.000) 07/11 12:18:00 Image size of job updated: 217600
	106  -  MemoryUsage of job (MB)
	108332  -  ResidentSetSize of job (KB)
...
006 (691504.006.000) 07/11 12:38:01 Image size of job updated: 234792
	230  -  MemoryUsage of job (MB)
	234792  -  ResidentSetSize of job (KB)
...
006 (691504.006.000) 07/11 12:43:09 Image size of job updated: 234796
	230  -  MemoryUsage of job (MB)
	234792  -  ResidentSetSize of job (KB)
...
005 (691504.006.000) 07/11 12:43:10 Job terminated.
	(1) Normal termination (return value 0)
		Usr 0 00:02:21, Sys 0 00:00:07  -  Run Remote Usage
		Usr 0 00:00:00, Sys 0 00:00:00  -  Run Local Usage
		Usr 0 00:02:21, Sys 0 00:00:07  -  Total Remote Usage
		Usr 0 00:00:00, Sys 0 00:00:00  -  Total Local Usage
	379642  -  Run Bytes Sent By Job
	306644  -  Run Bytes Received By Job
	379642  -  Total Bytes Sent By Job
	306644  -  Total Bytes Received By Job
	Partitionable Resources :    Usage  Request Allocated
	   Cpus                 :                 1         1
	   Disk (KB)            :  1000000  2048000   9499832
	   Memory (MB)          :      230     1992      1992
...
