000 (691504.007.000) 07/11 11:28:13 Job submitted from host: <144.92.181.245:9618?addrs=144.92.181.245-9618+[2607-f388-101c-1000--372]-9618&noUDP&sock=6179_dbc8_3>
...
001 (691504.007.000) 07/11 12:17:51 Job executing on host: <144.92.181.221:9618?addrs=144.92.181.221-9618+[2607-f388-101c-1000--629]-9618&noUDP&sock=6679_d123_3>
...
006 (691504.007.000) 07/11 12:18:00 Image size of job updated: 131752
	55  -  MemoryUsage of job (MB)
	56304  -  ResidentSetSize of job (KB)
...
006 (691504.007.000) 07/11 12:38:01 Image size of job updated: 235500
	230  -  MemoryUsage of job (MB)
	235456  -  ResidentSetSize of job (KB)
...
006 (691504.007.000) 07/11 12:43:34 Image size of job updated: 235584
	230  -  MemoryUsage of job (MB)
	235456  -  ResidentSetSize of job (KB)
...
005 (691504.007.000) 07/11 12:43:35 Job terminated.
	(1) Normal termination (return value 0)
		Usr 0 00:05:07, Sys 0 00:00:17  -  Run Remote Usage
		Usr 0 00:00:00, Sys 0 00:00:00  -  Run Local Usage
		Usr 0 00:05:07, Sys 0 00:00:17  -  Total Remote Usage
		Usr 0 00:00:00, Sys 0 00:00:00  -  Total Local Usage
	393703  -  Run Bytes Sent By Job
	306644  -  Run Bytes Received By Job
	393703  -  Total Bytes Sent By Job
	306644  -  Total Bytes Received By Job
	Partitionable Resources :    Usage  Request Allocated
	   Cpus                 :                 1         1
	   Disk (KB)            :  1000000  2048000   3166803
	   Memory (MB)          :      230     1992      1992
...
