000 (691504.009.000) 07/11 11:28:13 Job submitted from host: <144.92.181.245:9618?addrs=144.92.181.245-9618+[2607-f388-101c-1000--372]-9618&noUDP&sock=6179_dbc8_3>
...
001 (691504.009.000) 07/11 12:17:53 Job executing on host: <144.92.181.147:9618?addrs=144.92.181.147-9618+[2607-f388-101c-1000--629]-9618&noUDP&sock=9876_b16a_3>
...
006 (691504.009.000) 07/11 12:18:02 Image size of job updated: 217592
	106  -  MemoryUsage of job (MB)
	108344  -  ResidentSetSize of job (KB)
...
006 (691504.009.000) 07/11 12:38:03 Image size of job updated: 232248
	225  -  MemoryUsage of job (MB)
	229716  -  ResidentSetSize of job (KB)
...
006 (691504.009.000) 07/11 12:43:47 Image size of job updated: 232348
	225  -  MemoryUsage of job (MB)
	229716  -  ResidentSetSize of job (KB)
...
005 (691504.009.000) 07/11 12:43:49 Job terminated.
	(1) Normal termination (return value 0)
		Usr 0 00:02:29, Sys 0 00:00:08  -  Run Remote Usage
		Usr 0 00:00:00, Sys 0 00:00:00  -  Run Local Usage
		Usr 0 00:02:29, Sys 0 00:00:08  -  Total Remote Usage
		Usr 0 00:00:00, Sys 0 00:00:00  -  Total Local Usage
	379265  -  Run Bytes Sent By Job
	306644  -  Run Bytes Received By Job
	379265  -  Total Bytes Sent By Job
	306644  -  Total Bytes Received By Job
	Partitionable Resources :    Usage  Request Allocated
	   Cpus                 :                 1         1
	   Disk (KB)            :  1000000  2048000   7918247
	   Memory (MB)          :      225     1992      1992
...
