000 (1262612.004.000) 07/25 12:34:30 Job submitted from host: <144.92.180.28:9618?addrs=144.92.180.28-9618+[2607-f388-101c-1000--370]-9618&noUDP&sock=5187_6dd5_82>
...
001 (1262612.004.000) 07/25 14:17:11 Job executing on host: <144.92.180.206:9618?addrs=144.92.180.206-9618+[2607-f388-101c-1000--629]-9618&noUDP&sock=7711_aedf_3>
...
006 (1262612.004.000) 07/25 14:17:20 Image size of job updated: 225556
	107  -  MemoryUsage of job (MB)
	108612  -  ResidentSetSize of job (KB)
...
006 (1262612.004.000) 07/25 14:25:18 Image size of job updated: 254816
	107  -  MemoryUsage of job (MB)
	108612  -  ResidentSetSize of job (KB)
...
005 (1262612.004.000) 07/25 14:25:19 Job terminated.
	(1) Normal termination (return value 0)
		Usr 0 00:01:55, Sys 0 00:00:08  -  Run Remote Usage
		Usr 0 00:00:00, Sys 0 00:00:00  -  Run Local Usage
		Usr 0 00:01:55, Sys 0 00:00:08  -  Total Remote Usage
		Usr 0 00:00:00, Sys 0 00:00:00  -  Total Local Usage
	433061  -  Run Bytes Sent By Job
	283691  -  Run Bytes Received By Job
	433061  -  Total Bytes Sent By Job
	283691  -  Total Bytes Received By Job
	Partitionable Resources :    Usage  Request Allocated
	   Cpus                 :                 1         1
	   Disk (KB)            :  1000000  2048000   7910803
	   Memory (MB)          :      107     1992      1992
...
