000 (691461.013.000) 07/11 11:27:14 Job submitted from host: <144.92.181.245:9618?addrs=144.92.181.245-9618+[2607-f388-101c-1000--372]-9618&noUDP&sock=6179_dbc8_3>
...
001 (691461.013.000) 07/11 11:57:02 Job executing on host: <144.92.181.190:9618?addrs=144.92.181.190-9618+[2607-f388-101c-1000--629]-9618&noUDP&sock=10049_5b4c_3>
...
006 (691461.013.000) 07/11 11:57:11 Image size of job updated: 215308
	106  -  MemoryUsage of job (MB)
	108392  -  ResidentSetSize of job (KB)
...
006 (691461.013.000) 07/11 12:16:41 Image size of job updated: 241992
	106  -  MemoryUsage of job (MB)
	108392  -  ResidentSetSize of job (KB)
...
005 (691461.013.000) 07/11 12:16:42 Job terminated.
	(1) Normal termination (return value 0)
		Usr 0 00:02:27, Sys 0 00:00:08  -  Run Remote Usage
		Usr 0 00:00:00, Sys 0 00:00:00  -  Run Local Usage
		Usr 0 00:02:27, Sys 0 00:00:08  -  Total Remote Usage
		Usr 0 00:00:00, Sys 0 00:00:00  -  Total Local Usage
	402090  -  Run Bytes Sent By Job
	306644  -  Run Bytes Received By Job
	402090  -  Total Bytes Sent By Job
	306644  -  Total Bytes Received By Job
	Partitionable Resources :    Usage  Request Allocated
	   Cpus                 :                 1         1
	   Disk (KB)            :  1000000  2048000   7917241
	   Memory (MB)          :      106     1992      1992
...
