000 (691461.006.000) 07/11 11:27:14 Job submitted from host: <144.92.181.245:9618?addrs=144.92.181.245-9618+[2607-f388-101c-1000--372]-9618&noUDP&sock=6179_dbc8_3>
...
001 (691461.006.000) 07/11 11:56:45 Job executing on host: <144.92.181.221:9618?addrs=144.92.181.221-9618+[2607-f388-101c-1000--629]-9618&noUDP&sock=6679_d123_3>
...
006 (691461.006.000) 07/11 11:56:54 Image size of job updated: 216240
	106  -  MemoryUsage of job (MB)
	108368  -  ResidentSetSize of job (KB)
...
006 (691461.006.000) 07/11 12:16:55 Image size of job updated: 256556
	232  -  MemoryUsage of job (MB)
	236636  -  ResidentSetSize of job (KB)
...
005 (691461.006.000) 07/11 12:17:50 Job terminated.
	(1) Normal termination (return value 0)
		Usr 0 00:04:40, Sys 0 00:00:15  -  Run Remote Usage
		Usr 0 00:00:00, Sys 0 00:00:00  -  Run Local Usage
		Usr 0 00:04:40, Sys 0 00:00:15  -  Total Remote Usage
		Usr 0 00:00:00, Sys 0 00:00:00  -  Total Local Usage
	413613  -  Run Bytes Sent By Job
	306644  -  Run Bytes Received By Job
	413613  -  Total Bytes Sent By Job
	306644  -  Total Bytes Received By Job
	Partitionable Resources :    Usage  Request Allocated
	   Cpus                 :                 1         1
	   Disk (KB)            :  1000000  2048000   3166803
	   Memory (MB)          :      232     1992      1992
...
