000 (690114.001.000) 07/11 07:32:11 Job submitted from host: <144.92.181.245:9618?addrs=144.92.181.245-9618+[2607-f388-101c-1000--372]-9618&noUDP&sock=6179_dbc8_3>
...
001 (690114.001.000) 07/11 09:28:38 Job executing on host: <144.92.180.58:9618?addrs=144.92.180.58-9618+[2607-f388-101c-1000--629]-9618&noUDP&sock=7143_1514_3>
...
006 (690114.001.000) 07/11 09:28:47 Image size of job updated: 33176
	8  -  MemoryUsage of job (MB)
	7456  -  ResidentSetSize of job (KB)
...
006 (690114.001.000) 07/11 09:48:49 Image size of job updated: 234588
	228  -  MemoryUsage of job (MB)
	233196  -  ResidentSetSize of job (KB)
...
005 (690114.001.000) 07/11 09:55:16 Job terminated.
	(1) Normal termination (return value 0)
		Usr 0 00:05:23, Sys 0 00:00:18  -  Run Remote Usage
		Usr 0 00:00:00, Sys 0 00:00:00  -  Run Local Usage
		Usr 0 00:05:23, Sys 0 00:00:18  -  Total Remote Usage
		Usr 0 00:00:00, Sys 0 00:00:00  -  Total Local Usage
	258956  -  Run Bytes Sent By Job
	302156  -  Run Bytes Received By Job
	258956  -  Total Bytes Sent By Job
	302156  -  Total Bytes Received By Job
	Partitionable Resources :    Usage  Request Allocated
	   Cpus                 :                 1         1
	   Disk (KB)            :  1000000  2048000   4750419
	   Memory (MB)          :      228     1992      1992
...
