000 (166903.001.000) 06/10 13:21:47 Job submitted from host: <144.92.180.4:9618?addrs=144.92.180.4-9618+[2607-f388-101c-1000--367]-9618&noUDP&sock=4693_960c_3>
...
001 (166903.001.000) 06/10 13:38:44 Job executing on host: <144.92.180.129:9618?addrs=144.92.180.129-9618+[2607-f388-101c-1000--629]-9618&noUDP&sock=7680_6b70_10>
...
006 (166903.001.000) 06/10 13:38:53 Image size of job updated: 215940
	107  -  MemoryUsage of job (MB)
	108656  -  ResidentSetSize of job (KB)
...
006 (166903.001.000) 06/10 13:50:02 Image size of job updated: 285184
	107  -  MemoryUsage of job (MB)
	108656  -  ResidentSetSize of job (KB)
...
005 (166903.001.000) 06/10 13:50:04 Job terminated.
	(1) Normal termination (return value 0)
		Usr 0 00:02:03, Sys 0 00:00:05  -  Run Remote Usage
		Usr 0 00:00:00, Sys 0 00:00:00  -  Run Local Usage
		Usr 0 00:02:03, Sys 0 00:00:05  -  Total Remote Usage
		Usr 0 00:00:00, Sys 0 00:00:00  -  Total Local Usage
	510765  -  Run Bytes Sent By Job
	278854  -  Run Bytes Received By Job
	510765  -  Total Bytes Sent By Job
	278854  -  Total Bytes Received By Job
	Partitionable Resources :    Usage  Request Allocated
	   Cpus                 :                 1         1
	   Disk (KB)            :  1000000  2048000   6335319
	   Memory (MB)          :      107     1992      1992
...
