000 (696039.000.000) 07/12 06:43:46 Job submitted from host: <144.92.181.245:9618?addrs=144.92.181.245-9618+[2607-f388-101c-1000--372]-9618&noUDP&sock=6179_dbc8_3>
...
001 (695042.000.000) 07/12 07:41:53 Job executing on host: <144.92.180.106:9618?addrs=144.92.180.106-9618+[2607-f388-101c-1000--629]-9618&noUDP&sock=7637_ecdd_3>
...
006 (695042.000.000) 07/12 07:42:01 Image size of job updated: 102440
	54  -  MemoryUsage of job (MB)
	54756  -  ResidentSetSize of job (KB)
...
006 (695042.000.000) 07/12 08:02:01 Image size of job updated: 242632
	236  -  MemoryUsage of job (MB)
	241172  -  ResidentSetSize of job (KB)
...
005 (695042.000.000) 07/12 08:08:05 Job terminated.
	(1) Normal termination (return value 0)
		Usr 0 00:02:17, Sys 0 00:00:13  -  Run Remote Usage
		Usr 0 00:00:00, Sys 0 00:00:00  -  Run Local Usage
		Usr 0 00:02:17, Sys 0 00:00:13  -  Total Remote Usage
		Usr 0 00:00:00, Sys 0 00:00:00  -  Total Local Usage
	446621  -  Run Bytes Sent By Job
	281287  -  Run Bytes Received By Job
	446621  -  Total Bytes Sent By Job
	281287  -  Total Bytes Received By Job
	Partitionable Resources :    Usage  Request Allocated
	   Cpus                 :                 1         1
	   Disk (KB)            :  1000000  2048000   6333776
	   Memory (MB)          :      236     1992      1992
...
001 (696039.000.000) 07/12 08:39:01 Job executing on host: <144.92.181.210:9618?addrs=144.92.181.210-9618+[2607-f388-101c-1000--629]-9618&noUDP&sock=6821_3795_3>
...
006 (696039.000.000) 07/12 08:39:10 Image size of job updated: 172340
	54  -  MemoryUsage of job (MB)
	54764  -  ResidentSetSize of job (KB)
...
006 (696039.000.000) 07/12 08:59:11 Image size of job updated: 240396
	235  -  MemoryUsage of job (MB)
	240296  -  ResidentSetSize of job (KB)
...
005 (696039.000.000) 07/12 09:07:23 Job terminated.
	(1) Normal termination (return value 0)
		Usr 0 00:04:40, Sys 0 00:00:14  -  Run Remote Usage
		Usr 0 00:00:00, Sys 0 00:00:00  -  Run Local Usage
		Usr 0 00:04:40, Sys 0 00:00:14  -  Total Remote Usage
		Usr 0 00:00:00, Sys 0 00:00:00  -  Total Local Usage
	458046  -  Run Bytes Sent By Job
	281287  -  Run Bytes Received By Job
	458046  -  Total Bytes Sent By Job
	281287  -  Total Bytes Received By Job
	Partitionable Resources :    Usage  Request Allocated
	   Cpus                 :                 1         1
	   Disk (KB)            :  1000000  2048000   3166786
	   Memory (MB)          :      235     1992      1992
...
