000 (696039.003.000) 07/12 06:43:46 Job submitted from host: <144.92.181.245:9618?addrs=144.92.181.245-9618+[2607-f388-101c-1000--372]-9618&noUDP&sock=6179_dbc8_3>
...
001 (695042.003.000) 07/12 07:42:22 Job executing on host: <144.92.181.190:9618?addrs=144.92.181.190-9618+[2607-f388-101c-1000--629]-9618&noUDP&sock=10049_5b4c_3>
...
006 (695042.003.000) 07/12 07:42:31 Image size of job updated: 37172
	7  -  MemoryUsage of job (MB)
	6500  -  ResidentSetSize of job (KB)
...
006 (695042.003.000) 07/12 08:02:32 Image size of job updated: 244796
	239  -  MemoryUsage of job (MB)
	244324  -  ResidentSetSize of job (KB)
...
005 (695042.003.000) 07/12 08:11:08 Job terminated.
	(1) Normal termination (return value 0)
		Usr 0 00:02:06, Sys 0 00:00:05  -  Run Remote Usage
		Usr 0 00:00:00, Sys 0 00:00:00  -  Run Local Usage
		Usr 0 00:02:06, Sys 0 00:00:05  -  Total Remote Usage
		Usr 0 00:00:00, Sys 0 00:00:00  -  Total Local Usage
	442134  -  Run Bytes Sent By Job
	281287  -  Run Bytes Received By Job
	442134  -  Total Bytes Sent By Job
	281287  -  Total Bytes Received By Job
	Partitionable Resources :    Usage  Request Allocated
	   Cpus                 :                 1         1
	   Disk (KB)            :  1000000  2048000   7917241
	   Memory (MB)          :      239     1992      1992
...
001 (696039.003.000) 07/12 08:39:15 Job executing on host: <128.104.227.39:9618?addrs=128.104.227.39-9618+[2607-f388-101c-1000--629]-9618&noUDP&sock=10345_6355_3>
...
006 (696039.003.000) 07/12 08:39:24 Image size of job updated: 217920
	106  -  MemoryUsage of job (MB)
	108528  -  ResidentSetSize of job (KB)
...
006 (696039.003.000) 07/12 08:59:25 Image size of job updated: 242648
	237  -  MemoryUsage of job (MB)
	242648  -  ResidentSetSize of job (KB)
...
006 (696039.003.000) 07/12 09:04:52 Image size of job updated: 243296
	237  -  MemoryUsage of job (MB)
	242648  -  ResidentSetSize of job (KB)
...
005 (696039.003.000) 07/12 09:04:53 Job terminated.
	(1) Normal termination (return value 0)
		Usr 0 00:01:58, Sys 0 00:00:06  -  Run Remote Usage
		Usr 0 00:00:00, Sys 0 00:00:00  -  Run Local Usage
		Usr 0 00:01:58, Sys 0 00:00:06  -  Total Remote Usage
		Usr 0 00:00:00, Sys 0 00:00:00  -  Total Local Usage
	442134  -  Run Bytes Sent By Job
	281287  -  Run Bytes Received By Job
	442134  -  Total Bytes Sent By Job
	281287  -  Total Bytes Received By Job
	Partitionable Resources :    Usage  Request Allocated
	   Cpus                 :                 1         1
	   Disk (KB)            :  1000000  2048000   9500277
	   Memory (MB)          :      237     1992      1992
...
