000 (696039.005.000) 07/12 06:43:46 Job submitted from host: <144.92.181.245:9618?addrs=144.92.181.245-9618+[2607-f388-101c-1000--372]-9618&noUDP&sock=6179_dbc8_3>
...
001 (695042.005.000) 07/12 07:42:31 Job executing on host: <128.104.227.101:9618?addrs=128.104.227.101-9618+[2607-f388-101c-1000--50]-9618&noUDP&sock=11662_bd8f_3>
...
006 (695042.005.000) 07/12 07:42:40 Image size of job updated: 109148
	106  -  MemoryUsage of job (MB)
	108532  -  ResidentSetSize of job (KB)
...
006 (695042.005.000) 07/12 08:02:41 Image size of job updated: 241596
	236  -  MemoryUsage of job (MB)
	241568  -  ResidentSetSize of job (KB)
...
005 (695042.005.000) 07/12 08:12:48 Job terminated.
	(1) Normal termination (return value 0)
		Usr 0 00:01:46, Sys 0 00:00:06  -  Run Remote Usage
		Usr 0 00:00:00, Sys 0 00:00:00  -  Run Local Usage
		Usr 0 00:01:46, Sys 0 00:00:06  -  Total Remote Usage
		Usr 0 00:00:00, Sys 0 00:00:00  -  Total Local Usage
	447970  -  Run Bytes Sent By Job
	281287  -  Run Bytes Received By Job
	447970  -  Total Bytes Sent By Job
	281287  -  Total Bytes Received By Job
	Partitionable Resources :    Usage  Request Allocated
	   Cpus                 :                 1         1
	   Disk (KB)            :  1000000  2048000   9503486
	   Memory (MB)          :      236     1992      1992
...
001 (696039.005.000) 07/12 08:39:58 Job executing on host: <144.92.180.236:9618?addrs=144.92.180.236-9618+[2607-f388-101c-1000--504]-9618&noUDP&sock=9840_0001_3>
...
006 (696039.005.000) 07/12 08:40:26 Image size of job updated: 169204
	53  -  MemoryUsage of job (MB)
	53280  -  ResidentSetSize of job (KB)
...
006 (696039.005.000) 07/12 09:00:45 Image size of job updated: 241688
	236  -  MemoryUsage of job (MB)
	241452  -  ResidentSetSize of job (KB)
...
006 (696039.005.000) 07/12 09:10:26 Image size of job updated: 486092
	236  -  MemoryUsage of job (MB)
	241452  -  ResidentSetSize of job (KB)
...
005 (696039.005.000) 07/12 09:10:26 Job terminated.
	(1) Normal termination (return value 0)
		Usr 0 00:03:04, Sys 0 00:00:28  -  Run Remote Usage
		Usr 0 00:00:00, Sys 0 00:00:00  -  Run Local Usage
		Usr 0 00:03:04, Sys 0 00:00:28  -  Total Remote Usage
		Usr 0 00:00:00, Sys 0 00:00:00  -  Total Local Usage
	447970  -  Run Bytes Sent By Job
	281287  -  Run Bytes Received By Job
	447970  -  Total Bytes Sent By Job
	281287  -  Total Bytes Received By Job
	Partitionable Resources :    Usage  Request Allocated
	   Cpus                 :                 1         1
	   Disk (KB)            :  1000000  2048000   7918113
	   Memory (MB)          :      236     1992      1992
...
