000 (691425.005.000) 07/11 11:26:21 Job submitted from host: <144.92.181.245:9618?addrs=144.92.181.245-9618+[2607-f388-101c-1000--372]-9618&noUDP&sock=6179_dbc8_3>
...
001 (691425.005.000) 07/11 11:44:24 Job executing on host: <144.92.180.210:9618?addrs=144.92.180.210-9618+[2607-f388-101c-1000--629]-9618&noUDP&sock=8750_59c6_3>
...
006 (691425.005.000) 07/11 11:44:33 Image size of job updated: 172472
	53  -  MemoryUsage of job (MB)
	53260  -  ResidentSetSize of job (KB)
...
006 (691425.005.000) 07/11 12:04:34 Image size of job updated: 258928
	251  -  MemoryUsage of job (MB)
	256084  -  ResidentSetSize of job (KB)
...
005 (691425.005.000) 07/11 12:06:04 Job terminated.
	(1) Normal termination (return value 0)
		Usr 0 00:01:57, Sys 0 00:00:06  -  Run Remote Usage
		Usr 0 00:00:00, Sys 0 00:00:00  -  Run Local Usage
		Usr 0 00:01:57, Sys 0 00:00:06  -  Total Remote Usage
		Usr 0 00:00:00, Sys 0 00:00:00  -  Total Local Usage
	353789  -  Run Bytes Sent By Job
	306644  -  Run Bytes Received By Job
	353789  -  Total Bytes Sent By Job
	306644  -  Total Bytes Received By Job
	Partitionable Resources :    Usage  Request Allocated
	   Cpus                 :                 1         1
	   Disk (KB)            :  1000000  2048000   4750084
	   Memory (MB)          :      251     1992      1992
...
