000 (691425.007.000) 07/11 11:26:21 Job submitted from host: <144.92.181.245:9618?addrs=144.92.181.245-9618+[2607-f388-101c-1000--372]-9618&noUDP&sock=6179_dbc8_3>
...
001 (691425.007.000) 07/11 11:44:27 Job executing on host: <128.104.227.19:9618?addrs=128.104.227.19-9618+[2607-f388-101c-1000--629]-9618&noUDP&sock=10268_928a_3>
...
006 (691425.007.000) 07/11 11:44:36 Image size of job updated: 215760
	106  -  MemoryUsage of job (MB)
	108372  -  ResidentSetSize of job (KB)
...
006 (691425.007.000) 07/11 12:04:37 Image size of job updated: 256408
	250  -  MemoryUsage of job (MB)
	255568  -  ResidentSetSize of job (KB)
...
005 (691425.007.000) 07/11 12:05:03 Job terminated.
	(1) Normal termination (return value 0)
		Usr 0 00:01:47, Sys 0 00:00:06  -  Run Remote Usage
		Usr 0 00:00:00, Sys 0 00:00:00  -  Run Local Usage
		Usr 0 00:01:47, Sys 0 00:00:06  -  Total Remote Usage
		Usr 0 00:00:00, Sys 0 00:00:00  -  Total Local Usage
	353889  -  Run Bytes Sent By Job
	306644  -  Run Bytes Received By Job
	353889  -  Total Bytes Sent By Job
	306644  -  Total Bytes Received By Job
	Partitionable Resources :    Usage  Request Allocated
	   Cpus                 :                 1         1
	   Disk (KB)            :  1000000  2048000   9501356
	   Memory (MB)          :      250     1992      1992
...
