000 (691415.011.000) 07/11 11:26:07 Job submitted from host: <144.92.181.245:9618?addrs=144.92.181.245-9618+[2607-f388-101c-1000--372]-9618&noUDP&sock=6179_dbc8_3>
...
001 (691415.011.000) 07/11 11:44:03 Job executing on host: <128.104.227.64:9618?addrs=128.104.227.64-9618+[2607-f388-101c-1000--629]-9618&noUDP&sock=10291_5937_3>
...
006 (691415.011.000) 07/11 11:44:12 Image size of job updated: 129892
	53  -  MemoryUsage of job (MB)
	53408  -  ResidentSetSize of job (KB)
...
005 (691415.011.000) 07/11 11:58:38 Job terminated.
	(1) Normal termination (return value 0)
		Usr 0 00:01:09, Sys 0 00:00:04  -  Run Remote Usage
		Usr 0 00:00:00, Sys 0 00:00:00  -  Run Local Usage
		Usr 0 00:01:09, Sys 0 00:00:04  -  Total Remote Usage
		Usr 0 00:00:00, Sys 0 00:00:00  -  Total Local Usage
	491752  -  Run Bytes Sent By Job
	306644  -  Run Bytes Received By Job
	491752  -  Total Bytes Sent By Job
	306644  -  Total Bytes Received By Job
	Partitionable Resources :    Usage  Request Allocated
	   Cpus                 :                 1         1
	   Disk (KB)            :  1000000  2048000   9500978
	   Memory (MB)          :       53     1992      1992
...
