000 (691415.004.000) 07/11 11:26:07 Job submitted from host: <144.92.181.245:9618?addrs=144.92.181.245-9618+[2607-f388-101c-1000--372]-9618&noUDP&sock=6179_dbc8_3>
...
001 (691415.004.000) 07/11 11:43:52 Job executing on host: <128.104.227.28:9618?addrs=128.104.227.28-9618+[2607-f388-101c-1000--629]-9618&noUDP&sock=10340_f55b_3>
...
006 (691415.004.000) 07/11 11:44:02 Image size of job updated: 217028
	106  -  MemoryUsage of job (MB)
	108116  -  ResidentSetSize of job (KB)
...
006 (691415.004.000) 07/11 11:55:30 Image size of job updated: 516084
	106  -  MemoryUsage of job (MB)
	108116  -  ResidentSetSize of job (KB)
...
005 (691415.004.000) 07/11 11:55:31 Job terminated.
	(1) Normal termination (return value 0)
		Usr 0 00:01:21, Sys 0 00:00:04  -  Run Remote Usage
		Usr 0 00:00:00, Sys 0 00:00:00  -  Run Local Usage
		Usr 0 00:01:21, Sys 0 00:00:04  -  Total Remote Usage
		Usr 0 00:00:00, Sys 0 00:00:00  -  Total Local Usage
	491952  -  Run Bytes Sent By Job
	306644  -  Run Bytes Received By Job
	491952  -  Total Bytes Sent By Job
	306644  -  Total Bytes Received By Job
	Partitionable Resources :    Usage  Request Allocated
	   Cpus                 :                 1         1
	   Disk (KB)            :  1000000  2048000   9501936
	   Memory (MB)          :      106     1992      1992
...
