000 (691448.011.000) 07/11 11:26:56 Job submitted from host: <144.92.181.245:9618?addrs=144.92.181.245-9618+[2607-f388-101c-1000--372]-9618&noUDP&sock=6179_dbc8_3>
...
001 (691448.011.000) 07/11 11:52:28 Job executing on host: <144.92.180.62:9618?addrs=144.92.180.62-9618+[2607-f388-101c-1000--629]-9618&noUDP&sock=7052_a9f6_3>
...
006 (691448.011.000) 07/11 11:52:37 Image size of job updated: 35232
	7  -  MemoryUsage of job (MB)
	6824  -  ResidentSetSize of job (KB)
...
006 (691448.011.000) 07/11 12:12:38 Image size of job updated: 240068
	235  -  MemoryUsage of job (MB)
	240068  -  ResidentSetSize of job (KB)
...
005 (691448.011.000) 07/11 12:23:25 Job terminated.
	(1) Normal termination (return value 0)
		Usr 0 00:04:33, Sys 0 00:00:25  -  Run Remote Usage
		Usr 0 00:00:00, Sys 0 00:00:00  -  Run Local Usage
		Usr 0 00:04:33, Sys 0 00:00:25  -  Total Remote Usage
		Usr 0 00:00:00, Sys 0 00:00:00  -  Total Local Usage
	368964  -  Run Bytes Sent By Job
	306644  -  Run Bytes Received By Job
	368964  -  Total Bytes Sent By Job
	306644  -  Total Bytes Received By Job
	Partitionable Resources :    Usage  Request Allocated
	   Cpus                 :                 1         1
	   Disk (KB)            :  1000000  2048000   4750234
	   Memory (MB)          :      235     1992      1992
...
