000 (691448.009.000) 07/11 11:26:56 Job submitted from host: <144.92.181.245:9618?addrs=144.92.181.245-9618+[2607-f388-101c-1000--372]-9618&noUDP&sock=6179_dbc8_3>
...
001 (691448.009.000) 07/11 11:52:26 Job executing on host: <144.92.180.104:9618?addrs=144.92.180.104-9618+[2607-f388-101c-1000--629]-9618&noUDP&sock=7593_beb2_3>
...
006 (691448.009.000) 07/11 11:52:35 Image size of job updated: 217400
	106  -  MemoryUsage of job (MB)
	108368  -  ResidentSetSize of job (KB)
...
006 (691448.009.000) 07/11 12:12:36 Image size of job updated: 241256
	235  -  MemoryUsage of job (MB)
	240124  -  ResidentSetSize of job (KB)
...
005 (691448.009.000) 07/11 12:13:56 Job terminated.
	(1) Normal termination (return value 0)
		Usr 0 00:01:54, Sys 0 00:00:06  -  Run Remote Usage
		Usr 0 00:00:00, Sys 0 00:00:00  -  Run Local Usage
		Usr 0 00:01:54, Sys 0 00:00:06  -  Total Remote Usage
		Usr 0 00:00:00, Sys 0 00:00:00  -  Total Local Usage
	355508  -  Run Bytes Sent By Job
	306644  -  Run Bytes Received By Job
	355508  -  Total Bytes Sent By Job
	306644  -  Total Bytes Received By Job
	Partitionable Resources :    Usage  Request Allocated
	   Cpus                 :                 1         1
	   Disk (KB)            :  1000000  2048000   6333356
	   Memory (MB)          :      235     1992      1992
...
