000 (695982.001.000) 07/12 06:42:19 Job submitted from host: <144.92.181.245:9618?addrs=144.92.181.245-9618+[2607-f388-101c-1000--372]-9618&noUDP&sock=6179_dbc8_3>
...
001 (695982.001.000) 07/12 08:13:47 Job executing on host: <128.104.227.59:9618?addrs=128.104.227.59-9618+[2607-f388-101c-1000--629]-9618&noUDP&sock=10315_cf7d_3>
...
006 (695982.001.000) 07/12 08:13:56 Image size of job updated: 70660
	23  -  MemoryUsage of job (MB)
	23428  -  ResidentSetSize of job (KB)
...
005 (695982.001.000) 07/12 08:29:06 Job terminated.
	(1) Normal termination (return value 0)
		Usr 0 00:01:45, Sys 0 00:00:04  -  Run Remote Usage
		Usr 0 00:00:00, Sys 0 00:00:00  -  Run Local Usage
		Usr 0 00:01:45, Sys 0 00:00:04  -  Total Remote Usage
		Usr 0 00:00:00, Sys 0 00:00:00  -  Total Local Usage
	325922  -  Run Bytes Sent By Job
	281287  -  Run Bytes Received By Job
	325922  -  Total Bytes Sent By Job
	281287  -  Total Bytes Received By Job
	Partitionable Resources :    Usage  Request Allocated
	   Cpus                 :                 1         1
	   Disk (KB)            :  1000000  2048000   9501449
	   Memory (MB)          :       23     1992      1992
...
