000 (695982.005.000) 07/12 06:42:19 Job submitted from host: <144.92.181.245:9618?addrs=144.92.181.245-9618+[2607-f388-101c-1000--372]-9618&noUDP&sock=6179_dbc8_3>
...
001 (695982.005.000) 07/12 08:13:55 Job executing on host: <144.92.180.200:9618?addrs=144.92.180.200-9618+[2607-f388-101c-1000--629]-9618&noUDP&sock=8749_aa2e_3>
...
006 (695982.005.000) 07/12 08:14:03 Image size of job updated: 209208
	106  -  MemoryUsage of job (MB)
	108352  -  ResidentSetSize of job (KB)
...
006 (695982.005.000) 07/12 08:34:03 Image size of job updated: 279720
	273  -  MemoryUsage of job (MB)
	279532  -  ResidentSetSize of job (KB)
...
006 (695982.005.000) 07/12 08:42:33 Image size of job updated: 281280
	273  -  MemoryUsage of job (MB)
	279532  -  ResidentSetSize of job (KB)
...
005 (695982.005.000) 07/12 08:42:34 Job terminated.
	(1) Normal termination (return value 0)
		Usr 0 00:02:58, Sys 0 00:00:12  -  Run Remote Usage
		Usr 0 00:00:00, Sys 0 00:00:00  -  Run Local Usage
		Usr 0 00:02:58, Sys 0 00:00:12  -  Total Remote Usage
		Usr 0 00:00:00, Sys 0 00:00:00  -  Total Local Usage
	326716  -  Run Bytes Sent By Job
	281287  -  Run Bytes Received By Job
	326716  -  Total Bytes Sent By Job
	281287  -  Total Bytes Received By Job
	Partitionable Resources :    Usage  Request Allocated
	   Cpus                 :                 1         1
	   Disk (KB)            :  1000000  2048000   4750503
	   Memory (MB)          :      273     1992      1992
...
