000 (691502.011.000) 07/11 11:28:11 Job submitted from host: <144.92.181.245:9618?addrs=144.92.181.245-9618+[2607-f388-101c-1000--372]-9618&noUDP&sock=6179_dbc8_3>
...
001 (691502.011.000) 07/11 12:17:36 Job executing on host: <144.92.181.1:9618?addrs=144.92.181.1-9618+[2607-f388-101c-1000--629]-9618&noUDP&sock=7674_4dde_3>
...
006 (691502.011.000) 07/11 12:17:45 Image size of job updated: 167496
	53  -  MemoryUsage of job (MB)
	53656  -  ResidentSetSize of job (KB)
...
006 (691502.011.000) 07/11 12:37:45 Image size of job updated: 236504
	231  -  MemoryUsage of job (MB)
	236220  -  ResidentSetSize of job (KB)
...
006 (691502.011.000) 07/11 12:45:20 Image size of job updated: 479120
	231  -  MemoryUsage of job (MB)
	236220  -  ResidentSetSize of job (KB)
...
005 (691502.011.000) 07/11 12:45:21 Job terminated.
	(1) Normal termination (return value 0)
		Usr 0 00:02:42, Sys 0 00:00:09  -  Run Remote Usage
		Usr 0 00:00:00, Sys 0 00:00:00  -  Run Local Usage
		Usr 0 00:02:42, Sys 0 00:00:09  -  Total Remote Usage
		Usr 0 00:00:00, Sys 0 00:00:00  -  Total Local Usage
	412767  -  Run Bytes Sent By Job
	306644  -  Run Bytes Received By Job
	412767  -  Total Bytes Sent By Job
	306644  -  Total Bytes Received By Job
	Partitionable Resources :    Usage  Request Allocated
	   Cpus                 :                 1         1
	   Disk (KB)            :  1000000  2048000   7917509
	   Memory (MB)          :      231     1992      1992
...
