000 (691502.013.000) 07/11 11:28:11 Job submitted from host: <144.92.181.245:9618?addrs=144.92.181.245-9618+[2607-f388-101c-1000--372]-9618&noUDP&sock=6179_dbc8_3>
...
001 (691502.013.000) 07/11 12:17:35 Job executing on host: <144.92.181.147:9618?addrs=144.92.181.147-9618+[2607-f388-101c-1000--629]-9618&noUDP&sock=9876_b16a_3>
...
006 (691502.013.000) 07/11 12:17:44 Image size of job updated: 215900
	106  -  MemoryUsage of job (MB)
	108420  -  ResidentSetSize of job (KB)
...
006 (691502.013.000) 07/11 12:37:45 Image size of job updated: 235292
	230  -  MemoryUsage of job (MB)
	235292  -  ResidentSetSize of job (KB)
...
005 (691502.013.000) 07/11 12:46:01 Job terminated.
	(1) Normal termination (return value 0)
		Usr 0 00:02:33, Sys 0 00:00:08  -  Run Remote Usage
		Usr 0 00:00:00, Sys 0 00:00:00  -  Run Local Usage
		Usr 0 00:02:33, Sys 0 00:00:08  -  Total Remote Usage
		Usr 0 00:00:00, Sys 0 00:00:00  -  Total Local Usage
	419412  -  Run Bytes Sent By Job
	306644  -  Run Bytes Received By Job
	419412  -  Total Bytes Sent By Job
	306644  -  Total Bytes Received By Job
	Partitionable Resources :    Usage  Request Allocated
	   Cpus                 :                 1         1
	   Disk (KB)            :  1000000  2048000   7918247
	   Memory (MB)          :      230     1992      1992
...
