000 (691502.002.000) 07/11 11:28:11 Job submitted from host: <144.92.181.245:9618?addrs=144.92.181.245-9618+[2607-f388-101c-1000--372]-9618&noUDP&sock=6179_dbc8_3>
...
001 (691502.002.000) 07/11 12:17:07 Job executing on host: <144.92.181.165:9618?addrs=144.92.181.165-9618+[2607-f388-101c-1000--629]-9618&noUDP&sock=9844_be62_3>
...
006 (691502.002.000) 07/11 12:17:15 Image size of job updated: 216184
	106  -  MemoryUsage of job (MB)
	108408  -  ResidentSetSize of job (KB)
...
006 (691502.002.000) 07/11 12:37:15 Image size of job updated: 232960
	228  -  MemoryUsage of job (MB)
	232960  -  ResidentSetSize of job (KB)
...
006 (691502.002.000) 07/11 12:38:55 Image size of job updated: 478668
	228  -  MemoryUsage of job (MB)
	232960  -  ResidentSetSize of job (KB)
...
005 (691502.002.000) 07/11 12:38:56 Job terminated.
	(1) Normal termination (return value 0)
		Usr 0 00:02:29, Sys 0 00:00:07  -  Run Remote Usage
		Usr 0 00:00:00, Sys 0 00:00:00  -  Run Local Usage
		Usr 0 00:02:29, Sys 0 00:00:07  -  Total Remote Usage
		Usr 0 00:00:00, Sys 0 00:00:00  -  Total Local Usage
	410319  -  Run Bytes Sent By Job
	306644  -  Run Bytes Received By Job
	410319  -  Total Bytes Sent By Job
	306644  -  Total Bytes Received By Job
	Partitionable Resources :    Usage  Request Allocated
	   Cpus                 :                 1         1
	   Disk (KB)            :  1000000  2048000   7917346
	   Memory (MB)          :      228     1992      1992
...
