000 (691502.004.000) 07/11 11:28:11 Job submitted from host: <144.92.181.245:9618?addrs=144.92.181.245-9618+[2607-f388-101c-1000--372]-9618&noUDP&sock=6179_dbc8_3>
...
001 (691502.004.000) 07/11 12:17:12 Job executing on host: <144.92.180.119:9618?addrs=144.92.180.119-9618+[2607-f388-101c-1000--629]-9618&noUDP&sock=7618_e491_3>
...
006 (691502.004.000) 07/11 12:17:21 Image size of job updated: 217736
	106  -  MemoryUsage of job (MB)
	108400  -  ResidentSetSize of job (KB)
...
006 (691502.004.000) 07/11 12:37:22 Image size of job updated: 241912
	233  -  MemoryUsage of job (MB)
	238408  -  ResidentSetSize of job (KB)
...
005 (691502.004.000) 07/11 12:46:06 Job terminated.
	(1) Normal termination (return value 0)
		Usr 0 00:02:03, Sys 0 00:00:06  -  Run Remote Usage
		Usr 0 00:00:00, Sys 0 00:00:00  -  Run Local Usage
		Usr 0 00:02:03, Sys 0 00:00:06  -  Total Remote Usage
		Usr 0 00:00:00, Sys 0 00:00:00  -  Total Local Usage
	417809  -  Run Bytes Sent By Job
	306644  -  Run Bytes Received By Job
	417809  -  Total Bytes Sent By Job
	306644  -  Total Bytes Received By Job
	Partitionable Resources :    Usage  Request Allocated
	   Cpus                 :                 1         1
	   Disk (KB)            :  1000000  2048000   6333744
	   Memory (MB)          :      233     1992      1992
...
