000 (691502.005.000) 07/11 11:28:11 Job submitted from host: <144.92.181.245:9618?addrs=144.92.181.245-9618+[2607-f388-101c-1000--372]-9618&noUDP&sock=6179_dbc8_3>
...
001 (691502.005.000) 07/11 12:17:13 Job executing on host: <128.104.227.57:9618?addrs=128.104.227.57-9618+[2607-f388-101c-1000--629]-9618&noUDP&sock=10277_bee4_3>
...
006 (691502.005.000) 07/11 12:17:22 Image size of job updated: 216816
	106  -  MemoryUsage of job (MB)
	108408  -  ResidentSetSize of job (KB)
...
006 (691502.005.000) 07/11 12:37:23 Image size of job updated: 278980
	234  -  MemoryUsage of job (MB)
	238648  -  ResidentSetSize of job (KB)
...
006 (691502.005.000) 07/11 12:43:50 Image size of job updated: 479000
	234  -  MemoryUsage of job (MB)
	238648  -  ResidentSetSize of job (KB)
...
005 (691502.005.000) 07/11 12:43:51 Job terminated.
	(1) Normal termination (return value 0)
		Usr 0 00:02:25, Sys 0 00:00:07  -  Run Remote Usage
		Usr 0 00:00:00, Sys 0 00:00:00  -  Run Local Usage
		Usr 0 00:02:25, Sys 0 00:00:07  -  Total Remote Usage
		Usr 0 00:00:00, Sys 0 00:00:00  -  Total Local Usage
	415391  -  Run Bytes Sent By Job
	306644  -  Run Bytes Received By Job
	415391  -  Total Bytes Sent By Job
	306644  -  Total Bytes Received By Job
	Partitionable Resources :    Usage  Request Allocated
	   Cpus                 :                 1         1
	   Disk (KB)            :  1000000  2048000   9502473
	   Memory (MB)          :      234     1992      1992
...
