000 (691502.009.000) 07/11 11:28:11 Job submitted from host: <144.92.181.245:9618?addrs=144.92.181.245-9618+[2607-f388-101c-1000--372]-9618&noUDP&sock=6179_dbc8_3>
...
001 (691502.009.000) 07/11 12:17:24 Job executing on host: <144.92.180.13:9618?addrs=144.92.180.13-9618+[2607-f388-101c-1000--629]-9618&noUDP&sock=7729_0794_3>
...
006 (691502.009.000) 07/11 12:17:33 Image size of job updated: 168548
	53  -  MemoryUsage of job (MB)
	53644  -  ResidentSetSize of job (KB)
...
006 (691502.009.000) 07/11 12:37:34 Image size of job updated: 236816
	232  -  MemoryUsage of job (MB)
	236816  -  ResidentSetSize of job (KB)
...
006 (691502.009.000) 07/11 12:46:46 Image size of job updated: 479668
	232  -  MemoryUsage of job (MB)
	236816  -  ResidentSetSize of job (KB)
...
005 (691502.009.000) 07/11 12:46:46 Job terminated.
	(1) Normal termination (return value 0)
		Usr 0 00:02:15, Sys 0 00:00:07  -  Run Remote Usage
		Usr 0 00:00:00, Sys 0 00:00:00  -  Run Local Usage
		Usr 0 00:02:15, Sys 0 00:00:07  -  Total Remote Usage
		Usr 0 00:00:00, Sys 0 00:00:00  -  Total Local Usage
	417630  -  Run Bytes Sent By Job
	306644  -  Run Bytes Received By Job
	417630  -  Total Bytes Sent By Job
	306644  -  Total Bytes Received By Job
	Partitionable Resources :    Usage  Request Allocated
	   Cpus                 :                 1         1
	   Disk (KB)            :  1000000  2048000   7917832
	   Memory (MB)          :      232     1992      1992
...
