000 (166878.000.000) 06/10 13:21:38 Job submitted from host: <144.92.180.4:9618?addrs=144.92.180.4-9618+[2607-f388-101c-1000--367]-9618&noUDP&sock=4693_960c_3>
...
001 (166878.000.000) 06/10 13:36:10 Job executing on host: <144.92.180.219:9618?addrs=144.92.180.219-9618+[2607-f388-101c-1000--629]-9618&noUDP&sock=7712_5e78_10>
...
006 (166878.000.000) 06/10 13:36:18 Image size of job updated: 215452
	107  -  MemoryUsage of job (MB)
	108868  -  ResidentSetSize of job (KB)
...
005 (166878.000.000) 06/10 13:43:19 Job terminated.
	(1) Normal termination (return value 0)
		Usr 0 00:01:27, Sys 0 00:00:06  -  Run Remote Usage
		Usr 0 00:00:00, Sys 0 00:00:00  -  Run Local Usage
		Usr 0 00:01:27, Sys 0 00:00:06  -  Total Remote Usage
		Usr 0 00:00:00, Sys 0 00:00:00  -  Total Local Usage
	643129  -  Run Bytes Sent By Job
	278854  -  Run Bytes Received By Job
	643129  -  Total Bytes Sent By Job
	278854  -  Total Bytes Received By Job
	Partitionable Resources :    Usage  Request Allocated
	   Cpus                 :                 1         1
	   Disk (KB)            :  1000000  2048000   7918417
	   Memory (MB)          :      107     1992      1992
...
