000 (166878.011.000) 06/10 13:21:38 Job submitted from host: <144.92.180.4:9618?addrs=144.92.180.4-9618+[2607-f388-101c-1000--367]-9618&noUDP&sock=4693_960c_3>
...
001 (166878.011.000) 06/10 13:36:26 Job executing on host: <144.92.180.202:9618?addrs=144.92.180.202-9618+[2607-f388-101c-1000--629]-9618&noUDP&sock=8942_0bf5_10>
...
006 (166878.011.000) 06/10 13:36:35 Image size of job updated: 168344
	54  -  MemoryUsage of job (MB)
	54700  -  ResidentSetSize of job (KB)
...
006 (166878.011.000) 06/10 13:45:18 Image size of job updated: 265344
	54  -  MemoryUsage of job (MB)
	54700  -  ResidentSetSize of job (KB)
...
005 (166878.011.000) 06/10 13:45:18 Job terminated.
	(1) Normal termination (return value 0)
		Usr 0 00:01:40, Sys 0 00:00:08  -  Run Remote Usage
		Usr 0 00:00:00, Sys 0 00:00:00  -  Run Local Usage
		Usr 0 00:01:40, Sys 0 00:00:08  -  Total Remote Usage
		Usr 0 00:00:00, Sys 0 00:00:00  -  Total Local Usage
	645321  -  Run Bytes Sent By Job
	278854  -  Run Bytes Received By Job
	645321  -  Total Bytes Sent By Job
	278854  -  Total Bytes Received By Job
	Partitionable Resources :    Usage  Request Allocated
	   Cpus                 :                 1         1
	   Disk (KB)            :  1000000  2048000   4751568
	   Memory (MB)          :       54     1992      1992
...
