000 (166878.003.000) 06/10 13:21:38 Job submitted from host: <144.92.180.4:9618?addrs=144.92.180.4-9618+[2607-f388-101c-1000--367]-9618&noUDP&sock=4693_960c_3>
...
001 (166878.003.000) 06/10 13:36:14 Job executing on host: <128.104.227.70:9618?addrs=128.104.227.70-9618+[2607-f388-101c-1000--629]-9618&noUDP&sock=10328_ba38_3>
...
006 (166878.003.000) 06/10 13:36:23 Image size of job updated: 215436
	107  -  MemoryUsage of job (MB)
	108876  -  ResidentSetSize of job (KB)
...
006 (166878.003.000) 06/10 13:44:14 Image size of job updated: 268700
	107  -  MemoryUsage of job (MB)
	108876  -  ResidentSetSize of job (KB)
...
005 (166878.003.000) 06/10 13:44:15 Job terminated.
	(1) Normal termination (return value 0)
		Usr 0 00:01:36, Sys 0 00:00:05  -  Run Remote Usage
		Usr 0 00:00:00, Sys 0 00:00:00  -  Run Local Usage
		Usr 0 00:01:36, Sys 0 00:00:05  -  Total Remote Usage
		Usr 0 00:00:00, Sys 0 00:00:00  -  Total Local Usage
	645308  -  Run Bytes Sent By Job
	278854  -  Run Bytes Received By Job
	645308  -  Total Bytes Sent By Job
	278854  -  Total Bytes Received By Job
	Partitionable Resources :    Usage  Request Allocated
	   Cpus                 :                 1         1
	   Disk (KB)            :  1000000  2048000   9503156
	   Memory (MB)          :      107     1992      1992
...
