000 (166878.006.000) 06/10 13:21:38 Job submitted from host: <144.92.180.4:9618?addrs=144.92.180.4-9618+[2607-f388-101c-1000--367]-9618&noUDP&sock=4693_960c_3>
...
001 (166878.006.000) 06/10 13:36:20 Job executing on host: <144.92.180.133:9618?addrs=144.92.180.133-9618+[2607-f388-101c-1000--629]-9618&noUDP&sock=9599_b1ae_3>
...
006 (166878.006.000) 06/10 13:36:29 Image size of job updated: 216840
	107  -  MemoryUsage of job (MB)
	108864  -  ResidentSetSize of job (KB)
...
005 (166878.006.000) 06/10 13:46:43 Job terminated.
	(1) Normal termination (return value 0)
		Usr 0 00:01:29, Sys 0 00:00:04  -  Run Remote Usage
		Usr 0 00:00:00, Sys 0 00:00:00  -  Run Local Usage
		Usr 0 00:01:29, Sys 0 00:00:04  -  Total Remote Usage
		Usr 0 00:00:00, Sys 0 00:00:00  -  Total Local Usage
	644763  -  Run Bytes Sent By Job
	278854  -  Run Bytes Received By Job
	644763  -  Total Bytes Sent By Job
	278854  -  Total Bytes Received By Job
	Partitionable Resources :    Usage  Request Allocated
	   Cpus                 :                 1         1
	   Disk (KB)            :  1000000  2048000   7919063
	   Memory (MB)          :      107     1992      1992
...
