000 (166878.007.000) 06/10 13:21:38 Job submitted from host: <144.92.180.4:9618?addrs=144.92.180.4-9618+[2607-f388-101c-1000--367]-9618&noUDP&sock=4693_960c_3>
...
001 (166878.007.000) 06/10 13:36:23 Job executing on host: <144.92.181.247:9618?addrs=144.92.181.247-9618+[2607-f388-101c-1000--629]-9618&noUDP&sock=10103_6569_10>
...
006 (166878.007.000) 06/10 13:36:32 Image size of job updated: 209976
	103  -  MemoryUsage of job (MB)
	104796  -  ResidentSetSize of job (KB)
...
006 (166878.007.000) 06/10 13:46:10 Image size of job updated: 536340
	103  -  MemoryUsage of job (MB)
	104996  -  ResidentSetSize of job (KB)
...
005 (166878.007.000) 06/10 13:46:10 Job terminated.
	(1) Normal termination (return value 0)
		Usr 0 00:01:20, Sys 0 00:00:03  -  Run Remote Usage
		Usr 0 00:00:00, Sys 0 00:00:00  -  Run Local Usage
		Usr 0 00:01:20, Sys 0 00:00:03  -  Total Remote Usage
		Usr 0 00:00:00, Sys 0 00:00:00  -  Total Local Usage
	644557  -  Run Bytes Sent By Job
	278854  -  Run Bytes Received By Job
	644557  -  Total Bytes Sent By Job
	278854  -  Total Bytes Received By Job
	Partitionable Resources :    Usage  Request Allocated
	   Cpus                 :                 1         1
	   Disk (KB)            :  1000000  2048000   7919963
	   Memory (MB)          :      103     1992      1992
...
