000 (691453.011.000) 07/11 11:27:04 Job submitted from host: <144.92.181.245:9618?addrs=144.92.181.245-9618+[2607-f388-101c-1000--372]-9618&noUDP&sock=6179_dbc8_3>
...
001 (691453.011.000) 07/11 11:54:23 Job executing on host: <144.92.181.176:9618?addrs=144.92.181.176-9618+[2607-f388-101c-1000--629]-9618&noUDP&sock=9863_c6ae_3>
...
006 (691453.011.000) 07/11 11:54:32 Image size of job updated: 216396
	106  -  MemoryUsage of job (MB)
	108392  -  ResidentSetSize of job (KB)
...
006 (691453.011.000) 07/11 12:14:33 Image size of job updated: 240568
	235  -  MemoryUsage of job (MB)
	240476  -  ResidentSetSize of job (KB)
...
006 (691453.011.000) 07/11 12:18:31 Image size of job updated: 240648
	235  -  MemoryUsage of job (MB)
	240476  -  ResidentSetSize of job (KB)
...
005 (691453.011.000) 07/11 12:18:33 Job terminated.
	(1) Normal termination (return value 0)
		Usr 0 00:02:29, Sys 0 00:00:07  -  Run Remote Usage
		Usr 0 00:00:00, Sys 0 00:00:00  -  Run Local Usage
		Usr 0 00:02:29, Sys 0 00:00:07  -  Total Remote Usage
		Usr 0 00:00:00, Sys 0 00:00:00  -  Total Local Usage
	362928  -  Run Bytes Sent By Job
	306644  -  Run Bytes Received By Job
	362928  -  Total Bytes Sent By Job
	306644  -  Total Bytes Received By Job
	Partitionable Resources :    Usage  Request Allocated
	   Cpus                 :                 1         1
	   Disk (KB)            :  1000000  2048000   7917406
	   Memory (MB)          :      235     1992      1992
...
