000 (691453.012.000) 07/11 11:27:04 Job submitted from host: <144.92.181.245:9618?addrs=144.92.181.245-9618+[2607-f388-101c-1000--372]-9618&noUDP&sock=6179_dbc8_3>
...
001 (691453.012.000) 07/11 11:54:27 Job executing on host: <144.92.180.135:9618?addrs=144.92.180.135-9618+[2607-f388-101c-1000--629]-9618&noUDP&sock=10076_e05b_3>
...
006 (691453.012.000) 07/11 11:54:36 Image size of job updated: 215952
	106  -  MemoryUsage of job (MB)
	108396  -  ResidentSetSize of job (KB)
...
006 (691453.012.000) 07/11 12:14:37 Image size of job updated: 237084
	232  -  MemoryUsage of job (MB)
	237084  -  ResidentSetSize of job (KB)
...
006 (691453.012.000) 07/11 12:22:30 Image size of job updated: 238828
	232  -  MemoryUsage of job (MB)
	237084  -  ResidentSetSize of job (KB)
...
005 (691453.012.000) 07/11 12:22:31 Job terminated.
	(1) Normal termination (return value 0)
		Usr 0 00:02:27, Sys 0 00:00:07  -  Run Remote Usage
		Usr 0 00:00:00, Sys 0 00:00:00  -  Run Local Usage
		Usr 0 00:02:27, Sys 0 00:00:07  -  Total Remote Usage
		Usr 0 00:00:00, Sys 0 00:00:00  -  Total Local Usage
	361775  -  Run Bytes Sent By Job
	306644  -  Run Bytes Received By Job
	361775  -  Total Bytes Sent By Job
	306644  -  Total Bytes Received By Job
	Partitionable Resources :    Usage  Request Allocated
	   Cpus                 :                 1         1
	   Disk (KB)            :  1000000  2048000   7916833
	   Memory (MB)          :      232     1992      1992
...
