000 (691453.002.000) 07/11 11:27:04 Job submitted from host: <144.92.181.245:9618?addrs=144.92.181.245-9618+[2607-f388-101c-1000--372]-9618&noUDP&sock=6179_dbc8_3>
...
001 (691453.002.000) 07/11 11:54:10 Job executing on host: <144.92.180.252:9618?addrs=144.92.180.252-9618+[2607-f388-101c-1000--629]-9618&noUDP&sock=7631_cf4c_3>
...
006 (691453.002.000) 07/11 11:54:18 Image size of job updated: 216440
	106  -  MemoryUsage of job (MB)
	108380  -  ResidentSetSize of job (KB)
...
006 (691453.002.000) 07/11 12:14:18 Image size of job updated: 238636
	232  -  MemoryUsage of job (MB)
	236548  -  ResidentSetSize of job (KB)
...
005 (691453.002.000) 07/11 12:25:25 Job terminated.
	(1) Normal termination (return value 0)
		Usr 0 00:02:37, Sys 0 00:00:07  -  Run Remote Usage
		Usr 0 00:00:00, Sys 0 00:00:00  -  Run Local Usage
		Usr 0 00:02:37, Sys 0 00:00:07  -  Total Remote Usage
		Usr 0 00:00:00, Sys 0 00:00:00  -  Total Local Usage
	363528  -  Run Bytes Sent By Job
	306644  -  Run Bytes Received By Job
	363528  -  Total Bytes Sent By Job
	306644  -  Total Bytes Received By Job
	Partitionable Resources :    Usage  Request Allocated
	   Cpus                 :                 1         1
	   Disk (KB)            :  1000000  2048000   7918360
	   Memory (MB)          :      232     1992      1992
...
