000 (166884.000.000) 06/10 13:21:42 Job submitted from host: <144.92.180.4:9618?addrs=144.92.180.4-9618+[2607-f388-101c-1000--367]-9618&noUDP&sock=4693_960c_3>
...
001 (166884.000.000) 06/10 13:37:55 Job executing on host: <144.92.180.53:9618?addrs=144.92.180.53-9618+[2607-f388-101c-1000--629]-9618&noUDP&sock=8237_79b0_10>
...
006 (166884.000.000) 06/10 13:38:03 Image size of job updated: 165924
	53  -  MemoryUsage of job (MB)
	53272  -  ResidentSetSize of job (KB)
...
005 (166884.000.000) 06/10 13:53:27 Job terminated.
	(1) Normal termination (return value 0)
		Usr 0 00:04:08, Sys 0 00:00:12  -  Run Remote Usage
		Usr 0 00:00:00, Sys 0 00:00:00  -  Run Local Usage
		Usr 0 00:04:08, Sys 0 00:00:12  -  Total Remote Usage
		Usr 0 00:00:00, Sys 0 00:00:00  -  Total Local Usage
	538139  -  Run Bytes Sent By Job
	278854  -  Run Bytes Received By Job
	538139  -  Total Bytes Sent By Job
	278854  -  Total Bytes Received By Job
	Partitionable Resources :    Usage  Request Allocated
	   Cpus                 :                 1         1
	   Disk (KB)            :  1000000  2048000   4750913
	   Memory (MB)          :       53     1992      1992
...
