000 (696016.012.000) 07/12 06:43:12 Job submitted from host: <144.92.181.245:9618?addrs=144.92.181.245-9618+[2607-f388-101c-1000--372]-9618&noUDP&sock=6179_dbc8_3>
...
001 (696016.012.000) 07/12 08:27:41 Job executing on host: <128.104.227.70:9618?addrs=128.104.227.70-9618+[2607-f388-101c-1000--629]-9618&noUDP&sock=10318_de46_3>
...
006 (696016.012.000) 07/12 08:27:50 Image size of job updated: 217552
	106  -  MemoryUsage of job (MB)
	108520  -  ResidentSetSize of job (KB)
...
006 (696016.012.000) 07/12 08:47:51 Image size of job updated: 236756
	232  -  MemoryUsage of job (MB)
	236756  -  ResidentSetSize of job (KB)
...
005 (696016.012.000) 07/12 08:52:30 Job terminated.
	(1) Normal termination (return value 0)
		Usr 0 00:02:27, Sys 0 00:00:07  -  Run Remote Usage
		Usr 0 00:00:00, Sys 0 00:00:00  -  Run Local Usage
		Usr 0 00:02:27, Sys 0 00:00:07  -  Total Remote Usage
		Usr 0 00:00:00, Sys 0 00:00:00  -  Total Local Usage
	410901  -  Run Bytes Sent By Job
	281287  -  Run Bytes Received By Job
	410901  -  Total Bytes Sent By Job
	281287  -  Total Bytes Received By Job
	Partitionable Resources :    Usage  Request Allocated
	   Cpus                 :                 1         1
	   Disk (KB)            :  1000000  2048000   9500874
	   Memory (MB)          :      232     1992      1992
...
