000 (696016.015.000) 07/12 06:43:12 Job submitted from host: <144.92.181.245:9618?addrs=144.92.181.245-9618+[2607-f388-101c-1000--372]-9618&noUDP&sock=6179_dbc8_3>
...
001 (696016.015.000) 07/12 08:27:46 Job executing on host: <144.92.180.170:9618?addrs=144.92.180.170-9618+[2607-f388-101c-1000--629]-9618&noUDP&sock=7785_70e1_3>
...
006 (696016.015.000) 07/12 08:27:55 Image size of job updated: 216684
	106  -  MemoryUsage of job (MB)
	108504  -  ResidentSetSize of job (KB)
...
006 (696016.015.000) 07/12 08:47:56 Image size of job updated: 241220
	236  -  MemoryUsage of job (MB)
	240728  -  ResidentSetSize of job (KB)
...
005 (696016.015.000) 07/12 08:56:56 Job terminated.
	(1) Normal termination (return value 0)
		Usr 0 00:02:49, Sys 0 00:00:09  -  Run Remote Usage
		Usr 0 00:00:00, Sys 0 00:00:00  -  Run Local Usage
		Usr 0 00:02:49, Sys 0 00:00:09  -  Total Remote Usage
		Usr 0 00:00:00, Sys 0 00:00:00  -  Total Local Usage
	412002  -  Run Bytes Sent By Job
	281287  -  Run Bytes Received By Job
	412002  -  Total Bytes Sent By Job
	281287  -  Total Bytes Received By Job
	Partitionable Resources :    Usage  Request Allocated
	   Cpus                 :                 1         1
	   Disk (KB)            :  1000000  2048000   7918265
	   Memory (MB)          :      236     1992      1992
...
