000 (696016.003.000) 07/12 06:43:12 Job submitted from host: <144.92.181.245:9618?addrs=144.92.181.245-9618+[2607-f388-101c-1000--372]-9618&noUDP&sock=6179_dbc8_3>
...
001 (696016.003.000) 07/12 08:27:22 Job executing on host: <144.92.181.7:9618?addrs=144.92.181.7-9618+[2607-f388-101c-1000--629]-9618&noUDP&sock=7655_4592_3>
...
006 (696016.003.000) 07/12 08:27:30 Image size of job updated: 186888
	81  -  MemoryUsage of job (MB)
	82836  -  ResidentSetSize of job (KB)
...
006 (696016.003.000) 07/12 08:47:30 Image size of job updated: 237636
	232  -  MemoryUsage of job (MB)
	237184  -  ResidentSetSize of job (KB)
...
006 (696016.003.000) 07/12 09:04:41 Image size of job updated: 237732
	232  -  MemoryUsage of job (MB)
	237184  -  ResidentSetSize of job (KB)
...
005 (696016.003.000) 07/12 09:04:41 Job terminated.
	(1) Normal termination (return value 0)
		Usr 0 00:02:33, Sys 0 00:00:08  -  Run Remote Usage
		Usr 0 00:00:00, Sys 0 00:00:00  -  Run Local Usage
		Usr 0 00:02:33, Sys 0 00:00:08  -  Total Remote Usage
		Usr 0 00:00:00, Sys 0 00:00:00  -  Total Local Usage
	406574  -  Run Bytes Sent By Job
	281287  -  Run Bytes Received By Job
	406574  -  Total Bytes Sent By Job
	281287  -  Total Bytes Received By Job
	Partitionable Resources :    Usage  Request Allocated
	   Cpus                 :                 1         1
	   Disk (KB)            :  1000000  2048000   7917233
	   Memory (MB)          :      232     1992      1992
...
