000 (166909.001.000) 06/10 13:21:49 Job submitted from host: <144.92.180.4:9618?addrs=144.92.180.4-9618+[2607-f388-101c-1000--367]-9618&noUDP&sock=4693_960c_3>
...
001 (166909.001.000) 06/10 13:38:59 Job executing on host: <128.104.227.63:9618?addrs=128.104.227.63-9618+[2607-f388-101c-1000--629]-9618&noUDP&sock=10487_c9c7_10>
...
006 (166909.001.000) 06/10 13:39:08 Image size of job updated: 215220
	107  -  MemoryUsage of job (MB)
	108640  -  ResidentSetSize of job (KB)
...
006 (166909.001.000) 06/10 13:49:23 Image size of job updated: 300144
	107  -  MemoryUsage of job (MB)
	108640  -  ResidentSetSize of job (KB)
...
005 (166909.001.000) 06/10 13:49:24 Job terminated.
	(1) Normal termination (return value 0)
		Usr 0 00:01:41, Sys 0 00:00:04  -  Run Remote Usage
		Usr 0 00:00:00, Sys 0 00:00:00  -  Run Local Usage
		Usr 0 00:01:41, Sys 0 00:00:04  -  Total Remote Usage
		Usr 0 00:00:00, Sys 0 00:00:00  -  Total Local Usage
	514978  -  Run Bytes Sent By Job
	278854  -  Run Bytes Received By Job
	514978  -  Total Bytes Sent By Job
	278854  -  Total Bytes Received By Job
	Partitionable Resources :    Usage  Request Allocated
	   Cpus                 :                 1         1
	   Disk (KB)            :  1000000  2048000   9503111
	   Memory (MB)          :      107     1992      1992
...
