000 (690144.000.000) 07/11 07:32:55 Job submitted from host: <144.92.181.245:9618?addrs=144.92.181.245-9618+[2607-f388-101c-1000--372]-9618&noUDP&sock=6179_dbc8_3>
...
001 (690144.000.000) 07/11 09:49:06 Job executing on host: <144.92.180.54:9618?addrs=144.92.180.54-9618+[2607-f388-101c-1000--629]-9618&noUDP&sock=8012_24e1_3>
...
006 (690144.000.000) 07/11 09:49:14 Image size of job updated: 160924
	56  -  MemoryUsage of job (MB)
	56384  -  ResidentSetSize of job (KB)
...
006 (690144.000.000) 07/11 10:09:14 Image size of job updated: 236848
	232  -  MemoryUsage of job (MB)
	236848  -  ResidentSetSize of job (KB)
...
006 (690144.000.000) 07/11 10:17:47 Image size of job updated: 237716
	232  -  MemoryUsage of job (MB)
	236848  -  ResidentSetSize of job (KB)
...
005 (690144.000.000) 07/11 10:17:48 Job terminated.
	(1) Normal termination (return value 0)
		Usr 0 00:04:48, Sys 0 00:00:21  -  Run Remote Usage
		Usr 0 00:00:00, Sys 0 00:00:00  -  Run Local Usage
		Usr 0 00:04:48, Sys 0 00:00:21  -  Total Remote Usage
		Usr 0 00:00:00, Sys 0 00:00:00  -  Total Local Usage
	370779  -  Run Bytes Sent By Job
	302156  -  Run Bytes Received By Job
	370779  -  Total Bytes Sent By Job
	302156  -  Total Bytes Received By Job
	Partitionable Resources :    Usage  Request Allocated
	   Cpus                 :                 1         1
	   Disk (KB)            :  1000000  2048000   4750620
	   Memory (MB)          :      232     1992      1992
...
