000 (690144.005.000) 07/11 07:32:55 Job submitted from host: <144.92.181.245:9618?addrs=144.92.181.245-9618+[2607-f388-101c-1000--372]-9618&noUDP&sock=6179_dbc8_3>
...
001 (690144.005.000) 07/11 09:49:16 Job executing on host: <144.92.180.113:9618?addrs=144.92.180.113-9618+[2607-f388-101c-1000--629]-9618&noUDP&sock=7609_b836_3>
...
006 (690144.005.000) 07/11 09:49:24 Image size of job updated: 169328
	60  -  MemoryUsage of job (MB)
	61188  -  ResidentSetSize of job (KB)
...
006 (690144.005.000) 07/11 10:09:24 Image size of job updated: 243472
	235  -  MemoryUsage of job (MB)
	240324  -  ResidentSetSize of job (KB)
...
005 (690144.005.000) 07/11 10:12:08 Job terminated.
	(1) Normal termination (return value 0)
		Usr 0 00:02:57, Sys 0 00:00:12  -  Run Remote Usage
		Usr 0 00:00:00, Sys 0 00:00:00  -  Run Local Usage
		Usr 0 00:02:57, Sys 0 00:00:12  -  Total Remote Usage
		Usr 0 00:00:00, Sys 0 00:00:00  -  Total Local Usage
	366648  -  Run Bytes Sent By Job
	302156  -  Run Bytes Received By Job
	366648  -  Total Bytes Sent By Job
	302156  -  Total Bytes Received By Job
	Partitionable Resources :    Usage  Request Allocated
	   Cpus                 :                 1         1
	   Disk (KB)            :  1000000  2048000   6334004
	   Memory (MB)          :      235     1992      1992
...
