000 (690140.003.000) 07/11 07:32:51 Job submitted from host: <144.92.181.245:9618?addrs=144.92.181.245-9618+[2607-f388-101c-1000--372]-9618&noUDP&sock=6179_dbc8_3>
...
001 (690140.003.000) 07/11 09:47:47 Job executing on host: <128.104.227.73:9618?addrs=128.104.227.73-9618+[2607-f388-101c-1000--629]-9618&noUDP&sock=10275_5fb3_3>
...
006 (690140.003.000) 07/11 09:47:56 Image size of job updated: 225112
	106  -  MemoryUsage of job (MB)
	107948  -  ResidentSetSize of job (KB)
...
006 (690140.003.000) 07/11 10:07:57 Image size of job updated: 315740
	232  -  MemoryUsage of job (MB)
	237372  -  ResidentSetSize of job (KB)
...
005 (690140.003.000) 07/11 10:09:23 Job terminated.
	(1) Normal termination (return value 0)
		Usr 0 00:02:20, Sys 0 00:00:09  -  Run Remote Usage
		Usr 0 00:00:00, Sys 0 00:00:00  -  Run Local Usage
		Usr 0 00:02:20, Sys 0 00:00:09  -  Total Remote Usage
		Usr 0 00:00:00, Sys 0 00:00:00  -  Total Local Usage
	413008  -  Run Bytes Sent By Job
	302156  -  Run Bytes Received By Job
	413008  -  Total Bytes Sent By Job
	302156  -  Total Bytes Received By Job
	Partitionable Resources :    Usage  Request Allocated
	   Cpus                 :                 1         1
	   Disk (KB)            :  1000000  2048000   9501161
	   Memory (MB)          :      232     1992      1992
...
