000 (690140.009.000) 07/11 07:32:51 Job submitted from host: <144.92.181.245:9618?addrs=144.92.181.245-9618+[2607-f388-101c-1000--372]-9618&noUDP&sock=6179_dbc8_3>
...
001 (690140.009.000) 07/11 09:47:58 Job executing on host: <128.104.227.28:9618?addrs=128.104.227.28-9618+[2607-f388-101c-1000--629]-9618&noUDP&sock=10340_f55b_3>
...
006 (690140.009.000) 07/11 09:48:06 Image size of job updated: 225076
	106  -  MemoryUsage of job (MB)
	107948  -  ResidentSetSize of job (KB)
...
006 (690140.009.000) 07/11 10:08:06 Image size of job updated: 238076
	230  -  MemoryUsage of job (MB)
	235188  -  ResidentSetSize of job (KB)
...
005 (690140.009.000) 07/11 10:11:11 Job terminated.
	(1) Normal termination (return value 0)
		Usr 0 00:02:35, Sys 0 00:00:09  -  Run Remote Usage
		Usr 0 00:00:00, Sys 0 00:00:00  -  Run Local Usage
		Usr 0 00:02:35, Sys 0 00:00:09  -  Total Remote Usage
		Usr 0 00:00:00, Sys 0 00:00:00  -  Total Local Usage
	412293  -  Run Bytes Sent By Job
	302156  -  Run Bytes Received By Job
	412293  -  Total Bytes Sent By Job
	302156  -  Total Bytes Received By Job
	Partitionable Resources :    Usage  Request Allocated
	   Cpus                 :                 1         1
	   Disk (KB)            :  1000000  2048000   9501936
	   Memory (MB)          :      230     1992      1992
...
