000 (691464.013.000) 07/11 11:27:19 Job submitted from host: <144.92.181.245:9618?addrs=144.92.181.245-9618+[2607-f388-101c-1000--372]-9618&noUDP&sock=6179_dbc8_3>
...
001 (691464.013.000) 07/11 11:58:50 Job executing on host: <144.92.180.206:9618?addrs=144.92.180.206-9618+[2607-f388-101c-1000--629]-9618&noUDP&sock=7711_aedf_3>
...
006 (691464.013.000) 07/11 11:58:59 Image size of job updated: 213052
	105  -  MemoryUsage of job (MB)
	106540  -  ResidentSetSize of job (KB)
...
006 (691464.013.000) 07/11 12:19:00 Image size of job updated: 236848
	232  -  MemoryUsage of job (MB)
	236740  -  ResidentSetSize of job (KB)
...
005 (691464.013.000) 07/11 12:20:52 Job terminated.
	(1) Normal termination (return value 0)
		Usr 0 00:02:44, Sys 0 00:00:09  -  Run Remote Usage
		Usr 0 00:00:00, Sys 0 00:00:00  -  Run Local Usage
		Usr 0 00:02:44, Sys 0 00:00:09  -  Total Remote Usage
		Usr 0 00:00:00, Sys 0 00:00:00  -  Total Local Usage
	420407  -  Run Bytes Sent By Job
	306644  -  Run Bytes Received By Job
	420407  -  Total Bytes Sent By Job
	306644  -  Total Bytes Received By Job
	Partitionable Resources :    Usage  Request Allocated
	   Cpus                 :                 1         1
	   Disk (KB)            :  1000000  2048000   7910803
	   Memory (MB)          :      232     1992      1992
...
