000 (691464.003.000) 07/11 11:27:19 Job submitted from host: <144.92.181.245:9618?addrs=144.92.181.245-9618+[2607-f388-101c-1000--372]-9618&noUDP&sock=6179_dbc8_3>
...
001 (691464.003.000) 07/11 11:58:51 Job executing on host: <144.92.180.34:9618?addrs=144.92.180.34-9618+[2607-f388-101c-1000--629]-9618&noUDP&sock=6649_3d4b_10>
...
006 (691464.003.000) 07/11 11:59:00 Image size of job updated: 216976
	106  -  MemoryUsage of job (MB)
	108408  -  ResidentSetSize of job (KB)
...
006 (691464.003.000) 07/11 12:14:37 Image size of job updated: 235024
	106  -  MemoryUsage of job (MB)
	108408  -  ResidentSetSize of job (KB)
...
005 (691464.003.000) 07/11 12:14:39 Job terminated.
	(1) Normal termination (return value 0)
		Usr 0 00:02:48, Sys 0 00:00:09  -  Run Remote Usage
		Usr 0 00:00:00, Sys 0 00:00:00  -  Run Local Usage
		Usr 0 00:02:48, Sys 0 00:00:09  -  Total Remote Usage
		Usr 0 00:00:00, Sys 0 00:00:00  -  Total Local Usage
	416679  -  Run Bytes Sent By Job
	306644  -  Run Bytes Received By Job
	416679  -  Total Bytes Sent By Job
	306644  -  Total Bytes Received By Job
	Partitionable Resources :    Usage  Request Allocated
	   Cpus                 :                 1         1
	   Disk (KB)            :  1000000  2048000   3166990
	   Memory (MB)          :      106     1992      1992
...
