000 (691464.009.000) 07/11 11:27:19 Job submitted from host: <144.92.181.245:9618?addrs=144.92.181.245-9618+[2607-f388-101c-1000--372]-9618&noUDP&sock=6179_dbc8_3>
...
001 (691464.009.000) 07/11 11:58:50 Job executing on host: <128.104.227.74:9618?addrs=128.104.227.74-9618+[2607-f388-101c-1000--629]-9618&noUDP&sock=10296_c731_3>
...
006 (691464.009.000) 07/11 11:58:58 Image size of job updated: 169228
	53  -  MemoryUsage of job (MB)
	53432  -  ResidentSetSize of job (KB)
...
006 (691464.009.000) 07/11 12:18:58 Image size of job updated: 238096
	232  -  MemoryUsage of job (MB)
	237360  -  ResidentSetSize of job (KB)
...
005 (691464.009.000) 07/11 12:29:42 Job terminated.
	(1) Normal termination (return value 0)
		Usr 0 00:02:32, Sys 0 00:00:08  -  Run Remote Usage
		Usr 0 00:00:00, Sys 0 00:00:00  -  Run Local Usage
		Usr 0 00:02:32, Sys 0 00:00:08  -  Total Remote Usage
		Usr 0 00:00:00, Sys 0 00:00:00  -  Total Local Usage
	419046  -  Run Bytes Sent By Job
	306644  -  Run Bytes Received By Job
	419046  -  Total Bytes Sent By Job
	306644  -  Total Bytes Received By Job
	Partitionable Resources :    Usage  Request Allocated
	   Cpus                 :                 1         1
	   Disk (KB)            :  1000000  2048000   9500392
	   Memory (MB)          :      232     1992      1992
...
