000 (696086.001.000) 07/12 06:44:51 Job submitted from host: <144.92.181.245:9618?addrs=144.92.181.245-9618+[2607-f388-101c-1000--372]-9618&noUDP&sock=6179_dbc8_3>
...
001 (695089.001.000) 07/12 07:59:48 Job executing on host: <128.104.227.14:9618?addrs=128.104.227.14-9618+[2607-f388-101c-1000--629]-9618&noUDP&sock=10387_324f_3>
...
006 (695089.001.000) 07/12 07:59:57 Image size of job updated: 143576
	53  -  MemoryUsage of job (MB)
	53648  -  ResidentSetSize of job (KB)
...
006 (695089.001.000) 07/12 08:18:24 Image size of job updated: 246180
	53  -  MemoryUsage of job (MB)
	53648  -  ResidentSetSize of job (KB)
...
005 (695089.001.000) 07/12 08:18:26 Job terminated.
	(1) Normal termination (return value 0)
		Usr 0 00:01:57, Sys 0 00:00:07  -  Run Remote Usage
		Usr 0 00:00:00, Sys 0 00:00:00  -  Run Local Usage
		Usr 0 00:01:57, Sys 0 00:00:07  -  Total Remote Usage
		Usr 0 00:00:00, Sys 0 00:00:00  -  Total Local Usage
	402065  -  Run Bytes Sent By Job
	281287  -  Run Bytes Received By Job
	402065  -  Total Bytes Sent By Job
	281287  -  Total Bytes Received By Job
	Partitionable Resources :    Usage  Request Allocated
	   Cpus                 :                 1         1
	   Disk (KB)            :  1000000  2048000   9501126
	   Memory (MB)          :       53     1992      1992
...
001 (696086.001.000) 07/12 08:56:34 Job executing on host: <128.104.227.26:9618?addrs=128.104.227.26-9618+[2607-f388-101c-1000--629]-9618&noUDP&sock=10369_d99a_3>
...
006 (696086.001.000) 07/12 08:56:43 Image size of job updated: 64084
	53  -  MemoryUsage of job (MB)
	53388  -  ResidentSetSize of job (KB)
...
006 (696086.001.000) 07/12 09:14:08 Image size of job updated: 246840
	53  -  MemoryUsage of job (MB)
	53388  -  ResidentSetSize of job (KB)
...
005 (696086.001.000) 07/12 09:14:09 Job terminated.
	(1) Normal termination (return value 0)
		Usr 0 00:02:07, Sys 0 00:00:06  -  Run Remote Usage
		Usr 0 00:00:00, Sys 0 00:00:00  -  Run Local Usage
		Usr 0 00:02:07, Sys 0 00:00:06  -  Total Remote Usage
		Usr 0 00:00:00, Sys 0 00:00:00  -  Total Local Usage
	402065  -  Run Bytes Sent By Job
	281287  -  Run Bytes Received By Job
	402065  -  Total Bytes Sent By Job
	281287  -  Total Bytes Received By Job
	Partitionable Resources :    Usage  Request Allocated
	   Cpus                 :                 1         1
	   Disk (KB)            :  1000000  2048000   9501379
	   Memory (MB)          :       53     1992      1992
...
