000 (696086.004.000) 07/12 06:44:51 Job submitted from host: <144.92.181.245:9618?addrs=144.92.181.245-9618+[2607-f388-101c-1000--372]-9618&noUDP&sock=6179_dbc8_3>
...
001 (695089.004.000) 07/12 07:59:46 Job executing on host: <128.104.227.43:9618?addrs=128.104.227.43-9618+[2607-f388-101c-1000--629]-9618&noUDP&sock=10297_76c9_3>
...
006 (695089.004.000) 07/12 07:59:54 Image size of job updated: 218300
	106  -  MemoryUsage of job (MB)
	108516  -  ResidentSetSize of job (KB)
...
006 (695089.004.000) 07/12 08:19:54 Image size of job updated: 252012
	246  -  MemoryUsage of job (MB)
	251592  -  ResidentSetSize of job (KB)
...
005 (695089.004.000) 07/12 08:20:23 Job terminated.
	(1) Normal termination (return value 0)
		Usr 0 00:01:42, Sys 0 00:00:06  -  Run Remote Usage
		Usr 0 00:00:00, Sys 0 00:00:00  -  Run Local Usage
		Usr 0 00:01:42, Sys 0 00:00:06  -  Total Remote Usage
		Usr 0 00:00:00, Sys 0 00:00:00  -  Total Local Usage
	402487  -  Run Bytes Sent By Job
	281287  -  Run Bytes Received By Job
	402487  -  Total Bytes Sent By Job
	281287  -  Total Bytes Received By Job
	Partitionable Resources :    Usage  Request Allocated
	   Cpus                 :                 1         1
	   Disk (KB)            :  1000000  2048000   9500443
	   Memory (MB)          :      246     1992      1992
...
001 (696086.004.000) 07/12 08:56:37 Job executing on host: <144.92.180.98:9618?addrs=144.92.180.98-9618+[2607-f388-101c-1000--629]-9618&noUDP&sock=7729_0794_3>
...
006 (696086.004.000) 07/12 08:56:46 Image size of job updated: 45872
	44  -  MemoryUsage of job (MB)
	44292  -  ResidentSetSize of job (KB)
...
006 (696086.004.000) 07/12 09:16:47 Image size of job updated: 251808
	244  -  MemoryUsage of job (MB)
	249128  -  ResidentSetSize of job (KB)
...
005 (696086.004.000) 07/12 09:29:07 Job terminated.
	(1) Normal termination (return value 0)
		Usr 0 00:02:15, Sys 0 00:00:07  -  Run Remote Usage
		Usr 0 00:00:00, Sys 0 00:00:00  -  Run Local Usage
		Usr 0 00:02:15, Sys 0 00:00:07  -  Total Remote Usage
		Usr 0 00:00:00, Sys 0 00:00:00  -  Total Local Usage
	402487  -  Run Bytes Sent By Job
	281287  -  Run Bytes Received By Job
	402487  -  Total Bytes Sent By Job
	281287  -  Total Bytes Received By Job
	Partitionable Resources :    Usage  Request Allocated
	   Cpus                 :                 1         1
	   Disk (KB)            :  1000000  2048000   7917571
	   Memory (MB)          :      244     1992      1992
...
