000 (696086.008.000) 07/12 06:44:51 Job submitted from host: <144.92.181.245:9618?addrs=144.92.181.245-9618+[2607-f388-101c-1000--372]-9618&noUDP&sock=6179_dbc8_3>
...
001 (695089.008.000) 07/12 08:01:27 Job executing on host: <144.92.180.236:9618?addrs=144.92.180.236-9618+[2607-f388-101c-1000--504]-9618&noUDP&sock=9840_0001_3>
...
006 (695089.008.000) 07/12 08:02:08 Image size of job updated: 162400
	53  -  MemoryUsage of job (MB)
	53364  -  ResidentSetSize of job (KB)
...
006 (695089.008.000) 07/12 08:22:09 Image size of job updated: 243244
	237  -  MemoryUsage of job (MB)
	242540  -  ResidentSetSize of job (KB)
...
005 (695089.008.000) 07/12 08:32:59 Job terminated.
	(1) Normal termination (return value 0)
		Usr 0 00:03:01, Sys 0 00:00:27  -  Run Remote Usage
		Usr 0 00:00:00, Sys 0 00:00:00  -  Run Local Usage
		Usr 0 00:03:01, Sys 0 00:00:27  -  Total Remote Usage
		Usr 0 00:00:00, Sys 0 00:00:00  -  Total Local Usage
	402130  -  Run Bytes Sent By Job
	281287  -  Run Bytes Received By Job
	402130  -  Total Bytes Sent By Job
	281287  -  Total Bytes Received By Job
	Partitionable Resources :    Usage  Request Allocated
	   Cpus                 :                 1         1
	   Disk (KB)            :  1000000  2048000   7918113
	   Memory (MB)          :      237     1992      1992
...
001 (696086.008.000) 07/12 08:56:36 Job executing on host: <144.92.180.111:9618?addrs=144.92.180.111-9618+[2607-f388-101c-1000--629]-9618&noUDP&sock=7586_f189_3>
...
006 (696086.008.000) 07/12 08:56:45 Image size of job updated: 104452
	53  -  MemoryUsage of job (MB)
	53260  -  ResidentSetSize of job (KB)
...
006 (696086.008.000) 07/12 09:16:46 Image size of job updated: 269212
	241  -  MemoryUsage of job (MB)
	245868  -  ResidentSetSize of job (KB)
...
005 (696086.008.000) 07/12 09:21:32 Job terminated.
	(1) Normal termination (return value 0)
		Usr 0 00:02:12, Sys 0 00:00:07  -  Run Remote Usage
		Usr 0 00:00:00, Sys 0 00:00:00  -  Run Local Usage
		Usr 0 00:02:12, Sys 0 00:00:07  -  Total Remote Usage
		Usr 0 00:00:00, Sys 0 00:00:00  -  Total Local Usage
	402130  -  Run Bytes Sent By Job
	281287  -  Run Bytes Received By Job
	402130  -  Total Bytes Sent By Job
	281287  -  Total Bytes Received By Job
	Partitionable Resources :    Usage  Request Allocated
	   Cpus                 :                 1         1
	   Disk (KB)            :  1000000  2048000   6334763
	   Memory (MB)          :      241     1992      1992
...
