000 (690048.014.000) 07/11 07:30:25 Job submitted from host: <144.92.181.245:9618?addrs=144.92.181.245-9618+[2607-f388-101c-1000--372]-9618&noUDP&sock=6179_dbc8_3>
...
001 (690048.014.000) 07/11 08:16:16 Job executing on host: <144.92.180.243:9618?addrs=144.92.180.243-9618+[2607-f388-101c-1000--629]-9618&noUDP&sock=9982_6674_3>
...
006 (690048.014.000) 07/11 08:16:25 Image size of job updated: 226416
	106  -  MemoryUsage of job (MB)
	107664  -  ResidentSetSize of job (KB)
...
005 (690048.014.000) 07/11 08:22:36 Job terminated.
	(1) Normal termination (return value 0)
		Usr 0 00:01:07, Sys 0 00:00:03  -  Run Remote Usage
		Usr 0 00:00:00, Sys 0 00:00:00  -  Run Local Usage
		Usr 0 00:01:07, Sys 0 00:00:03  -  Total Remote Usage
		Usr 0 00:00:00, Sys 0 00:00:00  -  Total Local Usage
	475020  -  Run Bytes Sent By Job
	302156  -  Run Bytes Received By Job
	475020  -  Total Bytes Sent By Job
	302156  -  Total Bytes Received By Job
	Partitionable Resources :    Usage  Request Allocated
	   Cpus                 :                 1         1
	   Disk (KB)            :  1000000  2048000   7916955
	   Memory (MB)          :      106     1992      1992
...
