000 (691441.006.000) 07/11 11:26:45 Job submitted from host: <144.92.181.245:9618?addrs=144.92.181.245-9618+[2607-f388-101c-1000--372]-9618&noUDP&sock=6179_dbc8_3>
...
001 (691441.006.000) 07/11 11:48:44 Job executing on host: <144.92.180.107:9618?addrs=144.92.180.107-9618+[2607-f388-101c-1000--629]-9618&noUDP&sock=7645_699f_3>
...
006 (691441.006.000) 07/11 11:48:52 Image size of job updated: 170008
	53  -  MemoryUsage of job (MB)
	53624  -  ResidentSetSize of job (KB)
...
006 (691441.006.000) 07/11 12:08:52 Image size of job updated: 269344
	234  -  MemoryUsage of job (MB)
	239284  -  ResidentSetSize of job (KB)
...
005 (691441.006.000) 07/11 12:18:09 Job terminated.
	(1) Normal termination (return value 0)
		Usr 0 00:02:24, Sys 0 00:00:15  -  Run Remote Usage
		Usr 0 00:00:00, Sys 0 00:00:00  -  Run Local Usage
		Usr 0 00:02:24, Sys 0 00:00:15  -  Total Remote Usage
		Usr 0 00:00:00, Sys 0 00:00:00  -  Total Local Usage
	355185  -  Run Bytes Sent By Job
	306644  -  Run Bytes Received By Job
	355185  -  Total Bytes Sent By Job
	306644  -  Total Bytes Received By Job
	Partitionable Resources :    Usage  Request Allocated
	   Cpus                 :                 1         1
	   Disk (KB)            :  1000000  2048000   6333880
	   Memory (MB)          :      234     1992      1992
...
