000 (691441.008.000) 07/11 11:26:45 Job submitted from host: <144.92.181.245:9618?addrs=144.92.181.245-9618+[2607-f388-101c-1000--372]-9618&noUDP&sock=6179_dbc8_3>
...
001 (691441.008.000) 07/11 11:48:43 Job executing on host: <144.92.180.126:9618?addrs=144.92.180.126-9618+[2607-f388-101c-1000--629]-9618&noUDP&sock=7611_1767_3>
...
006 (691441.008.000) 07/11 11:48:52 Image size of job updated: 214420
	106  -  MemoryUsage of job (MB)
	108384  -  ResidentSetSize of job (KB)
...
006 (691441.008.000) 07/11 12:08:53 Image size of job updated: 241608
	235  -  MemoryUsage of job (MB)
	239924  -  ResidentSetSize of job (KB)
...
005 (691441.008.000) 07/11 12:15:00 Job terminated.
	(1) Normal termination (return value 0)
		Usr 0 00:01:56, Sys 0 00:00:06  -  Run Remote Usage
		Usr 0 00:00:00, Sys 0 00:00:00  -  Run Local Usage
		Usr 0 00:01:56, Sys 0 00:00:06  -  Total Remote Usage
		Usr 0 00:00:00, Sys 0 00:00:00  -  Total Local Usage
	355450  -  Run Bytes Sent By Job
	306644  -  Run Bytes Received By Job
	355450  -  Total Bytes Sent By Job
	306644  -  Total Bytes Received By Job
	Partitionable Resources :    Usage  Request Allocated
	   Cpus                 :                 1         1
	   Disk (KB)            :  1000000  2048000   6334600
	   Memory (MB)          :      235     1992      1992
...
