000 (691441.009.000) 07/11 11:26:45 Job submitted from host: <144.92.181.245:9618?addrs=144.92.181.245-9618+[2607-f388-101c-1000--372]-9618&noUDP&sock=6179_dbc8_3>
...
001 (691441.009.000) 07/11 11:48:45 Job executing on host: <144.92.180.69:9618?addrs=144.92.180.69-9618+[2607-f388-101c-1000--629]-9618&noUDP&sock=10022_d63d_3>
...
006 (691441.009.000) 07/11 11:48:54 Image size of job updated: 216596
	106  -  MemoryUsage of job (MB)
	108380  -  ResidentSetSize of job (KB)
...
006 (691441.009.000) 07/11 12:05:13 Image size of job updated: 241048
	106  -  MemoryUsage of job (MB)
	108380  -  ResidentSetSize of job (KB)
...
005 (691441.009.000) 07/11 12:05:15 Job terminated.
	(1) Normal termination (return value 0)
		Usr 0 00:02:05, Sys 0 00:00:06  -  Run Remote Usage
		Usr 0 00:00:00, Sys 0 00:00:00  -  Run Local Usage
		Usr 0 00:02:05, Sys 0 00:00:06  -  Total Remote Usage
		Usr 0 00:00:00, Sys 0 00:00:00  -  Total Local Usage
	354618  -  Run Bytes Sent By Job
	306644  -  Run Bytes Received By Job
	354618  -  Total Bytes Sent By Job
	306644  -  Total Bytes Received By Job
	Partitionable Resources :    Usage  Request Allocated
	   Cpus                 :                 1         1
	   Disk (KB)            :  1000000  2048000   7915552
	   Memory (MB)          :      106     1992      1992
...
