000 (690129.003.000) 07/11 07:32:32 Job submitted from host: <144.92.181.245:9618?addrs=144.92.181.245-9618+[2607-f388-101c-1000--372]-9618&noUDP&sock=6179_dbc8_3>
...
001 (690129.003.000) 07/11 09:40:05 Job executing on host: <144.92.181.84:9618?addrs=144.92.181.84-9618+[2607-f388-101c-1000--629]-9618&noUDP&sock=6907_34ba_10>
...
006 (690129.003.000) 07/11 09:40:14 Image size of job updated: 29640
	7  -  MemoryUsage of job (MB)
	6188  -  ResidentSetSize of job (KB)
...
006 (690129.003.000) 07/11 10:00:14 Image size of job updated: 244956
	239  -  MemoryUsage of job (MB)
	244724  -  ResidentSetSize of job (KB)
...
006 (690129.003.000) 07/11 10:02:23 Image size of job updated: 498808
	239  -  MemoryUsage of job (MB)
	244724  -  ResidentSetSize of job (KB)
...
005 (690129.003.000) 07/11 10:02:24 Job terminated.
	(1) Normal termination (return value 0)
		Usr 0 00:02:55, Sys 0 00:00:10  -  Run Remote Usage
		Usr 0 00:00:00, Sys 0 00:00:00  -  Run Local Usage
		Usr 0 00:02:55, Sys 0 00:00:10  -  Total Remote Usage
		Usr 0 00:00:00, Sys 0 00:00:00  -  Total Local Usage
	340405  -  Run Bytes Sent By Job
	302156  -  Run Bytes Received By Job
	340405  -  Total Bytes Sent By Job
	302156  -  Total Bytes Received By Job
	Partitionable Resources :    Usage  Request Allocated
	   Cpus                 :                 1         1
	   Disk (KB)            :  1000000  2048000   4750883
	   Memory (MB)          :      239     1992      1992
...
