file path found: /hdfs/store/user/varuns/Run2018D_Prompt/EGamma/crab_job_EGamma2018Dv2_3v2/190529_223037/0006/Data_EGamma2018Dv2_3v2_6000.root
name: Data_EGamma2018Dv2_3v2_6000.root
filenumber: 0
file path found: /hdfs/store/user/varuns/Run2018D_Prompt/EGamma/crab_job_EGamma2018Dv2_3v2/190529_223037/0006/Data_EGamma2018Dv2_3v2_6024.root
name: Data_EGamma2018Dv2_3v2_6024.root
filenumber: 1
file path found: /hdfs/store/user/varuns/Run2018D_Prompt/EGamma/crab_job_EGamma2018Dv2_3v2/190529_223037/0006/Data_EGamma2018Dv2_3v2_6051.root
name: Data_EGamma2018Dv2_3v2_6051.root
filenumber: 2
file path found: /hdfs/store/user/varuns/Run2018D_Prompt/EGamma/crab_job_EGamma2018Dv2_3v2/190529_223037/0006/Data_EGamma2018Dv2_3v2_6052.root
name: Data_EGamma2018Dv2_3v2_6052.root
filenumber: 3
file path found: /hdfs/store/user/varuns/Run2018D_Prompt/EGamma/crab_job_EGamma2018Dv2_3v2/190529_223037/0006/Data_EGamma2018Dv2_3v2_6053.root
name: Data_EGamma2018Dv2_3v2_6053.root
filenumber: 4
file path found: /hdfs/store/user/varuns/Run2018D_Prompt/EGamma/crab_job_EGamma2018Dv2_3v2/190529_223037/0006/Data_EGamma2018Dv2_3v2_6057.root
name: Data_EGamma2018Dv2_3v2_6057.root
filenumber: 5
file path found: /hdfs/store/user/varuns/Run2018D_Prompt/EGamma/crab_job_EGamma2018Dv2_3v2/190529_223037/0006/Data_EGamma2018Dv2_3v2_6058.root
name: Data_EGamma2018Dv2_3v2_6058.root
filenumber: 6
file path found: /hdfs/store/user/varuns/Run2018D_Prompt/EGamma/crab_job_EGamma2018Dv2_3v2/190529_223037/0006/Data_EGamma2018Dv2_3v2_6060.root
name: Data_EGamma2018Dv2_3v2_6060.root
filenumber: 7
file path found: /hdfs/store/user/varuns/Run2018D_Prompt/EGamma/crab_job_EGamma2018Dv2_3v2/190529_223037/0006/Data_EGamma2018Dv2_3v2_6061.root
name: Data_EGamma2018Dv2_3v2_6061.root
filenumber: 8
file path found: /hdfs/store/user/varuns/Run2018D_Prompt/EGamma/crab_job_EGamma2018Dv2_3v2/190529_223037/0006/Data_EGamma2018Dv2_3v2_6063.root
name: Data_EGamma2018Dv2_3v2_6063.root
filenumber: 9
file path found: /hdfs/store/user/varuns/Run2018D_Prompt/EGamma/crab_job_EGamma2018Dv2_3v2/190529_223037/0006/Data_EGamma2018Dv2_3v2_6065.root
name: Data_EGamma2018Dv2_3v2_6065.root
filenumber: 10
file path found: /hdfs/store/user/varuns/Run2018D_Prompt/EGamma/crab_job_EGamma2018Dv2_3v2/190529_223037/0006/Data_EGamma2018Dv2_3v2_6067.root
name: Data_EGamma2018Dv2_3v2_6067.root
filenumber: 11
file path found: /hdfs/store/user/varuns/Run2018D_Prompt/EGamma/crab_job_EGamma2018Dv2_3v2/190529_223037/0006/Data_EGamma2018Dv2_3v2_6068.root
name: Data_EGamma2018Dv2_3v2_6068.root
filenumber: 12
file path found: /hdfs/store/user/varuns/Run2018D_Prompt/EGamma/crab_job_EGamma2018Dv2_3v2/190529_223037/0006/Data_EGamma2018Dv2_3v2_6069.root
name: Data_EGamma2018Dv2_3v2_6069.root
filenumber: 13
file path found: /hdfs/store/user/varuns/Run2018D_Prompt/EGamma/crab_job_EGamma2018Dv2_3v2/190529_223037/0006/Data_EGamma2018Dv2_3v2_6070.root
name: Data_EGamma2018Dv2_3v2_6070.root
filenumber: 14
file path found: /hdfs/store/user/varuns/Run2018D_Prompt/EGamma/crab_job_EGamma2018Dv2_3v2/190529_223037/0006/Data_EGamma2018Dv2_3v2_6071.root
name: Data_EGamma2018Dv2_3v2_6071.root
filenumber: 15
file path found: /hdfs/store/user/varuns/Run2018D_Prompt/EGamma/crab_job_EGamma2018Dv2_3v2/190529_223037/0006/Data_EGamma2018Dv2_3v2_6072.root
name: Data_EGamma2018Dv2_3v2_6072.root
filenumber: 16
file path found: /hdfs/store/user/varuns/Run2018D_Prompt/EGamma/crab_job_EGamma2018Dv2_3v2/190529_223037/0006/Data_EGamma2018Dv2_3v2_6073.root
name: Data_EGamma2018Dv2_3v2_6073.root
filenumber: 17
file path found: /hdfs/store/user/varuns/Run2018D_Prompt/EGamma/crab_job_EGamma2018Dv2_3v2/190529_223037/0006/Data_EGamma2018Dv2_3v2_6074.root
name: Data_EGamma2018Dv2_3v2_6074.root
filenumber: 18
file path found: /hdfs/store/user/varuns/Run2018D_Prompt/EGamma/crab_job_EGamma2018Dv2_3v2/190529_223037/0006/Data_EGamma2018Dv2_3v2_6075.root
name: Data_EGamma2018Dv2_3v2_6075.root
filenumber: 19
file path found: /hdfs/store/user/varuns/Run2018D_Prompt/EGamma/crab_job_EGamma2018Dv2_3v2/190529_223037/0006/Data_EGamma2018Dv2_3v2_6076.root
name: Data_EGamma2018Dv2_3v2_6076.root
filenumber: 20
file path found: /hdfs/store/user/varuns/Run2018D_Prompt/EGamma/crab_job_EGamma2018Dv2_3v2/190529_223037/0006/Data_EGamma2018Dv2_3v2_6077.root
name: Data_EGamma2018Dv2_3v2_6077.root
filenumber: 21
file path found: /hdfs/store/user/varuns/Run2018D_Prompt/EGamma/crab_job_EGamma2018Dv2_3v2/190529_223037/0006/Data_EGamma2018Dv2_3v2_6078.root
name: Data_EGamma2018Dv2_3v2_6078.root
filenumber: 22
file path found: /hdfs/store/user/varuns/Run2018D_Prompt/EGamma/crab_job_EGamma2018Dv2_3v2/190529_223037/0006/Data_EGamma2018Dv2_3v2_6081.root
name: Data_EGamma2018Dv2_3v2_6081.root
filenumber: 23
file path found: /hdfs/store/user/varuns/Run2018D_Prompt/EGamma/crab_job_EGamma2018Dv2_3v2/190529_223037/0006/Data_EGamma2018Dv2_3v2_6082.root
name: Data_EGamma2018Dv2_3v2_6082.root
filenumber: 24
file path found: /hdfs/store/user/varuns/Run2018D_Prompt/EGamma/crab_job_EGamma2018Dv2_3v2/190529_223037/0006/Data_EGamma2018Dv2_3v2_6084.root
name: Data_EGamma2018Dv2_3v2_6084.root
filenumber: 25
file path found: /hdfs/store/user/varuns/Run2018D_Prompt/EGamma/crab_job_EGamma2018Dv2_3v2/190529_223037/0006/Data_EGamma2018Dv2_3v2_6085.root
name: Data_EGamma2018Dv2_3v2_6085.root
filenumber: 26
file path found: /hdfs/store/user/varuns/Run2018D_Prompt/EGamma/crab_job_EGamma2018Dv2_3v2/190529_223037/0006/Data_EGamma2018Dv2_3v2_6087.root
name: Data_EGamma2018Dv2_3v2_6087.root
filenumber: 27
file path found: /hdfs/store/user/varuns/Run2018D_Prompt/EGamma/crab_job_EGamma2018Dv2_3v2/190529_223037/0006/Data_EGamma2018Dv2_3v2_6088.root
name: Data_EGamma2018Dv2_3v2_6088.root
filenumber: 28
file path found: /hdfs/store/user/varuns/Run2018D_Prompt/EGamma/crab_job_EGamma2018Dv2_3v2/190529_223037/0006/Data_EGamma2018Dv2_3v2_6089.root
name: Data_EGamma2018Dv2_3v2_6089.root
filenumber: 29
file path found: /hdfs/store/user/varuns/Run2018D_Prompt/EGamma/crab_job_EGamma2018Dv2_3v2/190529_223037/0006/Data_EGamma2018Dv2_3v2_6090.root
name: Data_EGamma2018Dv2_3v2_6090.root
filenumber: 30
file path found: /hdfs/store/user/varuns/Run2018D_Prompt/EGamma/crab_job_EGamma2018Dv2_3v2/190529_223037/0006/Data_EGamma2018Dv2_3v2_6091.root
name: Data_EGamma2018Dv2_3v2_6091.root
filenumber: 31
file path found: /hdfs/store/user/varuns/Run2018D_Prompt/EGamma/crab_job_EGamma2018Dv2_3v2/190529_223037/0006/Data_EGamma2018Dv2_3v2_6092.root
name: Data_EGamma2018Dv2_3v2_6092.root
filenumber: 32
file path found: /hdfs/store/user/varuns/Run2018D_Prompt/EGamma/crab_job_EGamma2018Dv2_3v2/190529_223037/0006/Data_EGamma2018Dv2_3v2_6093.root
name: Data_EGamma2018Dv2_3v2_6093.root
filenumber: 33
file path found: /hdfs/store/user/varuns/Run2018D_Prompt/EGamma/crab_job_EGamma2018Dv2_3v2/190529_223037/0006/Data_EGamma2018Dv2_3v2_6094.root
name: Data_EGamma2018Dv2_3v2_6094.root
filenumber: 34
file path found: /hdfs/store/user/varuns/Run2018D_Prompt/EGamma/crab_job_EGamma2018Dv2_3v2/190529_223037/0006/Data_EGamma2018Dv2_3v2_6095.root
name: Data_EGamma2018Dv2_3v2_6095.root
filenumber: 35
file path found: /hdfs/store/user/varuns/Run2018D_Prompt/EGamma/crab_job_EGamma2018Dv2_3v2/190529_223037/0006/Data_EGamma2018Dv2_3v2_6097.root
name: Data_EGamma2018Dv2_3v2_6097.root
filenumber: 36
file path found: /hdfs/store/user/varuns/Run2018D_Prompt/EGamma/crab_job_EGamma2018Dv2_3v2/190529_223037/0006/Data_EGamma2018Dv2_3v2_6099.root
name: Data_EGamma2018Dv2_3v2_6099.root
filenumber: 37
file path found: /hdfs/store/user/varuns/Run2018D_Prompt/EGamma/crab_job_EGamma2018Dv2_3v2/190529_223037/0006/Data_EGamma2018Dv2_3v2_6101.root
name: Data_EGamma2018Dv2_3v2_6101.root
filenumber: 38
file path found: /hdfs/store/user/varuns/Run2018D_Prompt/EGamma/crab_job_EGamma2018Dv2_3v2/190529_223037/0006/Data_EGamma2018Dv2_3v2_6104.root
name: Data_EGamma2018Dv2_3v2_6104.root
filenumber: 39
file path found: /hdfs/store/user/varuns/Run2018D_Prompt/EGamma/crab_job_EGamma2018Dv2_3v2/190529_223037/0006/Data_EGamma2018Dv2_3v2_6106.root
name: Data_EGamma2018Dv2_3v2_6106.root
filenumber: 40
file path found: /hdfs/store/user/varuns/Run2018D_Prompt/EGamma/crab_job_EGamma2018Dv2_3v2/190529_223037/0006/Data_EGamma2018Dv2_3v2_6107.root
name: Data_EGamma2018Dv2_3v2_6107.root
filenumber: 41
file path found: /hdfs/store/user/varuns/Run2018D_Prompt/EGamma/crab_job_EGamma2018Dv2_3v2/190529_223037/0006/Data_EGamma2018Dv2_3v2_6108.root
name: Data_EGamma2018Dv2_3v2_6108.root
filenumber: 42
file path found: /hdfs/store/user/varuns/Run2018D_Prompt/EGamma/crab_job_EGamma2018Dv2_3v2/190529_223037/0006/Data_EGamma2018Dv2_3v2_6109.root
name: Data_EGamma2018Dv2_3v2_6109.root
filenumber: 43
file path found: /hdfs/store/user/varuns/Run2018D_Prompt/EGamma/crab_job_EGamma2018Dv2_3v2/190529_223037/0006/Data_EGamma2018Dv2_3v2_6110.root
name: Data_EGamma2018Dv2_3v2_6110.root
filenumber: 44
file path found: /hdfs/store/user/varuns/Run2018D_Prompt/EGamma/crab_job_EGamma2018Dv2_3v2/190529_223037/0006/Data_EGamma2018Dv2_3v2_6112.root
name: Data_EGamma2018Dv2_3v2_6112.root
filenumber: 45
file path found: /hdfs/store/user/varuns/Run2018D_Prompt/EGamma/crab_job_EGamma2018Dv2_3v2/190529_223037/0006/Data_EGamma2018Dv2_3v2_6114.root
name: Data_EGamma2018Dv2_3v2_6114.root
filenumber: 46
file path found: /hdfs/store/user/varuns/Run2018D_Prompt/EGamma/crab_job_EGamma2018Dv2_3v2/190529_223037/0006/Data_EGamma2018Dv2_3v2_6115.root
name: Data_EGamma2018Dv2_3v2_6115.root
filenumber: 47
file path found: /hdfs/store/user/varuns/Run2018D_Prompt/EGamma/crab_job_EGamma2018Dv2_3v2/190529_223037/0006/Data_EGamma2018Dv2_3v2_6120.root
name: Data_EGamma2018Dv2_3v2_6120.root
filenumber: 48
file path found: /hdfs/store/user/varuns/Run2018D_Prompt/EGamma/crab_job_EGamma2018Dv2_3v2/190529_223037/0006/Data_EGamma2018Dv2_3v2_6123.root
name: Data_EGamma2018Dv2_3v2_6123.root
filenumber: 49
file path found: /hdfs/store/user/varuns/Run2018D_Prompt/EGamma/crab_job_EGamma2018Dv2_3v2/190529_223037/0006/Data_EGamma2018Dv2_3v2_6124.root
name: Data_EGamma2018Dv2_3v2_6124.root
filenumber: 50
file path found: /hdfs/store/user/varuns/Run2018D_Prompt/EGamma/crab_job_EGamma2018Dv2_3v2/190529_223037/0006/Data_EGamma2018Dv2_3v2_6125.root
name: Data_EGamma2018Dv2_3v2_6125.root
filenumber: 51
file path found: /hdfs/store/user/varuns/Run2018D_Prompt/EGamma/crab_job_EGamma2018Dv2_3v2/190529_223037/0006/Data_EGamma2018Dv2_3v2_6127.root
name: Data_EGamma2018Dv2_3v2_6127.root
filenumber: 52
file path found: /hdfs/store/user/varuns/Run2018D_Prompt/EGamma/crab_job_EGamma2018Dv2_3v2/190529_223037/0006/Data_EGamma2018Dv2_3v2_6128.root
name: Data_EGamma2018Dv2_3v2_6128.root
filenumber: 53
file path found: /hdfs/store/user/varuns/Run2018D_Prompt/EGamma/crab_job_EGamma2018Dv2_3v2/190529_223037/0006/Data_EGamma2018Dv2_3v2_6129.root
name: Data_EGamma2018Dv2_3v2_6129.root
filenumber: 54
file path found: /hdfs/store/user/varuns/Run2018D_Prompt/EGamma/crab_job_EGamma2018Dv2_3v2/190529_223037/0006/Data_EGamma2018Dv2_3v2_6130.root
name: Data_EGamma2018Dv2_3v2_6130.root
filenumber: 55
file path found: /hdfs/store/user/varuns/Run2018D_Prompt/EGamma/crab_job_EGamma2018Dv2_3v2/190529_223037/0006/Data_EGamma2018Dv2_3v2_6131.root
name: Data_EGamma2018Dv2_3v2_6131.root
filenumber: 56
file path found: /hdfs/store/user/varuns/Run2018D_Prompt/EGamma/crab_job_EGamma2018Dv2_3v2/190529_223037/0006/Data_EGamma2018Dv2_3v2_6132.root
name: Data_EGamma2018Dv2_3v2_6132.root
filenumber: 57
file path found: /hdfs/store/user/varuns/Run2018D_Prompt/EGamma/crab_job_EGamma2018Dv2_3v2/190529_223037/0006/Data_EGamma2018Dv2_3v2_6133.root
name: Data_EGamma2018Dv2_3v2_6133.root
filenumber: 58
file path found: /hdfs/store/user/varuns/Run2018D_Prompt/EGamma/crab_job_EGamma2018Dv2_3v2/190529_223037/0006/Data_EGamma2018Dv2_3v2_6135.root
name: Data_EGamma2018Dv2_3v2_6135.root
filenumber: 59
file path found: /hdfs/store/user/varuns/Run2018D_Prompt/EGamma/crab_job_EGamma2018Dv2_3v2/190529_223037/0006/Data_EGamma2018Dv2_3v2_6136.root
name: Data_EGamma2018Dv2_3v2_6136.root
filenumber: 60
file path found: /hdfs/store/user/varuns/Run2018D_Prompt/EGamma/crab_job_EGamma2018Dv2_3v2/190529_223037/0006/Data_EGamma2018Dv2_3v2_6137.root
name: Data_EGamma2018Dv2_3v2_6137.root
filenumber: 61
file path found: /hdfs/store/user/varuns/Run2018D_Prompt/EGamma/crab_job_EGamma2018Dv2_3v2/190529_223037/0006/Data_EGamma2018Dv2_3v2_6139.root
name: Data_EGamma2018Dv2_3v2_6139.root
filenumber: 62
file path found: /hdfs/store/user/varuns/Run2018D_Prompt/EGamma/crab_job_EGamma2018Dv2_3v2/190529_223037/0006/Data_EGamma2018Dv2_3v2_6140.root
name: Data_EGamma2018Dv2_3v2_6140.root
filenumber: 63
file path found: /hdfs/store/user/varuns/Run2018D_Prompt/EGamma/crab_job_EGamma2018Dv2_3v2/190529_223037/0006/Data_EGamma2018Dv2_3v2_6141.root
name: Data_EGamma2018Dv2_3v2_6141.root
filenumber: 64
file path found: /hdfs/store/user/varuns/Run2018D_Prompt/EGamma/crab_job_EGamma2018Dv2_3v2/190529_223037/0006/Data_EGamma2018Dv2_3v2_6142.root
name: Data_EGamma2018Dv2_3v2_6142.root
filenumber: 65
file path found: /hdfs/store/user/varuns/Run2018D_Prompt/EGamma/crab_job_EGamma2018Dv2_3v2/190529_223037/0006/Data_EGamma2018Dv2_3v2_6143.root
name: Data_EGamma2018Dv2_3v2_6143.root
filenumber: 66
file path found: /hdfs/store/user/varuns/Run2018D_Prompt/EGamma/crab_job_EGamma2018Dv2_3v2/190529_223037/0006/Data_EGamma2018Dv2_3v2_6144.root
name: Data_EGamma2018Dv2_3v2_6144.root
filenumber: 67
file path found: /hdfs/store/user/varuns/Run2018D_Prompt/EGamma/crab_job_EGamma2018Dv2_3v2/190529_223037/0006/Data_EGamma2018Dv2_3v2_6145.root
name: Data_EGamma2018Dv2_3v2_6145.root
filenumber: 68
file path found: /hdfs/store/user/varuns/Run2018D_Prompt/EGamma/crab_job_EGamma2018Dv2_3v2/190529_223037/0006/Data_EGamma2018Dv2_3v2_6146.root
name: Data_EGamma2018Dv2_3v2_6146.root
filenumber: 69
file path found: /hdfs/store/user/varuns/Run2018D_Prompt/EGamma/crab_job_EGamma2018Dv2_3v2/190529_223037/0006/Data_EGamma2018Dv2_3v2_6147.root
name: Data_EGamma2018Dv2_3v2_6147.root
filenumber: 70
file path found: /hdfs/store/user/varuns/Run2018D_Prompt/EGamma/crab_job_EGamma2018Dv2_3v2/190529_223037/0006/Data_EGamma2018Dv2_3v2_6148.root
name: Data_EGamma2018Dv2_3v2_6148.root
filenumber: 71
file path found: /hdfs/store/user/varuns/Run2018D_Prompt/EGamma/crab_job_EGamma2018Dv2_3v2/190529_223037/0006/Data_EGamma2018Dv2_3v2_6149.root
name: Data_EGamma2018Dv2_3v2_6149.root
filenumber: 72
file path found: /hdfs/store/user/varuns/Run2018D_Prompt/EGamma/crab_job_EGamma2018Dv2_3v2/190529_223037/0006/Data_EGamma2018Dv2_3v2_6150.root
name: Data_EGamma2018Dv2_3v2_6150.root
filenumber: 73
file path found: /hdfs/store/user/varuns/Run2018D_Prompt/EGamma/crab_job_EGamma2018Dv2_3v2/190529_223037/0006/Data_EGamma2018Dv2_3v2_6151.root
name: Data_EGamma2018Dv2_3v2_6151.root
filenumber: 74
file path found: /hdfs/store/user/varuns/Run2018D_Prompt/EGamma/crab_job_EGamma2018Dv2_3v2/190529_223037/0006/Data_EGamma2018Dv2_3v2_6152.root
name: Data_EGamma2018Dv2_3v2_6152.root
filenumber: 75
file path found: /hdfs/store/user/varuns/Run2018D_Prompt/EGamma/crab_job_EGamma2018Dv2_3v2/190529_223037/0006/Data_EGamma2018Dv2_3v2_6153.root
name: Data_EGamma2018Dv2_3v2_6153.root
filenumber: 76
file path found: /hdfs/store/user/varuns/Run2018D_Prompt/EGamma/crab_job_EGamma2018Dv2_3v2/190529_223037/0006/Data_EGamma2018Dv2_3v2_6154.root
name: Data_EGamma2018Dv2_3v2_6154.root
filenumber: 77
file path found: /hdfs/store/user/varuns/Run2018D_Prompt/EGamma/crab_job_EGamma2018Dv2_3v2/190529_223037/0006/Data_EGamma2018Dv2_3v2_6155.root
name: Data_EGamma2018Dv2_3v2_6155.root
filenumber: 78
file path found: /hdfs/store/user/varuns/Run2018D_Prompt/EGamma/crab_job_EGamma2018Dv2_3v2/190529_223037/0006/Data_EGamma2018Dv2_3v2_6156.root
name: Data_EGamma2018Dv2_3v2_6156.root
filenumber: 79
file path found: /hdfs/store/user/varuns/Run2018D_Prompt/EGamma/crab_job_EGamma2018Dv2_3v2/190529_223037/0006/Data_EGamma2018Dv2_3v2_6157.root
name: Data_EGamma2018Dv2_3v2_6157.root
filenumber: 80
file path found: /hdfs/store/user/varuns/Run2018D_Prompt/EGamma/crab_job_EGamma2018Dv2_3v2/190529_223037/0006/Data_EGamma2018Dv2_3v2_6158.root
name: Data_EGamma2018Dv2_3v2_6158.root
filenumber: 81
file path found: /hdfs/store/user/varuns/Run2018D_Prompt/EGamma/crab_job_EGamma2018Dv2_3v2/190529_223037/0006/Data_EGamma2018Dv2_3v2_6159.root
name: Data_EGamma2018Dv2_3v2_6159.root
filenumber: 82
file path found: /hdfs/store/user/varuns/Run2018D_Prompt/EGamma/crab_job_EGamma2018Dv2_3v2/190529_223037/0006/Data_EGamma2018Dv2_3v2_6160.root
name: Data_EGamma2018Dv2_3v2_6160.root
filenumber: 83
file path found: /hdfs/store/user/varuns/Run2018D_Prompt/EGamma/crab_job_EGamma2018Dv2_3v2/190529_223037/0006/Data_EGamma2018Dv2_3v2_6161.root
name: Data_EGamma2018Dv2_3v2_6161.root
filenumber: 84
file path found: /hdfs/store/user/varuns/Run2018D_Prompt/EGamma/crab_job_EGamma2018Dv2_3v2/190529_223037/0006/Data_EGamma2018Dv2_3v2_6162.root
name: Data_EGamma2018Dv2_3v2_6162.root
filenumber: 85
file path found: /hdfs/store/user/varuns/Run2018D_Prompt/EGamma/crab_job_EGamma2018Dv2_3v2/190529_223037/0006/Data_EGamma2018Dv2_3v2_6163.root
name: Data_EGamma2018Dv2_3v2_6163.root
filenumber: 86
file path found: /hdfs/store/user/varuns/Run2018D_Prompt/EGamma/crab_job_EGamma2018Dv2_3v2/190529_223037/0006/Data_EGamma2018Dv2_3v2_6164.root
name: Data_EGamma2018Dv2_3v2_6164.root
filenumber: 87
file path found: /hdfs/store/user/varuns/Run2018D_Prompt/EGamma/crab_job_EGamma2018Dv2_3v2/190529_223037/0006/Data_EGamma2018Dv2_3v2_6165.root
name: Data_EGamma2018Dv2_3v2_6165.root
filenumber: 88
file path found: /hdfs/store/user/varuns/Run2018D_Prompt/EGamma/crab_job_EGamma2018Dv2_3v2/190529_223037/0006/Data_EGamma2018Dv2_3v2_6166.root
name: Data_EGamma2018Dv2_3v2_6166.root
filenumber: 89
file path found: /hdfs/store/user/varuns/Run2018D_Prompt/EGamma/crab_job_EGamma2018Dv2_3v2/190529_223037/0006/Data_EGamma2018Dv2_3v2_6167.root
name: Data_EGamma2018Dv2_3v2_6167.root
filenumber: 90
file path found: /hdfs/store/user/varuns/Run2018D_Prompt/EGamma/crab_job_EGamma2018Dv2_3v2/190529_223037/0006/Data_EGamma2018Dv2_3v2_6168.root
name: Data_EGamma2018Dv2_3v2_6168.root
filenumber: 91
file path found: /hdfs/store/user/varuns/Run2018D_Prompt/EGamma/crab_job_EGamma2018Dv2_3v2/190529_223037/0006/Data_EGamma2018Dv2_3v2_6169.root
name: Data_EGamma2018Dv2_3v2_6169.root
filenumber: 92
file path found: /hdfs/store/user/varuns/Run2018D_Prompt/EGamma/crab_job_EGamma2018Dv2_3v2/190529_223037/0006/Data_EGamma2018Dv2_3v2_6170.root
name: Data_EGamma2018Dv2_3v2_6170.root
filenumber: 93
file path found: /hdfs/store/user/varuns/Run2018D_Prompt/EGamma/crab_job_EGamma2018Dv2_3v2/190529_223037/0006/Data_EGamma2018Dv2_3v2_6171.root
name: Data_EGamma2018Dv2_3v2_6171.root
filenumber: 94
file path found: /hdfs/store/user/varuns/Run2018D_Prompt/EGamma/crab_job_EGamma2018Dv2_3v2/190529_223037/0006/Data_EGamma2018Dv2_3v2_6172.root
name: Data_EGamma2018Dv2_3v2_6172.root
filenumber: 95
file path found: /hdfs/store/user/varuns/Run2018D_Prompt/EGamma/crab_job_EGamma2018Dv2_3v2/190529_223037/0006/Data_EGamma2018Dv2_3v2_6173.root
name: Data_EGamma2018Dv2_3v2_6173.root
filenumber: 96
file path found: /hdfs/store/user/varuns/Run2018D_Prompt/EGamma/crab_job_EGamma2018Dv2_3v2/190529_223037/0006/Data_EGamma2018Dv2_3v2_6174.root
name: Data_EGamma2018Dv2_3v2_6174.root
filenumber: 97
file path found: /hdfs/store/user/varuns/Run2018D_Prompt/EGamma/crab_job_EGamma2018Dv2_3v2/190529_223037/0006/Data_EGamma2018Dv2_3v2_6175.root
name: Data_EGamma2018Dv2_3v2_6175.root
filenumber: 98
file path found: /hdfs/store/user/varuns/Run2018D_Prompt/EGamma/crab_job_EGamma2018Dv2_3v2/190529_223037/0006/Data_EGamma2018Dv2_3v2_6176.root
name: Data_EGamma2018Dv2_3v2_6176.root
filenumber: 99
file path found: /hdfs/store/user/varuns/Run2018D_Prompt/EGamma/crab_job_EGamma2018Dv2_3v2/190529_223037/0006/Data_EGamma2018Dv2_3v2_6177.root
name: Data_EGamma2018Dv2_3v2_6177.root
filenumber: 100
file path found: /hdfs/store/user/varuns/Run2018D_Prompt/EGamma/crab_job_EGamma2018Dv2_3v2/190529_223037/0006/Data_EGamma2018Dv2_3v2_6178.root
name: Data_EGamma2018Dv2_3v2_6178.root
filenumber: 101
file path found: /hdfs/store/user/varuns/Run2018D_Prompt/EGamma/crab_job_EGamma2018Dv2_3v2/190529_223037/0006/Data_EGamma2018Dv2_3v2_6196.root
name: Data_EGamma2018Dv2_3v2_6196.root
filenumber: 102
file path found: /hdfs/store/user/varuns/Run2018D_Prompt/EGamma/crab_job_EGamma2018Dv2_3v2/190529_223037/0006/Data_EGamma2018Dv2_3v2_6327.root
name: Data_EGamma2018Dv2_3v2_6327.root
filenumber: 103
file path found: /hdfs/store/user/varuns/Run2018D_Prompt/EGamma/crab_job_EGamma2018Dv2_3v2/190529_223037/0006/Data_EGamma2018Dv2_3v2_6333.root
name: Data_EGamma2018Dv2_3v2_6333.root
filenumber: 104
file path found: /hdfs/store/user/varuns/Run2018D_Prompt/EGamma/crab_job_EGamma2018Dv2_3v2/190529_223037/0006/Data_EGamma2018Dv2_3v2_6335.root
name: Data_EGamma2018Dv2_3v2_6335.root
filenumber: 105
file path found: /hdfs/store/user/varuns/Run2018D_Prompt/EGamma/crab_job_EGamma2018Dv2_3v2/190529_223037/0006/Data_EGamma2018Dv2_3v2_6336.root
name: Data_EGamma2018Dv2_3v2_6336.root
filenumber: 106
file path found: /hdfs/store/user/varuns/Run2018D_Prompt/EGamma/crab_job_EGamma2018Dv2_3v2/190529_223037/0006/Data_EGamma2018Dv2_3v2_6338.root
name: Data_EGamma2018Dv2_3v2_6338.root
filenumber: 107
file path found: /hdfs/store/user/varuns/Run2018D_Prompt/EGamma/crab_job_EGamma2018Dv2_3v2/190529_223037/0006/Data_EGamma2018Dv2_3v2_6339.root
name: Data_EGamma2018Dv2_3v2_6339.root
filenumber: 108
file path found: /hdfs/store/user/varuns/Run2018D_Prompt/EGamma/crab_job_EGamma2018Dv2_3v2/190529_223037/0006/Data_EGamma2018Dv2_3v2_6340.root
name: Data_EGamma2018Dv2_3v2_6340.root
filenumber: 109
file path found: /hdfs/store/user/varuns/Run2018D_Prompt/EGamma/crab_job_EGamma2018Dv2_3v2/190529_223037/0006/Data_EGamma2018Dv2_3v2_6341.root
name: Data_EGamma2018Dv2_3v2_6341.root
filenumber: 110
file path found: /hdfs/store/user/varuns/Run2018D_Prompt/EGamma/crab_job_EGamma2018Dv2_3v2/190529_223037/0006/Data_EGamma2018Dv2_3v2_6342.root
name: Data_EGamma2018Dv2_3v2_6342.root
filenumber: 111
file path found: /hdfs/store/user/varuns/Run2018D_Prompt/EGamma/crab_job_EGamma2018Dv2_3v2/190529_223037/0006/Data_EGamma2018Dv2_3v2_6343.root
name: Data_EGamma2018Dv2_3v2_6343.root
filenumber: 112
file path found: /hdfs/store/user/varuns/Run2018D_Prompt/EGamma/crab_job_EGamma2018Dv2_3v2/190529_223037/0006/Data_EGamma2018Dv2_3v2_6344.root
name: Data_EGamma2018Dv2_3v2_6344.root
filenumber: 113
file path found: /hdfs/store/user/varuns/Run2018D_Prompt/EGamma/crab_job_EGamma2018Dv2_3v2/190529_223037/0006/Data_EGamma2018Dv2_3v2_6345.root
name: Data_EGamma2018Dv2_3v2_6345.root
filenumber: 114
file path found: /hdfs/store/user/varuns/Run2018D_Prompt/EGamma/crab_job_EGamma2018Dv2_3v2/190529_223037/0006/Data_EGamma2018Dv2_3v2_6346.root
name: Data_EGamma2018Dv2_3v2_6346.root
filenumber: 115
file path found: /hdfs/store/user/varuns/Run2018D_Prompt/EGamma/crab_job_EGamma2018Dv2_3v2/190529_223037/0006/Data_EGamma2018Dv2_3v2_6347.root
name: Data_EGamma2018Dv2_3v2_6347.root
filenumber: 116
file path found: /hdfs/store/user/varuns/Run2018D_Prompt/EGamma/crab_job_EGamma2018Dv2_3v2/190529_223037/0006/Data_EGamma2018Dv2_3v2_6348.root
name: Data_EGamma2018Dv2_3v2_6348.root
filenumber: 117
file path found: /hdfs/store/user/varuns/Run2018D_Prompt/EGamma/crab_job_EGamma2018Dv2_3v2/190529_223037/0006/Data_EGamma2018Dv2_3v2_6349.root
name: Data_EGamma2018Dv2_3v2_6349.root
filenumber: 118
file path found: /hdfs/store/user/varuns/Run2018D_Prompt/EGamma/crab_job_EGamma2018Dv2_3v2/190529_223037/0006/Data_EGamma2018Dv2_3v2_6350.root
name: Data_EGamma2018Dv2_3v2_6350.root
filenumber: 119
file path found: /hdfs/store/user/varuns/Run2018D_Prompt/EGamma/crab_job_EGamma2018Dv2_3v2/190529_223037/0006/Data_EGamma2018Dv2_3v2_6351.root
name: Data_EGamma2018Dv2_3v2_6351.root
filenumber: 120
file path found: /hdfs/store/user/varuns/Run2018D_Prompt/EGamma/crab_job_EGamma2018Dv2_3v2/190529_223037/0006/Data_EGamma2018Dv2_3v2_6352.root
name: Data_EGamma2018Dv2_3v2_6352.root
filenumber: 121
file path found: /hdfs/store/user/varuns/Run2018D_Prompt/EGamma/crab_job_EGamma2018Dv2_3v2/190529_223037/0006/Data_EGamma2018Dv2_3v2_6353.root
name: Data_EGamma2018Dv2_3v2_6353.root
filenumber: 122
file path found: /hdfs/store/user/varuns/Run2018D_Prompt/EGamma/crab_job_EGamma2018Dv2_3v2/190529_223037/0006/Data_EGamma2018Dv2_3v2_6354.root
name: Data_EGamma2018Dv2_3v2_6354.root
filenumber: 123
file path found: /hdfs/store/user/varuns/Run2018D_Prompt/EGamma/crab_job_EGamma2018Dv2_3v2/190529_223037/0006/Data_EGamma2018Dv2_3v2_6355.root
name: Data_EGamma2018Dv2_3v2_6355.root
filenumber: 124
file path found: /hdfs/store/user/varuns/Run2018D_Prompt/EGamma/crab_job_EGamma2018Dv2_3v2/190529_223037/0006/Data_EGamma2018Dv2_3v2_6365.root
name: Data_EGamma2018Dv2_3v2_6365.root
filenumber: 125
file path found: /hdfs/store/user/varuns/Run2018D_Prompt/EGamma/crab_job_EGamma2018Dv2_3v2/190529_223037/0006/Data_EGamma2018Dv2_3v2_6366.root
name: Data_EGamma2018Dv2_3v2_6366.root
filenumber: 126
file path found: /hdfs/store/user/varuns/Run2018D_Prompt/EGamma/crab_job_EGamma2018Dv2_3v2/190529_223037/0006/Data_EGamma2018Dv2_3v2_6368.root
name: Data_EGamma2018Dv2_3v2_6368.root
filenumber: 127
file path found: /hdfs/store/user/varuns/Run2018D_Prompt/EGamma/crab_job_EGamma2018Dv2_3v2/190529_223037/0006/Data_EGamma2018Dv2_3v2_6369.root
name: Data_EGamma2018Dv2_3v2_6369.root
filenumber: 128
file path found: /hdfs/store/user/varuns/Run2018D_Prompt/EGamma/crab_job_EGamma2018Dv2_3v2/190529_223037/0006/Data_EGamma2018Dv2_3v2_6382.root
name: Data_EGamma2018Dv2_3v2_6382.root
filenumber: 129
file path found: /hdfs/store/user/varuns/Run2018D_Prompt/EGamma/crab_job_EGamma2018Dv2_3v2/190529_223037/0006/Data_EGamma2018Dv2_3v2_6429.root
name: Data_EGamma2018Dv2_3v2_6429.root
filenumber: 130
file path found: /hdfs/store/user/varuns/Run2018D_Prompt/EGamma/crab_job_EGamma2018Dv2_3v2/190529_223037/0006/Data_EGamma2018Dv2_3v2_6445.root
name: Data_EGamma2018Dv2_3v2_6445.root
filenumber: 131
file path found: /hdfs/store/user/varuns/Run2018D_Prompt/EGamma/crab_job_EGamma2018Dv2_3v2/190529_223037/0006/Data_EGamma2018Dv2_3v2_6449.root
name: Data_EGamma2018Dv2_3v2_6449.root
filenumber: 132
file path found: /hdfs/store/user/varuns/Run2018D_Prompt/EGamma/crab_job_EGamma2018Dv2_3v2/190529_223037/0006/Data_EGamma2018Dv2_3v2_6450.root
name: Data_EGamma2018Dv2_3v2_6450.root
filenumber: 133
file path found: /hdfs/store/user/varuns/Run2018D_Prompt/EGamma/crab_job_EGamma2018Dv2_3v2/190529_223037/0006/Data_EGamma2018Dv2_3v2_6479.root
name: Data_EGamma2018Dv2_3v2_6479.root
filenumber: 134
file path found: /hdfs/store/user/varuns/Run2018D_Prompt/EGamma/crab_job_EGamma2018Dv2_3v2/190529_223037/0006/Data_EGamma2018Dv2_3v2_6481.root
name: Data_EGamma2018Dv2_3v2_6481.root
filenumber: 135
file path found: /hdfs/store/user/varuns/Run2018D_Prompt/EGamma/crab_job_EGamma2018Dv2_3v2/190529_223037/0006/Data_EGamma2018Dv2_3v2_6483.root
name: Data_EGamma2018Dv2_3v2_6483.root
filenumber: 136
file path found: /hdfs/store/user/varuns/Run2018D_Prompt/EGamma/crab_job_EGamma2018Dv2_3v2/190529_223037/0006/Data_EGamma2018Dv2_3v2_6485.root
name: Data_EGamma2018Dv2_3v2_6485.root
filenumber: 137
file path found: /hdfs/store/user/varuns/Run2018D_Prompt/EGamma/crab_job_EGamma2018Dv2_3v2/190529_223037/0006/Data_EGamma2018Dv2_3v2_6487.root
name: Data_EGamma2018Dv2_3v2_6487.root
filenumber: 138
file path found: /hdfs/store/user/varuns/Run2018D_Prompt/EGamma/crab_job_EGamma2018Dv2_3v2/190529_223037/0006/Data_EGamma2018Dv2_3v2_6488.root
name: Data_EGamma2018Dv2_3v2_6488.root
filenumber: 139
file path found: /hdfs/store/user/varuns/Run2018D_Prompt/EGamma/crab_job_EGamma2018Dv2_3v2/190529_223037/0006/Data_EGamma2018Dv2_3v2_6507.root
name: Data_EGamma2018Dv2_3v2_6507.root
filenumber: 140
file path found: /hdfs/store/user/varuns/Run2018D_Prompt/EGamma/crab_job_EGamma2018Dv2_3v2/190529_223037/0006/Data_EGamma2018Dv2_3v2_6509.root
name: Data_EGamma2018Dv2_3v2_6509.root
filenumber: 141
file path found: /hdfs/store/user/varuns/Run2018D_Prompt/EGamma/crab_job_EGamma2018Dv2_3v2/190529_223037/0006/Data_EGamma2018Dv2_3v2_6510.root
name: Data_EGamma2018Dv2_3v2_6510.root
filenumber: 142
file path found: /hdfs/store/user/varuns/Run2018D_Prompt/EGamma/crab_job_EGamma2018Dv2_3v2/190529_223037/0006/Data_EGamma2018Dv2_3v2_6524.root
name: Data_EGamma2018Dv2_3v2_6524.root
filenumber: 143
file path found: /hdfs/store/user/varuns/Run2018D_Prompt/EGamma/crab_job_EGamma2018Dv2_3v2/190529_223037/0006/Data_EGamma2018Dv2_3v2_6527.root
name: Data_EGamma2018Dv2_3v2_6527.root
filenumber: 144
file path found: /hdfs/store/user/varuns/Run2018D_Prompt/EGamma/crab_job_EGamma2018Dv2_3v2/190529_223037/0006/Data_EGamma2018Dv2_3v2_6599.root
name: Data_EGamma2018Dv2_3v2_6599.root
filenumber: 145
file path found: /hdfs/store/user/varuns/Run2018D_Prompt/EGamma/crab_job_EGamma2018Dv2_3v2/190529_223037/0006/Data_EGamma2018Dv2_3v2_6601.root
name: Data_EGamma2018Dv2_3v2_6601.root
filenumber: 146
file path found: /hdfs/store/user/varuns/Run2018D_Prompt/EGamma/crab_job_EGamma2018Dv2_3v2/190529_223037/0006/Data_EGamma2018Dv2_3v2_6603.root
name: Data_EGamma2018Dv2_3v2_6603.root
filenumber: 147
file path found: /hdfs/store/user/varuns/Run2018D_Prompt/EGamma/crab_job_EGamma2018Dv2_3v2/190529_223037/0006/Data_EGamma2018Dv2_3v2_6604.root
name: Data_EGamma2018Dv2_3v2_6604.root
filenumber: 148
file path found: /hdfs/store/user/varuns/Run2018D_Prompt/EGamma/crab_job_EGamma2018Dv2_3v2/190529_223037/0006/Data_EGamma2018Dv2_3v2_6606.root
name: Data_EGamma2018Dv2_3v2_6606.root
filenumber: 149
file path found: /hdfs/store/user/varuns/Run2018D_Prompt/EGamma/crab_job_EGamma2018Dv2_3v2/190529_223037/0006/Data_EGamma2018Dv2_3v2_6607.root
name: Data_EGamma2018Dv2_3v2_6607.root
filenumber: 150
file path found: /hdfs/store/user/varuns/Run2018D_Prompt/EGamma/crab_job_EGamma2018Dv2_3v2/190529_223037/0006/Data_EGamma2018Dv2_3v2_6609.root
name: Data_EGamma2018Dv2_3v2_6609.root
filenumber: 151
file path found: /hdfs/store/user/varuns/Run2018D_Prompt/EGamma/crab_job_EGamma2018Dv2_3v2/190529_223037/0006/Data_EGamma2018Dv2_3v2_6610.root
name: Data_EGamma2018Dv2_3v2_6610.root
filenumber: 152
file path found: /hdfs/store/user/varuns/Run2018D_Prompt/EGamma/crab_job_EGamma2018Dv2_3v2/190529_223037/0006/Data_EGamma2018Dv2_3v2_6612.root
name: Data_EGamma2018Dv2_3v2_6612.root
filenumber: 153
file path found: /hdfs/store/user/varuns/Run2018D_Prompt/EGamma/crab_job_EGamma2018Dv2_3v2/190529_223037/0006/Data_EGamma2018Dv2_3v2_6616.root
name: Data_EGamma2018Dv2_3v2_6616.root
filenumber: 154
file path found: /hdfs/store/user/varuns/Run2018D_Prompt/EGamma/crab_job_EGamma2018Dv2_3v2/190529_223037/0006/Data_EGamma2018Dv2_3v2_6621.root
name: Data_EGamma2018Dv2_3v2_6621.root
filenumber: 155
file path found: /hdfs/store/user/varuns/Run2018D_Prompt/EGamma/crab_job_EGamma2018Dv2_3v2/190529_223037/0006/Data_EGamma2018Dv2_3v2_6623.root
name: Data_EGamma2018Dv2_3v2_6623.root
filenumber: 156
Adding FullPathInputFile to chain:/hdfs/store/user/varuns/Run2018D_Prompt/EGamma/crab_job_EGamma2018Dv2_3v2/190529_223037/0006/Data_EGamma2018Dv2_3v2_6623.root

file path found: /hdfs/store/user/varuns/Run2018D_Prompt/EGamma/crab_job_EGamma2018Dv2_3v2/190529_223037/0006/Data_EGamma2018Dv2_3v2_6625.root
name: Data_EGamma2018Dv2_3v2_6625.root
filenumber: 157
Adding FullPathInputFile to chain:/hdfs/store/user/varuns/Run2018D_Prompt/EGamma/crab_job_EGamma2018Dv2_3v2/190529_223037/0006/Data_EGamma2018Dv2_3v2_6625.root

file path found: /hdfs/store/user/varuns/Run2018D_Prompt/EGamma/crab_job_EGamma2018Dv2_3v2/190529_223037/0006/Data_EGamma2018Dv2_3v2_6630.root
name: Data_EGamma2018Dv2_3v2_6630.root
filenumber: 158
Adding FullPathInputFile to chain:/hdfs/store/user/varuns/Run2018D_Prompt/EGamma/crab_job_EGamma2018Dv2_3v2/190529_223037/0006/Data_EGamma2018Dv2_3v2_6630.root

file path found: /hdfs/store/user/varuns/Run2018D_Prompt/EGamma/crab_job_EGamma2018Dv2_3v2/190529_223037/0006/Data_EGamma2018Dv2_3v2_6632.root
name: Data_EGamma2018Dv2_3v2_6632.root
filenumber: 159
Adding FullPathInputFile to chain:/hdfs/store/user/varuns/Run2018D_Prompt/EGamma/crab_job_EGamma2018Dv2_3v2/190529_223037/0006/Data_EGamma2018Dv2_3v2_6632.root

file path found: /hdfs/store/user/varuns/Run2018D_Prompt/EGamma/crab_job_EGamma2018Dv2_3v2/190529_223037/0006/Data_EGamma2018Dv2_3v2_6633.root
name: Data_EGamma2018Dv2_3v2_6633.root
filenumber: 160
Adding FullPathInputFile to chain:/hdfs/store/user/varuns/Run2018D_Prompt/EGamma/crab_job_EGamma2018Dv2_3v2/190529_223037/0006/Data_EGamma2018Dv2_3v2_6633.root

file path found: /hdfs/store/user/varuns/Run2018D_Prompt/EGamma/crab_job_EGamma2018Dv2_3v2/190529_223037/0006/Data_EGamma2018Dv2_3v2_6634.root
name: Data_EGamma2018Dv2_3v2_6634.root
filenumber: 161
Adding FullPathInputFile to chain:/hdfs/store/user/varuns/Run2018D_Prompt/EGamma/crab_job_EGamma2018Dv2_3v2/190529_223037/0006/Data_EGamma2018Dv2_3v2_6634.root

file path found: /hdfs/store/user/varuns/Run2018D_Prompt/EGamma/crab_job_EGamma2018Dv2_3v2/190529_223037/0006/Data_EGamma2018Dv2_3v2_6635.root
name: Data_EGamma2018Dv2_3v2_6635.root
filenumber: 162
Adding FullPathInputFile to chain:/hdfs/store/user/varuns/Run2018D_Prompt/EGamma/crab_job_EGamma2018Dv2_3v2/190529_223037/0006/Data_EGamma2018Dv2_3v2_6635.root

file path found: /hdfs/store/user/varuns/Run2018D_Prompt/EGamma/crab_job_EGamma2018Dv2_3v2/190529_223037/0006/Data_EGamma2018Dv2_3v2_6636.root
name: Data_EGamma2018Dv2_3v2_6636.root
filenumber: 163
Adding FullPathInputFile to chain:/hdfs/store/user/varuns/Run2018D_Prompt/EGamma/crab_job_EGamma2018Dv2_3v2/190529_223037/0006/Data_EGamma2018Dv2_3v2_6636.root

file path found: /hdfs/store/user/varuns/Run2018D_Prompt/EGamma/crab_job_EGamma2018Dv2_3v2/190529_223037/0006/Data_EGamma2018Dv2_3v2_6638.root
name: Data_EGamma2018Dv2_3v2_6638.root
filenumber: 164
Adding FullPathInputFile to chain:/hdfs/store/user/varuns/Run2018D_Prompt/EGamma/crab_job_EGamma2018Dv2_3v2/190529_223037/0006/Data_EGamma2018Dv2_3v2_6638.root

file path found: /hdfs/store/user/varuns/Run2018D_Prompt/EGamma/crab_job_EGamma2018Dv2_3v2/190529_223037/0006/Data_EGamma2018Dv2_3v2_6640.root
name: Data_EGamma2018Dv2_3v2_6640.root
filenumber: 165
Adding FullPathInputFile to chain:/hdfs/store/user/varuns/Run2018D_Prompt/EGamma/crab_job_EGamma2018Dv2_3v2/190529_223037/0006/Data_EGamma2018Dv2_3v2_6640.root

file path found: /hdfs/store/user/varuns/Run2018D_Prompt/EGamma/crab_job_EGamma2018Dv2_3v2/190529_223037/0006/Data_EGamma2018Dv2_3v2_6646.root
name: Data_EGamma2018Dv2_3v2_6646.root
filenumber: 166
Adding FullPathInputFile to chain:/hdfs/store/user/varuns/Run2018D_Prompt/EGamma/crab_job_EGamma2018Dv2_3v2/190529_223037/0006/Data_EGamma2018Dv2_3v2_6646.root

file path found: /hdfs/store/user/varuns/Run2018D_Prompt/EGamma/crab_job_EGamma2018Dv2_3v2/190529_223037/0006/Data_EGamma2018Dv2_3v2_6649.root
name: Data_EGamma2018Dv2_3v2_6649.root
filenumber: 167
Adding FullPathInputFile to chain:/hdfs/store/user/varuns/Run2018D_Prompt/EGamma/crab_job_EGamma2018Dv2_3v2/190529_223037/0006/Data_EGamma2018Dv2_3v2_6649.root

file path found: /hdfs/store/user/varuns/Run2018D_Prompt/EGamma/crab_job_EGamma2018Dv2_3v2/190529_223037/0006/Data_EGamma2018Dv2_3v2_6652.root
name: Data_EGamma2018Dv2_3v2_6652.root
filenumber: 168
Adding FullPathInputFile to chain:/hdfs/store/user/varuns/Run2018D_Prompt/EGamma/crab_job_EGamma2018Dv2_3v2/190529_223037/0006/Data_EGamma2018Dv2_3v2_6652.root

file path found: /hdfs/store/user/varuns/Run2018D_Prompt/EGamma/crab_job_EGamma2018Dv2_3v2/190529_223037/0006/Data_EGamma2018Dv2_3v2_6653.root
name: Data_EGamma2018Dv2_3v2_6653.root
filenumber: 169
Adding FullPathInputFile to chain:/hdfs/store/user/varuns/Run2018D_Prompt/EGamma/crab_job_EGamma2018Dv2_3v2/190529_223037/0006/Data_EGamma2018Dv2_3v2_6653.root

file path found: /hdfs/store/user/varuns/Run2018D_Prompt/EGamma/crab_job_EGamma2018Dv2_3v2/190529_223037/0006/Data_EGamma2018Dv2_3v2_6655.root
name: Data_EGamma2018Dv2_3v2_6655.root
filenumber: 170
Adding FullPathInputFile to chain:/hdfs/store/user/varuns/Run2018D_Prompt/EGamma/crab_job_EGamma2018Dv2_3v2/190529_223037/0006/Data_EGamma2018Dv2_3v2_6655.root

file path found: /hdfs/store/user/varuns/Run2018D_Prompt/EGamma/crab_job_EGamma2018Dv2_3v2/190529_223037/0006/Data_EGamma2018Dv2_3v2_6656.root
name: Data_EGamma2018Dv2_3v2_6656.root
filenumber: 171
Adding FullPathInputFile to chain:/hdfs/store/user/varuns/Run2018D_Prompt/EGamma/crab_job_EGamma2018Dv2_3v2/190529_223037/0006/Data_EGamma2018Dv2_3v2_6656.root

file path found: /hdfs/store/user/varuns/Run2018D_Prompt/EGamma/crab_job_EGamma2018Dv2_3v2/190529_223037/0006/Data_EGamma2018Dv2_3v2_6657.root
name: Data_EGamma2018Dv2_3v2_6657.root
filenumber: 172
Adding FullPathInputFile to chain:/hdfs/store/user/varuns/Run2018D_Prompt/EGamma/crab_job_EGamma2018Dv2_3v2/190529_223037/0006/Data_EGamma2018Dv2_3v2_6657.root

file path found: /hdfs/store/user/varuns/Run2018D_Prompt/EGamma/crab_job_EGamma2018Dv2_3v2/190529_223037/0006/Data_EGamma2018Dv2_3v2_6658.root
name: Data_EGamma2018Dv2_3v2_6658.root
filenumber: 173
Adding FullPathInputFile to chain:/hdfs/store/user/varuns/Run2018D_Prompt/EGamma/crab_job_EGamma2018Dv2_3v2/190529_223037/0006/Data_EGamma2018Dv2_3v2_6658.root

file path found: /hdfs/store/user/varuns/Run2018D_Prompt/EGamma/crab_job_EGamma2018Dv2_3v2/190529_223037/0006/Data_EGamma2018Dv2_3v2_6666.root
name: Data_EGamma2018Dv2_3v2_6666.root
filenumber: 174
Adding FullPathInputFile to chain:/hdfs/store/user/varuns/Run2018D_Prompt/EGamma/crab_job_EGamma2018Dv2_3v2/190529_223037/0006/Data_EGamma2018Dv2_3v2_6666.root

file path found: /hdfs/store/user/varuns/Run2018D_Prompt/EGamma/crab_job_EGamma2018Dv2_3v2/190529_223037/0006/Data_EGamma2018Dv2_3v2_6668.root
name: Data_EGamma2018Dv2_3v2_6668.root
filenumber: 175
Adding FullPathInputFile to chain:/hdfs/store/user/varuns/Run2018D_Prompt/EGamma/crab_job_EGamma2018Dv2_3v2/190529_223037/0006/Data_EGamma2018Dv2_3v2_6668.root

file path found: /hdfs/store/user/varuns/Run2018D_Prompt/EGamma/crab_job_EGamma2018Dv2_3v2/190529_223037/0006/Data_EGamma2018Dv2_3v2_6680.root
name: Data_EGamma2018Dv2_3v2_6680.root
filenumber: 176
Adding FullPathInputFile to chain:/hdfs/store/user/varuns/Run2018D_Prompt/EGamma/crab_job_EGamma2018Dv2_3v2/190529_223037/0006/Data_EGamma2018Dv2_3v2_6680.root

file path found: /hdfs/store/user/varuns/Run2018D_Prompt/EGamma/crab_job_EGamma2018Dv2_3v2/190529_223037/0006/Data_EGamma2018Dv2_3v2_6682.root
name: Data_EGamma2018Dv2_3v2_6682.root
filenumber: 177
Adding FullPathInputFile to chain:/hdfs/store/user/varuns/Run2018D_Prompt/EGamma/crab_job_EGamma2018Dv2_3v2/190529_223037/0006/Data_EGamma2018Dv2_3v2_6682.root

file path found: /hdfs/store/user/varuns/Run2018D_Prompt/EGamma/crab_job_EGamma2018Dv2_3v2/190529_223037/0006/Data_EGamma2018Dv2_3v2_6684.root
name: Data_EGamma2018Dv2_3v2_6684.root
filenumber: 178
Adding FullPathInputFile to chain:/hdfs/store/user/varuns/Run2018D_Prompt/EGamma/crab_job_EGamma2018Dv2_3v2/190529_223037/0006/Data_EGamma2018Dv2_3v2_6684.root

file path found: /hdfs/store/user/varuns/Run2018D_Prompt/EGamma/crab_job_EGamma2018Dv2_3v2/190529_223037/0006/Data_EGamma2018Dv2_3v2_6690.root
name: Data_EGamma2018Dv2_3v2_6690.root
filenumber: 179
Adding FullPathInputFile to chain:/hdfs/store/user/varuns/Run2018D_Prompt/EGamma/crab_job_EGamma2018Dv2_3v2/190529_223037/0006/Data_EGamma2018Dv2_3v2_6690.root

file path found: /hdfs/store/user/varuns/Run2018D_Prompt/EGamma/crab_job_EGamma2018Dv2_3v2/190529_223037/0006/Data_EGamma2018Dv2_3v2_6691.root
name: Data_EGamma2018Dv2_3v2_6691.root
filenumber: 180
Adding FullPathInputFile to chain:/hdfs/store/user/varuns/Run2018D_Prompt/EGamma/crab_job_EGamma2018Dv2_3v2/190529_223037/0006/Data_EGamma2018Dv2_3v2_6691.root

file path found: /hdfs/store/user/varuns/Run2018D_Prompt/EGamma/crab_job_EGamma2018Dv2_3v2/190529_223037/0006/Data_EGamma2018Dv2_3v2_6704.root
name: Data_EGamma2018Dv2_3v2_6704.root
filenumber: 181
Adding FullPathInputFile to chain:/hdfs/store/user/varuns/Run2018D_Prompt/EGamma/crab_job_EGamma2018Dv2_3v2/190529_223037/0006/Data_EGamma2018Dv2_3v2_6704.root

file path found: /hdfs/store/user/varuns/Run2018D_Prompt/EGamma/crab_job_EGamma2018Dv2_3v2/190529_223037/0006/Data_EGamma2018Dv2_3v2_6706.root
name: Data_EGamma2018Dv2_3v2_6706.root
filenumber: 182
Adding FullPathInputFile to chain:/hdfs/store/user/varuns/Run2018D_Prompt/EGamma/crab_job_EGamma2018Dv2_3v2/190529_223037/0006/Data_EGamma2018Dv2_3v2_6706.root

file path found: /hdfs/store/user/varuns/Run2018D_Prompt/EGamma/crab_job_EGamma2018Dv2_3v2/190529_223037/0006/Data_EGamma2018Dv2_3v2_6711.root
name: Data_EGamma2018Dv2_3v2_6711.root
filenumber: 183
Adding FullPathInputFile to chain:/hdfs/store/user/varuns/Run2018D_Prompt/EGamma/crab_job_EGamma2018Dv2_3v2/190529_223037/0006/Data_EGamma2018Dv2_3v2_6711.root

file path found: /hdfs/store/user/varuns/Run2018D_Prompt/EGamma/crab_job_EGamma2018Dv2_3v2/190529_223037/0006/Data_EGamma2018Dv2_3v2_6716.root
name: Data_EGamma2018Dv2_3v2_6716.root
filenumber: 184
Adding FullPathInputFile to chain:/hdfs/store/user/varuns/Run2018D_Prompt/EGamma/crab_job_EGamma2018Dv2_3v2/190529_223037/0006/Data_EGamma2018Dv2_3v2_6716.root

file path found: /hdfs/store/user/varuns/Run2018D_Prompt/EGamma/crab_job_EGamma2018Dv2_3v2/190529_223037/0006/Data_EGamma2018Dv2_3v2_6717.root
name: Data_EGamma2018Dv2_3v2_6717.root
filenumber: 185
Adding FullPathInputFile to chain:/hdfs/store/user/varuns/Run2018D_Prompt/EGamma/crab_job_EGamma2018Dv2_3v2/190529_223037/0006/Data_EGamma2018Dv2_3v2_6717.root

file path found: /hdfs/store/user/varuns/Run2018D_Prompt/EGamma/crab_job_EGamma2018Dv2_3v2/190529_223037/0006/Data_EGamma2018Dv2_3v2_6719.root
name: Data_EGamma2018Dv2_3v2_6719.root
filenumber: 186
Adding FullPathInputFile to chain:/hdfs/store/user/varuns/Run2018D_Prompt/EGamma/crab_job_EGamma2018Dv2_3v2/190529_223037/0006/Data_EGamma2018Dv2_3v2_6719.root

file path found: /hdfs/store/user/varuns/Run2018D_Prompt/EGamma/crab_job_EGamma2018Dv2_3v2/190529_223037/0006/Data_EGamma2018Dv2_3v2_6720.root
name: Data_EGamma2018Dv2_3v2_6720.root
filenumber: 187
Adding FullPathInputFile to chain:/hdfs/store/user/varuns/Run2018D_Prompt/EGamma/crab_job_EGamma2018Dv2_3v2/190529_223037/0006/Data_EGamma2018Dv2_3v2_6720.root

file path found: /hdfs/store/user/varuns/Run2018D_Prompt/EGamma/crab_job_EGamma2018Dv2_3v2/190529_223037/0006/Data_EGamma2018Dv2_3v2_6723.root
name: Data_EGamma2018Dv2_3v2_6723.root
filenumber: 188
Adding FullPathInputFile to chain:/hdfs/store/user/varuns/Run2018D_Prompt/EGamma/crab_job_EGamma2018Dv2_3v2/190529_223037/0006/Data_EGamma2018Dv2_3v2_6723.root

file path found: /hdfs/store/user/varuns/Run2018D_Prompt/EGamma/crab_job_EGamma2018Dv2_3v2/190529_223037/0006/Data_EGamma2018Dv2_3v2_6724.root
name: Data_EGamma2018Dv2_3v2_6724.root
filenumber: 189
Adding FullPathInputFile to chain:/hdfs/store/user/varuns/Run2018D_Prompt/EGamma/crab_job_EGamma2018Dv2_3v2/190529_223037/0006/Data_EGamma2018Dv2_3v2_6724.root

file path found: /hdfs/store/user/varuns/Run2018D_Prompt/EGamma/crab_job_EGamma2018Dv2_3v2/190529_223037/0006/Data_EGamma2018Dv2_3v2_6725.root
name: Data_EGamma2018Dv2_3v2_6725.root
filenumber: 190
Adding FullPathInputFile to chain:/hdfs/store/user/varuns/Run2018D_Prompt/EGamma/crab_job_EGamma2018Dv2_3v2/190529_223037/0006/Data_EGamma2018Dv2_3v2_6725.root

file path found: /hdfs/store/user/varuns/Run2018D_Prompt/EGamma/crab_job_EGamma2018Dv2_3v2/190529_223037/0006/Data_EGamma2018Dv2_3v2_6729.root
name: Data_EGamma2018Dv2_3v2_6729.root
filenumber: 191
Adding FullPathInputFile to chain:/hdfs/store/user/varuns/Run2018D_Prompt/EGamma/crab_job_EGamma2018Dv2_3v2/190529_223037/0006/Data_EGamma2018Dv2_3v2_6729.root

file path found: /hdfs/store/user/varuns/Run2018D_Prompt/EGamma/crab_job_EGamma2018Dv2_3v2/190529_223037/0006/Data_EGamma2018Dv2_3v2_6731.root
name: Data_EGamma2018Dv2_3v2_6731.root
filenumber: 192
Adding FullPathInputFile to chain:/hdfs/store/user/varuns/Run2018D_Prompt/EGamma/crab_job_EGamma2018Dv2_3v2/190529_223037/0006/Data_EGamma2018Dv2_3v2_6731.root

file path found: /hdfs/store/user/varuns/Run2018D_Prompt/EGamma/crab_job_EGamma2018Dv2_3v2/190529_223037/0006/Data_EGamma2018Dv2_3v2_6732.root
name: Data_EGamma2018Dv2_3v2_6732.root
filenumber: 193
Adding FullPathInputFile to chain:/hdfs/store/user/varuns/Run2018D_Prompt/EGamma/crab_job_EGamma2018Dv2_3v2/190529_223037/0006/Data_EGamma2018Dv2_3v2_6732.root

file path found: /hdfs/store/user/varuns/Run2018D_Prompt/EGamma/crab_job_EGamma2018Dv2_3v2/190529_223037/0006/Data_EGamma2018Dv2_3v2_6734.root
name: Data_EGamma2018Dv2_3v2_6734.root
filenumber: 194
Adding FullPathInputFile to chain:/hdfs/store/user/varuns/Run2018D_Prompt/EGamma/crab_job_EGamma2018Dv2_3v2/190529_223037/0006/Data_EGamma2018Dv2_3v2_6734.root

file path found: /hdfs/store/user/varuns/Run2018D_Prompt/EGamma/crab_job_EGamma2018Dv2_3v2/190529_223037/0006/Data_EGamma2018Dv2_3v2_6735.root
name: Data_EGamma2018Dv2_3v2_6735.root
filenumber: 195
Adding FullPathInputFile to chain:/hdfs/store/user/varuns/Run2018D_Prompt/EGamma/crab_job_EGamma2018Dv2_3v2/190529_223037/0006/Data_EGamma2018Dv2_3v2_6735.root

file path found: /hdfs/store/user/varuns/Run2018D_Prompt/EGamma/crab_job_EGamma2018Dv2_3v2/190529_223037/0006/Data_EGamma2018Dv2_3v2_6736.root
name: Data_EGamma2018Dv2_3v2_6736.root
filenumber: 196
Adding FullPathInputFile to chain:/hdfs/store/user/varuns/Run2018D_Prompt/EGamma/crab_job_EGamma2018Dv2_3v2/190529_223037/0006/Data_EGamma2018Dv2_3v2_6736.root

file path found: /hdfs/store/user/varuns/Run2018D_Prompt/EGamma/crab_job_EGamma2018Dv2_3v2/190529_223037/0006/Data_EGamma2018Dv2_3v2_6737.root
name: Data_EGamma2018Dv2_3v2_6737.root
filenumber: 197
Adding FullPathInputFile to chain:/hdfs/store/user/varuns/Run2018D_Prompt/EGamma/crab_job_EGamma2018Dv2_3v2/190529_223037/0006/Data_EGamma2018Dv2_3v2_6737.root

file path found: /hdfs/store/user/varuns/Run2018D_Prompt/EGamma/crab_job_EGamma2018Dv2_3v2/190529_223037/0006/Data_EGamma2018Dv2_3v2_6738.root
name: Data_EGamma2018Dv2_3v2_6738.root
filenumber: 198
Adding FullPathInputFile to chain:/hdfs/store/user/varuns/Run2018D_Prompt/EGamma/crab_job_EGamma2018Dv2_3v2/190529_223037/0006/Data_EGamma2018Dv2_3v2_6738.root

file path found: /hdfs/store/user/varuns/Run2018D_Prompt/EGamma/crab_job_EGamma2018Dv2_3v2/190529_223037/0006/Data_EGamma2018Dv2_3v2_6739.root
name: Data_EGamma2018Dv2_3v2_6739.root
filenumber: 199
Adding FullPathInputFile to chain:/hdfs/store/user/varuns/Run2018D_Prompt/EGamma/crab_job_EGamma2018Dv2_3v2/190529_223037/0006/Data_EGamma2018Dv2_3v2_6739.root

file path found: /hdfs/store/user/varuns/Run2018D_Prompt/EGamma/crab_job_EGamma2018Dv2_3v2/190529_223037/0006/Data_EGamma2018Dv2_3v2_6740.root
name: Data_EGamma2018Dv2_3v2_6740.root
filenumber: 200
Adding FullPathInputFile to chain:/hdfs/store/user/varuns/Run2018D_Prompt/EGamma/crab_job_EGamma2018Dv2_3v2/190529_223037/0006/Data_EGamma2018Dv2_3v2_6740.root

file path found: /hdfs/store/user/varuns/Run2018D_Prompt/EGamma/crab_job_EGamma2018Dv2_3v2/190529_223037/0006/Data_EGamma2018Dv2_3v2_6741.root
name: Data_EGamma2018Dv2_3v2_6741.root
filenumber: 201
Adding FullPathInputFile to chain:/hdfs/store/user/varuns/Run2018D_Prompt/EGamma/crab_job_EGamma2018Dv2_3v2/190529_223037/0006/Data_EGamma2018Dv2_3v2_6741.root

file path found: /hdfs/store/user/varuns/Run2018D_Prompt/EGamma/crab_job_EGamma2018Dv2_3v2/190529_223037/0006/Data_EGamma2018Dv2_3v2_6742.root
name: Data_EGamma2018Dv2_3v2_6742.root
filenumber: 202
Adding FullPathInputFile to chain:/hdfs/store/user/varuns/Run2018D_Prompt/EGamma/crab_job_EGamma2018Dv2_3v2/190529_223037/0006/Data_EGamma2018Dv2_3v2_6742.root

file path found: /hdfs/store/user/varuns/Run2018D_Prompt/EGamma/crab_job_EGamma2018Dv2_3v2/190529_223037/0006/Data_EGamma2018Dv2_3v2_6743.root
name: Data_EGamma2018Dv2_3v2_6743.root
filenumber: 203
Adding FullPathInputFile to chain:/hdfs/store/user/varuns/Run2018D_Prompt/EGamma/crab_job_EGamma2018Dv2_3v2/190529_223037/0006/Data_EGamma2018Dv2_3v2_6743.root

file path found: /hdfs/store/user/varuns/Run2018D_Prompt/EGamma/crab_job_EGamma2018Dv2_3v2/190529_223037/0006/Data_EGamma2018Dv2_3v2_6744.root
name: Data_EGamma2018Dv2_3v2_6744.root
filenumber: 204
Adding FullPathInputFile to chain:/hdfs/store/user/varuns/Run2018D_Prompt/EGamma/crab_job_EGamma2018Dv2_3v2/190529_223037/0006/Data_EGamma2018Dv2_3v2_6744.root

file path found: /hdfs/store/user/varuns/Run2018D_Prompt/EGamma/crab_job_EGamma2018Dv2_3v2/190529_223037/0006/Data_EGamma2018Dv2_3v2_6747.root
name: Data_EGamma2018Dv2_3v2_6747.root
filenumber: 205
Adding FullPathInputFile to chain:/hdfs/store/user/varuns/Run2018D_Prompt/EGamma/crab_job_EGamma2018Dv2_3v2/190529_223037/0006/Data_EGamma2018Dv2_3v2_6747.root

file path found: /hdfs/store/user/varuns/Run2018D_Prompt/EGamma/crab_job_EGamma2018Dv2_3v2/190529_223037/0006/Data_EGamma2018Dv2_3v2_6748.root
name: Data_EGamma2018Dv2_3v2_6748.root
filenumber: 206
Adding FullPathInputFile to chain:/hdfs/store/user/varuns/Run2018D_Prompt/EGamma/crab_job_EGamma2018Dv2_3v2/190529_223037/0006/Data_EGamma2018Dv2_3v2_6748.root

file path found: /hdfs/store/user/varuns/Run2018D_Prompt/EGamma/crab_job_EGamma2018Dv2_3v2/190529_223037/0006/Data_EGamma2018Dv2_3v2_6749.root
name: Data_EGamma2018Dv2_3v2_6749.root
filenumber: 207
Adding FullPathInputFile to chain:/hdfs/store/user/varuns/Run2018D_Prompt/EGamma/crab_job_EGamma2018Dv2_3v2/190529_223037/0006/Data_EGamma2018Dv2_3v2_6749.root

file path found: /hdfs/store/user/varuns/Run2018D_Prompt/EGamma/crab_job_EGamma2018Dv2_3v2/190529_223037/0006/Data_EGamma2018Dv2_3v2_6750.root
name: Data_EGamma2018Dv2_3v2_6750.root
filenumber: 208
Adding FullPathInputFile to chain:/hdfs/store/user/varuns/Run2018D_Prompt/EGamma/crab_job_EGamma2018Dv2_3v2/190529_223037/0006/Data_EGamma2018Dv2_3v2_6750.root

file path found: /hdfs/store/user/varuns/Run2018D_Prompt/EGamma/crab_job_EGamma2018Dv2_3v2/190529_223037/0006/Data_EGamma2018Dv2_3v2_6751.root
name: Data_EGamma2018Dv2_3v2_6751.root
filenumber: 209
Adding FullPathInputFile to chain:/hdfs/store/user/varuns/Run2018D_Prompt/EGamma/crab_job_EGamma2018Dv2_3v2/190529_223037/0006/Data_EGamma2018Dv2_3v2_6751.root

file path found: /hdfs/store/user/varuns/Run2018D_Prompt/EGamma/crab_job_EGamma2018Dv2_3v2/190529_223037/0006/Data_EGamma2018Dv2_3v2_6753.root
name: Data_EGamma2018Dv2_3v2_6753.root
filenumber: 210
Adding FullPathInputFile to chain:/hdfs/store/user/varuns/Run2018D_Prompt/EGamma/crab_job_EGamma2018Dv2_3v2/190529_223037/0006/Data_EGamma2018Dv2_3v2_6753.root

file path found: /hdfs/store/user/varuns/Run2018D_Prompt/EGamma/crab_job_EGamma2018Dv2_3v2/190529_223037/0006/Data_EGamma2018Dv2_3v2_6754.root
name: Data_EGamma2018Dv2_3v2_6754.root
filenumber: 211
Adding FullPathInputFile to chain:/hdfs/store/user/varuns/Run2018D_Prompt/EGamma/crab_job_EGamma2018Dv2_3v2/190529_223037/0006/Data_EGamma2018Dv2_3v2_6754.root

file path found: /hdfs/store/user/varuns/Run2018D_Prompt/EGamma/crab_job_EGamma2018Dv2_3v2/190529_223037/0006/Data_EGamma2018Dv2_3v2_6755.root
name: Data_EGamma2018Dv2_3v2_6755.root
filenumber: 212
Adding FullPathInputFile to chain:/hdfs/store/user/varuns/Run2018D_Prompt/EGamma/crab_job_EGamma2018Dv2_3v2/190529_223037/0006/Data_EGamma2018Dv2_3v2_6755.root

file path found: /hdfs/store/user/varuns/Run2018D_Prompt/EGamma/crab_job_EGamma2018Dv2_3v2/190529_223037/0006/Data_EGamma2018Dv2_3v2_6756.root
name: Data_EGamma2018Dv2_3v2_6756.root
filenumber: 213
Adding FullPathInputFile to chain:/hdfs/store/user/varuns/Run2018D_Prompt/EGamma/crab_job_EGamma2018Dv2_3v2/190529_223037/0006/Data_EGamma2018Dv2_3v2_6756.root

file path found: /hdfs/store/user/varuns/Run2018D_Prompt/EGamma/crab_job_EGamma2018Dv2_3v2/190529_223037/0006/Data_EGamma2018Dv2_3v2_6757.root
name: Data_EGamma2018Dv2_3v2_6757.root
filenumber: 214
Adding FullPathInputFile to chain:/hdfs/store/user/varuns/Run2018D_Prompt/EGamma/crab_job_EGamma2018Dv2_3v2/190529_223037/0006/Data_EGamma2018Dv2_3v2_6757.root

file path found: /hdfs/store/user/varuns/Run2018D_Prompt/EGamma/crab_job_EGamma2018Dv2_3v2/190529_223037/0006/Data_EGamma2018Dv2_3v2_6758.root
name: Data_EGamma2018Dv2_3v2_6758.root
filenumber: 215
Adding FullPathInputFile to chain:/hdfs/store/user/varuns/Run2018D_Prompt/EGamma/crab_job_EGamma2018Dv2_3v2/190529_223037/0006/Data_EGamma2018Dv2_3v2_6758.root

file path found: /hdfs/store/user/varuns/Run2018D_Prompt/EGamma/crab_job_EGamma2018Dv2_3v2/190529_223037/0006/Data_EGamma2018Dv2_3v2_6759.root
name: Data_EGamma2018Dv2_3v2_6759.root
filenumber: 216
Adding FullPathInputFile to chain:/hdfs/store/user/varuns/Run2018D_Prompt/EGamma/crab_job_EGamma2018Dv2_3v2/190529_223037/0006/Data_EGamma2018Dv2_3v2_6759.root

file path found: /hdfs/store/user/varuns/Run2018D_Prompt/EGamma/crab_job_EGamma2018Dv2_3v2/190529_223037/0006/Data_EGamma2018Dv2_3v2_6760.root
name: Data_EGamma2018Dv2_3v2_6760.root
filenumber: 217
Adding FullPathInputFile to chain:/hdfs/store/user/varuns/Run2018D_Prompt/EGamma/crab_job_EGamma2018Dv2_3v2/190529_223037/0006/Data_EGamma2018Dv2_3v2_6760.root

file path found: /hdfs/store/user/varuns/Run2018D_Prompt/EGamma/crab_job_EGamma2018Dv2_3v2/190529_223037/0006/Data_EGamma2018Dv2_3v2_6761.root
name: Data_EGamma2018Dv2_3v2_6761.root
filenumber: 218
Adding FullPathInputFile to chain:/hdfs/store/user/varuns/Run2018D_Prompt/EGamma/crab_job_EGamma2018Dv2_3v2/190529_223037/0006/Data_EGamma2018Dv2_3v2_6761.root

file path found: /hdfs/store/user/varuns/Run2018D_Prompt/EGamma/crab_job_EGamma2018Dv2_3v2/190529_223037/0006/Data_EGamma2018Dv2_3v2_6762.root
name: Data_EGamma2018Dv2_3v2_6762.root
filenumber: 219
Adding FullPathInputFile to chain:/hdfs/store/user/varuns/Run2018D_Prompt/EGamma/crab_job_EGamma2018Dv2_3v2/190529_223037/0006/Data_EGamma2018Dv2_3v2_6762.root

file path found: /hdfs/store/user/varuns/Run2018D_Prompt/EGamma/crab_job_EGamma2018Dv2_3v2/190529_223037/0006/Data_EGamma2018Dv2_3v2_6763.root
name: Data_EGamma2018Dv2_3v2_6763.root
filenumber: 220
Adding FullPathInputFile to chain:/hdfs/store/user/varuns/Run2018D_Prompt/EGamma/crab_job_EGamma2018Dv2_3v2/190529_223037/0006/Data_EGamma2018Dv2_3v2_6763.root

file path found: /hdfs/store/user/varuns/Run2018D_Prompt/EGamma/crab_job_EGamma2018Dv2_3v2/190529_223037/0006/Data_EGamma2018Dv2_3v2_6764.root
name: Data_EGamma2018Dv2_3v2_6764.root
filenumber: 221
Adding FullPathInputFile to chain:/hdfs/store/user/varuns/Run2018D_Prompt/EGamma/crab_job_EGamma2018Dv2_3v2/190529_223037/0006/Data_EGamma2018Dv2_3v2_6764.root

file path found: /hdfs/store/user/varuns/Run2018D_Prompt/EGamma/crab_job_EGamma2018Dv2_3v2/190529_223037/0006/Data_EGamma2018Dv2_3v2_6765.root
name: Data_EGamma2018Dv2_3v2_6765.root
filenumber: 222
Adding FullPathInputFile to chain:/hdfs/store/user/varuns/Run2018D_Prompt/EGamma/crab_job_EGamma2018Dv2_3v2/190529_223037/0006/Data_EGamma2018Dv2_3v2_6765.root

file path found: /hdfs/store/user/varuns/Run2018D_Prompt/EGamma/crab_job_EGamma2018Dv2_3v2/190529_223037/0006/Data_EGamma2018Dv2_3v2_6820.root
name: Data_EGamma2018Dv2_3v2_6820.root
filenumber: 223
Adding FullPathInputFile to chain:/hdfs/store/user/varuns/Run2018D_Prompt/EGamma/crab_job_EGamma2018Dv2_3v2/190529_223037/0006/Data_EGamma2018Dv2_3v2_6820.root

file path found: /hdfs/store/user/varuns/Run2018D_Prompt/EGamma/crab_job_EGamma2018Dv2_3v2/190529_223037/0006/Data_EGamma2018Dv2_3v2_6908.root
name: Data_EGamma2018Dv2_3v2_6908.root
filenumber: 224
Adding FullPathInputFile to chain:/hdfs/store/user/varuns/Run2018D_Prompt/EGamma/crab_job_EGamma2018Dv2_3v2/190529_223037/0006/Data_EGamma2018Dv2_3v2_6908.root

file path found: /hdfs/store/user/varuns/Run2018D_Prompt/EGamma/crab_job_EGamma2018Dv2_3v2/190529_223037/0006/Data_EGamma2018Dv2_3v2_6910.root
name: Data_EGamma2018Dv2_3v2_6910.root
filenumber: 225
Adding FullPathInputFile to chain:/hdfs/store/user/varuns/Run2018D_Prompt/EGamma/crab_job_EGamma2018Dv2_3v2/190529_223037/0006/Data_EGamma2018Dv2_3v2_6910.root

file path found: /hdfs/store/user/varuns/Run2018D_Prompt/EGamma/crab_job_EGamma2018Dv2_3v2/190529_223037/0006/Data_EGamma2018Dv2_3v2_6935.root
name: Data_EGamma2018Dv2_3v2_6935.root
filenumber: 226
Adding FullPathInputFile to chain:/hdfs/store/user/varuns/Run2018D_Prompt/EGamma/crab_job_EGamma2018Dv2_3v2/190529_223037/0006/Data_EGamma2018Dv2_3v2_6935.root

file path found: /hdfs/store/user/varuns/Run2018D_Prompt/EGamma/crab_job_EGamma2018Dv2_3v2/190529_223037/0006/Data_EGamma2018Dv2_3v2_6942.root
name: Data_EGamma2018Dv2_3v2_6942.root
filenumber: 227
Adding FullPathInputFile to chain:/hdfs/store/user/varuns/Run2018D_Prompt/EGamma/crab_job_EGamma2018Dv2_3v2/190529_223037/0006/Data_EGamma2018Dv2_3v2_6942.root

file path found: /hdfs/store/user/varuns/Run2018D_Prompt/EGamma/crab_job_EGamma2018Dv2_3v2/190529_223037/0006/Data_EGamma2018Dv2_3v2_6962.root
name: Data_EGamma2018Dv2_3v2_6962.root
filenumber: 228
Adding FullPathInputFile to chain:/hdfs/store/user/varuns/Run2018D_Prompt/EGamma/crab_job_EGamma2018Dv2_3v2/190529_223037/0006/Data_EGamma2018Dv2_3v2_6962.root

file path found: /hdfs/store/user/varuns/Run2018D_Prompt/EGamma/crab_job_EGamma2018Dv2_3v2/190529_223037/0006/Data_EGamma2018Dv2_3v2_6963.root
name: Data_EGamma2018Dv2_3v2_6963.root
filenumber: 229
Adding FullPathInputFile to chain:/hdfs/store/user/varuns/Run2018D_Prompt/EGamma/crab_job_EGamma2018Dv2_3v2/190529_223037/0006/Data_EGamma2018Dv2_3v2_6963.root

file path found: /hdfs/store/user/varuns/Run2018D_Prompt/EGamma/crab_job_EGamma2018Dv2_3v2/190529_223037/0006/Data_EGamma2018Dv2_3v2_6964.root
name: Data_EGamma2018Dv2_3v2_6964.root
filenumber: 230
Adding FullPathInputFile to chain:/hdfs/store/user/varuns/Run2018D_Prompt/EGamma/crab_job_EGamma2018Dv2_3v2/190529_223037/0006/Data_EGamma2018Dv2_3v2_6964.root

file path found: /hdfs/store/user/varuns/Run2018D_Prompt/EGamma/crab_job_EGamma2018Dv2_3v2/190529_223037/0006/Data_EGamma2018Dv2_3v2_6965.root
name: Data_EGamma2018Dv2_3v2_6965.root
filenumber: 231
Adding FullPathInputFile to chain:/hdfs/store/user/varuns/Run2018D_Prompt/EGamma/crab_job_EGamma2018Dv2_3v2/190529_223037/0006/Data_EGamma2018Dv2_3v2_6965.root

file path found: /hdfs/store/user/varuns/Run2018D_Prompt/EGamma/crab_job_EGamma2018Dv2_3v2/190529_223037/0006/Data_EGamma2018Dv2_3v2_6988.root
name: Data_EGamma2018Dv2_3v2_6988.root
filenumber: 232
Adding FullPathInputFile to chain:/hdfs/store/user/varuns/Run2018D_Prompt/EGamma/crab_job_EGamma2018Dv2_3v2/190529_223037/0006/Data_EGamma2018Dv2_3v2_6988.root

file path found: /hdfs/store/user/varuns/Run2018D_Prompt/EGamma/crab_job_EGamma2018Dv2_3v2/190529_223037/0006/Data_EGamma2018Dv2_3v2_6992.root
name: Data_EGamma2018Dv2_3v2_6992.root
filenumber: 233
Adding FullPathInputFile to chain:/hdfs/store/user/varuns/Run2018D_Prompt/EGamma/crab_job_EGamma2018Dv2_3v2/190529_223037/0006/Data_EGamma2018Dv2_3v2_6992.root

file path found: /hdfs/store/user/varuns/Run2018D_Prompt/EGamma/crab_job_EGamma2018Dv2_3v2/190529_223037/0006/.
name: .
filenumber: 234
file path found: /hdfs/store/user/varuns/Run2018D_Prompt/EGamma/crab_job_EGamma2018Dv2_3v2/190529_223037/0006/..
name: ..
filenumber: 235
78 files added.
Initializing chain.
Coming in: 
nentries:1371706
Running over 1371706 events.
Finished entry 0/1371705
Finished entry 10000/1371705
Finished entry 20000/1371705
Finished entry 30000/1371705
Finished entry 40000/1371705
Finished entry 50000/1371705
Finished entry 60000/1371705
Finished entry 70000/1371705
Finished entry 80000/1371705
Finished entry 90000/1371705
Finished entry 100000/1371705
Finished entry 110000/1371705
Finished entry 120000/1371705
Finished entry 130000/1371705
Finished entry 140000/1371705
Finished entry 150000/1371705
Finished entry 160000/1371705
Finished entry 170000/1371705
Finished entry 180000/1371705
Finished entry 190000/1371705
Finished entry 200000/1371705
Finished entry 210000/1371705
Finished entry 220000/1371705
Finished entry 230000/1371705
Finished entry 240000/1371705
Finished entry 250000/1371705
Finished entry 260000/1371705
Finished entry 270000/1371705
Finished entry 280000/1371705
Finished entry 290000/1371705
Finished entry 300000/1371705
Finished entry 310000/1371705
Finished entry 320000/1371705
Finished entry 330000/1371705
Finished entry 340000/1371705
Finished entry 350000/1371705
Finished entry 360000/1371705
Finished entry 370000/1371705
Finished entry 380000/1371705
Finished entry 390000/1371705
Finished entry 400000/1371705
Finished entry 410000/1371705
Finished entry 420000/1371705
Finished entry 430000/1371705
Finished entry 440000/1371705
Finished entry 450000/1371705
Finished entry 460000/1371705
Finished entry 470000/1371705
Finished entry 480000/1371705
Finished entry 490000/1371705
Finished entry 500000/1371705
Finished entry 510000/1371705
Finished entry 520000/1371705
Finished entry 530000/1371705
Finished entry 540000/1371705
Finished entry 550000/1371705
Finished entry 560000/1371705
Finished entry 570000/1371705
Finished entry 580000/1371705
Finished entry 590000/1371705
Finished entry 600000/1371705
Finished entry 610000/1371705
Finished entry 620000/1371705
Finished entry 630000/1371705
Finished entry 640000/1371705
Finished entry 650000/1371705
Finished entry 660000/1371705
Finished entry 670000/1371705
Finished entry 680000/1371705
Finished entry 690000/1371705
Finished entry 700000/1371705
Finished entry 710000/1371705
Finished entry 720000/1371705
Finished entry 730000/1371705
Finished entry 740000/1371705
Finished entry 750000/1371705
Finished entry 760000/1371705
Finished entry 770000/1371705
Finished entry 780000/1371705
Finished entry 790000/1371705
Finished entry 800000/1371705
Finished entry 810000/1371705
Finished entry 820000/1371705
Finished entry 830000/1371705
Finished entry 840000/1371705
Finished entry 850000/1371705
Finished entry 860000/1371705
Finished entry 870000/1371705
Finished entry 880000/1371705
Finished entry 890000/1371705
Finished entry 900000/1371705
Finished entry 910000/1371705
Finished entry 920000/1371705
Finished entry 930000/1371705
Finished entry 940000/1371705
Finished entry 950000/1371705
Finished entry 960000/1371705
Finished entry 970000/1371705
Finished entry 980000/1371705
Finished entry 990000/1371705
Finished entry 1000000/1371705
Finished entry 1010000/1371705
Finished entry 1020000/1371705
Finished entry 1030000/1371705
Finished entry 1040000/1371705
Finished entry 1050000/1371705
Finished entry 1060000/1371705
Finished entry 1070000/1371705
Finished entry 1080000/1371705
Finished entry 1090000/1371705
Finished entry 1100000/1371705
Finished entry 1110000/1371705
Finished entry 1120000/1371705
Finished entry 1130000/1371705
Finished entry 1140000/1371705
Finished entry 1150000/1371705
Finished entry 1160000/1371705
Finished entry 1170000/1371705
Finished entry 1180000/1371705
Finished entry 1190000/1371705
Finished entry 1200000/1371705
Finished entry 1210000/1371705
Finished entry 1220000/1371705
Finished entry 1230000/1371705
Finished entry 1240000/1371705
Finished entry 1250000/1371705
Finished entry 1260000/1371705
Finished entry 1270000/1371705
Finished entry 1280000/1371705
Finished entry 1290000/1371705
Finished entry 1300000/1371705
Finished entry 1310000/1371705
Finished entry 1320000/1371705
Finished entry 1330000/1371705
Finished entry 1340000/1371705
Finished entry 1350000/1371705
Finished entry 1360000/1371705
Finished entry 1370000/1371705
