file path found: /hdfs/store/user/varuns/Run2018D_Prompt/EGamma/crab_job_EGamma2018Dv2_2/190526_233615/0004/Data_EGamma2018Dv2_2_4000.root
name: Data_EGamma2018Dv2_2_4000.root
filenumber: 0
file path found: /hdfs/store/user/varuns/Run2018D_Prompt/EGamma/crab_job_EGamma2018Dv2_2/190526_233615/0004/Data_EGamma2018Dv2_2_4001.root
name: Data_EGamma2018Dv2_2_4001.root
filenumber: 1
file path found: /hdfs/store/user/varuns/Run2018D_Prompt/EGamma/crab_job_EGamma2018Dv2_2/190526_233615/0004/Data_EGamma2018Dv2_2_4002.root
name: Data_EGamma2018Dv2_2_4002.root
filenumber: 2
file path found: /hdfs/store/user/varuns/Run2018D_Prompt/EGamma/crab_job_EGamma2018Dv2_2/190526_233615/0004/Data_EGamma2018Dv2_2_4003.root
name: Data_EGamma2018Dv2_2_4003.root
filenumber: 3
file path found: /hdfs/store/user/varuns/Run2018D_Prompt/EGamma/crab_job_EGamma2018Dv2_2/190526_233615/0004/Data_EGamma2018Dv2_2_4005.root
name: Data_EGamma2018Dv2_2_4005.root
filenumber: 4
file path found: /hdfs/store/user/varuns/Run2018D_Prompt/EGamma/crab_job_EGamma2018Dv2_2/190526_233615/0004/Data_EGamma2018Dv2_2_4007.root
name: Data_EGamma2018Dv2_2_4007.root
filenumber: 5
file path found: /hdfs/store/user/varuns/Run2018D_Prompt/EGamma/crab_job_EGamma2018Dv2_2/190526_233615/0004/Data_EGamma2018Dv2_2_4008.root
name: Data_EGamma2018Dv2_2_4008.root
filenumber: 6
file path found: /hdfs/store/user/varuns/Run2018D_Prompt/EGamma/crab_job_EGamma2018Dv2_2/190526_233615/0004/Data_EGamma2018Dv2_2_4009.root
name: Data_EGamma2018Dv2_2_4009.root
filenumber: 7
file path found: /hdfs/store/user/varuns/Run2018D_Prompt/EGamma/crab_job_EGamma2018Dv2_2/190526_233615/0004/Data_EGamma2018Dv2_2_4011.root
name: Data_EGamma2018Dv2_2_4011.root
filenumber: 8
file path found: /hdfs/store/user/varuns/Run2018D_Prompt/EGamma/crab_job_EGamma2018Dv2_2/190526_233615/0004/Data_EGamma2018Dv2_2_4012.root
name: Data_EGamma2018Dv2_2_4012.root
filenumber: 9
file path found: /hdfs/store/user/varuns/Run2018D_Prompt/EGamma/crab_job_EGamma2018Dv2_2/190526_233615/0004/Data_EGamma2018Dv2_2_4013.root
name: Data_EGamma2018Dv2_2_4013.root
filenumber: 10
file path found: /hdfs/store/user/varuns/Run2018D_Prompt/EGamma/crab_job_EGamma2018Dv2_2/190526_233615/0004/Data_EGamma2018Dv2_2_4014.root
name: Data_EGamma2018Dv2_2_4014.root
filenumber: 11
file path found: /hdfs/store/user/varuns/Run2018D_Prompt/EGamma/crab_job_EGamma2018Dv2_2/190526_233615/0004/Data_EGamma2018Dv2_2_4016.root
name: Data_EGamma2018Dv2_2_4016.root
filenumber: 12
file path found: /hdfs/store/user/varuns/Run2018D_Prompt/EGamma/crab_job_EGamma2018Dv2_2/190526_233615/0004/Data_EGamma2018Dv2_2_4017.root
name: Data_EGamma2018Dv2_2_4017.root
filenumber: 13
file path found: /hdfs/store/user/varuns/Run2018D_Prompt/EGamma/crab_job_EGamma2018Dv2_2/190526_233615/0004/Data_EGamma2018Dv2_2_4018.root
name: Data_EGamma2018Dv2_2_4018.root
filenumber: 14
file path found: /hdfs/store/user/varuns/Run2018D_Prompt/EGamma/crab_job_EGamma2018Dv2_2/190526_233615/0004/Data_EGamma2018Dv2_2_4019.root
name: Data_EGamma2018Dv2_2_4019.root
filenumber: 15
file path found: /hdfs/store/user/varuns/Run2018D_Prompt/EGamma/crab_job_EGamma2018Dv2_2/190526_233615/0004/Data_EGamma2018Dv2_2_4020.root
name: Data_EGamma2018Dv2_2_4020.root
filenumber: 16
file path found: /hdfs/store/user/varuns/Run2018D_Prompt/EGamma/crab_job_EGamma2018Dv2_2/190526_233615/0004/Data_EGamma2018Dv2_2_4021.root
name: Data_EGamma2018Dv2_2_4021.root
filenumber: 17
file path found: /hdfs/store/user/varuns/Run2018D_Prompt/EGamma/crab_job_EGamma2018Dv2_2/190526_233615/0004/Data_EGamma2018Dv2_2_4023.root
name: Data_EGamma2018Dv2_2_4023.root
filenumber: 18
file path found: /hdfs/store/user/varuns/Run2018D_Prompt/EGamma/crab_job_EGamma2018Dv2_2/190526_233615/0004/Data_EGamma2018Dv2_2_4024.root
name: Data_EGamma2018Dv2_2_4024.root
filenumber: 19
file path found: /hdfs/store/user/varuns/Run2018D_Prompt/EGamma/crab_job_EGamma2018Dv2_2/190526_233615/0004/Data_EGamma2018Dv2_2_4025.root
name: Data_EGamma2018Dv2_2_4025.root
filenumber: 20
file path found: /hdfs/store/user/varuns/Run2018D_Prompt/EGamma/crab_job_EGamma2018Dv2_2/190526_233615/0004/Data_EGamma2018Dv2_2_4026.root
name: Data_EGamma2018Dv2_2_4026.root
filenumber: 21
file path found: /hdfs/store/user/varuns/Run2018D_Prompt/EGamma/crab_job_EGamma2018Dv2_2/190526_233615/0004/Data_EGamma2018Dv2_2_4027.root
name: Data_EGamma2018Dv2_2_4027.root
filenumber: 22
file path found: /hdfs/store/user/varuns/Run2018D_Prompt/EGamma/crab_job_EGamma2018Dv2_2/190526_233615/0004/Data_EGamma2018Dv2_2_4028.root
name: Data_EGamma2018Dv2_2_4028.root
filenumber: 23
file path found: /hdfs/store/user/varuns/Run2018D_Prompt/EGamma/crab_job_EGamma2018Dv2_2/190526_233615/0004/Data_EGamma2018Dv2_2_4029.root
name: Data_EGamma2018Dv2_2_4029.root
filenumber: 24
file path found: /hdfs/store/user/varuns/Run2018D_Prompt/EGamma/crab_job_EGamma2018Dv2_2/190526_233615/0004/Data_EGamma2018Dv2_2_4030.root
name: Data_EGamma2018Dv2_2_4030.root
filenumber: 25
file path found: /hdfs/store/user/varuns/Run2018D_Prompt/EGamma/crab_job_EGamma2018Dv2_2/190526_233615/0004/Data_EGamma2018Dv2_2_4032.root
name: Data_EGamma2018Dv2_2_4032.root
filenumber: 26
file path found: /hdfs/store/user/varuns/Run2018D_Prompt/EGamma/crab_job_EGamma2018Dv2_2/190526_233615/0004/Data_EGamma2018Dv2_2_4033.root
name: Data_EGamma2018Dv2_2_4033.root
filenumber: 27
file path found: /hdfs/store/user/varuns/Run2018D_Prompt/EGamma/crab_job_EGamma2018Dv2_2/190526_233615/0004/Data_EGamma2018Dv2_2_4034.root
name: Data_EGamma2018Dv2_2_4034.root
filenumber: 28
file path found: /hdfs/store/user/varuns/Run2018D_Prompt/EGamma/crab_job_EGamma2018Dv2_2/190526_233615/0004/Data_EGamma2018Dv2_2_4036.root
name: Data_EGamma2018Dv2_2_4036.root
filenumber: 29
file path found: /hdfs/store/user/varuns/Run2018D_Prompt/EGamma/crab_job_EGamma2018Dv2_2/190526_233615/0004/Data_EGamma2018Dv2_2_4037.root
name: Data_EGamma2018Dv2_2_4037.root
filenumber: 30
file path found: /hdfs/store/user/varuns/Run2018D_Prompt/EGamma/crab_job_EGamma2018Dv2_2/190526_233615/0004/Data_EGamma2018Dv2_2_4038.root
name: Data_EGamma2018Dv2_2_4038.root
filenumber: 31
file path found: /hdfs/store/user/varuns/Run2018D_Prompt/EGamma/crab_job_EGamma2018Dv2_2/190526_233615/0004/Data_EGamma2018Dv2_2_4039.root
name: Data_EGamma2018Dv2_2_4039.root
filenumber: 32
file path found: /hdfs/store/user/varuns/Run2018D_Prompt/EGamma/crab_job_EGamma2018Dv2_2/190526_233615/0004/Data_EGamma2018Dv2_2_4040.root
name: Data_EGamma2018Dv2_2_4040.root
filenumber: 33
file path found: /hdfs/store/user/varuns/Run2018D_Prompt/EGamma/crab_job_EGamma2018Dv2_2/190526_233615/0004/Data_EGamma2018Dv2_2_4041.root
name: Data_EGamma2018Dv2_2_4041.root
filenumber: 34
file path found: /hdfs/store/user/varuns/Run2018D_Prompt/EGamma/crab_job_EGamma2018Dv2_2/190526_233615/0004/Data_EGamma2018Dv2_2_4042.root
name: Data_EGamma2018Dv2_2_4042.root
filenumber: 35
file path found: /hdfs/store/user/varuns/Run2018D_Prompt/EGamma/crab_job_EGamma2018Dv2_2/190526_233615/0004/Data_EGamma2018Dv2_2_4043.root
name: Data_EGamma2018Dv2_2_4043.root
filenumber: 36
file path found: /hdfs/store/user/varuns/Run2018D_Prompt/EGamma/crab_job_EGamma2018Dv2_2/190526_233615/0004/Data_EGamma2018Dv2_2_4044.root
name: Data_EGamma2018Dv2_2_4044.root
filenumber: 37
file path found: /hdfs/store/user/varuns/Run2018D_Prompt/EGamma/crab_job_EGamma2018Dv2_2/190526_233615/0004/Data_EGamma2018Dv2_2_4045.root
name: Data_EGamma2018Dv2_2_4045.root
filenumber: 38
file path found: /hdfs/store/user/varuns/Run2018D_Prompt/EGamma/crab_job_EGamma2018Dv2_2/190526_233615/0004/Data_EGamma2018Dv2_2_4046.root
name: Data_EGamma2018Dv2_2_4046.root
filenumber: 39
file path found: /hdfs/store/user/varuns/Run2018D_Prompt/EGamma/crab_job_EGamma2018Dv2_2/190526_233615/0004/Data_EGamma2018Dv2_2_4047.root
name: Data_EGamma2018Dv2_2_4047.root
filenumber: 40
file path found: /hdfs/store/user/varuns/Run2018D_Prompt/EGamma/crab_job_EGamma2018Dv2_2/190526_233615/0004/Data_EGamma2018Dv2_2_4048.root
name: Data_EGamma2018Dv2_2_4048.root
filenumber: 41
file path found: /hdfs/store/user/varuns/Run2018D_Prompt/EGamma/crab_job_EGamma2018Dv2_2/190526_233615/0004/Data_EGamma2018Dv2_2_4049.root
name: Data_EGamma2018Dv2_2_4049.root
filenumber: 42
file path found: /hdfs/store/user/varuns/Run2018D_Prompt/EGamma/crab_job_EGamma2018Dv2_2/190526_233615/0004/Data_EGamma2018Dv2_2_4050.root
name: Data_EGamma2018Dv2_2_4050.root
filenumber: 43
file path found: /hdfs/store/user/varuns/Run2018D_Prompt/EGamma/crab_job_EGamma2018Dv2_2/190526_233615/0004/Data_EGamma2018Dv2_2_4051.root
name: Data_EGamma2018Dv2_2_4051.root
filenumber: 44
file path found: /hdfs/store/user/varuns/Run2018D_Prompt/EGamma/crab_job_EGamma2018Dv2_2/190526_233615/0004/Data_EGamma2018Dv2_2_4052.root
name: Data_EGamma2018Dv2_2_4052.root
filenumber: 45
file path found: /hdfs/store/user/varuns/Run2018D_Prompt/EGamma/crab_job_EGamma2018Dv2_2/190526_233615/0004/Data_EGamma2018Dv2_2_4053.root
name: Data_EGamma2018Dv2_2_4053.root
filenumber: 46
file path found: /hdfs/store/user/varuns/Run2018D_Prompt/EGamma/crab_job_EGamma2018Dv2_2/190526_233615/0004/Data_EGamma2018Dv2_2_4054.root
name: Data_EGamma2018Dv2_2_4054.root
filenumber: 47
file path found: /hdfs/store/user/varuns/Run2018D_Prompt/EGamma/crab_job_EGamma2018Dv2_2/190526_233615/0004/Data_EGamma2018Dv2_2_4055.root
name: Data_EGamma2018Dv2_2_4055.root
filenumber: 48
file path found: /hdfs/store/user/varuns/Run2018D_Prompt/EGamma/crab_job_EGamma2018Dv2_2/190526_233615/0004/Data_EGamma2018Dv2_2_4056.root
name: Data_EGamma2018Dv2_2_4056.root
filenumber: 49
file path found: /hdfs/store/user/varuns/Run2018D_Prompt/EGamma/crab_job_EGamma2018Dv2_2/190526_233615/0004/Data_EGamma2018Dv2_2_4057.root
name: Data_EGamma2018Dv2_2_4057.root
filenumber: 50
file path found: /hdfs/store/user/varuns/Run2018D_Prompt/EGamma/crab_job_EGamma2018Dv2_2/190526_233615/0004/Data_EGamma2018Dv2_2_4058.root
name: Data_EGamma2018Dv2_2_4058.root
filenumber: 51
file path found: /hdfs/store/user/varuns/Run2018D_Prompt/EGamma/crab_job_EGamma2018Dv2_2/190526_233615/0004/Data_EGamma2018Dv2_2_4059.root
name: Data_EGamma2018Dv2_2_4059.root
filenumber: 52
file path found: /hdfs/store/user/varuns/Run2018D_Prompt/EGamma/crab_job_EGamma2018Dv2_2/190526_233615/0004/Data_EGamma2018Dv2_2_4060.root
name: Data_EGamma2018Dv2_2_4060.root
filenumber: 53
file path found: /hdfs/store/user/varuns/Run2018D_Prompt/EGamma/crab_job_EGamma2018Dv2_2/190526_233615/0004/Data_EGamma2018Dv2_2_4061.root
name: Data_EGamma2018Dv2_2_4061.root
filenumber: 54
file path found: /hdfs/store/user/varuns/Run2018D_Prompt/EGamma/crab_job_EGamma2018Dv2_2/190526_233615/0004/Data_EGamma2018Dv2_2_4062.root
name: Data_EGamma2018Dv2_2_4062.root
filenumber: 55
file path found: /hdfs/store/user/varuns/Run2018D_Prompt/EGamma/crab_job_EGamma2018Dv2_2/190526_233615/0004/Data_EGamma2018Dv2_2_4063.root
name: Data_EGamma2018Dv2_2_4063.root
filenumber: 56
file path found: /hdfs/store/user/varuns/Run2018D_Prompt/EGamma/crab_job_EGamma2018Dv2_2/190526_233615/0004/Data_EGamma2018Dv2_2_4064.root
name: Data_EGamma2018Dv2_2_4064.root
filenumber: 57
file path found: /hdfs/store/user/varuns/Run2018D_Prompt/EGamma/crab_job_EGamma2018Dv2_2/190526_233615/0004/Data_EGamma2018Dv2_2_4065.root
name: Data_EGamma2018Dv2_2_4065.root
filenumber: 58
file path found: /hdfs/store/user/varuns/Run2018D_Prompt/EGamma/crab_job_EGamma2018Dv2_2/190526_233615/0004/Data_EGamma2018Dv2_2_4066.root
name: Data_EGamma2018Dv2_2_4066.root
filenumber: 59
file path found: /hdfs/store/user/varuns/Run2018D_Prompt/EGamma/crab_job_EGamma2018Dv2_2/190526_233615/0004/Data_EGamma2018Dv2_2_4067.root
name: Data_EGamma2018Dv2_2_4067.root
filenumber: 60
file path found: /hdfs/store/user/varuns/Run2018D_Prompt/EGamma/crab_job_EGamma2018Dv2_2/190526_233615/0004/Data_EGamma2018Dv2_2_4068.root
name: Data_EGamma2018Dv2_2_4068.root
filenumber: 61
file path found: /hdfs/store/user/varuns/Run2018D_Prompt/EGamma/crab_job_EGamma2018Dv2_2/190526_233615/0004/Data_EGamma2018Dv2_2_4069.root
name: Data_EGamma2018Dv2_2_4069.root
filenumber: 62
file path found: /hdfs/store/user/varuns/Run2018D_Prompt/EGamma/crab_job_EGamma2018Dv2_2/190526_233615/0004/Data_EGamma2018Dv2_2_4070.root
name: Data_EGamma2018Dv2_2_4070.root
filenumber: 63
file path found: /hdfs/store/user/varuns/Run2018D_Prompt/EGamma/crab_job_EGamma2018Dv2_2/190526_233615/0004/Data_EGamma2018Dv2_2_4071.root
name: Data_EGamma2018Dv2_2_4071.root
filenumber: 64
file path found: /hdfs/store/user/varuns/Run2018D_Prompt/EGamma/crab_job_EGamma2018Dv2_2/190526_233615/0004/Data_EGamma2018Dv2_2_4072.root
name: Data_EGamma2018Dv2_2_4072.root
filenumber: 65
file path found: /hdfs/store/user/varuns/Run2018D_Prompt/EGamma/crab_job_EGamma2018Dv2_2/190526_233615/0004/Data_EGamma2018Dv2_2_4233.root
name: Data_EGamma2018Dv2_2_4233.root
filenumber: 66
file path found: /hdfs/store/user/varuns/Run2018D_Prompt/EGamma/crab_job_EGamma2018Dv2_2/190526_233615/0004/Data_EGamma2018Dv2_2_4289.root
name: Data_EGamma2018Dv2_2_4289.root
filenumber: 67
file path found: /hdfs/store/user/varuns/Run2018D_Prompt/EGamma/crab_job_EGamma2018Dv2_2/190526_233615/0004/Data_EGamma2018Dv2_2_4365.root
name: Data_EGamma2018Dv2_2_4365.root
filenumber: 68
file path found: /hdfs/store/user/varuns/Run2018D_Prompt/EGamma/crab_job_EGamma2018Dv2_2/190526_233615/0004/Data_EGamma2018Dv2_2_4622.root
name: Data_EGamma2018Dv2_2_4622.root
filenumber: 69
file path found: /hdfs/store/user/varuns/Run2018D_Prompt/EGamma/crab_job_EGamma2018Dv2_2/190526_233615/0004/Data_EGamma2018Dv2_2_4623.root
name: Data_EGamma2018Dv2_2_4623.root
filenumber: 70
file path found: /hdfs/store/user/varuns/Run2018D_Prompt/EGamma/crab_job_EGamma2018Dv2_2/190526_233615/0004/Data_EGamma2018Dv2_2_4624.root
name: Data_EGamma2018Dv2_2_4624.root
filenumber: 71
file path found: /hdfs/store/user/varuns/Run2018D_Prompt/EGamma/crab_job_EGamma2018Dv2_2/190526_233615/0004/Data_EGamma2018Dv2_2_4625.root
name: Data_EGamma2018Dv2_2_4625.root
filenumber: 72
file path found: /hdfs/store/user/varuns/Run2018D_Prompt/EGamma/crab_job_EGamma2018Dv2_2/190526_233615/0004/Data_EGamma2018Dv2_2_4626.root
name: Data_EGamma2018Dv2_2_4626.root
filenumber: 73
file path found: /hdfs/store/user/varuns/Run2018D_Prompt/EGamma/crab_job_EGamma2018Dv2_2/190526_233615/0004/Data_EGamma2018Dv2_2_4627.root
name: Data_EGamma2018Dv2_2_4627.root
filenumber: 74
file path found: /hdfs/store/user/varuns/Run2018D_Prompt/EGamma/crab_job_EGamma2018Dv2_2/190526_233615/0004/Data_EGamma2018Dv2_2_4643.root
name: Data_EGamma2018Dv2_2_4643.root
filenumber: 75
file path found: /hdfs/store/user/varuns/Run2018D_Prompt/EGamma/crab_job_EGamma2018Dv2_2/190526_233615/0004/Data_EGamma2018Dv2_2_4658.root
name: Data_EGamma2018Dv2_2_4658.root
filenumber: 76
file path found: /hdfs/store/user/varuns/Run2018D_Prompt/EGamma/crab_job_EGamma2018Dv2_2/190526_233615/0004/Data_EGamma2018Dv2_2_4659.root
name: Data_EGamma2018Dv2_2_4659.root
filenumber: 77
file path found: /hdfs/store/user/varuns/Run2018D_Prompt/EGamma/crab_job_EGamma2018Dv2_2/190526_233615/0004/Data_EGamma2018Dv2_2_4662.root
name: Data_EGamma2018Dv2_2_4662.root
filenumber: 78
Adding FullPathInputFile to chain:/hdfs/store/user/varuns/Run2018D_Prompt/EGamma/crab_job_EGamma2018Dv2_2/190526_233615/0004/Data_EGamma2018Dv2_2_4662.root

file path found: /hdfs/store/user/varuns/Run2018D_Prompt/EGamma/crab_job_EGamma2018Dv2_2/190526_233615/0004/Data_EGamma2018Dv2_2_4663.root
name: Data_EGamma2018Dv2_2_4663.root
filenumber: 79
Adding FullPathInputFile to chain:/hdfs/store/user/varuns/Run2018D_Prompt/EGamma/crab_job_EGamma2018Dv2_2/190526_233615/0004/Data_EGamma2018Dv2_2_4663.root

file path found: /hdfs/store/user/varuns/Run2018D_Prompt/EGamma/crab_job_EGamma2018Dv2_2/190526_233615/0004/Data_EGamma2018Dv2_2_4664.root
name: Data_EGamma2018Dv2_2_4664.root
filenumber: 80
Adding FullPathInputFile to chain:/hdfs/store/user/varuns/Run2018D_Prompt/EGamma/crab_job_EGamma2018Dv2_2/190526_233615/0004/Data_EGamma2018Dv2_2_4664.root

file path found: /hdfs/store/user/varuns/Run2018D_Prompt/EGamma/crab_job_EGamma2018Dv2_2/190526_233615/0004/Data_EGamma2018Dv2_2_4665.root
name: Data_EGamma2018Dv2_2_4665.root
filenumber: 81
Adding FullPathInputFile to chain:/hdfs/store/user/varuns/Run2018D_Prompt/EGamma/crab_job_EGamma2018Dv2_2/190526_233615/0004/Data_EGamma2018Dv2_2_4665.root

file path found: /hdfs/store/user/varuns/Run2018D_Prompt/EGamma/crab_job_EGamma2018Dv2_2/190526_233615/0004/Data_EGamma2018Dv2_2_4666.root
name: Data_EGamma2018Dv2_2_4666.root
filenumber: 82
Adding FullPathInputFile to chain:/hdfs/store/user/varuns/Run2018D_Prompt/EGamma/crab_job_EGamma2018Dv2_2/190526_233615/0004/Data_EGamma2018Dv2_2_4666.root

file path found: /hdfs/store/user/varuns/Run2018D_Prompt/EGamma/crab_job_EGamma2018Dv2_2/190526_233615/0004/Data_EGamma2018Dv2_2_4667.root
name: Data_EGamma2018Dv2_2_4667.root
filenumber: 83
Adding FullPathInputFile to chain:/hdfs/store/user/varuns/Run2018D_Prompt/EGamma/crab_job_EGamma2018Dv2_2/190526_233615/0004/Data_EGamma2018Dv2_2_4667.root

file path found: /hdfs/store/user/varuns/Run2018D_Prompt/EGamma/crab_job_EGamma2018Dv2_2/190526_233615/0004/Data_EGamma2018Dv2_2_4672.root
name: Data_EGamma2018Dv2_2_4672.root
filenumber: 84
Adding FullPathInputFile to chain:/hdfs/store/user/varuns/Run2018D_Prompt/EGamma/crab_job_EGamma2018Dv2_2/190526_233615/0004/Data_EGamma2018Dv2_2_4672.root

file path found: /hdfs/store/user/varuns/Run2018D_Prompt/EGamma/crab_job_EGamma2018Dv2_2/190526_233615/0004/Data_EGamma2018Dv2_2_4676.root
name: Data_EGamma2018Dv2_2_4676.root
filenumber: 85
Adding FullPathInputFile to chain:/hdfs/store/user/varuns/Run2018D_Prompt/EGamma/crab_job_EGamma2018Dv2_2/190526_233615/0004/Data_EGamma2018Dv2_2_4676.root

file path found: /hdfs/store/user/varuns/Run2018D_Prompt/EGamma/crab_job_EGamma2018Dv2_2/190526_233615/0004/Data_EGamma2018Dv2_2_4688.root
name: Data_EGamma2018Dv2_2_4688.root
filenumber: 86
Adding FullPathInputFile to chain:/hdfs/store/user/varuns/Run2018D_Prompt/EGamma/crab_job_EGamma2018Dv2_2/190526_233615/0004/Data_EGamma2018Dv2_2_4688.root

file path found: /hdfs/store/user/varuns/Run2018D_Prompt/EGamma/crab_job_EGamma2018Dv2_2/190526_233615/0004/Data_EGamma2018Dv2_2_4689.root
name: Data_EGamma2018Dv2_2_4689.root
filenumber: 87
Adding FullPathInputFile to chain:/hdfs/store/user/varuns/Run2018D_Prompt/EGamma/crab_job_EGamma2018Dv2_2/190526_233615/0004/Data_EGamma2018Dv2_2_4689.root

file path found: /hdfs/store/user/varuns/Run2018D_Prompt/EGamma/crab_job_EGamma2018Dv2_2/190526_233615/0004/Data_EGamma2018Dv2_2_4696.root
name: Data_EGamma2018Dv2_2_4696.root
filenumber: 88
Adding FullPathInputFile to chain:/hdfs/store/user/varuns/Run2018D_Prompt/EGamma/crab_job_EGamma2018Dv2_2/190526_233615/0004/Data_EGamma2018Dv2_2_4696.root

file path found: /hdfs/store/user/varuns/Run2018D_Prompt/EGamma/crab_job_EGamma2018Dv2_2/190526_233615/0004/Data_EGamma2018Dv2_2_4698.root
name: Data_EGamma2018Dv2_2_4698.root
filenumber: 89
Adding FullPathInputFile to chain:/hdfs/store/user/varuns/Run2018D_Prompt/EGamma/crab_job_EGamma2018Dv2_2/190526_233615/0004/Data_EGamma2018Dv2_2_4698.root

file path found: /hdfs/store/user/varuns/Run2018D_Prompt/EGamma/crab_job_EGamma2018Dv2_2/190526_233615/0004/Data_EGamma2018Dv2_2_4700.root
name: Data_EGamma2018Dv2_2_4700.root
filenumber: 90
Adding FullPathInputFile to chain:/hdfs/store/user/varuns/Run2018D_Prompt/EGamma/crab_job_EGamma2018Dv2_2/190526_233615/0004/Data_EGamma2018Dv2_2_4700.root

file path found: /hdfs/store/user/varuns/Run2018D_Prompt/EGamma/crab_job_EGamma2018Dv2_2/190526_233615/0004/Data_EGamma2018Dv2_2_4702.root
name: Data_EGamma2018Dv2_2_4702.root
filenumber: 91
Adding FullPathInputFile to chain:/hdfs/store/user/varuns/Run2018D_Prompt/EGamma/crab_job_EGamma2018Dv2_2/190526_233615/0004/Data_EGamma2018Dv2_2_4702.root

file path found: /hdfs/store/user/varuns/Run2018D_Prompt/EGamma/crab_job_EGamma2018Dv2_2/190526_233615/0004/Data_EGamma2018Dv2_2_4704.root
name: Data_EGamma2018Dv2_2_4704.root
filenumber: 92
Adding FullPathInputFile to chain:/hdfs/store/user/varuns/Run2018D_Prompt/EGamma/crab_job_EGamma2018Dv2_2/190526_233615/0004/Data_EGamma2018Dv2_2_4704.root

file path found: /hdfs/store/user/varuns/Run2018D_Prompt/EGamma/crab_job_EGamma2018Dv2_2/190526_233615/0004/Data_EGamma2018Dv2_2_4705.root
name: Data_EGamma2018Dv2_2_4705.root
filenumber: 93
Adding FullPathInputFile to chain:/hdfs/store/user/varuns/Run2018D_Prompt/EGamma/crab_job_EGamma2018Dv2_2/190526_233615/0004/Data_EGamma2018Dv2_2_4705.root

file path found: /hdfs/store/user/varuns/Run2018D_Prompt/EGamma/crab_job_EGamma2018Dv2_2/190526_233615/0004/Data_EGamma2018Dv2_2_4706.root
name: Data_EGamma2018Dv2_2_4706.root
filenumber: 94
Adding FullPathInputFile to chain:/hdfs/store/user/varuns/Run2018D_Prompt/EGamma/crab_job_EGamma2018Dv2_2/190526_233615/0004/Data_EGamma2018Dv2_2_4706.root

file path found: /hdfs/store/user/varuns/Run2018D_Prompt/EGamma/crab_job_EGamma2018Dv2_2/190526_233615/0004/Data_EGamma2018Dv2_2_4707.root
name: Data_EGamma2018Dv2_2_4707.root
filenumber: 95
Adding FullPathInputFile to chain:/hdfs/store/user/varuns/Run2018D_Prompt/EGamma/crab_job_EGamma2018Dv2_2/190526_233615/0004/Data_EGamma2018Dv2_2_4707.root

file path found: /hdfs/store/user/varuns/Run2018D_Prompt/EGamma/crab_job_EGamma2018Dv2_2/190526_233615/0004/Data_EGamma2018Dv2_2_4709.root
name: Data_EGamma2018Dv2_2_4709.root
filenumber: 96
Adding FullPathInputFile to chain:/hdfs/store/user/varuns/Run2018D_Prompt/EGamma/crab_job_EGamma2018Dv2_2/190526_233615/0004/Data_EGamma2018Dv2_2_4709.root

file path found: /hdfs/store/user/varuns/Run2018D_Prompt/EGamma/crab_job_EGamma2018Dv2_2/190526_233615/0004/Data_EGamma2018Dv2_2_4711.root
name: Data_EGamma2018Dv2_2_4711.root
filenumber: 97
Adding FullPathInputFile to chain:/hdfs/store/user/varuns/Run2018D_Prompt/EGamma/crab_job_EGamma2018Dv2_2/190526_233615/0004/Data_EGamma2018Dv2_2_4711.root

file path found: /hdfs/store/user/varuns/Run2018D_Prompt/EGamma/crab_job_EGamma2018Dv2_2/190526_233615/0004/Data_EGamma2018Dv2_2_4713.root
name: Data_EGamma2018Dv2_2_4713.root
filenumber: 98
Adding FullPathInputFile to chain:/hdfs/store/user/varuns/Run2018D_Prompt/EGamma/crab_job_EGamma2018Dv2_2/190526_233615/0004/Data_EGamma2018Dv2_2_4713.root

file path found: /hdfs/store/user/varuns/Run2018D_Prompt/EGamma/crab_job_EGamma2018Dv2_2/190526_233615/0004/Data_EGamma2018Dv2_2_4715.root
name: Data_EGamma2018Dv2_2_4715.root
filenumber: 99
Adding FullPathInputFile to chain:/hdfs/store/user/varuns/Run2018D_Prompt/EGamma/crab_job_EGamma2018Dv2_2/190526_233615/0004/Data_EGamma2018Dv2_2_4715.root

file path found: /hdfs/store/user/varuns/Run2018D_Prompt/EGamma/crab_job_EGamma2018Dv2_2/190526_233615/0004/Data_EGamma2018Dv2_2_4716.root
name: Data_EGamma2018Dv2_2_4716.root
filenumber: 100
Adding FullPathInputFile to chain:/hdfs/store/user/varuns/Run2018D_Prompt/EGamma/crab_job_EGamma2018Dv2_2/190526_233615/0004/Data_EGamma2018Dv2_2_4716.root

file path found: /hdfs/store/user/varuns/Run2018D_Prompt/EGamma/crab_job_EGamma2018Dv2_2/190526_233615/0004/Data_EGamma2018Dv2_2_4718.root
name: Data_EGamma2018Dv2_2_4718.root
filenumber: 101
Adding FullPathInputFile to chain:/hdfs/store/user/varuns/Run2018D_Prompt/EGamma/crab_job_EGamma2018Dv2_2/190526_233615/0004/Data_EGamma2018Dv2_2_4718.root

file path found: /hdfs/store/user/varuns/Run2018D_Prompt/EGamma/crab_job_EGamma2018Dv2_2/190526_233615/0004/Data_EGamma2018Dv2_2_4719.root
name: Data_EGamma2018Dv2_2_4719.root
filenumber: 102
Adding FullPathInputFile to chain:/hdfs/store/user/varuns/Run2018D_Prompt/EGamma/crab_job_EGamma2018Dv2_2/190526_233615/0004/Data_EGamma2018Dv2_2_4719.root

file path found: /hdfs/store/user/varuns/Run2018D_Prompt/EGamma/crab_job_EGamma2018Dv2_2/190526_233615/0004/Data_EGamma2018Dv2_2_4721.root
name: Data_EGamma2018Dv2_2_4721.root
filenumber: 103
Adding FullPathInputFile to chain:/hdfs/store/user/varuns/Run2018D_Prompt/EGamma/crab_job_EGamma2018Dv2_2/190526_233615/0004/Data_EGamma2018Dv2_2_4721.root

file path found: /hdfs/store/user/varuns/Run2018D_Prompt/EGamma/crab_job_EGamma2018Dv2_2/190526_233615/0004/Data_EGamma2018Dv2_2_4722.root
name: Data_EGamma2018Dv2_2_4722.root
filenumber: 104
Adding FullPathInputFile to chain:/hdfs/store/user/varuns/Run2018D_Prompt/EGamma/crab_job_EGamma2018Dv2_2/190526_233615/0004/Data_EGamma2018Dv2_2_4722.root

file path found: /hdfs/store/user/varuns/Run2018D_Prompt/EGamma/crab_job_EGamma2018Dv2_2/190526_233615/0004/Data_EGamma2018Dv2_2_4724.root
name: Data_EGamma2018Dv2_2_4724.root
filenumber: 105
Adding FullPathInputFile to chain:/hdfs/store/user/varuns/Run2018D_Prompt/EGamma/crab_job_EGamma2018Dv2_2/190526_233615/0004/Data_EGamma2018Dv2_2_4724.root

file path found: /hdfs/store/user/varuns/Run2018D_Prompt/EGamma/crab_job_EGamma2018Dv2_2/190526_233615/0004/Data_EGamma2018Dv2_2_4726.root
name: Data_EGamma2018Dv2_2_4726.root
filenumber: 106
Adding FullPathInputFile to chain:/hdfs/store/user/varuns/Run2018D_Prompt/EGamma/crab_job_EGamma2018Dv2_2/190526_233615/0004/Data_EGamma2018Dv2_2_4726.root

file path found: /hdfs/store/user/varuns/Run2018D_Prompt/EGamma/crab_job_EGamma2018Dv2_2/190526_233615/0004/Data_EGamma2018Dv2_2_4727.root
name: Data_EGamma2018Dv2_2_4727.root
filenumber: 107
Adding FullPathInputFile to chain:/hdfs/store/user/varuns/Run2018D_Prompt/EGamma/crab_job_EGamma2018Dv2_2/190526_233615/0004/Data_EGamma2018Dv2_2_4727.root

file path found: /hdfs/store/user/varuns/Run2018D_Prompt/EGamma/crab_job_EGamma2018Dv2_2/190526_233615/0004/Data_EGamma2018Dv2_2_4731.root
name: Data_EGamma2018Dv2_2_4731.root
filenumber: 108
Adding FullPathInputFile to chain:/hdfs/store/user/varuns/Run2018D_Prompt/EGamma/crab_job_EGamma2018Dv2_2/190526_233615/0004/Data_EGamma2018Dv2_2_4731.root

file path found: /hdfs/store/user/varuns/Run2018D_Prompt/EGamma/crab_job_EGamma2018Dv2_2/190526_233615/0004/Data_EGamma2018Dv2_2_4732.root
name: Data_EGamma2018Dv2_2_4732.root
filenumber: 109
Adding FullPathInputFile to chain:/hdfs/store/user/varuns/Run2018D_Prompt/EGamma/crab_job_EGamma2018Dv2_2/190526_233615/0004/Data_EGamma2018Dv2_2_4732.root

file path found: /hdfs/store/user/varuns/Run2018D_Prompt/EGamma/crab_job_EGamma2018Dv2_2/190526_233615/0004/Data_EGamma2018Dv2_2_4733.root
name: Data_EGamma2018Dv2_2_4733.root
filenumber: 110
Adding FullPathInputFile to chain:/hdfs/store/user/varuns/Run2018D_Prompt/EGamma/crab_job_EGamma2018Dv2_2/190526_233615/0004/Data_EGamma2018Dv2_2_4733.root

file path found: /hdfs/store/user/varuns/Run2018D_Prompt/EGamma/crab_job_EGamma2018Dv2_2/190526_233615/0004/Data_EGamma2018Dv2_2_4734.root
name: Data_EGamma2018Dv2_2_4734.root
filenumber: 111
Adding FullPathInputFile to chain:/hdfs/store/user/varuns/Run2018D_Prompt/EGamma/crab_job_EGamma2018Dv2_2/190526_233615/0004/Data_EGamma2018Dv2_2_4734.root

file path found: /hdfs/store/user/varuns/Run2018D_Prompt/EGamma/crab_job_EGamma2018Dv2_2/190526_233615/0004/Data_EGamma2018Dv2_2_4735.root
name: Data_EGamma2018Dv2_2_4735.root
filenumber: 112
Adding FullPathInputFile to chain:/hdfs/store/user/varuns/Run2018D_Prompt/EGamma/crab_job_EGamma2018Dv2_2/190526_233615/0004/Data_EGamma2018Dv2_2_4735.root

file path found: /hdfs/store/user/varuns/Run2018D_Prompt/EGamma/crab_job_EGamma2018Dv2_2/190526_233615/0004/Data_EGamma2018Dv2_2_4736.root
name: Data_EGamma2018Dv2_2_4736.root
filenumber: 113
Adding FullPathInputFile to chain:/hdfs/store/user/varuns/Run2018D_Prompt/EGamma/crab_job_EGamma2018Dv2_2/190526_233615/0004/Data_EGamma2018Dv2_2_4736.root

file path found: /hdfs/store/user/varuns/Run2018D_Prompt/EGamma/crab_job_EGamma2018Dv2_2/190526_233615/0004/Data_EGamma2018Dv2_2_4737.root
name: Data_EGamma2018Dv2_2_4737.root
filenumber: 114
Adding FullPathInputFile to chain:/hdfs/store/user/varuns/Run2018D_Prompt/EGamma/crab_job_EGamma2018Dv2_2/190526_233615/0004/Data_EGamma2018Dv2_2_4737.root

file path found: /hdfs/store/user/varuns/Run2018D_Prompt/EGamma/crab_job_EGamma2018Dv2_2/190526_233615/0004/Data_EGamma2018Dv2_2_4738.root
name: Data_EGamma2018Dv2_2_4738.root
filenumber: 115
Adding FullPathInputFile to chain:/hdfs/store/user/varuns/Run2018D_Prompt/EGamma/crab_job_EGamma2018Dv2_2/190526_233615/0004/Data_EGamma2018Dv2_2_4738.root

file path found: /hdfs/store/user/varuns/Run2018D_Prompt/EGamma/crab_job_EGamma2018Dv2_2/190526_233615/0004/Data_EGamma2018Dv2_2_4739.root
name: Data_EGamma2018Dv2_2_4739.root
filenumber: 116
Adding FullPathInputFile to chain:/hdfs/store/user/varuns/Run2018D_Prompt/EGamma/crab_job_EGamma2018Dv2_2/190526_233615/0004/Data_EGamma2018Dv2_2_4739.root

file path found: /hdfs/store/user/varuns/Run2018D_Prompt/EGamma/crab_job_EGamma2018Dv2_2/190526_233615/0004/Data_EGamma2018Dv2_2_4740.root
name: Data_EGamma2018Dv2_2_4740.root
filenumber: 117
Adding FullPathInputFile to chain:/hdfs/store/user/varuns/Run2018D_Prompt/EGamma/crab_job_EGamma2018Dv2_2/190526_233615/0004/Data_EGamma2018Dv2_2_4740.root

file path found: /hdfs/store/user/varuns/Run2018D_Prompt/EGamma/crab_job_EGamma2018Dv2_2/190526_233615/0004/Data_EGamma2018Dv2_2_4741.root
name: Data_EGamma2018Dv2_2_4741.root
filenumber: 118
Adding FullPathInputFile to chain:/hdfs/store/user/varuns/Run2018D_Prompt/EGamma/crab_job_EGamma2018Dv2_2/190526_233615/0004/Data_EGamma2018Dv2_2_4741.root

file path found: /hdfs/store/user/varuns/Run2018D_Prompt/EGamma/crab_job_EGamma2018Dv2_2/190526_233615/0004/Data_EGamma2018Dv2_2_4742.root
name: Data_EGamma2018Dv2_2_4742.root
filenumber: 119
Adding FullPathInputFile to chain:/hdfs/store/user/varuns/Run2018D_Prompt/EGamma/crab_job_EGamma2018Dv2_2/190526_233615/0004/Data_EGamma2018Dv2_2_4742.root

file path found: /hdfs/store/user/varuns/Run2018D_Prompt/EGamma/crab_job_EGamma2018Dv2_2/190526_233615/0004/Data_EGamma2018Dv2_2_4744.root
name: Data_EGamma2018Dv2_2_4744.root
filenumber: 120
Adding FullPathInputFile to chain:/hdfs/store/user/varuns/Run2018D_Prompt/EGamma/crab_job_EGamma2018Dv2_2/190526_233615/0004/Data_EGamma2018Dv2_2_4744.root

file path found: /hdfs/store/user/varuns/Run2018D_Prompt/EGamma/crab_job_EGamma2018Dv2_2/190526_233615/0004/Data_EGamma2018Dv2_2_4745.root
name: Data_EGamma2018Dv2_2_4745.root
filenumber: 121
Adding FullPathInputFile to chain:/hdfs/store/user/varuns/Run2018D_Prompt/EGamma/crab_job_EGamma2018Dv2_2/190526_233615/0004/Data_EGamma2018Dv2_2_4745.root

file path found: /hdfs/store/user/varuns/Run2018D_Prompt/EGamma/crab_job_EGamma2018Dv2_2/190526_233615/0004/Data_EGamma2018Dv2_2_4746.root
name: Data_EGamma2018Dv2_2_4746.root
filenumber: 122
Adding FullPathInputFile to chain:/hdfs/store/user/varuns/Run2018D_Prompt/EGamma/crab_job_EGamma2018Dv2_2/190526_233615/0004/Data_EGamma2018Dv2_2_4746.root

file path found: /hdfs/store/user/varuns/Run2018D_Prompt/EGamma/crab_job_EGamma2018Dv2_2/190526_233615/0004/Data_EGamma2018Dv2_2_4747.root
name: Data_EGamma2018Dv2_2_4747.root
filenumber: 123
Adding FullPathInputFile to chain:/hdfs/store/user/varuns/Run2018D_Prompt/EGamma/crab_job_EGamma2018Dv2_2/190526_233615/0004/Data_EGamma2018Dv2_2_4747.root

file path found: /hdfs/store/user/varuns/Run2018D_Prompt/EGamma/crab_job_EGamma2018Dv2_2/190526_233615/0004/Data_EGamma2018Dv2_2_4748.root
name: Data_EGamma2018Dv2_2_4748.root
filenumber: 124
Adding FullPathInputFile to chain:/hdfs/store/user/varuns/Run2018D_Prompt/EGamma/crab_job_EGamma2018Dv2_2/190526_233615/0004/Data_EGamma2018Dv2_2_4748.root

file path found: /hdfs/store/user/varuns/Run2018D_Prompt/EGamma/crab_job_EGamma2018Dv2_2/190526_233615/0004/Data_EGamma2018Dv2_2_4749.root
name: Data_EGamma2018Dv2_2_4749.root
filenumber: 125
Adding FullPathInputFile to chain:/hdfs/store/user/varuns/Run2018D_Prompt/EGamma/crab_job_EGamma2018Dv2_2/190526_233615/0004/Data_EGamma2018Dv2_2_4749.root

file path found: /hdfs/store/user/varuns/Run2018D_Prompt/EGamma/crab_job_EGamma2018Dv2_2/190526_233615/0004/Data_EGamma2018Dv2_2_4750.root
name: Data_EGamma2018Dv2_2_4750.root
filenumber: 126
Adding FullPathInputFile to chain:/hdfs/store/user/varuns/Run2018D_Prompt/EGamma/crab_job_EGamma2018Dv2_2/190526_233615/0004/Data_EGamma2018Dv2_2_4750.root

file path found: /hdfs/store/user/varuns/Run2018D_Prompt/EGamma/crab_job_EGamma2018Dv2_2/190526_233615/0004/Data_EGamma2018Dv2_2_4751.root
name: Data_EGamma2018Dv2_2_4751.root
filenumber: 127
Adding FullPathInputFile to chain:/hdfs/store/user/varuns/Run2018D_Prompt/EGamma/crab_job_EGamma2018Dv2_2/190526_233615/0004/Data_EGamma2018Dv2_2_4751.root

file path found: /hdfs/store/user/varuns/Run2018D_Prompt/EGamma/crab_job_EGamma2018Dv2_2/190526_233615/0004/Data_EGamma2018Dv2_2_4752.root
name: Data_EGamma2018Dv2_2_4752.root
filenumber: 128
Adding FullPathInputFile to chain:/hdfs/store/user/varuns/Run2018D_Prompt/EGamma/crab_job_EGamma2018Dv2_2/190526_233615/0004/Data_EGamma2018Dv2_2_4752.root

file path found: /hdfs/store/user/varuns/Run2018D_Prompt/EGamma/crab_job_EGamma2018Dv2_2/190526_233615/0004/Data_EGamma2018Dv2_2_4753.root
name: Data_EGamma2018Dv2_2_4753.root
filenumber: 129
Adding FullPathInputFile to chain:/hdfs/store/user/varuns/Run2018D_Prompt/EGamma/crab_job_EGamma2018Dv2_2/190526_233615/0004/Data_EGamma2018Dv2_2_4753.root

file path found: /hdfs/store/user/varuns/Run2018D_Prompt/EGamma/crab_job_EGamma2018Dv2_2/190526_233615/0004/Data_EGamma2018Dv2_2_4754.root
name: Data_EGamma2018Dv2_2_4754.root
filenumber: 130
Adding FullPathInputFile to chain:/hdfs/store/user/varuns/Run2018D_Prompt/EGamma/crab_job_EGamma2018Dv2_2/190526_233615/0004/Data_EGamma2018Dv2_2_4754.root

file path found: /hdfs/store/user/varuns/Run2018D_Prompt/EGamma/crab_job_EGamma2018Dv2_2/190526_233615/0004/Data_EGamma2018Dv2_2_4755.root
name: Data_EGamma2018Dv2_2_4755.root
filenumber: 131
Adding FullPathInputFile to chain:/hdfs/store/user/varuns/Run2018D_Prompt/EGamma/crab_job_EGamma2018Dv2_2/190526_233615/0004/Data_EGamma2018Dv2_2_4755.root

file path found: /hdfs/store/user/varuns/Run2018D_Prompt/EGamma/crab_job_EGamma2018Dv2_2/190526_233615/0004/Data_EGamma2018Dv2_2_4756.root
name: Data_EGamma2018Dv2_2_4756.root
filenumber: 132
Adding FullPathInputFile to chain:/hdfs/store/user/varuns/Run2018D_Prompt/EGamma/crab_job_EGamma2018Dv2_2/190526_233615/0004/Data_EGamma2018Dv2_2_4756.root

file path found: /hdfs/store/user/varuns/Run2018D_Prompt/EGamma/crab_job_EGamma2018Dv2_2/190526_233615/0004/Data_EGamma2018Dv2_2_4757.root
name: Data_EGamma2018Dv2_2_4757.root
filenumber: 133
Adding FullPathInputFile to chain:/hdfs/store/user/varuns/Run2018D_Prompt/EGamma/crab_job_EGamma2018Dv2_2/190526_233615/0004/Data_EGamma2018Dv2_2_4757.root

file path found: /hdfs/store/user/varuns/Run2018D_Prompt/EGamma/crab_job_EGamma2018Dv2_2/190526_233615/0004/Data_EGamma2018Dv2_2_4759.root
name: Data_EGamma2018Dv2_2_4759.root
filenumber: 134
Adding FullPathInputFile to chain:/hdfs/store/user/varuns/Run2018D_Prompt/EGamma/crab_job_EGamma2018Dv2_2/190526_233615/0004/Data_EGamma2018Dv2_2_4759.root

file path found: /hdfs/store/user/varuns/Run2018D_Prompt/EGamma/crab_job_EGamma2018Dv2_2/190526_233615/0004/Data_EGamma2018Dv2_2_4760.root
name: Data_EGamma2018Dv2_2_4760.root
filenumber: 135
Adding FullPathInputFile to chain:/hdfs/store/user/varuns/Run2018D_Prompt/EGamma/crab_job_EGamma2018Dv2_2/190526_233615/0004/Data_EGamma2018Dv2_2_4760.root

file path found: /hdfs/store/user/varuns/Run2018D_Prompt/EGamma/crab_job_EGamma2018Dv2_2/190526_233615/0004/Data_EGamma2018Dv2_2_4761.root
name: Data_EGamma2018Dv2_2_4761.root
filenumber: 136
Adding FullPathInputFile to chain:/hdfs/store/user/varuns/Run2018D_Prompt/EGamma/crab_job_EGamma2018Dv2_2/190526_233615/0004/Data_EGamma2018Dv2_2_4761.root

file path found: /hdfs/store/user/varuns/Run2018D_Prompt/EGamma/crab_job_EGamma2018Dv2_2/190526_233615/0004/Data_EGamma2018Dv2_2_4762.root
name: Data_EGamma2018Dv2_2_4762.root
filenumber: 137
Adding FullPathInputFile to chain:/hdfs/store/user/varuns/Run2018D_Prompt/EGamma/crab_job_EGamma2018Dv2_2/190526_233615/0004/Data_EGamma2018Dv2_2_4762.root

file path found: /hdfs/store/user/varuns/Run2018D_Prompt/EGamma/crab_job_EGamma2018Dv2_2/190526_233615/0004/Data_EGamma2018Dv2_2_4763.root
name: Data_EGamma2018Dv2_2_4763.root
filenumber: 138
Adding FullPathInputFile to chain:/hdfs/store/user/varuns/Run2018D_Prompt/EGamma/crab_job_EGamma2018Dv2_2/190526_233615/0004/Data_EGamma2018Dv2_2_4763.root

file path found: /hdfs/store/user/varuns/Run2018D_Prompt/EGamma/crab_job_EGamma2018Dv2_2/190526_233615/0004/Data_EGamma2018Dv2_2_4764.root
name: Data_EGamma2018Dv2_2_4764.root
filenumber: 139
Adding FullPathInputFile to chain:/hdfs/store/user/varuns/Run2018D_Prompt/EGamma/crab_job_EGamma2018Dv2_2/190526_233615/0004/Data_EGamma2018Dv2_2_4764.root

file path found: /hdfs/store/user/varuns/Run2018D_Prompt/EGamma/crab_job_EGamma2018Dv2_2/190526_233615/0004/Data_EGamma2018Dv2_2_4765.root
name: Data_EGamma2018Dv2_2_4765.root
filenumber: 140
Adding FullPathInputFile to chain:/hdfs/store/user/varuns/Run2018D_Prompt/EGamma/crab_job_EGamma2018Dv2_2/190526_233615/0004/Data_EGamma2018Dv2_2_4765.root

file path found: /hdfs/store/user/varuns/Run2018D_Prompt/EGamma/crab_job_EGamma2018Dv2_2/190526_233615/0004/Data_EGamma2018Dv2_2_4766.root
name: Data_EGamma2018Dv2_2_4766.root
filenumber: 141
Adding FullPathInputFile to chain:/hdfs/store/user/varuns/Run2018D_Prompt/EGamma/crab_job_EGamma2018Dv2_2/190526_233615/0004/Data_EGamma2018Dv2_2_4766.root

file path found: /hdfs/store/user/varuns/Run2018D_Prompt/EGamma/crab_job_EGamma2018Dv2_2/190526_233615/0004/Data_EGamma2018Dv2_2_4767.root
name: Data_EGamma2018Dv2_2_4767.root
filenumber: 142
Adding FullPathInputFile to chain:/hdfs/store/user/varuns/Run2018D_Prompt/EGamma/crab_job_EGamma2018Dv2_2/190526_233615/0004/Data_EGamma2018Dv2_2_4767.root

file path found: /hdfs/store/user/varuns/Run2018D_Prompt/EGamma/crab_job_EGamma2018Dv2_2/190526_233615/0004/Data_EGamma2018Dv2_2_4768.root
name: Data_EGamma2018Dv2_2_4768.root
filenumber: 143
Adding FullPathInputFile to chain:/hdfs/store/user/varuns/Run2018D_Prompt/EGamma/crab_job_EGamma2018Dv2_2/190526_233615/0004/Data_EGamma2018Dv2_2_4768.root

file path found: /hdfs/store/user/varuns/Run2018D_Prompt/EGamma/crab_job_EGamma2018Dv2_2/190526_233615/0004/Data_EGamma2018Dv2_2_4769.root
name: Data_EGamma2018Dv2_2_4769.root
filenumber: 144
Adding FullPathInputFile to chain:/hdfs/store/user/varuns/Run2018D_Prompt/EGamma/crab_job_EGamma2018Dv2_2/190526_233615/0004/Data_EGamma2018Dv2_2_4769.root

file path found: /hdfs/store/user/varuns/Run2018D_Prompt/EGamma/crab_job_EGamma2018Dv2_2/190526_233615/0004/Data_EGamma2018Dv2_2_4770.root
name: Data_EGamma2018Dv2_2_4770.root
filenumber: 145
Adding FullPathInputFile to chain:/hdfs/store/user/varuns/Run2018D_Prompt/EGamma/crab_job_EGamma2018Dv2_2/190526_233615/0004/Data_EGamma2018Dv2_2_4770.root

file path found: /hdfs/store/user/varuns/Run2018D_Prompt/EGamma/crab_job_EGamma2018Dv2_2/190526_233615/0004/Data_EGamma2018Dv2_2_4771.root
name: Data_EGamma2018Dv2_2_4771.root
filenumber: 146
Adding FullPathInputFile to chain:/hdfs/store/user/varuns/Run2018D_Prompt/EGamma/crab_job_EGamma2018Dv2_2/190526_233615/0004/Data_EGamma2018Dv2_2_4771.root

file path found: /hdfs/store/user/varuns/Run2018D_Prompt/EGamma/crab_job_EGamma2018Dv2_2/190526_233615/0004/Data_EGamma2018Dv2_2_4772.root
name: Data_EGamma2018Dv2_2_4772.root
filenumber: 147
Adding FullPathInputFile to chain:/hdfs/store/user/varuns/Run2018D_Prompt/EGamma/crab_job_EGamma2018Dv2_2/190526_233615/0004/Data_EGamma2018Dv2_2_4772.root

file path found: /hdfs/store/user/varuns/Run2018D_Prompt/EGamma/crab_job_EGamma2018Dv2_2/190526_233615/0004/Data_EGamma2018Dv2_2_4773.root
name: Data_EGamma2018Dv2_2_4773.root
filenumber: 148
Adding FullPathInputFile to chain:/hdfs/store/user/varuns/Run2018D_Prompt/EGamma/crab_job_EGamma2018Dv2_2/190526_233615/0004/Data_EGamma2018Dv2_2_4773.root

file path found: /hdfs/store/user/varuns/Run2018D_Prompt/EGamma/crab_job_EGamma2018Dv2_2/190526_233615/0004/Data_EGamma2018Dv2_2_4774.root
name: Data_EGamma2018Dv2_2_4774.root
filenumber: 149
Adding FullPathInputFile to chain:/hdfs/store/user/varuns/Run2018D_Prompt/EGamma/crab_job_EGamma2018Dv2_2/190526_233615/0004/Data_EGamma2018Dv2_2_4774.root

file path found: /hdfs/store/user/varuns/Run2018D_Prompt/EGamma/crab_job_EGamma2018Dv2_2/190526_233615/0004/Data_EGamma2018Dv2_2_4775.root
name: Data_EGamma2018Dv2_2_4775.root
filenumber: 150
Adding FullPathInputFile to chain:/hdfs/store/user/varuns/Run2018D_Prompt/EGamma/crab_job_EGamma2018Dv2_2/190526_233615/0004/Data_EGamma2018Dv2_2_4775.root

file path found: /hdfs/store/user/varuns/Run2018D_Prompt/EGamma/crab_job_EGamma2018Dv2_2/190526_233615/0004/Data_EGamma2018Dv2_2_4776.root
name: Data_EGamma2018Dv2_2_4776.root
filenumber: 151
Adding FullPathInputFile to chain:/hdfs/store/user/varuns/Run2018D_Prompt/EGamma/crab_job_EGamma2018Dv2_2/190526_233615/0004/Data_EGamma2018Dv2_2_4776.root

file path found: /hdfs/store/user/varuns/Run2018D_Prompt/EGamma/crab_job_EGamma2018Dv2_2/190526_233615/0004/Data_EGamma2018Dv2_2_4777.root
name: Data_EGamma2018Dv2_2_4777.root
filenumber: 152
Adding FullPathInputFile to chain:/hdfs/store/user/varuns/Run2018D_Prompt/EGamma/crab_job_EGamma2018Dv2_2/190526_233615/0004/Data_EGamma2018Dv2_2_4777.root

file path found: /hdfs/store/user/varuns/Run2018D_Prompt/EGamma/crab_job_EGamma2018Dv2_2/190526_233615/0004/Data_EGamma2018Dv2_2_4778.root
name: Data_EGamma2018Dv2_2_4778.root
filenumber: 153
Adding FullPathInputFile to chain:/hdfs/store/user/varuns/Run2018D_Prompt/EGamma/crab_job_EGamma2018Dv2_2/190526_233615/0004/Data_EGamma2018Dv2_2_4778.root

file path found: /hdfs/store/user/varuns/Run2018D_Prompt/EGamma/crab_job_EGamma2018Dv2_2/190526_233615/0004/Data_EGamma2018Dv2_2_4779.root
name: Data_EGamma2018Dv2_2_4779.root
filenumber: 154
Adding FullPathInputFile to chain:/hdfs/store/user/varuns/Run2018D_Prompt/EGamma/crab_job_EGamma2018Dv2_2/190526_233615/0004/Data_EGamma2018Dv2_2_4779.root

file path found: /hdfs/store/user/varuns/Run2018D_Prompt/EGamma/crab_job_EGamma2018Dv2_2/190526_233615/0004/Data_EGamma2018Dv2_2_4780.root
name: Data_EGamma2018Dv2_2_4780.root
filenumber: 155
Adding FullPathInputFile to chain:/hdfs/store/user/varuns/Run2018D_Prompt/EGamma/crab_job_EGamma2018Dv2_2/190526_233615/0004/Data_EGamma2018Dv2_2_4780.root

file path found: /hdfs/store/user/varuns/Run2018D_Prompt/EGamma/crab_job_EGamma2018Dv2_2/190526_233615/0004/Data_EGamma2018Dv2_2_4781.root
name: Data_EGamma2018Dv2_2_4781.root
filenumber: 156
Adding FullPathInputFile to chain:/hdfs/store/user/varuns/Run2018D_Prompt/EGamma/crab_job_EGamma2018Dv2_2/190526_233615/0004/Data_EGamma2018Dv2_2_4781.root

file path found: /hdfs/store/user/varuns/Run2018D_Prompt/EGamma/crab_job_EGamma2018Dv2_2/190526_233615/0004/.
name: .
filenumber: 157
file path found: /hdfs/store/user/varuns/Run2018D_Prompt/EGamma/crab_job_EGamma2018Dv2_2/190526_233615/0004/..
name: ..
filenumber: 158
79 files added.
Initializing chain.
Coming in: 
nentries:1374819
Running over 1374819 events.
Finished entry 0/1374818
Finished entry 10000/1374818
Finished entry 20000/1374818
Finished entry 30000/1374818
Finished entry 40000/1374818
Finished entry 50000/1374818
Finished entry 60000/1374818
Finished entry 70000/1374818
Finished entry 80000/1374818
Finished entry 90000/1374818
Finished entry 100000/1374818
Finished entry 110000/1374818
Finished entry 120000/1374818
Finished entry 130000/1374818
Finished entry 140000/1374818
Finished entry 150000/1374818
Finished entry 160000/1374818
Finished entry 170000/1374818
Finished entry 180000/1374818
Finished entry 190000/1374818
Finished entry 200000/1374818
Finished entry 210000/1374818
Finished entry 220000/1374818
Finished entry 230000/1374818
Finished entry 240000/1374818
Finished entry 250000/1374818
Finished entry 260000/1374818
Finished entry 270000/1374818
Finished entry 280000/1374818
Finished entry 290000/1374818
Finished entry 300000/1374818
Finished entry 310000/1374818
Finished entry 320000/1374818
Finished entry 330000/1374818
Finished entry 340000/1374818
Finished entry 350000/1374818
Finished entry 360000/1374818
Finished entry 370000/1374818
Finished entry 380000/1374818
Finished entry 390000/1374818
Finished entry 400000/1374818
Finished entry 410000/1374818
Finished entry 420000/1374818
Finished entry 430000/1374818
Finished entry 440000/1374818
Finished entry 450000/1374818
Finished entry 460000/1374818
Finished entry 470000/1374818
Finished entry 480000/1374818
Finished entry 490000/1374818
Finished entry 500000/1374818
Finished entry 510000/1374818
Finished entry 520000/1374818
Finished entry 530000/1374818
Finished entry 540000/1374818
Finished entry 550000/1374818
Finished entry 560000/1374818
Finished entry 570000/1374818
Finished entry 580000/1374818
Finished entry 590000/1374818
Finished entry 600000/1374818
Finished entry 610000/1374818
Finished entry 620000/1374818
Finished entry 630000/1374818
Finished entry 640000/1374818
Finished entry 650000/1374818
Finished entry 660000/1374818
Finished entry 670000/1374818
Finished entry 680000/1374818
Finished entry 690000/1374818
Finished entry 700000/1374818
Finished entry 710000/1374818
Finished entry 720000/1374818
Finished entry 730000/1374818
Finished entry 740000/1374818
Finished entry 750000/1374818
Finished entry 760000/1374818
Finished entry 770000/1374818
Finished entry 780000/1374818
Finished entry 790000/1374818
Finished entry 800000/1374818
Finished entry 810000/1374818
Finished entry 820000/1374818
Finished entry 830000/1374818
Finished entry 840000/1374818
Finished entry 850000/1374818
Finished entry 860000/1374818
Finished entry 870000/1374818
Finished entry 880000/1374818
Finished entry 890000/1374818
Finished entry 900000/1374818
Finished entry 910000/1374818
Finished entry 920000/1374818
Finished entry 930000/1374818
Finished entry 940000/1374818
Finished entry 950000/1374818
Finished entry 960000/1374818
Finished entry 970000/1374818
Finished entry 980000/1374818
Finished entry 990000/1374818
Finished entry 1000000/1374818
Finished entry 1010000/1374818
Finished entry 1020000/1374818
Finished entry 1030000/1374818
Finished entry 1040000/1374818
Finished entry 1050000/1374818
Finished entry 1060000/1374818
Finished entry 1070000/1374818
Finished entry 1080000/1374818
Finished entry 1090000/1374818
Finished entry 1100000/1374818
Finished entry 1110000/1374818
Finished entry 1120000/1374818
Finished entry 1130000/1374818
Finished entry 1140000/1374818
Finished entry 1150000/1374818
Finished entry 1160000/1374818
Finished entry 1170000/1374818
Finished entry 1180000/1374818
Finished entry 1190000/1374818
Finished entry 1200000/1374818
Finished entry 1210000/1374818
Finished entry 1220000/1374818
Finished entry 1230000/1374818
Finished entry 1240000/1374818
Finished entry 1250000/1374818
Finished entry 1260000/1374818
Finished entry 1270000/1374818
Finished entry 1280000/1374818
Finished entry 1290000/1374818
Finished entry 1300000/1374818
Finished entry 1310000/1374818
Finished entry 1320000/1374818
Finished entry 1330000/1374818
Finished entry 1340000/1374818
Finished entry 1350000/1374818
Finished entry 1360000/1374818
Finished entry 1370000/1374818
