000 (1262614.012.000) 07/25 12:34:31 Job submitted from host: <144.92.180.28:9618?addrs=144.92.180.28-9618+[2607-f388-101c-1000--370]-9618&noUDP&sock=5187_6dd5_82>
...
001 (1262614.012.000) 07/25 14:19:03 Job executing on host: <128.104.227.96:9618?addrs=128.104.227.96-9618+[2607-f388-101c-1000--629]-9618&noUDP&sock=11979_2d15_3>
...
006 (1262614.012.000) 07/25 14:19:11 Image size of job updated: 206524
	107  -  MemoryUsage of job (MB)
	108604  -  ResidentSetSize of job (KB)
...
005 (1262614.012.000) 07/25 14:27:11 Job terminated.
	(1) Normal termination (return value 0)
		Usr 0 00:01:24, Sys 0 00:00:04  -  Run Remote Usage
		Usr 0 00:00:00, Sys 0 00:00:00  -  Run Local Usage
		Usr 0 00:01:24, Sys 0 00:00:04  -  Total Remote Usage
		Usr 0 00:00:00, Sys 0 00:00:00  -  Total Local Usage
	432781  -  Run Bytes Sent By Job
	283691  -  Run Bytes Received By Job
	432781  -  Total Bytes Sent By Job
	283691  -  Total Bytes Received By Job
	Partitionable Resources :    Usage  Request Allocated
	   Cpus                 :                 1         1
	   Disk (KB)            :  1000000  2048000   9502761
	   Memory (MB)          :      107     1992      1992
...
