000 (1262614.007.000) 07/25 12:34:31 Job submitted from host: <144.92.180.28:9618?addrs=144.92.180.28-9618+[2607-f388-101c-1000--370]-9618&noUDP&sock=5187_6dd5_82>
...
001 (1262614.007.000) 07/25 14:18:43 Job executing on host: <144.92.180.121:9618?addrs=144.92.180.121-9618+[2607-f388-101c-1000--629]-9618&noUDP&sock=7461_3432_3>
...
006 (1262614.007.000) 07/25 14:18:51 Image size of job updated: 31048
	7  -  MemoryUsage of job (MB)
	6188  -  ResidentSetSize of job (KB)
...
005 (1262614.007.000) 07/25 14:26:24 Job terminated.
	(1) Normal termination (return value 0)
		Usr 0 00:01:36, Sys 0 00:00:06  -  Run Remote Usage
		Usr 0 00:00:00, Sys 0 00:00:00  -  Run Local Usage
		Usr 0 00:01:36, Sys 0 00:00:06  -  Total Remote Usage
		Usr 0 00:00:00, Sys 0 00:00:00  -  Total Local Usage
	432934  -  Run Bytes Sent By Job
	283691  -  Run Bytes Received By Job
	432934  -  Total Bytes Sent By Job
	283691  -  Total Bytes Received By Job
	Partitionable Resources :    Usage  Request Allocated
	   Cpus                 :                 1         1
	   Disk (KB)            :  1000000  2048000   6333169
	   Memory (MB)          :        7     1992      1992
...
