000 (1262614.009.000) 07/25 12:34:31 Job submitted from host: <144.92.180.28:9618?addrs=144.92.180.28-9618+[2607-f388-101c-1000--370]-9618&noUDP&sock=5187_6dd5_82>
...
001 (1262614.009.000) 07/25 14:18:51 Job executing on host: <128.104.227.23:9618?addrs=128.104.227.23-9618+[2607-f388-101c-1000--629]-9618&noUDP&sock=10298_2661_3>
...
006 (1262614.009.000) 07/25 14:18:59 Image size of job updated: 222792
	107  -  MemoryUsage of job (MB)
	108600  -  ResidentSetSize of job (KB)
...
005 (1262614.009.000) 07/25 14:27:29 Job terminated.
	(1) Normal termination (return value 0)
		Usr 0 00:01:31, Sys 0 00:00:05  -  Run Remote Usage
		Usr 0 00:00:00, Sys 0 00:00:00  -  Run Local Usage
		Usr 0 00:01:31, Sys 0 00:00:05  -  Total Remote Usage
		Usr 0 00:00:00, Sys 0 00:00:00  -  Total Local Usage
	433242  -  Run Bytes Sent By Job
	283691  -  Run Bytes Received By Job
	433242  -  Total Bytes Sent By Job
	283691  -  Total Bytes Received By Job
	Partitionable Resources :    Usage  Request Allocated
	   Cpus                 :                 1         1
	   Disk (KB)            :  1000000  2048000   9501386
	   Memory (MB)          :      107     1992      1992
...
