000 (691454.007.000) 07/11 11:27:05 Job submitted from host: <144.92.181.245:9618?addrs=144.92.181.245-9618+[2607-f388-101c-1000--372]-9618&noUDP&sock=6179_dbc8_3>
...
001 (691454.007.000) 07/11 11:54:45 Job executing on host: <144.92.181.169:9618?addrs=144.92.181.169-9618+[2607-f388-101c-1000--127]-9618&noUDP&sock=4935_93f7_3>
...
006 (691454.007.000) 07/11 11:54:54 Image size of job updated: 218004
	106  -  MemoryUsage of job (MB)
	108376  -  ResidentSetSize of job (KB)
...
006 (691454.007.000) 07/11 12:14:55 Image size of job updated: 244164
	236  -  MemoryUsage of job (MB)
	241432  -  ResidentSetSize of job (KB)
...
005 (691454.007.000) 07/11 12:15:37 Job terminated.
	(1) Normal termination (return value 0)
		Usr 0 00:01:57, Sys 0 00:00:12  -  Run Remote Usage
		Usr 0 00:00:00, Sys 0 00:00:00  -  Run Local Usage
		Usr 0 00:01:57, Sys 0 00:00:12  -  Total Remote Usage
		Usr 0 00:00:00, Sys 0 00:00:00  -  Total Local Usage
	369585  -  Run Bytes Sent By Job
	306644  -  Run Bytes Received By Job
	369585  -  Total Bytes Sent By Job
	306644  -  Total Bytes Received By Job
	Partitionable Resources :    Usage  Request Allocated
	   Cpus                 :                 1         1
	   Disk (KB)            :  1000000  2048000   3163812
	   Memory (MB)          :      236     1992      1992
...
