000 (1262568.005.000) 07/25 12:33:56 Job submitted from host: <144.92.180.28:9618?addrs=144.92.180.28-9618+[2607-f388-101c-1000--370]-9618&noUDP&sock=5187_6dd5_82>
...
001 (1262568.005.000) 07/25 13:39:15 Job executing on host: <128.104.227.12:9618?addrs=128.104.227.12-9618+[2607-f388-101c-1000--629]-9618&noUDP&sock=10255_a7ce_3>
...
006 (1262568.005.000) 07/25 13:39:24 Image size of job updated: 225100
	107  -  MemoryUsage of job (MB)
	108620  -  ResidentSetSize of job (KB)
...
006 (1262568.005.000) 07/25 13:51:53 Image size of job updated: 242340
	107  -  MemoryUsage of job (MB)
	108620  -  ResidentSetSize of job (KB)
...
005 (1262568.005.000) 07/25 13:51:54 Job terminated.
	(1) Normal termination (return value 0)
		Usr 0 00:02:25, Sys 0 00:00:08  -  Run Remote Usage
		Usr 0 00:00:00, Sys 0 00:00:00  -  Run Local Usage
		Usr 0 00:02:25, Sys 0 00:00:08  -  Total Remote Usage
		Usr 0 00:00:00, Sys 0 00:00:00  -  Total Local Usage
	433009  -  Run Bytes Sent By Job
	283691  -  Run Bytes Received By Job
	433009  -  Total Bytes Sent By Job
	283691  -  Total Bytes Received By Job
	Partitionable Resources :    Usage  Request Allocated
	   Cpus                 :                 1         1
	   Disk (KB)            :  1000000  2048000   9500049
	   Memory (MB)          :      107     1992      1992
...
