000 (696028.000.000) 07/12 06:43:31 Job submitted from host: <144.92.181.245:9618?addrs=144.92.181.245-9618+[2607-f388-101c-1000--372]-9618&noUDP&sock=6179_dbc8_3>
...
001 (695031.000.000) 07/12 07:07:55 Job executing on host: <144.92.181.140:9618?addrs=144.92.181.140-9618+[2607-f388-101c-1000--629]-9618&noUDP&sock=10043_3dbb_3>
...
006 (695031.000.000) 07/12 07:08:04 Image size of job updated: 163884
	106  -  MemoryUsage of job (MB)
	108468  -  ResidentSetSize of job (KB)
...
006 (695031.000.000) 07/12 07:28:05 Image size of job updated: 242056
	236  -  MemoryUsage of job (MB)
	240716  -  ResidentSetSize of job (KB)
...
005 (695031.000.000) 07/12 07:32:37 Job terminated.
	(1) Normal termination (return value 0)
		Usr 0 00:02:27, Sys 0 00:00:07  -  Run Remote Usage
		Usr 0 00:00:00, Sys 0 00:00:00  -  Run Local Usage
		Usr 0 00:02:27, Sys 0 00:00:07  -  Total Remote Usage
		Usr 0 00:00:00, Sys 0 00:00:00  -  Total Local Usage
	553402  -  Run Bytes Sent By Job
	281287  -  Run Bytes Received By Job
	553402  -  Total Bytes Sent By Job
	281287  -  Total Bytes Received By Job
	Partitionable Resources :    Usage  Request Allocated
	   Cpus                 :                 1         1
	   Disk (KB)            :  1000000  2048000   7918565
	   Memory (MB)          :      236     1992      1992
...
001 (696028.000.000) 07/12 08:33:07 Job executing on host: <144.92.181.150:9618?addrs=144.92.181.150-9618+[2607-f388-101c-1000--629]-9618&noUDP&sock=9864_7647_3>
...
006 (696028.000.000) 07/12 08:33:16 Image size of job updated: 216592
	106  -  MemoryUsage of job (MB)
	108464  -  ResidentSetSize of job (KB)
...
006 (696028.000.000) 07/12 08:53:17 Image size of job updated: 242696
	237  -  MemoryUsage of job (MB)
	242612  -  ResidentSetSize of job (KB)
...
006 (696028.000.000) 07/12 08:55:33 Image size of job updated: 242820
	237  -  MemoryUsage of job (MB)
	242612  -  ResidentSetSize of job (KB)
...
005 (696028.000.000) 07/12 08:55:34 Job terminated.
	(1) Normal termination (return value 0)
		Usr 0 00:02:17, Sys 0 00:00:08  -  Run Remote Usage
		Usr 0 00:00:00, Sys 0 00:00:00  -  Run Local Usage
		Usr 0 00:02:17, Sys 0 00:00:08  -  Total Remote Usage
		Usr 0 00:00:00, Sys 0 00:00:00  -  Total Local Usage
	553402  -  Run Bytes Sent By Job
	281287  -  Run Bytes Received By Job
	553402  -  Total Bytes Sent By Job
	281287  -  Total Bytes Received By Job
	Partitionable Resources :    Usage  Request Allocated
	   Cpus                 :                 1         1
	   Disk (KB)            :  1000000  2048000   7917968
	   Memory (MB)          :      237     1992      1992
...
