000 (696028.002.000) 07/12 06:43:31 Job submitted from host: <144.92.181.245:9618?addrs=144.92.181.245-9618+[2607-f388-101c-1000--372]-9618&noUDP&sock=6179_dbc8_3>
...
001 (695031.002.000) 07/12 07:10:11 Job executing on host: <128.104.227.15:9618?addrs=128.104.227.15-9618+[2607-f388-101c-1000--629]-9618&noUDP&sock=10589_c070_3>
...
006 (695031.002.000) 07/12 07:10:20 Image size of job updated: 217228
	106  -  MemoryUsage of job (MB)
	108468  -  ResidentSetSize of job (KB)
...
006 (695031.002.000) 07/12 07:30:20 Image size of job updated: 240060
	235  -  MemoryUsage of job (MB)
	240060  -  ResidentSetSize of job (KB)
...
005 (695031.002.000) 07/12 07:31:38 Job terminated.
	(1) Normal termination (return value 0)
		Usr 0 00:02:19, Sys 0 00:00:08  -  Run Remote Usage
		Usr 0 00:00:00, Sys 0 00:00:00  -  Run Local Usage
		Usr 0 00:02:19, Sys 0 00:00:08  -  Total Remote Usage
		Usr 0 00:00:00, Sys 0 00:00:00  -  Total Local Usage
	554668  -  Run Bytes Sent By Job
	281287  -  Run Bytes Received By Job
	554668  -  Total Bytes Sent By Job
	281287  -  Total Bytes Received By Job
	Partitionable Resources :    Usage  Request Allocated
	   Cpus                 :                 1         1
	   Disk (KB)            :  1000000  2048000   9500643
	   Memory (MB)          :      235     1992      1992
...
001 (696028.002.000) 07/12 08:33:11 Job executing on host: <144.92.180.133:9618?addrs=144.92.180.133-9618+[2607-f388-101c-1000--629]-9618&noUDP&sock=9913_126b_3>
...
006 (696028.002.000) 07/12 08:33:20 Image size of job updated: 217296
	106  -  MemoryUsage of job (MB)
	108472  -  ResidentSetSize of job (KB)
...
005 (696028.002.000) 07/12 08:52:15 Job terminated.
	(1) Normal termination (return value 0)
		Usr 0 00:02:26, Sys 0 00:00:06  -  Run Remote Usage
		Usr 0 00:00:00, Sys 0 00:00:00  -  Run Local Usage
		Usr 0 00:02:26, Sys 0 00:00:06  -  Total Remote Usage
		Usr 0 00:00:00, Sys 0 00:00:00  -  Total Local Usage
	554668  -  Run Bytes Sent By Job
	281287  -  Run Bytes Received By Job
	554668  -  Total Bytes Sent By Job
	281287  -  Total Bytes Received By Job
	Partitionable Resources :    Usage  Request Allocated
	   Cpus                 :                 1         1
	   Disk (KB)            :  1000000  2048000   7917438
	   Memory (MB)          :      106     1992      1992
...
