000 (696028.004.000) 07/12 06:43:31 Job submitted from host: <144.92.181.245:9618?addrs=144.92.181.245-9618+[2607-f388-101c-1000--372]-9618&noUDP&sock=6179_dbc8_3>
...
001 (695031.004.000) 07/12 07:10:58 Job executing on host: <144.92.181.220:9618?addrs=144.92.181.220-9618+[2607-f388-101c-1000--629]-9618&noUDP&sock=6939_27c2_10>
...
006 (695031.004.000) 07/12 07:11:07 Image size of job updated: 73360
	24  -  MemoryUsage of job (MB)
	24092  -  ResidentSetSize of job (KB)
...
006 (695031.004.000) 07/12 07:31:08 Image size of job updated: 243492
	238  -  MemoryUsage of job (MB)
	243176  -  ResidentSetSize of job (KB)
...
005 (695031.004.000) 07/12 07:46:23 Job terminated.
	(1) Normal termination (return value 0)
		Usr 0 00:07:51, Sys 0 00:00:31  -  Run Remote Usage
		Usr 0 00:00:00, Sys 0 00:00:00  -  Run Local Usage
		Usr 0 00:07:51, Sys 0 00:00:31  -  Total Remote Usage
		Usr 0 00:00:00, Sys 0 00:00:00  -  Total Local Usage
	560628  -  Run Bytes Sent By Job
	281287  -  Run Bytes Received By Job
	560628  -  Total Bytes Sent By Job
	281287  -  Total Bytes Received By Job
	Partitionable Resources :    Usage  Request Allocated
	   Cpus                 :                 1         1
	   Disk (KB)            :  1000000  2048000   3167351
	   Memory (MB)          :      238     1992      1992
...
001 (696028.004.000) 07/12 08:33:15 Job executing on host: <144.92.180.73:9618?addrs=144.92.180.73-9618+[2607-f388-101c-1000--629]-9618&noUDP&sock=7744_517f_3>
...
006 (696028.004.000) 07/12 08:33:24 Image size of job updated: 168276
	53  -  MemoryUsage of job (MB)
	53268  -  ResidentSetSize of job (KB)
...
006 (696028.004.000) 07/12 08:53:25 Image size of job updated: 246272
	238  -  MemoryUsage of job (MB)
	243300  -  ResidentSetSize of job (KB)
...
005 (696028.004.000) 07/12 09:10:33 Job terminated.
	(1) Normal termination (return value 0)
		Usr 0 00:02:20, Sys 0 00:00:07  -  Run Remote Usage
		Usr 0 00:00:00, Sys 0 00:00:00  -  Run Local Usage
		Usr 0 00:02:20, Sys 0 00:00:07  -  Total Remote Usage
		Usr 0 00:00:00, Sys 0 00:00:00  -  Total Local Usage
	555444  -  Run Bytes Sent By Job
	281287  -  Run Bytes Received By Job
	555444  -  Total Bytes Sent By Job
	281287  -  Total Bytes Received By Job
	Partitionable Resources :    Usage  Request Allocated
	   Cpus                 :                 1         1
	   Disk (KB)            :  1000000  2048000   7917450
	   Memory (MB)          :      238     1992      1992
...
