000 (696028.005.000) 07/12 06:43:31 Job submitted from host: <144.92.181.245:9618?addrs=144.92.181.245-9618+[2607-f388-101c-1000--372]-9618&noUDP&sock=6179_dbc8_3>
...
001 (695031.005.000) 07/12 07:11:11 Job executing on host: <128.104.227.15:9618?addrs=128.104.227.15-9618+[2607-f388-101c-1000--629]-9618&noUDP&sock=10589_c070_3>
...
006 (695031.005.000) 07/12 07:11:20 Image size of job updated: 217960
	106  -  MemoryUsage of job (MB)
	108472  -  ResidentSetSize of job (KB)
...
006 (695031.005.000) 07/12 07:31:21 Image size of job updated: 240900
	236  -  MemoryUsage of job (MB)
	240900  -  ResidentSetSize of job (KB)
...
006 (695031.005.000) 07/12 07:34:29 Image size of job updated: 240920
	236  -  MemoryUsage of job (MB)
	240900  -  ResidentSetSize of job (KB)
...
005 (695031.005.000) 07/12 07:34:30 Job terminated.
	(1) Normal termination (return value 0)
		Usr 0 00:02:09, Sys 0 00:00:06  -  Run Remote Usage
		Usr 0 00:00:00, Sys 0 00:00:00  -  Run Local Usage
		Usr 0 00:02:09, Sys 0 00:00:06  -  Total Remote Usage
		Usr 0 00:00:00, Sys 0 00:00:00  -  Total Local Usage
	554059  -  Run Bytes Sent By Job
	281287  -  Run Bytes Received By Job
	554059  -  Total Bytes Sent By Job
	281287  -  Total Bytes Received By Job
	Partitionable Resources :    Usage  Request Allocated
	   Cpus                 :                 1         1
	   Disk (KB)            :  1000000  2048000   9500643
	   Memory (MB)          :      236     1992      1992
...
001 (696028.005.000) 07/12 08:33:16 Job executing on host: <128.104.227.57:9618?addrs=128.104.227.57-9618+[2607-f388-101c-1000--629]-9618&noUDP&sock=10277_bee4_3>
...
006 (696028.005.000) 07/12 08:33:25 Image size of job updated: 217524
	106  -  MemoryUsage of job (MB)
	108468  -  ResidentSetSize of job (KB)
...
006 (696028.005.000) 07/12 08:53:26 Image size of job updated: 238892
	234  -  MemoryUsage of job (MB)
	238792  -  ResidentSetSize of job (KB)
...
006 (696028.005.000) 07/12 09:10:55 Image size of job updated: 239896
	234  -  MemoryUsage of job (MB)
	238792  -  ResidentSetSize of job (KB)
...
005 (696028.005.000) 07/12 09:10:55 Job terminated.
	(1) Normal termination (return value 0)
		Usr 0 00:02:06, Sys 0 00:00:08  -  Run Remote Usage
		Usr 0 00:00:00, Sys 0 00:00:00  -  Run Local Usage
		Usr 0 00:02:06, Sys 0 00:00:08  -  Total Remote Usage
		Usr 0 00:00:00, Sys 0 00:00:00  -  Total Local Usage
	554059  -  Run Bytes Sent By Job
	281287  -  Run Bytes Received By Job
	554059  -  Total Bytes Sent By Job
	281287  -  Total Bytes Received By Job
	Partitionable Resources :    Usage  Request Allocated
	   Cpus                 :                 1         1
	   Disk (KB)            :  1000000  2048000   9502473
	   Memory (MB)          :      234     1992      1992
...
