000 (696028.009.000) 07/12 06:43:31 Job submitted from host: <144.92.181.245:9618?addrs=144.92.181.245-9618+[2607-f388-101c-1000--372]-9618&noUDP&sock=6179_dbc8_3>
...
001 (695031.009.000) 07/12 07:12:11 Job executing on host: <128.104.227.24:9618?addrs=128.104.227.24-9618+[2607-f388-101c-1000--629]-9618&noUDP&sock=10309_b1ec_3>
...
006 (695031.009.000) 07/12 07:12:19 Image size of job updated: 197840
	106  -  MemoryUsage of job (MB)
	108468  -  ResidentSetSize of job (KB)
...
006 (695031.009.000) 07/12 07:32:19 Image size of job updated: 243756
	237  -  MemoryUsage of job (MB)
	242372  -  ResidentSetSize of job (KB)
...
005 (695031.009.000) 07/12 07:42:28 Job terminated.
	(1) Normal termination (return value 0)
		Usr 0 00:02:30, Sys 0 00:00:08  -  Run Remote Usage
		Usr 0 00:00:00, Sys 0 00:00:00  -  Run Local Usage
		Usr 0 00:02:30, Sys 0 00:00:08  -  Total Remote Usage
		Usr 0 00:00:00, Sys 0 00:00:00  -  Total Local Usage
	554226  -  Run Bytes Sent By Job
	281287  -  Run Bytes Received By Job
	554226  -  Total Bytes Sent By Job
	281287  -  Total Bytes Received By Job
	Partitionable Resources :    Usage  Request Allocated
	   Cpus                 :                 1         1
	   Disk (KB)            :  1000000  2048000   9499870
	   Memory (MB)          :      237     1992      1992
...
001 (696028.009.000) 07/12 08:33:24 Job executing on host: <144.92.181.162:9618?addrs=144.92.181.162-9618+[2607-f388-101c-1000--629]-9618&noUDP&sock=9826_65ad_3>
...
006 (696028.009.000) 07/12 08:33:32 Image size of job updated: 216844
	106  -  MemoryUsage of job (MB)
	108476  -  ResidentSetSize of job (KB)
...
006 (696028.009.000) 07/12 08:53:32 Image size of job updated: 242860
	237  -  MemoryUsage of job (MB)
	242160  -  ResidentSetSize of job (KB)
...
005 (696028.009.000) 07/12 08:58:50 Job terminated.
	(1) Normal termination (return value 0)
		Usr 0 00:02:26, Sys 0 00:00:07  -  Run Remote Usage
		Usr 0 00:00:00, Sys 0 00:00:00  -  Run Local Usage
		Usr 0 00:02:26, Sys 0 00:00:07  -  Total Remote Usage
		Usr 0 00:00:00, Sys 0 00:00:00  -  Total Local Usage
	554226  -  Run Bytes Sent By Job
	281287  -  Run Bytes Received By Job
	554226  -  Total Bytes Sent By Job
	281287  -  Total Bytes Received By Job
	Partitionable Resources :    Usage  Request Allocated
	   Cpus                 :                 1         1
	   Disk (KB)            :  1000000  2048000   7918208
	   Memory (MB)          :      237     1992      1992
...
