000 (696004.008.000) 07/12 06:42:54 Job submitted from host: <144.92.181.245:9618?addrs=144.92.181.245-9618+[2607-f388-101c-1000--372]-9618&noUDP&sock=6179_dbc8_3>
...
001 (696004.008.000) 07/12 08:22:08 Job executing on host: <128.104.227.68:9618?addrs=128.104.227.68-9618+[2607-f388-101c-1000--629]-9618&noUDP&sock=10333_2832_3>
...
006 (696004.008.000) 07/12 08:22:17 Image size of job updated: 32472
	31  -  MemoryUsage of job (MB)
	31228  -  ResidentSetSize of job (KB)
...
006 (696004.008.000) 07/12 08:42:17 Image size of job updated: 239896
	235  -  MemoryUsage of job (MB)
	239896  -  ResidentSetSize of job (KB)
...
006 (696004.008.000) 07/12 08:44:50 Image size of job updated: 243072
	235  -  MemoryUsage of job (MB)
	239896  -  ResidentSetSize of job (KB)
...
005 (696004.008.000) 07/12 08:44:51 Job terminated.
	(1) Normal termination (return value 0)
		Usr 0 00:02:19, Sys 0 00:00:09  -  Run Remote Usage
		Usr 0 00:00:00, Sys 0 00:00:00  -  Run Local Usage
		Usr 0 00:02:19, Sys 0 00:00:09  -  Total Remote Usage
		Usr 0 00:00:00, Sys 0 00:00:00  -  Total Local Usage
	387205  -  Run Bytes Sent By Job
	281287  -  Run Bytes Received By Job
	387205  -  Total Bytes Sent By Job
	281287  -  Total Bytes Received By Job
	Partitionable Resources :    Usage  Request Allocated
	   Cpus                 :                 1         1
	   Disk (KB)            :  1000000  2048000   9501062
	   Memory (MB)          :      235     1992      1992
...
