000 (696004.009.000) 07/12 06:42:54 Job submitted from host: <144.92.181.245:9618?addrs=144.92.181.245-9618+[2607-f388-101c-1000--372]-9618&noUDP&sock=6179_dbc8_3>
...
001 (696004.009.000) 07/12 08:22:09 Job executing on host: <128.104.227.68:9618?addrs=128.104.227.68-9618+[2607-f388-101c-1000--629]-9618&noUDP&sock=10333_2832_3>
...
006 (696004.009.000) 07/12 08:22:18 Image size of job updated: 45816
	44  -  MemoryUsage of job (MB)
	44296  -  ResidentSetSize of job (KB)
...
005 (696004.009.000) 07/12 08:41:18 Job terminated.
	(1) Normal termination (return value 0)
		Usr 0 00:02:21, Sys 0 00:00:10  -  Run Remote Usage
		Usr 0 00:00:00, Sys 0 00:00:00  -  Run Local Usage
		Usr 0 00:02:21, Sys 0 00:00:10  -  Total Remote Usage
		Usr 0 00:00:00, Sys 0 00:00:00  -  Total Local Usage
	387438  -  Run Bytes Sent By Job
	281287  -  Run Bytes Received By Job
	387438  -  Total Bytes Sent By Job
	281287  -  Total Bytes Received By Job
	Partitionable Resources :    Usage  Request Allocated
	   Cpus                 :                 1         1
	   Disk (KB)            :  1000000  2048000   9501062
	   Memory (MB)          :       44     1992      1992
...
