000 (297985.000.000) 04/11 13:09:32 Job submitted from host: <144.92.181.244:9618?addrs=144.92.181.244-9618+[2607-f388-101c-1000--371]-9618&noUDP&sock=5651_b1c7_3>
...
000 (298030.000.000) 04/11 13:11:21 Job submitted from host: <144.92.181.244:9618?addrs=144.92.181.244-9618+[2607-f388-101c-1000--371]-9618&noUDP&sock=5651_b1c7_3>
...
000 (298075.000.000) 04/11 13:12:25 Job submitted from host: <144.92.181.244:9618?addrs=144.92.181.244-9618+[2607-f388-101c-1000--371]-9618&noUDP&sock=5651_b1c7_3>
...
001 (297985.000.000) 04/11 13:18:16 Job executing on host: <128.104.227.39:9618?addrs=128.104.227.39-9618+[2607-f388-101c-1000--629]-9618&noUDP&sock=9510_a5c0_3>
...
006 (297985.000.000) 04/11 13:18:17 Image size of job updated: 113196
	0  -  MemoryUsage of job (MB)
	0  -  ResidentSetSize of job (KB)
...
004 (297985.000.000) 04/11 13:18:18 Job was evicted.
	(0) Job terminated and was requeued
		Usr 0 00:00:00, Sys 0 00:00:00  -  Run Remote Usage
		Usr 0 00:00:00, Sys 0 00:00:00  -  Run Local Usage
	377  -  Run Bytes Sent By Job
	287387  -  Run Bytes Received By Job
	(1) Normal termination (return value 127)
	The job attribute OnExitRemove expression '( ExitBySignal == false && ( ExitCode == 0 || ExitCode == 42 || NumJobStarts > 3 ) )' evaluated to FALSE
...
001 (297985.000.000) 04/11 13:19:43 Job executing on host: <144.92.180.160:9618?addrs=144.92.180.160-9618+[2607-f388-101c-1000--629]-9618&noUDP&sock=6835_d1e9_3>
...
004 (297985.000.000) 04/11 13:19:47 Job was evicted.
	(0) Job terminated and was requeued
		Usr 0 00:00:00, Sys 0 00:00:00  -  Run Remote Usage
		Usr 0 00:00:00, Sys 0 00:00:00  -  Run Local Usage
	377  -  Run Bytes Sent By Job
	287387  -  Run Bytes Received By Job
	(1) Normal termination (return value 127)
	The job attribute OnExitRemove expression '( ExitBySignal == false && ( ExitCode == 0 || ExitCode == 42 || NumJobStarts > 3 ) )' evaluated to FALSE
...
001 (297985.000.000) 04/11 13:21:10 Job executing on host: <144.92.180.169:9618?addrs=144.92.180.169-9618+[2607-f388-101c-1000--629]-9618&noUDP&sock=13468_8199_3>
...
004 (297985.000.000) 04/11 13:21:16 Job was evicted.
	(0) Job terminated and was requeued
		Usr 0 00:00:00, Sys 0 00:00:00  -  Run Remote Usage
		Usr 0 00:00:00, Sys 0 00:00:00  -  Run Local Usage
	377  -  Run Bytes Sent By Job
	287387  -  Run Bytes Received By Job
	(1) Normal termination (return value 127)
	The job attribute OnExitRemove expression '( ExitBySignal == false && ( ExitCode == 0 || ExitCode == 42 || NumJobStarts > 3 ) )' evaluated to FALSE
...
001 (297985.000.000) 04/11 13:21:42 Job executing on host: <144.92.180.133:9618?addrs=144.92.180.133-9618+[2607-f388-101c-1000--629]-9618&noUDP&sock=9082_1337_3>
...
005 (297985.000.000) 04/11 13:21:45 Job terminated.
	(1) Normal termination (return value 127)
		Usr 0 00:00:00, Sys 0 00:00:00  -  Run Remote Usage
		Usr 0 00:00:00, Sys 0 00:00:00  -  Run Local Usage
		Usr 0 00:00:00, Sys 0 00:00:00  -  Total Remote Usage
		Usr 0 00:00:00, Sys 0 00:00:00  -  Total Local Usage
	377  -  Run Bytes Sent By Job
	287387  -  Run Bytes Received By Job
	1508  -  Total Bytes Sent By Job
	1149548  -  Total Bytes Received By Job
	Partitionable Resources :    Usage  Request Allocated
	   Cpus                 :                 1         1
	   Disk (KB)            :  1000000  2048000   7920714
	   Memory (MB)          :        0     1992      1992
...
001 (298030.000.000) 04/11 13:29:35 Job executing on host: <128.104.227.76:9618?addrs=128.104.227.76-9618+[2607-f388-101c-1000--629]-9618&noUDP&sock=9548_b659_3>
...
006 (298030.000.000) 04/11 13:29:43 Image size of job updated: 195792
	108  -  MemoryUsage of job (MB)
	110040  -  ResidentSetSize of job (KB)
...
006 (298030.000.000) 04/11 13:49:43 Image size of job updated: 230328
	225  -  MemoryUsage of job (MB)
	230236  -  ResidentSetSize of job (KB)
...
001 (298075.000.000) 04/11 13:56:38 Job executing on host: <128.104.227.44:9618?addrs=128.104.227.44-9618+[2607-f388-101c-1000--629]-9618&noUDP&sock=9482_7119_3>
...
006 (298075.000.000) 04/11 13:56:47 Image size of job updated: 216328
	108  -  MemoryUsage of job (MB)
	110044  -  ResidentSetSize of job (KB)
...
006 (298030.000.000) 04/11 14:09:43 Image size of job updated: 233656
	228  -  MemoryUsage of job (MB)
	233076  -  ResidentSetSize of job (KB)
...
006 (298075.000.000) 04/11 14:16:47 Image size of job updated: 234768
	227  -  MemoryUsage of job (MB)
	232092  -  ResidentSetSize of job (KB)
...
006 (298075.000.000) 04/11 14:36:47 Image size of job updated: 236048
	228  -  MemoryUsage of job (MB)
	233388  -  ResidentSetSize of job (KB)
...
006 (298075.000.000) 04/11 15:16:47 Image size of job updated: 236740
	229  -  MemoryUsage of job (MB)
	234228  -  ResidentSetSize of job (KB)
...
006 (298075.000.000) 04/11 15:36:47 Image size of job updated: 237612
	230  -  MemoryUsage of job (MB)
	235104  -  ResidentSetSize of job (KB)
...
005 (298030.000.000) 04/11 15:48:48 Job terminated.
	(1) Normal termination (return value 0)
		Usr 0 00:16:40, Sys 0 00:00:51  -  Run Remote Usage
		Usr 0 00:00:00, Sys 0 00:00:00  -  Run Local Usage
		Usr 0 00:16:40, Sys 0 00:00:51  -  Total Remote Usage
		Usr 0 00:00:00, Sys 0 00:00:00  -  Total Local Usage
	867998  -  Run Bytes Sent By Job
	287387  -  Run Bytes Received By Job
	867998  -  Total Bytes Sent By Job
	287387  -  Total Bytes Received By Job
	Partitionable Resources :    Usage  Request Allocated
	   Cpus                 :                 1         1
	   Disk (KB)            :  1000000  2048000   9503929
	   Memory (MB)          :      228     1992      1992
...
005 (298075.000.000) 04/11 15:48:48 Job terminated.
	(1) Normal termination (return value 0)
		Usr 0 00:18:54, Sys 0 00:00:55  -  Run Remote Usage
		Usr 0 00:00:00, Sys 0 00:00:00  -  Run Local Usage
		Usr 0 00:18:54, Sys 0 00:00:55  -  Total Remote Usage
		Usr 0 00:00:00, Sys 0 00:00:00  -  Total Local Usage
	867998  -  Run Bytes Sent By Job
	287387  -  Run Bytes Received By Job
	867998  -  Total Bytes Sent By Job
	287387  -  Total Bytes Received By Job
	Partitionable Resources :    Usage  Request Allocated
	   Cpus                 :                 1         1
	   Disk (KB)            :  1000000  2048000   9504934
	   Memory (MB)          :      230     1992      1992
...
