000 (297990.000.000) 04/11 13:09:34 Job submitted from host: <144.92.181.244:9618?addrs=144.92.181.244-9618+[2607-f388-101c-1000--371]-9618&noUDP&sock=5651_b1c7_3>
...
000 (298035.000.000) 04/11 13:11:23 Job submitted from host: <144.92.181.244:9618?addrs=144.92.181.244-9618+[2607-f388-101c-1000--371]-9618&noUDP&sock=5651_b1c7_3>
...
000 (298080.000.000) 04/11 13:12:28 Job submitted from host: <144.92.181.244:9618?addrs=144.92.181.244-9618+[2607-f388-101c-1000--371]-9618&noUDP&sock=5651_b1c7_3>
...
001 (297990.000.000) 04/11 13:18:16 Job executing on host: <144.92.180.122:9618?addrs=144.92.180.122-9618+[2607-f388-101c-1000--629]-9618&noUDP&sock=6862_56f7_3>
...
006 (297990.000.000) 04/11 13:18:17 Image size of job updated: 1
	0  -  MemoryUsage of job (MB)
	0  -  ResidentSetSize of job (KB)
...
004 (297990.000.000) 04/11 13:18:18 Job was evicted.
	(0) Job terminated and was requeued
		Usr 0 00:00:00, Sys 0 00:00:00  -  Run Remote Usage
		Usr 0 00:00:00, Sys 0 00:00:00  -  Run Local Usage
	377  -  Run Bytes Sent By Job
	287387  -  Run Bytes Received By Job
	(1) Normal termination (return value 127)
	The job attribute OnExitRemove expression '( ExitBySignal == false && ( ExitCode == 0 || ExitCode == 42 || NumJobStarts > 3 ) )' evaluated to FALSE
...
001 (297990.000.000) 04/11 13:19:44 Job executing on host: <144.92.180.107:9618?addrs=144.92.180.107-9618+[2607-f388-101c-1000--629]-9618&noUDP&sock=6927_ec9f_3>
...
004 (297990.000.000) 04/11 13:19:47 Job was evicted.
	(0) Job terminated and was requeued
		Usr 0 00:00:00, Sys 0 00:00:00  -  Run Remote Usage
		Usr 0 00:00:00, Sys 0 00:00:00  -  Run Local Usage
	377  -  Run Bytes Sent By Job
	287387  -  Run Bytes Received By Job
	(1) Normal termination (return value 127)
	The job attribute OnExitRemove expression '( ExitBySignal == false && ( ExitCode == 0 || ExitCode == 42 || NumJobStarts > 3 ) )' evaluated to FALSE
...
001 (297990.000.000) 04/11 13:21:11 Job executing on host: <144.92.181.152:9618?addrs=144.92.181.152-9618+[2607-f388-101c-1000--629]-9618&noUDP&sock=9237_6465_3>
...
004 (297990.000.000) 04/11 13:21:13 Job was evicted.
	(0) Job terminated and was requeued
		Usr 0 00:00:00, Sys 0 00:00:00  -  Run Remote Usage
		Usr 0 00:00:00, Sys 0 00:00:00  -  Run Local Usage
	376  -  Run Bytes Sent By Job
	287387  -  Run Bytes Received By Job
	(1) Normal termination (return value 127)
	The job attribute OnExitRemove expression '( ExitBySignal == false && ( ExitCode == 0 || ExitCode == 42 || NumJobStarts > 3 ) )' evaluated to FALSE
...
001 (297990.000.000) 04/11 13:21:43 Job executing on host: <128.104.227.33:9618?addrs=128.104.227.33-9618+[2607-f388-101c-1000--629]-9618&noUDP&sock=9432_255d_3>
...
005 (297990.000.000) 04/11 13:21:47 Job terminated.
	(1) Normal termination (return value 127)
		Usr 0 00:00:00, Sys 0 00:00:00  -  Run Remote Usage
		Usr 0 00:00:00, Sys 0 00:00:00  -  Run Local Usage
		Usr 0 00:00:00, Sys 0 00:00:00  -  Total Remote Usage
		Usr 0 00:00:00, Sys 0 00:00:00  -  Total Local Usage
	377  -  Run Bytes Sent By Job
	287387  -  Run Bytes Received By Job
	1507  -  Total Bytes Sent By Job
	1149548  -  Total Bytes Received By Job
	Partitionable Resources :    Usage  Request Allocated
	   Cpus                 :                 1         1
	   Disk (KB)            :  1000000  2048000   9504929
	   Memory (MB)          :        0     1992      1992
...
001 (298035.000.000) 04/11 13:31:07 Job executing on host: <128.104.227.22:9618?addrs=128.104.227.22-9618+[2607-f388-101c-1000--629]-9618&noUDP&sock=9462_b934_3>
...
006 (298035.000.000) 04/11 13:31:16 Image size of job updated: 215884
	109  -  MemoryUsage of job (MB)
	110840  -  ResidentSetSize of job (KB)
...
006 (298035.000.000) 04/11 13:51:17 Image size of job updated: 250644
	228  -  MemoryUsage of job (MB)
	233304  -  ResidentSetSize of job (KB)
...
001 (298080.000.000) 04/11 13:58:09 Job executing on host: <128.104.227.76:9618?addrs=128.104.227.76-9618+[2607-f388-101c-1000--629]-9618&noUDP&sock=9548_b659_3>
...
006 (298080.000.000) 04/11 13:58:17 Image size of job updated: 142316
	109  -  MemoryUsage of job (MB)
	110836  -  ResidentSetSize of job (KB)
...
006 (298035.000.000) 04/11 14:11:18 Image size of job updated: 250644
	237  -  MemoryUsage of job (MB)
	242424  -  ResidentSetSize of job (KB)
...
006 (298080.000.000) 04/11 14:18:17 Image size of job updated: 239316
	234  -  MemoryUsage of job (MB)
	239316  -  ResidentSetSize of job (KB)
...
006 (298035.000.000) 04/11 14:31:19 Image size of job updated: 250644
	238  -  MemoryUsage of job (MB)
	243572  -  ResidentSetSize of job (KB)
...
006 (298080.000.000) 04/11 14:38:18 Image size of job updated: 243656
	238  -  MemoryUsage of job (MB)
	243656  -  ResidentSetSize of job (KB)
...
006 (298035.000.000) 04/11 14:51:20 Image size of job updated: 250644
	241  -  MemoryUsage of job (MB)
	246548  -  ResidentSetSize of job (KB)
...
006 (298080.000.000) 04/11 14:58:18 Image size of job updated: 247180
	242  -  MemoryUsage of job (MB)
	246964  -  ResidentSetSize of job (KB)
...
006 (298035.000.000) 04/11 15:11:21 Image size of job updated: 250644
	242  -  MemoryUsage of job (MB)
	247232  -  ResidentSetSize of job (KB)
...
006 (298035.000.000) 04/11 15:31:22 Image size of job updated: 250644
	242  -  MemoryUsage of job (MB)
	247356  -  ResidentSetSize of job (KB)
...
006 (298035.000.000) 04/11 15:51:23 Image size of job updated: 250644
	243  -  MemoryUsage of job (MB)
	248032  -  ResidentSetSize of job (KB)
...
006 (298080.000.000) 04/11 15:58:19 Image size of job updated: 247756
	242  -  MemoryUsage of job (MB)
	246964  -  ResidentSetSize of job (KB)
...
006 (298035.000.000) 04/11 16:11:23 Image size of job updated: 250724
	244  -  MemoryUsage of job (MB)
	249024  -  ResidentSetSize of job (KB)
...
006 (298080.000.000) 04/11 16:18:20 Image size of job updated: 250456
	244  -  MemoryUsage of job (MB)
	249116  -  ResidentSetSize of job (KB)
...
006 (298080.000.000) 04/11 16:58:20 Image size of job updated: 250692
	244  -  MemoryUsage of job (MB)
	249116  -  ResidentSetSize of job (KB)
...
006 (298035.000.000) 04/11 17:11:23 Image size of job updated: 251360
	244  -  MemoryUsage of job (MB)
	249024  -  ResidentSetSize of job (KB)
...
006 (298035.000.000) 04/11 17:16:49 Image size of job updated: 260512
	244  -  MemoryUsage of job (MB)
	249024  -  ResidentSetSize of job (KB)
...
005 (298080.000.000) 04/11 17:16:49 Job terminated.
	(1) Normal termination (return value 0)
		Usr 0 00:51:24, Sys 0 00:02:25  -  Run Remote Usage
		Usr 0 00:00:00, Sys 0 00:00:00  -  Run Local Usage
		Usr 0 00:51:24, Sys 0 00:02:25  -  Total Remote Usage
		Usr 0 00:00:00, Sys 0 00:00:00  -  Total Local Usage
	1058003  -  Run Bytes Sent By Job
	287387  -  Run Bytes Received By Job
	1058003  -  Total Bytes Sent By Job
	287387  -  Total Bytes Received By Job
	Partitionable Resources :    Usage  Request Allocated
	   Cpus                 :                 1         1
	   Disk (KB)            :  1000000  2048000   9503929
	   Memory (MB)          :      244     1992      1992
...
005 (298035.000.000) 04/11 17:16:50 Job terminated.
	(1) Normal termination (return value 0)
		Usr 0 00:53:50, Sys 0 00:01:59  -  Run Remote Usage
		Usr 0 00:00:00, Sys 0 00:00:00  -  Run Local Usage
		Usr 0 00:53:50, Sys 0 00:01:59  -  Total Remote Usage
		Usr 0 00:00:00, Sys 0 00:00:00  -  Total Local Usage
	1058003  -  Run Bytes Sent By Job
	287387  -  Run Bytes Received By Job
	1058003  -  Total Bytes Sent By Job
	287387  -  Total Bytes Received By Job
	Partitionable Resources :    Usage  Request Allocated
	   Cpus                 :                 1         1
	   Disk (KB)            :  1000000  2048000   9504831
	   Memory (MB)          :      244     1992      1992
...
