000 (297970.000.000) 04/11 13:09:26 Job submitted from host: <144.92.181.244:9618?addrs=144.92.181.244-9618+[2607-f388-101c-1000--371]-9618&noUDP&sock=5651_b1c7_3>
...
000 (298015.000.000) 04/11 13:11:11 Job submitted from host: <144.92.181.244:9618?addrs=144.92.181.244-9618+[2607-f388-101c-1000--371]-9618&noUDP&sock=5651_b1c7_3>
...
000 (298060.000.000) 04/11 13:12:14 Job submitted from host: <144.92.181.244:9618?addrs=144.92.181.244-9618+[2607-f388-101c-1000--371]-9618&noUDP&sock=5651_b1c7_3>
...
001 (297970.000.000) 04/11 13:18:14 Job executing on host: <144.92.180.219:9618?addrs=144.92.180.219-9618+[2607-f388-101c-1000--629]-9618&noUDP&sock=6880_afac_3>
...
006 (297970.000.000) 04/11 13:18:15 Image size of job updated: 1
	0  -  MemoryUsage of job (MB)
	0  -  ResidentSetSize of job (KB)
...
004 (297970.000.000) 04/11 13:18:16 Job was evicted.
	(0) Job terminated and was requeued
		Usr 0 00:00:00, Sys 0 00:00:00  -  Run Remote Usage
		Usr 0 00:00:00, Sys 0 00:00:00  -  Run Local Usage
	377  -  Run Bytes Sent By Job
	287387  -  Run Bytes Received By Job
	(1) Normal termination (return value 127)
	The job attribute OnExitRemove expression '( ExitBySignal == false && ( ExitCode == 0 || ExitCode == 42 || NumJobStarts > 3 ) )' evaluated to FALSE
...
001 (297970.000.000) 04/11 13:19:40 Job executing on host: <144.92.181.196:9618?addrs=144.92.181.196-9618+[2607-f388-101c-1000--629]-9618&noUDP&sock=9201_b2fc_3>
...
004 (297970.000.000) 04/11 13:19:43 Job was evicted.
	(0) Job terminated and was requeued
		Usr 0 00:00:00, Sys 0 00:00:00  -  Run Remote Usage
		Usr 0 00:00:00, Sys 0 00:00:00  -  Run Local Usage
	377  -  Run Bytes Sent By Job
	287387  -  Run Bytes Received By Job
	(1) Normal termination (return value 127)
	The job attribute OnExitRemove expression '( ExitBySignal == false && ( ExitCode == 0 || ExitCode == 42 || NumJobStarts > 3 ) )' evaluated to FALSE
...
001 (297970.000.000) 04/11 13:21:05 Job executing on host: <128.104.227.106:9618?addrs=128.104.227.106-9618+[2607-f388-101c-1000--55]-9618&noUDP&sock=11057_c2c3_3>
...
004 (297970.000.000) 04/11 13:21:06 Job was evicted.
	(0) Job terminated and was requeued
		Usr 0 00:00:00, Sys 0 00:00:00  -  Run Remote Usage
		Usr 0 00:00:00, Sys 0 00:00:00  -  Run Local Usage
	377  -  Run Bytes Sent By Job
	287387  -  Run Bytes Received By Job
	(1) Normal termination (return value 127)
	The job attribute OnExitRemove expression '( ExitBySignal == false && ( ExitCode == 0 || ExitCode == 42 || NumJobStarts > 3 ) )' evaluated to FALSE
...
001 (297970.000.000) 04/11 13:21:36 Job executing on host: <128.104.227.26:9618?addrs=128.104.227.26-9618+[2607-f388-101c-1000--629]-9618&noUDP&sock=9468_d6c6_3>
...
005 (297970.000.000) 04/11 13:21:37 Job terminated.
	(1) Normal termination (return value 127)
		Usr 0 00:00:00, Sys 0 00:00:00  -  Run Remote Usage
		Usr 0 00:00:00, Sys 0 00:00:00  -  Run Local Usage
		Usr 0 00:00:00, Sys 0 00:00:00  -  Total Remote Usage
		Usr 0 00:00:00, Sys 0 00:00:00  -  Total Local Usage
	377  -  Run Bytes Sent By Job
	287387  -  Run Bytes Received By Job
	1508  -  Total Bytes Sent By Job
	1149548  -  Total Bytes Received By Job
	Partitionable Resources :    Usage  Request Allocated
	   Cpus                 :                 1         1
	   Disk (KB)            :  1000000  2048000   9504753
	   Memory (MB)          :        0     1992      1992
...
001 (298015.000.000) 04/11 13:24:41 Job executing on host: <144.92.180.239:9618?addrs=144.92.180.239-9618+[2607-f388-101c-1000--629]-9618&noUDP&sock=9093_9ec2_3>
...
006 (298015.000.000) 04/11 13:24:49 Image size of job updated: 212216
	108  -  MemoryUsage of job (MB)
	110040  -  ResidentSetSize of job (KB)
...
006 (298015.000.000) 04/11 13:44:49 Image size of job updated: 285488
	231  -  MemoryUsage of job (MB)
	236036  -  ResidentSetSize of job (KB)
...
001 (298060.000.000) 04/11 13:50:19 Job executing on host: <144.92.181.207:9618?addrs=144.92.181.207-9618+[2607-f388-101c-1000--629]-9618&noUDP&sock=6170_af6e_3>
...
006 (298060.000.000) 04/11 13:50:27 Image size of job updated: 138016
	34  -  MemoryUsage of job (MB)
	34716  -  ResidentSetSize of job (KB)
...
006 (298015.000.000) 04/11 14:04:50 Image size of job updated: 285488
	232  -  MemoryUsage of job (MB)
	237356  -  ResidentSetSize of job (KB)
...
006 (298060.000.000) 04/11 14:10:27 Image size of job updated: 239032
	233  -  MemoryUsage of job (MB)
	237600  -  ResidentSetSize of job (KB)
...
006 (298015.000.000) 04/11 14:24:51 Image size of job updated: 285488
	233  -  MemoryUsage of job (MB)
	238316  -  ResidentSetSize of job (KB)
...
006 (298060.000.000) 04/11 14:30:27 Image size of job updated: 240392
	234  -  MemoryUsage of job (MB)
	238960  -  ResidentSetSize of job (KB)
...
006 (298015.000.000) 04/11 14:44:52 Image size of job updated: 285488
	233  -  MemoryUsage of job (MB)
	238344  -  ResidentSetSize of job (KB)
...
006 (298015.000.000) 04/11 15:04:53 Image size of job updated: 285488
	233  -  MemoryUsage of job (MB)
	238380  -  ResidentSetSize of job (KB)
...
006 (298060.000.000) 04/11 15:10:27 Image size of job updated: 241452
	236  -  MemoryUsage of job (MB)
	240856  -  ResidentSetSize of job (KB)
...
006 (298015.000.000) 04/11 15:24:54 Image size of job updated: 285488
	233  -  MemoryUsage of job (MB)
	238584  -  ResidentSetSize of job (KB)
...
005 (298015.000.000) 04/11 15:40:23 Job terminated.
	(1) Normal termination (return value 0)
		Usr 0 00:17:15, Sys 0 00:00:57  -  Run Remote Usage
		Usr 0 00:00:00, Sys 0 00:00:00  -  Run Local Usage
		Usr 0 00:17:15, Sys 0 00:00:57  -  Total Remote Usage
		Usr 0 00:00:00, Sys 0 00:00:00  -  Total Local Usage
	846798  -  Run Bytes Sent By Job
	287387  -  Run Bytes Received By Job
	846798  -  Total Bytes Sent By Job
	287387  -  Total Bytes Received By Job
	Partitionable Resources :    Usage  Request Allocated
	   Cpus                 :                 1         1
	   Disk (KB)            :  1000000  2048000   7920798
	   Memory (MB)          :      233     1992      1992
...
005 (298060.000.000) 04/11 15:52:14 Job terminated.
	(1) Normal termination (return value 0)
		Usr 0 00:28:10, Sys 0 00:01:40  -  Run Remote Usage
		Usr 0 00:00:00, Sys 0 00:00:00  -  Run Local Usage
		Usr 0 00:28:10, Sys 0 00:01:40  -  Total Remote Usage
		Usr 0 00:00:00, Sys 0 00:00:00  -  Total Local Usage
	871725  -  Run Bytes Sent By Job
	287387  -  Run Bytes Received By Job
	871725  -  Total Bytes Sent By Job
	287387  -  Total Bytes Received By Job
	Partitionable Resources :    Usage  Request Allocated
	   Cpus                 :                 1         1
	   Disk (KB)            :  1000000  2048000   3167498
	   Memory (MB)          :      236     1992      1992
...
