000 (297962.000.000) 04/11 13:09:21 Job submitted from host: <144.92.181.244:9618?addrs=144.92.181.244-9618+[2607-f388-101c-1000--371]-9618&noUDP&sock=5651_b1c7_3>
...
000 (298007.000.000) 04/11 13:11:06 Job submitted from host: <144.92.181.244:9618?addrs=144.92.181.244-9618+[2607-f388-101c-1000--371]-9618&noUDP&sock=5651_b1c7_3>
...
000 (298052.000.000) 04/11 13:12:08 Job submitted from host: <144.92.181.244:9618?addrs=144.92.181.244-9618+[2607-f388-101c-1000--371]-9618&noUDP&sock=5651_b1c7_3>
...
001 (297962.000.000) 04/11 13:16:41 Job executing on host: <144.92.180.122:9618?addrs=144.92.180.122-9618+[2607-f388-101c-1000--629]-9618&noUDP&sock=6862_56f7_3>
...
006 (297962.000.000) 04/11 13:16:41 Image size of job updated: 1
	0  -  MemoryUsage of job (MB)
	0  -  ResidentSetSize of job (KB)
...
004 (297962.000.000) 04/11 13:16:43 Job was evicted.
	(0) Job terminated and was requeued
		Usr 0 00:00:00, Sys 0 00:00:00  -  Run Remote Usage
		Usr 0 00:00:00, Sys 0 00:00:00  -  Run Local Usage
	377  -  Run Bytes Sent By Job
	287387  -  Run Bytes Received By Job
	(1) Normal termination (return value 127)
	The job attribute OnExitRemove expression '( ExitBySignal == false && ( ExitCode == 0 || ExitCode == 42 || NumJobStarts > 3 ) )' evaluated to FALSE
...
001 (297962.000.000) 04/11 13:18:11 Job executing on host: <128.104.227.114:9618?addrs=128.104.227.114-9618+[2607-f388-101c-1000--63]-9618&noUDP&sock=11055_6392_3>
...
004 (297962.000.000) 04/11 13:18:15 Job was evicted.
	(0) Job terminated and was requeued
		Usr 0 00:00:00, Sys 0 00:00:00  -  Run Remote Usage
		Usr 0 00:00:00, Sys 0 00:00:00  -  Run Local Usage
	377  -  Run Bytes Sent By Job
	287387  -  Run Bytes Received By Job
	(1) Normal termination (return value 127)
	The job attribute OnExitRemove expression '( ExitBySignal == false && ( ExitCode == 0 || ExitCode == 42 || NumJobStarts > 3 ) )' evaluated to FALSE
...
001 (297962.000.000) 04/11 13:19:36 Job executing on host: <144.92.180.246:9618?addrs=144.92.180.246-9618+[2607-f388-101c-1000--629]-9618&noUDP&sock=9338_ab76_3>
...
004 (297962.000.000) 04/11 13:19:37 Job was evicted.
	(0) Job terminated and was requeued
		Usr 0 00:00:00, Sys 0 00:00:00  -  Run Remote Usage
		Usr 0 00:00:00, Sys 0 00:00:00  -  Run Local Usage
	376  -  Run Bytes Sent By Job
	287387  -  Run Bytes Received By Job
	(1) Normal termination (return value 127)
	The job attribute OnExitRemove expression '( ExitBySignal == false && ( ExitCode == 0 || ExitCode == 42 || NumJobStarts > 3 ) )' evaluated to FALSE
...
001 (297962.000.000) 04/11 13:19:40 Job executing on host: <128.104.227.26:9618?addrs=128.104.227.26-9618+[2607-f388-101c-1000--629]-9618&noUDP&sock=9468_d6c6_3>
...
005 (297962.000.000) 04/11 13:19:45 Job terminated.
	(1) Normal termination (return value 127)
		Usr 0 00:00:00, Sys 0 00:00:00  -  Run Remote Usage
		Usr 0 00:00:00, Sys 0 00:00:00  -  Run Local Usage
		Usr 0 00:00:00, Sys 0 00:00:00  -  Total Remote Usage
		Usr 0 00:00:00, Sys 0 00:00:00  -  Total Local Usage
	377  -  Run Bytes Sent By Job
	287387  -  Run Bytes Received By Job
	1507  -  Total Bytes Sent By Job
	1149548  -  Total Bytes Received By Job
	Partitionable Resources :    Usage  Request Allocated
	   Cpus                 :                 1         1
	   Disk (KB)            :  1000000  2048000   9504753
	   Memory (MB)          :        0     1992      1992
...
001 (298007.000.000) 04/11 13:23:07 Job executing on host: <144.92.180.69:9618?addrs=144.92.180.69-9618+[2607-f388-101c-1000--629]-9618&noUDP&sock=9134_be24_3>
...
006 (298007.000.000) 04/11 13:23:16 Image size of job updated: 54836
	23  -  MemoryUsage of job (MB)
	23380  -  ResidentSetSize of job (KB)
...
006 (298007.000.000) 04/11 13:43:17 Image size of job updated: 244136
	238  -  MemoryUsage of job (MB)
	243320  -  ResidentSetSize of job (KB)
...
001 (298052.000.000) 04/11 13:47:37 Job executing on host: <144.92.180.196:9618?addrs=144.92.180.196-9618+[2607-f388-101c-1000--629]-9618&noUDP&sock=8069_3dc7_3>
...
006 (298052.000.000) 04/11 13:47:45 Image size of job updated: 209444
	106  -  MemoryUsage of job (MB)
	108160  -  ResidentSetSize of job (KB)
...
006 (298052.000.000) 04/11 14:07:45 Image size of job updated: 228248
	223  -  MemoryUsage of job (MB)
	227576  -  ResidentSetSize of job (KB)
...
006 (298052.000.000) 04/11 14:27:45 Image size of job updated: 234984
	229  -  MemoryUsage of job (MB)
	234312  -  ResidentSetSize of job (KB)
...
006 (298052.000.000) 04/11 15:27:45 Image size of job updated: 237092
	232  -  MemoryUsage of job (MB)
	237092  -  ResidentSetSize of job (KB)
...
006 (298052.000.000) 04/11 15:47:45 Image size of job updated: 248720
	243  -  MemoryUsage of job (MB)
	248720  -  ResidentSetSize of job (KB)
...
005 (298007.000.000) 04/11 15:53:20 Job terminated.
	(1) Normal termination (return value 0)
		Usr 0 00:21:40, Sys 0 00:01:04  -  Run Remote Usage
		Usr 0 00:00:00, Sys 0 00:00:00  -  Run Local Usage
		Usr 0 00:21:40, Sys 0 00:01:04  -  Total Remote Usage
		Usr 0 00:00:00, Sys 0 00:00:00  -  Total Local Usage
	901201  -  Run Bytes Sent By Job
	287387  -  Run Bytes Received By Job
	901201  -  Total Bytes Sent By Job
	287387  -  Total Bytes Received By Job
	Partitionable Resources :    Usage  Request Allocated
	   Cpus                 :                 1         1
	   Disk (KB)            :  1000000  2048000   7920798
	   Memory (MB)          :      238     1992      1992
...
005 (298052.000.000) 04/11 15:53:20 Job terminated.
	(1) Normal termination (return value 0)
		Usr 0 00:24:53, Sys 0 00:01:36  -  Run Remote Usage
		Usr 0 00:00:00, Sys 0 00:00:00  -  Run Local Usage
		Usr 0 00:24:53, Sys 0 00:01:36  -  Total Remote Usage
		Usr 0 00:00:00, Sys 0 00:00:00  -  Total Local Usage
	901201  -  Run Bytes Sent By Job
	287387  -  Run Bytes Received By Job
	901201  -  Total Bytes Sent By Job
	287387  -  Total Bytes Received By Job
	Partitionable Resources :    Usage  Request Allocated
	   Cpus                 :                 1         1
	   Disk (KB)            :  1000000  2048000   4752007
	   Memory (MB)          :      243     1992      1992
...
