000 (297965.000.000) 04/11 13:09:23 Job submitted from host: <144.92.181.244:9618?addrs=144.92.181.244-9618+[2607-f388-101c-1000--371]-9618&noUDP&sock=5651_b1c7_3>
...
000 (298010.000.000) 04/11 13:11:08 Job submitted from host: <144.92.181.244:9618?addrs=144.92.181.244-9618+[2607-f388-101c-1000--371]-9618&noUDP&sock=5651_b1c7_3>
...
000 (298055.000.000) 04/11 13:12:10 Job submitted from host: <144.92.181.244:9618?addrs=144.92.181.244-9618+[2607-f388-101c-1000--371]-9618&noUDP&sock=5651_b1c7_3>
...
001 (297965.000.000) 04/11 13:16:41 Job executing on host: <144.92.180.168:9618?addrs=144.92.180.168-9618+[2607-f388-101c-1000--629]-9618&noUDP&sock=14907_8a62_3>
...
006 (297965.000.000) 04/11 13:16:41 Image size of job updated: 4
	1  -  MemoryUsage of job (MB)
	4  -  ResidentSetSize of job (KB)
...
004 (297965.000.000) 04/11 13:16:42 Job was evicted.
	(0) Job terminated and was requeued
		Usr 0 00:00:00, Sys 0 00:00:00  -  Run Remote Usage
		Usr 0 00:00:00, Sys 0 00:00:00  -  Run Local Usage
	377  -  Run Bytes Sent By Job
	287387  -  Run Bytes Received By Job
	(1) Normal termination (return value 127)
	The job attribute OnExitRemove expression '( ExitBySignal == false && ( ExitCode == 0 || ExitCode == 42 || NumJobStarts > 3 ) )' evaluated to FALSE
...
001 (297965.000.000) 04/11 13:18:11 Job executing on host: <144.92.181.189:9618?addrs=144.92.181.189-9618+[2607-f388-101c-1000--629]-9618&noUDP&sock=9248_eff0_3>
...
004 (297965.000.000) 04/11 13:18:14 Job was evicted.
	(0) Job terminated and was requeued
		Usr 0 00:00:00, Sys 0 00:00:00  -  Run Remote Usage
		Usr 0 00:00:00, Sys 0 00:00:00  -  Run Local Usage
	377  -  Run Bytes Sent By Job
	287387  -  Run Bytes Received By Job
	(1) Normal termination (return value 127)
	The job attribute OnExitRemove expression '( ExitBySignal == false && ( ExitCode == 0 || ExitCode == 42 || NumJobStarts > 3 ) )' evaluated to FALSE
...
001 (297965.000.000) 04/11 13:19:36 Job executing on host: <128.104.227.63:9618?addrs=128.104.227.63-9618+[2607-f388-101c-1000--629]-9618&noUDP&sock=9423_f903_3>
...
004 (297965.000.000) 04/11 13:19:38 Job was evicted.
	(0) Job terminated and was requeued
		Usr 0 00:00:00, Sys 0 00:00:00  -  Run Remote Usage
		Usr 0 00:00:00, Sys 0 00:00:00  -  Run Local Usage
	377  -  Run Bytes Sent By Job
	287387  -  Run Bytes Received By Job
	(1) Normal termination (return value 127)
	The job attribute OnExitRemove expression '( ExitBySignal == false && ( ExitCode == 0 || ExitCode == 42 || NumJobStarts > 3 ) )' evaluated to FALSE
...
001 (297965.000.000) 04/11 13:19:59 Job executing on host: <128.104.227.26:9618?addrs=128.104.227.26-9618+[2607-f388-101c-1000--629]-9618&noUDP&sock=9468_d6c6_3>
...
005 (297965.000.000) 04/11 13:20:00 Job terminated.
	(1) Normal termination (return value 127)
		Usr 0 00:00:00, Sys 0 00:00:00  -  Run Remote Usage
		Usr 0 00:00:00, Sys 0 00:00:00  -  Run Local Usage
		Usr 0 00:00:00, Sys 0 00:00:00  -  Total Remote Usage
		Usr 0 00:00:00, Sys 0 00:00:00  -  Total Local Usage
	377  -  Run Bytes Sent By Job
	287387  -  Run Bytes Received By Job
	1508  -  Total Bytes Sent By Job
	1149548  -  Total Bytes Received By Job
	Partitionable Resources :    Usage  Request Allocated
	   Cpus                 :                 1         1
	   Disk (KB)            :  1000000  2048000   9504753
	   Memory (MB)          :        1     1992      1992
...
001 (298010.000.000) 04/11 13:23:07 Job executing on host: <144.92.180.168:9618?addrs=144.92.180.168-9618+[2607-f388-101c-1000--629]-9618&noUDP&sock=14907_8a62_3>
...
006 (298010.000.000) 04/11 13:23:16 Image size of job updated: 215948
	108  -  MemoryUsage of job (MB)
	110220  -  ResidentSetSize of job (KB)
...
006 (298010.000.000) 04/11 13:43:17 Image size of job updated: 226256
	221  -  MemoryUsage of job (MB)
	225596  -  ResidentSetSize of job (KB)
...
001 (298055.000.000) 04/11 13:48:34 Job executing on host: <128.104.227.12:9618?addrs=128.104.227.12-9618+[2607-f388-101c-1000--629]-9618&noUDP&sock=9455_ec0b_3>
...
006 (298055.000.000) 04/11 13:48:43 Image size of job updated: 213136
	108  -  MemoryUsage of job (MB)
	110220  -  ResidentSetSize of job (KB)
...
006 (298010.000.000) 04/11 14:03:17 Image size of job updated: 231056
	226  -  MemoryUsage of job (MB)
	231024  -  ResidentSetSize of job (KB)
...
006 (298055.000.000) 04/11 14:08:44 Image size of job updated: 227924
	223  -  MemoryUsage of job (MB)
	227800  -  ResidentSetSize of job (KB)
...
006 (298010.000.000) 04/11 14:23:17 Image size of job updated: 236616
	230  -  MemoryUsage of job (MB)
	234744  -  ResidentSetSize of job (KB)
...
006 (298055.000.000) 04/11 14:28:45 Image size of job updated: 233224
	228  -  MemoryUsage of job (MB)
	233224  -  ResidentSetSize of job (KB)
...
006 (298010.000.000) 04/11 14:43:17 Image size of job updated: 238084
	231  -  MemoryUsage of job (MB)
	236212  -  ResidentSetSize of job (KB)
...
006 (298055.000.000) 04/11 14:48:46 Image size of job updated: 237224
	232  -  MemoryUsage of job (MB)
	237224  -  ResidentSetSize of job (KB)
...
006 (298055.000.000) 04/11 15:08:47 Image size of job updated: 237644
	232  -  MemoryUsage of job (MB)
	237224  -  ResidentSetSize of job (KB)
...
006 (298010.000.000) 04/11 15:23:18 Image size of job updated: 238084
	231  -  MemoryUsage of job (MB)
	236312  -  ResidentSetSize of job (KB)
...
006 (298055.000.000) 04/11 15:28:48 Image size of job updated: 237748
	232  -  MemoryUsage of job (MB)
	237224  -  ResidentSetSize of job (KB)
...
006 (298010.000.000) 04/11 16:03:20 Image size of job updated: 240440
	233  -  MemoryUsage of job (MB)
	237716  -  ResidentSetSize of job (KB)
...
006 (298055.000.000) 04/11 16:08:50 Image size of job updated: 239680
	232  -  MemoryUsage of job (MB)
	237224  -  ResidentSetSize of job (KB)
...
005 (298010.000.000) 04/11 16:11:48 Job terminated.
	(1) Normal termination (return value 0)
		Usr 0 00:20:15, Sys 0 00:01:06  -  Run Remote Usage
		Usr 0 00:00:00, Sys 0 00:00:00  -  Run Local Usage
		Usr 0 00:20:15, Sys 0 00:01:06  -  Total Remote Usage
		Usr 0 00:00:00, Sys 0 00:00:00  -  Total Local Usage
	1036516  -  Run Bytes Sent By Job
	287387  -  Run Bytes Received By Job
	1036516  -  Total Bytes Sent By Job
	287387  -  Total Bytes Received By Job
	Partitionable Resources :    Usage  Request Allocated
	   Cpus                 :                 1         1
	   Disk (KB)            :  1000000  2048000   7920689
	   Memory (MB)          :      233     1992      1992
...
005 (298055.000.000) 04/11 16:11:52 Job terminated.
	(1) Normal termination (return value 0)
		Usr 0 00:21:59, Sys 0 00:01:16  -  Run Remote Usage
		Usr 0 00:00:00, Sys 0 00:00:00  -  Run Local Usage
		Usr 0 00:21:59, Sys 0 00:01:16  -  Total Remote Usage
		Usr 0 00:00:00, Sys 0 00:00:00  -  Total Local Usage
	1036516  -  Run Bytes Sent By Job
	287387  -  Run Bytes Received By Job
	1036516  -  Total Bytes Sent By Job
	287387  -  Total Bytes Received By Job
	Partitionable Resources :    Usage  Request Allocated
	   Cpus                 :                 1         1
	   Disk (KB)            :  1000000  2048000   9504838
	   Memory (MB)          :      232     1992      1992
...
