file path found: /hdfs/store/user/varuns/NTuples/MC/MC2017_12Apr2018_102X/WJets/WJetsToLNu_HT1200-2500/MC_WJetsToLNu_HT1200-2500_1.root
name: MC_WJetsToLNu_HT1200-2500_1.root
filenumber: 0
Adding FullPathInputFile to chain:/hdfs/store/user/varuns/NTuples/MC/MC2017_12Apr2018_102X/WJets/WJetsToLNu_HT1200-2500/MC_WJetsToLNu_HT1200-2500_1.root

file path found: /hdfs/store/user/varuns/NTuples/MC/MC2017_12Apr2018_102X/WJets/WJetsToLNu_HT1200-2500/MC_WJetsToLNu_HT1200-2500_10.root
name: MC_WJetsToLNu_HT1200-2500_10.root
filenumber: 1
Adding FullPathInputFile to chain:/hdfs/store/user/varuns/NTuples/MC/MC2017_12Apr2018_102X/WJets/WJetsToLNu_HT1200-2500/MC_WJetsToLNu_HT1200-2500_10.root

file path found: /hdfs/store/user/varuns/NTuples/MC/MC2017_12Apr2018_102X/WJets/WJetsToLNu_HT1200-2500/MC_WJetsToLNu_HT1200-2500_100.root
name: MC_WJetsToLNu_HT1200-2500_100.root
filenumber: 2
file path found: /hdfs/store/user/varuns/NTuples/MC/MC2017_12Apr2018_102X/WJets/WJetsToLNu_HT1200-2500/MC_WJetsToLNu_HT1200-2500_101.root
name: MC_WJetsToLNu_HT1200-2500_101.root
filenumber: 3
file path found: /hdfs/store/user/varuns/NTuples/MC/MC2017_12Apr2018_102X/WJets/WJetsToLNu_HT1200-2500/MC_WJetsToLNu_HT1200-2500_102.root
name: MC_WJetsToLNu_HT1200-2500_102.root
filenumber: 4
file path found: /hdfs/store/user/varuns/NTuples/MC/MC2017_12Apr2018_102X/WJets/WJetsToLNu_HT1200-2500/MC_WJetsToLNu_HT1200-2500_103.root
name: MC_WJetsToLNu_HT1200-2500_103.root
filenumber: 5
file path found: /hdfs/store/user/varuns/NTuples/MC/MC2017_12Apr2018_102X/WJets/WJetsToLNu_HT1200-2500/MC_WJetsToLNu_HT1200-2500_104.root
name: MC_WJetsToLNu_HT1200-2500_104.root
filenumber: 6
file path found: /hdfs/store/user/varuns/NTuples/MC/MC2017_12Apr2018_102X/WJets/WJetsToLNu_HT1200-2500/MC_WJetsToLNu_HT1200-2500_105.root
name: MC_WJetsToLNu_HT1200-2500_105.root
filenumber: 7
file path found: /hdfs/store/user/varuns/NTuples/MC/MC2017_12Apr2018_102X/WJets/WJetsToLNu_HT1200-2500/MC_WJetsToLNu_HT1200-2500_106.root
name: MC_WJetsToLNu_HT1200-2500_106.root
filenumber: 8
file path found: /hdfs/store/user/varuns/NTuples/MC/MC2017_12Apr2018_102X/WJets/WJetsToLNu_HT1200-2500/MC_WJetsToLNu_HT1200-2500_107.root
name: MC_WJetsToLNu_HT1200-2500_107.root
filenumber: 9
file path found: /hdfs/store/user/varuns/NTuples/MC/MC2017_12Apr2018_102X/WJets/WJetsToLNu_HT1200-2500/MC_WJetsToLNu_HT1200-2500_108.root
name: MC_WJetsToLNu_HT1200-2500_108.root
filenumber: 10
file path found: /hdfs/store/user/varuns/NTuples/MC/MC2017_12Apr2018_102X/WJets/WJetsToLNu_HT1200-2500/MC_WJetsToLNu_HT1200-2500_109.root
name: MC_WJetsToLNu_HT1200-2500_109.root
filenumber: 11
file path found: /hdfs/store/user/varuns/NTuples/MC/MC2017_12Apr2018_102X/WJets/WJetsToLNu_HT1200-2500/MC_WJetsToLNu_HT1200-2500_11.root
name: MC_WJetsToLNu_HT1200-2500_11.root
filenumber: 12
Adding FullPathInputFile to chain:/hdfs/store/user/varuns/NTuples/MC/MC2017_12Apr2018_102X/WJets/WJetsToLNu_HT1200-2500/MC_WJetsToLNu_HT1200-2500_11.root

file path found: /hdfs/store/user/varuns/NTuples/MC/MC2017_12Apr2018_102X/WJets/WJetsToLNu_HT1200-2500/MC_WJetsToLNu_HT1200-2500_110.root
name: MC_WJetsToLNu_HT1200-2500_110.root
filenumber: 13
file path found: /hdfs/store/user/varuns/NTuples/MC/MC2017_12Apr2018_102X/WJets/WJetsToLNu_HT1200-2500/MC_WJetsToLNu_HT1200-2500_111.root
name: MC_WJetsToLNu_HT1200-2500_111.root
filenumber: 14
file path found: /hdfs/store/user/varuns/NTuples/MC/MC2017_12Apr2018_102X/WJets/WJetsToLNu_HT1200-2500/MC_WJetsToLNu_HT1200-2500_112.root
name: MC_WJetsToLNu_HT1200-2500_112.root
filenumber: 15
file path found: /hdfs/store/user/varuns/NTuples/MC/MC2017_12Apr2018_102X/WJets/WJetsToLNu_HT1200-2500/MC_WJetsToLNu_HT1200-2500_113.root
name: MC_WJetsToLNu_HT1200-2500_113.root
filenumber: 16
file path found: /hdfs/store/user/varuns/NTuples/MC/MC2017_12Apr2018_102X/WJets/WJetsToLNu_HT1200-2500/MC_WJetsToLNu_HT1200-2500_114.root
name: MC_WJetsToLNu_HT1200-2500_114.root
filenumber: 17
file path found: /hdfs/store/user/varuns/NTuples/MC/MC2017_12Apr2018_102X/WJets/WJetsToLNu_HT1200-2500/MC_WJetsToLNu_HT1200-2500_115.root
name: MC_WJetsToLNu_HT1200-2500_115.root
filenumber: 18
file path found: /hdfs/store/user/varuns/NTuples/MC/MC2017_12Apr2018_102X/WJets/WJetsToLNu_HT1200-2500/MC_WJetsToLNu_HT1200-2500_116.root
name: MC_WJetsToLNu_HT1200-2500_116.root
filenumber: 19
file path found: /hdfs/store/user/varuns/NTuples/MC/MC2017_12Apr2018_102X/WJets/WJetsToLNu_HT1200-2500/MC_WJetsToLNu_HT1200-2500_117.root
name: MC_WJetsToLNu_HT1200-2500_117.root
filenumber: 20
file path found: /hdfs/store/user/varuns/NTuples/MC/MC2017_12Apr2018_102X/WJets/WJetsToLNu_HT1200-2500/MC_WJetsToLNu_HT1200-2500_118.root
name: MC_WJetsToLNu_HT1200-2500_118.root
filenumber: 21
file path found: /hdfs/store/user/varuns/NTuples/MC/MC2017_12Apr2018_102X/WJets/WJetsToLNu_HT1200-2500/MC_WJetsToLNu_HT1200-2500_119.root
name: MC_WJetsToLNu_HT1200-2500_119.root
filenumber: 22
file path found: /hdfs/store/user/varuns/NTuples/MC/MC2017_12Apr2018_102X/WJets/WJetsToLNu_HT1200-2500/MC_WJetsToLNu_HT1200-2500_12.root
name: MC_WJetsToLNu_HT1200-2500_12.root
filenumber: 23
Adding FullPathInputFile to chain:/hdfs/store/user/varuns/NTuples/MC/MC2017_12Apr2018_102X/WJets/WJetsToLNu_HT1200-2500/MC_WJetsToLNu_HT1200-2500_12.root

file path found: /hdfs/store/user/varuns/NTuples/MC/MC2017_12Apr2018_102X/WJets/WJetsToLNu_HT1200-2500/MC_WJetsToLNu_HT1200-2500_120.root
name: MC_WJetsToLNu_HT1200-2500_120.root
filenumber: 24
file path found: /hdfs/store/user/varuns/NTuples/MC/MC2017_12Apr2018_102X/WJets/WJetsToLNu_HT1200-2500/MC_WJetsToLNu_HT1200-2500_121.root
name: MC_WJetsToLNu_HT1200-2500_121.root
filenumber: 25
file path found: /hdfs/store/user/varuns/NTuples/MC/MC2017_12Apr2018_102X/WJets/WJetsToLNu_HT1200-2500/MC_WJetsToLNu_HT1200-2500_122.root
name: MC_WJetsToLNu_HT1200-2500_122.root
filenumber: 26
file path found: /hdfs/store/user/varuns/NTuples/MC/MC2017_12Apr2018_102X/WJets/WJetsToLNu_HT1200-2500/MC_WJetsToLNu_HT1200-2500_123.root
name: MC_WJetsToLNu_HT1200-2500_123.root
filenumber: 27
file path found: /hdfs/store/user/varuns/NTuples/MC/MC2017_12Apr2018_102X/WJets/WJetsToLNu_HT1200-2500/MC_WJetsToLNu_HT1200-2500_124.root
name: MC_WJetsToLNu_HT1200-2500_124.root
filenumber: 28
file path found: /hdfs/store/user/varuns/NTuples/MC/MC2017_12Apr2018_102X/WJets/WJetsToLNu_HT1200-2500/MC_WJetsToLNu_HT1200-2500_125.root
name: MC_WJetsToLNu_HT1200-2500_125.root
filenumber: 29
file path found: /hdfs/store/user/varuns/NTuples/MC/MC2017_12Apr2018_102X/WJets/WJetsToLNu_HT1200-2500/MC_WJetsToLNu_HT1200-2500_126.root
name: MC_WJetsToLNu_HT1200-2500_126.root
filenumber: 30
file path found: /hdfs/store/user/varuns/NTuples/MC/MC2017_12Apr2018_102X/WJets/WJetsToLNu_HT1200-2500/MC_WJetsToLNu_HT1200-2500_127.root
name: MC_WJetsToLNu_HT1200-2500_127.root
filenumber: 31
file path found: /hdfs/store/user/varuns/NTuples/MC/MC2017_12Apr2018_102X/WJets/WJetsToLNu_HT1200-2500/MC_WJetsToLNu_HT1200-2500_128.root
name: MC_WJetsToLNu_HT1200-2500_128.root
filenumber: 32
file path found: /hdfs/store/user/varuns/NTuples/MC/MC2017_12Apr2018_102X/WJets/WJetsToLNu_HT1200-2500/MC_WJetsToLNu_HT1200-2500_129.root
name: MC_WJetsToLNu_HT1200-2500_129.root
filenumber: 33
file path found: /hdfs/store/user/varuns/NTuples/MC/MC2017_12Apr2018_102X/WJets/WJetsToLNu_HT1200-2500/MC_WJetsToLNu_HT1200-2500_13.root
name: MC_WJetsToLNu_HT1200-2500_13.root
filenumber: 34
Adding FullPathInputFile to chain:/hdfs/store/user/varuns/NTuples/MC/MC2017_12Apr2018_102X/WJets/WJetsToLNu_HT1200-2500/MC_WJetsToLNu_HT1200-2500_13.root

file path found: /hdfs/store/user/varuns/NTuples/MC/MC2017_12Apr2018_102X/WJets/WJetsToLNu_HT1200-2500/MC_WJetsToLNu_HT1200-2500_130.root
name: MC_WJetsToLNu_HT1200-2500_130.root
filenumber: 35
file path found: /hdfs/store/user/varuns/NTuples/MC/MC2017_12Apr2018_102X/WJets/WJetsToLNu_HT1200-2500/MC_WJetsToLNu_HT1200-2500_131.root
name: MC_WJetsToLNu_HT1200-2500_131.root
filenumber: 36
file path found: /hdfs/store/user/varuns/NTuples/MC/MC2017_12Apr2018_102X/WJets/WJetsToLNu_HT1200-2500/MC_WJetsToLNu_HT1200-2500_132.root
name: MC_WJetsToLNu_HT1200-2500_132.root
filenumber: 37
file path found: /hdfs/store/user/varuns/NTuples/MC/MC2017_12Apr2018_102X/WJets/WJetsToLNu_HT1200-2500/MC_WJetsToLNu_HT1200-2500_133.root
name: MC_WJetsToLNu_HT1200-2500_133.root
filenumber: 38
file path found: /hdfs/store/user/varuns/NTuples/MC/MC2017_12Apr2018_102X/WJets/WJetsToLNu_HT1200-2500/MC_WJetsToLNu_HT1200-2500_134.root
name: MC_WJetsToLNu_HT1200-2500_134.root
filenumber: 39
file path found: /hdfs/store/user/varuns/NTuples/MC/MC2017_12Apr2018_102X/WJets/WJetsToLNu_HT1200-2500/MC_WJetsToLNu_HT1200-2500_135.root
name: MC_WJetsToLNu_HT1200-2500_135.root
filenumber: 40
file path found: /hdfs/store/user/varuns/NTuples/MC/MC2017_12Apr2018_102X/WJets/WJetsToLNu_HT1200-2500/MC_WJetsToLNu_HT1200-2500_136.root
name: MC_WJetsToLNu_HT1200-2500_136.root
filenumber: 41
file path found: /hdfs/store/user/varuns/NTuples/MC/MC2017_12Apr2018_102X/WJets/WJetsToLNu_HT1200-2500/MC_WJetsToLNu_HT1200-2500_137.root
name: MC_WJetsToLNu_HT1200-2500_137.root
filenumber: 42
file path found: /hdfs/store/user/varuns/NTuples/MC/MC2017_12Apr2018_102X/WJets/WJetsToLNu_HT1200-2500/MC_WJetsToLNu_HT1200-2500_138.root
name: MC_WJetsToLNu_HT1200-2500_138.root
filenumber: 43
file path found: /hdfs/store/user/varuns/NTuples/MC/MC2017_12Apr2018_102X/WJets/WJetsToLNu_HT1200-2500/MC_WJetsToLNu_HT1200-2500_139.root
name: MC_WJetsToLNu_HT1200-2500_139.root
filenumber: 44
file path found: /hdfs/store/user/varuns/NTuples/MC/MC2017_12Apr2018_102X/WJets/WJetsToLNu_HT1200-2500/MC_WJetsToLNu_HT1200-2500_14.root
name: MC_WJetsToLNu_HT1200-2500_14.root
filenumber: 45
Adding FullPathInputFile to chain:/hdfs/store/user/varuns/NTuples/MC/MC2017_12Apr2018_102X/WJets/WJetsToLNu_HT1200-2500/MC_WJetsToLNu_HT1200-2500_14.root

file path found: /hdfs/store/user/varuns/NTuples/MC/MC2017_12Apr2018_102X/WJets/WJetsToLNu_HT1200-2500/MC_WJetsToLNu_HT1200-2500_140.root
name: MC_WJetsToLNu_HT1200-2500_140.root
filenumber: 46
file path found: /hdfs/store/user/varuns/NTuples/MC/MC2017_12Apr2018_102X/WJets/WJetsToLNu_HT1200-2500/MC_WJetsToLNu_HT1200-2500_141.root
name: MC_WJetsToLNu_HT1200-2500_141.root
filenumber: 47
file path found: /hdfs/store/user/varuns/NTuples/MC/MC2017_12Apr2018_102X/WJets/WJetsToLNu_HT1200-2500/MC_WJetsToLNu_HT1200-2500_142.root
name: MC_WJetsToLNu_HT1200-2500_142.root
filenumber: 48
file path found: /hdfs/store/user/varuns/NTuples/MC/MC2017_12Apr2018_102X/WJets/WJetsToLNu_HT1200-2500/MC_WJetsToLNu_HT1200-2500_143.root
name: MC_WJetsToLNu_HT1200-2500_143.root
filenumber: 49
file path found: /hdfs/store/user/varuns/NTuples/MC/MC2017_12Apr2018_102X/WJets/WJetsToLNu_HT1200-2500/MC_WJetsToLNu_HT1200-2500_144.root
name: MC_WJetsToLNu_HT1200-2500_144.root
filenumber: 50
file path found: /hdfs/store/user/varuns/NTuples/MC/MC2017_12Apr2018_102X/WJets/WJetsToLNu_HT1200-2500/MC_WJetsToLNu_HT1200-2500_145.root
name: MC_WJetsToLNu_HT1200-2500_145.root
filenumber: 51
file path found: /hdfs/store/user/varuns/NTuples/MC/MC2017_12Apr2018_102X/WJets/WJetsToLNu_HT1200-2500/MC_WJetsToLNu_HT1200-2500_146.root
name: MC_WJetsToLNu_HT1200-2500_146.root
filenumber: 52
file path found: /hdfs/store/user/varuns/NTuples/MC/MC2017_12Apr2018_102X/WJets/WJetsToLNu_HT1200-2500/MC_WJetsToLNu_HT1200-2500_147.root
name: MC_WJetsToLNu_HT1200-2500_147.root
filenumber: 53
file path found: /hdfs/store/user/varuns/NTuples/MC/MC2017_12Apr2018_102X/WJets/WJetsToLNu_HT1200-2500/MC_WJetsToLNu_HT1200-2500_148.root
name: MC_WJetsToLNu_HT1200-2500_148.root
filenumber: 54
file path found: /hdfs/store/user/varuns/NTuples/MC/MC2017_12Apr2018_102X/WJets/WJetsToLNu_HT1200-2500/MC_WJetsToLNu_HT1200-2500_149.root
name: MC_WJetsToLNu_HT1200-2500_149.root
filenumber: 55
file path found: /hdfs/store/user/varuns/NTuples/MC/MC2017_12Apr2018_102X/WJets/WJetsToLNu_HT1200-2500/MC_WJetsToLNu_HT1200-2500_15.root
name: MC_WJetsToLNu_HT1200-2500_15.root
filenumber: 56
Adding FullPathInputFile to chain:/hdfs/store/user/varuns/NTuples/MC/MC2017_12Apr2018_102X/WJets/WJetsToLNu_HT1200-2500/MC_WJetsToLNu_HT1200-2500_15.root

file path found: /hdfs/store/user/varuns/NTuples/MC/MC2017_12Apr2018_102X/WJets/WJetsToLNu_HT1200-2500/MC_WJetsToLNu_HT1200-2500_150.root
name: MC_WJetsToLNu_HT1200-2500_150.root
filenumber: 57
file path found: /hdfs/store/user/varuns/NTuples/MC/MC2017_12Apr2018_102X/WJets/WJetsToLNu_HT1200-2500/MC_WJetsToLNu_HT1200-2500_151.root
name: MC_WJetsToLNu_HT1200-2500_151.root
filenumber: 58
file path found: /hdfs/store/user/varuns/NTuples/MC/MC2017_12Apr2018_102X/WJets/WJetsToLNu_HT1200-2500/MC_WJetsToLNu_HT1200-2500_152.root
name: MC_WJetsToLNu_HT1200-2500_152.root
filenumber: 59
file path found: /hdfs/store/user/varuns/NTuples/MC/MC2017_12Apr2018_102X/WJets/WJetsToLNu_HT1200-2500/MC_WJetsToLNu_HT1200-2500_153.root
name: MC_WJetsToLNu_HT1200-2500_153.root
filenumber: 60
file path found: /hdfs/store/user/varuns/NTuples/MC/MC2017_12Apr2018_102X/WJets/WJetsToLNu_HT1200-2500/MC_WJetsToLNu_HT1200-2500_154.root
name: MC_WJetsToLNu_HT1200-2500_154.root
filenumber: 61
file path found: /hdfs/store/user/varuns/NTuples/MC/MC2017_12Apr2018_102X/WJets/WJetsToLNu_HT1200-2500/MC_WJetsToLNu_HT1200-2500_155.root
name: MC_WJetsToLNu_HT1200-2500_155.root
filenumber: 62
file path found: /hdfs/store/user/varuns/NTuples/MC/MC2017_12Apr2018_102X/WJets/WJetsToLNu_HT1200-2500/MC_WJetsToLNu_HT1200-2500_156.root
name: MC_WJetsToLNu_HT1200-2500_156.root
filenumber: 63
file path found: /hdfs/store/user/varuns/NTuples/MC/MC2017_12Apr2018_102X/WJets/WJetsToLNu_HT1200-2500/MC_WJetsToLNu_HT1200-2500_157.root
name: MC_WJetsToLNu_HT1200-2500_157.root
filenumber: 64
file path found: /hdfs/store/user/varuns/NTuples/MC/MC2017_12Apr2018_102X/WJets/WJetsToLNu_HT1200-2500/MC_WJetsToLNu_HT1200-2500_158.root
name: MC_WJetsToLNu_HT1200-2500_158.root
filenumber: 65
file path found: /hdfs/store/user/varuns/NTuples/MC/MC2017_12Apr2018_102X/WJets/WJetsToLNu_HT1200-2500/MC_WJetsToLNu_HT1200-2500_159.root
name: MC_WJetsToLNu_HT1200-2500_159.root
filenumber: 66
file path found: /hdfs/store/user/varuns/NTuples/MC/MC2017_12Apr2018_102X/WJets/WJetsToLNu_HT1200-2500/MC_WJetsToLNu_HT1200-2500_16.root
name: MC_WJetsToLNu_HT1200-2500_16.root
filenumber: 67
Adding FullPathInputFile to chain:/hdfs/store/user/varuns/NTuples/MC/MC2017_12Apr2018_102X/WJets/WJetsToLNu_HT1200-2500/MC_WJetsToLNu_HT1200-2500_16.root

file path found: /hdfs/store/user/varuns/NTuples/MC/MC2017_12Apr2018_102X/WJets/WJetsToLNu_HT1200-2500/MC_WJetsToLNu_HT1200-2500_160.root
name: MC_WJetsToLNu_HT1200-2500_160.root
filenumber: 68
file path found: /hdfs/store/user/varuns/NTuples/MC/MC2017_12Apr2018_102X/WJets/WJetsToLNu_HT1200-2500/MC_WJetsToLNu_HT1200-2500_161.root
name: MC_WJetsToLNu_HT1200-2500_161.root
filenumber: 69
file path found: /hdfs/store/user/varuns/NTuples/MC/MC2017_12Apr2018_102X/WJets/WJetsToLNu_HT1200-2500/MC_WJetsToLNu_HT1200-2500_162.root
name: MC_WJetsToLNu_HT1200-2500_162.root
filenumber: 70
file path found: /hdfs/store/user/varuns/NTuples/MC/MC2017_12Apr2018_102X/WJets/WJetsToLNu_HT1200-2500/MC_WJetsToLNu_HT1200-2500_163.root
name: MC_WJetsToLNu_HT1200-2500_163.root
filenumber: 71
file path found: /hdfs/store/user/varuns/NTuples/MC/MC2017_12Apr2018_102X/WJets/WJetsToLNu_HT1200-2500/MC_WJetsToLNu_HT1200-2500_164.root
name: MC_WJetsToLNu_HT1200-2500_164.root
filenumber: 72
file path found: /hdfs/store/user/varuns/NTuples/MC/MC2017_12Apr2018_102X/WJets/WJetsToLNu_HT1200-2500/MC_WJetsToLNu_HT1200-2500_165.root
name: MC_WJetsToLNu_HT1200-2500_165.root
filenumber: 73
file path found: /hdfs/store/user/varuns/NTuples/MC/MC2017_12Apr2018_102X/WJets/WJetsToLNu_HT1200-2500/MC_WJetsToLNu_HT1200-2500_166.root
name: MC_WJetsToLNu_HT1200-2500_166.root
filenumber: 74
file path found: /hdfs/store/user/varuns/NTuples/MC/MC2017_12Apr2018_102X/WJets/WJetsToLNu_HT1200-2500/MC_WJetsToLNu_HT1200-2500_167.root
name: MC_WJetsToLNu_HT1200-2500_167.root
filenumber: 75
file path found: /hdfs/store/user/varuns/NTuples/MC/MC2017_12Apr2018_102X/WJets/WJetsToLNu_HT1200-2500/MC_WJetsToLNu_HT1200-2500_168.root
name: MC_WJetsToLNu_HT1200-2500_168.root
filenumber: 76
file path found: /hdfs/store/user/varuns/NTuples/MC/MC2017_12Apr2018_102X/WJets/WJetsToLNu_HT1200-2500/MC_WJetsToLNu_HT1200-2500_169.root
name: MC_WJetsToLNu_HT1200-2500_169.root
filenumber: 77
file path found: /hdfs/store/user/varuns/NTuples/MC/MC2017_12Apr2018_102X/WJets/WJetsToLNu_HT1200-2500/MC_WJetsToLNu_HT1200-2500_17.root
name: MC_WJetsToLNu_HT1200-2500_17.root
filenumber: 78
Adding FullPathInputFile to chain:/hdfs/store/user/varuns/NTuples/MC/MC2017_12Apr2018_102X/WJets/WJetsToLNu_HT1200-2500/MC_WJetsToLNu_HT1200-2500_17.root

file path found: /hdfs/store/user/varuns/NTuples/MC/MC2017_12Apr2018_102X/WJets/WJetsToLNu_HT1200-2500/MC_WJetsToLNu_HT1200-2500_170.root
name: MC_WJetsToLNu_HT1200-2500_170.root
filenumber: 79
file path found: /hdfs/store/user/varuns/NTuples/MC/MC2017_12Apr2018_102X/WJets/WJetsToLNu_HT1200-2500/MC_WJetsToLNu_HT1200-2500_171.root
name: MC_WJetsToLNu_HT1200-2500_171.root
filenumber: 80
file path found: /hdfs/store/user/varuns/NTuples/MC/MC2017_12Apr2018_102X/WJets/WJetsToLNu_HT1200-2500/MC_WJetsToLNu_HT1200-2500_172.root
name: MC_WJetsToLNu_HT1200-2500_172.root
filenumber: 81
file path found: /hdfs/store/user/varuns/NTuples/MC/MC2017_12Apr2018_102X/WJets/WJetsToLNu_HT1200-2500/MC_WJetsToLNu_HT1200-2500_173.root
name: MC_WJetsToLNu_HT1200-2500_173.root
filenumber: 82
file path found: /hdfs/store/user/varuns/NTuples/MC/MC2017_12Apr2018_102X/WJets/WJetsToLNu_HT1200-2500/MC_WJetsToLNu_HT1200-2500_174.root
name: MC_WJetsToLNu_HT1200-2500_174.root
filenumber: 83
file path found: /hdfs/store/user/varuns/NTuples/MC/MC2017_12Apr2018_102X/WJets/WJetsToLNu_HT1200-2500/MC_WJetsToLNu_HT1200-2500_175.root
name: MC_WJetsToLNu_HT1200-2500_175.root
filenumber: 84
file path found: /hdfs/store/user/varuns/NTuples/MC/MC2017_12Apr2018_102X/WJets/WJetsToLNu_HT1200-2500/MC_WJetsToLNu_HT1200-2500_176.root
name: MC_WJetsToLNu_HT1200-2500_176.root
filenumber: 85
file path found: /hdfs/store/user/varuns/NTuples/MC/MC2017_12Apr2018_102X/WJets/WJetsToLNu_HT1200-2500/MC_WJetsToLNu_HT1200-2500_177.root
name: MC_WJetsToLNu_HT1200-2500_177.root
filenumber: 86
file path found: /hdfs/store/user/varuns/NTuples/MC/MC2017_12Apr2018_102X/WJets/WJetsToLNu_HT1200-2500/MC_WJetsToLNu_HT1200-2500_178.root
name: MC_WJetsToLNu_HT1200-2500_178.root
filenumber: 87
file path found: /hdfs/store/user/varuns/NTuples/MC/MC2017_12Apr2018_102X/WJets/WJetsToLNu_HT1200-2500/MC_WJetsToLNu_HT1200-2500_179.root
name: MC_WJetsToLNu_HT1200-2500_179.root
filenumber: 88
file path found: /hdfs/store/user/varuns/NTuples/MC/MC2017_12Apr2018_102X/WJets/WJetsToLNu_HT1200-2500/MC_WJetsToLNu_HT1200-2500_18.root
name: MC_WJetsToLNu_HT1200-2500_18.root
filenumber: 89
Adding FullPathInputFile to chain:/hdfs/store/user/varuns/NTuples/MC/MC2017_12Apr2018_102X/WJets/WJetsToLNu_HT1200-2500/MC_WJetsToLNu_HT1200-2500_18.root

file path found: /hdfs/store/user/varuns/NTuples/MC/MC2017_12Apr2018_102X/WJets/WJetsToLNu_HT1200-2500/MC_WJetsToLNu_HT1200-2500_180.root
name: MC_WJetsToLNu_HT1200-2500_180.root
filenumber: 90
file path found: /hdfs/store/user/varuns/NTuples/MC/MC2017_12Apr2018_102X/WJets/WJetsToLNu_HT1200-2500/MC_WJetsToLNu_HT1200-2500_181.root
name: MC_WJetsToLNu_HT1200-2500_181.root
filenumber: 91
file path found: /hdfs/store/user/varuns/NTuples/MC/MC2017_12Apr2018_102X/WJets/WJetsToLNu_HT1200-2500/MC_WJetsToLNu_HT1200-2500_182.root
name: MC_WJetsToLNu_HT1200-2500_182.root
filenumber: 92
file path found: /hdfs/store/user/varuns/NTuples/MC/MC2017_12Apr2018_102X/WJets/WJetsToLNu_HT1200-2500/MC_WJetsToLNu_HT1200-2500_183.root
name: MC_WJetsToLNu_HT1200-2500_183.root
filenumber: 93
file path found: /hdfs/store/user/varuns/NTuples/MC/MC2017_12Apr2018_102X/WJets/WJetsToLNu_HT1200-2500/MC_WJetsToLNu_HT1200-2500_184.root
name: MC_WJetsToLNu_HT1200-2500_184.root
filenumber: 94
file path found: /hdfs/store/user/varuns/NTuples/MC/MC2017_12Apr2018_102X/WJets/WJetsToLNu_HT1200-2500/MC_WJetsToLNu_HT1200-2500_185.root
name: MC_WJetsToLNu_HT1200-2500_185.root
filenumber: 95
file path found: /hdfs/store/user/varuns/NTuples/MC/MC2017_12Apr2018_102X/WJets/WJetsToLNu_HT1200-2500/MC_WJetsToLNu_HT1200-2500_186.root
name: MC_WJetsToLNu_HT1200-2500_186.root
filenumber: 96
file path found: /hdfs/store/user/varuns/NTuples/MC/MC2017_12Apr2018_102X/WJets/WJetsToLNu_HT1200-2500/MC_WJetsToLNu_HT1200-2500_187.root
name: MC_WJetsToLNu_HT1200-2500_187.root
filenumber: 97
file path found: /hdfs/store/user/varuns/NTuples/MC/MC2017_12Apr2018_102X/WJets/WJetsToLNu_HT1200-2500/MC_WJetsToLNu_HT1200-2500_188.root
name: MC_WJetsToLNu_HT1200-2500_188.root
filenumber: 98
file path found: /hdfs/store/user/varuns/NTuples/MC/MC2017_12Apr2018_102X/WJets/WJetsToLNu_HT1200-2500/MC_WJetsToLNu_HT1200-2500_189.root
name: MC_WJetsToLNu_HT1200-2500_189.root
filenumber: 99
file path found: /hdfs/store/user/varuns/NTuples/MC/MC2017_12Apr2018_102X/WJets/WJetsToLNu_HT1200-2500/MC_WJetsToLNu_HT1200-2500_19.root
name: MC_WJetsToLNu_HT1200-2500_19.root
filenumber: 100
Adding FullPathInputFile to chain:/hdfs/store/user/varuns/NTuples/MC/MC2017_12Apr2018_102X/WJets/WJetsToLNu_HT1200-2500/MC_WJetsToLNu_HT1200-2500_19.root

file path found: /hdfs/store/user/varuns/NTuples/MC/MC2017_12Apr2018_102X/WJets/WJetsToLNu_HT1200-2500/MC_WJetsToLNu_HT1200-2500_190.root
name: MC_WJetsToLNu_HT1200-2500_190.root
filenumber: 101
file path found: /hdfs/store/user/varuns/NTuples/MC/MC2017_12Apr2018_102X/WJets/WJetsToLNu_HT1200-2500/MC_WJetsToLNu_HT1200-2500_191.root
name: MC_WJetsToLNu_HT1200-2500_191.root
filenumber: 102
file path found: /hdfs/store/user/varuns/NTuples/MC/MC2017_12Apr2018_102X/WJets/WJetsToLNu_HT1200-2500/MC_WJetsToLNu_HT1200-2500_192.root
name: MC_WJetsToLNu_HT1200-2500_192.root
filenumber: 103
file path found: /hdfs/store/user/varuns/NTuples/MC/MC2017_12Apr2018_102X/WJets/WJetsToLNu_HT1200-2500/MC_WJetsToLNu_HT1200-2500_193.root
name: MC_WJetsToLNu_HT1200-2500_193.root
filenumber: 104
file path found: /hdfs/store/user/varuns/NTuples/MC/MC2017_12Apr2018_102X/WJets/WJetsToLNu_HT1200-2500/MC_WJetsToLNu_HT1200-2500_194.root
name: MC_WJetsToLNu_HT1200-2500_194.root
filenumber: 105
file path found: /hdfs/store/user/varuns/NTuples/MC/MC2017_12Apr2018_102X/WJets/WJetsToLNu_HT1200-2500/MC_WJetsToLNu_HT1200-2500_195.root
name: MC_WJetsToLNu_HT1200-2500_195.root
filenumber: 106
file path found: /hdfs/store/user/varuns/NTuples/MC/MC2017_12Apr2018_102X/WJets/WJetsToLNu_HT1200-2500/MC_WJetsToLNu_HT1200-2500_196.root
name: MC_WJetsToLNu_HT1200-2500_196.root
filenumber: 107
file path found: /hdfs/store/user/varuns/NTuples/MC/MC2017_12Apr2018_102X/WJets/WJetsToLNu_HT1200-2500/MC_WJetsToLNu_HT1200-2500_197.root
name: MC_WJetsToLNu_HT1200-2500_197.root
filenumber: 108
file path found: /hdfs/store/user/varuns/NTuples/MC/MC2017_12Apr2018_102X/WJets/WJetsToLNu_HT1200-2500/MC_WJetsToLNu_HT1200-2500_198.root
name: MC_WJetsToLNu_HT1200-2500_198.root
filenumber: 109
file path found: /hdfs/store/user/varuns/NTuples/MC/MC2017_12Apr2018_102X/WJets/WJetsToLNu_HT1200-2500/MC_WJetsToLNu_HT1200-2500_199.root
name: MC_WJetsToLNu_HT1200-2500_199.root
filenumber: 110
file path found: /hdfs/store/user/varuns/NTuples/MC/MC2017_12Apr2018_102X/WJets/WJetsToLNu_HT1200-2500/MC_WJetsToLNu_HT1200-2500_2.root
name: MC_WJetsToLNu_HT1200-2500_2.root
filenumber: 111
Adding FullPathInputFile to chain:/hdfs/store/user/varuns/NTuples/MC/MC2017_12Apr2018_102X/WJets/WJetsToLNu_HT1200-2500/MC_WJetsToLNu_HT1200-2500_2.root

file path found: /hdfs/store/user/varuns/NTuples/MC/MC2017_12Apr2018_102X/WJets/WJetsToLNu_HT1200-2500/MC_WJetsToLNu_HT1200-2500_20.root
name: MC_WJetsToLNu_HT1200-2500_20.root
filenumber: 112
Adding FullPathInputFile to chain:/hdfs/store/user/varuns/NTuples/MC/MC2017_12Apr2018_102X/WJets/WJetsToLNu_HT1200-2500/MC_WJetsToLNu_HT1200-2500_20.root

file path found: /hdfs/store/user/varuns/NTuples/MC/MC2017_12Apr2018_102X/WJets/WJetsToLNu_HT1200-2500/MC_WJetsToLNu_HT1200-2500_200.root
name: MC_WJetsToLNu_HT1200-2500_200.root
filenumber: 113
file path found: /hdfs/store/user/varuns/NTuples/MC/MC2017_12Apr2018_102X/WJets/WJetsToLNu_HT1200-2500/MC_WJetsToLNu_HT1200-2500_201.root
name: MC_WJetsToLNu_HT1200-2500_201.root
filenumber: 114
file path found: /hdfs/store/user/varuns/NTuples/MC/MC2017_12Apr2018_102X/WJets/WJetsToLNu_HT1200-2500/MC_WJetsToLNu_HT1200-2500_202.root
name: MC_WJetsToLNu_HT1200-2500_202.root
filenumber: 115
file path found: /hdfs/store/user/varuns/NTuples/MC/MC2017_12Apr2018_102X/WJets/WJetsToLNu_HT1200-2500/MC_WJetsToLNu_HT1200-2500_203.root
name: MC_WJetsToLNu_HT1200-2500_203.root
filenumber: 116
file path found: /hdfs/store/user/varuns/NTuples/MC/MC2017_12Apr2018_102X/WJets/WJetsToLNu_HT1200-2500/MC_WJetsToLNu_HT1200-2500_204.root
name: MC_WJetsToLNu_HT1200-2500_204.root
filenumber: 117
file path found: /hdfs/store/user/varuns/NTuples/MC/MC2017_12Apr2018_102X/WJets/WJetsToLNu_HT1200-2500/MC_WJetsToLNu_HT1200-2500_205.root
name: MC_WJetsToLNu_HT1200-2500_205.root
filenumber: 118
file path found: /hdfs/store/user/varuns/NTuples/MC/MC2017_12Apr2018_102X/WJets/WJetsToLNu_HT1200-2500/MC_WJetsToLNu_HT1200-2500_206.root
name: MC_WJetsToLNu_HT1200-2500_206.root
filenumber: 119
file path found: /hdfs/store/user/varuns/NTuples/MC/MC2017_12Apr2018_102X/WJets/WJetsToLNu_HT1200-2500/MC_WJetsToLNu_HT1200-2500_207.root
name: MC_WJetsToLNu_HT1200-2500_207.root
filenumber: 120
file path found: /hdfs/store/user/varuns/NTuples/MC/MC2017_12Apr2018_102X/WJets/WJetsToLNu_HT1200-2500/MC_WJetsToLNu_HT1200-2500_208.root
name: MC_WJetsToLNu_HT1200-2500_208.root
filenumber: 121
file path found: /hdfs/store/user/varuns/NTuples/MC/MC2017_12Apr2018_102X/WJets/WJetsToLNu_HT1200-2500/MC_WJetsToLNu_HT1200-2500_209.root
name: MC_WJetsToLNu_HT1200-2500_209.root
filenumber: 122
file path found: /hdfs/store/user/varuns/NTuples/MC/MC2017_12Apr2018_102X/WJets/WJetsToLNu_HT1200-2500/MC_WJetsToLNu_HT1200-2500_21.root
name: MC_WJetsToLNu_HT1200-2500_21.root
filenumber: 123
Adding FullPathInputFile to chain:/hdfs/store/user/varuns/NTuples/MC/MC2017_12Apr2018_102X/WJets/WJetsToLNu_HT1200-2500/MC_WJetsToLNu_HT1200-2500_21.root

file path found: /hdfs/store/user/varuns/NTuples/MC/MC2017_12Apr2018_102X/WJets/WJetsToLNu_HT1200-2500/MC_WJetsToLNu_HT1200-2500_210.root
name: MC_WJetsToLNu_HT1200-2500_210.root
filenumber: 124
file path found: /hdfs/store/user/varuns/NTuples/MC/MC2017_12Apr2018_102X/WJets/WJetsToLNu_HT1200-2500/MC_WJetsToLNu_HT1200-2500_211.root
name: MC_WJetsToLNu_HT1200-2500_211.root
filenumber: 125
file path found: /hdfs/store/user/varuns/NTuples/MC/MC2017_12Apr2018_102X/WJets/WJetsToLNu_HT1200-2500/MC_WJetsToLNu_HT1200-2500_212.root
name: MC_WJetsToLNu_HT1200-2500_212.root
filenumber: 126
file path found: /hdfs/store/user/varuns/NTuples/MC/MC2017_12Apr2018_102X/WJets/WJetsToLNu_HT1200-2500/MC_WJetsToLNu_HT1200-2500_213.root
name: MC_WJetsToLNu_HT1200-2500_213.root
filenumber: 127
file path found: /hdfs/store/user/varuns/NTuples/MC/MC2017_12Apr2018_102X/WJets/WJetsToLNu_HT1200-2500/MC_WJetsToLNu_HT1200-2500_214.root
name: MC_WJetsToLNu_HT1200-2500_214.root
filenumber: 128
file path found: /hdfs/store/user/varuns/NTuples/MC/MC2017_12Apr2018_102X/WJets/WJetsToLNu_HT1200-2500/MC_WJetsToLNu_HT1200-2500_215.root
name: MC_WJetsToLNu_HT1200-2500_215.root
filenumber: 129
file path found: /hdfs/store/user/varuns/NTuples/MC/MC2017_12Apr2018_102X/WJets/WJetsToLNu_HT1200-2500/MC_WJetsToLNu_HT1200-2500_216.root
name: MC_WJetsToLNu_HT1200-2500_216.root
filenumber: 130
file path found: /hdfs/store/user/varuns/NTuples/MC/MC2017_12Apr2018_102X/WJets/WJetsToLNu_HT1200-2500/MC_WJetsToLNu_HT1200-2500_217.root
name: MC_WJetsToLNu_HT1200-2500_217.root
filenumber: 131
file path found: /hdfs/store/user/varuns/NTuples/MC/MC2017_12Apr2018_102X/WJets/WJetsToLNu_HT1200-2500/MC_WJetsToLNu_HT1200-2500_218.root
name: MC_WJetsToLNu_HT1200-2500_218.root
filenumber: 132
file path found: /hdfs/store/user/varuns/NTuples/MC/MC2017_12Apr2018_102X/WJets/WJetsToLNu_HT1200-2500/MC_WJetsToLNu_HT1200-2500_219.root
name: MC_WJetsToLNu_HT1200-2500_219.root
filenumber: 133
file path found: /hdfs/store/user/varuns/NTuples/MC/MC2017_12Apr2018_102X/WJets/WJetsToLNu_HT1200-2500/MC_WJetsToLNu_HT1200-2500_22.root
name: MC_WJetsToLNu_HT1200-2500_22.root
filenumber: 134
Adding FullPathInputFile to chain:/hdfs/store/user/varuns/NTuples/MC/MC2017_12Apr2018_102X/WJets/WJetsToLNu_HT1200-2500/MC_WJetsToLNu_HT1200-2500_22.root

file path found: /hdfs/store/user/varuns/NTuples/MC/MC2017_12Apr2018_102X/WJets/WJetsToLNu_HT1200-2500/MC_WJetsToLNu_HT1200-2500_220.root
name: MC_WJetsToLNu_HT1200-2500_220.root
filenumber: 135
file path found: /hdfs/store/user/varuns/NTuples/MC/MC2017_12Apr2018_102X/WJets/WJetsToLNu_HT1200-2500/MC_WJetsToLNu_HT1200-2500_221.root
name: MC_WJetsToLNu_HT1200-2500_221.root
filenumber: 136
file path found: /hdfs/store/user/varuns/NTuples/MC/MC2017_12Apr2018_102X/WJets/WJetsToLNu_HT1200-2500/MC_WJetsToLNu_HT1200-2500_222.root
name: MC_WJetsToLNu_HT1200-2500_222.root
filenumber: 137
file path found: /hdfs/store/user/varuns/NTuples/MC/MC2017_12Apr2018_102X/WJets/WJetsToLNu_HT1200-2500/MC_WJetsToLNu_HT1200-2500_223.root
name: MC_WJetsToLNu_HT1200-2500_223.root
filenumber: 138
file path found: /hdfs/store/user/varuns/NTuples/MC/MC2017_12Apr2018_102X/WJets/WJetsToLNu_HT1200-2500/MC_WJetsToLNu_HT1200-2500_224.root
name: MC_WJetsToLNu_HT1200-2500_224.root
filenumber: 139
file path found: /hdfs/store/user/varuns/NTuples/MC/MC2017_12Apr2018_102X/WJets/WJetsToLNu_HT1200-2500/MC_WJetsToLNu_HT1200-2500_225.root
name: MC_WJetsToLNu_HT1200-2500_225.root
filenumber: 140
file path found: /hdfs/store/user/varuns/NTuples/MC/MC2017_12Apr2018_102X/WJets/WJetsToLNu_HT1200-2500/MC_WJetsToLNu_HT1200-2500_226.root
name: MC_WJetsToLNu_HT1200-2500_226.root
filenumber: 141
file path found: /hdfs/store/user/varuns/NTuples/MC/MC2017_12Apr2018_102X/WJets/WJetsToLNu_HT1200-2500/MC_WJetsToLNu_HT1200-2500_227.root
name: MC_WJetsToLNu_HT1200-2500_227.root
filenumber: 142
file path found: /hdfs/store/user/varuns/NTuples/MC/MC2017_12Apr2018_102X/WJets/WJetsToLNu_HT1200-2500/MC_WJetsToLNu_HT1200-2500_228.root
name: MC_WJetsToLNu_HT1200-2500_228.root
filenumber: 143
file path found: /hdfs/store/user/varuns/NTuples/MC/MC2017_12Apr2018_102X/WJets/WJetsToLNu_HT1200-2500/MC_WJetsToLNu_HT1200-2500_229.root
name: MC_WJetsToLNu_HT1200-2500_229.root
filenumber: 144
file path found: /hdfs/store/user/varuns/NTuples/MC/MC2017_12Apr2018_102X/WJets/WJetsToLNu_HT1200-2500/MC_WJetsToLNu_HT1200-2500_23.root
name: MC_WJetsToLNu_HT1200-2500_23.root
filenumber: 145
Adding FullPathInputFile to chain:/hdfs/store/user/varuns/NTuples/MC/MC2017_12Apr2018_102X/WJets/WJetsToLNu_HT1200-2500/MC_WJetsToLNu_HT1200-2500_23.root

file path found: /hdfs/store/user/varuns/NTuples/MC/MC2017_12Apr2018_102X/WJets/WJetsToLNu_HT1200-2500/MC_WJetsToLNu_HT1200-2500_230.root
name: MC_WJetsToLNu_HT1200-2500_230.root
filenumber: 146
file path found: /hdfs/store/user/varuns/NTuples/MC/MC2017_12Apr2018_102X/WJets/WJetsToLNu_HT1200-2500/MC_WJetsToLNu_HT1200-2500_231.root
name: MC_WJetsToLNu_HT1200-2500_231.root
filenumber: 147
file path found: /hdfs/store/user/varuns/NTuples/MC/MC2017_12Apr2018_102X/WJets/WJetsToLNu_HT1200-2500/MC_WJetsToLNu_HT1200-2500_232.root
name: MC_WJetsToLNu_HT1200-2500_232.root
filenumber: 148
file path found: /hdfs/store/user/varuns/NTuples/MC/MC2017_12Apr2018_102X/WJets/WJetsToLNu_HT1200-2500/MC_WJetsToLNu_HT1200-2500_233.root
name: MC_WJetsToLNu_HT1200-2500_233.root
filenumber: 149
file path found: /hdfs/store/user/varuns/NTuples/MC/MC2017_12Apr2018_102X/WJets/WJetsToLNu_HT1200-2500/MC_WJetsToLNu_HT1200-2500_234.root
name: MC_WJetsToLNu_HT1200-2500_234.root
filenumber: 150
file path found: /hdfs/store/user/varuns/NTuples/MC/MC2017_12Apr2018_102X/WJets/WJetsToLNu_HT1200-2500/MC_WJetsToLNu_HT1200-2500_235.root
name: MC_WJetsToLNu_HT1200-2500_235.root
filenumber: 151
file path found: /hdfs/store/user/varuns/NTuples/MC/MC2017_12Apr2018_102X/WJets/WJetsToLNu_HT1200-2500/MC_WJetsToLNu_HT1200-2500_236.root
name: MC_WJetsToLNu_HT1200-2500_236.root
filenumber: 152
file path found: /hdfs/store/user/varuns/NTuples/MC/MC2017_12Apr2018_102X/WJets/WJetsToLNu_HT1200-2500/MC_WJetsToLNu_HT1200-2500_237.root
name: MC_WJetsToLNu_HT1200-2500_237.root
filenumber: 153
file path found: /hdfs/store/user/varuns/NTuples/MC/MC2017_12Apr2018_102X/WJets/WJetsToLNu_HT1200-2500/MC_WJetsToLNu_HT1200-2500_238.root
name: MC_WJetsToLNu_HT1200-2500_238.root
filenumber: 154
file path found: /hdfs/store/user/varuns/NTuples/MC/MC2017_12Apr2018_102X/WJets/WJetsToLNu_HT1200-2500/MC_WJetsToLNu_HT1200-2500_239.root
name: MC_WJetsToLNu_HT1200-2500_239.root
filenumber: 155
file path found: /hdfs/store/user/varuns/NTuples/MC/MC2017_12Apr2018_102X/WJets/WJetsToLNu_HT1200-2500/MC_WJetsToLNu_HT1200-2500_24.root
name: MC_WJetsToLNu_HT1200-2500_24.root
filenumber: 156
Adding FullPathInputFile to chain:/hdfs/store/user/varuns/NTuples/MC/MC2017_12Apr2018_102X/WJets/WJetsToLNu_HT1200-2500/MC_WJetsToLNu_HT1200-2500_24.root

file path found: /hdfs/store/user/varuns/NTuples/MC/MC2017_12Apr2018_102X/WJets/WJetsToLNu_HT1200-2500/MC_WJetsToLNu_HT1200-2500_240.root
name: MC_WJetsToLNu_HT1200-2500_240.root
filenumber: 157
file path found: /hdfs/store/user/varuns/NTuples/MC/MC2017_12Apr2018_102X/WJets/WJetsToLNu_HT1200-2500/MC_WJetsToLNu_HT1200-2500_241.root
name: MC_WJetsToLNu_HT1200-2500_241.root
filenumber: 158
file path found: /hdfs/store/user/varuns/NTuples/MC/MC2017_12Apr2018_102X/WJets/WJetsToLNu_HT1200-2500/MC_WJetsToLNu_HT1200-2500_242.root
name: MC_WJetsToLNu_HT1200-2500_242.root
filenumber: 159
file path found: /hdfs/store/user/varuns/NTuples/MC/MC2017_12Apr2018_102X/WJets/WJetsToLNu_HT1200-2500/MC_WJetsToLNu_HT1200-2500_243.root
name: MC_WJetsToLNu_HT1200-2500_243.root
filenumber: 160
file path found: /hdfs/store/user/varuns/NTuples/MC/MC2017_12Apr2018_102X/WJets/WJetsToLNu_HT1200-2500/MC_WJetsToLNu_HT1200-2500_244.root
name: MC_WJetsToLNu_HT1200-2500_244.root
filenumber: 161
file path found: /hdfs/store/user/varuns/NTuples/MC/MC2017_12Apr2018_102X/WJets/WJetsToLNu_HT1200-2500/MC_WJetsToLNu_HT1200-2500_245.root
name: MC_WJetsToLNu_HT1200-2500_245.root
filenumber: 162
file path found: /hdfs/store/user/varuns/NTuples/MC/MC2017_12Apr2018_102X/WJets/WJetsToLNu_HT1200-2500/MC_WJetsToLNu_HT1200-2500_246.root
name: MC_WJetsToLNu_HT1200-2500_246.root
filenumber: 163
file path found: /hdfs/store/user/varuns/NTuples/MC/MC2017_12Apr2018_102X/WJets/WJetsToLNu_HT1200-2500/MC_WJetsToLNu_HT1200-2500_247.root
name: MC_WJetsToLNu_HT1200-2500_247.root
filenumber: 164
file path found: /hdfs/store/user/varuns/NTuples/MC/MC2017_12Apr2018_102X/WJets/WJetsToLNu_HT1200-2500/MC_WJetsToLNu_HT1200-2500_248.root
name: MC_WJetsToLNu_HT1200-2500_248.root
filenumber: 165
file path found: /hdfs/store/user/varuns/NTuples/MC/MC2017_12Apr2018_102X/WJets/WJetsToLNu_HT1200-2500/MC_WJetsToLNu_HT1200-2500_249.root
name: MC_WJetsToLNu_HT1200-2500_249.root
filenumber: 166
file path found: /hdfs/store/user/varuns/NTuples/MC/MC2017_12Apr2018_102X/WJets/WJetsToLNu_HT1200-2500/MC_WJetsToLNu_HT1200-2500_25.root
name: MC_WJetsToLNu_HT1200-2500_25.root
filenumber: 167
Adding FullPathInputFile to chain:/hdfs/store/user/varuns/NTuples/MC/MC2017_12Apr2018_102X/WJets/WJetsToLNu_HT1200-2500/MC_WJetsToLNu_HT1200-2500_25.root

file path found: /hdfs/store/user/varuns/NTuples/MC/MC2017_12Apr2018_102X/WJets/WJetsToLNu_HT1200-2500/MC_WJetsToLNu_HT1200-2500_250.root
name: MC_WJetsToLNu_HT1200-2500_250.root
filenumber: 168
file path found: /hdfs/store/user/varuns/NTuples/MC/MC2017_12Apr2018_102X/WJets/WJetsToLNu_HT1200-2500/MC_WJetsToLNu_HT1200-2500_251.root
name: MC_WJetsToLNu_HT1200-2500_251.root
filenumber: 169
file path found: /hdfs/store/user/varuns/NTuples/MC/MC2017_12Apr2018_102X/WJets/WJetsToLNu_HT1200-2500/MC_WJetsToLNu_HT1200-2500_252.root
name: MC_WJetsToLNu_HT1200-2500_252.root
filenumber: 170
file path found: /hdfs/store/user/varuns/NTuples/MC/MC2017_12Apr2018_102X/WJets/WJetsToLNu_HT1200-2500/MC_WJetsToLNu_HT1200-2500_254.root
name: MC_WJetsToLNu_HT1200-2500_254.root
filenumber: 171
file path found: /hdfs/store/user/varuns/NTuples/MC/MC2017_12Apr2018_102X/WJets/WJetsToLNu_HT1200-2500/MC_WJetsToLNu_HT1200-2500_255.root
name: MC_WJetsToLNu_HT1200-2500_255.root
filenumber: 172
file path found: /hdfs/store/user/varuns/NTuples/MC/MC2017_12Apr2018_102X/WJets/WJetsToLNu_HT1200-2500/MC_WJetsToLNu_HT1200-2500_256.root
name: MC_WJetsToLNu_HT1200-2500_256.root
filenumber: 173
file path found: /hdfs/store/user/varuns/NTuples/MC/MC2017_12Apr2018_102X/WJets/WJetsToLNu_HT1200-2500/MC_WJetsToLNu_HT1200-2500_257.root
name: MC_WJetsToLNu_HT1200-2500_257.root
filenumber: 174
file path found: /hdfs/store/user/varuns/NTuples/MC/MC2017_12Apr2018_102X/WJets/WJetsToLNu_HT1200-2500/MC_WJetsToLNu_HT1200-2500_258.root
name: MC_WJetsToLNu_HT1200-2500_258.root
filenumber: 175
file path found: /hdfs/store/user/varuns/NTuples/MC/MC2017_12Apr2018_102X/WJets/WJetsToLNu_HT1200-2500/MC_WJetsToLNu_HT1200-2500_259.root
name: MC_WJetsToLNu_HT1200-2500_259.root
filenumber: 176
file path found: /hdfs/store/user/varuns/NTuples/MC/MC2017_12Apr2018_102X/WJets/WJetsToLNu_HT1200-2500/MC_WJetsToLNu_HT1200-2500_26.root
name: MC_WJetsToLNu_HT1200-2500_26.root
filenumber: 177
Adding FullPathInputFile to chain:/hdfs/store/user/varuns/NTuples/MC/MC2017_12Apr2018_102X/WJets/WJetsToLNu_HT1200-2500/MC_WJetsToLNu_HT1200-2500_26.root

file path found: /hdfs/store/user/varuns/NTuples/MC/MC2017_12Apr2018_102X/WJets/WJetsToLNu_HT1200-2500/MC_WJetsToLNu_HT1200-2500_260.root
name: MC_WJetsToLNu_HT1200-2500_260.root
filenumber: 178
file path found: /hdfs/store/user/varuns/NTuples/MC/MC2017_12Apr2018_102X/WJets/WJetsToLNu_HT1200-2500/MC_WJetsToLNu_HT1200-2500_261.root
name: MC_WJetsToLNu_HT1200-2500_261.root
filenumber: 179
file path found: /hdfs/store/user/varuns/NTuples/MC/MC2017_12Apr2018_102X/WJets/WJetsToLNu_HT1200-2500/MC_WJetsToLNu_HT1200-2500_262.root
name: MC_WJetsToLNu_HT1200-2500_262.root
filenumber: 180
file path found: /hdfs/store/user/varuns/NTuples/MC/MC2017_12Apr2018_102X/WJets/WJetsToLNu_HT1200-2500/MC_WJetsToLNu_HT1200-2500_263.root
name: MC_WJetsToLNu_HT1200-2500_263.root
filenumber: 181
file path found: /hdfs/store/user/varuns/NTuples/MC/MC2017_12Apr2018_102X/WJets/WJetsToLNu_HT1200-2500/MC_WJetsToLNu_HT1200-2500_264.root
name: MC_WJetsToLNu_HT1200-2500_264.root
filenumber: 182
file path found: /hdfs/store/user/varuns/NTuples/MC/MC2017_12Apr2018_102X/WJets/WJetsToLNu_HT1200-2500/MC_WJetsToLNu_HT1200-2500_265.root
name: MC_WJetsToLNu_HT1200-2500_265.root
filenumber: 183
file path found: /hdfs/store/user/varuns/NTuples/MC/MC2017_12Apr2018_102X/WJets/WJetsToLNu_HT1200-2500/MC_WJetsToLNu_HT1200-2500_266.root
name: MC_WJetsToLNu_HT1200-2500_266.root
filenumber: 184
file path found: /hdfs/store/user/varuns/NTuples/MC/MC2017_12Apr2018_102X/WJets/WJetsToLNu_HT1200-2500/MC_WJetsToLNu_HT1200-2500_267.root
name: MC_WJetsToLNu_HT1200-2500_267.root
filenumber: 185
file path found: /hdfs/store/user/varuns/NTuples/MC/MC2017_12Apr2018_102X/WJets/WJetsToLNu_HT1200-2500/MC_WJetsToLNu_HT1200-2500_268.root
name: MC_WJetsToLNu_HT1200-2500_268.root
filenumber: 186
file path found: /hdfs/store/user/varuns/NTuples/MC/MC2017_12Apr2018_102X/WJets/WJetsToLNu_HT1200-2500/MC_WJetsToLNu_HT1200-2500_269.root
name: MC_WJetsToLNu_HT1200-2500_269.root
filenumber: 187
file path found: /hdfs/store/user/varuns/NTuples/MC/MC2017_12Apr2018_102X/WJets/WJetsToLNu_HT1200-2500/MC_WJetsToLNu_HT1200-2500_27.root
name: MC_WJetsToLNu_HT1200-2500_27.root
filenumber: 188
Adding FullPathInputFile to chain:/hdfs/store/user/varuns/NTuples/MC/MC2017_12Apr2018_102X/WJets/WJetsToLNu_HT1200-2500/MC_WJetsToLNu_HT1200-2500_27.root

file path found: /hdfs/store/user/varuns/NTuples/MC/MC2017_12Apr2018_102X/WJets/WJetsToLNu_HT1200-2500/MC_WJetsToLNu_HT1200-2500_270.root
name: MC_WJetsToLNu_HT1200-2500_270.root
filenumber: 189
file path found: /hdfs/store/user/varuns/NTuples/MC/MC2017_12Apr2018_102X/WJets/WJetsToLNu_HT1200-2500/MC_WJetsToLNu_HT1200-2500_271.root
name: MC_WJetsToLNu_HT1200-2500_271.root
filenumber: 190
file path found: /hdfs/store/user/varuns/NTuples/MC/MC2017_12Apr2018_102X/WJets/WJetsToLNu_HT1200-2500/MC_WJetsToLNu_HT1200-2500_272.root
name: MC_WJetsToLNu_HT1200-2500_272.root
filenumber: 191
file path found: /hdfs/store/user/varuns/NTuples/MC/MC2017_12Apr2018_102X/WJets/WJetsToLNu_HT1200-2500/MC_WJetsToLNu_HT1200-2500_273.root
name: MC_WJetsToLNu_HT1200-2500_273.root
filenumber: 192
file path found: /hdfs/store/user/varuns/NTuples/MC/MC2017_12Apr2018_102X/WJets/WJetsToLNu_HT1200-2500/MC_WJetsToLNu_HT1200-2500_274.root
name: MC_WJetsToLNu_HT1200-2500_274.root
filenumber: 193
file path found: /hdfs/store/user/varuns/NTuples/MC/MC2017_12Apr2018_102X/WJets/WJetsToLNu_HT1200-2500/MC_WJetsToLNu_HT1200-2500_275.root
name: MC_WJetsToLNu_HT1200-2500_275.root
filenumber: 194
file path found: /hdfs/store/user/varuns/NTuples/MC/MC2017_12Apr2018_102X/WJets/WJetsToLNu_HT1200-2500/MC_WJetsToLNu_HT1200-2500_276.root
name: MC_WJetsToLNu_HT1200-2500_276.root
filenumber: 195
file path found: /hdfs/store/user/varuns/NTuples/MC/MC2017_12Apr2018_102X/WJets/WJetsToLNu_HT1200-2500/MC_WJetsToLNu_HT1200-2500_277.root
name: MC_WJetsToLNu_HT1200-2500_277.root
filenumber: 196
file path found: /hdfs/store/user/varuns/NTuples/MC/MC2017_12Apr2018_102X/WJets/WJetsToLNu_HT1200-2500/MC_WJetsToLNu_HT1200-2500_278.root
name: MC_WJetsToLNu_HT1200-2500_278.root
filenumber: 197
file path found: /hdfs/store/user/varuns/NTuples/MC/MC2017_12Apr2018_102X/WJets/WJetsToLNu_HT1200-2500/MC_WJetsToLNu_HT1200-2500_28.root
name: MC_WJetsToLNu_HT1200-2500_28.root
filenumber: 198
Adding FullPathInputFile to chain:/hdfs/store/user/varuns/NTuples/MC/MC2017_12Apr2018_102X/WJets/WJetsToLNu_HT1200-2500/MC_WJetsToLNu_HT1200-2500_28.root

file path found: /hdfs/store/user/varuns/NTuples/MC/MC2017_12Apr2018_102X/WJets/WJetsToLNu_HT1200-2500/MC_WJetsToLNu_HT1200-2500_280.root
name: MC_WJetsToLNu_HT1200-2500_280.root
filenumber: 199
file path found: /hdfs/store/user/varuns/NTuples/MC/MC2017_12Apr2018_102X/WJets/WJetsToLNu_HT1200-2500/MC_WJetsToLNu_HT1200-2500_281.root
name: MC_WJetsToLNu_HT1200-2500_281.root
filenumber: 200
file path found: /hdfs/store/user/varuns/NTuples/MC/MC2017_12Apr2018_102X/WJets/WJetsToLNu_HT1200-2500/MC_WJetsToLNu_HT1200-2500_282.root
name: MC_WJetsToLNu_HT1200-2500_282.root
filenumber: 201
file path found: /hdfs/store/user/varuns/NTuples/MC/MC2017_12Apr2018_102X/WJets/WJetsToLNu_HT1200-2500/MC_WJetsToLNu_HT1200-2500_283.root
name: MC_WJetsToLNu_HT1200-2500_283.root
filenumber: 202
file path found: /hdfs/store/user/varuns/NTuples/MC/MC2017_12Apr2018_102X/WJets/WJetsToLNu_HT1200-2500/MC_WJetsToLNu_HT1200-2500_284.root
name: MC_WJetsToLNu_HT1200-2500_284.root
filenumber: 203
file path found: /hdfs/store/user/varuns/NTuples/MC/MC2017_12Apr2018_102X/WJets/WJetsToLNu_HT1200-2500/MC_WJetsToLNu_HT1200-2500_285.root
name: MC_WJetsToLNu_HT1200-2500_285.root
filenumber: 204
file path found: /hdfs/store/user/varuns/NTuples/MC/MC2017_12Apr2018_102X/WJets/WJetsToLNu_HT1200-2500/MC_WJetsToLNu_HT1200-2500_286.root
name: MC_WJetsToLNu_HT1200-2500_286.root
filenumber: 205
file path found: /hdfs/store/user/varuns/NTuples/MC/MC2017_12Apr2018_102X/WJets/WJetsToLNu_HT1200-2500/MC_WJetsToLNu_HT1200-2500_287.root
name: MC_WJetsToLNu_HT1200-2500_287.root
filenumber: 206
file path found: /hdfs/store/user/varuns/NTuples/MC/MC2017_12Apr2018_102X/WJets/WJetsToLNu_HT1200-2500/MC_WJetsToLNu_HT1200-2500_288.root
name: MC_WJetsToLNu_HT1200-2500_288.root
filenumber: 207
file path found: /hdfs/store/user/varuns/NTuples/MC/MC2017_12Apr2018_102X/WJets/WJetsToLNu_HT1200-2500/MC_WJetsToLNu_HT1200-2500_289.root
name: MC_WJetsToLNu_HT1200-2500_289.root
filenumber: 208
file path found: /hdfs/store/user/varuns/NTuples/MC/MC2017_12Apr2018_102X/WJets/WJetsToLNu_HT1200-2500/MC_WJetsToLNu_HT1200-2500_29.root
name: MC_WJetsToLNu_HT1200-2500_29.root
filenumber: 209
Adding FullPathInputFile to chain:/hdfs/store/user/varuns/NTuples/MC/MC2017_12Apr2018_102X/WJets/WJetsToLNu_HT1200-2500/MC_WJetsToLNu_HT1200-2500_29.root

file path found: /hdfs/store/user/varuns/NTuples/MC/MC2017_12Apr2018_102X/WJets/WJetsToLNu_HT1200-2500/MC_WJetsToLNu_HT1200-2500_290.root
name: MC_WJetsToLNu_HT1200-2500_290.root
filenumber: 210
file path found: /hdfs/store/user/varuns/NTuples/MC/MC2017_12Apr2018_102X/WJets/WJetsToLNu_HT1200-2500/MC_WJetsToLNu_HT1200-2500_291.root
name: MC_WJetsToLNu_HT1200-2500_291.root
filenumber: 211
file path found: /hdfs/store/user/varuns/NTuples/MC/MC2017_12Apr2018_102X/WJets/WJetsToLNu_HT1200-2500/MC_WJetsToLNu_HT1200-2500_292.root
name: MC_WJetsToLNu_HT1200-2500_292.root
filenumber: 212
file path found: /hdfs/store/user/varuns/NTuples/MC/MC2017_12Apr2018_102X/WJets/WJetsToLNu_HT1200-2500/MC_WJetsToLNu_HT1200-2500_293.root
name: MC_WJetsToLNu_HT1200-2500_293.root
filenumber: 213
file path found: /hdfs/store/user/varuns/NTuples/MC/MC2017_12Apr2018_102X/WJets/WJetsToLNu_HT1200-2500/MC_WJetsToLNu_HT1200-2500_294.root
name: MC_WJetsToLNu_HT1200-2500_294.root
filenumber: 214
file path found: /hdfs/store/user/varuns/NTuples/MC/MC2017_12Apr2018_102X/WJets/WJetsToLNu_HT1200-2500/MC_WJetsToLNu_HT1200-2500_295.root
name: MC_WJetsToLNu_HT1200-2500_295.root
filenumber: 215
file path found: /hdfs/store/user/varuns/NTuples/MC/MC2017_12Apr2018_102X/WJets/WJetsToLNu_HT1200-2500/MC_WJetsToLNu_HT1200-2500_296.root
name: MC_WJetsToLNu_HT1200-2500_296.root
filenumber: 216
file path found: /hdfs/store/user/varuns/NTuples/MC/MC2017_12Apr2018_102X/WJets/WJetsToLNu_HT1200-2500/MC_WJetsToLNu_HT1200-2500_297.root
name: MC_WJetsToLNu_HT1200-2500_297.root
filenumber: 217
file path found: /hdfs/store/user/varuns/NTuples/MC/MC2017_12Apr2018_102X/WJets/WJetsToLNu_HT1200-2500/MC_WJetsToLNu_HT1200-2500_298.root
name: MC_WJetsToLNu_HT1200-2500_298.root
filenumber: 218
file path found: /hdfs/store/user/varuns/NTuples/MC/MC2017_12Apr2018_102X/WJets/WJetsToLNu_HT1200-2500/MC_WJetsToLNu_HT1200-2500_299.root
name: MC_WJetsToLNu_HT1200-2500_299.root
filenumber: 219
file path found: /hdfs/store/user/varuns/NTuples/MC/MC2017_12Apr2018_102X/WJets/WJetsToLNu_HT1200-2500/MC_WJetsToLNu_HT1200-2500_3.root
name: MC_WJetsToLNu_HT1200-2500_3.root
filenumber: 220
Adding FullPathInputFile to chain:/hdfs/store/user/varuns/NTuples/MC/MC2017_12Apr2018_102X/WJets/WJetsToLNu_HT1200-2500/MC_WJetsToLNu_HT1200-2500_3.root

file path found: /hdfs/store/user/varuns/NTuples/MC/MC2017_12Apr2018_102X/WJets/WJetsToLNu_HT1200-2500/MC_WJetsToLNu_HT1200-2500_30.root
name: MC_WJetsToLNu_HT1200-2500_30.root
filenumber: 221
Adding FullPathInputFile to chain:/hdfs/store/user/varuns/NTuples/MC/MC2017_12Apr2018_102X/WJets/WJetsToLNu_HT1200-2500/MC_WJetsToLNu_HT1200-2500_30.root

file path found: /hdfs/store/user/varuns/NTuples/MC/MC2017_12Apr2018_102X/WJets/WJetsToLNu_HT1200-2500/MC_WJetsToLNu_HT1200-2500_300.root
name: MC_WJetsToLNu_HT1200-2500_300.root
filenumber: 222
file path found: /hdfs/store/user/varuns/NTuples/MC/MC2017_12Apr2018_102X/WJets/WJetsToLNu_HT1200-2500/MC_WJetsToLNu_HT1200-2500_301.root
name: MC_WJetsToLNu_HT1200-2500_301.root
filenumber: 223
file path found: /hdfs/store/user/varuns/NTuples/MC/MC2017_12Apr2018_102X/WJets/WJetsToLNu_HT1200-2500/MC_WJetsToLNu_HT1200-2500_303.root
name: MC_WJetsToLNu_HT1200-2500_303.root
filenumber: 224
file path found: /hdfs/store/user/varuns/NTuples/MC/MC2017_12Apr2018_102X/WJets/WJetsToLNu_HT1200-2500/MC_WJetsToLNu_HT1200-2500_304.root
name: MC_WJetsToLNu_HT1200-2500_304.root
filenumber: 225
file path found: /hdfs/store/user/varuns/NTuples/MC/MC2017_12Apr2018_102X/WJets/WJetsToLNu_HT1200-2500/MC_WJetsToLNu_HT1200-2500_305.root
name: MC_WJetsToLNu_HT1200-2500_305.root
filenumber: 226
file path found: /hdfs/store/user/varuns/NTuples/MC/MC2017_12Apr2018_102X/WJets/WJetsToLNu_HT1200-2500/MC_WJetsToLNu_HT1200-2500_307.root
name: MC_WJetsToLNu_HT1200-2500_307.root
filenumber: 227
file path found: /hdfs/store/user/varuns/NTuples/MC/MC2017_12Apr2018_102X/WJets/WJetsToLNu_HT1200-2500/MC_WJetsToLNu_HT1200-2500_308.root
name: MC_WJetsToLNu_HT1200-2500_308.root
filenumber: 228
file path found: /hdfs/store/user/varuns/NTuples/MC/MC2017_12Apr2018_102X/WJets/WJetsToLNu_HT1200-2500/MC_WJetsToLNu_HT1200-2500_309.root
name: MC_WJetsToLNu_HT1200-2500_309.root
filenumber: 229
file path found: /hdfs/store/user/varuns/NTuples/MC/MC2017_12Apr2018_102X/WJets/WJetsToLNu_HT1200-2500/MC_WJetsToLNu_HT1200-2500_31.root
name: MC_WJetsToLNu_HT1200-2500_31.root
filenumber: 230
Adding FullPathInputFile to chain:/hdfs/store/user/varuns/NTuples/MC/MC2017_12Apr2018_102X/WJets/WJetsToLNu_HT1200-2500/MC_WJetsToLNu_HT1200-2500_31.root

file path found: /hdfs/store/user/varuns/NTuples/MC/MC2017_12Apr2018_102X/WJets/WJetsToLNu_HT1200-2500/MC_WJetsToLNu_HT1200-2500_310.root
name: MC_WJetsToLNu_HT1200-2500_310.root
filenumber: 231
file path found: /hdfs/store/user/varuns/NTuples/MC/MC2017_12Apr2018_102X/WJets/WJetsToLNu_HT1200-2500/MC_WJetsToLNu_HT1200-2500_311.root
name: MC_WJetsToLNu_HT1200-2500_311.root
filenumber: 232
file path found: /hdfs/store/user/varuns/NTuples/MC/MC2017_12Apr2018_102X/WJets/WJetsToLNu_HT1200-2500/MC_WJetsToLNu_HT1200-2500_312.root
name: MC_WJetsToLNu_HT1200-2500_312.root
filenumber: 233
file path found: /hdfs/store/user/varuns/NTuples/MC/MC2017_12Apr2018_102X/WJets/WJetsToLNu_HT1200-2500/MC_WJetsToLNu_HT1200-2500_313.root
name: MC_WJetsToLNu_HT1200-2500_313.root
filenumber: 234
file path found: /hdfs/store/user/varuns/NTuples/MC/MC2017_12Apr2018_102X/WJets/WJetsToLNu_HT1200-2500/MC_WJetsToLNu_HT1200-2500_314.root
name: MC_WJetsToLNu_HT1200-2500_314.root
filenumber: 235
file path found: /hdfs/store/user/varuns/NTuples/MC/MC2017_12Apr2018_102X/WJets/WJetsToLNu_HT1200-2500/MC_WJetsToLNu_HT1200-2500_315.root
name: MC_WJetsToLNu_HT1200-2500_315.root
filenumber: 236
file path found: /hdfs/store/user/varuns/NTuples/MC/MC2017_12Apr2018_102X/WJets/WJetsToLNu_HT1200-2500/MC_WJetsToLNu_HT1200-2500_316.root
name: MC_WJetsToLNu_HT1200-2500_316.root
filenumber: 237
file path found: /hdfs/store/user/varuns/NTuples/MC/MC2017_12Apr2018_102X/WJets/WJetsToLNu_HT1200-2500/MC_WJetsToLNu_HT1200-2500_317.root
name: MC_WJetsToLNu_HT1200-2500_317.root
filenumber: 238
file path found: /hdfs/store/user/varuns/NTuples/MC/MC2017_12Apr2018_102X/WJets/WJetsToLNu_HT1200-2500/MC_WJetsToLNu_HT1200-2500_318.root
name: MC_WJetsToLNu_HT1200-2500_318.root
filenumber: 239
file path found: /hdfs/store/user/varuns/NTuples/MC/MC2017_12Apr2018_102X/WJets/WJetsToLNu_HT1200-2500/MC_WJetsToLNu_HT1200-2500_319.root
name: MC_WJetsToLNu_HT1200-2500_319.root
filenumber: 240
file path found: /hdfs/store/user/varuns/NTuples/MC/MC2017_12Apr2018_102X/WJets/WJetsToLNu_HT1200-2500/MC_WJetsToLNu_HT1200-2500_32.root
name: MC_WJetsToLNu_HT1200-2500_32.root
filenumber: 241
Adding FullPathInputFile to chain:/hdfs/store/user/varuns/NTuples/MC/MC2017_12Apr2018_102X/WJets/WJetsToLNu_HT1200-2500/MC_WJetsToLNu_HT1200-2500_32.root

file path found: /hdfs/store/user/varuns/NTuples/MC/MC2017_12Apr2018_102X/WJets/WJetsToLNu_HT1200-2500/MC_WJetsToLNu_HT1200-2500_320.root
name: MC_WJetsToLNu_HT1200-2500_320.root
filenumber: 242
file path found: /hdfs/store/user/varuns/NTuples/MC/MC2017_12Apr2018_102X/WJets/WJetsToLNu_HT1200-2500/MC_WJetsToLNu_HT1200-2500_321.root
name: MC_WJetsToLNu_HT1200-2500_321.root
filenumber: 243
file path found: /hdfs/store/user/varuns/NTuples/MC/MC2017_12Apr2018_102X/WJets/WJetsToLNu_HT1200-2500/MC_WJetsToLNu_HT1200-2500_322.root
name: MC_WJetsToLNu_HT1200-2500_322.root
filenumber: 244
file path found: /hdfs/store/user/varuns/NTuples/MC/MC2017_12Apr2018_102X/WJets/WJetsToLNu_HT1200-2500/MC_WJetsToLNu_HT1200-2500_323.root
name: MC_WJetsToLNu_HT1200-2500_323.root
filenumber: 245
file path found: /hdfs/store/user/varuns/NTuples/MC/MC2017_12Apr2018_102X/WJets/WJetsToLNu_HT1200-2500/MC_WJetsToLNu_HT1200-2500_324.root
name: MC_WJetsToLNu_HT1200-2500_324.root
filenumber: 246
file path found: /hdfs/store/user/varuns/NTuples/MC/MC2017_12Apr2018_102X/WJets/WJetsToLNu_HT1200-2500/MC_WJetsToLNu_HT1200-2500_325.root
name: MC_WJetsToLNu_HT1200-2500_325.root
filenumber: 247
file path found: /hdfs/store/user/varuns/NTuples/MC/MC2017_12Apr2018_102X/WJets/WJetsToLNu_HT1200-2500/MC_WJetsToLNu_HT1200-2500_326.root
name: MC_WJetsToLNu_HT1200-2500_326.root
filenumber: 248
file path found: /hdfs/store/user/varuns/NTuples/MC/MC2017_12Apr2018_102X/WJets/WJetsToLNu_HT1200-2500/MC_WJetsToLNu_HT1200-2500_327.root
name: MC_WJetsToLNu_HT1200-2500_327.root
filenumber: 249
file path found: /hdfs/store/user/varuns/NTuples/MC/MC2017_12Apr2018_102X/WJets/WJetsToLNu_HT1200-2500/MC_WJetsToLNu_HT1200-2500_328.root
name: MC_WJetsToLNu_HT1200-2500_328.root
filenumber: 250
file path found: /hdfs/store/user/varuns/NTuples/MC/MC2017_12Apr2018_102X/WJets/WJetsToLNu_HT1200-2500/MC_WJetsToLNu_HT1200-2500_329.root
name: MC_WJetsToLNu_HT1200-2500_329.root
filenumber: 251
file path found: /hdfs/store/user/varuns/NTuples/MC/MC2017_12Apr2018_102X/WJets/WJetsToLNu_HT1200-2500/MC_WJetsToLNu_HT1200-2500_33.root
name: MC_WJetsToLNu_HT1200-2500_33.root
filenumber: 252
Adding FullPathInputFile to chain:/hdfs/store/user/varuns/NTuples/MC/MC2017_12Apr2018_102X/WJets/WJetsToLNu_HT1200-2500/MC_WJetsToLNu_HT1200-2500_33.root

file path found: /hdfs/store/user/varuns/NTuples/MC/MC2017_12Apr2018_102X/WJets/WJetsToLNu_HT1200-2500/MC_WJetsToLNu_HT1200-2500_330.root
name: MC_WJetsToLNu_HT1200-2500_330.root
filenumber: 253
file path found: /hdfs/store/user/varuns/NTuples/MC/MC2017_12Apr2018_102X/WJets/WJetsToLNu_HT1200-2500/MC_WJetsToLNu_HT1200-2500_331.root
name: MC_WJetsToLNu_HT1200-2500_331.root
filenumber: 254
file path found: /hdfs/store/user/varuns/NTuples/MC/MC2017_12Apr2018_102X/WJets/WJetsToLNu_HT1200-2500/MC_WJetsToLNu_HT1200-2500_332.root
name: MC_WJetsToLNu_HT1200-2500_332.root
filenumber: 255
file path found: /hdfs/store/user/varuns/NTuples/MC/MC2017_12Apr2018_102X/WJets/WJetsToLNu_HT1200-2500/MC_WJetsToLNu_HT1200-2500_333.root
name: MC_WJetsToLNu_HT1200-2500_333.root
filenumber: 256
file path found: /hdfs/store/user/varuns/NTuples/MC/MC2017_12Apr2018_102X/WJets/WJetsToLNu_HT1200-2500/MC_WJetsToLNu_HT1200-2500_334.root
name: MC_WJetsToLNu_HT1200-2500_334.root
filenumber: 257
file path found: /hdfs/store/user/varuns/NTuples/MC/MC2017_12Apr2018_102X/WJets/WJetsToLNu_HT1200-2500/MC_WJetsToLNu_HT1200-2500_34.root
name: MC_WJetsToLNu_HT1200-2500_34.root
filenumber: 258
Adding FullPathInputFile to chain:/hdfs/store/user/varuns/NTuples/MC/MC2017_12Apr2018_102X/WJets/WJetsToLNu_HT1200-2500/MC_WJetsToLNu_HT1200-2500_34.root

file path found: /hdfs/store/user/varuns/NTuples/MC/MC2017_12Apr2018_102X/WJets/WJetsToLNu_HT1200-2500/MC_WJetsToLNu_HT1200-2500_35.root
name: MC_WJetsToLNu_HT1200-2500_35.root
filenumber: 259
Adding FullPathInputFile to chain:/hdfs/store/user/varuns/NTuples/MC/MC2017_12Apr2018_102X/WJets/WJetsToLNu_HT1200-2500/MC_WJetsToLNu_HT1200-2500_35.root

file path found: /hdfs/store/user/varuns/NTuples/MC/MC2017_12Apr2018_102X/WJets/WJetsToLNu_HT1200-2500/MC_WJetsToLNu_HT1200-2500_36.root
name: MC_WJetsToLNu_HT1200-2500_36.root
filenumber: 260
Adding FullPathInputFile to chain:/hdfs/store/user/varuns/NTuples/MC/MC2017_12Apr2018_102X/WJets/WJetsToLNu_HT1200-2500/MC_WJetsToLNu_HT1200-2500_36.root

file path found: /hdfs/store/user/varuns/NTuples/MC/MC2017_12Apr2018_102X/WJets/WJetsToLNu_HT1200-2500/MC_WJetsToLNu_HT1200-2500_37.root
name: MC_WJetsToLNu_HT1200-2500_37.root
filenumber: 261
Adding FullPathInputFile to chain:/hdfs/store/user/varuns/NTuples/MC/MC2017_12Apr2018_102X/WJets/WJetsToLNu_HT1200-2500/MC_WJetsToLNu_HT1200-2500_37.root

file path found: /hdfs/store/user/varuns/NTuples/MC/MC2017_12Apr2018_102X/WJets/WJetsToLNu_HT1200-2500/MC_WJetsToLNu_HT1200-2500_38.root
name: MC_WJetsToLNu_HT1200-2500_38.root
filenumber: 262
Adding FullPathInputFile to chain:/hdfs/store/user/varuns/NTuples/MC/MC2017_12Apr2018_102X/WJets/WJetsToLNu_HT1200-2500/MC_WJetsToLNu_HT1200-2500_38.root

file path found: /hdfs/store/user/varuns/NTuples/MC/MC2017_12Apr2018_102X/WJets/WJetsToLNu_HT1200-2500/MC_WJetsToLNu_HT1200-2500_39.root
name: MC_WJetsToLNu_HT1200-2500_39.root
filenumber: 263
Adding FullPathInputFile to chain:/hdfs/store/user/varuns/NTuples/MC/MC2017_12Apr2018_102X/WJets/WJetsToLNu_HT1200-2500/MC_WJetsToLNu_HT1200-2500_39.root

file path found: /hdfs/store/user/varuns/NTuples/MC/MC2017_12Apr2018_102X/WJets/WJetsToLNu_HT1200-2500/MC_WJetsToLNu_HT1200-2500_4.root
name: MC_WJetsToLNu_HT1200-2500_4.root
filenumber: 264
Adding FullPathInputFile to chain:/hdfs/store/user/varuns/NTuples/MC/MC2017_12Apr2018_102X/WJets/WJetsToLNu_HT1200-2500/MC_WJetsToLNu_HT1200-2500_4.root

file path found: /hdfs/store/user/varuns/NTuples/MC/MC2017_12Apr2018_102X/WJets/WJetsToLNu_HT1200-2500/MC_WJetsToLNu_HT1200-2500_40.root
name: MC_WJetsToLNu_HT1200-2500_40.root
filenumber: 265
Adding FullPathInputFile to chain:/hdfs/store/user/varuns/NTuples/MC/MC2017_12Apr2018_102X/WJets/WJetsToLNu_HT1200-2500/MC_WJetsToLNu_HT1200-2500_40.root

file path found: /hdfs/store/user/varuns/NTuples/MC/MC2017_12Apr2018_102X/WJets/WJetsToLNu_HT1200-2500/MC_WJetsToLNu_HT1200-2500_41.root
name: MC_WJetsToLNu_HT1200-2500_41.root
filenumber: 266
Adding FullPathInputFile to chain:/hdfs/store/user/varuns/NTuples/MC/MC2017_12Apr2018_102X/WJets/WJetsToLNu_HT1200-2500/MC_WJetsToLNu_HT1200-2500_41.root

file path found: /hdfs/store/user/varuns/NTuples/MC/MC2017_12Apr2018_102X/WJets/WJetsToLNu_HT1200-2500/MC_WJetsToLNu_HT1200-2500_42.root
name: MC_WJetsToLNu_HT1200-2500_42.root
filenumber: 267
Adding FullPathInputFile to chain:/hdfs/store/user/varuns/NTuples/MC/MC2017_12Apr2018_102X/WJets/WJetsToLNu_HT1200-2500/MC_WJetsToLNu_HT1200-2500_42.root

file path found: /hdfs/store/user/varuns/NTuples/MC/MC2017_12Apr2018_102X/WJets/WJetsToLNu_HT1200-2500/MC_WJetsToLNu_HT1200-2500_43.root
name: MC_WJetsToLNu_HT1200-2500_43.root
filenumber: 268
Adding FullPathInputFile to chain:/hdfs/store/user/varuns/NTuples/MC/MC2017_12Apr2018_102X/WJets/WJetsToLNu_HT1200-2500/MC_WJetsToLNu_HT1200-2500_43.root

file path found: /hdfs/store/user/varuns/NTuples/MC/MC2017_12Apr2018_102X/WJets/WJetsToLNu_HT1200-2500/MC_WJetsToLNu_HT1200-2500_44.root
name: MC_WJetsToLNu_HT1200-2500_44.root
filenumber: 269
Adding FullPathInputFile to chain:/hdfs/store/user/varuns/NTuples/MC/MC2017_12Apr2018_102X/WJets/WJetsToLNu_HT1200-2500/MC_WJetsToLNu_HT1200-2500_44.root

file path found: /hdfs/store/user/varuns/NTuples/MC/MC2017_12Apr2018_102X/WJets/WJetsToLNu_HT1200-2500/MC_WJetsToLNu_HT1200-2500_45.root
name: MC_WJetsToLNu_HT1200-2500_45.root
filenumber: 270
Adding FullPathInputFile to chain:/hdfs/store/user/varuns/NTuples/MC/MC2017_12Apr2018_102X/WJets/WJetsToLNu_HT1200-2500/MC_WJetsToLNu_HT1200-2500_45.root

file path found: /hdfs/store/user/varuns/NTuples/MC/MC2017_12Apr2018_102X/WJets/WJetsToLNu_HT1200-2500/MC_WJetsToLNu_HT1200-2500_46.root
name: MC_WJetsToLNu_HT1200-2500_46.root
filenumber: 271
Adding FullPathInputFile to chain:/hdfs/store/user/varuns/NTuples/MC/MC2017_12Apr2018_102X/WJets/WJetsToLNu_HT1200-2500/MC_WJetsToLNu_HT1200-2500_46.root

file path found: /hdfs/store/user/varuns/NTuples/MC/MC2017_12Apr2018_102X/WJets/WJetsToLNu_HT1200-2500/MC_WJetsToLNu_HT1200-2500_47.root
name: MC_WJetsToLNu_HT1200-2500_47.root
filenumber: 272
Adding FullPathInputFile to chain:/hdfs/store/user/varuns/NTuples/MC/MC2017_12Apr2018_102X/WJets/WJetsToLNu_HT1200-2500/MC_WJetsToLNu_HT1200-2500_47.root

file path found: /hdfs/store/user/varuns/NTuples/MC/MC2017_12Apr2018_102X/WJets/WJetsToLNu_HT1200-2500/MC_WJetsToLNu_HT1200-2500_48.root
name: MC_WJetsToLNu_HT1200-2500_48.root
filenumber: 273
Adding FullPathInputFile to chain:/hdfs/store/user/varuns/NTuples/MC/MC2017_12Apr2018_102X/WJets/WJetsToLNu_HT1200-2500/MC_WJetsToLNu_HT1200-2500_48.root

file path found: /hdfs/store/user/varuns/NTuples/MC/MC2017_12Apr2018_102X/WJets/WJetsToLNu_HT1200-2500/MC_WJetsToLNu_HT1200-2500_49.root
name: MC_WJetsToLNu_HT1200-2500_49.root
filenumber: 274
Adding FullPathInputFile to chain:/hdfs/store/user/varuns/NTuples/MC/MC2017_12Apr2018_102X/WJets/WJetsToLNu_HT1200-2500/MC_WJetsToLNu_HT1200-2500_49.root

file path found: /hdfs/store/user/varuns/NTuples/MC/MC2017_12Apr2018_102X/WJets/WJetsToLNu_HT1200-2500/MC_WJetsToLNu_HT1200-2500_5.root
name: MC_WJetsToLNu_HT1200-2500_5.root
filenumber: 275
Adding FullPathInputFile to chain:/hdfs/store/user/varuns/NTuples/MC/MC2017_12Apr2018_102X/WJets/WJetsToLNu_HT1200-2500/MC_WJetsToLNu_HT1200-2500_5.root

file path found: /hdfs/store/user/varuns/NTuples/MC/MC2017_12Apr2018_102X/WJets/WJetsToLNu_HT1200-2500/MC_WJetsToLNu_HT1200-2500_50.root
name: MC_WJetsToLNu_HT1200-2500_50.root
filenumber: 276
Adding FullPathInputFile to chain:/hdfs/store/user/varuns/NTuples/MC/MC2017_12Apr2018_102X/WJets/WJetsToLNu_HT1200-2500/MC_WJetsToLNu_HT1200-2500_50.root

file path found: /hdfs/store/user/varuns/NTuples/MC/MC2017_12Apr2018_102X/WJets/WJetsToLNu_HT1200-2500/MC_WJetsToLNu_HT1200-2500_51.root
name: MC_WJetsToLNu_HT1200-2500_51.root
filenumber: 277
Adding FullPathInputFile to chain:/hdfs/store/user/varuns/NTuples/MC/MC2017_12Apr2018_102X/WJets/WJetsToLNu_HT1200-2500/MC_WJetsToLNu_HT1200-2500_51.root

file path found: /hdfs/store/user/varuns/NTuples/MC/MC2017_12Apr2018_102X/WJets/WJetsToLNu_HT1200-2500/MC_WJetsToLNu_HT1200-2500_52.root
name: MC_WJetsToLNu_HT1200-2500_52.root
filenumber: 278
Adding FullPathInputFile to chain:/hdfs/store/user/varuns/NTuples/MC/MC2017_12Apr2018_102X/WJets/WJetsToLNu_HT1200-2500/MC_WJetsToLNu_HT1200-2500_52.root

file path found: /hdfs/store/user/varuns/NTuples/MC/MC2017_12Apr2018_102X/WJets/WJetsToLNu_HT1200-2500/MC_WJetsToLNu_HT1200-2500_53.root
name: MC_WJetsToLNu_HT1200-2500_53.root
filenumber: 279
Adding FullPathInputFile to chain:/hdfs/store/user/varuns/NTuples/MC/MC2017_12Apr2018_102X/WJets/WJetsToLNu_HT1200-2500/MC_WJetsToLNu_HT1200-2500_53.root

file path found: /hdfs/store/user/varuns/NTuples/MC/MC2017_12Apr2018_102X/WJets/WJetsToLNu_HT1200-2500/MC_WJetsToLNu_HT1200-2500_54.root
name: MC_WJetsToLNu_HT1200-2500_54.root
filenumber: 280
Adding FullPathInputFile to chain:/hdfs/store/user/varuns/NTuples/MC/MC2017_12Apr2018_102X/WJets/WJetsToLNu_HT1200-2500/MC_WJetsToLNu_HT1200-2500_54.root

file path found: /hdfs/store/user/varuns/NTuples/MC/MC2017_12Apr2018_102X/WJets/WJetsToLNu_HT1200-2500/MC_WJetsToLNu_HT1200-2500_55.root
name: MC_WJetsToLNu_HT1200-2500_55.root
filenumber: 281
Adding FullPathInputFile to chain:/hdfs/store/user/varuns/NTuples/MC/MC2017_12Apr2018_102X/WJets/WJetsToLNu_HT1200-2500/MC_WJetsToLNu_HT1200-2500_55.root

file path found: /hdfs/store/user/varuns/NTuples/MC/MC2017_12Apr2018_102X/WJets/WJetsToLNu_HT1200-2500/MC_WJetsToLNu_HT1200-2500_56.root
name: MC_WJetsToLNu_HT1200-2500_56.root
filenumber: 282
Adding FullPathInputFile to chain:/hdfs/store/user/varuns/NTuples/MC/MC2017_12Apr2018_102X/WJets/WJetsToLNu_HT1200-2500/MC_WJetsToLNu_HT1200-2500_56.root

file path found: /hdfs/store/user/varuns/NTuples/MC/MC2017_12Apr2018_102X/WJets/WJetsToLNu_HT1200-2500/MC_WJetsToLNu_HT1200-2500_57.root
name: MC_WJetsToLNu_HT1200-2500_57.root
filenumber: 283
Adding FullPathInputFile to chain:/hdfs/store/user/varuns/NTuples/MC/MC2017_12Apr2018_102X/WJets/WJetsToLNu_HT1200-2500/MC_WJetsToLNu_HT1200-2500_57.root

file path found: /hdfs/store/user/varuns/NTuples/MC/MC2017_12Apr2018_102X/WJets/WJetsToLNu_HT1200-2500/MC_WJetsToLNu_HT1200-2500_58.root
name: MC_WJetsToLNu_HT1200-2500_58.root
filenumber: 284
Adding FullPathInputFile to chain:/hdfs/store/user/varuns/NTuples/MC/MC2017_12Apr2018_102X/WJets/WJetsToLNu_HT1200-2500/MC_WJetsToLNu_HT1200-2500_58.root

file path found: /hdfs/store/user/varuns/NTuples/MC/MC2017_12Apr2018_102X/WJets/WJetsToLNu_HT1200-2500/MC_WJetsToLNu_HT1200-2500_59.root
name: MC_WJetsToLNu_HT1200-2500_59.root
filenumber: 285
Adding FullPathInputFile to chain:/hdfs/store/user/varuns/NTuples/MC/MC2017_12Apr2018_102X/WJets/WJetsToLNu_HT1200-2500/MC_WJetsToLNu_HT1200-2500_59.root

file path found: /hdfs/store/user/varuns/NTuples/MC/MC2017_12Apr2018_102X/WJets/WJetsToLNu_HT1200-2500/MC_WJetsToLNu_HT1200-2500_6.root
name: MC_WJetsToLNu_HT1200-2500_6.root
filenumber: 286
Adding FullPathInputFile to chain:/hdfs/store/user/varuns/NTuples/MC/MC2017_12Apr2018_102X/WJets/WJetsToLNu_HT1200-2500/MC_WJetsToLNu_HT1200-2500_6.root

file path found: /hdfs/store/user/varuns/NTuples/MC/MC2017_12Apr2018_102X/WJets/WJetsToLNu_HT1200-2500/MC_WJetsToLNu_HT1200-2500_60.root
name: MC_WJetsToLNu_HT1200-2500_60.root
filenumber: 287
Adding FullPathInputFile to chain:/hdfs/store/user/varuns/NTuples/MC/MC2017_12Apr2018_102X/WJets/WJetsToLNu_HT1200-2500/MC_WJetsToLNu_HT1200-2500_60.root

file path found: /hdfs/store/user/varuns/NTuples/MC/MC2017_12Apr2018_102X/WJets/WJetsToLNu_HT1200-2500/MC_WJetsToLNu_HT1200-2500_61.root
name: MC_WJetsToLNu_HT1200-2500_61.root
filenumber: 288
Adding FullPathInputFile to chain:/hdfs/store/user/varuns/NTuples/MC/MC2017_12Apr2018_102X/WJets/WJetsToLNu_HT1200-2500/MC_WJetsToLNu_HT1200-2500_61.root

file path found: /hdfs/store/user/varuns/NTuples/MC/MC2017_12Apr2018_102X/WJets/WJetsToLNu_HT1200-2500/MC_WJetsToLNu_HT1200-2500_62.root
name: MC_WJetsToLNu_HT1200-2500_62.root
filenumber: 289
Adding FullPathInputFile to chain:/hdfs/store/user/varuns/NTuples/MC/MC2017_12Apr2018_102X/WJets/WJetsToLNu_HT1200-2500/MC_WJetsToLNu_HT1200-2500_62.root

file path found: /hdfs/store/user/varuns/NTuples/MC/MC2017_12Apr2018_102X/WJets/WJetsToLNu_HT1200-2500/MC_WJetsToLNu_HT1200-2500_63.root
name: MC_WJetsToLNu_HT1200-2500_63.root
filenumber: 290
Adding FullPathInputFile to chain:/hdfs/store/user/varuns/NTuples/MC/MC2017_12Apr2018_102X/WJets/WJetsToLNu_HT1200-2500/MC_WJetsToLNu_HT1200-2500_63.root

file path found: /hdfs/store/user/varuns/NTuples/MC/MC2017_12Apr2018_102X/WJets/WJetsToLNu_HT1200-2500/MC_WJetsToLNu_HT1200-2500_64.root
name: MC_WJetsToLNu_HT1200-2500_64.root
filenumber: 291
Adding FullPathInputFile to chain:/hdfs/store/user/varuns/NTuples/MC/MC2017_12Apr2018_102X/WJets/WJetsToLNu_HT1200-2500/MC_WJetsToLNu_HT1200-2500_64.root

file path found: /hdfs/store/user/varuns/NTuples/MC/MC2017_12Apr2018_102X/WJets/WJetsToLNu_HT1200-2500/MC_WJetsToLNu_HT1200-2500_65.root
name: MC_WJetsToLNu_HT1200-2500_65.root
filenumber: 292
Adding FullPathInputFile to chain:/hdfs/store/user/varuns/NTuples/MC/MC2017_12Apr2018_102X/WJets/WJetsToLNu_HT1200-2500/MC_WJetsToLNu_HT1200-2500_65.root

file path found: /hdfs/store/user/varuns/NTuples/MC/MC2017_12Apr2018_102X/WJets/WJetsToLNu_HT1200-2500/MC_WJetsToLNu_HT1200-2500_66.root
name: MC_WJetsToLNu_HT1200-2500_66.root
filenumber: 293
Adding FullPathInputFile to chain:/hdfs/store/user/varuns/NTuples/MC/MC2017_12Apr2018_102X/WJets/WJetsToLNu_HT1200-2500/MC_WJetsToLNu_HT1200-2500_66.root

file path found: /hdfs/store/user/varuns/NTuples/MC/MC2017_12Apr2018_102X/WJets/WJetsToLNu_HT1200-2500/MC_WJetsToLNu_HT1200-2500_67.root
name: MC_WJetsToLNu_HT1200-2500_67.root
filenumber: 294
file path found: /hdfs/store/user/varuns/NTuples/MC/MC2017_12Apr2018_102X/WJets/WJetsToLNu_HT1200-2500/MC_WJetsToLNu_HT1200-2500_68.root
name: MC_WJetsToLNu_HT1200-2500_68.root
filenumber: 295
file path found: /hdfs/store/user/varuns/NTuples/MC/MC2017_12Apr2018_102X/WJets/WJetsToLNu_HT1200-2500/MC_WJetsToLNu_HT1200-2500_69.root
name: MC_WJetsToLNu_HT1200-2500_69.root
filenumber: 296
file path found: /hdfs/store/user/varuns/NTuples/MC/MC2017_12Apr2018_102X/WJets/WJetsToLNu_HT1200-2500/MC_WJetsToLNu_HT1200-2500_7.root
name: MC_WJetsToLNu_HT1200-2500_7.root
filenumber: 297
Adding FullPathInputFile to chain:/hdfs/store/user/varuns/NTuples/MC/MC2017_12Apr2018_102X/WJets/WJetsToLNu_HT1200-2500/MC_WJetsToLNu_HT1200-2500_7.root

file path found: /hdfs/store/user/varuns/NTuples/MC/MC2017_12Apr2018_102X/WJets/WJetsToLNu_HT1200-2500/MC_WJetsToLNu_HT1200-2500_70.root
name: MC_WJetsToLNu_HT1200-2500_70.root
filenumber: 298
file path found: /hdfs/store/user/varuns/NTuples/MC/MC2017_12Apr2018_102X/WJets/WJetsToLNu_HT1200-2500/MC_WJetsToLNu_HT1200-2500_71.root
name: MC_WJetsToLNu_HT1200-2500_71.root
filenumber: 299
file path found: /hdfs/store/user/varuns/NTuples/MC/MC2017_12Apr2018_102X/WJets/WJetsToLNu_HT1200-2500/MC_WJetsToLNu_HT1200-2500_72.root
name: MC_WJetsToLNu_HT1200-2500_72.root
filenumber: 300
file path found: /hdfs/store/user/varuns/NTuples/MC/MC2017_12Apr2018_102X/WJets/WJetsToLNu_HT1200-2500/MC_WJetsToLNu_HT1200-2500_73.root
name: MC_WJetsToLNu_HT1200-2500_73.root
filenumber: 301
file path found: /hdfs/store/user/varuns/NTuples/MC/MC2017_12Apr2018_102X/WJets/WJetsToLNu_HT1200-2500/MC_WJetsToLNu_HT1200-2500_74.root
name: MC_WJetsToLNu_HT1200-2500_74.root
filenumber: 302
file path found: /hdfs/store/user/varuns/NTuples/MC/MC2017_12Apr2018_102X/WJets/WJetsToLNu_HT1200-2500/MC_WJetsToLNu_HT1200-2500_75.root
name: MC_WJetsToLNu_HT1200-2500_75.root
filenumber: 303
file path found: /hdfs/store/user/varuns/NTuples/MC/MC2017_12Apr2018_102X/WJets/WJetsToLNu_HT1200-2500/MC_WJetsToLNu_HT1200-2500_76.root
name: MC_WJetsToLNu_HT1200-2500_76.root
filenumber: 304
file path found: /hdfs/store/user/varuns/NTuples/MC/MC2017_12Apr2018_102X/WJets/WJetsToLNu_HT1200-2500/MC_WJetsToLNu_HT1200-2500_77.root
name: MC_WJetsToLNu_HT1200-2500_77.root
filenumber: 305
file path found: /hdfs/store/user/varuns/NTuples/MC/MC2017_12Apr2018_102X/WJets/WJetsToLNu_HT1200-2500/MC_WJetsToLNu_HT1200-2500_78.root
name: MC_WJetsToLNu_HT1200-2500_78.root
filenumber: 306
file path found: /hdfs/store/user/varuns/NTuples/MC/MC2017_12Apr2018_102X/WJets/WJetsToLNu_HT1200-2500/MC_WJetsToLNu_HT1200-2500_79.root
name: MC_WJetsToLNu_HT1200-2500_79.root
filenumber: 307
file path found: /hdfs/store/user/varuns/NTuples/MC/MC2017_12Apr2018_102X/WJets/WJetsToLNu_HT1200-2500/MC_WJetsToLNu_HT1200-2500_8.root
name: MC_WJetsToLNu_HT1200-2500_8.root
filenumber: 308
Adding FullPathInputFile to chain:/hdfs/store/user/varuns/NTuples/MC/MC2017_12Apr2018_102X/WJets/WJetsToLNu_HT1200-2500/MC_WJetsToLNu_HT1200-2500_8.root

file path found: /hdfs/store/user/varuns/NTuples/MC/MC2017_12Apr2018_102X/WJets/WJetsToLNu_HT1200-2500/MC_WJetsToLNu_HT1200-2500_80.root
name: MC_WJetsToLNu_HT1200-2500_80.root
filenumber: 309
file path found: /hdfs/store/user/varuns/NTuples/MC/MC2017_12Apr2018_102X/WJets/WJetsToLNu_HT1200-2500/MC_WJetsToLNu_HT1200-2500_81.root
name: MC_WJetsToLNu_HT1200-2500_81.root
filenumber: 310
file path found: /hdfs/store/user/varuns/NTuples/MC/MC2017_12Apr2018_102X/WJets/WJetsToLNu_HT1200-2500/MC_WJetsToLNu_HT1200-2500_82.root
name: MC_WJetsToLNu_HT1200-2500_82.root
filenumber: 311
file path found: /hdfs/store/user/varuns/NTuples/MC/MC2017_12Apr2018_102X/WJets/WJetsToLNu_HT1200-2500/MC_WJetsToLNu_HT1200-2500_83.root
name: MC_WJetsToLNu_HT1200-2500_83.root
filenumber: 312
file path found: /hdfs/store/user/varuns/NTuples/MC/MC2017_12Apr2018_102X/WJets/WJetsToLNu_HT1200-2500/MC_WJetsToLNu_HT1200-2500_84.root
name: MC_WJetsToLNu_HT1200-2500_84.root
filenumber: 313
file path found: /hdfs/store/user/varuns/NTuples/MC/MC2017_12Apr2018_102X/WJets/WJetsToLNu_HT1200-2500/MC_WJetsToLNu_HT1200-2500_85.root
name: MC_WJetsToLNu_HT1200-2500_85.root
filenumber: 314
file path found: /hdfs/store/user/varuns/NTuples/MC/MC2017_12Apr2018_102X/WJets/WJetsToLNu_HT1200-2500/MC_WJetsToLNu_HT1200-2500_86.root
name: MC_WJetsToLNu_HT1200-2500_86.root
filenumber: 315
file path found: /hdfs/store/user/varuns/NTuples/MC/MC2017_12Apr2018_102X/WJets/WJetsToLNu_HT1200-2500/MC_WJetsToLNu_HT1200-2500_87.root
name: MC_WJetsToLNu_HT1200-2500_87.root
filenumber: 316
file path found: /hdfs/store/user/varuns/NTuples/MC/MC2017_12Apr2018_102X/WJets/WJetsToLNu_HT1200-2500/MC_WJetsToLNu_HT1200-2500_88.root
name: MC_WJetsToLNu_HT1200-2500_88.root
filenumber: 317
file path found: /hdfs/store/user/varuns/NTuples/MC/MC2017_12Apr2018_102X/WJets/WJetsToLNu_HT1200-2500/MC_WJetsToLNu_HT1200-2500_89.root
name: MC_WJetsToLNu_HT1200-2500_89.root
filenumber: 318
file path found: /hdfs/store/user/varuns/NTuples/MC/MC2017_12Apr2018_102X/WJets/WJetsToLNu_HT1200-2500/MC_WJetsToLNu_HT1200-2500_9.root
name: MC_WJetsToLNu_HT1200-2500_9.root
filenumber: 319
Adding FullPathInputFile to chain:/hdfs/store/user/varuns/NTuples/MC/MC2017_12Apr2018_102X/WJets/WJetsToLNu_HT1200-2500/MC_WJetsToLNu_HT1200-2500_9.root

file path found: /hdfs/store/user/varuns/NTuples/MC/MC2017_12Apr2018_102X/WJets/WJetsToLNu_HT1200-2500/MC_WJetsToLNu_HT1200-2500_90.root
name: MC_WJetsToLNu_HT1200-2500_90.root
filenumber: 320
file path found: /hdfs/store/user/varuns/NTuples/MC/MC2017_12Apr2018_102X/WJets/WJetsToLNu_HT1200-2500/MC_WJetsToLNu_HT1200-2500_91.root
name: MC_WJetsToLNu_HT1200-2500_91.root
filenumber: 321
file path found: /hdfs/store/user/varuns/NTuples/MC/MC2017_12Apr2018_102X/WJets/WJetsToLNu_HT1200-2500/MC_WJetsToLNu_HT1200-2500_92.root
name: MC_WJetsToLNu_HT1200-2500_92.root
filenumber: 322
file path found: /hdfs/store/user/varuns/NTuples/MC/MC2017_12Apr2018_102X/WJets/WJetsToLNu_HT1200-2500/MC_WJetsToLNu_HT1200-2500_93.root
name: MC_WJetsToLNu_HT1200-2500_93.root
filenumber: 323
file path found: /hdfs/store/user/varuns/NTuples/MC/MC2017_12Apr2018_102X/WJets/WJetsToLNu_HT1200-2500/MC_WJetsToLNu_HT1200-2500_94.root
name: MC_WJetsToLNu_HT1200-2500_94.root
filenumber: 324
file path found: /hdfs/store/user/varuns/NTuples/MC/MC2017_12Apr2018_102X/WJets/WJetsToLNu_HT1200-2500/MC_WJetsToLNu_HT1200-2500_95.root
name: MC_WJetsToLNu_HT1200-2500_95.root
filenumber: 325
file path found: /hdfs/store/user/varuns/NTuples/MC/MC2017_12Apr2018_102X/WJets/WJetsToLNu_HT1200-2500/MC_WJetsToLNu_HT1200-2500_96.root
name: MC_WJetsToLNu_HT1200-2500_96.root
filenumber: 326
file path found: /hdfs/store/user/varuns/NTuples/MC/MC2017_12Apr2018_102X/WJets/WJetsToLNu_HT1200-2500/MC_WJetsToLNu_HT1200-2500_97.root
name: MC_WJetsToLNu_HT1200-2500_97.root
filenumber: 327
file path found: /hdfs/store/user/varuns/NTuples/MC/MC2017_12Apr2018_102X/WJets/WJetsToLNu_HT1200-2500/MC_WJetsToLNu_HT1200-2500_98.root
name: MC_WJetsToLNu_HT1200-2500_98.root
filenumber: 328
file path found: /hdfs/store/user/varuns/NTuples/MC/MC2017_12Apr2018_102X/WJets/WJetsToLNu_HT1200-2500/MC_WJetsToLNu_HT1200-2500_99.root
name: MC_WJetsToLNu_HT1200-2500_99.root
filenumber: 329
file path found: /hdfs/store/user/varuns/NTuples/MC/MC2017_12Apr2018_102X/WJets/WJetsToLNu_HT1200-2500/.
name: .
filenumber: 330
file path found: /hdfs/store/user/varuns/NTuples/MC/MC2017_12Apr2018_102X/WJets/WJetsToLNu_HT1200-2500/..
name: ..
filenumber: 331
66 files added.
Initializing chain.
Coming in: 
nentries:3924753
Running over 3924753 events.
Finished entry 0/3924752
Finished entry 10000/3924752
Finished entry 20000/3924752
Finished entry 30000/3924752
Finished entry 40000/3924752
Finished entry 50000/3924752
Finished entry 60000/3924752
Finished entry 70000/3924752
Finished entry 80000/3924752
Finished entry 90000/3924752
Finished entry 100000/3924752
Finished entry 110000/3924752
Finished entry 120000/3924752
Finished entry 130000/3924752
Finished entry 140000/3924752
Finished entry 150000/3924752
Finished entry 160000/3924752
Finished entry 170000/3924752
Finished entry 180000/3924752
Finished entry 190000/3924752
Finished entry 200000/3924752
Finished entry 210000/3924752
Finished entry 220000/3924752
Finished entry 230000/3924752
Finished entry 240000/3924752
Finished entry 250000/3924752
Finished entry 260000/3924752
Finished entry 270000/3924752
Finished entry 280000/3924752
Finished entry 290000/3924752
Finished entry 300000/3924752
Finished entry 310000/3924752
Finished entry 320000/3924752
Finished entry 330000/3924752
Finished entry 340000/3924752
Finished entry 350000/3924752
Finished entry 360000/3924752
Finished entry 370000/3924752
Finished entry 380000/3924752
Finished entry 390000/3924752
Finished entry 400000/3924752
Finished entry 410000/3924752
Finished entry 420000/3924752
Finished entry 430000/3924752
Finished entry 440000/3924752
Finished entry 450000/3924752
Finished entry 460000/3924752
Finished entry 470000/3924752
Finished entry 480000/3924752
Finished entry 490000/3924752
Finished entry 500000/3924752
Finished entry 510000/3924752
Finished entry 520000/3924752
Finished entry 530000/3924752
Finished entry 540000/3924752
Finished entry 550000/3924752
Finished entry 560000/3924752
Finished entry 570000/3924752
Finished entry 580000/3924752
Finished entry 590000/3924752
Finished entry 600000/3924752
Finished entry 610000/3924752
Finished entry 620000/3924752
Finished entry 630000/3924752
Finished entry 640000/3924752
Finished entry 650000/3924752
Finished entry 660000/3924752
Finished entry 670000/3924752
Finished entry 680000/3924752
Finished entry 690000/3924752
Finished entry 700000/3924752
Finished entry 710000/3924752
Finished entry 720000/3924752
Finished entry 730000/3924752
Finished entry 740000/3924752
Finished entry 750000/3924752
Finished entry 760000/3924752
Finished entry 770000/3924752
Finished entry 780000/3924752
Finished entry 790000/3924752
Finished entry 800000/3924752
Finished entry 810000/3924752
Finished entry 820000/3924752
Finished entry 830000/3924752
Finished entry 840000/3924752
Finished entry 850000/3924752
Finished entry 860000/3924752
Finished entry 870000/3924752
Finished entry 880000/3924752
Finished entry 890000/3924752
Finished entry 900000/3924752
Finished entry 910000/3924752
Finished entry 920000/3924752
Finished entry 930000/3924752
Finished entry 940000/3924752
Finished entry 950000/3924752
Finished entry 960000/3924752
Finished entry 970000/3924752
Finished entry 980000/3924752
Finished entry 990000/3924752
Finished entry 1000000/3924752
Finished entry 1010000/3924752
Finished entry 1020000/3924752
Finished entry 1030000/3924752
Finished entry 1040000/3924752
Finished entry 1050000/3924752
Finished entry 1060000/3924752
Finished entry 1070000/3924752
Finished entry 1080000/3924752
Finished entry 1090000/3924752
Finished entry 1100000/3924752
Finished entry 1110000/3924752
Finished entry 1120000/3924752
Finished entry 1130000/3924752
Finished entry 1140000/3924752
Finished entry 1150000/3924752
Finished entry 1160000/3924752
Finished entry 1170000/3924752
Finished entry 1180000/3924752
Finished entry 1190000/3924752
Finished entry 1200000/3924752
Finished entry 1210000/3924752
Finished entry 1220000/3924752
Finished entry 1230000/3924752
Finished entry 1240000/3924752
Finished entry 1250000/3924752
Finished entry 1260000/3924752
Finished entry 1270000/3924752
Finished entry 1280000/3924752
Finished entry 1290000/3924752
Finished entry 1300000/3924752
Finished entry 1310000/3924752
Finished entry 1320000/3924752
Finished entry 1330000/3924752
Finished entry 1340000/3924752
Finished entry 1350000/3924752
Finished entry 1360000/3924752
Finished entry 1370000/3924752
Finished entry 1380000/3924752
Finished entry 1390000/3924752
Finished entry 1400000/3924752
Finished entry 1410000/3924752
Finished entry 1420000/3924752
Finished entry 1430000/3924752
Finished entry 1440000/3924752
Finished entry 1450000/3924752
Finished entry 1460000/3924752
Finished entry 1470000/3924752
Finished entry 1480000/3924752
Finished entry 1490000/3924752
Finished entry 1500000/3924752
Finished entry 1510000/3924752
Finished entry 1520000/3924752
Finished entry 1530000/3924752
Finished entry 1540000/3924752
Finished entry 1550000/3924752
Finished entry 1560000/3924752
Finished entry 1570000/3924752
Finished entry 1580000/3924752
Finished entry 1590000/3924752
Finished entry 1600000/3924752
Finished entry 1610000/3924752
Finished entry 1620000/3924752
Finished entry 1630000/3924752
Finished entry 1640000/3924752
Finished entry 1650000/3924752
Finished entry 1660000/3924752
Finished entry 1670000/3924752
Finished entry 1680000/3924752
Finished entry 1690000/3924752
Finished entry 1700000/3924752
Finished entry 1710000/3924752
Finished entry 1720000/3924752
Finished entry 1730000/3924752
Finished entry 1740000/3924752
Finished entry 1750000/3924752
Finished entry 1760000/3924752
Finished entry 1770000/3924752
Finished entry 1780000/3924752
Finished entry 1790000/3924752
Finished entry 1800000/3924752
Finished entry 1810000/3924752
Finished entry 1820000/3924752
Finished entry 1830000/3924752
Finished entry 1840000/3924752
Finished entry 1850000/3924752
Finished entry 1860000/3924752
Finished entry 1870000/3924752
Finished entry 1880000/3924752
Finished entry 1890000/3924752
Finished entry 1900000/3924752
Finished entry 1910000/3924752
Finished entry 1920000/3924752
Finished entry 1930000/3924752
Finished entry 1940000/3924752
Finished entry 1950000/3924752
Finished entry 1960000/3924752
Finished entry 1970000/3924752
Finished entry 1980000/3924752
Finished entry 1990000/3924752
Finished entry 2000000/3924752
Finished entry 2010000/3924752
Finished entry 2020000/3924752
Finished entry 2030000/3924752
Finished entry 2040000/3924752
Finished entry 2050000/3924752
Finished entry 2060000/3924752
Finished entry 2070000/3924752
Finished entry 2080000/3924752
Finished entry 2090000/3924752
Finished entry 2100000/3924752
Finished entry 2110000/3924752
Finished entry 2120000/3924752
Finished entry 2130000/3924752
Finished entry 2140000/3924752
Finished entry 2150000/3924752
Finished entry 2160000/3924752
Finished entry 2170000/3924752
Finished entry 2180000/3924752
Finished entry 2190000/3924752
Finished entry 2200000/3924752
Finished entry 2210000/3924752
Finished entry 2220000/3924752
Finished entry 2230000/3924752
Finished entry 2240000/3924752
Finished entry 2250000/3924752
Finished entry 2260000/3924752
Finished entry 2270000/3924752
Finished entry 2280000/3924752
Finished entry 2290000/3924752
Finished entry 2300000/3924752
Finished entry 2310000/3924752
Finished entry 2320000/3924752
Finished entry 2330000/3924752
Finished entry 2340000/3924752
Finished entry 2350000/3924752
Finished entry 2360000/3924752
Finished entry 2370000/3924752
Finished entry 2380000/3924752
Finished entry 2390000/3924752
Finished entry 2400000/3924752
Finished entry 2410000/3924752
Finished entry 2420000/3924752
Finished entry 2430000/3924752
Finished entry 2440000/3924752
Finished entry 2450000/3924752
Finished entry 2460000/3924752
Finished entry 2470000/3924752
Finished entry 2480000/3924752
Finished entry 2490000/3924752
Finished entry 2500000/3924752
Finished entry 2510000/3924752
Finished entry 2520000/3924752
Finished entry 2530000/3924752
Finished entry 2540000/3924752
Finished entry 2550000/3924752
Finished entry 2560000/3924752
Finished entry 2570000/3924752
Finished entry 2580000/3924752
Finished entry 2590000/3924752
Finished entry 2600000/3924752
Finished entry 2610000/3924752
Finished entry 2620000/3924752
Finished entry 2630000/3924752
Finished entry 2640000/3924752
Finished entry 2650000/3924752
Finished entry 2660000/3924752
Finished entry 2670000/3924752
Finished entry 2680000/3924752
Finished entry 2690000/3924752
Finished entry 2700000/3924752
Finished entry 2710000/3924752
Finished entry 2720000/3924752
Finished entry 2730000/3924752
Finished entry 2740000/3924752
Finished entry 2750000/3924752
Finished entry 2760000/3924752
Finished entry 2770000/3924752
Finished entry 2780000/3924752
Finished entry 2790000/3924752
Finished entry 2800000/3924752
Finished entry 2810000/3924752
Finished entry 2820000/3924752
Finished entry 2830000/3924752
Finished entry 2840000/3924752
Finished entry 2850000/3924752
Finished entry 2860000/3924752
Finished entry 2870000/3924752
Finished entry 2880000/3924752
Finished entry 2890000/3924752
Finished entry 2900000/3924752
Finished entry 2910000/3924752
Finished entry 2920000/3924752
Finished entry 2930000/3924752
Finished entry 2940000/3924752
Finished entry 2950000/3924752
Finished entry 2960000/3924752
Finished entry 2970000/3924752
Finished entry 2980000/3924752
Finished entry 2990000/3924752
Finished entry 3000000/3924752
Finished entry 3010000/3924752
Finished entry 3020000/3924752
Finished entry 3030000/3924752
Finished entry 3040000/3924752
Finished entry 3050000/3924752
Finished entry 3060000/3924752
Finished entry 3070000/3924752
Finished entry 3080000/3924752
Finished entry 3090000/3924752
Finished entry 3100000/3924752
Finished entry 3110000/3924752
Finished entry 3120000/3924752
Finished entry 3130000/3924752
Finished entry 3140000/3924752
Finished entry 3150000/3924752
Finished entry 3160000/3924752
Finished entry 3170000/3924752
Finished entry 3180000/3924752
Finished entry 3190000/3924752
Finished entry 3200000/3924752
Finished entry 3210000/3924752
Finished entry 3220000/3924752
Finished entry 3230000/3924752
Finished entry 3240000/3924752
Finished entry 3250000/3924752
Finished entry 3260000/3924752
Finished entry 3270000/3924752
Finished entry 3280000/3924752
Finished entry 3290000/3924752
Finished entry 3300000/3924752
Finished entry 3310000/3924752
Finished entry 3320000/3924752
Finished entry 3330000/3924752
Finished entry 3340000/3924752
Finished entry 3350000/3924752
Finished entry 3360000/3924752
Finished entry 3370000/3924752
Finished entry 3380000/3924752
Finished entry 3390000/3924752
Finished entry 3400000/3924752
Finished entry 3410000/3924752
Finished entry 3420000/3924752
Finished entry 3430000/3924752
Finished entry 3440000/3924752
Finished entry 3450000/3924752
Finished entry 3460000/3924752
Finished entry 3470000/3924752
Finished entry 3480000/3924752
Finished entry 3490000/3924752
Finished entry 3500000/3924752
Finished entry 3510000/3924752
Finished entry 3520000/3924752
Finished entry 3530000/3924752
Finished entry 3540000/3924752
Finished entry 3550000/3924752
Finished entry 3560000/3924752
Finished entry 3570000/3924752
Finished entry 3580000/3924752
Finished entry 3590000/3924752
Finished entry 3600000/3924752
Finished entry 3610000/3924752
Finished entry 3620000/3924752
Finished entry 3630000/3924752
Finished entry 3640000/3924752
Finished entry 3650000/3924752
Finished entry 3660000/3924752
Finished entry 3670000/3924752
Finished entry 3680000/3924752
Finished entry 3690000/3924752
Finished entry 3700000/3924752
Finished entry 3710000/3924752
Finished entry 3720000/3924752
Finished entry 3730000/3924752
Finished entry 3740000/3924752
Finished entry 3750000/3924752
Finished entry 3760000/3924752
Finished entry 3770000/3924752
Finished entry 3780000/3924752
Finished entry 3790000/3924752
Finished entry 3800000/3924752
Finished entry 3810000/3924752
Finished entry 3820000/3924752
Finished entry 3830000/3924752
Finished entry 3840000/3924752
Finished entry 3850000/3924752
Finished entry 3860000/3924752
Finished entry 3870000/3924752
Finished entry 3880000/3924752
Finished entry 3890000/3924752
Finished entry 3900000/3924752
Finished entry 3910000/3924752
Finished entry 3920000/3924752
