000 (297977.000.000) 04/11 13:09:29 Job submitted from host: <144.92.181.244:9618?addrs=144.92.181.244-9618+[2607-f388-101c-1000--371]-9618&noUDP&sock=5651_b1c7_3>
...
000 (298022.000.000) 04/11 13:11:16 Job submitted from host: <144.92.181.244:9618?addrs=144.92.181.244-9618+[2607-f388-101c-1000--371]-9618&noUDP&sock=5651_b1c7_3>
...
000 (298067.000.000) 04/11 13:12:17 Job submitted from host: <144.92.181.244:9618?addrs=144.92.181.244-9618+[2607-f388-101c-1000--371]-9618&noUDP&sock=5651_b1c7_3>
...
001 (297977.000.000) 04/11 13:18:15 Job executing on host: <144.92.181.65:9618?addrs=144.92.181.65-9618+[2607-f388-101c-1000--629]-9618&noUDP&sock=6843_4eab_3>
...
006 (297977.000.000) 04/11 13:18:16 Image size of job updated: 1
	0  -  MemoryUsage of job (MB)
	0  -  ResidentSetSize of job (KB)
...
004 (297977.000.000) 04/11 13:18:17 Job was evicted.
	(0) Job terminated and was requeued
		Usr 0 00:00:00, Sys 0 00:00:00  -  Run Remote Usage
		Usr 0 00:00:00, Sys 0 00:00:00  -  Run Local Usage
	377  -  Run Bytes Sent By Job
	287387  -  Run Bytes Received By Job
	(1) Normal termination (return value 127)
	The job attribute OnExitRemove expression '( ExitBySignal == false && ( ExitCode == 0 || ExitCode == 42 || NumJobStarts > 3 ) )' evaluated to FALSE
...
001 (297977.000.000) 04/11 13:19:42 Job executing on host: <144.92.181.193:9618?addrs=144.92.181.193-9618+[2607-f388-101c-1000--629]-9618&noUDP&sock=9204_c1c5_3>
...
006 (297977.000.000) 04/11 13:19:42 Image size of job updated: 121268
	0  -  MemoryUsage of job (MB)
	0  -  ResidentSetSize of job (KB)
...
004 (297977.000.000) 04/11 13:19:46 Job was evicted.
	(0) Job terminated and was requeued
		Usr 0 00:00:00, Sys 0 00:00:00  -  Run Remote Usage
		Usr 0 00:00:00, Sys 0 00:00:00  -  Run Local Usage
	376  -  Run Bytes Sent By Job
	287387  -  Run Bytes Received By Job
	(1) Normal termination (return value 127)
	The job attribute OnExitRemove expression '( ExitBySignal == false && ( ExitCode == 0 || ExitCode == 42 || NumJobStarts > 3 ) )' evaluated to FALSE
...
001 (297977.000.000) 04/11 13:21:07 Job executing on host: <128.104.227.46:9618?addrs=128.104.227.46-9618+[2607-f388-101c-1000--629]-9618&noUDP&sock=9480_11e9_3>
...
004 (297977.000.000) 04/11 13:21:10 Job was evicted.
	(0) Job terminated and was requeued
		Usr 0 00:00:00, Sys 0 00:00:00  -  Run Remote Usage
		Usr 0 00:00:00, Sys 0 00:00:00  -  Run Local Usage
	377  -  Run Bytes Sent By Job
	287387  -  Run Bytes Received By Job
	(1) Normal termination (return value 127)
	The job attribute OnExitRemove expression '( ExitBySignal == false && ( ExitCode == 0 || ExitCode == 42 || NumJobStarts > 3 ) )' evaluated to FALSE
...
001 (297977.000.000) 04/11 13:21:38 Job executing on host: <128.104.227.14:9618?addrs=128.104.227.14-9618+[2607-f388-101c-1000--629]-9618&noUDP&sock=9506_e75f_3>
...
005 (297977.000.000) 04/11 13:21:43 Job terminated.
	(1) Normal termination (return value 127)
		Usr 0 00:00:00, Sys 0 00:00:00  -  Run Remote Usage
		Usr 0 00:00:00, Sys 0 00:00:00  -  Run Local Usage
		Usr 0 00:00:00, Sys 0 00:00:00  -  Total Remote Usage
		Usr 0 00:00:00, Sys 0 00:00:00  -  Total Local Usage
	377  -  Run Bytes Sent By Job
	287387  -  Run Bytes Received By Job
	1507  -  Total Bytes Sent By Job
	1149548  -  Total Bytes Received By Job
	Partitionable Resources :    Usage  Request Allocated
	   Cpus                 :                 1         1
	   Disk (KB)            :  1000000  2048000   9504707
	   Memory (MB)          :        0     1992      1992
...
001 (298022.000.000) 04/11 13:26:07 Job executing on host: <144.92.181.185:9618?addrs=144.92.181.185-9618+[2607-f388-101c-1000--143]-9618&noUDP&sock=4320_bd39_3>
...
006 (298022.000.000) 04/11 13:26:17 Image size of job updated: 93312
	26  -  MemoryUsage of job (MB)
	25900  -  ResidentSetSize of job (KB)
...
006 (298022.000.000) 04/11 13:46:17 Image size of job updated: 238524
	231  -  MemoryUsage of job (MB)
	236080  -  ResidentSetSize of job (KB)
...
001 (298067.000.000) 04/11 13:53:51 Job executing on host: <144.92.180.245:9618?addrs=144.92.180.245-9618+[2607-f388-101c-1000--629]-9618&noUDP&sock=9235_0535_3>
...
006 (298067.000.000) 04/11 13:53:59 Image size of job updated: 158024
	48  -  MemoryUsage of job (MB)
	48196  -  ResidentSetSize of job (KB)
...
006 (298022.000.000) 04/11 14:06:18 Image size of job updated: 238744
	232  -  MemoryUsage of job (MB)
	237000  -  ResidentSetSize of job (KB)
...
006 (298067.000.000) 04/11 14:13:59 Image size of job updated: 239068
	232  -  MemoryUsage of job (MB)
	237064  -  ResidentSetSize of job (KB)
...
006 (298022.000.000) 04/11 14:26:19 Image size of job updated: 240668
	234  -  MemoryUsage of job (MB)
	238928  -  ResidentSetSize of job (KB)
...
006 (298067.000.000) 04/11 14:34:00 Image size of job updated: 239980
	233  -  MemoryUsage of job (MB)
	238040  -  ResidentSetSize of job (KB)
...
006 (298067.000.000) 04/11 14:54:01 Image size of job updated: 240744
	234  -  MemoryUsage of job (MB)
	238804  -  ResidentSetSize of job (KB)
...
006 (298067.000.000) 04/11 15:14:02 Image size of job updated: 244524
	235  -  MemoryUsage of job (MB)
	239848  -  ResidentSetSize of job (KB)
...
006 (298022.000.000) 04/11 16:06:21 Image size of job updated: 242336
	234  -  MemoryUsage of job (MB)
	238928  -  ResidentSetSize of job (KB)
...
005 (298022.000.000) 04/11 16:06:35 Job terminated.
	(1) Normal termination (return value 0)
		Usr 0 00:21:12, Sys 0 00:02:21  -  Run Remote Usage
		Usr 0 00:00:00, Sys 0 00:00:00  -  Run Local Usage
		Usr 0 00:21:12, Sys 0 00:02:21  -  Total Remote Usage
		Usr 0 00:00:00, Sys 0 00:00:00  -  Total Local Usage
	1064239  -  Run Bytes Sent By Job
	287387  -  Run Bytes Received By Job
	1064239  -  Total Bytes Sent By Job
	287387  -  Total Bytes Received By Job
	Partitionable Resources :    Usage  Request Allocated
	   Cpus                 :                 1         1
	   Disk (KB)            :  1000000  2048000   3166878
	   Memory (MB)          :      234     1992      1992
...
005 (298067.000.000) 04/11 16:06:45 Job terminated.
	(1) Normal termination (return value 0)
		Usr 0 00:24:15, Sys 0 00:01:19  -  Run Remote Usage
		Usr 0 00:00:00, Sys 0 00:00:00  -  Run Local Usage
		Usr 0 00:24:15, Sys 0 00:01:19  -  Total Remote Usage
		Usr 0 00:00:00, Sys 0 00:00:00  -  Total Local Usage
	1045577  -  Run Bytes Sent By Job
	287387  -  Run Bytes Received By Job
	1045577  -  Total Bytes Sent By Job
	287387  -  Total Bytes Received By Job
	Partitionable Resources :    Usage  Request Allocated
	   Cpus                 :                 1         1
	   Disk (KB)            :  1000000  2048000   7920798
	   Memory (MB)          :      235     1992      1992
...
