file path found: /hdfs/store/user/varuns/NTuples/MC/MC2018_RunIIAutumn18_102X/ZJets/ZJetsToNuNu_HT1200-2500/MC_ZJetsToNuNu_HT1200-2500_1.root
name: MC_ZJetsToNuNu_HT1200-2500_1.root
filenumber: 0
Adding FullPathInputFile to chain:/hdfs/store/user/varuns/NTuples/MC/MC2018_RunIIAutumn18_102X/ZJets/ZJetsToNuNu_HT1200-2500/MC_ZJetsToNuNu_HT1200-2500_1.root

file path found: /hdfs/store/user/varuns/NTuples/MC/MC2018_RunIIAutumn18_102X/ZJets/ZJetsToNuNu_HT1200-2500/MC_ZJetsToNuNu_HT1200-2500_2.root
name: MC_ZJetsToNuNu_HT1200-2500_2.root
filenumber: 1
Adding FullPathInputFile to chain:/hdfs/store/user/varuns/NTuples/MC/MC2018_RunIIAutumn18_102X/ZJets/ZJetsToNuNu_HT1200-2500/MC_ZJetsToNuNu_HT1200-2500_2.root

file path found: /hdfs/store/user/varuns/NTuples/MC/MC2018_RunIIAutumn18_102X/ZJets/ZJetsToNuNu_HT1200-2500/MC_ZJetsToNuNu_HT1200-2500_3.root
name: MC_ZJetsToNuNu_HT1200-2500_3.root
filenumber: 2
Adding FullPathInputFile to chain:/hdfs/store/user/varuns/NTuples/MC/MC2018_RunIIAutumn18_102X/ZJets/ZJetsToNuNu_HT1200-2500/MC_ZJetsToNuNu_HT1200-2500_3.root

file path found: /hdfs/store/user/varuns/NTuples/MC/MC2018_RunIIAutumn18_102X/ZJets/ZJetsToNuNu_HT1200-2500/MC_ZJetsToNuNu_HT1200-2500_4.root
name: MC_ZJetsToNuNu_HT1200-2500_4.root
filenumber: 3
Adding FullPathInputFile to chain:/hdfs/store/user/varuns/NTuples/MC/MC2018_RunIIAutumn18_102X/ZJets/ZJetsToNuNu_HT1200-2500/MC_ZJetsToNuNu_HT1200-2500_4.root

file path found: /hdfs/store/user/varuns/NTuples/MC/MC2018_RunIIAutumn18_102X/ZJets/ZJetsToNuNu_HT1200-2500/.
name: .
filenumber: 4
file path found: /hdfs/store/user/varuns/NTuples/MC/MC2018_RunIIAutumn18_102X/ZJets/ZJetsToNuNu_HT1200-2500/..
name: ..
filenumber: 5
4 files added.
Initializing chain.
Coming in: 
nentries:343198
Running over 343198 events.
Finished entry 0/343197
Finished entry 10000/343197
Finished entry 20000/343197
Finished entry 30000/343197
Finished entry 40000/343197
Finished entry 50000/343197
Finished entry 60000/343197
Finished entry 70000/343197
Finished entry 80000/343197
Finished entry 90000/343197
Finished entry 100000/343197
Finished entry 110000/343197
Finished entry 120000/343197
Finished entry 130000/343197
Finished entry 140000/343197
Finished entry 150000/343197
Finished entry 160000/343197
Finished entry 170000/343197
Finished entry 180000/343197
Finished entry 190000/343197
Finished entry 200000/343197
Finished entry 210000/343197
Finished entry 220000/343197
Finished entry 230000/343197
Finished entry 240000/343197
Finished entry 250000/343197
Finished entry 260000/343197
Finished entry 270000/343197
Finished entry 280000/343197
Finished entry 290000/343197
Finished entry 300000/343197
Finished entry 310000/343197
Finished entry 320000/343197
Finished entry 330000/343197
Finished entry 340000/343197
