file path found: /hdfs/store/user/varuns/NTuples/MC/MC2018_RunIIAutumn18_102X/EWK/ZZ/MC_ZZ_1.root
name: MC_ZZ_1.root
filenumber: 0
Adding FullPathInputFile to chain:/hdfs/store/user/varuns/NTuples/MC/MC2018_RunIIAutumn18_102X/EWK/ZZ/MC_ZZ_1.root

file path found: /hdfs/store/user/varuns/NTuples/MC/MC2018_RunIIAutumn18_102X/EWK/ZZ/MC_ZZ_10.root
name: MC_ZZ_10.root
filenumber: 1
Adding FullPathInputFile to chain:/hdfs/store/user/varuns/NTuples/MC/MC2018_RunIIAutumn18_102X/EWK/ZZ/MC_ZZ_10.root

file path found: /hdfs/store/user/varuns/NTuples/MC/MC2018_RunIIAutumn18_102X/EWK/ZZ/MC_ZZ_11.root
name: MC_ZZ_11.root
filenumber: 2
Adding FullPathInputFile to chain:/hdfs/store/user/varuns/NTuples/MC/MC2018_RunIIAutumn18_102X/EWK/ZZ/MC_ZZ_11.root

file path found: /hdfs/store/user/varuns/NTuples/MC/MC2018_RunIIAutumn18_102X/EWK/ZZ/MC_ZZ_12.root
name: MC_ZZ_12.root
filenumber: 3
Adding FullPathInputFile to chain:/hdfs/store/user/varuns/NTuples/MC/MC2018_RunIIAutumn18_102X/EWK/ZZ/MC_ZZ_12.root

file path found: /hdfs/store/user/varuns/NTuples/MC/MC2018_RunIIAutumn18_102X/EWK/ZZ/MC_ZZ_13.root
name: MC_ZZ_13.root
filenumber: 4
Adding FullPathInputFile to chain:/hdfs/store/user/varuns/NTuples/MC/MC2018_RunIIAutumn18_102X/EWK/ZZ/MC_ZZ_13.root

file path found: /hdfs/store/user/varuns/NTuples/MC/MC2018_RunIIAutumn18_102X/EWK/ZZ/MC_ZZ_14.root
name: MC_ZZ_14.root
filenumber: 5
Adding FullPathInputFile to chain:/hdfs/store/user/varuns/NTuples/MC/MC2018_RunIIAutumn18_102X/EWK/ZZ/MC_ZZ_14.root

file path found: /hdfs/store/user/varuns/NTuples/MC/MC2018_RunIIAutumn18_102X/EWK/ZZ/MC_ZZ_15.root
name: MC_ZZ_15.root
filenumber: 6
Adding FullPathInputFile to chain:/hdfs/store/user/varuns/NTuples/MC/MC2018_RunIIAutumn18_102X/EWK/ZZ/MC_ZZ_15.root

file path found: /hdfs/store/user/varuns/NTuples/MC/MC2018_RunIIAutumn18_102X/EWK/ZZ/MC_ZZ_16.root
name: MC_ZZ_16.root
filenumber: 7
Adding FullPathInputFile to chain:/hdfs/store/user/varuns/NTuples/MC/MC2018_RunIIAutumn18_102X/EWK/ZZ/MC_ZZ_16.root

file path found: /hdfs/store/user/varuns/NTuples/MC/MC2018_RunIIAutumn18_102X/EWK/ZZ/MC_ZZ_17.root
name: MC_ZZ_17.root
filenumber: 8
Adding FullPathInputFile to chain:/hdfs/store/user/varuns/NTuples/MC/MC2018_RunIIAutumn18_102X/EWK/ZZ/MC_ZZ_17.root

file path found: /hdfs/store/user/varuns/NTuples/MC/MC2018_RunIIAutumn18_102X/EWK/ZZ/MC_ZZ_18.root
name: MC_ZZ_18.root
filenumber: 9
Adding FullPathInputFile to chain:/hdfs/store/user/varuns/NTuples/MC/MC2018_RunIIAutumn18_102X/EWK/ZZ/MC_ZZ_18.root

file path found: /hdfs/store/user/varuns/NTuples/MC/MC2018_RunIIAutumn18_102X/EWK/ZZ/MC_ZZ_19.root
name: MC_ZZ_19.root
filenumber: 10
Adding FullPathInputFile to chain:/hdfs/store/user/varuns/NTuples/MC/MC2018_RunIIAutumn18_102X/EWK/ZZ/MC_ZZ_19.root

file path found: /hdfs/store/user/varuns/NTuples/MC/MC2018_RunIIAutumn18_102X/EWK/ZZ/MC_ZZ_2.root
name: MC_ZZ_2.root
filenumber: 11
Adding FullPathInputFile to chain:/hdfs/store/user/varuns/NTuples/MC/MC2018_RunIIAutumn18_102X/EWK/ZZ/MC_ZZ_2.root

file path found: /hdfs/store/user/varuns/NTuples/MC/MC2018_RunIIAutumn18_102X/EWK/ZZ/MC_ZZ_20.root
name: MC_ZZ_20.root
filenumber: 12
Adding FullPathInputFile to chain:/hdfs/store/user/varuns/NTuples/MC/MC2018_RunIIAutumn18_102X/EWK/ZZ/MC_ZZ_20.root

file path found: /hdfs/store/user/varuns/NTuples/MC/MC2018_RunIIAutumn18_102X/EWK/ZZ/MC_ZZ_21.root
name: MC_ZZ_21.root
filenumber: 13
Adding FullPathInputFile to chain:/hdfs/store/user/varuns/NTuples/MC/MC2018_RunIIAutumn18_102X/EWK/ZZ/MC_ZZ_21.root

file path found: /hdfs/store/user/varuns/NTuples/MC/MC2018_RunIIAutumn18_102X/EWK/ZZ/MC_ZZ_22.root
name: MC_ZZ_22.root
filenumber: 14
Adding FullPathInputFile to chain:/hdfs/store/user/varuns/NTuples/MC/MC2018_RunIIAutumn18_102X/EWK/ZZ/MC_ZZ_22.root

file path found: /hdfs/store/user/varuns/NTuples/MC/MC2018_RunIIAutumn18_102X/EWK/ZZ/MC_ZZ_23.root
name: MC_ZZ_23.root
filenumber: 15
Adding FullPathInputFile to chain:/hdfs/store/user/varuns/NTuples/MC/MC2018_RunIIAutumn18_102X/EWK/ZZ/MC_ZZ_23.root

file path found: /hdfs/store/user/varuns/NTuples/MC/MC2018_RunIIAutumn18_102X/EWK/ZZ/MC_ZZ_24.root
name: MC_ZZ_24.root
filenumber: 16
Adding FullPathInputFile to chain:/hdfs/store/user/varuns/NTuples/MC/MC2018_RunIIAutumn18_102X/EWK/ZZ/MC_ZZ_24.root

file path found: /hdfs/store/user/varuns/NTuples/MC/MC2018_RunIIAutumn18_102X/EWK/ZZ/MC_ZZ_25.root
name: MC_ZZ_25.root
filenumber: 17
Adding FullPathInputFile to chain:/hdfs/store/user/varuns/NTuples/MC/MC2018_RunIIAutumn18_102X/EWK/ZZ/MC_ZZ_25.root

file path found: /hdfs/store/user/varuns/NTuples/MC/MC2018_RunIIAutumn18_102X/EWK/ZZ/MC_ZZ_26.root
name: MC_ZZ_26.root
filenumber: 18
Adding FullPathInputFile to chain:/hdfs/store/user/varuns/NTuples/MC/MC2018_RunIIAutumn18_102X/EWK/ZZ/MC_ZZ_26.root

file path found: /hdfs/store/user/varuns/NTuples/MC/MC2018_RunIIAutumn18_102X/EWK/ZZ/MC_ZZ_27.root
name: MC_ZZ_27.root
filenumber: 19
Adding FullPathInputFile to chain:/hdfs/store/user/varuns/NTuples/MC/MC2018_RunIIAutumn18_102X/EWK/ZZ/MC_ZZ_27.root

file path found: /hdfs/store/user/varuns/NTuples/MC/MC2018_RunIIAutumn18_102X/EWK/ZZ/MC_ZZ_28.root
name: MC_ZZ_28.root
filenumber: 20
Adding FullPathInputFile to chain:/hdfs/store/user/varuns/NTuples/MC/MC2018_RunIIAutumn18_102X/EWK/ZZ/MC_ZZ_28.root

file path found: /hdfs/store/user/varuns/NTuples/MC/MC2018_RunIIAutumn18_102X/EWK/ZZ/MC_ZZ_29.root
name: MC_ZZ_29.root
filenumber: 21
Adding FullPathInputFile to chain:/hdfs/store/user/varuns/NTuples/MC/MC2018_RunIIAutumn18_102X/EWK/ZZ/MC_ZZ_29.root

file path found: /hdfs/store/user/varuns/NTuples/MC/MC2018_RunIIAutumn18_102X/EWK/ZZ/MC_ZZ_3.root
name: MC_ZZ_3.root
filenumber: 22
Adding FullPathInputFile to chain:/hdfs/store/user/varuns/NTuples/MC/MC2018_RunIIAutumn18_102X/EWK/ZZ/MC_ZZ_3.root

file path found: /hdfs/store/user/varuns/NTuples/MC/MC2018_RunIIAutumn18_102X/EWK/ZZ/MC_ZZ_4.root
name: MC_ZZ_4.root
filenumber: 23
Adding FullPathInputFile to chain:/hdfs/store/user/varuns/NTuples/MC/MC2018_RunIIAutumn18_102X/EWK/ZZ/MC_ZZ_4.root

file path found: /hdfs/store/user/varuns/NTuples/MC/MC2018_RunIIAutumn18_102X/EWK/ZZ/MC_ZZ_5.root
name: MC_ZZ_5.root
filenumber: 24
Adding FullPathInputFile to chain:/hdfs/store/user/varuns/NTuples/MC/MC2018_RunIIAutumn18_102X/EWK/ZZ/MC_ZZ_5.root

file path found: /hdfs/store/user/varuns/NTuples/MC/MC2018_RunIIAutumn18_102X/EWK/ZZ/MC_ZZ_6.root
name: MC_ZZ_6.root
filenumber: 25
Adding FullPathInputFile to chain:/hdfs/store/user/varuns/NTuples/MC/MC2018_RunIIAutumn18_102X/EWK/ZZ/MC_ZZ_6.root

file path found: /hdfs/store/user/varuns/NTuples/MC/MC2018_RunIIAutumn18_102X/EWK/ZZ/MC_ZZ_7.root
name: MC_ZZ_7.root
filenumber: 26
Adding FullPathInputFile to chain:/hdfs/store/user/varuns/NTuples/MC/MC2018_RunIIAutumn18_102X/EWK/ZZ/MC_ZZ_7.root

file path found: /hdfs/store/user/varuns/NTuples/MC/MC2018_RunIIAutumn18_102X/EWK/ZZ/MC_ZZ_8.root
name: MC_ZZ_8.root
filenumber: 27
Adding FullPathInputFile to chain:/hdfs/store/user/varuns/NTuples/MC/MC2018_RunIIAutumn18_102X/EWK/ZZ/MC_ZZ_8.root

file path found: /hdfs/store/user/varuns/NTuples/MC/MC2018_RunIIAutumn18_102X/EWK/ZZ/MC_ZZ_9.root
name: MC_ZZ_9.root
filenumber: 28
Adding FullPathInputFile to chain:/hdfs/store/user/varuns/NTuples/MC/MC2018_RunIIAutumn18_102X/EWK/ZZ/MC_ZZ_9.root

file path found: /hdfs/store/user/varuns/NTuples/MC/MC2018_RunIIAutumn18_102X/EWK/ZZ/.
name: .
filenumber: 29
file path found: /hdfs/store/user/varuns/NTuples/MC/MC2018_RunIIAutumn18_102X/EWK/ZZ/..
name: ..
filenumber: 30
29 files added.
Initializing chain.
Coming in: 
nentries:1979000
Running over 1979000 events.
Finished entry 0/1978999
Finished entry 10000/1978999
Finished entry 20000/1978999
Finished entry 30000/1978999
Finished entry 40000/1978999
Finished entry 50000/1978999
Finished entry 60000/1978999
Finished entry 70000/1978999
Finished entry 80000/1978999
Finished entry 90000/1978999
Finished entry 100000/1978999
Finished entry 110000/1978999
Finished entry 120000/1978999
Finished entry 130000/1978999
Finished entry 140000/1978999
Finished entry 150000/1978999
Finished entry 160000/1978999
Finished entry 170000/1978999
Finished entry 180000/1978999
Finished entry 190000/1978999
Finished entry 200000/1978999
Finished entry 210000/1978999
Finished entry 220000/1978999
Finished entry 230000/1978999
Finished entry 240000/1978999
Finished entry 250000/1978999
Finished entry 260000/1978999
Finished entry 270000/1978999
Finished entry 280000/1978999
Finished entry 290000/1978999
Finished entry 300000/1978999
Finished entry 310000/1978999
Finished entry 320000/1978999
Finished entry 330000/1978999
Finished entry 340000/1978999
Finished entry 350000/1978999
Finished entry 360000/1978999
Finished entry 370000/1978999
Finished entry 380000/1978999
Finished entry 390000/1978999
Finished entry 400000/1978999
Finished entry 410000/1978999
Finished entry 420000/1978999
Finished entry 430000/1978999
Finished entry 440000/1978999
Finished entry 450000/1978999
Finished entry 460000/1978999
Finished entry 470000/1978999
Finished entry 480000/1978999
Finished entry 490000/1978999
Finished entry 500000/1978999
Finished entry 510000/1978999
Finished entry 520000/1978999
Finished entry 530000/1978999
Finished entry 540000/1978999
Finished entry 550000/1978999
Finished entry 560000/1978999
Finished entry 570000/1978999
Finished entry 580000/1978999
Finished entry 590000/1978999
Finished entry 600000/1978999
Finished entry 610000/1978999
Finished entry 620000/1978999
Finished entry 630000/1978999
Finished entry 640000/1978999
Finished entry 650000/1978999
Finished entry 660000/1978999
Finished entry 670000/1978999
Finished entry 680000/1978999
Finished entry 690000/1978999
Finished entry 700000/1978999
Finished entry 710000/1978999
Finished entry 720000/1978999
Finished entry 730000/1978999
Finished entry 740000/1978999
Finished entry 750000/1978999
Finished entry 760000/1978999
Finished entry 770000/1978999
Finished entry 780000/1978999
Finished entry 790000/1978999
Finished entry 800000/1978999
Finished entry 810000/1978999
Finished entry 820000/1978999
Finished entry 830000/1978999
Finished entry 840000/1978999
Finished entry 850000/1978999
Finished entry 860000/1978999
Finished entry 870000/1978999
Finished entry 880000/1978999
Finished entry 890000/1978999
Finished entry 900000/1978999
Finished entry 910000/1978999
Finished entry 920000/1978999
Finished entry 930000/1978999
Finished entry 940000/1978999
Finished entry 950000/1978999
Finished entry 960000/1978999
Finished entry 970000/1978999
Finished entry 980000/1978999
Finished entry 990000/1978999
Finished entry 1000000/1978999
Finished entry 1010000/1978999
Finished entry 1020000/1978999
Finished entry 1030000/1978999
Finished entry 1040000/1978999
Finished entry 1050000/1978999
Finished entry 1060000/1978999
Finished entry 1070000/1978999
Finished entry 1080000/1978999
Finished entry 1090000/1978999
Finished entry 1100000/1978999
Finished entry 1110000/1978999
Finished entry 1120000/1978999
Finished entry 1130000/1978999
Finished entry 1140000/1978999
Finished entry 1150000/1978999
Finished entry 1160000/1978999
Finished entry 1170000/1978999
Finished entry 1180000/1978999
Finished entry 1190000/1978999
Finished entry 1200000/1978999
Finished entry 1210000/1978999
Finished entry 1220000/1978999
Finished entry 1230000/1978999
Finished entry 1240000/1978999
Finished entry 1250000/1978999
Finished entry 1260000/1978999
Finished entry 1270000/1978999
Finished entry 1280000/1978999
Finished entry 1290000/1978999
Finished entry 1300000/1978999
Finished entry 1310000/1978999
Finished entry 1320000/1978999
Finished entry 1330000/1978999
Finished entry 1340000/1978999
Finished entry 1350000/1978999
Finished entry 1360000/1978999
Finished entry 1370000/1978999
Finished entry 1380000/1978999
Finished entry 1390000/1978999
Finished entry 1400000/1978999
Finished entry 1410000/1978999
Finished entry 1420000/1978999
Finished entry 1430000/1978999
Finished entry 1440000/1978999
Finished entry 1450000/1978999
Finished entry 1460000/1978999
Finished entry 1470000/1978999
Finished entry 1480000/1978999
Finished entry 1490000/1978999
Finished entry 1500000/1978999
Finished entry 1510000/1978999
Finished entry 1520000/1978999
Finished entry 1530000/1978999
Finished entry 1540000/1978999
Finished entry 1550000/1978999
Finished entry 1560000/1978999
Finished entry 1570000/1978999
Finished entry 1580000/1978999
Finished entry 1590000/1978999
Finished entry 1600000/1978999
Finished entry 1610000/1978999
Finished entry 1620000/1978999
Finished entry 1630000/1978999
Finished entry 1640000/1978999
Finished entry 1650000/1978999
Finished entry 1660000/1978999
Finished entry 1670000/1978999
Finished entry 1680000/1978999
Finished entry 1690000/1978999
Finished entry 1700000/1978999
Finished entry 1710000/1978999
Finished entry 1720000/1978999
Finished entry 1730000/1978999
Finished entry 1740000/1978999
Finished entry 1750000/1978999
Finished entry 1760000/1978999
Finished entry 1770000/1978999
Finished entry 1780000/1978999
Finished entry 1790000/1978999
Finished entry 1800000/1978999
Finished entry 1810000/1978999
Finished entry 1820000/1978999
Finished entry 1830000/1978999
Finished entry 1840000/1978999
Finished entry 1850000/1978999
Finished entry 1860000/1978999
Finished entry 1870000/1978999
Finished entry 1880000/1978999
Finished entry 1890000/1978999
Finished entry 1900000/1978999
Finished entry 1910000/1978999
Finished entry 1920000/1978999
Finished entry 1930000/1978999
Finished entry 1940000/1978999
Finished entry 1950000/1978999
Finished entry 1960000/1978999
Finished entry 1970000/1978999
