000 (297954.010.000) 04/11 13:09:15 Job submitted from host: <144.92.181.244:9618?addrs=144.92.181.244-9618+[2607-f388-101c-1000--371]-9618&noUDP&sock=5651_b1c7_3>
...
000 (297999.010.000) 04/11 13:10:58 Job submitted from host: <144.92.181.244:9618?addrs=144.92.181.244-9618+[2607-f388-101c-1000--371]-9618&noUDP&sock=5651_b1c7_3>
...
000 (298044.010.000) 04/11 13:12:01 Job submitted from host: <144.92.181.244:9618?addrs=144.92.181.244-9618+[2607-f388-101c-1000--371]-9618&noUDP&sock=5651_b1c7_3>
...
001 (297954.010.000) 04/11 13:12:58 Job executing on host: <128.104.227.26:9618?addrs=128.104.227.26-9618+[2607-f388-101c-1000--629]-9618&noUDP&sock=9468_d6c6_3>
...
006 (297954.010.000) 04/11 13:12:59 Image size of job updated: 4
	1  -  MemoryUsage of job (MB)
	4  -  ResidentSetSize of job (KB)
...
004 (297954.010.000) 04/11 13:12:59 Job was evicted.
	(0) Job terminated and was requeued
		Usr 0 00:00:00, Sys 0 00:00:00  -  Run Remote Usage
		Usr 0 00:00:00, Sys 0 00:00:00  -  Run Local Usage
	377  -  Run Bytes Sent By Job
	287387  -  Run Bytes Received By Job
	(1) Normal termination (return value 127)
	The job attribute OnExitRemove expression '( ExitBySignal == false && ( ExitCode == 0 || ExitCode == 42 || NumJobStarts > 3 ) )' evaluated to FALSE
...
001 (297954.010.000) 04/11 13:14:33 Job executing on host: <144.92.180.205:9618?addrs=144.92.180.205-9618+[2607-f388-101c-1000--629]-9618&noUDP&sock=6898_0860_3>
...
004 (297954.010.000) 04/11 13:14:34 Job was evicted.
	(0) Job terminated and was requeued
		Usr 0 00:00:00, Sys 0 00:00:00  -  Run Remote Usage
		Usr 0 00:00:00, Sys 0 00:00:00  -  Run Local Usage
	376  -  Run Bytes Sent By Job
	287387  -  Run Bytes Received By Job
	(1) Normal termination (return value 127)
	The job attribute OnExitRemove expression '( ExitBySignal == false && ( ExitCode == 0 || ExitCode == 42 || NumJobStarts > 3 ) )' evaluated to FALSE
...
001 (297954.010.000) 04/11 13:16:00 Job executing on host: <128.104.227.116:9618?addrs=128.104.227.116-9618+[2607-f388-101c-1000--65]-9618&noUDP&sock=11317_1963_3>
...
004 (297954.010.000) 04/11 13:16:01 Job was evicted.
	(0) Job terminated and was requeued
		Usr 0 00:00:00, Sys 0 00:00:00  -  Run Remote Usage
		Usr 0 00:00:00, Sys 0 00:00:00  -  Run Local Usage
	377  -  Run Bytes Sent By Job
	287387  -  Run Bytes Received By Job
	(1) Normal termination (return value 127)
	The job attribute OnExitRemove expression '( ExitBySignal == false && ( ExitCode == 0 || ExitCode == 42 || NumJobStarts > 3 ) )' evaluated to FALSE
...
001 (297954.010.000) 04/11 13:16:14 Job executing on host: <128.104.227.111:9618?addrs=128.104.227.111-9618+[2607-f388-101c-1000--60]-9618&noUDP&sock=11165_d6fd_3>
...
005 (297954.010.000) 04/11 13:16:16 Job terminated.
	(1) Normal termination (return value 127)
		Usr 0 00:00:00, Sys 0 00:00:00  -  Run Remote Usage
		Usr 0 00:00:00, Sys 0 00:00:00  -  Run Local Usage
		Usr 0 00:00:00, Sys 0 00:00:00  -  Total Remote Usage
		Usr 0 00:00:00, Sys 0 00:00:00  -  Total Local Usage
	376  -  Run Bytes Sent By Job
	287387  -  Run Bytes Received By Job
	1506  -  Total Bytes Sent By Job
	1149548  -  Total Bytes Received By Job
	Partitionable Resources :    Usage  Request Allocated
	   Cpus                 :                 1         1
	   Disk (KB)            :  1000000  2048000   9504774
	   Memory (MB)          :        1     1992      1992
...
001 (297999.010.000) 04/11 13:21:14 Job executing on host: <144.92.180.213:9618?addrs=144.92.180.213-9618+[2607-f388-101c-1000--629]-9618&noUDP&sock=6873_e282_3>
...
006 (297999.010.000) 04/11 13:21:22 Image size of job updated: 212896
	108  -  MemoryUsage of job (MB)
	110152  -  ResidentSetSize of job (KB)
...
001 (298044.010.000) 04/11 13:38:11 Job executing on host: <144.92.180.213:9618?addrs=144.92.180.213-9618+[2607-f388-101c-1000--629]-9618&noUDP&sock=6873_e282_3>
...
006 (298044.010.000) 04/11 13:38:19 Image size of job updated: 214184
	108  -  MemoryUsage of job (MB)
	110132  -  ResidentSetSize of job (KB)
...
006 (297999.010.000) 04/11 13:41:22 Image size of job updated: 291348
	282  -  MemoryUsage of job (MB)
	288708  -  ResidentSetSize of job (KB)
...
006 (298044.010.000) 04/11 13:58:19 Image size of job updated: 307332
	282  -  MemoryUsage of job (MB)
	288140  -  ResidentSetSize of job (KB)
...
006 (297999.010.000) 04/11 15:21:22 Image size of job updated: 292108
	282  -  MemoryUsage of job (MB)
	288708  -  ResidentSetSize of job (KB)
...
005 (298044.010.000) 04/11 15:22:43 Job terminated.
	(1) Normal termination (return value 0)
		Usr 0 00:22:43, Sys 0 00:00:54  -  Run Remote Usage
		Usr 0 00:00:00, Sys 0 00:00:00  -  Run Local Usage
		Usr 0 00:22:43, Sys 0 00:00:54  -  Total Remote Usage
		Usr 0 00:00:00, Sys 0 00:00:00  -  Total Local Usage
	1098812  -  Run Bytes Sent By Job
	287387  -  Run Bytes Received By Job
	1098812  -  Total Bytes Sent By Job
	287387  -  Total Bytes Received By Job
	Partitionable Resources :    Usage  Request Allocated
	   Cpus                 :                 1         1
	   Disk (KB)            :  1000000  2048000   7920602
	   Memory (MB)          :      282     1992      1992
...
005 (297999.010.000) 04/11 15:22:44 Job terminated.
	(1) Normal termination (return value 0)
		Usr 0 00:22:43, Sys 0 00:00:52  -  Run Remote Usage
		Usr 0 00:00:00, Sys 0 00:00:00  -  Run Local Usage
		Usr 0 00:22:43, Sys 0 00:00:52  -  Total Remote Usage
		Usr 0 00:00:00, Sys 0 00:00:00  -  Total Local Usage
	1098812  -  Run Bytes Sent By Job
	287387  -  Run Bytes Received By Job
	1098812  -  Total Bytes Sent By Job
	287387  -  Total Bytes Received By Job
	Partitionable Resources :    Usage  Request Allocated
	   Cpus                 :                 1         1
	   Disk (KB)            :  1000000  2048000   7920602
	   Memory (MB)          :      282     1992      1992
...
