000 (297956.010.000) 04/11 13:09:17 Job submitted from host: <144.92.181.244:9618?addrs=144.92.181.244-9618+[2607-f388-101c-1000--371]-9618&noUDP&sock=5651_b1c7_3>
...
000 (298001.010.000) 04/11 13:11:01 Job submitted from host: <144.92.181.244:9618?addrs=144.92.181.244-9618+[2607-f388-101c-1000--371]-9618&noUDP&sock=5651_b1c7_3>
...
000 (298046.010.000) 04/11 13:12:04 Job submitted from host: <144.92.181.244:9618?addrs=144.92.181.244-9618+[2607-f388-101c-1000--371]-9618&noUDP&sock=5651_b1c7_3>
...
001 (297956.010.000) 04/11 13:14:35 Job executing on host: <128.104.227.22:9618?addrs=128.104.227.22-9618+[2607-f388-101c-1000--629]-9618&noUDP&sock=9462_b934_3>
...
006 (297956.010.000) 04/11 13:14:36 Image size of job updated: 1
	0  -  MemoryUsage of job (MB)
	0  -  ResidentSetSize of job (KB)
...
004 (297956.010.000) 04/11 13:14:37 Job was evicted.
	(0) Job terminated and was requeued
		Usr 0 00:00:00, Sys 0 00:00:00  -  Run Remote Usage
		Usr 0 00:00:00, Sys 0 00:00:00  -  Run Local Usage
	377  -  Run Bytes Sent By Job
	287387  -  Run Bytes Received By Job
	(1) Normal termination (return value 127)
	The job attribute OnExitRemove expression '( ExitBySignal == false && ( ExitCode == 0 || ExitCode == 42 || NumJobStarts > 3 ) )' evaluated to FALSE
...
001 (297956.010.000) 04/11 13:16:04 Job executing on host: <144.92.181.148:9618?addrs=144.92.181.148-9618+[2607-f388-101c-1000--629]-9618&noUDP&sock=8993_0749_3>
...
004 (297956.010.000) 04/11 13:16:06 Job was evicted.
	(0) Job terminated and was requeued
		Usr 0 00:00:00, Sys 0 00:00:00  -  Run Remote Usage
		Usr 0 00:00:00, Sys 0 00:00:00  -  Run Local Usage
	377  -  Run Bytes Sent By Job
	287387  -  Run Bytes Received By Job
	(1) Normal termination (return value 127)
	The job attribute OnExitRemove expression '( ExitBySignal == false && ( ExitCode == 0 || ExitCode == 42 || NumJobStarts > 3 ) )' evaluated to FALSE
...
001 (297956.010.000) 04/11 13:16:37 Job executing on host: <128.104.227.114:9618?addrs=128.104.227.114-9618+[2607-f388-101c-1000--63]-9618&noUDP&sock=11055_6392_3>
...
006 (297956.010.000) 04/11 13:16:37 Image size of job updated: 4
	1  -  MemoryUsage of job (MB)
	4  -  ResidentSetSize of job (KB)
...
004 (297956.010.000) 04/11 13:16:40 Job was evicted.
	(0) Job terminated and was requeued
		Usr 0 00:00:00, Sys 0 00:00:00  -  Run Remote Usage
		Usr 0 00:00:00, Sys 0 00:00:00  -  Run Local Usage
	377  -  Run Bytes Sent By Job
	287387  -  Run Bytes Received By Job
	(1) Normal termination (return value 127)
	The job attribute OnExitRemove expression '( ExitBySignal == false && ( ExitCode == 0 || ExitCode == 42 || NumJobStarts > 3 ) )' evaluated to FALSE
...
001 (297956.010.000) 04/11 13:17:06 Job executing on host: <128.104.227.111:9618?addrs=128.104.227.111-9618+[2607-f388-101c-1000--60]-9618&noUDP&sock=11165_d6fd_3>
...
005 (297956.010.000) 04/11 13:17:07 Job terminated.
	(1) Normal termination (return value 127)
		Usr 0 00:00:00, Sys 0 00:00:00  -  Run Remote Usage
		Usr 0 00:00:00, Sys 0 00:00:00  -  Run Local Usage
		Usr 0 00:00:00, Sys 0 00:00:00  -  Total Remote Usage
		Usr 0 00:00:00, Sys 0 00:00:00  -  Total Local Usage
	376  -  Run Bytes Sent By Job
	287387  -  Run Bytes Received By Job
	1507  -  Total Bytes Sent By Job
	1149548  -  Total Bytes Received By Job
	Partitionable Resources :    Usage  Request Allocated
	   Cpus                 :                 1         1
	   Disk (KB)            :  1000000  2048000   9504774
	   Memory (MB)          :        1     1992      1992
...
001 (298001.010.000) 04/11 13:21:44 Job executing on host: <128.104.227.50:9618?addrs=128.104.227.50-9618+[2607-f388-101c-1000--629]-9618&noUDP&sock=9465_c7fd_3>
...
006 (298001.010.000) 04/11 13:21:53 Image size of job updated: 110824
	53  -  MemoryUsage of job (MB)
	53552  -  ResidentSetSize of job (KB)
...
001 (298046.010.000) 04/11 13:41:52 Job executing on host: <128.104.227.31:9618?addrs=128.104.227.31-9618+[2607-f388-101c-1000--629]-9618&noUDP&sock=9412_6d78_3>
...
006 (298001.010.000) 04/11 13:41:54 Image size of job updated: 245336
	239  -  MemoryUsage of job (MB)
	243848  -  ResidentSetSize of job (KB)
...
006 (298046.010.000) 04/11 13:42:01 Image size of job updated: 128512
	107  -  MemoryUsage of job (MB)
	109100  -  ResidentSetSize of job (KB)
...
006 (298001.010.000) 04/11 14:01:55 Image size of job updated: 250840
	245  -  MemoryUsage of job (MB)
	250816  -  ResidentSetSize of job (KB)
...
006 (298046.010.000) 04/11 14:02:02 Image size of job updated: 248936
	243  -  MemoryUsage of job (MB)
	248788  -  ResidentSetSize of job (KB)
...
006 (298046.010.000) 04/11 14:22:03 Image size of job updated: 251436
	246  -  MemoryUsage of job (MB)
	251336  -  ResidentSetSize of job (KB)
...
006 (298046.010.000) 04/11 14:42:03 Image size of job updated: 251496
	246  -  MemoryUsage of job (MB)
	251396  -  ResidentSetSize of job (KB)
...
006 (298046.010.000) 04/11 15:02:03 Image size of job updated: 253216
	248  -  MemoryUsage of job (MB)
	252964  -  ResidentSetSize of job (KB)
...
005 (298046.010.000) 04/11 15:33:47 Job terminated.
	(1) Normal termination (return value 0)
		Usr 0 00:17:45, Sys 0 00:01:02  -  Run Remote Usage
		Usr 0 00:00:00, Sys 0 00:00:00  -  Run Local Usage
		Usr 0 00:17:45, Sys 0 00:01:02  -  Total Remote Usage
		Usr 0 00:00:00, Sys 0 00:00:00  -  Total Local Usage
	1047325  -  Run Bytes Sent By Job
	287387  -  Run Bytes Received By Job
	1047325  -  Total Bytes Sent By Job
	287387  -  Total Bytes Received By Job
	Partitionable Resources :    Usage  Request Allocated
	   Cpus                 :                 1         1
	   Disk (KB)            :  1000000  2048000   9504935
	   Memory (MB)          :      248     1992      1992
...
005 (298001.010.000) 04/11 15:33:49 Job terminated.
	(1) Normal termination (return value 0)
		Usr 0 00:17:59, Sys 0 00:01:04  -  Run Remote Usage
		Usr 0 00:00:00, Sys 0 00:00:00  -  Run Local Usage
		Usr 0 00:17:59, Sys 0 00:01:04  -  Total Remote Usage
		Usr 0 00:00:00, Sys 0 00:00:00  -  Total Local Usage
	1047324  -  Run Bytes Sent By Job
	287387  -  Run Bytes Received By Job
	1047324  -  Total Bytes Sent By Job
	287387  -  Total Bytes Received By Job
	Partitionable Resources :    Usage  Request Allocated
	   Cpus                 :                 1         1
	   Disk (KB)            :  1000000  2048000   9504880
	   Memory (MB)          :      245     1992      1992
...
