000 (297955.011.000) 04/11 13:09:16 Job submitted from host: <144.92.181.244:9618?addrs=144.92.181.244-9618+[2607-f388-101c-1000--371]-9618&noUDP&sock=5651_b1c7_3>
...
000 (298000.011.000) 04/11 13:11:00 Job submitted from host: <144.92.181.244:9618?addrs=144.92.181.244-9618+[2607-f388-101c-1000--371]-9618&noUDP&sock=5651_b1c7_3>
...
000 (298045.011.000) 04/11 13:12:02 Job submitted from host: <144.92.181.244:9618?addrs=144.92.181.244-9618+[2607-f388-101c-1000--371]-9618&noUDP&sock=5651_b1c7_3>
...
001 (297955.011.000) 04/11 13:14:34 Job executing on host: <128.104.227.51:9618?addrs=128.104.227.51-9618+[2607-f388-101c-1000--629]-9618&noUDP&sock=9468_d6c6_3>
...
006 (297955.011.000) 04/11 13:14:34 Image size of job updated: 1
	0  -  MemoryUsage of job (MB)
	0  -  ResidentSetSize of job (KB)
...
004 (297955.011.000) 04/11 13:14:35 Job was evicted.
	(0) Job terminated and was requeued
		Usr 0 00:00:00, Sys 0 00:00:00  -  Run Remote Usage
		Usr 0 00:00:00, Sys 0 00:00:00  -  Run Local Usage
	377  -  Run Bytes Sent By Job
	287387  -  Run Bytes Received By Job
	(1) Normal termination (return value 127)
	The job attribute OnExitRemove expression '( ExitBySignal == false && ( ExitCode == 0 || ExitCode == 42 || NumJobStarts > 3 ) )' evaluated to FALSE
...
001 (297955.011.000) 04/11 13:16:02 Job executing on host: <128.104.227.24:9618?addrs=128.104.227.24-9618+[2607-f388-101c-1000--629]-9618&noUDP&sock=9483_20b1_3>
...
004 (297955.011.000) 04/11 13:16:05 Job was evicted.
	(0) Job terminated and was requeued
		Usr 0 00:00:00, Sys 0 00:00:00  -  Run Remote Usage
		Usr 0 00:00:00, Sys 0 00:00:00  -  Run Local Usage
	377  -  Run Bytes Sent By Job
	287387  -  Run Bytes Received By Job
	(1) Normal termination (return value 127)
	The job attribute OnExitRemove expression '( ExitBySignal == false && ( ExitCode == 0 || ExitCode == 42 || NumJobStarts > 3 ) )' evaluated to FALSE
...
001 (297955.011.000) 04/11 13:16:35 Job executing on host: <128.104.227.71:9618?addrs=128.104.227.71-9618+[2607-f388-101c-1000--629]-9618&noUDP&sock=9478_b2b8_3>
...
006 (297955.011.000) 04/11 13:16:36 Image size of job updated: 4
	1  -  MemoryUsage of job (MB)
	4  -  ResidentSetSize of job (KB)
...
004 (297955.011.000) 04/11 13:16:37 Job was evicted.
	(0) Job terminated and was requeued
		Usr 0 00:00:00, Sys 0 00:00:00  -  Run Remote Usage
		Usr 0 00:00:00, Sys 0 00:00:00  -  Run Local Usage
	377  -  Run Bytes Sent By Job
	287387  -  Run Bytes Received By Job
	(1) Normal termination (return value 127)
	The job attribute OnExitRemove expression '( ExitBySignal == false && ( ExitCode == 0 || ExitCode == 42 || NumJobStarts > 3 ) )' evaluated to FALSE
...
001 (297955.011.000) 04/11 13:16:47 Job executing on host: <128.104.227.111:9618?addrs=128.104.227.111-9618+[2607-f388-101c-1000--60]-9618&noUDP&sock=11165_d6fd_3>
...
005 (297955.011.000) 04/11 13:16:47 Job terminated.
	(1) Normal termination (return value 127)
		Usr 0 00:00:00, Sys 0 00:00:00  -  Run Remote Usage
		Usr 0 00:00:00, Sys 0 00:00:00  -  Run Local Usage
		Usr 0 00:00:00, Sys 0 00:00:00  -  Total Remote Usage
		Usr 0 00:00:00, Sys 0 00:00:00  -  Total Local Usage
	376  -  Run Bytes Sent By Job
	287387  -  Run Bytes Received By Job
	1507  -  Total Bytes Sent By Job
	1149548  -  Total Bytes Received By Job
	Partitionable Resources :    Usage  Request Allocated
	   Cpus                 :                 1         1
	   Disk (KB)            :  1000000  2048000   9504774
	   Memory (MB)          :        1     1992      1992
...
001 (298000.011.000) 04/11 13:21:45 Job executing on host: <144.92.180.173:9618?addrs=144.92.180.173-9618+[2607-f388-101c-1000--629]-9618&noUDP&sock=11889_718f_3>
...
006 (298000.011.000) 04/11 13:21:54 Image size of job updated: 215012
	108  -  MemoryUsage of job (MB)
	110232  -  ResidentSetSize of job (KB)
...
001 (298045.011.000) 04/11 13:40:17 Job executing on host: <144.92.181.216:9618?addrs=144.92.181.216-9618+[2607-f388-101c-1000--629]-9618&noUDP&sock=6139_6bfe_3>
...
006 (298045.011.000) 04/11 13:40:26 Image size of job updated: 167008
	53  -  MemoryUsage of job (MB)
	53340  -  ResidentSetSize of job (KB)
...
006 (298000.011.000) 04/11 13:41:55 Image size of job updated: 282536
	274  -  MemoryUsage of job (MB)
	280332  -  ResidentSetSize of job (KB)
...
006 (298045.011.000) 04/11 14:00:26 Image size of job updated: 384904
	273  -  MemoryUsage of job (MB)
	279412  -  ResidentSetSize of job (KB)
...
006 (298000.011.000) 04/11 14:01:56 Image size of job updated: 288868
	280  -  MemoryUsage of job (MB)
	285700  -  ResidentSetSize of job (KB)
...
006 (298045.011.000) 04/11 14:20:26 Image size of job updated: 384904
	276  -  MemoryUsage of job (MB)
	282108  -  ResidentSetSize of job (KB)
...
006 (298045.011.000) 04/11 14:40:26 Image size of job updated: 384904
	278  -  MemoryUsage of job (MB)
	283696  -  ResidentSetSize of job (KB)
...
006 (298000.011.000) 04/11 15:01:56 Image size of job updated: 288868
	280  -  MemoryUsage of job (MB)
	286620  -  ResidentSetSize of job (KB)
...
006 (298045.011.000) 04/11 15:20:27 Image size of job updated: 384904
	285  -  MemoryUsage of job (MB)
	291264  -  ResidentSetSize of job (KB)
...
006 (298000.011.000) 04/11 15:21:56 Image size of job updated: 289076
	282  -  MemoryUsage of job (MB)
	288700  -  ResidentSetSize of job (KB)
...
005 (298000.011.000) 04/11 15:41:25 Job terminated.
	(1) Normal termination (return value 0)
		Usr 0 00:21:46, Sys 0 00:01:07  -  Run Remote Usage
		Usr 0 00:00:00, Sys 0 00:00:00  -  Run Local Usage
		Usr 0 00:21:46, Sys 0 00:01:07  -  Total Remote Usage
		Usr 0 00:00:00, Sys 0 00:00:00  -  Total Local Usage
	1083478  -  Run Bytes Sent By Job
	287387  -  Run Bytes Received By Job
	1083478  -  Total Bytes Sent By Job
	287387  -  Total Bytes Received By Job
	Partitionable Resources :    Usage  Request Allocated
	   Cpus                 :                 1         1
	   Disk (KB)            :  1000000  2048000   7920586
	   Memory (MB)          :      282     1992      1992
...
005 (298045.011.000) 04/11 16:37:35 Job terminated.
	(1) Normal termination (return value 0)
		Usr 0 01:06:11, Sys 0 00:02:50  -  Run Remote Usage
		Usr 0 00:00:00, Sys 0 00:00:00  -  Run Local Usage
		Usr 0 01:06:11, Sys 0 00:02:50  -  Total Remote Usage
		Usr 0 00:00:00, Sys 0 00:00:00  -  Total Local Usage
	1106065  -  Run Bytes Sent By Job
	287387  -  Run Bytes Received By Job
	1106065  -  Total Bytes Sent By Job
	287387  -  Total Bytes Received By Job
	Partitionable Resources :    Usage  Request Allocated
	   Cpus                 :                 1         1
	   Disk (KB)            :  1000000  2048000   3167703
	   Memory (MB)          :      285     1992      1992
...
