000 (297953.011.000) 04/11 13:09:14 Job submitted from host: <144.92.181.244:9618?addrs=144.92.181.244-9618+[2607-f388-101c-1000--371]-9618&noUDP&sock=5651_b1c7_3>
...
001 (297953.011.000) 04/11 13:10:55 Job executing on host: <144.92.181.152:9618?addrs=144.92.181.152-9618+[2607-f388-101c-1000--629]-9618&noUDP&sock=9237_6465_3>
...
006 (297953.011.000) 04/11 13:10:56 Image size of job updated: 1
	0  -  MemoryUsage of job (MB)
	0  -  ResidentSetSize of job (KB)
...
000 (297998.011.000) 04/11 13:10:56 Job submitted from host: <144.92.181.244:9618?addrs=144.92.181.244-9618+[2607-f388-101c-1000--371]-9618&noUDP&sock=5651_b1c7_3>
...
004 (297953.011.000) 04/11 13:10:57 Job was evicted.
	(0) Job terminated and was requeued
		Usr 0 00:00:00, Sys 0 00:00:00  -  Run Remote Usage
		Usr 0 00:00:00, Sys 0 00:00:00  -  Run Local Usage
	377  -  Run Bytes Sent By Job
	242451  -  Run Bytes Received By Job
	(1) Normal termination (return value 127)
	The job attribute OnExitRemove expression '( ExitBySignal == false && ( ExitCode == 0 || ExitCode == 42 || NumJobStarts > 3 ) )' evaluated to FALSE
...
000 (298043.011.000) 04/11 13:12:00 Job submitted from host: <144.92.181.244:9618?addrs=144.92.181.244-9618+[2607-f388-101c-1000--371]-9618&noUDP&sock=5651_b1c7_3>
...
001 (297953.011.000) 04/11 13:12:24 Job executing on host: <144.92.180.169:9618?addrs=144.92.180.169-9618+[2607-f388-101c-1000--629]-9618&noUDP&sock=13468_8199_3>
...
004 (297953.011.000) 04/11 13:12:24 Job was evicted.
	(0) Job terminated and was requeued
		Usr 0 00:00:00, Sys 0 00:00:00  -  Run Remote Usage
		Usr 0 00:00:00, Sys 0 00:00:00  -  Run Local Usage
	377  -  Run Bytes Sent By Job
	287387  -  Run Bytes Received By Job
	(1) Normal termination (return value 127)
	The job attribute OnExitRemove expression '( ExitBySignal == false && ( ExitCode == 0 || ExitCode == 42 || NumJobStarts > 3 ) )' evaluated to FALSE
...
001 (297953.011.000) 04/11 13:12:56 Job executing on host: <144.92.181.148:9618?addrs=144.92.181.148-9618+[2607-f388-101c-1000--629]-9618&noUDP&sock=8993_0749_3>
...
006 (297953.011.000) 04/11 13:12:57 Image size of job updated: 121272
	1  -  MemoryUsage of job (MB)
	4  -  ResidentSetSize of job (KB)
...
004 (297953.011.000) 04/11 13:12:57 Job was evicted.
	(0) Job terminated and was requeued
		Usr 0 00:00:00, Sys 0 00:00:00  -  Run Remote Usage
		Usr 0 00:00:00, Sys 0 00:00:00  -  Run Local Usage
	377  -  Run Bytes Sent By Job
	287387  -  Run Bytes Received By Job
	(1) Normal termination (return value 127)
	The job attribute OnExitRemove expression '( ExitBySignal == false && ( ExitCode == 0 || ExitCode == 42 || NumJobStarts > 3 ) )' evaluated to FALSE
...
001 (297953.011.000) 04/11 13:14:28 Job executing on host: <128.104.227.26:9618?addrs=128.104.227.26-9618+[2607-f388-101c-1000--629]-9618&noUDP&sock=9468_d6c6_3>
...
005 (297953.011.000) 04/11 13:14:29 Job terminated.
	(1) Normal termination (return value 127)
		Usr 0 00:00:00, Sys 0 00:00:00  -  Run Remote Usage
		Usr 0 00:00:00, Sys 0 00:00:00  -  Run Local Usage
		Usr 0 00:00:00, Sys 0 00:00:00  -  Total Remote Usage
		Usr 0 00:00:00, Sys 0 00:00:00  -  Total Local Usage
	377  -  Run Bytes Sent By Job
	287387  -  Run Bytes Received By Job
	1508  -  Total Bytes Sent By Job
	1104612  -  Total Bytes Received By Job
	Partitionable Resources :    Usage  Request Allocated
	   Cpus                 :                 1         1
	   Disk (KB)            :  1000000  2048000   9504753
	   Memory (MB)          :        1     1992      1992
...
001 (297998.011.000) 04/11 13:19:49 Job executing on host: <128.104.227.39:9618?addrs=128.104.227.39-9618+[2607-f388-101c-1000--629]-9618&noUDP&sock=9510_a5c0_3>
...
006 (297998.011.000) 04/11 13:19:58 Image size of job updated: 187188
	65  -  MemoryUsage of job (MB)
	65848  -  ResidentSetSize of job (KB)
...
001 (298043.011.000) 04/11 13:35:07 Job executing on host: <128.104.227.110:9618?addrs=128.104.227.110-9618+[2607-f388-101c-1000--59]-9618&noUDP&sock=11280_b862_3>
...
006 (298043.011.000) 04/11 13:35:15 Image size of job updated: 165844
	53  -  MemoryUsage of job (MB)
	53352  -  ResidentSetSize of job (KB)
...
006 (297998.011.000) 04/11 13:39:59 Image size of job updated: 282796
	277  -  MemoryUsage of job (MB)
	282796  -  ResidentSetSize of job (KB)
...
006 (298043.011.000) 04/11 13:55:15 Image size of job updated: 281700
	276  -  MemoryUsage of job (MB)
	281700  -  ResidentSetSize of job (KB)
...
006 (297998.011.000) 04/11 14:00:00 Image size of job updated: 286552
	280  -  MemoryUsage of job (MB)
	285868  -  ResidentSetSize of job (KB)
...
006 (298043.011.000) 04/11 14:15:15 Image size of job updated: 283712
	277  -  MemoryUsage of job (MB)
	282772  -  ResidentSetSize of job (KB)
...
006 (298043.011.000) 04/11 14:35:15 Image size of job updated: 286612
	280  -  MemoryUsage of job (MB)
	285812  -  ResidentSetSize of job (KB)
...
006 (297998.011.000) 04/11 15:20:03 Image size of job updated: 287672
	281  -  MemoryUsage of job (MB)
	287092  -  ResidentSetSize of job (KB)
...
006 (298043.011.000) 04/11 15:35:16 Image size of job updated: 290804
	284  -  MemoryUsage of job (MB)
	290724  -  ResidentSetSize of job (KB)
...
005 (297998.011.000) 04/11 15:36:18 Job terminated.
	(1) Normal termination (return value 0)
		Usr 0 00:14:29, Sys 0 00:00:40  -  Run Remote Usage
		Usr 0 00:00:00, Sys 0 00:00:00  -  Run Local Usage
		Usr 0 00:14:29, Sys 0 00:00:40  -  Total Remote Usage
		Usr 0 00:00:00, Sys 0 00:00:00  -  Total Local Usage
	1204906  -  Run Bytes Sent By Job
	287387  -  Run Bytes Received By Job
	1204906  -  Total Bytes Sent By Job
	287387  -  Total Bytes Received By Job
	Partitionable Resources :    Usage  Request Allocated
	   Cpus                 :                 1         1
	   Disk (KB)            :  1000000  2048000   9504923
	   Memory (MB)          :      281     1992      1992
...
006 (298043.011.000) 04/11 15:55:18 Image size of job updated: 292468
	286  -  MemoryUsage of job (MB)
	292388  -  ResidentSetSize of job (KB)
...
005 (298043.011.000) 04/11 16:02:33 Job terminated.
	(1) Normal termination (return value 0)
		Usr 0 00:17:12, Sys 0 00:00:55  -  Run Remote Usage
		Usr 0 00:00:00, Sys 0 00:00:00  -  Run Local Usage
		Usr 0 00:17:12, Sys 0 00:00:55  -  Total Remote Usage
		Usr 0 00:00:00, Sys 0 00:00:00  -  Total Local Usage
	1204906  -  Run Bytes Sent By Job
	287387  -  Run Bytes Received By Job
	1204906  -  Total Bytes Sent By Job
	287387  -  Total Bytes Received By Job
	Partitionable Resources :    Usage  Request Allocated
	   Cpus                 :                 1         1
	   Disk (KB)            :  1000000  2048000   9503865
	   Memory (MB)          :      286     1992      1992
...
