000 (297953.012.000) 04/11 13:09:14 Job submitted from host: <144.92.181.244:9618?addrs=144.92.181.244-9618+[2607-f388-101c-1000--371]-9618&noUDP&sock=5651_b1c7_3>
...
001 (297953.012.000) 04/11 13:10:55 Job executing on host: <144.92.180.205:9618?addrs=144.92.180.205-9618+[2607-f388-101c-1000--629]-9618&noUDP&sock=6898_0860_3>
...
006 (297953.012.000) 04/11 13:10:56 Image size of job updated: 1
	0  -  MemoryUsage of job (MB)
	0  -  ResidentSetSize of job (KB)
...
000 (297998.012.000) 04/11 13:10:56 Job submitted from host: <144.92.181.244:9618?addrs=144.92.181.244-9618+[2607-f388-101c-1000--371]-9618&noUDP&sock=5651_b1c7_3>
...
004 (297953.012.000) 04/11 13:10:57 Job was evicted.
	(0) Job terminated and was requeued
		Usr 0 00:00:00, Sys 0 00:00:00  -  Run Remote Usage
		Usr 0 00:00:00, Sys 0 00:00:00  -  Run Local Usage
	376  -  Run Bytes Sent By Job
	242451  -  Run Bytes Received By Job
	(1) Normal termination (return value 127)
	The job attribute OnExitRemove expression '( ExitBySignal == false && ( ExitCode == 0 || ExitCode == 42 || NumJobStarts > 3 ) )' evaluated to FALSE
...
000 (298043.012.000) 04/11 13:12:00 Job submitted from host: <144.92.181.244:9618?addrs=144.92.181.244-9618+[2607-f388-101c-1000--371]-9618&noUDP&sock=5651_b1c7_3>
...
001 (297953.012.000) 04/11 13:12:24 Job executing on host: <128.104.227.51:9618?addrs=128.104.227.51-9618+[2607-f388-101c-1000--629]-9618&noUDP&sock=9468_d6c6_3>
...
004 (297953.012.000) 04/11 13:12:25 Job was evicted.
	(0) Job terminated and was requeued
		Usr 0 00:00:00, Sys 0 00:00:00  -  Run Remote Usage
		Usr 0 00:00:00, Sys 0 00:00:00  -  Run Local Usage
	377  -  Run Bytes Sent By Job
	287387  -  Run Bytes Received By Job
	(1) Normal termination (return value 127)
	The job attribute OnExitRemove expression '( ExitBySignal == false && ( ExitCode == 0 || ExitCode == 42 || NumJobStarts > 3 ) )' evaluated to FALSE
...
001 (297953.012.000) 04/11 13:12:56 Job executing on host: <128.104.227.33:9618?addrs=128.104.227.33-9618+[2607-f388-101c-1000--629]-9618&noUDP&sock=9432_255d_3>
...
004 (297953.012.000) 04/11 13:12:58 Job was evicted.
	(0) Job terminated and was requeued
		Usr 0 00:00:00, Sys 0 00:00:00  -  Run Remote Usage
		Usr 0 00:00:00, Sys 0 00:00:00  -  Run Local Usage
	376  -  Run Bytes Sent By Job
	287387  -  Run Bytes Received By Job
	(1) Normal termination (return value 127)
	The job attribute OnExitRemove expression '( ExitBySignal == false && ( ExitCode == 0 || ExitCode == 42 || NumJobStarts > 3 ) )' evaluated to FALSE
...
001 (297953.012.000) 04/11 13:14:28 Job executing on host: <144.92.181.183:9618?addrs=144.92.181.183-9618+[2607-f388-101c-1000--629]-9618&noUDP&sock=8988_9950_3>
...
006 (297953.012.000) 04/11 13:14:29 Image size of job updated: 4
	1  -  MemoryUsage of job (MB)
	4  -  ResidentSetSize of job (KB)
...
005 (297953.012.000) 04/11 13:14:29 Job terminated.
	(1) Normal termination (return value 127)
		Usr 0 00:00:00, Sys 0 00:00:00  -  Run Remote Usage
		Usr 0 00:00:00, Sys 0 00:00:00  -  Run Local Usage
		Usr 0 00:00:00, Sys 0 00:00:00  -  Total Remote Usage
		Usr 0 00:00:00, Sys 0 00:00:00  -  Total Local Usage
	376  -  Run Bytes Sent By Job
	287387  -  Run Bytes Received By Job
	1505  -  Total Bytes Sent By Job
	1104612  -  Total Bytes Received By Job
	Partitionable Resources :    Usage  Request Allocated
	   Cpus                 :                 1         1
	   Disk (KB)            :  1000000  2048000   7920798
	   Memory (MB)          :        1     1992      1992
...
001 (297998.012.000) 04/11 13:19:49 Job executing on host: <144.92.180.101:9618?addrs=144.92.180.101-9618+[2607-f388-101c-1000--629]-9618&noUDP&sock=6807_9d42_3>
...
006 (297998.012.000) 04/11 13:19:57 Image size of job updated: 157048
	53  -  MemoryUsage of job (MB)
	53720  -  ResidentSetSize of job (KB)
...
001 (298043.012.000) 04/11 13:35:05 Job executing on host: <144.92.180.160:9618?addrs=144.92.180.160-9618+[2607-f388-101c-1000--629]-9618&noUDP&sock=6835_d1e9_3>
...
006 (298043.012.000) 04/11 13:35:13 Image size of job updated: 167308
	54  -  MemoryUsage of job (MB)
	54568  -  ResidentSetSize of job (KB)
...
006 (297998.012.000) 04/11 13:39:57 Image size of job updated: 276460
	270  -  MemoryUsage of job (MB)
	276444  -  ResidentSetSize of job (KB)
...
006 (298043.012.000) 04/11 13:55:13 Image size of job updated: 371040
	260  -  MemoryUsage of job (MB)
	265864  -  ResidentSetSize of job (KB)
...
006 (298043.012.000) 04/11 14:15:14 Image size of job updated: 371040
	271  -  MemoryUsage of job (MB)
	276832  -  ResidentSetSize of job (KB)
...
006 (297998.012.000) 04/11 15:00:00 Image size of job updated: 287412
	280  -  MemoryUsage of job (MB)
	286700  -  ResidentSetSize of job (KB)
...
005 (298043.012.000) 04/11 15:22:36 Job terminated.
	(1) Normal termination (return value 0)
		Usr 0 00:16:22, Sys 0 00:00:42  -  Run Remote Usage
		Usr 0 00:00:00, Sys 0 00:00:00  -  Run Local Usage
		Usr 0 00:16:22, Sys 0 00:00:42  -  Total Remote Usage
		Usr 0 00:00:00, Sys 0 00:00:00  -  Total Local Usage
	1205060  -  Run Bytes Sent By Job
	287387  -  Run Bytes Received By Job
	1205060  -  Total Bytes Sent By Job
	287387  -  Total Bytes Received By Job
	Partitionable Resources :    Usage  Request Allocated
	   Cpus                 :                 1         1
	   Disk (KB)            :  1000000  2048000   7920702
	   Memory (MB)          :      271     1992      1992
...
005 (297998.012.000) 04/11 15:22:38 Job terminated.
	(1) Normal termination (return value 0)
		Usr 0 00:15:02, Sys 0 00:00:43  -  Run Remote Usage
		Usr 0 00:00:00, Sys 0 00:00:00  -  Run Local Usage
		Usr 0 00:15:02, Sys 0 00:00:43  -  Total Remote Usage
		Usr 0 00:00:00, Sys 0 00:00:00  -  Total Local Usage
	1205061  -  Run Bytes Sent By Job
	287387  -  Run Bytes Received By Job
	1205061  -  Total Bytes Sent By Job
	287387  -  Total Bytes Received By Job
	Partitionable Resources :    Usage  Request Allocated
	   Cpus                 :                 1         1
	   Disk (KB)            :  1000000  2048000   7920700
	   Memory (MB)          :      280     1992      1992
...
