000 (297955.012.000) 04/11 13:09:16 Job submitted from host: <144.92.181.244:9618?addrs=144.92.181.244-9618+[2607-f388-101c-1000--371]-9618&noUDP&sock=5651_b1c7_3>
...
000 (298000.012.000) 04/11 13:11:00 Job submitted from host: <144.92.181.244:9618?addrs=144.92.181.244-9618+[2607-f388-101c-1000--371]-9618&noUDP&sock=5651_b1c7_3>
...
000 (298045.012.000) 04/11 13:12:02 Job submitted from host: <144.92.181.244:9618?addrs=144.92.181.244-9618+[2607-f388-101c-1000--371]-9618&noUDP&sock=5651_b1c7_3>
...
001 (297955.012.000) 04/11 13:14:34 Job executing on host: <144.92.180.168:9618?addrs=144.92.180.168-9618+[2607-f388-101c-1000--629]-9618&noUDP&sock=14907_8a62_3>
...
006 (297955.012.000) 04/11 13:14:34 Image size of job updated: 113196
	0  -  MemoryUsage of job (MB)
	0  -  ResidentSetSize of job (KB)
...
004 (297955.012.000) 04/11 13:14:35 Job was evicted.
	(0) Job terminated and was requeued
		Usr 0 00:00:00, Sys 0 00:00:00  -  Run Remote Usage
		Usr 0 00:00:00, Sys 0 00:00:00  -  Run Local Usage
	377  -  Run Bytes Sent By Job
	287387  -  Run Bytes Received By Job
	(1) Normal termination (return value 127)
	The job attribute OnExitRemove expression '( ExitBySignal == false && ( ExitCode == 0 || ExitCode == 42 || NumJobStarts > 3 ) )' evaluated to FALSE
...
001 (297955.012.000) 04/11 13:16:03 Job executing on host: <128.104.227.114:9618?addrs=128.104.227.114-9618+[2607-f388-101c-1000--63]-9618&noUDP&sock=11055_6392_3>
...
004 (297955.012.000) 04/11 13:16:05 Job was evicted.
	(0) Job terminated and was requeued
		Usr 0 00:00:00, Sys 0 00:00:00  -  Run Remote Usage
		Usr 0 00:00:00, Sys 0 00:00:00  -  Run Local Usage
	377  -  Run Bytes Sent By Job
	287387  -  Run Bytes Received By Job
	(1) Normal termination (return value 127)
	The job attribute OnExitRemove expression '( ExitBySignal == false && ( ExitCode == 0 || ExitCode == 42 || NumJobStarts > 3 ) )' evaluated to FALSE
...
001 (297955.012.000) 04/11 13:16:36 Job executing on host: <128.104.227.14:9618?addrs=128.104.227.14-9618+[2607-f388-101c-1000--629]-9618&noUDP&sock=9506_e75f_3>
...
004 (297955.012.000) 04/11 13:16:37 Job was evicted.
	(0) Job terminated and was requeued
		Usr 0 00:00:00, Sys 0 00:00:00  -  Run Remote Usage
		Usr 0 00:00:00, Sys 0 00:00:00  -  Run Local Usage
	377  -  Run Bytes Sent By Job
	287387  -  Run Bytes Received By Job
	(1) Normal termination (return value 127)
	The job attribute OnExitRemove expression '( ExitBySignal == false && ( ExitCode == 0 || ExitCode == 42 || NumJobStarts > 3 ) )' evaluated to FALSE
...
001 (297955.012.000) 04/11 13:16:49 Job executing on host: <128.104.227.111:9618?addrs=128.104.227.111-9618+[2607-f388-101c-1000--60]-9618&noUDP&sock=11165_d6fd_3>
...
005 (297955.012.000) 04/11 13:16:50 Job terminated.
	(1) Normal termination (return value 127)
		Usr 0 00:00:00, Sys 0 00:00:00  -  Run Remote Usage
		Usr 0 00:00:00, Sys 0 00:00:00  -  Run Local Usage
		Usr 0 00:00:00, Sys 0 00:00:00  -  Total Remote Usage
		Usr 0 00:00:00, Sys 0 00:00:00  -  Total Local Usage
	376  -  Run Bytes Sent By Job
	287387  -  Run Bytes Received By Job
	1507  -  Total Bytes Sent By Job
	1149548  -  Total Bytes Received By Job
	Partitionable Resources :    Usage  Request Allocated
	   Cpus                 :                 1         1
	   Disk (KB)            :  1000000  2048000   9504774
	   Memory (MB)          :        0     1992      1992
...
001 (298000.012.000) 04/11 13:21:45 Job executing on host: <144.92.180.233:9618?addrs=144.92.180.233-9618+[2607-f388-101c-1000--629]-9618&noUDP&sock=9234_559c_3>
...
006 (298000.012.000) 04/11 13:21:54 Image size of job updated: 214388
	108  -  MemoryUsage of job (MB)
	110260  -  ResidentSetSize of job (KB)
...
001 (298045.012.000) 04/11 13:41:52 Job executing on host: <144.92.180.246:9618?addrs=144.92.180.246-9618+[2607-f388-101c-1000--629]-9618&noUDP&sock=9338_ab76_3>
...
006 (298000.012.000) 04/11 13:41:55 Image size of job updated: 214388
	199  -  MemoryUsage of job (MB)
	203672  -  ResidentSetSize of job (KB)
...
006 (298045.012.000) 04/11 13:42:00 Image size of job updated: 215820
	108  -  MemoryUsage of job (MB)
	110248  -  ResidentSetSize of job (KB)
...
006 (298000.012.000) 04/11 14:01:55 Image size of job updated: 241716
	236  -  MemoryUsage of job (MB)
	240940  -  ResidentSetSize of job (KB)
...
006 (298045.012.000) 04/11 14:02:00 Image size of job updated: 288048
	282  -  MemoryUsage of job (MB)
	288048  -  ResidentSetSize of job (KB)
...
006 (298045.012.000) 04/11 14:22:00 Image size of job updated: 298100
	291  -  MemoryUsage of job (MB)
	297444  -  ResidentSetSize of job (KB)
...
005 (298000.012.000) 04/11 15:23:30 Job terminated.
	(1) Normal termination (return value 0)
		Usr 0 00:18:50, Sys 0 00:00:46  -  Run Remote Usage
		Usr 0 00:00:00, Sys 0 00:00:00  -  Run Local Usage
		Usr 0 00:18:50, Sys 0 00:00:46  -  Total Remote Usage
		Usr 0 00:00:00, Sys 0 00:00:00  -  Total Local Usage
	1079799  -  Run Bytes Sent By Job
	287387  -  Run Bytes Received By Job
	1079799  -  Total Bytes Sent By Job
	287387  -  Total Bytes Received By Job
	Partitionable Resources :    Usage  Request Allocated
	   Cpus                 :                 1         1
	   Disk (KB)            :  1000000  2048000   7920798
	   Memory (MB)          :      236     1992      1992
...
006 (298045.012.000) 04/11 15:23:31 Image size of job updated: 532764
	291  -  MemoryUsage of job (MB)
	297444  -  ResidentSetSize of job (KB)
...
005 (298045.012.000) 04/11 15:23:32 Job terminated.
	(1) Normal termination (return value 0)
		Usr 0 00:18:45, Sys 0 00:00:49  -  Run Remote Usage
		Usr 0 00:00:00, Sys 0 00:00:00  -  Run Local Usage
		Usr 0 00:18:45, Sys 0 00:00:49  -  Total Remote Usage
		Usr 0 00:00:00, Sys 0 00:00:00  -  Total Local Usage
	1079799  -  Run Bytes Sent By Job
	287387  -  Run Bytes Received By Job
	1079799  -  Total Bytes Sent By Job
	287387  -  Total Bytes Received By Job
	Partitionable Resources :    Usage  Request Allocated
	   Cpus                 :                 1         1
	   Disk (KB)            :  1000000  2048000   7920798
	   Memory (MB)          :      291     1992      1992
...
