000 (297956.012.000) 04/11 13:09:17 Job submitted from host: <144.92.181.244:9618?addrs=144.92.181.244-9618+[2607-f388-101c-1000--371]-9618&noUDP&sock=5651_b1c7_3>
...
000 (298001.012.000) 04/11 13:11:01 Job submitted from host: <144.92.181.244:9618?addrs=144.92.181.244-9618+[2607-f388-101c-1000--371]-9618&noUDP&sock=5651_b1c7_3>
...
000 (298046.012.000) 04/11 13:12:04 Job submitted from host: <144.92.181.244:9618?addrs=144.92.181.244-9618+[2607-f388-101c-1000--371]-9618&noUDP&sock=5651_b1c7_3>
...
001 (297956.012.000) 04/11 13:14:31 Job executing on host: <144.92.181.183:9618?addrs=144.92.181.183-9618+[2607-f388-101c-1000--629]-9618&noUDP&sock=8988_9950_3>
...
006 (297956.012.000) 04/11 13:14:31 Image size of job updated: 1
	0  -  MemoryUsage of job (MB)
	0  -  ResidentSetSize of job (KB)
...
004 (297956.012.000) 04/11 13:14:33 Job was evicted.
	(0) Job terminated and was requeued
		Usr 0 00:00:00, Sys 0 00:00:00  -  Run Remote Usage
		Usr 0 00:00:00, Sys 0 00:00:00  -  Run Local Usage
	376  -  Run Bytes Sent By Job
	287387  -  Run Bytes Received By Job
	(1) Normal termination (return value 127)
	The job attribute OnExitRemove expression '( ExitBySignal == false && ( ExitCode == 0 || ExitCode == 42 || NumJobStarts > 3 ) )' evaluated to FALSE
...
001 (297956.012.000) 04/11 13:16:04 Job executing on host: <144.92.181.152:9618?addrs=144.92.181.152-9618+[2607-f388-101c-1000--629]-9618&noUDP&sock=9237_6465_3>
...
004 (297956.012.000) 04/11 13:16:06 Job was evicted.
	(0) Job terminated and was requeued
		Usr 0 00:00:00, Sys 0 00:00:00  -  Run Remote Usage
		Usr 0 00:00:00, Sys 0 00:00:00  -  Run Local Usage
	377  -  Run Bytes Sent By Job
	287387  -  Run Bytes Received By Job
	(1) Normal termination (return value 127)
	The job attribute OnExitRemove expression '( ExitBySignal == false && ( ExitCode == 0 || ExitCode == 42 || NumJobStarts > 3 ) )' evaluated to FALSE
...
001 (297956.012.000) 04/11 13:16:37 Job executing on host: <144.92.181.177:9618?addrs=144.92.181.177-9618+[2607-f388-101c-1000--629]-9618&noUDP&sock=9061_abba_3>
...
004 (297956.012.000) 04/11 13:16:40 Job was evicted.
	(0) Job terminated and was requeued
		Usr 0 00:00:00, Sys 0 00:00:00  -  Run Remote Usage
		Usr 0 00:00:00, Sys 0 00:00:00  -  Run Local Usage
	377  -  Run Bytes Sent By Job
	287387  -  Run Bytes Received By Job
	(1) Normal termination (return value 127)
	The job attribute OnExitRemove expression '( ExitBySignal == false && ( ExitCode == 0 || ExitCode == 42 || NumJobStarts > 3 ) )' evaluated to FALSE
...
001 (297956.012.000) 04/11 13:17:08 Job executing on host: <144.92.181.183:9618?addrs=144.92.181.183-9618+[2607-f388-101c-1000--629]-9618&noUDP&sock=8988_9950_3>
...
005 (297956.012.000) 04/11 13:17:09 Job terminated.
	(1) Normal termination (return value 127)
		Usr 0 00:00:00, Sys 0 00:00:00  -  Run Remote Usage
		Usr 0 00:00:00, Sys 0 00:00:00  -  Run Local Usage
		Usr 0 00:00:00, Sys 0 00:00:00  -  Total Remote Usage
		Usr 0 00:00:00, Sys 0 00:00:00  -  Total Local Usage
	376  -  Run Bytes Sent By Job
	287387  -  Run Bytes Received By Job
	1506  -  Total Bytes Sent By Job
	1149548  -  Total Bytes Received By Job
	Partitionable Resources :    Usage  Request Allocated
	   Cpus                 :                 1         1
	   Disk (KB)            :  1000000  2048000   7920798
	   Memory (MB)          :        0     1992      1992
...
001 (298001.012.000) 04/11 13:21:45 Job executing on host: <128.104.227.111:9618?addrs=128.104.227.111-9618+[2607-f388-101c-1000--60]-9618&noUDP&sock=11165_d6fd_3>
...
006 (298001.012.000) 04/11 13:21:53 Image size of job updated: 108660
	53  -  MemoryUsage of job (MB)
	53436  -  ResidentSetSize of job (KB)
...
006 (298001.012.000) 04/11 13:41:53 Image size of job updated: 252196
	246  -  MemoryUsage of job (MB)
	251272  -  ResidentSetSize of job (KB)
...
001 (298046.012.000) 04/11 13:42:24 Job executing on host: <128.104.227.44:9618?addrs=128.104.227.44-9618+[2607-f388-101c-1000--629]-9618&noUDP&sock=9482_7119_3>
...
006 (298046.012.000) 04/11 13:42:32 Image size of job updated: 216344
	108  -  MemoryUsage of job (MB)
	110244  -  ResidentSetSize of job (KB)
...
006 (298001.012.000) 04/11 14:01:53 Image size of job updated: 253912
	248  -  MemoryUsage of job (MB)
	252988  -  ResidentSetSize of job (KB)
...
006 (298046.012.000) 04/11 14:02:32 Image size of job updated: 257532
	250  -  MemoryUsage of job (MB)
	255056  -  ResidentSetSize of job (KB)
...
006 (298001.012.000) 04/11 14:41:55 Image size of job updated: 253932
	248  -  MemoryUsage of job (MB)
	252988  -  ResidentSetSize of job (KB)
...
006 (298046.012.000) 04/11 14:42:32 Image size of job updated: 257532
	250  -  MemoryUsage of job (MB)
	255460  -  ResidentSetSize of job (KB)
...
006 (298001.012.000) 04/11 15:01:56 Image size of job updated: 256340
	249  -  MemoryUsage of job (MB)
	254884  -  ResidentSetSize of job (KB)
...
006 (298046.012.000) 04/11 15:02:32 Image size of job updated: 260564
	252  -  MemoryUsage of job (MB)
	257288  -  ResidentSetSize of job (KB)
...
006 (298001.012.000) 04/11 15:21:57 Image size of job updated: 257776
	251  -  MemoryUsage of job (MB)
	256452  -  ResidentSetSize of job (KB)
...
006 (298046.012.000) 04/11 15:22:32 Image size of job updated: 262000
	253  -  MemoryUsage of job (MB)
	258628  -  ResidentSetSize of job (KB)
...
005 (298046.012.000) 04/11 15:29:19 Job terminated.
	(1) Normal termination (return value 0)
		Usr 0 00:16:27, Sys 0 00:00:48  -  Run Remote Usage
		Usr 0 00:00:00, Sys 0 00:00:00  -  Run Local Usage
		Usr 0 00:16:27, Sys 0 00:00:48  -  Total Remote Usage
		Usr 0 00:00:00, Sys 0 00:00:00  -  Total Local Usage
	1047494  -  Run Bytes Sent By Job
	287387  -  Run Bytes Received By Job
	1047494  -  Total Bytes Sent By Job
	287387  -  Total Bytes Received By Job
	Partitionable Resources :    Usage  Request Allocated
	   Cpus                 :                 1         1
	   Disk (KB)            :  1000000  2048000   9504934
	   Memory (MB)          :      253     1992      1992
...
005 (298001.012.000) 04/11 15:30:01 Job terminated.
	(1) Normal termination (return value 0)
		Usr 0 00:16:27, Sys 0 00:00:54  -  Run Remote Usage
		Usr 0 00:00:00, Sys 0 00:00:00  -  Run Local Usage
		Usr 0 00:16:27, Sys 0 00:00:54  -  Total Remote Usage
		Usr 0 00:00:00, Sys 0 00:00:00  -  Total Local Usage
	1047493  -  Run Bytes Sent By Job
	287387  -  Run Bytes Received By Job
	1047493  -  Total Bytes Sent By Job
	287387  -  Total Bytes Received By Job
	Partitionable Resources :    Usage  Request Allocated
	   Cpus                 :                 1         1
	   Disk (KB)            :  1000000  2048000   9504774
	   Memory (MB)          :      251     1992      1992
...
