000 (297956.014.000) 04/11 13:09:17 Job submitted from host: <144.92.181.244:9618?addrs=144.92.181.244-9618+[2607-f388-101c-1000--371]-9618&noUDP&sock=5651_b1c7_3>
...
000 (298001.014.000) 04/11 13:11:01 Job submitted from host: <144.92.181.244:9618?addrs=144.92.181.244-9618+[2607-f388-101c-1000--371]-9618&noUDP&sock=5651_b1c7_3>
...
000 (298046.014.000) 04/11 13:12:04 Job submitted from host: <144.92.181.244:9618?addrs=144.92.181.244-9618+[2607-f388-101c-1000--371]-9618&noUDP&sock=5651_b1c7_3>
...
001 (297956.014.000) 04/11 13:14:33 Job executing on host: <144.92.180.248:9618?addrs=144.92.180.248-9618+[2607-f388-101c-1000--629]-9618&noUDP&sock=9218_5c18_3>
...
006 (297956.014.000) 04/11 13:14:33 Image size of job updated: 1
	0  -  MemoryUsage of job (MB)
	0  -  ResidentSetSize of job (KB)
...
004 (297956.014.000) 04/11 13:14:35 Job was evicted.
	(0) Job terminated and was requeued
		Usr 0 00:00:00, Sys 0 00:00:00  -  Run Remote Usage
		Usr 0 00:00:00, Sys 0 00:00:00  -  Run Local Usage
	377  -  Run Bytes Sent By Job
	287387  -  Run Bytes Received By Job
	(1) Normal termination (return value 127)
	The job attribute OnExitRemove expression '( ExitBySignal == false && ( ExitCode == 0 || ExitCode == 42 || NumJobStarts > 3 ) )' evaluated to FALSE
...
001 (297956.014.000) 04/11 13:16:05 Job executing on host: <128.104.227.39:9618?addrs=128.104.227.39-9618+[2607-f388-101c-1000--629]-9618&noUDP&sock=9510_a5c0_3>
...
004 (297956.014.000) 04/11 13:16:06 Job was evicted.
	(0) Job terminated and was requeued
		Usr 0 00:00:00, Sys 0 00:00:00  -  Run Remote Usage
		Usr 0 00:00:00, Sys 0 00:00:00  -  Run Local Usage
	377  -  Run Bytes Sent By Job
	287387  -  Run Bytes Received By Job
	(1) Normal termination (return value 127)
	The job attribute OnExitRemove expression '( ExitBySignal == false && ( ExitCode == 0 || ExitCode == 42 || NumJobStarts > 3 ) )' evaluated to FALSE
...
001 (297956.014.000) 04/11 13:16:37 Job executing on host: <128.104.227.33:9618?addrs=128.104.227.33-9618+[2607-f388-101c-1000--629]-9618&noUDP&sock=9432_255d_3>
...
004 (297956.014.000) 04/11 13:16:40 Job was evicted.
	(0) Job terminated and was requeued
		Usr 0 00:00:00, Sys 0 00:00:00  -  Run Remote Usage
		Usr 0 00:00:00, Sys 0 00:00:00  -  Run Local Usage
	377  -  Run Bytes Sent By Job
	287387  -  Run Bytes Received By Job
	(1) Normal termination (return value 127)
	The job attribute OnExitRemove expression '( ExitBySignal == false && ( ExitCode == 0 || ExitCode == 42 || NumJobStarts > 3 ) )' evaluated to FALSE
...
001 (297956.014.000) 04/11 13:17:10 Job executing on host: <128.104.227.111:9618?addrs=128.104.227.111-9618+[2607-f388-101c-1000--60]-9618&noUDP&sock=11165_d6fd_3>
...
005 (297956.014.000) 04/11 13:17:11 Job terminated.
	(1) Normal termination (return value 127)
		Usr 0 00:00:00, Sys 0 00:00:00  -  Run Remote Usage
		Usr 0 00:00:00, Sys 0 00:00:00  -  Run Local Usage
		Usr 0 00:00:00, Sys 0 00:00:00  -  Total Remote Usage
		Usr 0 00:00:00, Sys 0 00:00:00  -  Total Local Usage
	376  -  Run Bytes Sent By Job
	287387  -  Run Bytes Received By Job
	1507  -  Total Bytes Sent By Job
	1149548  -  Total Bytes Received By Job
	Partitionable Resources :    Usage  Request Allocated
	   Cpus                 :                 1         1
	   Disk (KB)            :  1000000  2048000   9504774
	   Memory (MB)          :        0     1992      1992
...
001 (298001.014.000) 04/11 13:21:45 Job executing on host: <128.104.227.106:9618?addrs=128.104.227.106-9618+[2607-f388-101c-1000--55]-9618&noUDP&sock=11057_c2c3_3>
...
006 (298001.014.000) 04/11 13:21:54 Image size of job updated: 68644
	23  -  MemoryUsage of job (MB)
	23540  -  ResidentSetSize of job (KB)
...
006 (298001.014.000) 04/11 13:41:54 Image size of job updated: 251916
	242  -  MemoryUsage of job (MB)
	247132  -  ResidentSetSize of job (KB)
...
001 (298046.014.000) 04/11 13:42:23 Job executing on host: <144.92.180.201:9618?addrs=144.92.180.201-9618+[2607-f388-101c-1000--629]-9618&noUDP&sock=8033_8c5e_3>
...
006 (298046.014.000) 04/11 13:42:32 Image size of job updated: 214976
	108  -  MemoryUsage of job (MB)
	110268  -  ResidentSetSize of job (KB)
...
006 (298001.014.000) 04/11 14:01:54 Image size of job updated: 257280
	247  -  MemoryUsage of job (MB)
	252496  -  ResidentSetSize of job (KB)
...
006 (298046.014.000) 04/11 14:02:32 Image size of job updated: 272356
	249  -  MemoryUsage of job (MB)
	254512  -  ResidentSetSize of job (KB)
...
006 (298001.014.000) 04/11 14:21:54 Image size of job updated: 257888
	249  -  MemoryUsage of job (MB)
	254608  -  ResidentSetSize of job (KB)
...
006 (298046.014.000) 04/11 14:22:32 Image size of job updated: 272356
	251  -  MemoryUsage of job (MB)
	256752  -  ResidentSetSize of job (KB)
...
006 (298001.014.000) 04/11 15:01:54 Image size of job updated: 259028
	250  -  MemoryUsage of job (MB)
	255312  -  ResidentSetSize of job (KB)
...
006 (298046.014.000) 04/11 15:02:33 Image size of job updated: 272356
	253  -  MemoryUsage of job (MB)
	258440  -  ResidentSetSize of job (KB)
...
006 (298001.014.000) 04/11 15:41:56 Image size of job updated: 262048
	252  -  MemoryUsage of job (MB)
	257640  -  ResidentSetSize of job (KB)
...
006 (298046.014.000) 04/11 15:42:35 Image size of job updated: 272356
	253  -  MemoryUsage of job (MB)
	258952  -  ResidentSetSize of job (KB)
...
005 (298046.014.000) 04/11 15:44:04 Job terminated.
	(1) Normal termination (return value 0)
		Usr 0 00:17:57, Sys 0 00:00:59  -  Run Remote Usage
		Usr 0 00:00:00, Sys 0 00:00:00  -  Run Local Usage
		Usr 0 00:17:57, Sys 0 00:00:59  -  Total Remote Usage
		Usr 0 00:00:00, Sys 0 00:00:00  -  Total Local Usage
	1047597  -  Run Bytes Sent By Job
	287387  -  Run Bytes Received By Job
	1047597  -  Total Bytes Sent By Job
	287387  -  Total Bytes Received By Job
	Partitionable Resources :    Usage  Request Allocated
	   Cpus                 :                 1         1
	   Disk (KB)            :  1000000  2048000   4752132
	   Memory (MB)          :      253     1992      1992
...
005 (298001.014.000) 04/11 15:44:41 Job terminated.
	(1) Normal termination (return value 0)
		Usr 0 00:18:14, Sys 0 00:00:56  -  Run Remote Usage
		Usr 0 00:00:00, Sys 0 00:00:00  -  Run Local Usage
		Usr 0 00:18:14, Sys 0 00:00:56  -  Total Remote Usage
		Usr 0 00:00:00, Sys 0 00:00:00  -  Total Local Usage
	1047597  -  Run Bytes Sent By Job
	287387  -  Run Bytes Received By Job
	1047597  -  Total Bytes Sent By Job
	287387  -  Total Bytes Received By Job
	Partitionable Resources :    Usage  Request Allocated
	   Cpus                 :                 1         1
	   Disk (KB)            :  1000000  2048000   9504888
	   Memory (MB)          :      252     1992      1992
...
