000 (297953.015.000) 04/11 13:09:14 Job submitted from host: <144.92.181.244:9618?addrs=144.92.181.244-9618+[2607-f388-101c-1000--371]-9618&noUDP&sock=5651_b1c7_3>
...
001 (297953.015.000) 04/11 13:10:55 Job executing on host: <144.92.181.201:9618?addrs=144.92.181.201-9618+[2607-f388-101c-1000--629]-9618&noUDP&sock=6085_61e1_3>
...
006 (297953.015.000) 04/11 13:10:56 Image size of job updated: 4
	1  -  MemoryUsage of job (MB)
	4  -  ResidentSetSize of job (KB)
...
000 (297998.015.000) 04/11 13:10:56 Job submitted from host: <144.92.181.244:9618?addrs=144.92.181.244-9618+[2607-f388-101c-1000--371]-9618&noUDP&sock=5651_b1c7_3>
...
004 (297953.015.000) 04/11 13:10:57 Job was evicted.
	(0) Job terminated and was requeued
		Usr 0 00:00:00, Sys 0 00:00:00  -  Run Remote Usage
		Usr 0 00:00:00, Sys 0 00:00:00  -  Run Local Usage
	376  -  Run Bytes Sent By Job
	242451  -  Run Bytes Received By Job
	(1) Normal termination (return value 127)
	The job attribute OnExitRemove expression '( ExitBySignal == false && ( ExitCode == 0 || ExitCode == 42 || NumJobStarts > 3 ) )' evaluated to FALSE
...
000 (298043.015.000) 04/11 13:12:00 Job submitted from host: <144.92.181.244:9618?addrs=144.92.181.244-9618+[2607-f388-101c-1000--371]-9618&noUDP&sock=5651_b1c7_3>
...
001 (297953.015.000) 04/11 13:12:24 Job executing on host: <144.92.180.205:9618?addrs=144.92.180.205-9618+[2607-f388-101c-1000--629]-9618&noUDP&sock=6898_0860_3>
...
004 (297953.015.000) 04/11 13:12:26 Job was evicted.
	(0) Job terminated and was requeued
		Usr 0 00:00:00, Sys 0 00:00:00  -  Run Remote Usage
		Usr 0 00:00:00, Sys 0 00:00:00  -  Run Local Usage
	376  -  Run Bytes Sent By Job
	287387  -  Run Bytes Received By Job
	(1) Normal termination (return value 127)
	The job attribute OnExitRemove expression '( ExitBySignal == false && ( ExitCode == 0 || ExitCode == 42 || NumJobStarts > 3 ) )' evaluated to FALSE
...
001 (297953.015.000) 04/11 13:12:57 Job executing on host: <144.92.180.31:9618?addrs=144.92.180.31-9618+[2607-f388-101c-1000--629]-9618&noUDP&sock=6856_3966_3>
...
004 (297953.015.000) 04/11 13:12:58 Job was evicted.
	(0) Job terminated and was requeued
		Usr 0 00:00:00, Sys 0 00:00:00  -  Run Remote Usage
		Usr 0 00:00:00, Sys 0 00:00:00  -  Run Local Usage
	377  -  Run Bytes Sent By Job
	287387  -  Run Bytes Received By Job
	(1) Normal termination (return value 127)
	The job attribute OnExitRemove expression '( ExitBySignal == false && ( ExitCode == 0 || ExitCode == 42 || NumJobStarts > 3 ) )' evaluated to FALSE
...
001 (297953.015.000) 04/11 13:14:29 Job executing on host: <144.92.180.248:9618?addrs=144.92.180.248-9618+[2607-f388-101c-1000--629]-9618&noUDP&sock=9218_5c18_3>
...
005 (297953.015.000) 04/11 13:14:30 Job terminated.
	(1) Normal termination (return value 127)
		Usr 0 00:00:00, Sys 0 00:00:00  -  Run Remote Usage
		Usr 0 00:00:00, Sys 0 00:00:00  -  Run Local Usage
		Usr 0 00:00:00, Sys 0 00:00:00  -  Total Remote Usage
		Usr 0 00:00:00, Sys 0 00:00:00  -  Total Local Usage
	377  -  Run Bytes Sent By Job
	287387  -  Run Bytes Received By Job
	1506  -  Total Bytes Sent By Job
	1104612  -  Total Bytes Received By Job
	Partitionable Resources :    Usage  Request Allocated
	   Cpus                 :                 1         1
	   Disk (KB)            :  1000000  2048000   7920798
	   Memory (MB)          :        1     1992      1992
...
001 (297998.015.000) 04/11 13:19:49 Job executing on host: <144.92.180.233:9618?addrs=144.92.180.233-9618+[2607-f388-101c-1000--629]-9618&noUDP&sock=9234_559c_3>
...
006 (297998.015.000) 04/11 13:19:57 Image size of job updated: 62280
	23  -  MemoryUsage of job (MB)
	23388  -  ResidentSetSize of job (KB)
...
001 (298043.015.000) 04/11 13:35:05 Job executing on host: <144.92.180.36:9618?addrs=144.92.180.36-9618+[2607-f388-101c-1000--629]-9618&noUDP&sock=5787_faa8_3>
...
006 (298043.015.000) 04/11 13:35:14 Image size of job updated: 153908
	44  -  MemoryUsage of job (MB)
	44300  -  ResidentSetSize of job (KB)
...
006 (297998.015.000) 04/11 13:39:57 Image size of job updated: 209220
	203  -  MemoryUsage of job (MB)
	207352  -  ResidentSetSize of job (KB)
...
006 (298043.015.000) 04/11 13:55:15 Image size of job updated: 224232
	203  -  MemoryUsage of job (MB)
	206988  -  ResidentSetSize of job (KB)
...
006 (297998.015.000) 04/11 13:59:57 Image size of job updated: 218220
	214  -  MemoryUsage of job (MB)
	218220  -  ResidentSetSize of job (KB)
...
006 (298043.015.000) 04/11 14:15:16 Image size of job updated: 227020
	217  -  MemoryUsage of job (MB)
	222096  -  ResidentSetSize of job (KB)
...
006 (297998.015.000) 04/11 14:39:57 Image size of job updated: 225760
	220  -  MemoryUsage of job (MB)
	224988  -  ResidentSetSize of job (KB)
...
006 (298043.015.000) 04/11 14:55:18 Image size of job updated: 229900
	220  -  MemoryUsage of job (MB)
	225032  -  ResidentSetSize of job (KB)
...
006 (297998.015.000) 04/11 14:59:58 Image size of job updated: 225792
	220  -  MemoryUsage of job (MB)
	224988  -  ResidentSetSize of job (KB)
...
005 (297998.015.000) 04/11 15:12:52 Job terminated.
	(1) Normal termination (return value 0)
		Usr 0 00:16:59, Sys 0 00:00:43  -  Run Remote Usage
		Usr 0 00:00:00, Sys 0 00:00:00  -  Run Local Usage
		Usr 0 00:16:59, Sys 0 00:00:43  -  Total Remote Usage
		Usr 0 00:00:00, Sys 0 00:00:00  -  Total Local Usage
	1206263  -  Run Bytes Sent By Job
	287387  -  Run Bytes Received By Job
	1206263  -  Total Bytes Sent By Job
	287387  -  Total Bytes Received By Job
	Partitionable Resources :    Usage  Request Allocated
	   Cpus                 :                 1         1
	   Disk (KB)            :  1000000  2048000   7920798
	   Memory (MB)          :      220     1992      1992
...
005 (298043.015.000) 04/11 15:12:53 Job terminated.
	(1) Normal termination (return value 0)
		Usr 0 00:21:13, Sys 0 00:00:53  -  Run Remote Usage
		Usr 0 00:00:00, Sys 0 00:00:00  -  Run Local Usage
		Usr 0 00:21:13, Sys 0 00:00:53  -  Total Remote Usage
		Usr 0 00:00:00, Sys 0 00:00:00  -  Total Local Usage
	1206263  -  Run Bytes Sent By Job
	287387  -  Run Bytes Received By Job
	1206263  -  Total Bytes Sent By Job
	287387  -  Total Bytes Received By Job
	Partitionable Resources :    Usage  Request Allocated
	   Cpus                 :                 1         1
	   Disk (KB)            :  1000000  2048000   3167554
	   Memory (MB)          :      220     1992      1992
...
