000 (297953.018.000) 04/11 13:09:14 Job submitted from host: <144.92.181.244:9618?addrs=144.92.181.244-9618+[2607-f388-101c-1000--371]-9618&noUDP&sock=5651_b1c7_3>
...
000 (297998.018.000) 04/11 13:10:56 Job submitted from host: <144.92.181.244:9618?addrs=144.92.181.244-9618+[2607-f388-101c-1000--371]-9618&noUDP&sock=5651_b1c7_3>
...
001 (297953.018.000) 04/11 13:10:56 Job executing on host: <144.92.180.213:9618?addrs=144.92.180.213-9618+[2607-f388-101c-1000--629]-9618&noUDP&sock=6873_e282_3>
...
006 (297953.018.000) 04/11 13:10:57 Image size of job updated: 1
	0  -  MemoryUsage of job (MB)
	0  -  ResidentSetSize of job (KB)
...
004 (297953.018.000) 04/11 13:10:58 Job was evicted.
	(0) Job terminated and was requeued
		Usr 0 00:00:00, Sys 0 00:00:00  -  Run Remote Usage
		Usr 0 00:00:00, Sys 0 00:00:00  -  Run Local Usage
	377  -  Run Bytes Sent By Job
	242451  -  Run Bytes Received By Job
	(1) Normal termination (return value 127)
	The job attribute OnExitRemove expression '( ExitBySignal == false && ( ExitCode == 0 || ExitCode == 42 || NumJobStarts > 3 ) )' evaluated to FALSE
...
000 (298043.018.000) 04/11 13:12:00 Job submitted from host: <144.92.181.244:9618?addrs=144.92.181.244-9618+[2607-f388-101c-1000--371]-9618&noUDP&sock=5651_b1c7_3>
...
001 (297953.018.000) 04/11 13:12:25 Job executing on host: <144.92.180.158:9618?addrs=144.92.180.158-9618+[2607-f388-101c-1000--629]-9618&noUDP&sock=6820_87fd_3>
...
004 (297953.018.000) 04/11 13:12:25 Job was evicted.
	(0) Job terminated and was requeued
		Usr 0 00:00:00, Sys 0 00:00:00  -  Run Remote Usage
		Usr 0 00:00:00, Sys 0 00:00:00  -  Run Local Usage
	377  -  Run Bytes Sent By Job
	287387  -  Run Bytes Received By Job
	(1) Normal termination (return value 127)
	The job attribute OnExitRemove expression '( ExitBySignal == false && ( ExitCode == 0 || ExitCode == 42 || NumJobStarts > 3 ) )' evaluated to FALSE
...
001 (297953.018.000) 04/11 13:12:57 Job executing on host: <144.92.180.205:9618?addrs=144.92.180.205-9618+[2607-f388-101c-1000--629]-9618&noUDP&sock=6898_0860_3>
...
004 (297953.018.000) 04/11 13:12:58 Job was evicted.
	(0) Job terminated and was requeued
		Usr 0 00:00:00, Sys 0 00:00:00  -  Run Remote Usage
		Usr 0 00:00:00, Sys 0 00:00:00  -  Run Local Usage
	376  -  Run Bytes Sent By Job
	287387  -  Run Bytes Received By Job
	(1) Normal termination (return value 127)
	The job attribute OnExitRemove expression '( ExitBySignal == false && ( ExitCode == 0 || ExitCode == 42 || NumJobStarts > 3 ) )' evaluated to FALSE
...
001 (297953.018.000) 04/11 13:14:29 Job executing on host: <144.92.181.148:9618?addrs=144.92.181.148-9618+[2607-f388-101c-1000--629]-9618&noUDP&sock=8993_0749_3>
...
006 (297953.018.000) 04/11 13:14:30 Image size of job updated: 4
	1  -  MemoryUsage of job (MB)
	4  -  ResidentSetSize of job (KB)
...
005 (297953.018.000) 04/11 13:14:32 Job terminated.
	(1) Normal termination (return value 127)
		Usr 0 00:00:00, Sys 0 00:00:00  -  Run Remote Usage
		Usr 0 00:00:00, Sys 0 00:00:00  -  Run Local Usage
		Usr 0 00:00:00, Sys 0 00:00:00  -  Total Remote Usage
		Usr 0 00:00:00, Sys 0 00:00:00  -  Total Local Usage
	377  -  Run Bytes Sent By Job
	287387  -  Run Bytes Received By Job
	1507  -  Total Bytes Sent By Job
	1104612  -  Total Bytes Received By Job
	Partitionable Resources :    Usage  Request Allocated
	   Cpus                 :                 1         1
	   Disk (KB)            :  1000000  2048000   7920798
	   Memory (MB)          :        1     1992      1992
...
001 (297998.018.000) 04/11 13:19:49 Job executing on host: <144.92.180.122:9618?addrs=144.92.180.122-9618+[2607-f388-101c-1000--629]-9618&noUDP&sock=6862_56f7_3>
...
006 (297998.018.000) 04/11 13:19:57 Image size of job updated: 163524
	53  -  MemoryUsage of job (MB)
	53440  -  ResidentSetSize of job (KB)
...
001 (298043.018.000) 04/11 13:36:38 Job executing on host: <144.92.180.74:9618?addrs=144.92.180.74-9618+[2607-f388-101c-1000--629]-9618&noUDP&sock=6903_7659_3>
...
006 (298043.018.000) 04/11 13:36:47 Image size of job updated: 165472
	53  -  MemoryUsage of job (MB)
	53556  -  ResidentSetSize of job (KB)
...
006 (297998.018.000) 04/11 13:39:57 Image size of job updated: 239776
	234  -  MemoryUsage of job (MB)
	239256  -  ResidentSetSize of job (KB)
...
006 (298043.018.000) 04/11 13:56:48 Image size of job updated: 248940
	241  -  MemoryUsage of job (MB)
	246156  -  ResidentSetSize of job (KB)
...
006 (297998.018.000) 04/11 13:59:58 Image size of job updated: 256828
	248  -  MemoryUsage of job (MB)
	253788  -  ResidentSetSize of job (KB)
...
006 (298043.018.000) 04/11 14:16:49 Image size of job updated: 253444
	246  -  MemoryUsage of job (MB)
	251520  -  ResidentSetSize of job (KB)
...
006 (298043.018.000) 04/11 14:36:50 Image size of job updated: 263884
	255  -  MemoryUsage of job (MB)
	260852  -  ResidentSetSize of job (KB)
...
006 (297998.018.000) 04/11 14:40:00 Image size of job updated: 270444
	262  -  MemoryUsage of job (MB)
	268116  -  ResidentSetSize of job (KB)
...
005 (298043.018.000) 04/11 14:51:46 Job terminated.
	(1) Normal termination (return value 0)
		Usr 0 00:11:40, Sys 0 00:00:36  -  Run Remote Usage
		Usr 0 00:00:00, Sys 0 00:00:00  -  Run Local Usage
		Usr 0 00:11:40, Sys 0 00:00:36  -  Total Remote Usage
		Usr 0 00:00:00, Sys 0 00:00:00  -  Total Local Usage
	1194277  -  Run Bytes Sent By Job
	287387  -  Run Bytes Received By Job
	1194277  -  Total Bytes Sent By Job
	287387  -  Total Bytes Received By Job
	Partitionable Resources :    Usage  Request Allocated
	   Cpus                 :                 1         1
	   Disk (KB)            :  1000000  2048000   7920710
	   Memory (MB)          :      255     1992      1992
...
005 (297998.018.000) 04/11 14:51:52 Job terminated.
	(1) Normal termination (return value 0)
		Usr 0 00:13:25, Sys 0 00:00:39  -  Run Remote Usage
		Usr 0 00:00:00, Sys 0 00:00:00  -  Run Local Usage
		Usr 0 00:13:25, Sys 0 00:00:39  -  Total Remote Usage
		Usr 0 00:00:00, Sys 0 00:00:00  -  Total Local Usage
	1194277  -  Run Bytes Sent By Job
	287387  -  Run Bytes Received By Job
	1194277  -  Total Bytes Sent By Job
	287387  -  Total Bytes Received By Job
	Partitionable Resources :    Usage  Request Allocated
	   Cpus                 :                 1         1
	   Disk (KB)            :  1000000  2048000   6336500
	   Memory (MB)          :      262     1992      1992
...
