000 (297983.001.000) 04/11 13:09:31 Job submitted from host: <144.92.181.244:9618?addrs=144.92.181.244-9618+[2607-f388-101c-1000--371]-9618&noUDP&sock=5651_b1c7_3>
...
000 (298028.001.000) 04/11 13:11:19 Job submitted from host: <144.92.181.244:9618?addrs=144.92.181.244-9618+[2607-f388-101c-1000--371]-9618&noUDP&sock=5651_b1c7_3>
...
000 (298073.001.000) 04/11 13:12:24 Job submitted from host: <144.92.181.244:9618?addrs=144.92.181.244-9618+[2607-f388-101c-1000--371]-9618&noUDP&sock=5651_b1c7_3>
...
001 (297983.001.000) 04/11 13:18:16 Job executing on host: <128.104.227.51:9618?addrs=128.104.227.51-9618+[2607-f388-101c-1000--629]-9618&noUDP&sock=9468_d6c6_3>
...
006 (297983.001.000) 04/11 13:18:17 Image size of job updated: 1
	0  -  MemoryUsage of job (MB)
	0  -  ResidentSetSize of job (KB)
...
004 (297983.001.000) 04/11 13:18:18 Job was evicted.
	(0) Job terminated and was requeued
		Usr 0 00:00:00, Sys 0 00:00:00  -  Run Remote Usage
		Usr 0 00:00:00, Sys 0 00:00:00  -  Run Local Usage
	377  -  Run Bytes Sent By Job
	287387  -  Run Bytes Received By Job
	(1) Normal termination (return value 127)
	The job attribute OnExitRemove expression '( ExitBySignal == false && ( ExitCode == 0 || ExitCode == 42 || NumJobStarts > 3 ) )' evaluated to FALSE
...
001 (297983.001.000) 04/11 13:19:43 Job executing on host: <128.104.227.35:9618?addrs=128.104.227.35-9618+[2607-f388-101c-1000--629]-9618&noUDP&sock=9446_bfb0_3>
...
004 (297983.001.000) 04/11 13:19:47 Job was evicted.
	(0) Job terminated and was requeued
		Usr 0 00:00:00, Sys 0 00:00:00  -  Run Remote Usage
		Usr 0 00:00:00, Sys 0 00:00:00  -  Run Local Usage
	376  -  Run Bytes Sent By Job
	287387  -  Run Bytes Received By Job
	(1) Normal termination (return value 127)
	The job attribute OnExitRemove expression '( ExitBySignal == false && ( ExitCode == 0 || ExitCode == 42 || NumJobStarts > 3 ) )' evaluated to FALSE
...
001 (297983.001.000) 04/11 13:21:10 Job executing on host: <128.104.227.33:9618?addrs=128.104.227.33-9618+[2607-f388-101c-1000--629]-9618&noUDP&sock=9432_255d_3>
...
006 (297983.001.000) 04/11 13:21:10 Image size of job updated: 4
	1  -  MemoryUsage of job (MB)
	4  -  ResidentSetSize of job (KB)
...
004 (297983.001.000) 04/11 13:21:13 Job was evicted.
	(0) Job terminated and was requeued
		Usr 0 00:00:00, Sys 0 00:00:00  -  Run Remote Usage
		Usr 0 00:00:00, Sys 0 00:00:00  -  Run Local Usage
	377  -  Run Bytes Sent By Job
	287387  -  Run Bytes Received By Job
	(1) Normal termination (return value 127)
	The job attribute OnExitRemove expression '( ExitBySignal == false && ( ExitCode == 0 || ExitCode == 42 || NumJobStarts > 3 ) )' evaluated to FALSE
...
001 (297983.001.000) 04/11 13:21:41 Job executing on host: <144.92.180.235:9618?addrs=144.92.180.235-9618+[2607-f388-101c-1000--629]-9618&noUDP&sock=9091_3f91_3>
...
005 (297983.001.000) 04/11 13:21:45 Job terminated.
	(1) Normal termination (return value 127)
		Usr 0 00:00:00, Sys 0 00:00:00  -  Run Remote Usage
		Usr 0 00:00:00, Sys 0 00:00:00  -  Run Local Usage
		Usr 0 00:00:00, Sys 0 00:00:00  -  Total Remote Usage
		Usr 0 00:00:00, Sys 0 00:00:00  -  Total Local Usage
	377  -  Run Bytes Sent By Job
	287387  -  Run Bytes Received By Job
	1507  -  Total Bytes Sent By Job
	1149548  -  Total Bytes Received By Job
	Partitionable Resources :    Usage  Request Allocated
	   Cpus                 :                 1         1
	   Disk (KB)            :  1000000  2048000   7920616
	   Memory (MB)          :        1     1992      1992
...
001 (298028.001.000) 04/11 13:28:24 Job executing on host: <144.92.180.146:9618?addrs=144.92.180.146-9618+[2607-f388-101c-1000--629]-9618&noUDP&sock=6824_465e_3>
...
006 (298028.001.000) 04/11 13:28:33 Image size of job updated: 213412
	108  -  MemoryUsage of job (MB)
	110040  -  ResidentSetSize of job (KB)
...
006 (298028.001.000) 04/11 13:48:34 Image size of job updated: 235180
	228  -  MemoryUsage of job (MB)
	233056  -  ResidentSetSize of job (KB)
...
001 (298073.001.000) 04/11 13:55:32 Job executing on host: <144.92.180.101:9618?addrs=144.92.180.101-9618+[2607-f388-101c-1000--629]-9618&noUDP&sock=6807_9d42_3>
...
006 (298073.001.000) 04/11 13:55:40 Image size of job updated: 214416
	108  -  MemoryUsage of job (MB)
	110056  -  ResidentSetSize of job (KB)
...
006 (298028.001.000) 04/11 14:08:35 Image size of job updated: 236732
	231  -  MemoryUsage of job (MB)
	236144  -  ResidentSetSize of job (KB)
...
006 (298073.001.000) 04/11 14:15:40 Image size of job updated: 233604
	228  -  MemoryUsage of job (MB)
	232816  -  ResidentSetSize of job (KB)
...
006 (298073.001.000) 04/11 14:35:40 Image size of job updated: 234740
	229  -  MemoryUsage of job (MB)
	233952  -  ResidentSetSize of job (KB)
...
006 (298028.001.000) 04/11 14:48:37 Image size of job updated: 236880
	231  -  MemoryUsage of job (MB)
	236344  -  ResidentSetSize of job (KB)
...
006 (298073.001.000) 04/11 14:55:40 Image size of job updated: 237416
	231  -  MemoryUsage of job (MB)
	235816  -  ResidentSetSize of job (KB)
...
006 (298028.001.000) 04/11 15:08:38 Image size of job updated: 238856
	232  -  MemoryUsage of job (MB)
	237236  -  ResidentSetSize of job (KB)
...
006 (298073.001.000) 04/11 15:15:40 Image size of job updated: 238360
	232  -  MemoryUsage of job (MB)
	236956  -  ResidentSetSize of job (KB)
...
005 (298073.001.000) 04/11 15:46:11 Job terminated.
	(1) Normal termination (return value 0)
		Usr 0 00:16:58, Sys 0 00:00:53  -  Run Remote Usage
		Usr 0 00:00:00, Sys 0 00:00:00  -  Run Local Usage
		Usr 0 00:16:58, Sys 0 00:00:53  -  Total Remote Usage
		Usr 0 00:00:00, Sys 0 00:00:00  -  Total Local Usage
	926565  -  Run Bytes Sent By Job
	287387  -  Run Bytes Received By Job
	926565  -  Total Bytes Sent By Job
	287387  -  Total Bytes Received By Job
	Partitionable Resources :    Usage  Request Allocated
	   Cpus                 :                 1         1
	   Disk (KB)            :  1000000  2048000   7920700
	   Memory (MB)          :      232     1992      1992
...
005 (298028.001.000) 04/11 15:46:11 Job terminated.
	(1) Normal termination (return value 0)
		Usr 0 00:19:28, Sys 0 00:01:02  -  Run Remote Usage
		Usr 0 00:00:00, Sys 0 00:00:00  -  Run Local Usage
		Usr 0 00:19:28, Sys 0 00:01:02  -  Total Remote Usage
		Usr 0 00:00:00, Sys 0 00:00:00  -  Total Local Usage
	926565  -  Run Bytes Sent By Job
	287387  -  Run Bytes Received By Job
	926565  -  Total Bytes Sent By Job
	287387  -  Total Bytes Received By Job
	Partitionable Resources :    Usage  Request Allocated
	   Cpus                 :                 1         1
	   Disk (KB)            :  1000000  2048000   7920632
	   Memory (MB)          :      232     1992      1992
...
