000 (297955.001.000) 04/11 13:09:16 Job submitted from host: <144.92.181.244:9618?addrs=144.92.181.244-9618+[2607-f388-101c-1000--371]-9618&noUDP&sock=5651_b1c7_3>
...
000 (298000.001.000) 04/11 13:11:00 Job submitted from host: <144.92.181.244:9618?addrs=144.92.181.244-9618+[2607-f388-101c-1000--371]-9618&noUDP&sock=5651_b1c7_3>
...
000 (298045.001.000) 04/11 13:12:02 Job submitted from host: <144.92.181.244:9618?addrs=144.92.181.244-9618+[2607-f388-101c-1000--371]-9618&noUDP&sock=5651_b1c7_3>
...
001 (297955.001.000) 04/11 13:12:59 Job executing on host: <128.104.227.104:9618?addrs=128.104.227.104-9618+[2607-f388-101c-1000--53]-9618&noUDP&sock=11078_2a40_3>
...
006 (297955.001.000) 04/11 13:12:59 Image size of job updated: 1
	0  -  MemoryUsage of job (MB)
	0  -  ResidentSetSize of job (KB)
...
004 (297955.001.000) 04/11 13:13:00 Job was evicted.
	(0) Job terminated and was requeued
		Usr 0 00:00:00, Sys 0 00:00:00  -  Run Remote Usage
		Usr 0 00:00:00, Sys 0 00:00:00  -  Run Local Usage
	376  -  Run Bytes Sent By Job
	287387  -  Run Bytes Received By Job
	(1) Normal termination (return value 127)
	The job attribute OnExitRemove expression '( ExitBySignal == false && ( ExitCode == 0 || ExitCode == 42 || NumJobStarts > 3 ) )' evaluated to FALSE
...
001 (297955.001.000) 04/11 13:14:33 Job executing on host: <144.92.180.233:9618?addrs=144.92.180.233-9618+[2607-f388-101c-1000--629]-9618&noUDP&sock=9234_559c_3>
...
004 (297955.001.000) 04/11 13:14:35 Job was evicted.
	(0) Job terminated and was requeued
		Usr 0 00:00:00, Sys 0 00:00:00  -  Run Remote Usage
		Usr 0 00:00:00, Sys 0 00:00:00  -  Run Local Usage
	377  -  Run Bytes Sent By Job
	287387  -  Run Bytes Received By Job
	(1) Normal termination (return value 127)
	The job attribute OnExitRemove expression '( ExitBySignal == false && ( ExitCode == 0 || ExitCode == 42 || NumJobStarts > 3 ) )' evaluated to FALSE
...
001 (297955.001.000) 04/11 13:16:01 Job executing on host: <128.104.227.53:9618?addrs=128.104.227.53-9618+[2607-f388-101c-1000--629]-9618&noUDP&sock=9394_14c4_3>
...
004 (297955.001.000) 04/11 13:16:03 Job was evicted.
	(0) Job terminated and was requeued
		Usr 0 00:00:00, Sys 0 00:00:00  -  Run Remote Usage
		Usr 0 00:00:00, Sys 0 00:00:00  -  Run Local Usage
	377  -  Run Bytes Sent By Job
	287387  -  Run Bytes Received By Job
	(1) Normal termination (return value 127)
	The job attribute OnExitRemove expression '( ExitBySignal == false && ( ExitCode == 0 || ExitCode == 42 || NumJobStarts > 3 ) )' evaluated to FALSE
...
001 (297955.001.000) 04/11 13:16:28 Job executing on host: <128.104.227.111:9618?addrs=128.104.227.111-9618+[2607-f388-101c-1000--60]-9618&noUDP&sock=11165_d6fd_3>
...
005 (297955.001.000) 04/11 13:16:29 Job terminated.
	(1) Normal termination (return value 127)
		Usr 0 00:00:00, Sys 0 00:00:00  -  Run Remote Usage
		Usr 0 00:00:00, Sys 0 00:00:00  -  Run Local Usage
		Usr 0 00:00:00, Sys 0 00:00:00  -  Total Remote Usage
		Usr 0 00:00:00, Sys 0 00:00:00  -  Total Local Usage
	376  -  Run Bytes Sent By Job
	287387  -  Run Bytes Received By Job
	1506  -  Total Bytes Sent By Job
	1149548  -  Total Bytes Received By Job
	Partitionable Resources :    Usage  Request Allocated
	   Cpus                 :                 1         1
	   Disk (KB)            :  1000000  2048000   9504774
	   Memory (MB)          :        0     1992      1992
...
001 (298000.001.000) 04/11 13:21:14 Job executing on host: <144.92.180.63:9618?addrs=144.92.180.63-9618+[2607-f388-101c-1000--629]-9618&noUDP&sock=6363_1135_3>
...
006 (298000.001.000) 04/11 13:21:22 Image size of job updated: 164540
	53  -  MemoryUsage of job (MB)
	53428  -  ResidentSetSize of job (KB)
...
001 (298045.001.000) 04/11 13:39:45 Job executing on host: <144.92.181.94:9618?addrs=144.92.181.94-9618+[2607-f388-101c-1000--629]-9618&noUDP&sock=9229_e7a3_3>
...
006 (298045.001.000) 04/11 13:39:54 Image size of job updated: 157276
	46  -  MemoryUsage of job (MB)
	46612  -  ResidentSetSize of job (KB)
...
006 (298000.001.000) 04/11 13:41:22 Image size of job updated: 289088
	282  -  MemoryUsage of job (MB)
	288192  -  ResidentSetSize of job (KB)
...
006 (298045.001.000) 04/11 13:59:55 Image size of job updated: 281668
	275  -  MemoryUsage of job (MB)
	281504  -  ResidentSetSize of job (KB)
...
006 (298045.001.000) 04/11 14:19:56 Image size of job updated: 290244
	280  -  MemoryUsage of job (MB)
	286248  -  ResidentSetSize of job (KB)
...
006 (298000.001.000) 04/11 14:41:24 Image size of job updated: 292420
	285  -  MemoryUsage of job (MB)
	291620  -  ResidentSetSize of job (KB)
...
006 (298000.001.000) 04/11 15:41:27 Image size of job updated: 294392
	287  -  MemoryUsage of job (MB)
	293856  -  ResidentSetSize of job (KB)
...
005 (298045.001.000) 04/11 15:45:17 Job terminated.
	(1) Normal termination (return value 0)
		Usr 0 00:17:49, Sys 0 00:00:45  -  Run Remote Usage
		Usr 0 00:00:00, Sys 0 00:00:00  -  Run Local Usage
		Usr 0 00:17:49, Sys 0 00:00:45  -  Total Remote Usage
		Usr 0 00:00:00, Sys 0 00:00:00  -  Total Local Usage
	1082583  -  Run Bytes Sent By Job
	287387  -  Run Bytes Received By Job
	1082583  -  Total Bytes Sent By Job
	287387  -  Total Bytes Received By Job
	Partitionable Resources :    Usage  Request Allocated
	   Cpus                 :                 1         1
	   Disk (KB)            :  1000000  2048000   7920798
	   Memory (MB)          :      280     1992      1992
...
005 (298000.001.000) 04/11 15:46:06 Job terminated.
	(1) Normal termination (return value 0)
		Usr 0 00:33:56, Sys 0 00:01:50  -  Run Remote Usage
		Usr 0 00:00:00, Sys 0 00:00:00  -  Run Local Usage
		Usr 0 00:33:56, Sys 0 00:01:50  -  Total Remote Usage
		Usr 0 00:00:00, Sys 0 00:00:00  -  Total Local Usage
	1110075  -  Run Bytes Sent By Job
	287387  -  Run Bytes Received By Job
	1110075  -  Total Bytes Sent By Job
	287387  -  Total Bytes Received By Job
	Partitionable Resources :    Usage  Request Allocated
	   Cpus                 :                 1         1
	   Disk (KB)            :  1000000  2048000   4751621
	   Memory (MB)          :      287     1992      1992
...
