000 (297953.001.000) 04/11 13:09:14 Job submitted from host: <144.92.181.244:9618?addrs=144.92.181.244-9618+[2607-f388-101c-1000--371]-9618&noUDP&sock=5651_b1c7_3>
...
001 (297953.001.000) 04/11 13:09:23 Job executing on host: <128.104.227.71:9618?addrs=128.104.227.71-9618+[2607-f388-101c-1000--629]-9618&noUDP&sock=9478_b2b8_3>
...
006 (297953.001.000) 04/11 13:09:25 Image size of job updated: 4
	1  -  MemoryUsage of job (MB)
	4  -  ResidentSetSize of job (KB)
...
004 (297953.001.000) 04/11 13:09:26 Job was evicted.
	(0) Job terminated and was requeued
		Usr 0 00:00:00, Sys 0 00:00:00  -  Run Remote Usage
		Usr 0 00:00:00, Sys 0 00:00:00  -  Run Local Usage
	377  -  Run Bytes Sent By Job
	242451  -  Run Bytes Received By Job
	(1) Normal termination (return value 127)
	The job attribute OnExitRemove expression '( ExitBySignal == false && ( ExitCode == 0 || ExitCode == 42 || NumJobStarts > 3 ) )' evaluated to FALSE
...
001 (297953.001.000) 04/11 13:10:54 Job executing on host: <128.104.227.71:9618?addrs=128.104.227.71-9618+[2607-f388-101c-1000--629]-9618&noUDP&sock=9478_b2b8_3>
...
000 (297998.001.000) 04/11 13:10:56 Job submitted from host: <144.92.181.244:9618?addrs=144.92.181.244-9618+[2607-f388-101c-1000--371]-9618&noUDP&sock=5651_b1c7_3>
...
004 (297953.001.000) 04/11 13:10:56 Job was evicted.
	(0) Job terminated and was requeued
		Usr 0 00:00:00, Sys 0 00:00:00  -  Run Remote Usage
		Usr 0 00:00:00, Sys 0 00:00:00  -  Run Local Usage
	377  -  Run Bytes Sent By Job
	242451  -  Run Bytes Received By Job
	(1) Normal termination (return value 127)
	The job attribute OnExitRemove expression '( ExitBySignal == false && ( ExitCode == 0 || ExitCode == 42 || NumJobStarts > 3 ) )' evaluated to FALSE
...
000 (298043.001.000) 04/11 13:12:00 Job submitted from host: <144.92.181.244:9618?addrs=144.92.181.244-9618+[2607-f388-101c-1000--371]-9618&noUDP&sock=5651_b1c7_3>
...
001 (297953.001.000) 04/11 13:12:22 Job executing on host: <128.104.227.71:9618?addrs=128.104.227.71-9618+[2607-f388-101c-1000--629]-9618&noUDP&sock=9478_b2b8_3>
...
004 (297953.001.000) 04/11 13:12:24 Job was evicted.
	(0) Job terminated and was requeued
		Usr 0 00:00:00, Sys 0 00:00:00  -  Run Remote Usage
		Usr 0 00:00:00, Sys 0 00:00:00  -  Run Local Usage
	377  -  Run Bytes Sent By Job
	287387  -  Run Bytes Received By Job
	(1) Normal termination (return value 127)
	The job attribute OnExitRemove expression '( ExitBySignal == false && ( ExitCode == 0 || ExitCode == 42 || NumJobStarts > 3 ) )' evaluated to FALSE
...
001 (297953.001.000) 04/11 13:12:55 Job executing on host: <144.92.180.248:9618?addrs=144.92.180.248-9618+[2607-f388-101c-1000--629]-9618&noUDP&sock=9218_5c18_3>
...
005 (297953.001.000) 04/11 13:12:57 Job terminated.
	(1) Normal termination (return value 127)
		Usr 0 00:00:00, Sys 0 00:00:00  -  Run Remote Usage
		Usr 0 00:00:00, Sys 0 00:00:00  -  Run Local Usage
		Usr 0 00:00:00, Sys 0 00:00:00  -  Total Remote Usage
		Usr 0 00:00:00, Sys 0 00:00:00  -  Total Local Usage
	377  -  Run Bytes Sent By Job
	287387  -  Run Bytes Received By Job
	1508  -  Total Bytes Sent By Job
	1059676  -  Total Bytes Received By Job
	Partitionable Resources :    Usage  Request Allocated
	   Cpus                 :                 1         1
	   Disk (KB)            :  1000000  2048000   7920798
	   Memory (MB)          :        1     1992      1992
...
001 (297998.001.000) 04/11 13:19:46 Job executing on host: <144.92.181.234:9618?addrs=144.92.181.234-9618+[2607-f388-101c-1000--629]-9618&noUDP&sock=6444_a061_3>
...
006 (297998.001.000) 04/11 13:19:55 Image size of job updated: 32844
	8  -  MemoryUsage of job (MB)
	7348  -  ResidentSetSize of job (KB)
...
001 (298043.001.000) 04/11 13:33:40 Job executing on host: <144.92.181.221:9618?addrs=144.92.181.221-9618+[2607-f388-101c-1000--629]-9618&noUDP&sock=6118_0481_3>
...
006 (298043.001.000) 04/11 13:33:48 Image size of job updated: 136692
	33  -  MemoryUsage of job (MB)
	33588  -  ResidentSetSize of job (KB)
...
006 (297998.001.000) 04/11 13:39:56 Image size of job updated: 287392
	281  -  MemoryUsage of job (MB)
	287284  -  ResidentSetSize of job (KB)
...
006 (298043.001.000) 04/11 13:53:48 Image size of job updated: 300368
	276  -  MemoryUsage of job (MB)
	282572  -  ResidentSetSize of job (KB)
...
006 (297998.001.000) 04/11 13:59:57 Image size of job updated: 290756
	284  -  MemoryUsage of job (MB)
	290648  -  ResidentSetSize of job (KB)
...
006 (298043.001.000) 04/11 14:13:48 Image size of job updated: 300368
	284  -  MemoryUsage of job (MB)
	290504  -  ResidentSetSize of job (KB)
...
006 (297998.001.000) 04/11 14:19:58 Image size of job updated: 294392
	284  -  MemoryUsage of job (MB)
	290648  -  ResidentSetSize of job (KB)
...
006 (298043.001.000) 04/11 14:33:48 Image size of job updated: 300368
	286  -  MemoryUsage of job (MB)
	292132  -  ResidentSetSize of job (KB)
...
006 (297998.001.000) 04/11 14:39:58 Image size of job updated: 294552
	285  -  MemoryUsage of job (MB)
	290876  -  ResidentSetSize of job (KB)
...
006 (298043.001.000) 04/11 14:53:49 Image size of job updated: 300368
	286  -  MemoryUsage of job (MB)
	292356  -  ResidentSetSize of job (KB)
...
006 (297998.001.000) 04/11 14:59:58 Image size of job updated: 295352
	286  -  MemoryUsage of job (MB)
	292480  -  ResidentSetSize of job (KB)
...
006 (298043.001.000) 04/11 15:33:51 Image size of job updated: 300368
	286  -  MemoryUsage of job (MB)
	292860  -  ResidentSetSize of job (KB)
...
005 (298043.001.000) 04/11 15:47:34 Job terminated.
	(1) Normal termination (return value 0)
		Usr 0 00:28:20, Sys 0 00:01:17  -  Run Remote Usage
		Usr 0 00:00:00, Sys 0 00:00:00  -  Run Local Usage
		Usr 0 00:28:20, Sys 0 00:01:17  -  Total Remote Usage
		Usr 0 00:00:00, Sys 0 00:00:00  -  Total Local Usage
	1236715  -  Run Bytes Sent By Job
	287387  -  Run Bytes Received By Job
	1236715  -  Total Bytes Sent By Job
	287387  -  Total Bytes Received By Job
	Partitionable Resources :    Usage  Request Allocated
	   Cpus                 :                 1         1
	   Disk (KB)            :  1000000  2048000   3167771
	   Memory (MB)          :      286     1992      1992
...
005 (297998.001.000) 04/11 15:47:34 Job terminated.
	(1) Normal termination (return value 0)
		Usr 0 00:32:46, Sys 0 00:01:28  -  Run Remote Usage
		Usr 0 00:00:00, Sys 0 00:00:00  -  Run Local Usage
		Usr 0 00:32:46, Sys 0 00:01:28  -  Total Remote Usage
		Usr 0 00:00:00, Sys 0 00:00:00  -  Total Local Usage
	1232916  -  Run Bytes Sent By Job
	287387  -  Run Bytes Received By Job
	1232916  -  Total Bytes Sent By Job
	287387  -  Total Bytes Received By Job
	Partitionable Resources :    Usage  Request Allocated
	   Cpus                 :                 1         1
	   Disk (KB)            :  1000000  2048000   4751688
	   Memory (MB)          :      286     1992      1992
...
