000 (297966.001.000) 04/11 13:09:24 Job submitted from host: <144.92.181.244:9618?addrs=144.92.181.244-9618+[2607-f388-101c-1000--371]-9618&noUDP&sock=5651_b1c7_3>
...
000 (298011.001.000) 04/11 13:11:09 Job submitted from host: <144.92.181.244:9618?addrs=144.92.181.244-9618+[2607-f388-101c-1000--371]-9618&noUDP&sock=5651_b1c7_3>
...
000 (298056.001.000) 04/11 13:12:11 Job submitted from host: <144.92.181.244:9618?addrs=144.92.181.244-9618+[2607-f388-101c-1000--371]-9618&noUDP&sock=5651_b1c7_3>
...
001 (297966.001.000) 04/11 13:18:12 Job executing on host: <144.92.180.31:9618?addrs=144.92.180.31-9618+[2607-f388-101c-1000--629]-9618&noUDP&sock=6856_3966_3>
...
006 (297966.001.000) 04/11 13:18:13 Image size of job updated: 1
	0  -  MemoryUsage of job (MB)
	0  -  ResidentSetSize of job (KB)
...
004 (297966.001.000) 04/11 13:18:16 Job was evicted.
	(0) Job terminated and was requeued
		Usr 0 00:00:00, Sys 0 00:00:00  -  Run Remote Usage
		Usr 0 00:00:00, Sys 0 00:00:00  -  Run Local Usage
	377  -  Run Bytes Sent By Job
	287387  -  Run Bytes Received By Job
	(1) Normal termination (return value 127)
	The job attribute OnExitRemove expression '( ExitBySignal == false && ( ExitCode == 0 || ExitCode == 42 || NumJobStarts > 3 ) )' evaluated to FALSE
...
001 (297966.001.000) 04/11 13:19:39 Job executing on host: <144.92.181.189:9618?addrs=144.92.181.189-9618+[2607-f388-101c-1000--629]-9618&noUDP&sock=9248_eff0_3>
...
004 (297966.001.000) 04/11 13:19:41 Job was evicted.
	(0) Job terminated and was requeued
		Usr 0 00:00:00, Sys 0 00:00:00  -  Run Remote Usage
		Usr 0 00:00:00, Sys 0 00:00:00  -  Run Local Usage
	377  -  Run Bytes Sent By Job
	287387  -  Run Bytes Received By Job
	(1) Normal termination (return value 127)
	The job attribute OnExitRemove expression '( ExitBySignal == false && ( ExitCode == 0 || ExitCode == 42 || NumJobStarts > 3 ) )' evaluated to FALSE
...
001 (297966.001.000) 04/11 13:21:03 Job executing on host: <144.92.180.246:9618?addrs=144.92.180.246-9618+[2607-f388-101c-1000--629]-9618&noUDP&sock=9338_ab76_3>
...
004 (297966.001.000) 04/11 13:21:04 Job was evicted.
	(0) Job terminated and was requeued
		Usr 0 00:00:00, Sys 0 00:00:00  -  Run Remote Usage
		Usr 0 00:00:00, Sys 0 00:00:00  -  Run Local Usage
	376  -  Run Bytes Sent By Job
	287387  -  Run Bytes Received By Job
	(1) Normal termination (return value 127)
	The job attribute OnExitRemove expression '( ExitBySignal == false && ( ExitCode == 0 || ExitCode == 42 || NumJobStarts > 3 ) )' evaluated to FALSE
...
001 (297966.001.000) 04/11 13:21:13 Job executing on host: <128.104.227.26:9618?addrs=128.104.227.26-9618+[2607-f388-101c-1000--629]-9618&noUDP&sock=9468_d6c6_3>
...
006 (297966.001.000) 04/11 13:21:18 Image size of job updated: 560
	0  -  MemoryUsage of job (MB)
	0  -  ResidentSetSize of job (KB)
...
005 (297966.001.000) 04/11 13:21:18 Job terminated.
	(1) Normal termination (return value 127)
		Usr 0 00:00:00, Sys 0 00:00:00  -  Run Remote Usage
		Usr 0 00:00:00, Sys 0 00:00:00  -  Run Local Usage
		Usr 0 00:00:00, Sys 0 00:00:00  -  Total Remote Usage
		Usr 0 00:00:00, Sys 0 00:00:00  -  Total Local Usage
	377  -  Run Bytes Sent By Job
	287387  -  Run Bytes Received By Job
	1507  -  Total Bytes Sent By Job
	1149548  -  Total Bytes Received By Job
	Partitionable Resources :    Usage  Request Allocated
	   Cpus                 :                 1         1
	   Disk (KB)            :  1000000  2048000   9504753
	   Memory (MB)          :        0     1992      1992
...
001 (298011.001.000) 04/11 13:23:08 Job executing on host: <128.104.227.51:9618?addrs=128.104.227.51-9618+[2607-f388-101c-1000--629]-9618&noUDP&sock=9468_d6c6_3>
...
006 (298011.001.000) 04/11 13:23:16 Image size of job updated: 199776
	108  -  MemoryUsage of job (MB)
	109880  -  ResidentSetSize of job (KB)
...
006 (298011.001.000) 04/11 13:43:16 Image size of job updated: 239928
	234  -  MemoryUsage of job (MB)
	239528  -  ResidentSetSize of job (KB)
...
001 (298056.001.000) 04/11 13:49:43 Job executing on host: <128.104.227.26:9618?addrs=128.104.227.26-9618+[2607-f388-101c-1000--629]-9618&noUDP&sock=9468_d6c6_3>
...
006 (298056.001.000) 04/11 13:49:52 Image size of job updated: 162772
	108  -  MemoryUsage of job (MB)
	109884  -  ResidentSetSize of job (KB)
...
006 (298011.001.000) 04/11 14:03:16 Image size of job updated: 244908
	237  -  MemoryUsage of job (MB)
	242496  -  ResidentSetSize of job (KB)
...
006 (298056.001.000) 04/11 14:09:53 Image size of job updated: 236172
	231  -  MemoryUsage of job (MB)
	236044  -  ResidentSetSize of job (KB)
...
006 (298011.001.000) 04/11 14:23:16 Image size of job updated: 244908
	238  -  MemoryUsage of job (MB)
	242872  -  ResidentSetSize of job (KB)
...
006 (298056.001.000) 04/11 14:29:54 Image size of job updated: 243652
	238  -  MemoryUsage of job (MB)
	243524  -  ResidentSetSize of job (KB)
...
006 (298011.001.000) 04/11 14:43:16 Image size of job updated: 244908
	238  -  MemoryUsage of job (MB)
	243220  -  ResidentSetSize of job (KB)
...
006 (298056.001.000) 04/11 14:49:55 Image size of job updated: 244436
	239  -  MemoryUsage of job (MB)
	244308  -  ResidentSetSize of job (KB)
...
006 (298011.001.000) 04/11 15:03:16 Image size of job updated: 244908
	239  -  MemoryUsage of job (MB)
	243800  -  ResidentSetSize of job (KB)
...
005 (298011.001.000) 04/11 15:08:02 Job terminated.
	(1) Normal termination (return value 0)
		Usr 0 00:13:25, Sys 0 00:00:54  -  Run Remote Usage
		Usr 0 00:00:00, Sys 0 00:00:00  -  Run Local Usage
		Usr 0 00:13:25, Sys 0 00:00:54  -  Total Remote Usage
		Usr 0 00:00:00, Sys 0 00:00:00  -  Total Local Usage
	850734  -  Run Bytes Sent By Job
	287387  -  Run Bytes Received By Job
	850734  -  Total Bytes Sent By Job
	287387  -  Total Bytes Received By Job
	Partitionable Resources :    Usage  Request Allocated
	   Cpus                 :                 1         1
	   Disk (KB)            :  1000000  2048000   9503831
	   Memory (MB)          :      239     1992      1992
...
006 (298056.001.000) 04/11 15:09:56 Image size of job updated: 245380
	239  -  MemoryUsage of job (MB)
	244400  -  ResidentSetSize of job (KB)
...
005 (298056.001.000) 04/11 15:26:52 Job terminated.
	(1) Normal termination (return value 0)
		Usr 0 00:10:39, Sys 0 00:00:34  -  Run Remote Usage
		Usr 0 00:00:00, Sys 0 00:00:00  -  Run Local Usage
		Usr 0 00:10:39, Sys 0 00:00:34  -  Total Remote Usage
		Usr 0 00:00:00, Sys 0 00:00:00  -  Total Local Usage
	850733  -  Run Bytes Sent By Job
	287387  -  Run Bytes Received By Job
	850733  -  Total Bytes Sent By Job
	287387  -  Total Bytes Received By Job
	Partitionable Resources :    Usage  Request Allocated
	   Cpus                 :                 1         1
	   Disk (KB)            :  1000000  2048000   9504753
	   Memory (MB)          :      239     1992      1992
...
