000 (297967.001.000) 04/11 13:09:24 Job submitted from host: <144.92.181.244:9618?addrs=144.92.181.244-9618+[2607-f388-101c-1000--371]-9618&noUDP&sock=5651_b1c7_3>
...
000 (298012.001.000) 04/11 13:11:09 Job submitted from host: <144.92.181.244:9618?addrs=144.92.181.244-9618+[2607-f388-101c-1000--371]-9618&noUDP&sock=5651_b1c7_3>
...
000 (298057.001.000) 04/11 13:12:12 Job submitted from host: <144.92.181.244:9618?addrs=144.92.181.244-9618+[2607-f388-101c-1000--371]-9618&noUDP&sock=5651_b1c7_3>
...
001 (297967.001.000) 04/11 13:18:13 Job executing on host: <144.92.181.152:9618?addrs=144.92.181.152-9618+[2607-f388-101c-1000--629]-9618&noUDP&sock=9237_6465_3>
...
006 (297967.001.000) 04/11 13:18:14 Image size of job updated: 1
	0  -  MemoryUsage of job (MB)
	0  -  ResidentSetSize of job (KB)
...
004 (297967.001.000) 04/11 13:18:16 Job was evicted.
	(0) Job terminated and was requeued
		Usr 0 00:00:00, Sys 0 00:00:00  -  Run Remote Usage
		Usr 0 00:00:00, Sys 0 00:00:00  -  Run Local Usage
	377  -  Run Bytes Sent By Job
	287387  -  Run Bytes Received By Job
	(1) Normal termination (return value 127)
	The job attribute OnExitRemove expression '( ExitBySignal == false && ( ExitCode == 0 || ExitCode == 42 || NumJobStarts > 3 ) )' evaluated to FALSE
...
001 (297967.001.000) 04/11 13:19:39 Job executing on host: <144.92.181.148:9618?addrs=144.92.181.148-9618+[2607-f388-101c-1000--629]-9618&noUDP&sock=8993_0749_3>
...
004 (297967.001.000) 04/11 13:19:41 Job was evicted.
	(0) Job terminated and was requeued
		Usr 0 00:00:00, Sys 0 00:00:00  -  Run Remote Usage
		Usr 0 00:00:00, Sys 0 00:00:00  -  Run Local Usage
	377  -  Run Bytes Sent By Job
	287387  -  Run Bytes Received By Job
	(1) Normal termination (return value 127)
	The job attribute OnExitRemove expression '( ExitBySignal == false && ( ExitCode == 0 || ExitCode == 42 || NumJobStarts > 3 ) )' evaluated to FALSE
...
001 (297967.001.000) 04/11 13:21:04 Job executing on host: <128.104.227.26:9618?addrs=128.104.227.26-9618+[2607-f388-101c-1000--629]-9618&noUDP&sock=9468_d6c6_3>
...
006 (297967.001.000) 04/11 13:21:05 Image size of job updated: 376096
	0  -  MemoryUsage of job (MB)
	0  -  ResidentSetSize of job (KB)
...
004 (297967.001.000) 04/11 13:21:06 Job was evicted.
	(0) Job terminated and was requeued
		Usr 0 00:00:00, Sys 0 00:00:00  -  Run Remote Usage
		Usr 0 00:00:00, Sys 0 00:00:00  -  Run Local Usage
	377  -  Run Bytes Sent By Job
	287387  -  Run Bytes Received By Job
	(1) Normal termination (return value 127)
	The job attribute OnExitRemove expression '( ExitBySignal == false && ( ExitCode == 0 || ExitCode == 42 || NumJobStarts > 3 ) )' evaluated to FALSE
...
001 (297967.001.000) 04/11 13:21:22 Job executing on host: <128.104.227.26:9618?addrs=128.104.227.26-9618+[2607-f388-101c-1000--629]-9618&noUDP&sock=9468_d6c6_3>
...
005 (297967.001.000) 04/11 13:21:24 Job terminated.
	(1) Normal termination (return value 127)
		Usr 0 00:00:00, Sys 0 00:00:00  -  Run Remote Usage
		Usr 0 00:00:00, Sys 0 00:00:00  -  Run Local Usage
		Usr 0 00:00:00, Sys 0 00:00:00  -  Total Remote Usage
		Usr 0 00:00:00, Sys 0 00:00:00  -  Total Local Usage
	377  -  Run Bytes Sent By Job
	287387  -  Run Bytes Received By Job
	1508  -  Total Bytes Sent By Job
	1149548  -  Total Bytes Received By Job
	Partitionable Resources :    Usage  Request Allocated
	   Cpus                 :                 1         1
	   Disk (KB)            :  1000000  2048000   9504753
	   Memory (MB)          :        0     1992      1992
...
001 (298012.001.000) 04/11 13:23:08 Job executing on host: <128.104.227.35:9618?addrs=128.104.227.35-9618+[2607-f388-101c-1000--629]-9618&noUDP&sock=9446_bfb0_3>
...
006 (298012.001.000) 04/11 13:23:16 Image size of job updated: 171260
	108  -  MemoryUsage of job (MB)
	109852  -  ResidentSetSize of job (KB)
...
006 (298012.001.000) 04/11 13:43:17 Image size of job updated: 232952
	228  -  MemoryUsage of job (MB)
	232952  -  ResidentSetSize of job (KB)
...
001 (298057.001.000) 04/11 13:49:43 Job executing on host: <144.92.181.148:9618?addrs=144.92.181.148-9618+[2607-f388-101c-1000--629]-9618&noUDP&sock=8993_0749_3>
...
006 (298057.001.000) 04/11 13:49:52 Image size of job updated: 230544
	122  -  MemoryUsage of job (MB)
	124184  -  ResidentSetSize of job (KB)
...
006 (298012.001.000) 04/11 14:03:18 Image size of job updated: 238284
	233  -  MemoryUsage of job (MB)
	238284  -  ResidentSetSize of job (KB)
...
006 (298057.001.000) 04/11 14:09:53 Image size of job updated: 239100
	232  -  MemoryUsage of job (MB)
	236576  -  ResidentSetSize of job (KB)
...
006 (298057.001.000) 04/11 14:29:54 Image size of job updated: 241280
	234  -  MemoryUsage of job (MB)
	238756  -  ResidentSetSize of job (KB)
...
005 (298012.001.000) 04/11 15:12:00 Job terminated.
	(1) Normal termination (return value 0)
		Usr 0 00:15:09, Sys 0 00:00:48  -  Run Remote Usage
		Usr 0 00:00:00, Sys 0 00:00:00  -  Run Local Usage
		Usr 0 00:15:09, Sys 0 00:00:48  -  Total Remote Usage
		Usr 0 00:00:00, Sys 0 00:00:00  -  Total Local Usage
	824034  -  Run Bytes Sent By Job
	287387  -  Run Bytes Received By Job
	824034  -  Total Bytes Sent By Job
	287387  -  Total Bytes Received By Job
	Partitionable Resources :    Usage  Request Allocated
	   Cpus                 :                 1         1
	   Disk (KB)            :  1000000  2048000   9504807
	   Memory (MB)          :      233     1992      1992
...
005 (298057.001.000) 04/11 15:12:00 Job terminated.
	(1) Normal termination (return value 0)
		Usr 0 00:14:07, Sys 0 00:00:40  -  Run Remote Usage
		Usr 0 00:00:00, Sys 0 00:00:00  -  Run Local Usage
		Usr 0 00:14:07, Sys 0 00:00:40  -  Total Remote Usage
		Usr 0 00:00:00, Sys 0 00:00:00  -  Total Local Usage
	824035  -  Run Bytes Sent By Job
	287387  -  Run Bytes Received By Job
	824035  -  Total Bytes Sent By Job
	287387  -  Total Bytes Received By Job
	Partitionable Resources :    Usage  Request Allocated
	   Cpus                 :                 1         1
	   Disk (KB)            :  1000000  2048000   7920798
	   Memory (MB)          :      234     1992      1992
...
