000 (297957.001.000) 04/11 13:09:18 Job submitted from host: <144.92.181.244:9618?addrs=144.92.181.244-9618+[2607-f388-101c-1000--371]-9618&noUDP&sock=5651_b1c7_3>
...
000 (298002.001.000) 04/11 13:11:02 Job submitted from host: <144.92.181.244:9618?addrs=144.92.181.244-9618+[2607-f388-101c-1000--371]-9618&noUDP&sock=5651_b1c7_3>
...
000 (298047.001.000) 04/11 13:12:05 Job submitted from host: <144.92.181.244:9618?addrs=144.92.181.244-9618+[2607-f388-101c-1000--371]-9618&noUDP&sock=5651_b1c7_3>
...
001 (297957.001.000) 04/11 13:14:33 Job executing on host: <128.104.227.50:9618?addrs=128.104.227.50-9618+[2607-f388-101c-1000--629]-9618&noUDP&sock=9465_c7fd_3>
...
006 (297957.001.000) 04/11 13:14:34 Image size of job updated: 1
	0  -  MemoryUsage of job (MB)
	0  -  ResidentSetSize of job (KB)
...
004 (297957.001.000) 04/11 13:14:35 Job was evicted.
	(0) Job terminated and was requeued
		Usr 0 00:00:00, Sys 0 00:00:00  -  Run Remote Usage
		Usr 0 00:00:00, Sys 0 00:00:00  -  Run Local Usage
	377  -  Run Bytes Sent By Job
	287387  -  Run Bytes Received By Job
	(1) Normal termination (return value 127)
	The job attribute OnExitRemove expression '( ExitBySignal == false && ( ExitCode == 0 || ExitCode == 42 || NumJobStarts > 3 ) )' evaluated to FALSE
...
001 (297957.001.000) 04/11 13:16:05 Job executing on host: <128.104.227.35:9618?addrs=128.104.227.35-9618+[2607-f388-101c-1000--629]-9618&noUDP&sock=9446_bfb0_3>
...
004 (297957.001.000) 04/11 13:16:07 Job was evicted.
	(0) Job terminated and was requeued
		Usr 0 00:00:00, Sys 0 00:00:00  -  Run Remote Usage
		Usr 0 00:00:00, Sys 0 00:00:00  -  Run Local Usage
	377  -  Run Bytes Sent By Job
	287387  -  Run Bytes Received By Job
	(1) Normal termination (return value 127)
	The job attribute OnExitRemove expression '( ExitBySignal == false && ( ExitCode == 0 || ExitCode == 42 || NumJobStarts > 3 ) )' evaluated to FALSE
...
001 (297957.001.000) 04/11 13:16:38 Job executing on host: <144.92.180.69:9618?addrs=144.92.180.69-9618+[2607-f388-101c-1000--629]-9618&noUDP&sock=9134_be24_3>
...
004 (297957.001.000) 04/11 13:16:40 Job was evicted.
	(0) Job terminated and was requeued
		Usr 0 00:00:00, Sys 0 00:00:00  -  Run Remote Usage
		Usr 0 00:00:00, Sys 0 00:00:00  -  Run Local Usage
	377  -  Run Bytes Sent By Job
	287387  -  Run Bytes Received By Job
	(1) Normal termination (return value 127)
	The job attribute OnExitRemove expression '( ExitBySignal == false && ( ExitCode == 0 || ExitCode == 42 || NumJobStarts > 3 ) )' evaluated to FALSE
...
001 (297957.001.000) 04/11 13:17:13 Job executing on host: <144.92.181.183:9618?addrs=144.92.181.183-9618+[2607-f388-101c-1000--629]-9618&noUDP&sock=8988_9950_3>
...
005 (297957.001.000) 04/11 13:17:14 Job terminated.
	(1) Normal termination (return value 127)
		Usr 0 00:00:00, Sys 0 00:00:00  -  Run Remote Usage
		Usr 0 00:00:00, Sys 0 00:00:00  -  Run Local Usage
		Usr 0 00:00:00, Sys 0 00:00:00  -  Total Remote Usage
		Usr 0 00:00:00, Sys 0 00:00:00  -  Total Local Usage
	376  -  Run Bytes Sent By Job
	287387  -  Run Bytes Received By Job
	1507  -  Total Bytes Sent By Job
	1149548  -  Total Bytes Received By Job
	Partitionable Resources :    Usage  Request Allocated
	   Cpus                 :                 1         1
	   Disk (KB)            :  1000000  2048000   7920798
	   Memory (MB)          :        0     1992      1992
...
001 (298002.001.000) 04/11 13:21:46 Job executing on host: <128.104.227.26:9618?addrs=128.104.227.26-9618+[2607-f388-101c-1000--629]-9618&noUDP&sock=9468_d6c6_3>
...
006 (298002.001.000) 04/11 13:21:55 Image size of job updated: 202640
	108  -  MemoryUsage of job (MB)
	110080  -  ResidentSetSize of job (KB)
...
006 (298002.001.000) 04/11 13:41:56 Image size of job updated: 244880
	238  -  MemoryUsage of job (MB)
	243428  -  ResidentSetSize of job (KB)
...
001 (298047.001.000) 04/11 13:43:56 Job executing on host: <128.104.227.46:9618?addrs=128.104.227.46-9618+[2607-f388-101c-1000--629]-9618&noUDP&sock=9480_11e9_3>
...
006 (298047.001.000) 04/11 13:44:05 Image size of job updated: 214744
	108  -  MemoryUsage of job (MB)
	110052  -  ResidentSetSize of job (KB)
...
006 (298002.001.000) 04/11 14:01:57 Image size of job updated: 244880
	239  -  MemoryUsage of job (MB)
	243888  -  ResidentSetSize of job (KB)
...
006 (298047.001.000) 04/11 14:04:06 Image size of job updated: 244088
	237  -  MemoryUsage of job (MB)
	242544  -  ResidentSetSize of job (KB)
...
006 (298002.001.000) 04/11 14:21:58 Image size of job updated: 244916
	239  -  MemoryUsage of job (MB)
	244460  -  ResidentSetSize of job (KB)
...
006 (298047.001.000) 04/11 14:24:07 Image size of job updated: 244600
	238  -  MemoryUsage of job (MB)
	243040  -  ResidentSetSize of job (KB)
...
006 (298047.001.000) 04/11 15:04:09 Image size of job updated: 248108
	239  -  MemoryUsage of job (MB)
	244224  -  ResidentSetSize of job (KB)
...
006 (298047.001.000) 04/11 15:24:10 Image size of job updated: 249924
	241  -  MemoryUsage of job (MB)
	246040  -  ResidentSetSize of job (KB)
...
005 (298047.001.000) 04/11 15:48:57 Job terminated.
	(1) Normal termination (return value 0)
		Usr 0 00:19:55, Sys 0 00:01:05  -  Run Remote Usage
		Usr 0 00:00:00, Sys 0 00:00:00  -  Run Local Usage
		Usr 0 00:19:55, Sys 0 00:01:05  -  Total Remote Usage
		Usr 0 00:00:00, Sys 0 00:00:00  -  Total Local Usage
	987854  -  Run Bytes Sent By Job
	287387  -  Run Bytes Received By Job
	987854  -  Total Bytes Sent By Job
	287387  -  Total Bytes Received By Job
	Partitionable Resources :    Usage  Request Allocated
	   Cpus                 :                 1         1
	   Disk (KB)            :  1000000  2048000   9504937
	   Memory (MB)          :      241     1992      1992
...
005 (298002.001.000) 04/11 15:48:57 Job terminated.
	(1) Normal termination (return value 0)
		Usr 0 00:20:10, Sys 0 00:00:57  -  Run Remote Usage
		Usr 0 00:00:00, Sys 0 00:00:00  -  Run Local Usage
		Usr 0 00:20:10, Sys 0 00:00:57  -  Total Remote Usage
		Usr 0 00:00:00, Sys 0 00:00:00  -  Total Local Usage
	987854  -  Run Bytes Sent By Job
	287387  -  Run Bytes Received By Job
	987854  -  Total Bytes Sent By Job
	287387  -  Total Bytes Received By Job
	Partitionable Resources :    Usage  Request Allocated
	   Cpus                 :                 1         1
	   Disk (KB)            :  1000000  2048000   9504753
	   Memory (MB)          :      239     1992      1992
...
