000 (297965.001.000) 04/11 13:09:23 Job submitted from host: <144.92.181.244:9618?addrs=144.92.181.244-9618+[2607-f388-101c-1000--371]-9618&noUDP&sock=5651_b1c7_3>
...
000 (298010.001.000) 04/11 13:11:08 Job submitted from host: <144.92.181.244:9618?addrs=144.92.181.244-9618+[2607-f388-101c-1000--371]-9618&noUDP&sock=5651_b1c7_3>
...
000 (298055.001.000) 04/11 13:12:10 Job submitted from host: <144.92.181.244:9618?addrs=144.92.181.244-9618+[2607-f388-101c-1000--371]-9618&noUDP&sock=5651_b1c7_3>
...
001 (297965.001.000) 04/11 13:16:41 Job executing on host: <144.92.180.167:9618?addrs=144.92.180.167-9618+[2607-f388-101c-1000--629]-9618&noUDP&sock=6821_3795_3>
...
006 (297965.001.000) 04/11 13:16:42 Image size of job updated: 5244
	0  -  MemoryUsage of job (MB)
	0  -  ResidentSetSize of job (KB)
...
004 (297965.001.000) 04/11 13:16:43 Job was evicted.
	(0) Job terminated and was requeued
		Usr 0 00:00:00, Sys 0 00:00:00  -  Run Remote Usage
		Usr 0 00:00:00, Sys 0 00:00:00  -  Run Local Usage
	376  -  Run Bytes Sent By Job
	287387  -  Run Bytes Received By Job
	(1) Normal termination (return value 127)
	The job attribute OnExitRemove expression '( ExitBySignal == false && ( ExitCode == 0 || ExitCode == 42 || NumJobStarts > 3 ) )' evaluated to FALSE
...
001 (297965.001.000) 04/11 13:18:11 Job executing on host: <128.104.227.33:9618?addrs=128.104.227.33-9618+[2607-f388-101c-1000--629]-9618&noUDP&sock=9432_255d_3>
...
004 (297965.001.000) 04/11 13:18:14 Job was evicted.
	(0) Job terminated and was requeued
		Usr 0 00:00:00, Sys 0 00:00:00  -  Run Remote Usage
		Usr 0 00:00:00, Sys 0 00:00:00  -  Run Local Usage
	377  -  Run Bytes Sent By Job
	287387  -  Run Bytes Received By Job
	(1) Normal termination (return value 127)
	The job attribute OnExitRemove expression '( ExitBySignal == false && ( ExitCode == 0 || ExitCode == 42 || NumJobStarts > 3 ) )' evaluated to FALSE
...
001 (297965.001.000) 04/11 13:19:37 Job executing on host: <128.104.227.26:9618?addrs=128.104.227.26-9618+[2607-f388-101c-1000--629]-9618&noUDP&sock=9468_d6c6_3>
...
006 (297965.001.000) 04/11 13:19:38 Image size of job updated: 226388
	1  -  MemoryUsage of job (MB)
	4  -  ResidentSetSize of job (KB)
...
004 (297965.001.000) 04/11 13:19:38 Job was evicted.
	(0) Job terminated and was requeued
		Usr 0 00:00:00, Sys 0 00:00:00  -  Run Remote Usage
		Usr 0 00:00:00, Sys 0 00:00:00  -  Run Local Usage
	377  -  Run Bytes Sent By Job
	287387  -  Run Bytes Received By Job
	(1) Normal termination (return value 127)
	The job attribute OnExitRemove expression '( ExitBySignal == false && ( ExitCode == 0 || ExitCode == 42 || NumJobStarts > 3 ) )' evaluated to FALSE
...
001 (297965.001.000) 04/11 13:20:01 Job executing on host: <128.104.227.26:9618?addrs=128.104.227.26-9618+[2607-f388-101c-1000--629]-9618&noUDP&sock=9468_d6c6_3>
...
005 (297965.001.000) 04/11 13:20:02 Job terminated.
	(1) Normal termination (return value 127)
		Usr 0 00:00:00, Sys 0 00:00:00  -  Run Remote Usage
		Usr 0 00:00:00, Sys 0 00:00:00  -  Run Local Usage
		Usr 0 00:00:00, Sys 0 00:00:00  -  Total Remote Usage
		Usr 0 00:00:00, Sys 0 00:00:00  -  Total Local Usage
	377  -  Run Bytes Sent By Job
	287387  -  Run Bytes Received By Job
	1507  -  Total Bytes Sent By Job
	1149548  -  Total Bytes Received By Job
	Partitionable Resources :    Usage  Request Allocated
	   Cpus                 :                 1         1
	   Disk (KB)            :  1000000  2048000   9504753
	   Memory (MB)          :        1     1992      1992
...
001 (298010.001.000) 04/11 13:23:07 Job executing on host: <144.92.181.152:9618?addrs=144.92.181.152-9618+[2607-f388-101c-1000--629]-9618&noUDP&sock=9237_6465_3>
...
006 (298010.001.000) 04/11 13:23:15 Image size of job updated: 163788
	53  -  MemoryUsage of job (MB)
	53420  -  ResidentSetSize of job (KB)
...
006 (298010.001.000) 04/11 13:43:16 Image size of job updated: 229204
	223  -  MemoryUsage of job (MB)
	227520  -  ResidentSetSize of job (KB)
...
001 (298055.001.000) 04/11 13:48:34 Job executing on host: <128.104.227.107:9618?addrs=128.104.227.107-9618+[2607-f388-101c-1000--56]-9618&noUDP&sock=11106_5ee7_3>
...
006 (298055.001.000) 04/11 13:48:43 Image size of job updated: 213532
	106  -  MemoryUsage of job (MB)
	108236  -  ResidentSetSize of job (KB)
...
006 (298010.001.000) 04/11 14:03:17 Image size of job updated: 232716
	226  -  MemoryUsage of job (MB)
	231032  -  ResidentSetSize of job (KB)
...
006 (298055.001.000) 04/11 14:08:44 Image size of job updated: 231532
	226  -  MemoryUsage of job (MB)
	230404  -  ResidentSetSize of job (KB)
...
006 (298010.001.000) 04/11 14:23:18 Image size of job updated: 232716
	227  -  MemoryUsage of job (MB)
	232320  -  ResidentSetSize of job (KB)
...
006 (298055.001.000) 04/11 14:28:45 Image size of job updated: 234280
	228  -  MemoryUsage of job (MB)
	233020  -  ResidentSetSize of job (KB)
...
006 (298010.001.000) 04/11 14:43:19 Image size of job updated: 234568
	230  -  MemoryUsage of job (MB)
	234568  -  ResidentSetSize of job (KB)
...
006 (298055.001.000) 04/11 14:48:46 Image size of job updated: 234340
	228  -  MemoryUsage of job (MB)
	233084  -  ResidentSetSize of job (KB)
...
006 (298010.001.000) 04/11 15:03:20 Image size of job updated: 236088
	231  -  MemoryUsage of job (MB)
	236088  -  ResidentSetSize of job (KB)
...
006 (298055.001.000) 04/11 15:08:47 Image size of job updated: 237900
	229  -  MemoryUsage of job (MB)
	234376  -  ResidentSetSize of job (KB)
...
006 (298055.001.000) 04/11 15:48:49 Image size of job updated: 241236
	233  -  MemoryUsage of job (MB)
	237976  -  ResidentSetSize of job (KB)
...
005 (298010.001.000) 04/11 15:51:25 Job terminated.
	(1) Normal termination (return value 0)
		Usr 0 00:22:03, Sys 0 00:01:01  -  Run Remote Usage
		Usr 0 00:00:00, Sys 0 00:00:00  -  Run Local Usage
		Usr 0 00:22:03, Sys 0 00:01:01  -  Total Remote Usage
		Usr 0 00:00:00, Sys 0 00:00:00  -  Total Local Usage
	1041359  -  Run Bytes Sent By Job
	287387  -  Run Bytes Received By Job
	1041359  -  Total Bytes Sent By Job
	287387  -  Total Bytes Received By Job
	Partitionable Resources :    Usage  Request Allocated
	   Cpus                 :                 1         1
	   Disk (KB)            :  1000000  2048000   7920798
	   Memory (MB)          :      231     1992      1992
...
005 (298055.001.000) 04/11 16:17:03 Job terminated.
	(1) Normal termination (return value 0)
		Usr 0 00:21:41, Sys 0 00:01:06  -  Run Remote Usage
		Usr 0 00:00:00, Sys 0 00:00:00  -  Run Local Usage
		Usr 0 00:21:41, Sys 0 00:01:06  -  Total Remote Usage
		Usr 0 00:00:00, Sys 0 00:00:00  -  Total Local Usage
	1041359  -  Run Bytes Sent By Job
	287387  -  Run Bytes Received By Job
	1041359  -  Total Bytes Sent By Job
	287387  -  Total Bytes Received By Job
	Partitionable Resources :    Usage  Request Allocated
	   Cpus                 :                 1         1
	   Disk (KB)            :  1000000  2048000   9504803
	   Memory (MB)          :      233     1992      1992
...
