000 (297971.001.000) 04/11 13:09:26 Job submitted from host: <144.92.181.244:9618?addrs=144.92.181.244-9618+[2607-f388-101c-1000--371]-9618&noUDP&sock=5651_b1c7_3>
...
000 (298016.001.000) 04/11 13:11:11 Job submitted from host: <144.92.181.244:9618?addrs=144.92.181.244-9618+[2607-f388-101c-1000--371]-9618&noUDP&sock=5651_b1c7_3>
...
000 (298061.001.000) 04/11 13:12:14 Job submitted from host: <144.92.181.244:9618?addrs=144.92.181.244-9618+[2607-f388-101c-1000--371]-9618&noUDP&sock=5651_b1c7_3>
...
001 (297971.001.000) 04/11 13:18:15 Job executing on host: <144.92.180.205:9618?addrs=144.92.180.205-9618+[2607-f388-101c-1000--629]-9618&noUDP&sock=6898_0860_3>
...
006 (297971.001.000) 04/11 13:18:15 Image size of job updated: 1
	0  -  MemoryUsage of job (MB)
	0  -  ResidentSetSize of job (KB)
...
004 (297971.001.000) 04/11 13:18:17 Job was evicted.
	(0) Job terminated and was requeued
		Usr 0 00:00:00, Sys 0 00:00:00  -  Run Remote Usage
		Usr 0 00:00:00, Sys 0 00:00:00  -  Run Local Usage
	377  -  Run Bytes Sent By Job
	287387  -  Run Bytes Received By Job
	(1) Normal termination (return value 127)
	The job attribute OnExitRemove expression '( ExitBySignal == false && ( ExitCode == 0 || ExitCode == 42 || NumJobStarts > 3 ) )' evaluated to FALSE
...
001 (297971.001.000) 04/11 13:19:40 Job executing on host: <128.104.227.45:9618?addrs=128.104.227.45-9618+[2607-f388-101c-1000--629]-9618&noUDP&sock=9426_07cb_3>
...
006 (297971.001.000) 04/11 13:19:40 Image size of job updated: 121184
	1  -  MemoryUsage of job (MB)
	4  -  ResidentSetSize of job (KB)
...
004 (297971.001.000) 04/11 13:19:43 Job was evicted.
	(0) Job terminated and was requeued
		Usr 0 00:00:00, Sys 0 00:00:00  -  Run Remote Usage
		Usr 0 00:00:00, Sys 0 00:00:00  -  Run Local Usage
	377  -  Run Bytes Sent By Job
	287387  -  Run Bytes Received By Job
	(1) Normal termination (return value 127)
	The job attribute OnExitRemove expression '( ExitBySignal == false && ( ExitCode == 0 || ExitCode == 42 || NumJobStarts > 3 ) )' evaluated to FALSE
...
001 (297971.001.000) 04/11 13:21:05 Job executing on host: <128.104.227.50:9618?addrs=128.104.227.50-9618+[2607-f388-101c-1000--629]-9618&noUDP&sock=9465_c7fd_3>
...
004 (297971.001.000) 04/11 13:21:06 Job was evicted.
	(0) Job terminated and was requeued
		Usr 0 00:00:00, Sys 0 00:00:00  -  Run Remote Usage
		Usr 0 00:00:00, Sys 0 00:00:00  -  Run Local Usage
	376  -  Run Bytes Sent By Job
	287387  -  Run Bytes Received By Job
	(1) Normal termination (return value 127)
	The job attribute OnExitRemove expression '( ExitBySignal == false && ( ExitCode == 0 || ExitCode == 42 || NumJobStarts > 3 ) )' evaluated to FALSE
...
001 (297971.001.000) 04/11 13:21:36 Job executing on host: <144.92.180.246:9618?addrs=144.92.180.246-9618+[2607-f388-101c-1000--629]-9618&noUDP&sock=9338_ab76_3>
...
005 (297971.001.000) 04/11 13:21:36 Job terminated.
	(1) Normal termination (return value 127)
		Usr 0 00:00:00, Sys 0 00:00:00  -  Run Remote Usage
		Usr 0 00:00:00, Sys 0 00:00:00  -  Run Local Usage
		Usr 0 00:00:00, Sys 0 00:00:00  -  Total Remote Usage
		Usr 0 00:00:00, Sys 0 00:00:00  -  Total Local Usage
	376  -  Run Bytes Sent By Job
	287387  -  Run Bytes Received By Job
	1506  -  Total Bytes Sent By Job
	1149548  -  Total Bytes Received By Job
	Partitionable Resources :    Usage  Request Allocated
	   Cpus                 :                 1         1
	   Disk (KB)            :  1000000  2048000   7920798
	   Memory (MB)          :        1     1992      1992
...
001 (298016.001.000) 04/11 13:24:41 Job executing on host: <144.92.181.214:9618?addrs=144.92.181.214-9618+[2607-f388-101c-1000--629]-9618&noUDP&sock=6226_18bc_3>
...
006 (298016.001.000) 04/11 13:24:49 Image size of job updated: 135012
	34  -  MemoryUsage of job (MB)
	34248  -  ResidentSetSize of job (KB)
...
006 (298016.001.000) 04/11 13:44:49 Image size of job updated: 318380
	241  -  MemoryUsage of job (MB)
	246264  -  ResidentSetSize of job (KB)
...
001 (298061.001.000) 04/11 13:51:39 Job executing on host: <144.92.181.183:9618?addrs=144.92.181.183-9618+[2607-f388-101c-1000--629]-9618&noUDP&sock=8988_9950_3>
...
006 (298061.001.000) 04/11 13:51:47 Image size of job updated: 236800
	126  -  MemoryUsage of job (MB)
	128168  -  ResidentSetSize of job (KB)
...
006 (298016.001.000) 04/11 14:04:50 Image size of job updated: 318380
	258  -  MemoryUsage of job (MB)
	264012  -  ResidentSetSize of job (KB)
...
006 (298061.001.000) 04/11 14:11:47 Image size of job updated: 252836
	245  -  MemoryUsage of job (MB)
	250208  -  ResidentSetSize of job (KB)
...
006 (298061.001.000) 04/11 14:31:47 Image size of job updated: 272668
	263  -  MemoryUsage of job (MB)
	269264  -  ResidentSetSize of job (KB)
...
005 (298016.001.000) 04/11 14:52:31 Job terminated.
	(1) Normal termination (return value 0)
		Usr 0 00:17:16, Sys 0 00:01:01  -  Run Remote Usage
		Usr 0 00:00:00, Sys 0 00:00:00  -  Run Local Usage
		Usr 0 00:17:16, Sys 0 00:01:01  -  Total Remote Usage
		Usr 0 00:00:00, Sys 0 00:00:00  -  Total Local Usage
	755111  -  Run Bytes Sent By Job
	287387  -  Run Bytes Received By Job
	755111  -  Total Bytes Sent By Job
	287387  -  Total Bytes Received By Job
	Partitionable Resources :    Usage  Request Allocated
	   Cpus                 :                 1         1
	   Disk (KB)            :  1000000  2048000   3167456
	   Memory (MB)          :      258     1992      1992
...
005 (298061.001.000) 04/11 14:52:33 Job terminated.
	(1) Normal termination (return value 0)
		Usr 0 00:07:30, Sys 0 00:00:22  -  Run Remote Usage
		Usr 0 00:00:00, Sys 0 00:00:00  -  Run Local Usage
		Usr 0 00:07:30, Sys 0 00:00:22  -  Total Remote Usage
		Usr 0 00:00:00, Sys 0 00:00:00  -  Total Local Usage
	729904  -  Run Bytes Sent By Job
	287387  -  Run Bytes Received By Job
	729904  -  Total Bytes Sent By Job
	287387  -  Total Bytes Received By Job
	Partitionable Resources :    Usage  Request Allocated
	   Cpus                 :                 1         1
	   Disk (KB)            :  1000000  2048000   7920798
	   Memory (MB)          :      263     1992      1992
...
