file path found: /hdfs/store/user/varuns/NTuples/MC/MC2018_RunIIAutumn18_102X/EWK/WW/MC_WW_1.root
name: MC_WW_1.root
filenumber: 0
file path found: /hdfs/store/user/varuns/NTuples/MC/MC2018_RunIIAutumn18_102X/EWK/WW/MC_WW_10.root
name: MC_WW_10.root
filenumber: 1
file path found: /hdfs/store/user/varuns/NTuples/MC/MC2018_RunIIAutumn18_102X/EWK/WW/MC_WW_11.root
name: MC_WW_11.root
filenumber: 2
file path found: /hdfs/store/user/varuns/NTuples/MC/MC2018_RunIIAutumn18_102X/EWK/WW/MC_WW_12.root
name: MC_WW_12.root
filenumber: 3
file path found: /hdfs/store/user/varuns/NTuples/MC/MC2018_RunIIAutumn18_102X/EWK/WW/MC_WW_13.root
name: MC_WW_13.root
filenumber: 4
file path found: /hdfs/store/user/varuns/NTuples/MC/MC2018_RunIIAutumn18_102X/EWK/WW/MC_WW_14.root
name: MC_WW_14.root
filenumber: 5
file path found: /hdfs/store/user/varuns/NTuples/MC/MC2018_RunIIAutumn18_102X/EWK/WW/MC_WW_15.root
name: MC_WW_15.root
filenumber: 6
file path found: /hdfs/store/user/varuns/NTuples/MC/MC2018_RunIIAutumn18_102X/EWK/WW/MC_WW_16.root
name: MC_WW_16.root
filenumber: 7
file path found: /hdfs/store/user/varuns/NTuples/MC/MC2018_RunIIAutumn18_102X/EWK/WW/MC_WW_17.root
name: MC_WW_17.root
filenumber: 8
file path found: /hdfs/store/user/varuns/NTuples/MC/MC2018_RunIIAutumn18_102X/EWK/WW/MC_WW_18.root
name: MC_WW_18.root
filenumber: 9
file path found: /hdfs/store/user/varuns/NTuples/MC/MC2018_RunIIAutumn18_102X/EWK/WW/MC_WW_19.root
name: MC_WW_19.root
filenumber: 10
file path found: /hdfs/store/user/varuns/NTuples/MC/MC2018_RunIIAutumn18_102X/EWK/WW/MC_WW_2.root
name: MC_WW_2.root
filenumber: 11
file path found: /hdfs/store/user/varuns/NTuples/MC/MC2018_RunIIAutumn18_102X/EWK/WW/MC_WW_20.root
name: MC_WW_20.root
filenumber: 12
file path found: /hdfs/store/user/varuns/NTuples/MC/MC2018_RunIIAutumn18_102X/EWK/WW/MC_WW_21.root
name: MC_WW_21.root
filenumber: 13
file path found: /hdfs/store/user/varuns/NTuples/MC/MC2018_RunIIAutumn18_102X/EWK/WW/MC_WW_22.root
name: MC_WW_22.root
filenumber: 14
file path found: /hdfs/store/user/varuns/NTuples/MC/MC2018_RunIIAutumn18_102X/EWK/WW/MC_WW_23.root
name: MC_WW_23.root
filenumber: 15
file path found: /hdfs/store/user/varuns/NTuples/MC/MC2018_RunIIAutumn18_102X/EWK/WW/MC_WW_24.root
name: MC_WW_24.root
filenumber: 16
file path found: /hdfs/store/user/varuns/NTuples/MC/MC2018_RunIIAutumn18_102X/EWK/WW/MC_WW_25.root
name: MC_WW_25.root
filenumber: 17
file path found: /hdfs/store/user/varuns/NTuples/MC/MC2018_RunIIAutumn18_102X/EWK/WW/MC_WW_26.root
name: MC_WW_26.root
filenumber: 18
file path found: /hdfs/store/user/varuns/NTuples/MC/MC2018_RunIIAutumn18_102X/EWK/WW/MC_WW_27.root
name: MC_WW_27.root
filenumber: 19
file path found: /hdfs/store/user/varuns/NTuples/MC/MC2018_RunIIAutumn18_102X/EWK/WW/MC_WW_28.root
name: MC_WW_28.root
filenumber: 20
file path found: /hdfs/store/user/varuns/NTuples/MC/MC2018_RunIIAutumn18_102X/EWK/WW/MC_WW_29.root
name: MC_WW_29.root
filenumber: 21
file path found: /hdfs/store/user/varuns/NTuples/MC/MC2018_RunIIAutumn18_102X/EWK/WW/MC_WW_3.root
name: MC_WW_3.root
filenumber: 22
file path found: /hdfs/store/user/varuns/NTuples/MC/MC2018_RunIIAutumn18_102X/EWK/WW/MC_WW_30.root
name: MC_WW_30.root
filenumber: 23
file path found: /hdfs/store/user/varuns/NTuples/MC/MC2018_RunIIAutumn18_102X/EWK/WW/MC_WW_31.root
name: MC_WW_31.root
filenumber: 24
file path found: /hdfs/store/user/varuns/NTuples/MC/MC2018_RunIIAutumn18_102X/EWK/WW/MC_WW_32.root
name: MC_WW_32.root
filenumber: 25
file path found: /hdfs/store/user/varuns/NTuples/MC/MC2018_RunIIAutumn18_102X/EWK/WW/MC_WW_33.root
name: MC_WW_33.root
filenumber: 26
file path found: /hdfs/store/user/varuns/NTuples/MC/MC2018_RunIIAutumn18_102X/EWK/WW/MC_WW_34.root
name: MC_WW_34.root
filenumber: 27
file path found: /hdfs/store/user/varuns/NTuples/MC/MC2018_RunIIAutumn18_102X/EWK/WW/MC_WW_35.root
name: MC_WW_35.root
filenumber: 28
file path found: /hdfs/store/user/varuns/NTuples/MC/MC2018_RunIIAutumn18_102X/EWK/WW/MC_WW_36.root
name: MC_WW_36.root
filenumber: 29
file path found: /hdfs/store/user/varuns/NTuples/MC/MC2018_RunIIAutumn18_102X/EWK/WW/MC_WW_37.root
name: MC_WW_37.root
filenumber: 30
file path found: /hdfs/store/user/varuns/NTuples/MC/MC2018_RunIIAutumn18_102X/EWK/WW/MC_WW_38.root
name: MC_WW_38.root
filenumber: 31
file path found: /hdfs/store/user/varuns/NTuples/MC/MC2018_RunIIAutumn18_102X/EWK/WW/MC_WW_39.root
name: MC_WW_39.root
filenumber: 32
file path found: /hdfs/store/user/varuns/NTuples/MC/MC2018_RunIIAutumn18_102X/EWK/WW/MC_WW_4.root
name: MC_WW_4.root
filenumber: 33
file path found: /hdfs/store/user/varuns/NTuples/MC/MC2018_RunIIAutumn18_102X/EWK/WW/MC_WW_40.root
name: MC_WW_40.root
filenumber: 34
file path found: /hdfs/store/user/varuns/NTuples/MC/MC2018_RunIIAutumn18_102X/EWK/WW/MC_WW_41.root
name: MC_WW_41.root
filenumber: 35
Adding FullPathInputFile to chain:/hdfs/store/user/varuns/NTuples/MC/MC2018_RunIIAutumn18_102X/EWK/WW/MC_WW_41.root

file path found: /hdfs/store/user/varuns/NTuples/MC/MC2018_RunIIAutumn18_102X/EWK/WW/MC_WW_42.root
name: MC_WW_42.root
filenumber: 36
Adding FullPathInputFile to chain:/hdfs/store/user/varuns/NTuples/MC/MC2018_RunIIAutumn18_102X/EWK/WW/MC_WW_42.root

file path found: /hdfs/store/user/varuns/NTuples/MC/MC2018_RunIIAutumn18_102X/EWK/WW/MC_WW_43.root
name: MC_WW_43.root
filenumber: 37
Adding FullPathInputFile to chain:/hdfs/store/user/varuns/NTuples/MC/MC2018_RunIIAutumn18_102X/EWK/WW/MC_WW_43.root

file path found: /hdfs/store/user/varuns/NTuples/MC/MC2018_RunIIAutumn18_102X/EWK/WW/MC_WW_44.root
name: MC_WW_44.root
filenumber: 38
Adding FullPathInputFile to chain:/hdfs/store/user/varuns/NTuples/MC/MC2018_RunIIAutumn18_102X/EWK/WW/MC_WW_44.root

file path found: /hdfs/store/user/varuns/NTuples/MC/MC2018_RunIIAutumn18_102X/EWK/WW/MC_WW_45.root
name: MC_WW_45.root
filenumber: 39
Adding FullPathInputFile to chain:/hdfs/store/user/varuns/NTuples/MC/MC2018_RunIIAutumn18_102X/EWK/WW/MC_WW_45.root

file path found: /hdfs/store/user/varuns/NTuples/MC/MC2018_RunIIAutumn18_102X/EWK/WW/MC_WW_46.root
name: MC_WW_46.root
filenumber: 40
Adding FullPathInputFile to chain:/hdfs/store/user/varuns/NTuples/MC/MC2018_RunIIAutumn18_102X/EWK/WW/MC_WW_46.root

file path found: /hdfs/store/user/varuns/NTuples/MC/MC2018_RunIIAutumn18_102X/EWK/WW/MC_WW_47.root
name: MC_WW_47.root
filenumber: 41
Adding FullPathInputFile to chain:/hdfs/store/user/varuns/NTuples/MC/MC2018_RunIIAutumn18_102X/EWK/WW/MC_WW_47.root

file path found: /hdfs/store/user/varuns/NTuples/MC/MC2018_RunIIAutumn18_102X/EWK/WW/MC_WW_48.root
name: MC_WW_48.root
filenumber: 42
Adding FullPathInputFile to chain:/hdfs/store/user/varuns/NTuples/MC/MC2018_RunIIAutumn18_102X/EWK/WW/MC_WW_48.root

file path found: /hdfs/store/user/varuns/NTuples/MC/MC2018_RunIIAutumn18_102X/EWK/WW/MC_WW_49.root
name: MC_WW_49.root
filenumber: 43
Adding FullPathInputFile to chain:/hdfs/store/user/varuns/NTuples/MC/MC2018_RunIIAutumn18_102X/EWK/WW/MC_WW_49.root

file path found: /hdfs/store/user/varuns/NTuples/MC/MC2018_RunIIAutumn18_102X/EWK/WW/MC_WW_5.root
name: MC_WW_5.root
filenumber: 44
file path found: /hdfs/store/user/varuns/NTuples/MC/MC2018_RunIIAutumn18_102X/EWK/WW/MC_WW_50.root
name: MC_WW_50.root
filenumber: 45
Adding FullPathInputFile to chain:/hdfs/store/user/varuns/NTuples/MC/MC2018_RunIIAutumn18_102X/EWK/WW/MC_WW_50.root

file path found: /hdfs/store/user/varuns/NTuples/MC/MC2018_RunIIAutumn18_102X/EWK/WW/MC_WW_51.root
name: MC_WW_51.root
filenumber: 46
Adding FullPathInputFile to chain:/hdfs/store/user/varuns/NTuples/MC/MC2018_RunIIAutumn18_102X/EWK/WW/MC_WW_51.root

file path found: /hdfs/store/user/varuns/NTuples/MC/MC2018_RunIIAutumn18_102X/EWK/WW/MC_WW_52.root
name: MC_WW_52.root
filenumber: 47
Adding FullPathInputFile to chain:/hdfs/store/user/varuns/NTuples/MC/MC2018_RunIIAutumn18_102X/EWK/WW/MC_WW_52.root

file path found: /hdfs/store/user/varuns/NTuples/MC/MC2018_RunIIAutumn18_102X/EWK/WW/MC_WW_53.root
name: MC_WW_53.root
filenumber: 48
Adding FullPathInputFile to chain:/hdfs/store/user/varuns/NTuples/MC/MC2018_RunIIAutumn18_102X/EWK/WW/MC_WW_53.root

file path found: /hdfs/store/user/varuns/NTuples/MC/MC2018_RunIIAutumn18_102X/EWK/WW/MC_WW_54.root
name: MC_WW_54.root
filenumber: 49
Adding FullPathInputFile to chain:/hdfs/store/user/varuns/NTuples/MC/MC2018_RunIIAutumn18_102X/EWK/WW/MC_WW_54.root

file path found: /hdfs/store/user/varuns/NTuples/MC/MC2018_RunIIAutumn18_102X/EWK/WW/MC_WW_55.root
name: MC_WW_55.root
filenumber: 50
Adding FullPathInputFile to chain:/hdfs/store/user/varuns/NTuples/MC/MC2018_RunIIAutumn18_102X/EWK/WW/MC_WW_55.root

file path found: /hdfs/store/user/varuns/NTuples/MC/MC2018_RunIIAutumn18_102X/EWK/WW/MC_WW_56.root
name: MC_WW_56.root
filenumber: 51
Adding FullPathInputFile to chain:/hdfs/store/user/varuns/NTuples/MC/MC2018_RunIIAutumn18_102X/EWK/WW/MC_WW_56.root

file path found: /hdfs/store/user/varuns/NTuples/MC/MC2018_RunIIAutumn18_102X/EWK/WW/MC_WW_57.root
name: MC_WW_57.root
filenumber: 52
Adding FullPathInputFile to chain:/hdfs/store/user/varuns/NTuples/MC/MC2018_RunIIAutumn18_102X/EWK/WW/MC_WW_57.root

file path found: /hdfs/store/user/varuns/NTuples/MC/MC2018_RunIIAutumn18_102X/EWK/WW/MC_WW_58.root
name: MC_WW_58.root
filenumber: 53
Adding FullPathInputFile to chain:/hdfs/store/user/varuns/NTuples/MC/MC2018_RunIIAutumn18_102X/EWK/WW/MC_WW_58.root

file path found: /hdfs/store/user/varuns/NTuples/MC/MC2018_RunIIAutumn18_102X/EWK/WW/MC_WW_59.root
name: MC_WW_59.root
filenumber: 54
Adding FullPathInputFile to chain:/hdfs/store/user/varuns/NTuples/MC/MC2018_RunIIAutumn18_102X/EWK/WW/MC_WW_59.root

file path found: /hdfs/store/user/varuns/NTuples/MC/MC2018_RunIIAutumn18_102X/EWK/WW/MC_WW_6.root
name: MC_WW_6.root
filenumber: 55
file path found: /hdfs/store/user/varuns/NTuples/MC/MC2018_RunIIAutumn18_102X/EWK/WW/MC_WW_60.root
name: MC_WW_60.root
filenumber: 56
Adding FullPathInputFile to chain:/hdfs/store/user/varuns/NTuples/MC/MC2018_RunIIAutumn18_102X/EWK/WW/MC_WW_60.root

file path found: /hdfs/store/user/varuns/NTuples/MC/MC2018_RunIIAutumn18_102X/EWK/WW/MC_WW_61.root
name: MC_WW_61.root
filenumber: 57
Adding FullPathInputFile to chain:/hdfs/store/user/varuns/NTuples/MC/MC2018_RunIIAutumn18_102X/EWK/WW/MC_WW_61.root

file path found: /hdfs/store/user/varuns/NTuples/MC/MC2018_RunIIAutumn18_102X/EWK/WW/MC_WW_62.root
name: MC_WW_62.root
filenumber: 58
Adding FullPathInputFile to chain:/hdfs/store/user/varuns/NTuples/MC/MC2018_RunIIAutumn18_102X/EWK/WW/MC_WW_62.root

file path found: /hdfs/store/user/varuns/NTuples/MC/MC2018_RunIIAutumn18_102X/EWK/WW/MC_WW_63.root
name: MC_WW_63.root
filenumber: 59
Adding FullPathInputFile to chain:/hdfs/store/user/varuns/NTuples/MC/MC2018_RunIIAutumn18_102X/EWK/WW/MC_WW_63.root

file path found: /hdfs/store/user/varuns/NTuples/MC/MC2018_RunIIAutumn18_102X/EWK/WW/MC_WW_64.root
name: MC_WW_64.root
filenumber: 60
Adding FullPathInputFile to chain:/hdfs/store/user/varuns/NTuples/MC/MC2018_RunIIAutumn18_102X/EWK/WW/MC_WW_64.root

file path found: /hdfs/store/user/varuns/NTuples/MC/MC2018_RunIIAutumn18_102X/EWK/WW/MC_WW_65.root
name: MC_WW_65.root
filenumber: 61
Adding FullPathInputFile to chain:/hdfs/store/user/varuns/NTuples/MC/MC2018_RunIIAutumn18_102X/EWK/WW/MC_WW_65.root

file path found: /hdfs/store/user/varuns/NTuples/MC/MC2018_RunIIAutumn18_102X/EWK/WW/MC_WW_66.root
name: MC_WW_66.root
filenumber: 62
Adding FullPathInputFile to chain:/hdfs/store/user/varuns/NTuples/MC/MC2018_RunIIAutumn18_102X/EWK/WW/MC_WW_66.root

file path found: /hdfs/store/user/varuns/NTuples/MC/MC2018_RunIIAutumn18_102X/EWK/WW/MC_WW_67.root
name: MC_WW_67.root
filenumber: 63
Adding FullPathInputFile to chain:/hdfs/store/user/varuns/NTuples/MC/MC2018_RunIIAutumn18_102X/EWK/WW/MC_WW_67.root

file path found: /hdfs/store/user/varuns/NTuples/MC/MC2018_RunIIAutumn18_102X/EWK/WW/MC_WW_68.root
name: MC_WW_68.root
filenumber: 64
Adding FullPathInputFile to chain:/hdfs/store/user/varuns/NTuples/MC/MC2018_RunIIAutumn18_102X/EWK/WW/MC_WW_68.root

file path found: /hdfs/store/user/varuns/NTuples/MC/MC2018_RunIIAutumn18_102X/EWK/WW/MC_WW_69.root
name: MC_WW_69.root
filenumber: 65
Adding FullPathInputFile to chain:/hdfs/store/user/varuns/NTuples/MC/MC2018_RunIIAutumn18_102X/EWK/WW/MC_WW_69.root

file path found: /hdfs/store/user/varuns/NTuples/MC/MC2018_RunIIAutumn18_102X/EWK/WW/MC_WW_7.root
name: MC_WW_7.root
filenumber: 66
file path found: /hdfs/store/user/varuns/NTuples/MC/MC2018_RunIIAutumn18_102X/EWK/WW/MC_WW_70.root
name: MC_WW_70.root
filenumber: 67
Adding FullPathInputFile to chain:/hdfs/store/user/varuns/NTuples/MC/MC2018_RunIIAutumn18_102X/EWK/WW/MC_WW_70.root

file path found: /hdfs/store/user/varuns/NTuples/MC/MC2018_RunIIAutumn18_102X/EWK/WW/MC_WW_71.root
name: MC_WW_71.root
filenumber: 68
Adding FullPathInputFile to chain:/hdfs/store/user/varuns/NTuples/MC/MC2018_RunIIAutumn18_102X/EWK/WW/MC_WW_71.root

file path found: /hdfs/store/user/varuns/NTuples/MC/MC2018_RunIIAutumn18_102X/EWK/WW/MC_WW_72.root
name: MC_WW_72.root
filenumber: 69
Adding FullPathInputFile to chain:/hdfs/store/user/varuns/NTuples/MC/MC2018_RunIIAutumn18_102X/EWK/WW/MC_WW_72.root

file path found: /hdfs/store/user/varuns/NTuples/MC/MC2018_RunIIAutumn18_102X/EWK/WW/MC_WW_73.root
name: MC_WW_73.root
filenumber: 70
Adding FullPathInputFile to chain:/hdfs/store/user/varuns/NTuples/MC/MC2018_RunIIAutumn18_102X/EWK/WW/MC_WW_73.root

file path found: /hdfs/store/user/varuns/NTuples/MC/MC2018_RunIIAutumn18_102X/EWK/WW/MC_WW_74.root
name: MC_WW_74.root
filenumber: 71
Adding FullPathInputFile to chain:/hdfs/store/user/varuns/NTuples/MC/MC2018_RunIIAutumn18_102X/EWK/WW/MC_WW_74.root

file path found: /hdfs/store/user/varuns/NTuples/MC/MC2018_RunIIAutumn18_102X/EWK/WW/MC_WW_75.root
name: MC_WW_75.root
filenumber: 72
Adding FullPathInputFile to chain:/hdfs/store/user/varuns/NTuples/MC/MC2018_RunIIAutumn18_102X/EWK/WW/MC_WW_75.root

file path found: /hdfs/store/user/varuns/NTuples/MC/MC2018_RunIIAutumn18_102X/EWK/WW/MC_WW_76.root
name: MC_WW_76.root
filenumber: 73
Adding FullPathInputFile to chain:/hdfs/store/user/varuns/NTuples/MC/MC2018_RunIIAutumn18_102X/EWK/WW/MC_WW_76.root

file path found: /hdfs/store/user/varuns/NTuples/MC/MC2018_RunIIAutumn18_102X/EWK/WW/MC_WW_77.root
name: MC_WW_77.root
filenumber: 74
Adding FullPathInputFile to chain:/hdfs/store/user/varuns/NTuples/MC/MC2018_RunIIAutumn18_102X/EWK/WW/MC_WW_77.root

file path found: /hdfs/store/user/varuns/NTuples/MC/MC2018_RunIIAutumn18_102X/EWK/WW/MC_WW_78.root
name: MC_WW_78.root
filenumber: 75
Adding FullPathInputFile to chain:/hdfs/store/user/varuns/NTuples/MC/MC2018_RunIIAutumn18_102X/EWK/WW/MC_WW_78.root

file path found: /hdfs/store/user/varuns/NTuples/MC/MC2018_RunIIAutumn18_102X/EWK/WW/MC_WW_79.root
name: MC_WW_79.root
filenumber: 76
Adding FullPathInputFile to chain:/hdfs/store/user/varuns/NTuples/MC/MC2018_RunIIAutumn18_102X/EWK/WW/MC_WW_79.root

file path found: /hdfs/store/user/varuns/NTuples/MC/MC2018_RunIIAutumn18_102X/EWK/WW/MC_WW_8.root
name: MC_WW_8.root
filenumber: 77
file path found: /hdfs/store/user/varuns/NTuples/MC/MC2018_RunIIAutumn18_102X/EWK/WW/MC_WW_80.root
name: MC_WW_80.root
filenumber: 78
Adding FullPathInputFile to chain:/hdfs/store/user/varuns/NTuples/MC/MC2018_RunIIAutumn18_102X/EWK/WW/MC_WW_80.root

file path found: /hdfs/store/user/varuns/NTuples/MC/MC2018_RunIIAutumn18_102X/EWK/WW/MC_WW_9.root
name: MC_WW_9.root
filenumber: 79
file path found: /hdfs/store/user/varuns/NTuples/MC/MC2018_RunIIAutumn18_102X/EWK/WW/.
name: .
filenumber: 80
file path found: /hdfs/store/user/varuns/NTuples/MC/MC2018_RunIIAutumn18_102X/EWK/WW/..
name: ..
filenumber: 81
40 files added.
Initializing chain.
Coming in: 
nentries:3880000
Running over 3880000 events.
Finished entry 0/3879999
Finished entry 10000/3879999
Finished entry 20000/3879999
Finished entry 30000/3879999
Finished entry 40000/3879999
Finished entry 50000/3879999
Finished entry 60000/3879999
Finished entry 70000/3879999
Finished entry 80000/3879999
Finished entry 90000/3879999
Finished entry 100000/3879999
Finished entry 110000/3879999
Finished entry 120000/3879999
Finished entry 130000/3879999
Finished entry 140000/3879999
Finished entry 150000/3879999
Finished entry 160000/3879999
Finished entry 170000/3879999
Finished entry 180000/3879999
Finished entry 190000/3879999
Finished entry 200000/3879999
Finished entry 210000/3879999
Finished entry 220000/3879999
Finished entry 230000/3879999
Finished entry 240000/3879999
Finished entry 250000/3879999
Finished entry 260000/3879999
Finished entry 270000/3879999
Finished entry 280000/3879999
Finished entry 290000/3879999
Finished entry 300000/3879999
Finished entry 310000/3879999
Finished entry 320000/3879999
Finished entry 330000/3879999
Finished entry 340000/3879999
Finished entry 350000/3879999
Finished entry 360000/3879999
Finished entry 370000/3879999
Finished entry 380000/3879999
Finished entry 390000/3879999
Finished entry 400000/3879999
Finished entry 410000/3879999
Finished entry 420000/3879999
Finished entry 430000/3879999
Finished entry 440000/3879999
Finished entry 450000/3879999
Finished entry 460000/3879999
Finished entry 470000/3879999
Finished entry 480000/3879999
Finished entry 490000/3879999
Finished entry 500000/3879999
Finished entry 510000/3879999
Finished entry 520000/3879999
Finished entry 530000/3879999
Finished entry 540000/3879999
Finished entry 550000/3879999
Finished entry 560000/3879999
Finished entry 570000/3879999
Finished entry 580000/3879999
Finished entry 590000/3879999
Finished entry 600000/3879999
Finished entry 610000/3879999
Finished entry 620000/3879999
Finished entry 630000/3879999
Finished entry 640000/3879999
Finished entry 650000/3879999
Finished entry 660000/3879999
Finished entry 670000/3879999
Finished entry 680000/3879999
Finished entry 690000/3879999
Finished entry 700000/3879999
Finished entry 710000/3879999
Finished entry 720000/3879999
Finished entry 730000/3879999
Finished entry 740000/3879999
Finished entry 750000/3879999
Finished entry 760000/3879999
Finished entry 770000/3879999
Finished entry 780000/3879999
Finished entry 790000/3879999
Finished entry 800000/3879999
Finished entry 810000/3879999
Finished entry 820000/3879999
Finished entry 830000/3879999
Finished entry 840000/3879999
Finished entry 850000/3879999
Finished entry 860000/3879999
Finished entry 870000/3879999
Finished entry 880000/3879999
Finished entry 890000/3879999
Finished entry 900000/3879999
Finished entry 910000/3879999
Finished entry 920000/3879999
Finished entry 930000/3879999
Finished entry 940000/3879999
Finished entry 950000/3879999
Finished entry 960000/3879999
Finished entry 970000/3879999
Finished entry 980000/3879999
Finished entry 990000/3879999
Finished entry 1000000/3879999
Finished entry 1010000/3879999
Finished entry 1020000/3879999
Finished entry 1030000/3879999
Finished entry 1040000/3879999
Finished entry 1050000/3879999
Finished entry 1060000/3879999
Finished entry 1070000/3879999
Finished entry 1080000/3879999
Finished entry 1090000/3879999
Finished entry 1100000/3879999
Finished entry 1110000/3879999
Finished entry 1120000/3879999
Finished entry 1130000/3879999
Finished entry 1140000/3879999
Finished entry 1150000/3879999
Finished entry 1160000/3879999
Finished entry 1170000/3879999
Finished entry 1180000/3879999
Finished entry 1190000/3879999
Finished entry 1200000/3879999
Finished entry 1210000/3879999
Finished entry 1220000/3879999
Finished entry 1230000/3879999
Finished entry 1240000/3879999
Finished entry 1250000/3879999
Finished entry 1260000/3879999
Finished entry 1270000/3879999
Finished entry 1280000/3879999
Finished entry 1290000/3879999
Finished entry 1300000/3879999
Finished entry 1310000/3879999
Finished entry 1320000/3879999
Finished entry 1330000/3879999
Finished entry 1340000/3879999
Finished entry 1350000/3879999
Finished entry 1360000/3879999
Finished entry 1370000/3879999
Finished entry 1380000/3879999
Finished entry 1390000/3879999
Finished entry 1400000/3879999
Finished entry 1410000/3879999
Finished entry 1420000/3879999
Finished entry 1430000/3879999
Finished entry 1440000/3879999
Finished entry 1450000/3879999
Finished entry 1460000/3879999
Finished entry 1470000/3879999
Finished entry 1480000/3879999
Finished entry 1490000/3879999
Finished entry 1500000/3879999
Finished entry 1510000/3879999
Finished entry 1520000/3879999
Finished entry 1530000/3879999
Finished entry 1540000/3879999
Finished entry 1550000/3879999
Finished entry 1560000/3879999
Finished entry 1570000/3879999
Finished entry 1580000/3879999
Finished entry 1590000/3879999
Finished entry 1600000/3879999
Finished entry 1610000/3879999
Finished entry 1620000/3879999
Finished entry 1630000/3879999
Finished entry 1640000/3879999
Finished entry 1650000/3879999
Finished entry 1660000/3879999
Finished entry 1670000/3879999
Finished entry 1680000/3879999
Finished entry 1690000/3879999
Finished entry 1700000/3879999
Finished entry 1710000/3879999
Finished entry 1720000/3879999
Finished entry 1730000/3879999
Finished entry 1740000/3879999
Finished entry 1750000/3879999
Finished entry 1760000/3879999
Finished entry 1770000/3879999
Finished entry 1780000/3879999
Finished entry 1790000/3879999
Finished entry 1800000/3879999
Finished entry 1810000/3879999
Finished entry 1820000/3879999
Finished entry 1830000/3879999
Finished entry 1840000/3879999
Finished entry 1850000/3879999
Finished entry 1860000/3879999
Finished entry 1870000/3879999
Finished entry 1880000/3879999
Finished entry 1890000/3879999
Finished entry 1900000/3879999
Finished entry 1910000/3879999
Finished entry 1920000/3879999
Finished entry 1930000/3879999
Finished entry 1940000/3879999
Finished entry 1950000/3879999
Finished entry 1960000/3879999
Finished entry 1970000/3879999
Finished entry 1980000/3879999
Finished entry 1990000/3879999
Finished entry 2000000/3879999
Finished entry 2010000/3879999
Finished entry 2020000/3879999
Finished entry 2030000/3879999
Finished entry 2040000/3879999
Finished entry 2050000/3879999
Finished entry 2060000/3879999
Finished entry 2070000/3879999
Finished entry 2080000/3879999
Finished entry 2090000/3879999
Finished entry 2100000/3879999
Finished entry 2110000/3879999
Finished entry 2120000/3879999
Finished entry 2130000/3879999
Finished entry 2140000/3879999
Finished entry 2150000/3879999
Finished entry 2160000/3879999
Finished entry 2170000/3879999
Finished entry 2180000/3879999
Finished entry 2190000/3879999
Finished entry 2200000/3879999
Finished entry 2210000/3879999
Finished entry 2220000/3879999
Finished entry 2230000/3879999
Finished entry 2240000/3879999
Finished entry 2250000/3879999
Finished entry 2260000/3879999
Finished entry 2270000/3879999
Finished entry 2280000/3879999
Finished entry 2290000/3879999
Finished entry 2300000/3879999
Finished entry 2310000/3879999
Finished entry 2320000/3879999
Finished entry 2330000/3879999
Finished entry 2340000/3879999
Finished entry 2350000/3879999
Finished entry 2360000/3879999
Finished entry 2370000/3879999
Finished entry 2380000/3879999
Finished entry 2390000/3879999
Finished entry 2400000/3879999
Finished entry 2410000/3879999
Finished entry 2420000/3879999
Finished entry 2430000/3879999
Finished entry 2440000/3879999
Finished entry 2450000/3879999
Finished entry 2460000/3879999
Finished entry 2470000/3879999
Finished entry 2480000/3879999
Finished entry 2490000/3879999
Finished entry 2500000/3879999
Finished entry 2510000/3879999
Finished entry 2520000/3879999
Finished entry 2530000/3879999
Finished entry 2540000/3879999
Finished entry 2550000/3879999
Finished entry 2560000/3879999
Finished entry 2570000/3879999
Finished entry 2580000/3879999
Finished entry 2590000/3879999
Finished entry 2600000/3879999
Finished entry 2610000/3879999
Finished entry 2620000/3879999
Finished entry 2630000/3879999
Finished entry 2640000/3879999
Finished entry 2650000/3879999
Finished entry 2660000/3879999
Finished entry 2670000/3879999
Finished entry 2680000/3879999
Finished entry 2690000/3879999
Finished entry 2700000/3879999
Finished entry 2710000/3879999
Finished entry 2720000/3879999
Finished entry 2730000/3879999
Finished entry 2740000/3879999
Finished entry 2750000/3879999
Finished entry 2760000/3879999
Finished entry 2770000/3879999
Finished entry 2780000/3879999
Finished entry 2790000/3879999
Finished entry 2800000/3879999
Finished entry 2810000/3879999
Finished entry 2820000/3879999
Finished entry 2830000/3879999
Finished entry 2840000/3879999
Finished entry 2850000/3879999
Finished entry 2860000/3879999
Finished entry 2870000/3879999
Finished entry 2880000/3879999
Finished entry 2890000/3879999
Finished entry 2900000/3879999
Finished entry 2910000/3879999
Finished entry 2920000/3879999
Finished entry 2930000/3879999
Finished entry 2940000/3879999
Finished entry 2950000/3879999
Finished entry 2960000/3879999
Finished entry 2970000/3879999
Finished entry 2980000/3879999
Finished entry 2990000/3879999
Finished entry 3000000/3879999
Finished entry 3010000/3879999
Finished entry 3020000/3879999
Finished entry 3030000/3879999
Finished entry 3040000/3879999
Finished entry 3050000/3879999
Finished entry 3060000/3879999
Finished entry 3070000/3879999
Finished entry 3080000/3879999
Finished entry 3090000/3879999
Finished entry 3100000/3879999
Finished entry 3110000/3879999
Finished entry 3120000/3879999
Finished entry 3130000/3879999
Finished entry 3140000/3879999
Finished entry 3150000/3879999
Finished entry 3160000/3879999
Finished entry 3170000/3879999
Finished entry 3180000/3879999
Finished entry 3190000/3879999
Finished entry 3200000/3879999
Finished entry 3210000/3879999
Finished entry 3220000/3879999
Finished entry 3230000/3879999
Finished entry 3240000/3879999
Finished entry 3250000/3879999
Finished entry 3260000/3879999
Finished entry 3270000/3879999
Finished entry 3280000/3879999
Finished entry 3290000/3879999
Finished entry 3300000/3879999
Finished entry 3310000/3879999
Finished entry 3320000/3879999
Finished entry 3330000/3879999
Finished entry 3340000/3879999
Finished entry 3350000/3879999
Finished entry 3360000/3879999
Finished entry 3370000/3879999
Finished entry 3380000/3879999
Finished entry 3390000/3879999
Finished entry 3400000/3879999
Finished entry 3410000/3879999
Finished entry 3420000/3879999
Finished entry 3430000/3879999
Finished entry 3440000/3879999
Finished entry 3450000/3879999
Finished entry 3460000/3879999
Finished entry 3470000/3879999
Finished entry 3480000/3879999
Finished entry 3490000/3879999
Finished entry 3500000/3879999
Finished entry 3510000/3879999
Finished entry 3520000/3879999
Finished entry 3530000/3879999
Finished entry 3540000/3879999
Finished entry 3550000/3879999
Finished entry 3560000/3879999
Finished entry 3570000/3879999
Finished entry 3580000/3879999
Finished entry 3590000/3879999
Finished entry 3600000/3879999
Finished entry 3610000/3879999
Finished entry 3620000/3879999
Finished entry 3630000/3879999
Finished entry 3640000/3879999
Finished entry 3650000/3879999
Finished entry 3660000/3879999
Finished entry 3670000/3879999
Finished entry 3680000/3879999
Finished entry 3690000/3879999
Finished entry 3700000/3879999
Finished entry 3710000/3879999
Finished entry 3720000/3879999
Finished entry 3730000/3879999
Finished entry 3740000/3879999
Finished entry 3750000/3879999
Finished entry 3760000/3879999
Finished entry 3770000/3879999
Finished entry 3780000/3879999
Finished entry 3790000/3879999
Finished entry 3800000/3879999
Finished entry 3810000/3879999
Finished entry 3820000/3879999
Finished entry 3830000/3879999
Finished entry 3840000/3879999
Finished entry 3850000/3879999
Finished entry 3860000/3879999
Finished entry 3870000/3879999
