000 (297991.001.000) 04/11 13:09:34 Job submitted from host: <144.92.181.244:9618?addrs=144.92.181.244-9618+[2607-f388-101c-1000--371]-9618&noUDP&sock=5651_b1c7_3>
...
000 (298036.001.000) 04/11 13:11:24 Job submitted from host: <144.92.181.244:9618?addrs=144.92.181.244-9618+[2607-f388-101c-1000--371]-9618&noUDP&sock=5651_b1c7_3>
...
000 (298081.001.000) 04/11 13:12:29 Job submitted from host: <144.92.181.244:9618?addrs=144.92.181.244-9618+[2607-f388-101c-1000--371]-9618&noUDP&sock=5651_b1c7_3>
...
001 (297991.001.000) 04/11 13:19:46 Job executing on host: <144.92.181.209:9618?addrs=144.92.181.209-9618+[2607-f388-101c-1000--629]-9618&noUDP&sock=6084_b249_3>
...
006 (297991.001.000) 04/11 13:19:47 Image size of job updated: 1
	0  -  MemoryUsage of job (MB)
	0  -  ResidentSetSize of job (KB)
...
004 (297991.001.000) 04/11 13:19:48 Job was evicted.
	(0) Job terminated and was requeued
		Usr 0 00:00:00, Sys 0 00:00:00  -  Run Remote Usage
		Usr 0 00:00:00, Sys 0 00:00:00  -  Run Local Usage
	377  -  Run Bytes Sent By Job
	287387  -  Run Bytes Received By Job
	(1) Normal termination (return value 127)
	The job attribute OnExitRemove expression '( ExitBySignal == false && ( ExitCode == 0 || ExitCode == 42 || NumJobStarts > 3 ) )' evaluated to FALSE
...
001 (297991.001.000) 04/11 13:21:11 Job executing on host: <144.92.180.101:9618?addrs=144.92.180.101-9618+[2607-f388-101c-1000--629]-9618&noUDP&sock=6807_9d42_3>
...
004 (297991.001.000) 04/11 13:21:14 Job was evicted.
	(0) Job terminated and was requeued
		Usr 0 00:00:00, Sys 0 00:00:00  -  Run Remote Usage
		Usr 0 00:00:00, Sys 0 00:00:00  -  Run Local Usage
	377  -  Run Bytes Sent By Job
	287387  -  Run Bytes Received By Job
	(1) Normal termination (return value 127)
	The job attribute OnExitRemove expression '( ExitBySignal == false && ( ExitCode == 0 || ExitCode == 42 || NumJobStarts > 3 ) )' evaluated to FALSE
...
001 (297991.001.000) 04/11 13:21:43 Job executing on host: <144.92.180.134:9618?addrs=144.92.180.134-9618+[2607-f388-101c-1000--629]-9618&noUDP&sock=9222_1a79_3>
...
004 (297991.001.000) 04/11 13:21:46 Job was evicted.
	(0) Job terminated and was requeued
		Usr 0 00:00:00, Sys 0 00:00:00  -  Run Remote Usage
		Usr 0 00:00:00, Sys 0 00:00:00  -  Run Local Usage
	376  -  Run Bytes Sent By Job
	287387  -  Run Bytes Received By Job
	(1) Normal termination (return value 127)
	The job attribute OnExitRemove expression '( ExitBySignal == false && ( ExitCode == 0 || ExitCode == 42 || NumJobStarts > 3 ) )' evaluated to FALSE
...
001 (297991.001.000) 04/11 13:21:49 Job executing on host: <128.104.227.33:9618?addrs=128.104.227.33-9618+[2607-f388-101c-1000--629]-9618&noUDP&sock=9432_255d_3>
...
005 (297991.001.000) 04/11 13:21:51 Job terminated.
	(1) Normal termination (return value 127)
		Usr 0 00:00:00, Sys 0 00:00:00  -  Run Remote Usage
		Usr 0 00:00:00, Sys 0 00:00:00  -  Run Local Usage
		Usr 0 00:00:00, Sys 0 00:00:00  -  Total Remote Usage
		Usr 0 00:00:00, Sys 0 00:00:00  -  Total Local Usage
	377  -  Run Bytes Sent By Job
	287387  -  Run Bytes Received By Job
	1507  -  Total Bytes Sent By Job
	1149548  -  Total Bytes Received By Job
	Partitionable Resources :    Usage  Request Allocated
	   Cpus                 :                 1         1
	   Disk (KB)            :  1000000  2048000   9504929
	   Memory (MB)          :        0     1992      1992
...
001 (298036.001.000) 04/11 13:32:39 Job executing on host: <128.104.227.77:9618?addrs=128.104.227.77-9618+[2607-f388-101c-1000--629]-9618&noUDP&sock=9439_f287_3>
...
006 (298036.001.000) 04/11 13:32:48 Image size of job updated: 215672
	108  -  MemoryUsage of job (MB)
	109960  -  ResidentSetSize of job (KB)
...
006 (298036.001.000) 04/11 13:52:49 Image size of job updated: 241952
	234  -  MemoryUsage of job (MB)
	239456  -  ResidentSetSize of job (KB)
...
001 (298081.001.000) 04/11 13:58:09 Job executing on host: <144.92.181.151:9618?addrs=144.92.181.151-9618+[2607-f388-101c-1000--629]-9618&noUDP&sock=9013_bf2e_3>
...
006 (298081.001.000) 04/11 13:58:18 Image size of job updated: 214480
	108  -  MemoryUsage of job (MB)
	109960  -  ResidentSetSize of job (KB)
...
006 (298036.001.000) 04/11 14:12:49 Image size of job updated: 247012
	239  -  MemoryUsage of job (MB)
	244580  -  ResidentSetSize of job (KB)
...
006 (298081.001.000) 04/11 14:18:19 Image size of job updated: 244432
	236  -  MemoryUsage of job (MB)
	241320  -  ResidentSetSize of job (KB)
...
006 (298036.001.000) 04/11 14:32:49 Image size of job updated: 247152
	239  -  MemoryUsage of job (MB)
	244720  -  ResidentSetSize of job (KB)
...
006 (298081.001.000) 04/11 14:38:20 Image size of job updated: 245728
	237  -  MemoryUsage of job (MB)
	242388  -  ResidentSetSize of job (KB)
...
006 (298081.001.000) 04/11 14:58:21 Image size of job updated: 245728
	238  -  MemoryUsage of job (MB)
	242812  -  ResidentSetSize of job (KB)
...
006 (298081.001.000) 04/11 15:38:23 Image size of job updated: 245728
	238  -  MemoryUsage of job (MB)
	243492  -  ResidentSetSize of job (KB)
...
005 (298036.001.000) 04/11 15:52:26 Job terminated.
	(1) Normal termination (return value 0)
		Usr 0 00:17:10, Sys 0 00:00:59  -  Run Remote Usage
		Usr 0 00:00:00, Sys 0 00:00:00  -  Run Local Usage
		Usr 0 00:17:10, Sys 0 00:00:59  -  Total Remote Usage
		Usr 0 00:00:00, Sys 0 00:00:00  -  Total Local Usage
	931944  -  Run Bytes Sent By Job
	287387  -  Run Bytes Received By Job
	931944  -  Total Bytes Sent By Job
	287387  -  Total Bytes Received By Job
	Partitionable Resources :    Usage  Request Allocated
	   Cpus                 :                 1         1
	   Disk (KB)            :  1000000  2048000   9505090
	   Memory (MB)          :      239     1992      1992
...
005 (298081.001.000) 04/11 15:52:27 Job terminated.
	(1) Normal termination (return value 0)
		Usr 0 00:17:17, Sys 0 00:00:51  -  Run Remote Usage
		Usr 0 00:00:00, Sys 0 00:00:00  -  Run Local Usage
		Usr 0 00:17:17, Sys 0 00:00:51  -  Total Remote Usage
		Usr 0 00:00:00, Sys 0 00:00:00  -  Total Local Usage
	931944  -  Run Bytes Sent By Job
	287387  -  Run Bytes Received By Job
	931944  -  Total Bytes Sent By Job
	287387  -  Total Bytes Received By Job
	Partitionable Resources :    Usage  Request Allocated
	   Cpus                 :                 1         1
	   Disk (KB)            :  1000000  2048000   7920798
	   Memory (MB)          :      238     1992      1992
...
