000 (297992.001.000) 04/11 13:09:35 Job submitted from host: <144.92.181.244:9618?addrs=144.92.181.244-9618+[2607-f388-101c-1000--371]-9618&noUDP&sock=5651_b1c7_3>
...
000 (298037.001.000) 04/11 13:11:25 Job submitted from host: <144.92.181.244:9618?addrs=144.92.181.244-9618+[2607-f388-101c-1000--371]-9618&noUDP&sock=5651_b1c7_3>
...
000 (298082.001.000) 04/11 13:12:29 Job submitted from host: <144.92.181.244:9618?addrs=144.92.181.244-9618+[2607-f388-101c-1000--371]-9618&noUDP&sock=5651_b1c7_3>
...
001 (297992.001.000) 04/11 13:19:46 Job executing on host: <144.92.181.230:9618?addrs=144.92.181.230-9618+[2607-f388-101c-1000--629]-9618&noUDP&sock=6217_ec61_3>
...
006 (297992.001.000) 04/11 13:19:47 Image size of job updated: 4
	1  -  MemoryUsage of job (MB)
	4  -  ResidentSetSize of job (KB)
...
004 (297992.001.000) 04/11 13:19:48 Job was evicted.
	(0) Job terminated and was requeued
		Usr 0 00:00:00, Sys 0 00:00:00  -  Run Remote Usage
		Usr 0 00:00:00, Sys 0 00:00:00  -  Run Local Usage
	377  -  Run Bytes Sent By Job
	287387  -  Run Bytes Received By Job
	(1) Normal termination (return value 127)
	The job attribute OnExitRemove expression '( ExitBySignal == false && ( ExitCode == 0 || ExitCode == 42 || NumJobStarts > 3 ) )' evaluated to FALSE
...
001 (297992.001.000) 04/11 13:21:12 Job executing on host: <144.92.181.189:9618?addrs=144.92.181.189-9618+[2607-f388-101c-1000--629]-9618&noUDP&sock=9248_eff0_3>
...
004 (297992.001.000) 04/11 13:21:13 Job was evicted.
	(0) Job terminated and was requeued
		Usr 0 00:00:00, Sys 0 00:00:00  -  Run Remote Usage
		Usr 0 00:00:00, Sys 0 00:00:00  -  Run Local Usage
	377  -  Run Bytes Sent By Job
	287387  -  Run Bytes Received By Job
	(1) Normal termination (return value 127)
	The job attribute OnExitRemove expression '( ExitBySignal == false && ( ExitCode == 0 || ExitCode == 42 || NumJobStarts > 3 ) )' evaluated to FALSE
...
001 (297992.001.000) 04/11 13:21:44 Job executing on host: <128.104.227.53:9618?addrs=128.104.227.53-9618+[2607-f388-101c-1000--629]-9618&noUDP&sock=9394_14c4_3>
...
004 (297992.001.000) 04/11 13:21:47 Job was evicted.
	(0) Job terminated and was requeued
		Usr 0 00:00:00, Sys 0 00:00:00  -  Run Remote Usage
		Usr 0 00:00:00, Sys 0 00:00:00  -  Run Local Usage
	377  -  Run Bytes Sent By Job
	287387  -  Run Bytes Received By Job
	(1) Normal termination (return value 127)
	The job attribute OnExitRemove expression '( ExitBySignal == false && ( ExitCode == 0 || ExitCode == 42 || NumJobStarts > 3 ) )' evaluated to FALSE
...
001 (297992.001.000) 04/11 13:21:52 Job executing on host: <128.104.227.33:9618?addrs=128.104.227.33-9618+[2607-f388-101c-1000--629]-9618&noUDP&sock=9432_255d_3>
...
005 (297992.001.000) 04/11 13:21:53 Job terminated.
	(1) Normal termination (return value 127)
		Usr 0 00:00:00, Sys 0 00:00:00  -  Run Remote Usage
		Usr 0 00:00:00, Sys 0 00:00:00  -  Run Local Usage
		Usr 0 00:00:00, Sys 0 00:00:00  -  Total Remote Usage
		Usr 0 00:00:00, Sys 0 00:00:00  -  Total Local Usage
	377  -  Run Bytes Sent By Job
	287387  -  Run Bytes Received By Job
	1508  -  Total Bytes Sent By Job
	1149548  -  Total Bytes Received By Job
	Partitionable Resources :    Usage  Request Allocated
	   Cpus                 :                 1         1
	   Disk (KB)            :  1000000  2048000   9504929
	   Memory (MB)          :        1     1992      1992
...
001 (298037.001.000) 04/11 13:32:40 Job executing on host: <144.92.181.152:9618?addrs=144.92.181.152-9618+[2607-f388-101c-1000--629]-9618&noUDP&sock=9237_6465_3>
...
006 (298037.001.000) 04/11 13:32:48 Image size of job updated: 215292
	108  -  MemoryUsage of job (MB)
	109940  -  ResidentSetSize of job (KB)
...
006 (298037.001.000) 04/11 13:52:48 Image size of job updated: 343076
	232  -  MemoryUsage of job (MB)
	236892  -  ResidentSetSize of job (KB)
...
001 (298082.001.000) 04/11 13:58:43 Job executing on host: <144.92.181.229:9618?addrs=144.92.181.229-9618+[2607-f388-101c-1000--629]-9618&noUDP&sock=6145_8990_3>
...
006 (298082.001.000) 04/11 13:58:51 Image size of job updated: 217684
	108  -  MemoryUsage of job (MB)
	109940  -  ResidentSetSize of job (KB)
...
006 (298037.001.000) 04/11 14:12:48 Image size of job updated: 343076
	235  -  MemoryUsage of job (MB)
	239764  -  ResidentSetSize of job (KB)
...
006 (298082.001.000) 04/11 14:18:51 Image size of job updated: 238752
	231  -  MemoryUsage of job (MB)
	236376  -  ResidentSetSize of job (KB)
...
006 (298037.001.000) 04/11 14:32:48 Image size of job updated: 343076
	236  -  MemoryUsage of job (MB)
	241288  -  ResidentSetSize of job (KB)
...
006 (298082.001.000) 04/11 14:38:51 Image size of job updated: 243204
	236  -  MemoryUsage of job (MB)
	240828  -  ResidentSetSize of job (KB)
...
006 (298037.001.000) 04/11 14:52:48 Image size of job updated: 343076
	238  -  MemoryUsage of job (MB)
	242948  -  ResidentSetSize of job (KB)
...
006 (298082.001.000) 04/11 15:38:51 Image size of job updated: 245412
	238  -  MemoryUsage of job (MB)
	243576  -  ResidentSetSize of job (KB)
...
005 (298037.001.000) 04/11 16:04:49 Job terminated.
	(1) Normal termination (return value 0)
		Usr 0 00:18:00, Sys 0 00:00:49  -  Run Remote Usage
		Usr 0 00:00:00, Sys 0 00:00:00  -  Run Local Usage
		Usr 0 00:18:00, Sys 0 00:00:49  -  Total Remote Usage
		Usr 0 00:00:00, Sys 0 00:00:00  -  Total Local Usage
	997780  -  Run Bytes Sent By Job
	287387  -  Run Bytes Received By Job
	997780  -  Total Bytes Sent By Job
	287387  -  Total Bytes Received By Job
	Partitionable Resources :    Usage  Request Allocated
	   Cpus                 :                 1         1
	   Disk (KB)            :  1000000  2048000   7920798
	   Memory (MB)          :      238     1992      1992
...
005 (298082.001.000) 04/11 16:27:20 Job terminated.
	(1) Normal termination (return value 0)
		Usr 0 00:33:18, Sys 0 00:01:51  -  Run Remote Usage
		Usr 0 00:00:00, Sys 0 00:00:00  -  Run Local Usage
		Usr 0 00:33:18, Sys 0 00:01:51  -  Total Remote Usage
		Usr 0 00:00:00, Sys 0 00:00:00  -  Total Local Usage
	1012845  -  Run Bytes Sent By Job
	287387  -  Run Bytes Received By Job
	1012845  -  Total Bytes Sent By Job
	287387  -  Total Bytes Received By Job
	Partitionable Resources :    Usage  Request Allocated
	   Cpus                 :                 1         1
	   Disk (KB)            :  1000000  2048000   3167546
	   Memory (MB)          :      238     1992      1992
...
