000 (297953.022.000) 04/11 13:09:14 Job submitted from host: <144.92.181.244:9618?addrs=144.92.181.244-9618+[2607-f388-101c-1000--371]-9618&noUDP&sock=5651_b1c7_3>
...
000 (297998.022.000) 04/11 13:10:56 Job submitted from host: <144.92.181.244:9618?addrs=144.92.181.244-9618+[2607-f388-101c-1000--371]-9618&noUDP&sock=5651_b1c7_3>
...
001 (297953.022.000) 04/11 13:10:57 Job executing on host: <144.92.180.90:9618?addrs=144.92.180.90-9618+[2607-f388-101c-1000--629]-9618&noUDP&sock=6458_3ab4_3>
...
006 (297953.022.000) 04/11 13:10:57 Image size of job updated: 1
	0  -  MemoryUsage of job (MB)
	0  -  ResidentSetSize of job (KB)
...
004 (297953.022.000) 04/11 13:10:59 Job was evicted.
	(0) Job terminated and was requeued
		Usr 0 00:00:00, Sys 0 00:00:00  -  Run Remote Usage
		Usr 0 00:00:00, Sys 0 00:00:00  -  Run Local Usage
	377  -  Run Bytes Sent By Job
	242451  -  Run Bytes Received By Job
	(1) Normal termination (return value 127)
	The job attribute OnExitRemove expression '( ExitBySignal == false && ( ExitCode == 0 || ExitCode == 42 || NumJobStarts > 3 ) )' evaluated to FALSE
...
000 (298043.022.000) 04/11 13:12:00 Job submitted from host: <144.92.181.244:9618?addrs=144.92.181.244-9618+[2607-f388-101c-1000--371]-9618&noUDP&sock=5651_b1c7_3>
...
001 (297953.022.000) 04/11 13:12:24 Job executing on host: <144.92.180.107:9618?addrs=144.92.180.107-9618+[2607-f388-101c-1000--629]-9618&noUDP&sock=6927_ec9f_3>
...
004 (297953.022.000) 04/11 13:12:26 Job was evicted.
	(0) Job terminated and was requeued
		Usr 0 00:00:00, Sys 0 00:00:00  -  Run Remote Usage
		Usr 0 00:00:00, Sys 0 00:00:00  -  Run Local Usage
	377  -  Run Bytes Sent By Job
	287387  -  Run Bytes Received By Job
	(1) Normal termination (return value 127)
	The job attribute OnExitRemove expression '( ExitBySignal == false && ( ExitCode == 0 || ExitCode == 42 || NumJobStarts > 3 ) )' evaluated to FALSE
...
001 (297953.022.000) 04/11 13:12:57 Job executing on host: <144.92.181.201:9618?addrs=144.92.181.201-9618+[2607-f388-101c-1000--629]-9618&noUDP&sock=6085_61e1_3>
...
006 (297953.022.000) 04/11 13:12:57 Image size of job updated: 4
	1  -  MemoryUsage of job (MB)
	4  -  ResidentSetSize of job (KB)
...
004 (297953.022.000) 04/11 13:12:58 Job was evicted.
	(0) Job terminated and was requeued
		Usr 0 00:00:00, Sys 0 00:00:00  -  Run Remote Usage
		Usr 0 00:00:00, Sys 0 00:00:00  -  Run Local Usage
	376  -  Run Bytes Sent By Job
	287387  -  Run Bytes Received By Job
	(1) Normal termination (return value 127)
	The job attribute OnExitRemove expression '( ExitBySignal == false && ( ExitCode == 0 || ExitCode == 42 || NumJobStarts > 3 ) )' evaluated to FALSE
...
001 (297953.022.000) 04/11 13:14:30 Job executing on host: <144.92.180.219:9618?addrs=144.92.180.219-9618+[2607-f388-101c-1000--629]-9618&noUDP&sock=6880_afac_3>
...
005 (297953.022.000) 04/11 13:14:33 Job terminated.
	(1) Normal termination (return value 127)
		Usr 0 00:00:00, Sys 0 00:00:00  -  Run Remote Usage
		Usr 0 00:00:00, Sys 0 00:00:00  -  Run Local Usage
		Usr 0 00:00:00, Sys 0 00:00:00  -  Total Remote Usage
		Usr 0 00:00:00, Sys 0 00:00:00  -  Total Local Usage
	377  -  Run Bytes Sent By Job
	287387  -  Run Bytes Received By Job
	1507  -  Total Bytes Sent By Job
	1104612  -  Total Bytes Received By Job
	Partitionable Resources :    Usage  Request Allocated
	   Cpus                 :                 1         1
	   Disk (KB)            :  1000000  2048000   7920611
	   Memory (MB)          :        1     1992      1992
...
001 (297998.022.000) 04/11 13:19:49 Job executing on host: <144.92.180.101:9618?addrs=144.92.180.101-9618+[2607-f388-101c-1000--629]-9618&noUDP&sock=6807_9d42_3>
...
006 (297998.022.000) 04/11 13:19:57 Image size of job updated: 71324
	53  -  MemoryUsage of job (MB)
	53724  -  ResidentSetSize of job (KB)
...
001 (298043.022.000) 04/11 13:36:38 Job executing on host: <144.92.181.202:9618?addrs=144.92.181.202-9618+[2607-f388-101c-1000--629]-9618&noUDP&sock=6129_900c_3>
...
006 (298043.022.000) 04/11 13:36:46 Image size of job updated: 113776
	29  -  MemoryUsage of job (MB)
	28944  -  ResidentSetSize of job (KB)
...
006 (297998.022.000) 04/11 13:39:57 Image size of job updated: 200448
	196  -  MemoryUsage of job (MB)
	200448  -  ResidentSetSize of job (KB)
...
006 (298043.022.000) 04/11 13:56:46 Image size of job updated: 205544
	171  -  MemoryUsage of job (MB)
	174924  -  ResidentSetSize of job (KB)
...
006 (297998.022.000) 04/11 13:59:57 Image size of job updated: 219172
	214  -  MemoryUsage of job (MB)
	218608  -  ResidentSetSize of job (KB)
...
006 (298043.022.000) 04/11 14:36:46 Image size of job updated: 214852
	206  -  MemoryUsage of job (MB)
	210320  -  ResidentSetSize of job (KB)
...
006 (297998.022.000) 04/11 14:39:59 Image size of job updated: 233892
	229  -  MemoryUsage of job (MB)
	233876  -  ResidentSetSize of job (KB)
...
006 (298043.022.000) 04/11 14:56:46 Image size of job updated: 238756
	231  -  MemoryUsage of job (MB)
	235948  -  ResidentSetSize of job (KB)
...
005 (297998.022.000) 04/11 16:18:52 Job terminated.
	(1) Normal termination (return value 0)
		Usr 0 00:23:19, Sys 0 00:01:26  -  Run Remote Usage
		Usr 0 00:00:00, Sys 0 00:00:00  -  Run Local Usage
		Usr 0 00:23:19, Sys 0 00:01:26  -  Total Remote Usage
		Usr 0 00:00:00, Sys 0 00:00:00  -  Total Local Usage
	1220585  -  Run Bytes Sent By Job
	287387  -  Run Bytes Received By Job
	1220585  -  Total Bytes Sent By Job
	287387  -  Total Bytes Received By Job
	Partitionable Resources :    Usage  Request Allocated
	   Cpus                 :                 1         1
	   Disk (KB)            :  1000000  2048000   7920700
	   Memory (MB)          :      229     1992      1992
...
005 (298043.022.000) 04/11 16:18:55 Job terminated.
	(1) Normal termination (return value 0)
		Usr 0 00:36:30, Sys 0 00:02:01  -  Run Remote Usage
		Usr 0 00:00:00, Sys 0 00:00:00  -  Run Local Usage
		Usr 0 00:36:30, Sys 0 00:02:01  -  Total Remote Usage
		Usr 0 00:00:00, Sys 0 00:00:00  -  Total Local Usage
	1242476  -  Run Bytes Sent By Job
	287387  -  Run Bytes Received By Job
	1242476  -  Total Bytes Sent By Job
	287387  -  Total Bytes Received By Job
	Partitionable Resources :    Usage  Request Allocated
	   Cpus                 :                 1         1
	   Disk (KB)            :  1000000  2048000   3164394
	   Memory (MB)          :      231     1992      1992
...
