000 (297953.026.000) 04/11 13:09:14 Job submitted from host: <144.92.181.244:9618?addrs=144.92.181.244-9618+[2607-f388-101c-1000--371]-9618&noUDP&sock=5651_b1c7_3>
...
000 (297998.026.000) 04/11 13:10:56 Job submitted from host: <144.92.181.244:9618?addrs=144.92.181.244-9618+[2607-f388-101c-1000--371]-9618&noUDP&sock=5651_b1c7_3>
...
001 (297953.026.000) 04/11 13:10:57 Job executing on host: <144.92.180.130:9618?addrs=144.92.180.130-9618+[2607-f388-101c-1000--629]-9618&noUDP&sock=6803_dee1_3>
...
006 (297953.026.000) 04/11 13:10:58 Image size of job updated: 1
	0  -  MemoryUsage of job (MB)
	0  -  ResidentSetSize of job (KB)
...
004 (297953.026.000) 04/11 13:10:59 Job was evicted.
	(0) Job terminated and was requeued
		Usr 0 00:00:00, Sys 0 00:00:00  -  Run Remote Usage
		Usr 0 00:00:00, Sys 0 00:00:00  -  Run Local Usage
	377  -  Run Bytes Sent By Job
	242451  -  Run Bytes Received By Job
	(1) Normal termination (return value 127)
	The job attribute OnExitRemove expression '( ExitBySignal == false && ( ExitCode == 0 || ExitCode == 42 || NumJobStarts > 3 ) )' evaluated to FALSE
...
000 (298043.026.000) 04/11 13:12:00 Job submitted from host: <144.92.181.244:9618?addrs=144.92.181.244-9618+[2607-f388-101c-1000--371]-9618&noUDP&sock=5651_b1c7_3>
...
001 (297953.026.000) 04/11 13:12:25 Job executing on host: <144.92.181.230:9618?addrs=144.92.181.230-9618+[2607-f388-101c-1000--629]-9618&noUDP&sock=6217_ec61_3>
...
004 (297953.026.000) 04/11 13:12:26 Job was evicted.
	(0) Job terminated and was requeued
		Usr 0 00:00:00, Sys 0 00:00:00  -  Run Remote Usage
		Usr 0 00:00:00, Sys 0 00:00:00  -  Run Local Usage
	377  -  Run Bytes Sent By Job
	287387  -  Run Bytes Received By Job
	(1) Normal termination (return value 127)
	The job attribute OnExitRemove expression '( ExitBySignal == false && ( ExitCode == 0 || ExitCode == 42 || NumJobStarts > 3 ) )' evaluated to FALSE
...
001 (297953.026.000) 04/11 13:12:58 Job executing on host: <128.104.227.22:9618?addrs=128.104.227.22-9618+[2607-f388-101c-1000--629]-9618&noUDP&sock=9462_b934_3>
...
006 (297953.026.000) 04/11 13:12:58 Image size of job updated: 360428
	0  -  MemoryUsage of job (MB)
	0  -  ResidentSetSize of job (KB)
...
004 (297953.026.000) 04/11 13:12:59 Job was evicted.
	(0) Job terminated and was requeued
		Usr 0 00:00:00, Sys 0 00:00:00  -  Run Remote Usage
		Usr 0 00:00:00, Sys 0 00:00:00  -  Run Local Usage
	376  -  Run Bytes Sent By Job
	287387  -  Run Bytes Received By Job
	(1) Normal termination (return value 127)
	The job attribute OnExitRemove expression '( ExitBySignal == false && ( ExitCode == 0 || ExitCode == 42 || NumJobStarts > 3 ) )' evaluated to FALSE
...
001 (297953.026.000) 04/11 13:14:30 Job executing on host: <128.104.227.104:9618?addrs=128.104.227.104-9618+[2607-f388-101c-1000--53]-9618&noUDP&sock=11078_2a40_3>
...
005 (297953.026.000) 04/11 13:14:33 Job terminated.
	(1) Normal termination (return value 127)
		Usr 0 00:00:00, Sys 0 00:00:00  -  Run Remote Usage
		Usr 0 00:00:00, Sys 0 00:00:00  -  Run Local Usage
		Usr 0 00:00:00, Sys 0 00:00:00  -  Total Remote Usage
		Usr 0 00:00:00, Sys 0 00:00:00  -  Total Local Usage
	377  -  Run Bytes Sent By Job
	287387  -  Run Bytes Received By Job
	1507  -  Total Bytes Sent By Job
	1104612  -  Total Bytes Received By Job
	Partitionable Resources :    Usage  Request Allocated
	   Cpus                 :                 1         1
	   Disk (KB)            :  1000000  2048000   9504872
	   Memory (MB)          :        0     1992      1992
...
001 (297998.026.000) 04/11 13:21:13 Job executing on host: <144.92.180.114:9618?addrs=144.92.180.114-9618+[2607-f388-101c-1000--629]-9618&noUDP&sock=6924_ddd7_3>
...
006 (297998.026.000) 04/11 13:21:21 Image size of job updated: 166264
	53  -  MemoryUsage of job (MB)
	53300  -  ResidentSetSize of job (KB)
...
001 (298043.026.000) 04/11 13:36:38 Job executing on host: <144.92.180.103:9618?addrs=144.92.180.103-9618+[2607-f388-101c-1000--629]-9618&noUDP&sock=6909_93eb_3>
...
006 (298043.026.000) 04/11 13:36:46 Image size of job updated: 169124
	53  -  MemoryUsage of job (MB)
	53724  -  ResidentSetSize of job (KB)
...
006 (297998.026.000) 04/11 13:41:21 Image size of job updated: 273664
	264  -  MemoryUsage of job (MB)
	270080  -  ResidentSetSize of job (KB)
...
006 (298043.026.000) 04/11 13:56:46 Image size of job updated: 273500
	266  -  MemoryUsage of job (MB)
	272124  -  ResidentSetSize of job (KB)
...
006 (297998.026.000) 04/11 14:01:21 Image size of job updated: 280612
	271  -  MemoryUsage of job (MB)
	277036  -  ResidentSetSize of job (KB)
...
006 (297998.026.000) 04/11 14:21:22 Image size of job updated: 284356
	275  -  MemoryUsage of job (MB)
	280760  -  ResidentSetSize of job (KB)
...
006 (297998.026.000) 04/11 14:41:23 Image size of job updated: 287092
	278  -  MemoryUsage of job (MB)
	283668  -  ResidentSetSize of job (KB)
...
006 (297998.026.000) 04/11 15:01:24 Image size of job updated: 289340
	279  -  MemoryUsage of job (MB)
	285340  -  ResidentSetSize of job (KB)
...
005 (298043.026.000) 04/11 16:10:52 Job terminated.
	(1) Normal termination (return value 0)
		Usr 0 00:24:18, Sys 0 00:01:03  -  Run Remote Usage
		Usr 0 00:00:00, Sys 0 00:00:00  -  Run Local Usage
		Usr 0 00:24:18, Sys 0 00:01:03  -  Total Remote Usage
		Usr 0 00:00:00, Sys 0 00:00:00  -  Total Local Usage
	1216794  -  Run Bytes Sent By Job
	287387  -  Run Bytes Received By Job
	1216794  -  Total Bytes Sent By Job
	287387  -  Total Bytes Received By Job
	Partitionable Resources :    Usage  Request Allocated
	   Cpus                 :                 1         1
	   Disk (KB)            :  1000000  2048000   6336200
	   Memory (MB)          :      266     1992      1992
...
005 (297998.026.000) 04/11 16:10:54 Job terminated.
	(1) Normal termination (return value 0)
		Usr 0 00:24:46, Sys 0 00:01:18  -  Run Remote Usage
		Usr 0 00:00:00, Sys 0 00:00:00  -  Run Local Usage
		Usr 0 00:24:46, Sys 0 00:01:18  -  Total Remote Usage
		Usr 0 00:00:00, Sys 0 00:00:00  -  Total Local Usage
	1216794  -  Run Bytes Sent By Job
	287387  -  Run Bytes Received By Job
	1216794  -  Total Bytes Sent By Job
	287387  -  Total Bytes Received By Job
	Partitionable Resources :    Usage  Request Allocated
	   Cpus                 :                 1         1
	   Disk (KB)            :  1000000  2048000   6335828
	   Memory (MB)          :      279     1992      1992
...
