000 (297990.002.000) 04/11 13:09:34 Job submitted from host: <144.92.181.244:9618?addrs=144.92.181.244-9618+[2607-f388-101c-1000--371]-9618&noUDP&sock=5651_b1c7_3>
...
000 (298035.002.000) 04/11 13:11:23 Job submitted from host: <144.92.181.244:9618?addrs=144.92.181.244-9618+[2607-f388-101c-1000--371]-9618&noUDP&sock=5651_b1c7_3>
...
000 (298080.002.000) 04/11 13:12:28 Job submitted from host: <144.92.181.244:9618?addrs=144.92.181.244-9618+[2607-f388-101c-1000--371]-9618&noUDP&sock=5651_b1c7_3>
...
001 (297990.002.000) 04/11 13:18:16 Job executing on host: <144.92.180.101:9618?addrs=144.92.180.101-9618+[2607-f388-101c-1000--629]-9618&noUDP&sock=6807_9d42_3>
...
006 (297990.002.000) 04/11 13:18:17 Image size of job updated: 374776
	1  -  MemoryUsage of job (MB)
	4  -  ResidentSetSize of job (KB)
...
004 (297990.002.000) 04/11 13:18:19 Job was evicted.
	(0) Job terminated and was requeued
		Usr 0 00:00:00, Sys 0 00:00:00  -  Run Remote Usage
		Usr 0 00:00:00, Sys 0 00:00:00  -  Run Local Usage
	377  -  Run Bytes Sent By Job
	287387  -  Run Bytes Received By Job
	(1) Normal termination (return value 127)
	The job attribute OnExitRemove expression '( ExitBySignal == false && ( ExitCode == 0 || ExitCode == 42 || NumJobStarts > 3 ) )' evaluated to FALSE
...
001 (297990.002.000) 04/11 13:19:45 Job executing on host: <144.92.180.125:9618?addrs=144.92.180.125-9618+[2607-f388-101c-1000--629]-9618&noUDP&sock=6808_4cda_3>
...
004 (297990.002.000) 04/11 13:19:48 Job was evicted.
	(0) Job terminated and was requeued
		Usr 0 00:00:00, Sys 0 00:00:00  -  Run Remote Usage
		Usr 0 00:00:00, Sys 0 00:00:00  -  Run Local Usage
	376  -  Run Bytes Sent By Job
	287387  -  Run Bytes Received By Job
	(1) Normal termination (return value 127)
	The job attribute OnExitRemove expression '( ExitBySignal == false && ( ExitCode == 0 || ExitCode == 42 || NumJobStarts > 3 ) )' evaluated to FALSE
...
001 (297990.002.000) 04/11 13:21:12 Job executing on host: <128.104.227.39:9618?addrs=128.104.227.39-9618+[2607-f388-101c-1000--629]-9618&noUDP&sock=9510_a5c0_3>
...
004 (297990.002.000) 04/11 13:21:13 Job was evicted.
	(0) Job terminated and was requeued
		Usr 0 00:00:00, Sys 0 00:00:00  -  Run Remote Usage
		Usr 0 00:00:00, Sys 0 00:00:00  -  Run Local Usage
	375  -  Run Bytes Sent By Job
	287387  -  Run Bytes Received By Job
	(1) Normal termination (return value 127)
	The job attribute OnExitRemove expression '( ExitBySignal == false && ( ExitCode == 0 || ExitCode == 42 || NumJobStarts > 3 ) )' evaluated to FALSE
...
001 (297990.002.000) 04/11 13:21:44 Job executing on host: <128.104.227.13:9618?addrs=128.104.227.13-9618+[2607-f388-101c-1000--629]-9618&noUDP&sock=9466_7795_3>
...
005 (297990.002.000) 04/11 13:21:47 Job terminated.
	(1) Normal termination (return value 127)
		Usr 0 00:00:00, Sys 0 00:00:00  -  Run Remote Usage
		Usr 0 00:00:00, Sys 0 00:00:00  -  Run Local Usage
		Usr 0 00:00:00, Sys 0 00:00:00  -  Total Remote Usage
		Usr 0 00:00:00, Sys 0 00:00:00  -  Total Local Usage
	377  -  Run Bytes Sent By Job
	287387  -  Run Bytes Received By Job
	1505  -  Total Bytes Sent By Job
	1149548  -  Total Bytes Received By Job
	Partitionable Resources :    Usage  Request Allocated
	   Cpus                 :                 1         1
	   Disk (KB)            :  1000000  2048000   9504862
	   Memory (MB)          :        1     1992      1992
...
001 (298035.002.000) 04/11 13:31:07 Job executing on host: <128.104.227.39:9618?addrs=128.104.227.39-9618+[2607-f388-101c-1000--629]-9618&noUDP&sock=9510_a5c0_3>
...
006 (298035.002.000) 04/11 13:31:16 Image size of job updated: 138936
	109  -  MemoryUsage of job (MB)
	110832  -  ResidentSetSize of job (KB)
...
006 (298035.002.000) 04/11 13:51:17 Image size of job updated: 241084
	233  -  MemoryUsage of job (MB)
	237912  -  ResidentSetSize of job (KB)
...
001 (298080.002.000) 04/11 13:58:09 Job executing on host: <144.92.180.168:9618?addrs=144.92.180.168-9618+[2607-f388-101c-1000--629]-9618&noUDP&sock=14907_8a62_3>
...
006 (298080.002.000) 04/11 13:58:17 Image size of job updated: 218268
	109  -  MemoryUsage of job (MB)
	110848  -  ResidentSetSize of job (KB)
...
006 (298035.002.000) 04/11 14:11:18 Image size of job updated: 245392
	240  -  MemoryUsage of job (MB)
	245392  -  ResidentSetSize of job (KB)
...
006 (298080.002.000) 04/11 14:18:17 Image size of job updated: 237916
	233  -  MemoryUsage of job (MB)
	237808  -  ResidentSetSize of job (KB)
...
006 (298035.002.000) 04/11 14:31:19 Image size of job updated: 246000
	241  -  MemoryUsage of job (MB)
	246000  -  ResidentSetSize of job (KB)
...
006 (298080.002.000) 04/11 14:38:18 Image size of job updated: 246908
	242  -  MemoryUsage of job (MB)
	246800  -  ResidentSetSize of job (KB)
...
006 (298035.002.000) 04/11 14:51:20 Image size of job updated: 248616
	243  -  MemoryUsage of job (MB)
	248616  -  ResidentSetSize of job (KB)
...
006 (298080.002.000) 04/11 14:58:19 Image size of job updated: 248332
	243  -  MemoryUsage of job (MB)
	247832  -  ResidentSetSize of job (KB)
...
006 (298035.002.000) 04/11 15:11:20 Image size of job updated: 249120
	243  -  MemoryUsage of job (MB)
	248788  -  ResidentSetSize of job (KB)
...
006 (298035.002.000) 04/11 15:31:20 Image size of job updated: 249472
	244  -  MemoryUsage of job (MB)
	249140  -  ResidentSetSize of job (KB)
...
006 (298080.002.000) 04/11 15:38:19 Image size of job updated: 249512
	244  -  MemoryUsage of job (MB)
	249052  -  ResidentSetSize of job (KB)
...
006 (298035.002.000) 04/11 15:51:20 Image size of job updated: 249744
	244  -  MemoryUsage of job (MB)
	249412  -  ResidentSetSize of job (KB)
...
006 (298080.002.000) 04/11 15:58:20 Image size of job updated: 249928
	244  -  MemoryUsage of job (MB)
	249052  -  ResidentSetSize of job (KB)
...
006 (298035.002.000) 04/11 16:11:20 Image size of job updated: 252340
	244  -  MemoryUsage of job (MB)
	249528  -  ResidentSetSize of job (KB)
...
006 (298035.002.000) 04/11 16:31:21 Image size of job updated: 252340
	244  -  MemoryUsage of job (MB)
	249568  -  ResidentSetSize of job (KB)
...
006 (298080.002.000) 04/11 16:38:22 Image size of job updated: 250684
	244  -  MemoryUsage of job (MB)
	249052  -  ResidentSetSize of job (KB)
...
006 (298035.002.000) 04/11 16:51:22 Image size of job updated: 252340
	244  -  MemoryUsage of job (MB)
	249652  -  ResidentSetSize of job (KB)
...
006 (298080.002.000) 04/11 16:58:23 Image size of job updated: 252936
	244  -  MemoryUsage of job (MB)
	249052  -  ResidentSetSize of job (KB)
...
006 (298080.002.000) 04/11 17:18:24 Image size of job updated: 253392
	244  -  MemoryUsage of job (MB)
	249052  -  ResidentSetSize of job (KB)
...
005 (298035.002.000) 04/11 17:22:17 Job terminated.
	(1) Normal termination (return value 0)
		Usr 0 00:47:08, Sys 0 00:02:17  -  Run Remote Usage
		Usr 0 00:00:00, Sys 0 00:00:00  -  Run Local Usage
		Usr 0 00:47:08, Sys 0 00:02:17  -  Total Remote Usage
		Usr 0 00:00:00, Sys 0 00:00:00  -  Total Local Usage
	1045737  -  Run Bytes Sent By Job
	287387  -  Run Bytes Received By Job
	1045737  -  Total Bytes Sent By Job
	287387  -  Total Bytes Received By Job
	Partitionable Resources :    Usage  Request Allocated
	   Cpus                 :                 1         1
	   Disk (KB)            :  1000000  2048000   9504923
	   Memory (MB)          :      244     1992      1992
...
006 (298080.002.000) 04/11 17:22:19 Image size of job updated: 254016
	244  -  MemoryUsage of job (MB)
	249052  -  ResidentSetSize of job (KB)
...
005 (298080.002.000) 04/11 17:22:20 Job terminated.
	(1) Normal termination (return value 0)
		Usr 0 00:49:35, Sys 0 00:01:55  -  Run Remote Usage
		Usr 0 00:00:00, Sys 0 00:00:00  -  Run Local Usage
		Usr 0 00:49:35, Sys 0 00:01:55  -  Total Remote Usage
		Usr 0 00:00:00, Sys 0 00:00:00  -  Total Local Usage
	1045737  -  Run Bytes Sent By Job
	287387  -  Run Bytes Received By Job
	1045737  -  Total Bytes Sent By Job
	287387  -  Total Bytes Received By Job
	Partitionable Resources :    Usage  Request Allocated
	   Cpus                 :                 1         1
	   Disk (KB)            :  1000000  2048000   7920689
	   Memory (MB)          :      244     1992      1992
...
