000 (297954.002.000) 04/11 13:09:15 Job submitted from host: <144.92.181.244:9618?addrs=144.92.181.244-9618+[2607-f388-101c-1000--371]-9618&noUDP&sock=5651_b1c7_3>
...
000 (297999.002.000) 04/11 13:10:58 Job submitted from host: <144.92.181.244:9618?addrs=144.92.181.244-9618+[2607-f388-101c-1000--371]-9618&noUDP&sock=5651_b1c7_3>
...
000 (298044.002.000) 04/11 13:12:01 Job submitted from host: <144.92.181.244:9618?addrs=144.92.181.244-9618+[2607-f388-101c-1000--371]-9618&noUDP&sock=5651_b1c7_3>
...
001 (297954.002.000) 04/11 13:12:25 Job executing on host: <128.104.227.22:9618?addrs=128.104.227.22-9618+[2607-f388-101c-1000--629]-9618&noUDP&sock=9462_b934_3>
...
006 (297954.002.000) 04/11 13:12:25 Image size of job updated: 1
	0  -  MemoryUsage of job (MB)
	0  -  ResidentSetSize of job (KB)
...
004 (297954.002.000) 04/11 13:12:26 Job was evicted.
	(0) Job terminated and was requeued
		Usr 0 00:00:00, Sys 0 00:00:00  -  Run Remote Usage
		Usr 0 00:00:00, Sys 0 00:00:00  -  Run Local Usage
	376  -  Run Bytes Sent By Job
	287387  -  Run Bytes Received By Job
	(1) Normal termination (return value 127)
	The job attribute OnExitRemove expression '( ExitBySignal == false && ( ExitCode == 0 || ExitCode == 42 || NumJobStarts > 3 ) )' evaluated to FALSE
...
001 (297954.002.000) 04/11 13:12:58 Job executing on host: <144.92.180.168:9618?addrs=144.92.180.168-9618+[2607-f388-101c-1000--629]-9618&noUDP&sock=14907_8a62_3>
...
006 (297954.002.000) 04/11 13:12:58 Image size of job updated: 4
	1  -  MemoryUsage of job (MB)
	4  -  ResidentSetSize of job (KB)
...
004 (297954.002.000) 04/11 13:12:59 Job was evicted.
	(0) Job terminated and was requeued
		Usr 0 00:00:00, Sys 0 00:00:00  -  Run Remote Usage
		Usr 0 00:00:00, Sys 0 00:00:00  -  Run Local Usage
	377  -  Run Bytes Sent By Job
	287387  -  Run Bytes Received By Job
	(1) Normal termination (return value 127)
	The job attribute OnExitRemove expression '( ExitBySignal == false && ( ExitCode == 0 || ExitCode == 42 || NumJobStarts > 3 ) )' evaluated to FALSE
...
001 (297954.002.000) 04/11 13:14:31 Job executing on host: <144.92.180.69:9618?addrs=144.92.180.69-9618+[2607-f388-101c-1000--629]-9618&noUDP&sock=9134_be24_3>
...
004 (297954.002.000) 04/11 13:14:33 Job was evicted.
	(0) Job terminated and was requeued
		Usr 0 00:00:00, Sys 0 00:00:00  -  Run Remote Usage
		Usr 0 00:00:00, Sys 0 00:00:00  -  Run Local Usage
	376  -  Run Bytes Sent By Job
	287387  -  Run Bytes Received By Job
	(1) Normal termination (return value 127)
	The job attribute OnExitRemove expression '( ExitBySignal == false && ( ExitCode == 0 || ExitCode == 42 || NumJobStarts > 3 ) )' evaluated to FALSE
...
001 (297954.002.000) 04/11 13:14:39 Job executing on host: <144.92.181.177:9618?addrs=144.92.181.177-9618+[2607-f388-101c-1000--629]-9618&noUDP&sock=9061_abba_3>
...
005 (297954.002.000) 04/11 13:14:41 Job terminated.
	(1) Normal termination (return value 127)
		Usr 0 00:00:00, Sys 0 00:00:00  -  Run Remote Usage
		Usr 0 00:00:00, Sys 0 00:00:00  -  Run Local Usage
		Usr 0 00:00:00, Sys 0 00:00:00  -  Total Remote Usage
		Usr 0 00:00:00, Sys 0 00:00:00  -  Total Local Usage
	376  -  Run Bytes Sent By Job
	287387  -  Run Bytes Received By Job
	1505  -  Total Bytes Sent By Job
	1149548  -  Total Bytes Received By Job
	Partitionable Resources :    Usage  Request Allocated
	   Cpus                 :                 1         1
	   Disk (KB)            :  1000000  2048000   7920798
	   Memory (MB)          :        1     1992      1992
...
001 (297999.002.000) 04/11 13:21:13 Job executing on host: <128.104.227.39:9618?addrs=128.104.227.39-9618+[2607-f388-101c-1000--629]-9618&noUDP&sock=9510_a5c0_3>
...
006 (297999.002.000) 04/11 13:21:22 Image size of job updated: 213960
	108  -  MemoryUsage of job (MB)
	110252  -  ResidentSetSize of job (KB)
...
001 (298044.002.000) 04/11 13:38:10 Job executing on host: <128.104.227.14:9618?addrs=128.104.227.14-9618+[2607-f388-101c-1000--629]-9618&noUDP&sock=9506_e75f_3>
...
006 (298044.002.000) 04/11 13:38:19 Image size of job updated: 214004
	108  -  MemoryUsage of job (MB)
	110260  -  ResidentSetSize of job (KB)
...
006 (297999.002.000) 04/11 13:41:23 Image size of job updated: 284840
	279  -  MemoryUsage of job (MB)
	284840  -  ResidentSetSize of job (KB)
...
006 (298044.002.000) 04/11 13:58:20 Image size of job updated: 278816
	273  -  MemoryUsage of job (MB)
	278816  -  ResidentSetSize of job (KB)
...
006 (297999.002.000) 04/11 14:01:24 Image size of job updated: 286632
	280  -  MemoryUsage of job (MB)
	286524  -  ResidentSetSize of job (KB)
...
006 (298044.002.000) 04/11 14:18:20 Image size of job updated: 286420
	280  -  MemoryUsage of job (MB)
	286400  -  ResidentSetSize of job (KB)
...
006 (297999.002.000) 04/11 14:21:25 Image size of job updated: 288852
	283  -  MemoryUsage of job (MB)
	288852  -  ResidentSetSize of job (KB)
...
006 (297999.002.000) 04/11 14:41:26 Image size of job updated: 288852
	283  -  MemoryUsage of job (MB)
	288888  -  ResidentSetSize of job (KB)
...
006 (298044.002.000) 04/11 15:18:20 Image size of job updated: 286780
	280  -  MemoryUsage of job (MB)
	286400  -  ResidentSetSize of job (KB)
...
005 (298044.002.000) 04/11 15:34:52 Job terminated.
	(1) Normal termination (return value 0)
		Usr 0 00:19:02, Sys 0 00:00:50  -  Run Remote Usage
		Usr 0 00:00:00, Sys 0 00:00:00  -  Run Local Usage
		Usr 0 00:19:02, Sys 0 00:00:50  -  Total Remote Usage
		Usr 0 00:00:00, Sys 0 00:00:00  -  Total Local Usage
	1093219  -  Run Bytes Sent By Job
	287387  -  Run Bytes Received By Job
	1093219  -  Total Bytes Sent By Job
	287387  -  Total Bytes Received By Job
	Partitionable Resources :    Usage  Request Allocated
	   Cpus                 :                 1         1
	   Disk (KB)            :  1000000  2048000   9504707
	   Memory (MB)          :      280     1992      1992
...
005 (297999.002.000) 04/11 15:34:53 Job terminated.
	(1) Normal termination (return value 0)
		Usr 0 00:17:02, Sys 0 00:00:44  -  Run Remote Usage
		Usr 0 00:00:00, Sys 0 00:00:00  -  Run Local Usage
		Usr 0 00:17:02, Sys 0 00:00:44  -  Total Remote Usage
		Usr 0 00:00:00, Sys 0 00:00:00  -  Total Local Usage
	1093218  -  Run Bytes Sent By Job
	287387  -  Run Bytes Received By Job
	1093218  -  Total Bytes Sent By Job
	287387  -  Total Bytes Received By Job
	Partitionable Resources :    Usage  Request Allocated
	   Cpus                 :                 1         1
	   Disk (KB)            :  1000000  2048000   9504923
	   Memory (MB)          :      283     1992      1992
...
