000 (297960.002.000) 04/11 13:09:20 Job submitted from host: <144.92.181.244:9618?addrs=144.92.181.244-9618+[2607-f388-101c-1000--371]-9618&noUDP&sock=5651_b1c7_3>
...
000 (298005.002.000) 04/11 13:11:05 Job submitted from host: <144.92.181.244:9618?addrs=144.92.181.244-9618+[2607-f388-101c-1000--371]-9618&noUDP&sock=5651_b1c7_3>
...
000 (298050.002.000) 04/11 13:12:07 Job submitted from host: <144.92.181.244:9618?addrs=144.92.181.244-9618+[2607-f388-101c-1000--371]-9618&noUDP&sock=5651_b1c7_3>
...
001 (297960.002.000) 04/11 13:16:06 Job executing on host: <144.92.180.233:9618?addrs=144.92.180.233-9618+[2607-f388-101c-1000--629]-9618&noUDP&sock=9234_559c_3>
...
006 (297960.002.000) 04/11 13:16:07 Image size of job updated: 1
	0  -  MemoryUsage of job (MB)
	0  -  ResidentSetSize of job (KB)
...
004 (297960.002.000) 04/11 13:16:08 Job was evicted.
	(0) Job terminated and was requeued
		Usr 0 00:00:00, Sys 0 00:00:00  -  Run Remote Usage
		Usr 0 00:00:00, Sys 0 00:00:00  -  Run Local Usage
	377  -  Run Bytes Sent By Job
	287387  -  Run Bytes Received By Job
	(1) Normal termination (return value 127)
	The job attribute OnExitRemove expression '( ExitBySignal == false && ( ExitCode == 0 || ExitCode == 42 || NumJobStarts > 3 ) )' evaluated to FALSE
...
001 (297960.002.000) 04/11 13:16:41 Job executing on host: <144.92.180.130:9618?addrs=144.92.180.130-9618+[2607-f388-101c-1000--629]-9618&noUDP&sock=6803_dee1_3>
...
004 (297960.002.000) 04/11 13:16:42 Job was evicted.
	(0) Job terminated and was requeued
		Usr 0 00:00:00, Sys 0 00:00:00  -  Run Remote Usage
		Usr 0 00:00:00, Sys 0 00:00:00  -  Run Local Usage
	376  -  Run Bytes Sent By Job
	287387  -  Run Bytes Received By Job
	(1) Normal termination (return value 127)
	The job attribute OnExitRemove expression '( ExitBySignal == false && ( ExitCode == 0 || ExitCode == 42 || NumJobStarts > 3 ) )' evaluated to FALSE
...
001 (297960.002.000) 04/11 13:18:10 Job executing on host: <144.92.181.196:9618?addrs=144.92.181.196-9618+[2607-f388-101c-1000--629]-9618&noUDP&sock=9201_b2fc_3>
...
004 (297960.002.000) 04/11 13:18:11 Job was evicted.
	(0) Job terminated and was requeued
		Usr 0 00:00:00, Sys 0 00:00:00  -  Run Remote Usage
		Usr 0 00:00:00, Sys 0 00:00:00  -  Run Local Usage
	377  -  Run Bytes Sent By Job
	287387  -  Run Bytes Received By Job
	(1) Normal termination (return value 127)
	The job attribute OnExitRemove expression '( ExitBySignal == false && ( ExitCode == 0 || ExitCode == 42 || NumJobStarts > 3 ) )' evaluated to FALSE
...
001 (297960.002.000) 04/11 13:18:37 Job executing on host: <144.92.181.183:9618?addrs=144.92.181.183-9618+[2607-f388-101c-1000--629]-9618&noUDP&sock=8988_9950_3>
...
005 (297960.002.000) 04/11 13:18:37 Job terminated.
	(1) Normal termination (return value 127)
		Usr 0 00:00:00, Sys 0 00:00:00  -  Run Remote Usage
		Usr 0 00:00:00, Sys 0 00:00:00  -  Run Local Usage
		Usr 0 00:00:00, Sys 0 00:00:00  -  Total Remote Usage
		Usr 0 00:00:00, Sys 0 00:00:00  -  Total Local Usage
	376  -  Run Bytes Sent By Job
	287387  -  Run Bytes Received By Job
	1506  -  Total Bytes Sent By Job
	1149548  -  Total Bytes Received By Job
	Partitionable Resources :    Usage  Request Allocated
	   Cpus                 :                 1         1
	   Disk (KB)            :  1000000  2048000   7920798
	   Memory (MB)          :        0     1992      1992
...
001 (298005.002.000) 04/11 13:21:58 Job executing on host: <128.104.227.55:9618?addrs=128.104.227.55-9618+[2607-f388-101c-1000--629]-9618&noUDP&sock=9443_b0e8_3>
...
006 (298005.002.000) 04/11 13:22:07 Image size of job updated: 212836
	108  -  MemoryUsage of job (MB)
	110184  -  ResidentSetSize of job (KB)
...
006 (298005.002.000) 04/11 13:42:07 Image size of job updated: 250696
	229  -  MemoryUsage of job (MB)
	234328  -  ResidentSetSize of job (KB)
...
001 (298050.002.000) 04/11 13:47:05 Job executing on host: <128.104.227.20:9618?addrs=128.104.227.20-9618+[2607-f388-101c-1000--629]-9618&noUDP&sock=9426_07cb_3>
...
006 (298050.002.000) 04/11 13:47:13 Image size of job updated: 212804
	108  -  MemoryUsage of job (MB)
	110192  -  ResidentSetSize of job (KB)
...
006 (298005.002.000) 04/11 14:02:07 Image size of job updated: 251280
	230  -  MemoryUsage of job (MB)
	235100  -  ResidentSetSize of job (KB)
...
006 (298050.002.000) 04/11 14:07:13 Image size of job updated: 236844
	230  -  MemoryUsage of job (MB)
	234704  -  ResidentSetSize of job (KB)
...
006 (298005.002.000) 04/11 14:22:07 Image size of job updated: 251280
	230  -  MemoryUsage of job (MB)
	235496  -  ResidentSetSize of job (KB)
...
006 (298050.002.000) 04/11 14:27:14 Image size of job updated: 238264
	231  -  MemoryUsage of job (MB)
	236104  -  ResidentSetSize of job (KB)
...
006 (298005.002.000) 04/11 15:02:07 Image size of job updated: 251280
	231  -  MemoryUsage of job (MB)
	236184  -  ResidentSetSize of job (KB)
...
006 (298050.002.000) 04/11 15:07:16 Image size of job updated: 238288
	231  -  MemoryUsage of job (MB)
	236104  -  ResidentSetSize of job (KB)
...
006 (298050.002.000) 04/11 15:27:17 Image size of job updated: 241180
	233  -  MemoryUsage of job (MB)
	238432  -  ResidentSetSize of job (KB)
...
006 (298005.002.000) 04/11 15:42:08 Image size of job updated: 251280
	240  -  MemoryUsage of job (MB)
	245592  -  ResidentSetSize of job (KB)
...
005 (298050.002.000) 04/11 16:06:20 Job terminated.
	(1) Normal termination (return value 0)
		Usr 0 00:21:56, Sys 0 00:01:06  -  Run Remote Usage
		Usr 0 00:00:00, Sys 0 00:00:00  -  Run Local Usage
		Usr 0 00:21:56, Sys 0 00:01:06  -  Total Remote Usage
		Usr 0 00:00:00, Sys 0 00:00:00  -  Total Local Usage
	994956  -  Run Bytes Sent By Job
	287387  -  Run Bytes Received By Job
	994956  -  Total Bytes Sent By Job
	287387  -  Total Bytes Received By Job
	Partitionable Resources :    Usage  Request Allocated
	   Cpus                 :                 1         1
	   Disk (KB)            :  1000000  2048000   9504480
	   Memory (MB)          :      233     1992      1992
...
005 (298005.002.000) 04/11 16:06:20 Job terminated.
	(1) Normal termination (return value 0)
		Usr 0 00:22:04, Sys 0 00:01:13  -  Run Remote Usage
		Usr 0 00:00:00, Sys 0 00:00:00  -  Run Local Usage
		Usr 0 00:22:04, Sys 0 00:01:13  -  Total Remote Usage
		Usr 0 00:00:00, Sys 0 00:00:00  -  Total Local Usage
	994955  -  Run Bytes Sent By Job
	287387  -  Run Bytes Received By Job
	994955  -  Total Bytes Sent By Job
	287387  -  Total Bytes Received By Job
	Partitionable Resources :    Usage  Request Allocated
	   Cpus                 :                 1         1
	   Disk (KB)            :  1000000  2048000   9505000
	   Memory (MB)          :      240     1992      1992
...
