file path found: /hdfs/store/user/varuns/NTuples/MC/MC2018_RunIIAutumn18_102X/WJets/WJetsToLNu_HT600-800/MC_WJetsToLNu_HT600-800_1.root
name: MC_WJetsToLNu_HT600-800_1.root
filenumber: 0
file path found: /hdfs/store/user/varuns/NTuples/MC/MC2018_RunIIAutumn18_102X/WJets/WJetsToLNu_HT600-800/MC_WJetsToLNu_HT600-800_10.root
name: MC_WJetsToLNu_HT600-800_10.root
filenumber: 1
file path found: /hdfs/store/user/varuns/NTuples/MC/MC2018_RunIIAutumn18_102X/WJets/WJetsToLNu_HT600-800/MC_WJetsToLNu_HT600-800_100.root
name: MC_WJetsToLNu_HT600-800_100.root
filenumber: 2
file path found: /hdfs/store/user/varuns/NTuples/MC/MC2018_RunIIAutumn18_102X/WJets/WJetsToLNu_HT600-800/MC_WJetsToLNu_HT600-800_101.root
name: MC_WJetsToLNu_HT600-800_101.root
filenumber: 3
file path found: /hdfs/store/user/varuns/NTuples/MC/MC2018_RunIIAutumn18_102X/WJets/WJetsToLNu_HT600-800/MC_WJetsToLNu_HT600-800_102.root
name: MC_WJetsToLNu_HT600-800_102.root
filenumber: 4
file path found: /hdfs/store/user/varuns/NTuples/MC/MC2018_RunIIAutumn18_102X/WJets/WJetsToLNu_HT600-800/MC_WJetsToLNu_HT600-800_103.root
name: MC_WJetsToLNu_HT600-800_103.root
filenumber: 5
file path found: /hdfs/store/user/varuns/NTuples/MC/MC2018_RunIIAutumn18_102X/WJets/WJetsToLNu_HT600-800/MC_WJetsToLNu_HT600-800_104.root
name: MC_WJetsToLNu_HT600-800_104.root
filenumber: 6
file path found: /hdfs/store/user/varuns/NTuples/MC/MC2018_RunIIAutumn18_102X/WJets/WJetsToLNu_HT600-800/MC_WJetsToLNu_HT600-800_105.root
name: MC_WJetsToLNu_HT600-800_105.root
filenumber: 7
file path found: /hdfs/store/user/varuns/NTuples/MC/MC2018_RunIIAutumn18_102X/WJets/WJetsToLNu_HT600-800/MC_WJetsToLNu_HT600-800_106.root
name: MC_WJetsToLNu_HT600-800_106.root
filenumber: 8
file path found: /hdfs/store/user/varuns/NTuples/MC/MC2018_RunIIAutumn18_102X/WJets/WJetsToLNu_HT600-800/MC_WJetsToLNu_HT600-800_107.root
name: MC_WJetsToLNu_HT600-800_107.root
filenumber: 9
file path found: /hdfs/store/user/varuns/NTuples/MC/MC2018_RunIIAutumn18_102X/WJets/WJetsToLNu_HT600-800/MC_WJetsToLNu_HT600-800_108.root
name: MC_WJetsToLNu_HT600-800_108.root
filenumber: 10
file path found: /hdfs/store/user/varuns/NTuples/MC/MC2018_RunIIAutumn18_102X/WJets/WJetsToLNu_HT600-800/MC_WJetsToLNu_HT600-800_109.root
name: MC_WJetsToLNu_HT600-800_109.root
filenumber: 11
file path found: /hdfs/store/user/varuns/NTuples/MC/MC2018_RunIIAutumn18_102X/WJets/WJetsToLNu_HT600-800/MC_WJetsToLNu_HT600-800_11.root
name: MC_WJetsToLNu_HT600-800_11.root
filenumber: 12
file path found: /hdfs/store/user/varuns/NTuples/MC/MC2018_RunIIAutumn18_102X/WJets/WJetsToLNu_HT600-800/MC_WJetsToLNu_HT600-800_110.root
name: MC_WJetsToLNu_HT600-800_110.root
filenumber: 13
file path found: /hdfs/store/user/varuns/NTuples/MC/MC2018_RunIIAutumn18_102X/WJets/WJetsToLNu_HT600-800/MC_WJetsToLNu_HT600-800_111.root
name: MC_WJetsToLNu_HT600-800_111.root
filenumber: 14
file path found: /hdfs/store/user/varuns/NTuples/MC/MC2018_RunIIAutumn18_102X/WJets/WJetsToLNu_HT600-800/MC_WJetsToLNu_HT600-800_112.root
name: MC_WJetsToLNu_HT600-800_112.root
filenumber: 15
file path found: /hdfs/store/user/varuns/NTuples/MC/MC2018_RunIIAutumn18_102X/WJets/WJetsToLNu_HT600-800/MC_WJetsToLNu_HT600-800_113.root
name: MC_WJetsToLNu_HT600-800_113.root
filenumber: 16
file path found: /hdfs/store/user/varuns/NTuples/MC/MC2018_RunIIAutumn18_102X/WJets/WJetsToLNu_HT600-800/MC_WJetsToLNu_HT600-800_114.root
name: MC_WJetsToLNu_HT600-800_114.root
filenumber: 17
file path found: /hdfs/store/user/varuns/NTuples/MC/MC2018_RunIIAutumn18_102X/WJets/WJetsToLNu_HT600-800/MC_WJetsToLNu_HT600-800_115.root
name: MC_WJetsToLNu_HT600-800_115.root
filenumber: 18
file path found: /hdfs/store/user/varuns/NTuples/MC/MC2018_RunIIAutumn18_102X/WJets/WJetsToLNu_HT600-800/MC_WJetsToLNu_HT600-800_116.root
name: MC_WJetsToLNu_HT600-800_116.root
filenumber: 19
file path found: /hdfs/store/user/varuns/NTuples/MC/MC2018_RunIIAutumn18_102X/WJets/WJetsToLNu_HT600-800/MC_WJetsToLNu_HT600-800_117.root
name: MC_WJetsToLNu_HT600-800_117.root
filenumber: 20
file path found: /hdfs/store/user/varuns/NTuples/MC/MC2018_RunIIAutumn18_102X/WJets/WJetsToLNu_HT600-800/MC_WJetsToLNu_HT600-800_118.root
name: MC_WJetsToLNu_HT600-800_118.root
filenumber: 21
file path found: /hdfs/store/user/varuns/NTuples/MC/MC2018_RunIIAutumn18_102X/WJets/WJetsToLNu_HT600-800/MC_WJetsToLNu_HT600-800_119.root
name: MC_WJetsToLNu_HT600-800_119.root
filenumber: 22
file path found: /hdfs/store/user/varuns/NTuples/MC/MC2018_RunIIAutumn18_102X/WJets/WJetsToLNu_HT600-800/MC_WJetsToLNu_HT600-800_12.root
name: MC_WJetsToLNu_HT600-800_12.root
filenumber: 23
file path found: /hdfs/store/user/varuns/NTuples/MC/MC2018_RunIIAutumn18_102X/WJets/WJetsToLNu_HT600-800/MC_WJetsToLNu_HT600-800_120.root
name: MC_WJetsToLNu_HT600-800_120.root
filenumber: 24
file path found: /hdfs/store/user/varuns/NTuples/MC/MC2018_RunIIAutumn18_102X/WJets/WJetsToLNu_HT600-800/MC_WJetsToLNu_HT600-800_121.root
name: MC_WJetsToLNu_HT600-800_121.root
filenumber: 25
file path found: /hdfs/store/user/varuns/NTuples/MC/MC2018_RunIIAutumn18_102X/WJets/WJetsToLNu_HT600-800/MC_WJetsToLNu_HT600-800_122.root
name: MC_WJetsToLNu_HT600-800_122.root
filenumber: 26
file path found: /hdfs/store/user/varuns/NTuples/MC/MC2018_RunIIAutumn18_102X/WJets/WJetsToLNu_HT600-800/MC_WJetsToLNu_HT600-800_123.root
name: MC_WJetsToLNu_HT600-800_123.root
filenumber: 27
file path found: /hdfs/store/user/varuns/NTuples/MC/MC2018_RunIIAutumn18_102X/WJets/WJetsToLNu_HT600-800/MC_WJetsToLNu_HT600-800_124.root
name: MC_WJetsToLNu_HT600-800_124.root
filenumber: 28
file path found: /hdfs/store/user/varuns/NTuples/MC/MC2018_RunIIAutumn18_102X/WJets/WJetsToLNu_HT600-800/MC_WJetsToLNu_HT600-800_125.root
name: MC_WJetsToLNu_HT600-800_125.root
filenumber: 29
file path found: /hdfs/store/user/varuns/NTuples/MC/MC2018_RunIIAutumn18_102X/WJets/WJetsToLNu_HT600-800/MC_WJetsToLNu_HT600-800_126.root
name: MC_WJetsToLNu_HT600-800_126.root
filenumber: 30
file path found: /hdfs/store/user/varuns/NTuples/MC/MC2018_RunIIAutumn18_102X/WJets/WJetsToLNu_HT600-800/MC_WJetsToLNu_HT600-800_127.root
name: MC_WJetsToLNu_HT600-800_127.root
filenumber: 31
file path found: /hdfs/store/user/varuns/NTuples/MC/MC2018_RunIIAutumn18_102X/WJets/WJetsToLNu_HT600-800/MC_WJetsToLNu_HT600-800_128.root
name: MC_WJetsToLNu_HT600-800_128.root
filenumber: 32
file path found: /hdfs/store/user/varuns/NTuples/MC/MC2018_RunIIAutumn18_102X/WJets/WJetsToLNu_HT600-800/MC_WJetsToLNu_HT600-800_129.root
name: MC_WJetsToLNu_HT600-800_129.root
filenumber: 33
file path found: /hdfs/store/user/varuns/NTuples/MC/MC2018_RunIIAutumn18_102X/WJets/WJetsToLNu_HT600-800/MC_WJetsToLNu_HT600-800_13.root
name: MC_WJetsToLNu_HT600-800_13.root
filenumber: 34
file path found: /hdfs/store/user/varuns/NTuples/MC/MC2018_RunIIAutumn18_102X/WJets/WJetsToLNu_HT600-800/MC_WJetsToLNu_HT600-800_130.root
name: MC_WJetsToLNu_HT600-800_130.root
filenumber: 35
file path found: /hdfs/store/user/varuns/NTuples/MC/MC2018_RunIIAutumn18_102X/WJets/WJetsToLNu_HT600-800/MC_WJetsToLNu_HT600-800_131.root
name: MC_WJetsToLNu_HT600-800_131.root
filenumber: 36
file path found: /hdfs/store/user/varuns/NTuples/MC/MC2018_RunIIAutumn18_102X/WJets/WJetsToLNu_HT600-800/MC_WJetsToLNu_HT600-800_132.root
name: MC_WJetsToLNu_HT600-800_132.root
filenumber: 37
file path found: /hdfs/store/user/varuns/NTuples/MC/MC2018_RunIIAutumn18_102X/WJets/WJetsToLNu_HT600-800/MC_WJetsToLNu_HT600-800_133.root
name: MC_WJetsToLNu_HT600-800_133.root
filenumber: 38
file path found: /hdfs/store/user/varuns/NTuples/MC/MC2018_RunIIAutumn18_102X/WJets/WJetsToLNu_HT600-800/MC_WJetsToLNu_HT600-800_134.root
name: MC_WJetsToLNu_HT600-800_134.root
filenumber: 39
file path found: /hdfs/store/user/varuns/NTuples/MC/MC2018_RunIIAutumn18_102X/WJets/WJetsToLNu_HT600-800/MC_WJetsToLNu_HT600-800_135.root
name: MC_WJetsToLNu_HT600-800_135.root
filenumber: 40
Adding FullPathInputFile to chain:/hdfs/store/user/varuns/NTuples/MC/MC2018_RunIIAutumn18_102X/WJets/WJetsToLNu_HT600-800/MC_WJetsToLNu_HT600-800_135.root

file path found: /hdfs/store/user/varuns/NTuples/MC/MC2018_RunIIAutumn18_102X/WJets/WJetsToLNu_HT600-800/MC_WJetsToLNu_HT600-800_136.root
name: MC_WJetsToLNu_HT600-800_136.root
filenumber: 41
Adding FullPathInputFile to chain:/hdfs/store/user/varuns/NTuples/MC/MC2018_RunIIAutumn18_102X/WJets/WJetsToLNu_HT600-800/MC_WJetsToLNu_HT600-800_136.root

file path found: /hdfs/store/user/varuns/NTuples/MC/MC2018_RunIIAutumn18_102X/WJets/WJetsToLNu_HT600-800/MC_WJetsToLNu_HT600-800_137.root
name: MC_WJetsToLNu_HT600-800_137.root
filenumber: 42
Adding FullPathInputFile to chain:/hdfs/store/user/varuns/NTuples/MC/MC2018_RunIIAutumn18_102X/WJets/WJetsToLNu_HT600-800/MC_WJetsToLNu_HT600-800_137.root

file path found: /hdfs/store/user/varuns/NTuples/MC/MC2018_RunIIAutumn18_102X/WJets/WJetsToLNu_HT600-800/MC_WJetsToLNu_HT600-800_138.root
name: MC_WJetsToLNu_HT600-800_138.root
filenumber: 43
Adding FullPathInputFile to chain:/hdfs/store/user/varuns/NTuples/MC/MC2018_RunIIAutumn18_102X/WJets/WJetsToLNu_HT600-800/MC_WJetsToLNu_HT600-800_138.root

file path found: /hdfs/store/user/varuns/NTuples/MC/MC2018_RunIIAutumn18_102X/WJets/WJetsToLNu_HT600-800/MC_WJetsToLNu_HT600-800_139.root
name: MC_WJetsToLNu_HT600-800_139.root
filenumber: 44
Adding FullPathInputFile to chain:/hdfs/store/user/varuns/NTuples/MC/MC2018_RunIIAutumn18_102X/WJets/WJetsToLNu_HT600-800/MC_WJetsToLNu_HT600-800_139.root

file path found: /hdfs/store/user/varuns/NTuples/MC/MC2018_RunIIAutumn18_102X/WJets/WJetsToLNu_HT600-800/MC_WJetsToLNu_HT600-800_14.root
name: MC_WJetsToLNu_HT600-800_14.root
filenumber: 45
file path found: /hdfs/store/user/varuns/NTuples/MC/MC2018_RunIIAutumn18_102X/WJets/WJetsToLNu_HT600-800/MC_WJetsToLNu_HT600-800_140.root
name: MC_WJetsToLNu_HT600-800_140.root
filenumber: 46
Adding FullPathInputFile to chain:/hdfs/store/user/varuns/NTuples/MC/MC2018_RunIIAutumn18_102X/WJets/WJetsToLNu_HT600-800/MC_WJetsToLNu_HT600-800_140.root

file path found: /hdfs/store/user/varuns/NTuples/MC/MC2018_RunIIAutumn18_102X/WJets/WJetsToLNu_HT600-800/MC_WJetsToLNu_HT600-800_141.root
name: MC_WJetsToLNu_HT600-800_141.root
filenumber: 47
Adding FullPathInputFile to chain:/hdfs/store/user/varuns/NTuples/MC/MC2018_RunIIAutumn18_102X/WJets/WJetsToLNu_HT600-800/MC_WJetsToLNu_HT600-800_141.root

file path found: /hdfs/store/user/varuns/NTuples/MC/MC2018_RunIIAutumn18_102X/WJets/WJetsToLNu_HT600-800/MC_WJetsToLNu_HT600-800_142.root
name: MC_WJetsToLNu_HT600-800_142.root
filenumber: 48
Adding FullPathInputFile to chain:/hdfs/store/user/varuns/NTuples/MC/MC2018_RunIIAutumn18_102X/WJets/WJetsToLNu_HT600-800/MC_WJetsToLNu_HT600-800_142.root

file path found: /hdfs/store/user/varuns/NTuples/MC/MC2018_RunIIAutumn18_102X/WJets/WJetsToLNu_HT600-800/MC_WJetsToLNu_HT600-800_143.root
name: MC_WJetsToLNu_HT600-800_143.root
filenumber: 49
Adding FullPathInputFile to chain:/hdfs/store/user/varuns/NTuples/MC/MC2018_RunIIAutumn18_102X/WJets/WJetsToLNu_HT600-800/MC_WJetsToLNu_HT600-800_143.root

file path found: /hdfs/store/user/varuns/NTuples/MC/MC2018_RunIIAutumn18_102X/WJets/WJetsToLNu_HT600-800/MC_WJetsToLNu_HT600-800_144.root
name: MC_WJetsToLNu_HT600-800_144.root
filenumber: 50
Adding FullPathInputFile to chain:/hdfs/store/user/varuns/NTuples/MC/MC2018_RunIIAutumn18_102X/WJets/WJetsToLNu_HT600-800/MC_WJetsToLNu_HT600-800_144.root

file path found: /hdfs/store/user/varuns/NTuples/MC/MC2018_RunIIAutumn18_102X/WJets/WJetsToLNu_HT600-800/MC_WJetsToLNu_HT600-800_145.root
name: MC_WJetsToLNu_HT600-800_145.root
filenumber: 51
Adding FullPathInputFile to chain:/hdfs/store/user/varuns/NTuples/MC/MC2018_RunIIAutumn18_102X/WJets/WJetsToLNu_HT600-800/MC_WJetsToLNu_HT600-800_145.root

file path found: /hdfs/store/user/varuns/NTuples/MC/MC2018_RunIIAutumn18_102X/WJets/WJetsToLNu_HT600-800/MC_WJetsToLNu_HT600-800_146.root
name: MC_WJetsToLNu_HT600-800_146.root
filenumber: 52
Adding FullPathInputFile to chain:/hdfs/store/user/varuns/NTuples/MC/MC2018_RunIIAutumn18_102X/WJets/WJetsToLNu_HT600-800/MC_WJetsToLNu_HT600-800_146.root

file path found: /hdfs/store/user/varuns/NTuples/MC/MC2018_RunIIAutumn18_102X/WJets/WJetsToLNu_HT600-800/MC_WJetsToLNu_HT600-800_147.root
name: MC_WJetsToLNu_HT600-800_147.root
filenumber: 53
Adding FullPathInputFile to chain:/hdfs/store/user/varuns/NTuples/MC/MC2018_RunIIAutumn18_102X/WJets/WJetsToLNu_HT600-800/MC_WJetsToLNu_HT600-800_147.root

file path found: /hdfs/store/user/varuns/NTuples/MC/MC2018_RunIIAutumn18_102X/WJets/WJetsToLNu_HT600-800/MC_WJetsToLNu_HT600-800_148.root
name: MC_WJetsToLNu_HT600-800_148.root
filenumber: 54
Adding FullPathInputFile to chain:/hdfs/store/user/varuns/NTuples/MC/MC2018_RunIIAutumn18_102X/WJets/WJetsToLNu_HT600-800/MC_WJetsToLNu_HT600-800_148.root

file path found: /hdfs/store/user/varuns/NTuples/MC/MC2018_RunIIAutumn18_102X/WJets/WJetsToLNu_HT600-800/MC_WJetsToLNu_HT600-800_149.root
name: MC_WJetsToLNu_HT600-800_149.root
filenumber: 55
Adding FullPathInputFile to chain:/hdfs/store/user/varuns/NTuples/MC/MC2018_RunIIAutumn18_102X/WJets/WJetsToLNu_HT600-800/MC_WJetsToLNu_HT600-800_149.root

file path found: /hdfs/store/user/varuns/NTuples/MC/MC2018_RunIIAutumn18_102X/WJets/WJetsToLNu_HT600-800/MC_WJetsToLNu_HT600-800_15.root
name: MC_WJetsToLNu_HT600-800_15.root
filenumber: 56
file path found: /hdfs/store/user/varuns/NTuples/MC/MC2018_RunIIAutumn18_102X/WJets/WJetsToLNu_HT600-800/MC_WJetsToLNu_HT600-800_150.root
name: MC_WJetsToLNu_HT600-800_150.root
filenumber: 57
Adding FullPathInputFile to chain:/hdfs/store/user/varuns/NTuples/MC/MC2018_RunIIAutumn18_102X/WJets/WJetsToLNu_HT600-800/MC_WJetsToLNu_HT600-800_150.root

file path found: /hdfs/store/user/varuns/NTuples/MC/MC2018_RunIIAutumn18_102X/WJets/WJetsToLNu_HT600-800/MC_WJetsToLNu_HT600-800_151.root
name: MC_WJetsToLNu_HT600-800_151.root
filenumber: 58
Adding FullPathInputFile to chain:/hdfs/store/user/varuns/NTuples/MC/MC2018_RunIIAutumn18_102X/WJets/WJetsToLNu_HT600-800/MC_WJetsToLNu_HT600-800_151.root

file path found: /hdfs/store/user/varuns/NTuples/MC/MC2018_RunIIAutumn18_102X/WJets/WJetsToLNu_HT600-800/MC_WJetsToLNu_HT600-800_152.root
name: MC_WJetsToLNu_HT600-800_152.root
filenumber: 59
Adding FullPathInputFile to chain:/hdfs/store/user/varuns/NTuples/MC/MC2018_RunIIAutumn18_102X/WJets/WJetsToLNu_HT600-800/MC_WJetsToLNu_HT600-800_152.root

file path found: /hdfs/store/user/varuns/NTuples/MC/MC2018_RunIIAutumn18_102X/WJets/WJetsToLNu_HT600-800/MC_WJetsToLNu_HT600-800_153.root
name: MC_WJetsToLNu_HT600-800_153.root
filenumber: 60
Adding FullPathInputFile to chain:/hdfs/store/user/varuns/NTuples/MC/MC2018_RunIIAutumn18_102X/WJets/WJetsToLNu_HT600-800/MC_WJetsToLNu_HT600-800_153.root

file path found: /hdfs/store/user/varuns/NTuples/MC/MC2018_RunIIAutumn18_102X/WJets/WJetsToLNu_HT600-800/MC_WJetsToLNu_HT600-800_154.root
name: MC_WJetsToLNu_HT600-800_154.root
filenumber: 61
Adding FullPathInputFile to chain:/hdfs/store/user/varuns/NTuples/MC/MC2018_RunIIAutumn18_102X/WJets/WJetsToLNu_HT600-800/MC_WJetsToLNu_HT600-800_154.root

file path found: /hdfs/store/user/varuns/NTuples/MC/MC2018_RunIIAutumn18_102X/WJets/WJetsToLNu_HT600-800/MC_WJetsToLNu_HT600-800_155.root
name: MC_WJetsToLNu_HT600-800_155.root
filenumber: 62
Adding FullPathInputFile to chain:/hdfs/store/user/varuns/NTuples/MC/MC2018_RunIIAutumn18_102X/WJets/WJetsToLNu_HT600-800/MC_WJetsToLNu_HT600-800_155.root

file path found: /hdfs/store/user/varuns/NTuples/MC/MC2018_RunIIAutumn18_102X/WJets/WJetsToLNu_HT600-800/MC_WJetsToLNu_HT600-800_156.root
name: MC_WJetsToLNu_HT600-800_156.root
filenumber: 63
Adding FullPathInputFile to chain:/hdfs/store/user/varuns/NTuples/MC/MC2018_RunIIAutumn18_102X/WJets/WJetsToLNu_HT600-800/MC_WJetsToLNu_HT600-800_156.root

file path found: /hdfs/store/user/varuns/NTuples/MC/MC2018_RunIIAutumn18_102X/WJets/WJetsToLNu_HT600-800/MC_WJetsToLNu_HT600-800_157.root
name: MC_WJetsToLNu_HT600-800_157.root
filenumber: 64
Adding FullPathInputFile to chain:/hdfs/store/user/varuns/NTuples/MC/MC2018_RunIIAutumn18_102X/WJets/WJetsToLNu_HT600-800/MC_WJetsToLNu_HT600-800_157.root

file path found: /hdfs/store/user/varuns/NTuples/MC/MC2018_RunIIAutumn18_102X/WJets/WJetsToLNu_HT600-800/MC_WJetsToLNu_HT600-800_158.root
name: MC_WJetsToLNu_HT600-800_158.root
filenumber: 65
Adding FullPathInputFile to chain:/hdfs/store/user/varuns/NTuples/MC/MC2018_RunIIAutumn18_102X/WJets/WJetsToLNu_HT600-800/MC_WJetsToLNu_HT600-800_158.root

file path found: /hdfs/store/user/varuns/NTuples/MC/MC2018_RunIIAutumn18_102X/WJets/WJetsToLNu_HT600-800/MC_WJetsToLNu_HT600-800_159.root
name: MC_WJetsToLNu_HT600-800_159.root
filenumber: 66
Adding FullPathInputFile to chain:/hdfs/store/user/varuns/NTuples/MC/MC2018_RunIIAutumn18_102X/WJets/WJetsToLNu_HT600-800/MC_WJetsToLNu_HT600-800_159.root

file path found: /hdfs/store/user/varuns/NTuples/MC/MC2018_RunIIAutumn18_102X/WJets/WJetsToLNu_HT600-800/MC_WJetsToLNu_HT600-800_16.root
name: MC_WJetsToLNu_HT600-800_16.root
filenumber: 67
file path found: /hdfs/store/user/varuns/NTuples/MC/MC2018_RunIIAutumn18_102X/WJets/WJetsToLNu_HT600-800/MC_WJetsToLNu_HT600-800_160.root
name: MC_WJetsToLNu_HT600-800_160.root
filenumber: 68
Adding FullPathInputFile to chain:/hdfs/store/user/varuns/NTuples/MC/MC2018_RunIIAutumn18_102X/WJets/WJetsToLNu_HT600-800/MC_WJetsToLNu_HT600-800_160.root

file path found: /hdfs/store/user/varuns/NTuples/MC/MC2018_RunIIAutumn18_102X/WJets/WJetsToLNu_HT600-800/MC_WJetsToLNu_HT600-800_161.root
name: MC_WJetsToLNu_HT600-800_161.root
filenumber: 69
Adding FullPathInputFile to chain:/hdfs/store/user/varuns/NTuples/MC/MC2018_RunIIAutumn18_102X/WJets/WJetsToLNu_HT600-800/MC_WJetsToLNu_HT600-800_161.root

file path found: /hdfs/store/user/varuns/NTuples/MC/MC2018_RunIIAutumn18_102X/WJets/WJetsToLNu_HT600-800/MC_WJetsToLNu_HT600-800_162.root
name: MC_WJetsToLNu_HT600-800_162.root
filenumber: 70
Adding FullPathInputFile to chain:/hdfs/store/user/varuns/NTuples/MC/MC2018_RunIIAutumn18_102X/WJets/WJetsToLNu_HT600-800/MC_WJetsToLNu_HT600-800_162.root

file path found: /hdfs/store/user/varuns/NTuples/MC/MC2018_RunIIAutumn18_102X/WJets/WJetsToLNu_HT600-800/MC_WJetsToLNu_HT600-800_163.root
name: MC_WJetsToLNu_HT600-800_163.root
filenumber: 71
Adding FullPathInputFile to chain:/hdfs/store/user/varuns/NTuples/MC/MC2018_RunIIAutumn18_102X/WJets/WJetsToLNu_HT600-800/MC_WJetsToLNu_HT600-800_163.root

file path found: /hdfs/store/user/varuns/NTuples/MC/MC2018_RunIIAutumn18_102X/WJets/WJetsToLNu_HT600-800/MC_WJetsToLNu_HT600-800_164.root
name: MC_WJetsToLNu_HT600-800_164.root
filenumber: 72
Adding FullPathInputFile to chain:/hdfs/store/user/varuns/NTuples/MC/MC2018_RunIIAutumn18_102X/WJets/WJetsToLNu_HT600-800/MC_WJetsToLNu_HT600-800_164.root

file path found: /hdfs/store/user/varuns/NTuples/MC/MC2018_RunIIAutumn18_102X/WJets/WJetsToLNu_HT600-800/MC_WJetsToLNu_HT600-800_165.root
name: MC_WJetsToLNu_HT600-800_165.root
filenumber: 73
Adding FullPathInputFile to chain:/hdfs/store/user/varuns/NTuples/MC/MC2018_RunIIAutumn18_102X/WJets/WJetsToLNu_HT600-800/MC_WJetsToLNu_HT600-800_165.root

file path found: /hdfs/store/user/varuns/NTuples/MC/MC2018_RunIIAutumn18_102X/WJets/WJetsToLNu_HT600-800/MC_WJetsToLNu_HT600-800_166.root
name: MC_WJetsToLNu_HT600-800_166.root
filenumber: 74
Adding FullPathInputFile to chain:/hdfs/store/user/varuns/NTuples/MC/MC2018_RunIIAutumn18_102X/WJets/WJetsToLNu_HT600-800/MC_WJetsToLNu_HT600-800_166.root

file path found: /hdfs/store/user/varuns/NTuples/MC/MC2018_RunIIAutumn18_102X/WJets/WJetsToLNu_HT600-800/MC_WJetsToLNu_HT600-800_167.root
name: MC_WJetsToLNu_HT600-800_167.root
filenumber: 75
Adding FullPathInputFile to chain:/hdfs/store/user/varuns/NTuples/MC/MC2018_RunIIAutumn18_102X/WJets/WJetsToLNu_HT600-800/MC_WJetsToLNu_HT600-800_167.root

file path found: /hdfs/store/user/varuns/NTuples/MC/MC2018_RunIIAutumn18_102X/WJets/WJetsToLNu_HT600-800/MC_WJetsToLNu_HT600-800_168.root
name: MC_WJetsToLNu_HT600-800_168.root
filenumber: 76
Adding FullPathInputFile to chain:/hdfs/store/user/varuns/NTuples/MC/MC2018_RunIIAutumn18_102X/WJets/WJetsToLNu_HT600-800/MC_WJetsToLNu_HT600-800_168.root

file path found: /hdfs/store/user/varuns/NTuples/MC/MC2018_RunIIAutumn18_102X/WJets/WJetsToLNu_HT600-800/MC_WJetsToLNu_HT600-800_169.root
name: MC_WJetsToLNu_HT600-800_169.root
filenumber: 77
Adding FullPathInputFile to chain:/hdfs/store/user/varuns/NTuples/MC/MC2018_RunIIAutumn18_102X/WJets/WJetsToLNu_HT600-800/MC_WJetsToLNu_HT600-800_169.root

file path found: /hdfs/store/user/varuns/NTuples/MC/MC2018_RunIIAutumn18_102X/WJets/WJetsToLNu_HT600-800/MC_WJetsToLNu_HT600-800_17.root
name: MC_WJetsToLNu_HT600-800_17.root
filenumber: 78
file path found: /hdfs/store/user/varuns/NTuples/MC/MC2018_RunIIAutumn18_102X/WJets/WJetsToLNu_HT600-800/MC_WJetsToLNu_HT600-800_170.root
name: MC_WJetsToLNu_HT600-800_170.root
filenumber: 79
Adding FullPathInputFile to chain:/hdfs/store/user/varuns/NTuples/MC/MC2018_RunIIAutumn18_102X/WJets/WJetsToLNu_HT600-800/MC_WJetsToLNu_HT600-800_170.root

file path found: /hdfs/store/user/varuns/NTuples/MC/MC2018_RunIIAutumn18_102X/WJets/WJetsToLNu_HT600-800/MC_WJetsToLNu_HT600-800_171.root
name: MC_WJetsToLNu_HT600-800_171.root
filenumber: 80
Adding FullPathInputFile to chain:/hdfs/store/user/varuns/NTuples/MC/MC2018_RunIIAutumn18_102X/WJets/WJetsToLNu_HT600-800/MC_WJetsToLNu_HT600-800_171.root

file path found: /hdfs/store/user/varuns/NTuples/MC/MC2018_RunIIAutumn18_102X/WJets/WJetsToLNu_HT600-800/MC_WJetsToLNu_HT600-800_172.root
name: MC_WJetsToLNu_HT600-800_172.root
filenumber: 81
Adding FullPathInputFile to chain:/hdfs/store/user/varuns/NTuples/MC/MC2018_RunIIAutumn18_102X/WJets/WJetsToLNu_HT600-800/MC_WJetsToLNu_HT600-800_172.root

file path found: /hdfs/store/user/varuns/NTuples/MC/MC2018_RunIIAutumn18_102X/WJets/WJetsToLNu_HT600-800/MC_WJetsToLNu_HT600-800_173.root
name: MC_WJetsToLNu_HT600-800_173.root
filenumber: 82
Adding FullPathInputFile to chain:/hdfs/store/user/varuns/NTuples/MC/MC2018_RunIIAutumn18_102X/WJets/WJetsToLNu_HT600-800/MC_WJetsToLNu_HT600-800_173.root

file path found: /hdfs/store/user/varuns/NTuples/MC/MC2018_RunIIAutumn18_102X/WJets/WJetsToLNu_HT600-800/MC_WJetsToLNu_HT600-800_174.root
name: MC_WJetsToLNu_HT600-800_174.root
filenumber: 83
Adding FullPathInputFile to chain:/hdfs/store/user/varuns/NTuples/MC/MC2018_RunIIAutumn18_102X/WJets/WJetsToLNu_HT600-800/MC_WJetsToLNu_HT600-800_174.root

file path found: /hdfs/store/user/varuns/NTuples/MC/MC2018_RunIIAutumn18_102X/WJets/WJetsToLNu_HT600-800/MC_WJetsToLNu_HT600-800_175.root
name: MC_WJetsToLNu_HT600-800_175.root
filenumber: 84
Adding FullPathInputFile to chain:/hdfs/store/user/varuns/NTuples/MC/MC2018_RunIIAutumn18_102X/WJets/WJetsToLNu_HT600-800/MC_WJetsToLNu_HT600-800_175.root

file path found: /hdfs/store/user/varuns/NTuples/MC/MC2018_RunIIAutumn18_102X/WJets/WJetsToLNu_HT600-800/MC_WJetsToLNu_HT600-800_176.root
name: MC_WJetsToLNu_HT600-800_176.root
filenumber: 85
Adding FullPathInputFile to chain:/hdfs/store/user/varuns/NTuples/MC/MC2018_RunIIAutumn18_102X/WJets/WJetsToLNu_HT600-800/MC_WJetsToLNu_HT600-800_176.root

file path found: /hdfs/store/user/varuns/NTuples/MC/MC2018_RunIIAutumn18_102X/WJets/WJetsToLNu_HT600-800/MC_WJetsToLNu_HT600-800_177.root
name: MC_WJetsToLNu_HT600-800_177.root
filenumber: 86
Adding FullPathInputFile to chain:/hdfs/store/user/varuns/NTuples/MC/MC2018_RunIIAutumn18_102X/WJets/WJetsToLNu_HT600-800/MC_WJetsToLNu_HT600-800_177.root

file path found: /hdfs/store/user/varuns/NTuples/MC/MC2018_RunIIAutumn18_102X/WJets/WJetsToLNu_HT600-800/MC_WJetsToLNu_HT600-800_178.root
name: MC_WJetsToLNu_HT600-800_178.root
filenumber: 87
Adding FullPathInputFile to chain:/hdfs/store/user/varuns/NTuples/MC/MC2018_RunIIAutumn18_102X/WJets/WJetsToLNu_HT600-800/MC_WJetsToLNu_HT600-800_178.root

file path found: /hdfs/store/user/varuns/NTuples/MC/MC2018_RunIIAutumn18_102X/WJets/WJetsToLNu_HT600-800/MC_WJetsToLNu_HT600-800_179.root
name: MC_WJetsToLNu_HT600-800_179.root
filenumber: 88
Adding FullPathInputFile to chain:/hdfs/store/user/varuns/NTuples/MC/MC2018_RunIIAutumn18_102X/WJets/WJetsToLNu_HT600-800/MC_WJetsToLNu_HT600-800_179.root

file path found: /hdfs/store/user/varuns/NTuples/MC/MC2018_RunIIAutumn18_102X/WJets/WJetsToLNu_HT600-800/MC_WJetsToLNu_HT600-800_18.root
name: MC_WJetsToLNu_HT600-800_18.root
filenumber: 89
file path found: /hdfs/store/user/varuns/NTuples/MC/MC2018_RunIIAutumn18_102X/WJets/WJetsToLNu_HT600-800/MC_WJetsToLNu_HT600-800_180.root
name: MC_WJetsToLNu_HT600-800_180.root
filenumber: 90
Adding FullPathInputFile to chain:/hdfs/store/user/varuns/NTuples/MC/MC2018_RunIIAutumn18_102X/WJets/WJetsToLNu_HT600-800/MC_WJetsToLNu_HT600-800_180.root

file path found: /hdfs/store/user/varuns/NTuples/MC/MC2018_RunIIAutumn18_102X/WJets/WJetsToLNu_HT600-800/MC_WJetsToLNu_HT600-800_181.root
name: MC_WJetsToLNu_HT600-800_181.root
filenumber: 91
Adding FullPathInputFile to chain:/hdfs/store/user/varuns/NTuples/MC/MC2018_RunIIAutumn18_102X/WJets/WJetsToLNu_HT600-800/MC_WJetsToLNu_HT600-800_181.root

file path found: /hdfs/store/user/varuns/NTuples/MC/MC2018_RunIIAutumn18_102X/WJets/WJetsToLNu_HT600-800/MC_WJetsToLNu_HT600-800_182.root
name: MC_WJetsToLNu_HT600-800_182.root
filenumber: 92
Adding FullPathInputFile to chain:/hdfs/store/user/varuns/NTuples/MC/MC2018_RunIIAutumn18_102X/WJets/WJetsToLNu_HT600-800/MC_WJetsToLNu_HT600-800_182.root

file path found: /hdfs/store/user/varuns/NTuples/MC/MC2018_RunIIAutumn18_102X/WJets/WJetsToLNu_HT600-800/MC_WJetsToLNu_HT600-800_183.root
name: MC_WJetsToLNu_HT600-800_183.root
filenumber: 93
Adding FullPathInputFile to chain:/hdfs/store/user/varuns/NTuples/MC/MC2018_RunIIAutumn18_102X/WJets/WJetsToLNu_HT600-800/MC_WJetsToLNu_HT600-800_183.root

file path found: /hdfs/store/user/varuns/NTuples/MC/MC2018_RunIIAutumn18_102X/WJets/WJetsToLNu_HT600-800/MC_WJetsToLNu_HT600-800_184.root
name: MC_WJetsToLNu_HT600-800_184.root
filenumber: 94
Adding FullPathInputFile to chain:/hdfs/store/user/varuns/NTuples/MC/MC2018_RunIIAutumn18_102X/WJets/WJetsToLNu_HT600-800/MC_WJetsToLNu_HT600-800_184.root

file path found: /hdfs/store/user/varuns/NTuples/MC/MC2018_RunIIAutumn18_102X/WJets/WJetsToLNu_HT600-800/MC_WJetsToLNu_HT600-800_185.root
name: MC_WJetsToLNu_HT600-800_185.root
filenumber: 95
Adding FullPathInputFile to chain:/hdfs/store/user/varuns/NTuples/MC/MC2018_RunIIAutumn18_102X/WJets/WJetsToLNu_HT600-800/MC_WJetsToLNu_HT600-800_185.root

file path found: /hdfs/store/user/varuns/NTuples/MC/MC2018_RunIIAutumn18_102X/WJets/WJetsToLNu_HT600-800/MC_WJetsToLNu_HT600-800_186.root
name: MC_WJetsToLNu_HT600-800_186.root
filenumber: 96
Adding FullPathInputFile to chain:/hdfs/store/user/varuns/NTuples/MC/MC2018_RunIIAutumn18_102X/WJets/WJetsToLNu_HT600-800/MC_WJetsToLNu_HT600-800_186.root

file path found: /hdfs/store/user/varuns/NTuples/MC/MC2018_RunIIAutumn18_102X/WJets/WJetsToLNu_HT600-800/MC_WJetsToLNu_HT600-800_187.root
name: MC_WJetsToLNu_HT600-800_187.root
filenumber: 97
Adding FullPathInputFile to chain:/hdfs/store/user/varuns/NTuples/MC/MC2018_RunIIAutumn18_102X/WJets/WJetsToLNu_HT600-800/MC_WJetsToLNu_HT600-800_187.root

file path found: /hdfs/store/user/varuns/NTuples/MC/MC2018_RunIIAutumn18_102X/WJets/WJetsToLNu_HT600-800/MC_WJetsToLNu_HT600-800_188.root
name: MC_WJetsToLNu_HT600-800_188.root
filenumber: 98
Adding FullPathInputFile to chain:/hdfs/store/user/varuns/NTuples/MC/MC2018_RunIIAutumn18_102X/WJets/WJetsToLNu_HT600-800/MC_WJetsToLNu_HT600-800_188.root

file path found: /hdfs/store/user/varuns/NTuples/MC/MC2018_RunIIAutumn18_102X/WJets/WJetsToLNu_HT600-800/MC_WJetsToLNu_HT600-800_189.root
name: MC_WJetsToLNu_HT600-800_189.root
filenumber: 99
Adding FullPathInputFile to chain:/hdfs/store/user/varuns/NTuples/MC/MC2018_RunIIAutumn18_102X/WJets/WJetsToLNu_HT600-800/MC_WJetsToLNu_HT600-800_189.root

file path found: /hdfs/store/user/varuns/NTuples/MC/MC2018_RunIIAutumn18_102X/WJets/WJetsToLNu_HT600-800/MC_WJetsToLNu_HT600-800_19.root
name: MC_WJetsToLNu_HT600-800_19.root
filenumber: 100
file path found: /hdfs/store/user/varuns/NTuples/MC/MC2018_RunIIAutumn18_102X/WJets/WJetsToLNu_HT600-800/MC_WJetsToLNu_HT600-800_190.root
name: MC_WJetsToLNu_HT600-800_190.root
filenumber: 101
Adding FullPathInputFile to chain:/hdfs/store/user/varuns/NTuples/MC/MC2018_RunIIAutumn18_102X/WJets/WJetsToLNu_HT600-800/MC_WJetsToLNu_HT600-800_190.root

file path found: /hdfs/store/user/varuns/NTuples/MC/MC2018_RunIIAutumn18_102X/WJets/WJetsToLNu_HT600-800/MC_WJetsToLNu_HT600-800_191.root
name: MC_WJetsToLNu_HT600-800_191.root
filenumber: 102
Adding FullPathInputFile to chain:/hdfs/store/user/varuns/NTuples/MC/MC2018_RunIIAutumn18_102X/WJets/WJetsToLNu_HT600-800/MC_WJetsToLNu_HT600-800_191.root

file path found: /hdfs/store/user/varuns/NTuples/MC/MC2018_RunIIAutumn18_102X/WJets/WJetsToLNu_HT600-800/MC_WJetsToLNu_HT600-800_192.root
name: MC_WJetsToLNu_HT600-800_192.root
filenumber: 103
Adding FullPathInputFile to chain:/hdfs/store/user/varuns/NTuples/MC/MC2018_RunIIAutumn18_102X/WJets/WJetsToLNu_HT600-800/MC_WJetsToLNu_HT600-800_192.root

file path found: /hdfs/store/user/varuns/NTuples/MC/MC2018_RunIIAutumn18_102X/WJets/WJetsToLNu_HT600-800/MC_WJetsToLNu_HT600-800_193.root
name: MC_WJetsToLNu_HT600-800_193.root
filenumber: 104
Adding FullPathInputFile to chain:/hdfs/store/user/varuns/NTuples/MC/MC2018_RunIIAutumn18_102X/WJets/WJetsToLNu_HT600-800/MC_WJetsToLNu_HT600-800_193.root

file path found: /hdfs/store/user/varuns/NTuples/MC/MC2018_RunIIAutumn18_102X/WJets/WJetsToLNu_HT600-800/MC_WJetsToLNu_HT600-800_194.root
name: MC_WJetsToLNu_HT600-800_194.root
filenumber: 105
Adding FullPathInputFile to chain:/hdfs/store/user/varuns/NTuples/MC/MC2018_RunIIAutumn18_102X/WJets/WJetsToLNu_HT600-800/MC_WJetsToLNu_HT600-800_194.root

file path found: /hdfs/store/user/varuns/NTuples/MC/MC2018_RunIIAutumn18_102X/WJets/WJetsToLNu_HT600-800/MC_WJetsToLNu_HT600-800_195.root
name: MC_WJetsToLNu_HT600-800_195.root
filenumber: 106
Adding FullPathInputFile to chain:/hdfs/store/user/varuns/NTuples/MC/MC2018_RunIIAutumn18_102X/WJets/WJetsToLNu_HT600-800/MC_WJetsToLNu_HT600-800_195.root

file path found: /hdfs/store/user/varuns/NTuples/MC/MC2018_RunIIAutumn18_102X/WJets/WJetsToLNu_HT600-800/MC_WJetsToLNu_HT600-800_196.root
name: MC_WJetsToLNu_HT600-800_196.root
filenumber: 107
Adding FullPathInputFile to chain:/hdfs/store/user/varuns/NTuples/MC/MC2018_RunIIAutumn18_102X/WJets/WJetsToLNu_HT600-800/MC_WJetsToLNu_HT600-800_196.root

file path found: /hdfs/store/user/varuns/NTuples/MC/MC2018_RunIIAutumn18_102X/WJets/WJetsToLNu_HT600-800/MC_WJetsToLNu_HT600-800_197.root
name: MC_WJetsToLNu_HT600-800_197.root
filenumber: 108
Adding FullPathInputFile to chain:/hdfs/store/user/varuns/NTuples/MC/MC2018_RunIIAutumn18_102X/WJets/WJetsToLNu_HT600-800/MC_WJetsToLNu_HT600-800_197.root

file path found: /hdfs/store/user/varuns/NTuples/MC/MC2018_RunIIAutumn18_102X/WJets/WJetsToLNu_HT600-800/MC_WJetsToLNu_HT600-800_198.root
name: MC_WJetsToLNu_HT600-800_198.root
filenumber: 109
Adding FullPathInputFile to chain:/hdfs/store/user/varuns/NTuples/MC/MC2018_RunIIAutumn18_102X/WJets/WJetsToLNu_HT600-800/MC_WJetsToLNu_HT600-800_198.root

file path found: /hdfs/store/user/varuns/NTuples/MC/MC2018_RunIIAutumn18_102X/WJets/WJetsToLNu_HT600-800/MC_WJetsToLNu_HT600-800_199.root
name: MC_WJetsToLNu_HT600-800_199.root
filenumber: 110
Adding FullPathInputFile to chain:/hdfs/store/user/varuns/NTuples/MC/MC2018_RunIIAutumn18_102X/WJets/WJetsToLNu_HT600-800/MC_WJetsToLNu_HT600-800_199.root

file path found: /hdfs/store/user/varuns/NTuples/MC/MC2018_RunIIAutumn18_102X/WJets/WJetsToLNu_HT600-800/MC_WJetsToLNu_HT600-800_2.root
name: MC_WJetsToLNu_HT600-800_2.root
filenumber: 111
file path found: /hdfs/store/user/varuns/NTuples/MC/MC2018_RunIIAutumn18_102X/WJets/WJetsToLNu_HT600-800/MC_WJetsToLNu_HT600-800_20.root
name: MC_WJetsToLNu_HT600-800_20.root
filenumber: 112
file path found: /hdfs/store/user/varuns/NTuples/MC/MC2018_RunIIAutumn18_102X/WJets/WJetsToLNu_HT600-800/MC_WJetsToLNu_HT600-800_200.root
name: MC_WJetsToLNu_HT600-800_200.root
filenumber: 113
Adding FullPathInputFile to chain:/hdfs/store/user/varuns/NTuples/MC/MC2018_RunIIAutumn18_102X/WJets/WJetsToLNu_HT600-800/MC_WJetsToLNu_HT600-800_200.root

file path found: /hdfs/store/user/varuns/NTuples/MC/MC2018_RunIIAutumn18_102X/WJets/WJetsToLNu_HT600-800/MC_WJetsToLNu_HT600-800_201.root
name: MC_WJetsToLNu_HT600-800_201.root
filenumber: 114
Adding FullPathInputFile to chain:/hdfs/store/user/varuns/NTuples/MC/MC2018_RunIIAutumn18_102X/WJets/WJetsToLNu_HT600-800/MC_WJetsToLNu_HT600-800_201.root

file path found: /hdfs/store/user/varuns/NTuples/MC/MC2018_RunIIAutumn18_102X/WJets/WJetsToLNu_HT600-800/MC_WJetsToLNu_HT600-800_202.root
name: MC_WJetsToLNu_HT600-800_202.root
filenumber: 115
Adding FullPathInputFile to chain:/hdfs/store/user/varuns/NTuples/MC/MC2018_RunIIAutumn18_102X/WJets/WJetsToLNu_HT600-800/MC_WJetsToLNu_HT600-800_202.root

file path found: /hdfs/store/user/varuns/NTuples/MC/MC2018_RunIIAutumn18_102X/WJets/WJetsToLNu_HT600-800/MC_WJetsToLNu_HT600-800_21.root
name: MC_WJetsToLNu_HT600-800_21.root
filenumber: 116
file path found: /hdfs/store/user/varuns/NTuples/MC/MC2018_RunIIAutumn18_102X/WJets/WJetsToLNu_HT600-800/MC_WJetsToLNu_HT600-800_22.root
name: MC_WJetsToLNu_HT600-800_22.root
filenumber: 117
file path found: /hdfs/store/user/varuns/NTuples/MC/MC2018_RunIIAutumn18_102X/WJets/WJetsToLNu_HT600-800/MC_WJetsToLNu_HT600-800_23.root
name: MC_WJetsToLNu_HT600-800_23.root
filenumber: 118
file path found: /hdfs/store/user/varuns/NTuples/MC/MC2018_RunIIAutumn18_102X/WJets/WJetsToLNu_HT600-800/MC_WJetsToLNu_HT600-800_24.root
name: MC_WJetsToLNu_HT600-800_24.root
filenumber: 119
file path found: /hdfs/store/user/varuns/NTuples/MC/MC2018_RunIIAutumn18_102X/WJets/WJetsToLNu_HT600-800/MC_WJetsToLNu_HT600-800_25.root
name: MC_WJetsToLNu_HT600-800_25.root
filenumber: 120
file path found: /hdfs/store/user/varuns/NTuples/MC/MC2018_RunIIAutumn18_102X/WJets/WJetsToLNu_HT600-800/MC_WJetsToLNu_HT600-800_26.root
name: MC_WJetsToLNu_HT600-800_26.root
filenumber: 121
file path found: /hdfs/store/user/varuns/NTuples/MC/MC2018_RunIIAutumn18_102X/WJets/WJetsToLNu_HT600-800/MC_WJetsToLNu_HT600-800_27.root
name: MC_WJetsToLNu_HT600-800_27.root
filenumber: 122
file path found: /hdfs/store/user/varuns/NTuples/MC/MC2018_RunIIAutumn18_102X/WJets/WJetsToLNu_HT600-800/MC_WJetsToLNu_HT600-800_28.root
name: MC_WJetsToLNu_HT600-800_28.root
filenumber: 123
file path found: /hdfs/store/user/varuns/NTuples/MC/MC2018_RunIIAutumn18_102X/WJets/WJetsToLNu_HT600-800/MC_WJetsToLNu_HT600-800_29.root
name: MC_WJetsToLNu_HT600-800_29.root
filenumber: 124
file path found: /hdfs/store/user/varuns/NTuples/MC/MC2018_RunIIAutumn18_102X/WJets/WJetsToLNu_HT600-800/MC_WJetsToLNu_HT600-800_3.root
name: MC_WJetsToLNu_HT600-800_3.root
filenumber: 125
file path found: /hdfs/store/user/varuns/NTuples/MC/MC2018_RunIIAutumn18_102X/WJets/WJetsToLNu_HT600-800/MC_WJetsToLNu_HT600-800_30.root
name: MC_WJetsToLNu_HT600-800_30.root
filenumber: 126
file path found: /hdfs/store/user/varuns/NTuples/MC/MC2018_RunIIAutumn18_102X/WJets/WJetsToLNu_HT600-800/MC_WJetsToLNu_HT600-800_31.root
name: MC_WJetsToLNu_HT600-800_31.root
filenumber: 127
file path found: /hdfs/store/user/varuns/NTuples/MC/MC2018_RunIIAutumn18_102X/WJets/WJetsToLNu_HT600-800/MC_WJetsToLNu_HT600-800_32.root
name: MC_WJetsToLNu_HT600-800_32.root
filenumber: 128
file path found: /hdfs/store/user/varuns/NTuples/MC/MC2018_RunIIAutumn18_102X/WJets/WJetsToLNu_HT600-800/MC_WJetsToLNu_HT600-800_33.root
name: MC_WJetsToLNu_HT600-800_33.root
filenumber: 129
file path found: /hdfs/store/user/varuns/NTuples/MC/MC2018_RunIIAutumn18_102X/WJets/WJetsToLNu_HT600-800/MC_WJetsToLNu_HT600-800_34.root
name: MC_WJetsToLNu_HT600-800_34.root
filenumber: 130
file path found: /hdfs/store/user/varuns/NTuples/MC/MC2018_RunIIAutumn18_102X/WJets/WJetsToLNu_HT600-800/MC_WJetsToLNu_HT600-800_35.root
name: MC_WJetsToLNu_HT600-800_35.root
filenumber: 131
file path found: /hdfs/store/user/varuns/NTuples/MC/MC2018_RunIIAutumn18_102X/WJets/WJetsToLNu_HT600-800/MC_WJetsToLNu_HT600-800_36.root
name: MC_WJetsToLNu_HT600-800_36.root
filenumber: 132
file path found: /hdfs/store/user/varuns/NTuples/MC/MC2018_RunIIAutumn18_102X/WJets/WJetsToLNu_HT600-800/MC_WJetsToLNu_HT600-800_37.root
name: MC_WJetsToLNu_HT600-800_37.root
filenumber: 133
file path found: /hdfs/store/user/varuns/NTuples/MC/MC2018_RunIIAutumn18_102X/WJets/WJetsToLNu_HT600-800/MC_WJetsToLNu_HT600-800_38.root
name: MC_WJetsToLNu_HT600-800_38.root
filenumber: 134
file path found: /hdfs/store/user/varuns/NTuples/MC/MC2018_RunIIAutumn18_102X/WJets/WJetsToLNu_HT600-800/MC_WJetsToLNu_HT600-800_39.root
name: MC_WJetsToLNu_HT600-800_39.root
filenumber: 135
file path found: /hdfs/store/user/varuns/NTuples/MC/MC2018_RunIIAutumn18_102X/WJets/WJetsToLNu_HT600-800/MC_WJetsToLNu_HT600-800_4.root
name: MC_WJetsToLNu_HT600-800_4.root
filenumber: 136
file path found: /hdfs/store/user/varuns/NTuples/MC/MC2018_RunIIAutumn18_102X/WJets/WJetsToLNu_HT600-800/MC_WJetsToLNu_HT600-800_40.root
name: MC_WJetsToLNu_HT600-800_40.root
filenumber: 137
file path found: /hdfs/store/user/varuns/NTuples/MC/MC2018_RunIIAutumn18_102X/WJets/WJetsToLNu_HT600-800/MC_WJetsToLNu_HT600-800_41.root
name: MC_WJetsToLNu_HT600-800_41.root
filenumber: 138
file path found: /hdfs/store/user/varuns/NTuples/MC/MC2018_RunIIAutumn18_102X/WJets/WJetsToLNu_HT600-800/MC_WJetsToLNu_HT600-800_42.root
name: MC_WJetsToLNu_HT600-800_42.root
filenumber: 139
file path found: /hdfs/store/user/varuns/NTuples/MC/MC2018_RunIIAutumn18_102X/WJets/WJetsToLNu_HT600-800/MC_WJetsToLNu_HT600-800_43.root
name: MC_WJetsToLNu_HT600-800_43.root
filenumber: 140
file path found: /hdfs/store/user/varuns/NTuples/MC/MC2018_RunIIAutumn18_102X/WJets/WJetsToLNu_HT600-800/MC_WJetsToLNu_HT600-800_44.root
name: MC_WJetsToLNu_HT600-800_44.root
filenumber: 141
file path found: /hdfs/store/user/varuns/NTuples/MC/MC2018_RunIIAutumn18_102X/WJets/WJetsToLNu_HT600-800/MC_WJetsToLNu_HT600-800_45.root
name: MC_WJetsToLNu_HT600-800_45.root
filenumber: 142
file path found: /hdfs/store/user/varuns/NTuples/MC/MC2018_RunIIAutumn18_102X/WJets/WJetsToLNu_HT600-800/MC_WJetsToLNu_HT600-800_46.root
name: MC_WJetsToLNu_HT600-800_46.root
filenumber: 143
file path found: /hdfs/store/user/varuns/NTuples/MC/MC2018_RunIIAutumn18_102X/WJets/WJetsToLNu_HT600-800/MC_WJetsToLNu_HT600-800_47.root
name: MC_WJetsToLNu_HT600-800_47.root
filenumber: 144
file path found: /hdfs/store/user/varuns/NTuples/MC/MC2018_RunIIAutumn18_102X/WJets/WJetsToLNu_HT600-800/MC_WJetsToLNu_HT600-800_48.root
name: MC_WJetsToLNu_HT600-800_48.root
filenumber: 145
file path found: /hdfs/store/user/varuns/NTuples/MC/MC2018_RunIIAutumn18_102X/WJets/WJetsToLNu_HT600-800/MC_WJetsToLNu_HT600-800_49.root
name: MC_WJetsToLNu_HT600-800_49.root
filenumber: 146
file path found: /hdfs/store/user/varuns/NTuples/MC/MC2018_RunIIAutumn18_102X/WJets/WJetsToLNu_HT600-800/MC_WJetsToLNu_HT600-800_5.root
name: MC_WJetsToLNu_HT600-800_5.root
filenumber: 147
file path found: /hdfs/store/user/varuns/NTuples/MC/MC2018_RunIIAutumn18_102X/WJets/WJetsToLNu_HT600-800/MC_WJetsToLNu_HT600-800_50.root
name: MC_WJetsToLNu_HT600-800_50.root
filenumber: 148
file path found: /hdfs/store/user/varuns/NTuples/MC/MC2018_RunIIAutumn18_102X/WJets/WJetsToLNu_HT600-800/MC_WJetsToLNu_HT600-800_51.root
name: MC_WJetsToLNu_HT600-800_51.root
filenumber: 149
file path found: /hdfs/store/user/varuns/NTuples/MC/MC2018_RunIIAutumn18_102X/WJets/WJetsToLNu_HT600-800/MC_WJetsToLNu_HT600-800_52.root
name: MC_WJetsToLNu_HT600-800_52.root
filenumber: 150
file path found: /hdfs/store/user/varuns/NTuples/MC/MC2018_RunIIAutumn18_102X/WJets/WJetsToLNu_HT600-800/MC_WJetsToLNu_HT600-800_53.root
name: MC_WJetsToLNu_HT600-800_53.root
filenumber: 151
file path found: /hdfs/store/user/varuns/NTuples/MC/MC2018_RunIIAutumn18_102X/WJets/WJetsToLNu_HT600-800/MC_WJetsToLNu_HT600-800_54.root
name: MC_WJetsToLNu_HT600-800_54.root
filenumber: 152
file path found: /hdfs/store/user/varuns/NTuples/MC/MC2018_RunIIAutumn18_102X/WJets/WJetsToLNu_HT600-800/MC_WJetsToLNu_HT600-800_55.root
name: MC_WJetsToLNu_HT600-800_55.root
filenumber: 153
file path found: /hdfs/store/user/varuns/NTuples/MC/MC2018_RunIIAutumn18_102X/WJets/WJetsToLNu_HT600-800/MC_WJetsToLNu_HT600-800_56.root
name: MC_WJetsToLNu_HT600-800_56.root
filenumber: 154
file path found: /hdfs/store/user/varuns/NTuples/MC/MC2018_RunIIAutumn18_102X/WJets/WJetsToLNu_HT600-800/MC_WJetsToLNu_HT600-800_57.root
name: MC_WJetsToLNu_HT600-800_57.root
filenumber: 155
file path found: /hdfs/store/user/varuns/NTuples/MC/MC2018_RunIIAutumn18_102X/WJets/WJetsToLNu_HT600-800/MC_WJetsToLNu_HT600-800_58.root
name: MC_WJetsToLNu_HT600-800_58.root
filenumber: 156
file path found: /hdfs/store/user/varuns/NTuples/MC/MC2018_RunIIAutumn18_102X/WJets/WJetsToLNu_HT600-800/MC_WJetsToLNu_HT600-800_59.root
name: MC_WJetsToLNu_HT600-800_59.root
filenumber: 157
file path found: /hdfs/store/user/varuns/NTuples/MC/MC2018_RunIIAutumn18_102X/WJets/WJetsToLNu_HT600-800/MC_WJetsToLNu_HT600-800_6.root
name: MC_WJetsToLNu_HT600-800_6.root
filenumber: 158
file path found: /hdfs/store/user/varuns/NTuples/MC/MC2018_RunIIAutumn18_102X/WJets/WJetsToLNu_HT600-800/MC_WJetsToLNu_HT600-800_60.root
name: MC_WJetsToLNu_HT600-800_60.root
filenumber: 159
file path found: /hdfs/store/user/varuns/NTuples/MC/MC2018_RunIIAutumn18_102X/WJets/WJetsToLNu_HT600-800/MC_WJetsToLNu_HT600-800_61.root
name: MC_WJetsToLNu_HT600-800_61.root
filenumber: 160
file path found: /hdfs/store/user/varuns/NTuples/MC/MC2018_RunIIAutumn18_102X/WJets/WJetsToLNu_HT600-800/MC_WJetsToLNu_HT600-800_62.root
name: MC_WJetsToLNu_HT600-800_62.root
filenumber: 161
file path found: /hdfs/store/user/varuns/NTuples/MC/MC2018_RunIIAutumn18_102X/WJets/WJetsToLNu_HT600-800/MC_WJetsToLNu_HT600-800_63.root
name: MC_WJetsToLNu_HT600-800_63.root
filenumber: 162
file path found: /hdfs/store/user/varuns/NTuples/MC/MC2018_RunIIAutumn18_102X/WJets/WJetsToLNu_HT600-800/MC_WJetsToLNu_HT600-800_64.root
name: MC_WJetsToLNu_HT600-800_64.root
filenumber: 163
file path found: /hdfs/store/user/varuns/NTuples/MC/MC2018_RunIIAutumn18_102X/WJets/WJetsToLNu_HT600-800/MC_WJetsToLNu_HT600-800_65.root
name: MC_WJetsToLNu_HT600-800_65.root
filenumber: 164
file path found: /hdfs/store/user/varuns/NTuples/MC/MC2018_RunIIAutumn18_102X/WJets/WJetsToLNu_HT600-800/MC_WJetsToLNu_HT600-800_66.root
name: MC_WJetsToLNu_HT600-800_66.root
filenumber: 165
file path found: /hdfs/store/user/varuns/NTuples/MC/MC2018_RunIIAutumn18_102X/WJets/WJetsToLNu_HT600-800/MC_WJetsToLNu_HT600-800_67.root
name: MC_WJetsToLNu_HT600-800_67.root
filenumber: 166
file path found: /hdfs/store/user/varuns/NTuples/MC/MC2018_RunIIAutumn18_102X/WJets/WJetsToLNu_HT600-800/MC_WJetsToLNu_HT600-800_68.root
name: MC_WJetsToLNu_HT600-800_68.root
filenumber: 167
file path found: /hdfs/store/user/varuns/NTuples/MC/MC2018_RunIIAutumn18_102X/WJets/WJetsToLNu_HT600-800/MC_WJetsToLNu_HT600-800_69.root
name: MC_WJetsToLNu_HT600-800_69.root
filenumber: 168
file path found: /hdfs/store/user/varuns/NTuples/MC/MC2018_RunIIAutumn18_102X/WJets/WJetsToLNu_HT600-800/MC_WJetsToLNu_HT600-800_7.root
name: MC_WJetsToLNu_HT600-800_7.root
filenumber: 169
file path found: /hdfs/store/user/varuns/NTuples/MC/MC2018_RunIIAutumn18_102X/WJets/WJetsToLNu_HT600-800/MC_WJetsToLNu_HT600-800_70.root
name: MC_WJetsToLNu_HT600-800_70.root
filenumber: 170
file path found: /hdfs/store/user/varuns/NTuples/MC/MC2018_RunIIAutumn18_102X/WJets/WJetsToLNu_HT600-800/MC_WJetsToLNu_HT600-800_71.root
name: MC_WJetsToLNu_HT600-800_71.root
filenumber: 171
file path found: /hdfs/store/user/varuns/NTuples/MC/MC2018_RunIIAutumn18_102X/WJets/WJetsToLNu_HT600-800/MC_WJetsToLNu_HT600-800_72.root
name: MC_WJetsToLNu_HT600-800_72.root
filenumber: 172
file path found: /hdfs/store/user/varuns/NTuples/MC/MC2018_RunIIAutumn18_102X/WJets/WJetsToLNu_HT600-800/MC_WJetsToLNu_HT600-800_73.root
name: MC_WJetsToLNu_HT600-800_73.root
filenumber: 173
file path found: /hdfs/store/user/varuns/NTuples/MC/MC2018_RunIIAutumn18_102X/WJets/WJetsToLNu_HT600-800/MC_WJetsToLNu_HT600-800_74.root
name: MC_WJetsToLNu_HT600-800_74.root
filenumber: 174
file path found: /hdfs/store/user/varuns/NTuples/MC/MC2018_RunIIAutumn18_102X/WJets/WJetsToLNu_HT600-800/MC_WJetsToLNu_HT600-800_75.root
name: MC_WJetsToLNu_HT600-800_75.root
filenumber: 175
file path found: /hdfs/store/user/varuns/NTuples/MC/MC2018_RunIIAutumn18_102X/WJets/WJetsToLNu_HT600-800/MC_WJetsToLNu_HT600-800_76.root
name: MC_WJetsToLNu_HT600-800_76.root
filenumber: 176
file path found: /hdfs/store/user/varuns/NTuples/MC/MC2018_RunIIAutumn18_102X/WJets/WJetsToLNu_HT600-800/MC_WJetsToLNu_HT600-800_77.root
name: MC_WJetsToLNu_HT600-800_77.root
filenumber: 177
file path found: /hdfs/store/user/varuns/NTuples/MC/MC2018_RunIIAutumn18_102X/WJets/WJetsToLNu_HT600-800/MC_WJetsToLNu_HT600-800_78.root
name: MC_WJetsToLNu_HT600-800_78.root
filenumber: 178
file path found: /hdfs/store/user/varuns/NTuples/MC/MC2018_RunIIAutumn18_102X/WJets/WJetsToLNu_HT600-800/MC_WJetsToLNu_HT600-800_79.root
name: MC_WJetsToLNu_HT600-800_79.root
filenumber: 179
file path found: /hdfs/store/user/varuns/NTuples/MC/MC2018_RunIIAutumn18_102X/WJets/WJetsToLNu_HT600-800/MC_WJetsToLNu_HT600-800_8.root
name: MC_WJetsToLNu_HT600-800_8.root
filenumber: 180
file path found: /hdfs/store/user/varuns/NTuples/MC/MC2018_RunIIAutumn18_102X/WJets/WJetsToLNu_HT600-800/MC_WJetsToLNu_HT600-800_80.root
name: MC_WJetsToLNu_HT600-800_80.root
filenumber: 181
file path found: /hdfs/store/user/varuns/NTuples/MC/MC2018_RunIIAutumn18_102X/WJets/WJetsToLNu_HT600-800/MC_WJetsToLNu_HT600-800_81.root
name: MC_WJetsToLNu_HT600-800_81.root
filenumber: 182
file path found: /hdfs/store/user/varuns/NTuples/MC/MC2018_RunIIAutumn18_102X/WJets/WJetsToLNu_HT600-800/MC_WJetsToLNu_HT600-800_82.root
name: MC_WJetsToLNu_HT600-800_82.root
filenumber: 183
file path found: /hdfs/store/user/varuns/NTuples/MC/MC2018_RunIIAutumn18_102X/WJets/WJetsToLNu_HT600-800/MC_WJetsToLNu_HT600-800_83.root
name: MC_WJetsToLNu_HT600-800_83.root
filenumber: 184
file path found: /hdfs/store/user/varuns/NTuples/MC/MC2018_RunIIAutumn18_102X/WJets/WJetsToLNu_HT600-800/MC_WJetsToLNu_HT600-800_84.root
name: MC_WJetsToLNu_HT600-800_84.root
filenumber: 185
file path found: /hdfs/store/user/varuns/NTuples/MC/MC2018_RunIIAutumn18_102X/WJets/WJetsToLNu_HT600-800/MC_WJetsToLNu_HT600-800_85.root
name: MC_WJetsToLNu_HT600-800_85.root
filenumber: 186
file path found: /hdfs/store/user/varuns/NTuples/MC/MC2018_RunIIAutumn18_102X/WJets/WJetsToLNu_HT600-800/MC_WJetsToLNu_HT600-800_86.root
name: MC_WJetsToLNu_HT600-800_86.root
filenumber: 187
file path found: /hdfs/store/user/varuns/NTuples/MC/MC2018_RunIIAutumn18_102X/WJets/WJetsToLNu_HT600-800/MC_WJetsToLNu_HT600-800_87.root
name: MC_WJetsToLNu_HT600-800_87.root
filenumber: 188
file path found: /hdfs/store/user/varuns/NTuples/MC/MC2018_RunIIAutumn18_102X/WJets/WJetsToLNu_HT600-800/MC_WJetsToLNu_HT600-800_88.root
name: MC_WJetsToLNu_HT600-800_88.root
filenumber: 189
file path found: /hdfs/store/user/varuns/NTuples/MC/MC2018_RunIIAutumn18_102X/WJets/WJetsToLNu_HT600-800/MC_WJetsToLNu_HT600-800_89.root
name: MC_WJetsToLNu_HT600-800_89.root
filenumber: 190
file path found: /hdfs/store/user/varuns/NTuples/MC/MC2018_RunIIAutumn18_102X/WJets/WJetsToLNu_HT600-800/MC_WJetsToLNu_HT600-800_9.root
name: MC_WJetsToLNu_HT600-800_9.root
filenumber: 191
file path found: /hdfs/store/user/varuns/NTuples/MC/MC2018_RunIIAutumn18_102X/WJets/WJetsToLNu_HT600-800/MC_WJetsToLNu_HT600-800_90.root
name: MC_WJetsToLNu_HT600-800_90.root
filenumber: 192
file path found: /hdfs/store/user/varuns/NTuples/MC/MC2018_RunIIAutumn18_102X/WJets/WJetsToLNu_HT600-800/MC_WJetsToLNu_HT600-800_91.root
name: MC_WJetsToLNu_HT600-800_91.root
filenumber: 193
file path found: /hdfs/store/user/varuns/NTuples/MC/MC2018_RunIIAutumn18_102X/WJets/WJetsToLNu_HT600-800/MC_WJetsToLNu_HT600-800_92.root
name: MC_WJetsToLNu_HT600-800_92.root
filenumber: 194
file path found: /hdfs/store/user/varuns/NTuples/MC/MC2018_RunIIAutumn18_102X/WJets/WJetsToLNu_HT600-800/MC_WJetsToLNu_HT600-800_93.root
name: MC_WJetsToLNu_HT600-800_93.root
filenumber: 195
file path found: /hdfs/store/user/varuns/NTuples/MC/MC2018_RunIIAutumn18_102X/WJets/WJetsToLNu_HT600-800/MC_WJetsToLNu_HT600-800_94.root
name: MC_WJetsToLNu_HT600-800_94.root
filenumber: 196
file path found: /hdfs/store/user/varuns/NTuples/MC/MC2018_RunIIAutumn18_102X/WJets/WJetsToLNu_HT600-800/MC_WJetsToLNu_HT600-800_95.root
name: MC_WJetsToLNu_HT600-800_95.root
filenumber: 197
file path found: /hdfs/store/user/varuns/NTuples/MC/MC2018_RunIIAutumn18_102X/WJets/WJetsToLNu_HT600-800/MC_WJetsToLNu_HT600-800_96.root
name: MC_WJetsToLNu_HT600-800_96.root
filenumber: 198
file path found: /hdfs/store/user/varuns/NTuples/MC/MC2018_RunIIAutumn18_102X/WJets/WJetsToLNu_HT600-800/MC_WJetsToLNu_HT600-800_97.root
name: MC_WJetsToLNu_HT600-800_97.root
filenumber: 199
file path found: /hdfs/store/user/varuns/NTuples/MC/MC2018_RunIIAutumn18_102X/WJets/WJetsToLNu_HT600-800/MC_WJetsToLNu_HT600-800_98.root
name: MC_WJetsToLNu_HT600-800_98.root
filenumber: 200
file path found: /hdfs/store/user/varuns/NTuples/MC/MC2018_RunIIAutumn18_102X/WJets/WJetsToLNu_HT600-800/MC_WJetsToLNu_HT600-800_99.root
name: MC_WJetsToLNu_HT600-800_99.root
filenumber: 201
file path found: /hdfs/store/user/varuns/NTuples/MC/MC2018_RunIIAutumn18_102X/WJets/WJetsToLNu_HT600-800/.
name: .
filenumber: 202
file path found: /hdfs/store/user/varuns/NTuples/MC/MC2018_RunIIAutumn18_102X/WJets/WJetsToLNu_HT600-800/..
name: ..
filenumber: 203
68 files added.
Initializing chain.
Coming in: 
nentries:6640651
Running over 6640651 events.
Finished entry 0/6640650
Finished entry 10000/6640650
Finished entry 20000/6640650
Finished entry 30000/6640650
Finished entry 40000/6640650
Finished entry 50000/6640650
Finished entry 60000/6640650
Finished entry 70000/6640650
Finished entry 80000/6640650
Finished entry 90000/6640650
Finished entry 100000/6640650
Finished entry 110000/6640650
Finished entry 120000/6640650
Finished entry 130000/6640650
Finished entry 140000/6640650
Finished entry 150000/6640650
Finished entry 160000/6640650
Finished entry 170000/6640650
Finished entry 180000/6640650
Finished entry 190000/6640650
Finished entry 200000/6640650
Finished entry 210000/6640650
Finished entry 220000/6640650
Finished entry 230000/6640650
Finished entry 240000/6640650
Finished entry 250000/6640650
Finished entry 260000/6640650
Finished entry 270000/6640650
Finished entry 280000/6640650
Finished entry 290000/6640650
Finished entry 300000/6640650
Finished entry 310000/6640650
Finished entry 320000/6640650
Finished entry 330000/6640650
Finished entry 340000/6640650
Finished entry 350000/6640650
Finished entry 360000/6640650
Finished entry 370000/6640650
Finished entry 380000/6640650
Finished entry 390000/6640650
Finished entry 400000/6640650
Finished entry 410000/6640650
Finished entry 420000/6640650
Finished entry 430000/6640650
Finished entry 440000/6640650
Finished entry 450000/6640650
Finished entry 460000/6640650
Finished entry 470000/6640650
Finished entry 480000/6640650
Finished entry 490000/6640650
Finished entry 500000/6640650
Finished entry 510000/6640650
Finished entry 520000/6640650
Finished entry 530000/6640650
Finished entry 540000/6640650
Finished entry 550000/6640650
Finished entry 560000/6640650
Finished entry 570000/6640650
Finished entry 580000/6640650
Finished entry 590000/6640650
Finished entry 600000/6640650
Finished entry 610000/6640650
Finished entry 620000/6640650
Finished entry 630000/6640650
Finished entry 640000/6640650
Finished entry 650000/6640650
Finished entry 660000/6640650
Finished entry 670000/6640650
Finished entry 680000/6640650
Finished entry 690000/6640650
Finished entry 700000/6640650
Finished entry 710000/6640650
Finished entry 720000/6640650
Finished entry 730000/6640650
Finished entry 740000/6640650
Finished entry 750000/6640650
Finished entry 760000/6640650
Finished entry 770000/6640650
Finished entry 780000/6640650
Finished entry 790000/6640650
Finished entry 800000/6640650
Finished entry 810000/6640650
Finished entry 820000/6640650
Finished entry 830000/6640650
Finished entry 840000/6640650
Finished entry 850000/6640650
Finished entry 860000/6640650
Finished entry 870000/6640650
Finished entry 880000/6640650
Finished entry 890000/6640650
Finished entry 900000/6640650
Finished entry 910000/6640650
Finished entry 920000/6640650
Finished entry 930000/6640650
Finished entry 940000/6640650
Finished entry 950000/6640650
Finished entry 960000/6640650
Finished entry 970000/6640650
Finished entry 980000/6640650
Finished entry 990000/6640650
Finished entry 1000000/6640650
Finished entry 1010000/6640650
Finished entry 1020000/6640650
Finished entry 1030000/6640650
Finished entry 1040000/6640650
Finished entry 1050000/6640650
Finished entry 1060000/6640650
Finished entry 1070000/6640650
Finished entry 1080000/6640650
Finished entry 1090000/6640650
Finished entry 1100000/6640650
Finished entry 1110000/6640650
Finished entry 1120000/6640650
Finished entry 1130000/6640650
Finished entry 1140000/6640650
Finished entry 1150000/6640650
Finished entry 1160000/6640650
Finished entry 1170000/6640650
Finished entry 1180000/6640650
Finished entry 1190000/6640650
Finished entry 1200000/6640650
Finished entry 1210000/6640650
Finished entry 1220000/6640650
Finished entry 1230000/6640650
Finished entry 1240000/6640650
Finished entry 1250000/6640650
Finished entry 1260000/6640650
Finished entry 1270000/6640650
Finished entry 1280000/6640650
Finished entry 1290000/6640650
Finished entry 1300000/6640650
Finished entry 1310000/6640650
Finished entry 1320000/6640650
Finished entry 1330000/6640650
Finished entry 1340000/6640650
Finished entry 1350000/6640650
Finished entry 1360000/6640650
Finished entry 1370000/6640650
Finished entry 1380000/6640650
Finished entry 1390000/6640650
Finished entry 1400000/6640650
Finished entry 1410000/6640650
Finished entry 1420000/6640650
Finished entry 1430000/6640650
Finished entry 1440000/6640650
Finished entry 1450000/6640650
Finished entry 1460000/6640650
Finished entry 1470000/6640650
Finished entry 1480000/6640650
Finished entry 1490000/6640650
Finished entry 1500000/6640650
Finished entry 1510000/6640650
Finished entry 1520000/6640650
Finished entry 1530000/6640650
Finished entry 1540000/6640650
Finished entry 1550000/6640650
Finished entry 1560000/6640650
Finished entry 1570000/6640650
Finished entry 1580000/6640650
Finished entry 1590000/6640650
Finished entry 1600000/6640650
Finished entry 1610000/6640650
Finished entry 1620000/6640650
Finished entry 1630000/6640650
Finished entry 1640000/6640650
Finished entry 1650000/6640650
Finished entry 1660000/6640650
Finished entry 1670000/6640650
Finished entry 1680000/6640650
Finished entry 1690000/6640650
Finished entry 1700000/6640650
Finished entry 1710000/6640650
Finished entry 1720000/6640650
Finished entry 1730000/6640650
Finished entry 1740000/6640650
Finished entry 1750000/6640650
Finished entry 1760000/6640650
Finished entry 1770000/6640650
Finished entry 1780000/6640650
Finished entry 1790000/6640650
Finished entry 1800000/6640650
Finished entry 1810000/6640650
Finished entry 1820000/6640650
Finished entry 1830000/6640650
Finished entry 1840000/6640650
Finished entry 1850000/6640650
Finished entry 1860000/6640650
Finished entry 1870000/6640650
Finished entry 1880000/6640650
Finished entry 1890000/6640650
Finished entry 1900000/6640650
Finished entry 1910000/6640650
Finished entry 1920000/6640650
Finished entry 1930000/6640650
Finished entry 1940000/6640650
Finished entry 1950000/6640650
Finished entry 1960000/6640650
Finished entry 1970000/6640650
Finished entry 1980000/6640650
Finished entry 1990000/6640650
Finished entry 2000000/6640650
Finished entry 2010000/6640650
Finished entry 2020000/6640650
Finished entry 2030000/6640650
Finished entry 2040000/6640650
Finished entry 2050000/6640650
Finished entry 2060000/6640650
Finished entry 2070000/6640650
Finished entry 2080000/6640650
Finished entry 2090000/6640650
Finished entry 2100000/6640650
Finished entry 2110000/6640650
Finished entry 2120000/6640650
Finished entry 2130000/6640650
Finished entry 2140000/6640650
Finished entry 2150000/6640650
Finished entry 2160000/6640650
Finished entry 2170000/6640650
Finished entry 2180000/6640650
Finished entry 2190000/6640650
Finished entry 2200000/6640650
Finished entry 2210000/6640650
Finished entry 2220000/6640650
Finished entry 2230000/6640650
Finished entry 2240000/6640650
Finished entry 2250000/6640650
Finished entry 2260000/6640650
Finished entry 2270000/6640650
Finished entry 2280000/6640650
Finished entry 2290000/6640650
Finished entry 2300000/6640650
Finished entry 2310000/6640650
Finished entry 2320000/6640650
Finished entry 2330000/6640650
Finished entry 2340000/6640650
Finished entry 2350000/6640650
Finished entry 2360000/6640650
Finished entry 2370000/6640650
Finished entry 2380000/6640650
Finished entry 2390000/6640650
Finished entry 2400000/6640650
Finished entry 2410000/6640650
Finished entry 2420000/6640650
Finished entry 2430000/6640650
Finished entry 2440000/6640650
Finished entry 2450000/6640650
Finished entry 2460000/6640650
Finished entry 2470000/6640650
Finished entry 2480000/6640650
Finished entry 2490000/6640650
Finished entry 2500000/6640650
Finished entry 2510000/6640650
Finished entry 2520000/6640650
Finished entry 2530000/6640650
Finished entry 2540000/6640650
Finished entry 2550000/6640650
Finished entry 2560000/6640650
Finished entry 2570000/6640650
Finished entry 2580000/6640650
Finished entry 2590000/6640650
Finished entry 2600000/6640650
Finished entry 2610000/6640650
Finished entry 2620000/6640650
Finished entry 2630000/6640650
Finished entry 2640000/6640650
Finished entry 2650000/6640650
Finished entry 2660000/6640650
Finished entry 2670000/6640650
Finished entry 2680000/6640650
Finished entry 2690000/6640650
Finished entry 2700000/6640650
Finished entry 2710000/6640650
Finished entry 2720000/6640650
Finished entry 2730000/6640650
Finished entry 2740000/6640650
Finished entry 2750000/6640650
Finished entry 2760000/6640650
Finished entry 2770000/6640650
Finished entry 2780000/6640650
Finished entry 2790000/6640650
Finished entry 2800000/6640650
Finished entry 2810000/6640650
Finished entry 2820000/6640650
Finished entry 2830000/6640650
Finished entry 2840000/6640650
Finished entry 2850000/6640650
Finished entry 2860000/6640650
Finished entry 2870000/6640650
Finished entry 2880000/6640650
Finished entry 2890000/6640650
Finished entry 2900000/6640650
Finished entry 2910000/6640650
Finished entry 2920000/6640650
Finished entry 2930000/6640650
Finished entry 2940000/6640650
Finished entry 2950000/6640650
Finished entry 2960000/6640650
Finished entry 2970000/6640650
Finished entry 2980000/6640650
Finished entry 2990000/6640650
Finished entry 3000000/6640650
Finished entry 3010000/6640650
Finished entry 3020000/6640650
Finished entry 3030000/6640650
Finished entry 3040000/6640650
Finished entry 3050000/6640650
Finished entry 3060000/6640650
Finished entry 3070000/6640650
Finished entry 3080000/6640650
Finished entry 3090000/6640650
Finished entry 3100000/6640650
Finished entry 3110000/6640650
Finished entry 3120000/6640650
Finished entry 3130000/6640650
Finished entry 3140000/6640650
Finished entry 3150000/6640650
Finished entry 3160000/6640650
Finished entry 3170000/6640650
Finished entry 3180000/6640650
Finished entry 3190000/6640650
Finished entry 3200000/6640650
Finished entry 3210000/6640650
Finished entry 3220000/6640650
Finished entry 3230000/6640650
Finished entry 3240000/6640650
Finished entry 3250000/6640650
Finished entry 3260000/6640650
Finished entry 3270000/6640650
Finished entry 3280000/6640650
Finished entry 3290000/6640650
Finished entry 3300000/6640650
Finished entry 3310000/6640650
Finished entry 3320000/6640650
Finished entry 3330000/6640650
Finished entry 3340000/6640650
Finished entry 3350000/6640650
Finished entry 3360000/6640650
Finished entry 3370000/6640650
Finished entry 3380000/6640650
Finished entry 3390000/6640650
Finished entry 3400000/6640650
Finished entry 3410000/6640650
Finished entry 3420000/6640650
Finished entry 3430000/6640650
Finished entry 3440000/6640650
Finished entry 3450000/6640650
Finished entry 3460000/6640650
Finished entry 3470000/6640650
Finished entry 3480000/6640650
Finished entry 3490000/6640650
Finished entry 3500000/6640650
Finished entry 3510000/6640650
Finished entry 3520000/6640650
Finished entry 3530000/6640650
Finished entry 3540000/6640650
Finished entry 3550000/6640650
Finished entry 3560000/6640650
Finished entry 3570000/6640650
Finished entry 3580000/6640650
Finished entry 3590000/6640650
Finished entry 3600000/6640650
Finished entry 3610000/6640650
Finished entry 3620000/6640650
Finished entry 3630000/6640650
Finished entry 3640000/6640650
Finished entry 3650000/6640650
Finished entry 3660000/6640650
Finished entry 3670000/6640650
Finished entry 3680000/6640650
Finished entry 3690000/6640650
Finished entry 3700000/6640650
Finished entry 3710000/6640650
Finished entry 3720000/6640650
Finished entry 3730000/6640650
Finished entry 3740000/6640650
Finished entry 3750000/6640650
Finished entry 3760000/6640650
Finished entry 3770000/6640650
Finished entry 3780000/6640650
Finished entry 3790000/6640650
Finished entry 3800000/6640650
Finished entry 3810000/6640650
Finished entry 3820000/6640650
Finished entry 3830000/6640650
Finished entry 3840000/6640650
Finished entry 3850000/6640650
Finished entry 3860000/6640650
Finished entry 3870000/6640650
Finished entry 3880000/6640650
Finished entry 3890000/6640650
Finished entry 3900000/6640650
Finished entry 3910000/6640650
Finished entry 3920000/6640650
Finished entry 3930000/6640650
Finished entry 3940000/6640650
Finished entry 3950000/6640650
Finished entry 3960000/6640650
Finished entry 3970000/6640650
Finished entry 3980000/6640650
Finished entry 3990000/6640650
Finished entry 4000000/6640650
Finished entry 4010000/6640650
Finished entry 4020000/6640650
Finished entry 4030000/6640650
Finished entry 4040000/6640650
Finished entry 4050000/6640650
Finished entry 4060000/6640650
Finished entry 4070000/6640650
Finished entry 4080000/6640650
Finished entry 4090000/6640650
Finished entry 4100000/6640650
Finished entry 4110000/6640650
Finished entry 4120000/6640650
Finished entry 4130000/6640650
Finished entry 4140000/6640650
Finished entry 4150000/6640650
Finished entry 4160000/6640650
Finished entry 4170000/6640650
Finished entry 4180000/6640650
Finished entry 4190000/6640650
Finished entry 4200000/6640650
Finished entry 4210000/6640650
Finished entry 4220000/6640650
Finished entry 4230000/6640650
Finished entry 4240000/6640650
Finished entry 4250000/6640650
Finished entry 4260000/6640650
Finished entry 4270000/6640650
Finished entry 4280000/6640650
Finished entry 4290000/6640650
Finished entry 4300000/6640650
Finished entry 4310000/6640650
Finished entry 4320000/6640650
Finished entry 4330000/6640650
Finished entry 4340000/6640650
Finished entry 4350000/6640650
Finished entry 4360000/6640650
Finished entry 4370000/6640650
Finished entry 4380000/6640650
Finished entry 4390000/6640650
Finished entry 4400000/6640650
Finished entry 4410000/6640650
Finished entry 4420000/6640650
Finished entry 4430000/6640650
Finished entry 4440000/6640650
Finished entry 4450000/6640650
Finished entry 4460000/6640650
Finished entry 4470000/6640650
Finished entry 4480000/6640650
Finished entry 4490000/6640650
Finished entry 4500000/6640650
Finished entry 4510000/6640650
Finished entry 4520000/6640650
Finished entry 4530000/6640650
Finished entry 4540000/6640650
Finished entry 4550000/6640650
Finished entry 4560000/6640650
Finished entry 4570000/6640650
Finished entry 4580000/6640650
Finished entry 4590000/6640650
Finished entry 4600000/6640650
Finished entry 4610000/6640650
Finished entry 4620000/6640650
Finished entry 4630000/6640650
Finished entry 4640000/6640650
Finished entry 4650000/6640650
Finished entry 4660000/6640650
Finished entry 4670000/6640650
Finished entry 4680000/6640650
Finished entry 4690000/6640650
Finished entry 4700000/6640650
Finished entry 4710000/6640650
Finished entry 4720000/6640650
Finished entry 4730000/6640650
Finished entry 4740000/6640650
Finished entry 4750000/6640650
Finished entry 4760000/6640650
Finished entry 4770000/6640650
Finished entry 4780000/6640650
Finished entry 4790000/6640650
Finished entry 4800000/6640650
Finished entry 4810000/6640650
Finished entry 4820000/6640650
Finished entry 4830000/6640650
Finished entry 4840000/6640650
Finished entry 4850000/6640650
Finished entry 4860000/6640650
Finished entry 4870000/6640650
Finished entry 4880000/6640650
Finished entry 4890000/6640650
Finished entry 4900000/6640650
Finished entry 4910000/6640650
Finished entry 4920000/6640650
Finished entry 4930000/6640650
Finished entry 4940000/6640650
Finished entry 4950000/6640650
Finished entry 4960000/6640650
Finished entry 4970000/6640650
Finished entry 4980000/6640650
Finished entry 4990000/6640650
Finished entry 5000000/6640650
Finished entry 5010000/6640650
Finished entry 5020000/6640650
Finished entry 5030000/6640650
Finished entry 5040000/6640650
Finished entry 5050000/6640650
Finished entry 5060000/6640650
Finished entry 5070000/6640650
Finished entry 5080000/6640650
Finished entry 5090000/6640650
Finished entry 5100000/6640650
Finished entry 5110000/6640650
Finished entry 5120000/6640650
Finished entry 5130000/6640650
Finished entry 5140000/6640650
Finished entry 5150000/6640650
Finished entry 5160000/6640650
Finished entry 5170000/6640650
Finished entry 5180000/6640650
Finished entry 5190000/6640650
Finished entry 5200000/6640650
Finished entry 5210000/6640650
Finished entry 5220000/6640650
Finished entry 5230000/6640650
Finished entry 5240000/6640650
Finished entry 5250000/6640650
Finished entry 5260000/6640650
Finished entry 5270000/6640650
Finished entry 5280000/6640650
Finished entry 5290000/6640650
Finished entry 5300000/6640650
Finished entry 5310000/6640650
Finished entry 5320000/6640650
Finished entry 5330000/6640650
Finished entry 5340000/6640650
Finished entry 5350000/6640650
Finished entry 5360000/6640650
Finished entry 5370000/6640650
Finished entry 5380000/6640650
Finished entry 5390000/6640650
Finished entry 5400000/6640650
Finished entry 5410000/6640650
Finished entry 5420000/6640650
Finished entry 5430000/6640650
Finished entry 5440000/6640650
Finished entry 5450000/6640650
Finished entry 5460000/6640650
Finished entry 5470000/6640650
Finished entry 5480000/6640650
Finished entry 5490000/6640650
Finished entry 5500000/6640650
Finished entry 5510000/6640650
Finished entry 5520000/6640650
Finished entry 5530000/6640650
Finished entry 5540000/6640650
Finished entry 5550000/6640650
Finished entry 5560000/6640650
Finished entry 5570000/6640650
Finished entry 5580000/6640650
Finished entry 5590000/6640650
Finished entry 5600000/6640650
Finished entry 5610000/6640650
Finished entry 5620000/6640650
Finished entry 5630000/6640650
Finished entry 5640000/6640650
Finished entry 5650000/6640650
Finished entry 5660000/6640650
Finished entry 5670000/6640650
Finished entry 5680000/6640650
Finished entry 5690000/6640650
Finished entry 5700000/6640650
Finished entry 5710000/6640650
Finished entry 5720000/6640650
Finished entry 5730000/6640650
Finished entry 5740000/6640650
Finished entry 5750000/6640650
Finished entry 5760000/6640650
Finished entry 5770000/6640650
Finished entry 5780000/6640650
Finished entry 5790000/6640650
Finished entry 5800000/6640650
Finished entry 5810000/6640650
Finished entry 5820000/6640650
Finished entry 5830000/6640650
Finished entry 5840000/6640650
Finished entry 5850000/6640650
Finished entry 5860000/6640650
Finished entry 5870000/6640650
Finished entry 5880000/6640650
Finished entry 5890000/6640650
Finished entry 5900000/6640650
Finished entry 5910000/6640650
Finished entry 5920000/6640650
Finished entry 5930000/6640650
Finished entry 5940000/6640650
Finished entry 5950000/6640650
Finished entry 5960000/6640650
Finished entry 5970000/6640650
Finished entry 5980000/6640650
Finished entry 5990000/6640650
Finished entry 6000000/6640650
Finished entry 6010000/6640650
Finished entry 6020000/6640650
Finished entry 6030000/6640650
Finished entry 6040000/6640650
Finished entry 6050000/6640650
Finished entry 6060000/6640650
Finished entry 6070000/6640650
Finished entry 6080000/6640650
Finished entry 6090000/6640650
Finished entry 6100000/6640650
Finished entry 6110000/6640650
Finished entry 6120000/6640650
Finished entry 6130000/6640650
Finished entry 6140000/6640650
Finished entry 6150000/6640650
Finished entry 6160000/6640650
Finished entry 6170000/6640650
Finished entry 6180000/6640650
Finished entry 6190000/6640650
Finished entry 6200000/6640650
Finished entry 6210000/6640650
Finished entry 6220000/6640650
Finished entry 6230000/6640650
Finished entry 6240000/6640650
Finished entry 6250000/6640650
Finished entry 6260000/6640650
Finished entry 6270000/6640650
Finished entry 6280000/6640650
Finished entry 6290000/6640650
Finished entry 6300000/6640650
Finished entry 6310000/6640650
Finished entry 6320000/6640650
Finished entry 6330000/6640650
Finished entry 6340000/6640650
Finished entry 6350000/6640650
Finished entry 6360000/6640650
Finished entry 6370000/6640650
Finished entry 6380000/6640650
Finished entry 6390000/6640650
Finished entry 6400000/6640650
Finished entry 6410000/6640650
Finished entry 6420000/6640650
Finished entry 6430000/6640650
Finished entry 6440000/6640650
Finished entry 6450000/6640650
Finished entry 6460000/6640650
Finished entry 6470000/6640650
Finished entry 6480000/6640650
Finished entry 6490000/6640650
Finished entry 6500000/6640650
Finished entry 6510000/6640650
Finished entry 6520000/6640650
Finished entry 6530000/6640650
Finished entry 6540000/6640650
Finished entry 6550000/6640650
Finished entry 6560000/6640650
Finished entry 6570000/6640650
Finished entry 6580000/6640650
Finished entry 6590000/6640650
Finished entry 6600000/6640650
Finished entry 6610000/6640650
Finished entry 6620000/6640650
Finished entry 6630000/6640650
Finished entry 6640000/6640650
