000 (297991.002.000) 04/11 13:09:34 Job submitted from host: <144.92.181.244:9618?addrs=144.92.181.244-9618+[2607-f388-101c-1000--371]-9618&noUDP&sock=5651_b1c7_3>
...
000 (298036.002.000) 04/11 13:11:24 Job submitted from host: <144.92.181.244:9618?addrs=144.92.181.244-9618+[2607-f388-101c-1000--371]-9618&noUDP&sock=5651_b1c7_3>
...
000 (298081.002.000) 04/11 13:12:29 Job submitted from host: <144.92.181.244:9618?addrs=144.92.181.244-9618+[2607-f388-101c-1000--371]-9618&noUDP&sock=5651_b1c7_3>
...
001 (297991.002.000) 04/11 13:19:46 Job executing on host: <144.92.180.130:9618?addrs=144.92.180.130-9618+[2607-f388-101c-1000--629]-9618&noUDP&sock=6803_dee1_3>
...
006 (297991.002.000) 04/11 13:19:46 Image size of job updated: 1
	0  -  MemoryUsage of job (MB)
	0  -  ResidentSetSize of job (KB)
...
004 (297991.002.000) 04/11 13:19:49 Job was evicted.
	(0) Job terminated and was requeued
		Usr 0 00:00:00, Sys 0 00:00:00  -  Run Remote Usage
		Usr 0 00:00:00, Sys 0 00:00:00  -  Run Local Usage
	376  -  Run Bytes Sent By Job
	287387  -  Run Bytes Received By Job
	(1) Normal termination (return value 127)
	The job attribute OnExitRemove expression '( ExitBySignal == false && ( ExitCode == 0 || ExitCode == 42 || NumJobStarts > 3 ) )' evaluated to FALSE
...
001 (297991.002.000) 04/11 13:21:11 Job executing on host: <128.104.227.35:9618?addrs=128.104.227.35-9618+[2607-f388-101c-1000--629]-9618&noUDP&sock=9446_bfb0_3>
...
004 (297991.002.000) 04/11 13:21:13 Job was evicted.
	(0) Job terminated and was requeued
		Usr 0 00:00:00, Sys 0 00:00:00  -  Run Remote Usage
		Usr 0 00:00:00, Sys 0 00:00:00  -  Run Local Usage
	376  -  Run Bytes Sent By Job
	287387  -  Run Bytes Received By Job
	(1) Normal termination (return value 127)
	The job attribute OnExitRemove expression '( ExitBySignal == false && ( ExitCode == 0 || ExitCode == 42 || NumJobStarts > 3 ) )' evaluated to FALSE
...
001 (297991.002.000) 04/11 13:21:43 Job executing on host: <128.104.227.105:9618?addrs=128.104.227.105-9618+[2607-f388-101c-1000--54]-9618&noUDP&sock=11123_0803_3>
...
004 (297991.002.000) 04/11 13:21:46 Job was evicted.
	(0) Job terminated and was requeued
		Usr 0 00:00:00, Sys 0 00:00:00  -  Run Remote Usage
		Usr 0 00:00:00, Sys 0 00:00:00  -  Run Local Usage
	376  -  Run Bytes Sent By Job
	287387  -  Run Bytes Received By Job
	(1) Normal termination (return value 127)
	The job attribute OnExitRemove expression '( ExitBySignal == false && ( ExitCode == 0 || ExitCode == 42 || NumJobStarts > 3 ) )' evaluated to FALSE
...
001 (297991.002.000) 04/11 13:21:49 Job executing on host: <144.92.180.169:9618?addrs=144.92.180.169-9618+[2607-f388-101c-1000--629]-9618&noUDP&sock=13468_8199_3>
...
005 (297991.002.000) 04/11 13:21:51 Job terminated.
	(1) Normal termination (return value 127)
		Usr 0 00:00:00, Sys 0 00:00:00  -  Run Remote Usage
		Usr 0 00:00:00, Sys 0 00:00:00  -  Run Local Usage
		Usr 0 00:00:00, Sys 0 00:00:00  -  Total Remote Usage
		Usr 0 00:00:00, Sys 0 00:00:00  -  Total Local Usage
	377  -  Run Bytes Sent By Job
	287387  -  Run Bytes Received By Job
	1505  -  Total Bytes Sent By Job
	1149548  -  Total Bytes Received By Job
	Partitionable Resources :    Usage  Request Allocated
	   Cpus                 :                 1         1
	   Disk (KB)            :  1000000  2048000   7920702
	   Memory (MB)          :        0     1992      1992
...
001 (298036.002.000) 04/11 13:32:39 Job executing on host: <144.92.180.117:9618?addrs=144.92.180.117-9618+[2607-f388-101c-1000--629]-9618&noUDP&sock=6805_3e11_3>
...
006 (298036.002.000) 04/11 13:32:48 Image size of job updated: 135124
	34  -  MemoryUsage of job (MB)
	34068  -  ResidentSetSize of job (KB)
...
006 (298036.002.000) 04/11 13:52:49 Image size of job updated: 282868
	232  -  MemoryUsage of job (MB)
	237544  -  ResidentSetSize of job (KB)
...
001 (298081.002.000) 04/11 13:58:09 Job executing on host: <144.92.181.221:9618?addrs=144.92.181.221-9618+[2607-f388-101c-1000--629]-9618&noUDP&sock=6118_0481_3>
...
006 (298081.002.000) 04/11 13:58:18 Image size of job updated: 164916
	53  -  MemoryUsage of job (MB)
	53316  -  ResidentSetSize of job (KB)
...
006 (298036.002.000) 04/11 14:12:50 Image size of job updated: 282868
	236  -  MemoryUsage of job (MB)
	240752  -  ResidentSetSize of job (KB)
...
006 (298081.002.000) 04/11 14:18:19 Image size of job updated: 238788
	232  -  MemoryUsage of job (MB)
	237092  -  ResidentSetSize of job (KB)
...
006 (298036.002.000) 04/11 14:32:51 Image size of job updated: 282868
	237  -  MemoryUsage of job (MB)
	241836  -  ResidentSetSize of job (KB)
...
006 (298081.002.000) 04/11 14:38:20 Image size of job updated: 243280
	236  -  MemoryUsage of job (MB)
	241332  -  ResidentSetSize of job (KB)
...
006 (298036.002.000) 04/11 14:52:52 Image size of job updated: 282868
	238  -  MemoryUsage of job (MB)
	243524  -  ResidentSetSize of job (KB)
...
006 (298081.002.000) 04/11 14:58:20 Image size of job updated: 243280
	237  -  MemoryUsage of job (MB)
	241812  -  ResidentSetSize of job (KB)
...
006 (298036.002.000) 04/11 15:12:53 Image size of job updated: 282868
	238  -  MemoryUsage of job (MB)
	243572  -  ResidentSetSize of job (KB)
...
006 (298081.002.000) 04/11 15:18:21 Image size of job updated: 244136
	238  -  MemoryUsage of job (MB)
	242808  -  ResidentSetSize of job (KB)
...
006 (298036.002.000) 04/11 15:32:54 Image size of job updated: 282868
	240  -  MemoryUsage of job (MB)
	245328  -  ResidentSetSize of job (KB)
...
005 (298036.002.000) 04/11 15:37:58 Job terminated.
	(1) Normal termination (return value 0)
		Usr 0 00:17:44, Sys 0 00:00:50  -  Run Remote Usage
		Usr 0 00:00:00, Sys 0 00:00:00  -  Run Local Usage
		Usr 0 00:17:44, Sys 0 00:00:50  -  Total Remote Usage
		Usr 0 00:00:00, Sys 0 00:00:00  -  Total Local Usage
	932014  -  Run Bytes Sent By Job
	287387  -  Run Bytes Received By Job
	932014  -  Total Bytes Sent By Job
	287387  -  Total Bytes Received By Job
	Partitionable Resources :    Usage  Request Allocated
	   Cpus                 :                 1         1
	   Disk (KB)            :  1000000  2048000   6336500
	   Memory (MB)          :      240     1992      1992
...
006 (298081.002.000) 04/11 15:38:22 Image size of job updated: 244336
	238  -  MemoryUsage of job (MB)
	242968  -  ResidentSetSize of job (KB)
...
006 (298081.002.000) 04/11 15:58:22 Image size of job updated: 245796
	238  -  MemoryUsage of job (MB)
	243076  -  ResidentSetSize of job (KB)
...
005 (298081.002.000) 04/11 16:14:42 Job terminated.
	(1) Normal termination (return value 0)
		Usr 0 00:29:16, Sys 0 00:01:37  -  Run Remote Usage
		Usr 0 00:00:00, Sys 0 00:00:00  -  Run Local Usage
		Usr 0 00:29:16, Sys 0 00:01:37  -  Total Remote Usage
		Usr 0 00:00:00, Sys 0 00:00:00  -  Total Local Usage
	939056  -  Run Bytes Sent By Job
	287387  -  Run Bytes Received By Job
	939056  -  Total Bytes Sent By Job
	287387  -  Total Bytes Received By Job
	Partitionable Resources :    Usage  Request Allocated
	   Cpus                 :                 1         1
	   Disk (KB)            :  1000000  2048000   3167771
	   Memory (MB)          :      238     1992      1992
...
