000 (297992.002.000) 04/11 13:09:35 Job submitted from host: <144.92.181.244:9618?addrs=144.92.181.244-9618+[2607-f388-101c-1000--371]-9618&noUDP&sock=5651_b1c7_3>
...
000 (298037.002.000) 04/11 13:11:25 Job submitted from host: <144.92.181.244:9618?addrs=144.92.181.244-9618+[2607-f388-101c-1000--371]-9618&noUDP&sock=5651_b1c7_3>
...
000 (298082.002.000) 04/11 13:12:29 Job submitted from host: <144.92.181.244:9618?addrs=144.92.181.244-9618+[2607-f388-101c-1000--371]-9618&noUDP&sock=5651_b1c7_3>
...
001 (297992.002.000) 04/11 13:19:46 Job executing on host: <128.104.227.53:9618?addrs=128.104.227.53-9618+[2607-f388-101c-1000--629]-9618&noUDP&sock=9394_14c4_3>
...
006 (297992.002.000) 04/11 13:19:46 Image size of job updated: 1
	0  -  MemoryUsage of job (MB)
	0  -  ResidentSetSize of job (KB)
...
004 (297992.002.000) 04/11 13:19:49 Job was evicted.
	(0) Job terminated and was requeued
		Usr 0 00:00:00, Sys 0 00:00:00  -  Run Remote Usage
		Usr 0 00:00:00, Sys 0 00:00:00  -  Run Local Usage
	377  -  Run Bytes Sent By Job
	287387  -  Run Bytes Received By Job
	(1) Normal termination (return value 127)
	The job attribute OnExitRemove expression '( ExitBySignal == false && ( ExitCode == 0 || ExitCode == 42 || NumJobStarts > 3 ) )' evaluated to FALSE
...
001 (297992.002.000) 04/11 13:21:16 Job executing on host: <128.104.227.110:9618?addrs=128.104.227.110-9618+[2607-f388-101c-1000--59]-9618&noUDP&sock=11280_b862_3>
...
004 (297992.002.000) 04/11 13:21:17 Job was evicted.
	(0) Job terminated and was requeued
		Usr 0 00:00:00, Sys 0 00:00:00  -  Run Remote Usage
		Usr 0 00:00:00, Sys 0 00:00:00  -  Run Local Usage
	377  -  Run Bytes Sent By Job
	287387  -  Run Bytes Received By Job
	(1) Normal termination (return value 127)
	The job attribute OnExitRemove expression '( ExitBySignal == false && ( ExitCode == 0 || ExitCode == 42 || NumJobStarts > 3 ) )' evaluated to FALSE
...
001 (297992.002.000) 04/11 13:21:44 Job executing on host: <144.92.181.189:9618?addrs=144.92.181.189-9618+[2607-f388-101c-1000--629]-9618&noUDP&sock=9248_eff0_3>
...
006 (297992.002.000) 04/11 13:21:45 Image size of job updated: 4
	1  -  MemoryUsage of job (MB)
	4  -  ResidentSetSize of job (KB)
...
004 (297992.002.000) 04/11 13:21:47 Job was evicted.
	(0) Job terminated and was requeued
		Usr 0 00:00:00, Sys 0 00:00:00  -  Run Remote Usage
		Usr 0 00:00:00, Sys 0 00:00:00  -  Run Local Usage
	375  -  Run Bytes Sent By Job
	287387  -  Run Bytes Received By Job
	(1) Normal termination (return value 127)
	The job attribute OnExitRemove expression '( ExitBySignal == false && ( ExitCode == 0 || ExitCode == 42 || NumJobStarts > 3 ) )' evaluated to FALSE
...
001 (297992.002.000) 04/11 13:21:52 Job executing on host: <144.92.180.169:9618?addrs=144.92.180.169-9618+[2607-f388-101c-1000--629]-9618&noUDP&sock=13468_8199_3>
...
005 (297992.002.000) 04/11 13:21:54 Job terminated.
	(1) Normal termination (return value 127)
		Usr 0 00:00:00, Sys 0 00:00:00  -  Run Remote Usage
		Usr 0 00:00:00, Sys 0 00:00:00  -  Run Local Usage
		Usr 0 00:00:00, Sys 0 00:00:00  -  Total Remote Usage
		Usr 0 00:00:00, Sys 0 00:00:00  -  Total Local Usage
	377  -  Run Bytes Sent By Job
	287387  -  Run Bytes Received By Job
	1506  -  Total Bytes Sent By Job
	1149548  -  Total Bytes Received By Job
	Partitionable Resources :    Usage  Request Allocated
	   Cpus                 :                 1         1
	   Disk (KB)            :  1000000  2048000   7920702
	   Memory (MB)          :        1     1992      1992
...
001 (298037.002.000) 04/11 13:32:40 Job executing on host: <128.104.227.35:9618?addrs=128.104.227.35-9618+[2607-f388-101c-1000--629]-9618&noUDP&sock=9446_bfb0_3>
...
006 (298037.002.000) 04/11 13:32:49 Image size of job updated: 213284
	108  -  MemoryUsage of job (MB)
	109948  -  ResidentSetSize of job (KB)
...
006 (298037.002.000) 04/11 13:52:50 Image size of job updated: 236356
	231  -  MemoryUsage of job (MB)
	236192  -  ResidentSetSize of job (KB)
...
001 (298082.002.000) 04/11 13:59:22 Job executing on host: <128.104.227.92:9618?addrs=128.104.227.92-9618+[2607-f388-101c-1000--629]-9618&noUDP&sock=11039_6a0f_3>
...
006 (298082.002.000) 04/11 13:59:31 Image size of job updated: 213120
	108  -  MemoryUsage of job (MB)
	109940  -  ResidentSetSize of job (KB)
...
006 (298037.002.000) 04/11 14:12:50 Image size of job updated: 240564
	235  -  MemoryUsage of job (MB)
	240164  -  ResidentSetSize of job (KB)
...
006 (298082.002.000) 04/11 14:19:32 Image size of job updated: 241908
	235  -  MemoryUsage of job (MB)
	239780  -  ResidentSetSize of job (KB)
...
006 (298082.002.000) 04/11 14:39:33 Image size of job updated: 244036
	237  -  MemoryUsage of job (MB)
	241900  -  ResidentSetSize of job (KB)
...
006 (298037.002.000) 04/11 14:52:50 Image size of job updated: 242520
	237  -  MemoryUsage of job (MB)
	242120  -  ResidentSetSize of job (KB)
...
006 (298082.002.000) 04/11 14:59:33 Image size of job updated: 245056
	237  -  MemoryUsage of job (MB)
	242072  -  ResidentSetSize of job (KB)
...
006 (298082.002.000) 04/11 15:19:33 Image size of job updated: 245212
	237  -  MemoryUsage of job (MB)
	242152  -  ResidentSetSize of job (KB)
...
006 (298037.002.000) 04/11 15:32:51 Image size of job updated: 243204
	237  -  MemoryUsage of job (MB)
	242120  -  ResidentSetSize of job (KB)
...
006 (298082.002.000) 04/11 15:39:33 Image size of job updated: 245212
	237  -  MemoryUsage of job (MB)
	242284  -  ResidentSetSize of job (KB)
...
005 (298037.002.000) 04/11 15:49:15 Job terminated.
	(1) Normal termination (return value 0)
		Usr 0 00:18:36, Sys 0 00:00:57  -  Run Remote Usage
		Usr 0 00:00:00, Sys 0 00:00:00  -  Run Local Usage
		Usr 0 00:18:36, Sys 0 00:00:57  -  Total Remote Usage
		Usr 0 00:00:00, Sys 0 00:00:00  -  Total Local Usage
	998182  -  Run Bytes Sent By Job
	287387  -  Run Bytes Received By Job
	998182  -  Total Bytes Sent By Job
	287387  -  Total Bytes Received By Job
	Partitionable Resources :    Usage  Request Allocated
	   Cpus                 :                 1         1
	   Disk (KB)            :  1000000  2048000   9504807
	   Memory (MB)          :      237     1992      1992
...
005 (298082.002.000) 04/11 15:49:15 Job terminated.
	(1) Normal termination (return value 0)
		Usr 0 00:18:30, Sys 0 00:00:54  -  Run Remote Usage
		Usr 0 00:00:00, Sys 0 00:00:00  -  Run Local Usage
		Usr 0 00:18:30, Sys 0 00:00:54  -  Total Remote Usage
		Usr 0 00:00:00, Sys 0 00:00:00  -  Total Local Usage
	998182  -  Run Bytes Sent By Job
	287387  -  Run Bytes Received By Job
	998182  -  Total Bytes Sent By Job
	287387  -  Total Bytes Received By Job
	Partitionable Resources :    Usage  Request Allocated
	   Cpus                 :                 1         1
	   Disk (KB)            :  1000000  2048000   9505090
	   Memory (MB)          :      237     1992      1992
...
