000 (297954.003.000) 04/11 13:09:15 Job submitted from host: <144.92.181.244:9618?addrs=144.92.181.244-9618+[2607-f388-101c-1000--371]-9618&noUDP&sock=5651_b1c7_3>
...
000 (297999.003.000) 04/11 13:10:58 Job submitted from host: <144.92.181.244:9618?addrs=144.92.181.244-9618+[2607-f388-101c-1000--371]-9618&noUDP&sock=5651_b1c7_3>
...
000 (298044.003.000) 04/11 13:12:01 Job submitted from host: <144.92.181.244:9618?addrs=144.92.181.244-9618+[2607-f388-101c-1000--371]-9618&noUDP&sock=5651_b1c7_3>
...
001 (297954.003.000) 04/11 13:12:25 Job executing on host: <144.92.180.130:9618?addrs=144.92.180.130-9618+[2607-f388-101c-1000--629]-9618&noUDP&sock=6803_dee1_3>
...
006 (297954.003.000) 04/11 13:12:26 Image size of job updated: 1
	0  -  MemoryUsage of job (MB)
	0  -  ResidentSetSize of job (KB)
...
004 (297954.003.000) 04/11 13:12:27 Job was evicted.
	(0) Job terminated and was requeued
		Usr 0 00:00:00, Sys 0 00:00:00  -  Run Remote Usage
		Usr 0 00:00:00, Sys 0 00:00:00  -  Run Local Usage
	377  -  Run Bytes Sent By Job
	287387  -  Run Bytes Received By Job
	(1) Normal termination (return value 127)
	The job attribute OnExitRemove expression '( ExitBySignal == false && ( ExitCode == 0 || ExitCode == 42 || NumJobStarts > 3 ) )' evaluated to FALSE
...
001 (297954.003.000) 04/11 13:12:58 Job executing on host: <144.92.181.230:9618?addrs=144.92.181.230-9618+[2607-f388-101c-1000--629]-9618&noUDP&sock=6217_ec61_3>
...
004 (297954.003.000) 04/11 13:12:59 Job was evicted.
	(0) Job terminated and was requeued
		Usr 0 00:00:00, Sys 0 00:00:00  -  Run Remote Usage
		Usr 0 00:00:00, Sys 0 00:00:00  -  Run Local Usage
	377  -  Run Bytes Sent By Job
	287387  -  Run Bytes Received By Job
	(1) Normal termination (return value 127)
	The job attribute OnExitRemove expression '( ExitBySignal == false && ( ExitCode == 0 || ExitCode == 42 || NumJobStarts > 3 ) )' evaluated to FALSE
...
001 (297954.003.000) 04/11 13:14:33 Job executing on host: <144.92.180.248:9618?addrs=144.92.180.248-9618+[2607-f388-101c-1000--629]-9618&noUDP&sock=9218_5c18_3>
...
004 (297954.003.000) 04/11 13:14:34 Job was evicted.
	(0) Job terminated and was requeued
		Usr 0 00:00:00, Sys 0 00:00:00  -  Run Remote Usage
		Usr 0 00:00:00, Sys 0 00:00:00  -  Run Local Usage
	377  -  Run Bytes Sent By Job
	287387  -  Run Bytes Received By Job
	(1) Normal termination (return value 127)
	The job attribute OnExitRemove expression '( ExitBySignal == false && ( ExitCode == 0 || ExitCode == 42 || NumJobStarts > 3 ) )' evaluated to FALSE
...
001 (297954.003.000) 04/11 13:14:39 Job executing on host: <128.104.227.111:9618?addrs=128.104.227.111-9618+[2607-f388-101c-1000--60]-9618&noUDP&sock=11165_d6fd_3>
...
005 (297954.003.000) 04/11 13:14:41 Job terminated.
	(1) Normal termination (return value 127)
		Usr 0 00:00:00, Sys 0 00:00:00  -  Run Remote Usage
		Usr 0 00:00:00, Sys 0 00:00:00  -  Run Local Usage
		Usr 0 00:00:00, Sys 0 00:00:00  -  Total Remote Usage
		Usr 0 00:00:00, Sys 0 00:00:00  -  Total Local Usage
	377  -  Run Bytes Sent By Job
	287387  -  Run Bytes Received By Job
	1508  -  Total Bytes Sent By Job
	1149548  -  Total Bytes Received By Job
	Partitionable Resources :    Usage  Request Allocated
	   Cpus                 :                 1         1
	   Disk (KB)            :  1000000  2048000   9504774
	   Memory (MB)          :        0     1992      1992
...
001 (297999.003.000) 04/11 13:21:13 Job executing on host: <144.92.180.125:9618?addrs=144.92.180.125-9618+[2607-f388-101c-1000--629]-9618&noUDP&sock=6808_4cda_3>
...
006 (297999.003.000) 04/11 13:21:22 Image size of job updated: 134212
	34  -  MemoryUsage of job (MB)
	33940  -  ResidentSetSize of job (KB)
...
001 (298044.003.000) 04/11 13:38:10 Job executing on host: <128.104.227.21:9618?addrs=128.104.227.21-9618+[2607-f388-101c-1000--629]-9618&noUDP&sock=9435_3426_3>
...
006 (298044.003.000) 04/11 13:38:19 Image size of job updated: 164224
	53  -  MemoryUsage of job (MB)
	53524  -  ResidentSetSize of job (KB)
...
006 (297999.003.000) 04/11 13:41:23 Image size of job updated: 285932
	278  -  MemoryUsage of job (MB)
	284128  -  ResidentSetSize of job (KB)
...
006 (298044.003.000) 04/11 13:58:20 Image size of job updated: 290556
	283  -  MemoryUsage of job (MB)
	289720  -  ResidentSetSize of job (KB)
...
006 (297999.003.000) 04/11 14:01:24 Image size of job updated: 293376
	287  -  MemoryUsage of job (MB)
	293376  -  ResidentSetSize of job (KB)
...
006 (298044.003.000) 04/11 14:18:20 Image size of job updated: 293276
	285  -  MemoryUsage of job (MB)
	291188  -  ResidentSetSize of job (KB)
...
006 (298044.003.000) 04/11 14:38:20 Image size of job updated: 294360
	286  -  MemoryUsage of job (MB)
	292272  -  ResidentSetSize of job (KB)
...
006 (298044.003.000) 04/11 14:58:20 Image size of job updated: 294360
	286  -  MemoryUsage of job (MB)
	292440  -  ResidentSetSize of job (KB)
...
006 (297999.003.000) 04/11 15:01:24 Image size of job updated: 295176
	287  -  MemoryUsage of job (MB)
	293376  -  ResidentSetSize of job (KB)
...
006 (298044.003.000) 04/11 15:18:20 Image size of job updated: 295416
	288  -  MemoryUsage of job (MB)
	294032  -  ResidentSetSize of job (KB)
...
006 (297999.003.000) 04/11 15:21:24 Image size of job updated: 297052
	288  -  MemoryUsage of job (MB)
	294872  -  ResidentSetSize of job (KB)
...
005 (297999.003.000) 04/11 15:26:29 Job terminated.
	(1) Normal termination (return value 0)
		Usr 0 00:18:55, Sys 0 00:00:50  -  Run Remote Usage
		Usr 0 00:00:00, Sys 0 00:00:00  -  Run Local Usage
		Usr 0 00:18:55, Sys 0 00:00:50  -  Total Remote Usage
		Usr 0 00:00:00, Sys 0 00:00:00  -  Total Local Usage
	1089302  -  Run Bytes Sent By Job
	287387  -  Run Bytes Received By Job
	1089302  -  Total Bytes Sent By Job
	287387  -  Total Bytes Received By Job
	Partitionable Resources :    Usage  Request Allocated
	   Cpus                 :                 1         1
	   Disk (KB)            :  1000000  2048000   6336500
	   Memory (MB)          :      288     1992      1992
...
005 (298044.003.000) 04/11 15:26:30 Job terminated.
	(1) Normal termination (return value 0)
		Usr 0 00:16:23, Sys 0 00:00:45  -  Run Remote Usage
		Usr 0 00:00:00, Sys 0 00:00:00  -  Run Local Usage
		Usr 0 00:16:23, Sys 0 00:00:45  -  Total Remote Usage
		Usr 0 00:00:00, Sys 0 00:00:00  -  Total Local Usage
	1089303  -  Run Bytes Sent By Job
	287387  -  Run Bytes Received By Job
	1089303  -  Total Bytes Sent By Job
	287387  -  Total Bytes Received By Job
	Partitionable Resources :    Usage  Request Allocated
	   Cpus                 :                 1         1
	   Disk (KB)            :  1000000  2048000   9504670
	   Memory (MB)          :      288     1992      1992
...
