000 (297992.003.000) 04/11 13:09:35 Job submitted from host: <144.92.181.244:9618?addrs=144.92.181.244-9618+[2607-f388-101c-1000--371]-9618&noUDP&sock=5651_b1c7_3>
...
000 (298037.003.000) 04/11 13:11:25 Job submitted from host: <144.92.181.244:9618?addrs=144.92.181.244-9618+[2607-f388-101c-1000--371]-9618&noUDP&sock=5651_b1c7_3>
...
000 (298082.003.000) 04/11 13:12:29 Job submitted from host: <144.92.181.244:9618?addrs=144.92.181.244-9618+[2607-f388-101c-1000--371]-9618&noUDP&sock=5651_b1c7_3>
...
001 (297992.003.000) 04/11 13:19:46 Job executing on host: <144.92.181.189:9618?addrs=144.92.181.189-9618+[2607-f388-101c-1000--629]-9618&noUDP&sock=9248_eff0_3>
...
006 (297992.003.000) 04/11 13:19:46 Image size of job updated: 1
	0  -  MemoryUsage of job (MB)
	0  -  ResidentSetSize of job (KB)
...
004 (297992.003.000) 04/11 13:19:49 Job was evicted.
	(0) Job terminated and was requeued
		Usr 0 00:00:00, Sys 0 00:00:00  -  Run Remote Usage
		Usr 0 00:00:00, Sys 0 00:00:00  -  Run Local Usage
	377  -  Run Bytes Sent By Job
	287387  -  Run Bytes Received By Job
	(1) Normal termination (return value 127)
	The job attribute OnExitRemove expression '( ExitBySignal == false && ( ExitCode == 0 || ExitCode == 42 || NumJobStarts > 3 ) )' evaluated to FALSE
...
001 (297992.003.000) 04/11 13:21:12 Job executing on host: <144.92.180.158:9618?addrs=144.92.180.158-9618+[2607-f388-101c-1000--629]-9618&noUDP&sock=6820_87fd_3>
...
004 (297992.003.000) 04/11 13:21:14 Job was evicted.
	(0) Job terminated and was requeued
		Usr 0 00:00:00, Sys 0 00:00:00  -  Run Remote Usage
		Usr 0 00:00:00, Sys 0 00:00:00  -  Run Local Usage
	376  -  Run Bytes Sent By Job
	287387  -  Run Bytes Received By Job
	(1) Normal termination (return value 127)
	The job attribute OnExitRemove expression '( ExitBySignal == false && ( ExitCode == 0 || ExitCode == 42 || NumJobStarts > 3 ) )' evaluated to FALSE
...
001 (297992.003.000) 04/11 13:21:44 Job executing on host: <144.92.181.152:9618?addrs=144.92.181.152-9618+[2607-f388-101c-1000--629]-9618&noUDP&sock=9237_6465_3>
...
004 (297992.003.000) 04/11 13:21:47 Job was evicted.
	(0) Job terminated and was requeued
		Usr 0 00:00:00, Sys 0 00:00:00  -  Run Remote Usage
		Usr 0 00:00:00, Sys 0 00:00:00  -  Run Local Usage
	376  -  Run Bytes Sent By Job
	287387  -  Run Bytes Received By Job
	(1) Normal termination (return value 127)
	The job attribute OnExitRemove expression '( ExitBySignal == false && ( ExitCode == 0 || ExitCode == 42 || NumJobStarts > 3 ) )' evaluated to FALSE
...
001 (297992.003.000) 04/11 13:21:53 Job executing on host: <128.104.227.55:9618?addrs=128.104.227.55-9618+[2607-f388-101c-1000--629]-9618&noUDP&sock=9443_b0e8_3>
...
005 (297992.003.000) 04/11 13:21:54 Job terminated.
	(1) Normal termination (return value 127)
		Usr 0 00:00:00, Sys 0 00:00:00  -  Run Remote Usage
		Usr 0 00:00:00, Sys 0 00:00:00  -  Run Local Usage
		Usr 0 00:00:00, Sys 0 00:00:00  -  Total Remote Usage
		Usr 0 00:00:00, Sys 0 00:00:00  -  Total Local Usage
	376  -  Run Bytes Sent By Job
	287387  -  Run Bytes Received By Job
	1505  -  Total Bytes Sent By Job
	1149548  -  Total Bytes Received By Job
	Partitionable Resources :    Usage  Request Allocated
	   Cpus                 :                 1         1
	   Disk (KB)            :  1000000  2048000   9505000
	   Memory (MB)          :        0     1992      1992
...
001 (298037.003.000) 04/11 13:32:40 Job executing on host: <144.92.180.108:9618?addrs=144.92.180.108-9618+[2607-f388-101c-1000--629]-9618&noUDP&sock=6945_4554_3>
...
006 (298037.003.000) 04/11 13:32:48 Image size of job updated: 217772
	108  -  MemoryUsage of job (MB)
	109944  -  ResidentSetSize of job (KB)
...
006 (298037.003.000) 04/11 13:52:48 Image size of job updated: 236156
	230  -  MemoryUsage of job (MB)
	235160  -  ResidentSetSize of job (KB)
...
001 (298082.003.000) 04/11 13:59:22 Job executing on host: <128.104.227.27:9618?addrs=128.104.227.27-9618+[2607-f388-101c-1000--629]-9618&noUDP&sock=9471_e58e_3>
...
006 (298082.003.000) 04/11 13:59:31 Image size of job updated: 215744
	108  -  MemoryUsage of job (MB)
	109936  -  ResidentSetSize of job (KB)
...
006 (298037.003.000) 04/11 14:12:48 Image size of job updated: 239988
	234  -  MemoryUsage of job (MB)
	239584  -  ResidentSetSize of job (KB)
...
006 (298082.003.000) 04/11 14:19:32 Image size of job updated: 239256
	232  -  MemoryUsage of job (MB)
	236912  -  ResidentSetSize of job (KB)
...
006 (298037.003.000) 04/11 14:32:48 Image size of job updated: 241784
	236  -  MemoryUsage of job (MB)
	241380  -  ResidentSetSize of job (KB)
...
006 (298082.003.000) 04/11 14:39:33 Image size of job updated: 242060
	235  -  MemoryUsage of job (MB)
	239720  -  ResidentSetSize of job (KB)
...
006 (298037.003.000) 04/11 14:52:49 Image size of job updated: 242984
	236  -  MemoryUsage of job (MB)
	241596  -  ResidentSetSize of job (KB)
...
006 (298082.003.000) 04/11 14:59:34 Image size of job updated: 243764
	238  -  MemoryUsage of job (MB)
	243152  -  ResidentSetSize of job (KB)
...
006 (298082.003.000) 04/11 15:19:35 Image size of job updated: 244228
	238  -  MemoryUsage of job (MB)
	243544  -  ResidentSetSize of job (KB)
...
006 (298082.003.000) 04/11 15:39:36 Image size of job updated: 244368
	239  -  MemoryUsage of job (MB)
	243772  -  ResidentSetSize of job (KB)
...
006 (298037.003.000) 04/11 15:52:52 Image size of job updated: 243664
	237  -  MemoryUsage of job (MB)
	242496  -  ResidentSetSize of job (KB)
...
006 (298082.003.000) 04/11 15:59:37 Image size of job updated: 245584
	239  -  MemoryUsage of job (MB)
	243876  -  ResidentSetSize of job (KB)
...
005 (298082.003.000) 04/11 16:01:12 Job terminated.
	(1) Normal termination (return value 0)
		Usr 0 00:15:35, Sys 0 00:00:47  -  Run Remote Usage
		Usr 0 00:00:00, Sys 0 00:00:00  -  Run Local Usage
		Usr 0 00:15:35, Sys 0 00:00:47  -  Total Remote Usage
		Usr 0 00:00:00, Sys 0 00:00:00  -  Total Local Usage
	1029434  -  Run Bytes Sent By Job
	287387  -  Run Bytes Received By Job
	1029434  -  Total Bytes Sent By Job
	287387  -  Total Bytes Received By Job
	Partitionable Resources :    Usage  Request Allocated
	   Cpus                 :                 1         1
	   Disk (KB)            :  1000000  2048000   9504803
	   Memory (MB)          :      239     1992      1992
...
005 (298037.003.000) 04/11 16:01:12 Job terminated.
	(1) Normal termination (return value 0)
		Usr 0 00:20:58, Sys 0 00:01:06  -  Run Remote Usage
		Usr 0 00:00:00, Sys 0 00:00:00  -  Run Local Usage
		Usr 0 00:20:58, Sys 0 00:01:06  -  Total Remote Usage
		Usr 0 00:00:00, Sys 0 00:00:00  -  Total Local Usage
	1029434  -  Run Bytes Sent By Job
	287387  -  Run Bytes Received By Job
	1029434  -  Total Bytes Sent By Job
	287387  -  Total Bytes Received By Job
	Partitionable Resources :    Usage  Request Allocated
	   Cpus                 :                 1         1
	   Disk (KB)            :  1000000  2048000   6336179
	   Memory (MB)          :      237     1992      1992
...
