000 (297954.004.000) 04/11 13:09:15 Job submitted from host: <144.92.181.244:9618?addrs=144.92.181.244-9618+[2607-f388-101c-1000--371]-9618&noUDP&sock=5651_b1c7_3>
...
000 (297999.004.000) 04/11 13:10:58 Job submitted from host: <144.92.181.244:9618?addrs=144.92.181.244-9618+[2607-f388-101c-1000--371]-9618&noUDP&sock=5651_b1c7_3>
...
000 (298044.004.000) 04/11 13:12:01 Job submitted from host: <144.92.181.244:9618?addrs=144.92.181.244-9618+[2607-f388-101c-1000--371]-9618&noUDP&sock=5651_b1c7_3>
...
001 (297954.004.000) 04/11 13:12:58 Job executing on host: <144.92.180.122:9618?addrs=144.92.180.122-9618+[2607-f388-101c-1000--629]-9618&noUDP&sock=6862_56f7_3>
...
006 (297954.004.000) 04/11 13:12:58 Image size of job updated: 1
	0  -  MemoryUsage of job (MB)
	0  -  ResidentSetSize of job (KB)
...
004 (297954.004.000) 04/11 13:12:59 Job was evicted.
	(0) Job terminated and was requeued
		Usr 0 00:00:00, Sys 0 00:00:00  -  Run Remote Usage
		Usr 0 00:00:00, Sys 0 00:00:00  -  Run Local Usage
	377  -  Run Bytes Sent By Job
	287387  -  Run Bytes Received By Job
	(1) Normal termination (return value 127)
	The job attribute OnExitRemove expression '( ExitBySignal == false && ( ExitCode == 0 || ExitCode == 42 || NumJobStarts > 3 ) )' evaluated to FALSE
...
001 (297954.004.000) 04/11 13:14:31 Job executing on host: <128.104.227.71:9618?addrs=128.104.227.71-9618+[2607-f388-101c-1000--629]-9618&noUDP&sock=9478_b2b8_3>
...
006 (297954.004.000) 04/11 13:14:31 Image size of job updated: 372040
	0  -  MemoryUsage of job (MB)
	0  -  ResidentSetSize of job (KB)
...
004 (297954.004.000) 04/11 13:14:33 Job was evicted.
	(0) Job terminated and was requeued
		Usr 0 00:00:00, Sys 0 00:00:00  -  Run Remote Usage
		Usr 0 00:00:00, Sys 0 00:00:00  -  Run Local Usage
	377  -  Run Bytes Sent By Job
	287387  -  Run Bytes Received By Job
	(1) Normal termination (return value 127)
	The job attribute OnExitRemove expression '( ExitBySignal == false && ( ExitCode == 0 || ExitCode == 42 || NumJobStarts > 3 ) )' evaluated to FALSE
...
001 (297954.004.000) 04/11 13:14:39 Job executing on host: <128.104.227.104:9618?addrs=128.104.227.104-9618+[2607-f388-101c-1000--53]-9618&noUDP&sock=11078_2a40_3>
...
004 (297954.004.000) 04/11 13:14:41 Job was evicted.
	(0) Job terminated and was requeued
		Usr 0 00:00:00, Sys 0 00:00:00  -  Run Remote Usage
		Usr 0 00:00:00, Sys 0 00:00:00  -  Run Local Usage
	377  -  Run Bytes Sent By Job
	287387  -  Run Bytes Received By Job
	(1) Normal termination (return value 127)
	The job attribute OnExitRemove expression '( ExitBySignal == false && ( ExitCode == 0 || ExitCode == 42 || NumJobStarts > 3 ) )' evaluated to FALSE
...
001 (297954.004.000) 04/11 13:15:59 Job executing on host: <128.104.227.26:9618?addrs=128.104.227.26-9618+[2607-f388-101c-1000--629]-9618&noUDP&sock=9468_d6c6_3>
...
005 (297954.004.000) 04/11 13:16:00 Job terminated.
	(1) Normal termination (return value 127)
		Usr 0 00:00:00, Sys 0 00:00:00  -  Run Remote Usage
		Usr 0 00:00:00, Sys 0 00:00:00  -  Run Local Usage
		Usr 0 00:00:00, Sys 0 00:00:00  -  Total Remote Usage
		Usr 0 00:00:00, Sys 0 00:00:00  -  Total Local Usage
	377  -  Run Bytes Sent By Job
	287387  -  Run Bytes Received By Job
	1508  -  Total Bytes Sent By Job
	1149548  -  Total Bytes Received By Job
	Partitionable Resources :    Usage  Request Allocated
	   Cpus                 :                 1         1
	   Disk (KB)            :  1000000  2048000   9504753
	   Memory (MB)          :        0     1992      1992
...
001 (297999.004.000) 04/11 13:21:13 Job executing on host: <144.92.180.175:9618?addrs=144.92.180.175-9618+[2607-f388-101c-1000--629]-9618&noUDP&sock=6834_2250_3>
...
006 (297999.004.000) 04/11 13:21:22 Image size of job updated: 86356
	54  -  MemoryUsage of job (MB)
	54696  -  ResidentSetSize of job (KB)
...
001 (298044.004.000) 04/11 13:38:10 Job executing on host: <144.92.180.71:9618?addrs=144.92.180.71-9618+[2607-f388-101c-1000--629]-9618&noUDP&sock=9117_1508_3>
...
006 (298044.004.000) 04/11 13:38:19 Image size of job updated: 213984
	108  -  MemoryUsage of job (MB)
	110240  -  ResidentSetSize of job (KB)
...
006 (297999.004.000) 04/11 13:41:23 Image size of job updated: 197556
	192  -  MemoryUsage of job (MB)
	196104  -  ResidentSetSize of job (KB)
...
006 (298044.004.000) 04/11 13:58:20 Image size of job updated: 264692
	230  -  MemoryUsage of job (MB)
	235000  -  ResidentSetSize of job (KB)
...
006 (297999.004.000) 04/11 14:01:24 Image size of job updated: 288620
	282  -  MemoryUsage of job (MB)
	288132  -  ResidentSetSize of job (KB)
...
006 (298044.004.000) 04/11 14:18:20 Image size of job updated: 278712
	270  -  MemoryUsage of job (MB)
	275744  -  ResidentSetSize of job (KB)
...
006 (297999.004.000) 04/11 14:21:25 Image size of job updated: 290540
	284  -  MemoryUsage of job (MB)
	290540  -  ResidentSetSize of job (KB)
...
006 (298044.004.000) 04/11 14:38:20 Image size of job updated: 279880
	271  -  MemoryUsage of job (MB)
	277108  -  ResidentSetSize of job (KB)
...
006 (297999.004.000) 04/11 14:41:26 Image size of job updated: 290844
	285  -  MemoryUsage of job (MB)
	290844  -  ResidentSetSize of job (KB)
...
006 (298044.004.000) 04/11 14:58:20 Image size of job updated: 282760
	274  -  MemoryUsage of job (MB)
	279728  -  ResidentSetSize of job (KB)
...
006 (297999.004.000) 04/11 15:01:27 Image size of job updated: 291544
	285  -  MemoryUsage of job (MB)
	291308  -  ResidentSetSize of job (KB)
...
006 (297999.004.000) 04/11 15:21:28 Image size of job updated: 292584
	286  -  MemoryUsage of job (MB)
	292352  -  ResidentSetSize of job (KB)
...
006 (297999.004.000) 04/11 15:27:16 Image size of job updated: 294356
	286  -  MemoryUsage of job (MB)
	292352  -  ResidentSetSize of job (KB)
...
005 (297999.004.000) 04/11 15:27:17 Job terminated.
	(1) Normal termination (return value 0)
		Usr 0 00:15:34, Sys 0 00:00:43  -  Run Remote Usage
		Usr 0 00:00:00, Sys 0 00:00:00  -  Run Local Usage
		Usr 0 00:15:34, Sys 0 00:00:43  -  Total Remote Usage
		Usr 0 00:00:00, Sys 0 00:00:00  -  Total Local Usage
	1089021  -  Run Bytes Sent By Job
	287387  -  Run Bytes Received By Job
	1089021  -  Total Bytes Sent By Job
	287387  -  Total Bytes Received By Job
	Partitionable Resources :    Usage  Request Allocated
	   Cpus                 :                 1         1
	   Disk (KB)            :  1000000  2048000   7920692
	   Memory (MB)          :      286     1992      1992
...
005 (298044.004.000) 04/11 15:27:17 Job terminated.
	(1) Normal termination (return value 0)
		Usr 0 00:17:31, Sys 0 00:00:47  -  Run Remote Usage
		Usr 0 00:00:00, Sys 0 00:00:00  -  Run Local Usage
		Usr 0 00:17:31, Sys 0 00:00:47  -  Total Remote Usage
		Usr 0 00:00:00, Sys 0 00:00:00  -  Total Local Usage
	1089022  -  Run Bytes Sent By Job
	287387  -  Run Bytes Received By Job
	1089022  -  Total Bytes Sent By Job
	287387  -  Total Bytes Received By Job
	Partitionable Resources :    Usage  Request Allocated
	   Cpus                 :                 1         1
	   Disk (KB)            :  1000000  2048000   7920798
	   Memory (MB)          :      274     1992      1992
...
