000 (297957.005.000) 04/11 13:09:18 Job submitted from host: <144.92.181.244:9618?addrs=144.92.181.244-9618+[2607-f388-101c-1000--371]-9618&noUDP&sock=5651_b1c7_3>
...
000 (298002.005.000) 04/11 13:11:02 Job submitted from host: <144.92.181.244:9618?addrs=144.92.181.244-9618+[2607-f388-101c-1000--371]-9618&noUDP&sock=5651_b1c7_3>
...
000 (298047.005.000) 04/11 13:12:05 Job submitted from host: <144.92.181.244:9618?addrs=144.92.181.244-9618+[2607-f388-101c-1000--371]-9618&noUDP&sock=5651_b1c7_3>
...
001 (297957.005.000) 04/11 13:14:35 Job executing on host: <128.104.227.76:9618?addrs=128.104.227.76-9618+[2607-f388-101c-1000--629]-9618&noUDP&sock=9548_b659_3>
...
006 (297957.005.000) 04/11 13:14:36 Image size of job updated: 1
	0  -  MemoryUsage of job (MB)
	0  -  ResidentSetSize of job (KB)
...
004 (297957.005.000) 04/11 13:14:37 Job was evicted.
	(0) Job terminated and was requeued
		Usr 0 00:00:00, Sys 0 00:00:00  -  Run Remote Usage
		Usr 0 00:00:00, Sys 0 00:00:00  -  Run Local Usage
	377  -  Run Bytes Sent By Job
	287387  -  Run Bytes Received By Job
	(1) Normal termination (return value 127)
	The job attribute OnExitRemove expression '( ExitBySignal == false && ( ExitCode == 0 || ExitCode == 42 || NumJobStarts > 3 ) )' evaluated to FALSE
...
001 (297957.005.000) 04/11 13:16:05 Job executing on host: <128.104.227.22:9618?addrs=128.104.227.22-9618+[2607-f388-101c-1000--629]-9618&noUDP&sock=9462_b934_3>
...
004 (297957.005.000) 04/11 13:16:06 Job was evicted.
	(0) Job terminated and was requeued
		Usr 0 00:00:00, Sys 0 00:00:00  -  Run Remote Usage
		Usr 0 00:00:00, Sys 0 00:00:00  -  Run Local Usage
	377  -  Run Bytes Sent By Job
	287387  -  Run Bytes Received By Job
	(1) Normal termination (return value 127)
	The job attribute OnExitRemove expression '( ExitBySignal == false && ( ExitCode == 0 || ExitCode == 42 || NumJobStarts > 3 ) )' evaluated to FALSE
...
001 (297957.005.000) 04/11 13:16:38 Job executing on host: <144.92.180.31:9618?addrs=144.92.180.31-9618+[2607-f388-101c-1000--629]-9618&noUDP&sock=6856_3966_3>
...
004 (297957.005.000) 04/11 13:16:41 Job was evicted.
	(0) Job terminated and was requeued
		Usr 0 00:00:00, Sys 0 00:00:00  -  Run Remote Usage
		Usr 0 00:00:00, Sys 0 00:00:00  -  Run Local Usage
	377  -  Run Bytes Sent By Job
	287387  -  Run Bytes Received By Job
	(1) Normal termination (return value 127)
	The job attribute OnExitRemove expression '( ExitBySignal == false && ( ExitCode == 0 || ExitCode == 42 || NumJobStarts > 3 ) )' evaluated to FALSE
...
001 (297957.005.000) 04/11 13:17:18 Job executing on host: <144.92.181.183:9618?addrs=144.92.181.183-9618+[2607-f388-101c-1000--629]-9618&noUDP&sock=8988_9950_3>
...
006 (297957.005.000) 04/11 13:17:18 Image size of job updated: 121272
	0  -  MemoryUsage of job (MB)
	0  -  ResidentSetSize of job (KB)
...
005 (297957.005.000) 04/11 13:17:19 Job terminated.
	(1) Normal termination (return value 127)
		Usr 0 00:00:00, Sys 0 00:00:00  -  Run Remote Usage
		Usr 0 00:00:00, Sys 0 00:00:00  -  Run Local Usage
		Usr 0 00:00:00, Sys 0 00:00:00  -  Total Remote Usage
		Usr 0 00:00:00, Sys 0 00:00:00  -  Total Local Usage
	376  -  Run Bytes Sent By Job
	287387  -  Run Bytes Received By Job
	1507  -  Total Bytes Sent By Job
	1149548  -  Total Bytes Received By Job
	Partitionable Resources :    Usage  Request Allocated
	   Cpus                 :                 1         1
	   Disk (KB)            :  1000000  2048000   7920798
	   Memory (MB)          :        0     1992      1992
...
001 (298002.005.000) 04/11 13:21:47 Job executing on host: <128.104.227.46:9618?addrs=128.104.227.46-9618+[2607-f388-101c-1000--629]-9618&noUDP&sock=9480_11e9_3>
...
006 (298002.005.000) 04/11 13:21:56 Image size of job updated: 213320
	108  -  MemoryUsage of job (MB)
	110052  -  ResidentSetSize of job (KB)
...
006 (298002.005.000) 04/11 13:41:57 Image size of job updated: 245656
	239  -  MemoryUsage of job (MB)
	243960  -  ResidentSetSize of job (KB)
...
001 (298047.005.000) 04/11 13:43:56 Job executing on host: <144.92.180.108:9618?addrs=144.92.180.108-9618+[2607-f388-101c-1000--629]-9618&noUDP&sock=6945_4554_3>
...
006 (298047.005.000) 04/11 13:44:05 Image size of job updated: 214756
	108  -  MemoryUsage of job (MB)
	110080  -  ResidentSetSize of job (KB)
...
006 (298002.005.000) 04/11 14:01:58 Image size of job updated: 248812
	241  -  MemoryUsage of job (MB)
	246776  -  ResidentSetSize of job (KB)
...
006 (298047.005.000) 04/11 14:04:06 Image size of job updated: 263660
	240  -  MemoryUsage of job (MB)
	245072  -  ResidentSetSize of job (KB)
...
006 (298002.005.000) 04/11 14:21:59 Image size of job updated: 249180
	241  -  MemoryUsage of job (MB)
	246776  -  ResidentSetSize of job (KB)
...
006 (298047.005.000) 04/11 14:24:07 Image size of job updated: 263660
	242  -  MemoryUsage of job (MB)
	247356  -  ResidentSetSize of job (KB)
...
006 (298047.005.000) 04/11 15:04:09 Image size of job updated: 263660
	242  -  MemoryUsage of job (MB)
	247708  -  ResidentSetSize of job (KB)
...
005 (298047.005.000) 04/11 15:40:12 Job terminated.
	(1) Normal termination (return value 0)
		Usr 0 00:21:24, Sys 0 00:01:02  -  Run Remote Usage
		Usr 0 00:00:00, Sys 0 00:00:00  -  Run Local Usage
		Usr 0 00:21:24, Sys 0 00:01:02  -  Total Remote Usage
		Usr 0 00:00:00, Sys 0 00:00:00  -  Total Local Usage
	988616  -  Run Bytes Sent By Job
	287387  -  Run Bytes Received By Job
	988616  -  Total Bytes Sent By Job
	287387  -  Total Bytes Received By Job
	Partitionable Resources :    Usage  Request Allocated
	   Cpus                 :                 1         1
	   Disk (KB)            :  1000000  2048000   6336179
	   Memory (MB)          :      242     1992      1992
...
005 (298002.005.000) 04/11 15:40:13 Job terminated.
	(1) Normal termination (return value 0)
		Usr 0 00:20:14, Sys 0 00:00:56  -  Run Remote Usage
		Usr 0 00:00:00, Sys 0 00:00:00  -  Run Local Usage
		Usr 0 00:20:14, Sys 0 00:00:56  -  Total Remote Usage
		Usr 0 00:00:00, Sys 0 00:00:00  -  Total Local Usage
	988616  -  Run Bytes Sent By Job
	287387  -  Run Bytes Received By Job
	988616  -  Total Bytes Sent By Job
	287387  -  Total Bytes Received By Job
	Partitionable Resources :    Usage  Request Allocated
	   Cpus                 :                 1         1
	   Disk (KB)            :  1000000  2048000   9504937
	   Memory (MB)          :      241     1992      1992
...
