000 (297959.005.000) 04/11 13:09:20 Job submitted from host: <144.92.181.244:9618?addrs=144.92.181.244-9618+[2607-f388-101c-1000--371]-9618&noUDP&sock=5651_b1c7_3>
...
000 (298004.005.000) 04/11 13:11:04 Job submitted from host: <144.92.181.244:9618?addrs=144.92.181.244-9618+[2607-f388-101c-1000--371]-9618&noUDP&sock=5651_b1c7_3>
...
000 (298049.005.000) 04/11 13:12:06 Job submitted from host: <144.92.181.244:9618?addrs=144.92.181.244-9618+[2607-f388-101c-1000--371]-9618&noUDP&sock=5651_b1c7_3>
...
001 (297959.005.000) 04/11 13:16:05 Job executing on host: <144.92.180.89:9618?addrs=144.92.180.89-9618+[2607-f388-101c-1000--629]-9618&noUDP&sock=6460_99e5_3>
...
006 (297959.005.000) 04/11 13:16:06 Image size of job updated: 4
	0  -  MemoryUsage of job (MB)
	0  -  ResidentSetSize of job (KB)
...
004 (297959.005.000) 04/11 13:16:07 Job was evicted.
	(0) Job terminated and was requeued
		Usr 0 00:00:00, Sys 0 00:00:00  -  Run Remote Usage
		Usr 0 00:00:00, Sys 0 00:00:00  -  Run Local Usage
	376  -  Run Bytes Sent By Job
	287387  -  Run Bytes Received By Job
	(1) Normal termination (return value 127)
	The job attribute OnExitRemove expression '( ExitBySignal == false && ( ExitCode == 0 || ExitCode == 42 || NumJobStarts > 3 ) )' evaluated to FALSE
...
001 (297959.005.000) 04/11 13:16:40 Job executing on host: <144.92.180.107:9618?addrs=144.92.180.107-9618+[2607-f388-101c-1000--629]-9618&noUDP&sock=6927_ec9f_3>
...
004 (297959.005.000) 04/11 13:16:42 Job was evicted.
	(0) Job terminated and was requeued
		Usr 0 00:00:00, Sys 0 00:00:00  -  Run Remote Usage
		Usr 0 00:00:00, Sys 0 00:00:00  -  Run Local Usage
	377  -  Run Bytes Sent By Job
	287387  -  Run Bytes Received By Job
	(1) Normal termination (return value 127)
	The job attribute OnExitRemove expression '( ExitBySignal == false && ( ExitCode == 0 || ExitCode == 42 || NumJobStarts > 3 ) )' evaluated to FALSE
...
001 (297959.005.000) 04/11 13:18:10 Job executing on host: <144.92.181.148:9618?addrs=144.92.181.148-9618+[2607-f388-101c-1000--629]-9618&noUDP&sock=8993_0749_3>
...
006 (297959.005.000) 04/11 13:18:10 Image size of job updated: 226388
	0  -  MemoryUsage of job (MB)
	0  -  ResidentSetSize of job (KB)
...
004 (297959.005.000) 04/11 13:18:12 Job was evicted.
	(0) Job terminated and was requeued
		Usr 0 00:00:00, Sys 0 00:00:00  -  Run Remote Usage
		Usr 0 00:00:00, Sys 0 00:00:00  -  Run Local Usage
	377  -  Run Bytes Sent By Job
	287387  -  Run Bytes Received By Job
	(1) Normal termination (return value 127)
	The job attribute OnExitRemove expression '( ExitBySignal == false && ( ExitCode == 0 || ExitCode == 42 || NumJobStarts > 3 ) )' evaluated to FALSE
...
001 (297959.005.000) 04/11 13:18:30 Job executing on host: <128.104.227.26:9618?addrs=128.104.227.26-9618+[2607-f388-101c-1000--629]-9618&noUDP&sock=9468_d6c6_3>
...
005 (297959.005.000) 04/11 13:18:30 Job terminated.
	(1) Normal termination (return value 127)
		Usr 0 00:00:00, Sys 0 00:00:00  -  Run Remote Usage
		Usr 0 00:00:00, Sys 0 00:00:00  -  Run Local Usage
		Usr 0 00:00:00, Sys 0 00:00:00  -  Total Remote Usage
		Usr 0 00:00:00, Sys 0 00:00:00  -  Total Local Usage
	377  -  Run Bytes Sent By Job
	287387  -  Run Bytes Received By Job
	1507  -  Total Bytes Sent By Job
	1149548  -  Total Bytes Received By Job
	Partitionable Resources :    Usage  Request Allocated
	   Cpus                 :                 1         1
	   Disk (KB)            :  1000000  2048000   9504753
	   Memory (MB)          :        0     1992      1992
...
001 (298004.005.000) 04/11 13:21:49 Job executing on host: <128.104.227.22:9618?addrs=128.104.227.22-9618+[2607-f388-101c-1000--629]-9618&noUDP&sock=9462_b934_3>
...
006 (298004.005.000) 04/11 13:21:58 Image size of job updated: 215520
	108  -  MemoryUsage of job (MB)
	110216  -  ResidentSetSize of job (KB)
...
006 (298004.005.000) 04/11 13:41:59 Image size of job updated: 237732
	233  -  MemoryUsage of job (MB)
	237668  -  ResidentSetSize of job (KB)
...
001 (298049.005.000) 04/11 13:45:53 Job executing on host: <144.92.180.175:9618?addrs=144.92.180.175-9618+[2607-f388-101c-1000--629]-9618&noUDP&sock=6834_2250_3>
...
006 (298049.005.000) 04/11 13:46:02 Image size of job updated: 213024
	108  -  MemoryUsage of job (MB)
	110208  -  ResidentSetSize of job (KB)
...
006 (298004.005.000) 04/11 14:02:00 Image size of job updated: 238184
	233  -  MemoryUsage of job (MB)
	238184  -  ResidentSetSize of job (KB)
...
006 (298049.005.000) 04/11 14:06:02 Image size of job updated: 234684
	230  -  MemoryUsage of job (MB)
	234684  -  ResidentSetSize of job (KB)
...
006 (298004.005.000) 04/11 14:22:01 Image size of job updated: 241396
	235  -  MemoryUsage of job (MB)
	239844  -  ResidentSetSize of job (KB)
...
006 (298049.005.000) 04/11 14:46:02 Image size of job updated: 236504
	231  -  MemoryUsage of job (MB)
	236504  -  ResidentSetSize of job (KB)
...
006 (298049.005.000) 04/11 15:06:02 Image size of job updated: 238712
	233  -  MemoryUsage of job (MB)
	237788  -  ResidentSetSize of job (KB)
...
006 (298049.005.000) 04/11 15:26:02 Image size of job updated: 239128
	233  -  MemoryUsage of job (MB)
	238208  -  ResidentSetSize of job (KB)
...
006 (298049.005.000) 04/11 15:46:03 Image size of job updated: 239212
	233  -  MemoryUsage of job (MB)
	238208  -  ResidentSetSize of job (KB)
...
005 (298004.005.000) 04/11 15:52:08 Job terminated.
	(1) Normal termination (return value 0)
		Usr 0 00:20:06, Sys 0 00:01:00  -  Run Remote Usage
		Usr 0 00:00:00, Sys 0 00:00:00  -  Run Local Usage
		Usr 0 00:20:06, Sys 0 00:01:00  -  Total Remote Usage
		Usr 0 00:00:00, Sys 0 00:00:00  -  Total Local Usage
	1002484  -  Run Bytes Sent By Job
	287387  -  Run Bytes Received By Job
	1002484  -  Total Bytes Sent By Job
	287387  -  Total Bytes Received By Job
	Partitionable Resources :    Usage  Request Allocated
	   Cpus                 :                 1         1
	   Disk (KB)            :  1000000  2048000   9504831
	   Memory (MB)          :      235     1992      1992
...
005 (298049.005.000) 04/11 15:52:08 Job terminated.
	(1) Normal termination (return value 0)
		Usr 0 00:22:23, Sys 0 00:01:13  -  Run Remote Usage
		Usr 0 00:00:00, Sys 0 00:00:00  -  Run Local Usage
		Usr 0 00:22:23, Sys 0 00:01:13  -  Total Remote Usage
		Usr 0 00:00:00, Sys 0 00:00:00  -  Total Local Usage
	1002484  -  Run Bytes Sent By Job
	287387  -  Run Bytes Received By Job
	1002484  -  Total Bytes Sent By Job
	287387  -  Total Bytes Received By Job
	Partitionable Resources :    Usage  Request Allocated
	   Cpus                 :                 1         1
	   Disk (KB)            :  1000000  2048000   7920692
	   Memory (MB)          :      233     1992      1992
...
