000 (297965.005.000) 04/11 13:09:23 Job submitted from host: <144.92.181.244:9618?addrs=144.92.181.244-9618+[2607-f388-101c-1000--371]-9618&noUDP&sock=5651_b1c7_3>
...
000 (298010.005.000) 04/11 13:11:08 Job submitted from host: <144.92.181.244:9618?addrs=144.92.181.244-9618+[2607-f388-101c-1000--371]-9618&noUDP&sock=5651_b1c7_3>
...
000 (298055.005.000) 04/11 13:12:10 Job submitted from host: <144.92.181.244:9618?addrs=144.92.181.244-9618+[2607-f388-101c-1000--371]-9618&noUDP&sock=5651_b1c7_3>
...
001 (297965.005.000) 04/11 13:16:42 Job executing on host: <144.92.180.130:9618?addrs=144.92.180.130-9618+[2607-f388-101c-1000--629]-9618&noUDP&sock=6803_dee1_3>
...
006 (297965.005.000) 04/11 13:16:42 Image size of job updated: 1
	0  -  MemoryUsage of job (MB)
	0  -  ResidentSetSize of job (KB)
...
004 (297965.005.000) 04/11 13:16:43 Job was evicted.
	(0) Job terminated and was requeued
		Usr 0 00:00:00, Sys 0 00:00:00  -  Run Remote Usage
		Usr 0 00:00:00, Sys 0 00:00:00  -  Run Local Usage
	376  -  Run Bytes Sent By Job
	287387  -  Run Bytes Received By Job
	(1) Normal termination (return value 127)
	The job attribute OnExitRemove expression '( ExitBySignal == false && ( ExitCode == 0 || ExitCode == 42 || NumJobStarts > 3 ) )' evaluated to FALSE
...
001 (297965.005.000) 04/11 13:18:13 Job executing on host: <144.92.180.69:9618?addrs=144.92.180.69-9618+[2607-f388-101c-1000--629]-9618&noUDP&sock=9134_be24_3>
...
004 (297965.005.000) 04/11 13:18:16 Job was evicted.
	(0) Job terminated and was requeued
		Usr 0 00:00:00, Sys 0 00:00:00  -  Run Remote Usage
		Usr 0 00:00:00, Sys 0 00:00:00  -  Run Local Usage
	377  -  Run Bytes Sent By Job
	287387  -  Run Bytes Received By Job
	(1) Normal termination (return value 127)
	The job attribute OnExitRemove expression '( ExitBySignal == false && ( ExitCode == 0 || ExitCode == 42 || NumJobStarts > 3 ) )' evaluated to FALSE
...
001 (297965.005.000) 04/11 13:19:38 Job executing on host: <128.104.227.116:9618?addrs=128.104.227.116-9618+[2607-f388-101c-1000--65]-9618&noUDP&sock=11317_1963_3>
...
004 (297965.005.000) 04/11 13:19:39 Job was evicted.
	(0) Job terminated and was requeued
		Usr 0 00:00:00, Sys 0 00:00:00  -  Run Remote Usage
		Usr 0 00:00:00, Sys 0 00:00:00  -  Run Local Usage
	377  -  Run Bytes Sent By Job
	287387  -  Run Bytes Received By Job
	(1) Normal termination (return value 127)
	The job attribute OnExitRemove expression '( ExitBySignal == false && ( ExitCode == 0 || ExitCode == 42 || NumJobStarts > 3 ) )' evaluated to FALSE
...
001 (297965.005.000) 04/11 13:20:11 Job executing on host: <128.104.227.26:9618?addrs=128.104.227.26-9618+[2607-f388-101c-1000--629]-9618&noUDP&sock=9468_d6c6_3>
...
006 (297965.005.000) 04/11 13:20:11 Image size of job updated: 4
	1  -  MemoryUsage of job (MB)
	4  -  ResidentSetSize of job (KB)
...
005 (297965.005.000) 04/11 13:20:12 Job terminated.
	(1) Normal termination (return value 127)
		Usr 0 00:00:00, Sys 0 00:00:00  -  Run Remote Usage
		Usr 0 00:00:00, Sys 0 00:00:00  -  Run Local Usage
		Usr 0 00:00:00, Sys 0 00:00:00  -  Total Remote Usage
		Usr 0 00:00:00, Sys 0 00:00:00  -  Total Local Usage
	377  -  Run Bytes Sent By Job
	287387  -  Run Bytes Received By Job
	1507  -  Total Bytes Sent By Job
	1149548  -  Total Bytes Received By Job
	Partitionable Resources :    Usage  Request Allocated
	   Cpus                 :                 1         1
	   Disk (KB)            :  1000000  2048000   9504753
	   Memory (MB)          :        1     1992      1992
...
001 (298010.005.000) 04/11 13:23:07 Job executing on host: <144.92.180.205:9618?addrs=144.92.180.205-9618+[2607-f388-101c-1000--629]-9618&noUDP&sock=6898_0860_3>
...
006 (298010.005.000) 04/11 13:23:16 Image size of job updated: 165316
	53  -  MemoryUsage of job (MB)
	53312  -  ResidentSetSize of job (KB)
...
006 (298010.005.000) 04/11 13:43:17 Image size of job updated: 232344
	225  -  MemoryUsage of job (MB)
	230092  -  ResidentSetSize of job (KB)
...
001 (298055.005.000) 04/11 13:48:35 Job executing on host: <144.92.181.76:9618?addrs=144.92.181.76-9618+[2607-f388-101c-1000--629]-9618&noUDP&sock=6457_8b1c_3>
...
006 (298055.005.000) 04/11 13:48:43 Image size of job updated: 87528
	25  -  MemoryUsage of job (MB)
	25104  -  ResidentSetSize of job (KB)
...
006 (298010.005.000) 04/11 14:03:18 Image size of job updated: 234928
	228  -  MemoryUsage of job (MB)
	232676  -  ResidentSetSize of job (KB)
...
006 (298055.005.000) 04/11 14:08:43 Image size of job updated: 232604
	223  -  MemoryUsage of job (MB)
	228056  -  ResidentSetSize of job (KB)
...
006 (298010.005.000) 04/11 14:23:18 Image size of job updated: 235544
	228  -  MemoryUsage of job (MB)
	232676  -  ResidentSetSize of job (KB)
...
006 (298055.005.000) 04/11 14:28:43 Image size of job updated: 239964
	230  -  MemoryUsage of job (MB)
	235416  -  ResidentSetSize of job (KB)
...
006 (298010.005.000) 04/11 14:43:18 Image size of job updated: 237368
	229  -  MemoryUsage of job (MB)
	233620  -  ResidentSetSize of job (KB)
...
006 (298010.005.000) 04/11 15:03:18 Image size of job updated: 237368
	229  -  MemoryUsage of job (MB)
	234132  -  ResidentSetSize of job (KB)
...
006 (298010.005.000) 04/11 15:23:18 Image size of job updated: 237368
	230  -  MemoryUsage of job (MB)
	234604  -  ResidentSetSize of job (KB)
...
006 (298010.005.000) 04/11 15:43:18 Image size of job updated: 237588
	230  -  MemoryUsage of job (MB)
	235064  -  ResidentSetSize of job (KB)
...
006 (298055.005.000) 04/11 15:48:46 Image size of job updated: 241716
	232  -  MemoryUsage of job (MB)
	237280  -  ResidentSetSize of job (KB)
...
006 (298010.005.000) 04/11 16:03:18 Image size of job updated: 239468
	231  -  MemoryUsage of job (MB)
	236368  -  ResidentSetSize of job (KB)
...
005 (298010.005.000) 04/11 16:12:34 Job terminated.
	(1) Normal termination (return value 0)
		Usr 0 00:23:29, Sys 0 00:01:15  -  Run Remote Usage
		Usr 0 00:00:00, Sys 0 00:00:00  -  Run Local Usage
		Usr 0 00:23:29, Sys 0 00:01:15  -  Total Remote Usage
		Usr 0 00:00:00, Sys 0 00:00:00  -  Total Local Usage
	1037631  -  Run Bytes Sent By Job
	287387  -  Run Bytes Received By Job
	1037631  -  Total Bytes Sent By Job
	287387  -  Total Bytes Received By Job
	Partitionable Resources :    Usage  Request Allocated
	   Cpus                 :                 1         1
	   Disk (KB)            :  1000000  2048000   7920672
	   Memory (MB)          :      231     1992      1992
...
005 (298055.005.000) 04/11 16:28:04 Job terminated.
	(1) Normal termination (return value 0)
		Usr 0 00:39:23, Sys 0 00:02:14  -  Run Remote Usage
		Usr 0 00:00:00, Sys 0 00:00:00  -  Run Local Usage
		Usr 0 00:39:23, Sys 0 00:02:14  -  Total Remote Usage
		Usr 0 00:00:00, Sys 0 00:00:00  -  Total Local Usage
	1052158  -  Run Bytes Sent By Job
	287387  -  Run Bytes Received By Job
	1052158  -  Total Bytes Sent By Job
	287387  -  Total Bytes Received By Job
	Partitionable Resources :    Usage  Request Allocated
	   Cpus                 :                 1         1
	   Disk (KB)            :  1000000  2048000   4752203
	   Memory (MB)          :      232     1992      1992
...
