000 (297959.006.000) 04/11 13:09:20 Job submitted from host: <144.92.181.244:9618?addrs=144.92.181.244-9618+[2607-f388-101c-1000--371]-9618&noUDP&sock=5651_b1c7_3>
...
000 (298004.006.000) 04/11 13:11:04 Job submitted from host: <144.92.181.244:9618?addrs=144.92.181.244-9618+[2607-f388-101c-1000--371]-9618&noUDP&sock=5651_b1c7_3>
...
000 (298049.006.000) 04/11 13:12:06 Job submitted from host: <144.92.181.244:9618?addrs=144.92.181.244-9618+[2607-f388-101c-1000--371]-9618&noUDP&sock=5651_b1c7_3>
...
001 (297959.006.000) 04/11 13:16:05 Job executing on host: <144.92.180.90:9618?addrs=144.92.180.90-9618+[2607-f388-101c-1000--629]-9618&noUDP&sock=6458_3ab4_3>
...
006 (297959.006.000) 04/11 13:16:06 Image size of job updated: 1
	0  -  MemoryUsage of job (MB)
	0  -  ResidentSetSize of job (KB)
...
004 (297959.006.000) 04/11 13:16:07 Job was evicted.
	(0) Job terminated and was requeued
		Usr 0 00:00:00, Sys 0 00:00:00  -  Run Remote Usage
		Usr 0 00:00:00, Sys 0 00:00:00  -  Run Local Usage
	377  -  Run Bytes Sent By Job
	287387  -  Run Bytes Received By Job
	(1) Normal termination (return value 127)
	The job attribute OnExitRemove expression '( ExitBySignal == false && ( ExitCode == 0 || ExitCode == 42 || NumJobStarts > 3 ) )' evaluated to FALSE
...
001 (297959.006.000) 04/11 13:16:41 Job executing on host: <144.92.181.65:9618?addrs=144.92.181.65-9618+[2607-f388-101c-1000--629]-9618&noUDP&sock=6843_4eab_3>
...
004 (297959.006.000) 04/11 13:16:43 Job was evicted.
	(0) Job terminated and was requeued
		Usr 0 00:00:00, Sys 0 00:00:00  -  Run Remote Usage
		Usr 0 00:00:00, Sys 0 00:00:00  -  Run Local Usage
	377  -  Run Bytes Sent By Job
	287387  -  Run Bytes Received By Job
	(1) Normal termination (return value 127)
	The job attribute OnExitRemove expression '( ExitBySignal == false && ( ExitCode == 0 || ExitCode == 42 || NumJobStarts > 3 ) )' evaluated to FALSE
...
001 (297959.006.000) 04/11 13:18:09 Job executing on host: <128.104.227.108:9618?addrs=128.104.227.108-9618+[2607-f388-101c-1000--57]-9618&noUDP&sock=11272_3ba0_3>
...
004 (297959.006.000) 04/11 13:18:11 Job was evicted.
	(0) Job terminated and was requeued
		Usr 0 00:00:00, Sys 0 00:00:00  -  Run Remote Usage
		Usr 0 00:00:00, Sys 0 00:00:00  -  Run Local Usage
	377  -  Run Bytes Sent By Job
	287387  -  Run Bytes Received By Job
	(1) Normal termination (return value 127)
	The job attribute OnExitRemove expression '( ExitBySignal == false && ( ExitCode == 0 || ExitCode == 42 || NumJobStarts > 3 ) )' evaluated to FALSE
...
001 (297959.006.000) 04/11 13:18:31 Job executing on host: <144.92.181.183:9618?addrs=144.92.181.183-9618+[2607-f388-101c-1000--629]-9618&noUDP&sock=8988_9950_3>
...
006 (297959.006.000) 04/11 13:18:31 Image size of job updated: 4
	1  -  MemoryUsage of job (MB)
	4  -  ResidentSetSize of job (KB)
...
005 (297959.006.000) 04/11 13:18:33 Job terminated.
	(1) Normal termination (return value 127)
		Usr 0 00:00:00, Sys 0 00:00:00  -  Run Remote Usage
		Usr 0 00:00:00, Sys 0 00:00:00  -  Run Local Usage
		Usr 0 00:00:00, Sys 0 00:00:00  -  Total Remote Usage
		Usr 0 00:00:00, Sys 0 00:00:00  -  Total Local Usage
	376  -  Run Bytes Sent By Job
	287387  -  Run Bytes Received By Job
	1507  -  Total Bytes Sent By Job
	1149548  -  Total Bytes Received By Job
	Partitionable Resources :    Usage  Request Allocated
	   Cpus                 :                 1         1
	   Disk (KB)            :  1000000  2048000   7920798
	   Memory (MB)          :        1     1992      1992
...
001 (298004.006.000) 04/11 13:21:49 Job executing on host: <128.104.227.13:9618?addrs=128.104.227.13-9618+[2607-f388-101c-1000--629]-9618&noUDP&sock=9466_7795_3>
...
006 (298004.006.000) 04/11 13:21:58 Image size of job updated: 164788
	53  -  MemoryUsage of job (MB)
	53432  -  ResidentSetSize of job (KB)
...
006 (298004.006.000) 04/11 13:41:58 Image size of job updated: 311640
	240  -  MemoryUsage of job (MB)
	244768  -  ResidentSetSize of job (KB)
...
001 (298049.006.000) 04/11 13:45:53 Job executing on host: <144.92.181.237:9618?addrs=144.92.181.237-9618+[2607-f388-101c-1000--629]-9618&noUDP&sock=6445_4ff9_3>
...
006 (298049.006.000) 04/11 13:46:02 Image size of job updated: 127664
	33  -  MemoryUsage of job (MB)
	33224  -  ResidentSetSize of job (KB)
...
006 (298049.006.000) 04/11 14:06:02 Image size of job updated: 236928
	228  -  MemoryUsage of job (MB)
	232684  -  ResidentSetSize of job (KB)
...
006 (298049.006.000) 04/11 14:26:02 Image size of job updated: 239896
	231  -  MemoryUsage of job (MB)
	235652  -  ResidentSetSize of job (KB)
...
006 (298049.006.000) 04/11 15:06:02 Image size of job updated: 242732
	234  -  MemoryUsage of job (MB)
	238652  -  ResidentSetSize of job (KB)
...
006 (298049.006.000) 04/11 15:26:03 Image size of job updated: 243448
	234  -  MemoryUsage of job (MB)
	238828  -  ResidentSetSize of job (KB)
...
006 (298049.006.000) 04/11 15:46:04 Image size of job updated: 244408
	235  -  MemoryUsage of job (MB)
	239796  -  ResidentSetSize of job (KB)
...
005 (298004.006.000) 04/11 16:00:54 Job terminated.
	(1) Normal termination (return value 0)
		Usr 0 00:19:20, Sys 0 00:01:03  -  Run Remote Usage
		Usr 0 00:00:00, Sys 0 00:00:00  -  Run Local Usage
		Usr 0 00:19:20, Sys 0 00:01:03  -  Total Remote Usage
		Usr 0 00:00:00, Sys 0 00:00:00  -  Total Local Usage
	1002744  -  Run Bytes Sent By Job
	287387  -  Run Bytes Received By Job
	1002744  -  Total Bytes Sent By Job
	287387  -  Total Bytes Received By Job
	Partitionable Resources :    Usage  Request Allocated
	   Cpus                 :                 1         1
	   Disk (KB)            :  1000000  2048000   9504862
	   Memory (MB)          :      240     1992      1992
...
006 (298049.006.000) 04/11 16:26:06 Image size of job updated: 244408
	235  -  MemoryUsage of job (MB)
	239936  -  ResidentSetSize of job (KB)
...
005 (298049.006.000) 04/11 16:30:35 Job terminated.
	(1) Normal termination (return value 0)
		Usr 0 00:39:11, Sys 0 00:02:29  -  Run Remote Usage
		Usr 0 00:00:00, Sys 0 00:00:00  -  Run Local Usage
		Usr 0 00:39:11, Sys 0 00:02:29  -  Total Remote Usage
		Usr 0 00:00:00, Sys 0 00:00:00  -  Total Local Usage
	1019150  -  Run Bytes Sent By Job
	287387  -  Run Bytes Received By Job
	1019150  -  Total Bytes Sent By Job
	287387  -  Total Bytes Received By Job
	Partitionable Resources :    Usage  Request Allocated
	   Cpus                 :                 1         1
	   Disk (KB)            :  1000000  2048000   4751941
	   Memory (MB)          :      235     1992      1992
...
