000 (297965.006.000) 04/11 13:09:23 Job submitted from host: <144.92.181.244:9618?addrs=144.92.181.244-9618+[2607-f388-101c-1000--371]-9618&noUDP&sock=5651_b1c7_3>
...
000 (298010.006.000) 04/11 13:11:08 Job submitted from host: <144.92.181.244:9618?addrs=144.92.181.244-9618+[2607-f388-101c-1000--371]-9618&noUDP&sock=5651_b1c7_3>
...
000 (298055.006.000) 04/11 13:12:10 Job submitted from host: <144.92.181.244:9618?addrs=144.92.181.244-9618+[2607-f388-101c-1000--371]-9618&noUDP&sock=5651_b1c7_3>
...
001 (297965.006.000) 04/11 13:16:42 Job executing on host: <128.104.227.22:9618?addrs=128.104.227.22-9618+[2607-f388-101c-1000--629]-9618&noUDP&sock=9462_b934_3>
...
006 (297965.006.000) 04/11 13:16:42 Image size of job updated: 1
	0  -  MemoryUsage of job (MB)
	0  -  ResidentSetSize of job (KB)
...
004 (297965.006.000) 04/11 13:16:43 Job was evicted.
	(0) Job terminated and was requeued
		Usr 0 00:00:00, Sys 0 00:00:00  -  Run Remote Usage
		Usr 0 00:00:00, Sys 0 00:00:00  -  Run Local Usage
	377  -  Run Bytes Sent By Job
	287387  -  Run Bytes Received By Job
	(1) Normal termination (return value 127)
	The job attribute OnExitRemove expression '( ExitBySignal == false && ( ExitCode == 0 || ExitCode == 42 || NumJobStarts > 3 ) )' evaluated to FALSE
...
001 (297965.006.000) 04/11 13:18:12 Job executing on host: <128.104.227.51:9618?addrs=128.104.227.51-9618+[2607-f388-101c-1000--629]-9618&noUDP&sock=9468_d6c6_3>
...
006 (297965.006.000) 04/11 13:18:12 Image size of job updated: 4
	1  -  MemoryUsage of job (MB)
	4  -  ResidentSetSize of job (KB)
...
004 (297965.006.000) 04/11 13:18:15 Job was evicted.
	(0) Job terminated and was requeued
		Usr 0 00:00:00, Sys 0 00:00:00  -  Run Remote Usage
		Usr 0 00:00:00, Sys 0 00:00:00  -  Run Local Usage
	377  -  Run Bytes Sent By Job
	287387  -  Run Bytes Received By Job
	(1) Normal termination (return value 127)
	The job attribute OnExitRemove expression '( ExitBySignal == false && ( ExitCode == 0 || ExitCode == 42 || NumJobStarts > 3 ) )' evaluated to FALSE
...
001 (297965.006.000) 04/11 13:19:38 Job executing on host: <128.104.227.71:9618?addrs=128.104.227.71-9618+[2607-f388-101c-1000--629]-9618&noUDP&sock=9478_b2b8_3>
...
006 (297965.006.000) 04/11 13:19:39 Image size of job updated: 366840
	1  -  MemoryUsage of job (MB)
	4  -  ResidentSetSize of job (KB)
...
004 (297965.006.000) 04/11 13:19:40 Job was evicted.
	(0) Job terminated and was requeued
		Usr 0 00:00:00, Sys 0 00:00:00  -  Run Remote Usage
		Usr 0 00:00:00, Sys 0 00:00:00  -  Run Local Usage
	377  -  Run Bytes Sent By Job
	287387  -  Run Bytes Received By Job
	(1) Normal termination (return value 127)
	The job attribute OnExitRemove expression '( ExitBySignal == false && ( ExitCode == 0 || ExitCode == 42 || NumJobStarts > 3 ) )' evaluated to FALSE
...
001 (297965.006.000) 04/11 13:20:14 Job executing on host: <128.104.227.26:9618?addrs=128.104.227.26-9618+[2607-f388-101c-1000--629]-9618&noUDP&sock=9468_d6c6_3>
...
005 (297965.006.000) 04/11 13:20:15 Job terminated.
	(1) Normal termination (return value 127)
		Usr 0 00:00:00, Sys 0 00:00:00  -  Run Remote Usage
		Usr 0 00:00:00, Sys 0 00:00:00  -  Run Local Usage
		Usr 0 00:00:00, Sys 0 00:00:00  -  Total Remote Usage
		Usr 0 00:00:00, Sys 0 00:00:00  -  Total Local Usage
	377  -  Run Bytes Sent By Job
	287387  -  Run Bytes Received By Job
	1508  -  Total Bytes Sent By Job
	1149548  -  Total Bytes Received By Job
	Partitionable Resources :    Usage  Request Allocated
	   Cpus                 :                 1         1
	   Disk (KB)            :  1000000  2048000   9504753
	   Memory (MB)          :        1     1992      1992
...
001 (298010.006.000) 04/11 13:23:07 Job executing on host: <128.104.227.48:9618?addrs=128.104.227.48-9618+[2607-f388-101c-1000--629]-9618&noUDP&sock=9465_c7fd_3>
...
006 (298010.006.000) 04/11 13:23:16 Image size of job updated: 226816
	98  -  MemoryUsage of job (MB)
	100072  -  ResidentSetSize of job (KB)
...
006 (298010.006.000) 04/11 13:43:17 Image size of job updated: 233396
	226  -  MemoryUsage of job (MB)
	230408  -  ResidentSetSize of job (KB)
...
001 (298055.006.000) 04/11 13:49:06 Job executing on host: <128.104.227.14:9618?addrs=128.104.227.14-9618+[2607-f388-101c-1000--629]-9618&noUDP&sock=9506_e75f_3>
...
006 (298055.006.000) 04/11 13:49:15 Image size of job updated: 216952
	108  -  MemoryUsage of job (MB)
	110216  -  ResidentSetSize of job (KB)
...
006 (298010.006.000) 04/11 14:03:18 Image size of job updated: 239552
	232  -  MemoryUsage of job (MB)
	236608  -  ResidentSetSize of job (KB)
...
006 (298055.006.000) 04/11 14:09:16 Image size of job updated: 229836
	225  -  MemoryUsage of job (MB)
	229540  -  ResidentSetSize of job (KB)
...
006 (298010.006.000) 04/11 14:23:18 Image size of job updated: 240992
	232  -  MemoryUsage of job (MB)
	237164  -  ResidentSetSize of job (KB)
...
006 (298055.006.000) 04/11 14:29:17 Image size of job updated: 233400
	228  -  MemoryUsage of job (MB)
	233104  -  ResidentSetSize of job (KB)
...
006 (298055.006.000) 04/11 14:49:18 Image size of job updated: 235832
	231  -  MemoryUsage of job (MB)
	235536  -  ResidentSetSize of job (KB)
...
006 (298055.006.000) 04/11 15:09:19 Image size of job updated: 238072
	232  -  MemoryUsage of job (MB)
	237156  -  ResidentSetSize of job (KB)
...
006 (298010.006.000) 04/11 16:03:18 Image size of job updated: 240992
	233  -  MemoryUsage of job (MB)
	237640  -  ResidentSetSize of job (KB)
...
005 (298010.006.000) 04/11 16:07:45 Job terminated.
	(1) Normal termination (return value 0)
		Usr 0 00:22:04, Sys 0 00:01:05  -  Run Remote Usage
		Usr 0 00:00:00, Sys 0 00:00:00  -  Run Local Usage
		Usr 0 00:22:04, Sys 0 00:01:05  -  Total Remote Usage
		Usr 0 00:00:00, Sys 0 00:00:00  -  Total Local Usage
	1034688  -  Run Bytes Sent By Job
	287387  -  Run Bytes Received By Job
	1034688  -  Total Bytes Sent By Job
	287387  -  Total Bytes Received By Job
	Partitionable Resources :    Usage  Request Allocated
	   Cpus                 :                 1         1
	   Disk (KB)            :  1000000  2048000   9504967
	   Memory (MB)          :      233     1992      1992
...
005 (298055.006.000) 04/11 16:07:46 Job terminated.
	(1) Normal termination (return value 0)
		Usr 0 00:22:13, Sys 0 00:01:19  -  Run Remote Usage
		Usr 0 00:00:00, Sys 0 00:00:00  -  Run Local Usage
		Usr 0 00:22:13, Sys 0 00:01:19  -  Total Remote Usage
		Usr 0 00:00:00, Sys 0 00:00:00  -  Total Local Usage
	1034688  -  Run Bytes Sent By Job
	287387  -  Run Bytes Received By Job
	1034688  -  Total Bytes Sent By Job
	287387  -  Total Bytes Received By Job
	Partitionable Resources :    Usage  Request Allocated
	   Cpus                 :                 1         1
	   Disk (KB)            :  1000000  2048000   9504707
	   Memory (MB)          :      232     1992      1992
...
