000 (297954.007.000) 04/11 13:09:15 Job submitted from host: <144.92.181.244:9618?addrs=144.92.181.244-9618+[2607-f388-101c-1000--371]-9618&noUDP&sock=5651_b1c7_3>
...
000 (297999.007.000) 04/11 13:10:58 Job submitted from host: <144.92.181.244:9618?addrs=144.92.181.244-9618+[2607-f388-101c-1000--371]-9618&noUDP&sock=5651_b1c7_3>
...
000 (298044.007.000) 04/11 13:12:01 Job submitted from host: <144.92.181.244:9618?addrs=144.92.181.244-9618+[2607-f388-101c-1000--371]-9618&noUDP&sock=5651_b1c7_3>
...
001 (297954.007.000) 04/11 13:12:58 Job executing on host: <144.92.180.130:9618?addrs=144.92.180.130-9618+[2607-f388-101c-1000--629]-9618&noUDP&sock=6803_dee1_3>
...
006 (297954.007.000) 04/11 13:12:58 Image size of job updated: 113196
	0  -  MemoryUsage of job (MB)
	0  -  ResidentSetSize of job (KB)
...
004 (297954.007.000) 04/11 13:12:59 Job was evicted.
	(0) Job terminated and was requeued
		Usr 0 00:00:00, Sys 0 00:00:00  -  Run Remote Usage
		Usr 0 00:00:00, Sys 0 00:00:00  -  Run Local Usage
	377  -  Run Bytes Sent By Job
	287387  -  Run Bytes Received By Job
	(1) Normal termination (return value 127)
	The job attribute OnExitRemove expression '( ExitBySignal == false && ( ExitCode == 0 || ExitCode == 42 || NumJobStarts > 3 ) )' evaluated to FALSE
...
001 (297954.007.000) 04/11 13:14:32 Job executing on host: <144.92.180.168:9618?addrs=144.92.180.168-9618+[2607-f388-101c-1000--629]-9618&noUDP&sock=14907_8a62_3>
...
004 (297954.007.000) 04/11 13:14:34 Job was evicted.
	(0) Job terminated and was requeued
		Usr 0 00:00:00, Sys 0 00:00:00  -  Run Remote Usage
		Usr 0 00:00:00, Sys 0 00:00:00  -  Run Local Usage
	377  -  Run Bytes Sent By Job
	287387  -  Run Bytes Received By Job
	(1) Normal termination (return value 127)
	The job attribute OnExitRemove expression '( ExitBySignal == false && ( ExitCode == 0 || ExitCode == 42 || NumJobStarts > 3 ) )' evaluated to FALSE
...
001 (297954.007.000) 04/11 13:16:00 Job executing on host: <128.104.227.63:9618?addrs=128.104.227.63-9618+[2607-f388-101c-1000--629]-9618&noUDP&sock=9423_f903_3>
...
004 (297954.007.000) 04/11 13:16:01 Job was evicted.
	(0) Job terminated and was requeued
		Usr 0 00:00:00, Sys 0 00:00:00  -  Run Remote Usage
		Usr 0 00:00:00, Sys 0 00:00:00  -  Run Local Usage
	377  -  Run Bytes Sent By Job
	287387  -  Run Bytes Received By Job
	(1) Normal termination (return value 127)
	The job attribute OnExitRemove expression '( ExitBySignal == false && ( ExitCode == 0 || ExitCode == 42 || NumJobStarts > 3 ) )' evaluated to FALSE
...
001 (297954.007.000) 04/11 13:16:05 Job executing on host: <128.104.227.111:9618?addrs=128.104.227.111-9618+[2607-f388-101c-1000--60]-9618&noUDP&sock=11165_d6fd_3>
...
005 (297954.007.000) 04/11 13:16:07 Job terminated.
	(1) Normal termination (return value 127)
		Usr 0 00:00:00, Sys 0 00:00:00  -  Run Remote Usage
		Usr 0 00:00:00, Sys 0 00:00:00  -  Run Local Usage
		Usr 0 00:00:00, Sys 0 00:00:00  -  Total Remote Usage
		Usr 0 00:00:00, Sys 0 00:00:00  -  Total Local Usage
	376  -  Run Bytes Sent By Job
	287387  -  Run Bytes Received By Job
	1507  -  Total Bytes Sent By Job
	1149548  -  Total Bytes Received By Job
	Partitionable Resources :    Usage  Request Allocated
	   Cpus                 :                 1         1
	   Disk (KB)            :  1000000  2048000   9504774
	   Memory (MB)          :        0     1992      1992
...
001 (297999.007.000) 04/11 13:21:13 Job executing on host: <144.92.181.209:9618?addrs=144.92.181.209-9618+[2607-f388-101c-1000--629]-9618&noUDP&sock=6084_b249_3>
...
006 (297999.007.000) 04/11 13:21:22 Image size of job updated: 91588
	25  -  MemoryUsage of job (MB)
	25496  -  ResidentSetSize of job (KB)
...
001 (298044.007.000) 04/11 13:38:14 Job executing on host: <128.104.227.110:9618?addrs=128.104.227.110-9618+[2607-f388-101c-1000--59]-9618&noUDP&sock=11280_b862_3>
...
006 (298044.007.000) 04/11 13:38:23 Image size of job updated: 191180
	67  -  MemoryUsage of job (MB)
	68468  -  ResidentSetSize of job (KB)
...
006 (297999.007.000) 04/11 13:41:23 Image size of job updated: 279552
	270  -  MemoryUsage of job (MB)
	275564  -  ResidentSetSize of job (KB)
...
006 (298044.007.000) 04/11 13:58:23 Image size of job updated: 283072
	277  -  MemoryUsage of job (MB)
	283072  -  ResidentSetSize of job (KB)
...
006 (297999.007.000) 04/11 14:01:23 Image size of job updated: 288156
	282  -  MemoryUsage of job (MB)
	288156  -  ResidentSetSize of job (KB)
...
006 (298044.007.000) 04/11 14:18:24 Image size of job updated: 288468
	282  -  MemoryUsage of job (MB)
	288344  -  ResidentSetSize of job (KB)
...
006 (297999.007.000) 04/11 14:21:24 Image size of job updated: 289152
	282  -  MemoryUsage of job (MB)
	288540  -  ResidentSetSize of job (KB)
...
006 (297999.007.000) 04/11 14:41:24 Image size of job updated: 290112
	283  -  MemoryUsage of job (MB)
	289500  -  ResidentSetSize of job (KB)
...
005 (297999.007.000) 04/11 15:51:47 Job terminated.
	(1) Normal termination (return value 0)
		Usr 0 00:31:04, Sys 0 00:01:49  -  Run Remote Usage
		Usr 0 00:00:00, Sys 0 00:00:00  -  Run Local Usage
		Usr 0 00:31:04, Sys 0 00:01:49  -  Total Remote Usage
		Usr 0 00:00:00, Sys 0 00:00:00  -  Total Local Usage
	1114455  -  Run Bytes Sent By Job
	287387  -  Run Bytes Received By Job
	1114455  -  Total Bytes Sent By Job
	287387  -  Total Bytes Received By Job
	Partitionable Resources :    Usage  Request Allocated
	   Cpus                 :                 1         1
	   Disk (KB)            :  1000000  2048000   3167627
	   Memory (MB)          :      283     1992      1992
...
005 (298044.007.000) 04/11 15:58:39 Job terminated.
	(1) Normal termination (return value 0)
		Usr 0 00:19:32, Sys 0 00:01:00  -  Run Remote Usage
		Usr 0 00:00:00, Sys 0 00:00:00  -  Run Local Usage
		Usr 0 00:19:32, Sys 0 00:01:00  -  Total Remote Usage
		Usr 0 00:00:00, Sys 0 00:00:00  -  Total Local Usage
	1094017  -  Run Bytes Sent By Job
	287387  -  Run Bytes Received By Job
	1094017  -  Total Bytes Sent By Job
	287387  -  Total Bytes Received By Job
	Partitionable Resources :    Usage  Request Allocated
	   Cpus                 :                 1         1
	   Disk (KB)            :  1000000  2048000   9503865
	   Memory (MB)          :      282     1992      1992
...
