000 (297957.007.000) 04/11 13:09:18 Job submitted from host: <144.92.181.244:9618?addrs=144.92.181.244-9618+[2607-f388-101c-1000--371]-9618&noUDP&sock=5651_b1c7_3>
...
000 (298002.007.000) 04/11 13:11:02 Job submitted from host: <144.92.181.244:9618?addrs=144.92.181.244-9618+[2607-f388-101c-1000--371]-9618&noUDP&sock=5651_b1c7_3>
...
000 (298047.007.000) 04/11 13:12:05 Job submitted from host: <144.92.181.244:9618?addrs=144.92.181.244-9618+[2607-f388-101c-1000--371]-9618&noUDP&sock=5651_b1c7_3>
...
001 (297957.007.000) 04/11 13:14:35 Job executing on host: <144.92.180.219:9618?addrs=144.92.180.219-9618+[2607-f388-101c-1000--629]-9618&noUDP&sock=6880_afac_3>
...
006 (297957.007.000) 04/11 13:14:36 Image size of job updated: 1
	0  -  MemoryUsage of job (MB)
	0  -  ResidentSetSize of job (KB)
...
004 (297957.007.000) 04/11 13:14:37 Job was evicted.
	(0) Job terminated and was requeued
		Usr 0 00:00:00, Sys 0 00:00:00  -  Run Remote Usage
		Usr 0 00:00:00, Sys 0 00:00:00  -  Run Local Usage
	377  -  Run Bytes Sent By Job
	287387  -  Run Bytes Received By Job
	(1) Normal termination (return value 127)
	The job attribute OnExitRemove expression '( ExitBySignal == false && ( ExitCode == 0 || ExitCode == 42 || NumJobStarts > 3 ) )' evaluated to FALSE
...
001 (297957.007.000) 04/11 13:16:05 Job executing on host: <144.92.180.210:9618?addrs=144.92.180.210-9618+[2607-f388-101c-1000--629]-9618&noUDP&sock=8059_61d5_3>
...
004 (297957.007.000) 04/11 13:16:06 Job was evicted.
	(0) Job terminated and was requeued
		Usr 0 00:00:00, Sys 0 00:00:00  -  Run Remote Usage
		Usr 0 00:00:00, Sys 0 00:00:00  -  Run Local Usage
	377  -  Run Bytes Sent By Job
	287387  -  Run Bytes Received By Job
	(1) Normal termination (return value 127)
	The job attribute OnExitRemove expression '( ExitBySignal == false && ( ExitCode == 0 || ExitCode == 42 || NumJobStarts > 3 ) )' evaluated to FALSE
...
001 (297957.007.000) 04/11 13:16:39 Job executing on host: <144.92.181.152:9618?addrs=144.92.181.152-9618+[2607-f388-101c-1000--629]-9618&noUDP&sock=9237_6465_3>
...
004 (297957.007.000) 04/11 13:16:41 Job was evicted.
	(0) Job terminated and was requeued
		Usr 0 00:00:00, Sys 0 00:00:00  -  Run Remote Usage
		Usr 0 00:00:00, Sys 0 00:00:00  -  Run Local Usage
	377  -  Run Bytes Sent By Job
	287387  -  Run Bytes Received By Job
	(1) Normal termination (return value 127)
	The job attribute OnExitRemove expression '( ExitBySignal == false && ( ExitCode == 0 || ExitCode == 42 || NumJobStarts > 3 ) )' evaluated to FALSE
...
001 (297957.007.000) 04/11 13:17:20 Job executing on host: <144.92.181.183:9618?addrs=144.92.181.183-9618+[2607-f388-101c-1000--629]-9618&noUDP&sock=8988_9950_3>
...
005 (297957.007.000) 04/11 13:17:22 Job terminated.
	(1) Normal termination (return value 127)
		Usr 0 00:00:00, Sys 0 00:00:00  -  Run Remote Usage
		Usr 0 00:00:00, Sys 0 00:00:00  -  Run Local Usage
		Usr 0 00:00:00, Sys 0 00:00:00  -  Total Remote Usage
		Usr 0 00:00:00, Sys 0 00:00:00  -  Total Local Usage
	376  -  Run Bytes Sent By Job
	287387  -  Run Bytes Received By Job
	1507  -  Total Bytes Sent By Job
	1149548  -  Total Bytes Received By Job
	Partitionable Resources :    Usage  Request Allocated
	   Cpus                 :                 1         1
	   Disk (KB)            :  1000000  2048000   7920798
	   Memory (MB)          :        0     1992      1992
...
001 (298002.007.000) 04/11 13:21:47 Job executing on host: <144.92.180.248:9618?addrs=144.92.180.248-9618+[2607-f388-101c-1000--629]-9618&noUDP&sock=9218_5c18_3>
...
006 (298002.007.000) 04/11 13:21:56 Image size of job updated: 160888
	108  -  MemoryUsage of job (MB)
	110060  -  ResidentSetSize of job (KB)
...
006 (298002.007.000) 04/11 13:41:57 Image size of job updated: 241884
	235  -  MemoryUsage of job (MB)
	239960  -  ResidentSetSize of job (KB)
...
001 (298047.007.000) 04/11 13:43:56 Job executing on host: <144.92.180.175:9618?addrs=144.92.180.175-9618+[2607-f388-101c-1000--629]-9618&noUDP&sock=6834_2250_3>
...
006 (298047.007.000) 04/11 13:44:05 Image size of job updated: 214564
	108  -  MemoryUsage of job (MB)
	110064  -  ResidentSetSize of job (KB)
...
006 (298002.007.000) 04/11 14:01:57 Image size of job updated: 246600
	240  -  MemoryUsage of job (MB)
	244956  -  ResidentSetSize of job (KB)
...
006 (298047.007.000) 04/11 14:04:06 Image size of job updated: 236580
	231  -  MemoryUsage of job (MB)
	236280  -  ResidentSetSize of job (KB)
...
006 (298002.007.000) 04/11 14:21:57 Image size of job updated: 251320
	243  -  MemoryUsage of job (MB)
	248444  -  ResidentSetSize of job (KB)
...
006 (298047.007.000) 04/11 14:24:07 Image size of job updated: 245248
	240  -  MemoryUsage of job (MB)
	245240  -  ResidentSetSize of job (KB)
...
006 (298047.007.000) 04/11 14:44:08 Image size of job updated: 245764
	240  -  MemoryUsage of job (MB)
	245756  -  ResidentSetSize of job (KB)
...
006 (298047.007.000) 04/11 15:04:09 Image size of job updated: 247916
	242  -  MemoryUsage of job (MB)
	246912  -  ResidentSetSize of job (KB)
...
006 (298047.007.000) 04/11 15:24:10 Image size of job updated: 248644
	243  -  MemoryUsage of job (MB)
	247900  -  ResidentSetSize of job (KB)
...
005 (298002.007.000) 04/11 15:26:24 Job terminated.
	(1) Normal termination (return value 0)
		Usr 0 00:17:28, Sys 0 00:00:53  -  Run Remote Usage
		Usr 0 00:00:00, Sys 0 00:00:00  -  Run Local Usage
		Usr 0 00:17:28, Sys 0 00:00:53  -  Total Remote Usage
		Usr 0 00:00:00, Sys 0 00:00:00  -  Total Local Usage
	987301  -  Run Bytes Sent By Job
	287387  -  Run Bytes Received By Job
	987301  -  Total Bytes Sent By Job
	287387  -  Total Bytes Received By Job
	Partitionable Resources :    Usage  Request Allocated
	   Cpus                 :                 1         1
	   Disk (KB)            :  1000000  2048000   7920798
	   Memory (MB)          :      243     1992      1992
...
005 (298047.007.000) 04/11 15:45:22 Job terminated.
	(1) Normal termination (return value 0)
		Usr 0 00:20:31, Sys 0 00:01:03  -  Run Remote Usage
		Usr 0 00:00:00, Sys 0 00:00:00  -  Run Local Usage
		Usr 0 00:20:31, Sys 0 00:01:03  -  Total Remote Usage
		Usr 0 00:00:00, Sys 0 00:00:00  -  Total Local Usage
	987301  -  Run Bytes Sent By Job
	287387  -  Run Bytes Received By Job
	987301  -  Total Bytes Sent By Job
	287387  -  Total Bytes Received By Job
	Partitionable Resources :    Usage  Request Allocated
	   Cpus                 :                 1         1
	   Disk (KB)            :  1000000  2048000   7920692
	   Memory (MB)          :      243     1992      1992
...
