000 (297959.008.000) 04/11 13:09:20 Job submitted from host: <144.92.181.244:9618?addrs=144.92.181.244-9618+[2607-f388-101c-1000--371]-9618&noUDP&sock=5651_b1c7_3>
...
000 (298004.008.000) 04/11 13:11:04 Job submitted from host: <144.92.181.244:9618?addrs=144.92.181.244-9618+[2607-f388-101c-1000--371]-9618&noUDP&sock=5651_b1c7_3>
...
000 (298049.008.000) 04/11 13:12:06 Job submitted from host: <144.92.181.244:9618?addrs=144.92.181.244-9618+[2607-f388-101c-1000--371]-9618&noUDP&sock=5651_b1c7_3>
...
001 (297959.008.000) 04/11 13:16:06 Job executing on host: <144.92.180.167:9618?addrs=144.92.180.167-9618+[2607-f388-101c-1000--629]-9618&noUDP&sock=6821_3795_3>
...
006 (297959.008.000) 04/11 13:16:06 Image size of job updated: 360292
	0  -  MemoryUsage of job (MB)
	0  -  ResidentSetSize of job (KB)
...
004 (297959.008.000) 04/11 13:16:08 Job was evicted.
	(0) Job terminated and was requeued
		Usr 0 00:00:00, Sys 0 00:00:00  -  Run Remote Usage
		Usr 0 00:00:00, Sys 0 00:00:00  -  Run Local Usage
	376  -  Run Bytes Sent By Job
	287387  -  Run Bytes Received By Job
	(1) Normal termination (return value 127)
	The job attribute OnExitRemove expression '( ExitBySignal == false && ( ExitCode == 0 || ExitCode == 42 || NumJobStarts > 3 ) )' evaluated to FALSE
...
001 (297959.008.000) 04/11 13:16:41 Job executing on host: <144.92.180.175:9618?addrs=144.92.180.175-9618+[2607-f388-101c-1000--629]-9618&noUDP&sock=6834_2250_3>
...
004 (297959.008.000) 04/11 13:16:43 Job was evicted.
	(0) Job terminated and was requeued
		Usr 0 00:00:00, Sys 0 00:00:00  -  Run Remote Usage
		Usr 0 00:00:00, Sys 0 00:00:00  -  Run Local Usage
	377  -  Run Bytes Sent By Job
	287387  -  Run Bytes Received By Job
	(1) Normal termination (return value 127)
	The job attribute OnExitRemove expression '( ExitBySignal == false && ( ExitCode == 0 || ExitCode == 42 || NumJobStarts > 3 ) )' evaluated to FALSE
...
001 (297959.008.000) 04/11 13:18:10 Job executing on host: <128.104.227.53:9618?addrs=128.104.227.53-9618+[2607-f388-101c-1000--629]-9618&noUDP&sock=9394_14c4_3>
...
004 (297959.008.000) 04/11 13:18:13 Job was evicted.
	(0) Job terminated and was requeued
		Usr 0 00:00:00, Sys 0 00:00:00  -  Run Remote Usage
		Usr 0 00:00:00, Sys 0 00:00:00  -  Run Local Usage
	377  -  Run Bytes Sent By Job
	287387  -  Run Bytes Received By Job
	(1) Normal termination (return value 127)
	The job attribute OnExitRemove expression '( ExitBySignal == false && ( ExitCode == 0 || ExitCode == 42 || NumJobStarts > 3 ) )' evaluated to FALSE
...
001 (297959.008.000) 04/11 13:18:34 Job executing on host: <144.92.181.183:9618?addrs=144.92.181.183-9618+[2607-f388-101c-1000--629]-9618&noUDP&sock=8988_9950_3>
...
005 (297959.008.000) 04/11 13:18:35 Job terminated.
	(1) Normal termination (return value 127)
		Usr 0 00:00:00, Sys 0 00:00:00  -  Run Remote Usage
		Usr 0 00:00:00, Sys 0 00:00:00  -  Run Local Usage
		Usr 0 00:00:00, Sys 0 00:00:00  -  Total Remote Usage
		Usr 0 00:00:00, Sys 0 00:00:00  -  Total Local Usage
	376  -  Run Bytes Sent By Job
	287387  -  Run Bytes Received By Job
	1506  -  Total Bytes Sent By Job
	1149548  -  Total Bytes Received By Job
	Partitionable Resources :    Usage  Request Allocated
	   Cpus                 :                 1         1
	   Disk (KB)            :  1000000  2048000   7920798
	   Memory (MB)          :        0     1992      1992
...
001 (298004.008.000) 04/11 13:21:58 Job executing on host: <144.92.180.169:9618?addrs=144.92.180.169-9618+[2607-f388-101c-1000--629]-9618&noUDP&sock=13468_8199_3>
...
006 (298004.008.000) 04/11 13:22:06 Image size of job updated: 214876
	108  -  MemoryUsage of job (MB)
	110216  -  ResidentSetSize of job (KB)
...
006 (298004.008.000) 04/11 13:42:06 Image size of job updated: 251072
	229  -  MemoryUsage of job (MB)
	233880  -  ResidentSetSize of job (KB)
...
001 (298049.008.000) 04/11 13:46:32 Job executing on host: <128.104.227.104:9618?addrs=128.104.227.104-9618+[2607-f388-101c-1000--53]-9618&noUDP&sock=11078_2a40_3>
...
006 (298049.008.000) 04/11 13:46:40 Image size of job updated: 173064
	107  -  MemoryUsage of job (MB)
	108988  -  ResidentSetSize of job (KB)
...
006 (298004.008.000) 04/11 14:02:06 Image size of job updated: 253756
	231  -  MemoryUsage of job (MB)
	236520  -  ResidentSetSize of job (KB)
...
006 (298049.008.000) 04/11 14:06:40 Image size of job updated: 236976
	230  -  MemoryUsage of job (MB)
	234964  -  ResidentSetSize of job (KB)
...
006 (298004.008.000) 04/11 14:42:06 Image size of job updated: 253756
	232  -  MemoryUsage of job (MB)
	237320  -  ResidentSetSize of job (KB)
...
006 (298049.008.000) 04/11 14:46:41 Image size of job updated: 239012
	232  -  MemoryUsage of job (MB)
	237000  -  ResidentSetSize of job (KB)
...
006 (298049.008.000) 04/11 15:06:42 Image size of job updated: 240736
	234  -  MemoryUsage of job (MB)
	238668  -  ResidentSetSize of job (KB)
...
006 (298004.008.000) 04/11 15:22:06 Image size of job updated: 253756
	232  -  MemoryUsage of job (MB)
	237356  -  ResidentSetSize of job (KB)
...
005 (298004.008.000) 04/11 15:52:50 Job terminated.
	(1) Normal termination (return value 0)
		Usr 0 00:24:46, Sys 0 00:01:15  -  Run Remote Usage
		Usr 0 00:00:00, Sys 0 00:00:00  -  Run Local Usage
		Usr 0 00:24:46, Sys 0 00:01:15  -  Total Remote Usage
		Usr 0 00:00:00, Sys 0 00:00:00  -  Total Local Usage
	1055117  -  Run Bytes Sent By Job
	287387  -  Run Bytes Received By Job
	1055117  -  Total Bytes Sent By Job
	287387  -  Total Bytes Received By Job
	Partitionable Resources :    Usage  Request Allocated
	   Cpus                 :                 1         1
	   Disk (KB)            :  1000000  2048000   7920702
	   Memory (MB)          :      232     1992      1992
...
005 (298049.008.000) 04/11 16:13:03 Job terminated.
	(1) Normal termination (return value 0)
		Usr 0 00:23:15, Sys 0 00:01:08  -  Run Remote Usage
		Usr 0 00:00:00, Sys 0 00:00:00  -  Run Local Usage
		Usr 0 00:23:15, Sys 0 00:01:08  -  Total Remote Usage
		Usr 0 00:00:00, Sys 0 00:00:00  -  Total Local Usage
	1055117  -  Run Bytes Sent By Job
	287387  -  Run Bytes Received By Job
	1055117  -  Total Bytes Sent By Job
	287387  -  Total Bytes Received By Job
	Partitionable Resources :    Usage  Request Allocated
	   Cpus                 :                 1         1
	   Disk (KB)            :  1000000  2048000   9504872
	   Memory (MB)          :      234     1992      1992
...
