000 (690059.004.000) 07/11 07:30:42 Job submitted from host: <144.92.181.245:9618?addrs=144.92.181.245-9618+[2607-f388-101c-1000--372]-9618&noUDP&sock=6179_dbc8_3>
...
001 (690059.004.000) 07/11 08:25:09 Job executing on host: <128.104.227.82:9618?addrs=128.104.227.82-9618+[2607-f388-101c-1000--629]-9618&noUDP&sock=11748_bab4_3>
...
006 (690059.004.000) 07/11 08:25:18 Image size of job updated: 224380
	106  -  MemoryUsage of job (MB)
	107928  -  ResidentSetSize of job (KB)
...
005 (690059.004.000) 07/11 08:38:37 Job terminated.
	(1) Normal termination (return value 0)
		Usr 0 00:01:59, Sys 0 00:00:07  -  Run Remote Usage
		Usr 0 00:00:00, Sys 0 00:00:00  -  Run Local Usage
		Usr 0 00:01:59, Sys 0 00:00:07  -  Total Remote Usage
		Usr 0 00:00:00, Sys 0 00:00:00  -  Total Local Usage
	327431  -  Run Bytes Sent By Job
	302156  -  Run Bytes Received By Job
	327431  -  Total Bytes Sent By Job
	302156  -  Total Bytes Received By Job
	Partitionable Resources :    Usage  Request Allocated
	   Cpus                 :                 1         1
	   Disk (KB)            :  1000000  2048000   9503085
	   Memory (MB)          :      106     1992      1992
...
