000 (1262521.001.000) 07/25 12:33:21 Job submitted from host: <144.92.180.28:9618?addrs=144.92.180.28-9618+[2607-f388-101c-1000--370]-9618&noUDP&sock=5187_6dd5_82>
...
001 (1262521.001.000) 07/25 12:59:04 Job executing on host: <144.92.180.165:9618?addrs=144.92.180.165-9618+[2607-f388-101c-1000--629]-9618&noUDP&sock=7628_c083_3>
...
006 (1262521.001.000) 07/25 12:59:13 Image size of job updated: 225264
	106  -  MemoryUsage of job (MB)
	108460  -  ResidentSetSize of job (KB)
...
005 (1262521.001.000) 07/25 13:04:08 Job terminated.
	(1) Normal termination (return value 0)
		Usr 0 00:00:55, Sys 0 00:00:05  -  Run Remote Usage
		Usr 0 00:00:00, Sys 0 00:00:00  -  Run Local Usage
		Usr 0 00:00:55, Sys 0 00:00:05  -  Total Remote Usage
		Usr 0 00:00:00, Sys 0 00:00:00  -  Total Local Usage
	401480  -  Run Bytes Sent By Job
	283691  -  Run Bytes Received By Job
	401480  -  Total Bytes Sent By Job
	283691  -  Total Bytes Received By Job
	Partitionable Resources :    Usage  Request Allocated
	   Cpus                 :                 1         1
	   Disk (KB)            :  1000000  2048000   7918386
	   Memory (MB)          :      106     1992      1992
...
