000 (695952.004.000) 07/12 06:41:39 Job submitted from host: <144.92.181.245:9618?addrs=144.92.181.245-9618+[2607-f388-101c-1000--372]-9618&noUDP&sock=6179_dbc8_3>
...
001 (695952.004.000) 07/12 08:04:01 Job executing on host: <144.92.180.77:9618?addrs=144.92.180.77-9618+[2607-f388-101c-1000--629]-9618&noUDP&sock=7678_0c3f_3>
...
006 (695952.004.000) 07/12 08:04:10 Image size of job updated: 216472
	106  -  MemoryUsage of job (MB)
	108152  -  ResidentSetSize of job (KB)
...
006 (695952.004.000) 07/12 08:24:11 Image size of job updated: 297524
	291  -  MemoryUsage of job (MB)
	297344  -  ResidentSetSize of job (KB)
...
005 (695952.004.000) 07/12 08:24:29 Job terminated.
	(1) Normal termination (return value 0)
		Usr 0 00:01:49, Sys 0 00:00:06  -  Run Remote Usage
		Usr 0 00:00:00, Sys 0 00:00:00  -  Run Local Usage
		Usr 0 00:01:49, Sys 0 00:00:06  -  Total Remote Usage
		Usr 0 00:00:00, Sys 0 00:00:00  -  Total Local Usage
	219688  -  Run Bytes Sent By Job
	281287  -  Run Bytes Received By Job
	219688  -  Total Bytes Sent By Job
	281287  -  Total Bytes Received By Job
	Partitionable Resources :    Usage  Request Allocated
	   Cpus                 :                 1         1
	   Disk (KB)            :  1000000  2048000   7918691
	   Memory (MB)          :      291     1992      1992
...
