000 (690078.009.000) 07/11 07:31:14 Job submitted from host: <144.92.181.245:9618?addrs=144.92.181.245-9618+[2607-f388-101c-1000--372]-9618&noUDP&sock=6179_dbc8_3>
...
001 (690078.009.000) 07/11 08:50:04 Job executing on host: <144.92.181.75:9618?addrs=144.92.181.75-9618+[2607-f388-101c-1000--629]-9618&noUDP&sock=7091_6a27_3>
...
006 (690078.009.000) 07/11 08:50:13 Image size of job updated: 67492
	23  -  MemoryUsage of job (MB)
	23440  -  ResidentSetSize of job (KB)
...
006 (690078.009.000) 07/11 09:10:14 Image size of job updated: 242656
	236  -  MemoryUsage of job (MB)
	240888  -  ResidentSetSize of job (KB)
...
005 (690078.009.000) 07/11 09:10:33 Job terminated.
	(1) Normal termination (return value 0)
		Usr 0 00:04:29, Sys 0 00:00:17  -  Run Remote Usage
		Usr 0 00:00:00, Sys 0 00:00:00  -  Run Local Usage
		Usr 0 00:04:29, Sys 0 00:00:17  -  Total Remote Usage
		Usr 0 00:00:00, Sys 0 00:00:00  -  Total Local Usage
	340725  -  Run Bytes Sent By Job
	302156  -  Run Bytes Received By Job
	340725  -  Total Bytes Sent By Job
	302156  -  Total Bytes Received By Job
	Partitionable Resources :    Usage  Request Allocated
	   Cpus                 :                 1         1
	   Disk (KB)            :  1000000  2048000   4749881
	   Memory (MB)          :      236     1992      1992
...
