000 (696044.011.000) 07/12 06:43:52 Job submitted from host: <144.92.181.245:9618?addrs=144.92.181.245-9618+[2607-f388-101c-1000--372]-9618&noUDP&sock=6179_dbc8_3>
...
001 (695047.011.000) 07/12 07:42:38 Job executing on host: <128.104.227.51:9618?addrs=128.104.227.51-9618+[2607-f388-101c-1000--629]-9618&noUDP&sock=10396_5ea9_3>
...
006 (695047.011.000) 07/12 07:42:47 Image size of job updated: 109536
	106  -  MemoryUsage of job (MB)
	108440  -  ResidentSetSize of job (KB)
...
006 (695047.011.000) 07/12 08:02:48 Image size of job updated: 258880
	253  -  MemoryUsage of job (MB)
	258880  -  ResidentSetSize of job (KB)
...
006 (695047.011.000) 07/12 08:06:16 Image size of job updated: 259284
	253  -  MemoryUsage of job (MB)
	258880  -  ResidentSetSize of job (KB)
...
005 (695047.011.000) 07/12 08:06:17 Job terminated.
	(1) Normal termination (return value 0)
		Usr 0 00:02:16, Sys 0 00:00:07  -  Run Remote Usage
		Usr 0 00:00:00, Sys 0 00:00:00  -  Run Local Usage
		Usr 0 00:02:16, Sys 0 00:00:07  -  Total Remote Usage
		Usr 0 00:00:00, Sys 0 00:00:00  -  Total Local Usage
	315739  -  Run Bytes Sent By Job
	281287  -  Run Bytes Received By Job
	315739  -  Total Bytes Sent By Job
	281287  -  Total Bytes Received By Job
	Partitionable Resources :    Usage  Request Allocated
	   Cpus                 :                 1         1
	   Disk (KB)            :  1000000  2048000   9501265
	   Memory (MB)          :      253     1992      1992
...
001 (696044.011.000) 07/12 08:40:07 Job executing on host: <144.92.180.134:9618?addrs=144.92.180.134-9618+[2607-f388-101c-1000--629]-9618&noUDP&sock=10094_390f_3>
...
006 (696044.011.000) 07/12 08:40:15 Image size of job updated: 110420
	53  -  MemoryUsage of job (MB)
	53440  -  ResidentSetSize of job (KB)
...
006 (696044.011.000) 07/12 09:00:16 Image size of job updated: 260064
	254  -  MemoryUsage of job (MB)
	260064  -  ResidentSetSize of job (KB)
...
006 (696044.011.000) 07/12 09:06:50 Image size of job updated: 502412
	254  -  MemoryUsage of job (MB)
	260064  -  ResidentSetSize of job (KB)
...
005 (696044.011.000) 07/12 09:06:52 Job terminated.
	(1) Normal termination (return value 0)
		Usr 0 00:02:19, Sys 0 00:00:08  -  Run Remote Usage
		Usr 0 00:00:00, Sys 0 00:00:00  -  Run Local Usage
		Usr 0 00:02:19, Sys 0 00:00:08  -  Total Remote Usage
		Usr 0 00:00:00, Sys 0 00:00:00  -  Total Local Usage
	315739  -  Run Bytes Sent By Job
	281287  -  Run Bytes Received By Job
	315739  -  Total Bytes Sent By Job
	281287  -  Total Bytes Received By Job
	Partitionable Resources :    Usage  Request Allocated
	   Cpus                 :                 1         1
	   Disk (KB)            :  1000000  2048000   7918298
	   Memory (MB)          :      254     1992      1992
...
