000 (696044.001.000) 07/12 06:43:52 Job submitted from host: <144.92.181.245:9618?addrs=144.92.181.245-9618+[2607-f388-101c-1000--372]-9618&noUDP&sock=6179_dbc8_3>
...
001 (695047.001.000) 07/12 07:42:33 Job executing on host: <128.104.227.22:9618?addrs=128.104.227.22-9618+[2607-f388-101c-1000--629]-9618&noUDP&sock=10298_2661_3>
...
006 (695047.001.000) 07/12 07:42:42 Image size of job updated: 109448
	106  -  MemoryUsage of job (MB)
	108424  -  ResidentSetSize of job (KB)
...
006 (695047.001.000) 07/12 08:02:43 Image size of job updated: 257232
	251  -  MemoryUsage of job (MB)
	256996  -  ResidentSetSize of job (KB)
...
006 (695047.001.000) 07/12 08:16:19 Image size of job updated: 262160
	251  -  MemoryUsage of job (MB)
	256996  -  ResidentSetSize of job (KB)
...
005 (695047.001.000) 07/12 08:16:19 Job terminated.
	(1) Normal termination (return value 0)
		Usr 0 00:02:01, Sys 0 00:00:07  -  Run Remote Usage
		Usr 0 00:00:00, Sys 0 00:00:00  -  Run Local Usage
		Usr 0 00:02:01, Sys 0 00:00:07  -  Total Remote Usage
		Usr 0 00:00:00, Sys 0 00:00:00  -  Total Local Usage
	312863  -  Run Bytes Sent By Job
	281287  -  Run Bytes Received By Job
	312863  -  Total Bytes Sent By Job
	281287  -  Total Bytes Received By Job
	Partitionable Resources :    Usage  Request Allocated
	   Cpus                 :                 1         1
	   Disk (KB)            :  1000000  2048000   9500771
	   Memory (MB)          :      251     1992      1992
...
001 (696044.001.000) 07/12 08:40:06 Job executing on host: <144.92.180.134:9618?addrs=144.92.180.134-9618+[2607-f388-101c-1000--629]-9618&noUDP&sock=10094_390f_3>
...
006 (696044.001.000) 07/12 08:40:15 Image size of job updated: 112144
	53  -  MemoryUsage of job (MB)
	53372  -  ResidentSetSize of job (KB)
...
006 (696044.001.000) 07/12 09:00:15 Image size of job updated: 258100
	252  -  MemoryUsage of job (MB)
	257036  -  ResidentSetSize of job (KB)
...
005 (696044.001.000) 07/12 09:03:41 Job terminated.
	(1) Normal termination (return value 0)
		Usr 0 00:02:00, Sys 0 00:00:06  -  Run Remote Usage
		Usr 0 00:00:00, Sys 0 00:00:00  -  Run Local Usage
		Usr 0 00:02:00, Sys 0 00:00:06  -  Total Remote Usage
		Usr 0 00:00:00, Sys 0 00:00:00  -  Total Local Usage
	312863  -  Run Bytes Sent By Job
	281287  -  Run Bytes Received By Job
	312863  -  Total Bytes Sent By Job
	281287  -  Total Bytes Received By Job
	Partitionable Resources :    Usage  Request Allocated
	   Cpus                 :                 1         1
	   Disk (KB)            :  1000000  2048000   7918298
	   Memory (MB)          :      252     1992      1992
...
