000 (696044.002.000) 07/12 06:43:52 Job submitted from host: <144.92.181.245:9618?addrs=144.92.181.245-9618+[2607-f388-101c-1000--372]-9618&noUDP&sock=6179_dbc8_3>
...
001 (695047.002.000) 07/12 07:42:34 Job executing on host: <128.104.227.24:9618?addrs=128.104.227.24-9618+[2607-f388-101c-1000--629]-9618&noUDP&sock=10309_b1ec_3>
...
006 (695047.002.000) 07/12 07:42:42 Image size of job updated: 109608
	106  -  MemoryUsage of job (MB)
	108420  -  ResidentSetSize of job (KB)
...
006 (695047.002.000) 07/12 08:02:42 Image size of job updated: 258752
	253  -  MemoryUsage of job (MB)
	258548  -  ResidentSetSize of job (KB)
...
006 (695047.002.000) 07/12 08:05:53 Image size of job updated: 262768
	253  -  MemoryUsage of job (MB)
	258548  -  ResidentSetSize of job (KB)
...
005 (695047.002.000) 07/12 08:05:54 Job terminated.
	(1) Normal termination (return value 0)
		Usr 0 00:02:02, Sys 0 00:00:07  -  Run Remote Usage
		Usr 0 00:00:00, Sys 0 00:00:00  -  Run Local Usage
		Usr 0 00:02:02, Sys 0 00:00:07  -  Total Remote Usage
		Usr 0 00:00:00, Sys 0 00:00:00  -  Total Local Usage
	312482  -  Run Bytes Sent By Job
	281287  -  Run Bytes Received By Job
	312482  -  Total Bytes Sent By Job
	281287  -  Total Bytes Received By Job
	Partitionable Resources :    Usage  Request Allocated
	   Cpus                 :                 1         1
	   Disk (KB)            :  1000000  2048000   9499870
	   Memory (MB)          :      253     1992      1992
...
001 (696044.002.000) 07/12 08:40:06 Job executing on host: <144.92.180.82:9618?addrs=144.92.180.82-9618+[2607-f388-101c-1000--629]-9618&noUDP&sock=6973_79fb_3>
...
006 (696044.002.000) 07/12 08:40:15 Image size of job updated: 170976
	53  -  MemoryUsage of job (MB)
	53564  -  ResidentSetSize of job (KB)
...
006 (696044.002.000) 07/12 09:00:16 Image size of job updated: 260188
	253  -  MemoryUsage of job (MB)
	258608  -  ResidentSetSize of job (KB)
...
005 (696044.002.000) 07/12 09:02:34 Job terminated.
	(1) Normal termination (return value 0)
		Usr 0 00:04:42, Sys 0 00:00:15  -  Run Remote Usage
		Usr 0 00:00:00, Sys 0 00:00:00  -  Run Local Usage
		Usr 0 00:04:42, Sys 0 00:00:15  -  Total Remote Usage
		Usr 0 00:00:00, Sys 0 00:00:00  -  Total Local Usage
	533761  -  Run Bytes Sent By Job
	281287  -  Run Bytes Received By Job
	533761  -  Total Bytes Sent By Job
	281287  -  Total Bytes Received By Job
	Partitionable Resources :    Usage  Request Allocated
	   Cpus                 :                 1         1
	   Disk (KB)            :  1000000  2048000   4750867
	   Memory (MB)          :      253     1992      1992
...
