000 (696044.005.000) 07/12 06:43:52 Job submitted from host: <144.92.181.245:9618?addrs=144.92.181.245-9618+[2607-f388-101c-1000--372]-9618&noUDP&sock=6179_dbc8_3>
...
001 (695047.005.000) 07/12 07:42:34 Job executing on host: <128.104.227.39:9618?addrs=128.104.227.39-9618+[2607-f388-101c-1000--629]-9618&noUDP&sock=10345_6355_3>
...
006 (695047.005.000) 07/12 07:42:43 Image size of job updated: 109908
	106  -  MemoryUsage of job (MB)
	108432  -  ResidentSetSize of job (KB)
...
006 (695047.005.000) 07/12 08:02:44 Image size of job updated: 256636
	251  -  MemoryUsage of job (MB)
	256636  -  ResidentSetSize of job (KB)
...
005 (695047.005.000) 07/12 08:06:00 Job terminated.
	(1) Normal termination (return value 0)
		Usr 0 00:01:50, Sys 0 00:00:07  -  Run Remote Usage
		Usr 0 00:00:00, Sys 0 00:00:00  -  Run Local Usage
		Usr 0 00:01:50, Sys 0 00:00:07  -  Total Remote Usage
		Usr 0 00:00:00, Sys 0 00:00:00  -  Total Local Usage
	312911  -  Run Bytes Sent By Job
	281287  -  Run Bytes Received By Job
	312911  -  Total Bytes Sent By Job
	281287  -  Total Bytes Received By Job
	Partitionable Resources :    Usage  Request Allocated
	   Cpus                 :                 1         1
	   Disk (KB)            :  1000000  2048000   9500277
	   Memory (MB)          :      251     1992      1992
...
001 (696044.005.000) 07/12 08:40:06 Job executing on host: <144.92.181.241:9618?addrs=144.92.181.241-9618+[2607-f388-101c-1000--217]-9618&noUDP&sock=6978_e7f4_3>
...
006 (696044.005.000) 07/12 08:40:15 Image size of job updated: 170444
	53  -  MemoryUsage of job (MB)
	53340  -  ResidentSetSize of job (KB)
...
006 (696044.005.000) 07/12 09:00:15 Image size of job updated: 253500
	247  -  MemoryUsage of job (MB)
	252604  -  ResidentSetSize of job (KB)
...
005 (696044.005.000) 07/12 09:04:45 Job terminated.
	(1) Normal termination (return value 0)
		Usr 0 00:04:45, Sys 0 00:00:16  -  Run Remote Usage
		Usr 0 00:00:00, Sys 0 00:00:00  -  Run Local Usage
		Usr 0 00:04:45, Sys 0 00:00:16  -  Total Remote Usage
		Usr 0 00:00:00, Sys 0 00:00:00  -  Total Local Usage
	535708  -  Run Bytes Sent By Job
	281287  -  Run Bytes Received By Job
	535708  -  Total Bytes Sent By Job
	281287  -  Total Bytes Received By Job
	Partitionable Resources :    Usage  Request Allocated
	   Cpus                 :                 1         1
	   Disk (KB)            :  1000000  2048000   4750246
	   Memory (MB)          :      247     1992      1992
...
