000 (691414.005.000) 07/11 11:26:06 Job submitted from host: <144.92.181.245:9618?addrs=144.92.181.245-9618+[2607-f388-101c-1000--372]-9618&noUDP&sock=6179_dbc8_3>
...
001 (691414.005.000) 07/11 11:44:01 Job executing on host: <144.92.181.169:9618?addrs=144.92.181.169-9618+[2607-f388-101c-1000--127]-9618&noUDP&sock=4935_93f7_3>
...
006 (691414.005.000) 07/11 11:44:09 Image size of job updated: 217236
	106  -  MemoryUsage of job (MB)
	108100  -  ResidentSetSize of job (KB)
...
006 (691414.005.000) 07/11 11:54:43 Image size of job updated: 280652
	106  -  MemoryUsage of job (MB)
	108100  -  ResidentSetSize of job (KB)
...
005 (691414.005.000) 07/11 11:54:44 Job terminated.
	(1) Normal termination (return value 0)
		Usr 0 00:01:06, Sys 0 00:00:07  -  Run Remote Usage
		Usr 0 00:00:00, Sys 0 00:00:00  -  Run Local Usage
		Usr 0 00:01:06, Sys 0 00:00:07  -  Total Remote Usage
		Usr 0 00:00:00, Sys 0 00:00:00  -  Total Local Usage
	505739  -  Run Bytes Sent By Job
	306644  -  Run Bytes Received By Job
	505739  -  Total Bytes Sent By Job
	306644  -  Total Bytes Received By Job
	Partitionable Resources :    Usage  Request Allocated
	   Cpus                 :                 1         1
	   Disk (KB)            :  1000000  2048000   3163812
	   Memory (MB)          :      106     1992      1992
...
