000 (691455.008.000) 07/11 11:27:07 Job submitted from host: <144.92.181.245:9618?addrs=144.92.181.245-9618+[2607-f388-101c-1000--372]-9618&noUDP&sock=6179_dbc8_3>
...
001 (691455.008.000) 07/11 11:55:19 Job executing on host: <128.104.227.68:9618?addrs=128.104.227.68-9618+[2607-f388-101c-1000--629]-9618&noUDP&sock=10333_2832_3>
...
006 (691455.008.000) 07/11 11:55:27 Image size of job updated: 217476
	106  -  MemoryUsage of job (MB)
	108384  -  ResidentSetSize of job (KB)
...
006 (691455.008.000) 07/11 12:15:27 Image size of job updated: 241456
	236  -  MemoryUsage of job (MB)
	241456  -  ResidentSetSize of job (KB)
...
006 (691455.008.000) 07/11 12:22:51 Image size of job updated: 241716
	236  -  MemoryUsage of job (MB)
	241456  -  ResidentSetSize of job (KB)
...
005 (691455.008.000) 07/11 12:22:52 Job terminated.
	(1) Normal termination (return value 0)
		Usr 0 00:02:34, Sys 0 00:00:07  -  Run Remote Usage
		Usr 0 00:00:00, Sys 0 00:00:00  -  Run Local Usage
		Usr 0 00:02:34, Sys 0 00:00:07  -  Total Remote Usage
		Usr 0 00:00:00, Sys 0 00:00:00  -  Total Local Usage
	365439  -  Run Bytes Sent By Job
	306644  -  Run Bytes Received By Job
	365439  -  Total Bytes Sent By Job
	306644  -  Total Bytes Received By Job
	Partitionable Resources :    Usage  Request Allocated
	   Cpus                 :                 1         1
	   Disk (KB)            :  1000000  2048000   9501062
	   Memory (MB)          :      236     1992      1992
...
