000 (1262598.003.000) 07/25 12:34:20 Job submitted from host: <144.92.180.28:9618?addrs=144.92.180.28-9618+[2607-f388-101c-1000--370]-9618&noUDP&sock=5187_6dd5_82>
...
001 (1262598.003.000) 07/25 14:06:30 Job executing on host: <144.92.180.164:9618?addrs=144.92.180.164-9618+[2607-f388-101c-1000--629]-9618&noUDP&sock=7723_ea02_3>
...
006 (1262598.003.000) 07/25 14:06:38 Image size of job updated: 226408
	106  -  MemoryUsage of job (MB)
	108484  -  ResidentSetSize of job (KB)
...
005 (1262598.003.000) 07/25 14:19:50 Job terminated.
	(1) Normal termination (return value 0)
		Usr 0 00:01:56, Sys 0 00:00:10  -  Run Remote Usage
		Usr 0 00:00:00, Sys 0 00:00:00  -  Run Local Usage
		Usr 0 00:01:56, Sys 0 00:00:10  -  Total Remote Usage
		Usr 0 00:00:00, Sys 0 00:00:00  -  Total Local Usage
	331930  -  Run Bytes Sent By Job
	283691  -  Run Bytes Received By Job
	331930  -  Total Bytes Sent By Job
	283691  -  Total Bytes Received By Job
	Partitionable Resources :    Usage  Request Allocated
	   Cpus                 :                 1         1
	   Disk (KB)            :  1000000  2048000   7918298
	   Memory (MB)          :      106     1992      1992
...
