000 (691524.000.000) 07/11 11:28:35 Job submitted from host: <144.92.181.245:9618?addrs=144.92.181.245-9618+[2607-f388-101c-1000--372]-9618&noUDP&sock=6179_dbc8_3>
...
001 (691524.000.000) 07/11 12:23:52 Job executing on host: <144.92.180.102:9618?addrs=144.92.180.102-9618+[2607-f388-101c-1000--629]-9618&noUDP&sock=7113_813d_3>
...
006 (691524.000.000) 07/11 12:24:01 Image size of job updated: 216344
	106  -  MemoryUsage of job (MB)
	108140  -  ResidentSetSize of job (KB)
...
006 (691524.000.000) 07/11 12:44:02 Image size of job updated: 281632
	238  -  MemoryUsage of job (MB)
	243196  -  ResidentSetSize of job (KB)
...
005 (691524.000.000) 07/11 12:45:24 Job terminated.
	(1) Normal termination (return value 0)
		Usr 0 00:04:06, Sys 0 00:00:13  -  Run Remote Usage
		Usr 0 00:00:00, Sys 0 00:00:00  -  Run Local Usage
		Usr 0 00:04:06, Sys 0 00:00:13  -  Total Remote Usage
		Usr 0 00:00:00, Sys 0 00:00:00  -  Total Local Usage
	221501  -  Run Bytes Sent By Job
	306644  -  Run Bytes Received By Job
	221501  -  Total Bytes Sent By Job
	306644  -  Total Bytes Received By Job
	Partitionable Resources :    Usage  Request Allocated
	   Cpus                 :                 1         1
	   Disk (KB)            :  1000000  2048000   4749902
	   Memory (MB)          :      238     1992      1992
...
