000 (696009.010.000) 07/12 06:43:01 Job submitted from host: <144.92.181.245:9618?addrs=144.92.181.245-9618+[2607-f388-101c-1000--372]-9618&noUDP&sock=6179_dbc8_3>
...
001 (696009.010.000) 07/12 08:24:31 Job executing on host: <144.92.180.77:9618?addrs=144.92.180.77-9618+[2607-f388-101c-1000--629]-9618&noUDP&sock=7678_0c3f_3>
...
006 (696009.010.000) 07/12 08:24:39 Image size of job updated: 215008
	105  -  MemoryUsage of job (MB)
	107236  -  ResidentSetSize of job (KB)
...
006 (696009.010.000) 07/12 08:44:39 Image size of job updated: 242972
	238  -  MemoryUsage of job (MB)
	242972  -  ResidentSetSize of job (KB)
...
005 (696009.010.000) 07/12 08:55:22 Job terminated.
	(1) Normal termination (return value 0)
		Usr 0 00:02:18, Sys 0 00:00:08  -  Run Remote Usage
		Usr 0 00:00:00, Sys 0 00:00:00  -  Run Local Usage
		Usr 0 00:02:18, Sys 0 00:00:08  -  Total Remote Usage
		Usr 0 00:00:00, Sys 0 00:00:00  -  Total Local Usage
	367689  -  Run Bytes Sent By Job
	281287  -  Run Bytes Received By Job
	367689  -  Total Bytes Sent By Job
	281287  -  Total Bytes Received By Job
	Partitionable Resources :    Usage  Request Allocated
	   Cpus                 :                 1         1
	   Disk (KB)            :  1000000  2048000   7918691
	   Memory (MB)          :      238     1992      1992
...
