000 (696009.007.000) 07/12 06:43:01 Job submitted from host: <144.92.181.245:9618?addrs=144.92.181.245-9618+[2607-f388-101c-1000--372]-9618&noUDP&sock=6179_dbc8_3>
...
001 (696009.007.000) 07/12 08:24:25 Job executing on host: <144.92.180.200:9618?addrs=144.92.180.200-9618+[2607-f388-101c-1000--629]-9618&noUDP&sock=8749_aa2e_3>
...
006 (696009.007.000) 07/12 08:24:34 Image size of job updated: 160012
	43  -  MemoryUsage of job (MB)
	43956  -  ResidentSetSize of job (KB)
...
006 (696009.007.000) 07/12 08:44:35 Image size of job updated: 242132
	236  -  MemoryUsage of job (MB)
	241556  -  ResidentSetSize of job (KB)
...
006 (696009.007.000) 07/12 09:03:49 Image size of job updated: 243656
	236  -  MemoryUsage of job (MB)
	241556  -  ResidentSetSize of job (KB)
...
005 (696009.007.000) 07/12 09:03:50 Job terminated.
	(1) Normal termination (return value 0)
		Usr 0 00:03:12, Sys 0 00:00:21  -  Run Remote Usage
		Usr 0 00:00:00, Sys 0 00:00:00  -  Run Local Usage
		Usr 0 00:03:12, Sys 0 00:00:21  -  Total Remote Usage
		Usr 0 00:00:00, Sys 0 00:00:00  -  Total Local Usage
	366979  -  Run Bytes Sent By Job
	281287  -  Run Bytes Received By Job
	366979  -  Total Bytes Sent By Job
	281287  -  Total Bytes Received By Job
	Partitionable Resources :    Usage  Request Allocated
	   Cpus                 :                 1         1
	   Disk (KB)            :  1000000  2048000   4750503
	   Memory (MB)          :      236     1992      1992
...
