000 (690115.007.000) 07/11 07:32:12 Job submitted from host: <144.92.181.245:9618?addrs=144.92.181.245-9618+[2607-f388-101c-1000--372]-9618&noUDP&sock=6179_dbc8_3>
...
001 (690115.007.000) 07/11 09:29:04 Job executing on host: <144.92.181.221:9618?addrs=144.92.181.221-9618+[2607-f388-101c-1000--629]-9618&noUDP&sock=6679_d123_3>
...
006 (690115.007.000) 07/11 09:29:13 Image size of job updated: 226120
	106  -  MemoryUsage of job (MB)
	107832  -  ResidentSetSize of job (KB)
...
005 (690115.007.000) 07/11 09:45:53 Job terminated.
	(1) Normal termination (return value 0)
		Usr 0 00:04:08, Sys 0 00:00:12  -  Run Remote Usage
		Usr 0 00:00:00, Sys 0 00:00:00  -  Run Local Usage
		Usr 0 00:04:08, Sys 0 00:00:12  -  Total Remote Usage
		Usr 0 00:00:00, Sys 0 00:00:00  -  Total Local Usage
	324356  -  Run Bytes Sent By Job
	302156  -  Run Bytes Received By Job
	324356  -  Total Bytes Sent By Job
	302156  -  Total Bytes Received By Job
	Partitionable Resources :    Usage  Request Allocated
	   Cpus                 :                 1         1
	   Disk (KB)            :  1000000  2048000   3166803
	   Memory (MB)          :      106     1992      1992
...
