file path found: /hdfs/store/user/varuns/Run2018D_Prompt/EGamma/crab_job_EGamma2018Dv2_3v2/190529_223037/0005/Data_EGamma2018Dv2_3v2_5007.root
name: Data_EGamma2018Dv2_3v2_5007.root
filenumber: 0
file path found: /hdfs/store/user/varuns/Run2018D_Prompt/EGamma/crab_job_EGamma2018Dv2_3v2/190529_223037/0005/Data_EGamma2018Dv2_3v2_5009.root
name: Data_EGamma2018Dv2_3v2_5009.root
filenumber: 1
file path found: /hdfs/store/user/varuns/Run2018D_Prompt/EGamma/crab_job_EGamma2018Dv2_3v2/190529_223037/0005/Data_EGamma2018Dv2_3v2_5010.root
name: Data_EGamma2018Dv2_3v2_5010.root
filenumber: 2
file path found: /hdfs/store/user/varuns/Run2018D_Prompt/EGamma/crab_job_EGamma2018Dv2_3v2/190529_223037/0005/Data_EGamma2018Dv2_3v2_5012.root
name: Data_EGamma2018Dv2_3v2_5012.root
filenumber: 3
file path found: /hdfs/store/user/varuns/Run2018D_Prompt/EGamma/crab_job_EGamma2018Dv2_3v2/190529_223037/0005/Data_EGamma2018Dv2_3v2_5014.root
name: Data_EGamma2018Dv2_3v2_5014.root
filenumber: 4
file path found: /hdfs/store/user/varuns/Run2018D_Prompt/EGamma/crab_job_EGamma2018Dv2_3v2/190529_223037/0005/Data_EGamma2018Dv2_3v2_5015.root
name: Data_EGamma2018Dv2_3v2_5015.root
filenumber: 5
file path found: /hdfs/store/user/varuns/Run2018D_Prompt/EGamma/crab_job_EGamma2018Dv2_3v2/190529_223037/0005/Data_EGamma2018Dv2_3v2_5016.root
name: Data_EGamma2018Dv2_3v2_5016.root
filenumber: 6
file path found: /hdfs/store/user/varuns/Run2018D_Prompt/EGamma/crab_job_EGamma2018Dv2_3v2/190529_223037/0005/Data_EGamma2018Dv2_3v2_5017.root
name: Data_EGamma2018Dv2_3v2_5017.root
filenumber: 7
file path found: /hdfs/store/user/varuns/Run2018D_Prompt/EGamma/crab_job_EGamma2018Dv2_3v2/190529_223037/0005/Data_EGamma2018Dv2_3v2_5018.root
name: Data_EGamma2018Dv2_3v2_5018.root
filenumber: 8
file path found: /hdfs/store/user/varuns/Run2018D_Prompt/EGamma/crab_job_EGamma2018Dv2_3v2/190529_223037/0005/Data_EGamma2018Dv2_3v2_5019.root
name: Data_EGamma2018Dv2_3v2_5019.root
filenumber: 9
file path found: /hdfs/store/user/varuns/Run2018D_Prompt/EGamma/crab_job_EGamma2018Dv2_3v2/190529_223037/0005/Data_EGamma2018Dv2_3v2_5020.root
name: Data_EGamma2018Dv2_3v2_5020.root
filenumber: 10
file path found: /hdfs/store/user/varuns/Run2018D_Prompt/EGamma/crab_job_EGamma2018Dv2_3v2/190529_223037/0005/Data_EGamma2018Dv2_3v2_5021.root
name: Data_EGamma2018Dv2_3v2_5021.root
filenumber: 11
file path found: /hdfs/store/user/varuns/Run2018D_Prompt/EGamma/crab_job_EGamma2018Dv2_3v2/190529_223037/0005/Data_EGamma2018Dv2_3v2_5022.root
name: Data_EGamma2018Dv2_3v2_5022.root
filenumber: 12
file path found: /hdfs/store/user/varuns/Run2018D_Prompt/EGamma/crab_job_EGamma2018Dv2_3v2/190529_223037/0005/Data_EGamma2018Dv2_3v2_5023.root
name: Data_EGamma2018Dv2_3v2_5023.root
filenumber: 13
file path found: /hdfs/store/user/varuns/Run2018D_Prompt/EGamma/crab_job_EGamma2018Dv2_3v2/190529_223037/0005/Data_EGamma2018Dv2_3v2_5024.root
name: Data_EGamma2018Dv2_3v2_5024.root
filenumber: 14
file path found: /hdfs/store/user/varuns/Run2018D_Prompt/EGamma/crab_job_EGamma2018Dv2_3v2/190529_223037/0005/Data_EGamma2018Dv2_3v2_5025.root
name: Data_EGamma2018Dv2_3v2_5025.root
filenumber: 15
file path found: /hdfs/store/user/varuns/Run2018D_Prompt/EGamma/crab_job_EGamma2018Dv2_3v2/190529_223037/0005/Data_EGamma2018Dv2_3v2_5029.root
name: Data_EGamma2018Dv2_3v2_5029.root
filenumber: 16
file path found: /hdfs/store/user/varuns/Run2018D_Prompt/EGamma/crab_job_EGamma2018Dv2_3v2/190529_223037/0005/Data_EGamma2018Dv2_3v2_5030.root
name: Data_EGamma2018Dv2_3v2_5030.root
filenumber: 17
file path found: /hdfs/store/user/varuns/Run2018D_Prompt/EGamma/crab_job_EGamma2018Dv2_3v2/190529_223037/0005/Data_EGamma2018Dv2_3v2_5033.root
name: Data_EGamma2018Dv2_3v2_5033.root
filenumber: 18
file path found: /hdfs/store/user/varuns/Run2018D_Prompt/EGamma/crab_job_EGamma2018Dv2_3v2/190529_223037/0005/Data_EGamma2018Dv2_3v2_5036.root
name: Data_EGamma2018Dv2_3v2_5036.root
filenumber: 19
file path found: /hdfs/store/user/varuns/Run2018D_Prompt/EGamma/crab_job_EGamma2018Dv2_3v2/190529_223037/0005/Data_EGamma2018Dv2_3v2_5037.root
name: Data_EGamma2018Dv2_3v2_5037.root
filenumber: 20
file path found: /hdfs/store/user/varuns/Run2018D_Prompt/EGamma/crab_job_EGamma2018Dv2_3v2/190529_223037/0005/Data_EGamma2018Dv2_3v2_5038.root
name: Data_EGamma2018Dv2_3v2_5038.root
filenumber: 21
file path found: /hdfs/store/user/varuns/Run2018D_Prompt/EGamma/crab_job_EGamma2018Dv2_3v2/190529_223037/0005/Data_EGamma2018Dv2_3v2_5039.root
name: Data_EGamma2018Dv2_3v2_5039.root
filenumber: 22
file path found: /hdfs/store/user/varuns/Run2018D_Prompt/EGamma/crab_job_EGamma2018Dv2_3v2/190529_223037/0005/Data_EGamma2018Dv2_3v2_5042.root
name: Data_EGamma2018Dv2_3v2_5042.root
filenumber: 23
file path found: /hdfs/store/user/varuns/Run2018D_Prompt/EGamma/crab_job_EGamma2018Dv2_3v2/190529_223037/0005/Data_EGamma2018Dv2_3v2_5044.root
name: Data_EGamma2018Dv2_3v2_5044.root
filenumber: 24
file path found: /hdfs/store/user/varuns/Run2018D_Prompt/EGamma/crab_job_EGamma2018Dv2_3v2/190529_223037/0005/Data_EGamma2018Dv2_3v2_5089.root
name: Data_EGamma2018Dv2_3v2_5089.root
filenumber: 25
file path found: /hdfs/store/user/varuns/Run2018D_Prompt/EGamma/crab_job_EGamma2018Dv2_3v2/190529_223037/0005/Data_EGamma2018Dv2_3v2_5090.root
name: Data_EGamma2018Dv2_3v2_5090.root
filenumber: 26
file path found: /hdfs/store/user/varuns/Run2018D_Prompt/EGamma/crab_job_EGamma2018Dv2_3v2/190529_223037/0005/Data_EGamma2018Dv2_3v2_5111.root
name: Data_EGamma2018Dv2_3v2_5111.root
filenumber: 27
file path found: /hdfs/store/user/varuns/Run2018D_Prompt/EGamma/crab_job_EGamma2018Dv2_3v2/190529_223037/0005/Data_EGamma2018Dv2_3v2_5184.root
name: Data_EGamma2018Dv2_3v2_5184.root
filenumber: 28
file path found: /hdfs/store/user/varuns/Run2018D_Prompt/EGamma/crab_job_EGamma2018Dv2_3v2/190529_223037/0005/Data_EGamma2018Dv2_3v2_5186.root
name: Data_EGamma2018Dv2_3v2_5186.root
filenumber: 29
file path found: /hdfs/store/user/varuns/Run2018D_Prompt/EGamma/crab_job_EGamma2018Dv2_3v2/190529_223037/0005/Data_EGamma2018Dv2_3v2_5187.root
name: Data_EGamma2018Dv2_3v2_5187.root
filenumber: 30
file path found: /hdfs/store/user/varuns/Run2018D_Prompt/EGamma/crab_job_EGamma2018Dv2_3v2/190529_223037/0005/Data_EGamma2018Dv2_3v2_5244.root
name: Data_EGamma2018Dv2_3v2_5244.root
filenumber: 31
file path found: /hdfs/store/user/varuns/Run2018D_Prompt/EGamma/crab_job_EGamma2018Dv2_3v2/190529_223037/0005/Data_EGamma2018Dv2_3v2_5262.root
name: Data_EGamma2018Dv2_3v2_5262.root
filenumber: 32
file path found: /hdfs/store/user/varuns/Run2018D_Prompt/EGamma/crab_job_EGamma2018Dv2_3v2/190529_223037/0005/Data_EGamma2018Dv2_3v2_5322.root
name: Data_EGamma2018Dv2_3v2_5322.root
filenumber: 33
file path found: /hdfs/store/user/varuns/Run2018D_Prompt/EGamma/crab_job_EGamma2018Dv2_3v2/190529_223037/0005/Data_EGamma2018Dv2_3v2_5326.root
name: Data_EGamma2018Dv2_3v2_5326.root
filenumber: 34
file path found: /hdfs/store/user/varuns/Run2018D_Prompt/EGamma/crab_job_EGamma2018Dv2_3v2/190529_223037/0005/Data_EGamma2018Dv2_3v2_5327.root
name: Data_EGamma2018Dv2_3v2_5327.root
filenumber: 35
file path found: /hdfs/store/user/varuns/Run2018D_Prompt/EGamma/crab_job_EGamma2018Dv2_3v2/190529_223037/0005/Data_EGamma2018Dv2_3v2_5328.root
name: Data_EGamma2018Dv2_3v2_5328.root
filenumber: 36
file path found: /hdfs/store/user/varuns/Run2018D_Prompt/EGamma/crab_job_EGamma2018Dv2_3v2/190529_223037/0005/Data_EGamma2018Dv2_3v2_5330.root
name: Data_EGamma2018Dv2_3v2_5330.root
filenumber: 37
file path found: /hdfs/store/user/varuns/Run2018D_Prompt/EGamma/crab_job_EGamma2018Dv2_3v2/190529_223037/0005/Data_EGamma2018Dv2_3v2_5334.root
name: Data_EGamma2018Dv2_3v2_5334.root
filenumber: 38
file path found: /hdfs/store/user/varuns/Run2018D_Prompt/EGamma/crab_job_EGamma2018Dv2_3v2/190529_223037/0005/Data_EGamma2018Dv2_3v2_5335.root
name: Data_EGamma2018Dv2_3v2_5335.root
filenumber: 39
file path found: /hdfs/store/user/varuns/Run2018D_Prompt/EGamma/crab_job_EGamma2018Dv2_3v2/190529_223037/0005/Data_EGamma2018Dv2_3v2_5339.root
name: Data_EGamma2018Dv2_3v2_5339.root
filenumber: 40
file path found: /hdfs/store/user/varuns/Run2018D_Prompt/EGamma/crab_job_EGamma2018Dv2_3v2/190529_223037/0005/Data_EGamma2018Dv2_3v2_5344.root
name: Data_EGamma2018Dv2_3v2_5344.root
filenumber: 41
file path found: /hdfs/store/user/varuns/Run2018D_Prompt/EGamma/crab_job_EGamma2018Dv2_3v2/190529_223037/0005/Data_EGamma2018Dv2_3v2_5352.root
name: Data_EGamma2018Dv2_3v2_5352.root
filenumber: 42
file path found: /hdfs/store/user/varuns/Run2018D_Prompt/EGamma/crab_job_EGamma2018Dv2_3v2/190529_223037/0005/Data_EGamma2018Dv2_3v2_5355.root
name: Data_EGamma2018Dv2_3v2_5355.root
filenumber: 43
file path found: /hdfs/store/user/varuns/Run2018D_Prompt/EGamma/crab_job_EGamma2018Dv2_3v2/190529_223037/0005/Data_EGamma2018Dv2_3v2_5365.root
name: Data_EGamma2018Dv2_3v2_5365.root
filenumber: 44
file path found: /hdfs/store/user/varuns/Run2018D_Prompt/EGamma/crab_job_EGamma2018Dv2_3v2/190529_223037/0005/Data_EGamma2018Dv2_3v2_5366.root
name: Data_EGamma2018Dv2_3v2_5366.root
filenumber: 45
file path found: /hdfs/store/user/varuns/Run2018D_Prompt/EGamma/crab_job_EGamma2018Dv2_3v2/190529_223037/0005/Data_EGamma2018Dv2_3v2_5368.root
name: Data_EGamma2018Dv2_3v2_5368.root
filenumber: 46
file path found: /hdfs/store/user/varuns/Run2018D_Prompt/EGamma/crab_job_EGamma2018Dv2_3v2/190529_223037/0005/Data_EGamma2018Dv2_3v2_5369.root
name: Data_EGamma2018Dv2_3v2_5369.root
filenumber: 47
file path found: /hdfs/store/user/varuns/Run2018D_Prompt/EGamma/crab_job_EGamma2018Dv2_3v2/190529_223037/0005/Data_EGamma2018Dv2_3v2_5370.root
name: Data_EGamma2018Dv2_3v2_5370.root
filenumber: 48
file path found: /hdfs/store/user/varuns/Run2018D_Prompt/EGamma/crab_job_EGamma2018Dv2_3v2/190529_223037/0005/Data_EGamma2018Dv2_3v2_5371.root
name: Data_EGamma2018Dv2_3v2_5371.root
filenumber: 49
file path found: /hdfs/store/user/varuns/Run2018D_Prompt/EGamma/crab_job_EGamma2018Dv2_3v2/190529_223037/0005/Data_EGamma2018Dv2_3v2_5372.root
name: Data_EGamma2018Dv2_3v2_5372.root
filenumber: 50
file path found: /hdfs/store/user/varuns/Run2018D_Prompt/EGamma/crab_job_EGamma2018Dv2_3v2/190529_223037/0005/Data_EGamma2018Dv2_3v2_5373.root
name: Data_EGamma2018Dv2_3v2_5373.root
filenumber: 51
file path found: /hdfs/store/user/varuns/Run2018D_Prompt/EGamma/crab_job_EGamma2018Dv2_3v2/190529_223037/0005/Data_EGamma2018Dv2_3v2_5377.root
name: Data_EGamma2018Dv2_3v2_5377.root
filenumber: 52
file path found: /hdfs/store/user/varuns/Run2018D_Prompt/EGamma/crab_job_EGamma2018Dv2_3v2/190529_223037/0005/Data_EGamma2018Dv2_3v2_5378.root
name: Data_EGamma2018Dv2_3v2_5378.root
filenumber: 53
file path found: /hdfs/store/user/varuns/Run2018D_Prompt/EGamma/crab_job_EGamma2018Dv2_3v2/190529_223037/0005/Data_EGamma2018Dv2_3v2_5379.root
name: Data_EGamma2018Dv2_3v2_5379.root
filenumber: 54
file path found: /hdfs/store/user/varuns/Run2018D_Prompt/EGamma/crab_job_EGamma2018Dv2_3v2/190529_223037/0005/Data_EGamma2018Dv2_3v2_5380.root
name: Data_EGamma2018Dv2_3v2_5380.root
filenumber: 55
file path found: /hdfs/store/user/varuns/Run2018D_Prompt/EGamma/crab_job_EGamma2018Dv2_3v2/190529_223037/0005/Data_EGamma2018Dv2_3v2_5381.root
name: Data_EGamma2018Dv2_3v2_5381.root
filenumber: 56
file path found: /hdfs/store/user/varuns/Run2018D_Prompt/EGamma/crab_job_EGamma2018Dv2_3v2/190529_223037/0005/Data_EGamma2018Dv2_3v2_5383.root
name: Data_EGamma2018Dv2_3v2_5383.root
filenumber: 57
file path found: /hdfs/store/user/varuns/Run2018D_Prompt/EGamma/crab_job_EGamma2018Dv2_3v2/190529_223037/0005/Data_EGamma2018Dv2_3v2_5387.root
name: Data_EGamma2018Dv2_3v2_5387.root
filenumber: 58
file path found: /hdfs/store/user/varuns/Run2018D_Prompt/EGamma/crab_job_EGamma2018Dv2_3v2/190529_223037/0005/Data_EGamma2018Dv2_3v2_5388.root
name: Data_EGamma2018Dv2_3v2_5388.root
filenumber: 59
file path found: /hdfs/store/user/varuns/Run2018D_Prompt/EGamma/crab_job_EGamma2018Dv2_3v2/190529_223037/0005/Data_EGamma2018Dv2_3v2_5395.root
name: Data_EGamma2018Dv2_3v2_5395.root
filenumber: 60
file path found: /hdfs/store/user/varuns/Run2018D_Prompt/EGamma/crab_job_EGamma2018Dv2_3v2/190529_223037/0005/Data_EGamma2018Dv2_3v2_5396.root
name: Data_EGamma2018Dv2_3v2_5396.root
filenumber: 61
file path found: /hdfs/store/user/varuns/Run2018D_Prompt/EGamma/crab_job_EGamma2018Dv2_3v2/190529_223037/0005/Data_EGamma2018Dv2_3v2_5398.root
name: Data_EGamma2018Dv2_3v2_5398.root
filenumber: 62
Adding FullPathInputFile to chain:/hdfs/store/user/varuns/Run2018D_Prompt/EGamma/crab_job_EGamma2018Dv2_3v2/190529_223037/0005/Data_EGamma2018Dv2_3v2_5398.root

file path found: /hdfs/store/user/varuns/Run2018D_Prompt/EGamma/crab_job_EGamma2018Dv2_3v2/190529_223037/0005/Data_EGamma2018Dv2_3v2_5399.root
name: Data_EGamma2018Dv2_3v2_5399.root
filenumber: 63
Adding FullPathInputFile to chain:/hdfs/store/user/varuns/Run2018D_Prompt/EGamma/crab_job_EGamma2018Dv2_3v2/190529_223037/0005/Data_EGamma2018Dv2_3v2_5399.root

file path found: /hdfs/store/user/varuns/Run2018D_Prompt/EGamma/crab_job_EGamma2018Dv2_3v2/190529_223037/0005/Data_EGamma2018Dv2_3v2_5400.root
name: Data_EGamma2018Dv2_3v2_5400.root
filenumber: 64
Adding FullPathInputFile to chain:/hdfs/store/user/varuns/Run2018D_Prompt/EGamma/crab_job_EGamma2018Dv2_3v2/190529_223037/0005/Data_EGamma2018Dv2_3v2_5400.root

file path found: /hdfs/store/user/varuns/Run2018D_Prompt/EGamma/crab_job_EGamma2018Dv2_3v2/190529_223037/0005/Data_EGamma2018Dv2_3v2_5401.root
name: Data_EGamma2018Dv2_3v2_5401.root
filenumber: 65
Adding FullPathInputFile to chain:/hdfs/store/user/varuns/Run2018D_Prompt/EGamma/crab_job_EGamma2018Dv2_3v2/190529_223037/0005/Data_EGamma2018Dv2_3v2_5401.root

file path found: /hdfs/store/user/varuns/Run2018D_Prompt/EGamma/crab_job_EGamma2018Dv2_3v2/190529_223037/0005/Data_EGamma2018Dv2_3v2_5402.root
name: Data_EGamma2018Dv2_3v2_5402.root
filenumber: 66
Adding FullPathInputFile to chain:/hdfs/store/user/varuns/Run2018D_Prompt/EGamma/crab_job_EGamma2018Dv2_3v2/190529_223037/0005/Data_EGamma2018Dv2_3v2_5402.root

file path found: /hdfs/store/user/varuns/Run2018D_Prompt/EGamma/crab_job_EGamma2018Dv2_3v2/190529_223037/0005/Data_EGamma2018Dv2_3v2_5405.root
name: Data_EGamma2018Dv2_3v2_5405.root
filenumber: 67
Adding FullPathInputFile to chain:/hdfs/store/user/varuns/Run2018D_Prompt/EGamma/crab_job_EGamma2018Dv2_3v2/190529_223037/0005/Data_EGamma2018Dv2_3v2_5405.root

file path found: /hdfs/store/user/varuns/Run2018D_Prompt/EGamma/crab_job_EGamma2018Dv2_3v2/190529_223037/0005/Data_EGamma2018Dv2_3v2_5407.root
name: Data_EGamma2018Dv2_3v2_5407.root
filenumber: 68
Adding FullPathInputFile to chain:/hdfs/store/user/varuns/Run2018D_Prompt/EGamma/crab_job_EGamma2018Dv2_3v2/190529_223037/0005/Data_EGamma2018Dv2_3v2_5407.root

file path found: /hdfs/store/user/varuns/Run2018D_Prompt/EGamma/crab_job_EGamma2018Dv2_3v2/190529_223037/0005/Data_EGamma2018Dv2_3v2_5408.root
name: Data_EGamma2018Dv2_3v2_5408.root
filenumber: 69
Adding FullPathInputFile to chain:/hdfs/store/user/varuns/Run2018D_Prompt/EGamma/crab_job_EGamma2018Dv2_3v2/190529_223037/0005/Data_EGamma2018Dv2_3v2_5408.root

file path found: /hdfs/store/user/varuns/Run2018D_Prompt/EGamma/crab_job_EGamma2018Dv2_3v2/190529_223037/0005/Data_EGamma2018Dv2_3v2_5409.root
name: Data_EGamma2018Dv2_3v2_5409.root
filenumber: 70
Adding FullPathInputFile to chain:/hdfs/store/user/varuns/Run2018D_Prompt/EGamma/crab_job_EGamma2018Dv2_3v2/190529_223037/0005/Data_EGamma2018Dv2_3v2_5409.root

file path found: /hdfs/store/user/varuns/Run2018D_Prompt/EGamma/crab_job_EGamma2018Dv2_3v2/190529_223037/0005/Data_EGamma2018Dv2_3v2_5412.root
name: Data_EGamma2018Dv2_3v2_5412.root
filenumber: 71
Adding FullPathInputFile to chain:/hdfs/store/user/varuns/Run2018D_Prompt/EGamma/crab_job_EGamma2018Dv2_3v2/190529_223037/0005/Data_EGamma2018Dv2_3v2_5412.root

file path found: /hdfs/store/user/varuns/Run2018D_Prompt/EGamma/crab_job_EGamma2018Dv2_3v2/190529_223037/0005/Data_EGamma2018Dv2_3v2_5414.root
name: Data_EGamma2018Dv2_3v2_5414.root
filenumber: 72
Adding FullPathInputFile to chain:/hdfs/store/user/varuns/Run2018D_Prompt/EGamma/crab_job_EGamma2018Dv2_3v2/190529_223037/0005/Data_EGamma2018Dv2_3v2_5414.root

file path found: /hdfs/store/user/varuns/Run2018D_Prompt/EGamma/crab_job_EGamma2018Dv2_3v2/190529_223037/0005/Data_EGamma2018Dv2_3v2_5415.root
name: Data_EGamma2018Dv2_3v2_5415.root
filenumber: 73
Adding FullPathInputFile to chain:/hdfs/store/user/varuns/Run2018D_Prompt/EGamma/crab_job_EGamma2018Dv2_3v2/190529_223037/0005/Data_EGamma2018Dv2_3v2_5415.root

file path found: /hdfs/store/user/varuns/Run2018D_Prompt/EGamma/crab_job_EGamma2018Dv2_3v2/190529_223037/0005/Data_EGamma2018Dv2_3v2_5418.root
name: Data_EGamma2018Dv2_3v2_5418.root
filenumber: 74
Adding FullPathInputFile to chain:/hdfs/store/user/varuns/Run2018D_Prompt/EGamma/crab_job_EGamma2018Dv2_3v2/190529_223037/0005/Data_EGamma2018Dv2_3v2_5418.root

file path found: /hdfs/store/user/varuns/Run2018D_Prompt/EGamma/crab_job_EGamma2018Dv2_3v2/190529_223037/0005/Data_EGamma2018Dv2_3v2_5423.root
name: Data_EGamma2018Dv2_3v2_5423.root
filenumber: 75
Adding FullPathInputFile to chain:/hdfs/store/user/varuns/Run2018D_Prompt/EGamma/crab_job_EGamma2018Dv2_3v2/190529_223037/0005/Data_EGamma2018Dv2_3v2_5423.root

file path found: /hdfs/store/user/varuns/Run2018D_Prompt/EGamma/crab_job_EGamma2018Dv2_3v2/190529_223037/0005/Data_EGamma2018Dv2_3v2_5424.root
name: Data_EGamma2018Dv2_3v2_5424.root
filenumber: 76
Adding FullPathInputFile to chain:/hdfs/store/user/varuns/Run2018D_Prompt/EGamma/crab_job_EGamma2018Dv2_3v2/190529_223037/0005/Data_EGamma2018Dv2_3v2_5424.root

file path found: /hdfs/store/user/varuns/Run2018D_Prompt/EGamma/crab_job_EGamma2018Dv2_3v2/190529_223037/0005/Data_EGamma2018Dv2_3v2_5427.root
name: Data_EGamma2018Dv2_3v2_5427.root
filenumber: 77
Adding FullPathInputFile to chain:/hdfs/store/user/varuns/Run2018D_Prompt/EGamma/crab_job_EGamma2018Dv2_3v2/190529_223037/0005/Data_EGamma2018Dv2_3v2_5427.root

file path found: /hdfs/store/user/varuns/Run2018D_Prompt/EGamma/crab_job_EGamma2018Dv2_3v2/190529_223037/0005/Data_EGamma2018Dv2_3v2_5428.root
name: Data_EGamma2018Dv2_3v2_5428.root
filenumber: 78
Adding FullPathInputFile to chain:/hdfs/store/user/varuns/Run2018D_Prompt/EGamma/crab_job_EGamma2018Dv2_3v2/190529_223037/0005/Data_EGamma2018Dv2_3v2_5428.root

file path found: /hdfs/store/user/varuns/Run2018D_Prompt/EGamma/crab_job_EGamma2018Dv2_3v2/190529_223037/0005/Data_EGamma2018Dv2_3v2_5429.root
name: Data_EGamma2018Dv2_3v2_5429.root
filenumber: 79
Adding FullPathInputFile to chain:/hdfs/store/user/varuns/Run2018D_Prompt/EGamma/crab_job_EGamma2018Dv2_3v2/190529_223037/0005/Data_EGamma2018Dv2_3v2_5429.root

file path found: /hdfs/store/user/varuns/Run2018D_Prompt/EGamma/crab_job_EGamma2018Dv2_3v2/190529_223037/0005/Data_EGamma2018Dv2_3v2_5430.root
name: Data_EGamma2018Dv2_3v2_5430.root
filenumber: 80
Adding FullPathInputFile to chain:/hdfs/store/user/varuns/Run2018D_Prompt/EGamma/crab_job_EGamma2018Dv2_3v2/190529_223037/0005/Data_EGamma2018Dv2_3v2_5430.root

file path found: /hdfs/store/user/varuns/Run2018D_Prompt/EGamma/crab_job_EGamma2018Dv2_3v2/190529_223037/0005/Data_EGamma2018Dv2_3v2_5434.root
name: Data_EGamma2018Dv2_3v2_5434.root
filenumber: 81
Adding FullPathInputFile to chain:/hdfs/store/user/varuns/Run2018D_Prompt/EGamma/crab_job_EGamma2018Dv2_3v2/190529_223037/0005/Data_EGamma2018Dv2_3v2_5434.root

file path found: /hdfs/store/user/varuns/Run2018D_Prompt/EGamma/crab_job_EGamma2018Dv2_3v2/190529_223037/0005/Data_EGamma2018Dv2_3v2_5435.root
name: Data_EGamma2018Dv2_3v2_5435.root
filenumber: 82
Adding FullPathInputFile to chain:/hdfs/store/user/varuns/Run2018D_Prompt/EGamma/crab_job_EGamma2018Dv2_3v2/190529_223037/0005/Data_EGamma2018Dv2_3v2_5435.root

file path found: /hdfs/store/user/varuns/Run2018D_Prompt/EGamma/crab_job_EGamma2018Dv2_3v2/190529_223037/0005/Data_EGamma2018Dv2_3v2_5436.root
name: Data_EGamma2018Dv2_3v2_5436.root
filenumber: 83
Adding FullPathInputFile to chain:/hdfs/store/user/varuns/Run2018D_Prompt/EGamma/crab_job_EGamma2018Dv2_3v2/190529_223037/0005/Data_EGamma2018Dv2_3v2_5436.root

file path found: /hdfs/store/user/varuns/Run2018D_Prompt/EGamma/crab_job_EGamma2018Dv2_3v2/190529_223037/0005/Data_EGamma2018Dv2_3v2_5439.root
name: Data_EGamma2018Dv2_3v2_5439.root
filenumber: 84
Adding FullPathInputFile to chain:/hdfs/store/user/varuns/Run2018D_Prompt/EGamma/crab_job_EGamma2018Dv2_3v2/190529_223037/0005/Data_EGamma2018Dv2_3v2_5439.root

file path found: /hdfs/store/user/varuns/Run2018D_Prompt/EGamma/crab_job_EGamma2018Dv2_3v2/190529_223037/0005/Data_EGamma2018Dv2_3v2_5441.root
name: Data_EGamma2018Dv2_3v2_5441.root
filenumber: 85
Adding FullPathInputFile to chain:/hdfs/store/user/varuns/Run2018D_Prompt/EGamma/crab_job_EGamma2018Dv2_3v2/190529_223037/0005/Data_EGamma2018Dv2_3v2_5441.root

file path found: /hdfs/store/user/varuns/Run2018D_Prompt/EGamma/crab_job_EGamma2018Dv2_3v2/190529_223037/0005/Data_EGamma2018Dv2_3v2_5442.root
name: Data_EGamma2018Dv2_3v2_5442.root
filenumber: 86
Adding FullPathInputFile to chain:/hdfs/store/user/varuns/Run2018D_Prompt/EGamma/crab_job_EGamma2018Dv2_3v2/190529_223037/0005/Data_EGamma2018Dv2_3v2_5442.root

file path found: /hdfs/store/user/varuns/Run2018D_Prompt/EGamma/crab_job_EGamma2018Dv2_3v2/190529_223037/0005/Data_EGamma2018Dv2_3v2_5443.root
name: Data_EGamma2018Dv2_3v2_5443.root
filenumber: 87
Adding FullPathInputFile to chain:/hdfs/store/user/varuns/Run2018D_Prompt/EGamma/crab_job_EGamma2018Dv2_3v2/190529_223037/0005/Data_EGamma2018Dv2_3v2_5443.root

file path found: /hdfs/store/user/varuns/Run2018D_Prompt/EGamma/crab_job_EGamma2018Dv2_3v2/190529_223037/0005/Data_EGamma2018Dv2_3v2_5444.root
name: Data_EGamma2018Dv2_3v2_5444.root
filenumber: 88
Adding FullPathInputFile to chain:/hdfs/store/user/varuns/Run2018D_Prompt/EGamma/crab_job_EGamma2018Dv2_3v2/190529_223037/0005/Data_EGamma2018Dv2_3v2_5444.root

file path found: /hdfs/store/user/varuns/Run2018D_Prompt/EGamma/crab_job_EGamma2018Dv2_3v2/190529_223037/0005/Data_EGamma2018Dv2_3v2_5446.root
name: Data_EGamma2018Dv2_3v2_5446.root
filenumber: 89
Adding FullPathInputFile to chain:/hdfs/store/user/varuns/Run2018D_Prompt/EGamma/crab_job_EGamma2018Dv2_3v2/190529_223037/0005/Data_EGamma2018Dv2_3v2_5446.root

file path found: /hdfs/store/user/varuns/Run2018D_Prompt/EGamma/crab_job_EGamma2018Dv2_3v2/190529_223037/0005/Data_EGamma2018Dv2_3v2_5447.root
name: Data_EGamma2018Dv2_3v2_5447.root
filenumber: 90
Adding FullPathInputFile to chain:/hdfs/store/user/varuns/Run2018D_Prompt/EGamma/crab_job_EGamma2018Dv2_3v2/190529_223037/0005/Data_EGamma2018Dv2_3v2_5447.root

file path found: /hdfs/store/user/varuns/Run2018D_Prompt/EGamma/crab_job_EGamma2018Dv2_3v2/190529_223037/0005/Data_EGamma2018Dv2_3v2_5448.root
name: Data_EGamma2018Dv2_3v2_5448.root
filenumber: 91
Adding FullPathInputFile to chain:/hdfs/store/user/varuns/Run2018D_Prompt/EGamma/crab_job_EGamma2018Dv2_3v2/190529_223037/0005/Data_EGamma2018Dv2_3v2_5448.root

file path found: /hdfs/store/user/varuns/Run2018D_Prompt/EGamma/crab_job_EGamma2018Dv2_3v2/190529_223037/0005/Data_EGamma2018Dv2_3v2_5449.root
name: Data_EGamma2018Dv2_3v2_5449.root
filenumber: 92
Adding FullPathInputFile to chain:/hdfs/store/user/varuns/Run2018D_Prompt/EGamma/crab_job_EGamma2018Dv2_3v2/190529_223037/0005/Data_EGamma2018Dv2_3v2_5449.root

file path found: /hdfs/store/user/varuns/Run2018D_Prompt/EGamma/crab_job_EGamma2018Dv2_3v2/190529_223037/0005/Data_EGamma2018Dv2_3v2_5450.root
name: Data_EGamma2018Dv2_3v2_5450.root
filenumber: 93
Adding FullPathInputFile to chain:/hdfs/store/user/varuns/Run2018D_Prompt/EGamma/crab_job_EGamma2018Dv2_3v2/190529_223037/0005/Data_EGamma2018Dv2_3v2_5450.root

file path found: /hdfs/store/user/varuns/Run2018D_Prompt/EGamma/crab_job_EGamma2018Dv2_3v2/190529_223037/0005/Data_EGamma2018Dv2_3v2_5451.root
name: Data_EGamma2018Dv2_3v2_5451.root
filenumber: 94
Adding FullPathInputFile to chain:/hdfs/store/user/varuns/Run2018D_Prompt/EGamma/crab_job_EGamma2018Dv2_3v2/190529_223037/0005/Data_EGamma2018Dv2_3v2_5451.root

file path found: /hdfs/store/user/varuns/Run2018D_Prompt/EGamma/crab_job_EGamma2018Dv2_3v2/190529_223037/0005/Data_EGamma2018Dv2_3v2_5452.root
name: Data_EGamma2018Dv2_3v2_5452.root
filenumber: 95
Adding FullPathInputFile to chain:/hdfs/store/user/varuns/Run2018D_Prompt/EGamma/crab_job_EGamma2018Dv2_3v2/190529_223037/0005/Data_EGamma2018Dv2_3v2_5452.root

file path found: /hdfs/store/user/varuns/Run2018D_Prompt/EGamma/crab_job_EGamma2018Dv2_3v2/190529_223037/0005/Data_EGamma2018Dv2_3v2_5454.root
name: Data_EGamma2018Dv2_3v2_5454.root
filenumber: 96
Adding FullPathInputFile to chain:/hdfs/store/user/varuns/Run2018D_Prompt/EGamma/crab_job_EGamma2018Dv2_3v2/190529_223037/0005/Data_EGamma2018Dv2_3v2_5454.root

file path found: /hdfs/store/user/varuns/Run2018D_Prompt/EGamma/crab_job_EGamma2018Dv2_3v2/190529_223037/0005/Data_EGamma2018Dv2_3v2_5455.root
name: Data_EGamma2018Dv2_3v2_5455.root
filenumber: 97
Adding FullPathInputFile to chain:/hdfs/store/user/varuns/Run2018D_Prompt/EGamma/crab_job_EGamma2018Dv2_3v2/190529_223037/0005/Data_EGamma2018Dv2_3v2_5455.root

file path found: /hdfs/store/user/varuns/Run2018D_Prompt/EGamma/crab_job_EGamma2018Dv2_3v2/190529_223037/0005/Data_EGamma2018Dv2_3v2_5456.root
name: Data_EGamma2018Dv2_3v2_5456.root
filenumber: 98
Adding FullPathInputFile to chain:/hdfs/store/user/varuns/Run2018D_Prompt/EGamma/crab_job_EGamma2018Dv2_3v2/190529_223037/0005/Data_EGamma2018Dv2_3v2_5456.root

file path found: /hdfs/store/user/varuns/Run2018D_Prompt/EGamma/crab_job_EGamma2018Dv2_3v2/190529_223037/0005/Data_EGamma2018Dv2_3v2_5459.root
name: Data_EGamma2018Dv2_3v2_5459.root
filenumber: 99
Adding FullPathInputFile to chain:/hdfs/store/user/varuns/Run2018D_Prompt/EGamma/crab_job_EGamma2018Dv2_3v2/190529_223037/0005/Data_EGamma2018Dv2_3v2_5459.root

file path found: /hdfs/store/user/varuns/Run2018D_Prompt/EGamma/crab_job_EGamma2018Dv2_3v2/190529_223037/0005/Data_EGamma2018Dv2_3v2_5460.root
name: Data_EGamma2018Dv2_3v2_5460.root
filenumber: 100
Adding FullPathInputFile to chain:/hdfs/store/user/varuns/Run2018D_Prompt/EGamma/crab_job_EGamma2018Dv2_3v2/190529_223037/0005/Data_EGamma2018Dv2_3v2_5460.root

file path found: /hdfs/store/user/varuns/Run2018D_Prompt/EGamma/crab_job_EGamma2018Dv2_3v2/190529_223037/0005/Data_EGamma2018Dv2_3v2_5461.root
name: Data_EGamma2018Dv2_3v2_5461.root
filenumber: 101
Adding FullPathInputFile to chain:/hdfs/store/user/varuns/Run2018D_Prompt/EGamma/crab_job_EGamma2018Dv2_3v2/190529_223037/0005/Data_EGamma2018Dv2_3v2_5461.root

file path found: /hdfs/store/user/varuns/Run2018D_Prompt/EGamma/crab_job_EGamma2018Dv2_3v2/190529_223037/0005/Data_EGamma2018Dv2_3v2_5463.root
name: Data_EGamma2018Dv2_3v2_5463.root
filenumber: 102
Adding FullPathInputFile to chain:/hdfs/store/user/varuns/Run2018D_Prompt/EGamma/crab_job_EGamma2018Dv2_3v2/190529_223037/0005/Data_EGamma2018Dv2_3v2_5463.root

file path found: /hdfs/store/user/varuns/Run2018D_Prompt/EGamma/crab_job_EGamma2018Dv2_3v2/190529_223037/0005/Data_EGamma2018Dv2_3v2_5464.root
name: Data_EGamma2018Dv2_3v2_5464.root
filenumber: 103
Adding FullPathInputFile to chain:/hdfs/store/user/varuns/Run2018D_Prompt/EGamma/crab_job_EGamma2018Dv2_3v2/190529_223037/0005/Data_EGamma2018Dv2_3v2_5464.root

file path found: /hdfs/store/user/varuns/Run2018D_Prompt/EGamma/crab_job_EGamma2018Dv2_3v2/190529_223037/0005/Data_EGamma2018Dv2_3v2_5465.root
name: Data_EGamma2018Dv2_3v2_5465.root
filenumber: 104
Adding FullPathInputFile to chain:/hdfs/store/user/varuns/Run2018D_Prompt/EGamma/crab_job_EGamma2018Dv2_3v2/190529_223037/0005/Data_EGamma2018Dv2_3v2_5465.root

file path found: /hdfs/store/user/varuns/Run2018D_Prompt/EGamma/crab_job_EGamma2018Dv2_3v2/190529_223037/0005/Data_EGamma2018Dv2_3v2_5466.root
name: Data_EGamma2018Dv2_3v2_5466.root
filenumber: 105
Adding FullPathInputFile to chain:/hdfs/store/user/varuns/Run2018D_Prompt/EGamma/crab_job_EGamma2018Dv2_3v2/190529_223037/0005/Data_EGamma2018Dv2_3v2_5466.root

file path found: /hdfs/store/user/varuns/Run2018D_Prompt/EGamma/crab_job_EGamma2018Dv2_3v2/190529_223037/0005/Data_EGamma2018Dv2_3v2_5528.root
name: Data_EGamma2018Dv2_3v2_5528.root
filenumber: 106
Adding FullPathInputFile to chain:/hdfs/store/user/varuns/Run2018D_Prompt/EGamma/crab_job_EGamma2018Dv2_3v2/190529_223037/0005/Data_EGamma2018Dv2_3v2_5528.root

file path found: /hdfs/store/user/varuns/Run2018D_Prompt/EGamma/crab_job_EGamma2018Dv2_3v2/190529_223037/0005/Data_EGamma2018Dv2_3v2_5532.root
name: Data_EGamma2018Dv2_3v2_5532.root
filenumber: 107
Adding FullPathInputFile to chain:/hdfs/store/user/varuns/Run2018D_Prompt/EGamma/crab_job_EGamma2018Dv2_3v2/190529_223037/0005/Data_EGamma2018Dv2_3v2_5532.root

file path found: /hdfs/store/user/varuns/Run2018D_Prompt/EGamma/crab_job_EGamma2018Dv2_3v2/190529_223037/0005/Data_EGamma2018Dv2_3v2_5533.root
name: Data_EGamma2018Dv2_3v2_5533.root
filenumber: 108
Adding FullPathInputFile to chain:/hdfs/store/user/varuns/Run2018D_Prompt/EGamma/crab_job_EGamma2018Dv2_3v2/190529_223037/0005/Data_EGamma2018Dv2_3v2_5533.root

file path found: /hdfs/store/user/varuns/Run2018D_Prompt/EGamma/crab_job_EGamma2018Dv2_3v2/190529_223037/0005/Data_EGamma2018Dv2_3v2_5549.root
name: Data_EGamma2018Dv2_3v2_5549.root
filenumber: 109
Adding FullPathInputFile to chain:/hdfs/store/user/varuns/Run2018D_Prompt/EGamma/crab_job_EGamma2018Dv2_3v2/190529_223037/0005/Data_EGamma2018Dv2_3v2_5549.root

file path found: /hdfs/store/user/varuns/Run2018D_Prompt/EGamma/crab_job_EGamma2018Dv2_3v2/190529_223037/0005/Data_EGamma2018Dv2_3v2_5550.root
name: Data_EGamma2018Dv2_3v2_5550.root
filenumber: 110
Adding FullPathInputFile to chain:/hdfs/store/user/varuns/Run2018D_Prompt/EGamma/crab_job_EGamma2018Dv2_3v2/190529_223037/0005/Data_EGamma2018Dv2_3v2_5550.root

file path found: /hdfs/store/user/varuns/Run2018D_Prompt/EGamma/crab_job_EGamma2018Dv2_3v2/190529_223037/0005/Data_EGamma2018Dv2_3v2_5564.root
name: Data_EGamma2018Dv2_3v2_5564.root
filenumber: 111
Adding FullPathInputFile to chain:/hdfs/store/user/varuns/Run2018D_Prompt/EGamma/crab_job_EGamma2018Dv2_3v2/190529_223037/0005/Data_EGamma2018Dv2_3v2_5564.root

file path found: /hdfs/store/user/varuns/Run2018D_Prompt/EGamma/crab_job_EGamma2018Dv2_3v2/190529_223037/0005/Data_EGamma2018Dv2_3v2_5566.root
name: Data_EGamma2018Dv2_3v2_5566.root
filenumber: 112
Adding FullPathInputFile to chain:/hdfs/store/user/varuns/Run2018D_Prompt/EGamma/crab_job_EGamma2018Dv2_3v2/190529_223037/0005/Data_EGamma2018Dv2_3v2_5566.root

file path found: /hdfs/store/user/varuns/Run2018D_Prompt/EGamma/crab_job_EGamma2018Dv2_3v2/190529_223037/0005/Data_EGamma2018Dv2_3v2_5573.root
name: Data_EGamma2018Dv2_3v2_5573.root
filenumber: 113
Adding FullPathInputFile to chain:/hdfs/store/user/varuns/Run2018D_Prompt/EGamma/crab_job_EGamma2018Dv2_3v2/190529_223037/0005/Data_EGamma2018Dv2_3v2_5573.root

file path found: /hdfs/store/user/varuns/Run2018D_Prompt/EGamma/crab_job_EGamma2018Dv2_3v2/190529_223037/0005/Data_EGamma2018Dv2_3v2_5579.root
name: Data_EGamma2018Dv2_3v2_5579.root
filenumber: 114
Adding FullPathInputFile to chain:/hdfs/store/user/varuns/Run2018D_Prompt/EGamma/crab_job_EGamma2018Dv2_3v2/190529_223037/0005/Data_EGamma2018Dv2_3v2_5579.root

file path found: /hdfs/store/user/varuns/Run2018D_Prompt/EGamma/crab_job_EGamma2018Dv2_3v2/190529_223037/0005/Data_EGamma2018Dv2_3v2_5583.root
name: Data_EGamma2018Dv2_3v2_5583.root
filenumber: 115
Adding FullPathInputFile to chain:/hdfs/store/user/varuns/Run2018D_Prompt/EGamma/crab_job_EGamma2018Dv2_3v2/190529_223037/0005/Data_EGamma2018Dv2_3v2_5583.root

file path found: /hdfs/store/user/varuns/Run2018D_Prompt/EGamma/crab_job_EGamma2018Dv2_3v2/190529_223037/0005/Data_EGamma2018Dv2_3v2_5588.root
name: Data_EGamma2018Dv2_3v2_5588.root
filenumber: 116
Adding FullPathInputFile to chain:/hdfs/store/user/varuns/Run2018D_Prompt/EGamma/crab_job_EGamma2018Dv2_3v2/190529_223037/0005/Data_EGamma2018Dv2_3v2_5588.root

file path found: /hdfs/store/user/varuns/Run2018D_Prompt/EGamma/crab_job_EGamma2018Dv2_3v2/190529_223037/0005/Data_EGamma2018Dv2_3v2_5595.root
name: Data_EGamma2018Dv2_3v2_5595.root
filenumber: 117
Adding FullPathInputFile to chain:/hdfs/store/user/varuns/Run2018D_Prompt/EGamma/crab_job_EGamma2018Dv2_3v2/190529_223037/0005/Data_EGamma2018Dv2_3v2_5595.root

file path found: /hdfs/store/user/varuns/Run2018D_Prompt/EGamma/crab_job_EGamma2018Dv2_3v2/190529_223037/0005/Data_EGamma2018Dv2_3v2_5602.root
name: Data_EGamma2018Dv2_3v2_5602.root
filenumber: 118
Adding FullPathInputFile to chain:/hdfs/store/user/varuns/Run2018D_Prompt/EGamma/crab_job_EGamma2018Dv2_3v2/190529_223037/0005/Data_EGamma2018Dv2_3v2_5602.root

file path found: /hdfs/store/user/varuns/Run2018D_Prompt/EGamma/crab_job_EGamma2018Dv2_3v2/190529_223037/0005/Data_EGamma2018Dv2_3v2_5604.root
name: Data_EGamma2018Dv2_3v2_5604.root
filenumber: 119
Adding FullPathInputFile to chain:/hdfs/store/user/varuns/Run2018D_Prompt/EGamma/crab_job_EGamma2018Dv2_3v2/190529_223037/0005/Data_EGamma2018Dv2_3v2_5604.root

file path found: /hdfs/store/user/varuns/Run2018D_Prompt/EGamma/crab_job_EGamma2018Dv2_3v2/190529_223037/0005/Data_EGamma2018Dv2_3v2_5606.root
name: Data_EGamma2018Dv2_3v2_5606.root
filenumber: 120
Adding FullPathInputFile to chain:/hdfs/store/user/varuns/Run2018D_Prompt/EGamma/crab_job_EGamma2018Dv2_3v2/190529_223037/0005/Data_EGamma2018Dv2_3v2_5606.root

file path found: /hdfs/store/user/varuns/Run2018D_Prompt/EGamma/crab_job_EGamma2018Dv2_3v2/190529_223037/0005/Data_EGamma2018Dv2_3v2_5608.root
name: Data_EGamma2018Dv2_3v2_5608.root
filenumber: 121
Adding FullPathInputFile to chain:/hdfs/store/user/varuns/Run2018D_Prompt/EGamma/crab_job_EGamma2018Dv2_3v2/190529_223037/0005/Data_EGamma2018Dv2_3v2_5608.root

file path found: /hdfs/store/user/varuns/Run2018D_Prompt/EGamma/crab_job_EGamma2018Dv2_3v2/190529_223037/0005/Data_EGamma2018Dv2_3v2_5754.root
name: Data_EGamma2018Dv2_3v2_5754.root
filenumber: 122
Adding FullPathInputFile to chain:/hdfs/store/user/varuns/Run2018D_Prompt/EGamma/crab_job_EGamma2018Dv2_3v2/190529_223037/0005/Data_EGamma2018Dv2_3v2_5754.root

file path found: /hdfs/store/user/varuns/Run2018D_Prompt/EGamma/crab_job_EGamma2018Dv2_3v2/190529_223037/0005/Data_EGamma2018Dv2_3v2_5986.root
name: Data_EGamma2018Dv2_3v2_5986.root
filenumber: 123
Adding FullPathInputFile to chain:/hdfs/store/user/varuns/Run2018D_Prompt/EGamma/crab_job_EGamma2018Dv2_3v2/190529_223037/0005/Data_EGamma2018Dv2_3v2_5986.root

file path found: /hdfs/store/user/varuns/Run2018D_Prompt/EGamma/crab_job_EGamma2018Dv2_3v2/190529_223037/0005/.
name: .
filenumber: 124
file path found: /hdfs/store/user/varuns/Run2018D_Prompt/EGamma/crab_job_EGamma2018Dv2_3v2/190529_223037/0005/..
name: ..
filenumber: 125
62 files added.
Initializing chain.
Coming in: 
nentries:1208167
Running over 1208167 events.
Finished entry 0/1208166
Finished entry 10000/1208166
Finished entry 20000/1208166
Finished entry 30000/1208166
Finished entry 40000/1208166
Finished entry 50000/1208166
Finished entry 60000/1208166
Finished entry 70000/1208166
Finished entry 80000/1208166
Finished entry 90000/1208166
Finished entry 100000/1208166
Finished entry 110000/1208166
Finished entry 120000/1208166
Finished entry 130000/1208166
Finished entry 140000/1208166
Finished entry 150000/1208166
Finished entry 160000/1208166
Finished entry 170000/1208166
Finished entry 180000/1208166
Finished entry 190000/1208166
Finished entry 200000/1208166
Finished entry 210000/1208166
Finished entry 220000/1208166
Finished entry 230000/1208166
Finished entry 240000/1208166
Finished entry 250000/1208166
Finished entry 260000/1208166
Finished entry 270000/1208166
Finished entry 280000/1208166
Finished entry 290000/1208166
Finished entry 300000/1208166
Finished entry 310000/1208166
Finished entry 320000/1208166
Finished entry 330000/1208166
Finished entry 340000/1208166
Finished entry 350000/1208166
Finished entry 360000/1208166
Finished entry 370000/1208166
Finished entry 380000/1208166
Finished entry 390000/1208166
Finished entry 400000/1208166
Finished entry 410000/1208166
Finished entry 420000/1208166
Finished entry 430000/1208166
Finished entry 440000/1208166
Finished entry 450000/1208166
Finished entry 460000/1208166
Finished entry 470000/1208166
Finished entry 480000/1208166
Finished entry 490000/1208166
Finished entry 500000/1208166
Finished entry 510000/1208166
Finished entry 520000/1208166
Finished entry 530000/1208166
Finished entry 540000/1208166
Finished entry 550000/1208166
Finished entry 560000/1208166
Finished entry 570000/1208166
Finished entry 580000/1208166
Finished entry 590000/1208166
Finished entry 600000/1208166
Finished entry 610000/1208166
Finished entry 620000/1208166
Finished entry 630000/1208166
Finished entry 640000/1208166
Finished entry 650000/1208166
Finished entry 660000/1208166
Finished entry 670000/1208166
Finished entry 680000/1208166
Finished entry 690000/1208166
Finished entry 700000/1208166
Finished entry 710000/1208166
Finished entry 720000/1208166
Finished entry 730000/1208166
Finished entry 740000/1208166
Finished entry 750000/1208166
Finished entry 760000/1208166
Finished entry 770000/1208166
Finished entry 780000/1208166
Finished entry 790000/1208166
Finished entry 800000/1208166
Finished entry 810000/1208166
Finished entry 820000/1208166
Finished entry 830000/1208166
Finished entry 840000/1208166
Finished entry 850000/1208166
Finished entry 860000/1208166
Finished entry 870000/1208166
Finished entry 880000/1208166
Finished entry 890000/1208166
Finished entry 900000/1208166
Finished entry 910000/1208166
Finished entry 920000/1208166
Finished entry 930000/1208166
Finished entry 940000/1208166
Finished entry 950000/1208166
Finished entry 960000/1208166
Finished entry 970000/1208166
Finished entry 980000/1208166
Finished entry 990000/1208166
Finished entry 1000000/1208166
Finished entry 1010000/1208166
Finished entry 1020000/1208166
Finished entry 1030000/1208166
Finished entry 1040000/1208166
Finished entry 1050000/1208166
Finished entry 1060000/1208166
Finished entry 1070000/1208166
Finished entry 1080000/1208166
Finished entry 1090000/1208166
Finished entry 1100000/1208166
Finished entry 1110000/1208166
Finished entry 1120000/1208166
Finished entry 1130000/1208166
Finished entry 1140000/1208166
Finished entry 1150000/1208166
Finished entry 1160000/1208166
Finished entry 1170000/1208166
Finished entry 1180000/1208166
Finished entry 1190000/1208166
Finished entry 1200000/1208166
