000 (690103.005.000) 07/11 07:31:56 Job submitted from host: <144.92.181.245:9618?addrs=144.92.181.245-9618+[2607-f388-101c-1000--372]-9618&noUDP&sock=6179_dbc8_3>
...
001 (690103.005.000) 07/11 09:21:23 Job executing on host: <128.104.227.82:9618?addrs=128.104.227.82-9618+[2607-f388-101c-1000--629]-9618&noUDP&sock=11748_bab4_3>
...
006 (690103.005.000) 07/11 09:21:32 Image size of job updated: 225928
	106  -  MemoryUsage of job (MB)
	107936  -  ResidentSetSize of job (KB)
...
006 (690103.005.000) 07/11 09:41:33 Image size of job updated: 238152
	231  -  MemoryUsage of job (MB)
	236448  -  ResidentSetSize of job (KB)
...
005 (690103.005.000) 07/11 09:47:27 Job terminated.
	(1) Normal termination (return value 0)
		Usr 0 00:02:25, Sys 0 00:00:10  -  Run Remote Usage
		Usr 0 00:00:00, Sys 0 00:00:00  -  Run Local Usage
		Usr 0 00:02:25, Sys 0 00:00:10  -  Total Remote Usage
		Usr 0 00:00:00, Sys 0 00:00:00  -  Total Local Usage
	419598  -  Run Bytes Sent By Job
	302156  -  Run Bytes Received By Job
	419598  -  Total Bytes Sent By Job
	302156  -  Total Bytes Received By Job
	Partitionable Resources :    Usage  Request Allocated
	   Cpus                 :                 1         1
	   Disk (KB)            :  1000000  2048000   9503085
	   Memory (MB)          :      231     1992      1992
...
