000 (690103.007.000) 07/11 07:31:56 Job submitted from host: <144.92.181.245:9618?addrs=144.92.181.245-9618+[2607-f388-101c-1000--372]-9618&noUDP&sock=6179_dbc8_3>
...
001 (690103.007.000) 07/11 09:21:22 Job executing on host: <144.92.181.4:9618?addrs=144.92.181.4-9618+[2607-f388-101c-1000--629]-9618&noUDP&sock=7683_7a38_3>
...
006 (690103.007.000) 07/11 09:21:31 Image size of job updated: 227692
	106  -  MemoryUsage of job (MB)
	107948  -  ResidentSetSize of job (KB)
...
006 (690103.007.000) 07/11 09:41:32 Image size of job updated: 239256
	232  -  MemoryUsage of job (MB)
	237000  -  ResidentSetSize of job (KB)
...
005 (690103.007.000) 07/11 09:43:16 Job terminated.
	(1) Normal termination (return value 0)
		Usr 0 00:02:12, Sys 0 00:00:07  -  Run Remote Usage
		Usr 0 00:00:00, Sys 0 00:00:00  -  Run Local Usage
		Usr 0 00:02:12, Sys 0 00:00:07  -  Total Remote Usage
		Usr 0 00:00:00, Sys 0 00:00:00  -  Total Local Usage
	419750  -  Run Bytes Sent By Job
	302156  -  Run Bytes Received By Job
	419750  -  Total Bytes Sent By Job
	302156  -  Total Bytes Received By Job
	Partitionable Resources :    Usage  Request Allocated
	   Cpus                 :                 1         1
	   Disk (KB)            :  1000000  2048000   7917347
	   Memory (MB)          :      232     1992      1992
...
