000 (1262586.011.000) 07/25 12:34:11 Job submitted from host: <144.92.180.28:9618?addrs=144.92.180.28-9618+[2607-f388-101c-1000--370]-9618&noUDP&sock=5187_6dd5_82>
...
001 (1262586.011.000) 07/25 13:55:28 Job executing on host: <128.104.227.20:9618?addrs=128.104.227.20-9618+[2607-f388-101c-1000--629]-9618&noUDP&sock=10284_8c0e_3>
...
006 (1262586.011.000) 07/25 13:55:37 Image size of job updated: 226936
	107  -  MemoryUsage of job (MB)
	108652  -  ResidentSetSize of job (KB)
...
006 (1262586.011.000) 07/25 14:11:32 Image size of job updated: 482408
	107  -  MemoryUsage of job (MB)
	108652  -  ResidentSetSize of job (KB)
...
005 (1262586.011.000) 07/25 14:11:33 Job terminated.
	(1) Normal termination (return value 0)
		Usr 0 00:02:23, Sys 0 00:00:09  -  Run Remote Usage
		Usr 0 00:00:00, Sys 0 00:00:00  -  Run Local Usage
		Usr 0 00:02:23, Sys 0 00:00:09  -  Total Remote Usage
		Usr 0 00:00:00, Sys 0 00:00:00  -  Total Local Usage
	498359  -  Run Bytes Sent By Job
	283691  -  Run Bytes Received By Job
	498359  -  Total Bytes Sent By Job
	283691  -  Total Bytes Received By Job
	Partitionable Resources :    Usage  Request Allocated
	   Cpus                 :                 1         1
	   Disk (KB)            :  1000000  2048000   9498298
	   Memory (MB)          :      107     1992      1992
...
