000 (691479.001.000) 07/11 11:27:38 Job submitted from host: <144.92.181.245:9618?addrs=144.92.181.245-9618+[2607-f388-101c-1000--372]-9618&noUDP&sock=6179_dbc8_3>
...
001 (691479.001.000) 07/11 12:05:39 Job executing on host: <144.92.180.205:9618?addrs=144.92.180.205-9618+[2607-f388-101c-1000--629]-9618&noUDP&sock=7744_517f_3>
...
006 (691479.001.000) 07/11 12:05:48 Image size of job updated: 215284
	106  -  MemoryUsage of job (MB)
	107888  -  ResidentSetSize of job (KB)
...
006 (691479.001.000) 07/11 12:25:49 Image size of job updated: 247696
	242  -  MemoryUsage of job (MB)
	247696  -  ResidentSetSize of job (KB)
...
006 (691479.001.000) 07/11 12:32:47 Image size of job updated: 493004
	242  -  MemoryUsage of job (MB)
	247696  -  ResidentSetSize of job (KB)
...
005 (691479.001.000) 07/11 12:32:48 Job terminated.
	(1) Normal termination (return value 0)
		Usr 0 00:02:21, Sys 0 00:00:08  -  Run Remote Usage
		Usr 0 00:00:00, Sys 0 00:00:00  -  Run Local Usage
		Usr 0 00:02:21, Sys 0 00:00:08  -  Total Remote Usage
		Usr 0 00:00:00, Sys 0 00:00:00  -  Total Local Usage
	194431  -  Run Bytes Sent By Job
	306644  -  Run Bytes Received By Job
	194431  -  Total Bytes Sent By Job
	306644  -  Total Bytes Received By Job
	Partitionable Resources :    Usage  Request Allocated
	   Cpus                 :                 1         1
	   Disk (KB)            :  1000000  2048000   7918311
	   Memory (MB)          :      242     1992      1992
...
