000 (691479.002.000) 07/11 11:27:38 Job submitted from host: <144.92.181.245:9618?addrs=144.92.181.245-9618+[2607-f388-101c-1000--372]-9618&noUDP&sock=6179_dbc8_3>
...
001 (691479.002.000) 07/11 12:05:42 Job executing on host: <128.104.227.69:9618?addrs=128.104.227.69-9618+[2607-f388-101c-1000--629]-9618&noUDP&sock=10294_6800_3>
...
006 (691479.002.000) 07/11 12:05:51 Image size of job updated: 216380
	106  -  MemoryUsage of job (MB)
	108112  -  ResidentSetSize of job (KB)
...
006 (691479.002.000) 07/11 12:25:51 Image size of job updated: 248832
	243  -  MemoryUsage of job (MB)
	248832  -  ResidentSetSize of job (KB)
...
006 (691479.002.000) 07/11 12:28:42 Image size of job updated: 493880
	243  -  MemoryUsage of job (MB)
	248832  -  ResidentSetSize of job (KB)
...
005 (691479.002.000) 07/11 12:28:43 Job terminated.
	(1) Normal termination (return value 0)
		Usr 0 00:01:48, Sys 0 00:00:06  -  Run Remote Usage
		Usr 0 00:00:00, Sys 0 00:00:00  -  Run Local Usage
		Usr 0 00:01:48, Sys 0 00:00:06  -  Total Remote Usage
		Usr 0 00:00:00, Sys 0 00:00:00  -  Total Local Usage
	194181  -  Run Bytes Sent By Job
	306644  -  Run Bytes Received By Job
	194181  -  Total Bytes Sent By Job
	306644  -  Total Bytes Received By Job
	Partitionable Resources :    Usage  Request Allocated
	   Cpus                 :                 1         1
	   Disk (KB)            :  1000000  2048000   9500184
	   Memory (MB)          :      243     1992      1992
...
