000 (691479.004.000) 07/11 11:27:38 Job submitted from host: <144.92.181.245:9618?addrs=144.92.181.245-9618+[2607-f388-101c-1000--372]-9618&noUDP&sock=6179_dbc8_3>
...
001 (691479.004.000) 07/11 12:05:54 Job executing on host: <144.92.180.156:9618?addrs=144.92.180.156-9618+[2607-f388-101c-1000--629]-9618&noUDP&sock=7595_1de3_3>
...
006 (691479.004.000) 07/11 12:06:03 Image size of job updated: 214336
	106  -  MemoryUsage of job (MB)
	108124  -  ResidentSetSize of job (KB)
...
005 (691479.004.000) 07/11 12:24:24 Job terminated.
	(1) Normal termination (return value 0)
		Usr 0 00:02:16, Sys 0 00:00:07  -  Run Remote Usage
		Usr 0 00:00:00, Sys 0 00:00:00  -  Run Local Usage
		Usr 0 00:02:16, Sys 0 00:00:07  -  Total Remote Usage
		Usr 0 00:00:00, Sys 0 00:00:00  -  Total Local Usage
	194112  -  Run Bytes Sent By Job
	306644  -  Run Bytes Received By Job
	194112  -  Total Bytes Sent By Job
	306644  -  Total Bytes Received By Job
	Partitionable Resources :    Usage  Request Allocated
	   Cpus                 :                 1         1
	   Disk (KB)            :  1000000  2048000   7918090
	   Memory (MB)          :      106     1992      1992
...
