000 (690146.011.000) 07/11 07:32:58 Job submitted from host: <144.92.181.245:9618?addrs=144.92.181.245-9618+[2607-f388-101c-1000--372]-9618&noUDP&sock=6179_dbc8_3>
...
001 (690146.011.000) 07/11 09:50:33 Job executing on host: <128.104.227.111:9618?addrs=128.104.227.111-9618+[2607-f388-101c-1000--60]-9618&noUDP&sock=11720_860d_3>
...
006 (690146.011.000) 07/11 09:50:41 Image size of job updated: 165308
	53  -  MemoryUsage of job (MB)
	53268  -  ResidentSetSize of job (KB)
...
006 (690146.011.000) 07/11 10:10:41 Image size of job updated: 243844
	236  -  MemoryUsage of job (MB)
	241432  -  ResidentSetSize of job (KB)
...
005 (690146.011.000) 07/11 10:11:11 Job terminated.
	(1) Normal termination (return value 0)
		Usr 0 00:02:03, Sys 0 00:00:07  -  Run Remote Usage
		Usr 0 00:00:00, Sys 0 00:00:00  -  Run Local Usage
		Usr 0 00:02:03, Sys 0 00:00:07  -  Total Remote Usage
		Usr 0 00:00:00, Sys 0 00:00:00  -  Total Local Usage
	377386  -  Run Bytes Sent By Job
	302156  -  Run Bytes Received By Job
	377386  -  Total Bytes Sent By Job
	302156  -  Total Bytes Received By Job
	Partitionable Resources :    Usage  Request Allocated
	   Cpus                 :                 1         1
	   Disk (KB)            :  1000000  2048000   9503250
	   Memory (MB)          :      236     1992      1992
...
