000 (690146.014.000) 07/11 07:32:58 Job submitted from host: <144.92.181.245:9618?addrs=144.92.181.245-9618+[2607-f388-101c-1000--372]-9618&noUDP&sock=6179_dbc8_3>
...
001 (690146.014.000) 07/11 09:49:56 Job executing on host: <128.104.227.49:9618?addrs=128.104.227.49-9618+[2607-f388-101c-1000--629]-9618&noUDP&sock=10518_0d37_3>
...
006 (690146.014.000) 07/11 09:50:05 Image size of job updated: 226872
	106  -  MemoryUsage of job (MB)
	107936  -  ResidentSetSize of job (KB)
...
006 (690146.014.000) 07/11 10:08:38 Image size of job updated: 243616
	106  -  MemoryUsage of job (MB)
	107936  -  ResidentSetSize of job (KB)
...
005 (690146.014.000) 07/11 10:08:38 Job terminated.
	(1) Normal termination (return value 0)
		Usr 0 00:01:44, Sys 0 00:00:05  -  Run Remote Usage
		Usr 0 00:00:00, Sys 0 00:00:00  -  Run Local Usage
		Usr 0 00:01:44, Sys 0 00:00:05  -  Total Remote Usage
		Usr 0 00:00:00, Sys 0 00:00:00  -  Total Local Usage
	377591  -  Run Bytes Sent By Job
	302156  -  Run Bytes Received By Job
	377591  -  Total Bytes Sent By Job
	302156  -  Total Bytes Received By Job
	Partitionable Resources :    Usage  Request Allocated
	   Cpus                 :                 1         1
	   Disk (KB)            :  1000000  2048000   9501658
	   Memory (MB)          :      106     1992      1992
...
