000 (690146.015.000) 07/11 07:32:58 Job submitted from host: <144.92.181.245:9618?addrs=144.92.181.245-9618+[2607-f388-101c-1000--372]-9618&noUDP&sock=6179_dbc8_3>
...
001 (690146.015.000) 07/11 09:50:06 Job executing on host: <144.92.180.237:9618?addrs=144.92.180.237-9618+[2607-f388-101c-1000--629]-9618&noUDP&sock=9804_4e98_3>
...
006 (690146.015.000) 07/11 09:50:15 Image size of job updated: 154084
	106  -  MemoryUsage of job (MB)
	107936  -  ResidentSetSize of job (KB)
...
006 (690146.015.000) 07/11 10:10:16 Image size of job updated: 246516
	240  -  MemoryUsage of job (MB)
	245312  -  ResidentSetSize of job (KB)
...
005 (690146.015.000) 07/11 10:10:23 Job terminated.
	(1) Normal termination (return value 0)
		Usr 0 00:02:24, Sys 0 00:00:07  -  Run Remote Usage
		Usr 0 00:00:00, Sys 0 00:00:00  -  Run Local Usage
		Usr 0 00:02:24, Sys 0 00:00:07  -  Total Remote Usage
		Usr 0 00:00:00, Sys 0 00:00:00  -  Total Local Usage
	379287  -  Run Bytes Sent By Job
	302156  -  Run Bytes Received By Job
	379287  -  Total Bytes Sent By Job
	302156  -  Total Bytes Received By Job
	Partitionable Resources :    Usage  Request Allocated
	   Cpus                 :                 1         1
	   Disk (KB)            :  1000000  2048000   7917889
	   Memory (MB)          :      240     1992      1992
...
