000 (1262608.000.000) 07/25 12:34:26 Job submitted from host: <144.92.180.28:9618?addrs=144.92.180.28-9618+[2607-f388-101c-1000--370]-9618&noUDP&sock=5187_6dd5_82>
...
001 (1262608.000.000) 07/25 14:13:10 Job executing on host: <128.104.227.28:9618?addrs=128.104.227.28-9618+[2607-f388-101c-1000--629]-9618&noUDP&sock=10360_ad40_3>
...
006 (1262608.000.000) 07/25 14:13:18 Image size of job updated: 157520
	55  -  MemoryUsage of job (MB)
	56216  -  ResidentSetSize of job (KB)
...
005 (1262608.000.000) 07/25 14:21:55 Job terminated.
	(1) Normal termination (return value 0)
		Usr 0 00:01:37, Sys 0 00:00:05  -  Run Remote Usage
		Usr 0 00:00:00, Sys 0 00:00:00  -  Run Local Usage
		Usr 0 00:01:37, Sys 0 00:00:05  -  Total Remote Usage
		Usr 0 00:00:00, Sys 0 00:00:00  -  Total Local Usage
	433124  -  Run Bytes Sent By Job
	283691  -  Run Bytes Received By Job
	433124  -  Total Bytes Sent By Job
	283691  -  Total Bytes Received By Job
	Partitionable Resources :    Usage  Request Allocated
	   Cpus                 :                 1         1
	   Disk (KB)            :  1000000  2048000   9500412
	   Memory (MB)          :       55     1992      1992
...
