000 (690164.004.000) 07/11 07:33:17 Job submitted from host: <144.92.181.245:9618?addrs=144.92.181.245-9618+[2607-f388-101c-1000--372]-9618&noUDP&sock=6179_dbc8_3>
...
001 (690164.004.000) 07/11 09:57:16 Job executing on host: <128.104.227.49:9618?addrs=128.104.227.49-9618+[2607-f388-101c-1000--629]-9618&noUDP&sock=10518_0d37_3>
...
006 (690164.004.000) 07/11 09:57:25 Image size of job updated: 224820
	106  -  MemoryUsage of job (MB)
	107684  -  ResidentSetSize of job (KB)
...
006 (690164.004.000) 07/11 10:17:26 Image size of job updated: 246464
	240  -  MemoryUsage of job (MB)
	245444  -  ResidentSetSize of job (KB)
...
006 (690164.004.000) 07/11 10:18:09 Image size of job updated: 246500
	240  -  MemoryUsage of job (MB)
	245444  -  ResidentSetSize of job (KB)
...
005 (690164.004.000) 07/11 10:18:11 Job terminated.
	(1) Normal termination (return value 0)
		Usr 0 00:02:15, Sys 0 00:00:07  -  Run Remote Usage
		Usr 0 00:00:00, Sys 0 00:00:00  -  Run Local Usage
		Usr 0 00:02:15, Sys 0 00:00:07  -  Total Remote Usage
		Usr 0 00:00:00, Sys 0 00:00:00  -  Total Local Usage
	198088  -  Run Bytes Sent By Job
	302156  -  Run Bytes Received By Job
	198088  -  Total Bytes Sent By Job
	302156  -  Total Bytes Received By Job
	Partitionable Resources :    Usage  Request Allocated
	   Cpus                 :                 1         1
	   Disk (KB)            :  1000000  2048000   9501658
	   Memory (MB)          :      240     1992      1992
...
