000 (691411.010.000) 07/11 11:26:01 Job submitted from host: <144.92.181.245:9618?addrs=144.92.181.245-9618+[2607-f388-101c-1000--372]-9618&noUDP&sock=6179_dbc8_3>
...
001 (691411.010.000) 07/11 11:43:57 Job executing on host: <128.104.227.46:9618?addrs=128.104.227.46-9618+[2607-f388-101c-1000--629]-9618&noUDP&sock=10288_4a6f_3>
...
006 (691411.010.000) 07/11 11:44:06 Image size of job updated: 216244
	106  -  MemoryUsage of job (MB)
	108108  -  ResidentSetSize of job (KB)
...
005 (691411.010.000) 07/11 11:52:37 Job terminated.
	(1) Normal termination (return value 0)
		Usr 0 00:01:03, Sys 0 00:00:04  -  Run Remote Usage
		Usr 0 00:00:00, Sys 0 00:00:00  -  Run Local Usage
		Usr 0 00:01:03, Sys 0 00:00:04  -  Total Remote Usage
		Usr 0 00:00:00, Sys 0 00:00:00  -  Total Local Usage
	499456  -  Run Bytes Sent By Job
	306644  -  Run Bytes Received By Job
	499456  -  Total Bytes Sent By Job
	306644  -  Total Bytes Received By Job
	Partitionable Resources :    Usage  Request Allocated
	   Cpus                 :                 1         1
	   Disk (KB)            :  1000000  2048000   9501106
	   Memory (MB)          :      106     1992      1992
...
