000 (691411.015.000) 07/11 11:26:01 Job submitted from host: <144.92.181.245:9618?addrs=144.92.181.245-9618+[2607-f388-101c-1000--372]-9618&noUDP&sock=6179_dbc8_3>
...
001 (691411.015.000) 07/11 11:43:58 Job executing on host: <128.104.227.27:9618?addrs=128.104.227.27-9618+[2607-f388-101c-1000--629]-9618&noUDP&sock=10393_4fe0_3>
...
006 (691411.015.000) 07/11 11:44:06 Image size of job updated: 93636
	40  -  MemoryUsage of job (MB)
	40588  -  ResidentSetSize of job (KB)
...
005 (691411.015.000) 07/11 11:52:52 Job terminated.
	(1) Normal termination (return value 0)
		Usr 0 00:01:07, Sys 0 00:00:03  -  Run Remote Usage
		Usr 0 00:00:00, Sys 0 00:00:00  -  Run Local Usage
		Usr 0 00:01:07, Sys 0 00:00:03  -  Total Remote Usage
		Usr 0 00:00:00, Sys 0 00:00:00  -  Total Local Usage
	521544  -  Run Bytes Sent By Job
	306644  -  Run Bytes Received By Job
	521544  -  Total Bytes Sent By Job
	306644  -  Total Bytes Received By Job
	Partitionable Resources :    Usage  Request Allocated
	   Cpus                 :                 1         1
	   Disk (KB)            :  1000000  2048000   9500451
	   Memory (MB)          :       40     1992      1992
...
