000 (691411.003.000) 07/11 11:26:01 Job submitted from host: <144.92.181.245:9618?addrs=144.92.181.245-9618+[2607-f388-101c-1000--372]-9618&noUDP&sock=6179_dbc8_3>
...
001 (691411.003.000) 07/11 11:43:57 Job executing on host: <128.104.227.104:9618?addrs=128.104.227.104-9618+[2607-f388-101c-1000--53]-9618&noUDP&sock=11764_b438_10>
...
006 (691411.003.000) 07/11 11:44:05 Image size of job updated: 217508
	106  -  MemoryUsage of job (MB)
	108108  -  ResidentSetSize of job (KB)
...
005 (691411.003.000) 07/11 11:52:11 Job terminated.
	(1) Normal termination (return value 0)
		Usr 0 00:01:05, Sys 0 00:00:04  -  Run Remote Usage
		Usr 0 00:00:00, Sys 0 00:00:00  -  Run Local Usage
		Usr 0 00:01:05, Sys 0 00:00:04  -  Total Remote Usage
		Usr 0 00:00:00, Sys 0 00:00:00  -  Total Local Usage
	500066  -  Run Bytes Sent By Job
	306644  -  Run Bytes Received By Job
	500066  -  Total Bytes Sent By Job
	306644  -  Total Bytes Received By Job
	Partitionable Resources :    Usage  Request Allocated
	   Cpus                 :                 1         1
	   Disk (KB)            :  1000000  2048000   9503354
	   Memory (MB)          :      106     1992      1992
...
