000 (691436.012.000) 07/11 11:26:38 Job submitted from host: <144.92.181.245:9618?addrs=144.92.181.245-9618+[2607-f388-101c-1000--372]-9618&noUDP&sock=6179_dbc8_3>
...
001 (691436.012.000) 07/11 11:47:56 Job executing on host: <144.92.180.201:9618?addrs=144.92.180.201-9618+[2607-f388-101c-1000--629]-9618&noUDP&sock=8733_b0aa_3>
...
006 (691436.012.000) 07/11 11:48:05 Image size of job updated: 215088
	106  -  MemoryUsage of job (MB)
	108372  -  ResidentSetSize of job (KB)
...
006 (691436.012.000) 07/11 12:08:06 Image size of job updated: 270756
	246  -  MemoryUsage of job (MB)
	251484  -  ResidentSetSize of job (KB)
...
005 (691436.012.000) 07/11 12:14:48 Job terminated.
	(1) Normal termination (return value 0)
		Usr 0 00:02:16, Sys 0 00:00:09  -  Run Remote Usage
		Usr 0 00:00:00, Sys 0 00:00:00  -  Run Local Usage
		Usr 0 00:02:16, Sys 0 00:00:09  -  Total Remote Usage
		Usr 0 00:00:00, Sys 0 00:00:00  -  Total Local Usage
	353838  -  Run Bytes Sent By Job
	306644  -  Run Bytes Received By Job
	353838  -  Total Bytes Sent By Job
	306644  -  Total Bytes Received By Job
	Partitionable Resources :    Usage  Request Allocated
	   Cpus                 :                 1         1
	   Disk (KB)            :  1000000  2048000   4750644
	   Memory (MB)          :      246     1992      1992
...
