000 (695961.000.000) 07/12 06:41:51 Job submitted from host: <144.92.181.245:9618?addrs=144.92.181.245-9618+[2607-f388-101c-1000--372]-9618&noUDP&sock=6179_dbc8_3>
...
001 (695961.000.000) 07/12 08:07:04 Job executing on host: <144.92.180.102:9618?addrs=144.92.180.102-9618+[2607-f388-101c-1000--629]-9618&noUDP&sock=7113_813d_3>
...
006 (695961.000.000) 07/12 08:07:12 Image size of job updated: 16752
	5  -  MemoryUsage of job (MB)
	4164  -  ResidentSetSize of job (KB)
...
006 (695961.000.000) 07/12 08:27:12 Image size of job updated: 131440
	128  -  MemoryUsage of job (MB)
	130372  -  ResidentSetSize of job (KB)
...
005 (695961.000.000) 07/12 08:27:50 Job terminated.
	(1) Normal termination (return value 0)
		Usr 0 00:02:05, Sys 0 00:00:07  -  Run Remote Usage
		Usr 0 00:00:00, Sys 0 00:00:00  -  Run Local Usage
		Usr 0 00:02:05, Sys 0 00:00:07  -  Total Remote Usage
		Usr 0 00:00:00, Sys 0 00:00:00  -  Total Local Usage
	336708  -  Run Bytes Sent By Job
	281287  -  Run Bytes Received By Job
	336708  -  Total Bytes Sent By Job
	281287  -  Total Bytes Received By Job
	Partitionable Resources :    Usage  Request Allocated
	   Cpus                 :                 1         1
	   Disk (KB)            :  1000000  2048000   4749902
	   Memory (MB)          :      128     1992      1992
...
