000 (695961.004.000) 07/12 06:41:51 Job submitted from host: <144.92.181.245:9618?addrs=144.92.181.245-9618+[2607-f388-101c-1000--372]-9618&noUDP&sock=6179_dbc8_3>
...
001 (695961.004.000) 07/12 08:07:08 Job executing on host: <128.104.227.75:9618?addrs=128.104.227.75-9618+[2607-f388-101c-1000--629]-9618&noUDP&sock=10338_962b_3>
...
006 (695961.004.000) 07/12 08:07:16 Image size of job updated: 215516
	106  -  MemoryUsage of job (MB)
	108344  -  ResidentSetSize of job (KB)
...
005 (695961.004.000) 07/12 08:17:32 Job terminated.
	(1) Normal termination (return value 0)
		Usr 0 00:01:09, Sys 0 00:00:04  -  Run Remote Usage
		Usr 0 00:00:00, Sys 0 00:00:00  -  Run Local Usage
		Usr 0 00:01:09, Sys 0 00:00:04  -  Total Remote Usage
		Usr 0 00:00:00, Sys 0 00:00:00  -  Total Local Usage
	326311  -  Run Bytes Sent By Job
	281287  -  Run Bytes Received By Job
	326311  -  Total Bytes Sent By Job
	281287  -  Total Bytes Received By Job
	Partitionable Resources :    Usage  Request Allocated
	   Cpus                 :                 1         1
	   Disk (KB)            :  1000000  2048000   9500678
	   Memory (MB)          :      106     1992      1992
...
