000 (166865.002.000) 06/10 13:21:31 Job submitted from host: <144.92.180.4:9618?addrs=144.92.180.4-9618+[2607-f388-101c-1000--367]-9618&noUDP&sock=4693_960c_3>
...
001 (166865.002.000) 06/10 13:34:48 Job executing on host: <144.92.181.146:9618?addrs=144.92.181.146-9618+[2607-f388-101c-1000--629]-9618&noUDP&sock=10065_54d0_3>
...
006 (166865.002.000) 06/10 13:34:56 Image size of job updated: 214336
	107  -  MemoryUsage of job (MB)
	108656  -  ResidentSetSize of job (KB)
...
006 (166865.002.000) 06/10 13:44:49 Image size of job updated: 270420
	107  -  MemoryUsage of job (MB)
	108656  -  ResidentSetSize of job (KB)
...
005 (166865.002.000) 06/10 13:44:50 Job terminated.
	(1) Normal termination (return value 0)
		Usr 0 00:01:55, Sys 0 00:00:05  -  Run Remote Usage
		Usr 0 00:00:00, Sys 0 00:00:00  -  Run Local Usage
		Usr 0 00:01:55, Sys 0 00:00:05  -  Total Remote Usage
		Usr 0 00:00:00, Sys 0 00:00:00  -  Total Local Usage
	537789  -  Run Bytes Sent By Job
	278854  -  Run Bytes Received By Job
	537789  -  Total Bytes Sent By Job
	278854  -  Total Bytes Received By Job
	Partitionable Resources :    Usage  Request Allocated
	   Cpus                 :                 1         1
	   Disk (KB)            :  1000000  2048000   7919063
	   Memory (MB)          :      107     1992      1992
...
