000 (695949.000.000) 07/12 06:41:35 Job submitted from host: <144.92.181.245:9618?addrs=144.92.181.245-9618+[2607-f388-101c-1000--372]-9618&noUDP&sock=6179_dbc8_3>
...
001 (695949.000.000) 07/12 08:03:07 Job executing on host: <144.92.180.149:9618?addrs=144.92.180.149-9618+[2607-f388-101c-1000--629]-9618&noUDP&sock=7662_12bb_3>
...
006 (695949.000.000) 07/12 08:03:15 Image size of job updated: 228124
	116  -  MemoryUsage of job (MB)
	118660  -  ResidentSetSize of job (KB)
...
006 (695949.000.000) 07/12 08:11:11 Image size of job updated: 297748
	116  -  MemoryUsage of job (MB)
	118660  -  ResidentSetSize of job (KB)
...
005 (695949.000.000) 07/12 08:11:12 Job terminated.
	(1) Normal termination (return value 0)
		Usr 0 00:00:54, Sys 0 00:00:02  -  Run Remote Usage
		Usr 0 00:00:00, Sys 0 00:00:00  -  Run Local Usage
		Usr 0 00:00:54, Sys 0 00:00:02  -  Total Remote Usage
		Usr 0 00:00:00, Sys 0 00:00:00  -  Total Local Usage
	127975  -  Run Bytes Sent By Job
	281287  -  Run Bytes Received By Job
	127975  -  Total Bytes Sent By Job
	281287  -  Total Bytes Received By Job
	Partitionable Resources :    Usage  Request Allocated
	   Cpus                 :                 1         1
	   Disk (KB)            :  1000000  2048000   7918198
	   Memory (MB)          :      116     1992      1992
...
