000 (695980.005.000) 07/12 06:42:15 Job submitted from host: <144.92.181.245:9618?addrs=144.92.181.245-9618+[2607-f388-101c-1000--372]-9618&noUDP&sock=6179_dbc8_3>
...
001 (695980.005.000) 07/12 08:13:14 Job executing on host: <144.92.180.200:9618?addrs=144.92.180.200-9618+[2607-f388-101c-1000--629]-9618&noUDP&sock=8749_aa2e_3>
...
006 (695980.005.000) 07/12 08:13:22 Image size of job updated: 216688
	106  -  MemoryUsage of job (MB)
	108204  -  ResidentSetSize of job (KB)
...
006 (695980.005.000) 07/12 08:33:22 Image size of job updated: 270488
	265  -  MemoryUsage of job (MB)
	270360  -  ResidentSetSize of job (KB)
...
005 (695980.005.000) 07/12 08:42:16 Job terminated.
	(1) Normal termination (return value 0)
		Usr 0 00:02:36, Sys 0 00:00:14  -  Run Remote Usage
		Usr 0 00:00:00, Sys 0 00:00:00  -  Run Local Usage
		Usr 0 00:02:36, Sys 0 00:00:14  -  Total Remote Usage
		Usr 0 00:00:00, Sys 0 00:00:00  -  Total Local Usage
	247042  -  Run Bytes Sent By Job
	281287  -  Run Bytes Received By Job
	247042  -  Total Bytes Sent By Job
	281287  -  Total Bytes Received By Job
	Partitionable Resources :    Usage  Request Allocated
	   Cpus                 :                 1         1
	   Disk (KB)            :  1000000  2048000   4750503
	   Memory (MB)          :      265     1992      1992
...
