000 (695980.008.000) 07/12 06:42:15 Job submitted from host: <144.92.181.245:9618?addrs=144.92.181.245-9618+[2607-f388-101c-1000--372]-9618&noUDP&sock=6179_dbc8_3>
...
001 (695980.008.000) 07/12 08:13:16 Job executing on host: <144.92.181.160:9618?addrs=144.92.181.160-9618+[2607-f388-101c-1000--629]-9618&noUDP&sock=9867_850f_3>
...
006 (695980.008.000) 07/12 08:13:25 Image size of job updated: 217320
	106  -  MemoryUsage of job (MB)
	108208  -  ResidentSetSize of job (KB)
...
006 (695980.008.000) 07/12 08:28:12 Image size of job updated: 281792
	106  -  MemoryUsage of job (MB)
	108208  -  ResidentSetSize of job (KB)
...
005 (695980.008.000) 07/12 08:28:12 Job terminated.
	(1) Normal termination (return value 0)
		Usr 0 00:02:02, Sys 0 00:00:07  -  Run Remote Usage
		Usr 0 00:00:00, Sys 0 00:00:00  -  Run Local Usage
		Usr 0 00:02:02, Sys 0 00:00:07  -  Total Remote Usage
		Usr 0 00:00:00, Sys 0 00:00:00  -  Total Local Usage
	250016  -  Run Bytes Sent By Job
	281287  -  Run Bytes Received By Job
	250016  -  Total Bytes Sent By Job
	281287  -  Total Bytes Received By Job
	Partitionable Resources :    Usage  Request Allocated
	   Cpus                 :                 1         1
	   Disk (KB)            :  1000000  2048000   7916775
	   Memory (MB)          :      106     1992      1992
...
