000 (691450.013.000) 07/11 11:26:59 Job submitted from host: <144.92.181.245:9618?addrs=144.92.181.245-9618+[2607-f388-101c-1000--372]-9618&noUDP&sock=6179_dbc8_3>
...
001 (691450.013.000) 07/11 11:53:07 Job executing on host: <144.92.180.110:9618?addrs=144.92.180.110-9618+[2607-f388-101c-1000--629]-9618&noUDP&sock=7476_7e1e_3>
...
006 (691450.013.000) 07/11 11:53:15 Image size of job updated: 216080
	106  -  MemoryUsage of job (MB)
	108376  -  ResidentSetSize of job (KB)
...
006 (691450.013.000) 07/11 12:13:15 Image size of job updated: 236508
	231  -  MemoryUsage of job (MB)
	235896  -  ResidentSetSize of job (KB)
...
005 (691450.013.000) 07/11 12:16:10 Job terminated.
	(1) Normal termination (return value 0)
		Usr 0 00:02:32, Sys 0 00:00:08  -  Run Remote Usage
		Usr 0 00:00:00, Sys 0 00:00:00  -  Run Local Usage
		Usr 0 00:02:32, Sys 0 00:00:08  -  Total Remote Usage
		Usr 0 00:00:00, Sys 0 00:00:00  -  Total Local Usage
	360616  -  Run Bytes Sent By Job
	306644  -  Run Bytes Received By Job
	360616  -  Total Bytes Sent By Job
	306644  -  Total Bytes Received By Job
	Partitionable Resources :    Usage  Request Allocated
	   Cpus                 :                 1         1
	   Disk (KB)            :  1000000  2048000   6334730
	   Memory (MB)          :      231     1992      1992
...
