000 (691450.005.000) 07/11 11:26:59 Job submitted from host: <144.92.181.245:9618?addrs=144.92.181.245-9618+[2607-f388-101c-1000--372]-9618&noUDP&sock=6179_dbc8_3>
...
001 (691450.005.000) 07/11 11:52:55 Job executing on host: <144.92.180.243:9618?addrs=144.92.180.243-9618+[2607-f388-101c-1000--629]-9618&noUDP&sock=9982_6674_3>
...
006 (691450.005.000) 07/11 11:53:03 Image size of job updated: 216448
	106  -  MemoryUsage of job (MB)
	108392  -  ResidentSetSize of job (KB)
...
006 (691450.005.000) 07/11 12:13:03 Image size of job updated: 239772
	233  -  MemoryUsage of job (MB)
	238416  -  ResidentSetSize of job (KB)
...
005 (691450.005.000) 07/11 12:15:18 Job terminated.
	(1) Normal termination (return value 0)
		Usr 0 00:02:09, Sys 0 00:00:06  -  Run Remote Usage
		Usr 0 00:00:00, Sys 0 00:00:00  -  Run Local Usage
		Usr 0 00:02:09, Sys 0 00:00:06  -  Total Remote Usage
		Usr 0 00:00:00, Sys 0 00:00:00  -  Total Local Usage
	358617  -  Run Bytes Sent By Job
	306644  -  Run Bytes Received By Job
	358617  -  Total Bytes Sent By Job
	306644  -  Total Bytes Received By Job
	Partitionable Resources :    Usage  Request Allocated
	   Cpus                 :                 1         1
	   Disk (KB)            :  1000000  2048000   7916955
	   Memory (MB)          :      233     1992      1992
...
