000 (691450.009.000) 07/11 11:26:59 Job submitted from host: <144.92.181.245:9618?addrs=144.92.181.245-9618+[2607-f388-101c-1000--372]-9618&noUDP&sock=6179_dbc8_3>
...
001 (691450.009.000) 07/11 11:53:01 Job executing on host: <144.92.180.244:9618?addrs=144.92.180.244-9618+[2607-f388-101c-1000--629]-9618&noUDP&sock=10081_4e54_3>
...
006 (691450.009.000) 07/11 11:53:10 Image size of job updated: 217552
	106  -  MemoryUsage of job (MB)
	108396  -  ResidentSetSize of job (KB)
...
006 (691450.009.000) 07/11 12:13:11 Image size of job updated: 237676
	231  -  MemoryUsage of job (MB)
	236020  -  ResidentSetSize of job (KB)
...
006 (691450.009.000) 07/11 12:20:29 Image size of job updated: 480752
	231  -  MemoryUsage of job (MB)
	236020  -  ResidentSetSize of job (KB)
...
005 (691450.009.000) 07/11 12:20:30 Job terminated.
	(1) Normal termination (return value 0)
		Usr 0 00:02:25, Sys 0 00:00:07  -  Run Remote Usage
		Usr 0 00:00:00, Sys 0 00:00:00  -  Run Local Usage
		Usr 0 00:02:25, Sys 0 00:00:07  -  Total Remote Usage
		Usr 0 00:00:00, Sys 0 00:00:00  -  Total Local Usage
	360911  -  Run Bytes Sent By Job
	306644  -  Run Bytes Received By Job
	360911  -  Total Bytes Sent By Job
	306644  -  Total Bytes Received By Job
	Partitionable Resources :    Usage  Request Allocated
	   Cpus                 :                 1         1
	   Disk (KB)            :  1000000  2048000   7917512
	   Memory (MB)          :      231     1992      1992
...
