000 (690041.002.000) 07/11 07:30:17 Job submitted from host: <144.92.181.245:9618?addrs=144.92.181.245-9618+[2607-f388-101c-1000--372]-9618&noUDP&sock=6179_dbc8_3>
...
001 (690041.002.000) 07/11 08:11:50 Job executing on host: <144.92.180.156:9618?addrs=144.92.180.156-9618+[2607-f388-101c-1000--629]-9618&noUDP&sock=7595_1de3_3>
...
006 (690041.002.000) 07/11 08:11:59 Image size of job updated: 222804
	106  -  MemoryUsage of job (MB)
	107524  -  ResidentSetSize of job (KB)
...
005 (690041.002.000) 07/11 08:20:09 Job terminated.
	(1) Normal termination (return value 0)
		Usr 0 00:01:38, Sys 0 00:00:05  -  Run Remote Usage
		Usr 0 00:00:00, Sys 0 00:00:00  -  Run Local Usage
		Usr 0 00:01:38, Sys 0 00:00:05  -  Total Remote Usage
		Usr 0 00:00:00, Sys 0 00:00:00  -  Total Local Usage
	408268  -  Run Bytes Sent By Job
	302156  -  Run Bytes Received By Job
	408268  -  Total Bytes Sent By Job
	302156  -  Total Bytes Received By Job
	Partitionable Resources :    Usage  Request Allocated
	   Cpus                 :                 1         1
	   Disk (KB)            :  1000000  2048000   7918090
	   Memory (MB)          :      106     1992      1992
...
