000 (690041.003.000) 07/11 07:30:17 Job submitted from host: <144.92.181.245:9618?addrs=144.92.181.245-9618+[2607-f388-101c-1000--372]-9618&noUDP&sock=6179_dbc8_3>
...
001 (690041.003.000) 07/11 08:11:58 Job executing on host: <144.92.180.153:9618?addrs=144.92.180.153-9618+[2607-f388-101c-1000--629]-9618&noUDP&sock=7902_b176_3>
...
006 (690041.003.000) 07/11 08:12:06 Image size of job updated: 227464
	105  -  MemoryUsage of job (MB)
	107520  -  ResidentSetSize of job (KB)
...
005 (690041.003.000) 07/11 08:19:34 Job terminated.
	(1) Normal termination (return value 0)
		Usr 0 00:01:20, Sys 0 00:00:04  -  Run Remote Usage
		Usr 0 00:00:00, Sys 0 00:00:00  -  Run Local Usage
		Usr 0 00:01:20, Sys 0 00:00:04  -  Total Remote Usage
		Usr 0 00:00:00, Sys 0 00:00:00  -  Total Local Usage
	409120  -  Run Bytes Sent By Job
	302156  -  Run Bytes Received By Job
	409120  -  Total Bytes Sent By Job
	302156  -  Total Bytes Received By Job
	Partitionable Resources :    Usage  Request Allocated
	   Cpus                 :                 1         1
	   Disk (KB)            :  1000000  2048000   7917482
	   Memory (MB)          :      105     1992      1992
...
