000 (695999.006.000) 07/12 06:42:46 Job submitted from host: <144.92.181.245:9618?addrs=144.92.181.245-9618+[2607-f388-101c-1000--372]-9618&noUDP&sock=6179_dbc8_3>
...
001 (695999.006.000) 07/12 08:20:26 Job executing on host: <144.92.180.80:9618?addrs=144.92.180.80-9618+[2607-f388-101c-1000--629]-9618&noUDP&sock=9995_512f_3>
...
006 (695999.006.000) 07/12 08:20:35 Image size of job updated: 217312
	106  -  MemoryUsage of job (MB)
	108520  -  ResidentSetSize of job (KB)
...
006 (695999.006.000) 07/12 08:40:36 Image size of job updated: 252092
	247  -  MemoryUsage of job (MB)
	252092  -  ResidentSetSize of job (KB)
...
006 (695999.006.000) 07/12 08:41:18 Image size of job updated: 252232
	247  -  MemoryUsage of job (MB)
	252092  -  ResidentSetSize of job (KB)
...
005 (695999.006.000) 07/12 08:41:19 Job terminated.
	(1) Normal termination (return value 0)
		Usr 0 00:02:21, Sys 0 00:00:06  -  Run Remote Usage
		Usr 0 00:00:00, Sys 0 00:00:00  -  Run Local Usage
		Usr 0 00:02:21, Sys 0 00:00:06  -  Total Remote Usage
		Usr 0 00:00:00, Sys 0 00:00:00  -  Total Local Usage
	388898  -  Run Bytes Sent By Job
	281287  -  Run Bytes Received By Job
	388898  -  Total Bytes Sent By Job
	281287  -  Total Bytes Received By Job
	Partitionable Resources :    Usage  Request Allocated
	   Cpus                 :                 1         1
	   Disk (KB)            :  1000000  2048000   7917096
	   Memory (MB)          :      247     1992      1992
...
