000 (695999.009.000) 07/12 06:42:46 Job submitted from host: <144.92.181.245:9618?addrs=144.92.181.245-9618+[2607-f388-101c-1000--372]-9618&noUDP&sock=6179_dbc8_3>
...
001 (695999.009.000) 07/12 08:20:29 Job executing on host: <128.104.227.41:9618?addrs=128.104.227.41-9618+[2607-f388-101c-1000--629]-9618&noUDP&sock=10218_46cd_3>
...
006 (695999.009.000) 07/12 08:20:37 Image size of job updated: 146256
	106  -  MemoryUsage of job (MB)
	108508  -  ResidentSetSize of job (KB)
...
006 (695999.009.000) 07/12 08:40:37 Image size of job updated: 252260
	246  -  MemoryUsage of job (MB)
	251280  -  ResidentSetSize of job (KB)
...
005 (695999.009.000) 07/12 08:50:12 Job terminated.
	(1) Normal termination (return value 0)
		Usr 0 00:02:19, Sys 0 00:00:09  -  Run Remote Usage
		Usr 0 00:00:00, Sys 0 00:00:00  -  Run Local Usage
		Usr 0 00:02:19, Sys 0 00:00:09  -  Total Remote Usage
		Usr 0 00:00:00, Sys 0 00:00:00  -  Total Local Usage
	388116  -  Run Bytes Sent By Job
	281287  -  Run Bytes Received By Job
	388116  -  Total Bytes Sent By Job
	281287  -  Total Bytes Received By Job
	Partitionable Resources :    Usage  Request Allocated
	   Cpus                 :                 1         1
	   Disk (KB)            :  1000000  2048000   9502046
	   Memory (MB)          :      246     1992      1992
...
