000 (166881.013.000) 06/10 13:21:40 Job submitted from host: <144.92.180.4:9618?addrs=144.92.180.4-9618+[2607-f388-101c-1000--367]-9618&noUDP&sock=4693_960c_3>
...
001 (166881.013.000) 06/10 13:37:23 Job executing on host: <144.92.180.136:9618?addrs=144.92.180.136-9618+[2607-f388-101c-1000--629]-9618&noUDP&sock=7373_d7dd_10>
...
006 (166881.013.000) 06/10 13:37:31 Image size of job updated: 167048
	53  -  MemoryUsage of job (MB)
	53504  -  ResidentSetSize of job (KB)
...
005 (166881.013.000) 06/10 13:44:48 Job terminated.
	(1) Normal termination (return value 0)
		Usr 0 00:01:39, Sys 0 00:00:04  -  Run Remote Usage
		Usr 0 00:00:00, Sys 0 00:00:00  -  Run Local Usage
		Usr 0 00:01:39, Sys 0 00:00:04  -  Total Remote Usage
		Usr 0 00:00:00, Sys 0 00:00:00  -  Total Local Usage
	633427  -  Run Bytes Sent By Job
	278854  -  Run Bytes Received By Job
	633427  -  Total Bytes Sent By Job
	278854  -  Total Bytes Received By Job
	Partitionable Resources :    Usage  Request Allocated
	   Cpus                 :                 1         1
	   Disk (KB)            :  1000000  2048000   7919099
	   Memory (MB)          :       53     1992      1992
...
