000 (691482.001.000) 07/11 11:27:42 Job submitted from host: <144.92.181.245:9618?addrs=144.92.181.245-9618+[2607-f388-101c-1000--372]-9618&noUDP&sock=6179_dbc8_3>
...
001 (691482.001.000) 07/11 12:07:16 Job executing on host: <144.92.180.54:9618?addrs=144.92.180.54-9618+[2607-f388-101c-1000--629]-9618&noUDP&sock=8012_24e1_3>
...
006 (691482.001.000) 07/11 12:07:26 Image size of job updated: 216148
	106  -  MemoryUsage of job (MB)
	108268  -  ResidentSetSize of job (KB)
...
006 (691482.001.000) 07/11 12:27:26 Image size of job updated: 280184
	272  -  MemoryUsage of job (MB)
	278160  -  ResidentSetSize of job (KB)
...
005 (691482.001.000) 07/11 12:28:46 Job terminated.
	(1) Normal termination (return value 0)
		Usr 0 00:02:59, Sys 0 00:00:14  -  Run Remote Usage
		Usr 0 00:00:00, Sys 0 00:00:00  -  Run Local Usage
		Usr 0 00:02:59, Sys 0 00:00:14  -  Total Remote Usage
		Usr 0 00:00:00, Sys 0 00:00:00  -  Total Local Usage
	296252  -  Run Bytes Sent By Job
	306644  -  Run Bytes Received By Job
	296252  -  Total Bytes Sent By Job
	306644  -  Total Bytes Received By Job
	Partitionable Resources :    Usage  Request Allocated
	   Cpus                 :                 1         1
	   Disk (KB)            :  1000000  2048000   4750620
	   Memory (MB)          :      272     1992      1992
...
