000 (691482.005.000) 07/11 11:27:42 Job submitted from host: <144.92.181.245:9618?addrs=144.92.181.245-9618+[2607-f388-101c-1000--372]-9618&noUDP&sock=6179_dbc8_3>
...
001 (691482.005.000) 07/11 12:07:30 Job executing on host: <144.92.181.3:9618?addrs=144.92.181.3-9618+[2607-f388-101c-1000--629]-9618&noUDP&sock=7776_4487_3>
...
006 (691482.005.000) 07/11 12:07:38 Image size of job updated: 216728
	106  -  MemoryUsage of job (MB)
	108212  -  ResidentSetSize of job (KB)
...
006 (691482.005.000) 07/11 12:27:38 Image size of job updated: 279080
	271  -  MemoryUsage of job (MB)
	277448  -  ResidentSetSize of job (KB)
...
005 (691482.005.000) 07/11 12:28:11 Job terminated.
	(1) Normal termination (return value 0)
		Usr 0 00:01:39, Sys 0 00:00:05  -  Run Remote Usage
		Usr 0 00:00:00, Sys 0 00:00:00  -  Run Local Usage
		Usr 0 00:01:39, Sys 0 00:00:05  -  Total Remote Usage
		Usr 0 00:00:00, Sys 0 00:00:00  -  Total Local Usage
	261655  -  Run Bytes Sent By Job
	306644  -  Run Bytes Received By Job
	261655  -  Total Bytes Sent By Job
	306644  -  Total Bytes Received By Job
	Partitionable Resources :    Usage  Request Allocated
	   Cpus                 :                 1         1
	   Disk (KB)            :  1000000  2048000   7918239
	   Memory (MB)          :      271     1992      1992
...
