file path found: /hdfs/store/user/varuns/Run2018D_Prompt/EGamma/crab_job_EGamma2018Dv2_2v3/190602_055138/0005/Data_EGamma2018Dv2_2v3_5050.root
name: Data_EGamma2018Dv2_2v3_5050.root
filenumber: 0
Adding FullPathInputFile to chain:/hdfs/store/user/varuns/Run2018D_Prompt/EGamma/crab_job_EGamma2018Dv2_2v3/190602_055138/0005/Data_EGamma2018Dv2_2v3_5050.root

file path found: /hdfs/store/user/varuns/Run2018D_Prompt/EGamma/crab_job_EGamma2018Dv2_2v3/190602_055138/0005/Data_EGamma2018Dv2_2v3_5073.root
name: Data_EGamma2018Dv2_2v3_5073.root
filenumber: 1
Adding FullPathInputFile to chain:/hdfs/store/user/varuns/Run2018D_Prompt/EGamma/crab_job_EGamma2018Dv2_2v3/190602_055138/0005/Data_EGamma2018Dv2_2v3_5073.root

file path found: /hdfs/store/user/varuns/Run2018D_Prompt/EGamma/crab_job_EGamma2018Dv2_2v3/190602_055138/0005/Data_EGamma2018Dv2_2v3_5100.root
name: Data_EGamma2018Dv2_2v3_5100.root
filenumber: 2
Adding FullPathInputFile to chain:/hdfs/store/user/varuns/Run2018D_Prompt/EGamma/crab_job_EGamma2018Dv2_2v3/190602_055138/0005/Data_EGamma2018Dv2_2v3_5100.root

file path found: /hdfs/store/user/varuns/Run2018D_Prompt/EGamma/crab_job_EGamma2018Dv2_2v3/190602_055138/0005/Data_EGamma2018Dv2_2v3_5112.root
name: Data_EGamma2018Dv2_2v3_5112.root
filenumber: 3
Adding FullPathInputFile to chain:/hdfs/store/user/varuns/Run2018D_Prompt/EGamma/crab_job_EGamma2018Dv2_2v3/190602_055138/0005/Data_EGamma2018Dv2_2v3_5112.root

file path found: /hdfs/store/user/varuns/Run2018D_Prompt/EGamma/crab_job_EGamma2018Dv2_2v3/190602_055138/0005/Data_EGamma2018Dv2_2v3_5126.root
name: Data_EGamma2018Dv2_2v3_5126.root
filenumber: 4
Adding FullPathInputFile to chain:/hdfs/store/user/varuns/Run2018D_Prompt/EGamma/crab_job_EGamma2018Dv2_2v3/190602_055138/0005/Data_EGamma2018Dv2_2v3_5126.root

file path found: /hdfs/store/user/varuns/Run2018D_Prompt/EGamma/crab_job_EGamma2018Dv2_2v3/190602_055138/0005/Data_EGamma2018Dv2_2v3_5133.root
name: Data_EGamma2018Dv2_2v3_5133.root
filenumber: 5
Adding FullPathInputFile to chain:/hdfs/store/user/varuns/Run2018D_Prompt/EGamma/crab_job_EGamma2018Dv2_2v3/190602_055138/0005/Data_EGamma2018Dv2_2v3_5133.root

file path found: /hdfs/store/user/varuns/Run2018D_Prompt/EGamma/crab_job_EGamma2018Dv2_2v3/190602_055138/0005/Data_EGamma2018Dv2_2v3_5139.root
name: Data_EGamma2018Dv2_2v3_5139.root
filenumber: 6
Adding FullPathInputFile to chain:/hdfs/store/user/varuns/Run2018D_Prompt/EGamma/crab_job_EGamma2018Dv2_2v3/190602_055138/0005/Data_EGamma2018Dv2_2v3_5139.root

file path found: /hdfs/store/user/varuns/Run2018D_Prompt/EGamma/crab_job_EGamma2018Dv2_2v3/190602_055138/0005/Data_EGamma2018Dv2_2v3_5151.root
name: Data_EGamma2018Dv2_2v3_5151.root
filenumber: 7
Adding FullPathInputFile to chain:/hdfs/store/user/varuns/Run2018D_Prompt/EGamma/crab_job_EGamma2018Dv2_2v3/190602_055138/0005/Data_EGamma2018Dv2_2v3_5151.root

file path found: /hdfs/store/user/varuns/Run2018D_Prompt/EGamma/crab_job_EGamma2018Dv2_2v3/190602_055138/0005/Data_EGamma2018Dv2_2v3_5158.root
name: Data_EGamma2018Dv2_2v3_5158.root
filenumber: 8
Adding FullPathInputFile to chain:/hdfs/store/user/varuns/Run2018D_Prompt/EGamma/crab_job_EGamma2018Dv2_2v3/190602_055138/0005/Data_EGamma2018Dv2_2v3_5158.root

file path found: /hdfs/store/user/varuns/Run2018D_Prompt/EGamma/crab_job_EGamma2018Dv2_2v3/190602_055138/0005/Data_EGamma2018Dv2_2v3_5161.root
name: Data_EGamma2018Dv2_2v3_5161.root
filenumber: 9
Adding FullPathInputFile to chain:/hdfs/store/user/varuns/Run2018D_Prompt/EGamma/crab_job_EGamma2018Dv2_2v3/190602_055138/0005/Data_EGamma2018Dv2_2v3_5161.root

file path found: /hdfs/store/user/varuns/Run2018D_Prompt/EGamma/crab_job_EGamma2018Dv2_2v3/190602_055138/0005/Data_EGamma2018Dv2_2v3_5162.root
name: Data_EGamma2018Dv2_2v3_5162.root
filenumber: 10
Adding FullPathInputFile to chain:/hdfs/store/user/varuns/Run2018D_Prompt/EGamma/crab_job_EGamma2018Dv2_2v3/190602_055138/0005/Data_EGamma2018Dv2_2v3_5162.root

file path found: /hdfs/store/user/varuns/Run2018D_Prompt/EGamma/crab_job_EGamma2018Dv2_2v3/190602_055138/0005/Data_EGamma2018Dv2_2v3_5164.root
name: Data_EGamma2018Dv2_2v3_5164.root
filenumber: 11
Adding FullPathInputFile to chain:/hdfs/store/user/varuns/Run2018D_Prompt/EGamma/crab_job_EGamma2018Dv2_2v3/190602_055138/0005/Data_EGamma2018Dv2_2v3_5164.root

file path found: /hdfs/store/user/varuns/Run2018D_Prompt/EGamma/crab_job_EGamma2018Dv2_2v3/190602_055138/0005/Data_EGamma2018Dv2_2v3_5166.root
name: Data_EGamma2018Dv2_2v3_5166.root
filenumber: 12
Adding FullPathInputFile to chain:/hdfs/store/user/varuns/Run2018D_Prompt/EGamma/crab_job_EGamma2018Dv2_2v3/190602_055138/0005/Data_EGamma2018Dv2_2v3_5166.root

file path found: /hdfs/store/user/varuns/Run2018D_Prompt/EGamma/crab_job_EGamma2018Dv2_2v3/190602_055138/0005/Data_EGamma2018Dv2_2v3_5167.root
name: Data_EGamma2018Dv2_2v3_5167.root
filenumber: 13
Adding FullPathInputFile to chain:/hdfs/store/user/varuns/Run2018D_Prompt/EGamma/crab_job_EGamma2018Dv2_2v3/190602_055138/0005/Data_EGamma2018Dv2_2v3_5167.root

file path found: /hdfs/store/user/varuns/Run2018D_Prompt/EGamma/crab_job_EGamma2018Dv2_2v3/190602_055138/0005/Data_EGamma2018Dv2_2v3_5173.root
name: Data_EGamma2018Dv2_2v3_5173.root
filenumber: 14
Adding FullPathInputFile to chain:/hdfs/store/user/varuns/Run2018D_Prompt/EGamma/crab_job_EGamma2018Dv2_2v3/190602_055138/0005/Data_EGamma2018Dv2_2v3_5173.root

file path found: /hdfs/store/user/varuns/Run2018D_Prompt/EGamma/crab_job_EGamma2018Dv2_2v3/190602_055138/0005/Data_EGamma2018Dv2_2v3_5174.root
name: Data_EGamma2018Dv2_2v3_5174.root
filenumber: 15
Adding FullPathInputFile to chain:/hdfs/store/user/varuns/Run2018D_Prompt/EGamma/crab_job_EGamma2018Dv2_2v3/190602_055138/0005/Data_EGamma2018Dv2_2v3_5174.root

file path found: /hdfs/store/user/varuns/Run2018D_Prompt/EGamma/crab_job_EGamma2018Dv2_2v3/190602_055138/0005/Data_EGamma2018Dv2_2v3_5176.root
name: Data_EGamma2018Dv2_2v3_5176.root
filenumber: 16
Adding FullPathInputFile to chain:/hdfs/store/user/varuns/Run2018D_Prompt/EGamma/crab_job_EGamma2018Dv2_2v3/190602_055138/0005/Data_EGamma2018Dv2_2v3_5176.root

file path found: /hdfs/store/user/varuns/Run2018D_Prompt/EGamma/crab_job_EGamma2018Dv2_2v3/190602_055138/0005/Data_EGamma2018Dv2_2v3_5179.root
name: Data_EGamma2018Dv2_2v3_5179.root
filenumber: 17
Adding FullPathInputFile to chain:/hdfs/store/user/varuns/Run2018D_Prompt/EGamma/crab_job_EGamma2018Dv2_2v3/190602_055138/0005/Data_EGamma2018Dv2_2v3_5179.root

file path found: /hdfs/store/user/varuns/Run2018D_Prompt/EGamma/crab_job_EGamma2018Dv2_2v3/190602_055138/0005/Data_EGamma2018Dv2_2v3_5180.root
name: Data_EGamma2018Dv2_2v3_5180.root
filenumber: 18
Adding FullPathInputFile to chain:/hdfs/store/user/varuns/Run2018D_Prompt/EGamma/crab_job_EGamma2018Dv2_2v3/190602_055138/0005/Data_EGamma2018Dv2_2v3_5180.root

file path found: /hdfs/store/user/varuns/Run2018D_Prompt/EGamma/crab_job_EGamma2018Dv2_2v3/190602_055138/0005/Data_EGamma2018Dv2_2v3_5181.root
name: Data_EGamma2018Dv2_2v3_5181.root
filenumber: 19
Adding FullPathInputFile to chain:/hdfs/store/user/varuns/Run2018D_Prompt/EGamma/crab_job_EGamma2018Dv2_2v3/190602_055138/0005/Data_EGamma2018Dv2_2v3_5181.root

file path found: /hdfs/store/user/varuns/Run2018D_Prompt/EGamma/crab_job_EGamma2018Dv2_2v3/190602_055138/0005/Data_EGamma2018Dv2_2v3_5185.root
name: Data_EGamma2018Dv2_2v3_5185.root
filenumber: 20
Adding FullPathInputFile to chain:/hdfs/store/user/varuns/Run2018D_Prompt/EGamma/crab_job_EGamma2018Dv2_2v3/190602_055138/0005/Data_EGamma2018Dv2_2v3_5185.root

file path found: /hdfs/store/user/varuns/Run2018D_Prompt/EGamma/crab_job_EGamma2018Dv2_2v3/190602_055138/0005/Data_EGamma2018Dv2_2v3_5186.root
name: Data_EGamma2018Dv2_2v3_5186.root
filenumber: 21
Adding FullPathInputFile to chain:/hdfs/store/user/varuns/Run2018D_Prompt/EGamma/crab_job_EGamma2018Dv2_2v3/190602_055138/0005/Data_EGamma2018Dv2_2v3_5186.root

file path found: /hdfs/store/user/varuns/Run2018D_Prompt/EGamma/crab_job_EGamma2018Dv2_2v3/190602_055138/0005/Data_EGamma2018Dv2_2v3_5187.root
name: Data_EGamma2018Dv2_2v3_5187.root
filenumber: 22
Adding FullPathInputFile to chain:/hdfs/store/user/varuns/Run2018D_Prompt/EGamma/crab_job_EGamma2018Dv2_2v3/190602_055138/0005/Data_EGamma2018Dv2_2v3_5187.root

file path found: /hdfs/store/user/varuns/Run2018D_Prompt/EGamma/crab_job_EGamma2018Dv2_2v3/190602_055138/0005/Data_EGamma2018Dv2_2v3_5189.root
name: Data_EGamma2018Dv2_2v3_5189.root
filenumber: 23
Adding FullPathInputFile to chain:/hdfs/store/user/varuns/Run2018D_Prompt/EGamma/crab_job_EGamma2018Dv2_2v3/190602_055138/0005/Data_EGamma2018Dv2_2v3_5189.root

file path found: /hdfs/store/user/varuns/Run2018D_Prompt/EGamma/crab_job_EGamma2018Dv2_2v3/190602_055138/0005/Data_EGamma2018Dv2_2v3_5193.root
name: Data_EGamma2018Dv2_2v3_5193.root
filenumber: 24
Adding FullPathInputFile to chain:/hdfs/store/user/varuns/Run2018D_Prompt/EGamma/crab_job_EGamma2018Dv2_2v3/190602_055138/0005/Data_EGamma2018Dv2_2v3_5193.root

file path found: /hdfs/store/user/varuns/Run2018D_Prompt/EGamma/crab_job_EGamma2018Dv2_2v3/190602_055138/0005/Data_EGamma2018Dv2_2v3_5194.root
name: Data_EGamma2018Dv2_2v3_5194.root
filenumber: 25
Adding FullPathInputFile to chain:/hdfs/store/user/varuns/Run2018D_Prompt/EGamma/crab_job_EGamma2018Dv2_2v3/190602_055138/0005/Data_EGamma2018Dv2_2v3_5194.root

file path found: /hdfs/store/user/varuns/Run2018D_Prompt/EGamma/crab_job_EGamma2018Dv2_2v3/190602_055138/0005/Data_EGamma2018Dv2_2v3_5195.root
name: Data_EGamma2018Dv2_2v3_5195.root
filenumber: 26
Adding FullPathInputFile to chain:/hdfs/store/user/varuns/Run2018D_Prompt/EGamma/crab_job_EGamma2018Dv2_2v3/190602_055138/0005/Data_EGamma2018Dv2_2v3_5195.root

file path found: /hdfs/store/user/varuns/Run2018D_Prompt/EGamma/crab_job_EGamma2018Dv2_2v3/190602_055138/0005/Data_EGamma2018Dv2_2v3_5196.root
name: Data_EGamma2018Dv2_2v3_5196.root
filenumber: 27
Adding FullPathInputFile to chain:/hdfs/store/user/varuns/Run2018D_Prompt/EGamma/crab_job_EGamma2018Dv2_2v3/190602_055138/0005/Data_EGamma2018Dv2_2v3_5196.root

file path found: /hdfs/store/user/varuns/Run2018D_Prompt/EGamma/crab_job_EGamma2018Dv2_2v3/190602_055138/0005/Data_EGamma2018Dv2_2v3_5197.root
name: Data_EGamma2018Dv2_2v3_5197.root
filenumber: 28
Adding FullPathInputFile to chain:/hdfs/store/user/varuns/Run2018D_Prompt/EGamma/crab_job_EGamma2018Dv2_2v3/190602_055138/0005/Data_EGamma2018Dv2_2v3_5197.root

file path found: /hdfs/store/user/varuns/Run2018D_Prompt/EGamma/crab_job_EGamma2018Dv2_2v3/190602_055138/0005/Data_EGamma2018Dv2_2v3_5198.root
name: Data_EGamma2018Dv2_2v3_5198.root
filenumber: 29
Adding FullPathInputFile to chain:/hdfs/store/user/varuns/Run2018D_Prompt/EGamma/crab_job_EGamma2018Dv2_2v3/190602_055138/0005/Data_EGamma2018Dv2_2v3_5198.root

file path found: /hdfs/store/user/varuns/Run2018D_Prompt/EGamma/crab_job_EGamma2018Dv2_2v3/190602_055138/0005/Data_EGamma2018Dv2_2v3_5200.root
name: Data_EGamma2018Dv2_2v3_5200.root
filenumber: 30
Adding FullPathInputFile to chain:/hdfs/store/user/varuns/Run2018D_Prompt/EGamma/crab_job_EGamma2018Dv2_2v3/190602_055138/0005/Data_EGamma2018Dv2_2v3_5200.root

file path found: /hdfs/store/user/varuns/Run2018D_Prompt/EGamma/crab_job_EGamma2018Dv2_2v3/190602_055138/0005/Data_EGamma2018Dv2_2v3_5201.root
name: Data_EGamma2018Dv2_2v3_5201.root
filenumber: 31
Adding FullPathInputFile to chain:/hdfs/store/user/varuns/Run2018D_Prompt/EGamma/crab_job_EGamma2018Dv2_2v3/190602_055138/0005/Data_EGamma2018Dv2_2v3_5201.root

file path found: /hdfs/store/user/varuns/Run2018D_Prompt/EGamma/crab_job_EGamma2018Dv2_2v3/190602_055138/0005/Data_EGamma2018Dv2_2v3_5202.root
name: Data_EGamma2018Dv2_2v3_5202.root
filenumber: 32
Adding FullPathInputFile to chain:/hdfs/store/user/varuns/Run2018D_Prompt/EGamma/crab_job_EGamma2018Dv2_2v3/190602_055138/0005/Data_EGamma2018Dv2_2v3_5202.root

file path found: /hdfs/store/user/varuns/Run2018D_Prompt/EGamma/crab_job_EGamma2018Dv2_2v3/190602_055138/0005/Data_EGamma2018Dv2_2v3_5203.root
name: Data_EGamma2018Dv2_2v3_5203.root
filenumber: 33
Adding FullPathInputFile to chain:/hdfs/store/user/varuns/Run2018D_Prompt/EGamma/crab_job_EGamma2018Dv2_2v3/190602_055138/0005/Data_EGamma2018Dv2_2v3_5203.root

file path found: /hdfs/store/user/varuns/Run2018D_Prompt/EGamma/crab_job_EGamma2018Dv2_2v3/190602_055138/0005/Data_EGamma2018Dv2_2v3_5204.root
name: Data_EGamma2018Dv2_2v3_5204.root
filenumber: 34
Adding FullPathInputFile to chain:/hdfs/store/user/varuns/Run2018D_Prompt/EGamma/crab_job_EGamma2018Dv2_2v3/190602_055138/0005/Data_EGamma2018Dv2_2v3_5204.root

file path found: /hdfs/store/user/varuns/Run2018D_Prompt/EGamma/crab_job_EGamma2018Dv2_2v3/190602_055138/0005/Data_EGamma2018Dv2_2v3_5205.root
name: Data_EGamma2018Dv2_2v3_5205.root
filenumber: 35
Adding FullPathInputFile to chain:/hdfs/store/user/varuns/Run2018D_Prompt/EGamma/crab_job_EGamma2018Dv2_2v3/190602_055138/0005/Data_EGamma2018Dv2_2v3_5205.root

file path found: /hdfs/store/user/varuns/Run2018D_Prompt/EGamma/crab_job_EGamma2018Dv2_2v3/190602_055138/0005/Data_EGamma2018Dv2_2v3_5206.root
name: Data_EGamma2018Dv2_2v3_5206.root
filenumber: 36
Adding FullPathInputFile to chain:/hdfs/store/user/varuns/Run2018D_Prompt/EGamma/crab_job_EGamma2018Dv2_2v3/190602_055138/0005/Data_EGamma2018Dv2_2v3_5206.root

file path found: /hdfs/store/user/varuns/Run2018D_Prompt/EGamma/crab_job_EGamma2018Dv2_2v3/190602_055138/0005/Data_EGamma2018Dv2_2v3_5207.root
name: Data_EGamma2018Dv2_2v3_5207.root
filenumber: 37
Adding FullPathInputFile to chain:/hdfs/store/user/varuns/Run2018D_Prompt/EGamma/crab_job_EGamma2018Dv2_2v3/190602_055138/0005/Data_EGamma2018Dv2_2v3_5207.root

file path found: /hdfs/store/user/varuns/Run2018D_Prompt/EGamma/crab_job_EGamma2018Dv2_2v3/190602_055138/0005/Data_EGamma2018Dv2_2v3_5208.root
name: Data_EGamma2018Dv2_2v3_5208.root
filenumber: 38
Adding FullPathInputFile to chain:/hdfs/store/user/varuns/Run2018D_Prompt/EGamma/crab_job_EGamma2018Dv2_2v3/190602_055138/0005/Data_EGamma2018Dv2_2v3_5208.root

file path found: /hdfs/store/user/varuns/Run2018D_Prompt/EGamma/crab_job_EGamma2018Dv2_2v3/190602_055138/0005/Data_EGamma2018Dv2_2v3_5209.root
name: Data_EGamma2018Dv2_2v3_5209.root
filenumber: 39
Adding FullPathInputFile to chain:/hdfs/store/user/varuns/Run2018D_Prompt/EGamma/crab_job_EGamma2018Dv2_2v3/190602_055138/0005/Data_EGamma2018Dv2_2v3_5209.root

file path found: /hdfs/store/user/varuns/Run2018D_Prompt/EGamma/crab_job_EGamma2018Dv2_2v3/190602_055138/0005/Data_EGamma2018Dv2_2v3_5210.root
name: Data_EGamma2018Dv2_2v3_5210.root
filenumber: 40
Adding FullPathInputFile to chain:/hdfs/store/user/varuns/Run2018D_Prompt/EGamma/crab_job_EGamma2018Dv2_2v3/190602_055138/0005/Data_EGamma2018Dv2_2v3_5210.root

file path found: /hdfs/store/user/varuns/Run2018D_Prompt/EGamma/crab_job_EGamma2018Dv2_2v3/190602_055138/0005/Data_EGamma2018Dv2_2v3_5211.root
name: Data_EGamma2018Dv2_2v3_5211.root
filenumber: 41
Adding FullPathInputFile to chain:/hdfs/store/user/varuns/Run2018D_Prompt/EGamma/crab_job_EGamma2018Dv2_2v3/190602_055138/0005/Data_EGamma2018Dv2_2v3_5211.root

file path found: /hdfs/store/user/varuns/Run2018D_Prompt/EGamma/crab_job_EGamma2018Dv2_2v3/190602_055138/0005/Data_EGamma2018Dv2_2v3_5212.root
name: Data_EGamma2018Dv2_2v3_5212.root
filenumber: 42
Adding FullPathInputFile to chain:/hdfs/store/user/varuns/Run2018D_Prompt/EGamma/crab_job_EGamma2018Dv2_2v3/190602_055138/0005/Data_EGamma2018Dv2_2v3_5212.root

file path found: /hdfs/store/user/varuns/Run2018D_Prompt/EGamma/crab_job_EGamma2018Dv2_2v3/190602_055138/0005/Data_EGamma2018Dv2_2v3_5213.root
name: Data_EGamma2018Dv2_2v3_5213.root
filenumber: 43
Adding FullPathInputFile to chain:/hdfs/store/user/varuns/Run2018D_Prompt/EGamma/crab_job_EGamma2018Dv2_2v3/190602_055138/0005/Data_EGamma2018Dv2_2v3_5213.root

file path found: /hdfs/store/user/varuns/Run2018D_Prompt/EGamma/crab_job_EGamma2018Dv2_2v3/190602_055138/0005/Data_EGamma2018Dv2_2v3_5214.root
name: Data_EGamma2018Dv2_2v3_5214.root
filenumber: 44
Adding FullPathInputFile to chain:/hdfs/store/user/varuns/Run2018D_Prompt/EGamma/crab_job_EGamma2018Dv2_2v3/190602_055138/0005/Data_EGamma2018Dv2_2v3_5214.root

file path found: /hdfs/store/user/varuns/Run2018D_Prompt/EGamma/crab_job_EGamma2018Dv2_2v3/190602_055138/0005/Data_EGamma2018Dv2_2v3_5216.root
name: Data_EGamma2018Dv2_2v3_5216.root
filenumber: 45
Adding FullPathInputFile to chain:/hdfs/store/user/varuns/Run2018D_Prompt/EGamma/crab_job_EGamma2018Dv2_2v3/190602_055138/0005/Data_EGamma2018Dv2_2v3_5216.root

file path found: /hdfs/store/user/varuns/Run2018D_Prompt/EGamma/crab_job_EGamma2018Dv2_2v3/190602_055138/0005/Data_EGamma2018Dv2_2v3_5217.root
name: Data_EGamma2018Dv2_2v3_5217.root
filenumber: 46
Adding FullPathInputFile to chain:/hdfs/store/user/varuns/Run2018D_Prompt/EGamma/crab_job_EGamma2018Dv2_2v3/190602_055138/0005/Data_EGamma2018Dv2_2v3_5217.root

file path found: /hdfs/store/user/varuns/Run2018D_Prompt/EGamma/crab_job_EGamma2018Dv2_2v3/190602_055138/0005/Data_EGamma2018Dv2_2v3_5218.root
name: Data_EGamma2018Dv2_2v3_5218.root
filenumber: 47
Adding FullPathInputFile to chain:/hdfs/store/user/varuns/Run2018D_Prompt/EGamma/crab_job_EGamma2018Dv2_2v3/190602_055138/0005/Data_EGamma2018Dv2_2v3_5218.root

file path found: /hdfs/store/user/varuns/Run2018D_Prompt/EGamma/crab_job_EGamma2018Dv2_2v3/190602_055138/0005/Data_EGamma2018Dv2_2v3_5219.root
name: Data_EGamma2018Dv2_2v3_5219.root
filenumber: 48
Adding FullPathInputFile to chain:/hdfs/store/user/varuns/Run2018D_Prompt/EGamma/crab_job_EGamma2018Dv2_2v3/190602_055138/0005/Data_EGamma2018Dv2_2v3_5219.root

file path found: /hdfs/store/user/varuns/Run2018D_Prompt/EGamma/crab_job_EGamma2018Dv2_2v3/190602_055138/0005/Data_EGamma2018Dv2_2v3_5220.root
name: Data_EGamma2018Dv2_2v3_5220.root
filenumber: 49
Adding FullPathInputFile to chain:/hdfs/store/user/varuns/Run2018D_Prompt/EGamma/crab_job_EGamma2018Dv2_2v3/190602_055138/0005/Data_EGamma2018Dv2_2v3_5220.root

file path found: /hdfs/store/user/varuns/Run2018D_Prompt/EGamma/crab_job_EGamma2018Dv2_2v3/190602_055138/0005/Data_EGamma2018Dv2_2v3_5221.root
name: Data_EGamma2018Dv2_2v3_5221.root
filenumber: 50
Adding FullPathInputFile to chain:/hdfs/store/user/varuns/Run2018D_Prompt/EGamma/crab_job_EGamma2018Dv2_2v3/190602_055138/0005/Data_EGamma2018Dv2_2v3_5221.root

file path found: /hdfs/store/user/varuns/Run2018D_Prompt/EGamma/crab_job_EGamma2018Dv2_2v3/190602_055138/0005/Data_EGamma2018Dv2_2v3_5222.root
name: Data_EGamma2018Dv2_2v3_5222.root
filenumber: 51
Adding FullPathInputFile to chain:/hdfs/store/user/varuns/Run2018D_Prompt/EGamma/crab_job_EGamma2018Dv2_2v3/190602_055138/0005/Data_EGamma2018Dv2_2v3_5222.root

file path found: /hdfs/store/user/varuns/Run2018D_Prompt/EGamma/crab_job_EGamma2018Dv2_2v3/190602_055138/0005/Data_EGamma2018Dv2_2v3_5223.root
name: Data_EGamma2018Dv2_2v3_5223.root
filenumber: 52
Adding FullPathInputFile to chain:/hdfs/store/user/varuns/Run2018D_Prompt/EGamma/crab_job_EGamma2018Dv2_2v3/190602_055138/0005/Data_EGamma2018Dv2_2v3_5223.root

file path found: /hdfs/store/user/varuns/Run2018D_Prompt/EGamma/crab_job_EGamma2018Dv2_2v3/190602_055138/0005/Data_EGamma2018Dv2_2v3_5224.root
name: Data_EGamma2018Dv2_2v3_5224.root
filenumber: 53
Adding FullPathInputFile to chain:/hdfs/store/user/varuns/Run2018D_Prompt/EGamma/crab_job_EGamma2018Dv2_2v3/190602_055138/0005/Data_EGamma2018Dv2_2v3_5224.root

file path found: /hdfs/store/user/varuns/Run2018D_Prompt/EGamma/crab_job_EGamma2018Dv2_2v3/190602_055138/0005/Data_EGamma2018Dv2_2v3_5225.root
name: Data_EGamma2018Dv2_2v3_5225.root
filenumber: 54
Adding FullPathInputFile to chain:/hdfs/store/user/varuns/Run2018D_Prompt/EGamma/crab_job_EGamma2018Dv2_2v3/190602_055138/0005/Data_EGamma2018Dv2_2v3_5225.root

file path found: /hdfs/store/user/varuns/Run2018D_Prompt/EGamma/crab_job_EGamma2018Dv2_2v3/190602_055138/0005/Data_EGamma2018Dv2_2v3_5226.root
name: Data_EGamma2018Dv2_2v3_5226.root
filenumber: 55
Adding FullPathInputFile to chain:/hdfs/store/user/varuns/Run2018D_Prompt/EGamma/crab_job_EGamma2018Dv2_2v3/190602_055138/0005/Data_EGamma2018Dv2_2v3_5226.root

file path found: /hdfs/store/user/varuns/Run2018D_Prompt/EGamma/crab_job_EGamma2018Dv2_2v3/190602_055138/0005/Data_EGamma2018Dv2_2v3_5227.root
name: Data_EGamma2018Dv2_2v3_5227.root
filenumber: 56
Adding FullPathInputFile to chain:/hdfs/store/user/varuns/Run2018D_Prompt/EGamma/crab_job_EGamma2018Dv2_2v3/190602_055138/0005/Data_EGamma2018Dv2_2v3_5227.root

file path found: /hdfs/store/user/varuns/Run2018D_Prompt/EGamma/crab_job_EGamma2018Dv2_2v3/190602_055138/0005/Data_EGamma2018Dv2_2v3_5228.root
name: Data_EGamma2018Dv2_2v3_5228.root
filenumber: 57
Adding FullPathInputFile to chain:/hdfs/store/user/varuns/Run2018D_Prompt/EGamma/crab_job_EGamma2018Dv2_2v3/190602_055138/0005/Data_EGamma2018Dv2_2v3_5228.root

file path found: /hdfs/store/user/varuns/Run2018D_Prompt/EGamma/crab_job_EGamma2018Dv2_2v3/190602_055138/0005/Data_EGamma2018Dv2_2v3_5229.root
name: Data_EGamma2018Dv2_2v3_5229.root
filenumber: 58
Adding FullPathInputFile to chain:/hdfs/store/user/varuns/Run2018D_Prompt/EGamma/crab_job_EGamma2018Dv2_2v3/190602_055138/0005/Data_EGamma2018Dv2_2v3_5229.root

file path found: /hdfs/store/user/varuns/Run2018D_Prompt/EGamma/crab_job_EGamma2018Dv2_2v3/190602_055138/0005/Data_EGamma2018Dv2_2v3_5230.root
name: Data_EGamma2018Dv2_2v3_5230.root
filenumber: 59
Adding FullPathInputFile to chain:/hdfs/store/user/varuns/Run2018D_Prompt/EGamma/crab_job_EGamma2018Dv2_2v3/190602_055138/0005/Data_EGamma2018Dv2_2v3_5230.root

file path found: /hdfs/store/user/varuns/Run2018D_Prompt/EGamma/crab_job_EGamma2018Dv2_2v3/190602_055138/0005/Data_EGamma2018Dv2_2v3_5231.root
name: Data_EGamma2018Dv2_2v3_5231.root
filenumber: 60
Adding FullPathInputFile to chain:/hdfs/store/user/varuns/Run2018D_Prompt/EGamma/crab_job_EGamma2018Dv2_2v3/190602_055138/0005/Data_EGamma2018Dv2_2v3_5231.root

file path found: /hdfs/store/user/varuns/Run2018D_Prompt/EGamma/crab_job_EGamma2018Dv2_2v3/190602_055138/0005/Data_EGamma2018Dv2_2v3_5232.root
name: Data_EGamma2018Dv2_2v3_5232.root
filenumber: 61
Adding FullPathInputFile to chain:/hdfs/store/user/varuns/Run2018D_Prompt/EGamma/crab_job_EGamma2018Dv2_2v3/190602_055138/0005/Data_EGamma2018Dv2_2v3_5232.root

file path found: /hdfs/store/user/varuns/Run2018D_Prompt/EGamma/crab_job_EGamma2018Dv2_2v3/190602_055138/0005/Data_EGamma2018Dv2_2v3_5233.root
name: Data_EGamma2018Dv2_2v3_5233.root
filenumber: 62
Adding FullPathInputFile to chain:/hdfs/store/user/varuns/Run2018D_Prompt/EGamma/crab_job_EGamma2018Dv2_2v3/190602_055138/0005/Data_EGamma2018Dv2_2v3_5233.root

file path found: /hdfs/store/user/varuns/Run2018D_Prompt/EGamma/crab_job_EGamma2018Dv2_2v3/190602_055138/0005/Data_EGamma2018Dv2_2v3_5234.root
name: Data_EGamma2018Dv2_2v3_5234.root
filenumber: 63
Adding FullPathInputFile to chain:/hdfs/store/user/varuns/Run2018D_Prompt/EGamma/crab_job_EGamma2018Dv2_2v3/190602_055138/0005/Data_EGamma2018Dv2_2v3_5234.root

file path found: /hdfs/store/user/varuns/Run2018D_Prompt/EGamma/crab_job_EGamma2018Dv2_2v3/190602_055138/0005/Data_EGamma2018Dv2_2v3_5235.root
name: Data_EGamma2018Dv2_2v3_5235.root
filenumber: 64
Adding FullPathInputFile to chain:/hdfs/store/user/varuns/Run2018D_Prompt/EGamma/crab_job_EGamma2018Dv2_2v3/190602_055138/0005/Data_EGamma2018Dv2_2v3_5235.root

file path found: /hdfs/store/user/varuns/Run2018D_Prompt/EGamma/crab_job_EGamma2018Dv2_2v3/190602_055138/0005/Data_EGamma2018Dv2_2v3_5236.root
name: Data_EGamma2018Dv2_2v3_5236.root
filenumber: 65
Adding FullPathInputFile to chain:/hdfs/store/user/varuns/Run2018D_Prompt/EGamma/crab_job_EGamma2018Dv2_2v3/190602_055138/0005/Data_EGamma2018Dv2_2v3_5236.root

file path found: /hdfs/store/user/varuns/Run2018D_Prompt/EGamma/crab_job_EGamma2018Dv2_2v3/190602_055138/0005/Data_EGamma2018Dv2_2v3_5237.root
name: Data_EGamma2018Dv2_2v3_5237.root
filenumber: 66
Adding FullPathInputFile to chain:/hdfs/store/user/varuns/Run2018D_Prompt/EGamma/crab_job_EGamma2018Dv2_2v3/190602_055138/0005/Data_EGamma2018Dv2_2v3_5237.root

file path found: /hdfs/store/user/varuns/Run2018D_Prompt/EGamma/crab_job_EGamma2018Dv2_2v3/190602_055138/0005/Data_EGamma2018Dv2_2v3_5238.root
name: Data_EGamma2018Dv2_2v3_5238.root
filenumber: 67
Adding FullPathInputFile to chain:/hdfs/store/user/varuns/Run2018D_Prompt/EGamma/crab_job_EGamma2018Dv2_2v3/190602_055138/0005/Data_EGamma2018Dv2_2v3_5238.root

file path found: /hdfs/store/user/varuns/Run2018D_Prompt/EGamma/crab_job_EGamma2018Dv2_2v3/190602_055138/0005/Data_EGamma2018Dv2_2v3_5239.root
name: Data_EGamma2018Dv2_2v3_5239.root
filenumber: 68
Adding FullPathInputFile to chain:/hdfs/store/user/varuns/Run2018D_Prompt/EGamma/crab_job_EGamma2018Dv2_2v3/190602_055138/0005/Data_EGamma2018Dv2_2v3_5239.root

file path found: /hdfs/store/user/varuns/Run2018D_Prompt/EGamma/crab_job_EGamma2018Dv2_2v3/190602_055138/0005/Data_EGamma2018Dv2_2v3_5240.root
name: Data_EGamma2018Dv2_2v3_5240.root
filenumber: 69
Adding FullPathInputFile to chain:/hdfs/store/user/varuns/Run2018D_Prompt/EGamma/crab_job_EGamma2018Dv2_2v3/190602_055138/0005/Data_EGamma2018Dv2_2v3_5240.root

file path found: /hdfs/store/user/varuns/Run2018D_Prompt/EGamma/crab_job_EGamma2018Dv2_2v3/190602_055138/0005/Data_EGamma2018Dv2_2v3_5241.root
name: Data_EGamma2018Dv2_2v3_5241.root
filenumber: 70
Adding FullPathInputFile to chain:/hdfs/store/user/varuns/Run2018D_Prompt/EGamma/crab_job_EGamma2018Dv2_2v3/190602_055138/0005/Data_EGamma2018Dv2_2v3_5241.root

file path found: /hdfs/store/user/varuns/Run2018D_Prompt/EGamma/crab_job_EGamma2018Dv2_2v3/190602_055138/0005/Data_EGamma2018Dv2_2v3_5242.root
name: Data_EGamma2018Dv2_2v3_5242.root
filenumber: 71
Adding FullPathInputFile to chain:/hdfs/store/user/varuns/Run2018D_Prompt/EGamma/crab_job_EGamma2018Dv2_2v3/190602_055138/0005/Data_EGamma2018Dv2_2v3_5242.root

file path found: /hdfs/store/user/varuns/Run2018D_Prompt/EGamma/crab_job_EGamma2018Dv2_2v3/190602_055138/0005/Data_EGamma2018Dv2_2v3_5243.root
name: Data_EGamma2018Dv2_2v3_5243.root
filenumber: 72
Adding FullPathInputFile to chain:/hdfs/store/user/varuns/Run2018D_Prompt/EGamma/crab_job_EGamma2018Dv2_2v3/190602_055138/0005/Data_EGamma2018Dv2_2v3_5243.root

file path found: /hdfs/store/user/varuns/Run2018D_Prompt/EGamma/crab_job_EGamma2018Dv2_2v3/190602_055138/0005/Data_EGamma2018Dv2_2v3_5244.root
name: Data_EGamma2018Dv2_2v3_5244.root
filenumber: 73
Adding FullPathInputFile to chain:/hdfs/store/user/varuns/Run2018D_Prompt/EGamma/crab_job_EGamma2018Dv2_2v3/190602_055138/0005/Data_EGamma2018Dv2_2v3_5244.root

file path found: /hdfs/store/user/varuns/Run2018D_Prompt/EGamma/crab_job_EGamma2018Dv2_2v3/190602_055138/0005/Data_EGamma2018Dv2_2v3_5245.root
name: Data_EGamma2018Dv2_2v3_5245.root
filenumber: 74
Adding FullPathInputFile to chain:/hdfs/store/user/varuns/Run2018D_Prompt/EGamma/crab_job_EGamma2018Dv2_2v3/190602_055138/0005/Data_EGamma2018Dv2_2v3_5245.root

file path found: /hdfs/store/user/varuns/Run2018D_Prompt/EGamma/crab_job_EGamma2018Dv2_2v3/190602_055138/0005/Data_EGamma2018Dv2_2v3_5246.root
name: Data_EGamma2018Dv2_2v3_5246.root
filenumber: 75
Adding FullPathInputFile to chain:/hdfs/store/user/varuns/Run2018D_Prompt/EGamma/crab_job_EGamma2018Dv2_2v3/190602_055138/0005/Data_EGamma2018Dv2_2v3_5246.root

file path found: /hdfs/store/user/varuns/Run2018D_Prompt/EGamma/crab_job_EGamma2018Dv2_2v3/190602_055138/0005/Data_EGamma2018Dv2_2v3_5247.root
name: Data_EGamma2018Dv2_2v3_5247.root
filenumber: 76
Adding FullPathInputFile to chain:/hdfs/store/user/varuns/Run2018D_Prompt/EGamma/crab_job_EGamma2018Dv2_2v3/190602_055138/0005/Data_EGamma2018Dv2_2v3_5247.root

file path found: /hdfs/store/user/varuns/Run2018D_Prompt/EGamma/crab_job_EGamma2018Dv2_2v3/190602_055138/0005/Data_EGamma2018Dv2_2v3_5248.root
name: Data_EGamma2018Dv2_2v3_5248.root
filenumber: 77
Adding FullPathInputFile to chain:/hdfs/store/user/varuns/Run2018D_Prompt/EGamma/crab_job_EGamma2018Dv2_2v3/190602_055138/0005/Data_EGamma2018Dv2_2v3_5248.root

file path found: /hdfs/store/user/varuns/Run2018D_Prompt/EGamma/crab_job_EGamma2018Dv2_2v3/190602_055138/0005/Data_EGamma2018Dv2_2v3_5249.root
name: Data_EGamma2018Dv2_2v3_5249.root
filenumber: 78
Adding FullPathInputFile to chain:/hdfs/store/user/varuns/Run2018D_Prompt/EGamma/crab_job_EGamma2018Dv2_2v3/190602_055138/0005/Data_EGamma2018Dv2_2v3_5249.root

file path found: /hdfs/store/user/varuns/Run2018D_Prompt/EGamma/crab_job_EGamma2018Dv2_2v3/190602_055138/0005/Data_EGamma2018Dv2_2v3_5250.root
name: Data_EGamma2018Dv2_2v3_5250.root
filenumber: 79
file path found: /hdfs/store/user/varuns/Run2018D_Prompt/EGamma/crab_job_EGamma2018Dv2_2v3/190602_055138/0005/Data_EGamma2018Dv2_2v3_5251.root
name: Data_EGamma2018Dv2_2v3_5251.root
filenumber: 80
file path found: /hdfs/store/user/varuns/Run2018D_Prompt/EGamma/crab_job_EGamma2018Dv2_2v3/190602_055138/0005/Data_EGamma2018Dv2_2v3_5252.root
name: Data_EGamma2018Dv2_2v3_5252.root
filenumber: 81
file path found: /hdfs/store/user/varuns/Run2018D_Prompt/EGamma/crab_job_EGamma2018Dv2_2v3/190602_055138/0005/Data_EGamma2018Dv2_2v3_5253.root
name: Data_EGamma2018Dv2_2v3_5253.root
filenumber: 82
file path found: /hdfs/store/user/varuns/Run2018D_Prompt/EGamma/crab_job_EGamma2018Dv2_2v3/190602_055138/0005/Data_EGamma2018Dv2_2v3_5254.root
name: Data_EGamma2018Dv2_2v3_5254.root
filenumber: 83
file path found: /hdfs/store/user/varuns/Run2018D_Prompt/EGamma/crab_job_EGamma2018Dv2_2v3/190602_055138/0005/Data_EGamma2018Dv2_2v3_5255.root
name: Data_EGamma2018Dv2_2v3_5255.root
filenumber: 84
file path found: /hdfs/store/user/varuns/Run2018D_Prompt/EGamma/crab_job_EGamma2018Dv2_2v3/190602_055138/0005/Data_EGamma2018Dv2_2v3_5256.root
name: Data_EGamma2018Dv2_2v3_5256.root
filenumber: 85
file path found: /hdfs/store/user/varuns/Run2018D_Prompt/EGamma/crab_job_EGamma2018Dv2_2v3/190602_055138/0005/Data_EGamma2018Dv2_2v3_5257.root
name: Data_EGamma2018Dv2_2v3_5257.root
filenumber: 86
file path found: /hdfs/store/user/varuns/Run2018D_Prompt/EGamma/crab_job_EGamma2018Dv2_2v3/190602_055138/0005/Data_EGamma2018Dv2_2v3_5258.root
name: Data_EGamma2018Dv2_2v3_5258.root
filenumber: 87
file path found: /hdfs/store/user/varuns/Run2018D_Prompt/EGamma/crab_job_EGamma2018Dv2_2v3/190602_055138/0005/Data_EGamma2018Dv2_2v3_5259.root
name: Data_EGamma2018Dv2_2v3_5259.root
filenumber: 88
file path found: /hdfs/store/user/varuns/Run2018D_Prompt/EGamma/crab_job_EGamma2018Dv2_2v3/190602_055138/0005/Data_EGamma2018Dv2_2v3_5260.root
name: Data_EGamma2018Dv2_2v3_5260.root
filenumber: 89
file path found: /hdfs/store/user/varuns/Run2018D_Prompt/EGamma/crab_job_EGamma2018Dv2_2v3/190602_055138/0005/Data_EGamma2018Dv2_2v3_5261.root
name: Data_EGamma2018Dv2_2v3_5261.root
filenumber: 90
file path found: /hdfs/store/user/varuns/Run2018D_Prompt/EGamma/crab_job_EGamma2018Dv2_2v3/190602_055138/0005/Data_EGamma2018Dv2_2v3_5262.root
name: Data_EGamma2018Dv2_2v3_5262.root
filenumber: 91
file path found: /hdfs/store/user/varuns/Run2018D_Prompt/EGamma/crab_job_EGamma2018Dv2_2v3/190602_055138/0005/Data_EGamma2018Dv2_2v3_5263.root
name: Data_EGamma2018Dv2_2v3_5263.root
filenumber: 92
file path found: /hdfs/store/user/varuns/Run2018D_Prompt/EGamma/crab_job_EGamma2018Dv2_2v3/190602_055138/0005/Data_EGamma2018Dv2_2v3_5264.root
name: Data_EGamma2018Dv2_2v3_5264.root
filenumber: 93
file path found: /hdfs/store/user/varuns/Run2018D_Prompt/EGamma/crab_job_EGamma2018Dv2_2v3/190602_055138/0005/Data_EGamma2018Dv2_2v3_5265.root
name: Data_EGamma2018Dv2_2v3_5265.root
filenumber: 94
file path found: /hdfs/store/user/varuns/Run2018D_Prompt/EGamma/crab_job_EGamma2018Dv2_2v3/190602_055138/0005/Data_EGamma2018Dv2_2v3_5266.root
name: Data_EGamma2018Dv2_2v3_5266.root
filenumber: 95
file path found: /hdfs/store/user/varuns/Run2018D_Prompt/EGamma/crab_job_EGamma2018Dv2_2v3/190602_055138/0005/Data_EGamma2018Dv2_2v3_5267.root
name: Data_EGamma2018Dv2_2v3_5267.root
filenumber: 96
file path found: /hdfs/store/user/varuns/Run2018D_Prompt/EGamma/crab_job_EGamma2018Dv2_2v3/190602_055138/0005/Data_EGamma2018Dv2_2v3_5268.root
name: Data_EGamma2018Dv2_2v3_5268.root
filenumber: 97
file path found: /hdfs/store/user/varuns/Run2018D_Prompt/EGamma/crab_job_EGamma2018Dv2_2v3/190602_055138/0005/Data_EGamma2018Dv2_2v3_5269.root
name: Data_EGamma2018Dv2_2v3_5269.root
filenumber: 98
file path found: /hdfs/store/user/varuns/Run2018D_Prompt/EGamma/crab_job_EGamma2018Dv2_2v3/190602_055138/0005/Data_EGamma2018Dv2_2v3_5270.root
name: Data_EGamma2018Dv2_2v3_5270.root
filenumber: 99
file path found: /hdfs/store/user/varuns/Run2018D_Prompt/EGamma/crab_job_EGamma2018Dv2_2v3/190602_055138/0005/Data_EGamma2018Dv2_2v3_5271.root
name: Data_EGamma2018Dv2_2v3_5271.root
filenumber: 100
file path found: /hdfs/store/user/varuns/Run2018D_Prompt/EGamma/crab_job_EGamma2018Dv2_2v3/190602_055138/0005/Data_EGamma2018Dv2_2v3_5272.root
name: Data_EGamma2018Dv2_2v3_5272.root
filenumber: 101
file path found: /hdfs/store/user/varuns/Run2018D_Prompt/EGamma/crab_job_EGamma2018Dv2_2v3/190602_055138/0005/Data_EGamma2018Dv2_2v3_5273.root
name: Data_EGamma2018Dv2_2v3_5273.root
filenumber: 102
file path found: /hdfs/store/user/varuns/Run2018D_Prompt/EGamma/crab_job_EGamma2018Dv2_2v3/190602_055138/0005/Data_EGamma2018Dv2_2v3_5274.root
name: Data_EGamma2018Dv2_2v3_5274.root
filenumber: 103
file path found: /hdfs/store/user/varuns/Run2018D_Prompt/EGamma/crab_job_EGamma2018Dv2_2v3/190602_055138/0005/Data_EGamma2018Dv2_2v3_5275.root
name: Data_EGamma2018Dv2_2v3_5275.root
filenumber: 104
file path found: /hdfs/store/user/varuns/Run2018D_Prompt/EGamma/crab_job_EGamma2018Dv2_2v3/190602_055138/0005/Data_EGamma2018Dv2_2v3_5276.root
name: Data_EGamma2018Dv2_2v3_5276.root
filenumber: 105
file path found: /hdfs/store/user/varuns/Run2018D_Prompt/EGamma/crab_job_EGamma2018Dv2_2v3/190602_055138/0005/Data_EGamma2018Dv2_2v3_5277.root
name: Data_EGamma2018Dv2_2v3_5277.root
filenumber: 106
file path found: /hdfs/store/user/varuns/Run2018D_Prompt/EGamma/crab_job_EGamma2018Dv2_2v3/190602_055138/0005/Data_EGamma2018Dv2_2v3_5278.root
name: Data_EGamma2018Dv2_2v3_5278.root
filenumber: 107
file path found: /hdfs/store/user/varuns/Run2018D_Prompt/EGamma/crab_job_EGamma2018Dv2_2v3/190602_055138/0005/Data_EGamma2018Dv2_2v3_5279.root
name: Data_EGamma2018Dv2_2v3_5279.root
filenumber: 108
file path found: /hdfs/store/user/varuns/Run2018D_Prompt/EGamma/crab_job_EGamma2018Dv2_2v3/190602_055138/0005/Data_EGamma2018Dv2_2v3_5280.root
name: Data_EGamma2018Dv2_2v3_5280.root
filenumber: 109
file path found: /hdfs/store/user/varuns/Run2018D_Prompt/EGamma/crab_job_EGamma2018Dv2_2v3/190602_055138/0005/Data_EGamma2018Dv2_2v3_5281.root
name: Data_EGamma2018Dv2_2v3_5281.root
filenumber: 110
file path found: /hdfs/store/user/varuns/Run2018D_Prompt/EGamma/crab_job_EGamma2018Dv2_2v3/190602_055138/0005/Data_EGamma2018Dv2_2v3_5282.root
name: Data_EGamma2018Dv2_2v3_5282.root
filenumber: 111
file path found: /hdfs/store/user/varuns/Run2018D_Prompt/EGamma/crab_job_EGamma2018Dv2_2v3/190602_055138/0005/Data_EGamma2018Dv2_2v3_5283.root
name: Data_EGamma2018Dv2_2v3_5283.root
filenumber: 112
file path found: /hdfs/store/user/varuns/Run2018D_Prompt/EGamma/crab_job_EGamma2018Dv2_2v3/190602_055138/0005/Data_EGamma2018Dv2_2v3_5284.root
name: Data_EGamma2018Dv2_2v3_5284.root
filenumber: 113
file path found: /hdfs/store/user/varuns/Run2018D_Prompt/EGamma/crab_job_EGamma2018Dv2_2v3/190602_055138/0005/Data_EGamma2018Dv2_2v3_5285.root
name: Data_EGamma2018Dv2_2v3_5285.root
filenumber: 114
file path found: /hdfs/store/user/varuns/Run2018D_Prompt/EGamma/crab_job_EGamma2018Dv2_2v3/190602_055138/0005/Data_EGamma2018Dv2_2v3_5286.root
name: Data_EGamma2018Dv2_2v3_5286.root
filenumber: 115
file path found: /hdfs/store/user/varuns/Run2018D_Prompt/EGamma/crab_job_EGamma2018Dv2_2v3/190602_055138/0005/Data_EGamma2018Dv2_2v3_5287.root
name: Data_EGamma2018Dv2_2v3_5287.root
filenumber: 116
file path found: /hdfs/store/user/varuns/Run2018D_Prompt/EGamma/crab_job_EGamma2018Dv2_2v3/190602_055138/0005/Data_EGamma2018Dv2_2v3_5288.root
name: Data_EGamma2018Dv2_2v3_5288.root
filenumber: 117
file path found: /hdfs/store/user/varuns/Run2018D_Prompt/EGamma/crab_job_EGamma2018Dv2_2v3/190602_055138/0005/Data_EGamma2018Dv2_2v3_5289.root
name: Data_EGamma2018Dv2_2v3_5289.root
filenumber: 118
file path found: /hdfs/store/user/varuns/Run2018D_Prompt/EGamma/crab_job_EGamma2018Dv2_2v3/190602_055138/0005/Data_EGamma2018Dv2_2v3_5290.root
name: Data_EGamma2018Dv2_2v3_5290.root
filenumber: 119
file path found: /hdfs/store/user/varuns/Run2018D_Prompt/EGamma/crab_job_EGamma2018Dv2_2v3/190602_055138/0005/Data_EGamma2018Dv2_2v3_5291.root
name: Data_EGamma2018Dv2_2v3_5291.root
filenumber: 120
file path found: /hdfs/store/user/varuns/Run2018D_Prompt/EGamma/crab_job_EGamma2018Dv2_2v3/190602_055138/0005/Data_EGamma2018Dv2_2v3_5292.root
name: Data_EGamma2018Dv2_2v3_5292.root
filenumber: 121
file path found: /hdfs/store/user/varuns/Run2018D_Prompt/EGamma/crab_job_EGamma2018Dv2_2v3/190602_055138/0005/Data_EGamma2018Dv2_2v3_5299.root
name: Data_EGamma2018Dv2_2v3_5299.root
filenumber: 122
file path found: /hdfs/store/user/varuns/Run2018D_Prompt/EGamma/crab_job_EGamma2018Dv2_2v3/190602_055138/0005/Data_EGamma2018Dv2_2v3_5300.root
name: Data_EGamma2018Dv2_2v3_5300.root
filenumber: 123
file path found: /hdfs/store/user/varuns/Run2018D_Prompt/EGamma/crab_job_EGamma2018Dv2_2v3/190602_055138/0005/Data_EGamma2018Dv2_2v3_5310.root
name: Data_EGamma2018Dv2_2v3_5310.root
filenumber: 124
file path found: /hdfs/store/user/varuns/Run2018D_Prompt/EGamma/crab_job_EGamma2018Dv2_2v3/190602_055138/0005/Data_EGamma2018Dv2_2v3_5312.root
name: Data_EGamma2018Dv2_2v3_5312.root
filenumber: 125
file path found: /hdfs/store/user/varuns/Run2018D_Prompt/EGamma/crab_job_EGamma2018Dv2_2v3/190602_055138/0005/Data_EGamma2018Dv2_2v3_5403.root
name: Data_EGamma2018Dv2_2v3_5403.root
filenumber: 126
file path found: /hdfs/store/user/varuns/Run2018D_Prompt/EGamma/crab_job_EGamma2018Dv2_2v3/190602_055138/0005/Data_EGamma2018Dv2_2v3_5404.root
name: Data_EGamma2018Dv2_2v3_5404.root
filenumber: 127
file path found: /hdfs/store/user/varuns/Run2018D_Prompt/EGamma/crab_job_EGamma2018Dv2_2v3/190602_055138/0005/Data_EGamma2018Dv2_2v3_5405.root
name: Data_EGamma2018Dv2_2v3_5405.root
filenumber: 128
file path found: /hdfs/store/user/varuns/Run2018D_Prompt/EGamma/crab_job_EGamma2018Dv2_2v3/190602_055138/0005/Data_EGamma2018Dv2_2v3_5406.root
name: Data_EGamma2018Dv2_2v3_5406.root
filenumber: 129
file path found: /hdfs/store/user/varuns/Run2018D_Prompt/EGamma/crab_job_EGamma2018Dv2_2v3/190602_055138/0005/Data_EGamma2018Dv2_2v3_5407.root
name: Data_EGamma2018Dv2_2v3_5407.root
filenumber: 130
file path found: /hdfs/store/user/varuns/Run2018D_Prompt/EGamma/crab_job_EGamma2018Dv2_2v3/190602_055138/0005/Data_EGamma2018Dv2_2v3_5551.root
name: Data_EGamma2018Dv2_2v3_5551.root
filenumber: 131
file path found: /hdfs/store/user/varuns/Run2018D_Prompt/EGamma/crab_job_EGamma2018Dv2_2v3/190602_055138/0005/Data_EGamma2018Dv2_2v3_5573.root
name: Data_EGamma2018Dv2_2v3_5573.root
filenumber: 132
file path found: /hdfs/store/user/varuns/Run2018D_Prompt/EGamma/crab_job_EGamma2018Dv2_2v3/190602_055138/0005/Data_EGamma2018Dv2_2v3_5575.root
name: Data_EGamma2018Dv2_2v3_5575.root
filenumber: 133
file path found: /hdfs/store/user/varuns/Run2018D_Prompt/EGamma/crab_job_EGamma2018Dv2_2v3/190602_055138/0005/Data_EGamma2018Dv2_2v3_5578.root
name: Data_EGamma2018Dv2_2v3_5578.root
filenumber: 134
file path found: /hdfs/store/user/varuns/Run2018D_Prompt/EGamma/crab_job_EGamma2018Dv2_2v3/190602_055138/0005/Data_EGamma2018Dv2_2v3_5592.root
name: Data_EGamma2018Dv2_2v3_5592.root
filenumber: 135
file path found: /hdfs/store/user/varuns/Run2018D_Prompt/EGamma/crab_job_EGamma2018Dv2_2v3/190602_055138/0005/Data_EGamma2018Dv2_2v3_5596.root
name: Data_EGamma2018Dv2_2v3_5596.root
filenumber: 136
file path found: /hdfs/store/user/varuns/Run2018D_Prompt/EGamma/crab_job_EGamma2018Dv2_2v3/190602_055138/0005/Data_EGamma2018Dv2_2v3_5597.root
name: Data_EGamma2018Dv2_2v3_5597.root
filenumber: 137
file path found: /hdfs/store/user/varuns/Run2018D_Prompt/EGamma/crab_job_EGamma2018Dv2_2v3/190602_055138/0005/Data_EGamma2018Dv2_2v3_5598.root
name: Data_EGamma2018Dv2_2v3_5598.root
filenumber: 138
file path found: /hdfs/store/user/varuns/Run2018D_Prompt/EGamma/crab_job_EGamma2018Dv2_2v3/190602_055138/0005/Data_EGamma2018Dv2_2v3_5599.root
name: Data_EGamma2018Dv2_2v3_5599.root
filenumber: 139
file path found: /hdfs/store/user/varuns/Run2018D_Prompt/EGamma/crab_job_EGamma2018Dv2_2v3/190602_055138/0005/Data_EGamma2018Dv2_2v3_5600.root
name: Data_EGamma2018Dv2_2v3_5600.root
filenumber: 140
file path found: /hdfs/store/user/varuns/Run2018D_Prompt/EGamma/crab_job_EGamma2018Dv2_2v3/190602_055138/0005/Data_EGamma2018Dv2_2v3_5604.root
name: Data_EGamma2018Dv2_2v3_5604.root
filenumber: 141
file path found: /hdfs/store/user/varuns/Run2018D_Prompt/EGamma/crab_job_EGamma2018Dv2_2v3/190602_055138/0005/Data_EGamma2018Dv2_2v3_5605.root
name: Data_EGamma2018Dv2_2v3_5605.root
filenumber: 142
file path found: /hdfs/store/user/varuns/Run2018D_Prompt/EGamma/crab_job_EGamma2018Dv2_2v3/190602_055138/0005/Data_EGamma2018Dv2_2v3_5606.root
name: Data_EGamma2018Dv2_2v3_5606.root
filenumber: 143
file path found: /hdfs/store/user/varuns/Run2018D_Prompt/EGamma/crab_job_EGamma2018Dv2_2v3/190602_055138/0005/Data_EGamma2018Dv2_2v3_5607.root
name: Data_EGamma2018Dv2_2v3_5607.root
filenumber: 144
file path found: /hdfs/store/user/varuns/Run2018D_Prompt/EGamma/crab_job_EGamma2018Dv2_2v3/190602_055138/0005/Data_EGamma2018Dv2_2v3_5609.root
name: Data_EGamma2018Dv2_2v3_5609.root
filenumber: 145
file path found: /hdfs/store/user/varuns/Run2018D_Prompt/EGamma/crab_job_EGamma2018Dv2_2v3/190602_055138/0005/Data_EGamma2018Dv2_2v3_5614.root
name: Data_EGamma2018Dv2_2v3_5614.root
filenumber: 146
file path found: /hdfs/store/user/varuns/Run2018D_Prompt/EGamma/crab_job_EGamma2018Dv2_2v3/190602_055138/0005/Data_EGamma2018Dv2_2v3_5615.root
name: Data_EGamma2018Dv2_2v3_5615.root
filenumber: 147
file path found: /hdfs/store/user/varuns/Run2018D_Prompt/EGamma/crab_job_EGamma2018Dv2_2v3/190602_055138/0005/Data_EGamma2018Dv2_2v3_5616.root
name: Data_EGamma2018Dv2_2v3_5616.root
filenumber: 148
file path found: /hdfs/store/user/varuns/Run2018D_Prompt/EGamma/crab_job_EGamma2018Dv2_2v3/190602_055138/0005/Data_EGamma2018Dv2_2v3_5617.root
name: Data_EGamma2018Dv2_2v3_5617.root
filenumber: 149
file path found: /hdfs/store/user/varuns/Run2018D_Prompt/EGamma/crab_job_EGamma2018Dv2_2v3/190602_055138/0005/Data_EGamma2018Dv2_2v3_5621.root
name: Data_EGamma2018Dv2_2v3_5621.root
filenumber: 150
file path found: /hdfs/store/user/varuns/Run2018D_Prompt/EGamma/crab_job_EGamma2018Dv2_2v3/190602_055138/0005/Data_EGamma2018Dv2_2v3_5624.root
name: Data_EGamma2018Dv2_2v3_5624.root
filenumber: 151
file path found: /hdfs/store/user/varuns/Run2018D_Prompt/EGamma/crab_job_EGamma2018Dv2_2v3/190602_055138/0005/Data_EGamma2018Dv2_2v3_5627.root
name: Data_EGamma2018Dv2_2v3_5627.root
filenumber: 152
file path found: /hdfs/store/user/varuns/Run2018D_Prompt/EGamma/crab_job_EGamma2018Dv2_2v3/190602_055138/0005/Data_EGamma2018Dv2_2v3_5629.root
name: Data_EGamma2018Dv2_2v3_5629.root
filenumber: 153
file path found: /hdfs/store/user/varuns/Run2018D_Prompt/EGamma/crab_job_EGamma2018Dv2_2v3/190602_055138/0005/Data_EGamma2018Dv2_2v3_5630.root
name: Data_EGamma2018Dv2_2v3_5630.root
filenumber: 154
file path found: /hdfs/store/user/varuns/Run2018D_Prompt/EGamma/crab_job_EGamma2018Dv2_2v3/190602_055138/0005/Data_EGamma2018Dv2_2v3_5631.root
name: Data_EGamma2018Dv2_2v3_5631.root
filenumber: 155
file path found: /hdfs/store/user/varuns/Run2018D_Prompt/EGamma/crab_job_EGamma2018Dv2_2v3/190602_055138/0005/Data_EGamma2018Dv2_2v3_5632.root
name: Data_EGamma2018Dv2_2v3_5632.root
filenumber: 156
file path found: /hdfs/store/user/varuns/Run2018D_Prompt/EGamma/crab_job_EGamma2018Dv2_2v3/190602_055138/0005/Data_EGamma2018Dv2_2v3_5633.root
name: Data_EGamma2018Dv2_2v3_5633.root
filenumber: 157
file path found: /hdfs/store/user/varuns/Run2018D_Prompt/EGamma/crab_job_EGamma2018Dv2_2v3/190602_055138/0005/Data_EGamma2018Dv2_2v3_5634.root
name: Data_EGamma2018Dv2_2v3_5634.root
filenumber: 158
file path found: /hdfs/store/user/varuns/Run2018D_Prompt/EGamma/crab_job_EGamma2018Dv2_2v3/190602_055138/0005/Data_EGamma2018Dv2_2v3_5635.root
name: Data_EGamma2018Dv2_2v3_5635.root
filenumber: 159
file path found: /hdfs/store/user/varuns/Run2018D_Prompt/EGamma/crab_job_EGamma2018Dv2_2v3/190602_055138/0005/Data_EGamma2018Dv2_2v3_5637.root
name: Data_EGamma2018Dv2_2v3_5637.root
filenumber: 160
file path found: /hdfs/store/user/varuns/Run2018D_Prompt/EGamma/crab_job_EGamma2018Dv2_2v3/190602_055138/0005/Data_EGamma2018Dv2_2v3_5638.root
name: Data_EGamma2018Dv2_2v3_5638.root
filenumber: 161
file path found: /hdfs/store/user/varuns/Run2018D_Prompt/EGamma/crab_job_EGamma2018Dv2_2v3/190602_055138/0005/Data_EGamma2018Dv2_2v3_5639.root
name: Data_EGamma2018Dv2_2v3_5639.root
filenumber: 162
file path found: /hdfs/store/user/varuns/Run2018D_Prompt/EGamma/crab_job_EGamma2018Dv2_2v3/190602_055138/0005/Data_EGamma2018Dv2_2v3_5640.root
name: Data_EGamma2018Dv2_2v3_5640.root
filenumber: 163
file path found: /hdfs/store/user/varuns/Run2018D_Prompt/EGamma/crab_job_EGamma2018Dv2_2v3/190602_055138/0005/Data_EGamma2018Dv2_2v3_5641.root
name: Data_EGamma2018Dv2_2v3_5641.root
filenumber: 164
file path found: /hdfs/store/user/varuns/Run2018D_Prompt/EGamma/crab_job_EGamma2018Dv2_2v3/190602_055138/0005/Data_EGamma2018Dv2_2v3_5642.root
name: Data_EGamma2018Dv2_2v3_5642.root
filenumber: 165
file path found: /hdfs/store/user/varuns/Run2018D_Prompt/EGamma/crab_job_EGamma2018Dv2_2v3/190602_055138/0005/Data_EGamma2018Dv2_2v3_5643.root
name: Data_EGamma2018Dv2_2v3_5643.root
filenumber: 166
file path found: /hdfs/store/user/varuns/Run2018D_Prompt/EGamma/crab_job_EGamma2018Dv2_2v3/190602_055138/0005/Data_EGamma2018Dv2_2v3_5644.root
name: Data_EGamma2018Dv2_2v3_5644.root
filenumber: 167
file path found: /hdfs/store/user/varuns/Run2018D_Prompt/EGamma/crab_job_EGamma2018Dv2_2v3/190602_055138/0005/Data_EGamma2018Dv2_2v3_5645.root
name: Data_EGamma2018Dv2_2v3_5645.root
filenumber: 168
file path found: /hdfs/store/user/varuns/Run2018D_Prompt/EGamma/crab_job_EGamma2018Dv2_2v3/190602_055138/0005/Data_EGamma2018Dv2_2v3_5646.root
name: Data_EGamma2018Dv2_2v3_5646.root
filenumber: 169
file path found: /hdfs/store/user/varuns/Run2018D_Prompt/EGamma/crab_job_EGamma2018Dv2_2v3/190602_055138/0005/Data_EGamma2018Dv2_2v3_5647.root
name: Data_EGamma2018Dv2_2v3_5647.root
filenumber: 170
file path found: /hdfs/store/user/varuns/Run2018D_Prompt/EGamma/crab_job_EGamma2018Dv2_2v3/190602_055138/0005/Data_EGamma2018Dv2_2v3_5648.root
name: Data_EGamma2018Dv2_2v3_5648.root
filenumber: 171
file path found: /hdfs/store/user/varuns/Run2018D_Prompt/EGamma/crab_job_EGamma2018Dv2_2v3/190602_055138/0005/Data_EGamma2018Dv2_2v3_5649.root
name: Data_EGamma2018Dv2_2v3_5649.root
filenumber: 172
file path found: /hdfs/store/user/varuns/Run2018D_Prompt/EGamma/crab_job_EGamma2018Dv2_2v3/190602_055138/0005/Data_EGamma2018Dv2_2v3_5650.root
name: Data_EGamma2018Dv2_2v3_5650.root
filenumber: 173
file path found: /hdfs/store/user/varuns/Run2018D_Prompt/EGamma/crab_job_EGamma2018Dv2_2v3/190602_055138/0005/Data_EGamma2018Dv2_2v3_5651.root
name: Data_EGamma2018Dv2_2v3_5651.root
filenumber: 174
file path found: /hdfs/store/user/varuns/Run2018D_Prompt/EGamma/crab_job_EGamma2018Dv2_2v3/190602_055138/0005/Data_EGamma2018Dv2_2v3_5652.root
name: Data_EGamma2018Dv2_2v3_5652.root
filenumber: 175
file path found: /hdfs/store/user/varuns/Run2018D_Prompt/EGamma/crab_job_EGamma2018Dv2_2v3/190602_055138/0005/Data_EGamma2018Dv2_2v3_5653.root
name: Data_EGamma2018Dv2_2v3_5653.root
filenumber: 176
file path found: /hdfs/store/user/varuns/Run2018D_Prompt/EGamma/crab_job_EGamma2018Dv2_2v3/190602_055138/0005/Data_EGamma2018Dv2_2v3_5654.root
name: Data_EGamma2018Dv2_2v3_5654.root
filenumber: 177
file path found: /hdfs/store/user/varuns/Run2018D_Prompt/EGamma/crab_job_EGamma2018Dv2_2v3/190602_055138/0005/Data_EGamma2018Dv2_2v3_5655.root
name: Data_EGamma2018Dv2_2v3_5655.root
filenumber: 178
file path found: /hdfs/store/user/varuns/Run2018D_Prompt/EGamma/crab_job_EGamma2018Dv2_2v3/190602_055138/0005/Data_EGamma2018Dv2_2v3_5656.root
name: Data_EGamma2018Dv2_2v3_5656.root
filenumber: 179
file path found: /hdfs/store/user/varuns/Run2018D_Prompt/EGamma/crab_job_EGamma2018Dv2_2v3/190602_055138/0005/Data_EGamma2018Dv2_2v3_5657.root
name: Data_EGamma2018Dv2_2v3_5657.root
filenumber: 180
file path found: /hdfs/store/user/varuns/Run2018D_Prompt/EGamma/crab_job_EGamma2018Dv2_2v3/190602_055138/0005/Data_EGamma2018Dv2_2v3_5658.root
name: Data_EGamma2018Dv2_2v3_5658.root
filenumber: 181
file path found: /hdfs/store/user/varuns/Run2018D_Prompt/EGamma/crab_job_EGamma2018Dv2_2v3/190602_055138/0005/Data_EGamma2018Dv2_2v3_5660.root
name: Data_EGamma2018Dv2_2v3_5660.root
filenumber: 182
file path found: /hdfs/store/user/varuns/Run2018D_Prompt/EGamma/crab_job_EGamma2018Dv2_2v3/190602_055138/0005/Data_EGamma2018Dv2_2v3_5661.root
name: Data_EGamma2018Dv2_2v3_5661.root
filenumber: 183
file path found: /hdfs/store/user/varuns/Run2018D_Prompt/EGamma/crab_job_EGamma2018Dv2_2v3/190602_055138/0005/Data_EGamma2018Dv2_2v3_5662.root
name: Data_EGamma2018Dv2_2v3_5662.root
filenumber: 184
file path found: /hdfs/store/user/varuns/Run2018D_Prompt/EGamma/crab_job_EGamma2018Dv2_2v3/190602_055138/0005/Data_EGamma2018Dv2_2v3_5663.root
name: Data_EGamma2018Dv2_2v3_5663.root
filenumber: 185
file path found: /hdfs/store/user/varuns/Run2018D_Prompt/EGamma/crab_job_EGamma2018Dv2_2v3/190602_055138/0005/Data_EGamma2018Dv2_2v3_5664.root
name: Data_EGamma2018Dv2_2v3_5664.root
filenumber: 186
file path found: /hdfs/store/user/varuns/Run2018D_Prompt/EGamma/crab_job_EGamma2018Dv2_2v3/190602_055138/0005/Data_EGamma2018Dv2_2v3_5665.root
name: Data_EGamma2018Dv2_2v3_5665.root
filenumber: 187
file path found: /hdfs/store/user/varuns/Run2018D_Prompt/EGamma/crab_job_EGamma2018Dv2_2v3/190602_055138/0005/Data_EGamma2018Dv2_2v3_5666.root
name: Data_EGamma2018Dv2_2v3_5666.root
filenumber: 188
file path found: /hdfs/store/user/varuns/Run2018D_Prompt/EGamma/crab_job_EGamma2018Dv2_2v3/190602_055138/0005/Data_EGamma2018Dv2_2v3_5667.root
name: Data_EGamma2018Dv2_2v3_5667.root
filenumber: 189
file path found: /hdfs/store/user/varuns/Run2018D_Prompt/EGamma/crab_job_EGamma2018Dv2_2v3/190602_055138/0005/Data_EGamma2018Dv2_2v3_5669.root
name: Data_EGamma2018Dv2_2v3_5669.root
filenumber: 190
file path found: /hdfs/store/user/varuns/Run2018D_Prompt/EGamma/crab_job_EGamma2018Dv2_2v3/190602_055138/0005/Data_EGamma2018Dv2_2v3_5670.root
name: Data_EGamma2018Dv2_2v3_5670.root
filenumber: 191
file path found: /hdfs/store/user/varuns/Run2018D_Prompt/EGamma/crab_job_EGamma2018Dv2_2v3/190602_055138/0005/Data_EGamma2018Dv2_2v3_5671.root
name: Data_EGamma2018Dv2_2v3_5671.root
filenumber: 192
file path found: /hdfs/store/user/varuns/Run2018D_Prompt/EGamma/crab_job_EGamma2018Dv2_2v3/190602_055138/0005/Data_EGamma2018Dv2_2v3_5672.root
name: Data_EGamma2018Dv2_2v3_5672.root
filenumber: 193
file path found: /hdfs/store/user/varuns/Run2018D_Prompt/EGamma/crab_job_EGamma2018Dv2_2v3/190602_055138/0005/Data_EGamma2018Dv2_2v3_5673.root
name: Data_EGamma2018Dv2_2v3_5673.root
filenumber: 194
file path found: /hdfs/store/user/varuns/Run2018D_Prompt/EGamma/crab_job_EGamma2018Dv2_2v3/190602_055138/0005/Data_EGamma2018Dv2_2v3_5674.root
name: Data_EGamma2018Dv2_2v3_5674.root
filenumber: 195
file path found: /hdfs/store/user/varuns/Run2018D_Prompt/EGamma/crab_job_EGamma2018Dv2_2v3/190602_055138/0005/Data_EGamma2018Dv2_2v3_5675.root
name: Data_EGamma2018Dv2_2v3_5675.root
filenumber: 196
file path found: /hdfs/store/user/varuns/Run2018D_Prompt/EGamma/crab_job_EGamma2018Dv2_2v3/190602_055138/0005/Data_EGamma2018Dv2_2v3_5676.root
name: Data_EGamma2018Dv2_2v3_5676.root
filenumber: 197
file path found: /hdfs/store/user/varuns/Run2018D_Prompt/EGamma/crab_job_EGamma2018Dv2_2v3/190602_055138/0005/Data_EGamma2018Dv2_2v3_5677.root
name: Data_EGamma2018Dv2_2v3_5677.root
filenumber: 198
file path found: /hdfs/store/user/varuns/Run2018D_Prompt/EGamma/crab_job_EGamma2018Dv2_2v3/190602_055138/0005/Data_EGamma2018Dv2_2v3_5678.root
name: Data_EGamma2018Dv2_2v3_5678.root
filenumber: 199
file path found: /hdfs/store/user/varuns/Run2018D_Prompt/EGamma/crab_job_EGamma2018Dv2_2v3/190602_055138/0005/Data_EGamma2018Dv2_2v3_5679.root
name: Data_EGamma2018Dv2_2v3_5679.root
filenumber: 200
file path found: /hdfs/store/user/varuns/Run2018D_Prompt/EGamma/crab_job_EGamma2018Dv2_2v3/190602_055138/0005/Data_EGamma2018Dv2_2v3_5680.root
name: Data_EGamma2018Dv2_2v3_5680.root
filenumber: 201
file path found: /hdfs/store/user/varuns/Run2018D_Prompt/EGamma/crab_job_EGamma2018Dv2_2v3/190602_055138/0005/Data_EGamma2018Dv2_2v3_5681.root
name: Data_EGamma2018Dv2_2v3_5681.root
filenumber: 202
file path found: /hdfs/store/user/varuns/Run2018D_Prompt/EGamma/crab_job_EGamma2018Dv2_2v3/190602_055138/0005/Data_EGamma2018Dv2_2v3_5682.root
name: Data_EGamma2018Dv2_2v3_5682.root
filenumber: 203
file path found: /hdfs/store/user/varuns/Run2018D_Prompt/EGamma/crab_job_EGamma2018Dv2_2v3/190602_055138/0005/Data_EGamma2018Dv2_2v3_5683.root
name: Data_EGamma2018Dv2_2v3_5683.root
filenumber: 204
file path found: /hdfs/store/user/varuns/Run2018D_Prompt/EGamma/crab_job_EGamma2018Dv2_2v3/190602_055138/0005/Data_EGamma2018Dv2_2v3_5684.root
name: Data_EGamma2018Dv2_2v3_5684.root
filenumber: 205
file path found: /hdfs/store/user/varuns/Run2018D_Prompt/EGamma/crab_job_EGamma2018Dv2_2v3/190602_055138/0005/Data_EGamma2018Dv2_2v3_5685.root
name: Data_EGamma2018Dv2_2v3_5685.root
filenumber: 206
file path found: /hdfs/store/user/varuns/Run2018D_Prompt/EGamma/crab_job_EGamma2018Dv2_2v3/190602_055138/0005/Data_EGamma2018Dv2_2v3_5686.root
name: Data_EGamma2018Dv2_2v3_5686.root
filenumber: 207
file path found: /hdfs/store/user/varuns/Run2018D_Prompt/EGamma/crab_job_EGamma2018Dv2_2v3/190602_055138/0005/Data_EGamma2018Dv2_2v3_5687.root
name: Data_EGamma2018Dv2_2v3_5687.root
filenumber: 208
file path found: /hdfs/store/user/varuns/Run2018D_Prompt/EGamma/crab_job_EGamma2018Dv2_2v3/190602_055138/0005/Data_EGamma2018Dv2_2v3_5688.root
name: Data_EGamma2018Dv2_2v3_5688.root
filenumber: 209
file path found: /hdfs/store/user/varuns/Run2018D_Prompt/EGamma/crab_job_EGamma2018Dv2_2v3/190602_055138/0005/Data_EGamma2018Dv2_2v3_5689.root
name: Data_EGamma2018Dv2_2v3_5689.root
filenumber: 210
file path found: /hdfs/store/user/varuns/Run2018D_Prompt/EGamma/crab_job_EGamma2018Dv2_2v3/190602_055138/0005/Data_EGamma2018Dv2_2v3_5690.root
name: Data_EGamma2018Dv2_2v3_5690.root
filenumber: 211
file path found: /hdfs/store/user/varuns/Run2018D_Prompt/EGamma/crab_job_EGamma2018Dv2_2v3/190602_055138/0005/Data_EGamma2018Dv2_2v3_5692.root
name: Data_EGamma2018Dv2_2v3_5692.root
filenumber: 212
file path found: /hdfs/store/user/varuns/Run2018D_Prompt/EGamma/crab_job_EGamma2018Dv2_2v3/190602_055138/0005/Data_EGamma2018Dv2_2v3_5693.root
name: Data_EGamma2018Dv2_2v3_5693.root
filenumber: 213
file path found: /hdfs/store/user/varuns/Run2018D_Prompt/EGamma/crab_job_EGamma2018Dv2_2v3/190602_055138/0005/Data_EGamma2018Dv2_2v3_5694.root
name: Data_EGamma2018Dv2_2v3_5694.root
filenumber: 214
file path found: /hdfs/store/user/varuns/Run2018D_Prompt/EGamma/crab_job_EGamma2018Dv2_2v3/190602_055138/0005/Data_EGamma2018Dv2_2v3_5695.root
name: Data_EGamma2018Dv2_2v3_5695.root
filenumber: 215
file path found: /hdfs/store/user/varuns/Run2018D_Prompt/EGamma/crab_job_EGamma2018Dv2_2v3/190602_055138/0005/Data_EGamma2018Dv2_2v3_5696.root
name: Data_EGamma2018Dv2_2v3_5696.root
filenumber: 216
file path found: /hdfs/store/user/varuns/Run2018D_Prompt/EGamma/crab_job_EGamma2018Dv2_2v3/190602_055138/0005/Data_EGamma2018Dv2_2v3_5697.root
name: Data_EGamma2018Dv2_2v3_5697.root
filenumber: 217
file path found: /hdfs/store/user/varuns/Run2018D_Prompt/EGamma/crab_job_EGamma2018Dv2_2v3/190602_055138/0005/Data_EGamma2018Dv2_2v3_5698.root
name: Data_EGamma2018Dv2_2v3_5698.root
filenumber: 218
file path found: /hdfs/store/user/varuns/Run2018D_Prompt/EGamma/crab_job_EGamma2018Dv2_2v3/190602_055138/0005/Data_EGamma2018Dv2_2v3_5699.root
name: Data_EGamma2018Dv2_2v3_5699.root
filenumber: 219
file path found: /hdfs/store/user/varuns/Run2018D_Prompt/EGamma/crab_job_EGamma2018Dv2_2v3/190602_055138/0005/Data_EGamma2018Dv2_2v3_5700.root
name: Data_EGamma2018Dv2_2v3_5700.root
filenumber: 220
file path found: /hdfs/store/user/varuns/Run2018D_Prompt/EGamma/crab_job_EGamma2018Dv2_2v3/190602_055138/0005/Data_EGamma2018Dv2_2v3_5701.root
name: Data_EGamma2018Dv2_2v3_5701.root
filenumber: 221
file path found: /hdfs/store/user/varuns/Run2018D_Prompt/EGamma/crab_job_EGamma2018Dv2_2v3/190602_055138/0005/Data_EGamma2018Dv2_2v3_5702.root
name: Data_EGamma2018Dv2_2v3_5702.root
filenumber: 222
file path found: /hdfs/store/user/varuns/Run2018D_Prompt/EGamma/crab_job_EGamma2018Dv2_2v3/190602_055138/0005/Data_EGamma2018Dv2_2v3_5703.root
name: Data_EGamma2018Dv2_2v3_5703.root
filenumber: 223
file path found: /hdfs/store/user/varuns/Run2018D_Prompt/EGamma/crab_job_EGamma2018Dv2_2v3/190602_055138/0005/Data_EGamma2018Dv2_2v3_5704.root
name: Data_EGamma2018Dv2_2v3_5704.root
filenumber: 224
file path found: /hdfs/store/user/varuns/Run2018D_Prompt/EGamma/crab_job_EGamma2018Dv2_2v3/190602_055138/0005/Data_EGamma2018Dv2_2v3_5705.root
name: Data_EGamma2018Dv2_2v3_5705.root
filenumber: 225
file path found: /hdfs/store/user/varuns/Run2018D_Prompt/EGamma/crab_job_EGamma2018Dv2_2v3/190602_055138/0005/Data_EGamma2018Dv2_2v3_5706.root
name: Data_EGamma2018Dv2_2v3_5706.root
filenumber: 226
file path found: /hdfs/store/user/varuns/Run2018D_Prompt/EGamma/crab_job_EGamma2018Dv2_2v3/190602_055138/0005/Data_EGamma2018Dv2_2v3_5707.root
name: Data_EGamma2018Dv2_2v3_5707.root
filenumber: 227
file path found: /hdfs/store/user/varuns/Run2018D_Prompt/EGamma/crab_job_EGamma2018Dv2_2v3/190602_055138/0005/Data_EGamma2018Dv2_2v3_5708.root
name: Data_EGamma2018Dv2_2v3_5708.root
filenumber: 228
file path found: /hdfs/store/user/varuns/Run2018D_Prompt/EGamma/crab_job_EGamma2018Dv2_2v3/190602_055138/0005/Data_EGamma2018Dv2_2v3_5709.root
name: Data_EGamma2018Dv2_2v3_5709.root
filenumber: 229
file path found: /hdfs/store/user/varuns/Run2018D_Prompt/EGamma/crab_job_EGamma2018Dv2_2v3/190602_055138/0005/Data_EGamma2018Dv2_2v3_5710.root
name: Data_EGamma2018Dv2_2v3_5710.root
filenumber: 230
file path found: /hdfs/store/user/varuns/Run2018D_Prompt/EGamma/crab_job_EGamma2018Dv2_2v3/190602_055138/0005/Data_EGamma2018Dv2_2v3_5711.root
name: Data_EGamma2018Dv2_2v3_5711.root
filenumber: 231
file path found: /hdfs/store/user/varuns/Run2018D_Prompt/EGamma/crab_job_EGamma2018Dv2_2v3/190602_055138/0005/Data_EGamma2018Dv2_2v3_5712.root
name: Data_EGamma2018Dv2_2v3_5712.root
filenumber: 232
file path found: /hdfs/store/user/varuns/Run2018D_Prompt/EGamma/crab_job_EGamma2018Dv2_2v3/190602_055138/0005/Data_EGamma2018Dv2_2v3_5713.root
name: Data_EGamma2018Dv2_2v3_5713.root
filenumber: 233
file path found: /hdfs/store/user/varuns/Run2018D_Prompt/EGamma/crab_job_EGamma2018Dv2_2v3/190602_055138/0005/Data_EGamma2018Dv2_2v3_5714.root
name: Data_EGamma2018Dv2_2v3_5714.root
filenumber: 234
file path found: /hdfs/store/user/varuns/Run2018D_Prompt/EGamma/crab_job_EGamma2018Dv2_2v3/190602_055138/0005/Data_EGamma2018Dv2_2v3_5715.root
name: Data_EGamma2018Dv2_2v3_5715.root
filenumber: 235
file path found: /hdfs/store/user/varuns/Run2018D_Prompt/EGamma/crab_job_EGamma2018Dv2_2v3/190602_055138/0005/Data_EGamma2018Dv2_2v3_5716.root
name: Data_EGamma2018Dv2_2v3_5716.root
filenumber: 236
file path found: /hdfs/store/user/varuns/Run2018D_Prompt/EGamma/crab_job_EGamma2018Dv2_2v3/190602_055138/0005/Data_EGamma2018Dv2_2v3_5717.root
name: Data_EGamma2018Dv2_2v3_5717.root
filenumber: 237
file path found: /hdfs/store/user/varuns/Run2018D_Prompt/EGamma/crab_job_EGamma2018Dv2_2v3/190602_055138/0005/Data_EGamma2018Dv2_2v3_5986.root
name: Data_EGamma2018Dv2_2v3_5986.root
filenumber: 238
file path found: /hdfs/store/user/varuns/Run2018D_Prompt/EGamma/crab_job_EGamma2018Dv2_2v3/190602_055138/0005/failed
name: failed
filenumber: 239
file path found: /hdfs/store/user/varuns/Run2018D_Prompt/EGamma/crab_job_EGamma2018Dv2_2v3/190602_055138/0005/.
name: .
filenumber: 240
file path found: /hdfs/store/user/varuns/Run2018D_Prompt/EGamma/crab_job_EGamma2018Dv2_2v3/190602_055138/0005/..
name: ..
filenumber: 241
79 files added.
Initializing chain.
Coming in: 
nentries:1468173
Running over 1468173 events.
Finished entry 0/1468172
Finished entry 10000/1468172
Finished entry 20000/1468172
Finished entry 30000/1468172
Finished entry 40000/1468172
Finished entry 50000/1468172
Finished entry 60000/1468172
Finished entry 70000/1468172
Finished entry 80000/1468172
Finished entry 90000/1468172
Finished entry 100000/1468172
Finished entry 110000/1468172
Finished entry 120000/1468172
Finished entry 130000/1468172
Finished entry 140000/1468172
Finished entry 150000/1468172
Finished entry 160000/1468172
Finished entry 170000/1468172
Finished entry 180000/1468172
Finished entry 190000/1468172
Finished entry 200000/1468172
Finished entry 210000/1468172
Finished entry 220000/1468172
Finished entry 230000/1468172
Finished entry 240000/1468172
Finished entry 250000/1468172
Finished entry 260000/1468172
Finished entry 270000/1468172
Finished entry 280000/1468172
Finished entry 290000/1468172
Finished entry 300000/1468172
Finished entry 310000/1468172
Finished entry 320000/1468172
Finished entry 330000/1468172
Finished entry 340000/1468172
Finished entry 350000/1468172
Finished entry 360000/1468172
Finished entry 370000/1468172
Finished entry 380000/1468172
Finished entry 390000/1468172
Finished entry 400000/1468172
Finished entry 410000/1468172
Finished entry 420000/1468172
Finished entry 430000/1468172
Finished entry 440000/1468172
Finished entry 450000/1468172
Finished entry 460000/1468172
Finished entry 470000/1468172
Finished entry 480000/1468172
Finished entry 490000/1468172
Finished entry 500000/1468172
Finished entry 510000/1468172
Finished entry 520000/1468172
Finished entry 530000/1468172
Finished entry 540000/1468172
Finished entry 550000/1468172
Finished entry 560000/1468172
Finished entry 570000/1468172
Finished entry 580000/1468172
Finished entry 590000/1468172
Finished entry 600000/1468172
Finished entry 610000/1468172
Finished entry 620000/1468172
Finished entry 630000/1468172
Finished entry 640000/1468172
Finished entry 650000/1468172
Finished entry 660000/1468172
Finished entry 670000/1468172
Finished entry 680000/1468172
Finished entry 690000/1468172
Finished entry 700000/1468172
Finished entry 710000/1468172
Finished entry 720000/1468172
Finished entry 730000/1468172
Finished entry 740000/1468172
Finished entry 750000/1468172
Finished entry 760000/1468172
Finished entry 770000/1468172
Finished entry 780000/1468172
Finished entry 790000/1468172
Finished entry 800000/1468172
Finished entry 810000/1468172
Finished entry 820000/1468172
Finished entry 830000/1468172
Finished entry 840000/1468172
Finished entry 850000/1468172
Finished entry 860000/1468172
Finished entry 870000/1468172
Finished entry 880000/1468172
Finished entry 890000/1468172
Finished entry 900000/1468172
Finished entry 910000/1468172
Finished entry 920000/1468172
Finished entry 930000/1468172
Finished entry 940000/1468172
Finished entry 950000/1468172
Finished entry 960000/1468172
Finished entry 970000/1468172
Finished entry 980000/1468172
Finished entry 990000/1468172
Finished entry 1000000/1468172
Finished entry 1010000/1468172
Finished entry 1020000/1468172
Finished entry 1030000/1468172
Finished entry 1040000/1468172
Finished entry 1050000/1468172
Finished entry 1060000/1468172
Finished entry 1070000/1468172
Finished entry 1080000/1468172
Finished entry 1090000/1468172
Finished entry 1100000/1468172
Finished entry 1110000/1468172
Finished entry 1120000/1468172
Finished entry 1130000/1468172
Finished entry 1140000/1468172
Finished entry 1150000/1468172
Finished entry 1160000/1468172
Finished entry 1170000/1468172
Finished entry 1180000/1468172
Finished entry 1190000/1468172
Finished entry 1200000/1468172
Finished entry 1210000/1468172
Finished entry 1220000/1468172
Finished entry 1230000/1468172
Finished entry 1240000/1468172
Finished entry 1250000/1468172
Finished entry 1260000/1468172
Finished entry 1270000/1468172
Finished entry 1280000/1468172
Finished entry 1290000/1468172
Finished entry 1300000/1468172
Finished entry 1310000/1468172
Finished entry 1320000/1468172
Finished entry 1330000/1468172
Finished entry 1340000/1468172
Finished entry 1350000/1468172
Finished entry 1360000/1468172
Finished entry 1370000/1468172
Finished entry 1380000/1468172
Finished entry 1390000/1468172
Finished entry 1400000/1468172
Finished entry 1410000/1468172
Finished entry 1420000/1468172
Finished entry 1430000/1468172
Finished entry 1440000/1468172
Finished entry 1450000/1468172
Finished entry 1460000/1468172
