file path found: /hdfs/store/user/varuns/Run2018D_Prompt/EGamma/crab_job_EGamma2018Dv2_2v3/190602_055138/0005/Data_EGamma2018Dv2_2v3_5050.root
name: Data_EGamma2018Dv2_2v3_5050.root
filenumber: 0
file path found: /hdfs/store/user/varuns/Run2018D_Prompt/EGamma/crab_job_EGamma2018Dv2_2v3/190602_055138/0005/Data_EGamma2018Dv2_2v3_5073.root
name: Data_EGamma2018Dv2_2v3_5073.root
filenumber: 1
file path found: /hdfs/store/user/varuns/Run2018D_Prompt/EGamma/crab_job_EGamma2018Dv2_2v3/190602_055138/0005/Data_EGamma2018Dv2_2v3_5100.root
name: Data_EGamma2018Dv2_2v3_5100.root
filenumber: 2
file path found: /hdfs/store/user/varuns/Run2018D_Prompt/EGamma/crab_job_EGamma2018Dv2_2v3/190602_055138/0005/Data_EGamma2018Dv2_2v3_5112.root
name: Data_EGamma2018Dv2_2v3_5112.root
filenumber: 3
file path found: /hdfs/store/user/varuns/Run2018D_Prompt/EGamma/crab_job_EGamma2018Dv2_2v3/190602_055138/0005/Data_EGamma2018Dv2_2v3_5126.root
name: Data_EGamma2018Dv2_2v3_5126.root
filenumber: 4
file path found: /hdfs/store/user/varuns/Run2018D_Prompt/EGamma/crab_job_EGamma2018Dv2_2v3/190602_055138/0005/Data_EGamma2018Dv2_2v3_5133.root
name: Data_EGamma2018Dv2_2v3_5133.root
filenumber: 5
file path found: /hdfs/store/user/varuns/Run2018D_Prompt/EGamma/crab_job_EGamma2018Dv2_2v3/190602_055138/0005/Data_EGamma2018Dv2_2v3_5139.root
name: Data_EGamma2018Dv2_2v3_5139.root
filenumber: 6
file path found: /hdfs/store/user/varuns/Run2018D_Prompt/EGamma/crab_job_EGamma2018Dv2_2v3/190602_055138/0005/Data_EGamma2018Dv2_2v3_5151.root
name: Data_EGamma2018Dv2_2v3_5151.root
filenumber: 7
file path found: /hdfs/store/user/varuns/Run2018D_Prompt/EGamma/crab_job_EGamma2018Dv2_2v3/190602_055138/0005/Data_EGamma2018Dv2_2v3_5158.root
name: Data_EGamma2018Dv2_2v3_5158.root
filenumber: 8
file path found: /hdfs/store/user/varuns/Run2018D_Prompt/EGamma/crab_job_EGamma2018Dv2_2v3/190602_055138/0005/Data_EGamma2018Dv2_2v3_5161.root
name: Data_EGamma2018Dv2_2v3_5161.root
filenumber: 9
file path found: /hdfs/store/user/varuns/Run2018D_Prompt/EGamma/crab_job_EGamma2018Dv2_2v3/190602_055138/0005/Data_EGamma2018Dv2_2v3_5162.root
name: Data_EGamma2018Dv2_2v3_5162.root
filenumber: 10
file path found: /hdfs/store/user/varuns/Run2018D_Prompt/EGamma/crab_job_EGamma2018Dv2_2v3/190602_055138/0005/Data_EGamma2018Dv2_2v3_5164.root
name: Data_EGamma2018Dv2_2v3_5164.root
filenumber: 11
file path found: /hdfs/store/user/varuns/Run2018D_Prompt/EGamma/crab_job_EGamma2018Dv2_2v3/190602_055138/0005/Data_EGamma2018Dv2_2v3_5166.root
name: Data_EGamma2018Dv2_2v3_5166.root
filenumber: 12
file path found: /hdfs/store/user/varuns/Run2018D_Prompt/EGamma/crab_job_EGamma2018Dv2_2v3/190602_055138/0005/Data_EGamma2018Dv2_2v3_5167.root
name: Data_EGamma2018Dv2_2v3_5167.root
filenumber: 13
file path found: /hdfs/store/user/varuns/Run2018D_Prompt/EGamma/crab_job_EGamma2018Dv2_2v3/190602_055138/0005/Data_EGamma2018Dv2_2v3_5173.root
name: Data_EGamma2018Dv2_2v3_5173.root
filenumber: 14
file path found: /hdfs/store/user/varuns/Run2018D_Prompt/EGamma/crab_job_EGamma2018Dv2_2v3/190602_055138/0005/Data_EGamma2018Dv2_2v3_5174.root
name: Data_EGamma2018Dv2_2v3_5174.root
filenumber: 15
file path found: /hdfs/store/user/varuns/Run2018D_Prompt/EGamma/crab_job_EGamma2018Dv2_2v3/190602_055138/0005/Data_EGamma2018Dv2_2v3_5176.root
name: Data_EGamma2018Dv2_2v3_5176.root
filenumber: 16
file path found: /hdfs/store/user/varuns/Run2018D_Prompt/EGamma/crab_job_EGamma2018Dv2_2v3/190602_055138/0005/Data_EGamma2018Dv2_2v3_5179.root
name: Data_EGamma2018Dv2_2v3_5179.root
filenumber: 17
file path found: /hdfs/store/user/varuns/Run2018D_Prompt/EGamma/crab_job_EGamma2018Dv2_2v3/190602_055138/0005/Data_EGamma2018Dv2_2v3_5180.root
name: Data_EGamma2018Dv2_2v3_5180.root
filenumber: 18
file path found: /hdfs/store/user/varuns/Run2018D_Prompt/EGamma/crab_job_EGamma2018Dv2_2v3/190602_055138/0005/Data_EGamma2018Dv2_2v3_5181.root
name: Data_EGamma2018Dv2_2v3_5181.root
filenumber: 19
file path found: /hdfs/store/user/varuns/Run2018D_Prompt/EGamma/crab_job_EGamma2018Dv2_2v3/190602_055138/0005/Data_EGamma2018Dv2_2v3_5185.root
name: Data_EGamma2018Dv2_2v3_5185.root
filenumber: 20
file path found: /hdfs/store/user/varuns/Run2018D_Prompt/EGamma/crab_job_EGamma2018Dv2_2v3/190602_055138/0005/Data_EGamma2018Dv2_2v3_5186.root
name: Data_EGamma2018Dv2_2v3_5186.root
filenumber: 21
file path found: /hdfs/store/user/varuns/Run2018D_Prompt/EGamma/crab_job_EGamma2018Dv2_2v3/190602_055138/0005/Data_EGamma2018Dv2_2v3_5187.root
name: Data_EGamma2018Dv2_2v3_5187.root
filenumber: 22
file path found: /hdfs/store/user/varuns/Run2018D_Prompt/EGamma/crab_job_EGamma2018Dv2_2v3/190602_055138/0005/Data_EGamma2018Dv2_2v3_5189.root
name: Data_EGamma2018Dv2_2v3_5189.root
filenumber: 23
file path found: /hdfs/store/user/varuns/Run2018D_Prompt/EGamma/crab_job_EGamma2018Dv2_2v3/190602_055138/0005/Data_EGamma2018Dv2_2v3_5193.root
name: Data_EGamma2018Dv2_2v3_5193.root
filenumber: 24
file path found: /hdfs/store/user/varuns/Run2018D_Prompt/EGamma/crab_job_EGamma2018Dv2_2v3/190602_055138/0005/Data_EGamma2018Dv2_2v3_5194.root
name: Data_EGamma2018Dv2_2v3_5194.root
filenumber: 25
file path found: /hdfs/store/user/varuns/Run2018D_Prompt/EGamma/crab_job_EGamma2018Dv2_2v3/190602_055138/0005/Data_EGamma2018Dv2_2v3_5195.root
name: Data_EGamma2018Dv2_2v3_5195.root
filenumber: 26
file path found: /hdfs/store/user/varuns/Run2018D_Prompt/EGamma/crab_job_EGamma2018Dv2_2v3/190602_055138/0005/Data_EGamma2018Dv2_2v3_5196.root
name: Data_EGamma2018Dv2_2v3_5196.root
filenumber: 27
file path found: /hdfs/store/user/varuns/Run2018D_Prompt/EGamma/crab_job_EGamma2018Dv2_2v3/190602_055138/0005/Data_EGamma2018Dv2_2v3_5197.root
name: Data_EGamma2018Dv2_2v3_5197.root
filenumber: 28
file path found: /hdfs/store/user/varuns/Run2018D_Prompt/EGamma/crab_job_EGamma2018Dv2_2v3/190602_055138/0005/Data_EGamma2018Dv2_2v3_5198.root
name: Data_EGamma2018Dv2_2v3_5198.root
filenumber: 29
file path found: /hdfs/store/user/varuns/Run2018D_Prompt/EGamma/crab_job_EGamma2018Dv2_2v3/190602_055138/0005/Data_EGamma2018Dv2_2v3_5200.root
name: Data_EGamma2018Dv2_2v3_5200.root
filenumber: 30
file path found: /hdfs/store/user/varuns/Run2018D_Prompt/EGamma/crab_job_EGamma2018Dv2_2v3/190602_055138/0005/Data_EGamma2018Dv2_2v3_5201.root
name: Data_EGamma2018Dv2_2v3_5201.root
filenumber: 31
file path found: /hdfs/store/user/varuns/Run2018D_Prompt/EGamma/crab_job_EGamma2018Dv2_2v3/190602_055138/0005/Data_EGamma2018Dv2_2v3_5202.root
name: Data_EGamma2018Dv2_2v3_5202.root
filenumber: 32
file path found: /hdfs/store/user/varuns/Run2018D_Prompt/EGamma/crab_job_EGamma2018Dv2_2v3/190602_055138/0005/Data_EGamma2018Dv2_2v3_5203.root
name: Data_EGamma2018Dv2_2v3_5203.root
filenumber: 33
file path found: /hdfs/store/user/varuns/Run2018D_Prompt/EGamma/crab_job_EGamma2018Dv2_2v3/190602_055138/0005/Data_EGamma2018Dv2_2v3_5204.root
name: Data_EGamma2018Dv2_2v3_5204.root
filenumber: 34
file path found: /hdfs/store/user/varuns/Run2018D_Prompt/EGamma/crab_job_EGamma2018Dv2_2v3/190602_055138/0005/Data_EGamma2018Dv2_2v3_5205.root
name: Data_EGamma2018Dv2_2v3_5205.root
filenumber: 35
file path found: /hdfs/store/user/varuns/Run2018D_Prompt/EGamma/crab_job_EGamma2018Dv2_2v3/190602_055138/0005/Data_EGamma2018Dv2_2v3_5206.root
name: Data_EGamma2018Dv2_2v3_5206.root
filenumber: 36
file path found: /hdfs/store/user/varuns/Run2018D_Prompt/EGamma/crab_job_EGamma2018Dv2_2v3/190602_055138/0005/Data_EGamma2018Dv2_2v3_5207.root
name: Data_EGamma2018Dv2_2v3_5207.root
filenumber: 37
file path found: /hdfs/store/user/varuns/Run2018D_Prompt/EGamma/crab_job_EGamma2018Dv2_2v3/190602_055138/0005/Data_EGamma2018Dv2_2v3_5208.root
name: Data_EGamma2018Dv2_2v3_5208.root
filenumber: 38
file path found: /hdfs/store/user/varuns/Run2018D_Prompt/EGamma/crab_job_EGamma2018Dv2_2v3/190602_055138/0005/Data_EGamma2018Dv2_2v3_5209.root
name: Data_EGamma2018Dv2_2v3_5209.root
filenumber: 39
file path found: /hdfs/store/user/varuns/Run2018D_Prompt/EGamma/crab_job_EGamma2018Dv2_2v3/190602_055138/0005/Data_EGamma2018Dv2_2v3_5210.root
name: Data_EGamma2018Dv2_2v3_5210.root
filenumber: 40
file path found: /hdfs/store/user/varuns/Run2018D_Prompt/EGamma/crab_job_EGamma2018Dv2_2v3/190602_055138/0005/Data_EGamma2018Dv2_2v3_5211.root
name: Data_EGamma2018Dv2_2v3_5211.root
filenumber: 41
file path found: /hdfs/store/user/varuns/Run2018D_Prompt/EGamma/crab_job_EGamma2018Dv2_2v3/190602_055138/0005/Data_EGamma2018Dv2_2v3_5212.root
name: Data_EGamma2018Dv2_2v3_5212.root
filenumber: 42
file path found: /hdfs/store/user/varuns/Run2018D_Prompt/EGamma/crab_job_EGamma2018Dv2_2v3/190602_055138/0005/Data_EGamma2018Dv2_2v3_5213.root
name: Data_EGamma2018Dv2_2v3_5213.root
filenumber: 43
file path found: /hdfs/store/user/varuns/Run2018D_Prompt/EGamma/crab_job_EGamma2018Dv2_2v3/190602_055138/0005/Data_EGamma2018Dv2_2v3_5214.root
name: Data_EGamma2018Dv2_2v3_5214.root
filenumber: 44
file path found: /hdfs/store/user/varuns/Run2018D_Prompt/EGamma/crab_job_EGamma2018Dv2_2v3/190602_055138/0005/Data_EGamma2018Dv2_2v3_5216.root
name: Data_EGamma2018Dv2_2v3_5216.root
filenumber: 45
file path found: /hdfs/store/user/varuns/Run2018D_Prompt/EGamma/crab_job_EGamma2018Dv2_2v3/190602_055138/0005/Data_EGamma2018Dv2_2v3_5217.root
name: Data_EGamma2018Dv2_2v3_5217.root
filenumber: 46
file path found: /hdfs/store/user/varuns/Run2018D_Prompt/EGamma/crab_job_EGamma2018Dv2_2v3/190602_055138/0005/Data_EGamma2018Dv2_2v3_5218.root
name: Data_EGamma2018Dv2_2v3_5218.root
filenumber: 47
file path found: /hdfs/store/user/varuns/Run2018D_Prompt/EGamma/crab_job_EGamma2018Dv2_2v3/190602_055138/0005/Data_EGamma2018Dv2_2v3_5219.root
name: Data_EGamma2018Dv2_2v3_5219.root
filenumber: 48
file path found: /hdfs/store/user/varuns/Run2018D_Prompt/EGamma/crab_job_EGamma2018Dv2_2v3/190602_055138/0005/Data_EGamma2018Dv2_2v3_5220.root
name: Data_EGamma2018Dv2_2v3_5220.root
filenumber: 49
file path found: /hdfs/store/user/varuns/Run2018D_Prompt/EGamma/crab_job_EGamma2018Dv2_2v3/190602_055138/0005/Data_EGamma2018Dv2_2v3_5221.root
name: Data_EGamma2018Dv2_2v3_5221.root
filenumber: 50
file path found: /hdfs/store/user/varuns/Run2018D_Prompt/EGamma/crab_job_EGamma2018Dv2_2v3/190602_055138/0005/Data_EGamma2018Dv2_2v3_5222.root
name: Data_EGamma2018Dv2_2v3_5222.root
filenumber: 51
file path found: /hdfs/store/user/varuns/Run2018D_Prompt/EGamma/crab_job_EGamma2018Dv2_2v3/190602_055138/0005/Data_EGamma2018Dv2_2v3_5223.root
name: Data_EGamma2018Dv2_2v3_5223.root
filenumber: 52
file path found: /hdfs/store/user/varuns/Run2018D_Prompt/EGamma/crab_job_EGamma2018Dv2_2v3/190602_055138/0005/Data_EGamma2018Dv2_2v3_5224.root
name: Data_EGamma2018Dv2_2v3_5224.root
filenumber: 53
file path found: /hdfs/store/user/varuns/Run2018D_Prompt/EGamma/crab_job_EGamma2018Dv2_2v3/190602_055138/0005/Data_EGamma2018Dv2_2v3_5225.root
name: Data_EGamma2018Dv2_2v3_5225.root
filenumber: 54
file path found: /hdfs/store/user/varuns/Run2018D_Prompt/EGamma/crab_job_EGamma2018Dv2_2v3/190602_055138/0005/Data_EGamma2018Dv2_2v3_5226.root
name: Data_EGamma2018Dv2_2v3_5226.root
filenumber: 55
file path found: /hdfs/store/user/varuns/Run2018D_Prompt/EGamma/crab_job_EGamma2018Dv2_2v3/190602_055138/0005/Data_EGamma2018Dv2_2v3_5227.root
name: Data_EGamma2018Dv2_2v3_5227.root
filenumber: 56
file path found: /hdfs/store/user/varuns/Run2018D_Prompt/EGamma/crab_job_EGamma2018Dv2_2v3/190602_055138/0005/Data_EGamma2018Dv2_2v3_5228.root
name: Data_EGamma2018Dv2_2v3_5228.root
filenumber: 57
file path found: /hdfs/store/user/varuns/Run2018D_Prompt/EGamma/crab_job_EGamma2018Dv2_2v3/190602_055138/0005/Data_EGamma2018Dv2_2v3_5229.root
name: Data_EGamma2018Dv2_2v3_5229.root
filenumber: 58
file path found: /hdfs/store/user/varuns/Run2018D_Prompt/EGamma/crab_job_EGamma2018Dv2_2v3/190602_055138/0005/Data_EGamma2018Dv2_2v3_5230.root
name: Data_EGamma2018Dv2_2v3_5230.root
filenumber: 59
file path found: /hdfs/store/user/varuns/Run2018D_Prompt/EGamma/crab_job_EGamma2018Dv2_2v3/190602_055138/0005/Data_EGamma2018Dv2_2v3_5231.root
name: Data_EGamma2018Dv2_2v3_5231.root
filenumber: 60
file path found: /hdfs/store/user/varuns/Run2018D_Prompt/EGamma/crab_job_EGamma2018Dv2_2v3/190602_055138/0005/Data_EGamma2018Dv2_2v3_5232.root
name: Data_EGamma2018Dv2_2v3_5232.root
filenumber: 61
file path found: /hdfs/store/user/varuns/Run2018D_Prompt/EGamma/crab_job_EGamma2018Dv2_2v3/190602_055138/0005/Data_EGamma2018Dv2_2v3_5233.root
name: Data_EGamma2018Dv2_2v3_5233.root
filenumber: 62
file path found: /hdfs/store/user/varuns/Run2018D_Prompt/EGamma/crab_job_EGamma2018Dv2_2v3/190602_055138/0005/Data_EGamma2018Dv2_2v3_5234.root
name: Data_EGamma2018Dv2_2v3_5234.root
filenumber: 63
file path found: /hdfs/store/user/varuns/Run2018D_Prompt/EGamma/crab_job_EGamma2018Dv2_2v3/190602_055138/0005/Data_EGamma2018Dv2_2v3_5235.root
name: Data_EGamma2018Dv2_2v3_5235.root
filenumber: 64
file path found: /hdfs/store/user/varuns/Run2018D_Prompt/EGamma/crab_job_EGamma2018Dv2_2v3/190602_055138/0005/Data_EGamma2018Dv2_2v3_5236.root
name: Data_EGamma2018Dv2_2v3_5236.root
filenumber: 65
file path found: /hdfs/store/user/varuns/Run2018D_Prompt/EGamma/crab_job_EGamma2018Dv2_2v3/190602_055138/0005/Data_EGamma2018Dv2_2v3_5237.root
name: Data_EGamma2018Dv2_2v3_5237.root
filenumber: 66
file path found: /hdfs/store/user/varuns/Run2018D_Prompt/EGamma/crab_job_EGamma2018Dv2_2v3/190602_055138/0005/Data_EGamma2018Dv2_2v3_5238.root
name: Data_EGamma2018Dv2_2v3_5238.root
filenumber: 67
file path found: /hdfs/store/user/varuns/Run2018D_Prompt/EGamma/crab_job_EGamma2018Dv2_2v3/190602_055138/0005/Data_EGamma2018Dv2_2v3_5239.root
name: Data_EGamma2018Dv2_2v3_5239.root
filenumber: 68
file path found: /hdfs/store/user/varuns/Run2018D_Prompt/EGamma/crab_job_EGamma2018Dv2_2v3/190602_055138/0005/Data_EGamma2018Dv2_2v3_5240.root
name: Data_EGamma2018Dv2_2v3_5240.root
filenumber: 69
file path found: /hdfs/store/user/varuns/Run2018D_Prompt/EGamma/crab_job_EGamma2018Dv2_2v3/190602_055138/0005/Data_EGamma2018Dv2_2v3_5241.root
name: Data_EGamma2018Dv2_2v3_5241.root
filenumber: 70
file path found: /hdfs/store/user/varuns/Run2018D_Prompt/EGamma/crab_job_EGamma2018Dv2_2v3/190602_055138/0005/Data_EGamma2018Dv2_2v3_5242.root
name: Data_EGamma2018Dv2_2v3_5242.root
filenumber: 71
file path found: /hdfs/store/user/varuns/Run2018D_Prompt/EGamma/crab_job_EGamma2018Dv2_2v3/190602_055138/0005/Data_EGamma2018Dv2_2v3_5243.root
name: Data_EGamma2018Dv2_2v3_5243.root
filenumber: 72
file path found: /hdfs/store/user/varuns/Run2018D_Prompt/EGamma/crab_job_EGamma2018Dv2_2v3/190602_055138/0005/Data_EGamma2018Dv2_2v3_5244.root
name: Data_EGamma2018Dv2_2v3_5244.root
filenumber: 73
file path found: /hdfs/store/user/varuns/Run2018D_Prompt/EGamma/crab_job_EGamma2018Dv2_2v3/190602_055138/0005/Data_EGamma2018Dv2_2v3_5245.root
name: Data_EGamma2018Dv2_2v3_5245.root
filenumber: 74
file path found: /hdfs/store/user/varuns/Run2018D_Prompt/EGamma/crab_job_EGamma2018Dv2_2v3/190602_055138/0005/Data_EGamma2018Dv2_2v3_5246.root
name: Data_EGamma2018Dv2_2v3_5246.root
filenumber: 75
file path found: /hdfs/store/user/varuns/Run2018D_Prompt/EGamma/crab_job_EGamma2018Dv2_2v3/190602_055138/0005/Data_EGamma2018Dv2_2v3_5247.root
name: Data_EGamma2018Dv2_2v3_5247.root
filenumber: 76
file path found: /hdfs/store/user/varuns/Run2018D_Prompt/EGamma/crab_job_EGamma2018Dv2_2v3/190602_055138/0005/Data_EGamma2018Dv2_2v3_5248.root
name: Data_EGamma2018Dv2_2v3_5248.root
filenumber: 77
file path found: /hdfs/store/user/varuns/Run2018D_Prompt/EGamma/crab_job_EGamma2018Dv2_2v3/190602_055138/0005/Data_EGamma2018Dv2_2v3_5249.root
name: Data_EGamma2018Dv2_2v3_5249.root
filenumber: 78
file path found: /hdfs/store/user/varuns/Run2018D_Prompt/EGamma/crab_job_EGamma2018Dv2_2v3/190602_055138/0005/Data_EGamma2018Dv2_2v3_5250.root
name: Data_EGamma2018Dv2_2v3_5250.root
filenumber: 79
file path found: /hdfs/store/user/varuns/Run2018D_Prompt/EGamma/crab_job_EGamma2018Dv2_2v3/190602_055138/0005/Data_EGamma2018Dv2_2v3_5251.root
name: Data_EGamma2018Dv2_2v3_5251.root
filenumber: 80
file path found: /hdfs/store/user/varuns/Run2018D_Prompt/EGamma/crab_job_EGamma2018Dv2_2v3/190602_055138/0005/Data_EGamma2018Dv2_2v3_5252.root
name: Data_EGamma2018Dv2_2v3_5252.root
filenumber: 81
file path found: /hdfs/store/user/varuns/Run2018D_Prompt/EGamma/crab_job_EGamma2018Dv2_2v3/190602_055138/0005/Data_EGamma2018Dv2_2v3_5253.root
name: Data_EGamma2018Dv2_2v3_5253.root
filenumber: 82
file path found: /hdfs/store/user/varuns/Run2018D_Prompt/EGamma/crab_job_EGamma2018Dv2_2v3/190602_055138/0005/Data_EGamma2018Dv2_2v3_5254.root
name: Data_EGamma2018Dv2_2v3_5254.root
filenumber: 83
file path found: /hdfs/store/user/varuns/Run2018D_Prompt/EGamma/crab_job_EGamma2018Dv2_2v3/190602_055138/0005/Data_EGamma2018Dv2_2v3_5255.root
name: Data_EGamma2018Dv2_2v3_5255.root
filenumber: 84
file path found: /hdfs/store/user/varuns/Run2018D_Prompt/EGamma/crab_job_EGamma2018Dv2_2v3/190602_055138/0005/Data_EGamma2018Dv2_2v3_5256.root
name: Data_EGamma2018Dv2_2v3_5256.root
filenumber: 85
file path found: /hdfs/store/user/varuns/Run2018D_Prompt/EGamma/crab_job_EGamma2018Dv2_2v3/190602_055138/0005/Data_EGamma2018Dv2_2v3_5257.root
name: Data_EGamma2018Dv2_2v3_5257.root
filenumber: 86
file path found: /hdfs/store/user/varuns/Run2018D_Prompt/EGamma/crab_job_EGamma2018Dv2_2v3/190602_055138/0005/Data_EGamma2018Dv2_2v3_5258.root
name: Data_EGamma2018Dv2_2v3_5258.root
filenumber: 87
file path found: /hdfs/store/user/varuns/Run2018D_Prompt/EGamma/crab_job_EGamma2018Dv2_2v3/190602_055138/0005/Data_EGamma2018Dv2_2v3_5259.root
name: Data_EGamma2018Dv2_2v3_5259.root
filenumber: 88
file path found: /hdfs/store/user/varuns/Run2018D_Prompt/EGamma/crab_job_EGamma2018Dv2_2v3/190602_055138/0005/Data_EGamma2018Dv2_2v3_5260.root
name: Data_EGamma2018Dv2_2v3_5260.root
filenumber: 89
file path found: /hdfs/store/user/varuns/Run2018D_Prompt/EGamma/crab_job_EGamma2018Dv2_2v3/190602_055138/0005/Data_EGamma2018Dv2_2v3_5261.root
name: Data_EGamma2018Dv2_2v3_5261.root
filenumber: 90
file path found: /hdfs/store/user/varuns/Run2018D_Prompt/EGamma/crab_job_EGamma2018Dv2_2v3/190602_055138/0005/Data_EGamma2018Dv2_2v3_5262.root
name: Data_EGamma2018Dv2_2v3_5262.root
filenumber: 91
file path found: /hdfs/store/user/varuns/Run2018D_Prompt/EGamma/crab_job_EGamma2018Dv2_2v3/190602_055138/0005/Data_EGamma2018Dv2_2v3_5263.root
name: Data_EGamma2018Dv2_2v3_5263.root
filenumber: 92
file path found: /hdfs/store/user/varuns/Run2018D_Prompt/EGamma/crab_job_EGamma2018Dv2_2v3/190602_055138/0005/Data_EGamma2018Dv2_2v3_5264.root
name: Data_EGamma2018Dv2_2v3_5264.root
filenumber: 93
file path found: /hdfs/store/user/varuns/Run2018D_Prompt/EGamma/crab_job_EGamma2018Dv2_2v3/190602_055138/0005/Data_EGamma2018Dv2_2v3_5265.root
name: Data_EGamma2018Dv2_2v3_5265.root
filenumber: 94
file path found: /hdfs/store/user/varuns/Run2018D_Prompt/EGamma/crab_job_EGamma2018Dv2_2v3/190602_055138/0005/Data_EGamma2018Dv2_2v3_5266.root
name: Data_EGamma2018Dv2_2v3_5266.root
filenumber: 95
file path found: /hdfs/store/user/varuns/Run2018D_Prompt/EGamma/crab_job_EGamma2018Dv2_2v3/190602_055138/0005/Data_EGamma2018Dv2_2v3_5267.root
name: Data_EGamma2018Dv2_2v3_5267.root
filenumber: 96
file path found: /hdfs/store/user/varuns/Run2018D_Prompt/EGamma/crab_job_EGamma2018Dv2_2v3/190602_055138/0005/Data_EGamma2018Dv2_2v3_5268.root
name: Data_EGamma2018Dv2_2v3_5268.root
filenumber: 97
file path found: /hdfs/store/user/varuns/Run2018D_Prompt/EGamma/crab_job_EGamma2018Dv2_2v3/190602_055138/0005/Data_EGamma2018Dv2_2v3_5269.root
name: Data_EGamma2018Dv2_2v3_5269.root
filenumber: 98
file path found: /hdfs/store/user/varuns/Run2018D_Prompt/EGamma/crab_job_EGamma2018Dv2_2v3/190602_055138/0005/Data_EGamma2018Dv2_2v3_5270.root
name: Data_EGamma2018Dv2_2v3_5270.root
filenumber: 99
file path found: /hdfs/store/user/varuns/Run2018D_Prompt/EGamma/crab_job_EGamma2018Dv2_2v3/190602_055138/0005/Data_EGamma2018Dv2_2v3_5271.root
name: Data_EGamma2018Dv2_2v3_5271.root
filenumber: 100
file path found: /hdfs/store/user/varuns/Run2018D_Prompt/EGamma/crab_job_EGamma2018Dv2_2v3/190602_055138/0005/Data_EGamma2018Dv2_2v3_5272.root
name: Data_EGamma2018Dv2_2v3_5272.root
filenumber: 101
file path found: /hdfs/store/user/varuns/Run2018D_Prompt/EGamma/crab_job_EGamma2018Dv2_2v3/190602_055138/0005/Data_EGamma2018Dv2_2v3_5273.root
name: Data_EGamma2018Dv2_2v3_5273.root
filenumber: 102
file path found: /hdfs/store/user/varuns/Run2018D_Prompt/EGamma/crab_job_EGamma2018Dv2_2v3/190602_055138/0005/Data_EGamma2018Dv2_2v3_5274.root
name: Data_EGamma2018Dv2_2v3_5274.root
filenumber: 103
file path found: /hdfs/store/user/varuns/Run2018D_Prompt/EGamma/crab_job_EGamma2018Dv2_2v3/190602_055138/0005/Data_EGamma2018Dv2_2v3_5275.root
name: Data_EGamma2018Dv2_2v3_5275.root
filenumber: 104
file path found: /hdfs/store/user/varuns/Run2018D_Prompt/EGamma/crab_job_EGamma2018Dv2_2v3/190602_055138/0005/Data_EGamma2018Dv2_2v3_5276.root
name: Data_EGamma2018Dv2_2v3_5276.root
filenumber: 105
file path found: /hdfs/store/user/varuns/Run2018D_Prompt/EGamma/crab_job_EGamma2018Dv2_2v3/190602_055138/0005/Data_EGamma2018Dv2_2v3_5277.root
name: Data_EGamma2018Dv2_2v3_5277.root
filenumber: 106
file path found: /hdfs/store/user/varuns/Run2018D_Prompt/EGamma/crab_job_EGamma2018Dv2_2v3/190602_055138/0005/Data_EGamma2018Dv2_2v3_5278.root
name: Data_EGamma2018Dv2_2v3_5278.root
filenumber: 107
file path found: /hdfs/store/user/varuns/Run2018D_Prompt/EGamma/crab_job_EGamma2018Dv2_2v3/190602_055138/0005/Data_EGamma2018Dv2_2v3_5279.root
name: Data_EGamma2018Dv2_2v3_5279.root
filenumber: 108
file path found: /hdfs/store/user/varuns/Run2018D_Prompt/EGamma/crab_job_EGamma2018Dv2_2v3/190602_055138/0005/Data_EGamma2018Dv2_2v3_5280.root
name: Data_EGamma2018Dv2_2v3_5280.root
filenumber: 109
file path found: /hdfs/store/user/varuns/Run2018D_Prompt/EGamma/crab_job_EGamma2018Dv2_2v3/190602_055138/0005/Data_EGamma2018Dv2_2v3_5281.root
name: Data_EGamma2018Dv2_2v3_5281.root
filenumber: 110
file path found: /hdfs/store/user/varuns/Run2018D_Prompt/EGamma/crab_job_EGamma2018Dv2_2v3/190602_055138/0005/Data_EGamma2018Dv2_2v3_5282.root
name: Data_EGamma2018Dv2_2v3_5282.root
filenumber: 111
file path found: /hdfs/store/user/varuns/Run2018D_Prompt/EGamma/crab_job_EGamma2018Dv2_2v3/190602_055138/0005/Data_EGamma2018Dv2_2v3_5283.root
name: Data_EGamma2018Dv2_2v3_5283.root
filenumber: 112
file path found: /hdfs/store/user/varuns/Run2018D_Prompt/EGamma/crab_job_EGamma2018Dv2_2v3/190602_055138/0005/Data_EGamma2018Dv2_2v3_5284.root
name: Data_EGamma2018Dv2_2v3_5284.root
filenumber: 113
file path found: /hdfs/store/user/varuns/Run2018D_Prompt/EGamma/crab_job_EGamma2018Dv2_2v3/190602_055138/0005/Data_EGamma2018Dv2_2v3_5285.root
name: Data_EGamma2018Dv2_2v3_5285.root
filenumber: 114
file path found: /hdfs/store/user/varuns/Run2018D_Prompt/EGamma/crab_job_EGamma2018Dv2_2v3/190602_055138/0005/Data_EGamma2018Dv2_2v3_5286.root
name: Data_EGamma2018Dv2_2v3_5286.root
filenumber: 115
file path found: /hdfs/store/user/varuns/Run2018D_Prompt/EGamma/crab_job_EGamma2018Dv2_2v3/190602_055138/0005/Data_EGamma2018Dv2_2v3_5287.root
name: Data_EGamma2018Dv2_2v3_5287.root
filenumber: 116
file path found: /hdfs/store/user/varuns/Run2018D_Prompt/EGamma/crab_job_EGamma2018Dv2_2v3/190602_055138/0005/Data_EGamma2018Dv2_2v3_5288.root
name: Data_EGamma2018Dv2_2v3_5288.root
filenumber: 117
file path found: /hdfs/store/user/varuns/Run2018D_Prompt/EGamma/crab_job_EGamma2018Dv2_2v3/190602_055138/0005/Data_EGamma2018Dv2_2v3_5289.root
name: Data_EGamma2018Dv2_2v3_5289.root
filenumber: 118
file path found: /hdfs/store/user/varuns/Run2018D_Prompt/EGamma/crab_job_EGamma2018Dv2_2v3/190602_055138/0005/Data_EGamma2018Dv2_2v3_5290.root
name: Data_EGamma2018Dv2_2v3_5290.root
filenumber: 119
file path found: /hdfs/store/user/varuns/Run2018D_Prompt/EGamma/crab_job_EGamma2018Dv2_2v3/190602_055138/0005/Data_EGamma2018Dv2_2v3_5291.root
name: Data_EGamma2018Dv2_2v3_5291.root
filenumber: 120
file path found: /hdfs/store/user/varuns/Run2018D_Prompt/EGamma/crab_job_EGamma2018Dv2_2v3/190602_055138/0005/Data_EGamma2018Dv2_2v3_5292.root
name: Data_EGamma2018Dv2_2v3_5292.root
filenumber: 121
file path found: /hdfs/store/user/varuns/Run2018D_Prompt/EGamma/crab_job_EGamma2018Dv2_2v3/190602_055138/0005/Data_EGamma2018Dv2_2v3_5299.root
name: Data_EGamma2018Dv2_2v3_5299.root
filenumber: 122
file path found: /hdfs/store/user/varuns/Run2018D_Prompt/EGamma/crab_job_EGamma2018Dv2_2v3/190602_055138/0005/Data_EGamma2018Dv2_2v3_5300.root
name: Data_EGamma2018Dv2_2v3_5300.root
filenumber: 123
file path found: /hdfs/store/user/varuns/Run2018D_Prompt/EGamma/crab_job_EGamma2018Dv2_2v3/190602_055138/0005/Data_EGamma2018Dv2_2v3_5310.root
name: Data_EGamma2018Dv2_2v3_5310.root
filenumber: 124
file path found: /hdfs/store/user/varuns/Run2018D_Prompt/EGamma/crab_job_EGamma2018Dv2_2v3/190602_055138/0005/Data_EGamma2018Dv2_2v3_5312.root
name: Data_EGamma2018Dv2_2v3_5312.root
filenumber: 125
file path found: /hdfs/store/user/varuns/Run2018D_Prompt/EGamma/crab_job_EGamma2018Dv2_2v3/190602_055138/0005/Data_EGamma2018Dv2_2v3_5403.root
name: Data_EGamma2018Dv2_2v3_5403.root
filenumber: 126
file path found: /hdfs/store/user/varuns/Run2018D_Prompt/EGamma/crab_job_EGamma2018Dv2_2v3/190602_055138/0005/Data_EGamma2018Dv2_2v3_5404.root
name: Data_EGamma2018Dv2_2v3_5404.root
filenumber: 127
file path found: /hdfs/store/user/varuns/Run2018D_Prompt/EGamma/crab_job_EGamma2018Dv2_2v3/190602_055138/0005/Data_EGamma2018Dv2_2v3_5405.root
name: Data_EGamma2018Dv2_2v3_5405.root
filenumber: 128
file path found: /hdfs/store/user/varuns/Run2018D_Prompt/EGamma/crab_job_EGamma2018Dv2_2v3/190602_055138/0005/Data_EGamma2018Dv2_2v3_5406.root
name: Data_EGamma2018Dv2_2v3_5406.root
filenumber: 129
file path found: /hdfs/store/user/varuns/Run2018D_Prompt/EGamma/crab_job_EGamma2018Dv2_2v3/190602_055138/0005/Data_EGamma2018Dv2_2v3_5407.root
name: Data_EGamma2018Dv2_2v3_5407.root
filenumber: 130
file path found: /hdfs/store/user/varuns/Run2018D_Prompt/EGamma/crab_job_EGamma2018Dv2_2v3/190602_055138/0005/Data_EGamma2018Dv2_2v3_5551.root
name: Data_EGamma2018Dv2_2v3_5551.root
filenumber: 131
file path found: /hdfs/store/user/varuns/Run2018D_Prompt/EGamma/crab_job_EGamma2018Dv2_2v3/190602_055138/0005/Data_EGamma2018Dv2_2v3_5573.root
name: Data_EGamma2018Dv2_2v3_5573.root
filenumber: 132
file path found: /hdfs/store/user/varuns/Run2018D_Prompt/EGamma/crab_job_EGamma2018Dv2_2v3/190602_055138/0005/Data_EGamma2018Dv2_2v3_5575.root
name: Data_EGamma2018Dv2_2v3_5575.root
filenumber: 133
file path found: /hdfs/store/user/varuns/Run2018D_Prompt/EGamma/crab_job_EGamma2018Dv2_2v3/190602_055138/0005/Data_EGamma2018Dv2_2v3_5578.root
name: Data_EGamma2018Dv2_2v3_5578.root
filenumber: 134
file path found: /hdfs/store/user/varuns/Run2018D_Prompt/EGamma/crab_job_EGamma2018Dv2_2v3/190602_055138/0005/Data_EGamma2018Dv2_2v3_5592.root
name: Data_EGamma2018Dv2_2v3_5592.root
filenumber: 135
file path found: /hdfs/store/user/varuns/Run2018D_Prompt/EGamma/crab_job_EGamma2018Dv2_2v3/190602_055138/0005/Data_EGamma2018Dv2_2v3_5596.root
name: Data_EGamma2018Dv2_2v3_5596.root
filenumber: 136
file path found: /hdfs/store/user/varuns/Run2018D_Prompt/EGamma/crab_job_EGamma2018Dv2_2v3/190602_055138/0005/Data_EGamma2018Dv2_2v3_5597.root
name: Data_EGamma2018Dv2_2v3_5597.root
filenumber: 137
file path found: /hdfs/store/user/varuns/Run2018D_Prompt/EGamma/crab_job_EGamma2018Dv2_2v3/190602_055138/0005/Data_EGamma2018Dv2_2v3_5598.root
name: Data_EGamma2018Dv2_2v3_5598.root
filenumber: 138
file path found: /hdfs/store/user/varuns/Run2018D_Prompt/EGamma/crab_job_EGamma2018Dv2_2v3/190602_055138/0005/Data_EGamma2018Dv2_2v3_5599.root
name: Data_EGamma2018Dv2_2v3_5599.root
filenumber: 139
file path found: /hdfs/store/user/varuns/Run2018D_Prompt/EGamma/crab_job_EGamma2018Dv2_2v3/190602_055138/0005/Data_EGamma2018Dv2_2v3_5600.root
name: Data_EGamma2018Dv2_2v3_5600.root
filenumber: 140
file path found: /hdfs/store/user/varuns/Run2018D_Prompt/EGamma/crab_job_EGamma2018Dv2_2v3/190602_055138/0005/Data_EGamma2018Dv2_2v3_5604.root
name: Data_EGamma2018Dv2_2v3_5604.root
filenumber: 141
file path found: /hdfs/store/user/varuns/Run2018D_Prompt/EGamma/crab_job_EGamma2018Dv2_2v3/190602_055138/0005/Data_EGamma2018Dv2_2v3_5605.root
name: Data_EGamma2018Dv2_2v3_5605.root
filenumber: 142
file path found: /hdfs/store/user/varuns/Run2018D_Prompt/EGamma/crab_job_EGamma2018Dv2_2v3/190602_055138/0005/Data_EGamma2018Dv2_2v3_5606.root
name: Data_EGamma2018Dv2_2v3_5606.root
filenumber: 143
file path found: /hdfs/store/user/varuns/Run2018D_Prompt/EGamma/crab_job_EGamma2018Dv2_2v3/190602_055138/0005/Data_EGamma2018Dv2_2v3_5607.root
name: Data_EGamma2018Dv2_2v3_5607.root
filenumber: 144
file path found: /hdfs/store/user/varuns/Run2018D_Prompt/EGamma/crab_job_EGamma2018Dv2_2v3/190602_055138/0005/Data_EGamma2018Dv2_2v3_5609.root
name: Data_EGamma2018Dv2_2v3_5609.root
filenumber: 145
file path found: /hdfs/store/user/varuns/Run2018D_Prompt/EGamma/crab_job_EGamma2018Dv2_2v3/190602_055138/0005/Data_EGamma2018Dv2_2v3_5614.root
name: Data_EGamma2018Dv2_2v3_5614.root
filenumber: 146
file path found: /hdfs/store/user/varuns/Run2018D_Prompt/EGamma/crab_job_EGamma2018Dv2_2v3/190602_055138/0005/Data_EGamma2018Dv2_2v3_5615.root
name: Data_EGamma2018Dv2_2v3_5615.root
filenumber: 147
file path found: /hdfs/store/user/varuns/Run2018D_Prompt/EGamma/crab_job_EGamma2018Dv2_2v3/190602_055138/0005/Data_EGamma2018Dv2_2v3_5616.root
name: Data_EGamma2018Dv2_2v3_5616.root
filenumber: 148
file path found: /hdfs/store/user/varuns/Run2018D_Prompt/EGamma/crab_job_EGamma2018Dv2_2v3/190602_055138/0005/Data_EGamma2018Dv2_2v3_5617.root
name: Data_EGamma2018Dv2_2v3_5617.root
filenumber: 149
file path found: /hdfs/store/user/varuns/Run2018D_Prompt/EGamma/crab_job_EGamma2018Dv2_2v3/190602_055138/0005/Data_EGamma2018Dv2_2v3_5621.root
name: Data_EGamma2018Dv2_2v3_5621.root
filenumber: 150
file path found: /hdfs/store/user/varuns/Run2018D_Prompt/EGamma/crab_job_EGamma2018Dv2_2v3/190602_055138/0005/Data_EGamma2018Dv2_2v3_5624.root
name: Data_EGamma2018Dv2_2v3_5624.root
filenumber: 151
file path found: /hdfs/store/user/varuns/Run2018D_Prompt/EGamma/crab_job_EGamma2018Dv2_2v3/190602_055138/0005/Data_EGamma2018Dv2_2v3_5627.root
name: Data_EGamma2018Dv2_2v3_5627.root
filenumber: 152
file path found: /hdfs/store/user/varuns/Run2018D_Prompt/EGamma/crab_job_EGamma2018Dv2_2v3/190602_055138/0005/Data_EGamma2018Dv2_2v3_5629.root
name: Data_EGamma2018Dv2_2v3_5629.root
filenumber: 153
file path found: /hdfs/store/user/varuns/Run2018D_Prompt/EGamma/crab_job_EGamma2018Dv2_2v3/190602_055138/0005/Data_EGamma2018Dv2_2v3_5630.root
name: Data_EGamma2018Dv2_2v3_5630.root
filenumber: 154
file path found: /hdfs/store/user/varuns/Run2018D_Prompt/EGamma/crab_job_EGamma2018Dv2_2v3/190602_055138/0005/Data_EGamma2018Dv2_2v3_5631.root
name: Data_EGamma2018Dv2_2v3_5631.root
filenumber: 155
file path found: /hdfs/store/user/varuns/Run2018D_Prompt/EGamma/crab_job_EGamma2018Dv2_2v3/190602_055138/0005/Data_EGamma2018Dv2_2v3_5632.root
name: Data_EGamma2018Dv2_2v3_5632.root
filenumber: 156
file path found: /hdfs/store/user/varuns/Run2018D_Prompt/EGamma/crab_job_EGamma2018Dv2_2v3/190602_055138/0005/Data_EGamma2018Dv2_2v3_5633.root
name: Data_EGamma2018Dv2_2v3_5633.root
filenumber: 157
file path found: /hdfs/store/user/varuns/Run2018D_Prompt/EGamma/crab_job_EGamma2018Dv2_2v3/190602_055138/0005/Data_EGamma2018Dv2_2v3_5634.root
name: Data_EGamma2018Dv2_2v3_5634.root
filenumber: 158
Adding FullPathInputFile to chain:/hdfs/store/user/varuns/Run2018D_Prompt/EGamma/crab_job_EGamma2018Dv2_2v3/190602_055138/0005/Data_EGamma2018Dv2_2v3_5634.root

file path found: /hdfs/store/user/varuns/Run2018D_Prompt/EGamma/crab_job_EGamma2018Dv2_2v3/190602_055138/0005/Data_EGamma2018Dv2_2v3_5635.root
name: Data_EGamma2018Dv2_2v3_5635.root
filenumber: 159
Adding FullPathInputFile to chain:/hdfs/store/user/varuns/Run2018D_Prompt/EGamma/crab_job_EGamma2018Dv2_2v3/190602_055138/0005/Data_EGamma2018Dv2_2v3_5635.root

file path found: /hdfs/store/user/varuns/Run2018D_Prompt/EGamma/crab_job_EGamma2018Dv2_2v3/190602_055138/0005/Data_EGamma2018Dv2_2v3_5637.root
name: Data_EGamma2018Dv2_2v3_5637.root
filenumber: 160
Adding FullPathInputFile to chain:/hdfs/store/user/varuns/Run2018D_Prompt/EGamma/crab_job_EGamma2018Dv2_2v3/190602_055138/0005/Data_EGamma2018Dv2_2v3_5637.root

file path found: /hdfs/store/user/varuns/Run2018D_Prompt/EGamma/crab_job_EGamma2018Dv2_2v3/190602_055138/0005/Data_EGamma2018Dv2_2v3_5638.root
name: Data_EGamma2018Dv2_2v3_5638.root
filenumber: 161
Adding FullPathInputFile to chain:/hdfs/store/user/varuns/Run2018D_Prompt/EGamma/crab_job_EGamma2018Dv2_2v3/190602_055138/0005/Data_EGamma2018Dv2_2v3_5638.root

file path found: /hdfs/store/user/varuns/Run2018D_Prompt/EGamma/crab_job_EGamma2018Dv2_2v3/190602_055138/0005/Data_EGamma2018Dv2_2v3_5639.root
name: Data_EGamma2018Dv2_2v3_5639.root
filenumber: 162
Adding FullPathInputFile to chain:/hdfs/store/user/varuns/Run2018D_Prompt/EGamma/crab_job_EGamma2018Dv2_2v3/190602_055138/0005/Data_EGamma2018Dv2_2v3_5639.root

file path found: /hdfs/store/user/varuns/Run2018D_Prompt/EGamma/crab_job_EGamma2018Dv2_2v3/190602_055138/0005/Data_EGamma2018Dv2_2v3_5640.root
name: Data_EGamma2018Dv2_2v3_5640.root
filenumber: 163
Adding FullPathInputFile to chain:/hdfs/store/user/varuns/Run2018D_Prompt/EGamma/crab_job_EGamma2018Dv2_2v3/190602_055138/0005/Data_EGamma2018Dv2_2v3_5640.root

file path found: /hdfs/store/user/varuns/Run2018D_Prompt/EGamma/crab_job_EGamma2018Dv2_2v3/190602_055138/0005/Data_EGamma2018Dv2_2v3_5641.root
name: Data_EGamma2018Dv2_2v3_5641.root
filenumber: 164
Adding FullPathInputFile to chain:/hdfs/store/user/varuns/Run2018D_Prompt/EGamma/crab_job_EGamma2018Dv2_2v3/190602_055138/0005/Data_EGamma2018Dv2_2v3_5641.root

file path found: /hdfs/store/user/varuns/Run2018D_Prompt/EGamma/crab_job_EGamma2018Dv2_2v3/190602_055138/0005/Data_EGamma2018Dv2_2v3_5642.root
name: Data_EGamma2018Dv2_2v3_5642.root
filenumber: 165
Adding FullPathInputFile to chain:/hdfs/store/user/varuns/Run2018D_Prompt/EGamma/crab_job_EGamma2018Dv2_2v3/190602_055138/0005/Data_EGamma2018Dv2_2v3_5642.root

file path found: /hdfs/store/user/varuns/Run2018D_Prompt/EGamma/crab_job_EGamma2018Dv2_2v3/190602_055138/0005/Data_EGamma2018Dv2_2v3_5643.root
name: Data_EGamma2018Dv2_2v3_5643.root
filenumber: 166
Adding FullPathInputFile to chain:/hdfs/store/user/varuns/Run2018D_Prompt/EGamma/crab_job_EGamma2018Dv2_2v3/190602_055138/0005/Data_EGamma2018Dv2_2v3_5643.root

file path found: /hdfs/store/user/varuns/Run2018D_Prompt/EGamma/crab_job_EGamma2018Dv2_2v3/190602_055138/0005/Data_EGamma2018Dv2_2v3_5644.root
name: Data_EGamma2018Dv2_2v3_5644.root
filenumber: 167
Adding FullPathInputFile to chain:/hdfs/store/user/varuns/Run2018D_Prompt/EGamma/crab_job_EGamma2018Dv2_2v3/190602_055138/0005/Data_EGamma2018Dv2_2v3_5644.root

file path found: /hdfs/store/user/varuns/Run2018D_Prompt/EGamma/crab_job_EGamma2018Dv2_2v3/190602_055138/0005/Data_EGamma2018Dv2_2v3_5645.root
name: Data_EGamma2018Dv2_2v3_5645.root
filenumber: 168
Adding FullPathInputFile to chain:/hdfs/store/user/varuns/Run2018D_Prompt/EGamma/crab_job_EGamma2018Dv2_2v3/190602_055138/0005/Data_EGamma2018Dv2_2v3_5645.root

file path found: /hdfs/store/user/varuns/Run2018D_Prompt/EGamma/crab_job_EGamma2018Dv2_2v3/190602_055138/0005/Data_EGamma2018Dv2_2v3_5646.root
name: Data_EGamma2018Dv2_2v3_5646.root
filenumber: 169
Adding FullPathInputFile to chain:/hdfs/store/user/varuns/Run2018D_Prompt/EGamma/crab_job_EGamma2018Dv2_2v3/190602_055138/0005/Data_EGamma2018Dv2_2v3_5646.root

file path found: /hdfs/store/user/varuns/Run2018D_Prompt/EGamma/crab_job_EGamma2018Dv2_2v3/190602_055138/0005/Data_EGamma2018Dv2_2v3_5647.root
name: Data_EGamma2018Dv2_2v3_5647.root
filenumber: 170
Adding FullPathInputFile to chain:/hdfs/store/user/varuns/Run2018D_Prompt/EGamma/crab_job_EGamma2018Dv2_2v3/190602_055138/0005/Data_EGamma2018Dv2_2v3_5647.root

file path found: /hdfs/store/user/varuns/Run2018D_Prompt/EGamma/crab_job_EGamma2018Dv2_2v3/190602_055138/0005/Data_EGamma2018Dv2_2v3_5648.root
name: Data_EGamma2018Dv2_2v3_5648.root
filenumber: 171
Adding FullPathInputFile to chain:/hdfs/store/user/varuns/Run2018D_Prompt/EGamma/crab_job_EGamma2018Dv2_2v3/190602_055138/0005/Data_EGamma2018Dv2_2v3_5648.root

file path found: /hdfs/store/user/varuns/Run2018D_Prompt/EGamma/crab_job_EGamma2018Dv2_2v3/190602_055138/0005/Data_EGamma2018Dv2_2v3_5649.root
name: Data_EGamma2018Dv2_2v3_5649.root
filenumber: 172
Adding FullPathInputFile to chain:/hdfs/store/user/varuns/Run2018D_Prompt/EGamma/crab_job_EGamma2018Dv2_2v3/190602_055138/0005/Data_EGamma2018Dv2_2v3_5649.root

file path found: /hdfs/store/user/varuns/Run2018D_Prompt/EGamma/crab_job_EGamma2018Dv2_2v3/190602_055138/0005/Data_EGamma2018Dv2_2v3_5650.root
name: Data_EGamma2018Dv2_2v3_5650.root
filenumber: 173
Adding FullPathInputFile to chain:/hdfs/store/user/varuns/Run2018D_Prompt/EGamma/crab_job_EGamma2018Dv2_2v3/190602_055138/0005/Data_EGamma2018Dv2_2v3_5650.root

file path found: /hdfs/store/user/varuns/Run2018D_Prompt/EGamma/crab_job_EGamma2018Dv2_2v3/190602_055138/0005/Data_EGamma2018Dv2_2v3_5651.root
name: Data_EGamma2018Dv2_2v3_5651.root
filenumber: 174
Adding FullPathInputFile to chain:/hdfs/store/user/varuns/Run2018D_Prompt/EGamma/crab_job_EGamma2018Dv2_2v3/190602_055138/0005/Data_EGamma2018Dv2_2v3_5651.root

file path found: /hdfs/store/user/varuns/Run2018D_Prompt/EGamma/crab_job_EGamma2018Dv2_2v3/190602_055138/0005/Data_EGamma2018Dv2_2v3_5652.root
name: Data_EGamma2018Dv2_2v3_5652.root
filenumber: 175
Adding FullPathInputFile to chain:/hdfs/store/user/varuns/Run2018D_Prompt/EGamma/crab_job_EGamma2018Dv2_2v3/190602_055138/0005/Data_EGamma2018Dv2_2v3_5652.root

file path found: /hdfs/store/user/varuns/Run2018D_Prompt/EGamma/crab_job_EGamma2018Dv2_2v3/190602_055138/0005/Data_EGamma2018Dv2_2v3_5653.root
name: Data_EGamma2018Dv2_2v3_5653.root
filenumber: 176
Adding FullPathInputFile to chain:/hdfs/store/user/varuns/Run2018D_Prompt/EGamma/crab_job_EGamma2018Dv2_2v3/190602_055138/0005/Data_EGamma2018Dv2_2v3_5653.root

file path found: /hdfs/store/user/varuns/Run2018D_Prompt/EGamma/crab_job_EGamma2018Dv2_2v3/190602_055138/0005/Data_EGamma2018Dv2_2v3_5654.root
name: Data_EGamma2018Dv2_2v3_5654.root
filenumber: 177
Adding FullPathInputFile to chain:/hdfs/store/user/varuns/Run2018D_Prompt/EGamma/crab_job_EGamma2018Dv2_2v3/190602_055138/0005/Data_EGamma2018Dv2_2v3_5654.root

file path found: /hdfs/store/user/varuns/Run2018D_Prompt/EGamma/crab_job_EGamma2018Dv2_2v3/190602_055138/0005/Data_EGamma2018Dv2_2v3_5655.root
name: Data_EGamma2018Dv2_2v3_5655.root
filenumber: 178
Adding FullPathInputFile to chain:/hdfs/store/user/varuns/Run2018D_Prompt/EGamma/crab_job_EGamma2018Dv2_2v3/190602_055138/0005/Data_EGamma2018Dv2_2v3_5655.root

file path found: /hdfs/store/user/varuns/Run2018D_Prompt/EGamma/crab_job_EGamma2018Dv2_2v3/190602_055138/0005/Data_EGamma2018Dv2_2v3_5656.root
name: Data_EGamma2018Dv2_2v3_5656.root
filenumber: 179
Adding FullPathInputFile to chain:/hdfs/store/user/varuns/Run2018D_Prompt/EGamma/crab_job_EGamma2018Dv2_2v3/190602_055138/0005/Data_EGamma2018Dv2_2v3_5656.root

file path found: /hdfs/store/user/varuns/Run2018D_Prompt/EGamma/crab_job_EGamma2018Dv2_2v3/190602_055138/0005/Data_EGamma2018Dv2_2v3_5657.root
name: Data_EGamma2018Dv2_2v3_5657.root
filenumber: 180
Adding FullPathInputFile to chain:/hdfs/store/user/varuns/Run2018D_Prompt/EGamma/crab_job_EGamma2018Dv2_2v3/190602_055138/0005/Data_EGamma2018Dv2_2v3_5657.root

file path found: /hdfs/store/user/varuns/Run2018D_Prompt/EGamma/crab_job_EGamma2018Dv2_2v3/190602_055138/0005/Data_EGamma2018Dv2_2v3_5658.root
name: Data_EGamma2018Dv2_2v3_5658.root
filenumber: 181
Adding FullPathInputFile to chain:/hdfs/store/user/varuns/Run2018D_Prompt/EGamma/crab_job_EGamma2018Dv2_2v3/190602_055138/0005/Data_EGamma2018Dv2_2v3_5658.root

file path found: /hdfs/store/user/varuns/Run2018D_Prompt/EGamma/crab_job_EGamma2018Dv2_2v3/190602_055138/0005/Data_EGamma2018Dv2_2v3_5660.root
name: Data_EGamma2018Dv2_2v3_5660.root
filenumber: 182
Adding FullPathInputFile to chain:/hdfs/store/user/varuns/Run2018D_Prompt/EGamma/crab_job_EGamma2018Dv2_2v3/190602_055138/0005/Data_EGamma2018Dv2_2v3_5660.root

file path found: /hdfs/store/user/varuns/Run2018D_Prompt/EGamma/crab_job_EGamma2018Dv2_2v3/190602_055138/0005/Data_EGamma2018Dv2_2v3_5661.root
name: Data_EGamma2018Dv2_2v3_5661.root
filenumber: 183
Adding FullPathInputFile to chain:/hdfs/store/user/varuns/Run2018D_Prompt/EGamma/crab_job_EGamma2018Dv2_2v3/190602_055138/0005/Data_EGamma2018Dv2_2v3_5661.root

file path found: /hdfs/store/user/varuns/Run2018D_Prompt/EGamma/crab_job_EGamma2018Dv2_2v3/190602_055138/0005/Data_EGamma2018Dv2_2v3_5662.root
name: Data_EGamma2018Dv2_2v3_5662.root
filenumber: 184
Adding FullPathInputFile to chain:/hdfs/store/user/varuns/Run2018D_Prompt/EGamma/crab_job_EGamma2018Dv2_2v3/190602_055138/0005/Data_EGamma2018Dv2_2v3_5662.root

file path found: /hdfs/store/user/varuns/Run2018D_Prompt/EGamma/crab_job_EGamma2018Dv2_2v3/190602_055138/0005/Data_EGamma2018Dv2_2v3_5663.root
name: Data_EGamma2018Dv2_2v3_5663.root
filenumber: 185
Adding FullPathInputFile to chain:/hdfs/store/user/varuns/Run2018D_Prompt/EGamma/crab_job_EGamma2018Dv2_2v3/190602_055138/0005/Data_EGamma2018Dv2_2v3_5663.root

file path found: /hdfs/store/user/varuns/Run2018D_Prompt/EGamma/crab_job_EGamma2018Dv2_2v3/190602_055138/0005/Data_EGamma2018Dv2_2v3_5664.root
name: Data_EGamma2018Dv2_2v3_5664.root
filenumber: 186
Adding FullPathInputFile to chain:/hdfs/store/user/varuns/Run2018D_Prompt/EGamma/crab_job_EGamma2018Dv2_2v3/190602_055138/0005/Data_EGamma2018Dv2_2v3_5664.root

file path found: /hdfs/store/user/varuns/Run2018D_Prompt/EGamma/crab_job_EGamma2018Dv2_2v3/190602_055138/0005/Data_EGamma2018Dv2_2v3_5665.root
name: Data_EGamma2018Dv2_2v3_5665.root
filenumber: 187
Adding FullPathInputFile to chain:/hdfs/store/user/varuns/Run2018D_Prompt/EGamma/crab_job_EGamma2018Dv2_2v3/190602_055138/0005/Data_EGamma2018Dv2_2v3_5665.root

file path found: /hdfs/store/user/varuns/Run2018D_Prompt/EGamma/crab_job_EGamma2018Dv2_2v3/190602_055138/0005/Data_EGamma2018Dv2_2v3_5666.root
name: Data_EGamma2018Dv2_2v3_5666.root
filenumber: 188
Adding FullPathInputFile to chain:/hdfs/store/user/varuns/Run2018D_Prompt/EGamma/crab_job_EGamma2018Dv2_2v3/190602_055138/0005/Data_EGamma2018Dv2_2v3_5666.root

file path found: /hdfs/store/user/varuns/Run2018D_Prompt/EGamma/crab_job_EGamma2018Dv2_2v3/190602_055138/0005/Data_EGamma2018Dv2_2v3_5667.root
name: Data_EGamma2018Dv2_2v3_5667.root
filenumber: 189
Adding FullPathInputFile to chain:/hdfs/store/user/varuns/Run2018D_Prompt/EGamma/crab_job_EGamma2018Dv2_2v3/190602_055138/0005/Data_EGamma2018Dv2_2v3_5667.root

file path found: /hdfs/store/user/varuns/Run2018D_Prompt/EGamma/crab_job_EGamma2018Dv2_2v3/190602_055138/0005/Data_EGamma2018Dv2_2v3_5669.root
name: Data_EGamma2018Dv2_2v3_5669.root
filenumber: 190
Adding FullPathInputFile to chain:/hdfs/store/user/varuns/Run2018D_Prompt/EGamma/crab_job_EGamma2018Dv2_2v3/190602_055138/0005/Data_EGamma2018Dv2_2v3_5669.root

file path found: /hdfs/store/user/varuns/Run2018D_Prompt/EGamma/crab_job_EGamma2018Dv2_2v3/190602_055138/0005/Data_EGamma2018Dv2_2v3_5670.root
name: Data_EGamma2018Dv2_2v3_5670.root
filenumber: 191
Adding FullPathInputFile to chain:/hdfs/store/user/varuns/Run2018D_Prompt/EGamma/crab_job_EGamma2018Dv2_2v3/190602_055138/0005/Data_EGamma2018Dv2_2v3_5670.root

file path found: /hdfs/store/user/varuns/Run2018D_Prompt/EGamma/crab_job_EGamma2018Dv2_2v3/190602_055138/0005/Data_EGamma2018Dv2_2v3_5671.root
name: Data_EGamma2018Dv2_2v3_5671.root
filenumber: 192
Adding FullPathInputFile to chain:/hdfs/store/user/varuns/Run2018D_Prompt/EGamma/crab_job_EGamma2018Dv2_2v3/190602_055138/0005/Data_EGamma2018Dv2_2v3_5671.root

file path found: /hdfs/store/user/varuns/Run2018D_Prompt/EGamma/crab_job_EGamma2018Dv2_2v3/190602_055138/0005/Data_EGamma2018Dv2_2v3_5672.root
name: Data_EGamma2018Dv2_2v3_5672.root
filenumber: 193
Adding FullPathInputFile to chain:/hdfs/store/user/varuns/Run2018D_Prompt/EGamma/crab_job_EGamma2018Dv2_2v3/190602_055138/0005/Data_EGamma2018Dv2_2v3_5672.root

file path found: /hdfs/store/user/varuns/Run2018D_Prompt/EGamma/crab_job_EGamma2018Dv2_2v3/190602_055138/0005/Data_EGamma2018Dv2_2v3_5673.root
name: Data_EGamma2018Dv2_2v3_5673.root
filenumber: 194
Adding FullPathInputFile to chain:/hdfs/store/user/varuns/Run2018D_Prompt/EGamma/crab_job_EGamma2018Dv2_2v3/190602_055138/0005/Data_EGamma2018Dv2_2v3_5673.root

file path found: /hdfs/store/user/varuns/Run2018D_Prompt/EGamma/crab_job_EGamma2018Dv2_2v3/190602_055138/0005/Data_EGamma2018Dv2_2v3_5674.root
name: Data_EGamma2018Dv2_2v3_5674.root
filenumber: 195
Adding FullPathInputFile to chain:/hdfs/store/user/varuns/Run2018D_Prompt/EGamma/crab_job_EGamma2018Dv2_2v3/190602_055138/0005/Data_EGamma2018Dv2_2v3_5674.root

file path found: /hdfs/store/user/varuns/Run2018D_Prompt/EGamma/crab_job_EGamma2018Dv2_2v3/190602_055138/0005/Data_EGamma2018Dv2_2v3_5675.root
name: Data_EGamma2018Dv2_2v3_5675.root
filenumber: 196
Adding FullPathInputFile to chain:/hdfs/store/user/varuns/Run2018D_Prompt/EGamma/crab_job_EGamma2018Dv2_2v3/190602_055138/0005/Data_EGamma2018Dv2_2v3_5675.root

file path found: /hdfs/store/user/varuns/Run2018D_Prompt/EGamma/crab_job_EGamma2018Dv2_2v3/190602_055138/0005/Data_EGamma2018Dv2_2v3_5676.root
name: Data_EGamma2018Dv2_2v3_5676.root
filenumber: 197
Adding FullPathInputFile to chain:/hdfs/store/user/varuns/Run2018D_Prompt/EGamma/crab_job_EGamma2018Dv2_2v3/190602_055138/0005/Data_EGamma2018Dv2_2v3_5676.root

file path found: /hdfs/store/user/varuns/Run2018D_Prompt/EGamma/crab_job_EGamma2018Dv2_2v3/190602_055138/0005/Data_EGamma2018Dv2_2v3_5677.root
name: Data_EGamma2018Dv2_2v3_5677.root
filenumber: 198
Adding FullPathInputFile to chain:/hdfs/store/user/varuns/Run2018D_Prompt/EGamma/crab_job_EGamma2018Dv2_2v3/190602_055138/0005/Data_EGamma2018Dv2_2v3_5677.root

file path found: /hdfs/store/user/varuns/Run2018D_Prompt/EGamma/crab_job_EGamma2018Dv2_2v3/190602_055138/0005/Data_EGamma2018Dv2_2v3_5678.root
name: Data_EGamma2018Dv2_2v3_5678.root
filenumber: 199
Adding FullPathInputFile to chain:/hdfs/store/user/varuns/Run2018D_Prompt/EGamma/crab_job_EGamma2018Dv2_2v3/190602_055138/0005/Data_EGamma2018Dv2_2v3_5678.root

file path found: /hdfs/store/user/varuns/Run2018D_Prompt/EGamma/crab_job_EGamma2018Dv2_2v3/190602_055138/0005/Data_EGamma2018Dv2_2v3_5679.root
name: Data_EGamma2018Dv2_2v3_5679.root
filenumber: 200
Adding FullPathInputFile to chain:/hdfs/store/user/varuns/Run2018D_Prompt/EGamma/crab_job_EGamma2018Dv2_2v3/190602_055138/0005/Data_EGamma2018Dv2_2v3_5679.root

file path found: /hdfs/store/user/varuns/Run2018D_Prompt/EGamma/crab_job_EGamma2018Dv2_2v3/190602_055138/0005/Data_EGamma2018Dv2_2v3_5680.root
name: Data_EGamma2018Dv2_2v3_5680.root
filenumber: 201
Adding FullPathInputFile to chain:/hdfs/store/user/varuns/Run2018D_Prompt/EGamma/crab_job_EGamma2018Dv2_2v3/190602_055138/0005/Data_EGamma2018Dv2_2v3_5680.root

file path found: /hdfs/store/user/varuns/Run2018D_Prompt/EGamma/crab_job_EGamma2018Dv2_2v3/190602_055138/0005/Data_EGamma2018Dv2_2v3_5681.root
name: Data_EGamma2018Dv2_2v3_5681.root
filenumber: 202
Adding FullPathInputFile to chain:/hdfs/store/user/varuns/Run2018D_Prompt/EGamma/crab_job_EGamma2018Dv2_2v3/190602_055138/0005/Data_EGamma2018Dv2_2v3_5681.root

file path found: /hdfs/store/user/varuns/Run2018D_Prompt/EGamma/crab_job_EGamma2018Dv2_2v3/190602_055138/0005/Data_EGamma2018Dv2_2v3_5682.root
name: Data_EGamma2018Dv2_2v3_5682.root
filenumber: 203
Adding FullPathInputFile to chain:/hdfs/store/user/varuns/Run2018D_Prompt/EGamma/crab_job_EGamma2018Dv2_2v3/190602_055138/0005/Data_EGamma2018Dv2_2v3_5682.root

file path found: /hdfs/store/user/varuns/Run2018D_Prompt/EGamma/crab_job_EGamma2018Dv2_2v3/190602_055138/0005/Data_EGamma2018Dv2_2v3_5683.root
name: Data_EGamma2018Dv2_2v3_5683.root
filenumber: 204
Adding FullPathInputFile to chain:/hdfs/store/user/varuns/Run2018D_Prompt/EGamma/crab_job_EGamma2018Dv2_2v3/190602_055138/0005/Data_EGamma2018Dv2_2v3_5683.root

file path found: /hdfs/store/user/varuns/Run2018D_Prompt/EGamma/crab_job_EGamma2018Dv2_2v3/190602_055138/0005/Data_EGamma2018Dv2_2v3_5684.root
name: Data_EGamma2018Dv2_2v3_5684.root
filenumber: 205
Adding FullPathInputFile to chain:/hdfs/store/user/varuns/Run2018D_Prompt/EGamma/crab_job_EGamma2018Dv2_2v3/190602_055138/0005/Data_EGamma2018Dv2_2v3_5684.root

file path found: /hdfs/store/user/varuns/Run2018D_Prompt/EGamma/crab_job_EGamma2018Dv2_2v3/190602_055138/0005/Data_EGamma2018Dv2_2v3_5685.root
name: Data_EGamma2018Dv2_2v3_5685.root
filenumber: 206
Adding FullPathInputFile to chain:/hdfs/store/user/varuns/Run2018D_Prompt/EGamma/crab_job_EGamma2018Dv2_2v3/190602_055138/0005/Data_EGamma2018Dv2_2v3_5685.root

file path found: /hdfs/store/user/varuns/Run2018D_Prompt/EGamma/crab_job_EGamma2018Dv2_2v3/190602_055138/0005/Data_EGamma2018Dv2_2v3_5686.root
name: Data_EGamma2018Dv2_2v3_5686.root
filenumber: 207
Adding FullPathInputFile to chain:/hdfs/store/user/varuns/Run2018D_Prompt/EGamma/crab_job_EGamma2018Dv2_2v3/190602_055138/0005/Data_EGamma2018Dv2_2v3_5686.root

file path found: /hdfs/store/user/varuns/Run2018D_Prompt/EGamma/crab_job_EGamma2018Dv2_2v3/190602_055138/0005/Data_EGamma2018Dv2_2v3_5687.root
name: Data_EGamma2018Dv2_2v3_5687.root
filenumber: 208
Adding FullPathInputFile to chain:/hdfs/store/user/varuns/Run2018D_Prompt/EGamma/crab_job_EGamma2018Dv2_2v3/190602_055138/0005/Data_EGamma2018Dv2_2v3_5687.root

file path found: /hdfs/store/user/varuns/Run2018D_Prompt/EGamma/crab_job_EGamma2018Dv2_2v3/190602_055138/0005/Data_EGamma2018Dv2_2v3_5688.root
name: Data_EGamma2018Dv2_2v3_5688.root
filenumber: 209
Adding FullPathInputFile to chain:/hdfs/store/user/varuns/Run2018D_Prompt/EGamma/crab_job_EGamma2018Dv2_2v3/190602_055138/0005/Data_EGamma2018Dv2_2v3_5688.root

file path found: /hdfs/store/user/varuns/Run2018D_Prompt/EGamma/crab_job_EGamma2018Dv2_2v3/190602_055138/0005/Data_EGamma2018Dv2_2v3_5689.root
name: Data_EGamma2018Dv2_2v3_5689.root
filenumber: 210
Adding FullPathInputFile to chain:/hdfs/store/user/varuns/Run2018D_Prompt/EGamma/crab_job_EGamma2018Dv2_2v3/190602_055138/0005/Data_EGamma2018Dv2_2v3_5689.root

file path found: /hdfs/store/user/varuns/Run2018D_Prompt/EGamma/crab_job_EGamma2018Dv2_2v3/190602_055138/0005/Data_EGamma2018Dv2_2v3_5690.root
name: Data_EGamma2018Dv2_2v3_5690.root
filenumber: 211
Adding FullPathInputFile to chain:/hdfs/store/user/varuns/Run2018D_Prompt/EGamma/crab_job_EGamma2018Dv2_2v3/190602_055138/0005/Data_EGamma2018Dv2_2v3_5690.root

file path found: /hdfs/store/user/varuns/Run2018D_Prompt/EGamma/crab_job_EGamma2018Dv2_2v3/190602_055138/0005/Data_EGamma2018Dv2_2v3_5692.root
name: Data_EGamma2018Dv2_2v3_5692.root
filenumber: 212
Adding FullPathInputFile to chain:/hdfs/store/user/varuns/Run2018D_Prompt/EGamma/crab_job_EGamma2018Dv2_2v3/190602_055138/0005/Data_EGamma2018Dv2_2v3_5692.root

file path found: /hdfs/store/user/varuns/Run2018D_Prompt/EGamma/crab_job_EGamma2018Dv2_2v3/190602_055138/0005/Data_EGamma2018Dv2_2v3_5693.root
name: Data_EGamma2018Dv2_2v3_5693.root
filenumber: 213
Adding FullPathInputFile to chain:/hdfs/store/user/varuns/Run2018D_Prompt/EGamma/crab_job_EGamma2018Dv2_2v3/190602_055138/0005/Data_EGamma2018Dv2_2v3_5693.root

file path found: /hdfs/store/user/varuns/Run2018D_Prompt/EGamma/crab_job_EGamma2018Dv2_2v3/190602_055138/0005/Data_EGamma2018Dv2_2v3_5694.root
name: Data_EGamma2018Dv2_2v3_5694.root
filenumber: 214
Adding FullPathInputFile to chain:/hdfs/store/user/varuns/Run2018D_Prompt/EGamma/crab_job_EGamma2018Dv2_2v3/190602_055138/0005/Data_EGamma2018Dv2_2v3_5694.root

file path found: /hdfs/store/user/varuns/Run2018D_Prompt/EGamma/crab_job_EGamma2018Dv2_2v3/190602_055138/0005/Data_EGamma2018Dv2_2v3_5695.root
name: Data_EGamma2018Dv2_2v3_5695.root
filenumber: 215
Adding FullPathInputFile to chain:/hdfs/store/user/varuns/Run2018D_Prompt/EGamma/crab_job_EGamma2018Dv2_2v3/190602_055138/0005/Data_EGamma2018Dv2_2v3_5695.root

file path found: /hdfs/store/user/varuns/Run2018D_Prompt/EGamma/crab_job_EGamma2018Dv2_2v3/190602_055138/0005/Data_EGamma2018Dv2_2v3_5696.root
name: Data_EGamma2018Dv2_2v3_5696.root
filenumber: 216
Adding FullPathInputFile to chain:/hdfs/store/user/varuns/Run2018D_Prompt/EGamma/crab_job_EGamma2018Dv2_2v3/190602_055138/0005/Data_EGamma2018Dv2_2v3_5696.root

file path found: /hdfs/store/user/varuns/Run2018D_Prompt/EGamma/crab_job_EGamma2018Dv2_2v3/190602_055138/0005/Data_EGamma2018Dv2_2v3_5697.root
name: Data_EGamma2018Dv2_2v3_5697.root
filenumber: 217
Adding FullPathInputFile to chain:/hdfs/store/user/varuns/Run2018D_Prompt/EGamma/crab_job_EGamma2018Dv2_2v3/190602_055138/0005/Data_EGamma2018Dv2_2v3_5697.root

file path found: /hdfs/store/user/varuns/Run2018D_Prompt/EGamma/crab_job_EGamma2018Dv2_2v3/190602_055138/0005/Data_EGamma2018Dv2_2v3_5698.root
name: Data_EGamma2018Dv2_2v3_5698.root
filenumber: 218
Adding FullPathInputFile to chain:/hdfs/store/user/varuns/Run2018D_Prompt/EGamma/crab_job_EGamma2018Dv2_2v3/190602_055138/0005/Data_EGamma2018Dv2_2v3_5698.root

file path found: /hdfs/store/user/varuns/Run2018D_Prompt/EGamma/crab_job_EGamma2018Dv2_2v3/190602_055138/0005/Data_EGamma2018Dv2_2v3_5699.root
name: Data_EGamma2018Dv2_2v3_5699.root
filenumber: 219
Adding FullPathInputFile to chain:/hdfs/store/user/varuns/Run2018D_Prompt/EGamma/crab_job_EGamma2018Dv2_2v3/190602_055138/0005/Data_EGamma2018Dv2_2v3_5699.root

file path found: /hdfs/store/user/varuns/Run2018D_Prompt/EGamma/crab_job_EGamma2018Dv2_2v3/190602_055138/0005/Data_EGamma2018Dv2_2v3_5700.root
name: Data_EGamma2018Dv2_2v3_5700.root
filenumber: 220
Adding FullPathInputFile to chain:/hdfs/store/user/varuns/Run2018D_Prompt/EGamma/crab_job_EGamma2018Dv2_2v3/190602_055138/0005/Data_EGamma2018Dv2_2v3_5700.root

file path found: /hdfs/store/user/varuns/Run2018D_Prompt/EGamma/crab_job_EGamma2018Dv2_2v3/190602_055138/0005/Data_EGamma2018Dv2_2v3_5701.root
name: Data_EGamma2018Dv2_2v3_5701.root
filenumber: 221
Adding FullPathInputFile to chain:/hdfs/store/user/varuns/Run2018D_Prompt/EGamma/crab_job_EGamma2018Dv2_2v3/190602_055138/0005/Data_EGamma2018Dv2_2v3_5701.root

file path found: /hdfs/store/user/varuns/Run2018D_Prompt/EGamma/crab_job_EGamma2018Dv2_2v3/190602_055138/0005/Data_EGamma2018Dv2_2v3_5702.root
name: Data_EGamma2018Dv2_2v3_5702.root
filenumber: 222
Adding FullPathInputFile to chain:/hdfs/store/user/varuns/Run2018D_Prompt/EGamma/crab_job_EGamma2018Dv2_2v3/190602_055138/0005/Data_EGamma2018Dv2_2v3_5702.root

file path found: /hdfs/store/user/varuns/Run2018D_Prompt/EGamma/crab_job_EGamma2018Dv2_2v3/190602_055138/0005/Data_EGamma2018Dv2_2v3_5703.root
name: Data_EGamma2018Dv2_2v3_5703.root
filenumber: 223
Adding FullPathInputFile to chain:/hdfs/store/user/varuns/Run2018D_Prompt/EGamma/crab_job_EGamma2018Dv2_2v3/190602_055138/0005/Data_EGamma2018Dv2_2v3_5703.root

file path found: /hdfs/store/user/varuns/Run2018D_Prompt/EGamma/crab_job_EGamma2018Dv2_2v3/190602_055138/0005/Data_EGamma2018Dv2_2v3_5704.root
name: Data_EGamma2018Dv2_2v3_5704.root
filenumber: 224
Adding FullPathInputFile to chain:/hdfs/store/user/varuns/Run2018D_Prompt/EGamma/crab_job_EGamma2018Dv2_2v3/190602_055138/0005/Data_EGamma2018Dv2_2v3_5704.root

file path found: /hdfs/store/user/varuns/Run2018D_Prompt/EGamma/crab_job_EGamma2018Dv2_2v3/190602_055138/0005/Data_EGamma2018Dv2_2v3_5705.root
name: Data_EGamma2018Dv2_2v3_5705.root
filenumber: 225
Adding FullPathInputFile to chain:/hdfs/store/user/varuns/Run2018D_Prompt/EGamma/crab_job_EGamma2018Dv2_2v3/190602_055138/0005/Data_EGamma2018Dv2_2v3_5705.root

file path found: /hdfs/store/user/varuns/Run2018D_Prompt/EGamma/crab_job_EGamma2018Dv2_2v3/190602_055138/0005/Data_EGamma2018Dv2_2v3_5706.root
name: Data_EGamma2018Dv2_2v3_5706.root
filenumber: 226
Adding FullPathInputFile to chain:/hdfs/store/user/varuns/Run2018D_Prompt/EGamma/crab_job_EGamma2018Dv2_2v3/190602_055138/0005/Data_EGamma2018Dv2_2v3_5706.root

file path found: /hdfs/store/user/varuns/Run2018D_Prompt/EGamma/crab_job_EGamma2018Dv2_2v3/190602_055138/0005/Data_EGamma2018Dv2_2v3_5707.root
name: Data_EGamma2018Dv2_2v3_5707.root
filenumber: 227
Adding FullPathInputFile to chain:/hdfs/store/user/varuns/Run2018D_Prompt/EGamma/crab_job_EGamma2018Dv2_2v3/190602_055138/0005/Data_EGamma2018Dv2_2v3_5707.root

file path found: /hdfs/store/user/varuns/Run2018D_Prompt/EGamma/crab_job_EGamma2018Dv2_2v3/190602_055138/0005/Data_EGamma2018Dv2_2v3_5708.root
name: Data_EGamma2018Dv2_2v3_5708.root
filenumber: 228
Adding FullPathInputFile to chain:/hdfs/store/user/varuns/Run2018D_Prompt/EGamma/crab_job_EGamma2018Dv2_2v3/190602_055138/0005/Data_EGamma2018Dv2_2v3_5708.root

file path found: /hdfs/store/user/varuns/Run2018D_Prompt/EGamma/crab_job_EGamma2018Dv2_2v3/190602_055138/0005/Data_EGamma2018Dv2_2v3_5709.root
name: Data_EGamma2018Dv2_2v3_5709.root
filenumber: 229
Adding FullPathInputFile to chain:/hdfs/store/user/varuns/Run2018D_Prompt/EGamma/crab_job_EGamma2018Dv2_2v3/190602_055138/0005/Data_EGamma2018Dv2_2v3_5709.root

file path found: /hdfs/store/user/varuns/Run2018D_Prompt/EGamma/crab_job_EGamma2018Dv2_2v3/190602_055138/0005/Data_EGamma2018Dv2_2v3_5710.root
name: Data_EGamma2018Dv2_2v3_5710.root
filenumber: 230
Adding FullPathInputFile to chain:/hdfs/store/user/varuns/Run2018D_Prompt/EGamma/crab_job_EGamma2018Dv2_2v3/190602_055138/0005/Data_EGamma2018Dv2_2v3_5710.root

file path found: /hdfs/store/user/varuns/Run2018D_Prompt/EGamma/crab_job_EGamma2018Dv2_2v3/190602_055138/0005/Data_EGamma2018Dv2_2v3_5711.root
name: Data_EGamma2018Dv2_2v3_5711.root
filenumber: 231
Adding FullPathInputFile to chain:/hdfs/store/user/varuns/Run2018D_Prompt/EGamma/crab_job_EGamma2018Dv2_2v3/190602_055138/0005/Data_EGamma2018Dv2_2v3_5711.root

file path found: /hdfs/store/user/varuns/Run2018D_Prompt/EGamma/crab_job_EGamma2018Dv2_2v3/190602_055138/0005/Data_EGamma2018Dv2_2v3_5712.root
name: Data_EGamma2018Dv2_2v3_5712.root
filenumber: 232
Adding FullPathInputFile to chain:/hdfs/store/user/varuns/Run2018D_Prompt/EGamma/crab_job_EGamma2018Dv2_2v3/190602_055138/0005/Data_EGamma2018Dv2_2v3_5712.root

file path found: /hdfs/store/user/varuns/Run2018D_Prompt/EGamma/crab_job_EGamma2018Dv2_2v3/190602_055138/0005/Data_EGamma2018Dv2_2v3_5713.root
name: Data_EGamma2018Dv2_2v3_5713.root
filenumber: 233
Adding FullPathInputFile to chain:/hdfs/store/user/varuns/Run2018D_Prompt/EGamma/crab_job_EGamma2018Dv2_2v3/190602_055138/0005/Data_EGamma2018Dv2_2v3_5713.root

file path found: /hdfs/store/user/varuns/Run2018D_Prompt/EGamma/crab_job_EGamma2018Dv2_2v3/190602_055138/0005/Data_EGamma2018Dv2_2v3_5714.root
name: Data_EGamma2018Dv2_2v3_5714.root
filenumber: 234
Adding FullPathInputFile to chain:/hdfs/store/user/varuns/Run2018D_Prompt/EGamma/crab_job_EGamma2018Dv2_2v3/190602_055138/0005/Data_EGamma2018Dv2_2v3_5714.root

file path found: /hdfs/store/user/varuns/Run2018D_Prompt/EGamma/crab_job_EGamma2018Dv2_2v3/190602_055138/0005/Data_EGamma2018Dv2_2v3_5715.root
name: Data_EGamma2018Dv2_2v3_5715.root
filenumber: 235
Adding FullPathInputFile to chain:/hdfs/store/user/varuns/Run2018D_Prompt/EGamma/crab_job_EGamma2018Dv2_2v3/190602_055138/0005/Data_EGamma2018Dv2_2v3_5715.root

file path found: /hdfs/store/user/varuns/Run2018D_Prompt/EGamma/crab_job_EGamma2018Dv2_2v3/190602_055138/0005/Data_EGamma2018Dv2_2v3_5716.root
name: Data_EGamma2018Dv2_2v3_5716.root
filenumber: 236
Adding FullPathInputFile to chain:/hdfs/store/user/varuns/Run2018D_Prompt/EGamma/crab_job_EGamma2018Dv2_2v3/190602_055138/0005/Data_EGamma2018Dv2_2v3_5716.root

file path found: /hdfs/store/user/varuns/Run2018D_Prompt/EGamma/crab_job_EGamma2018Dv2_2v3/190602_055138/0005/Data_EGamma2018Dv2_2v3_5717.root
name: Data_EGamma2018Dv2_2v3_5717.root
filenumber: 237
Adding FullPathInputFile to chain:/hdfs/store/user/varuns/Run2018D_Prompt/EGamma/crab_job_EGamma2018Dv2_2v3/190602_055138/0005/Data_EGamma2018Dv2_2v3_5717.root

file path found: /hdfs/store/user/varuns/Run2018D_Prompt/EGamma/crab_job_EGamma2018Dv2_2v3/190602_055138/0005/Data_EGamma2018Dv2_2v3_5986.root
name: Data_EGamma2018Dv2_2v3_5986.root
filenumber: 238
Adding FullPathInputFile to chain:/hdfs/store/user/varuns/Run2018D_Prompt/EGamma/crab_job_EGamma2018Dv2_2v3/190602_055138/0005/Data_EGamma2018Dv2_2v3_5986.root

file path found: /hdfs/store/user/varuns/Run2018D_Prompt/EGamma/crab_job_EGamma2018Dv2_2v3/190602_055138/0005/failed
name: failed
filenumber: 239
file path found: /hdfs/store/user/varuns/Run2018D_Prompt/EGamma/crab_job_EGamma2018Dv2_2v3/190602_055138/0005/.
name: .
filenumber: 240
file path found: /hdfs/store/user/varuns/Run2018D_Prompt/EGamma/crab_job_EGamma2018Dv2_2v3/190602_055138/0005/..
name: ..
filenumber: 241
81 files added.
Initializing chain.
Coming in: 
nentries:1391878
Running over 1391878 events.
Finished entry 0/1391877
Finished entry 10000/1391877
Finished entry 20000/1391877
Finished entry 30000/1391877
Finished entry 40000/1391877
Finished entry 50000/1391877
Finished entry 60000/1391877
Finished entry 70000/1391877
Finished entry 80000/1391877
Finished entry 90000/1391877
Finished entry 100000/1391877
Finished entry 110000/1391877
Finished entry 120000/1391877
Finished entry 130000/1391877
Finished entry 140000/1391877
Finished entry 150000/1391877
Finished entry 160000/1391877
Finished entry 170000/1391877
Finished entry 180000/1391877
Finished entry 190000/1391877
Finished entry 200000/1391877
Finished entry 210000/1391877
Finished entry 220000/1391877
Finished entry 230000/1391877
Finished entry 240000/1391877
Finished entry 250000/1391877
Finished entry 260000/1391877
Finished entry 270000/1391877
Finished entry 280000/1391877
Finished entry 290000/1391877
Finished entry 300000/1391877
Finished entry 310000/1391877
Finished entry 320000/1391877
Finished entry 330000/1391877
Finished entry 340000/1391877
Finished entry 350000/1391877
Finished entry 360000/1391877
Finished entry 370000/1391877
Finished entry 380000/1391877
Finished entry 390000/1391877
Finished entry 400000/1391877
Finished entry 410000/1391877
Finished entry 420000/1391877
Finished entry 430000/1391877
Finished entry 440000/1391877
Finished entry 450000/1391877
Finished entry 460000/1391877
Finished entry 470000/1391877
Finished entry 480000/1391877
Finished entry 490000/1391877
Finished entry 500000/1391877
Finished entry 510000/1391877
Finished entry 520000/1391877
Finished entry 530000/1391877
Finished entry 540000/1391877
Finished entry 550000/1391877
Finished entry 560000/1391877
Finished entry 570000/1391877
Finished entry 580000/1391877
Finished entry 590000/1391877
Finished entry 600000/1391877
Finished entry 610000/1391877
Finished entry 620000/1391877
Finished entry 630000/1391877
Finished entry 640000/1391877
Finished entry 650000/1391877
Finished entry 660000/1391877
Finished entry 670000/1391877
Finished entry 680000/1391877
Finished entry 690000/1391877
Finished entry 700000/1391877
Finished entry 710000/1391877
Finished entry 720000/1391877
Finished entry 730000/1391877
Finished entry 740000/1391877
Finished entry 750000/1391877
Finished entry 760000/1391877
Finished entry 770000/1391877
Finished entry 780000/1391877
Finished entry 790000/1391877
Finished entry 800000/1391877
Finished entry 810000/1391877
Finished entry 820000/1391877
Finished entry 830000/1391877
Finished entry 840000/1391877
Finished entry 850000/1391877
Finished entry 860000/1391877
Finished entry 870000/1391877
Finished entry 880000/1391877
Finished entry 890000/1391877
Finished entry 900000/1391877
Finished entry 910000/1391877
Finished entry 920000/1391877
Finished entry 930000/1391877
Finished entry 940000/1391877
Finished entry 950000/1391877
Finished entry 960000/1391877
Finished entry 970000/1391877
Finished entry 980000/1391877
Finished entry 990000/1391877
Finished entry 1000000/1391877
Finished entry 1010000/1391877
Finished entry 1020000/1391877
Finished entry 1030000/1391877
Finished entry 1040000/1391877
Finished entry 1050000/1391877
Finished entry 1060000/1391877
Finished entry 1070000/1391877
Finished entry 1080000/1391877
Finished entry 1090000/1391877
Finished entry 1100000/1391877
Finished entry 1110000/1391877
Finished entry 1120000/1391877
Finished entry 1130000/1391877
Finished entry 1140000/1391877
Finished entry 1150000/1391877
Finished entry 1160000/1391877
Finished entry 1170000/1391877
Finished entry 1180000/1391877
Finished entry 1190000/1391877
Finished entry 1200000/1391877
Finished entry 1210000/1391877
Finished entry 1220000/1391877
Finished entry 1230000/1391877
Finished entry 1240000/1391877
Finished entry 1250000/1391877
Finished entry 1260000/1391877
Finished entry 1270000/1391877
Finished entry 1280000/1391877
Finished entry 1290000/1391877
Finished entry 1300000/1391877
Finished entry 1310000/1391877
Finished entry 1320000/1391877
Finished entry 1330000/1391877
Finished entry 1340000/1391877
Finished entry 1350000/1391877
Finished entry 1360000/1391877
Finished entry 1370000/1391877
Finished entry 1380000/1391877
Finished entry 1390000/1391877
