000 (696066.008.000) 07/12 06:44:28 Job submitted from host: <144.92.181.245:9618?addrs=144.92.181.245-9618+[2607-f388-101c-1000--372]-9618&noUDP&sock=6179_dbc8_3>
...
001 (695069.008.000) 07/12 07:45:10 Job executing on host: <128.104.227.80:9618?addrs=128.104.227.80-9618+[2607-f388-101c-1000--629]-9618&noUDP&sock=11881_f4cd_3>
...
006 (695069.008.000) 07/12 07:45:20 Image size of job updated: 56276
	53  -  MemoryUsage of job (MB)
	53260  -  ResidentSetSize of job (KB)
...
006 (695069.008.000) 07/12 08:05:21 Image size of job updated: 244172
	234  -  MemoryUsage of job (MB)
	239388  -  ResidentSetSize of job (KB)
...
006 (695069.008.000) 07/12 08:25:22 Image size of job updated: 244172
	236  -  MemoryUsage of job (MB)
	240952  -  ResidentSetSize of job (KB)
...
005 (695069.008.000) 07/12 08:31:23 Job terminated.
	(1) Normal termination (return value 0)
		Usr 0 00:02:32, Sys 0 00:00:11  -  Run Remote Usage
		Usr 0 00:00:00, Sys 0 00:00:00  -  Run Local Usage
		Usr 0 00:02:32, Sys 0 00:00:11  -  Total Remote Usage
		Usr 0 00:00:00, Sys 0 00:00:00  -  Total Local Usage
	660783  -  Run Bytes Sent By Job
	281287  -  Run Bytes Received By Job
	660783  -  Total Bytes Sent By Job
	281287  -  Total Bytes Received By Job
	Partitionable Resources :    Usage  Request Allocated
	   Cpus                 :                 1         1
	   Disk (KB)            :  1000000  2048000   9503994
	   Memory (MB)          :      236     1992      1992
...
001 (696066.008.000) 07/12 08:51:12 Job executing on host: <144.92.180.170:9618?addrs=144.92.180.170-9618+[2607-f388-101c-1000--629]-9618&noUDP&sock=7785_70e1_3>
...
006 (696066.008.000) 07/12 08:51:21 Image size of job updated: 216220
	106  -  MemoryUsage of job (MB)
	108384  -  ResidentSetSize of job (KB)
...
005 (696066.008.000) 07/12 09:11:03 Job terminated.
	(1) Normal termination (return value 0)
		Usr 0 00:02:51, Sys 0 00:00:11  -  Run Remote Usage
		Usr 0 00:00:00, Sys 0 00:00:00  -  Run Local Usage
		Usr 0 00:02:51, Sys 0 00:00:11  -  Total Remote Usage
		Usr 0 00:00:00, Sys 0 00:00:00  -  Total Local Usage
	660783  -  Run Bytes Sent By Job
	281287  -  Run Bytes Received By Job
	660783  -  Total Bytes Sent By Job
	281287  -  Total Bytes Received By Job
	Partitionable Resources :    Usage  Request Allocated
	   Cpus                 :                 1         1
	   Disk (KB)            :  1000000  2048000   7918265
	   Memory (MB)          :      106     1992      1992
...
