000 (691481.006.000) 07/11 11:27:41 Job submitted from host: <144.92.181.245:9618?addrs=144.92.181.245-9618+[2607-f388-101c-1000--372]-9618&noUDP&sock=6179_dbc8_3>
...
001 (691481.006.000) 07/11 12:06:43 Job executing on host: <144.92.180.128:9618?addrs=144.92.180.128-9618+[2607-f388-101c-1000--629]-9618&noUDP&sock=7649_2800_3>
...
006 (691481.006.000) 07/11 12:06:51 Image size of job updated: 166876
	53  -  MemoryUsage of job (MB)
	53544  -  ResidentSetSize of job (KB)
...
005 (691481.006.000) 07/11 12:25:09 Job terminated.
	(1) Normal termination (return value 0)
		Usr 0 00:02:05, Sys 0 00:00:07  -  Run Remote Usage
		Usr 0 00:00:00, Sys 0 00:00:00  -  Run Local Usage
		Usr 0 00:02:05, Sys 0 00:00:07  -  Total Remote Usage
		Usr 0 00:00:00, Sys 0 00:00:00  -  Total Local Usage
	323427  -  Run Bytes Sent By Job
	306644  -  Run Bytes Received By Job
	323427  -  Total Bytes Sent By Job
	306644  -  Total Bytes Received By Job
	Partitionable Resources :    Usage  Request Allocated
	   Cpus                 :                 1         1
	   Disk (KB)            :  1000000  2048000   6333975
	   Memory (MB)          :       53     1992      1992
...
