000 (691481.007.000) 07/11 11:27:41 Job submitted from host: <144.92.181.245:9618?addrs=144.92.181.245-9618+[2607-f388-101c-1000--372]-9618&noUDP&sock=6179_dbc8_3>
...
001 (691481.007.000) 07/11 12:06:43 Job executing on host: <144.92.181.165:9618?addrs=144.92.181.165-9618+[2607-f388-101c-1000--629]-9618&noUDP&sock=9844_be62_3>
...
006 (691481.007.000) 07/11 12:06:52 Image size of job updated: 215872
	106  -  MemoryUsage of job (MB)
	108336  -  ResidentSetSize of job (KB)
...
006 (691481.007.000) 07/11 12:26:52 Image size of job updated: 249452
	244  -  MemoryUsage of job (MB)
	248972  -  ResidentSetSize of job (KB)
...
005 (691481.007.000) 07/11 12:31:04 Job terminated.
	(1) Normal termination (return value 0)
		Usr 0 00:01:58, Sys 0 00:00:05  -  Run Remote Usage
		Usr 0 00:00:00, Sys 0 00:00:00  -  Run Local Usage
		Usr 0 00:01:58, Sys 0 00:00:05  -  Total Remote Usage
		Usr 0 00:00:00, Sys 0 00:00:00  -  Total Local Usage
	325052  -  Run Bytes Sent By Job
	306644  -  Run Bytes Received By Job
	325052  -  Total Bytes Sent By Job
	306644  -  Total Bytes Received By Job
	Partitionable Resources :    Usage  Request Allocated
	   Cpus                 :                 1         1
	   Disk (KB)            :  1000000  2048000   7917346
	   Memory (MB)          :      244     1992      1992
...
