000 (691481.008.000) 07/11 11:27:41 Job submitted from host: <144.92.181.245:9618?addrs=144.92.181.245-9618+[2607-f388-101c-1000--372]-9618&noUDP&sock=6179_dbc8_3>
...
001 (691481.008.000) 07/11 12:06:44 Job executing on host: <144.92.180.106:9618?addrs=144.92.180.106-9618+[2607-f388-101c-1000--629]-9618&noUDP&sock=7637_ecdd_3>
...
006 (691481.008.000) 07/11 12:06:53 Image size of job updated: 149736
	56  -  MemoryUsage of job (MB)
	57080  -  ResidentSetSize of job (KB)
...
006 (691481.008.000) 07/11 12:26:54 Image size of job updated: 253572
	247  -  MemoryUsage of job (MB)
	252232  -  ResidentSetSize of job (KB)
...
005 (691481.008.000) 07/11 12:28:12 Job terminated.
	(1) Normal termination (return value 0)
		Usr 0 00:01:57, Sys 0 00:00:06  -  Run Remote Usage
		Usr 0 00:00:00, Sys 0 00:00:00  -  Run Local Usage
		Usr 0 00:01:57, Sys 0 00:00:06  -  Total Remote Usage
		Usr 0 00:00:00, Sys 0 00:00:00  -  Total Local Usage
	323375  -  Run Bytes Sent By Job
	306644  -  Run Bytes Received By Job
	323375  -  Total Bytes Sent By Job
	306644  -  Total Bytes Received By Job
	Partitionable Resources :    Usage  Request Allocated
	   Cpus                 :                 1         1
	   Disk (KB)            :  1000000  2048000   6333776
	   Memory (MB)          :      247     1992      1992
...
