000 (691400.003.000) 07/11 11:25:50 Job submitted from host: <144.92.181.245:9618?addrs=144.92.181.245-9618+[2607-f388-101c-1000--372]-9618&noUDP&sock=6179_dbc8_3>
...
001 (691400.003.000) 07/11 11:40:44 Job executing on host: <128.104.227.74:9618?addrs=128.104.227.74-9618+[2607-f388-101c-1000--629]-9618&noUDP&sock=10296_c731_3>
...
006 (691400.003.000) 07/11 11:40:53 Image size of job updated: 86620
	53  -  MemoryUsage of job (MB)
	53304  -  ResidentSetSize of job (KB)
...
005 (691400.003.000) 07/11 11:50:57 Job terminated.
	(1) Normal termination (return value 0)
		Usr 0 00:01:03, Sys 0 00:00:03  -  Run Remote Usage
		Usr 0 00:00:00, Sys 0 00:00:00  -  Run Local Usage
		Usr 0 00:01:03, Sys 0 00:00:03  -  Total Remote Usage
		Usr 0 00:00:00, Sys 0 00:00:00  -  Total Local Usage
	308662  -  Run Bytes Sent By Job
	306644  -  Run Bytes Received By Job
	308662  -  Total Bytes Sent By Job
	306644  -  Total Bytes Received By Job
	Partitionable Resources :    Usage  Request Allocated
	   Cpus                 :                 1         1
	   Disk (KB)            :  1000000  2048000   9500392
	   Memory (MB)          :       53     1992      1992
...
