000 (696065.005.000) 07/12 06:44:27 Job submitted from host: <144.92.181.245:9618?addrs=144.92.181.245-9618+[2607-f388-101c-1000--372]-9618&noUDP&sock=6179_dbc8_3>
...
001 (695068.005.000) 07/12 07:45:07 Job executing on host: <128.104.227.41:9618?addrs=128.104.227.41-9618+[2607-f388-101c-1000--629]-9618&noUDP&sock=10218_46cd_3>
...
006 (695068.005.000) 07/12 07:45:15 Image size of job updated: 216028
	106  -  MemoryUsage of job (MB)
	108380  -  ResidentSetSize of job (KB)
...
006 (695068.005.000) 07/12 08:05:15 Image size of job updated: 239596
	234  -  MemoryUsage of job (MB)
	239596  -  ResidentSetSize of job (KB)
...
005 (695068.005.000) 07/12 08:10:27 Job terminated.
	(1) Normal termination (return value 0)
		Usr 0 00:02:18, Sys 0 00:00:06  -  Run Remote Usage
		Usr 0 00:00:00, Sys 0 00:00:00  -  Run Local Usage
		Usr 0 00:02:18, Sys 0 00:00:06  -  Total Remote Usage
		Usr 0 00:00:00, Sys 0 00:00:00  -  Total Local Usage
	621601  -  Run Bytes Sent By Job
	281287  -  Run Bytes Received By Job
	621601  -  Total Bytes Sent By Job
	281287  -  Total Bytes Received By Job
	Partitionable Resources :    Usage  Request Allocated
	   Cpus                 :                 1         1
	   Disk (KB)            :  1000000  2048000   9502046
	   Memory (MB)          :      234     1992      1992
...
001 (696065.005.000) 07/12 08:50:54 Job executing on host: <128.104.227.90:9618?addrs=128.104.227.90-9618+[2607-f388-101c-1000--629]-9618&noUDP&sock=11962_83f9_3>
...
006 (696065.005.000) 07/12 08:51:02 Image size of job updated: 216456
	106  -  MemoryUsage of job (MB)
	108372  -  ResidentSetSize of job (KB)
...
006 (696065.005.000) 07/12 09:11:02 Image size of job updated: 239884
	235  -  MemoryUsage of job (MB)
	239844  -  ResidentSetSize of job (KB)
...
005 (696065.005.000) 07/12 09:19:34 Job terminated.
	(1) Normal termination (return value 0)
		Usr 0 00:02:21, Sys 0 00:00:07  -  Run Remote Usage
		Usr 0 00:00:00, Sys 0 00:00:00  -  Run Local Usage
		Usr 0 00:02:21, Sys 0 00:00:07  -  Total Remote Usage
		Usr 0 00:00:00, Sys 0 00:00:00  -  Total Local Usage
	621601  -  Run Bytes Sent By Job
	281287  -  Run Bytes Received By Job
	621601  -  Total Bytes Sent By Job
	281287  -  Total Bytes Received By Job
	Partitionable Resources :    Usage  Request Allocated
	   Cpus                 :                 1         1
	   Disk (KB)            :  1000000  2048000   9502812
	   Memory (MB)          :      235     1992      1992
...
