000 (696065.008.000) 07/12 06:44:27 Job submitted from host: <144.92.181.245:9618?addrs=144.92.181.245-9618+[2607-f388-101c-1000--372]-9618&noUDP&sock=6179_dbc8_3>
...
001 (695068.008.000) 07/12 07:44:57 Job executing on host: <144.92.180.134:9618?addrs=144.92.180.134-9618+[2607-f388-101c-1000--629]-9618&noUDP&sock=10094_390f_3>
...
006 (695068.008.000) 07/12 07:45:05 Image size of job updated: 131340
	106  -  MemoryUsage of job (MB)
	108364  -  ResidentSetSize of job (KB)
...
006 (695068.008.000) 07/12 08:05:05 Image size of job updated: 238948
	234  -  MemoryUsage of job (MB)
	238864  -  ResidentSetSize of job (KB)
...
006 (695068.008.000) 07/12 08:14:48 Image size of job updated: 483756
	234  -  MemoryUsage of job (MB)
	238864  -  ResidentSetSize of job (KB)
...
005 (695068.008.000) 07/12 08:14:49 Job terminated.
	(1) Normal termination (return value 0)
		Usr 0 00:02:26, Sys 0 00:00:06  -  Run Remote Usage
		Usr 0 00:00:00, Sys 0 00:00:00  -  Run Local Usage
		Usr 0 00:02:26, Sys 0 00:00:06  -  Total Remote Usage
		Usr 0 00:00:00, Sys 0 00:00:00  -  Total Local Usage
	622107  -  Run Bytes Sent By Job
	281287  -  Run Bytes Received By Job
	622107  -  Total Bytes Sent By Job
	281287  -  Total Bytes Received By Job
	Partitionable Resources :    Usage  Request Allocated
	   Cpus                 :                 1         1
	   Disk (KB)            :  1000000  2048000   7918298
	   Memory (MB)          :      234     1992      1992
...
001 (696065.008.000) 07/12 08:50:54 Job executing on host: <144.92.180.115:9618?addrs=144.92.180.115-9618+[2607-f388-101c-1000--629]-9618&noUDP&sock=7595_1de3_3>
...
006 (696065.008.000) 07/12 08:51:02 Image size of job updated: 109072
	106  -  MemoryUsage of job (MB)
	108372  -  ResidentSetSize of job (KB)
...
006 (696065.008.000) 07/12 09:11:02 Image size of job updated: 241104
	236  -  MemoryUsage of job (MB)
	241104  -  ResidentSetSize of job (KB)
...
006 (696065.008.000) 07/12 09:14:07 Image size of job updated: 241332
	236  -  MemoryUsage of job (MB)
	241104  -  ResidentSetSize of job (KB)
...
005 (696065.008.000) 07/12 09:14:08 Job terminated.
	(1) Normal termination (return value 0)
		Usr 0 00:02:26, Sys 0 00:00:07  -  Run Remote Usage
		Usr 0 00:00:00, Sys 0 00:00:00  -  Run Local Usage
		Usr 0 00:02:26, Sys 0 00:00:07  -  Total Remote Usage
		Usr 0 00:00:00, Sys 0 00:00:00  -  Total Local Usage
	622107  -  Run Bytes Sent By Job
	281287  -  Run Bytes Received By Job
	622107  -  Total Bytes Sent By Job
	281287  -  Total Bytes Received By Job
	Partitionable Resources :    Usage  Request Allocated
	   Cpus                 :                 1         1
	   Disk (KB)            :  1000000  2048000   6334499
	   Memory (MB)          :      236     1992      1992
...
