000 (691386.011.000) 07/11 11:25:30 Job submitted from host: <144.92.181.245:9618?addrs=144.92.181.245-9618+[2607-f388-101c-1000--372]-9618&noUDP&sock=6179_dbc8_3>
...
001 (691386.011.000) 07/11 11:34:55 Job executing on host: <144.92.180.69:9618?addrs=144.92.180.69-9618+[2607-f388-101c-1000--629]-9618&noUDP&sock=10022_d63d_3>
...
006 (691386.011.000) 07/11 11:35:03 Image size of job updated: 166644
	53  -  MemoryUsage of job (MB)
	53252  -  ResidentSetSize of job (KB)
...
005 (691386.011.000) 07/11 11:39:54 Job terminated.
	(1) Normal termination (return value 0)
		Usr 0 00:00:43, Sys 0 00:00:02  -  Run Remote Usage
		Usr 0 00:00:00, Sys 0 00:00:00  -  Run Local Usage
		Usr 0 00:00:43, Sys 0 00:00:02  -  Total Remote Usage
		Usr 0 00:00:00, Sys 0 00:00:00  -  Total Local Usage
	308043  -  Run Bytes Sent By Job
	306644  -  Run Bytes Received By Job
	308043  -  Total Bytes Sent By Job
	306644  -  Total Bytes Received By Job
	Partitionable Resources :    Usage  Request Allocated
	   Cpus                 :                 1         1
	   Disk (KB)            :  1000000  2048000   7915552
	   Memory (MB)          :       53     1992      1992
...
