000 (691386.002.000) 07/11 11:25:30 Job submitted from host: <144.92.181.245:9618?addrs=144.92.181.245-9618+[2607-f388-101c-1000--372]-9618&noUDP&sock=6179_dbc8_3>
...
001 (691386.002.000) 07/11 11:34:54 Job executing on host: <144.92.180.244:9618?addrs=144.92.180.244-9618+[2607-f388-101c-1000--629]-9618&noUDP&sock=10081_4e54_3>
...
006 (691386.002.000) 07/11 11:35:02 Image size of job updated: 126360
	53  -  MemoryUsage of job (MB)
	53264  -  ResidentSetSize of job (KB)
...
005 (691386.002.000) 07/11 11:41:31 Job terminated.
	(1) Normal termination (return value 0)
		Usr 0 00:00:46, Sys 0 00:00:02  -  Run Remote Usage
		Usr 0 00:00:00, Sys 0 00:00:00  -  Run Local Usage
		Usr 0 00:00:46, Sys 0 00:00:02  -  Total Remote Usage
		Usr 0 00:00:00, Sys 0 00:00:00  -  Total Local Usage
	307883  -  Run Bytes Sent By Job
	306644  -  Run Bytes Received By Job
	307883  -  Total Bytes Sent By Job
	306644  -  Total Bytes Received By Job
	Partitionable Resources :    Usage  Request Allocated
	   Cpus                 :                 1         1
	   Disk (KB)            :  1000000  2048000   7917512
	   Memory (MB)          :       53     1992      1992
...
