000 (696040.013.000) 07/12 06:43:48 Job submitted from host: <144.92.181.245:9618?addrs=144.92.181.245-9618+[2607-f388-101c-1000--372]-9618&noUDP&sock=6179_dbc8_3>
...
001 (695043.013.000) 07/12 07:42:29 Job executing on host: <144.92.180.80:9618?addrs=144.92.180.80-9618+[2607-f388-101c-1000--629]-9618&noUDP&sock=9995_512f_3>
...
006 (695043.013.000) 07/12 07:42:38 Image size of job updated: 109932
	106  -  MemoryUsage of job (MB)
	108536  -  ResidentSetSize of job (KB)
...
006 (695043.013.000) 07/12 08:02:39 Image size of job updated: 242780
	237  -  MemoryUsage of job (MB)
	242124  -  ResidentSetSize of job (KB)
...
006 (695043.013.000) 07/12 08:07:40 Image size of job updated: 486592
	237  -  MemoryUsage of job (MB)
	242124  -  ResidentSetSize of job (KB)
...
005 (695043.013.000) 07/12 08:07:41 Job terminated.
	(1) Normal termination (return value 0)
		Usr 0 00:02:07, Sys 0 00:00:07  -  Run Remote Usage
		Usr 0 00:00:00, Sys 0 00:00:00  -  Run Local Usage
		Usr 0 00:02:07, Sys 0 00:00:07  -  Total Remote Usage
		Usr 0 00:00:00, Sys 0 00:00:00  -  Total Local Usage
	446235  -  Run Bytes Sent By Job
	281287  -  Run Bytes Received By Job
	446235  -  Total Bytes Sent By Job
	281287  -  Total Bytes Received By Job
	Partitionable Resources :    Usage  Request Allocated
	   Cpus                 :                 1         1
	   Disk (KB)            :  1000000  2048000   7917096
	   Memory (MB)          :      237     1992      1992
...
001 (696040.013.000) 07/12 08:39:28 Job executing on host: <144.92.180.135:9618?addrs=144.92.180.135-9618+[2607-f388-101c-1000--629]-9618&noUDP&sock=10076_e05b_3>
...
006 (696040.013.000) 07/12 08:39:37 Image size of job updated: 61088
	53  -  MemoryUsage of job (MB)
	53264  -  ResidentSetSize of job (KB)
...
006 (696040.013.000) 07/12 08:59:38 Image size of job updated: 244160
	237  -  MemoryUsage of job (MB)
	242352  -  ResidentSetSize of job (KB)
...
005 (696040.013.000) 07/12 09:01:10 Job terminated.
	(1) Normal termination (return value 0)
		Usr 0 00:02:13, Sys 0 00:00:06  -  Run Remote Usage
		Usr 0 00:00:00, Sys 0 00:00:00  -  Run Local Usage
		Usr 0 00:02:13, Sys 0 00:00:06  -  Total Remote Usage
		Usr 0 00:00:00, Sys 0 00:00:00  -  Total Local Usage
	446235  -  Run Bytes Sent By Job
	281287  -  Run Bytes Received By Job
	446235  -  Total Bytes Sent By Job
	281287  -  Total Bytes Received By Job
	Partitionable Resources :    Usage  Request Allocated
	   Cpus                 :                 1         1
	   Disk (KB)            :  1000000  2048000   7916833
	   Memory (MB)          :      237     1992      1992
...
