000 (696040.001.000) 07/12 06:43:48 Job submitted from host: <144.92.181.245:9618?addrs=144.92.181.245-9618+[2607-f388-101c-1000--372]-9618&noUDP&sock=6179_dbc8_3>
...
001 (695043.001.000) 07/12 07:42:28 Job executing on host: <128.104.227.66:9618?addrs=128.104.227.66-9618+[2607-f388-101c-1000--629]-9618&noUDP&sock=10328_ba38_3>
...
006 (695043.001.000) 07/12 07:42:37 Image size of job updated: 53780
	53  -  MemoryUsage of job (MB)
	53552  -  ResidentSetSize of job (KB)
...
006 (695043.001.000) 07/12 08:02:38 Image size of job updated: 244064
	237  -  MemoryUsage of job (MB)
	242144  -  ResidentSetSize of job (KB)
...
005 (695043.001.000) 07/12 08:19:10 Job terminated.
	(1) Normal termination (return value 0)
		Usr 0 00:02:05, Sys 0 00:00:06  -  Run Remote Usage
		Usr 0 00:00:00, Sys 0 00:00:00  -  Run Local Usage
		Usr 0 00:02:05, Sys 0 00:00:06  -  Total Remote Usage
		Usr 0 00:00:00, Sys 0 00:00:00  -  Total Local Usage
	447953  -  Run Bytes Sent By Job
	281287  -  Run Bytes Received By Job
	447953  -  Total Bytes Sent By Job
	281287  -  Total Bytes Received By Job
	Partitionable Resources :    Usage  Request Allocated
	   Cpus                 :                 1         1
	   Disk (KB)            :  1000000  2048000   9502139
	   Memory (MB)          :      237     1992      1992
...
001 (696040.001.000) 07/12 08:39:27 Job executing on host: <144.92.180.135:9618?addrs=144.92.180.135-9618+[2607-f388-101c-1000--629]-9618&noUDP&sock=10076_e05b_3>
...
006 (696040.001.000) 07/12 08:39:35 Image size of job updated: 55636
	49  -  MemoryUsage of job (MB)
	49820  -  ResidentSetSize of job (KB)
...
006 (696040.001.000) 07/12 08:59:35 Image size of job updated: 240324
	235  -  MemoryUsage of job (MB)
	239904  -  ResidentSetSize of job (KB)
...
006 (696040.001.000) 07/12 09:03:48 Image size of job updated: 486080
	235  -  MemoryUsage of job (MB)
	239904  -  ResidentSetSize of job (KB)
...
005 (696040.001.000) 07/12 09:03:49 Job terminated.
	(1) Normal termination (return value 0)
		Usr 0 00:02:14, Sys 0 00:00:06  -  Run Remote Usage
		Usr 0 00:00:00, Sys 0 00:00:00  -  Run Local Usage
		Usr 0 00:02:14, Sys 0 00:00:06  -  Total Remote Usage
		Usr 0 00:00:00, Sys 0 00:00:00  -  Total Local Usage
	447953  -  Run Bytes Sent By Job
	281287  -  Run Bytes Received By Job
	447953  -  Total Bytes Sent By Job
	281287  -  Total Bytes Received By Job
	Partitionable Resources :    Usage  Request Allocated
	   Cpus                 :                 1         1
	   Disk (KB)            :  1000000  2048000   7916833
	   Memory (MB)          :      235     1992      1992
...
