000 (691519.013.000) 07/11 11:28:29 Job submitted from host: <144.92.181.245:9618?addrs=144.92.181.245-9618+[2607-f388-101c-1000--372]-9618&noUDP&sock=6179_dbc8_3>
...
001 (691519.013.000) 07/11 12:21:52 Job executing on host: <144.92.180.233:9618?addrs=144.92.180.233-9618+[2607-f388-101c-1000--629]-9618&noUDP&sock=9975_994a_3>
...
006 (691519.013.000) 07/11 12:22:01 Image size of job updated: 170404
	53  -  MemoryUsage of job (MB)
	53548  -  ResidentSetSize of job (KB)
...
006 (691519.013.000) 07/11 12:42:02 Image size of job updated: 293696
	244  -  MemoryUsage of job (MB)
	249532  -  ResidentSetSize of job (KB)
...
005 (691519.013.000) 07/11 12:42:21 Job terminated.
	(1) Normal termination (return value 0)
		Usr 0 00:02:00, Sys 0 00:00:05  -  Run Remote Usage
		Usr 0 00:00:00, Sys 0 00:00:00  -  Run Local Usage
		Usr 0 00:02:00, Sys 0 00:00:05  -  Total Remote Usage
		Usr 0 00:00:00, Sys 0 00:00:00  -  Total Local Usage
	367307  -  Run Bytes Sent By Job
	306644  -  Run Bytes Received By Job
	367307  -  Total Bytes Sent By Job
	306644  -  Total Bytes Received By Job
	Partitionable Resources :    Usage  Request Allocated
	   Cpus                 :                 1         1
	   Disk (KB)            :  1000000  2048000   7917907
	   Memory (MB)          :      244     1992      1992
...
