000 (691519.015.000) 07/11 11:28:29 Job submitted from host: <144.92.181.245:9618?addrs=144.92.181.245-9618+[2607-f388-101c-1000--372]-9618&noUDP&sock=6179_dbc8_3>
...
001 (691519.015.000) 07/11 12:21:57 Job executing on host: <144.92.180.159:9618?addrs=144.92.180.159-9618+[2607-f388-101c-1000--629]-9618&noUDP&sock=7670_8f7d_3>
...
006 (691519.015.000) 07/11 12:22:06 Image size of job updated: 217612
	106  -  MemoryUsage of job (MB)
	108396  -  ResidentSetSize of job (KB)
...
006 (691519.015.000) 07/11 12:42:07 Image size of job updated: 355336
	240  -  MemoryUsage of job (MB)
	245508  -  ResidentSetSize of job (KB)
...
006 (691519.015.000) 07/11 12:52:53 Image size of job updated: 493204
	240  -  MemoryUsage of job (MB)
	245508  -  ResidentSetSize of job (KB)
...
005 (691519.015.000) 07/11 12:52:54 Job terminated.
	(1) Normal termination (return value 0)
		Usr 0 00:01:48, Sys 0 00:00:07  -  Run Remote Usage
		Usr 0 00:00:00, Sys 0 00:00:00  -  Run Local Usage
		Usr 0 00:01:48, Sys 0 00:00:07  -  Total Remote Usage
		Usr 0 00:00:00, Sys 0 00:00:00  -  Total Local Usage
	368581  -  Run Bytes Sent By Job
	306644  -  Run Bytes Received By Job
	368581  -  Total Bytes Sent By Job
	306644  -  Total Bytes Received By Job
	Partitionable Resources :    Usage  Request Allocated
	   Cpus                 :                 1         1
	   Disk (KB)            :  1000000  2048000   7918095
	   Memory (MB)          :      240     1992      1992
...
