000 (691519.004.000) 07/11 11:28:29 Job submitted from host: <144.92.181.245:9618?addrs=144.92.181.245-9618+[2607-f388-101c-1000--372]-9618&noUDP&sock=6179_dbc8_3>
...
001 (691519.004.000) 07/11 12:21:26 Job executing on host: <128.104.227.85:9618?addrs=128.104.227.85-9618+[2607-f388-101c-1000--629]-9618&noUDP&sock=11857_7e87_10>
...
006 (691519.004.000) 07/11 12:21:35 Image size of job updated: 217088
	106  -  MemoryUsage of job (MB)
	108376  -  ResidentSetSize of job (KB)
...
006 (691519.004.000) 07/11 12:41:37 Image size of job updated: 246316
	241  -  MemoryUsage of job (MB)
	246316  -  ResidentSetSize of job (KB)
...
005 (691519.004.000) 07/11 12:47:33 Job terminated.
	(1) Normal termination (return value 0)
		Usr 0 00:02:01, Sys 0 00:00:11  -  Run Remote Usage
		Usr 0 00:00:00, Sys 0 00:00:00  -  Run Local Usage
		Usr 0 00:02:01, Sys 0 00:00:11  -  Total Remote Usage
		Usr 0 00:00:00, Sys 0 00:00:00  -  Total Local Usage
	365908  -  Run Bytes Sent By Job
	306644  -  Run Bytes Received By Job
	365908  -  Total Bytes Sent By Job
	306644  -  Total Bytes Received By Job
	Partitionable Resources :    Usage  Request Allocated
	   Cpus                 :                 1         1
	   Disk (KB)            :  1000000  2048000   9503925
	   Memory (MB)          :      241     1992      1992
...
