000 (696010.010.000) 07/12 06:43:03 Job submitted from host: <144.92.181.245:9618?addrs=144.92.181.245-9618+[2607-f388-101c-1000--372]-9618&noUDP&sock=6179_dbc8_3>
...
001 (696010.010.000) 07/12 08:25:04 Job executing on host: <144.92.180.235:9618?addrs=144.92.180.235-9618+[2607-f388-101c-1000--629]-9618&noUDP&sock=9858_58b5_3>
...
006 (696010.010.000) 07/12 08:25:12 Image size of job updated: 217652
	106  -  MemoryUsage of job (MB)
	108512  -  ResidentSetSize of job (KB)
...
006 (696010.010.000) 07/12 08:45:12 Image size of job updated: 240840
	236  -  MemoryUsage of job (MB)
	240836  -  ResidentSetSize of job (KB)
...
006 (696010.010.000) 07/12 08:51:57 Image size of job updated: 240940
	236  -  MemoryUsage of job (MB)
	240836  -  ResidentSetSize of job (KB)
...
005 (696010.010.000) 07/12 08:51:58 Job terminated.
	(1) Normal termination (return value 0)
		Usr 0 00:02:38, Sys 0 00:00:07  -  Run Remote Usage
		Usr 0 00:00:00, Sys 0 00:00:00  -  Run Local Usage
		Usr 0 00:02:38, Sys 0 00:00:07  -  Total Remote Usage
		Usr 0 00:00:00, Sys 0 00:00:00  -  Total Local Usage
	391482  -  Run Bytes Sent By Job
	281287  -  Run Bytes Received By Job
	391482  -  Total Bytes Sent By Job
	281287  -  Total Bytes Received By Job
	Partitionable Resources :    Usage  Request Allocated
	   Cpus                 :                 1         1
	   Disk (KB)            :  1000000  2048000   7917980
	   Memory (MB)          :      236     1992      1992
...
