000 (696010.011.000) 07/12 06:43:03 Job submitted from host: <144.92.181.245:9618?addrs=144.92.181.245-9618+[2607-f388-101c-1000--372]-9618&noUDP&sock=6179_dbc8_3>
...
001 (696010.011.000) 07/12 08:25:04 Job executing on host: <144.92.181.246:9618?addrs=144.92.181.246-9618+[2607-f388-101c-1000--629]-9618&noUDP&sock=10025_e506_3>
...
006 (696010.011.000) 07/12 08:25:13 Image size of job updated: 109576
	107  -  MemoryUsage of job (MB)
	108572  -  ResidentSetSize of job (KB)
...
006 (696010.011.000) 07/12 08:45:14 Image size of job updated: 240188
	234  -  MemoryUsage of job (MB)
	239448  -  ResidentSetSize of job (KB)
...
006 (696010.011.000) 07/12 08:51:27 Image size of job updated: 482576
	234  -  MemoryUsage of job (MB)
	239448  -  ResidentSetSize of job (KB)
...
005 (696010.011.000) 07/12 08:51:27 Job terminated.
	(1) Normal termination (return value 0)
		Usr 0 00:02:28, Sys 0 00:00:06  -  Run Remote Usage
		Usr 0 00:00:00, Sys 0 00:00:00  -  Run Local Usage
		Usr 0 00:02:28, Sys 0 00:00:06  -  Total Remote Usage
		Usr 0 00:00:00, Sys 0 00:00:00  -  Total Local Usage
	396513  -  Run Bytes Sent By Job
	281287  -  Run Bytes Received By Job
	396513  -  Total Bytes Sent By Job
	281287  -  Total Bytes Received By Job
	Partitionable Resources :    Usage  Request Allocated
	   Cpus                 :                 1         1
	   Disk (KB)            :  1000000  2048000   7918242
	   Memory (MB)          :      234     1992      1992
...
