000 (696010.015.000) 07/12 06:43:03 Job submitted from host: <144.92.181.245:9618?addrs=144.92.181.245-9618+[2607-f388-101c-1000--372]-9618&noUDP&sock=6179_dbc8_3>
...
001 (696010.015.000) 07/12 08:25:12 Job executing on host: <144.92.181.160:9618?addrs=144.92.181.160-9618+[2607-f388-101c-1000--629]-9618&noUDP&sock=9867_850f_3>
...
006 (696010.015.000) 07/12 08:25:21 Image size of job updated: 216788
	106  -  MemoryUsage of job (MB)
	108520  -  ResidentSetSize of job (KB)
...
006 (696010.015.000) 07/12 08:45:21 Image size of job updated: 240260
	235  -  MemoryUsage of job (MB)
	239796  -  ResidentSetSize of job (KB)
...
005 (696010.015.000) 07/12 08:52:47 Job terminated.
	(1) Normal termination (return value 0)
		Usr 0 00:02:44, Sys 0 00:00:10  -  Run Remote Usage
		Usr 0 00:00:00, Sys 0 00:00:00  -  Run Local Usage
		Usr 0 00:02:44, Sys 0 00:00:10  -  Total Remote Usage
		Usr 0 00:00:00, Sys 0 00:00:00  -  Total Local Usage
	399802  -  Run Bytes Sent By Job
	281287  -  Run Bytes Received By Job
	399802  -  Total Bytes Sent By Job
	281287  -  Total Bytes Received By Job
	Partitionable Resources :    Usage  Request Allocated
	   Cpus                 :                 1         1
	   Disk (KB)            :  1000000  2048000   7916775
	   Memory (MB)          :      235     1992      1992
...
