000 (696010.001.000) 07/12 06:43:03 Job submitted from host: <144.92.181.245:9618?addrs=144.92.181.245-9618+[2607-f388-101c-1000--372]-9618&noUDP&sock=6179_dbc8_3>
...
001 (696010.001.000) 07/12 08:24:51 Job executing on host: <128.104.227.41:9618?addrs=128.104.227.41-9618+[2607-f388-101c-1000--629]-9618&noUDP&sock=10218_46cd_3>
...
006 (696010.001.000) 07/12 08:25:00 Image size of job updated: 217164
	106  -  MemoryUsage of job (MB)
	108516  -  ResidentSetSize of job (KB)
...
006 (696010.001.000) 07/12 08:45:00 Image size of job updated: 239308
	234  -  MemoryUsage of job (MB)
	239308  -  ResidentSetSize of job (KB)
...
006 (696010.001.000) 07/12 08:54:12 Image size of job updated: 239916
	234  -  MemoryUsage of job (MB)
	239308  -  ResidentSetSize of job (KB)
...
005 (696010.001.000) 07/12 08:54:13 Job terminated.
	(1) Normal termination (return value 0)
		Usr 0 00:02:30, Sys 0 00:00:10  -  Run Remote Usage
		Usr 0 00:00:00, Sys 0 00:00:00  -  Run Local Usage
		Usr 0 00:02:30, Sys 0 00:00:10  -  Total Remote Usage
		Usr 0 00:00:00, Sys 0 00:00:00  -  Total Local Usage
	396934  -  Run Bytes Sent By Job
	281287  -  Run Bytes Received By Job
	396934  -  Total Bytes Sent By Job
	281287  -  Total Bytes Received By Job
	Partitionable Resources :    Usage  Request Allocated
	   Cpus                 :                 1         1
	   Disk (KB)            :  1000000  2048000   9502046
	   Memory (MB)          :      234     1992      1992
...
