000 (696010.003.000) 07/12 06:43:03 Job submitted from host: <144.92.181.245:9618?addrs=144.92.181.245-9618+[2607-f388-101c-1000--372]-9618&noUDP&sock=6179_dbc8_3>
...
001 (696010.003.000) 07/12 08:24:55 Job executing on host: <128.104.227.103:9618?addrs=128.104.227.103-9618+[2607-f388-101c-1000--52]-9618&noUDP&sock=11683_250c_3>
...
006 (696010.003.000) 07/12 08:25:03 Image size of job updated: 35364
	23  -  MemoryUsage of job (MB)
	23376  -  ResidentSetSize of job (KB)
...
006 (696010.003.000) 07/12 08:45:03 Image size of job updated: 238004
	233  -  MemoryUsage of job (MB)
	237780  -  ResidentSetSize of job (KB)
...
006 (696010.003.000) 07/12 08:57:13 Image size of job updated: 238628
	233  -  MemoryUsage of job (MB)
	237780  -  ResidentSetSize of job (KB)
...
005 (696010.003.000) 07/12 08:57:14 Job terminated.
	(1) Normal termination (return value 0)
		Usr 0 00:02:03, Sys 0 00:00:09  -  Run Remote Usage
		Usr 0 00:00:00, Sys 0 00:00:00  -  Run Local Usage
		Usr 0 00:02:03, Sys 0 00:00:09  -  Total Remote Usage
		Usr 0 00:00:00, Sys 0 00:00:00  -  Total Local Usage
	392405  -  Run Bytes Sent By Job
	281287  -  Run Bytes Received By Job
	392405  -  Total Bytes Sent By Job
	281287  -  Total Bytes Received By Job
	Partitionable Resources :    Usage  Request Allocated
	   Cpus                 :                 1         1
	   Disk (KB)            :  1000000  2048000   9503861
	   Memory (MB)          :      233     1992      1992
...
