000 (696010.005.000) 07/12 06:43:03 Job submitted from host: <144.92.181.245:9618?addrs=144.92.181.245-9618+[2607-f388-101c-1000--372]-9618&noUDP&sock=6179_dbc8_3>
...
001 (696010.005.000) 07/12 08:25:02 Job executing on host: <144.92.181.207:9618?addrs=144.92.181.207-9618+[2607-f388-101c-1000--629]-9618&noUDP&sock=6762_bf7f_3>
...
006 (696010.005.000) 07/12 08:25:10 Image size of job updated: 33364
	7  -  MemoryUsage of job (MB)
	6740  -  ResidentSetSize of job (KB)
...
006 (696010.005.000) 07/12 08:45:10 Image size of job updated: 239020
	232  -  MemoryUsage of job (MB)
	237568  -  ResidentSetSize of job (KB)
...
005 (696010.005.000) 07/12 08:53:31 Job terminated.
	(1) Normal termination (return value 0)
		Usr 0 00:02:20, Sys 0 00:00:04  -  Run Remote Usage
		Usr 0 00:00:00, Sys 0 00:00:00  -  Run Local Usage
		Usr 0 00:02:20, Sys 0 00:00:04  -  Total Remote Usage
		Usr 0 00:00:00, Sys 0 00:00:00  -  Total Local Usage
	408325  -  Run Bytes Sent By Job
	281287  -  Run Bytes Received By Job
	408325  -  Total Bytes Sent By Job
	281287  -  Total Bytes Received By Job
	Partitionable Resources :    Usage  Request Allocated
	   Cpus                 :                 1         1
	   Disk (KB)            :  1000000  2048000   3166564
	   Memory (MB)          :      232     1992      1992
...
