000 (696010.009.000) 07/12 06:43:03 Job submitted from host: <144.92.181.245:9618?addrs=144.92.181.245-9618+[2607-f388-101c-1000--372]-9618&noUDP&sock=6179_dbc8_3>
...
001 (696010.009.000) 07/12 08:25:03 Job executing on host: <144.92.181.150:9618?addrs=144.92.181.150-9618+[2607-f388-101c-1000--629]-9618&noUDP&sock=9864_7647_3>
...
006 (696010.009.000) 07/12 08:25:12 Image size of job updated: 216996
	106  -  MemoryUsage of job (MB)
	108512  -  ResidentSetSize of job (KB)
...
006 (696010.009.000) 07/12 08:45:13 Image size of job updated: 240520
	235  -  MemoryUsage of job (MB)
	240436  -  ResidentSetSize of job (KB)
...
006 (696010.009.000) 07/12 08:48:40 Image size of job updated: 482284
	235  -  MemoryUsage of job (MB)
	240436  -  ResidentSetSize of job (KB)
...
005 (696010.009.000) 07/12 08:48:41 Job terminated.
	(1) Normal termination (return value 0)
		Usr 0 00:02:21, Sys 0 00:00:06  -  Run Remote Usage
		Usr 0 00:00:00, Sys 0 00:00:00  -  Run Local Usage
		Usr 0 00:02:21, Sys 0 00:00:06  -  Total Remote Usage
		Usr 0 00:00:00, Sys 0 00:00:00  -  Total Local Usage
	401082  -  Run Bytes Sent By Job
	281287  -  Run Bytes Received By Job
	401082  -  Total Bytes Sent By Job
	281287  -  Total Bytes Received By Job
	Partitionable Resources :    Usage  Request Allocated
	   Cpus                 :                 1         1
	   Disk (KB)            :  1000000  2048000   7917968
	   Memory (MB)          :      235     1992      1992
...
