000 (166932.001.000) 06/10 13:21:57 Job submitted from host: <144.92.180.4:9618?addrs=144.92.180.4-9618+[2607-f388-101c-1000--367]-9618&noUDP&sock=4693_960c_3>
...
001 (166932.001.000) 06/10 13:39:57 Job executing on host: <128.104.227.63:9618?addrs=128.104.227.63-9618+[2607-f388-101c-1000--629]-9618&noUDP&sock=10487_c9c7_10>
...
006 (166932.001.000) 06/10 13:40:07 Image size of job updated: 212792
	107  -  MemoryUsage of job (MB)
	108616  -  ResidentSetSize of job (KB)
...
005 (166932.001.000) 06/10 13:50:17 Job terminated.
	(1) Normal termination (return value 0)
		Usr 0 00:02:05, Sys 0 00:00:05  -  Run Remote Usage
		Usr 0 00:00:00, Sys 0 00:00:00  -  Run Local Usage
		Usr 0 00:02:05, Sys 0 00:00:05  -  Total Remote Usage
		Usr 0 00:00:00, Sys 0 00:00:00  -  Total Local Usage
	493758  -  Run Bytes Sent By Job
	278854  -  Run Bytes Received By Job
	493758  -  Total Bytes Sent By Job
	278854  -  Total Bytes Received By Job
	Partitionable Resources :    Usage  Request Allocated
	   Cpus                 :                 1         1
	   Disk (KB)            :  1000000  2048000   9503111
	   Memory (MB)          :      107     1992      1992
...
