000 (690062.015.000) 07/11 07:30:47 Job submitted from host: <144.92.181.245:9618?addrs=144.92.181.245-9618+[2607-f388-101c-1000--372]-9618&noUDP&sock=6179_dbc8_3>
...
001 (690062.015.000) 07/11 08:28:38 Job executing on host: <144.92.180.172:9618?addrs=144.92.180.172-9618+[2607-f388-101c-1000--629]-9618&noUDP&sock=7691_f6fa_3>
...
006 (690062.015.000) 07/11 08:28:47 Image size of job updated: 154268
	55  -  MemoryUsage of job (MB)
	55376  -  ResidentSetSize of job (KB)
...
006 (690062.015.000) 07/11 08:42:46 Image size of job updated: 263920
	55  -  MemoryUsage of job (MB)
	55424  -  ResidentSetSize of job (KB)
...
005 (690062.015.000) 07/11 08:42:47 Job terminated.
	(1) Normal termination (return value 0)
		Usr 0 00:02:31, Sys 0 00:00:07  -  Run Remote Usage
		Usr 0 00:00:00, Sys 0 00:00:00  -  Run Local Usage
		Usr 0 00:02:31, Sys 0 00:00:07  -  Total Remote Usage
		Usr 0 00:00:00, Sys 0 00:00:00  -  Total Local Usage
	331869  -  Run Bytes Sent By Job
	302156  -  Run Bytes Received By Job
	331869  -  Total Bytes Sent By Job
	302156  -  Total Bytes Received By Job
	Partitionable Resources :    Usage  Request Allocated
	   Cpus                 :                 1         1
	   Disk (KB)            :  1000000  2048000   7918161
	   Memory (MB)          :       55     1992      1992
...
