000 (690067.000.000) 07/11 07:30:55 Job submitted from host: <144.92.181.245:9618?addrs=144.92.181.245-9618+[2607-f388-101c-1000--372]-9618&noUDP&sock=6179_dbc8_3>
...
001 (690067.000.000) 07/11 08:32:22 Job executing on host: <144.92.180.175:9618?addrs=144.92.180.175-9618+[2607-f388-101c-1000--629]-9618&noUDP&sock=7704_e1b6_3>
...
006 (690067.000.000) 07/11 08:32:30 Image size of job updated: 226760
	106  -  MemoryUsage of job (MB)
	107924  -  ResidentSetSize of job (KB)
...
005 (690067.000.000) 07/11 08:48:43 Job terminated.
	(1) Normal termination (return value 0)
		Usr 0 00:02:14, Sys 0 00:00:06  -  Run Remote Usage
		Usr 0 00:00:00, Sys 0 00:00:00  -  Run Local Usage
		Usr 0 00:02:14, Sys 0 00:00:06  -  Total Remote Usage
		Usr 0 00:00:00, Sys 0 00:00:00  -  Total Local Usage
	330196  -  Run Bytes Sent By Job
	302156  -  Run Bytes Received By Job
	330196  -  Total Bytes Sent By Job
	302156  -  Total Bytes Received By Job
	Partitionable Resources :    Usage  Request Allocated
	   Cpus                 :                 1         1
	   Disk (KB)            :  1000000  2048000   7917905
	   Memory (MB)          :      106     1992      1992
...
