000 (696052.014.000) 07/12 06:44:02 Job submitted from host: <144.92.181.245:9618?addrs=144.92.181.245-9618+[2607-f388-101c-1000--372]-9618&noUDP&sock=6179_dbc8_3>
...
001 (695055.014.000) 07/12 07:42:44 Job executing on host: <144.92.181.191:9618?addrs=144.92.181.191-9618+[2607-f388-101c-1000--629]-9618&noUDP&sock=10050_0ae4_3>
...
006 (695055.014.000) 07/12 07:42:53 Image size of job updated: 137120
	104  -  MemoryUsage of job (MB)
	105940  -  ResidentSetSize of job (KB)
...
006 (695055.014.000) 07/12 08:02:53 Image size of job updated: 251512
	246  -  MemoryUsage of job (MB)
	251512  -  ResidentSetSize of job (KB)
...
005 (695055.014.000) 07/12 08:10:56 Job terminated.
	(1) Normal termination (return value 0)
		Usr 0 00:01:39, Sys 0 00:00:04  -  Run Remote Usage
		Usr 0 00:00:00, Sys 0 00:00:00  -  Run Local Usage
		Usr 0 00:01:39, Sys 0 00:00:04  -  Total Remote Usage
		Usr 0 00:00:00, Sys 0 00:00:00  -  Total Local Usage
	356651  -  Run Bytes Sent By Job
	281287  -  Run Bytes Received By Job
	356651  -  Total Bytes Sent By Job
	281287  -  Total Bytes Received By Job
	Partitionable Resources :    Usage  Request Allocated
	   Cpus                 :                 1         1
	   Disk (KB)            :  1000000  2048000   7914778
	   Memory (MB)          :      246     1992      1992
...
001 (696052.014.000) 07/12 08:43:46 Job executing on host: <128.104.227.59:9618?addrs=128.104.227.59-9618+[2607-f388-101c-1000--629]-9618&noUDP&sock=10315_cf7d_3>
...
006 (696052.014.000) 07/12 08:43:55 Image size of job updated: 216976
	106  -  MemoryUsage of job (MB)
	108500  -  ResidentSetSize of job (KB)
...
006 (696052.014.000) 07/12 09:03:28 Image size of job updated: 248556
	106  -  MemoryUsage of job (MB)
	108500  -  ResidentSetSize of job (KB)
...
005 (696052.014.000) 07/12 09:03:29 Job terminated.
	(1) Normal termination (return value 0)
		Usr 0 00:01:30, Sys 0 00:00:04  -  Run Remote Usage
		Usr 0 00:00:00, Sys 0 00:00:00  -  Run Local Usage
		Usr 0 00:01:30, Sys 0 00:00:04  -  Total Remote Usage
		Usr 0 00:00:00, Sys 0 00:00:00  -  Total Local Usage
	356651  -  Run Bytes Sent By Job
	281287  -  Run Bytes Received By Job
	356651  -  Total Bytes Sent By Job
	281287  -  Total Bytes Received By Job
	Partitionable Resources :    Usage  Request Allocated
	   Cpus                 :                 1         1
	   Disk (KB)            :  1000000  2048000   9501449
	   Memory (MB)          :      106     1992      1992
...
