000 (696052.002.000) 07/12 06:44:02 Job submitted from host: <144.92.181.245:9618?addrs=144.92.181.245-9618+[2607-f388-101c-1000--372]-9618&noUDP&sock=6179_dbc8_3>
...
001 (695055.002.000) 07/12 07:42:44 Job executing on host: <144.92.181.183:9618?addrs=144.92.181.183-9618+[2607-f388-101c-1000--629]-9618&noUDP&sock=9847_cd2b_3>
...
006 (695055.002.000) 07/12 07:42:53 Image size of job updated: 196884
	106  -  MemoryUsage of job (MB)
	108508  -  ResidentSetSize of job (KB)
...
005 (695055.002.000) 07/12 07:59:07 Job terminated.
	(1) Normal termination (return value 0)
		Usr 0 00:01:39, Sys 0 00:00:04  -  Run Remote Usage
		Usr 0 00:00:00, Sys 0 00:00:00  -  Run Local Usage
		Usr 0 00:01:39, Sys 0 00:00:04  -  Total Remote Usage
		Usr 0 00:00:00, Sys 0 00:00:00  -  Total Local Usage
	357938  -  Run Bytes Sent By Job
	281287  -  Run Bytes Received By Job
	357938  -  Total Bytes Sent By Job
	281287  -  Total Bytes Received By Job
	Partitionable Resources :    Usage  Request Allocated
	   Cpus                 :                 1         1
	   Disk (KB)            :  1000000  2048000   7917397
	   Memory (MB)          :      106     1992      1992
...
001 (696052.002.000) 07/12 08:42:53 Job executing on host: <144.92.180.90:9618?addrs=144.92.180.90-9618+[2607-f388-101c-1000--629]-9618&noUDP&sock=7022_161f_3>
...
006 (696052.002.000) 07/12 08:43:02 Image size of job updated: 57492
	53  -  MemoryUsage of job (MB)
	53264  -  ResidentSetSize of job (KB)
...
006 (696052.002.000) 07/12 09:03:02 Image size of job updated: 247516
	237  -  MemoryUsage of job (MB)
	241720  -  ResidentSetSize of job (KB)
...
005 (696052.002.000) 07/12 09:03:18 Job terminated.
	(1) Normal termination (return value 0)
		Usr 0 00:03:31, Sys 0 00:00:11  -  Run Remote Usage
		Usr 0 00:00:00, Sys 0 00:00:00  -  Run Local Usage
		Usr 0 00:03:31, Sys 0 00:00:11  -  Total Remote Usage
		Usr 0 00:00:00, Sys 0 00:00:00  -  Total Local Usage
	376984  -  Run Bytes Sent By Job
	281287  -  Run Bytes Received By Job
	376984  -  Total Bytes Sent By Job
	281287  -  Total Bytes Received By Job
	Partitionable Resources :    Usage  Request Allocated
	   Cpus                 :                 1         1
	   Disk (KB)            :  1000000  2048000   4750452
	   Memory (MB)          :      237     1992      1992
...
