000 (696052.006.000) 07/12 06:44:02 Job submitted from host: <144.92.181.245:9618?addrs=144.92.181.245-9618+[2607-f388-101c-1000--372]-9618&noUDP&sock=6179_dbc8_3>
...
001 (695055.006.000) 07/12 07:42:44 Job executing on host: <144.92.181.7:9618?addrs=144.92.181.7-9618+[2607-f388-101c-1000--629]-9618&noUDP&sock=7655_4592_3>
...
006 (695055.006.000) 07/12 07:42:53 Image size of job updated: 120504
	106  -  MemoryUsage of job (MB)
	108524  -  ResidentSetSize of job (KB)
...
006 (695055.006.000) 07/12 08:01:56 Image size of job updated: 254044
	106  -  MemoryUsage of job (MB)
	108524  -  ResidentSetSize of job (KB)
...
005 (695055.006.000) 07/12 08:01:56 Job terminated.
	(1) Normal termination (return value 0)
		Usr 0 00:01:42, Sys 0 00:00:05  -  Run Remote Usage
		Usr 0 00:00:00, Sys 0 00:00:00  -  Run Local Usage
		Usr 0 00:01:42, Sys 0 00:00:05  -  Total Remote Usage
		Usr 0 00:00:00, Sys 0 00:00:00  -  Total Local Usage
	357996  -  Run Bytes Sent By Job
	281287  -  Run Bytes Received By Job
	357996  -  Total Bytes Sent By Job
	281287  -  Total Bytes Received By Job
	Partitionable Resources :    Usage  Request Allocated
	   Cpus                 :                 1         1
	   Disk (KB)            :  1000000  2048000   7917233
	   Memory (MB)          :      106     1992      1992
...
001 (696052.006.000) 07/12 08:42:59 Job executing on host: <144.92.180.142:9618?addrs=144.92.180.142-9618+[2607-f388-101c-1000--629]-9618&noUDP&sock=7677_5ca7_3>
...
006 (696052.006.000) 07/12 08:43:07 Image size of job updated: 216596
	106  -  MemoryUsage of job (MB)
	108508  -  ResidentSetSize of job (KB)
...
006 (696052.006.000) 07/12 09:03:07 Image size of job updated: 251580
	246  -  MemoryUsage of job (MB)
	251580  -  ResidentSetSize of job (KB)
...
006 (696052.006.000) 07/12 09:06:40 Image size of job updated: 499448
	246  -  MemoryUsage of job (MB)
	251580  -  ResidentSetSize of job (KB)
...
005 (696052.006.000) 07/12 09:06:41 Job terminated.
	(1) Normal termination (return value 0)
		Usr 0 00:01:50, Sys 0 00:00:09  -  Run Remote Usage
		Usr 0 00:00:00, Sys 0 00:00:00  -  Run Local Usage
		Usr 0 00:01:50, Sys 0 00:00:09  -  Total Remote Usage
		Usr 0 00:00:00, Sys 0 00:00:00  -  Total Local Usage
	357996  -  Run Bytes Sent By Job
	281287  -  Run Bytes Received By Job
	357996  -  Total Bytes Sent By Job
	281287  -  Total Bytes Received By Job
	Partitionable Resources :    Usage  Request Allocated
	   Cpus                 :                 1         1
	   Disk (KB)            :  1000000  2048000   7918264
	   Memory (MB)          :      246     1992      1992
...
