file path found: /hdfs/store/user/varuns/Run2018D_Prompt/EGamma/crab_job_EGamma2018Dv2_3/190526_233749/0007/Data_EGamma2018Dv2_3_7004.root
name: Data_EGamma2018Dv2_3_7004.root
filenumber: 0
Adding FullPathInputFile to chain:/hdfs/store/user/varuns/Run2018D_Prompt/EGamma/crab_job_EGamma2018Dv2_3/190526_233749/0007/Data_EGamma2018Dv2_3_7004.root

file path found: /hdfs/store/user/varuns/Run2018D_Prompt/EGamma/crab_job_EGamma2018Dv2_3/190526_233749/0007/Data_EGamma2018Dv2_3_7140.root
name: Data_EGamma2018Dv2_3_7140.root
filenumber: 1
Adding FullPathInputFile to chain:/hdfs/store/user/varuns/Run2018D_Prompt/EGamma/crab_job_EGamma2018Dv2_3/190526_233749/0007/Data_EGamma2018Dv2_3_7140.root

file path found: /hdfs/store/user/varuns/Run2018D_Prompt/EGamma/crab_job_EGamma2018Dv2_3/190526_233749/0007/Data_EGamma2018Dv2_3_7142.root
name: Data_EGamma2018Dv2_3_7142.root
filenumber: 2
Adding FullPathInputFile to chain:/hdfs/store/user/varuns/Run2018D_Prompt/EGamma/crab_job_EGamma2018Dv2_3/190526_233749/0007/Data_EGamma2018Dv2_3_7142.root

file path found: /hdfs/store/user/varuns/Run2018D_Prompt/EGamma/crab_job_EGamma2018Dv2_3/190526_233749/0007/Data_EGamma2018Dv2_3_7143.root
name: Data_EGamma2018Dv2_3_7143.root
filenumber: 3
Adding FullPathInputFile to chain:/hdfs/store/user/varuns/Run2018D_Prompt/EGamma/crab_job_EGamma2018Dv2_3/190526_233749/0007/Data_EGamma2018Dv2_3_7143.root

file path found: /hdfs/store/user/varuns/Run2018D_Prompt/EGamma/crab_job_EGamma2018Dv2_3/190526_233749/0007/Data_EGamma2018Dv2_3_7144.root
name: Data_EGamma2018Dv2_3_7144.root
filenumber: 4
Adding FullPathInputFile to chain:/hdfs/store/user/varuns/Run2018D_Prompt/EGamma/crab_job_EGamma2018Dv2_3/190526_233749/0007/Data_EGamma2018Dv2_3_7144.root

file path found: /hdfs/store/user/varuns/Run2018D_Prompt/EGamma/crab_job_EGamma2018Dv2_3/190526_233749/0007/Data_EGamma2018Dv2_3_7235.root
name: Data_EGamma2018Dv2_3_7235.root
filenumber: 5
Adding FullPathInputFile to chain:/hdfs/store/user/varuns/Run2018D_Prompt/EGamma/crab_job_EGamma2018Dv2_3/190526_233749/0007/Data_EGamma2018Dv2_3_7235.root

file path found: /hdfs/store/user/varuns/Run2018D_Prompt/EGamma/crab_job_EGamma2018Dv2_3/190526_233749/0007/Data_EGamma2018Dv2_3_7248.root
name: Data_EGamma2018Dv2_3_7248.root
filenumber: 6
Adding FullPathInputFile to chain:/hdfs/store/user/varuns/Run2018D_Prompt/EGamma/crab_job_EGamma2018Dv2_3/190526_233749/0007/Data_EGamma2018Dv2_3_7248.root

file path found: /hdfs/store/user/varuns/Run2018D_Prompt/EGamma/crab_job_EGamma2018Dv2_3/190526_233749/0007/Data_EGamma2018Dv2_3_7261.root
name: Data_EGamma2018Dv2_3_7261.root
filenumber: 7
Adding FullPathInputFile to chain:/hdfs/store/user/varuns/Run2018D_Prompt/EGamma/crab_job_EGamma2018Dv2_3/190526_233749/0007/Data_EGamma2018Dv2_3_7261.root

file path found: /hdfs/store/user/varuns/Run2018D_Prompt/EGamma/crab_job_EGamma2018Dv2_3/190526_233749/0007/Data_EGamma2018Dv2_3_7262.root
name: Data_EGamma2018Dv2_3_7262.root
filenumber: 8
Adding FullPathInputFile to chain:/hdfs/store/user/varuns/Run2018D_Prompt/EGamma/crab_job_EGamma2018Dv2_3/190526_233749/0007/Data_EGamma2018Dv2_3_7262.root

file path found: /hdfs/store/user/varuns/Run2018D_Prompt/EGamma/crab_job_EGamma2018Dv2_3/190526_233749/0007/Data_EGamma2018Dv2_3_7263.root
name: Data_EGamma2018Dv2_3_7263.root
filenumber: 9
Adding FullPathInputFile to chain:/hdfs/store/user/varuns/Run2018D_Prompt/EGamma/crab_job_EGamma2018Dv2_3/190526_233749/0007/Data_EGamma2018Dv2_3_7263.root

file path found: /hdfs/store/user/varuns/Run2018D_Prompt/EGamma/crab_job_EGamma2018Dv2_3/190526_233749/0007/Data_EGamma2018Dv2_3_7485.root
name: Data_EGamma2018Dv2_3_7485.root
filenumber: 10
Adding FullPathInputFile to chain:/hdfs/store/user/varuns/Run2018D_Prompt/EGamma/crab_job_EGamma2018Dv2_3/190526_233749/0007/Data_EGamma2018Dv2_3_7485.root

file path found: /hdfs/store/user/varuns/Run2018D_Prompt/EGamma/crab_job_EGamma2018Dv2_3/190526_233749/0007/Data_EGamma2018Dv2_3_7486.root
name: Data_EGamma2018Dv2_3_7486.root
filenumber: 11
Adding FullPathInputFile to chain:/hdfs/store/user/varuns/Run2018D_Prompt/EGamma/crab_job_EGamma2018Dv2_3/190526_233749/0007/Data_EGamma2018Dv2_3_7486.root

file path found: /hdfs/store/user/varuns/Run2018D_Prompt/EGamma/crab_job_EGamma2018Dv2_3/190526_233749/0007/Data_EGamma2018Dv2_3_7500.root
name: Data_EGamma2018Dv2_3_7500.root
filenumber: 12
Adding FullPathInputFile to chain:/hdfs/store/user/varuns/Run2018D_Prompt/EGamma/crab_job_EGamma2018Dv2_3/190526_233749/0007/Data_EGamma2018Dv2_3_7500.root

file path found: /hdfs/store/user/varuns/Run2018D_Prompt/EGamma/crab_job_EGamma2018Dv2_3/190526_233749/0007/Data_EGamma2018Dv2_3_7534.root
name: Data_EGamma2018Dv2_3_7534.root
filenumber: 13
Adding FullPathInputFile to chain:/hdfs/store/user/varuns/Run2018D_Prompt/EGamma/crab_job_EGamma2018Dv2_3/190526_233749/0007/Data_EGamma2018Dv2_3_7534.root

file path found: /hdfs/store/user/varuns/Run2018D_Prompt/EGamma/crab_job_EGamma2018Dv2_3/190526_233749/0007/Data_EGamma2018Dv2_3_7569.root
name: Data_EGamma2018Dv2_3_7569.root
filenumber: 14
Adding FullPathInputFile to chain:/hdfs/store/user/varuns/Run2018D_Prompt/EGamma/crab_job_EGamma2018Dv2_3/190526_233749/0007/Data_EGamma2018Dv2_3_7569.root

file path found: /hdfs/store/user/varuns/Run2018D_Prompt/EGamma/crab_job_EGamma2018Dv2_3/190526_233749/0007/Data_EGamma2018Dv2_3_7637.root
name: Data_EGamma2018Dv2_3_7637.root
filenumber: 15
Adding FullPathInputFile to chain:/hdfs/store/user/varuns/Run2018D_Prompt/EGamma/crab_job_EGamma2018Dv2_3/190526_233749/0007/Data_EGamma2018Dv2_3_7637.root

file path found: /hdfs/store/user/varuns/Run2018D_Prompt/EGamma/crab_job_EGamma2018Dv2_3/190526_233749/0007/Data_EGamma2018Dv2_3_7736.root
name: Data_EGamma2018Dv2_3_7736.root
filenumber: 16
Adding FullPathInputFile to chain:/hdfs/store/user/varuns/Run2018D_Prompt/EGamma/crab_job_EGamma2018Dv2_3/190526_233749/0007/Data_EGamma2018Dv2_3_7736.root

file path found: /hdfs/store/user/varuns/Run2018D_Prompt/EGamma/crab_job_EGamma2018Dv2_3/190526_233749/0007/Data_EGamma2018Dv2_3_7775.root
name: Data_EGamma2018Dv2_3_7775.root
filenumber: 17
Adding FullPathInputFile to chain:/hdfs/store/user/varuns/Run2018D_Prompt/EGamma/crab_job_EGamma2018Dv2_3/190526_233749/0007/Data_EGamma2018Dv2_3_7775.root

file path found: /hdfs/store/user/varuns/Run2018D_Prompt/EGamma/crab_job_EGamma2018Dv2_3/190526_233749/0007/Data_EGamma2018Dv2_3_7877.root
name: Data_EGamma2018Dv2_3_7877.root
filenumber: 18
Adding FullPathInputFile to chain:/hdfs/store/user/varuns/Run2018D_Prompt/EGamma/crab_job_EGamma2018Dv2_3/190526_233749/0007/Data_EGamma2018Dv2_3_7877.root

file path found: /hdfs/store/user/varuns/Run2018D_Prompt/EGamma/crab_job_EGamma2018Dv2_3/190526_233749/0007/Data_EGamma2018Dv2_3_7878.root
name: Data_EGamma2018Dv2_3_7878.root
filenumber: 19
Adding FullPathInputFile to chain:/hdfs/store/user/varuns/Run2018D_Prompt/EGamma/crab_job_EGamma2018Dv2_3/190526_233749/0007/Data_EGamma2018Dv2_3_7878.root

file path found: /hdfs/store/user/varuns/Run2018D_Prompt/EGamma/crab_job_EGamma2018Dv2_3/190526_233749/0007/Data_EGamma2018Dv2_3_7885.root
name: Data_EGamma2018Dv2_3_7885.root
filenumber: 20
Adding FullPathInputFile to chain:/hdfs/store/user/varuns/Run2018D_Prompt/EGamma/crab_job_EGamma2018Dv2_3/190526_233749/0007/Data_EGamma2018Dv2_3_7885.root

file path found: /hdfs/store/user/varuns/Run2018D_Prompt/EGamma/crab_job_EGamma2018Dv2_3/190526_233749/0007/Data_EGamma2018Dv2_3_7886.root
name: Data_EGamma2018Dv2_3_7886.root
filenumber: 21
Adding FullPathInputFile to chain:/hdfs/store/user/varuns/Run2018D_Prompt/EGamma/crab_job_EGamma2018Dv2_3/190526_233749/0007/Data_EGamma2018Dv2_3_7886.root

file path found: /hdfs/store/user/varuns/Run2018D_Prompt/EGamma/crab_job_EGamma2018Dv2_3/190526_233749/0007/Data_EGamma2018Dv2_3_7888.root
name: Data_EGamma2018Dv2_3_7888.root
filenumber: 22
Adding FullPathInputFile to chain:/hdfs/store/user/varuns/Run2018D_Prompt/EGamma/crab_job_EGamma2018Dv2_3/190526_233749/0007/Data_EGamma2018Dv2_3_7888.root

file path found: /hdfs/store/user/varuns/Run2018D_Prompt/EGamma/crab_job_EGamma2018Dv2_3/190526_233749/0007/Data_EGamma2018Dv2_3_7896.root
name: Data_EGamma2018Dv2_3_7896.root
filenumber: 23
Adding FullPathInputFile to chain:/hdfs/store/user/varuns/Run2018D_Prompt/EGamma/crab_job_EGamma2018Dv2_3/190526_233749/0007/Data_EGamma2018Dv2_3_7896.root

file path found: /hdfs/store/user/varuns/Run2018D_Prompt/EGamma/crab_job_EGamma2018Dv2_3/190526_233749/0007/Data_EGamma2018Dv2_3_7900.root
name: Data_EGamma2018Dv2_3_7900.root
filenumber: 24
Adding FullPathInputFile to chain:/hdfs/store/user/varuns/Run2018D_Prompt/EGamma/crab_job_EGamma2018Dv2_3/190526_233749/0007/Data_EGamma2018Dv2_3_7900.root

file path found: /hdfs/store/user/varuns/Run2018D_Prompt/EGamma/crab_job_EGamma2018Dv2_3/190526_233749/0007/Data_EGamma2018Dv2_3_7901.root
name: Data_EGamma2018Dv2_3_7901.root
filenumber: 25
Adding FullPathInputFile to chain:/hdfs/store/user/varuns/Run2018D_Prompt/EGamma/crab_job_EGamma2018Dv2_3/190526_233749/0007/Data_EGamma2018Dv2_3_7901.root

file path found: /hdfs/store/user/varuns/Run2018D_Prompt/EGamma/crab_job_EGamma2018Dv2_3/190526_233749/0007/Data_EGamma2018Dv2_3_7902.root
name: Data_EGamma2018Dv2_3_7902.root
filenumber: 26
Adding FullPathInputFile to chain:/hdfs/store/user/varuns/Run2018D_Prompt/EGamma/crab_job_EGamma2018Dv2_3/190526_233749/0007/Data_EGamma2018Dv2_3_7902.root

file path found: /hdfs/store/user/varuns/Run2018D_Prompt/EGamma/crab_job_EGamma2018Dv2_3/190526_233749/0007/Data_EGamma2018Dv2_3_7906.root
name: Data_EGamma2018Dv2_3_7906.root
filenumber: 27
Adding FullPathInputFile to chain:/hdfs/store/user/varuns/Run2018D_Prompt/EGamma/crab_job_EGamma2018Dv2_3/190526_233749/0007/Data_EGamma2018Dv2_3_7906.root

file path found: /hdfs/store/user/varuns/Run2018D_Prompt/EGamma/crab_job_EGamma2018Dv2_3/190526_233749/0007/Data_EGamma2018Dv2_3_7909.root
name: Data_EGamma2018Dv2_3_7909.root
filenumber: 28
Adding FullPathInputFile to chain:/hdfs/store/user/varuns/Run2018D_Prompt/EGamma/crab_job_EGamma2018Dv2_3/190526_233749/0007/Data_EGamma2018Dv2_3_7909.root

file path found: /hdfs/store/user/varuns/Run2018D_Prompt/EGamma/crab_job_EGamma2018Dv2_3/190526_233749/0007/Data_EGamma2018Dv2_3_7913.root
name: Data_EGamma2018Dv2_3_7913.root
filenumber: 29
Adding FullPathInputFile to chain:/hdfs/store/user/varuns/Run2018D_Prompt/EGamma/crab_job_EGamma2018Dv2_3/190526_233749/0007/Data_EGamma2018Dv2_3_7913.root

file path found: /hdfs/store/user/varuns/Run2018D_Prompt/EGamma/crab_job_EGamma2018Dv2_3/190526_233749/0007/Data_EGamma2018Dv2_3_7914.root
name: Data_EGamma2018Dv2_3_7914.root
filenumber: 30
Adding FullPathInputFile to chain:/hdfs/store/user/varuns/Run2018D_Prompt/EGamma/crab_job_EGamma2018Dv2_3/190526_233749/0007/Data_EGamma2018Dv2_3_7914.root

file path found: /hdfs/store/user/varuns/Run2018D_Prompt/EGamma/crab_job_EGamma2018Dv2_3/190526_233749/0007/Data_EGamma2018Dv2_3_7917.root
name: Data_EGamma2018Dv2_3_7917.root
filenumber: 31
Adding FullPathInputFile to chain:/hdfs/store/user/varuns/Run2018D_Prompt/EGamma/crab_job_EGamma2018Dv2_3/190526_233749/0007/Data_EGamma2018Dv2_3_7917.root

file path found: /hdfs/store/user/varuns/Run2018D_Prompt/EGamma/crab_job_EGamma2018Dv2_3/190526_233749/0007/Data_EGamma2018Dv2_3_7918.root
name: Data_EGamma2018Dv2_3_7918.root
filenumber: 32
Adding FullPathInputFile to chain:/hdfs/store/user/varuns/Run2018D_Prompt/EGamma/crab_job_EGamma2018Dv2_3/190526_233749/0007/Data_EGamma2018Dv2_3_7918.root

file path found: /hdfs/store/user/varuns/Run2018D_Prompt/EGamma/crab_job_EGamma2018Dv2_3/190526_233749/0007/Data_EGamma2018Dv2_3_7920.root
name: Data_EGamma2018Dv2_3_7920.root
filenumber: 33
Adding FullPathInputFile to chain:/hdfs/store/user/varuns/Run2018D_Prompt/EGamma/crab_job_EGamma2018Dv2_3/190526_233749/0007/Data_EGamma2018Dv2_3_7920.root

file path found: /hdfs/store/user/varuns/Run2018D_Prompt/EGamma/crab_job_EGamma2018Dv2_3/190526_233749/0007/Data_EGamma2018Dv2_3_7921.root
name: Data_EGamma2018Dv2_3_7921.root
filenumber: 34
Adding FullPathInputFile to chain:/hdfs/store/user/varuns/Run2018D_Prompt/EGamma/crab_job_EGamma2018Dv2_3/190526_233749/0007/Data_EGamma2018Dv2_3_7921.root

file path found: /hdfs/store/user/varuns/Run2018D_Prompt/EGamma/crab_job_EGamma2018Dv2_3/190526_233749/0007/Data_EGamma2018Dv2_3_7922.root
name: Data_EGamma2018Dv2_3_7922.root
filenumber: 35
Adding FullPathInputFile to chain:/hdfs/store/user/varuns/Run2018D_Prompt/EGamma/crab_job_EGamma2018Dv2_3/190526_233749/0007/Data_EGamma2018Dv2_3_7922.root

file path found: /hdfs/store/user/varuns/Run2018D_Prompt/EGamma/crab_job_EGamma2018Dv2_3/190526_233749/0007/Data_EGamma2018Dv2_3_7924.root
name: Data_EGamma2018Dv2_3_7924.root
filenumber: 36
Adding FullPathInputFile to chain:/hdfs/store/user/varuns/Run2018D_Prompt/EGamma/crab_job_EGamma2018Dv2_3/190526_233749/0007/Data_EGamma2018Dv2_3_7924.root

file path found: /hdfs/store/user/varuns/Run2018D_Prompt/EGamma/crab_job_EGamma2018Dv2_3/190526_233749/0007/Data_EGamma2018Dv2_3_7926.root
name: Data_EGamma2018Dv2_3_7926.root
filenumber: 37
Adding FullPathInputFile to chain:/hdfs/store/user/varuns/Run2018D_Prompt/EGamma/crab_job_EGamma2018Dv2_3/190526_233749/0007/Data_EGamma2018Dv2_3_7926.root

file path found: /hdfs/store/user/varuns/Run2018D_Prompt/EGamma/crab_job_EGamma2018Dv2_3/190526_233749/0007/Data_EGamma2018Dv2_3_7929.root
name: Data_EGamma2018Dv2_3_7929.root
filenumber: 38
Adding FullPathInputFile to chain:/hdfs/store/user/varuns/Run2018D_Prompt/EGamma/crab_job_EGamma2018Dv2_3/190526_233749/0007/Data_EGamma2018Dv2_3_7929.root

file path found: /hdfs/store/user/varuns/Run2018D_Prompt/EGamma/crab_job_EGamma2018Dv2_3/190526_233749/0007/Data_EGamma2018Dv2_3_7930.root
name: Data_EGamma2018Dv2_3_7930.root
filenumber: 39
Adding FullPathInputFile to chain:/hdfs/store/user/varuns/Run2018D_Prompt/EGamma/crab_job_EGamma2018Dv2_3/190526_233749/0007/Data_EGamma2018Dv2_3_7930.root

file path found: /hdfs/store/user/varuns/Run2018D_Prompt/EGamma/crab_job_EGamma2018Dv2_3/190526_233749/0007/Data_EGamma2018Dv2_3_7931.root
name: Data_EGamma2018Dv2_3_7931.root
filenumber: 40
file path found: /hdfs/store/user/varuns/Run2018D_Prompt/EGamma/crab_job_EGamma2018Dv2_3/190526_233749/0007/Data_EGamma2018Dv2_3_7934.root
name: Data_EGamma2018Dv2_3_7934.root
filenumber: 41
file path found: /hdfs/store/user/varuns/Run2018D_Prompt/EGamma/crab_job_EGamma2018Dv2_3/190526_233749/0007/Data_EGamma2018Dv2_3_7936.root
name: Data_EGamma2018Dv2_3_7936.root
filenumber: 42
file path found: /hdfs/store/user/varuns/Run2018D_Prompt/EGamma/crab_job_EGamma2018Dv2_3/190526_233749/0007/Data_EGamma2018Dv2_3_7940.root
name: Data_EGamma2018Dv2_3_7940.root
filenumber: 43
file path found: /hdfs/store/user/varuns/Run2018D_Prompt/EGamma/crab_job_EGamma2018Dv2_3/190526_233749/0007/Data_EGamma2018Dv2_3_7941.root
name: Data_EGamma2018Dv2_3_7941.root
filenumber: 44
file path found: /hdfs/store/user/varuns/Run2018D_Prompt/EGamma/crab_job_EGamma2018Dv2_3/190526_233749/0007/Data_EGamma2018Dv2_3_7942.root
name: Data_EGamma2018Dv2_3_7942.root
filenumber: 45
file path found: /hdfs/store/user/varuns/Run2018D_Prompt/EGamma/crab_job_EGamma2018Dv2_3/190526_233749/0007/Data_EGamma2018Dv2_3_7943.root
name: Data_EGamma2018Dv2_3_7943.root
filenumber: 46
file path found: /hdfs/store/user/varuns/Run2018D_Prompt/EGamma/crab_job_EGamma2018Dv2_3/190526_233749/0007/Data_EGamma2018Dv2_3_7944.root
name: Data_EGamma2018Dv2_3_7944.root
filenumber: 47
file path found: /hdfs/store/user/varuns/Run2018D_Prompt/EGamma/crab_job_EGamma2018Dv2_3/190526_233749/0007/Data_EGamma2018Dv2_3_7945.root
name: Data_EGamma2018Dv2_3_7945.root
filenumber: 48
file path found: /hdfs/store/user/varuns/Run2018D_Prompt/EGamma/crab_job_EGamma2018Dv2_3/190526_233749/0007/Data_EGamma2018Dv2_3_7946.root
name: Data_EGamma2018Dv2_3_7946.root
filenumber: 49
file path found: /hdfs/store/user/varuns/Run2018D_Prompt/EGamma/crab_job_EGamma2018Dv2_3/190526_233749/0007/Data_EGamma2018Dv2_3_7947.root
name: Data_EGamma2018Dv2_3_7947.root
filenumber: 50
file path found: /hdfs/store/user/varuns/Run2018D_Prompt/EGamma/crab_job_EGamma2018Dv2_3/190526_233749/0007/Data_EGamma2018Dv2_3_7949.root
name: Data_EGamma2018Dv2_3_7949.root
filenumber: 51
file path found: /hdfs/store/user/varuns/Run2018D_Prompt/EGamma/crab_job_EGamma2018Dv2_3/190526_233749/0007/Data_EGamma2018Dv2_3_7950.root
name: Data_EGamma2018Dv2_3_7950.root
filenumber: 52
file path found: /hdfs/store/user/varuns/Run2018D_Prompt/EGamma/crab_job_EGamma2018Dv2_3/190526_233749/0007/Data_EGamma2018Dv2_3_7951.root
name: Data_EGamma2018Dv2_3_7951.root
filenumber: 53
file path found: /hdfs/store/user/varuns/Run2018D_Prompt/EGamma/crab_job_EGamma2018Dv2_3/190526_233749/0007/Data_EGamma2018Dv2_3_7952.root
name: Data_EGamma2018Dv2_3_7952.root
filenumber: 54
file path found: /hdfs/store/user/varuns/Run2018D_Prompt/EGamma/crab_job_EGamma2018Dv2_3/190526_233749/0007/Data_EGamma2018Dv2_3_7953.root
name: Data_EGamma2018Dv2_3_7953.root
filenumber: 55
file path found: /hdfs/store/user/varuns/Run2018D_Prompt/EGamma/crab_job_EGamma2018Dv2_3/190526_233749/0007/Data_EGamma2018Dv2_3_7955.root
name: Data_EGamma2018Dv2_3_7955.root
filenumber: 56
file path found: /hdfs/store/user/varuns/Run2018D_Prompt/EGamma/crab_job_EGamma2018Dv2_3/190526_233749/0007/Data_EGamma2018Dv2_3_7957.root
name: Data_EGamma2018Dv2_3_7957.root
filenumber: 57
file path found: /hdfs/store/user/varuns/Run2018D_Prompt/EGamma/crab_job_EGamma2018Dv2_3/190526_233749/0007/Data_EGamma2018Dv2_3_7958.root
name: Data_EGamma2018Dv2_3_7958.root
filenumber: 58
file path found: /hdfs/store/user/varuns/Run2018D_Prompt/EGamma/crab_job_EGamma2018Dv2_3/190526_233749/0007/Data_EGamma2018Dv2_3_7959.root
name: Data_EGamma2018Dv2_3_7959.root
filenumber: 59
file path found: /hdfs/store/user/varuns/Run2018D_Prompt/EGamma/crab_job_EGamma2018Dv2_3/190526_233749/0007/Data_EGamma2018Dv2_3_7960.root
name: Data_EGamma2018Dv2_3_7960.root
filenumber: 60
file path found: /hdfs/store/user/varuns/Run2018D_Prompt/EGamma/crab_job_EGamma2018Dv2_3/190526_233749/0007/Data_EGamma2018Dv2_3_7961.root
name: Data_EGamma2018Dv2_3_7961.root
filenumber: 61
file path found: /hdfs/store/user/varuns/Run2018D_Prompt/EGamma/crab_job_EGamma2018Dv2_3/190526_233749/0007/Data_EGamma2018Dv2_3_7962.root
name: Data_EGamma2018Dv2_3_7962.root
filenumber: 62
file path found: /hdfs/store/user/varuns/Run2018D_Prompt/EGamma/crab_job_EGamma2018Dv2_3/190526_233749/0007/Data_EGamma2018Dv2_3_7963.root
name: Data_EGamma2018Dv2_3_7963.root
filenumber: 63
file path found: /hdfs/store/user/varuns/Run2018D_Prompt/EGamma/crab_job_EGamma2018Dv2_3/190526_233749/0007/Data_EGamma2018Dv2_3_7964.root
name: Data_EGamma2018Dv2_3_7964.root
filenumber: 64
file path found: /hdfs/store/user/varuns/Run2018D_Prompt/EGamma/crab_job_EGamma2018Dv2_3/190526_233749/0007/Data_EGamma2018Dv2_3_7965.root
name: Data_EGamma2018Dv2_3_7965.root
filenumber: 65
file path found: /hdfs/store/user/varuns/Run2018D_Prompt/EGamma/crab_job_EGamma2018Dv2_3/190526_233749/0007/Data_EGamma2018Dv2_3_7966.root
name: Data_EGamma2018Dv2_3_7966.root
filenumber: 66
file path found: /hdfs/store/user/varuns/Run2018D_Prompt/EGamma/crab_job_EGamma2018Dv2_3/190526_233749/0007/Data_EGamma2018Dv2_3_7967.root
name: Data_EGamma2018Dv2_3_7967.root
filenumber: 67
file path found: /hdfs/store/user/varuns/Run2018D_Prompt/EGamma/crab_job_EGamma2018Dv2_3/190526_233749/0007/Data_EGamma2018Dv2_3_7969.root
name: Data_EGamma2018Dv2_3_7969.root
filenumber: 68
file path found: /hdfs/store/user/varuns/Run2018D_Prompt/EGamma/crab_job_EGamma2018Dv2_3/190526_233749/0007/Data_EGamma2018Dv2_3_7971.root
name: Data_EGamma2018Dv2_3_7971.root
filenumber: 69
file path found: /hdfs/store/user/varuns/Run2018D_Prompt/EGamma/crab_job_EGamma2018Dv2_3/190526_233749/0007/Data_EGamma2018Dv2_3_7972.root
name: Data_EGamma2018Dv2_3_7972.root
filenumber: 70
file path found: /hdfs/store/user/varuns/Run2018D_Prompt/EGamma/crab_job_EGamma2018Dv2_3/190526_233749/0007/Data_EGamma2018Dv2_3_7973.root
name: Data_EGamma2018Dv2_3_7973.root
filenumber: 71
file path found: /hdfs/store/user/varuns/Run2018D_Prompt/EGamma/crab_job_EGamma2018Dv2_3/190526_233749/0007/Data_EGamma2018Dv2_3_7974.root
name: Data_EGamma2018Dv2_3_7974.root
filenumber: 72
file path found: /hdfs/store/user/varuns/Run2018D_Prompt/EGamma/crab_job_EGamma2018Dv2_3/190526_233749/0007/Data_EGamma2018Dv2_3_7975.root
name: Data_EGamma2018Dv2_3_7975.root
filenumber: 73
file path found: /hdfs/store/user/varuns/Run2018D_Prompt/EGamma/crab_job_EGamma2018Dv2_3/190526_233749/0007/Data_EGamma2018Dv2_3_7976.root
name: Data_EGamma2018Dv2_3_7976.root
filenumber: 74
file path found: /hdfs/store/user/varuns/Run2018D_Prompt/EGamma/crab_job_EGamma2018Dv2_3/190526_233749/0007/Data_EGamma2018Dv2_3_7977.root
name: Data_EGamma2018Dv2_3_7977.root
filenumber: 75
file path found: /hdfs/store/user/varuns/Run2018D_Prompt/EGamma/crab_job_EGamma2018Dv2_3/190526_233749/0007/Data_EGamma2018Dv2_3_7978.root
name: Data_EGamma2018Dv2_3_7978.root
filenumber: 76
file path found: /hdfs/store/user/varuns/Run2018D_Prompt/EGamma/crab_job_EGamma2018Dv2_3/190526_233749/0007/Data_EGamma2018Dv2_3_7979.root
name: Data_EGamma2018Dv2_3_7979.root
filenumber: 77
file path found: /hdfs/store/user/varuns/Run2018D_Prompt/EGamma/crab_job_EGamma2018Dv2_3/190526_233749/0007/Data_EGamma2018Dv2_3_7980.root
name: Data_EGamma2018Dv2_3_7980.root
filenumber: 78
file path found: /hdfs/store/user/varuns/Run2018D_Prompt/EGamma/crab_job_EGamma2018Dv2_3/190526_233749/0007/Data_EGamma2018Dv2_3_7981.root
name: Data_EGamma2018Dv2_3_7981.root
filenumber: 79
file path found: /hdfs/store/user/varuns/Run2018D_Prompt/EGamma/crab_job_EGamma2018Dv2_3/190526_233749/0007/Data_EGamma2018Dv2_3_7983.root
name: Data_EGamma2018Dv2_3_7983.root
filenumber: 80
file path found: /hdfs/store/user/varuns/Run2018D_Prompt/EGamma/crab_job_EGamma2018Dv2_3/190526_233749/0007/.
name: .
filenumber: 81
file path found: /hdfs/store/user/varuns/Run2018D_Prompt/EGamma/crab_job_EGamma2018Dv2_3/190526_233749/0007/..
name: ..
filenumber: 82
40 files added.
Initializing chain.
Coming in: 
nentries:753621
Running over 753621 events.
Finished entry 0/753620
Finished entry 10000/753620
Finished entry 20000/753620
Finished entry 30000/753620
Finished entry 40000/753620
Finished entry 50000/753620
Finished entry 60000/753620
Finished entry 70000/753620
Finished entry 80000/753620
Finished entry 90000/753620
Finished entry 100000/753620
Finished entry 110000/753620
Finished entry 120000/753620
Finished entry 130000/753620
Finished entry 140000/753620
Finished entry 150000/753620
Finished entry 160000/753620
Finished entry 170000/753620
Finished entry 180000/753620
Finished entry 190000/753620
Finished entry 200000/753620
Finished entry 210000/753620
Finished entry 220000/753620
Finished entry 230000/753620
Finished entry 240000/753620
Finished entry 250000/753620
Finished entry 260000/753620
Finished entry 270000/753620
Finished entry 280000/753620
Finished entry 290000/753620
Finished entry 300000/753620
Finished entry 310000/753620
Finished entry 320000/753620
Finished entry 330000/753620
Finished entry 340000/753620
Finished entry 350000/753620
Finished entry 360000/753620
Finished entry 370000/753620
Finished entry 380000/753620
Finished entry 390000/753620
Finished entry 400000/753620
Finished entry 410000/753620
Finished entry 420000/753620
Finished entry 430000/753620
Finished entry 440000/753620
Finished entry 450000/753620
Finished entry 460000/753620
Finished entry 470000/753620
Finished entry 480000/753620
Finished entry 490000/753620
Finished entry 500000/753620
Finished entry 510000/753620
Finished entry 520000/753620
Finished entry 530000/753620
Finished entry 540000/753620
Finished entry 550000/753620
Finished entry 560000/753620
Finished entry 570000/753620
Finished entry 580000/753620
Finished entry 590000/753620
Finished entry 600000/753620
Finished entry 610000/753620
Finished entry 620000/753620
Finished entry 630000/753620
Finished entry 640000/753620
Finished entry 650000/753620
Finished entry 660000/753620
Finished entry 670000/753620
Finished entry 680000/753620
Finished entry 690000/753620
Finished entry 700000/753620
Finished entry 710000/753620
Finished entry 720000/753620
Finished entry 730000/753620
Finished entry 740000/753620
Finished entry 750000/753620
