000 (1262523.007.000) 07/25 12:33:22 Job submitted from host: <144.92.180.28:9618?addrs=144.92.180.28-9618+[2607-f388-101c-1000--370]-9618&noUDP&sock=5187_6dd5_82>
...
001 (1262523.007.000) 07/25 13:02:19 Job executing on host: <128.104.227.33:9618?addrs=128.104.227.33-9618+[2607-f388-101c-1000--629]-9618&noUDP&sock=10313_704d_3>
...
006 (1262523.007.000) 07/25 13:02:27 Image size of job updated: 224936
	106  -  MemoryUsage of job (MB)
	108404  -  ResidentSetSize of job (KB)
...
005 (1262523.007.000) 07/25 13:07:15 Job terminated.
	(1) Normal termination (return value 0)
		Usr 0 00:01:08, Sys 0 00:00:04  -  Run Remote Usage
		Usr 0 00:00:00, Sys 0 00:00:00  -  Run Local Usage
		Usr 0 00:01:08, Sys 0 00:00:04  -  Total Remote Usage
		Usr 0 00:00:00, Sys 0 00:00:00  -  Total Local Usage
	376946  -  Run Bytes Sent By Job
	283691  -  Run Bytes Received By Job
	376946  -  Total Bytes Sent By Job
	283691  -  Total Bytes Received By Job
	Partitionable Resources :    Usage  Request Allocated
	   Cpus                 :                 1         1
	   Disk (KB)            :  1000000  2048000   9500927
	   Memory (MB)          :      106     1992      1992
...
