000 (695962.000.000) 07/12 06:41:53 Job submitted from host: <144.92.181.245:9618?addrs=144.92.181.245-9618+[2607-f388-101c-1000--372]-9618&noUDP&sock=6179_dbc8_3>
...
001 (695962.000.000) 07/12 08:07:18 Job executing on host: <144.92.181.210:9618?addrs=144.92.181.210-9618+[2607-f388-101c-1000--629]-9618&noUDP&sock=6821_3795_3>
...
006 (695962.000.000) 07/12 08:07:26 Image size of job updated: 33992
	28  -  MemoryUsage of job (MB)
	27988  -  ResidentSetSize of job (KB)
...
005 (695962.000.000) 07/12 08:20:24 Job terminated.
	(1) Normal termination (return value 0)
		Usr 0 00:01:59, Sys 0 00:00:06  -  Run Remote Usage
		Usr 0 00:00:00, Sys 0 00:00:00  -  Run Local Usage
		Usr 0 00:01:59, Sys 0 00:00:06  -  Total Remote Usage
		Usr 0 00:00:00, Sys 0 00:00:00  -  Total Local Usage
	336677  -  Run Bytes Sent By Job
	281287  -  Run Bytes Received By Job
	336677  -  Total Bytes Sent By Job
	281287  -  Total Bytes Received By Job
	Partitionable Resources :    Usage  Request Allocated
	   Cpus                 :                 1         1
	   Disk (KB)            :  1000000  2048000   3166786
	   Memory (MB)          :       28     1992      1992
...
