000 (690101.012.000) 07/11 07:31:52 Job submitted from host: <144.92.181.245:9618?addrs=144.92.181.245-9618+[2607-f388-101c-1000--372]-9618&noUDP&sock=6179_dbc8_3>
...
001 (690101.012.000) 07/11 09:19:18 Job executing on host: <128.104.227.16:9618?addrs=128.104.227.16-9618+[2607-f388-101c-1000--629]-9618&noUDP&sock=10514_4ed6_3>
...
006 (690101.012.000) 07/11 09:19:26 Image size of job updated: 226808
	106  -  MemoryUsage of job (MB)
	107948  -  ResidentSetSize of job (KB)
...
006 (690101.012.000) 07/11 09:39:26 Image size of job updated: 242176
	234  -  MemoryUsage of job (MB)
	239496  -  ResidentSetSize of job (KB)
...
005 (690101.012.000) 07/11 09:43:46 Job terminated.
	(1) Normal termination (return value 0)
		Usr 0 00:02:29, Sys 0 00:00:07  -  Run Remote Usage
		Usr 0 00:00:00, Sys 0 00:00:00  -  Run Local Usage
		Usr 0 00:02:29, Sys 0 00:00:07  -  Total Remote Usage
		Usr 0 00:00:00, Sys 0 00:00:00  -  Total Local Usage
	418984  -  Run Bytes Sent By Job
	302156  -  Run Bytes Received By Job
	418984  -  Total Bytes Sent By Job
	302156  -  Total Bytes Received By Job
	Partitionable Resources :    Usage  Request Allocated
	   Cpus                 :                 1         1
	   Disk (KB)            :  1000000  2048000   9501148
	   Memory (MB)          :      234     1992      1992
...
