000 (691392.012.000) 07/11 11:25:38 Job submitted from host: <144.92.181.245:9618?addrs=144.92.181.245-9618+[2607-f388-101c-1000--372]-9618&noUDP&sock=6179_dbc8_3>
...
001 (691392.012.000) 07/11 11:38:05 Job executing on host: <144.92.181.246:9618?addrs=144.92.181.246-9618+[2607-f388-101c-1000--629]-9618&noUDP&sock=10025_e506_3>
...
006 (691392.012.000) 07/11 11:38:13 Image size of job updated: 215264
	106  -  MemoryUsage of job (MB)
	108200  -  ResidentSetSize of job (KB)
...
005 (691392.012.000) 07/11 11:43:20 Job terminated.
	(1) Normal termination (return value 0)
		Usr 0 00:00:51, Sys 0 00:00:02  -  Run Remote Usage
		Usr 0 00:00:00, Sys 0 00:00:00  -  Run Local Usage
		Usr 0 00:00:51, Sys 0 00:00:02  -  Total Remote Usage
		Usr 0 00:00:00, Sys 0 00:00:00  -  Total Local Usage
	306474  -  Run Bytes Sent By Job
	306644  -  Run Bytes Received By Job
	306474  -  Total Bytes Sent By Job
	306644  -  Total Bytes Received By Job
	Partitionable Resources :    Usage  Request Allocated
	   Cpus                 :                 1         1
	   Disk (KB)            :  1000000  2048000   7918242
	   Memory (MB)          :      106     1992      1992
...
