000 (691392.014.000) 07/11 11:25:38 Job submitted from host: <144.92.181.245:9618?addrs=144.92.181.245-9618+[2607-f388-101c-1000--372]-9618&noUDP&sock=6179_dbc8_3>
...
001 (691392.014.000) 07/11 11:38:11 Job executing on host: <128.104.227.109:9618?addrs=128.104.227.109-9618+[2607-f388-101c-1000--58]-9618&noUDP&sock=11656_9ffe_3>
...
006 (691392.014.000) 07/11 11:38:19 Image size of job updated: 219432
	106  -  MemoryUsage of job (MB)
	108204  -  ResidentSetSize of job (KB)
...
006 (691392.014.000) 07/11 11:45:32 Image size of job updated: 243296
	106  -  MemoryUsage of job (MB)
	108204  -  ResidentSetSize of job (KB)
...
005 (691392.014.000) 07/11 11:45:33 Job terminated.
	(1) Normal termination (return value 0)
		Usr 0 00:00:58, Sys 0 00:00:03  -  Run Remote Usage
		Usr 0 00:00:00, Sys 0 00:00:00  -  Run Local Usage
		Usr 0 00:00:58, Sys 0 00:00:03  -  Total Remote Usage
		Usr 0 00:00:00, Sys 0 00:00:00  -  Total Local Usage
	306451  -  Run Bytes Sent By Job
	306644  -  Run Bytes Received By Job
	306451  -  Total Bytes Sent By Job
	306644  -  Total Bytes Received By Job
	Partitionable Resources :    Usage  Request Allocated
	   Cpus                 :                 1         1
	   Disk (KB)            :  1000000  2048000   9503591
	   Memory (MB)          :      106     1992      1992
...
