000 (691392.009.000) 07/11 11:25:38 Job submitted from host: <144.92.181.245:9618?addrs=144.92.181.245-9618+[2607-f388-101c-1000--372]-9618&noUDP&sock=6179_dbc8_3>
...
001 (691392.009.000) 07/11 11:38:00 Job executing on host: <144.92.181.241:9618?addrs=144.92.181.241-9618+[2607-f388-101c-1000--217]-9618&noUDP&sock=6978_e7f4_3>
...
006 (691392.009.000) 07/11 11:38:08 Image size of job updated: 152724
	38  -  MemoryUsage of job (MB)
	38872  -  ResidentSetSize of job (KB)
...
006 (691392.009.000) 07/11 11:44:12 Image size of job updated: 242924
	39  -  MemoryUsage of job (MB)
	38932  -  ResidentSetSize of job (KB)
...
005 (691392.009.000) 07/11 11:44:14 Job terminated.
	(1) Normal termination (return value 0)
		Usr 0 00:01:42, Sys 0 00:00:05  -  Run Remote Usage
		Usr 0 00:00:00, Sys 0 00:00:00  -  Run Local Usage
		Usr 0 00:01:42, Sys 0 00:00:05  -  Total Remote Usage
		Usr 0 00:00:00, Sys 0 00:00:00  -  Total Local Usage
	318724  -  Run Bytes Sent By Job
	306644  -  Run Bytes Received By Job
	318724  -  Total Bytes Sent By Job
	306644  -  Total Bytes Received By Job
	Partitionable Resources :    Usage  Request Allocated
	   Cpus                 :                 1         1
	   Disk (KB)            :  1000000  2048000   4750246
	   Memory (MB)          :       39     1992      1992
...
