000 (696002.005.000) 07/12 06:42:51 Job submitted from host: <144.92.181.245:9618?addrs=144.92.181.245-9618+[2607-f388-101c-1000--372]-9618&noUDP&sock=6179_dbc8_3>
...
001 (696002.005.000) 07/12 08:21:33 Job executing on host: <128.104.227.24:9618?addrs=128.104.227.24-9618+[2607-f388-101c-1000--629]-9618&noUDP&sock=10309_b1ec_3>
...
006 (696002.005.000) 07/12 08:21:42 Image size of job updated: 216728
	106  -  MemoryUsage of job (MB)
	108512  -  ResidentSetSize of job (KB)
...
006 (696002.005.000) 07/12 08:41:43 Image size of job updated: 246768
	241  -  MemoryUsage of job (MB)
	246768  -  ResidentSetSize of job (KB)
...
006 (696002.005.000) 07/12 08:47:27 Image size of job updated: 249040
	241  -  MemoryUsage of job (MB)
	246768  -  ResidentSetSize of job (KB)
...
005 (696002.005.000) 07/12 08:47:28 Job terminated.
	(1) Normal termination (return value 0)
		Usr 0 00:02:02, Sys 0 00:00:07  -  Run Remote Usage
		Usr 0 00:00:00, Sys 0 00:00:00  -  Run Local Usage
		Usr 0 00:02:02, Sys 0 00:00:07  -  Total Remote Usage
		Usr 0 00:00:00, Sys 0 00:00:00  -  Total Local Usage
	388537  -  Run Bytes Sent By Job
	281287  -  Run Bytes Received By Job
	388537  -  Total Bytes Sent By Job
	281287  -  Total Bytes Received By Job
	Partitionable Resources :    Usage  Request Allocated
	   Cpus                 :                 1         1
	   Disk (KB)            :  1000000  2048000   9499870
	   Memory (MB)          :      241     1992      1992
...
