000 (1262572.000.000) 07/25 12:34:00 Job submitted from host: <144.92.180.28:9618?addrs=144.92.180.28-9618+[2607-f388-101c-1000--370]-9618&noUDP&sock=5187_6dd5_82>
...
001 (1262572.000.000) 07/25 13:42:37 Job executing on host: <144.92.180.246:9618?addrs=144.92.180.246-9618+[2607-f388-101c-1000--629]-9618&noUDP&sock=10037_2029_3>
...
006 (1262572.000.000) 07/25 13:42:45 Image size of job updated: 225936
	107  -  MemoryUsage of job (MB)
	108624  -  ResidentSetSize of job (KB)
...
005 (1262572.000.000) 07/25 13:56:41 Job terminated.
	(1) Normal termination (return value 0)
		Usr 0 00:02:39, Sys 0 00:00:09  -  Run Remote Usage
		Usr 0 00:00:00, Sys 0 00:00:00  -  Run Local Usage
		Usr 0 00:02:39, Sys 0 00:00:09  -  Total Remote Usage
		Usr 0 00:00:00, Sys 0 00:00:00  -  Total Local Usage
	436174  -  Run Bytes Sent By Job
	283691  -  Run Bytes Received By Job
	436174  -  Total Bytes Sent By Job
	283691  -  Total Bytes Received By Job
	Partitionable Resources :    Usage  Request Allocated
	   Cpus                 :                 1         1
	   Disk (KB)            :  1000000  2048000   7915724
	   Memory (MB)          :      107     1992      1992
...
