000 (691466.013.000) 07/11 11:27:22 Job submitted from host: <144.92.181.245:9618?addrs=144.92.181.245-9618+[2607-f388-101c-1000--372]-9618&noUDP&sock=6179_dbc8_3>
...
001 (691466.013.000) 07/11 12:00:08 Job executing on host: <144.92.181.165:9618?addrs=144.92.181.165-9618+[2607-f388-101c-1000--629]-9618&noUDP&sock=9844_be62_3>
...
006 (691466.013.000) 07/11 12:00:17 Image size of job updated: 217160
	106  -  MemoryUsage of job (MB)
	108420  -  ResidentSetSize of job (KB)
...
006 (691466.013.000) 07/11 12:20:18 Image size of job updated: 237044
	232  -  MemoryUsage of job (MB)
	237044  -  ResidentSetSize of job (KB)
...
006 (691466.013.000) 07/11 12:26:41 Image size of job updated: 237512
	232  -  MemoryUsage of job (MB)
	237044  -  ResidentSetSize of job (KB)
...
005 (691466.013.000) 07/11 12:26:42 Job terminated.
	(1) Normal termination (return value 0)
		Usr 0 00:02:26, Sys 0 00:00:07  -  Run Remote Usage
		Usr 0 00:00:00, Sys 0 00:00:00  -  Run Local Usage
		Usr 0 00:02:26, Sys 0 00:00:07  -  Total Remote Usage
		Usr 0 00:00:00, Sys 0 00:00:00  -  Total Local Usage
	417551  -  Run Bytes Sent By Job
	306644  -  Run Bytes Received By Job
	417551  -  Total Bytes Sent By Job
	306644  -  Total Bytes Received By Job
	Partitionable Resources :    Usage  Request Allocated
	   Cpus                 :                 1         1
	   Disk (KB)            :  1000000  2048000   7917346
	   Memory (MB)          :      232     1992      1992
...
