000 (691466.014.000) 07/11 11:27:22 Job submitted from host: <144.92.181.245:9618?addrs=144.92.181.245-9618+[2607-f388-101c-1000--372]-9618&noUDP&sock=6179_dbc8_3>
...
001 (691466.014.000) 07/11 12:00:12 Job executing on host: <144.92.180.73:9618?addrs=144.92.180.73-9618+[2607-f388-101c-1000--629]-9618&noUDP&sock=7744_517f_3>
...
006 (691466.014.000) 07/11 12:00:20 Image size of job updated: 217532
	106  -  MemoryUsage of job (MB)
	108412  -  ResidentSetSize of job (KB)
...
006 (691466.014.000) 07/11 12:20:20 Image size of job updated: 238436
	233  -  MemoryUsage of job (MB)
	238176  -  ResidentSetSize of job (KB)
...
005 (691466.014.000) 07/11 12:38:09 Job terminated.
	(1) Normal termination (return value 0)
		Usr 0 00:02:16, Sys 0 00:00:07  -  Run Remote Usage
		Usr 0 00:00:00, Sys 0 00:00:00  -  Run Local Usage
		Usr 0 00:02:16, Sys 0 00:00:07  -  Total Remote Usage
		Usr 0 00:00:00, Sys 0 00:00:00  -  Total Local Usage
	419835  -  Run Bytes Sent By Job
	306644  -  Run Bytes Received By Job
	419835  -  Total Bytes Sent By Job
	306644  -  Total Bytes Received By Job
	Partitionable Resources :    Usage  Request Allocated
	   Cpus                 :                 1         1
	   Disk (KB)            :  1000000  2048000   7917450
	   Memory (MB)          :      233     1992      1992
...
