000 (691466.002.000) 07/11 11:27:22 Job submitted from host: <144.92.181.245:9618?addrs=144.92.181.245-9618+[2607-f388-101c-1000--372]-9618&noUDP&sock=6179_dbc8_3>
...
001 (691466.002.000) 07/11 11:59:28 Job executing on host: <144.92.181.147:9618?addrs=144.92.181.147-9618+[2607-f388-101c-1000--629]-9618&noUDP&sock=9876_b16a_3>
...
006 (691466.002.000) 07/11 11:59:36 Image size of job updated: 216012
	106  -  MemoryUsage of job (MB)
	108420  -  ResidentSetSize of job (KB)
...
006 (691466.002.000) 07/11 12:19:36 Image size of job updated: 238352
	233  -  MemoryUsage of job (MB)
	237632  -  ResidentSetSize of job (KB)
...
005 (691466.002.000) 07/11 12:27:12 Job terminated.
	(1) Normal termination (return value 0)
		Usr 0 00:02:33, Sys 0 00:00:07  -  Run Remote Usage
		Usr 0 00:00:00, Sys 0 00:00:00  -  Run Local Usage
		Usr 0 00:02:33, Sys 0 00:00:07  -  Total Remote Usage
		Usr 0 00:00:00, Sys 0 00:00:00  -  Total Local Usage
	421607  -  Run Bytes Sent By Job
	306644  -  Run Bytes Received By Job
	421607  -  Total Bytes Sent By Job
	306644  -  Total Bytes Received By Job
	Partitionable Resources :    Usage  Request Allocated
	   Cpus                 :                 1         1
	   Disk (KB)            :  1000000  2048000   7918247
	   Memory (MB)          :      233     1992      1992
...
