000 (691466.007.000) 07/11 11:27:22 Job submitted from host: <144.92.181.245:9618?addrs=144.92.181.245-9618+[2607-f388-101c-1000--372]-9618&noUDP&sock=6179_dbc8_3>
...
001 (691466.007.000) 07/11 11:59:39 Job executing on host: <128.104.227.33:9618?addrs=128.104.227.33-9618+[2607-f388-101c-1000--629]-9618&noUDP&sock=10313_704d_3>
...
006 (691466.007.000) 07/11 11:59:48 Image size of job updated: 216700
	106  -  MemoryUsage of job (MB)
	108412  -  ResidentSetSize of job (KB)
...
006 (691466.007.000) 07/11 12:19:49 Image size of job updated: 237904
	232  -  MemoryUsage of job (MB)
	237304  -  ResidentSetSize of job (KB)
...
005 (691466.007.000) 07/11 12:26:27 Job terminated.
	(1) Normal termination (return value 0)
		Usr 0 00:02:36, Sys 0 00:00:08  -  Run Remote Usage
		Usr 0 00:00:00, Sys 0 00:00:00  -  Run Local Usage
		Usr 0 00:02:36, Sys 0 00:00:08  -  Total Remote Usage
		Usr 0 00:00:00, Sys 0 00:00:00  -  Total Local Usage
	420074  -  Run Bytes Sent By Job
	306644  -  Run Bytes Received By Job
	420074  -  Total Bytes Sent By Job
	306644  -  Total Bytes Received By Job
	Partitionable Resources :    Usage  Request Allocated
	   Cpus                 :                 1         1
	   Disk (KB)            :  1000000  2048000   9500927
	   Memory (MB)          :      232     1992      1992
...
