000 (696076.001.000) 07/12 06:44:40 Job submitted from host: <144.92.181.245:9618?addrs=144.92.181.245-9618+[2607-f388-101c-1000--372]-9618&noUDP&sock=6179_dbc8_3>
...
001 (695079.001.000) 07/12 07:52:46 Job executing on host: <128.104.227.70:9618?addrs=128.104.227.70-9618+[2607-f388-101c-1000--629]-9618&noUDP&sock=10318_de46_3>
...
006 (695079.001.000) 07/12 07:52:55 Image size of job updated: 61268
	56  -  MemoryUsage of job (MB)
	56888  -  ResidentSetSize of job (KB)
...
006 (695079.001.000) 07/12 08:12:55 Image size of job updated: 237404
	231  -  MemoryUsage of job (MB)
	236500  -  ResidentSetSize of job (KB)
...
005 (695079.001.000) 07/12 08:27:40 Job terminated.
	(1) Normal termination (return value 0)
		Usr 0 00:02:53, Sys 0 00:00:08  -  Run Remote Usage
		Usr 0 00:00:00, Sys 0 00:00:00  -  Run Local Usage
		Usr 0 00:02:53, Sys 0 00:00:08  -  Total Remote Usage
		Usr 0 00:00:00, Sys 0 00:00:00  -  Total Local Usage
	259157  -  Run Bytes Sent By Job
	281287  -  Run Bytes Received By Job
	259157  -  Total Bytes Sent By Job
	281287  -  Total Bytes Received By Job
	Partitionable Resources :    Usage  Request Allocated
	   Cpus                 :                 1         1
	   Disk (KB)            :  1000000  2048000   9500874
	   Memory (MB)          :      231     1992      1992
...
001 (696076.001.000) 07/12 08:55:57 Job executing on host: <128.104.227.87:9618?addrs=128.104.227.87-9618+[2607-f388-101c-1000--629]-9618&noUDP&sock=11868_0a12_10>
...
006 (696076.001.000) 07/12 08:56:08 Image size of job updated: 108500
	106  -  MemoryUsage of job (MB)
	108224  -  ResidentSetSize of job (KB)
...
006 (696076.001.000) 07/12 09:16:08 Image size of job updated: 239056
	233  -  MemoryUsage of job (MB)
	238320  -  ResidentSetSize of job (KB)
...
006 (696076.001.000) 07/12 09:28:13 Image size of job updated: 266632
	233  -  MemoryUsage of job (MB)
	238320  -  ResidentSetSize of job (KB)
...
005 (696076.001.000) 07/12 09:28:14 Job terminated.
	(1) Normal termination (return value 0)
		Usr 0 00:02:53, Sys 0 00:00:15  -  Run Remote Usage
		Usr 0 00:00:00, Sys 0 00:00:00  -  Run Local Usage
		Usr 0 00:02:53, Sys 0 00:00:15  -  Total Remote Usage
		Usr 0 00:00:00, Sys 0 00:00:00  -  Total Local Usage
	259157  -  Run Bytes Sent By Job
	281287  -  Run Bytes Received By Job
	259157  -  Total Bytes Sent By Job
	281287  -  Total Bytes Received By Job
	Partitionable Resources :    Usage  Request Allocated
	   Cpus                 :                 1         1
	   Disk (KB)            :  1000000  2048000   9503775
	   Memory (MB)          :      233     1992      1992
...
