000 (166882.010.000) 06/10 13:21:41 Job submitted from host: <144.92.180.4:9618?addrs=144.92.180.4-9618+[2607-f388-101c-1000--367]-9618&noUDP&sock=4693_960c_3>
...
001 (166882.010.000) 06/10 13:37:44 Job executing on host: <144.92.180.64:9618?addrs=144.92.180.64-9618+[2607-f388-101c-1000--629]-9618&noUDP&sock=7193_60d0_10>
...
006 (166882.010.000) 06/10 13:37:53 Image size of job updated: 3020
	1  -  MemoryUsage of job (MB)
	728  -  ResidentSetSize of job (KB)
...
006 (166882.010.000) 06/10 13:53:13 Image size of job updated: 11356
	1  -  MemoryUsage of job (MB)
	728  -  ResidentSetSize of job (KB)
...
005 (166882.010.000) 06/10 13:53:15 Job terminated.
	(1) Normal termination (return value 0)
		Usr 0 00:02:27, Sys 0 00:00:12  -  Run Remote Usage
		Usr 0 00:00:00, Sys 0 00:00:00  -  Run Local Usage
		Usr 0 00:02:27, Sys 0 00:00:12  -  Total Remote Usage
		Usr 0 00:00:00, Sys 0 00:00:00  -  Total Local Usage
	642327  -  Run Bytes Sent By Job
	278854  -  Run Bytes Received By Job
	642327  -  Total Bytes Sent By Job
	278854  -  Total Bytes Received By Job
	Partitionable Resources :    Usage  Request Allocated
	   Cpus                 :                 1         1
	   Disk (KB)            :  1000000  2048000   4751319
	   Memory (MB)          :        1     1992      1992
...
