000 (166882.007.000) 06/10 13:21:41 Job submitted from host: <144.92.180.4:9618?addrs=144.92.180.4-9618+[2607-f388-101c-1000--367]-9618&noUDP&sock=4693_960c_3>
...
001 (166882.007.000) 06/10 13:37:38 Job executing on host: <128.104.227.27:9618?addrs=128.104.227.27-9618+[2607-f388-101c-1000--629]-9618&noUDP&sock=10516_ae06_10>
...
006 (166882.007.000) 06/10 13:37:46 Image size of job updated: 167032
	53  -  MemoryUsage of job (MB)
	53540  -  ResidentSetSize of job (KB)
...
005 (166882.007.000) 06/10 13:50:05 Job terminated.
	(1) Normal termination (return value 0)
		Usr 0 00:01:23, Sys 0 00:00:04  -  Run Remote Usage
		Usr 0 00:00:00, Sys 0 00:00:00  -  Run Local Usage
		Usr 0 00:01:23, Sys 0 00:00:04  -  Total Remote Usage
		Usr 0 00:00:00, Sys 0 00:00:00  -  Total Local Usage
	613942  -  Run Bytes Sent By Job
	278854  -  Run Bytes Received By Job
	613942  -  Total Bytes Sent By Job
	278854  -  Total Bytes Received By Job
	Partitionable Resources :    Usage  Request Allocated
	   Cpus                 :                 1         1
	   Disk (KB)            :  1000000  2048000   9503562
	   Memory (MB)          :       53     1992      1992
...
