000 (166882.008.000) 06/10 13:21:41 Job submitted from host: <144.92.180.4:9618?addrs=144.92.180.4-9618+[2607-f388-101c-1000--367]-9618&noUDP&sock=4693_960c_3>
...
001 (166882.008.000) 06/10 13:37:38 Job executing on host: <144.92.180.239:9618?addrs=144.92.180.239-9618+[2607-f388-101c-1000--629]-9618&noUDP&sock=10187_035e_3>
...
006 (166882.008.000) 06/10 13:37:49 Image size of job updated: 217396
	107  -  MemoryUsage of job (MB)
	108828  -  ResidentSetSize of job (KB)
...
005 (166882.008.000) 06/10 13:47:01 Job terminated.
	(1) Normal termination (return value 0)
		Usr 0 00:01:33, Sys 0 00:00:04  -  Run Remote Usage
		Usr 0 00:00:00, Sys 0 00:00:00  -  Run Local Usage
		Usr 0 00:01:33, Sys 0 00:00:04  -  Total Remote Usage
		Usr 0 00:00:00, Sys 0 00:00:00  -  Total Local Usage
	612490  -  Run Bytes Sent By Job
	278854  -  Run Bytes Received By Job
	612490  -  Total Bytes Sent By Job
	278854  -  Total Bytes Received By Job
	Partitionable Resources :    Usage  Request Allocated
	   Cpus                 :                 1         1
	   Disk (KB)            :  1000000  2048000   7919062
	   Memory (MB)          :      107     1992      1992
...
