000 (696008.013.000) 07/12 06:42:59 Job submitted from host: <144.92.181.245:9618?addrs=144.92.181.245-9618+[2607-f388-101c-1000--372]-9618&noUDP&sock=6179_dbc8_3>
...
001 (696008.013.000) 07/12 08:24:02 Job executing on host: <144.92.180.149:9618?addrs=144.92.180.149-9618+[2607-f388-101c-1000--629]-9618&noUDP&sock=7662_12bb_3>
...
006 (696008.013.000) 07/12 08:24:11 Image size of job updated: 217308
	106  -  MemoryUsage of job (MB)
	108516  -  ResidentSetSize of job (KB)
...
006 (696008.013.000) 07/12 08:44:11 Image size of job updated: 247288
	240  -  MemoryUsage of job (MB)
	244940  -  ResidentSetSize of job (KB)
...
005 (696008.013.000) 07/12 08:44:41 Job terminated.
	(1) Normal termination (return value 0)
		Usr 0 00:02:24, Sys 0 00:00:06  -  Run Remote Usage
		Usr 0 00:00:00, Sys 0 00:00:00  -  Run Local Usage
		Usr 0 00:02:24, Sys 0 00:00:06  -  Total Remote Usage
		Usr 0 00:00:00, Sys 0 00:00:00  -  Total Local Usage
	390092  -  Run Bytes Sent By Job
	281287  -  Run Bytes Received By Job
	390092  -  Total Bytes Sent By Job
	281287  -  Total Bytes Received By Job
	Partitionable Resources :    Usage  Request Allocated
	   Cpus                 :                 1         1
	   Disk (KB)            :  1000000  2048000   7918198
	   Memory (MB)          :      240     1992      1992
...
