000 (696008.001.000) 07/12 06:42:59 Job submitted from host: <144.92.181.245:9618?addrs=144.92.181.245-9618+[2607-f388-101c-1000--372]-9618&noUDP&sock=6179_dbc8_3>
...
001 (696008.001.000) 07/12 08:23:42 Job executing on host: <144.92.181.183:9618?addrs=144.92.181.183-9618+[2607-f388-101c-1000--629]-9618&noUDP&sock=9847_cd2b_3>
...
006 (696008.001.000) 07/12 08:23:51 Image size of job updated: 218048
	106  -  MemoryUsage of job (MB)
	108500  -  ResidentSetSize of job (KB)
...
006 (696008.001.000) 07/12 08:43:51 Image size of job updated: 243244
	238  -  MemoryUsage of job (MB)
	243244  -  ResidentSetSize of job (KB)
...
006 (696008.001.000) 07/12 08:44:05 Image size of job updated: 243248
	238  -  MemoryUsage of job (MB)
	243244  -  ResidentSetSize of job (KB)
...
005 (696008.001.000) 07/12 08:44:06 Job terminated.
	(1) Normal termination (return value 0)
		Usr 0 00:02:21, Sys 0 00:00:06  -  Run Remote Usage
		Usr 0 00:00:00, Sys 0 00:00:00  -  Run Local Usage
		Usr 0 00:02:21, Sys 0 00:00:06  -  Total Remote Usage
		Usr 0 00:00:00, Sys 0 00:00:00  -  Total Local Usage
	389410  -  Run Bytes Sent By Job
	281287  -  Run Bytes Received By Job
	389410  -  Total Bytes Sent By Job
	281287  -  Total Bytes Received By Job
	Partitionable Resources :    Usage  Request Allocated
	   Cpus                 :                 1         1
	   Disk (KB)            :  1000000  2048000   7917397
	   Memory (MB)          :      238     1992      1992
...
