000 (696008.009.000) 07/12 06:42:59 Job submitted from host: <144.92.181.245:9618?addrs=144.92.181.245-9618+[2607-f388-101c-1000--372]-9618&noUDP&sock=6179_dbc8_3>
...
001 (696008.009.000) 07/12 08:23:54 Job executing on host: <128.104.227.66:9618?addrs=128.104.227.66-9618+[2607-f388-101c-1000--629]-9618&noUDP&sock=10328_ba38_3>
...
006 (696008.009.000) 07/12 08:24:02 Image size of job updated: 167748
	53  -  MemoryUsage of job (MB)
	53316  -  ResidentSetSize of job (KB)
...
006 (696008.009.000) 07/12 08:44:02 Image size of job updated: 242556
	237  -  MemoryUsage of job (MB)
	241928  -  ResidentSetSize of job (KB)
...
005 (696008.009.000) 07/12 09:02:15 Job terminated.
	(1) Normal termination (return value 0)
		Usr 0 00:02:10, Sys 0 00:00:06  -  Run Remote Usage
		Usr 0 00:00:00, Sys 0 00:00:00  -  Run Local Usage
		Usr 0 00:02:10, Sys 0 00:00:06  -  Total Remote Usage
		Usr 0 00:00:00, Sys 0 00:00:00  -  Total Local Usage
	389150  -  Run Bytes Sent By Job
	281287  -  Run Bytes Received By Job
	389150  -  Total Bytes Sent By Job
	281287  -  Total Bytes Received By Job
	Partitionable Resources :    Usage  Request Allocated
	   Cpus                 :                 1         1
	   Disk (KB)            :  1000000  2048000   9502139
	   Memory (MB)          :      237     1992      1992
...
