000 (691443.002.000) 07/11 11:26:48 Job submitted from host: <144.92.181.245:9618?addrs=144.92.181.245-9618+[2607-f388-101c-1000--372]-9618&noUDP&sock=6179_dbc8_3>
...
001 (691443.002.000) 07/11 11:50:45 Job executing on host: <144.92.180.34:9618?addrs=144.92.180.34-9618+[2607-f388-101c-1000--629]-9618&noUDP&sock=6649_3d4b_10>
...
006 (691443.002.000) 07/11 11:50:53 Image size of job updated: 168192
	53  -  MemoryUsage of job (MB)
	53376  -  ResidentSetSize of job (KB)
...
006 (691443.002.000) 07/11 12:10:53 Image size of job updated: 243604
	238  -  MemoryUsage of job (MB)
	243132  -  ResidentSetSize of job (KB)
...
006 (691443.002.000) 07/11 12:16:53 Image size of job updated: 243948
	238  -  MemoryUsage of job (MB)
	243132  -  ResidentSetSize of job (KB)
...
005 (691443.002.000) 07/11 12:16:54 Job terminated.
	(1) Normal termination (return value 0)
		Usr 0 00:02:19, Sys 0 00:00:06  -  Run Remote Usage
		Usr 0 00:00:00, Sys 0 00:00:00  -  Run Local Usage
		Usr 0 00:02:19, Sys 0 00:00:06  -  Total Remote Usage
		Usr 0 00:00:00, Sys 0 00:00:00  -  Total Local Usage
	333241  -  Run Bytes Sent By Job
	306644  -  Run Bytes Received By Job
	333241  -  Total Bytes Sent By Job
	306644  -  Total Bytes Received By Job
	Partitionable Resources :    Usage  Request Allocated
	   Cpus                 :                 1         1
	   Disk (KB)            :  1000000  2048000   3166990
	   Memory (MB)          :      238     1992      1992
...
