000 (691421.000.000) 07/11 11:26:15 Job submitted from host: <144.92.181.245:9618?addrs=144.92.181.245-9618+[2607-f388-101c-1000--372]-9618&noUDP&sock=6179_dbc8_3>
...
001 (691421.000.000) 07/11 11:44:09 Job executing on host: <144.92.180.102:9618?addrs=144.92.180.102-9618+[2607-f388-101c-1000--629]-9618&noUDP&sock=7113_813d_3>
...
006 (691421.000.000) 07/11 11:44:17 Image size of job updated: 34216
	8  -  MemoryUsage of job (MB)
	7348  -  ResidentSetSize of job (KB)
...
005 (691421.000.000) 07/11 11:56:24 Job terminated.
	(1) Normal termination (return value 0)
		Usr 0 00:01:38, Sys 0 00:00:06  -  Run Remote Usage
		Usr 0 00:00:00, Sys 0 00:00:00  -  Run Local Usage
		Usr 0 00:01:38, Sys 0 00:00:06  -  Total Remote Usage
		Usr 0 00:00:00, Sys 0 00:00:00  -  Total Local Usage
	402673  -  Run Bytes Sent By Job
	306644  -  Run Bytes Received By Job
	402673  -  Total Bytes Sent By Job
	306644  -  Total Bytes Received By Job
	Partitionable Resources :    Usage  Request Allocated
	   Cpus                 :                 1         1
	   Disk (KB)            :  1000000  2048000   4749902
	   Memory (MB)          :        8     1992      1992
...
