000 (691421.002.000) 07/11 11:26:15 Job submitted from host: <144.92.181.245:9618?addrs=144.92.181.245-9618+[2607-f388-101c-1000--372]-9618&noUDP&sock=6179_dbc8_3>
...
001 (691421.002.000) 07/11 11:43:53 Job executing on host: <128.104.227.29:9618?addrs=128.104.227.29-9618+[2607-f388-101c-1000--629]-9618&noUDP&sock=10348_721d_3>
...
006 (691421.002.000) 07/11 11:44:02 Image size of job updated: 224252
	113  -  MemoryUsage of job (MB)
	115556  -  ResidentSetSize of job (KB)
...
005 (691421.002.000) 07/11 11:53:13 Job terminated.
	(1) Normal termination (return value 0)
		Usr 0 00:00:50, Sys 0 00:00:02  -  Run Remote Usage
		Usr 0 00:00:00, Sys 0 00:00:00  -  Run Local Usage
		Usr 0 00:00:50, Sys 0 00:00:02  -  Total Remote Usage
		Usr 0 00:00:00, Sys 0 00:00:00  -  Total Local Usage
	390525  -  Run Bytes Sent By Job
	306644  -  Run Bytes Received By Job
	390525  -  Total Bytes Sent By Job
	306644  -  Total Bytes Received By Job
	Partitionable Resources :    Usage  Request Allocated
	   Cpus                 :                 1         1
	   Disk (KB)            :  1000000  2048000   9500265
	   Memory (MB)          :      113     1992      1992
...
