000 (690075.015.000) 07/11 07:31:08 Job submitted from host: <144.92.181.245:9618?addrs=144.92.181.245-9618+[2607-f388-101c-1000--372]-9618&noUDP&sock=6179_dbc8_3>
...
001 (690075.015.000) 07/11 08:45:48 Job executing on host: <144.92.181.84:9618?addrs=144.92.181.84-9618+[2607-f388-101c-1000--629]-9618&noUDP&sock=6907_34ba_10>
...
006 (690075.015.000) 07/11 08:45:57 Image size of job updated: 227128
	106  -  MemoryUsage of job (MB)
	107912  -  ResidentSetSize of job (KB)
...
006 (690075.015.000) 07/11 09:05:58 Image size of job updated: 245064
	240  -  MemoryUsage of job (MB)
	245008  -  ResidentSetSize of job (KB)
...
005 (690075.015.000) 07/11 09:08:30 Job terminated.
	(1) Normal termination (return value 0)
		Usr 0 00:04:08, Sys 0 00:00:14  -  Run Remote Usage
		Usr 0 00:00:00, Sys 0 00:00:00  -  Run Local Usage
		Usr 0 00:04:08, Sys 0 00:00:14  -  Total Remote Usage
		Usr 0 00:00:00, Sys 0 00:00:00  -  Total Local Usage
	339620  -  Run Bytes Sent By Job
	302156  -  Run Bytes Received By Job
	339620  -  Total Bytes Sent By Job
	302156  -  Total Bytes Received By Job
	Partitionable Resources :    Usage  Request Allocated
	   Cpus                 :                 1         1
	   Disk (KB)            :  1000000  2048000   4750883
	   Memory (MB)          :      240     1992      1992
...
