000 (690075.002.000) 07/11 07:31:08 Job submitted from host: <144.92.181.245:9618?addrs=144.92.181.245-9618+[2607-f388-101c-1000--372]-9618&noUDP&sock=6179_dbc8_3>
...
001 (690075.002.000) 07/11 08:44:44 Job executing on host: <144.92.180.128:9618?addrs=144.92.180.128-9618+[2607-f388-101c-1000--629]-9618&noUDP&sock=7649_2800_3>
...
006 (690075.002.000) 07/11 08:44:53 Image size of job updated: 183108
	70  -  MemoryUsage of job (MB)
	71416  -  ResidentSetSize of job (KB)
...
006 (690075.002.000) 07/11 09:03:55 Image size of job updated: 183108
	70  -  MemoryUsage of job (MB)
	71608  -  ResidentSetSize of job (KB)
...
005 (690075.002.000) 07/11 09:03:56 Job terminated.
	(1) Normal termination (return value 0)
		Usr 0 00:02:21, Sys 0 00:00:07  -  Run Remote Usage
		Usr 0 00:00:00, Sys 0 00:00:00  -  Run Local Usage
		Usr 0 00:02:21, Sys 0 00:00:07  -  Total Remote Usage
		Usr 0 00:00:00, Sys 0 00:00:00  -  Total Local Usage
	330679  -  Run Bytes Sent By Job
	302156  -  Run Bytes Received By Job
	330679  -  Total Bytes Sent By Job
	302156  -  Total Bytes Received By Job
	Partitionable Resources :    Usage  Request Allocated
	   Cpus                 :                 1         1
	   Disk (KB)            :  1000000  2048000   6333975
	   Memory (MB)          :       70     1992      1992
...
