000 (690075.003.000) 07/11 07:31:08 Job submitted from host: <144.92.181.245:9618?addrs=144.92.181.245-9618+[2607-f388-101c-1000--372]-9618&noUDP&sock=6179_dbc8_3>
...
001 (690075.003.000) 07/11 08:44:51 Job executing on host: <144.92.180.129:9618?addrs=144.92.180.129-9618+[2607-f388-101c-1000--629]-9618&noUDP&sock=7597_7d13_3>
...
006 (690075.003.000) 07/11 08:44:59 Image size of job updated: 168436
	53  -  MemoryUsage of job (MB)
	53400  -  ResidentSetSize of job (KB)
...
006 (690075.003.000) 07/11 09:04:59 Image size of job updated: 244636
	238  -  MemoryUsage of job (MB)
	243620  -  ResidentSetSize of job (KB)
...
005 (690075.003.000) 07/11 09:05:43 Job terminated.
	(1) Normal termination (return value 0)
		Usr 0 00:01:54, Sys 0 00:00:06  -  Run Remote Usage
		Usr 0 00:00:00, Sys 0 00:00:00  -  Run Local Usage
		Usr 0 00:01:54, Sys 0 00:00:06  -  Total Remote Usage
		Usr 0 00:00:00, Sys 0 00:00:00  -  Total Local Usage
	330552  -  Run Bytes Sent By Job
	302156  -  Run Bytes Received By Job
	330552  -  Total Bytes Sent By Job
	302156  -  Total Bytes Received By Job
	Partitionable Resources :    Usage  Request Allocated
	   Cpus                 :                 1         1
	   Disk (KB)            :  1000000  2048000   6332983
	   Memory (MB)          :      238     1992      1992
...
