000 (690075.009.000) 07/11 07:31:08 Job submitted from host: <144.92.181.245:9618?addrs=144.92.181.245-9618+[2607-f388-101c-1000--372]-9618&noUDP&sock=6179_dbc8_3>
...
001 (690075.009.000) 07/11 08:45:14 Job executing on host: <128.104.227.102:9618?addrs=128.104.227.102-9618+[2607-f388-101c-1000--51]-9618&noUDP&sock=11664_1cc0_10>
...
006 (690075.009.000) 07/11 08:45:24 Image size of job updated: 204944
	88  -  MemoryUsage of job (MB)
	89668  -  ResidentSetSize of job (KB)
...
006 (690075.009.000) 07/11 09:02:01 Image size of job updated: 204944
	88  -  MemoryUsage of job (MB)
	89768  -  ResidentSetSize of job (KB)
...
005 (690075.009.000) 07/11 09:02:02 Job terminated.
	(1) Normal termination (return value 0)
		Usr 0 00:02:10, Sys 0 00:00:06  -  Run Remote Usage
		Usr 0 00:00:00, Sys 0 00:00:00  -  Run Local Usage
		Usr 0 00:02:10, Sys 0 00:00:06  -  Total Remote Usage
		Usr 0 00:00:00, Sys 0 00:00:00  -  Total Local Usage
	330530  -  Run Bytes Sent By Job
	302156  -  Run Bytes Received By Job
	330530  -  Total Bytes Sent By Job
	302156  -  Total Bytes Received By Job
	Partitionable Resources :    Usage  Request Allocated
	   Cpus                 :                 1         1
	   Disk (KB)            :  1000000  2048000   9502451
	   Memory (MB)          :       88     1992      1992
...
