000 (690052.013.000) 07/11 07:30:32 Job submitted from host: <144.92.181.245:9618?addrs=144.92.181.245-9618+[2607-f388-101c-1000--372]-9618&noUDP&sock=6179_dbc8_3>
...
001 (690052.013.000) 07/11 08:20:58 Job executing on host: <128.104.227.59:9618?addrs=128.104.227.59-9618+[2607-f388-101c-1000--629]-9618&noUDP&sock=10315_cf7d_3>
...
006 (690052.013.000) 07/11 08:21:07 Image size of job updated: 222392
	106  -  MemoryUsage of job (MB)
	107632  -  ResidentSetSize of job (KB)
...
005 (690052.013.000) 07/11 08:28:27 Job terminated.
	(1) Normal termination (return value 0)
		Usr 0 00:01:08, Sys 0 00:00:04  -  Run Remote Usage
		Usr 0 00:00:00, Sys 0 00:00:00  -  Run Local Usage
		Usr 0 00:01:08, Sys 0 00:00:04  -  Total Remote Usage
		Usr 0 00:00:00, Sys 0 00:00:00  -  Total Local Usage
	467014  -  Run Bytes Sent By Job
	302156  -  Run Bytes Received By Job
	467014  -  Total Bytes Sent By Job
	302156  -  Total Bytes Received By Job
	Partitionable Resources :    Usage  Request Allocated
	   Cpus                 :                 1         1
	   Disk (KB)            :  1000000  2048000   9501449
	   Memory (MB)          :      106     1992      1992
...
