000 (1262571.007.000) 07/25 12:33:59 Job submitted from host: <144.92.180.28:9618?addrs=144.92.180.28-9618+[2607-f388-101c-1000--370]-9618&noUDP&sock=5187_6dd5_82>
...
001 (1262571.007.000) 07/25 13:42:31 Job executing on host: <144.92.180.212:9618?addrs=144.92.180.212-9618+[2607-f388-101c-1000--629]-9618&noUDP&sock=7669_dfe5_3>
...
006 (1262571.007.000) 07/25 13:42:39 Image size of job updated: 227456
	106  -  MemoryUsage of job (MB)
	108464  -  ResidentSetSize of job (KB)
...
005 (1262571.007.000) 07/25 13:54:49 Job terminated.
	(1) Normal termination (return value 0)
		Usr 0 00:01:52, Sys 0 00:00:06  -  Run Remote Usage
		Usr 0 00:00:00, Sys 0 00:00:00  -  Run Local Usage
		Usr 0 00:01:52, Sys 0 00:00:06  -  Total Remote Usage
		Usr 0 00:00:00, Sys 0 00:00:00  -  Total Local Usage
	342497  -  Run Bytes Sent By Job
	283691  -  Run Bytes Received By Job
	342497  -  Total Bytes Sent By Job
	283691  -  Total Bytes Received By Job
	Partitionable Resources :    Usage  Request Allocated
	   Cpus                 :                 1         1
	   Disk (KB)            :  1000000  2048000   7918562
	   Memory (MB)          :      106     1992      1992
...
