000 (691471.008.000) 07/11 11:27:29 Job submitted from host: <144.92.181.245:9618?addrs=144.92.181.245-9618+[2607-f388-101c-1000--372]-9618&noUDP&sock=6179_dbc8_3>
...
001 (691471.008.000) 07/11 12:02:18 Job executing on host: <144.92.180.147:9618?addrs=144.92.180.147-9618+[2607-f388-101c-1000--629]-9618&noUDP&sock=7756_8ca2_3>
...
006 (691471.008.000) 07/11 12:02:27 Image size of job updated: 216436
	106  -  MemoryUsage of job (MB)
	108392  -  ResidentSetSize of job (KB)
...
006 (691471.008.000) 07/11 12:22:28 Image size of job updated: 240124
	235  -  MemoryUsage of job (MB)
	240124  -  ResidentSetSize of job (KB)
...
006 (691471.008.000) 07/11 12:26:39 Image size of job updated: 240256
	235  -  MemoryUsage of job (MB)
	240124  -  ResidentSetSize of job (KB)
...
005 (691471.008.000) 07/11 12:26:40 Job terminated.
	(1) Normal termination (return value 0)
		Usr 0 00:02:10, Sys 0 00:00:07  -  Run Remote Usage
		Usr 0 00:00:00, Sys 0 00:00:00  -  Run Local Usage
		Usr 0 00:02:10, Sys 0 00:00:07  -  Total Remote Usage
		Usr 0 00:00:00, Sys 0 00:00:00  -  Total Local Usage
	365119  -  Run Bytes Sent By Job
	306644  -  Run Bytes Received By Job
	365119  -  Total Bytes Sent By Job
	306644  -  Total Bytes Received By Job
	Partitionable Resources :    Usage  Request Allocated
	   Cpus                 :                 1         1
	   Disk (KB)            :  1000000  2048000   7917508
	   Memory (MB)          :      235     1992      1992
...
