000 (1262596.004.000) 07/25 12:34:18 Job submitted from host: <144.92.180.28:9618?addrs=144.92.180.28-9618+[2607-f388-101c-1000--370]-9618&noUDP&sock=5187_6dd5_82>
...
001 (1262596.004.000) 07/25 14:05:46 Job executing on host: <144.92.180.114:9618?addrs=144.92.180.114-9618+[2607-f388-101c-1000--629]-9618&noUDP&sock=7498_9533_3>
...
006 (1262596.004.000) 07/25 14:05:54 Image size of job updated: 166100
	53  -  MemoryUsage of job (MB)
	53628  -  ResidentSetSize of job (KB)
...
006 (1262596.004.000) 07/25 14:17:37 Image size of job updated: 241152
	53  -  MemoryUsage of job (MB)
	53628  -  ResidentSetSize of job (KB)
...
005 (1262596.004.000) 07/25 14:17:38 Job terminated.
	(1) Normal termination (return value 0)
		Usr 0 00:02:28, Sys 0 00:00:10  -  Run Remote Usage
		Usr 0 00:00:00, Sys 0 00:00:00  -  Run Local Usage
		Usr 0 00:02:28, Sys 0 00:00:10  -  Total Remote Usage
		Usr 0 00:00:00, Sys 0 00:00:00  -  Total Local Usage
	446629  -  Run Bytes Sent By Job
	283691  -  Run Bytes Received By Job
	446629  -  Total Bytes Sent By Job
	283691  -  Total Bytes Received By Job
	Partitionable Resources :    Usage  Request Allocated
	   Cpus                 :                 1         1
	   Disk (KB)            :  1000000  2048000   6333936
	   Memory (MB)          :       53     1992      1992
...
