000 (1262596.009.000) 07/25 12:34:18 Job submitted from host: <144.92.180.28:9618?addrs=144.92.180.28-9618+[2607-f388-101c-1000--370]-9618&noUDP&sock=5187_6dd5_82>
...
001 (1262596.009.000) 07/25 14:05:59 Job executing on host: <144.92.180.216:9618?addrs=144.92.180.216-9618+[2607-f388-101c-1000--629]-9618&noUDP&sock=7608_089e_3>
...
006 (1262596.009.000) 07/25 14:06:08 Image size of job updated: 226916
	107  -  MemoryUsage of job (MB)
	108640  -  ResidentSetSize of job (KB)
...
005 (1262596.009.000) 07/25 14:19:45 Job terminated.
	(1) Normal termination (return value 0)
		Usr 0 00:01:43, Sys 0 00:00:06  -  Run Remote Usage
		Usr 0 00:00:00, Sys 0 00:00:00  -  Run Local Usage
		Usr 0 00:01:43, Sys 0 00:00:06  -  Total Remote Usage
		Usr 0 00:00:00, Sys 0 00:00:00  -  Total Local Usage
	448408  -  Run Bytes Sent By Job
	283691  -  Run Bytes Received By Job
	448408  -  Total Bytes Sent By Job
	283691  -  Total Bytes Received By Job
	Partitionable Resources :    Usage  Request Allocated
	   Cpus                 :                 1         1
	   Disk (KB)            :  1000000  2048000   7916998
	   Memory (MB)          :      107     1992      1992
...
