000 (1262560.015.000) 07/25 12:33:49 Job submitted from host: <144.92.180.28:9618?addrs=144.92.180.28-9618+[2607-f388-101c-1000--370]-9618&noUDP&sock=5187_6dd5_82>
...
001 (1262560.015.000) 07/25 13:30:48 Job executing on host: <144.92.180.115:9618?addrs=144.92.180.115-9618+[2607-f388-101c-1000--629]-9618&noUDP&sock=7509_20be_3>
...
006 (1262560.015.000) 07/25 13:30:57 Image size of job updated: 155876
	55  -  MemoryUsage of job (MB)
	56236  -  ResidentSetSize of job (KB)
...
006 (1262560.015.000) 07/25 13:42:13 Image size of job updated: 155876
	55  -  MemoryUsage of job (MB)
	56244  -  ResidentSetSize of job (KB)
...
005 (1262560.015.000) 07/25 13:42:14 Job terminated.
	(1) Normal termination (return value 0)
		Usr 0 00:02:43, Sys 0 00:00:08  -  Run Remote Usage
		Usr 0 00:00:00, Sys 0 00:00:00  -  Run Local Usage
		Usr 0 00:02:43, Sys 0 00:00:08  -  Total Remote Usage
		Usr 0 00:00:00, Sys 0 00:00:00  -  Total Local Usage
	430681  -  Run Bytes Sent By Job
	283691  -  Run Bytes Received By Job
	430681  -  Total Bytes Sent By Job
	283691  -  Total Bytes Received By Job
	Partitionable Resources :    Usage  Request Allocated
	   Cpus                 :                 1         1
	   Disk (KB)            :  1000000  2048000   6333573
	   Memory (MB)          :       55     1992      1992
...
