000 (1262560.006.000) 07/25 12:33:49 Job submitted from host: <144.92.180.28:9618?addrs=144.92.180.28-9618+[2607-f388-101c-1000--370]-9618&noUDP&sock=5187_6dd5_82>
...
001 (1262560.006.000) 07/25 13:30:23 Job executing on host: <144.92.180.152:9618?addrs=144.92.180.152-9618+[2607-f388-101c-1000--629]-9618&noUDP&sock=7588_50b9_3>
...
006 (1262560.006.000) 07/25 13:30:32 Image size of job updated: 227100
	107  -  MemoryUsage of job (MB)
	108660  -  ResidentSetSize of job (KB)
...
005 (1262560.006.000) 07/25 13:41:14 Job terminated.
	(1) Normal termination (return value 0)
		Usr 0 00:02:21, Sys 0 00:00:07  -  Run Remote Usage
		Usr 0 00:00:00, Sys 0 00:00:00  -  Run Local Usage
		Usr 0 00:02:21, Sys 0 00:00:07  -  Total Remote Usage
		Usr 0 00:00:00, Sys 0 00:00:00  -  Total Local Usage
	428852  -  Run Bytes Sent By Job
	283691  -  Run Bytes Received By Job
	428852  -  Total Bytes Sent By Job
	283691  -  Total Bytes Received By Job
	Partitionable Resources :    Usage  Request Allocated
	   Cpus                 :                 1         1
	   Disk (KB)            :  1000000  2048000   7917034
	   Memory (MB)          :      107     1992      1992
...
