000 (696054.010.000) 07/12 06:44:09 Job submitted from host: <144.92.181.245:9618?addrs=144.92.181.245-9618+[2607-f388-101c-1000--372]-9618&noUDP&sock=6179_dbc8_3>
...
001 (695057.010.000) 07/12 07:42:47 Job executing on host: <128.104.227.12:9618?addrs=128.104.227.12-9618+[2607-f388-101c-1000--629]-9618&noUDP&sock=10301_352a_3>
...
006 (695057.010.000) 07/12 07:42:56 Image size of job updated: 132796
	106  -  MemoryUsage of job (MB)
	108508  -  ResidentSetSize of job (KB)
...
006 (695057.010.000) 07/12 08:02:56 Image size of job updated: 246828
	241  -  MemoryUsage of job (MB)
	246648  -  ResidentSetSize of job (KB)
...
005 (695057.010.000) 07/12 08:03:48 Job terminated.
	(1) Normal termination (return value 0)
		Usr 0 00:01:40, Sys 0 00:00:05  -  Run Remote Usage
		Usr 0 00:00:00, Sys 0 00:00:00  -  Run Local Usage
		Usr 0 00:01:40, Sys 0 00:00:05  -  Total Remote Usage
		Usr 0 00:00:00, Sys 0 00:00:00  -  Total Local Usage
	357037  -  Run Bytes Sent By Job
	281287  -  Run Bytes Received By Job
	357037  -  Total Bytes Sent By Job
	281287  -  Total Bytes Received By Job
	Partitionable Resources :    Usage  Request Allocated
	   Cpus                 :                 1         1
	   Disk (KB)            :  1000000  2048000   9501185
	   Memory (MB)          :      241     1992      1992
...
001 (696054.010.000) 07/12 08:45:18 Job executing on host: <144.92.180.133:9618?addrs=144.92.180.133-9618+[2607-f388-101c-1000--629]-9618&noUDP&sock=9913_126b_3>
...
006 (696054.010.000) 07/12 08:45:27 Image size of job updated: 120872
	106  -  MemoryUsage of job (MB)
	108508  -  ResidentSetSize of job (KB)
...
006 (696054.010.000) 07/12 09:05:28 Image size of job updated: 246420
	241  -  MemoryUsage of job (MB)
	246088  -  ResidentSetSize of job (KB)
...
005 (696054.010.000) 07/12 09:11:51 Job terminated.
	(1) Normal termination (return value 0)
		Usr 0 00:01:40, Sys 0 00:00:05  -  Run Remote Usage
		Usr 0 00:00:00, Sys 0 00:00:00  -  Run Local Usage
		Usr 0 00:01:40, Sys 0 00:00:05  -  Total Remote Usage
		Usr 0 00:00:00, Sys 0 00:00:00  -  Total Local Usage
	357037  -  Run Bytes Sent By Job
	281287  -  Run Bytes Received By Job
	357037  -  Total Bytes Sent By Job
	281287  -  Total Bytes Received By Job
	Partitionable Resources :    Usage  Request Allocated
	   Cpus                 :                 1         1
	   Disk (KB)            :  1000000  2048000   7917438
	   Memory (MB)          :      241     1992      1992
...
