000 (696054.002.000) 07/12 06:44:09 Job submitted from host: <144.92.181.245:9618?addrs=144.92.181.245-9618+[2607-f388-101c-1000--372]-9618&noUDP&sock=6179_dbc8_3>
...
001 (695057.002.000) 07/12 07:42:47 Job executing on host: <144.92.181.191:9618?addrs=144.92.181.191-9618+[2607-f388-101c-1000--629]-9618&noUDP&sock=10050_0ae4_3>
...
006 (695057.002.000) 07/12 07:42:56 Image size of job updated: 203892
	106  -  MemoryUsage of job (MB)
	108504  -  ResidentSetSize of job (KB)
...
005 (695057.002.000) 07/12 08:00:24 Job terminated.
	(1) Normal termination (return value 0)
		Usr 0 00:01:38, Sys 0 00:00:04  -  Run Remote Usage
		Usr 0 00:00:00, Sys 0 00:00:00  -  Run Local Usage
		Usr 0 00:01:38, Sys 0 00:00:04  -  Total Remote Usage
		Usr 0 00:00:00, Sys 0 00:00:00  -  Total Local Usage
	357278  -  Run Bytes Sent By Job
	281287  -  Run Bytes Received By Job
	357278  -  Total Bytes Sent By Job
	281287  -  Total Bytes Received By Job
	Partitionable Resources :    Usage  Request Allocated
	   Cpus                 :                 1         1
	   Disk (KB)            :  1000000  2048000   7914778
	   Memory (MB)          :      106     1992      1992
...
001 (696054.002.000) 07/12 08:46:00 Job executing on host: <128.104.227.68:9618?addrs=128.104.227.68-9618+[2607-f388-101c-1000--629]-9618&noUDP&sock=10333_2832_3>
...
006 (696054.002.000) 07/12 08:46:09 Image size of job updated: 216248
	106  -  MemoryUsage of job (MB)
	108504  -  ResidentSetSize of job (KB)
...
006 (696054.002.000) 07/12 09:03:51 Image size of job updated: 247780
	106  -  MemoryUsage of job (MB)
	108504  -  ResidentSetSize of job (KB)
...
005 (696054.002.000) 07/12 09:03:52 Job terminated.
	(1) Normal termination (return value 0)
		Usr 0 00:01:39, Sys 0 00:00:05  -  Run Remote Usage
		Usr 0 00:00:00, Sys 0 00:00:00  -  Run Local Usage
		Usr 0 00:01:39, Sys 0 00:00:05  -  Total Remote Usage
		Usr 0 00:00:00, Sys 0 00:00:00  -  Total Local Usage
	357278  -  Run Bytes Sent By Job
	281287  -  Run Bytes Received By Job
	357278  -  Total Bytes Sent By Job
	281287  -  Total Bytes Received By Job
	Partitionable Resources :    Usage  Request Allocated
	   Cpus                 :                 1         1
	   Disk (KB)            :  1000000  2048000   9501062
	   Memory (MB)          :      106     1992      1992
...
