000 (696054.004.000) 07/12 06:44:09 Job submitted from host: <144.92.181.245:9618?addrs=144.92.181.245-9618+[2607-f388-101c-1000--372]-9618&noUDP&sock=6179_dbc8_3>
...
001 (695057.004.000) 07/12 07:42:47 Job executing on host: <128.104.227.90:9618?addrs=128.104.227.90-9618+[2607-f388-101c-1000--629]-9618&noUDP&sock=11962_83f9_3>
...
006 (695057.004.000) 07/12 07:42:56 Image size of job updated: 120756
	106  -  MemoryUsage of job (MB)
	108500  -  ResidentSetSize of job (KB)
...
006 (695057.004.000) 07/12 08:02:57 Image size of job updated: 255572
	250  -  MemoryUsage of job (MB)
	255272  -  ResidentSetSize of job (KB)
...
005 (695057.004.000) 07/12 08:07:18 Job terminated.
	(1) Normal termination (return value 0)
		Usr 0 00:01:40, Sys 0 00:00:07  -  Run Remote Usage
		Usr 0 00:00:00, Sys 0 00:00:00  -  Run Local Usage
		Usr 0 00:01:40, Sys 0 00:00:07  -  Total Remote Usage
		Usr 0 00:00:00, Sys 0 00:00:00  -  Total Local Usage
	357124  -  Run Bytes Sent By Job
	281287  -  Run Bytes Received By Job
	357124  -  Total Bytes Sent By Job
	281287  -  Total Bytes Received By Job
	Partitionable Resources :    Usage  Request Allocated
	   Cpus                 :                 1         1
	   Disk (KB)            :  1000000  2048000   9502812
	   Memory (MB)          :      250     1992      1992
...
001 (696054.004.000) 07/12 08:45:11 Job executing on host: <144.92.180.210:9618?addrs=144.92.180.210-9618+[2607-f388-101c-1000--629]-9618&noUDP&sock=8750_59c6_3>
...
006 (696054.004.000) 07/12 08:45:20 Image size of job updated: 216936
	106  -  MemoryUsage of job (MB)
	108492  -  ResidentSetSize of job (KB)
...
005 (696054.004.000) 07/12 09:03:55 Job terminated.
	(1) Normal termination (return value 0)
		Usr 0 00:02:13, Sys 0 00:00:07  -  Run Remote Usage
		Usr 0 00:00:00, Sys 0 00:00:00  -  Run Local Usage
		Usr 0 00:02:13, Sys 0 00:00:07  -  Total Remote Usage
		Usr 0 00:00:00, Sys 0 00:00:00  -  Total Local Usage
	357124  -  Run Bytes Sent By Job
	281287  -  Run Bytes Received By Job
	357124  -  Total Bytes Sent By Job
	281287  -  Total Bytes Received By Job
	Partitionable Resources :    Usage  Request Allocated
	   Cpus                 :                 1         1
	   Disk (KB)            :  1000000  2048000   4750084
	   Memory (MB)          :      106     1992      1992
...
