000 (695976.004.000) 07/12 06:42:11 Job submitted from host: <144.92.181.245:9618?addrs=144.92.181.245-9618+[2607-f388-101c-1000--372]-9618&noUDP&sock=6179_dbc8_3>
...
001 (695976.004.000) 07/12 08:11:50 Job executing on host: <144.92.180.94:9618?addrs=144.92.180.94-9618+[2607-f388-101c-1000--629]-9618&noUDP&sock=7025_24e7_3>
...
006 (695976.004.000) 07/12 08:11:58 Image size of job updated: 168220
	53  -  MemoryUsage of job (MB)
	53428  -  ResidentSetSize of job (KB)
...
006 (695976.004.000) 07/12 08:31:58 Image size of job updated: 294012
	288  -  MemoryUsage of job (MB)
	293904  -  ResidentSetSize of job (KB)
...
006 (695976.004.000) 07/12 08:32:49 Image size of job updated: 540704
	288  -  MemoryUsage of job (MB)
	293904  -  ResidentSetSize of job (KB)
...
005 (695976.004.000) 07/12 08:32:50 Job terminated.
	(1) Normal termination (return value 0)
		Usr 0 00:03:55, Sys 0 00:00:18  -  Run Remote Usage
		Usr 0 00:00:00, Sys 0 00:00:00  -  Run Local Usage
		Usr 0 00:03:55, Sys 0 00:00:18  -  Total Remote Usage
		Usr 0 00:00:00, Sys 0 00:00:00  -  Total Local Usage
	277514  -  Run Bytes Sent By Job
	281287  -  Run Bytes Received By Job
	277514  -  Total Bytes Sent By Job
	281287  -  Total Bytes Received By Job
	Partitionable Resources :    Usage  Request Allocated
	   Cpus                 :                 1         1
	   Disk (KB)            :  1000000  2048000   4749969
	   Memory (MB)          :      288     1992      1992
...
