000 (695976.007.000) 07/12 06:42:11 Job submitted from host: <144.92.181.245:9618?addrs=144.92.181.245-9618+[2607-f388-101c-1000--372]-9618&noUDP&sock=6179_dbc8_3>
...
001 (695976.007.000) 07/12 08:11:54 Job executing on host: <144.92.181.7:9618?addrs=144.92.181.7-9618+[2607-f388-101c-1000--629]-9618&noUDP&sock=7655_4592_3>
...
006 (695976.007.000) 07/12 08:12:02 Image size of job updated: 217072
	106  -  MemoryUsage of job (MB)
	108240  -  ResidentSetSize of job (KB)
...
006 (695976.007.000) 07/12 08:32:02 Image size of job updated: 266392
	258  -  MemoryUsage of job (MB)
	263408  -  ResidentSetSize of job (KB)
...
005 (695976.007.000) 07/12 08:36:53 Job terminated.
	(1) Normal termination (return value 0)
		Usr 0 00:01:53, Sys 0 00:00:05  -  Run Remote Usage
		Usr 0 00:00:00, Sys 0 00:00:00  -  Run Local Usage
		Usr 0 00:01:53, Sys 0 00:00:05  -  Total Remote Usage
		Usr 0 00:00:00, Sys 0 00:00:00  -  Total Local Usage
	262309  -  Run Bytes Sent By Job
	281287  -  Run Bytes Received By Job
	262309  -  Total Bytes Sent By Job
	281287  -  Total Bytes Received By Job
	Partitionable Resources :    Usage  Request Allocated
	   Cpus                 :                 1         1
	   Disk (KB)            :  1000000  2048000   7917233
	   Memory (MB)          :      258     1992      1992
...
