000 (690102.015.000) 07/11 07:31:54 Job submitted from host: <144.92.181.245:9618?addrs=144.92.181.245-9618+[2607-f388-101c-1000--372]-9618&noUDP&sock=6179_dbc8_3>
...
001 (690102.015.000) 07/11 09:21:07 Job executing on host: <128.104.227.69:9618?addrs=128.104.227.69-9618+[2607-f388-101c-1000--629]-9618&noUDP&sock=10294_6800_3>
...
006 (690102.015.000) 07/11 09:21:16 Image size of job updated: 225460
	106  -  MemoryUsage of job (MB)
	107952  -  ResidentSetSize of job (KB)
...
006 (690102.015.000) 07/11 09:41:16 Image size of job updated: 241204
	232  -  MemoryUsage of job (MB)
	237092  -  ResidentSetSize of job (KB)
...
005 (690102.015.000) 07/11 09:54:09 Job terminated.
	(1) Normal termination (return value 0)
		Usr 0 00:02:54, Sys 0 00:00:10  -  Run Remote Usage
		Usr 0 00:00:00, Sys 0 00:00:00  -  Run Local Usage
		Usr 0 00:02:54, Sys 0 00:00:10  -  Total Remote Usage
		Usr 0 00:00:00, Sys 0 00:00:00  -  Total Local Usage
	422571  -  Run Bytes Sent By Job
	302156  -  Run Bytes Received By Job
	422571  -  Total Bytes Sent By Job
	302156  -  Total Bytes Received By Job
	Partitionable Resources :    Usage  Request Allocated
	   Cpus                 :                 1         1
	   Disk (KB)            :  1000000  2048000   9500184
	   Memory (MB)          :      232     1992      1992
...
