000 (690102.002.000) 07/11 07:31:54 Job submitted from host: <144.92.181.245:9618?addrs=144.92.181.245-9618+[2607-f388-101c-1000--372]-9618&noUDP&sock=6179_dbc8_3>
...
001 (690102.002.000) 07/11 09:19:35 Job executing on host: <144.92.180.153:9618?addrs=144.92.180.153-9618+[2607-f388-101c-1000--629]-9618&noUDP&sock=7902_b176_3>
...
006 (690102.002.000) 07/11 09:19:44 Image size of job updated: 225920
	106  -  MemoryUsage of job (MB)
	107940  -  ResidentSetSize of job (KB)
...
006 (690102.002.000) 07/11 09:39:45 Image size of job updated: 238696
	234  -  MemoryUsage of job (MB)
	238604  -  ResidentSetSize of job (KB)
...
005 (690102.002.000) 07/11 09:40:48 Job terminated.
	(1) Normal termination (return value 0)
		Usr 0 00:02:47, Sys 0 00:00:09  -  Run Remote Usage
		Usr 0 00:00:00, Sys 0 00:00:00  -  Run Local Usage
		Usr 0 00:02:47, Sys 0 00:00:09  -  Total Remote Usage
		Usr 0 00:00:00, Sys 0 00:00:00  -  Total Local Usage
	419354  -  Run Bytes Sent By Job
	302156  -  Run Bytes Received By Job
	419354  -  Total Bytes Sent By Job
	302156  -  Total Bytes Received By Job
	Partitionable Resources :    Usage  Request Allocated
	   Cpus                 :                 1         1
	   Disk (KB)            :  1000000  2048000   7917482
	   Memory (MB)          :      234     1992      1992
...
