000 (690102.003.000) 07/11 07:31:54 Job submitted from host: <144.92.181.245:9618?addrs=144.92.181.245-9618+[2607-f388-101c-1000--372]-9618&noUDP&sock=6179_dbc8_3>
...
001 (690102.003.000) 07/11 09:19:41 Job executing on host: <128.104.227.82:9618?addrs=128.104.227.82-9618+[2607-f388-101c-1000--629]-9618&noUDP&sock=11748_bab4_3>
...
006 (690102.003.000) 07/11 09:19:49 Image size of job updated: 226160
	106  -  MemoryUsage of job (MB)
	107948  -  ResidentSetSize of job (KB)
...
006 (690102.003.000) 07/11 09:39:49 Image size of job updated: 239536
	232  -  MemoryUsage of job (MB)
	237476  -  ResidentSetSize of job (KB)
...
005 (690102.003.000) 07/11 09:46:20 Job terminated.
	(1) Normal termination (return value 0)
		Usr 0 00:02:26, Sys 0 00:00:11  -  Run Remote Usage
		Usr 0 00:00:00, Sys 0 00:00:00  -  Run Local Usage
		Usr 0 00:02:26, Sys 0 00:00:11  -  Total Remote Usage
		Usr 0 00:00:00, Sys 0 00:00:00  -  Total Local Usage
	418641  -  Run Bytes Sent By Job
	302156  -  Run Bytes Received By Job
	418641  -  Total Bytes Sent By Job
	302156  -  Total Bytes Received By Job
	Partitionable Resources :    Usage  Request Allocated
	   Cpus                 :                 1         1
	   Disk (KB)            :  1000000  2048000   9503085
	   Memory (MB)          :      232     1992      1992
...
