000 (1262626.013.000) 07/25 12:34:40 Job submitted from host: <144.92.180.28:9618?addrs=144.92.180.28-9618+[2607-f388-101c-1000--370]-9618&noUDP&sock=5187_6dd5_82>
...
001 (1262626.013.000) 07/25 14:24:56 Job executing on host: <144.92.180.171:9618?addrs=144.92.180.171-9618+[2607-f388-101c-1000--629]-9618&noUDP&sock=7678_0c3f_3>
...
006 (1262626.013.000) 07/25 14:25:05 Image size of job updated: 226588
	107  -  MemoryUsage of job (MB)
	108580  -  ResidentSetSize of job (KB)
...
005 (1262626.013.000) 07/25 14:39:44 Job terminated.
	(1) Normal termination (return value 0)
		Usr 0 00:02:49, Sys 0 00:00:09  -  Run Remote Usage
		Usr 0 00:00:00, Sys 0 00:00:00  -  Run Local Usage
		Usr 0 00:02:49, Sys 0 00:00:09  -  Total Remote Usage
		Usr 0 00:00:00, Sys 0 00:00:00  -  Total Local Usage
	478970  -  Run Bytes Sent By Job
	283691  -  Run Bytes Received By Job
	478970  -  Total Bytes Sent By Job
	283691  -  Total Bytes Received By Job
	Partitionable Resources :    Usage  Request Allocated
	   Cpus                 :                 1         1
	   Disk (KB)            :  1000000  2048000   7917190
	   Memory (MB)          :      107     1992      1992
...
