000 (690165.003.000) 07/11 07:33:19 Job submitted from host: <144.92.181.245:9618?addrs=144.92.181.245-9618+[2607-f388-101c-1000--372]-9618&noUDP&sock=6179_dbc8_3>
...
001 (690165.003.000) 07/11 09:57:53 Job executing on host: <144.92.180.210:9618?addrs=144.92.180.210-9618+[2607-f388-101c-1000--629]-9618&noUDP&sock=8750_59c6_3>
...
006 (690165.003.000) 07/11 09:58:01 Image size of job updated: 214280
	94  -  MemoryUsage of job (MB)
	95964  -  ResidentSetSize of job (KB)
...
006 (690165.003.000) 07/11 10:13:04 Image size of job updated: 313904
	94  -  MemoryUsage of job (MB)
	95964  -  ResidentSetSize of job (KB)
...
005 (690165.003.000) 07/11 10:13:05 Job terminated.
	(1) Normal termination (return value 0)
		Usr 0 00:02:03, Sys 0 00:00:06  -  Run Remote Usage
		Usr 0 00:00:00, Sys 0 00:00:00  -  Run Local Usage
		Usr 0 00:02:03, Sys 0 00:00:06  -  Total Remote Usage
		Usr 0 00:00:00, Sys 0 00:00:00  -  Total Local Usage
	348671  -  Run Bytes Sent By Job
	302156  -  Run Bytes Received By Job
	348671  -  Total Bytes Sent By Job
	302156  -  Total Bytes Received By Job
	Partitionable Resources :    Usage  Request Allocated
	   Cpus                 :                 1         1
	   Disk (KB)            :  1000000  2048000   4750084
	   Memory (MB)          :       94     1992      1992
...
