000 (690047.000.000) 07/11 07:30:23 Job submitted from host: <144.92.181.245:9618?addrs=144.92.181.245-9618+[2607-f388-101c-1000--372]-9618&noUDP&sock=6179_dbc8_3>
...
001 (690047.000.000) 07/11 08:15:10 Job executing on host: <128.104.227.33:9618?addrs=128.104.227.33-9618+[2607-f388-101c-1000--629]-9618&noUDP&sock=10313_704d_3>
...
006 (690047.000.000) 07/11 08:15:18 Image size of job updated: 204172
	105  -  MemoryUsage of job (MB)
	107396  -  ResidentSetSize of job (KB)
...
005 (690047.000.000) 07/11 08:24:01 Job terminated.
	(1) Normal termination (return value 0)
		Usr 0 00:01:35, Sys 0 00:00:06  -  Run Remote Usage
		Usr 0 00:00:00, Sys 0 00:00:00  -  Run Local Usage
		Usr 0 00:01:35, Sys 0 00:00:06  -  Total Remote Usage
		Usr 0 00:00:00, Sys 0 00:00:00  -  Total Local Usage
	349466  -  Run Bytes Sent By Job
	302156  -  Run Bytes Received By Job
	349466  -  Total Bytes Sent By Job
	302156  -  Total Bytes Received By Job
	Partitionable Resources :    Usage  Request Allocated
	   Cpus                 :                 1         1
	   Disk (KB)            :  1000000  2048000   9500927
	   Memory (MB)          :      105     1992      1992
...
