000 (1262559.006.000) 07/25 12:33:48 Job submitted from host: <144.92.180.28:9618?addrs=144.92.180.28-9618+[2607-f388-101c-1000--370]-9618&noUDP&sock=5187_6dd5_82>
...
001 (1262559.006.000) 07/25 13:30:04 Job executing on host: <144.92.180.246:9618?addrs=144.92.180.246-9618+[2607-f388-101c-1000--629]-9618&noUDP&sock=10037_2029_3>
...
006 (1262559.006.000) 07/25 13:30:13 Image size of job updated: 226496
	106  -  MemoryUsage of job (MB)
	108476  -  ResidentSetSize of job (KB)
...
005 (1262559.006.000) 07/25 13:42:35 Job terminated.
	(1) Normal termination (return value 0)
		Usr 0 00:02:24, Sys 0 00:00:07  -  Run Remote Usage
		Usr 0 00:00:00, Sys 0 00:00:00  -  Run Local Usage
		Usr 0 00:02:24, Sys 0 00:00:07  -  Total Remote Usage
		Usr 0 00:00:00, Sys 0 00:00:00  -  Total Local Usage
	315687  -  Run Bytes Sent By Job
	283691  -  Run Bytes Received By Job
	315687  -  Total Bytes Sent By Job
	283691  -  Total Bytes Received By Job
	Partitionable Resources :    Usage  Request Allocated
	   Cpus                 :                 1         1
	   Disk (KB)            :  1000000  2048000   7915724
	   Memory (MB)          :      106     1992      1992
...
