000 (691406.001.000) 07/11 11:25:56 Job submitted from host: <144.92.181.245:9618?addrs=144.92.181.245-9618+[2607-f388-101c-1000--372]-9618&noUDP&sock=6179_dbc8_3>
...
001 (691406.001.000) 07/11 11:43:09 Job executing on host: <128.104.227.20:9618?addrs=128.104.227.20-9618+[2607-f388-101c-1000--629]-9618&noUDP&sock=10360_ad40_3>
...
006 (691406.001.000) 07/11 11:43:18 Image size of job updated: 215120
	106  -  MemoryUsage of job (MB)
	107920  -  ResidentSetSize of job (KB)
...
006 (691406.001.000) 07/11 11:54:27 Image size of job updated: 258840
	106  -  MemoryUsage of job (MB)
	107920  -  ResidentSetSize of job (KB)
...
005 (691406.001.000) 07/11 11:54:29 Job terminated.
	(1) Normal termination (return value 0)
		Usr 0 00:02:03, Sys 0 00:00:08  -  Run Remote Usage
		Usr 0 00:00:00, Sys 0 00:00:00  -  Run Local Usage
		Usr 0 00:02:03, Sys 0 00:00:08  -  Total Remote Usage
		Usr 0 00:00:00, Sys 0 00:00:00  -  Total Local Usage
	411209  -  Run Bytes Sent By Job
	306644  -  Run Bytes Received By Job
	411209  -  Total Bytes Sent By Job
	306644  -  Total Bytes Received By Job
	Partitionable Resources :    Usage  Request Allocated
	   Cpus                 :                 1         1
	   Disk (KB)            :  1000000  2048000   9499163
	   Memory (MB)          :      106     1992      1992
...
