000 (691469.002.000) 07/11 11:27:27 Job submitted from host: <144.92.181.245:9618?addrs=144.92.181.245-9618+[2607-f388-101c-1000--372]-9618&noUDP&sock=6179_dbc8_3>
...
001 (691469.002.000) 07/11 12:01:57 Job executing on host: <128.104.227.105:9618?addrs=128.104.227.105-9618+[2607-f388-101c-1000--54]-9618&noUDP&sock=11623_fd5e_3>
...
006 (691469.002.000) 07/11 12:02:06 Image size of job updated: 171164
	53  -  MemoryUsage of job (MB)
	53452  -  ResidentSetSize of job (KB)
...
006 (691469.002.000) 07/11 12:22:08 Image size of job updated: 293960
	239  -  MemoryUsage of job (MB)
	244192  -  ResidentSetSize of job (KB)
...
005 (691469.002.000) 07/11 12:38:37 Job terminated.
	(1) Normal termination (return value 0)
		Usr 0 00:01:44, Sys 0 00:00:08  -  Run Remote Usage
		Usr 0 00:00:00, Sys 0 00:00:00  -  Run Local Usage
		Usr 0 00:01:44, Sys 0 00:00:08  -  Total Remote Usage
		Usr 0 00:00:00, Sys 0 00:00:00  -  Total Local Usage
	356675  -  Run Bytes Sent By Job
	306644  -  Run Bytes Received By Job
	356675  -  Total Bytes Sent By Job
	306644  -  Total Bytes Received By Job
	Partitionable Resources :    Usage  Request Allocated
	   Cpus                 :                 1         1
	   Disk (KB)            :  1000000  2048000   9503164
	   Memory (MB)          :      239     1992      1992
...
