000 (691520.011.000) 07/11 11:28:30 Job submitted from host: <144.92.181.245:9618?addrs=144.92.181.245-9618+[2607-f388-101c-1000--372]-9618&noUDP&sock=6179_dbc8_3>
...
001 (691520.011.000) 07/11 12:22:33 Job executing on host: <144.92.180.135:9618?addrs=144.92.180.135-9618+[2607-f388-101c-1000--629]-9618&noUDP&sock=10076_e05b_3>
...
006 (691520.011.000) 07/11 12:22:42 Image size of job updated: 216396
	106  -  MemoryUsage of job (MB)
	108392  -  ResidentSetSize of job (KB)
...
006 (691520.011.000) 07/11 12:42:43 Image size of job updated: 345520
	240  -  MemoryUsage of job (MB)
	244816  -  ResidentSetSize of job (KB)
...
006 (691520.011.000) 07/11 12:43:27 Image size of job updated: 492920
	240  -  MemoryUsage of job (MB)
	244816  -  ResidentSetSize of job (KB)
...
005 (691520.011.000) 07/11 12:43:27 Job terminated.
	(1) Normal termination (return value 0)
		Usr 0 00:02:02, Sys 0 00:00:05  -  Run Remote Usage
		Usr 0 00:00:00, Sys 0 00:00:00  -  Run Local Usage
		Usr 0 00:02:02, Sys 0 00:00:05  -  Total Remote Usage
		Usr 0 00:00:00, Sys 0 00:00:00  -  Total Local Usage
	368621  -  Run Bytes Sent By Job
	306644  -  Run Bytes Received By Job
	368621  -  Total Bytes Sent By Job
	306644  -  Total Bytes Received By Job
	Partitionable Resources :    Usage  Request Allocated
	   Cpus                 :                 1         1
	   Disk (KB)            :  1000000  2048000   7916833
	   Memory (MB)          :      240     1992      1992
...
