000 (691520.001.000) 07/11 11:28:30 Job submitted from host: <144.92.181.245:9618?addrs=144.92.181.245-9618+[2607-f388-101c-1000--372]-9618&noUDP&sock=6179_dbc8_3>
...
001 (691520.001.000) 07/11 12:22:00 Job executing on host: <128.104.227.28:9618?addrs=128.104.227.28-9618+[2607-f388-101c-1000--629]-9618&noUDP&sock=10340_f55b_3>
...
006 (691520.001.000) 07/11 12:22:09 Image size of job updated: 214540
	106  -  MemoryUsage of job (MB)
	108384  -  ResidentSetSize of job (KB)
...
005 (691520.001.000) 07/11 12:38:50 Job terminated.
	(1) Normal termination (return value 0)
		Usr 0 00:02:04, Sys 0 00:00:07  -  Run Remote Usage
		Usr 0 00:00:00, Sys 0 00:00:00  -  Run Local Usage
		Usr 0 00:02:04, Sys 0 00:00:07  -  Total Remote Usage
		Usr 0 00:00:00, Sys 0 00:00:00  -  Total Local Usage
	368478  -  Run Bytes Sent By Job
	306644  -  Run Bytes Received By Job
	368478  -  Total Bytes Sent By Job
	306644  -  Total Bytes Received By Job
	Partitionable Resources :    Usage  Request Allocated
	   Cpus                 :                 1         1
	   Disk (KB)            :  1000000  2048000   9501936
	   Memory (MB)          :      106     1992      1992
...
