000 (691484.001.000) 07/11 11:27:44 Job submitted from host: <144.92.181.245:9618?addrs=144.92.181.245-9618+[2607-f388-101c-1000--372]-9618&noUDP&sock=6179_dbc8_3>
...
001 (691484.001.000) 07/11 12:07:47 Job executing on host: <128.104.227.54:9618?addrs=128.104.227.54-9618+[2607-f388-101c-1000--629]-9618&noUDP&sock=10332_7899_3>
...
006 (691484.001.000) 07/11 12:07:56 Image size of job updated: 219564
	106  -  MemoryUsage of job (MB)
	108056  -  ResidentSetSize of job (KB)
...
006 (691484.001.000) 07/11 12:27:57 Image size of job updated: 241476
	234  -  MemoryUsage of job (MB)
	239292  -  ResidentSetSize of job (KB)
...
005 (691484.001.000) 07/11 12:28:17 Job terminated.
	(1) Normal termination (return value 0)
		Usr 0 00:01:22, Sys 0 00:00:04  -  Run Remote Usage
		Usr 0 00:00:00, Sys 0 00:00:00  -  Run Local Usage
		Usr 0 00:01:22, Sys 0 00:00:04  -  Total Remote Usage
		Usr 0 00:00:00, Sys 0 00:00:00  -  Total Local Usage
	182425  -  Run Bytes Sent By Job
	306644  -  Run Bytes Received By Job
	182425  -  Total Bytes Sent By Job
	306644  -  Total Bytes Received By Job
	Partitionable Resources :    Usage  Request Allocated
	   Cpus                 :                 1         1
	   Disk (KB)            :  1000000  2048000   9500796
	   Memory (MB)          :      234     1992      1992
...
