000 (691484.003.000) 07/11 11:27:44 Job submitted from host: <144.92.181.245:9618?addrs=144.92.181.245-9618+[2607-f388-101c-1000--372]-9618&noUDP&sock=6179_dbc8_3>
...
001 (691484.003.000) 07/11 12:07:58 Job executing on host: <128.104.227.20:9618?addrs=128.104.227.20-9618+[2607-f388-101c-1000--629]-9618&noUDP&sock=10360_ad40_3>
...
006 (691484.003.000) 07/11 12:08:06 Image size of job updated: 216492
	106  -  MemoryUsage of job (MB)
	108060  -  ResidentSetSize of job (KB)
...
005 (691484.003.000) 07/11 12:20:57 Job terminated.
	(1) Normal termination (return value 0)
		Usr 0 00:01:27, Sys 0 00:00:05  -  Run Remote Usage
		Usr 0 00:00:00, Sys 0 00:00:00  -  Run Local Usage
		Usr 0 00:01:27, Sys 0 00:00:05  -  Total Remote Usage
		Usr 0 00:00:00, Sys 0 00:00:00  -  Total Local Usage
	183322  -  Run Bytes Sent By Job
	306644  -  Run Bytes Received By Job
	183322  -  Total Bytes Sent By Job
	306644  -  Total Bytes Received By Job
	Partitionable Resources :    Usage  Request Allocated
	   Cpus                 :                 1         1
	   Disk (KB)            :  1000000  2048000   9499163
	   Memory (MB)          :      106     1992      1992
...
