000 (1262553.000.000) 07/25 12:33:43 Job submitted from host: <144.92.180.28:9618?addrs=144.92.180.28-9618+[2607-f388-101c-1000--370]-9618&noUDP&sock=5187_6dd5_82>
...
001 (1262553.000.000) 07/25 13:23:44 Job executing on host: <128.104.227.96:9618?addrs=128.104.227.96-9618+[2607-f388-101c-1000--629]-9618&noUDP&sock=11979_2d15_3>
...
006 (1262553.000.000) 07/25 13:23:54 Image size of job updated: 227088
	106  -  MemoryUsage of job (MB)
	108492  -  ResidentSetSize of job (KB)
...
005 (1262553.000.000) 07/25 13:34:42 Job terminated.
	(1) Normal termination (return value 0)
		Usr 0 00:02:02, Sys 0 00:00:07  -  Run Remote Usage
		Usr 0 00:00:00, Sys 0 00:00:00  -  Run Local Usage
		Usr 0 00:02:02, Sys 0 00:00:07  -  Total Remote Usage
		Usr 0 00:00:00, Sys 0 00:00:00  -  Total Local Usage
	352652  -  Run Bytes Sent By Job
	283691  -  Run Bytes Received By Job
	352652  -  Total Bytes Sent By Job
	283691  -  Total Bytes Received By Job
	Partitionable Resources :    Usage  Request Allocated
	   Cpus                 :                 1         1
	   Disk (KB)            :  1000000  2048000   9502761
	   Memory (MB)          :      106     1992      1992
...
