000 (1262553.008.000) 07/25 12:33:43 Job submitted from host: <144.92.180.28:9618?addrs=144.92.180.28-9618+[2607-f388-101c-1000--370]-9618&noUDP&sock=5187_6dd5_82>
...
001 (1262553.008.000) 07/25 13:24:24 Job executing on host: <128.104.227.74:9618?addrs=128.104.227.74-9618+[2607-f388-101c-1000--629]-9618&noUDP&sock=10245_cbdc_3>
...
006 (1262553.008.000) 07/25 13:24:32 Image size of job updated: 225924
	106  -  MemoryUsage of job (MB)
	108508  -  ResidentSetSize of job (KB)
...
006 (1262553.008.000) 07/25 13:33:46 Image size of job updated: 256352
	106  -  MemoryUsage of job (MB)
	108508  -  ResidentSetSize of job (KB)
...
005 (1262553.008.000) 07/25 13:33:47 Job terminated.
	(1) Normal termination (return value 0)
		Usr 0 00:02:00, Sys 0 00:00:07  -  Run Remote Usage
		Usr 0 00:00:00, Sys 0 00:00:00  -  Run Local Usage
		Usr 0 00:02:00, Sys 0 00:00:07  -  Total Remote Usage
		Usr 0 00:00:00, Sys 0 00:00:00  -  Total Local Usage
	352581  -  Run Bytes Sent By Job
	283691  -  Run Bytes Received By Job
	352581  -  Total Bytes Sent By Job
	283691  -  Total Bytes Received By Job
	Partitionable Resources :    Usage  Request Allocated
	   Cpus                 :                 1         1
	   Disk (KB)            :  1000000  2048000   9499228
	   Memory (MB)          :      106     1992      1992
...
