000 (691397.005.000) 07/11 11:25:45 Job submitted from host: <144.92.181.245:9618?addrs=144.92.181.245-9618+[2607-f388-101c-1000--372]-9618&noUDP&sock=6179_dbc8_3>
...
001 (691397.005.000) 07/11 11:39:12 Job executing on host: <144.92.180.147:9618?addrs=144.92.180.147-9618+[2607-f388-101c-1000--629]-9618&noUDP&sock=7756_8ca2_3>
...
006 (691397.005.000) 07/11 11:39:20 Image size of job updated: 214872
	106  -  MemoryUsage of job (MB)
	108216  -  ResidentSetSize of job (KB)
...
005 (691397.005.000) 07/11 11:43:53 Job terminated.
	(1) Normal termination (return value 0)
		Usr 0 00:00:47, Sys 0 00:00:03  -  Run Remote Usage
		Usr 0 00:00:00, Sys 0 00:00:00  -  Run Local Usage
		Usr 0 00:00:47, Sys 0 00:00:03  -  Total Remote Usage
		Usr 0 00:00:00, Sys 0 00:00:00  -  Total Local Usage
	304370  -  Run Bytes Sent By Job
	306644  -  Run Bytes Received By Job
	304370  -  Total Bytes Sent By Job
	306644  -  Total Bytes Received By Job
	Partitionable Resources :    Usage  Request Allocated
	   Cpus                 :                 1         1
	   Disk (KB)            :  1000000  2048000   7917508
	   Memory (MB)          :      106     1992      1992
...
