000 (691397.006.000) 07/11 11:25:45 Job submitted from host: <144.92.181.245:9618?addrs=144.92.181.245-9618+[2607-f388-101c-1000--372]-9618&noUDP&sock=6179_dbc8_3>
...
001 (691397.006.000) 07/11 11:39:19 Job executing on host: <128.104.227.102:9618?addrs=128.104.227.102-9618+[2607-f388-101c-1000--51]-9618&noUDP&sock=11664_1cc0_10>
...
006 (691397.006.000) 07/11 11:39:28 Image size of job updated: 216324
	106  -  MemoryUsage of job (MB)
	108004  -  ResidentSetSize of job (KB)
...
005 (691397.006.000) 07/11 11:45:10 Job terminated.
	(1) Normal termination (return value 0)
		Usr 0 00:00:44, Sys 0 00:00:02  -  Run Remote Usage
		Usr 0 00:00:00, Sys 0 00:00:00  -  Run Local Usage
		Usr 0 00:00:44, Sys 0 00:00:02  -  Total Remote Usage
		Usr 0 00:00:00, Sys 0 00:00:00  -  Total Local Usage
	304972  -  Run Bytes Sent By Job
	306644  -  Run Bytes Received By Job
	304972  -  Total Bytes Sent By Job
	306644  -  Total Bytes Received By Job
	Partitionable Resources :    Usage  Request Allocated
	   Cpus                 :                 1         1
	   Disk (KB)            :  1000000  2048000   9502451
	   Memory (MB)          :      106     1992      1992
...
