000 (695957.004.000) 07/12 06:41:45 Job submitted from host: <144.92.181.245:9618?addrs=144.92.181.245-9618+[2607-f388-101c-1000--372]-9618&noUDP&sock=6179_dbc8_3>
...
001 (695957.004.000) 07/12 08:05:41 Job executing on host: <144.92.180.13:9618?addrs=144.92.180.13-9618+[2607-f388-101c-1000--629]-9618&noUDP&sock=7729_0794_3>
...
006 (695957.004.000) 07/12 08:05:50 Image size of job updated: 217412
	106  -  MemoryUsage of job (MB)
	108284  -  ResidentSetSize of job (KB)
...
005 (695957.004.000) 07/12 08:20:54 Job terminated.
	(1) Normal termination (return value 0)
		Usr 0 00:01:26, Sys 0 00:00:04  -  Run Remote Usage
		Usr 0 00:00:00, Sys 0 00:00:00  -  Run Local Usage
		Usr 0 00:01:26, Sys 0 00:00:04  -  Total Remote Usage
		Usr 0 00:00:00, Sys 0 00:00:00  -  Total Local Usage
	286113  -  Run Bytes Sent By Job
	281287  -  Run Bytes Received By Job
	286113  -  Total Bytes Sent By Job
	281287  -  Total Bytes Received By Job
	Partitionable Resources :    Usage  Request Allocated
	   Cpus                 :                 1         1
	   Disk (KB)            :  1000000  2048000   7917832
	   Memory (MB)          :      106     1992      1992
...
