000 (695957.005.000) 07/12 06:41:45 Job submitted from host: <144.92.181.245:9618?addrs=144.92.181.245-9618+[2607-f388-101c-1000--372]-9618&noUDP&sock=6179_dbc8_3>
...
001 (695957.005.000) 07/12 08:05:42 Job executing on host: <144.92.180.124:9618?addrs=144.92.180.124-9618+[2607-f388-101c-1000--629]-9618&noUDP&sock=7559_6c7a_3>
...
006 (695957.005.000) 07/12 08:05:50 Image size of job updated: 208700
	106  -  MemoryUsage of job (MB)
	108284  -  ResidentSetSize of job (KB)
...
006 (695957.005.000) 07/12 08:25:50 Image size of job updated: 241356
	236  -  MemoryUsage of job (MB)
	241356  -  ResidentSetSize of job (KB)
...
006 (695957.005.000) 07/12 08:27:57 Image size of job updated: 243564
	236  -  MemoryUsage of job (MB)
	241356  -  ResidentSetSize of job (KB)
...
005 (695957.005.000) 07/12 08:27:58 Job terminated.
	(1) Normal termination (return value 0)
		Usr 0 00:01:08, Sys 0 00:00:06  -  Run Remote Usage
		Usr 0 00:00:00, Sys 0 00:00:00  -  Run Local Usage
		Usr 0 00:01:08, Sys 0 00:00:06  -  Total Remote Usage
		Usr 0 00:00:00, Sys 0 00:00:00  -  Total Local Usage
	284458  -  Run Bytes Sent By Job
	281287  -  Run Bytes Received By Job
	284458  -  Total Bytes Sent By Job
	281287  -  Total Bytes Received By Job
	Partitionable Resources :    Usage  Request Allocated
	   Cpus                 :                 1         1
	   Disk (KB)            :  1000000  2048000   6333786
	   Memory (MB)          :      236     1992      1992
...
