000 (695957.007.000) 07/12 06:41:45 Job submitted from host: <144.92.181.245:9618?addrs=144.92.181.245-9618+[2607-f388-101c-1000--372]-9618&noUDP&sock=6179_dbc8_3>
...
001 (695957.007.000) 07/12 08:05:49 Job executing on host: <128.104.227.50:9618?addrs=128.104.227.50-9618+[2607-f388-101c-1000--629]-9618&noUDP&sock=10316_7f15_3>
...
006 (695957.007.000) 07/12 08:05:58 Image size of job updated: 110072
	106  -  MemoryUsage of job (MB)
	108288  -  ResidentSetSize of job (KB)
...
006 (695957.007.000) 07/12 08:25:59 Image size of job updated: 276688
	270  -  MemoryUsage of job (MB)
	276356  -  ResidentSetSize of job (KB)
...
005 (695957.007.000) 07/12 08:29:04 Job terminated.
	(1) Normal termination (return value 0)
		Usr 0 00:01:43, Sys 0 00:00:05  -  Run Remote Usage
		Usr 0 00:00:00, Sys 0 00:00:00  -  Run Local Usage
		Usr 0 00:01:43, Sys 0 00:00:05  -  Total Remote Usage
		Usr 0 00:00:00, Sys 0 00:00:00  -  Total Local Usage
	286425  -  Run Bytes Sent By Job
	281287  -  Run Bytes Received By Job
	286425  -  Total Bytes Sent By Job
	281287  -  Total Bytes Received By Job
	Partitionable Resources :    Usage  Request Allocated
	   Cpus                 :                 1         1
	   Disk (KB)            :  1000000  2048000   9498760
	   Memory (MB)          :      270     1992      1992
...
