000 (695957.008.000) 07/12 06:41:45 Job submitted from host: <144.92.181.245:9618?addrs=144.92.181.245-9618+[2607-f388-101c-1000--372]-9618&noUDP&sock=6179_dbc8_3>
...
001 (695957.008.000) 07/12 08:05:50 Job executing on host: <128.104.227.50:9618?addrs=128.104.227.50-9618+[2607-f388-101c-1000--629]-9618&noUDP&sock=10316_7f15_3>
...
006 (695957.008.000) 07/12 08:05:58 Image size of job updated: 186028
	106  -  MemoryUsage of job (MB)
	108284  -  ResidentSetSize of job (KB)
...
006 (695957.008.000) 07/12 08:25:58 Image size of job updated: 186028
	128  -  MemoryUsage of job (MB)
	130352  -  ResidentSetSize of job (KB)
...
005 (695957.008.000) 07/12 08:28:43 Job terminated.
	(1) Normal termination (return value 0)
		Usr 0 00:01:08, Sys 0 00:00:04  -  Run Remote Usage
		Usr 0 00:00:00, Sys 0 00:00:00  -  Run Local Usage
		Usr 0 00:01:08, Sys 0 00:00:04  -  Total Remote Usage
		Usr 0 00:00:00, Sys 0 00:00:00  -  Total Local Usage
	284770  -  Run Bytes Sent By Job
	281287  -  Run Bytes Received By Job
	284770  -  Total Bytes Sent By Job
	281287  -  Total Bytes Received By Job
	Partitionable Resources :    Usage  Request Allocated
	   Cpus                 :                 1         1
	   Disk (KB)            :  1000000  2048000   9498760
	   Memory (MB)          :      128     1992      1992
...
