000 (690065.003.000) 07/11 07:30:52 Job submitted from host: <144.92.181.245:9618?addrs=144.92.181.245-9618+[2607-f388-101c-1000--372]-9618&noUDP&sock=6179_dbc8_3>
...
001 (690065.003.000) 07/11 08:31:06 Job executing on host: <128.104.227.85:9618?addrs=128.104.227.85-9618+[2607-f388-101c-1000--629]-9618&noUDP&sock=11857_7e87_10>
...
006 (690065.003.000) 07/11 08:31:15 Image size of job updated: 224692
	106  -  MemoryUsage of job (MB)
	107924  -  ResidentSetSize of job (KB)
...
005 (690065.003.000) 07/11 08:45:23 Job terminated.
	(1) Normal termination (return value 0)
		Usr 0 00:02:04, Sys 0 00:00:07  -  Run Remote Usage
		Usr 0 00:00:00, Sys 0 00:00:00  -  Run Local Usage
		Usr 0 00:02:04, Sys 0 00:00:07  -  Total Remote Usage
		Usr 0 00:00:00, Sys 0 00:00:00  -  Total Local Usage
	330042  -  Run Bytes Sent By Job
	302156  -  Run Bytes Received By Job
	330042  -  Total Bytes Sent By Job
	302156  -  Total Bytes Received By Job
	Partitionable Resources :    Usage  Request Allocated
	   Cpus                 :                 1         1
	   Disk (KB)            :  1000000  2048000   9503925
	   Memory (MB)          :      106     1992      1992
...
