file path found: /hdfs/store/user/varuns/Run2018_17Sep2018_May2019/EGamma/crab_job_EGamma2018B/190528_233825/0001/Data_EGamma2018B_1044.root
name: Data_EGamma2018B_1044.root
filenumber: 0
Adding FullPathInputFile to chain:/hdfs/store/user/varuns/Run2018_17Sep2018_May2019/EGamma/crab_job_EGamma2018B/190528_233825/0001/Data_EGamma2018B_1044.root

file path found: /hdfs/store/user/varuns/Run2018_17Sep2018_May2019/EGamma/crab_job_EGamma2018B/190528_233825/0001/Data_EGamma2018B_1047.root
name: Data_EGamma2018B_1047.root
filenumber: 1
Adding FullPathInputFile to chain:/hdfs/store/user/varuns/Run2018_17Sep2018_May2019/EGamma/crab_job_EGamma2018B/190528_233825/0001/Data_EGamma2018B_1047.root

file path found: /hdfs/store/user/varuns/Run2018_17Sep2018_May2019/EGamma/crab_job_EGamma2018B/190528_233825/0001/Data_EGamma2018B_1089.root
name: Data_EGamma2018B_1089.root
filenumber: 2
Adding FullPathInputFile to chain:/hdfs/store/user/varuns/Run2018_17Sep2018_May2019/EGamma/crab_job_EGamma2018B/190528_233825/0001/Data_EGamma2018B_1089.root

file path found: /hdfs/store/user/varuns/Run2018_17Sep2018_May2019/EGamma/crab_job_EGamma2018B/190528_233825/0001/Data_EGamma2018B_1183.root
name: Data_EGamma2018B_1183.root
filenumber: 3
Adding FullPathInputFile to chain:/hdfs/store/user/varuns/Run2018_17Sep2018_May2019/EGamma/crab_job_EGamma2018B/190528_233825/0001/Data_EGamma2018B_1183.root

file path found: /hdfs/store/user/varuns/Run2018_17Sep2018_May2019/EGamma/crab_job_EGamma2018B/190528_233825/0001/Data_EGamma2018B_1185.root
name: Data_EGamma2018B_1185.root
filenumber: 4
Adding FullPathInputFile to chain:/hdfs/store/user/varuns/Run2018_17Sep2018_May2019/EGamma/crab_job_EGamma2018B/190528_233825/0001/Data_EGamma2018B_1185.root

file path found: /hdfs/store/user/varuns/Run2018_17Sep2018_May2019/EGamma/crab_job_EGamma2018B/190528_233825/0001/Data_EGamma2018B_1186.root
name: Data_EGamma2018B_1186.root
filenumber: 5
Adding FullPathInputFile to chain:/hdfs/store/user/varuns/Run2018_17Sep2018_May2019/EGamma/crab_job_EGamma2018B/190528_233825/0001/Data_EGamma2018B_1186.root

file path found: /hdfs/store/user/varuns/Run2018_17Sep2018_May2019/EGamma/crab_job_EGamma2018B/190528_233825/0001/Data_EGamma2018B_1189.root
name: Data_EGamma2018B_1189.root
filenumber: 6
Adding FullPathInputFile to chain:/hdfs/store/user/varuns/Run2018_17Sep2018_May2019/EGamma/crab_job_EGamma2018B/190528_233825/0001/Data_EGamma2018B_1189.root

file path found: /hdfs/store/user/varuns/Run2018_17Sep2018_May2019/EGamma/crab_job_EGamma2018B/190528_233825/0001/Data_EGamma2018B_1190.root
name: Data_EGamma2018B_1190.root
filenumber: 7
Adding FullPathInputFile to chain:/hdfs/store/user/varuns/Run2018_17Sep2018_May2019/EGamma/crab_job_EGamma2018B/190528_233825/0001/Data_EGamma2018B_1190.root

file path found: /hdfs/store/user/varuns/Run2018_17Sep2018_May2019/EGamma/crab_job_EGamma2018B/190528_233825/0001/Data_EGamma2018B_1220.root
name: Data_EGamma2018B_1220.root
filenumber: 8
Adding FullPathInputFile to chain:/hdfs/store/user/varuns/Run2018_17Sep2018_May2019/EGamma/crab_job_EGamma2018B/190528_233825/0001/Data_EGamma2018B_1220.root

file path found: /hdfs/store/user/varuns/Run2018_17Sep2018_May2019/EGamma/crab_job_EGamma2018B/190528_233825/0001/Data_EGamma2018B_1275.root
name: Data_EGamma2018B_1275.root
filenumber: 9
Adding FullPathInputFile to chain:/hdfs/store/user/varuns/Run2018_17Sep2018_May2019/EGamma/crab_job_EGamma2018B/190528_233825/0001/Data_EGamma2018B_1275.root

file path found: /hdfs/store/user/varuns/Run2018_17Sep2018_May2019/EGamma/crab_job_EGamma2018B/190528_233825/0001/Data_EGamma2018B_1387.root
name: Data_EGamma2018B_1387.root
filenumber: 10
Adding FullPathInputFile to chain:/hdfs/store/user/varuns/Run2018_17Sep2018_May2019/EGamma/crab_job_EGamma2018B/190528_233825/0001/Data_EGamma2018B_1387.root

file path found: /hdfs/store/user/varuns/Run2018_17Sep2018_May2019/EGamma/crab_job_EGamma2018B/190528_233825/0001/Data_EGamma2018B_1396.root
name: Data_EGamma2018B_1396.root
filenumber: 11
Adding FullPathInputFile to chain:/hdfs/store/user/varuns/Run2018_17Sep2018_May2019/EGamma/crab_job_EGamma2018B/190528_233825/0001/Data_EGamma2018B_1396.root

file path found: /hdfs/store/user/varuns/Run2018_17Sep2018_May2019/EGamma/crab_job_EGamma2018B/190528_233825/0001/Data_EGamma2018B_1516.root
name: Data_EGamma2018B_1516.root
filenumber: 12
Adding FullPathInputFile to chain:/hdfs/store/user/varuns/Run2018_17Sep2018_May2019/EGamma/crab_job_EGamma2018B/190528_233825/0001/Data_EGamma2018B_1516.root

file path found: /hdfs/store/user/varuns/Run2018_17Sep2018_May2019/EGamma/crab_job_EGamma2018B/190528_233825/0001/Data_EGamma2018B_1556.root
name: Data_EGamma2018B_1556.root
filenumber: 13
Adding FullPathInputFile to chain:/hdfs/store/user/varuns/Run2018_17Sep2018_May2019/EGamma/crab_job_EGamma2018B/190528_233825/0001/Data_EGamma2018B_1556.root

file path found: /hdfs/store/user/varuns/Run2018_17Sep2018_May2019/EGamma/crab_job_EGamma2018B/190528_233825/0001/Data_EGamma2018B_1557.root
name: Data_EGamma2018B_1557.root
filenumber: 14
Adding FullPathInputFile to chain:/hdfs/store/user/varuns/Run2018_17Sep2018_May2019/EGamma/crab_job_EGamma2018B/190528_233825/0001/Data_EGamma2018B_1557.root

file path found: /hdfs/store/user/varuns/Run2018_17Sep2018_May2019/EGamma/crab_job_EGamma2018B/190528_233825/0001/Data_EGamma2018B_1589.root
name: Data_EGamma2018B_1589.root
filenumber: 15
Adding FullPathInputFile to chain:/hdfs/store/user/varuns/Run2018_17Sep2018_May2019/EGamma/crab_job_EGamma2018B/190528_233825/0001/Data_EGamma2018B_1589.root

file path found: /hdfs/store/user/varuns/Run2018_17Sep2018_May2019/EGamma/crab_job_EGamma2018B/190528_233825/0001/Data_EGamma2018B_1590.root
name: Data_EGamma2018B_1590.root
filenumber: 16
Adding FullPathInputFile to chain:/hdfs/store/user/varuns/Run2018_17Sep2018_May2019/EGamma/crab_job_EGamma2018B/190528_233825/0001/Data_EGamma2018B_1590.root

file path found: /hdfs/store/user/varuns/Run2018_17Sep2018_May2019/EGamma/crab_job_EGamma2018B/190528_233825/0001/Data_EGamma2018B_1591.root
name: Data_EGamma2018B_1591.root
filenumber: 17
Adding FullPathInputFile to chain:/hdfs/store/user/varuns/Run2018_17Sep2018_May2019/EGamma/crab_job_EGamma2018B/190528_233825/0001/Data_EGamma2018B_1591.root

file path found: /hdfs/store/user/varuns/Run2018_17Sep2018_May2019/EGamma/crab_job_EGamma2018B/190528_233825/0001/Data_EGamma2018B_1606.root
name: Data_EGamma2018B_1606.root
filenumber: 18
Adding FullPathInputFile to chain:/hdfs/store/user/varuns/Run2018_17Sep2018_May2019/EGamma/crab_job_EGamma2018B/190528_233825/0001/Data_EGamma2018B_1606.root

file path found: /hdfs/store/user/varuns/Run2018_17Sep2018_May2019/EGamma/crab_job_EGamma2018B/190528_233825/0001/Data_EGamma2018B_1609.root
name: Data_EGamma2018B_1609.root
filenumber: 19
Adding FullPathInputFile to chain:/hdfs/store/user/varuns/Run2018_17Sep2018_May2019/EGamma/crab_job_EGamma2018B/190528_233825/0001/Data_EGamma2018B_1609.root

file path found: /hdfs/store/user/varuns/Run2018_17Sep2018_May2019/EGamma/crab_job_EGamma2018B/190528_233825/0001/Data_EGamma2018B_1613.root
name: Data_EGamma2018B_1613.root
filenumber: 20
Adding FullPathInputFile to chain:/hdfs/store/user/varuns/Run2018_17Sep2018_May2019/EGamma/crab_job_EGamma2018B/190528_233825/0001/Data_EGamma2018B_1613.root

file path found: /hdfs/store/user/varuns/Run2018_17Sep2018_May2019/EGamma/crab_job_EGamma2018B/190528_233825/0001/Data_EGamma2018B_1614.root
name: Data_EGamma2018B_1614.root
filenumber: 21
Adding FullPathInputFile to chain:/hdfs/store/user/varuns/Run2018_17Sep2018_May2019/EGamma/crab_job_EGamma2018B/190528_233825/0001/Data_EGamma2018B_1614.root

file path found: /hdfs/store/user/varuns/Run2018_17Sep2018_May2019/EGamma/crab_job_EGamma2018B/190528_233825/0001/Data_EGamma2018B_1617.root
name: Data_EGamma2018B_1617.root
filenumber: 22
Adding FullPathInputFile to chain:/hdfs/store/user/varuns/Run2018_17Sep2018_May2019/EGamma/crab_job_EGamma2018B/190528_233825/0001/Data_EGamma2018B_1617.root

file path found: /hdfs/store/user/varuns/Run2018_17Sep2018_May2019/EGamma/crab_job_EGamma2018B/190528_233825/0001/Data_EGamma2018B_1619.root
name: Data_EGamma2018B_1619.root
filenumber: 23
Adding FullPathInputFile to chain:/hdfs/store/user/varuns/Run2018_17Sep2018_May2019/EGamma/crab_job_EGamma2018B/190528_233825/0001/Data_EGamma2018B_1619.root

file path found: /hdfs/store/user/varuns/Run2018_17Sep2018_May2019/EGamma/crab_job_EGamma2018B/190528_233825/0001/Data_EGamma2018B_1620.root
name: Data_EGamma2018B_1620.root
filenumber: 24
Adding FullPathInputFile to chain:/hdfs/store/user/varuns/Run2018_17Sep2018_May2019/EGamma/crab_job_EGamma2018B/190528_233825/0001/Data_EGamma2018B_1620.root

file path found: /hdfs/store/user/varuns/Run2018_17Sep2018_May2019/EGamma/crab_job_EGamma2018B/190528_233825/0001/Data_EGamma2018B_1622.root
name: Data_EGamma2018B_1622.root
filenumber: 25
Adding FullPathInputFile to chain:/hdfs/store/user/varuns/Run2018_17Sep2018_May2019/EGamma/crab_job_EGamma2018B/190528_233825/0001/Data_EGamma2018B_1622.root

file path found: /hdfs/store/user/varuns/Run2018_17Sep2018_May2019/EGamma/crab_job_EGamma2018B/190528_233825/0001/Data_EGamma2018B_1625.root
name: Data_EGamma2018B_1625.root
filenumber: 26
Adding FullPathInputFile to chain:/hdfs/store/user/varuns/Run2018_17Sep2018_May2019/EGamma/crab_job_EGamma2018B/190528_233825/0001/Data_EGamma2018B_1625.root

file path found: /hdfs/store/user/varuns/Run2018_17Sep2018_May2019/EGamma/crab_job_EGamma2018B/190528_233825/0001/Data_EGamma2018B_1626.root
name: Data_EGamma2018B_1626.root
filenumber: 27
Adding FullPathInputFile to chain:/hdfs/store/user/varuns/Run2018_17Sep2018_May2019/EGamma/crab_job_EGamma2018B/190528_233825/0001/Data_EGamma2018B_1626.root

file path found: /hdfs/store/user/varuns/Run2018_17Sep2018_May2019/EGamma/crab_job_EGamma2018B/190528_233825/0001/Data_EGamma2018B_1652.root
name: Data_EGamma2018B_1652.root
filenumber: 28
Adding FullPathInputFile to chain:/hdfs/store/user/varuns/Run2018_17Sep2018_May2019/EGamma/crab_job_EGamma2018B/190528_233825/0001/Data_EGamma2018B_1652.root

file path found: /hdfs/store/user/varuns/Run2018_17Sep2018_May2019/EGamma/crab_job_EGamma2018B/190528_233825/0001/Data_EGamma2018B_1664.root
name: Data_EGamma2018B_1664.root
filenumber: 29
Adding FullPathInputFile to chain:/hdfs/store/user/varuns/Run2018_17Sep2018_May2019/EGamma/crab_job_EGamma2018B/190528_233825/0001/Data_EGamma2018B_1664.root

file path found: /hdfs/store/user/varuns/Run2018_17Sep2018_May2019/EGamma/crab_job_EGamma2018B/190528_233825/0001/Data_EGamma2018B_1665.root
name: Data_EGamma2018B_1665.root
filenumber: 30
Adding FullPathInputFile to chain:/hdfs/store/user/varuns/Run2018_17Sep2018_May2019/EGamma/crab_job_EGamma2018B/190528_233825/0001/Data_EGamma2018B_1665.root

file path found: /hdfs/store/user/varuns/Run2018_17Sep2018_May2019/EGamma/crab_job_EGamma2018B/190528_233825/0001/Data_EGamma2018B_1666.root
name: Data_EGamma2018B_1666.root
filenumber: 31
Adding FullPathInputFile to chain:/hdfs/store/user/varuns/Run2018_17Sep2018_May2019/EGamma/crab_job_EGamma2018B/190528_233825/0001/Data_EGamma2018B_1666.root

file path found: /hdfs/store/user/varuns/Run2018_17Sep2018_May2019/EGamma/crab_job_EGamma2018B/190528_233825/0001/Data_EGamma2018B_1669.root
name: Data_EGamma2018B_1669.root
filenumber: 32
Adding FullPathInputFile to chain:/hdfs/store/user/varuns/Run2018_17Sep2018_May2019/EGamma/crab_job_EGamma2018B/190528_233825/0001/Data_EGamma2018B_1669.root

file path found: /hdfs/store/user/varuns/Run2018_17Sep2018_May2019/EGamma/crab_job_EGamma2018B/190528_233825/0001/Data_EGamma2018B_1671.root
name: Data_EGamma2018B_1671.root
filenumber: 33
Adding FullPathInputFile to chain:/hdfs/store/user/varuns/Run2018_17Sep2018_May2019/EGamma/crab_job_EGamma2018B/190528_233825/0001/Data_EGamma2018B_1671.root

file path found: /hdfs/store/user/varuns/Run2018_17Sep2018_May2019/EGamma/crab_job_EGamma2018B/190528_233825/0001/Data_EGamma2018B_1672.root
name: Data_EGamma2018B_1672.root
filenumber: 34
Adding FullPathInputFile to chain:/hdfs/store/user/varuns/Run2018_17Sep2018_May2019/EGamma/crab_job_EGamma2018B/190528_233825/0001/Data_EGamma2018B_1672.root

file path found: /hdfs/store/user/varuns/Run2018_17Sep2018_May2019/EGamma/crab_job_EGamma2018B/190528_233825/0001/Data_EGamma2018B_1673.root
name: Data_EGamma2018B_1673.root
filenumber: 35
Adding FullPathInputFile to chain:/hdfs/store/user/varuns/Run2018_17Sep2018_May2019/EGamma/crab_job_EGamma2018B/190528_233825/0001/Data_EGamma2018B_1673.root

file path found: /hdfs/store/user/varuns/Run2018_17Sep2018_May2019/EGamma/crab_job_EGamma2018B/190528_233825/0001/Data_EGamma2018B_1678.root
name: Data_EGamma2018B_1678.root
filenumber: 36
file path found: /hdfs/store/user/varuns/Run2018_17Sep2018_May2019/EGamma/crab_job_EGamma2018B/190528_233825/0001/Data_EGamma2018B_1680.root
name: Data_EGamma2018B_1680.root
filenumber: 37
file path found: /hdfs/store/user/varuns/Run2018_17Sep2018_May2019/EGamma/crab_job_EGamma2018B/190528_233825/0001/Data_EGamma2018B_1681.root
name: Data_EGamma2018B_1681.root
filenumber: 38
file path found: /hdfs/store/user/varuns/Run2018_17Sep2018_May2019/EGamma/crab_job_EGamma2018B/190528_233825/0001/Data_EGamma2018B_1682.root
name: Data_EGamma2018B_1682.root
filenumber: 39
file path found: /hdfs/store/user/varuns/Run2018_17Sep2018_May2019/EGamma/crab_job_EGamma2018B/190528_233825/0001/Data_EGamma2018B_1684.root
name: Data_EGamma2018B_1684.root
filenumber: 40
file path found: /hdfs/store/user/varuns/Run2018_17Sep2018_May2019/EGamma/crab_job_EGamma2018B/190528_233825/0001/Data_EGamma2018B_1685.root
name: Data_EGamma2018B_1685.root
filenumber: 41
file path found: /hdfs/store/user/varuns/Run2018_17Sep2018_May2019/EGamma/crab_job_EGamma2018B/190528_233825/0001/Data_EGamma2018B_1687.root
name: Data_EGamma2018B_1687.root
filenumber: 42
file path found: /hdfs/store/user/varuns/Run2018_17Sep2018_May2019/EGamma/crab_job_EGamma2018B/190528_233825/0001/Data_EGamma2018B_1693.root
name: Data_EGamma2018B_1693.root
filenumber: 43
file path found: /hdfs/store/user/varuns/Run2018_17Sep2018_May2019/EGamma/crab_job_EGamma2018B/190528_233825/0001/Data_EGamma2018B_1704.root
name: Data_EGamma2018B_1704.root
filenumber: 44
file path found: /hdfs/store/user/varuns/Run2018_17Sep2018_May2019/EGamma/crab_job_EGamma2018B/190528_233825/0001/Data_EGamma2018B_1705.root
name: Data_EGamma2018B_1705.root
filenumber: 45
file path found: /hdfs/store/user/varuns/Run2018_17Sep2018_May2019/EGamma/crab_job_EGamma2018B/190528_233825/0001/Data_EGamma2018B_1707.root
name: Data_EGamma2018B_1707.root
filenumber: 46
file path found: /hdfs/store/user/varuns/Run2018_17Sep2018_May2019/EGamma/crab_job_EGamma2018B/190528_233825/0001/Data_EGamma2018B_1715.root
name: Data_EGamma2018B_1715.root
filenumber: 47
file path found: /hdfs/store/user/varuns/Run2018_17Sep2018_May2019/EGamma/crab_job_EGamma2018B/190528_233825/0001/Data_EGamma2018B_1717.root
name: Data_EGamma2018B_1717.root
filenumber: 48
file path found: /hdfs/store/user/varuns/Run2018_17Sep2018_May2019/EGamma/crab_job_EGamma2018B/190528_233825/0001/Data_EGamma2018B_1719.root
name: Data_EGamma2018B_1719.root
filenumber: 49
file path found: /hdfs/store/user/varuns/Run2018_17Sep2018_May2019/EGamma/crab_job_EGamma2018B/190528_233825/0001/Data_EGamma2018B_1720.root
name: Data_EGamma2018B_1720.root
filenumber: 50
file path found: /hdfs/store/user/varuns/Run2018_17Sep2018_May2019/EGamma/crab_job_EGamma2018B/190528_233825/0001/Data_EGamma2018B_1721.root
name: Data_EGamma2018B_1721.root
filenumber: 51
file path found: /hdfs/store/user/varuns/Run2018_17Sep2018_May2019/EGamma/crab_job_EGamma2018B/190528_233825/0001/Data_EGamma2018B_1728.root
name: Data_EGamma2018B_1728.root
filenumber: 52
file path found: /hdfs/store/user/varuns/Run2018_17Sep2018_May2019/EGamma/crab_job_EGamma2018B/190528_233825/0001/Data_EGamma2018B_1729.root
name: Data_EGamma2018B_1729.root
filenumber: 53
file path found: /hdfs/store/user/varuns/Run2018_17Sep2018_May2019/EGamma/crab_job_EGamma2018B/190528_233825/0001/Data_EGamma2018B_1730.root
name: Data_EGamma2018B_1730.root
filenumber: 54
file path found: /hdfs/store/user/varuns/Run2018_17Sep2018_May2019/EGamma/crab_job_EGamma2018B/190528_233825/0001/Data_EGamma2018B_1733.root
name: Data_EGamma2018B_1733.root
filenumber: 55
file path found: /hdfs/store/user/varuns/Run2018_17Sep2018_May2019/EGamma/crab_job_EGamma2018B/190528_233825/0001/Data_EGamma2018B_1735.root
name: Data_EGamma2018B_1735.root
filenumber: 56
file path found: /hdfs/store/user/varuns/Run2018_17Sep2018_May2019/EGamma/crab_job_EGamma2018B/190528_233825/0001/Data_EGamma2018B_1736.root
name: Data_EGamma2018B_1736.root
filenumber: 57
file path found: /hdfs/store/user/varuns/Run2018_17Sep2018_May2019/EGamma/crab_job_EGamma2018B/190528_233825/0001/Data_EGamma2018B_1737.root
name: Data_EGamma2018B_1737.root
filenumber: 58
file path found: /hdfs/store/user/varuns/Run2018_17Sep2018_May2019/EGamma/crab_job_EGamma2018B/190528_233825/0001/Data_EGamma2018B_1739.root
name: Data_EGamma2018B_1739.root
filenumber: 59
file path found: /hdfs/store/user/varuns/Run2018_17Sep2018_May2019/EGamma/crab_job_EGamma2018B/190528_233825/0001/Data_EGamma2018B_1743.root
name: Data_EGamma2018B_1743.root
filenumber: 60
file path found: /hdfs/store/user/varuns/Run2018_17Sep2018_May2019/EGamma/crab_job_EGamma2018B/190528_233825/0001/Data_EGamma2018B_1746.root
name: Data_EGamma2018B_1746.root
filenumber: 61
file path found: /hdfs/store/user/varuns/Run2018_17Sep2018_May2019/EGamma/crab_job_EGamma2018B/190528_233825/0001/Data_EGamma2018B_1748.root
name: Data_EGamma2018B_1748.root
filenumber: 62
file path found: /hdfs/store/user/varuns/Run2018_17Sep2018_May2019/EGamma/crab_job_EGamma2018B/190528_233825/0001/Data_EGamma2018B_1749.root
name: Data_EGamma2018B_1749.root
filenumber: 63
file path found: /hdfs/store/user/varuns/Run2018_17Sep2018_May2019/EGamma/crab_job_EGamma2018B/190528_233825/0001/Data_EGamma2018B_1750.root
name: Data_EGamma2018B_1750.root
filenumber: 64
file path found: /hdfs/store/user/varuns/Run2018_17Sep2018_May2019/EGamma/crab_job_EGamma2018B/190528_233825/0001/Data_EGamma2018B_1751.root
name: Data_EGamma2018B_1751.root
filenumber: 65
file path found: /hdfs/store/user/varuns/Run2018_17Sep2018_May2019/EGamma/crab_job_EGamma2018B/190528_233825/0001/Data_EGamma2018B_1752.root
name: Data_EGamma2018B_1752.root
filenumber: 66
file path found: /hdfs/store/user/varuns/Run2018_17Sep2018_May2019/EGamma/crab_job_EGamma2018B/190528_233825/0001/Data_EGamma2018B_1753.root
name: Data_EGamma2018B_1753.root
filenumber: 67
file path found: /hdfs/store/user/varuns/Run2018_17Sep2018_May2019/EGamma/crab_job_EGamma2018B/190528_233825/0001/Data_EGamma2018B_1755.root
name: Data_EGamma2018B_1755.root
filenumber: 68
file path found: /hdfs/store/user/varuns/Run2018_17Sep2018_May2019/EGamma/crab_job_EGamma2018B/190528_233825/0001/Data_EGamma2018B_1759.root
name: Data_EGamma2018B_1759.root
filenumber: 69
file path found: /hdfs/store/user/varuns/Run2018_17Sep2018_May2019/EGamma/crab_job_EGamma2018B/190528_233825/0001/Data_EGamma2018B_1919.root
name: Data_EGamma2018B_1919.root
filenumber: 70
file path found: /hdfs/store/user/varuns/Run2018_17Sep2018_May2019/EGamma/crab_job_EGamma2018B/190528_233825/0001/Data_EGamma2018B_1920.root
name: Data_EGamma2018B_1920.root
filenumber: 71
file path found: /hdfs/store/user/varuns/Run2018_17Sep2018_May2019/EGamma/crab_job_EGamma2018B/190528_233825/0001/.
name: .
filenumber: 72
file path found: /hdfs/store/user/varuns/Run2018_17Sep2018_May2019/EGamma/crab_job_EGamma2018B/190528_233825/0001/..
name: ..
filenumber: 73
36 files added.
Initializing chain.
Coming in: 
nentries:678631
Running over 678631 events.
Finished entry 0/678630
Finished entry 10000/678630
Finished entry 20000/678630
Finished entry 30000/678630
Finished entry 40000/678630
Finished entry 50000/678630
Finished entry 60000/678630
Finished entry 70000/678630
Finished entry 80000/678630
Finished entry 90000/678630
Finished entry 100000/678630
Finished entry 110000/678630
Finished entry 120000/678630
Finished entry 130000/678630
Finished entry 140000/678630
Finished entry 150000/678630
Finished entry 160000/678630
Finished entry 170000/678630
Finished entry 180000/678630
Finished entry 190000/678630
Finished entry 200000/678630
Finished entry 210000/678630
Finished entry 220000/678630
Finished entry 230000/678630
Finished entry 240000/678630
Finished entry 250000/678630
Finished entry 260000/678630
Finished entry 270000/678630
Finished entry 280000/678630
Finished entry 290000/678630
Finished entry 300000/678630
Finished entry 310000/678630
Finished entry 320000/678630
Finished entry 330000/678630
Finished entry 340000/678630
Finished entry 350000/678630
Finished entry 360000/678630
Finished entry 370000/678630
Finished entry 380000/678630
Finished entry 390000/678630
Finished entry 400000/678630
Finished entry 410000/678630
Finished entry 420000/678630
Finished entry 430000/678630
Finished entry 440000/678630
Finished entry 450000/678630
Finished entry 460000/678630
Finished entry 470000/678630
Finished entry 480000/678630
Finished entry 490000/678630
Finished entry 500000/678630
Finished entry 510000/678630
Finished entry 520000/678630
Finished entry 530000/678630
Finished entry 540000/678630
Finished entry 550000/678630
Finished entry 560000/678630
Finished entry 570000/678630
Finished entry 580000/678630
Finished entry 590000/678630
Finished entry 600000/678630
Finished entry 610000/678630
Finished entry 620000/678630
Finished entry 630000/678630
Finished entry 640000/678630
Finished entry 650000/678630
Finished entry 660000/678630
Finished entry 670000/678630
