000 (691465.001.000) 07/11 11:27:20 Job submitted from host: <144.92.181.245:9618?addrs=144.92.181.245-9618+[2607-f388-101c-1000--372]-9618&noUDP&sock=6179_dbc8_3>
...
001 (691465.001.000) 07/11 11:58:50 Job executing on host: <144.92.180.151:9618?addrs=144.92.180.151-9618+[2607-f388-101c-1000--629]-9618&noUDP&sock=7556_5db1_3>
...
006 (691465.001.000) 07/11 11:58:59 Image size of job updated: 181916
	106  -  MemoryUsage of job (MB)
	108404  -  ResidentSetSize of job (KB)
...
006 (691465.001.000) 07/11 12:18:59 Image size of job updated: 236952
	231  -  MemoryUsage of job (MB)
	236372  -  ResidentSetSize of job (KB)
...
005 (691465.001.000) 07/11 12:28:46 Job terminated.
	(1) Normal termination (return value 0)
		Usr 0 00:02:27, Sys 0 00:00:07  -  Run Remote Usage
		Usr 0 00:00:00, Sys 0 00:00:00  -  Run Local Usage
		Usr 0 00:02:27, Sys 0 00:00:07  -  Total Remote Usage
		Usr 0 00:00:00, Sys 0 00:00:00  -  Total Local Usage
	418621  -  Run Bytes Sent By Job
	306644  -  Run Bytes Received By Job
	418621  -  Total Bytes Sent By Job
	306644  -  Total Bytes Received By Job
	Partitionable Resources :    Usage  Request Allocated
	   Cpus                 :                 1         1
	   Disk (KB)            :  1000000  2048000   7919061
	   Memory (MB)          :      231     1992      1992
...
