000 (690031.006.000) 07/11 07:30:03 Job submitted from host: <144.92.181.245:9618?addrs=144.92.181.245-9618+[2607-f388-101c-1000--372]-9618&noUDP&sock=6179_dbc8_3>
...
001 (690031.006.000) 07/11 08:04:00 Job executing on host: <144.92.180.113:9618?addrs=144.92.180.113-9618+[2607-f388-101c-1000--629]-9618&noUDP&sock=7609_b836_3>
...
006 (690031.006.000) 07/11 08:04:09 Image size of job updated: 226728
	106  -  MemoryUsage of job (MB)
	107744  -  ResidentSetSize of job (KB)
...
005 (690031.006.000) 07/11 08:08:40 Job terminated.
	(1) Normal termination (return value 0)
		Usr 0 00:00:47, Sys 0 00:00:03  -  Run Remote Usage
		Usr 0 00:00:00, Sys 0 00:00:00  -  Run Local Usage
		Usr 0 00:00:47, Sys 0 00:00:03  -  Total Remote Usage
		Usr 0 00:00:00, Sys 0 00:00:00  -  Total Local Usage
	286675  -  Run Bytes Sent By Job
	302156  -  Run Bytes Received By Job
	286675  -  Total Bytes Sent By Job
	302156  -  Total Bytes Received By Job
	Partitionable Resources :    Usage  Request Allocated
	   Cpus                 :                 1         1
	   Disk (KB)            :  1000000  2048000   6334004
	   Memory (MB)          :      106     1992      1992
...
