000 (690123.005.000) 07/11 07:32:22 Job submitted from host: <144.92.181.245:9618?addrs=144.92.181.245-9618+[2607-f388-101c-1000--372]-9618&noUDP&sock=6179_dbc8_3>
...
001 (690123.005.000) 07/11 09:33:43 Job executing on host: <144.92.181.173:9618?addrs=144.92.181.173-9618+[2607-f388-101c-1000--629]-9618&noUDP&sock=9821_f7b4_3>
...
006 (690123.005.000) 07/11 09:33:52 Image size of job updated: 226488
	106  -  MemoryUsage of job (MB)
	107920  -  ResidentSetSize of job (KB)
...
005 (690123.005.000) 07/11 09:46:55 Job terminated.
	(1) Normal termination (return value 0)
		Usr 0 00:01:43, Sys 0 00:00:05  -  Run Remote Usage
		Usr 0 00:00:00, Sys 0 00:00:00  -  Run Local Usage
		Usr 0 00:01:43, Sys 0 00:00:05  -  Total Remote Usage
		Usr 0 00:00:00, Sys 0 00:00:00  -  Total Local Usage
	331961  -  Run Bytes Sent By Job
	302156  -  Run Bytes Received By Job
	331961  -  Total Bytes Sent By Job
	302156  -  Total Bytes Received By Job
	Partitionable Resources :    Usage  Request Allocated
	   Cpus                 :                 1         1
	   Disk (KB)            :  1000000  2048000   7917509
	   Memory (MB)          :      106     1992      1992
...
