000 (690110.011.000) 07/11 07:32:06 Job submitted from host: <144.92.181.245:9618?addrs=144.92.181.245-9618+[2607-f388-101c-1000--372]-9618&noUDP&sock=6179_dbc8_3>
...
001 (690110.011.000) 07/11 09:26:44 Job executing on host: <128.104.227.51:9618?addrs=128.104.227.51-9618+[2607-f388-101c-1000--629]-9618&noUDP&sock=10396_5ea9_3>
...
006 (690110.011.000) 07/11 09:26:52 Image size of job updated: 228604
	106  -  MemoryUsage of job (MB)
	107932  -  ResidentSetSize of job (KB)
...
006 (690110.011.000) 07/11 09:46:52 Image size of job updated: 241772
	237  -  MemoryUsage of job (MB)
	241772  -  ResidentSetSize of job (KB)
...
005 (690110.011.000) 07/11 09:49:39 Job terminated.
	(1) Normal termination (return value 0)
		Usr 0 00:01:58, Sys 0 00:00:06  -  Run Remote Usage
		Usr 0 00:00:00, Sys 0 00:00:00  -  Run Local Usage
		Usr 0 00:01:58, Sys 0 00:00:06  -  Total Remote Usage
		Usr 0 00:00:00, Sys 0 00:00:00  -  Total Local Usage
	344904  -  Run Bytes Sent By Job
	302156  -  Run Bytes Received By Job
	344904  -  Total Bytes Sent By Job
	302156  -  Total Bytes Received By Job
	Partitionable Resources :    Usage  Request Allocated
	   Cpus                 :                 1         1
	   Disk (KB)            :  1000000  2048000   9501265
	   Memory (MB)          :      237     1992      1992
...
