000 (166864.001.000) 06/10 13:21:31 Job submitted from host: <144.92.180.4:9618?addrs=144.92.180.4-9618+[2607-f388-101c-1000--367]-9618&noUDP&sock=4693_960c_3>
...
001 (166864.001.000) 06/10 13:34:42 Job executing on host: <144.92.180.231:9618?addrs=144.92.180.231-9618+[2607-f388-101c-1000--629]-9618&noUDP&sock=10122_6db6_10>
...
006 (166864.001.000) 06/10 13:34:51 Image size of job updated: 215540
	107  -  MemoryUsage of job (MB)
	108656  -  ResidentSetSize of job (KB)
...
005 (166864.001.000) 06/10 13:43:51 Job terminated.
	(1) Normal termination (return value 0)
		Usr 0 00:01:49, Sys 0 00:00:04  -  Run Remote Usage
		Usr 0 00:00:00, Sys 0 00:00:00  -  Run Local Usage
		Usr 0 00:01:49, Sys 0 00:00:04  -  Total Remote Usage
		Usr 0 00:00:00, Sys 0 00:00:00  -  Total Local Usage
	527332  -  Run Bytes Sent By Job
	278854  -  Run Bytes Received By Job
	527332  -  Total Bytes Sent By Job
	278854  -  Total Bytes Received By Job
	Partitionable Resources :    Usage  Request Allocated
	   Cpus                 :                 1         1
	   Disk (KB)            :  1000000  2048000   7918775
	   Memory (MB)          :      107     1992      1992
...
