file path found: /hdfs/store/user/varuns/Run2018D_Prompt/EGamma/crab_job_EGamma2018Dv2_1/190526_233409/0001/Data_EGamma2018Dv2_1_1088.root
name: Data_EGamma2018Dv2_1_1088.root
filenumber: 0
file path found: /hdfs/store/user/varuns/Run2018D_Prompt/EGamma/crab_job_EGamma2018Dv2_1/190526_233409/0001/Data_EGamma2018Dv2_1_1100.root
name: Data_EGamma2018Dv2_1_1100.root
filenumber: 1
file path found: /hdfs/store/user/varuns/Run2018D_Prompt/EGamma/crab_job_EGamma2018Dv2_1/190526_233409/0001/Data_EGamma2018Dv2_1_1103.root
name: Data_EGamma2018Dv2_1_1103.root
filenumber: 2
file path found: /hdfs/store/user/varuns/Run2018D_Prompt/EGamma/crab_job_EGamma2018Dv2_1/190526_233409/0001/Data_EGamma2018Dv2_1_1106.root
name: Data_EGamma2018Dv2_1_1106.root
filenumber: 3
file path found: /hdfs/store/user/varuns/Run2018D_Prompt/EGamma/crab_job_EGamma2018Dv2_1/190526_233409/0001/Data_EGamma2018Dv2_1_1109.root
name: Data_EGamma2018Dv2_1_1109.root
filenumber: 4
file path found: /hdfs/store/user/varuns/Run2018D_Prompt/EGamma/crab_job_EGamma2018Dv2_1/190526_233409/0001/Data_EGamma2018Dv2_1_1110.root
name: Data_EGamma2018Dv2_1_1110.root
filenumber: 5
file path found: /hdfs/store/user/varuns/Run2018D_Prompt/EGamma/crab_job_EGamma2018Dv2_1/190526_233409/0001/Data_EGamma2018Dv2_1_1111.root
name: Data_EGamma2018Dv2_1_1111.root
filenumber: 6
file path found: /hdfs/store/user/varuns/Run2018D_Prompt/EGamma/crab_job_EGamma2018Dv2_1/190526_233409/0001/Data_EGamma2018Dv2_1_1112.root
name: Data_EGamma2018Dv2_1_1112.root
filenumber: 7
file path found: /hdfs/store/user/varuns/Run2018D_Prompt/EGamma/crab_job_EGamma2018Dv2_1/190526_233409/0001/Data_EGamma2018Dv2_1_1113.root
name: Data_EGamma2018Dv2_1_1113.root
filenumber: 8
file path found: /hdfs/store/user/varuns/Run2018D_Prompt/EGamma/crab_job_EGamma2018Dv2_1/190526_233409/0001/Data_EGamma2018Dv2_1_1114.root
name: Data_EGamma2018Dv2_1_1114.root
filenumber: 9
file path found: /hdfs/store/user/varuns/Run2018D_Prompt/EGamma/crab_job_EGamma2018Dv2_1/190526_233409/0001/Data_EGamma2018Dv2_1_1115.root
name: Data_EGamma2018Dv2_1_1115.root
filenumber: 10
file path found: /hdfs/store/user/varuns/Run2018D_Prompt/EGamma/crab_job_EGamma2018Dv2_1/190526_233409/0001/Data_EGamma2018Dv2_1_1116.root
name: Data_EGamma2018Dv2_1_1116.root
filenumber: 11
file path found: /hdfs/store/user/varuns/Run2018D_Prompt/EGamma/crab_job_EGamma2018Dv2_1/190526_233409/0001/Data_EGamma2018Dv2_1_1117.root
name: Data_EGamma2018Dv2_1_1117.root
filenumber: 12
file path found: /hdfs/store/user/varuns/Run2018D_Prompt/EGamma/crab_job_EGamma2018Dv2_1/190526_233409/0001/Data_EGamma2018Dv2_1_1118.root
name: Data_EGamma2018Dv2_1_1118.root
filenumber: 13
file path found: /hdfs/store/user/varuns/Run2018D_Prompt/EGamma/crab_job_EGamma2018Dv2_1/190526_233409/0001/Data_EGamma2018Dv2_1_1119.root
name: Data_EGamma2018Dv2_1_1119.root
filenumber: 14
file path found: /hdfs/store/user/varuns/Run2018D_Prompt/EGamma/crab_job_EGamma2018Dv2_1/190526_233409/0001/Data_EGamma2018Dv2_1_1120.root
name: Data_EGamma2018Dv2_1_1120.root
filenumber: 15
file path found: /hdfs/store/user/varuns/Run2018D_Prompt/EGamma/crab_job_EGamma2018Dv2_1/190526_233409/0001/Data_EGamma2018Dv2_1_1121.root
name: Data_EGamma2018Dv2_1_1121.root
filenumber: 16
file path found: /hdfs/store/user/varuns/Run2018D_Prompt/EGamma/crab_job_EGamma2018Dv2_1/190526_233409/0001/Data_EGamma2018Dv2_1_1123.root
name: Data_EGamma2018Dv2_1_1123.root
filenumber: 17
file path found: /hdfs/store/user/varuns/Run2018D_Prompt/EGamma/crab_job_EGamma2018Dv2_1/190526_233409/0001/Data_EGamma2018Dv2_1_1124.root
name: Data_EGamma2018Dv2_1_1124.root
filenumber: 18
file path found: /hdfs/store/user/varuns/Run2018D_Prompt/EGamma/crab_job_EGamma2018Dv2_1/190526_233409/0001/Data_EGamma2018Dv2_1_1125.root
name: Data_EGamma2018Dv2_1_1125.root
filenumber: 19
file path found: /hdfs/store/user/varuns/Run2018D_Prompt/EGamma/crab_job_EGamma2018Dv2_1/190526_233409/0001/Data_EGamma2018Dv2_1_1127.root
name: Data_EGamma2018Dv2_1_1127.root
filenumber: 20
file path found: /hdfs/store/user/varuns/Run2018D_Prompt/EGamma/crab_job_EGamma2018Dv2_1/190526_233409/0001/Data_EGamma2018Dv2_1_1128.root
name: Data_EGamma2018Dv2_1_1128.root
filenumber: 21
file path found: /hdfs/store/user/varuns/Run2018D_Prompt/EGamma/crab_job_EGamma2018Dv2_1/190526_233409/0001/Data_EGamma2018Dv2_1_1130.root
name: Data_EGamma2018Dv2_1_1130.root
filenumber: 22
file path found: /hdfs/store/user/varuns/Run2018D_Prompt/EGamma/crab_job_EGamma2018Dv2_1/190526_233409/0001/Data_EGamma2018Dv2_1_1131.root
name: Data_EGamma2018Dv2_1_1131.root
filenumber: 23
file path found: /hdfs/store/user/varuns/Run2018D_Prompt/EGamma/crab_job_EGamma2018Dv2_1/190526_233409/0001/Data_EGamma2018Dv2_1_1133.root
name: Data_EGamma2018Dv2_1_1133.root
filenumber: 24
file path found: /hdfs/store/user/varuns/Run2018D_Prompt/EGamma/crab_job_EGamma2018Dv2_1/190526_233409/0001/Data_EGamma2018Dv2_1_1134.root
name: Data_EGamma2018Dv2_1_1134.root
filenumber: 25
file path found: /hdfs/store/user/varuns/Run2018D_Prompt/EGamma/crab_job_EGamma2018Dv2_1/190526_233409/0001/Data_EGamma2018Dv2_1_1135.root
name: Data_EGamma2018Dv2_1_1135.root
filenumber: 26
file path found: /hdfs/store/user/varuns/Run2018D_Prompt/EGamma/crab_job_EGamma2018Dv2_1/190526_233409/0001/Data_EGamma2018Dv2_1_1136.root
name: Data_EGamma2018Dv2_1_1136.root
filenumber: 27
file path found: /hdfs/store/user/varuns/Run2018D_Prompt/EGamma/crab_job_EGamma2018Dv2_1/190526_233409/0001/Data_EGamma2018Dv2_1_1137.root
name: Data_EGamma2018Dv2_1_1137.root
filenumber: 28
file path found: /hdfs/store/user/varuns/Run2018D_Prompt/EGamma/crab_job_EGamma2018Dv2_1/190526_233409/0001/Data_EGamma2018Dv2_1_1138.root
name: Data_EGamma2018Dv2_1_1138.root
filenumber: 29
file path found: /hdfs/store/user/varuns/Run2018D_Prompt/EGamma/crab_job_EGamma2018Dv2_1/190526_233409/0001/Data_EGamma2018Dv2_1_1139.root
name: Data_EGamma2018Dv2_1_1139.root
filenumber: 30
file path found: /hdfs/store/user/varuns/Run2018D_Prompt/EGamma/crab_job_EGamma2018Dv2_1/190526_233409/0001/Data_EGamma2018Dv2_1_1140.root
name: Data_EGamma2018Dv2_1_1140.root
filenumber: 31
file path found: /hdfs/store/user/varuns/Run2018D_Prompt/EGamma/crab_job_EGamma2018Dv2_1/190526_233409/0001/Data_EGamma2018Dv2_1_1142.root
name: Data_EGamma2018Dv2_1_1142.root
filenumber: 32
file path found: /hdfs/store/user/varuns/Run2018D_Prompt/EGamma/crab_job_EGamma2018Dv2_1/190526_233409/0001/Data_EGamma2018Dv2_1_1145.root
name: Data_EGamma2018Dv2_1_1145.root
filenumber: 33
file path found: /hdfs/store/user/varuns/Run2018D_Prompt/EGamma/crab_job_EGamma2018Dv2_1/190526_233409/0001/Data_EGamma2018Dv2_1_1148.root
name: Data_EGamma2018Dv2_1_1148.root
filenumber: 34
file path found: /hdfs/store/user/varuns/Run2018D_Prompt/EGamma/crab_job_EGamma2018Dv2_1/190526_233409/0001/Data_EGamma2018Dv2_1_1149.root
name: Data_EGamma2018Dv2_1_1149.root
filenumber: 35
file path found: /hdfs/store/user/varuns/Run2018D_Prompt/EGamma/crab_job_EGamma2018Dv2_1/190526_233409/0001/Data_EGamma2018Dv2_1_1150.root
name: Data_EGamma2018Dv2_1_1150.root
filenumber: 36
file path found: /hdfs/store/user/varuns/Run2018D_Prompt/EGamma/crab_job_EGamma2018Dv2_1/190526_233409/0001/Data_EGamma2018Dv2_1_1151.root
name: Data_EGamma2018Dv2_1_1151.root
filenumber: 37
file path found: /hdfs/store/user/varuns/Run2018D_Prompt/EGamma/crab_job_EGamma2018Dv2_1/190526_233409/0001/Data_EGamma2018Dv2_1_1152.root
name: Data_EGamma2018Dv2_1_1152.root
filenumber: 38
file path found: /hdfs/store/user/varuns/Run2018D_Prompt/EGamma/crab_job_EGamma2018Dv2_1/190526_233409/0001/Data_EGamma2018Dv2_1_1153.root
name: Data_EGamma2018Dv2_1_1153.root
filenumber: 39
file path found: /hdfs/store/user/varuns/Run2018D_Prompt/EGamma/crab_job_EGamma2018Dv2_1/190526_233409/0001/Data_EGamma2018Dv2_1_1154.root
name: Data_EGamma2018Dv2_1_1154.root
filenumber: 40
file path found: /hdfs/store/user/varuns/Run2018D_Prompt/EGamma/crab_job_EGamma2018Dv2_1/190526_233409/0001/Data_EGamma2018Dv2_1_1155.root
name: Data_EGamma2018Dv2_1_1155.root
filenumber: 41
file path found: /hdfs/store/user/varuns/Run2018D_Prompt/EGamma/crab_job_EGamma2018Dv2_1/190526_233409/0001/Data_EGamma2018Dv2_1_1156.root
name: Data_EGamma2018Dv2_1_1156.root
filenumber: 42
file path found: /hdfs/store/user/varuns/Run2018D_Prompt/EGamma/crab_job_EGamma2018Dv2_1/190526_233409/0001/Data_EGamma2018Dv2_1_1157.root
name: Data_EGamma2018Dv2_1_1157.root
filenumber: 43
file path found: /hdfs/store/user/varuns/Run2018D_Prompt/EGamma/crab_job_EGamma2018Dv2_1/190526_233409/0001/Data_EGamma2018Dv2_1_1158.root
name: Data_EGamma2018Dv2_1_1158.root
filenumber: 44
file path found: /hdfs/store/user/varuns/Run2018D_Prompt/EGamma/crab_job_EGamma2018Dv2_1/190526_233409/0001/Data_EGamma2018Dv2_1_1159.root
name: Data_EGamma2018Dv2_1_1159.root
filenumber: 45
file path found: /hdfs/store/user/varuns/Run2018D_Prompt/EGamma/crab_job_EGamma2018Dv2_1/190526_233409/0001/Data_EGamma2018Dv2_1_1160.root
name: Data_EGamma2018Dv2_1_1160.root
filenumber: 46
file path found: /hdfs/store/user/varuns/Run2018D_Prompt/EGamma/crab_job_EGamma2018Dv2_1/190526_233409/0001/Data_EGamma2018Dv2_1_1161.root
name: Data_EGamma2018Dv2_1_1161.root
filenumber: 47
file path found: /hdfs/store/user/varuns/Run2018D_Prompt/EGamma/crab_job_EGamma2018Dv2_1/190526_233409/0001/Data_EGamma2018Dv2_1_1163.root
name: Data_EGamma2018Dv2_1_1163.root
filenumber: 48
file path found: /hdfs/store/user/varuns/Run2018D_Prompt/EGamma/crab_job_EGamma2018Dv2_1/190526_233409/0001/Data_EGamma2018Dv2_1_1164.root
name: Data_EGamma2018Dv2_1_1164.root
filenumber: 49
file path found: /hdfs/store/user/varuns/Run2018D_Prompt/EGamma/crab_job_EGamma2018Dv2_1/190526_233409/0001/Data_EGamma2018Dv2_1_1165.root
name: Data_EGamma2018Dv2_1_1165.root
filenumber: 50
file path found: /hdfs/store/user/varuns/Run2018D_Prompt/EGamma/crab_job_EGamma2018Dv2_1/190526_233409/0001/Data_EGamma2018Dv2_1_1166.root
name: Data_EGamma2018Dv2_1_1166.root
filenumber: 51
file path found: /hdfs/store/user/varuns/Run2018D_Prompt/EGamma/crab_job_EGamma2018Dv2_1/190526_233409/0001/Data_EGamma2018Dv2_1_1170.root
name: Data_EGamma2018Dv2_1_1170.root
filenumber: 52
file path found: /hdfs/store/user/varuns/Run2018D_Prompt/EGamma/crab_job_EGamma2018Dv2_1/190526_233409/0001/Data_EGamma2018Dv2_1_1171.root
name: Data_EGamma2018Dv2_1_1171.root
filenumber: 53
file path found: /hdfs/store/user/varuns/Run2018D_Prompt/EGamma/crab_job_EGamma2018Dv2_1/190526_233409/0001/Data_EGamma2018Dv2_1_1172.root
name: Data_EGamma2018Dv2_1_1172.root
filenumber: 54
file path found: /hdfs/store/user/varuns/Run2018D_Prompt/EGamma/crab_job_EGamma2018Dv2_1/190526_233409/0001/Data_EGamma2018Dv2_1_1173.root
name: Data_EGamma2018Dv2_1_1173.root
filenumber: 55
file path found: /hdfs/store/user/varuns/Run2018D_Prompt/EGamma/crab_job_EGamma2018Dv2_1/190526_233409/0001/Data_EGamma2018Dv2_1_1174.root
name: Data_EGamma2018Dv2_1_1174.root
filenumber: 56
file path found: /hdfs/store/user/varuns/Run2018D_Prompt/EGamma/crab_job_EGamma2018Dv2_1/190526_233409/0001/Data_EGamma2018Dv2_1_1175.root
name: Data_EGamma2018Dv2_1_1175.root
filenumber: 57
file path found: /hdfs/store/user/varuns/Run2018D_Prompt/EGamma/crab_job_EGamma2018Dv2_1/190526_233409/0001/Data_EGamma2018Dv2_1_1176.root
name: Data_EGamma2018Dv2_1_1176.root
filenumber: 58
file path found: /hdfs/store/user/varuns/Run2018D_Prompt/EGamma/crab_job_EGamma2018Dv2_1/190526_233409/0001/Data_EGamma2018Dv2_1_1177.root
name: Data_EGamma2018Dv2_1_1177.root
filenumber: 59
file path found: /hdfs/store/user/varuns/Run2018D_Prompt/EGamma/crab_job_EGamma2018Dv2_1/190526_233409/0001/Data_EGamma2018Dv2_1_1178.root
name: Data_EGamma2018Dv2_1_1178.root
filenumber: 60
file path found: /hdfs/store/user/varuns/Run2018D_Prompt/EGamma/crab_job_EGamma2018Dv2_1/190526_233409/0001/Data_EGamma2018Dv2_1_1179.root
name: Data_EGamma2018Dv2_1_1179.root
filenumber: 61
file path found: /hdfs/store/user/varuns/Run2018D_Prompt/EGamma/crab_job_EGamma2018Dv2_1/190526_233409/0001/Data_EGamma2018Dv2_1_1180.root
name: Data_EGamma2018Dv2_1_1180.root
filenumber: 62
file path found: /hdfs/store/user/varuns/Run2018D_Prompt/EGamma/crab_job_EGamma2018Dv2_1/190526_233409/0001/Data_EGamma2018Dv2_1_1181.root
name: Data_EGamma2018Dv2_1_1181.root
filenumber: 63
file path found: /hdfs/store/user/varuns/Run2018D_Prompt/EGamma/crab_job_EGamma2018Dv2_1/190526_233409/0001/Data_EGamma2018Dv2_1_1182.root
name: Data_EGamma2018Dv2_1_1182.root
filenumber: 64
file path found: /hdfs/store/user/varuns/Run2018D_Prompt/EGamma/crab_job_EGamma2018Dv2_1/190526_233409/0001/Data_EGamma2018Dv2_1_1183.root
name: Data_EGamma2018Dv2_1_1183.root
filenumber: 65
file path found: /hdfs/store/user/varuns/Run2018D_Prompt/EGamma/crab_job_EGamma2018Dv2_1/190526_233409/0001/Data_EGamma2018Dv2_1_1184.root
name: Data_EGamma2018Dv2_1_1184.root
filenumber: 66
file path found: /hdfs/store/user/varuns/Run2018D_Prompt/EGamma/crab_job_EGamma2018Dv2_1/190526_233409/0001/Data_EGamma2018Dv2_1_1185.root
name: Data_EGamma2018Dv2_1_1185.root
filenumber: 67
file path found: /hdfs/store/user/varuns/Run2018D_Prompt/EGamma/crab_job_EGamma2018Dv2_1/190526_233409/0001/Data_EGamma2018Dv2_1_1186.root
name: Data_EGamma2018Dv2_1_1186.root
filenumber: 68
file path found: /hdfs/store/user/varuns/Run2018D_Prompt/EGamma/crab_job_EGamma2018Dv2_1/190526_233409/0001/Data_EGamma2018Dv2_1_1187.root
name: Data_EGamma2018Dv2_1_1187.root
filenumber: 69
file path found: /hdfs/store/user/varuns/Run2018D_Prompt/EGamma/crab_job_EGamma2018Dv2_1/190526_233409/0001/Data_EGamma2018Dv2_1_1188.root
name: Data_EGamma2018Dv2_1_1188.root
filenumber: 70
file path found: /hdfs/store/user/varuns/Run2018D_Prompt/EGamma/crab_job_EGamma2018Dv2_1/190526_233409/0001/Data_EGamma2018Dv2_1_1189.root
name: Data_EGamma2018Dv2_1_1189.root
filenumber: 71
file path found: /hdfs/store/user/varuns/Run2018D_Prompt/EGamma/crab_job_EGamma2018Dv2_1/190526_233409/0001/Data_EGamma2018Dv2_1_1190.root
name: Data_EGamma2018Dv2_1_1190.root
filenumber: 72
file path found: /hdfs/store/user/varuns/Run2018D_Prompt/EGamma/crab_job_EGamma2018Dv2_1/190526_233409/0001/Data_EGamma2018Dv2_1_1191.root
name: Data_EGamma2018Dv2_1_1191.root
filenumber: 73
file path found: /hdfs/store/user/varuns/Run2018D_Prompt/EGamma/crab_job_EGamma2018Dv2_1/190526_233409/0001/Data_EGamma2018Dv2_1_1192.root
name: Data_EGamma2018Dv2_1_1192.root
filenumber: 74
file path found: /hdfs/store/user/varuns/Run2018D_Prompt/EGamma/crab_job_EGamma2018Dv2_1/190526_233409/0001/Data_EGamma2018Dv2_1_1193.root
name: Data_EGamma2018Dv2_1_1193.root
filenumber: 75
file path found: /hdfs/store/user/varuns/Run2018D_Prompt/EGamma/crab_job_EGamma2018Dv2_1/190526_233409/0001/Data_EGamma2018Dv2_1_1194.root
name: Data_EGamma2018Dv2_1_1194.root
filenumber: 76
file path found: /hdfs/store/user/varuns/Run2018D_Prompt/EGamma/crab_job_EGamma2018Dv2_1/190526_233409/0001/Data_EGamma2018Dv2_1_1195.root
name: Data_EGamma2018Dv2_1_1195.root
filenumber: 77
file path found: /hdfs/store/user/varuns/Run2018D_Prompt/EGamma/crab_job_EGamma2018Dv2_1/190526_233409/0001/Data_EGamma2018Dv2_1_1196.root
name: Data_EGamma2018Dv2_1_1196.root
filenumber: 78
file path found: /hdfs/store/user/varuns/Run2018D_Prompt/EGamma/crab_job_EGamma2018Dv2_1/190526_233409/0001/Data_EGamma2018Dv2_1_1197.root
name: Data_EGamma2018Dv2_1_1197.root
filenumber: 79
file path found: /hdfs/store/user/varuns/Run2018D_Prompt/EGamma/crab_job_EGamma2018Dv2_1/190526_233409/0001/Data_EGamma2018Dv2_1_1198.root
name: Data_EGamma2018Dv2_1_1198.root
filenumber: 80
file path found: /hdfs/store/user/varuns/Run2018D_Prompt/EGamma/crab_job_EGamma2018Dv2_1/190526_233409/0001/Data_EGamma2018Dv2_1_1199.root
name: Data_EGamma2018Dv2_1_1199.root
filenumber: 81
file path found: /hdfs/store/user/varuns/Run2018D_Prompt/EGamma/crab_job_EGamma2018Dv2_1/190526_233409/0001/Data_EGamma2018Dv2_1_1200.root
name: Data_EGamma2018Dv2_1_1200.root
filenumber: 82
file path found: /hdfs/store/user/varuns/Run2018D_Prompt/EGamma/crab_job_EGamma2018Dv2_1/190526_233409/0001/Data_EGamma2018Dv2_1_1201.root
name: Data_EGamma2018Dv2_1_1201.root
filenumber: 83
file path found: /hdfs/store/user/varuns/Run2018D_Prompt/EGamma/crab_job_EGamma2018Dv2_1/190526_233409/0001/Data_EGamma2018Dv2_1_1202.root
name: Data_EGamma2018Dv2_1_1202.root
filenumber: 84
file path found: /hdfs/store/user/varuns/Run2018D_Prompt/EGamma/crab_job_EGamma2018Dv2_1/190526_233409/0001/Data_EGamma2018Dv2_1_1203.root
name: Data_EGamma2018Dv2_1_1203.root
filenumber: 85
file path found: /hdfs/store/user/varuns/Run2018D_Prompt/EGamma/crab_job_EGamma2018Dv2_1/190526_233409/0001/Data_EGamma2018Dv2_1_1204.root
name: Data_EGamma2018Dv2_1_1204.root
filenumber: 86
file path found: /hdfs/store/user/varuns/Run2018D_Prompt/EGamma/crab_job_EGamma2018Dv2_1/190526_233409/0001/Data_EGamma2018Dv2_1_1205.root
name: Data_EGamma2018Dv2_1_1205.root
filenumber: 87
file path found: /hdfs/store/user/varuns/Run2018D_Prompt/EGamma/crab_job_EGamma2018Dv2_1/190526_233409/0001/Data_EGamma2018Dv2_1_1206.root
name: Data_EGamma2018Dv2_1_1206.root
filenumber: 88
file path found: /hdfs/store/user/varuns/Run2018D_Prompt/EGamma/crab_job_EGamma2018Dv2_1/190526_233409/0001/Data_EGamma2018Dv2_1_1207.root
name: Data_EGamma2018Dv2_1_1207.root
filenumber: 89
file path found: /hdfs/store/user/varuns/Run2018D_Prompt/EGamma/crab_job_EGamma2018Dv2_1/190526_233409/0001/Data_EGamma2018Dv2_1_1208.root
name: Data_EGamma2018Dv2_1_1208.root
filenumber: 90
file path found: /hdfs/store/user/varuns/Run2018D_Prompt/EGamma/crab_job_EGamma2018Dv2_1/190526_233409/0001/Data_EGamma2018Dv2_1_1209.root
name: Data_EGamma2018Dv2_1_1209.root
filenumber: 91
file path found: /hdfs/store/user/varuns/Run2018D_Prompt/EGamma/crab_job_EGamma2018Dv2_1/190526_233409/0001/Data_EGamma2018Dv2_1_1210.root
name: Data_EGamma2018Dv2_1_1210.root
filenumber: 92
file path found: /hdfs/store/user/varuns/Run2018D_Prompt/EGamma/crab_job_EGamma2018Dv2_1/190526_233409/0001/Data_EGamma2018Dv2_1_1211.root
name: Data_EGamma2018Dv2_1_1211.root
filenumber: 93
file path found: /hdfs/store/user/varuns/Run2018D_Prompt/EGamma/crab_job_EGamma2018Dv2_1/190526_233409/0001/Data_EGamma2018Dv2_1_1212.root
name: Data_EGamma2018Dv2_1_1212.root
filenumber: 94
file path found: /hdfs/store/user/varuns/Run2018D_Prompt/EGamma/crab_job_EGamma2018Dv2_1/190526_233409/0001/Data_EGamma2018Dv2_1_1213.root
name: Data_EGamma2018Dv2_1_1213.root
filenumber: 95
file path found: /hdfs/store/user/varuns/Run2018D_Prompt/EGamma/crab_job_EGamma2018Dv2_1/190526_233409/0001/Data_EGamma2018Dv2_1_1214.root
name: Data_EGamma2018Dv2_1_1214.root
filenumber: 96
file path found: /hdfs/store/user/varuns/Run2018D_Prompt/EGamma/crab_job_EGamma2018Dv2_1/190526_233409/0001/Data_EGamma2018Dv2_1_1215.root
name: Data_EGamma2018Dv2_1_1215.root
filenumber: 97
file path found: /hdfs/store/user/varuns/Run2018D_Prompt/EGamma/crab_job_EGamma2018Dv2_1/190526_233409/0001/Data_EGamma2018Dv2_1_1216.root
name: Data_EGamma2018Dv2_1_1216.root
filenumber: 98
file path found: /hdfs/store/user/varuns/Run2018D_Prompt/EGamma/crab_job_EGamma2018Dv2_1/190526_233409/0001/Data_EGamma2018Dv2_1_1217.root
name: Data_EGamma2018Dv2_1_1217.root
filenumber: 99
file path found: /hdfs/store/user/varuns/Run2018D_Prompt/EGamma/crab_job_EGamma2018Dv2_1/190526_233409/0001/Data_EGamma2018Dv2_1_1222.root
name: Data_EGamma2018Dv2_1_1222.root
filenumber: 100
file path found: /hdfs/store/user/varuns/Run2018D_Prompt/EGamma/crab_job_EGamma2018Dv2_1/190526_233409/0001/Data_EGamma2018Dv2_1_1223.root
name: Data_EGamma2018Dv2_1_1223.root
filenumber: 101
file path found: /hdfs/store/user/varuns/Run2018D_Prompt/EGamma/crab_job_EGamma2018Dv2_1/190526_233409/0001/Data_EGamma2018Dv2_1_1226.root
name: Data_EGamma2018Dv2_1_1226.root
filenumber: 102
file path found: /hdfs/store/user/varuns/Run2018D_Prompt/EGamma/crab_job_EGamma2018Dv2_1/190526_233409/0001/Data_EGamma2018Dv2_1_1227.root
name: Data_EGamma2018Dv2_1_1227.root
filenumber: 103
file path found: /hdfs/store/user/varuns/Run2018D_Prompt/EGamma/crab_job_EGamma2018Dv2_1/190526_233409/0001/Data_EGamma2018Dv2_1_1229.root
name: Data_EGamma2018Dv2_1_1229.root
filenumber: 104
file path found: /hdfs/store/user/varuns/Run2018D_Prompt/EGamma/crab_job_EGamma2018Dv2_1/190526_233409/0001/Data_EGamma2018Dv2_1_1230.root
name: Data_EGamma2018Dv2_1_1230.root
filenumber: 105
file path found: /hdfs/store/user/varuns/Run2018D_Prompt/EGamma/crab_job_EGamma2018Dv2_1/190526_233409/0001/Data_EGamma2018Dv2_1_1231.root
name: Data_EGamma2018Dv2_1_1231.root
filenumber: 106
file path found: /hdfs/store/user/varuns/Run2018D_Prompt/EGamma/crab_job_EGamma2018Dv2_1/190526_233409/0001/Data_EGamma2018Dv2_1_1233.root
name: Data_EGamma2018Dv2_1_1233.root
filenumber: 107
file path found: /hdfs/store/user/varuns/Run2018D_Prompt/EGamma/crab_job_EGamma2018Dv2_1/190526_233409/0001/Data_EGamma2018Dv2_1_1234.root
name: Data_EGamma2018Dv2_1_1234.root
filenumber: 108
file path found: /hdfs/store/user/varuns/Run2018D_Prompt/EGamma/crab_job_EGamma2018Dv2_1/190526_233409/0001/Data_EGamma2018Dv2_1_1235.root
name: Data_EGamma2018Dv2_1_1235.root
filenumber: 109
file path found: /hdfs/store/user/varuns/Run2018D_Prompt/EGamma/crab_job_EGamma2018Dv2_1/190526_233409/0001/Data_EGamma2018Dv2_1_1236.root
name: Data_EGamma2018Dv2_1_1236.root
filenumber: 110
file path found: /hdfs/store/user/varuns/Run2018D_Prompt/EGamma/crab_job_EGamma2018Dv2_1/190526_233409/0001/Data_EGamma2018Dv2_1_1237.root
name: Data_EGamma2018Dv2_1_1237.root
filenumber: 111
file path found: /hdfs/store/user/varuns/Run2018D_Prompt/EGamma/crab_job_EGamma2018Dv2_1/190526_233409/0001/Data_EGamma2018Dv2_1_1238.root
name: Data_EGamma2018Dv2_1_1238.root
filenumber: 112
file path found: /hdfs/store/user/varuns/Run2018D_Prompt/EGamma/crab_job_EGamma2018Dv2_1/190526_233409/0001/Data_EGamma2018Dv2_1_1239.root
name: Data_EGamma2018Dv2_1_1239.root
filenumber: 113
file path found: /hdfs/store/user/varuns/Run2018D_Prompt/EGamma/crab_job_EGamma2018Dv2_1/190526_233409/0001/Data_EGamma2018Dv2_1_1240.root
name: Data_EGamma2018Dv2_1_1240.root
filenumber: 114
file path found: /hdfs/store/user/varuns/Run2018D_Prompt/EGamma/crab_job_EGamma2018Dv2_1/190526_233409/0001/Data_EGamma2018Dv2_1_1241.root
name: Data_EGamma2018Dv2_1_1241.root
filenumber: 115
file path found: /hdfs/store/user/varuns/Run2018D_Prompt/EGamma/crab_job_EGamma2018Dv2_1/190526_233409/0001/Data_EGamma2018Dv2_1_1242.root
name: Data_EGamma2018Dv2_1_1242.root
filenumber: 116
file path found: /hdfs/store/user/varuns/Run2018D_Prompt/EGamma/crab_job_EGamma2018Dv2_1/190526_233409/0001/Data_EGamma2018Dv2_1_1243.root
name: Data_EGamma2018Dv2_1_1243.root
filenumber: 117
file path found: /hdfs/store/user/varuns/Run2018D_Prompt/EGamma/crab_job_EGamma2018Dv2_1/190526_233409/0001/Data_EGamma2018Dv2_1_1244.root
name: Data_EGamma2018Dv2_1_1244.root
filenumber: 118
file path found: /hdfs/store/user/varuns/Run2018D_Prompt/EGamma/crab_job_EGamma2018Dv2_1/190526_233409/0001/Data_EGamma2018Dv2_1_1245.root
name: Data_EGamma2018Dv2_1_1245.root
filenumber: 119
file path found: /hdfs/store/user/varuns/Run2018D_Prompt/EGamma/crab_job_EGamma2018Dv2_1/190526_233409/0001/Data_EGamma2018Dv2_1_1246.root
name: Data_EGamma2018Dv2_1_1246.root
filenumber: 120
file path found: /hdfs/store/user/varuns/Run2018D_Prompt/EGamma/crab_job_EGamma2018Dv2_1/190526_233409/0001/Data_EGamma2018Dv2_1_1247.root
name: Data_EGamma2018Dv2_1_1247.root
filenumber: 121
file path found: /hdfs/store/user/varuns/Run2018D_Prompt/EGamma/crab_job_EGamma2018Dv2_1/190526_233409/0001/Data_EGamma2018Dv2_1_1248.root
name: Data_EGamma2018Dv2_1_1248.root
filenumber: 122
file path found: /hdfs/store/user/varuns/Run2018D_Prompt/EGamma/crab_job_EGamma2018Dv2_1/190526_233409/0001/Data_EGamma2018Dv2_1_1249.root
name: Data_EGamma2018Dv2_1_1249.root
filenumber: 123
file path found: /hdfs/store/user/varuns/Run2018D_Prompt/EGamma/crab_job_EGamma2018Dv2_1/190526_233409/0001/Data_EGamma2018Dv2_1_1250.root
name: Data_EGamma2018Dv2_1_1250.root
filenumber: 124
file path found: /hdfs/store/user/varuns/Run2018D_Prompt/EGamma/crab_job_EGamma2018Dv2_1/190526_233409/0001/Data_EGamma2018Dv2_1_1251.root
name: Data_EGamma2018Dv2_1_1251.root
filenumber: 125
file path found: /hdfs/store/user/varuns/Run2018D_Prompt/EGamma/crab_job_EGamma2018Dv2_1/190526_233409/0001/Data_EGamma2018Dv2_1_1252.root
name: Data_EGamma2018Dv2_1_1252.root
filenumber: 126
file path found: /hdfs/store/user/varuns/Run2018D_Prompt/EGamma/crab_job_EGamma2018Dv2_1/190526_233409/0001/Data_EGamma2018Dv2_1_1253.root
name: Data_EGamma2018Dv2_1_1253.root
filenumber: 127
file path found: /hdfs/store/user/varuns/Run2018D_Prompt/EGamma/crab_job_EGamma2018Dv2_1/190526_233409/0001/Data_EGamma2018Dv2_1_1254.root
name: Data_EGamma2018Dv2_1_1254.root
filenumber: 128
file path found: /hdfs/store/user/varuns/Run2018D_Prompt/EGamma/crab_job_EGamma2018Dv2_1/190526_233409/0001/Data_EGamma2018Dv2_1_1255.root
name: Data_EGamma2018Dv2_1_1255.root
filenumber: 129
file path found: /hdfs/store/user/varuns/Run2018D_Prompt/EGamma/crab_job_EGamma2018Dv2_1/190526_233409/0001/Data_EGamma2018Dv2_1_1256.root
name: Data_EGamma2018Dv2_1_1256.root
filenumber: 130
file path found: /hdfs/store/user/varuns/Run2018D_Prompt/EGamma/crab_job_EGamma2018Dv2_1/190526_233409/0001/Data_EGamma2018Dv2_1_1257.root
name: Data_EGamma2018Dv2_1_1257.root
filenumber: 131
file path found: /hdfs/store/user/varuns/Run2018D_Prompt/EGamma/crab_job_EGamma2018Dv2_1/190526_233409/0001/Data_EGamma2018Dv2_1_1258.root
name: Data_EGamma2018Dv2_1_1258.root
filenumber: 132
file path found: /hdfs/store/user/varuns/Run2018D_Prompt/EGamma/crab_job_EGamma2018Dv2_1/190526_233409/0001/Data_EGamma2018Dv2_1_1259.root
name: Data_EGamma2018Dv2_1_1259.root
filenumber: 133
file path found: /hdfs/store/user/varuns/Run2018D_Prompt/EGamma/crab_job_EGamma2018Dv2_1/190526_233409/0001/Data_EGamma2018Dv2_1_1260.root
name: Data_EGamma2018Dv2_1_1260.root
filenumber: 134
file path found: /hdfs/store/user/varuns/Run2018D_Prompt/EGamma/crab_job_EGamma2018Dv2_1/190526_233409/0001/Data_EGamma2018Dv2_1_1261.root
name: Data_EGamma2018Dv2_1_1261.root
filenumber: 135
file path found: /hdfs/store/user/varuns/Run2018D_Prompt/EGamma/crab_job_EGamma2018Dv2_1/190526_233409/0001/Data_EGamma2018Dv2_1_1262.root
name: Data_EGamma2018Dv2_1_1262.root
filenumber: 136
Adding FullPathInputFile to chain:/hdfs/store/user/varuns/Run2018D_Prompt/EGamma/crab_job_EGamma2018Dv2_1/190526_233409/0001/Data_EGamma2018Dv2_1_1262.root

file path found: /hdfs/store/user/varuns/Run2018D_Prompt/EGamma/crab_job_EGamma2018Dv2_1/190526_233409/0001/Data_EGamma2018Dv2_1_1263.root
name: Data_EGamma2018Dv2_1_1263.root
filenumber: 137
Adding FullPathInputFile to chain:/hdfs/store/user/varuns/Run2018D_Prompt/EGamma/crab_job_EGamma2018Dv2_1/190526_233409/0001/Data_EGamma2018Dv2_1_1263.root

file path found: /hdfs/store/user/varuns/Run2018D_Prompt/EGamma/crab_job_EGamma2018Dv2_1/190526_233409/0001/Data_EGamma2018Dv2_1_1264.root
name: Data_EGamma2018Dv2_1_1264.root
filenumber: 138
Adding FullPathInputFile to chain:/hdfs/store/user/varuns/Run2018D_Prompt/EGamma/crab_job_EGamma2018Dv2_1/190526_233409/0001/Data_EGamma2018Dv2_1_1264.root

file path found: /hdfs/store/user/varuns/Run2018D_Prompt/EGamma/crab_job_EGamma2018Dv2_1/190526_233409/0001/Data_EGamma2018Dv2_1_1265.root
name: Data_EGamma2018Dv2_1_1265.root
filenumber: 139
Adding FullPathInputFile to chain:/hdfs/store/user/varuns/Run2018D_Prompt/EGamma/crab_job_EGamma2018Dv2_1/190526_233409/0001/Data_EGamma2018Dv2_1_1265.root

file path found: /hdfs/store/user/varuns/Run2018D_Prompt/EGamma/crab_job_EGamma2018Dv2_1/190526_233409/0001/Data_EGamma2018Dv2_1_1266.root
name: Data_EGamma2018Dv2_1_1266.root
filenumber: 140
Adding FullPathInputFile to chain:/hdfs/store/user/varuns/Run2018D_Prompt/EGamma/crab_job_EGamma2018Dv2_1/190526_233409/0001/Data_EGamma2018Dv2_1_1266.root

file path found: /hdfs/store/user/varuns/Run2018D_Prompt/EGamma/crab_job_EGamma2018Dv2_1/190526_233409/0001/Data_EGamma2018Dv2_1_1267.root
name: Data_EGamma2018Dv2_1_1267.root
filenumber: 141
Adding FullPathInputFile to chain:/hdfs/store/user/varuns/Run2018D_Prompt/EGamma/crab_job_EGamma2018Dv2_1/190526_233409/0001/Data_EGamma2018Dv2_1_1267.root

file path found: /hdfs/store/user/varuns/Run2018D_Prompt/EGamma/crab_job_EGamma2018Dv2_1/190526_233409/0001/Data_EGamma2018Dv2_1_1268.root
name: Data_EGamma2018Dv2_1_1268.root
filenumber: 142
Adding FullPathInputFile to chain:/hdfs/store/user/varuns/Run2018D_Prompt/EGamma/crab_job_EGamma2018Dv2_1/190526_233409/0001/Data_EGamma2018Dv2_1_1268.root

file path found: /hdfs/store/user/varuns/Run2018D_Prompt/EGamma/crab_job_EGamma2018Dv2_1/190526_233409/0001/Data_EGamma2018Dv2_1_1269.root
name: Data_EGamma2018Dv2_1_1269.root
filenumber: 143
Adding FullPathInputFile to chain:/hdfs/store/user/varuns/Run2018D_Prompt/EGamma/crab_job_EGamma2018Dv2_1/190526_233409/0001/Data_EGamma2018Dv2_1_1269.root

file path found: /hdfs/store/user/varuns/Run2018D_Prompt/EGamma/crab_job_EGamma2018Dv2_1/190526_233409/0001/Data_EGamma2018Dv2_1_1270.root
name: Data_EGamma2018Dv2_1_1270.root
filenumber: 144
Adding FullPathInputFile to chain:/hdfs/store/user/varuns/Run2018D_Prompt/EGamma/crab_job_EGamma2018Dv2_1/190526_233409/0001/Data_EGamma2018Dv2_1_1270.root

file path found: /hdfs/store/user/varuns/Run2018D_Prompt/EGamma/crab_job_EGamma2018Dv2_1/190526_233409/0001/Data_EGamma2018Dv2_1_1271.root
name: Data_EGamma2018Dv2_1_1271.root
filenumber: 145
Adding FullPathInputFile to chain:/hdfs/store/user/varuns/Run2018D_Prompt/EGamma/crab_job_EGamma2018Dv2_1/190526_233409/0001/Data_EGamma2018Dv2_1_1271.root

file path found: /hdfs/store/user/varuns/Run2018D_Prompt/EGamma/crab_job_EGamma2018Dv2_1/190526_233409/0001/Data_EGamma2018Dv2_1_1272.root
name: Data_EGamma2018Dv2_1_1272.root
filenumber: 146
Adding FullPathInputFile to chain:/hdfs/store/user/varuns/Run2018D_Prompt/EGamma/crab_job_EGamma2018Dv2_1/190526_233409/0001/Data_EGamma2018Dv2_1_1272.root

file path found: /hdfs/store/user/varuns/Run2018D_Prompt/EGamma/crab_job_EGamma2018Dv2_1/190526_233409/0001/Data_EGamma2018Dv2_1_1273.root
name: Data_EGamma2018Dv2_1_1273.root
filenumber: 147
Adding FullPathInputFile to chain:/hdfs/store/user/varuns/Run2018D_Prompt/EGamma/crab_job_EGamma2018Dv2_1/190526_233409/0001/Data_EGamma2018Dv2_1_1273.root

file path found: /hdfs/store/user/varuns/Run2018D_Prompt/EGamma/crab_job_EGamma2018Dv2_1/190526_233409/0001/Data_EGamma2018Dv2_1_1274.root
name: Data_EGamma2018Dv2_1_1274.root
filenumber: 148
Adding FullPathInputFile to chain:/hdfs/store/user/varuns/Run2018D_Prompt/EGamma/crab_job_EGamma2018Dv2_1/190526_233409/0001/Data_EGamma2018Dv2_1_1274.root

file path found: /hdfs/store/user/varuns/Run2018D_Prompt/EGamma/crab_job_EGamma2018Dv2_1/190526_233409/0001/Data_EGamma2018Dv2_1_1275.root
name: Data_EGamma2018Dv2_1_1275.root
filenumber: 149
Adding FullPathInputFile to chain:/hdfs/store/user/varuns/Run2018D_Prompt/EGamma/crab_job_EGamma2018Dv2_1/190526_233409/0001/Data_EGamma2018Dv2_1_1275.root

file path found: /hdfs/store/user/varuns/Run2018D_Prompt/EGamma/crab_job_EGamma2018Dv2_1/190526_233409/0001/Data_EGamma2018Dv2_1_1276.root
name: Data_EGamma2018Dv2_1_1276.root
filenumber: 150
Adding FullPathInputFile to chain:/hdfs/store/user/varuns/Run2018D_Prompt/EGamma/crab_job_EGamma2018Dv2_1/190526_233409/0001/Data_EGamma2018Dv2_1_1276.root

file path found: /hdfs/store/user/varuns/Run2018D_Prompt/EGamma/crab_job_EGamma2018Dv2_1/190526_233409/0001/Data_EGamma2018Dv2_1_1277.root
name: Data_EGamma2018Dv2_1_1277.root
filenumber: 151
Adding FullPathInputFile to chain:/hdfs/store/user/varuns/Run2018D_Prompt/EGamma/crab_job_EGamma2018Dv2_1/190526_233409/0001/Data_EGamma2018Dv2_1_1277.root

file path found: /hdfs/store/user/varuns/Run2018D_Prompt/EGamma/crab_job_EGamma2018Dv2_1/190526_233409/0001/Data_EGamma2018Dv2_1_1278.root
name: Data_EGamma2018Dv2_1_1278.root
filenumber: 152
Adding FullPathInputFile to chain:/hdfs/store/user/varuns/Run2018D_Prompt/EGamma/crab_job_EGamma2018Dv2_1/190526_233409/0001/Data_EGamma2018Dv2_1_1278.root

file path found: /hdfs/store/user/varuns/Run2018D_Prompt/EGamma/crab_job_EGamma2018Dv2_1/190526_233409/0001/Data_EGamma2018Dv2_1_1279.root
name: Data_EGamma2018Dv2_1_1279.root
filenumber: 153
Adding FullPathInputFile to chain:/hdfs/store/user/varuns/Run2018D_Prompt/EGamma/crab_job_EGamma2018Dv2_1/190526_233409/0001/Data_EGamma2018Dv2_1_1279.root

file path found: /hdfs/store/user/varuns/Run2018D_Prompt/EGamma/crab_job_EGamma2018Dv2_1/190526_233409/0001/Data_EGamma2018Dv2_1_1280.root
name: Data_EGamma2018Dv2_1_1280.root
filenumber: 154
Adding FullPathInputFile to chain:/hdfs/store/user/varuns/Run2018D_Prompt/EGamma/crab_job_EGamma2018Dv2_1/190526_233409/0001/Data_EGamma2018Dv2_1_1280.root

file path found: /hdfs/store/user/varuns/Run2018D_Prompt/EGamma/crab_job_EGamma2018Dv2_1/190526_233409/0001/Data_EGamma2018Dv2_1_1281.root
name: Data_EGamma2018Dv2_1_1281.root
filenumber: 155
Adding FullPathInputFile to chain:/hdfs/store/user/varuns/Run2018D_Prompt/EGamma/crab_job_EGamma2018Dv2_1/190526_233409/0001/Data_EGamma2018Dv2_1_1281.root

file path found: /hdfs/store/user/varuns/Run2018D_Prompt/EGamma/crab_job_EGamma2018Dv2_1/190526_233409/0001/Data_EGamma2018Dv2_1_1282.root
name: Data_EGamma2018Dv2_1_1282.root
filenumber: 156
Adding FullPathInputFile to chain:/hdfs/store/user/varuns/Run2018D_Prompt/EGamma/crab_job_EGamma2018Dv2_1/190526_233409/0001/Data_EGamma2018Dv2_1_1282.root

file path found: /hdfs/store/user/varuns/Run2018D_Prompt/EGamma/crab_job_EGamma2018Dv2_1/190526_233409/0001/Data_EGamma2018Dv2_1_1283.root
name: Data_EGamma2018Dv2_1_1283.root
filenumber: 157
Adding FullPathInputFile to chain:/hdfs/store/user/varuns/Run2018D_Prompt/EGamma/crab_job_EGamma2018Dv2_1/190526_233409/0001/Data_EGamma2018Dv2_1_1283.root

file path found: /hdfs/store/user/varuns/Run2018D_Prompt/EGamma/crab_job_EGamma2018Dv2_1/190526_233409/0001/Data_EGamma2018Dv2_1_1284.root
name: Data_EGamma2018Dv2_1_1284.root
filenumber: 158
Adding FullPathInputFile to chain:/hdfs/store/user/varuns/Run2018D_Prompt/EGamma/crab_job_EGamma2018Dv2_1/190526_233409/0001/Data_EGamma2018Dv2_1_1284.root

file path found: /hdfs/store/user/varuns/Run2018D_Prompt/EGamma/crab_job_EGamma2018Dv2_1/190526_233409/0001/Data_EGamma2018Dv2_1_1285.root
name: Data_EGamma2018Dv2_1_1285.root
filenumber: 159
Adding FullPathInputFile to chain:/hdfs/store/user/varuns/Run2018D_Prompt/EGamma/crab_job_EGamma2018Dv2_1/190526_233409/0001/Data_EGamma2018Dv2_1_1285.root

file path found: /hdfs/store/user/varuns/Run2018D_Prompt/EGamma/crab_job_EGamma2018Dv2_1/190526_233409/0001/Data_EGamma2018Dv2_1_1286.root
name: Data_EGamma2018Dv2_1_1286.root
filenumber: 160
Adding FullPathInputFile to chain:/hdfs/store/user/varuns/Run2018D_Prompt/EGamma/crab_job_EGamma2018Dv2_1/190526_233409/0001/Data_EGamma2018Dv2_1_1286.root

file path found: /hdfs/store/user/varuns/Run2018D_Prompt/EGamma/crab_job_EGamma2018Dv2_1/190526_233409/0001/Data_EGamma2018Dv2_1_1287.root
name: Data_EGamma2018Dv2_1_1287.root
filenumber: 161
Adding FullPathInputFile to chain:/hdfs/store/user/varuns/Run2018D_Prompt/EGamma/crab_job_EGamma2018Dv2_1/190526_233409/0001/Data_EGamma2018Dv2_1_1287.root

file path found: /hdfs/store/user/varuns/Run2018D_Prompt/EGamma/crab_job_EGamma2018Dv2_1/190526_233409/0001/Data_EGamma2018Dv2_1_1288.root
name: Data_EGamma2018Dv2_1_1288.root
filenumber: 162
Adding FullPathInputFile to chain:/hdfs/store/user/varuns/Run2018D_Prompt/EGamma/crab_job_EGamma2018Dv2_1/190526_233409/0001/Data_EGamma2018Dv2_1_1288.root

file path found: /hdfs/store/user/varuns/Run2018D_Prompt/EGamma/crab_job_EGamma2018Dv2_1/190526_233409/0001/Data_EGamma2018Dv2_1_1289.root
name: Data_EGamma2018Dv2_1_1289.root
filenumber: 163
Adding FullPathInputFile to chain:/hdfs/store/user/varuns/Run2018D_Prompt/EGamma/crab_job_EGamma2018Dv2_1/190526_233409/0001/Data_EGamma2018Dv2_1_1289.root

file path found: /hdfs/store/user/varuns/Run2018D_Prompt/EGamma/crab_job_EGamma2018Dv2_1/190526_233409/0001/Data_EGamma2018Dv2_1_1290.root
name: Data_EGamma2018Dv2_1_1290.root
filenumber: 164
Adding FullPathInputFile to chain:/hdfs/store/user/varuns/Run2018D_Prompt/EGamma/crab_job_EGamma2018Dv2_1/190526_233409/0001/Data_EGamma2018Dv2_1_1290.root

file path found: /hdfs/store/user/varuns/Run2018D_Prompt/EGamma/crab_job_EGamma2018Dv2_1/190526_233409/0001/Data_EGamma2018Dv2_1_1291.root
name: Data_EGamma2018Dv2_1_1291.root
filenumber: 165
Adding FullPathInputFile to chain:/hdfs/store/user/varuns/Run2018D_Prompt/EGamma/crab_job_EGamma2018Dv2_1/190526_233409/0001/Data_EGamma2018Dv2_1_1291.root

file path found: /hdfs/store/user/varuns/Run2018D_Prompt/EGamma/crab_job_EGamma2018Dv2_1/190526_233409/0001/Data_EGamma2018Dv2_1_1292.root
name: Data_EGamma2018Dv2_1_1292.root
filenumber: 166
Adding FullPathInputFile to chain:/hdfs/store/user/varuns/Run2018D_Prompt/EGamma/crab_job_EGamma2018Dv2_1/190526_233409/0001/Data_EGamma2018Dv2_1_1292.root

file path found: /hdfs/store/user/varuns/Run2018D_Prompt/EGamma/crab_job_EGamma2018Dv2_1/190526_233409/0001/Data_EGamma2018Dv2_1_1293.root
name: Data_EGamma2018Dv2_1_1293.root
filenumber: 167
Adding FullPathInputFile to chain:/hdfs/store/user/varuns/Run2018D_Prompt/EGamma/crab_job_EGamma2018Dv2_1/190526_233409/0001/Data_EGamma2018Dv2_1_1293.root

file path found: /hdfs/store/user/varuns/Run2018D_Prompt/EGamma/crab_job_EGamma2018Dv2_1/190526_233409/0001/Data_EGamma2018Dv2_1_1294.root
name: Data_EGamma2018Dv2_1_1294.root
filenumber: 168
Adding FullPathInputFile to chain:/hdfs/store/user/varuns/Run2018D_Prompt/EGamma/crab_job_EGamma2018Dv2_1/190526_233409/0001/Data_EGamma2018Dv2_1_1294.root

file path found: /hdfs/store/user/varuns/Run2018D_Prompt/EGamma/crab_job_EGamma2018Dv2_1/190526_233409/0001/Data_EGamma2018Dv2_1_1295.root
name: Data_EGamma2018Dv2_1_1295.root
filenumber: 169
Adding FullPathInputFile to chain:/hdfs/store/user/varuns/Run2018D_Prompt/EGamma/crab_job_EGamma2018Dv2_1/190526_233409/0001/Data_EGamma2018Dv2_1_1295.root

file path found: /hdfs/store/user/varuns/Run2018D_Prompt/EGamma/crab_job_EGamma2018Dv2_1/190526_233409/0001/Data_EGamma2018Dv2_1_1296.root
name: Data_EGamma2018Dv2_1_1296.root
filenumber: 170
Adding FullPathInputFile to chain:/hdfs/store/user/varuns/Run2018D_Prompt/EGamma/crab_job_EGamma2018Dv2_1/190526_233409/0001/Data_EGamma2018Dv2_1_1296.root

file path found: /hdfs/store/user/varuns/Run2018D_Prompt/EGamma/crab_job_EGamma2018Dv2_1/190526_233409/0001/Data_EGamma2018Dv2_1_1297.root
name: Data_EGamma2018Dv2_1_1297.root
filenumber: 171
Adding FullPathInputFile to chain:/hdfs/store/user/varuns/Run2018D_Prompt/EGamma/crab_job_EGamma2018Dv2_1/190526_233409/0001/Data_EGamma2018Dv2_1_1297.root

file path found: /hdfs/store/user/varuns/Run2018D_Prompt/EGamma/crab_job_EGamma2018Dv2_1/190526_233409/0001/Data_EGamma2018Dv2_1_1298.root
name: Data_EGamma2018Dv2_1_1298.root
filenumber: 172
Adding FullPathInputFile to chain:/hdfs/store/user/varuns/Run2018D_Prompt/EGamma/crab_job_EGamma2018Dv2_1/190526_233409/0001/Data_EGamma2018Dv2_1_1298.root

file path found: /hdfs/store/user/varuns/Run2018D_Prompt/EGamma/crab_job_EGamma2018Dv2_1/190526_233409/0001/Data_EGamma2018Dv2_1_1299.root
name: Data_EGamma2018Dv2_1_1299.root
filenumber: 173
Adding FullPathInputFile to chain:/hdfs/store/user/varuns/Run2018D_Prompt/EGamma/crab_job_EGamma2018Dv2_1/190526_233409/0001/Data_EGamma2018Dv2_1_1299.root

file path found: /hdfs/store/user/varuns/Run2018D_Prompt/EGamma/crab_job_EGamma2018Dv2_1/190526_233409/0001/Data_EGamma2018Dv2_1_1300.root
name: Data_EGamma2018Dv2_1_1300.root
filenumber: 174
Adding FullPathInputFile to chain:/hdfs/store/user/varuns/Run2018D_Prompt/EGamma/crab_job_EGamma2018Dv2_1/190526_233409/0001/Data_EGamma2018Dv2_1_1300.root

file path found: /hdfs/store/user/varuns/Run2018D_Prompt/EGamma/crab_job_EGamma2018Dv2_1/190526_233409/0001/Data_EGamma2018Dv2_1_1301.root
name: Data_EGamma2018Dv2_1_1301.root
filenumber: 175
Adding FullPathInputFile to chain:/hdfs/store/user/varuns/Run2018D_Prompt/EGamma/crab_job_EGamma2018Dv2_1/190526_233409/0001/Data_EGamma2018Dv2_1_1301.root

file path found: /hdfs/store/user/varuns/Run2018D_Prompt/EGamma/crab_job_EGamma2018Dv2_1/190526_233409/0001/Data_EGamma2018Dv2_1_1302.root
name: Data_EGamma2018Dv2_1_1302.root
filenumber: 176
Adding FullPathInputFile to chain:/hdfs/store/user/varuns/Run2018D_Prompt/EGamma/crab_job_EGamma2018Dv2_1/190526_233409/0001/Data_EGamma2018Dv2_1_1302.root

file path found: /hdfs/store/user/varuns/Run2018D_Prompt/EGamma/crab_job_EGamma2018Dv2_1/190526_233409/0001/Data_EGamma2018Dv2_1_1303.root
name: Data_EGamma2018Dv2_1_1303.root
filenumber: 177
Adding FullPathInputFile to chain:/hdfs/store/user/varuns/Run2018D_Prompt/EGamma/crab_job_EGamma2018Dv2_1/190526_233409/0001/Data_EGamma2018Dv2_1_1303.root

file path found: /hdfs/store/user/varuns/Run2018D_Prompt/EGamma/crab_job_EGamma2018Dv2_1/190526_233409/0001/Data_EGamma2018Dv2_1_1304.root
name: Data_EGamma2018Dv2_1_1304.root
filenumber: 178
Adding FullPathInputFile to chain:/hdfs/store/user/varuns/Run2018D_Prompt/EGamma/crab_job_EGamma2018Dv2_1/190526_233409/0001/Data_EGamma2018Dv2_1_1304.root

file path found: /hdfs/store/user/varuns/Run2018D_Prompt/EGamma/crab_job_EGamma2018Dv2_1/190526_233409/0001/Data_EGamma2018Dv2_1_1305.root
name: Data_EGamma2018Dv2_1_1305.root
filenumber: 179
Adding FullPathInputFile to chain:/hdfs/store/user/varuns/Run2018D_Prompt/EGamma/crab_job_EGamma2018Dv2_1/190526_233409/0001/Data_EGamma2018Dv2_1_1305.root

file path found: /hdfs/store/user/varuns/Run2018D_Prompt/EGamma/crab_job_EGamma2018Dv2_1/190526_233409/0001/Data_EGamma2018Dv2_1_1306.root
name: Data_EGamma2018Dv2_1_1306.root
filenumber: 180
Adding FullPathInputFile to chain:/hdfs/store/user/varuns/Run2018D_Prompt/EGamma/crab_job_EGamma2018Dv2_1/190526_233409/0001/Data_EGamma2018Dv2_1_1306.root

file path found: /hdfs/store/user/varuns/Run2018D_Prompt/EGamma/crab_job_EGamma2018Dv2_1/190526_233409/0001/Data_EGamma2018Dv2_1_1307.root
name: Data_EGamma2018Dv2_1_1307.root
filenumber: 181
Adding FullPathInputFile to chain:/hdfs/store/user/varuns/Run2018D_Prompt/EGamma/crab_job_EGamma2018Dv2_1/190526_233409/0001/Data_EGamma2018Dv2_1_1307.root

file path found: /hdfs/store/user/varuns/Run2018D_Prompt/EGamma/crab_job_EGamma2018Dv2_1/190526_233409/0001/Data_EGamma2018Dv2_1_1308.root
name: Data_EGamma2018Dv2_1_1308.root
filenumber: 182
Adding FullPathInputFile to chain:/hdfs/store/user/varuns/Run2018D_Prompt/EGamma/crab_job_EGamma2018Dv2_1/190526_233409/0001/Data_EGamma2018Dv2_1_1308.root

file path found: /hdfs/store/user/varuns/Run2018D_Prompt/EGamma/crab_job_EGamma2018Dv2_1/190526_233409/0001/Data_EGamma2018Dv2_1_1309.root
name: Data_EGamma2018Dv2_1_1309.root
filenumber: 183
Adding FullPathInputFile to chain:/hdfs/store/user/varuns/Run2018D_Prompt/EGamma/crab_job_EGamma2018Dv2_1/190526_233409/0001/Data_EGamma2018Dv2_1_1309.root

file path found: /hdfs/store/user/varuns/Run2018D_Prompt/EGamma/crab_job_EGamma2018Dv2_1/190526_233409/0001/Data_EGamma2018Dv2_1_1496.root
name: Data_EGamma2018Dv2_1_1496.root
filenumber: 184
Adding FullPathInputFile to chain:/hdfs/store/user/varuns/Run2018D_Prompt/EGamma/crab_job_EGamma2018Dv2_1/190526_233409/0001/Data_EGamma2018Dv2_1_1496.root

file path found: /hdfs/store/user/varuns/Run2018D_Prompt/EGamma/crab_job_EGamma2018Dv2_1/190526_233409/0001/Data_EGamma2018Dv2_1_1497.root
name: Data_EGamma2018Dv2_1_1497.root
filenumber: 185
Adding FullPathInputFile to chain:/hdfs/store/user/varuns/Run2018D_Prompt/EGamma/crab_job_EGamma2018Dv2_1/190526_233409/0001/Data_EGamma2018Dv2_1_1497.root

file path found: /hdfs/store/user/varuns/Run2018D_Prompt/EGamma/crab_job_EGamma2018Dv2_1/190526_233409/0001/Data_EGamma2018Dv2_1_1631.root
name: Data_EGamma2018Dv2_1_1631.root
filenumber: 186
Adding FullPathInputFile to chain:/hdfs/store/user/varuns/Run2018D_Prompt/EGamma/crab_job_EGamma2018Dv2_1/190526_233409/0001/Data_EGamma2018Dv2_1_1631.root

file path found: /hdfs/store/user/varuns/Run2018D_Prompt/EGamma/crab_job_EGamma2018Dv2_1/190526_233409/0001/Data_EGamma2018Dv2_1_1632.root
name: Data_EGamma2018Dv2_1_1632.root
filenumber: 187
Adding FullPathInputFile to chain:/hdfs/store/user/varuns/Run2018D_Prompt/EGamma/crab_job_EGamma2018Dv2_1/190526_233409/0001/Data_EGamma2018Dv2_1_1632.root

file path found: /hdfs/store/user/varuns/Run2018D_Prompt/EGamma/crab_job_EGamma2018Dv2_1/190526_233409/0001/Data_EGamma2018Dv2_1_1702.root
name: Data_EGamma2018Dv2_1_1702.root
filenumber: 188
Adding FullPathInputFile to chain:/hdfs/store/user/varuns/Run2018D_Prompt/EGamma/crab_job_EGamma2018Dv2_1/190526_233409/0001/Data_EGamma2018Dv2_1_1702.root

file path found: /hdfs/store/user/varuns/Run2018D_Prompt/EGamma/crab_job_EGamma2018Dv2_1/190526_233409/0001/Data_EGamma2018Dv2_1_1703.root
name: Data_EGamma2018Dv2_1_1703.root
filenumber: 189
Adding FullPathInputFile to chain:/hdfs/store/user/varuns/Run2018D_Prompt/EGamma/crab_job_EGamma2018Dv2_1/190526_233409/0001/Data_EGamma2018Dv2_1_1703.root

file path found: /hdfs/store/user/varuns/Run2018D_Prompt/EGamma/crab_job_EGamma2018Dv2_1/190526_233409/0001/Data_EGamma2018Dv2_1_1710.root
name: Data_EGamma2018Dv2_1_1710.root
filenumber: 190
Adding FullPathInputFile to chain:/hdfs/store/user/varuns/Run2018D_Prompt/EGamma/crab_job_EGamma2018Dv2_1/190526_233409/0001/Data_EGamma2018Dv2_1_1710.root

file path found: /hdfs/store/user/varuns/Run2018D_Prompt/EGamma/crab_job_EGamma2018Dv2_1/190526_233409/0001/Data_EGamma2018Dv2_1_1743.root
name: Data_EGamma2018Dv2_1_1743.root
filenumber: 191
Adding FullPathInputFile to chain:/hdfs/store/user/varuns/Run2018D_Prompt/EGamma/crab_job_EGamma2018Dv2_1/190526_233409/0001/Data_EGamma2018Dv2_1_1743.root

file path found: /hdfs/store/user/varuns/Run2018D_Prompt/EGamma/crab_job_EGamma2018Dv2_1/190526_233409/0001/Data_EGamma2018Dv2_1_1749.root
name: Data_EGamma2018Dv2_1_1749.root
filenumber: 192
Adding FullPathInputFile to chain:/hdfs/store/user/varuns/Run2018D_Prompt/EGamma/crab_job_EGamma2018Dv2_1/190526_233409/0001/Data_EGamma2018Dv2_1_1749.root

file path found: /hdfs/store/user/varuns/Run2018D_Prompt/EGamma/crab_job_EGamma2018Dv2_1/190526_233409/0001/Data_EGamma2018Dv2_1_1752.root
name: Data_EGamma2018Dv2_1_1752.root
filenumber: 193
Adding FullPathInputFile to chain:/hdfs/store/user/varuns/Run2018D_Prompt/EGamma/crab_job_EGamma2018Dv2_1/190526_233409/0001/Data_EGamma2018Dv2_1_1752.root

file path found: /hdfs/store/user/varuns/Run2018D_Prompt/EGamma/crab_job_EGamma2018Dv2_1/190526_233409/0001/Data_EGamma2018Dv2_1_1753.root
name: Data_EGamma2018Dv2_1_1753.root
filenumber: 194
Adding FullPathInputFile to chain:/hdfs/store/user/varuns/Run2018D_Prompt/EGamma/crab_job_EGamma2018Dv2_1/190526_233409/0001/Data_EGamma2018Dv2_1_1753.root

file path found: /hdfs/store/user/varuns/Run2018D_Prompt/EGamma/crab_job_EGamma2018Dv2_1/190526_233409/0001/Data_EGamma2018Dv2_1_1755.root
name: Data_EGamma2018Dv2_1_1755.root
filenumber: 195
Adding FullPathInputFile to chain:/hdfs/store/user/varuns/Run2018D_Prompt/EGamma/crab_job_EGamma2018Dv2_1/190526_233409/0001/Data_EGamma2018Dv2_1_1755.root

file path found: /hdfs/store/user/varuns/Run2018D_Prompt/EGamma/crab_job_EGamma2018Dv2_1/190526_233409/0001/Data_EGamma2018Dv2_1_1756.root
name: Data_EGamma2018Dv2_1_1756.root
filenumber: 196
Adding FullPathInputFile to chain:/hdfs/store/user/varuns/Run2018D_Prompt/EGamma/crab_job_EGamma2018Dv2_1/190526_233409/0001/Data_EGamma2018Dv2_1_1756.root

file path found: /hdfs/store/user/varuns/Run2018D_Prompt/EGamma/crab_job_EGamma2018Dv2_1/190526_233409/0001/Data_EGamma2018Dv2_1_1757.root
name: Data_EGamma2018Dv2_1_1757.root
filenumber: 197
Adding FullPathInputFile to chain:/hdfs/store/user/varuns/Run2018D_Prompt/EGamma/crab_job_EGamma2018Dv2_1/190526_233409/0001/Data_EGamma2018Dv2_1_1757.root

file path found: /hdfs/store/user/varuns/Run2018D_Prompt/EGamma/crab_job_EGamma2018Dv2_1/190526_233409/0001/Data_EGamma2018Dv2_1_1760.root
name: Data_EGamma2018Dv2_1_1760.root
filenumber: 198
Adding FullPathInputFile to chain:/hdfs/store/user/varuns/Run2018D_Prompt/EGamma/crab_job_EGamma2018Dv2_1/190526_233409/0001/Data_EGamma2018Dv2_1_1760.root

file path found: /hdfs/store/user/varuns/Run2018D_Prompt/EGamma/crab_job_EGamma2018Dv2_1/190526_233409/0001/Data_EGamma2018Dv2_1_1761.root
name: Data_EGamma2018Dv2_1_1761.root
filenumber: 199
Adding FullPathInputFile to chain:/hdfs/store/user/varuns/Run2018D_Prompt/EGamma/crab_job_EGamma2018Dv2_1/190526_233409/0001/Data_EGamma2018Dv2_1_1761.root

file path found: /hdfs/store/user/varuns/Run2018D_Prompt/EGamma/crab_job_EGamma2018Dv2_1/190526_233409/0001/Data_EGamma2018Dv2_1_1763.root
name: Data_EGamma2018Dv2_1_1763.root
filenumber: 200
Adding FullPathInputFile to chain:/hdfs/store/user/varuns/Run2018D_Prompt/EGamma/crab_job_EGamma2018Dv2_1/190526_233409/0001/Data_EGamma2018Dv2_1_1763.root

file path found: /hdfs/store/user/varuns/Run2018D_Prompt/EGamma/crab_job_EGamma2018Dv2_1/190526_233409/0001/Data_EGamma2018Dv2_1_1764.root
name: Data_EGamma2018Dv2_1_1764.root
filenumber: 201
Adding FullPathInputFile to chain:/hdfs/store/user/varuns/Run2018D_Prompt/EGamma/crab_job_EGamma2018Dv2_1/190526_233409/0001/Data_EGamma2018Dv2_1_1764.root

file path found: /hdfs/store/user/varuns/Run2018D_Prompt/EGamma/crab_job_EGamma2018Dv2_1/190526_233409/0001/Data_EGamma2018Dv2_1_1765.root
name: Data_EGamma2018Dv2_1_1765.root
filenumber: 202
Adding FullPathInputFile to chain:/hdfs/store/user/varuns/Run2018D_Prompt/EGamma/crab_job_EGamma2018Dv2_1/190526_233409/0001/Data_EGamma2018Dv2_1_1765.root

file path found: /hdfs/store/user/varuns/Run2018D_Prompt/EGamma/crab_job_EGamma2018Dv2_1/190526_233409/0001/Data_EGamma2018Dv2_1_1766.root
name: Data_EGamma2018Dv2_1_1766.root
filenumber: 203
Adding FullPathInputFile to chain:/hdfs/store/user/varuns/Run2018D_Prompt/EGamma/crab_job_EGamma2018Dv2_1/190526_233409/0001/Data_EGamma2018Dv2_1_1766.root

file path found: /hdfs/store/user/varuns/Run2018D_Prompt/EGamma/crab_job_EGamma2018Dv2_1/190526_233409/0001/Data_EGamma2018Dv2_1_1768.root
name: Data_EGamma2018Dv2_1_1768.root
filenumber: 204
file path found: /hdfs/store/user/varuns/Run2018D_Prompt/EGamma/crab_job_EGamma2018Dv2_1/190526_233409/0001/Data_EGamma2018Dv2_1_1769.root
name: Data_EGamma2018Dv2_1_1769.root
filenumber: 205
file path found: /hdfs/store/user/varuns/Run2018D_Prompt/EGamma/crab_job_EGamma2018Dv2_1/190526_233409/0001/Data_EGamma2018Dv2_1_1770.root
name: Data_EGamma2018Dv2_1_1770.root
filenumber: 206
file path found: /hdfs/store/user/varuns/Run2018D_Prompt/EGamma/crab_job_EGamma2018Dv2_1/190526_233409/0001/Data_EGamma2018Dv2_1_1771.root
name: Data_EGamma2018Dv2_1_1771.root
filenumber: 207
file path found: /hdfs/store/user/varuns/Run2018D_Prompt/EGamma/crab_job_EGamma2018Dv2_1/190526_233409/0001/Data_EGamma2018Dv2_1_1772.root
name: Data_EGamma2018Dv2_1_1772.root
filenumber: 208
file path found: /hdfs/store/user/varuns/Run2018D_Prompt/EGamma/crab_job_EGamma2018Dv2_1/190526_233409/0001/Data_EGamma2018Dv2_1_1773.root
name: Data_EGamma2018Dv2_1_1773.root
filenumber: 209
file path found: /hdfs/store/user/varuns/Run2018D_Prompt/EGamma/crab_job_EGamma2018Dv2_1/190526_233409/0001/Data_EGamma2018Dv2_1_1775.root
name: Data_EGamma2018Dv2_1_1775.root
filenumber: 210
file path found: /hdfs/store/user/varuns/Run2018D_Prompt/EGamma/crab_job_EGamma2018Dv2_1/190526_233409/0001/Data_EGamma2018Dv2_1_1777.root
name: Data_EGamma2018Dv2_1_1777.root
filenumber: 211
file path found: /hdfs/store/user/varuns/Run2018D_Prompt/EGamma/crab_job_EGamma2018Dv2_1/190526_233409/0001/Data_EGamma2018Dv2_1_1779.root
name: Data_EGamma2018Dv2_1_1779.root
filenumber: 212
file path found: /hdfs/store/user/varuns/Run2018D_Prompt/EGamma/crab_job_EGamma2018Dv2_1/190526_233409/0001/Data_EGamma2018Dv2_1_1780.root
name: Data_EGamma2018Dv2_1_1780.root
filenumber: 213
file path found: /hdfs/store/user/varuns/Run2018D_Prompt/EGamma/crab_job_EGamma2018Dv2_1/190526_233409/0001/Data_EGamma2018Dv2_1_1782.root
name: Data_EGamma2018Dv2_1_1782.root
filenumber: 214
file path found: /hdfs/store/user/varuns/Run2018D_Prompt/EGamma/crab_job_EGamma2018Dv2_1/190526_233409/0001/Data_EGamma2018Dv2_1_1784.root
name: Data_EGamma2018Dv2_1_1784.root
filenumber: 215
file path found: /hdfs/store/user/varuns/Run2018D_Prompt/EGamma/crab_job_EGamma2018Dv2_1/190526_233409/0001/Data_EGamma2018Dv2_1_1785.root
name: Data_EGamma2018Dv2_1_1785.root
filenumber: 216
file path found: /hdfs/store/user/varuns/Run2018D_Prompt/EGamma/crab_job_EGamma2018Dv2_1/190526_233409/0001/Data_EGamma2018Dv2_1_1786.root
name: Data_EGamma2018Dv2_1_1786.root
filenumber: 217
file path found: /hdfs/store/user/varuns/Run2018D_Prompt/EGamma/crab_job_EGamma2018Dv2_1/190526_233409/0001/Data_EGamma2018Dv2_1_1787.root
name: Data_EGamma2018Dv2_1_1787.root
filenumber: 218
file path found: /hdfs/store/user/varuns/Run2018D_Prompt/EGamma/crab_job_EGamma2018Dv2_1/190526_233409/0001/Data_EGamma2018Dv2_1_1788.root
name: Data_EGamma2018Dv2_1_1788.root
filenumber: 219
file path found: /hdfs/store/user/varuns/Run2018D_Prompt/EGamma/crab_job_EGamma2018Dv2_1/190526_233409/0001/Data_EGamma2018Dv2_1_1789.root
name: Data_EGamma2018Dv2_1_1789.root
filenumber: 220
file path found: /hdfs/store/user/varuns/Run2018D_Prompt/EGamma/crab_job_EGamma2018Dv2_1/190526_233409/0001/Data_EGamma2018Dv2_1_1790.root
name: Data_EGamma2018Dv2_1_1790.root
filenumber: 221
file path found: /hdfs/store/user/varuns/Run2018D_Prompt/EGamma/crab_job_EGamma2018Dv2_1/190526_233409/0001/Data_EGamma2018Dv2_1_1791.root
name: Data_EGamma2018Dv2_1_1791.root
filenumber: 222
file path found: /hdfs/store/user/varuns/Run2018D_Prompt/EGamma/crab_job_EGamma2018Dv2_1/190526_233409/0001/Data_EGamma2018Dv2_1_1792.root
name: Data_EGamma2018Dv2_1_1792.root
filenumber: 223
file path found: /hdfs/store/user/varuns/Run2018D_Prompt/EGamma/crab_job_EGamma2018Dv2_1/190526_233409/0001/Data_EGamma2018Dv2_1_1793.root
name: Data_EGamma2018Dv2_1_1793.root
filenumber: 224
file path found: /hdfs/store/user/varuns/Run2018D_Prompt/EGamma/crab_job_EGamma2018Dv2_1/190526_233409/0001/Data_EGamma2018Dv2_1_1794.root
name: Data_EGamma2018Dv2_1_1794.root
filenumber: 225
file path found: /hdfs/store/user/varuns/Run2018D_Prompt/EGamma/crab_job_EGamma2018Dv2_1/190526_233409/0001/Data_EGamma2018Dv2_1_1795.root
name: Data_EGamma2018Dv2_1_1795.root
filenumber: 226
file path found: /hdfs/store/user/varuns/Run2018D_Prompt/EGamma/crab_job_EGamma2018Dv2_1/190526_233409/0001/Data_EGamma2018Dv2_1_1796.root
name: Data_EGamma2018Dv2_1_1796.root
filenumber: 227
file path found: /hdfs/store/user/varuns/Run2018D_Prompt/EGamma/crab_job_EGamma2018Dv2_1/190526_233409/0001/Data_EGamma2018Dv2_1_1797.root
name: Data_EGamma2018Dv2_1_1797.root
filenumber: 228
file path found: /hdfs/store/user/varuns/Run2018D_Prompt/EGamma/crab_job_EGamma2018Dv2_1/190526_233409/0001/Data_EGamma2018Dv2_1_1798.root
name: Data_EGamma2018Dv2_1_1798.root
filenumber: 229
file path found: /hdfs/store/user/varuns/Run2018D_Prompt/EGamma/crab_job_EGamma2018Dv2_1/190526_233409/0001/Data_EGamma2018Dv2_1_1799.root
name: Data_EGamma2018Dv2_1_1799.root
filenumber: 230
file path found: /hdfs/store/user/varuns/Run2018D_Prompt/EGamma/crab_job_EGamma2018Dv2_1/190526_233409/0001/Data_EGamma2018Dv2_1_1800.root
name: Data_EGamma2018Dv2_1_1800.root
filenumber: 231
file path found: /hdfs/store/user/varuns/Run2018D_Prompt/EGamma/crab_job_EGamma2018Dv2_1/190526_233409/0001/Data_EGamma2018Dv2_1_1801.root
name: Data_EGamma2018Dv2_1_1801.root
filenumber: 232
file path found: /hdfs/store/user/varuns/Run2018D_Prompt/EGamma/crab_job_EGamma2018Dv2_1/190526_233409/0001/Data_EGamma2018Dv2_1_1802.root
name: Data_EGamma2018Dv2_1_1802.root
filenumber: 233
file path found: /hdfs/store/user/varuns/Run2018D_Prompt/EGamma/crab_job_EGamma2018Dv2_1/190526_233409/0001/Data_EGamma2018Dv2_1_1803.root
name: Data_EGamma2018Dv2_1_1803.root
filenumber: 234
file path found: /hdfs/store/user/varuns/Run2018D_Prompt/EGamma/crab_job_EGamma2018Dv2_1/190526_233409/0001/Data_EGamma2018Dv2_1_1804.root
name: Data_EGamma2018Dv2_1_1804.root
filenumber: 235
file path found: /hdfs/store/user/varuns/Run2018D_Prompt/EGamma/crab_job_EGamma2018Dv2_1/190526_233409/0001/Data_EGamma2018Dv2_1_1805.root
name: Data_EGamma2018Dv2_1_1805.root
filenumber: 236
file path found: /hdfs/store/user/varuns/Run2018D_Prompt/EGamma/crab_job_EGamma2018Dv2_1/190526_233409/0001/Data_EGamma2018Dv2_1_1806.root
name: Data_EGamma2018Dv2_1_1806.root
filenumber: 237
file path found: /hdfs/store/user/varuns/Run2018D_Prompt/EGamma/crab_job_EGamma2018Dv2_1/190526_233409/0001/Data_EGamma2018Dv2_1_1807.root
name: Data_EGamma2018Dv2_1_1807.root
filenumber: 238
file path found: /hdfs/store/user/varuns/Run2018D_Prompt/EGamma/crab_job_EGamma2018Dv2_1/190526_233409/0001/Data_EGamma2018Dv2_1_1808.root
name: Data_EGamma2018Dv2_1_1808.root
filenumber: 239
file path found: /hdfs/store/user/varuns/Run2018D_Prompt/EGamma/crab_job_EGamma2018Dv2_1/190526_233409/0001/Data_EGamma2018Dv2_1_1809.root
name: Data_EGamma2018Dv2_1_1809.root
filenumber: 240
file path found: /hdfs/store/user/varuns/Run2018D_Prompt/EGamma/crab_job_EGamma2018Dv2_1/190526_233409/0001/Data_EGamma2018Dv2_1_1810.root
name: Data_EGamma2018Dv2_1_1810.root
filenumber: 241
file path found: /hdfs/store/user/varuns/Run2018D_Prompt/EGamma/crab_job_EGamma2018Dv2_1/190526_233409/0001/Data_EGamma2018Dv2_1_1811.root
name: Data_EGamma2018Dv2_1_1811.root
filenumber: 242
file path found: /hdfs/store/user/varuns/Run2018D_Prompt/EGamma/crab_job_EGamma2018Dv2_1/190526_233409/0001/Data_EGamma2018Dv2_1_1812.root
name: Data_EGamma2018Dv2_1_1812.root
filenumber: 243
file path found: /hdfs/store/user/varuns/Run2018D_Prompt/EGamma/crab_job_EGamma2018Dv2_1/190526_233409/0001/Data_EGamma2018Dv2_1_1813.root
name: Data_EGamma2018Dv2_1_1813.root
filenumber: 244
file path found: /hdfs/store/user/varuns/Run2018D_Prompt/EGamma/crab_job_EGamma2018Dv2_1/190526_233409/0001/Data_EGamma2018Dv2_1_1814.root
name: Data_EGamma2018Dv2_1_1814.root
filenumber: 245
file path found: /hdfs/store/user/varuns/Run2018D_Prompt/EGamma/crab_job_EGamma2018Dv2_1/190526_233409/0001/Data_EGamma2018Dv2_1_1815.root
name: Data_EGamma2018Dv2_1_1815.root
filenumber: 246
file path found: /hdfs/store/user/varuns/Run2018D_Prompt/EGamma/crab_job_EGamma2018Dv2_1/190526_233409/0001/Data_EGamma2018Dv2_1_1816.root
name: Data_EGamma2018Dv2_1_1816.root
filenumber: 247
file path found: /hdfs/store/user/varuns/Run2018D_Prompt/EGamma/crab_job_EGamma2018Dv2_1/190526_233409/0001/Data_EGamma2018Dv2_1_1817.root
name: Data_EGamma2018Dv2_1_1817.root
filenumber: 248
file path found: /hdfs/store/user/varuns/Run2018D_Prompt/EGamma/crab_job_EGamma2018Dv2_1/190526_233409/0001/Data_EGamma2018Dv2_1_1818.root
name: Data_EGamma2018Dv2_1_1818.root
filenumber: 249
file path found: /hdfs/store/user/varuns/Run2018D_Prompt/EGamma/crab_job_EGamma2018Dv2_1/190526_233409/0001/Data_EGamma2018Dv2_1_1819.root
name: Data_EGamma2018Dv2_1_1819.root
filenumber: 250
file path found: /hdfs/store/user/varuns/Run2018D_Prompt/EGamma/crab_job_EGamma2018Dv2_1/190526_233409/0001/Data_EGamma2018Dv2_1_1820.root
name: Data_EGamma2018Dv2_1_1820.root
filenumber: 251
file path found: /hdfs/store/user/varuns/Run2018D_Prompt/EGamma/crab_job_EGamma2018Dv2_1/190526_233409/0001/Data_EGamma2018Dv2_1_1821.root
name: Data_EGamma2018Dv2_1_1821.root
filenumber: 252
file path found: /hdfs/store/user/varuns/Run2018D_Prompt/EGamma/crab_job_EGamma2018Dv2_1/190526_233409/0001/Data_EGamma2018Dv2_1_1822.root
name: Data_EGamma2018Dv2_1_1822.root
filenumber: 253
file path found: /hdfs/store/user/varuns/Run2018D_Prompt/EGamma/crab_job_EGamma2018Dv2_1/190526_233409/0001/Data_EGamma2018Dv2_1_1823.root
name: Data_EGamma2018Dv2_1_1823.root
filenumber: 254
file path found: /hdfs/store/user/varuns/Run2018D_Prompt/EGamma/crab_job_EGamma2018Dv2_1/190526_233409/0001/Data_EGamma2018Dv2_1_1824.root
name: Data_EGamma2018Dv2_1_1824.root
filenumber: 255
file path found: /hdfs/store/user/varuns/Run2018D_Prompt/EGamma/crab_job_EGamma2018Dv2_1/190526_233409/0001/Data_EGamma2018Dv2_1_1825.root
name: Data_EGamma2018Dv2_1_1825.root
filenumber: 256
file path found: /hdfs/store/user/varuns/Run2018D_Prompt/EGamma/crab_job_EGamma2018Dv2_1/190526_233409/0001/Data_EGamma2018Dv2_1_1826.root
name: Data_EGamma2018Dv2_1_1826.root
filenumber: 257
file path found: /hdfs/store/user/varuns/Run2018D_Prompt/EGamma/crab_job_EGamma2018Dv2_1/190526_233409/0001/Data_EGamma2018Dv2_1_1827.root
name: Data_EGamma2018Dv2_1_1827.root
filenumber: 258
file path found: /hdfs/store/user/varuns/Run2018D_Prompt/EGamma/crab_job_EGamma2018Dv2_1/190526_233409/0001/Data_EGamma2018Dv2_1_1828.root
name: Data_EGamma2018Dv2_1_1828.root
filenumber: 259
file path found: /hdfs/store/user/varuns/Run2018D_Prompt/EGamma/crab_job_EGamma2018Dv2_1/190526_233409/0001/Data_EGamma2018Dv2_1_1829.root
name: Data_EGamma2018Dv2_1_1829.root
filenumber: 260
file path found: /hdfs/store/user/varuns/Run2018D_Prompt/EGamma/crab_job_EGamma2018Dv2_1/190526_233409/0001/Data_EGamma2018Dv2_1_1830.root
name: Data_EGamma2018Dv2_1_1830.root
filenumber: 261
file path found: /hdfs/store/user/varuns/Run2018D_Prompt/EGamma/crab_job_EGamma2018Dv2_1/190526_233409/0001/Data_EGamma2018Dv2_1_1831.root
name: Data_EGamma2018Dv2_1_1831.root
filenumber: 262
file path found: /hdfs/store/user/varuns/Run2018D_Prompt/EGamma/crab_job_EGamma2018Dv2_1/190526_233409/0001/Data_EGamma2018Dv2_1_1832.root
name: Data_EGamma2018Dv2_1_1832.root
filenumber: 263
file path found: /hdfs/store/user/varuns/Run2018D_Prompt/EGamma/crab_job_EGamma2018Dv2_1/190526_233409/0001/Data_EGamma2018Dv2_1_1833.root
name: Data_EGamma2018Dv2_1_1833.root
filenumber: 264
file path found: /hdfs/store/user/varuns/Run2018D_Prompt/EGamma/crab_job_EGamma2018Dv2_1/190526_233409/0001/Data_EGamma2018Dv2_1_1834.root
name: Data_EGamma2018Dv2_1_1834.root
filenumber: 265
file path found: /hdfs/store/user/varuns/Run2018D_Prompt/EGamma/crab_job_EGamma2018Dv2_1/190526_233409/0001/Data_EGamma2018Dv2_1_1835.root
name: Data_EGamma2018Dv2_1_1835.root
filenumber: 266
file path found: /hdfs/store/user/varuns/Run2018D_Prompt/EGamma/crab_job_EGamma2018Dv2_1/190526_233409/0001/Data_EGamma2018Dv2_1_1836.root
name: Data_EGamma2018Dv2_1_1836.root
filenumber: 267
file path found: /hdfs/store/user/varuns/Run2018D_Prompt/EGamma/crab_job_EGamma2018Dv2_1/190526_233409/0001/Data_EGamma2018Dv2_1_1837.root
name: Data_EGamma2018Dv2_1_1837.root
filenumber: 268
file path found: /hdfs/store/user/varuns/Run2018D_Prompt/EGamma/crab_job_EGamma2018Dv2_1/190526_233409/0001/Data_EGamma2018Dv2_1_1838.root
name: Data_EGamma2018Dv2_1_1838.root
filenumber: 269
file path found: /hdfs/store/user/varuns/Run2018D_Prompt/EGamma/crab_job_EGamma2018Dv2_1/190526_233409/0001/Data_EGamma2018Dv2_1_1839.root
name: Data_EGamma2018Dv2_1_1839.root
filenumber: 270
file path found: /hdfs/store/user/varuns/Run2018D_Prompt/EGamma/crab_job_EGamma2018Dv2_1/190526_233409/0001/Data_EGamma2018Dv2_1_1900.root
name: Data_EGamma2018Dv2_1_1900.root
filenumber: 271
file path found: /hdfs/store/user/varuns/Run2018D_Prompt/EGamma/crab_job_EGamma2018Dv2_1/190526_233409/0001/.
name: .
filenumber: 272
file path found: /hdfs/store/user/varuns/Run2018D_Prompt/EGamma/crab_job_EGamma2018Dv2_1/190526_233409/0001/..
name: ..
filenumber: 273
68 files added.
Initializing chain.
Coming in: 
nentries:997169
Running over 997169 events.
Finished entry 0/997168
Finished entry 10000/997168
Finished entry 20000/997168
Finished entry 30000/997168
Finished entry 40000/997168
Finished entry 50000/997168
Finished entry 60000/997168
Finished entry 70000/997168
Finished entry 80000/997168
Finished entry 90000/997168
Finished entry 100000/997168
Finished entry 110000/997168
Finished entry 120000/997168
Finished entry 130000/997168
Finished entry 140000/997168
Finished entry 150000/997168
Finished entry 160000/997168
Finished entry 170000/997168
Finished entry 180000/997168
Finished entry 190000/997168
Finished entry 200000/997168
Finished entry 210000/997168
Finished entry 220000/997168
Finished entry 230000/997168
Finished entry 240000/997168
Finished entry 250000/997168
Finished entry 260000/997168
Finished entry 270000/997168
Finished entry 280000/997168
Finished entry 290000/997168
Finished entry 300000/997168
Finished entry 310000/997168
Finished entry 320000/997168
Finished entry 330000/997168
Finished entry 340000/997168
Finished entry 350000/997168
Finished entry 360000/997168
Finished entry 370000/997168
Finished entry 380000/997168
Finished entry 390000/997168
Finished entry 400000/997168
Finished entry 410000/997168
Finished entry 420000/997168
Finished entry 430000/997168
Finished entry 440000/997168
Finished entry 450000/997168
Finished entry 460000/997168
Finished entry 470000/997168
Finished entry 480000/997168
Finished entry 490000/997168
Finished entry 500000/997168
Finished entry 510000/997168
Finished entry 520000/997168
Finished entry 530000/997168
Finished entry 540000/997168
Finished entry 550000/997168
Finished entry 560000/997168
Finished entry 570000/997168
Finished entry 580000/997168
Finished entry 590000/997168
Finished entry 600000/997168
Finished entry 610000/997168
Finished entry 620000/997168
Finished entry 630000/997168
Finished entry 640000/997168
Finished entry 650000/997168
Finished entry 660000/997168
Finished entry 670000/997168
Finished entry 680000/997168
Finished entry 690000/997168
Finished entry 700000/997168
Finished entry 710000/997168
Finished entry 720000/997168
Finished entry 730000/997168
Finished entry 740000/997168
Finished entry 750000/997168
Finished entry 760000/997168
Finished entry 770000/997168
Finished entry 780000/997168
Finished entry 790000/997168
Finished entry 800000/997168
Finished entry 810000/997168
Finished entry 820000/997168
Finished entry 830000/997168
Finished entry 840000/997168
Finished entry 850000/997168
Finished entry 860000/997168
Finished entry 870000/997168
Finished entry 880000/997168
Finished entry 890000/997168
Finished entry 900000/997168
Finished entry 910000/997168
Finished entry 920000/997168
Finished entry 930000/997168
Finished entry 940000/997168
Finished entry 950000/997168
Finished entry 960000/997168
Finished entry 970000/997168
Finished entry 980000/997168
Finished entry 990000/997168
