000 (690148.010.000) 07/11 07:33:00 Job submitted from host: <144.92.181.245:9618?addrs=144.92.181.245-9618+[2607-f388-101c-1000--372]-9618&noUDP&sock=6179_dbc8_3>
...
001 (690148.010.000) 07/11 09:50:29 Job executing on host: <144.92.180.129:9618?addrs=144.92.180.129-9618+[2607-f388-101c-1000--629]-9618&noUDP&sock=7597_7d13_3>
...
006 (690148.010.000) 07/11 09:50:38 Image size of job updated: 163556
	50  -  MemoryUsage of job (MB)
	50668  -  ResidentSetSize of job (KB)
...
006 (690148.010.000) 07/11 10:10:39 Image size of job updated: 266284
	235  -  MemoryUsage of job (MB)
	239724  -  ResidentSetSize of job (KB)
...
005 (690148.010.000) 07/11 10:13:22 Job terminated.
	(1) Normal termination (return value 0)
		Usr 0 00:01:53, Sys 0 00:00:06  -  Run Remote Usage
		Usr 0 00:00:00, Sys 0 00:00:00  -  Run Local Usage
		Usr 0 00:01:53, Sys 0 00:00:06  -  Total Remote Usage
		Usr 0 00:00:00, Sys 0 00:00:00  -  Total Local Usage
	394788  -  Run Bytes Sent By Job
	302156  -  Run Bytes Received By Job
	394788  -  Total Bytes Sent By Job
	302156  -  Total Bytes Received By Job
	Partitionable Resources :    Usage  Request Allocated
	   Cpus                 :                 1         1
	   Disk (KB)            :  1000000  2048000   6332983
	   Memory (MB)          :      235     1992      1992
...
