000 (690148.005.000) 07/11 07:33:00 Job submitted from host: <144.92.181.245:9618?addrs=144.92.181.245-9618+[2607-f388-101c-1000--372]-9618&noUDP&sock=6179_dbc8_3>
...
001 (690148.005.000) 07/11 09:50:12 Job executing on host: <144.92.180.165:9618?addrs=144.92.180.165-9618+[2607-f388-101c-1000--629]-9618&noUDP&sock=7628_c083_3>
...
006 (690148.005.000) 07/11 09:50:20 Image size of job updated: 162344
	57  -  MemoryUsage of job (MB)
	57616  -  ResidentSetSize of job (KB)
...
005 (690148.005.000) 07/11 10:05:12 Job terminated.
	(1) Normal termination (return value 0)
		Usr 0 00:02:21, Sys 0 00:00:07  -  Run Remote Usage
		Usr 0 00:00:00, Sys 0 00:00:00  -  Run Local Usage
		Usr 0 00:02:21, Sys 0 00:00:07  -  Total Remote Usage
		Usr 0 00:00:00, Sys 0 00:00:00  -  Total Local Usage
	396485  -  Run Bytes Sent By Job
	302156  -  Run Bytes Received By Job
	396485  -  Total Bytes Sent By Job
	302156  -  Total Bytes Received By Job
	Partitionable Resources :    Usage  Request Allocated
	   Cpus                 :                 1         1
	   Disk (KB)            :  1000000  2048000   7918386
	   Memory (MB)          :       57     1992      1992
...
