000 (690087.010.000) 07/11 07:31:28 Job submitted from host: <144.92.181.245:9618?addrs=144.92.181.245-9618+[2607-f388-101c-1000--372]-9618&noUDP&sock=6179_dbc8_3>
...
001 (690087.010.000) 07/11 09:02:33 Job executing on host: <144.92.181.212:9618?addrs=144.92.181.212-9618+[2607-f388-101c-1000--629]-9618&noUDP&sock=6802_2f49_3>
...
006 (690087.010.000) 07/11 09:02:42 Image size of job updated: 230788
	106  -  MemoryUsage of job (MB)
	107916  -  ResidentSetSize of job (KB)
...
006 (690087.010.000) 07/11 09:22:43 Image size of job updated: 273060
	233  -  MemoryUsage of job (MB)
	237728  -  ResidentSetSize of job (KB)
...
005 (690087.010.000) 07/11 09:25:33 Job terminated.
	(1) Normal termination (return value 0)
		Usr 0 00:04:52, Sys 0 00:00:16  -  Run Remote Usage
		Usr 0 00:00:00, Sys 0 00:00:00  -  Run Local Usage
		Usr 0 00:04:52, Sys 0 00:00:16  -  Total Remote Usage
		Usr 0 00:00:00, Sys 0 00:00:00  -  Total Local Usage
	353544  -  Run Bytes Sent By Job
	302156  -  Run Bytes Received By Job
	353544  -  Total Bytes Sent By Job
	302156  -  Total Bytes Received By Job
	Partitionable Resources :    Usage  Request Allocated
	   Cpus                 :                 1         1
	   Disk (KB)            :  1000000  2048000   3166682
	   Memory (MB)          :      233     1992      1992
...
