000 (690087.001.000) 07/11 07:31:28 Job submitted from host: <144.92.181.245:9618?addrs=144.92.181.245-9618+[2607-f388-101c-1000--372]-9618&noUDP&sock=6179_dbc8_3>
...
001 (690087.001.000) 07/11 09:01:50 Job executing on host: <144.92.181.146:9618?addrs=144.92.181.146-9618+[2607-f388-101c-1000--629]-9618&noUDP&sock=9831_d3a7_3>
...
006 (690087.001.000) 07/11 09:01:59 Image size of job updated: 230968
	106  -  MemoryUsage of job (MB)
	107928  -  ResidentSetSize of job (KB)
...
005 (690087.001.000) 07/11 09:18:39 Job terminated.
	(1) Normal termination (return value 0)
		Usr 0 00:02:30, Sys 0 00:00:07  -  Run Remote Usage
		Usr 0 00:00:00, Sys 0 00:00:00  -  Run Local Usage
		Usr 0 00:02:30, Sys 0 00:00:07  -  Total Remote Usage
		Usr 0 00:00:00, Sys 0 00:00:00  -  Total Local Usage
	348042  -  Run Bytes Sent By Job
	302156  -  Run Bytes Received By Job
	348042  -  Total Bytes Sent By Job
	302156  -  Total Bytes Received By Job
	Partitionable Resources :    Usage  Request Allocated
	   Cpus                 :                 1         1
	   Disk (KB)            :  1000000  2048000   7917565
	   Memory (MB)          :      106     1992      1992
...
