000 (691473.000.000) 07/11 11:27:31 Job submitted from host: <144.92.181.245:9618?addrs=144.92.181.245-9618+[2607-f388-101c-1000--372]-9618&noUDP&sock=6179_dbc8_3>
...
001 (691473.000.000) 07/11 12:02:56 Job executing on host: <128.104.227.115:9618?addrs=128.104.227.115-9618+[2607-f388-101c-1000--64]-9618&noUDP&sock=11711_59b3_3>
...
006 (691473.000.000) 07/11 12:03:05 Image size of job updated: 215144
	106  -  MemoryUsage of job (MB)
	108384  -  ResidentSetSize of job (KB)
...
006 (691473.000.000) 07/11 12:23:06 Image size of job updated: 242464
	235  -  MemoryUsage of job (MB)
	239720  -  ResidentSetSize of job (KB)
...
005 (691473.000.000) 07/11 12:30:18 Job terminated.
	(1) Normal termination (return value 0)
		Usr 0 00:02:05, Sys 0 00:00:06  -  Run Remote Usage
		Usr 0 00:00:00, Sys 0 00:00:00  -  Run Local Usage
		Usr 0 00:02:05, Sys 0 00:00:06  -  Total Remote Usage
		Usr 0 00:00:00, Sys 0 00:00:00  -  Total Local Usage
	369904  -  Run Bytes Sent By Job
	306644  -  Run Bytes Received By Job
	369904  -  Total Bytes Sent By Job
	306644  -  Total Bytes Received By Job
	Partitionable Resources :    Usage  Request Allocated
	   Cpus                 :                 1         1
	   Disk (KB)            :  1000000  2048000   9502653
	   Memory (MB)          :      235     1992      1992
...
