000 (691473.001.000) 07/11 11:27:31 Job submitted from host: <144.92.181.245:9618?addrs=144.92.181.245-9618+[2607-f388-101c-1000--372]-9618&noUDP&sock=6179_dbc8_3>
...
001 (691473.001.000) 07/11 12:03:03 Job executing on host: <144.92.180.159:9618?addrs=144.92.180.159-9618+[2607-f388-101c-1000--629]-9618&noUDP&sock=7670_8f7d_3>
...
006 (691473.001.000) 07/11 12:03:12 Image size of job updated: 217092
	106  -  MemoryUsage of job (MB)
	108396  -  ResidentSetSize of job (KB)
...
006 (691473.001.000) 07/11 12:23:13 Image size of job updated: 242856
	238  -  MemoryUsage of job (MB)
	242716  -  ResidentSetSize of job (KB)
...
006 (691473.001.000) 07/11 12:43:14 Image size of job updated: 244228
	239  -  MemoryUsage of job (MB)
	244088  -  ResidentSetSize of job (KB)
...
006 (691473.001.000) 07/11 12:49:26 Image size of job updated: 485716
	239  -  MemoryUsage of job (MB)
	244088  -  ResidentSetSize of job (KB)
...
005 (691473.001.000) 07/11 12:49:27 Job terminated.
	(1) Normal termination (return value 0)
		Usr 0 00:02:11, Sys 0 00:00:07  -  Run Remote Usage
		Usr 0 00:00:00, Sys 0 00:00:00  -  Run Local Usage
		Usr 0 00:02:11, Sys 0 00:00:07  -  Total Remote Usage
		Usr 0 00:00:00, Sys 0 00:00:00  -  Total Local Usage
	369510  -  Run Bytes Sent By Job
	306644  -  Run Bytes Received By Job
	369510  -  Total Bytes Sent By Job
	306644  -  Total Bytes Received By Job
	Partitionable Resources :    Usage  Request Allocated
	   Cpus                 :                 1         1
	   Disk (KB)            :  1000000  2048000   7918095
	   Memory (MB)          :      239     1992      1992
...
