000 (690130.002.000) 07/11 07:32:34 Job submitted from host: <144.92.181.245:9618?addrs=144.92.181.245-9618+[2607-f388-101c-1000--372]-9618&noUDP&sock=6179_dbc8_3>
...
001 (690130.002.000) 07/11 09:41:44 Job executing on host: <144.92.180.146:9618?addrs=144.92.180.146-9618+[2607-f388-101c-1000--629]-9618&noUDP&sock=7638_9c75_3>
...
006 (690130.002.000) 07/11 09:41:53 Image size of job updated: 35104
	8  -  MemoryUsage of job (MB)
	7456  -  ResidentSetSize of job (KB)
...
006 (690130.002.000) 07/11 09:59:05 Image size of job updated: 247424
	8  -  MemoryUsage of job (MB)
	7456  -  ResidentSetSize of job (KB)
...
005 (690130.002.000) 07/11 09:59:06 Job terminated.
	(1) Normal termination (return value 0)
		Usr 0 00:01:23, Sys 0 00:00:02  -  Run Remote Usage
		Usr 0 00:00:00, Sys 0 00:00:00  -  Run Local Usage
		Usr 0 00:01:23, Sys 0 00:00:02  -  Total Remote Usage
		Usr 0 00:00:00, Sys 0 00:00:00  -  Total Local Usage
	334305  -  Run Bytes Sent By Job
	302156  -  Run Bytes Received By Job
	334305  -  Total Bytes Sent By Job
	302156  -  Total Bytes Received By Job
	Partitionable Resources :    Usage  Request Allocated
	   Cpus                 :                 1         1
	   Disk (KB)            :  1000000  2048000   7917494
	   Memory (MB)          :        8     1992      1992
...
