000 (690130.009.000) 07/11 07:32:34 Job submitted from host: <144.92.181.245:9618?addrs=144.92.181.245-9618+[2607-f388-101c-1000--372]-9618&noUDP&sock=6179_dbc8_3>
...
001 (690130.009.000) 07/11 09:42:14 Job executing on host: <144.92.181.1:9618?addrs=144.92.181.1-9618+[2607-f388-101c-1000--629]-9618&noUDP&sock=7674_4dde_3>
...
006 (690130.009.000) 07/11 09:42:23 Image size of job updated: 226672
	106  -  MemoryUsage of job (MB)
	107908  -  ResidentSetSize of job (KB)
...
006 (690130.009.000) 07/11 09:59:56 Image size of job updated: 239132
	106  -  MemoryUsage of job (MB)
	107908  -  ResidentSetSize of job (KB)
...
005 (690130.009.000) 07/11 09:59:57 Job terminated.
	(1) Normal termination (return value 0)
		Usr 0 00:01:25, Sys 0 00:00:04  -  Run Remote Usage
		Usr 0 00:00:00, Sys 0 00:00:00  -  Run Local Usage
		Usr 0 00:01:25, Sys 0 00:00:04  -  Total Remote Usage
		Usr 0 00:00:00, Sys 0 00:00:00  -  Total Local Usage
	334816  -  Run Bytes Sent By Job
	302156  -  Run Bytes Received By Job
	334816  -  Total Bytes Sent By Job
	302156  -  Total Bytes Received By Job
	Partitionable Resources :    Usage  Request Allocated
	   Cpus                 :                 1         1
	   Disk (KB)            :  1000000  2048000   7917509
	   Memory (MB)          :      106     1992      1992
...
