000 (695977.003.000) 07/12 06:42:12 Job submitted from host: <144.92.181.245:9618?addrs=144.92.181.245-9618+[2607-f388-101c-1000--372]-9618&noUDP&sock=6179_dbc8_3>
...
001 (695977.003.000) 07/12 08:12:07 Job executing on host: <128.104.227.22:9618?addrs=128.104.227.22-9618+[2607-f388-101c-1000--629]-9618&noUDP&sock=10298_2661_3>
...
006 (695977.003.000) 07/12 08:12:16 Image size of job updated: 216380
	106  -  MemoryUsage of job (MB)
	108184  -  ResidentSetSize of job (KB)
...
006 (695977.003.000) 07/12 08:32:17 Image size of job updated: 283044
	277  -  MemoryUsage of job (MB)
	282860  -  ResidentSetSize of job (KB)
...
005 (695977.003.000) 07/12 08:44:06 Job terminated.
	(1) Normal termination (return value 0)
		Usr 0 00:02:25, Sys 0 00:00:07  -  Run Remote Usage
		Usr 0 00:00:00, Sys 0 00:00:00  -  Run Local Usage
		Usr 0 00:02:25, Sys 0 00:00:07  -  Total Remote Usage
		Usr 0 00:00:00, Sys 0 00:00:00  -  Total Local Usage
	229745  -  Run Bytes Sent By Job
	281287  -  Run Bytes Received By Job
	229745  -  Total Bytes Sent By Job
	281287  -  Total Bytes Received By Job
	Partitionable Resources :    Usage  Request Allocated
	   Cpus                 :                 1         1
	   Disk (KB)            :  1000000  2048000   9500771
	   Memory (MB)          :      277     1992      1992
...
