000 (696089.000.000) 07/12 06:44:55 Job submitted from host: <144.92.181.245:9618?addrs=144.92.181.245-9618+[2607-f388-101c-1000--372]-9618&noUDP&sock=6179_dbc8_3>
...
001 (695092.000.000) 07/12 08:01:07 Job executing on host: <128.104.227.46:9618?addrs=128.104.227.46-9618+[2607-f388-101c-1000--629]-9618&noUDP&sock=10288_4a6f_3>
...
006 (695092.000.000) 07/12 08:01:15 Image size of job updated: 186536
	106  -  MemoryUsage of job (MB)
	108312  -  ResidentSetSize of job (KB)
...
006 (695092.000.000) 07/12 08:21:15 Image size of job updated: 244188
	239  -  MemoryUsage of job (MB)
	244188  -  ResidentSetSize of job (KB)
...
006 (695092.000.000) 07/12 08:41:15 Image size of job updated: 246484
	240  -  MemoryUsage of job (MB)
	245532  -  ResidentSetSize of job (KB)
...
001 (696089.000.000) 07/12 08:58:42 Job executing on host: <128.104.227.15:9618?addrs=128.104.227.15-9618+[2607-f388-101c-1000--629]-9618&noUDP&sock=10589_c070_3>
...
006 (696089.000.000) 07/12 08:58:51 Image size of job updated: 217320
	106  -  MemoryUsage of job (MB)
	108528  -  ResidentSetSize of job (KB)
...
005 (695092.000.000) 07/12 08:58:52 Job terminated.
	(1) Normal termination (return value 0)
		Usr 0 00:02:28, Sys 0 00:00:08  -  Run Remote Usage
		Usr 0 00:00:00, Sys 0 00:00:00  -  Run Local Usage
		Usr 0 00:02:28, Sys 0 00:00:08  -  Total Remote Usage
		Usr 0 00:00:00, Sys 0 00:00:00  -  Total Local Usage
	404261  -  Run Bytes Sent By Job
	281287  -  Run Bytes Received By Job
	404261  -  Total Bytes Sent By Job
	281287  -  Total Bytes Received By Job
	Partitionable Resources :    Usage  Request Allocated
	   Cpus                 :                 1         1
	   Disk (KB)            :  1000000  2048000   9501106
	   Memory (MB)          :      240     1992      1992
...
006 (696089.000.000) 07/12 09:18:52 Image size of job updated: 284792
	240  -  MemoryUsage of job (MB)
	245372  -  ResidentSetSize of job (KB)
...
005 (696089.000.000) 07/12 09:18:59 Job terminated.
	(1) Normal termination (return value 0)
		Usr 0 00:02:04, Sys 0 00:00:06  -  Run Remote Usage
		Usr 0 00:00:00, Sys 0 00:00:00  -  Run Local Usage
		Usr 0 00:02:04, Sys 0 00:00:06  -  Total Remote Usage
		Usr 0 00:00:00, Sys 0 00:00:00  -  Total Local Usage
	404261  -  Run Bytes Sent By Job
	281287  -  Run Bytes Received By Job
	404261  -  Total Bytes Sent By Job
	281287  -  Total Bytes Received By Job
	Partitionable Resources :    Usage  Request Allocated
	   Cpus                 :                 1         1
	   Disk (KB)            :  1000000  2048000   9500643
	   Memory (MB)          :      240     1992      1992
...
