000 (696089.006.000) 07/12 06:44:55 Job submitted from host: <144.92.181.245:9618?addrs=144.92.181.245-9618+[2607-f388-101c-1000--372]-9618&noUDP&sock=6179_dbc8_3>
...
001 (695092.006.000) 07/12 08:01:03 Job executing on host: <128.104.227.46:9618?addrs=128.104.227.46-9618+[2607-f388-101c-1000--629]-9618&noUDP&sock=10288_4a6f_3>
...
006 (695092.006.000) 07/12 08:01:12 Image size of job updated: 53596
	53  -  MemoryUsage of job (MB)
	53596  -  ResidentSetSize of job (KB)
...
006 (695092.006.000) 07/12 08:21:13 Image size of job updated: 237268
	232  -  MemoryUsage of job (MB)
	237268  -  ResidentSetSize of job (KB)
...
006 (695092.006.000) 07/12 08:41:14 Image size of job updated: 243184
	238  -  MemoryUsage of job (MB)
	243184  -  ResidentSetSize of job (KB)
...
001 (696089.006.000) 07/12 08:58:56 Job executing on host: <128.104.227.74:9618?addrs=128.104.227.74-9618+[2607-f388-101c-1000--629]-9618&noUDP&sock=10296_c731_3>
...
006 (696089.006.000) 07/12 08:59:05 Image size of job updated: 217524
	106  -  MemoryUsage of job (MB)
	108524  -  ResidentSetSize of job (KB)
...
005 (695092.006.000) 07/12 09:00:26 Job terminated.
	(1) Normal termination (return value 0)
		Usr 0 00:02:26, Sys 0 00:00:08  -  Run Remote Usage
		Usr 0 00:00:00, Sys 0 00:00:00  -  Run Local Usage
		Usr 0 00:02:26, Sys 0 00:00:08  -  Total Remote Usage
		Usr 0 00:00:00, Sys 0 00:00:00  -  Total Local Usage
	411569  -  Run Bytes Sent By Job
	281287  -  Run Bytes Received By Job
	411569  -  Total Bytes Sent By Job
	281287  -  Total Bytes Received By Job
	Partitionable Resources :    Usage  Request Allocated
	   Cpus                 :                 1         1
	   Disk (KB)            :  1000000  2048000   9501106
	   Memory (MB)          :      238     1992      1992
...
006 (696089.006.000) 07/12 09:19:06 Image size of job updated: 330552
	237  -  MemoryUsage of job (MB)
	241756  -  ResidentSetSize of job (KB)
...
005 (696089.006.000) 07/12 09:25:36 Job terminated.
	(1) Normal termination (return value 0)
		Usr 0 00:02:13, Sys 0 00:00:09  -  Run Remote Usage
		Usr 0 00:00:00, Sys 0 00:00:00  -  Run Local Usage
		Usr 0 00:02:13, Sys 0 00:00:09  -  Total Remote Usage
		Usr 0 00:00:00, Sys 0 00:00:00  -  Total Local Usage
	411569  -  Run Bytes Sent By Job
	281287  -  Run Bytes Received By Job
	411569  -  Total Bytes Sent By Job
	281287  -  Total Bytes Received By Job
	Partitionable Resources :    Usage  Request Allocated
	   Cpus                 :                 1         1
	   Disk (KB)            :  1000000  2048000   9500392
	   Memory (MB)          :      237     1992      1992
...
