000 (696089.007.000) 07/12 06:44:55 Job submitted from host: <144.92.181.245:9618?addrs=144.92.181.245-9618+[2607-f388-101c-1000--372]-9618&noUDP&sock=6179_dbc8_3>
...
001 (695092.007.000) 07/12 08:01:03 Job executing on host: <128.104.227.46:9618?addrs=128.104.227.46-9618+[2607-f388-101c-1000--629]-9618&noUDP&sock=10288_4a6f_3>
...
006 (695092.007.000) 07/12 08:01:12 Image size of job updated: 53620
	53  -  MemoryUsage of job (MB)
	53620  -  ResidentSetSize of job (KB)
...
006 (695092.007.000) 07/12 08:21:13 Image size of job updated: 242152
	237  -  MemoryUsage of job (MB)
	242152  -  ResidentSetSize of job (KB)
...
006 (695092.007.000) 07/12 08:41:13 Image size of job updated: 243472
	238  -  MemoryUsage of job (MB)
	243012  -  ResidentSetSize of job (KB)
...
005 (695092.007.000) 07/12 08:49:45 Job terminated.
	(1) Normal termination (return value 0)
		Usr 0 00:02:26, Sys 0 00:00:08  -  Run Remote Usage
		Usr 0 00:00:00, Sys 0 00:00:00  -  Run Local Usage
		Usr 0 00:02:26, Sys 0 00:00:08  -  Total Remote Usage
		Usr 0 00:00:00, Sys 0 00:00:00  -  Total Local Usage
	412740  -  Run Bytes Sent By Job
	281287  -  Run Bytes Received By Job
	412740  -  Total Bytes Sent By Job
	281287  -  Total Bytes Received By Job
	Partitionable Resources :    Usage  Request Allocated
	   Cpus                 :                 1         1
	   Disk (KB)            :  1000000  2048000   9501106
	   Memory (MB)          :      238     1992      1992
...
001 (696089.007.000) 07/12 08:58:56 Job executing on host: <128.104.227.41:9618?addrs=128.104.227.41-9618+[2607-f388-101c-1000--629]-9618&noUDP&sock=10218_46cd_3>
...
006 (696089.007.000) 07/12 08:59:04 Image size of job updated: 216432
	106  -  MemoryUsage of job (MB)
	108512  -  ResidentSetSize of job (KB)
...
005 (696089.007.000) 07/12 09:18:17 Job terminated.
	(1) Normal termination (return value 0)
		Usr 0 00:02:06, Sys 0 00:00:06  -  Run Remote Usage
		Usr 0 00:00:00, Sys 0 00:00:00  -  Run Local Usage
		Usr 0 00:02:06, Sys 0 00:00:06  -  Total Remote Usage
		Usr 0 00:00:00, Sys 0 00:00:00  -  Total Local Usage
	412740  -  Run Bytes Sent By Job
	281287  -  Run Bytes Received By Job
	412740  -  Total Bytes Sent By Job
	281287  -  Total Bytes Received By Job
	Partitionable Resources :    Usage  Request Allocated
	   Cpus                 :                 1         1
	   Disk (KB)            :  1000000  2048000   9502046
	   Memory (MB)          :      106     1992      1992
...
