000 (696089.008.000) 07/12 06:44:55 Job submitted from host: <144.92.181.245:9618?addrs=144.92.181.245-9618+[2607-f388-101c-1000--372]-9618&noUDP&sock=6179_dbc8_3>
...
001 (695092.008.000) 07/12 08:01:07 Job executing on host: <144.92.180.102:9618?addrs=144.92.180.102-9618+[2607-f388-101c-1000--629]-9618&noUDP&sock=7113_813d_3>
...
006 (695092.008.000) 07/12 08:01:15 Image size of job updated: 30328
	6  -  MemoryUsage of job (MB)
	5964  -  ResidentSetSize of job (KB)
...
006 (695092.008.000) 07/12 08:21:15 Image size of job updated: 242672
	237  -  MemoryUsage of job (MB)
	242468  -  ResidentSetSize of job (KB)
...
005 (695092.008.000) 07/12 08:26:59 Job terminated.
	(1) Normal termination (return value 0)
		Usr 0 00:04:53, Sys 0 00:00:17  -  Run Remote Usage
		Usr 0 00:00:00, Sys 0 00:00:00  -  Run Local Usage
		Usr 0 00:04:53, Sys 0 00:00:17  -  Total Remote Usage
		Usr 0 00:00:00, Sys 0 00:00:00  -  Total Local Usage
	412942  -  Run Bytes Sent By Job
	281287  -  Run Bytes Received By Job
	412942  -  Total Bytes Sent By Job
	281287  -  Total Bytes Received By Job
	Partitionable Resources :    Usage  Request Allocated
	   Cpus                 :                 1         1
	   Disk (KB)            :  1000000  2048000   4749902
	   Memory (MB)          :      237     1992      1992
...
001 (696089.008.000) 07/12 08:58:57 Job executing on host: <128.104.227.24:9618?addrs=128.104.227.24-9618+[2607-f388-101c-1000--629]-9618&noUDP&sock=10309_b1ec_3>
...
006 (696089.008.000) 07/12 08:59:06 Image size of job updated: 217024
	106  -  MemoryUsage of job (MB)
	108528  -  ResidentSetSize of job (KB)
...
006 (696089.008.000) 07/12 09:19:06 Image size of job updated: 287528
	238  -  MemoryUsage of job (MB)
	243576  -  ResidentSetSize of job (KB)
...
005 (696089.008.000) 07/12 09:19:29 Job terminated.
	(1) Normal termination (return value 0)
		Usr 0 00:02:13, Sys 0 00:00:07  -  Run Remote Usage
		Usr 0 00:00:00, Sys 0 00:00:00  -  Run Local Usage
		Usr 0 00:02:13, Sys 0 00:00:07  -  Total Remote Usage
		Usr 0 00:00:00, Sys 0 00:00:00  -  Total Local Usage
	404183  -  Run Bytes Sent By Job
	281287  -  Run Bytes Received By Job
	404183  -  Total Bytes Sent By Job
	281287  -  Total Bytes Received By Job
	Partitionable Resources :    Usage  Request Allocated
	   Cpus                 :                 1         1
	   Disk (KB)            :  1000000  2048000   9499870
	   Memory (MB)          :      238     1992      1992
...
