000 (695991.005.000) 07/12 06:42:33 Job submitted from host: <144.92.181.245:9618?addrs=144.92.181.245-9618+[2607-f388-101c-1000--372]-9618&noUDP&sock=6179_dbc8_3>
...
001 (695991.005.000) 07/12 08:18:25 Job executing on host: <144.92.180.134:9618?addrs=144.92.180.134-9618+[2607-f388-101c-1000--629]-9618&noUDP&sock=10094_390f_3>
...
006 (695991.005.000) 07/12 08:18:33 Image size of job updated: 168172
	53  -  MemoryUsage of job (MB)
	53572  -  ResidentSetSize of job (KB)
...
006 (695991.005.000) 07/12 08:38:33 Image size of job updated: 256348
	251  -  MemoryUsage of job (MB)
	256348  -  ResidentSetSize of job (KB)
...
006 (695991.005.000) 07/12 08:40:05 Image size of job updated: 502888
	251  -  MemoryUsage of job (MB)
	256348  -  ResidentSetSize of job (KB)
...
005 (695991.005.000) 07/12 08:40:05 Job terminated.
	(1) Normal termination (return value 0)
		Usr 0 00:02:08, Sys 0 00:00:09  -  Run Remote Usage
		Usr 0 00:00:00, Sys 0 00:00:00  -  Run Local Usage
		Usr 0 00:02:08, Sys 0 00:00:09  -  Total Remote Usage
		Usr 0 00:00:00, Sys 0 00:00:00  -  Total Local Usage
	375480  -  Run Bytes Sent By Job
	281287  -  Run Bytes Received By Job
	375480  -  Total Bytes Sent By Job
	281287  -  Total Bytes Received By Job
	Partitionable Resources :    Usage  Request Allocated
	   Cpus                 :                 1         1
	   Disk (KB)            :  1000000  2048000   7918298
	   Memory (MB)          :      251     1992      1992
...
