000 (691501.011.000) 07/11 11:28:09 Job submitted from host: <144.92.181.245:9618?addrs=144.92.181.245-9618+[2607-f388-101c-1000--372]-9618&noUDP&sock=6179_dbc8_3>
...
001 (691501.011.000) 07/11 12:16:47 Job executing on host: <144.92.180.84:9618?addrs=144.92.180.84-9618+[2607-f388-101c-1000--629]-9618&noUDP&sock=7060_26b8_3>
...
006 (691501.011.000) 07/11 12:16:56 Image size of job updated: 215564
	106  -  MemoryUsage of job (MB)
	108396  -  ResidentSetSize of job (KB)
...
006 (691501.011.000) 07/11 12:36:57 Image size of job updated: 249512
	231  -  MemoryUsage of job (MB)
	235708  -  ResidentSetSize of job (KB)
...
005 (691501.011.000) 07/11 12:49:55 Job terminated.
	(1) Normal termination (return value 0)
		Usr 0 00:04:49, Sys 0 00:00:16  -  Run Remote Usage
		Usr 0 00:00:00, Sys 0 00:00:00  -  Run Local Usage
		Usr 0 00:04:49, Sys 0 00:00:16  -  Total Remote Usage
		Usr 0 00:00:00, Sys 0 00:00:00  -  Total Local Usage
	422234  -  Run Bytes Sent By Job
	306644  -  Run Bytes Received By Job
	422234  -  Total Bytes Sent By Job
	306644  -  Total Bytes Received By Job
	Partitionable Resources :    Usage  Request Allocated
	   Cpus                 :                 1         1
	   Disk (KB)            :  1000000  2048000   4750221
	   Memory (MB)          :      231     1992      1992
...
