000 (691501.012.000) 07/11 11:28:09 Job submitted from host: <144.92.181.245:9618?addrs=144.92.181.245-9618+[2607-f388-101c-1000--372]-9618&noUDP&sock=6179_dbc8_3>
...
001 (691501.012.000) 07/11 12:16:52 Job executing on host: <128.104.227.116:9618?addrs=128.104.227.116-9618+[2607-f388-101c-1000--65]-9618&noUDP&sock=11696_0fc7_10>
...
006 (691501.012.000) 07/11 12:17:01 Image size of job updated: 17216
	4  -  MemoryUsage of job (MB)
	3596  -  ResidentSetSize of job (KB)
...
006 (691501.012.000) 07/11 12:37:02 Image size of job updated: 281808
	233  -  MemoryUsage of job (MB)
	237604  -  ResidentSetSize of job (KB)
...
006 (691501.012.000) 07/11 12:48:04 Image size of job updated: 282056
	233  -  MemoryUsage of job (MB)
	237604  -  ResidentSetSize of job (KB)
...
005 (691501.012.000) 07/11 12:48:05 Job terminated.
	(1) Normal termination (return value 0)
		Usr 0 00:02:24, Sys 0 00:00:07  -  Run Remote Usage
		Usr 0 00:00:00, Sys 0 00:00:00  -  Run Local Usage
		Usr 0 00:02:24, Sys 0 00:00:07  -  Total Remote Usage
		Usr 0 00:00:00, Sys 0 00:00:00  -  Total Local Usage
	413730  -  Run Bytes Sent By Job
	306644  -  Run Bytes Received By Job
	413730  -  Total Bytes Sent By Job
	306644  -  Total Bytes Received By Job
	Partitionable Resources :    Usage  Request Allocated
	   Cpus                 :                 1         1
	   Disk (KB)            :  1000000  2048000   9503198
	   Memory (MB)          :      233     1992      1992
...
