000 (691501.014.000) 07/11 11:28:09 Job submitted from host: <144.92.181.245:9618?addrs=144.92.181.245-9618+[2607-f388-101c-1000--372]-9618&noUDP&sock=6179_dbc8_3>
...
001 (691501.014.000) 07/11 12:16:56 Job executing on host: <144.92.180.34:9618?addrs=144.92.180.34-9618+[2607-f388-101c-1000--629]-9618&noUDP&sock=6649_3d4b_10>
...
006 (691501.014.000) 07/11 12:17:04 Image size of job updated: 215624
	106  -  MemoryUsage of job (MB)
	108404  -  ResidentSetSize of job (KB)
...
006 (691501.014.000) 07/11 12:37:04 Image size of job updated: 238564
	233  -  MemoryUsage of job (MB)
	238424  -  ResidentSetSize of job (KB)
...
006 (691501.014.000) 07/11 12:40:38 Image size of job updated: 238612
	233  -  MemoryUsage of job (MB)
	238424  -  ResidentSetSize of job (KB)
...
005 (691501.014.000) 07/11 12:40:39 Job terminated.
	(1) Normal termination (return value 0)
		Usr 0 00:02:46, Sys 0 00:00:07  -  Run Remote Usage
		Usr 0 00:00:00, Sys 0 00:00:00  -  Run Local Usage
		Usr 0 00:02:46, Sys 0 00:00:07  -  Total Remote Usage
		Usr 0 00:00:00, Sys 0 00:00:00  -  Total Local Usage
	414958  -  Run Bytes Sent By Job
	306644  -  Run Bytes Received By Job
	414958  -  Total Bytes Sent By Job
	306644  -  Total Bytes Received By Job
	Partitionable Resources :    Usage  Request Allocated
	   Cpus                 :                 1         1
	   Disk (KB)            :  1000000  2048000   3166990
	   Memory (MB)          :      233     1992      1992
...
