000 (691501.006.000) 07/11 11:28:09 Job submitted from host: <144.92.181.245:9618?addrs=144.92.181.245-9618+[2607-f388-101c-1000--372]-9618&noUDP&sock=6179_dbc8_3>
...
001 (691501.006.000) 07/11 12:16:33 Job executing on host: <128.104.227.74:9618?addrs=128.104.227.74-9618+[2607-f388-101c-1000--629]-9618&noUDP&sock=10296_c731_3>
...
006 (691501.006.000) 07/11 12:16:42 Image size of job updated: 169524
	53  -  MemoryUsage of job (MB)
	53428  -  ResidentSetSize of job (KB)
...
006 (691501.006.000) 07/11 12:36:43 Image size of job updated: 232268
	227  -  MemoryUsage of job (MB)
	232052  -  ResidentSetSize of job (KB)
...
006 (691501.006.000) 07/11 12:54:23 Image size of job updated: 478412
	227  -  MemoryUsage of job (MB)
	232052  -  ResidentSetSize of job (KB)
...
005 (691501.006.000) 07/11 12:54:24 Job terminated.
	(1) Normal termination (return value 0)
		Usr 0 00:02:08, Sys 0 00:00:07  -  Run Remote Usage
		Usr 0 00:00:00, Sys 0 00:00:00  -  Run Local Usage
		Usr 0 00:02:08, Sys 0 00:00:07  -  Total Remote Usage
		Usr 0 00:00:00, Sys 0 00:00:00  -  Total Local Usage
	408698  -  Run Bytes Sent By Job
	306644  -  Run Bytes Received By Job
	408698  -  Total Bytes Sent By Job
	306644  -  Total Bytes Received By Job
	Partitionable Resources :    Usage  Request Allocated
	   Cpus                 :                 1         1
	   Disk (KB)            :  1000000  2048000   9500392
	   Memory (MB)          :      227     1992      1992
...
