000 (690104.014.000) 07/11 07:31:58 Job submitted from host: <144.92.181.245:9618?addrs=144.92.181.245-9618+[2607-f388-101c-1000--372]-9618&noUDP&sock=6179_dbc8_3>
...
001 (690104.014.000) 07/11 09:22:17 Job executing on host: <144.92.180.246:9618?addrs=144.92.180.246-9618+[2607-f388-101c-1000--629]-9618&noUDP&sock=10080_9ebc_3>
...
006 (690104.014.000) 07/11 09:22:26 Image size of job updated: 226680
	106  -  MemoryUsage of job (MB)
	107960  -  ResidentSetSize of job (KB)
...
006 (690104.014.000) 07/11 09:42:27 Image size of job updated: 236984
	230  -  MemoryUsage of job (MB)
	234516  -  ResidentSetSize of job (KB)
...
005 (690104.014.000) 07/11 09:47:30 Job terminated.
	(1) Normal termination (return value 0)
		Usr 0 00:02:34, Sys 0 00:00:08  -  Run Remote Usage
		Usr 0 00:00:00, Sys 0 00:00:00  -  Run Local Usage
		Usr 0 00:02:34, Sys 0 00:00:08  -  Total Remote Usage
		Usr 0 00:00:00, Sys 0 00:00:00  -  Total Local Usage
	419634  -  Run Bytes Sent By Job
	302156  -  Run Bytes Received By Job
	419634  -  Total Bytes Sent By Job
	302156  -  Total Bytes Received By Job
	Partitionable Resources :    Usage  Request Allocated
	   Cpus                 :                 1         1
	   Disk (KB)            :  1000000  2048000   7916579
	   Memory (MB)          :      230     1992      1992
...
