000 (691511.011.000) 07/11 11:28:21 Job submitted from host: <144.92.181.245:9618?addrs=144.92.181.245-9618+[2607-f388-101c-1000--372]-9618&noUDP&sock=6179_dbc8_3>
...
001 (691511.011.000) 07/11 12:20:06 Job executing on host: <128.104.227.39:9618?addrs=128.104.227.39-9618+[2607-f388-101c-1000--629]-9618&noUDP&sock=10345_6355_3>
...
006 (691511.011.000) 07/11 12:20:15 Image size of job updated: 168616
	53  -  MemoryUsage of job (MB)
	53568  -  ResidentSetSize of job (KB)
...
006 (691511.011.000) 07/11 12:40:16 Image size of job updated: 242840
	235  -  MemoryUsage of job (MB)
	239872  -  ResidentSetSize of job (KB)
...
005 (691511.011.000) 07/11 12:45:35 Job terminated.
	(1) Normal termination (return value 0)
		Usr 0 00:02:24, Sys 0 00:00:09  -  Run Remote Usage
		Usr 0 00:00:00, Sys 0 00:00:00  -  Run Local Usage
		Usr 0 00:02:24, Sys 0 00:00:09  -  Total Remote Usage
		Usr 0 00:00:00, Sys 0 00:00:00  -  Total Local Usage
	444499  -  Run Bytes Sent By Job
	306644  -  Run Bytes Received By Job
	444499  -  Total Bytes Sent By Job
	306644  -  Total Bytes Received By Job
	Partitionable Resources :    Usage  Request Allocated
	   Cpus                 :                 1         1
	   Disk (KB)            :  1000000  2048000   9500277
	   Memory (MB)          :      235     1992      1992
...
