000 (691511.005.000) 07/11 11:28:21 Job submitted from host: <144.92.181.245:9618?addrs=144.92.181.245-9618+[2607-f388-101c-1000--372]-9618&noUDP&sock=6179_dbc8_3>
...
001 (691511.005.000) 07/11 12:19:56 Job executing on host: <144.92.180.159:9618?addrs=144.92.180.159-9618+[2607-f388-101c-1000--629]-9618&noUDP&sock=7670_8f7d_3>
...
006 (691511.005.000) 07/11 12:20:05 Image size of job updated: 217252
	106  -  MemoryUsage of job (MB)
	108432  -  ResidentSetSize of job (KB)
...
006 (691511.005.000) 07/11 12:40:06 Image size of job updated: 236684
	232  -  MemoryUsage of job (MB)
	236684  -  ResidentSetSize of job (KB)
...
006 (691511.005.000) 07/11 12:50:07 Image size of job updated: 481188
	232  -  MemoryUsage of job (MB)
	236684  -  ResidentSetSize of job (KB)
...
005 (691511.005.000) 07/11 12:50:08 Job terminated.
	(1) Normal termination (return value 0)
		Usr 0 00:02:09, Sys 0 00:00:07  -  Run Remote Usage
		Usr 0 00:00:00, Sys 0 00:00:00  -  Run Local Usage
		Usr 0 00:02:09, Sys 0 00:00:07  -  Total Remote Usage
		Usr 0 00:00:00, Sys 0 00:00:00  -  Total Local Usage
	444443  -  Run Bytes Sent By Job
	306644  -  Run Bytes Received By Job
	444443  -  Total Bytes Sent By Job
	306644  -  Total Bytes Received By Job
	Partitionable Resources :    Usage  Request Allocated
	   Cpus                 :                 1         1
	   Disk (KB)            :  1000000  2048000   7918095
	   Memory (MB)          :      232     1992      1992
...
