000 (691440.012.000) 07/11 11:26:43 Job submitted from host: <144.92.181.245:9618?addrs=144.92.181.245-9618+[2607-f388-101c-1000--372]-9618&noUDP&sock=6179_dbc8_3>
...
001 (691440.012.000) 07/11 11:48:23 Job executing on host: <144.92.180.90:9618?addrs=144.92.180.90-9618+[2607-f388-101c-1000--629]-9618&noUDP&sock=7022_161f_3>
...
006 (691440.012.000) 07/11 11:48:32 Image size of job updated: 201640
	94  -  MemoryUsage of job (MB)
	95244  -  ResidentSetSize of job (KB)
...
006 (691440.012.000) 07/11 12:08:33 Image size of job updated: 243068
	238  -  MemoryUsage of job (MB)
	243000  -  ResidentSetSize of job (KB)
...
006 (691440.012.000) 07/11 12:14:44 Image size of job updated: 243468
	238  -  MemoryUsage of job (MB)
	243000  -  ResidentSetSize of job (KB)
...
005 (691440.012.000) 07/11 12:14:44 Job terminated.
	(1) Normal termination (return value 0)
		Usr 0 00:03:47, Sys 0 00:00:16  -  Run Remote Usage
		Usr 0 00:00:00, Sys 0 00:00:00  -  Run Local Usage
		Usr 0 00:03:47, Sys 0 00:00:16  -  Total Remote Usage
		Usr 0 00:00:00, Sys 0 00:00:00  -  Total Local Usage
	365992  -  Run Bytes Sent By Job
	306644  -  Run Bytes Received By Job
	365992  -  Total Bytes Sent By Job
	306644  -  Total Bytes Received By Job
	Partitionable Resources :    Usage  Request Allocated
	   Cpus                 :                 1         1
	   Disk (KB)            :  1000000  2048000   4750452
	   Memory (MB)          :      238     1992      1992
...
