000 (691446.015.000) 07/11 11:26:53 Job submitted from host: <144.92.181.245:9618?addrs=144.92.181.245-9618+[2607-f388-101c-1000--372]-9618&noUDP&sock=6179_dbc8_3>
...
001 (691446.015.000) 07/11 11:51:53 Job executing on host: <128.104.227.98:9618?addrs=128.104.227.98-9618+[2607-f388-101c-1000--629]-9618&noUDP&sock=11807_32cb_3>
...
006 (691446.015.000) 07/11 11:52:02 Image size of job updated: 216172
	106  -  MemoryUsage of job (MB)
	108376  -  ResidentSetSize of job (KB)
...
006 (691446.015.000) 07/11 12:12:03 Image size of job updated: 239516
	234  -  MemoryUsage of job (MB)
	239516  -  ResidentSetSize of job (KB)
...
006 (691446.015.000) 07/11 12:32:03 Image size of job updated: 240232
	235  -  MemoryUsage of job (MB)
	240180  -  ResidentSetSize of job (KB)
...
005 (691446.015.000) 07/11 12:32:21 Job terminated.
	(1) Normal termination (return value 0)
		Usr 0 00:02:36, Sys 0 00:00:07  -  Run Remote Usage
		Usr 0 00:00:00, Sys 0 00:00:00  -  Run Local Usage
		Usr 0 00:02:36, Sys 0 00:00:07  -  Total Remote Usage
		Usr 0 00:00:00, Sys 0 00:00:00  -  Total Local Usage
	358221  -  Run Bytes Sent By Job
	306644  -  Run Bytes Received By Job
	358221  -  Total Bytes Sent By Job
	306644  -  Total Bytes Received By Job
	Partitionable Resources :    Usage  Request Allocated
	   Cpus                 :                 1         1
	   Disk (KB)            :  1000000  2048000   9503520
	   Memory (MB)          :      235     1992      1992
...
