000 (691446.003.000) 07/11 11:26:53 Job submitted from host: <144.92.181.245:9618?addrs=144.92.181.245-9618+[2607-f388-101c-1000--372]-9618&noUDP&sock=6179_dbc8_3>
...
001 (691446.003.000) 07/11 11:51:43 Job executing on host: <144.92.180.175:9618?addrs=144.92.180.175-9618+[2607-f388-101c-1000--629]-9618&noUDP&sock=7704_e1b6_3>
...
006 (691446.003.000) 07/11 11:51:52 Image size of job updated: 216976
	106  -  MemoryUsage of job (MB)
	108388  -  ResidentSetSize of job (KB)
...
006 (691446.003.000) 07/11 12:11:53 Image size of job updated: 239032
	232  -  MemoryUsage of job (MB)
	236996  -  ResidentSetSize of job (KB)
...
005 (691446.003.000) 07/11 12:15:35 Job terminated.
	(1) Normal termination (return value 0)
		Usr 0 00:02:22, Sys 0 00:00:08  -  Run Remote Usage
		Usr 0 00:00:00, Sys 0 00:00:00  -  Run Local Usage
		Usr 0 00:02:22, Sys 0 00:00:08  -  Total Remote Usage
		Usr 0 00:00:00, Sys 0 00:00:00  -  Total Local Usage
	357383  -  Run Bytes Sent By Job
	306644  -  Run Bytes Received By Job
	357383  -  Total Bytes Sent By Job
	306644  -  Total Bytes Received By Job
	Partitionable Resources :    Usage  Request Allocated
	   Cpus                 :                 1         1
	   Disk (KB)            :  1000000  2048000   7917905
	   Memory (MB)          :      232     1992      1992
...
