000 (691507.011.000) 07/11 11:28:17 Job submitted from host: <144.92.181.245:9618?addrs=144.92.181.245-9618+[2607-f388-101c-1000--372]-9618&noUDP&sock=6179_dbc8_3>
...
001 (691507.011.000) 07/11 12:18:48 Job executing on host: <144.92.180.58:9618?addrs=144.92.180.58-9618+[2607-f388-101c-1000--629]-9618&noUDP&sock=7143_1514_3>
...
006 (691507.011.000) 07/11 12:18:56 Image size of job updated: 35196
	7  -  MemoryUsage of job (MB)
	7008  -  ResidentSetSize of job (KB)
...
006 (691507.011.000) 07/11 12:38:56 Image size of job updated: 310408
	240  -  MemoryUsage of job (MB)
	245148  -  ResidentSetSize of job (KB)
...
005 (691507.011.000) 07/11 12:44:53 Job terminated.
	(1) Normal termination (return value 0)
		Usr 0 00:04:00, Sys 0 00:00:13  -  Run Remote Usage
		Usr 0 00:00:00, Sys 0 00:00:00  -  Run Local Usage
		Usr 0 00:04:00, Sys 0 00:00:13  -  Total Remote Usage
		Usr 0 00:00:00, Sys 0 00:00:00  -  Total Local Usage
	405271  -  Run Bytes Sent By Job
	306644  -  Run Bytes Received By Job
	405271  -  Total Bytes Sent By Job
	306644  -  Total Bytes Received By Job
	Partitionable Resources :    Usage  Request Allocated
	   Cpus                 :                 1         1
	   Disk (KB)            :  1000000  2048000   4750419
	   Memory (MB)          :      240     1992      1992
...
