000 (691507.012.000) 07/11 11:28:17 Job submitted from host: <144.92.181.245:9618?addrs=144.92.181.245-9618+[2607-f388-101c-1000--372]-9618&noUDP&sock=6179_dbc8_3>
...
001 (691507.012.000) 07/11 12:18:49 Job executing on host: <144.92.180.159:9618?addrs=144.92.180.159-9618+[2607-f388-101c-1000--629]-9618&noUDP&sock=7670_8f7d_3>
...
006 (691507.012.000) 07/11 12:18:57 Image size of job updated: 111808
	106  -  MemoryUsage of job (MB)
	108412  -  ResidentSetSize of job (KB)
...
006 (691507.012.000) 07/11 12:38:57 Image size of job updated: 246432
	240  -  MemoryUsage of job (MB)
	245296  -  ResidentSetSize of job (KB)
...
005 (691507.012.000) 07/11 12:51:59 Job terminated.
	(1) Normal termination (return value 0)
		Usr 0 00:01:41, Sys 0 00:00:05  -  Run Remote Usage
		Usr 0 00:00:00, Sys 0 00:00:00  -  Run Local Usage
		Usr 0 00:01:41, Sys 0 00:00:05  -  Total Remote Usage
		Usr 0 00:00:00, Sys 0 00:00:00  -  Total Local Usage
	401708  -  Run Bytes Sent By Job
	306644  -  Run Bytes Received By Job
	401708  -  Total Bytes Sent By Job
	306644  -  Total Bytes Received By Job
	Partitionable Resources :    Usage  Request Allocated
	   Cpus                 :                 1         1
	   Disk (KB)            :  1000000  2048000   7918095
	   Memory (MB)          :      240     1992      1992
...
