000 (691507.013.000) 07/11 11:28:17 Job submitted from host: <144.92.181.245:9618?addrs=144.92.181.245-9618+[2607-f388-101c-1000--372]-9618&noUDP&sock=6179_dbc8_3>
...
001 (691507.013.000) 07/11 12:18:55 Job executing on host: <144.92.180.102:9618?addrs=144.92.180.102-9618+[2607-f388-101c-1000--629]-9618&noUDP&sock=7113_813d_3>
...
006 (691507.013.000) 07/11 12:19:03 Image size of job updated: 123592
	31  -  MemoryUsage of job (MB)
	31116  -  ResidentSetSize of job (KB)
...
006 (691507.013.000) 07/11 12:39:03 Image size of job updated: 243648
	238  -  MemoryUsage of job (MB)
	243472  -  ResidentSetSize of job (KB)
...
006 (691507.013.000) 07/11 12:48:28 Image size of job updated: 490292
	238  -  MemoryUsage of job (MB)
	243472  -  ResidentSetSize of job (KB)
...
005 (691507.013.000) 07/11 12:48:29 Job terminated.
	(1) Normal termination (return value 0)
		Usr 0 00:03:18, Sys 0 00:00:20  -  Run Remote Usage
		Usr 0 00:00:00, Sys 0 00:00:00  -  Run Local Usage
		Usr 0 00:03:18, Sys 0 00:00:20  -  Total Remote Usage
		Usr 0 00:00:00, Sys 0 00:00:00  -  Total Local Usage
	400611  -  Run Bytes Sent By Job
	306644  -  Run Bytes Received By Job
	400611  -  Total Bytes Sent By Job
	306644  -  Total Bytes Received By Job
	Partitionable Resources :    Usage  Request Allocated
	   Cpus                 :                 1         1
	   Disk (KB)            :  1000000  2048000   4749902
	   Memory (MB)          :      238     1992      1992
...
