000 (691507.002.000) 07/11 11:28:17 Job submitted from host: <144.92.181.245:9618?addrs=144.92.181.245-9618+[2607-f388-101c-1000--372]-9618&noUDP&sock=6179_dbc8_3>
...
001 (691507.002.000) 07/11 12:18:40 Job executing on host: <144.92.180.141:9618?addrs=144.92.180.141-9618+[2607-f388-101c-1000--629]-9618&noUDP&sock=7680_6b70_3>
...
006 (691507.002.000) 07/11 12:18:49 Image size of job updated: 218468
	106  -  MemoryUsage of job (MB)
	108408  -  ResidentSetSize of job (KB)
...
006 (691507.002.000) 07/11 12:38:50 Image size of job updated: 348048
	241  -  MemoryUsage of job (MB)
	246576  -  ResidentSetSize of job (KB)
...
005 (691507.002.000) 07/11 12:42:50 Job terminated.
	(1) Normal termination (return value 0)
		Usr 0 00:01:44, Sys 0 00:00:06  -  Run Remote Usage
		Usr 0 00:00:00, Sys 0 00:00:00  -  Run Local Usage
		Usr 0 00:01:44, Sys 0 00:00:06  -  Total Remote Usage
		Usr 0 00:00:00, Sys 0 00:00:00  -  Total Local Usage
	398581  -  Run Bytes Sent By Job
	306644  -  Run Bytes Received By Job
	398581  -  Total Bytes Sent By Job
	306644  -  Total Bytes Received By Job
	Partitionable Resources :    Usage  Request Allocated
	   Cpus                 :                 1         1
	   Disk (KB)            :  1000000  2048000   7916856
	   Memory (MB)          :      241     1992      1992
...
