000 (691507.006.000) 07/11 11:28:17 Job submitted from host: <144.92.181.245:9618?addrs=144.92.181.245-9618+[2607-f388-101c-1000--372]-9618&noUDP&sock=6179_dbc8_3>
...
001 (691507.006.000) 07/11 12:18:44 Job executing on host: <144.92.180.252:9618?addrs=144.92.180.252-9618+[2607-f388-101c-1000--629]-9618&noUDP&sock=7631_cf4c_3>
...
006 (691507.006.000) 07/11 12:18:53 Image size of job updated: 216788
	106  -  MemoryUsage of job (MB)
	108400  -  ResidentSetSize of job (KB)
...
006 (691507.006.000) 07/11 12:38:54 Image size of job updated: 244044
	237  -  MemoryUsage of job (MB)
	242188  -  ResidentSetSize of job (KB)
...
005 (691507.006.000) 07/11 12:42:14 Job terminated.
	(1) Normal termination (return value 0)
		Usr 0 00:01:42, Sys 0 00:00:05  -  Run Remote Usage
		Usr 0 00:00:00, Sys 0 00:00:00  -  Run Local Usage
		Usr 0 00:01:42, Sys 0 00:00:05  -  Total Remote Usage
		Usr 0 00:00:00, Sys 0 00:00:00  -  Total Local Usage
	398922  -  Run Bytes Sent By Job
	306644  -  Run Bytes Received By Job
	398922  -  Total Bytes Sent By Job
	306644  -  Total Bytes Received By Job
	Partitionable Resources :    Usage  Request Allocated
	   Cpus                 :                 1         1
	   Disk (KB)            :  1000000  2048000   7918360
	   Memory (MB)          :      237     1992      1992
...
