file path found: /hdfs/store/user/varuns/Run2018D_Prompt/EGamma/crab_job_EGamma2018Dv2_3v2/190529_223037/0008/Data_EGamma2018Dv2_3v2_8208.root
name: Data_EGamma2018Dv2_3v2_8208.root
filenumber: 0
file path found: /hdfs/store/user/varuns/Run2018D_Prompt/EGamma/crab_job_EGamma2018Dv2_3v2/190529_223037/0008/Data_EGamma2018Dv2_3v2_8211.root
name: Data_EGamma2018Dv2_3v2_8211.root
filenumber: 1
file path found: /hdfs/store/user/varuns/Run2018D_Prompt/EGamma/crab_job_EGamma2018Dv2_3v2/190529_223037/0008/Data_EGamma2018Dv2_3v2_8231.root
name: Data_EGamma2018Dv2_3v2_8231.root
filenumber: 2
file path found: /hdfs/store/user/varuns/Run2018D_Prompt/EGamma/crab_job_EGamma2018Dv2_3v2/190529_223037/0008/Data_EGamma2018Dv2_3v2_8235.root
name: Data_EGamma2018Dv2_3v2_8235.root
filenumber: 3
file path found: /hdfs/store/user/varuns/Run2018D_Prompt/EGamma/crab_job_EGamma2018Dv2_3v2/190529_223037/0008/Data_EGamma2018Dv2_3v2_8250.root
name: Data_EGamma2018Dv2_3v2_8250.root
filenumber: 4
file path found: /hdfs/store/user/varuns/Run2018D_Prompt/EGamma/crab_job_EGamma2018Dv2_3v2/190529_223037/0008/Data_EGamma2018Dv2_3v2_8283.root
name: Data_EGamma2018Dv2_3v2_8283.root
filenumber: 5
file path found: /hdfs/store/user/varuns/Run2018D_Prompt/EGamma/crab_job_EGamma2018Dv2_3v2/190529_223037/0008/Data_EGamma2018Dv2_3v2_8285.root
name: Data_EGamma2018Dv2_3v2_8285.root
filenumber: 6
file path found: /hdfs/store/user/varuns/Run2018D_Prompt/EGamma/crab_job_EGamma2018Dv2_3v2/190529_223037/0008/Data_EGamma2018Dv2_3v2_8288.root
name: Data_EGamma2018Dv2_3v2_8288.root
filenumber: 7
file path found: /hdfs/store/user/varuns/Run2018D_Prompt/EGamma/crab_job_EGamma2018Dv2_3v2/190529_223037/0008/Data_EGamma2018Dv2_3v2_8294.root
name: Data_EGamma2018Dv2_3v2_8294.root
filenumber: 8
file path found: /hdfs/store/user/varuns/Run2018D_Prompt/EGamma/crab_job_EGamma2018Dv2_3v2/190529_223037/0008/Data_EGamma2018Dv2_3v2_8295.root
name: Data_EGamma2018Dv2_3v2_8295.root
filenumber: 9
file path found: /hdfs/store/user/varuns/Run2018D_Prompt/EGamma/crab_job_EGamma2018Dv2_3v2/190529_223037/0008/Data_EGamma2018Dv2_3v2_8312.root
name: Data_EGamma2018Dv2_3v2_8312.root
filenumber: 10
file path found: /hdfs/store/user/varuns/Run2018D_Prompt/EGamma/crab_job_EGamma2018Dv2_3v2/190529_223037/0008/Data_EGamma2018Dv2_3v2_8315.root
name: Data_EGamma2018Dv2_3v2_8315.root
filenumber: 11
file path found: /hdfs/store/user/varuns/Run2018D_Prompt/EGamma/crab_job_EGamma2018Dv2_3v2/190529_223037/0008/Data_EGamma2018Dv2_3v2_8322.root
name: Data_EGamma2018Dv2_3v2_8322.root
filenumber: 12
file path found: /hdfs/store/user/varuns/Run2018D_Prompt/EGamma/crab_job_EGamma2018Dv2_3v2/190529_223037/0008/Data_EGamma2018Dv2_3v2_8323.root
name: Data_EGamma2018Dv2_3v2_8323.root
filenumber: 13
file path found: /hdfs/store/user/varuns/Run2018D_Prompt/EGamma/crab_job_EGamma2018Dv2_3v2/190529_223037/0008/Data_EGamma2018Dv2_3v2_8338.root
name: Data_EGamma2018Dv2_3v2_8338.root
filenumber: 14
file path found: /hdfs/store/user/varuns/Run2018D_Prompt/EGamma/crab_job_EGamma2018Dv2_3v2/190529_223037/0008/Data_EGamma2018Dv2_3v2_8344.root
name: Data_EGamma2018Dv2_3v2_8344.root
filenumber: 15
file path found: /hdfs/store/user/varuns/Run2018D_Prompt/EGamma/crab_job_EGamma2018Dv2_3v2/190529_223037/0008/Data_EGamma2018Dv2_3v2_8351.root
name: Data_EGamma2018Dv2_3v2_8351.root
filenumber: 16
file path found: /hdfs/store/user/varuns/Run2018D_Prompt/EGamma/crab_job_EGamma2018Dv2_3v2/190529_223037/0008/Data_EGamma2018Dv2_3v2_8352.root
name: Data_EGamma2018Dv2_3v2_8352.root
filenumber: 17
file path found: /hdfs/store/user/varuns/Run2018D_Prompt/EGamma/crab_job_EGamma2018Dv2_3v2/190529_223037/0008/Data_EGamma2018Dv2_3v2_8436.root
name: Data_EGamma2018Dv2_3v2_8436.root
filenumber: 18
file path found: /hdfs/store/user/varuns/Run2018D_Prompt/EGamma/crab_job_EGamma2018Dv2_3v2/190529_223037/0008/Data_EGamma2018Dv2_3v2_8551.root
name: Data_EGamma2018Dv2_3v2_8551.root
filenumber: 19
file path found: /hdfs/store/user/varuns/Run2018D_Prompt/EGamma/crab_job_EGamma2018Dv2_3v2/190529_223037/0008/Data_EGamma2018Dv2_3v2_8576.root
name: Data_EGamma2018Dv2_3v2_8576.root
filenumber: 20
file path found: /hdfs/store/user/varuns/Run2018D_Prompt/EGamma/crab_job_EGamma2018Dv2_3v2/190529_223037/0008/Data_EGamma2018Dv2_3v2_8635.root
name: Data_EGamma2018Dv2_3v2_8635.root
filenumber: 21
file path found: /hdfs/store/user/varuns/Run2018D_Prompt/EGamma/crab_job_EGamma2018Dv2_3v2/190529_223037/0008/Data_EGamma2018Dv2_3v2_8710.root
name: Data_EGamma2018Dv2_3v2_8710.root
filenumber: 22
file path found: /hdfs/store/user/varuns/Run2018D_Prompt/EGamma/crab_job_EGamma2018Dv2_3v2/190529_223037/0008/Data_EGamma2018Dv2_3v2_8731.root
name: Data_EGamma2018Dv2_3v2_8731.root
filenumber: 23
file path found: /hdfs/store/user/varuns/Run2018D_Prompt/EGamma/crab_job_EGamma2018Dv2_3v2/190529_223037/0008/Data_EGamma2018Dv2_3v2_8732.root
name: Data_EGamma2018Dv2_3v2_8732.root
filenumber: 24
file path found: /hdfs/store/user/varuns/Run2018D_Prompt/EGamma/crab_job_EGamma2018Dv2_3v2/190529_223037/0008/Data_EGamma2018Dv2_3v2_8734.root
name: Data_EGamma2018Dv2_3v2_8734.root
filenumber: 25
file path found: /hdfs/store/user/varuns/Run2018D_Prompt/EGamma/crab_job_EGamma2018Dv2_3v2/190529_223037/0008/Data_EGamma2018Dv2_3v2_8735.root
name: Data_EGamma2018Dv2_3v2_8735.root
filenumber: 26
file path found: /hdfs/store/user/varuns/Run2018D_Prompt/EGamma/crab_job_EGamma2018Dv2_3v2/190529_223037/0008/Data_EGamma2018Dv2_3v2_8736.root
name: Data_EGamma2018Dv2_3v2_8736.root
filenumber: 27
file path found: /hdfs/store/user/varuns/Run2018D_Prompt/EGamma/crab_job_EGamma2018Dv2_3v2/190529_223037/0008/Data_EGamma2018Dv2_3v2_8737.root
name: Data_EGamma2018Dv2_3v2_8737.root
filenumber: 28
file path found: /hdfs/store/user/varuns/Run2018D_Prompt/EGamma/crab_job_EGamma2018Dv2_3v2/190529_223037/0008/Data_EGamma2018Dv2_3v2_8738.root
name: Data_EGamma2018Dv2_3v2_8738.root
filenumber: 29
file path found: /hdfs/store/user/varuns/Run2018D_Prompt/EGamma/crab_job_EGamma2018Dv2_3v2/190529_223037/0008/Data_EGamma2018Dv2_3v2_8739.root
name: Data_EGamma2018Dv2_3v2_8739.root
filenumber: 30
file path found: /hdfs/store/user/varuns/Run2018D_Prompt/EGamma/crab_job_EGamma2018Dv2_3v2/190529_223037/0008/Data_EGamma2018Dv2_3v2_8740.root
name: Data_EGamma2018Dv2_3v2_8740.root
filenumber: 31
file path found: /hdfs/store/user/varuns/Run2018D_Prompt/EGamma/crab_job_EGamma2018Dv2_3v2/190529_223037/0008/Data_EGamma2018Dv2_3v2_8741.root
name: Data_EGamma2018Dv2_3v2_8741.root
filenumber: 32
file path found: /hdfs/store/user/varuns/Run2018D_Prompt/EGamma/crab_job_EGamma2018Dv2_3v2/190529_223037/0008/Data_EGamma2018Dv2_3v2_8742.root
name: Data_EGamma2018Dv2_3v2_8742.root
filenumber: 33
file path found: /hdfs/store/user/varuns/Run2018D_Prompt/EGamma/crab_job_EGamma2018Dv2_3v2/190529_223037/0008/Data_EGamma2018Dv2_3v2_8744.root
name: Data_EGamma2018Dv2_3v2_8744.root
filenumber: 34
file path found: /hdfs/store/user/varuns/Run2018D_Prompt/EGamma/crab_job_EGamma2018Dv2_3v2/190529_223037/0008/Data_EGamma2018Dv2_3v2_8745.root
name: Data_EGamma2018Dv2_3v2_8745.root
filenumber: 35
file path found: /hdfs/store/user/varuns/Run2018D_Prompt/EGamma/crab_job_EGamma2018Dv2_3v2/190529_223037/0008/Data_EGamma2018Dv2_3v2_8747.root
name: Data_EGamma2018Dv2_3v2_8747.root
filenumber: 36
file path found: /hdfs/store/user/varuns/Run2018D_Prompt/EGamma/crab_job_EGamma2018Dv2_3v2/190529_223037/0008/Data_EGamma2018Dv2_3v2_8749.root
name: Data_EGamma2018Dv2_3v2_8749.root
filenumber: 37
file path found: /hdfs/store/user/varuns/Run2018D_Prompt/EGamma/crab_job_EGamma2018Dv2_3v2/190529_223037/0008/Data_EGamma2018Dv2_3v2_8750.root
name: Data_EGamma2018Dv2_3v2_8750.root
filenumber: 38
file path found: /hdfs/store/user/varuns/Run2018D_Prompt/EGamma/crab_job_EGamma2018Dv2_3v2/190529_223037/0008/Data_EGamma2018Dv2_3v2_8752.root
name: Data_EGamma2018Dv2_3v2_8752.root
filenumber: 39
file path found: /hdfs/store/user/varuns/Run2018D_Prompt/EGamma/crab_job_EGamma2018Dv2_3v2/190529_223037/0008/Data_EGamma2018Dv2_3v2_8753.root
name: Data_EGamma2018Dv2_3v2_8753.root
filenumber: 40
file path found: /hdfs/store/user/varuns/Run2018D_Prompt/EGamma/crab_job_EGamma2018Dv2_3v2/190529_223037/0008/Data_EGamma2018Dv2_3v2_8754.root
name: Data_EGamma2018Dv2_3v2_8754.root
filenumber: 41
file path found: /hdfs/store/user/varuns/Run2018D_Prompt/EGamma/crab_job_EGamma2018Dv2_3v2/190529_223037/0008/Data_EGamma2018Dv2_3v2_8755.root
name: Data_EGamma2018Dv2_3v2_8755.root
filenumber: 42
file path found: /hdfs/store/user/varuns/Run2018D_Prompt/EGamma/crab_job_EGamma2018Dv2_3v2/190529_223037/0008/Data_EGamma2018Dv2_3v2_8756.root
name: Data_EGamma2018Dv2_3v2_8756.root
filenumber: 43
file path found: /hdfs/store/user/varuns/Run2018D_Prompt/EGamma/crab_job_EGamma2018Dv2_3v2/190529_223037/0008/Data_EGamma2018Dv2_3v2_8758.root
name: Data_EGamma2018Dv2_3v2_8758.root
filenumber: 44
file path found: /hdfs/store/user/varuns/Run2018D_Prompt/EGamma/crab_job_EGamma2018Dv2_3v2/190529_223037/0008/Data_EGamma2018Dv2_3v2_8759.root
name: Data_EGamma2018Dv2_3v2_8759.root
filenumber: 45
file path found: /hdfs/store/user/varuns/Run2018D_Prompt/EGamma/crab_job_EGamma2018Dv2_3v2/190529_223037/0008/Data_EGamma2018Dv2_3v2_8760.root
name: Data_EGamma2018Dv2_3v2_8760.root
filenumber: 46
file path found: /hdfs/store/user/varuns/Run2018D_Prompt/EGamma/crab_job_EGamma2018Dv2_3v2/190529_223037/0008/Data_EGamma2018Dv2_3v2_8761.root
name: Data_EGamma2018Dv2_3v2_8761.root
filenumber: 47
file path found: /hdfs/store/user/varuns/Run2018D_Prompt/EGamma/crab_job_EGamma2018Dv2_3v2/190529_223037/0008/Data_EGamma2018Dv2_3v2_8762.root
name: Data_EGamma2018Dv2_3v2_8762.root
filenumber: 48
file path found: /hdfs/store/user/varuns/Run2018D_Prompt/EGamma/crab_job_EGamma2018Dv2_3v2/190529_223037/0008/Data_EGamma2018Dv2_3v2_8763.root
name: Data_EGamma2018Dv2_3v2_8763.root
filenumber: 49
Adding FullPathInputFile to chain:/hdfs/store/user/varuns/Run2018D_Prompt/EGamma/crab_job_EGamma2018Dv2_3v2/190529_223037/0008/Data_EGamma2018Dv2_3v2_8763.root

file path found: /hdfs/store/user/varuns/Run2018D_Prompt/EGamma/crab_job_EGamma2018Dv2_3v2/190529_223037/0008/Data_EGamma2018Dv2_3v2_8764.root
name: Data_EGamma2018Dv2_3v2_8764.root
filenumber: 50
Adding FullPathInputFile to chain:/hdfs/store/user/varuns/Run2018D_Prompt/EGamma/crab_job_EGamma2018Dv2_3v2/190529_223037/0008/Data_EGamma2018Dv2_3v2_8764.root

file path found: /hdfs/store/user/varuns/Run2018D_Prompt/EGamma/crab_job_EGamma2018Dv2_3v2/190529_223037/0008/Data_EGamma2018Dv2_3v2_8766.root
name: Data_EGamma2018Dv2_3v2_8766.root
filenumber: 51
Adding FullPathInputFile to chain:/hdfs/store/user/varuns/Run2018D_Prompt/EGamma/crab_job_EGamma2018Dv2_3v2/190529_223037/0008/Data_EGamma2018Dv2_3v2_8766.root

file path found: /hdfs/store/user/varuns/Run2018D_Prompt/EGamma/crab_job_EGamma2018Dv2_3v2/190529_223037/0008/Data_EGamma2018Dv2_3v2_8767.root
name: Data_EGamma2018Dv2_3v2_8767.root
filenumber: 52
Adding FullPathInputFile to chain:/hdfs/store/user/varuns/Run2018D_Prompt/EGamma/crab_job_EGamma2018Dv2_3v2/190529_223037/0008/Data_EGamma2018Dv2_3v2_8767.root

file path found: /hdfs/store/user/varuns/Run2018D_Prompt/EGamma/crab_job_EGamma2018Dv2_3v2/190529_223037/0008/Data_EGamma2018Dv2_3v2_8768.root
name: Data_EGamma2018Dv2_3v2_8768.root
filenumber: 53
Adding FullPathInputFile to chain:/hdfs/store/user/varuns/Run2018D_Prompt/EGamma/crab_job_EGamma2018Dv2_3v2/190529_223037/0008/Data_EGamma2018Dv2_3v2_8768.root

file path found: /hdfs/store/user/varuns/Run2018D_Prompt/EGamma/crab_job_EGamma2018Dv2_3v2/190529_223037/0008/Data_EGamma2018Dv2_3v2_8769.root
name: Data_EGamma2018Dv2_3v2_8769.root
filenumber: 54
Adding FullPathInputFile to chain:/hdfs/store/user/varuns/Run2018D_Prompt/EGamma/crab_job_EGamma2018Dv2_3v2/190529_223037/0008/Data_EGamma2018Dv2_3v2_8769.root

file path found: /hdfs/store/user/varuns/Run2018D_Prompt/EGamma/crab_job_EGamma2018Dv2_3v2/190529_223037/0008/Data_EGamma2018Dv2_3v2_8770.root
name: Data_EGamma2018Dv2_3v2_8770.root
filenumber: 55
Adding FullPathInputFile to chain:/hdfs/store/user/varuns/Run2018D_Prompt/EGamma/crab_job_EGamma2018Dv2_3v2/190529_223037/0008/Data_EGamma2018Dv2_3v2_8770.root

file path found: /hdfs/store/user/varuns/Run2018D_Prompt/EGamma/crab_job_EGamma2018Dv2_3v2/190529_223037/0008/Data_EGamma2018Dv2_3v2_8771.root
name: Data_EGamma2018Dv2_3v2_8771.root
filenumber: 56
Adding FullPathInputFile to chain:/hdfs/store/user/varuns/Run2018D_Prompt/EGamma/crab_job_EGamma2018Dv2_3v2/190529_223037/0008/Data_EGamma2018Dv2_3v2_8771.root

file path found: /hdfs/store/user/varuns/Run2018D_Prompt/EGamma/crab_job_EGamma2018Dv2_3v2/190529_223037/0008/Data_EGamma2018Dv2_3v2_8772.root
name: Data_EGamma2018Dv2_3v2_8772.root
filenumber: 57
Adding FullPathInputFile to chain:/hdfs/store/user/varuns/Run2018D_Prompt/EGamma/crab_job_EGamma2018Dv2_3v2/190529_223037/0008/Data_EGamma2018Dv2_3v2_8772.root

file path found: /hdfs/store/user/varuns/Run2018D_Prompt/EGamma/crab_job_EGamma2018Dv2_3v2/190529_223037/0008/Data_EGamma2018Dv2_3v2_8773.root
name: Data_EGamma2018Dv2_3v2_8773.root
filenumber: 58
Adding FullPathInputFile to chain:/hdfs/store/user/varuns/Run2018D_Prompt/EGamma/crab_job_EGamma2018Dv2_3v2/190529_223037/0008/Data_EGamma2018Dv2_3v2_8773.root

file path found: /hdfs/store/user/varuns/Run2018D_Prompt/EGamma/crab_job_EGamma2018Dv2_3v2/190529_223037/0008/Data_EGamma2018Dv2_3v2_8774.root
name: Data_EGamma2018Dv2_3v2_8774.root
filenumber: 59
Adding FullPathInputFile to chain:/hdfs/store/user/varuns/Run2018D_Prompt/EGamma/crab_job_EGamma2018Dv2_3v2/190529_223037/0008/Data_EGamma2018Dv2_3v2_8774.root

file path found: /hdfs/store/user/varuns/Run2018D_Prompt/EGamma/crab_job_EGamma2018Dv2_3v2/190529_223037/0008/Data_EGamma2018Dv2_3v2_8775.root
name: Data_EGamma2018Dv2_3v2_8775.root
filenumber: 60
Adding FullPathInputFile to chain:/hdfs/store/user/varuns/Run2018D_Prompt/EGamma/crab_job_EGamma2018Dv2_3v2/190529_223037/0008/Data_EGamma2018Dv2_3v2_8775.root

file path found: /hdfs/store/user/varuns/Run2018D_Prompt/EGamma/crab_job_EGamma2018Dv2_3v2/190529_223037/0008/Data_EGamma2018Dv2_3v2_8776.root
name: Data_EGamma2018Dv2_3v2_8776.root
filenumber: 61
Adding FullPathInputFile to chain:/hdfs/store/user/varuns/Run2018D_Prompt/EGamma/crab_job_EGamma2018Dv2_3v2/190529_223037/0008/Data_EGamma2018Dv2_3v2_8776.root

file path found: /hdfs/store/user/varuns/Run2018D_Prompt/EGamma/crab_job_EGamma2018Dv2_3v2/190529_223037/0008/Data_EGamma2018Dv2_3v2_8777.root
name: Data_EGamma2018Dv2_3v2_8777.root
filenumber: 62
Adding FullPathInputFile to chain:/hdfs/store/user/varuns/Run2018D_Prompt/EGamma/crab_job_EGamma2018Dv2_3v2/190529_223037/0008/Data_EGamma2018Dv2_3v2_8777.root

file path found: /hdfs/store/user/varuns/Run2018D_Prompt/EGamma/crab_job_EGamma2018Dv2_3v2/190529_223037/0008/Data_EGamma2018Dv2_3v2_8778.root
name: Data_EGamma2018Dv2_3v2_8778.root
filenumber: 63
Adding FullPathInputFile to chain:/hdfs/store/user/varuns/Run2018D_Prompt/EGamma/crab_job_EGamma2018Dv2_3v2/190529_223037/0008/Data_EGamma2018Dv2_3v2_8778.root

file path found: /hdfs/store/user/varuns/Run2018D_Prompt/EGamma/crab_job_EGamma2018Dv2_3v2/190529_223037/0008/Data_EGamma2018Dv2_3v2_8779.root
name: Data_EGamma2018Dv2_3v2_8779.root
filenumber: 64
Adding FullPathInputFile to chain:/hdfs/store/user/varuns/Run2018D_Prompt/EGamma/crab_job_EGamma2018Dv2_3v2/190529_223037/0008/Data_EGamma2018Dv2_3v2_8779.root

file path found: /hdfs/store/user/varuns/Run2018D_Prompt/EGamma/crab_job_EGamma2018Dv2_3v2/190529_223037/0008/Data_EGamma2018Dv2_3v2_8780.root
name: Data_EGamma2018Dv2_3v2_8780.root
filenumber: 65
Adding FullPathInputFile to chain:/hdfs/store/user/varuns/Run2018D_Prompt/EGamma/crab_job_EGamma2018Dv2_3v2/190529_223037/0008/Data_EGamma2018Dv2_3v2_8780.root

file path found: /hdfs/store/user/varuns/Run2018D_Prompt/EGamma/crab_job_EGamma2018Dv2_3v2/190529_223037/0008/Data_EGamma2018Dv2_3v2_8781.root
name: Data_EGamma2018Dv2_3v2_8781.root
filenumber: 66
Adding FullPathInputFile to chain:/hdfs/store/user/varuns/Run2018D_Prompt/EGamma/crab_job_EGamma2018Dv2_3v2/190529_223037/0008/Data_EGamma2018Dv2_3v2_8781.root

file path found: /hdfs/store/user/varuns/Run2018D_Prompt/EGamma/crab_job_EGamma2018Dv2_3v2/190529_223037/0008/Data_EGamma2018Dv2_3v2_8782.root
name: Data_EGamma2018Dv2_3v2_8782.root
filenumber: 67
Adding FullPathInputFile to chain:/hdfs/store/user/varuns/Run2018D_Prompt/EGamma/crab_job_EGamma2018Dv2_3v2/190529_223037/0008/Data_EGamma2018Dv2_3v2_8782.root

file path found: /hdfs/store/user/varuns/Run2018D_Prompt/EGamma/crab_job_EGamma2018Dv2_3v2/190529_223037/0008/Data_EGamma2018Dv2_3v2_8783.root
name: Data_EGamma2018Dv2_3v2_8783.root
filenumber: 68
Adding FullPathInputFile to chain:/hdfs/store/user/varuns/Run2018D_Prompt/EGamma/crab_job_EGamma2018Dv2_3v2/190529_223037/0008/Data_EGamma2018Dv2_3v2_8783.root

file path found: /hdfs/store/user/varuns/Run2018D_Prompt/EGamma/crab_job_EGamma2018Dv2_3v2/190529_223037/0008/Data_EGamma2018Dv2_3v2_8784.root
name: Data_EGamma2018Dv2_3v2_8784.root
filenumber: 69
Adding FullPathInputFile to chain:/hdfs/store/user/varuns/Run2018D_Prompt/EGamma/crab_job_EGamma2018Dv2_3v2/190529_223037/0008/Data_EGamma2018Dv2_3v2_8784.root

file path found: /hdfs/store/user/varuns/Run2018D_Prompt/EGamma/crab_job_EGamma2018Dv2_3v2/190529_223037/0008/Data_EGamma2018Dv2_3v2_8785.root
name: Data_EGamma2018Dv2_3v2_8785.root
filenumber: 70
Adding FullPathInputFile to chain:/hdfs/store/user/varuns/Run2018D_Prompt/EGamma/crab_job_EGamma2018Dv2_3v2/190529_223037/0008/Data_EGamma2018Dv2_3v2_8785.root

file path found: /hdfs/store/user/varuns/Run2018D_Prompt/EGamma/crab_job_EGamma2018Dv2_3v2/190529_223037/0008/Data_EGamma2018Dv2_3v2_8786.root
name: Data_EGamma2018Dv2_3v2_8786.root
filenumber: 71
Adding FullPathInputFile to chain:/hdfs/store/user/varuns/Run2018D_Prompt/EGamma/crab_job_EGamma2018Dv2_3v2/190529_223037/0008/Data_EGamma2018Dv2_3v2_8786.root

file path found: /hdfs/store/user/varuns/Run2018D_Prompt/EGamma/crab_job_EGamma2018Dv2_3v2/190529_223037/0008/Data_EGamma2018Dv2_3v2_8787.root
name: Data_EGamma2018Dv2_3v2_8787.root
filenumber: 72
Adding FullPathInputFile to chain:/hdfs/store/user/varuns/Run2018D_Prompt/EGamma/crab_job_EGamma2018Dv2_3v2/190529_223037/0008/Data_EGamma2018Dv2_3v2_8787.root

file path found: /hdfs/store/user/varuns/Run2018D_Prompt/EGamma/crab_job_EGamma2018Dv2_3v2/190529_223037/0008/Data_EGamma2018Dv2_3v2_8901.root
name: Data_EGamma2018Dv2_3v2_8901.root
filenumber: 73
Adding FullPathInputFile to chain:/hdfs/store/user/varuns/Run2018D_Prompt/EGamma/crab_job_EGamma2018Dv2_3v2/190529_223037/0008/Data_EGamma2018Dv2_3v2_8901.root

file path found: /hdfs/store/user/varuns/Run2018D_Prompt/EGamma/crab_job_EGamma2018Dv2_3v2/190529_223037/0008/Data_EGamma2018Dv2_3v2_8902.root
name: Data_EGamma2018Dv2_3v2_8902.root
filenumber: 74
Adding FullPathInputFile to chain:/hdfs/store/user/varuns/Run2018D_Prompt/EGamma/crab_job_EGamma2018Dv2_3v2/190529_223037/0008/Data_EGamma2018Dv2_3v2_8902.root

file path found: /hdfs/store/user/varuns/Run2018D_Prompt/EGamma/crab_job_EGamma2018Dv2_3v2/190529_223037/0008/Data_EGamma2018Dv2_3v2_8903.root
name: Data_EGamma2018Dv2_3v2_8903.root
filenumber: 75
Adding FullPathInputFile to chain:/hdfs/store/user/varuns/Run2018D_Prompt/EGamma/crab_job_EGamma2018Dv2_3v2/190529_223037/0008/Data_EGamma2018Dv2_3v2_8903.root

file path found: /hdfs/store/user/varuns/Run2018D_Prompt/EGamma/crab_job_EGamma2018Dv2_3v2/190529_223037/0008/Data_EGamma2018Dv2_3v2_8905.root
name: Data_EGamma2018Dv2_3v2_8905.root
filenumber: 76
Adding FullPathInputFile to chain:/hdfs/store/user/varuns/Run2018D_Prompt/EGamma/crab_job_EGamma2018Dv2_3v2/190529_223037/0008/Data_EGamma2018Dv2_3v2_8905.root

file path found: /hdfs/store/user/varuns/Run2018D_Prompt/EGamma/crab_job_EGamma2018Dv2_3v2/190529_223037/0008/Data_EGamma2018Dv2_3v2_8909.root
name: Data_EGamma2018Dv2_3v2_8909.root
filenumber: 77
Adding FullPathInputFile to chain:/hdfs/store/user/varuns/Run2018D_Prompt/EGamma/crab_job_EGamma2018Dv2_3v2/190529_223037/0008/Data_EGamma2018Dv2_3v2_8909.root

file path found: /hdfs/store/user/varuns/Run2018D_Prompt/EGamma/crab_job_EGamma2018Dv2_3v2/190529_223037/0008/Data_EGamma2018Dv2_3v2_8911.root
name: Data_EGamma2018Dv2_3v2_8911.root
filenumber: 78
Adding FullPathInputFile to chain:/hdfs/store/user/varuns/Run2018D_Prompt/EGamma/crab_job_EGamma2018Dv2_3v2/190529_223037/0008/Data_EGamma2018Dv2_3v2_8911.root

file path found: /hdfs/store/user/varuns/Run2018D_Prompt/EGamma/crab_job_EGamma2018Dv2_3v2/190529_223037/0008/Data_EGamma2018Dv2_3v2_8912.root
name: Data_EGamma2018Dv2_3v2_8912.root
filenumber: 79
Adding FullPathInputFile to chain:/hdfs/store/user/varuns/Run2018D_Prompt/EGamma/crab_job_EGamma2018Dv2_3v2/190529_223037/0008/Data_EGamma2018Dv2_3v2_8912.root

file path found: /hdfs/store/user/varuns/Run2018D_Prompt/EGamma/crab_job_EGamma2018Dv2_3v2/190529_223037/0008/Data_EGamma2018Dv2_3v2_8915.root
name: Data_EGamma2018Dv2_3v2_8915.root
filenumber: 80
Adding FullPathInputFile to chain:/hdfs/store/user/varuns/Run2018D_Prompt/EGamma/crab_job_EGamma2018Dv2_3v2/190529_223037/0008/Data_EGamma2018Dv2_3v2_8915.root

file path found: /hdfs/store/user/varuns/Run2018D_Prompt/EGamma/crab_job_EGamma2018Dv2_3v2/190529_223037/0008/Data_EGamma2018Dv2_3v2_8916.root
name: Data_EGamma2018Dv2_3v2_8916.root
filenumber: 81
Adding FullPathInputFile to chain:/hdfs/store/user/varuns/Run2018D_Prompt/EGamma/crab_job_EGamma2018Dv2_3v2/190529_223037/0008/Data_EGamma2018Dv2_3v2_8916.root

file path found: /hdfs/store/user/varuns/Run2018D_Prompt/EGamma/crab_job_EGamma2018Dv2_3v2/190529_223037/0008/Data_EGamma2018Dv2_3v2_8929.root
name: Data_EGamma2018Dv2_3v2_8929.root
filenumber: 82
Adding FullPathInputFile to chain:/hdfs/store/user/varuns/Run2018D_Prompt/EGamma/crab_job_EGamma2018Dv2_3v2/190529_223037/0008/Data_EGamma2018Dv2_3v2_8929.root

file path found: /hdfs/store/user/varuns/Run2018D_Prompt/EGamma/crab_job_EGamma2018Dv2_3v2/190529_223037/0008/Data_EGamma2018Dv2_3v2_8948.root
name: Data_EGamma2018Dv2_3v2_8948.root
filenumber: 83
Adding FullPathInputFile to chain:/hdfs/store/user/varuns/Run2018D_Prompt/EGamma/crab_job_EGamma2018Dv2_3v2/190529_223037/0008/Data_EGamma2018Dv2_3v2_8948.root

file path found: /hdfs/store/user/varuns/Run2018D_Prompt/EGamma/crab_job_EGamma2018Dv2_3v2/190529_223037/0008/Data_EGamma2018Dv2_3v2_8952.root
name: Data_EGamma2018Dv2_3v2_8952.root
filenumber: 84
Adding FullPathInputFile to chain:/hdfs/store/user/varuns/Run2018D_Prompt/EGamma/crab_job_EGamma2018Dv2_3v2/190529_223037/0008/Data_EGamma2018Dv2_3v2_8952.root

file path found: /hdfs/store/user/varuns/Run2018D_Prompt/EGamma/crab_job_EGamma2018Dv2_3v2/190529_223037/0008/Data_EGamma2018Dv2_3v2_8953.root
name: Data_EGamma2018Dv2_3v2_8953.root
filenumber: 85
Adding FullPathInputFile to chain:/hdfs/store/user/varuns/Run2018D_Prompt/EGamma/crab_job_EGamma2018Dv2_3v2/190529_223037/0008/Data_EGamma2018Dv2_3v2_8953.root

file path found: /hdfs/store/user/varuns/Run2018D_Prompt/EGamma/crab_job_EGamma2018Dv2_3v2/190529_223037/0008/Data_EGamma2018Dv2_3v2_8954.root
name: Data_EGamma2018Dv2_3v2_8954.root
filenumber: 86
Adding FullPathInputFile to chain:/hdfs/store/user/varuns/Run2018D_Prompt/EGamma/crab_job_EGamma2018Dv2_3v2/190529_223037/0008/Data_EGamma2018Dv2_3v2_8954.root

file path found: /hdfs/store/user/varuns/Run2018D_Prompt/EGamma/crab_job_EGamma2018Dv2_3v2/190529_223037/0008/Data_EGamma2018Dv2_3v2_8955.root
name: Data_EGamma2018Dv2_3v2_8955.root
filenumber: 87
Adding FullPathInputFile to chain:/hdfs/store/user/varuns/Run2018D_Prompt/EGamma/crab_job_EGamma2018Dv2_3v2/190529_223037/0008/Data_EGamma2018Dv2_3v2_8955.root

file path found: /hdfs/store/user/varuns/Run2018D_Prompt/EGamma/crab_job_EGamma2018Dv2_3v2/190529_223037/0008/Data_EGamma2018Dv2_3v2_8965.root
name: Data_EGamma2018Dv2_3v2_8965.root
filenumber: 88
Adding FullPathInputFile to chain:/hdfs/store/user/varuns/Run2018D_Prompt/EGamma/crab_job_EGamma2018Dv2_3v2/190529_223037/0008/Data_EGamma2018Dv2_3v2_8965.root

file path found: /hdfs/store/user/varuns/Run2018D_Prompt/EGamma/crab_job_EGamma2018Dv2_3v2/190529_223037/0008/Data_EGamma2018Dv2_3v2_8967.root
name: Data_EGamma2018Dv2_3v2_8967.root
filenumber: 89
Adding FullPathInputFile to chain:/hdfs/store/user/varuns/Run2018D_Prompt/EGamma/crab_job_EGamma2018Dv2_3v2/190529_223037/0008/Data_EGamma2018Dv2_3v2_8967.root

file path found: /hdfs/store/user/varuns/Run2018D_Prompt/EGamma/crab_job_EGamma2018Dv2_3v2/190529_223037/0008/Data_EGamma2018Dv2_3v2_8970.root
name: Data_EGamma2018Dv2_3v2_8970.root
filenumber: 90
Adding FullPathInputFile to chain:/hdfs/store/user/varuns/Run2018D_Prompt/EGamma/crab_job_EGamma2018Dv2_3v2/190529_223037/0008/Data_EGamma2018Dv2_3v2_8970.root

file path found: /hdfs/store/user/varuns/Run2018D_Prompt/EGamma/crab_job_EGamma2018Dv2_3v2/190529_223037/0008/Data_EGamma2018Dv2_3v2_8971.root
name: Data_EGamma2018Dv2_3v2_8971.root
filenumber: 91
Adding FullPathInputFile to chain:/hdfs/store/user/varuns/Run2018D_Prompt/EGamma/crab_job_EGamma2018Dv2_3v2/190529_223037/0008/Data_EGamma2018Dv2_3v2_8971.root

file path found: /hdfs/store/user/varuns/Run2018D_Prompt/EGamma/crab_job_EGamma2018Dv2_3v2/190529_223037/0008/Data_EGamma2018Dv2_3v2_8975.root
name: Data_EGamma2018Dv2_3v2_8975.root
filenumber: 92
Adding FullPathInputFile to chain:/hdfs/store/user/varuns/Run2018D_Prompt/EGamma/crab_job_EGamma2018Dv2_3v2/190529_223037/0008/Data_EGamma2018Dv2_3v2_8975.root

file path found: /hdfs/store/user/varuns/Run2018D_Prompt/EGamma/crab_job_EGamma2018Dv2_3v2/190529_223037/0008/Data_EGamma2018Dv2_3v2_8977.root
name: Data_EGamma2018Dv2_3v2_8977.root
filenumber: 93
Adding FullPathInputFile to chain:/hdfs/store/user/varuns/Run2018D_Prompt/EGamma/crab_job_EGamma2018Dv2_3v2/190529_223037/0008/Data_EGamma2018Dv2_3v2_8977.root

file path found: /hdfs/store/user/varuns/Run2018D_Prompt/EGamma/crab_job_EGamma2018Dv2_3v2/190529_223037/0008/Data_EGamma2018Dv2_3v2_8978.root
name: Data_EGamma2018Dv2_3v2_8978.root
filenumber: 94
Adding FullPathInputFile to chain:/hdfs/store/user/varuns/Run2018D_Prompt/EGamma/crab_job_EGamma2018Dv2_3v2/190529_223037/0008/Data_EGamma2018Dv2_3v2_8978.root

file path found: /hdfs/store/user/varuns/Run2018D_Prompt/EGamma/crab_job_EGamma2018Dv2_3v2/190529_223037/0008/Data_EGamma2018Dv2_3v2_8979.root
name: Data_EGamma2018Dv2_3v2_8979.root
filenumber: 95
Adding FullPathInputFile to chain:/hdfs/store/user/varuns/Run2018D_Prompt/EGamma/crab_job_EGamma2018Dv2_3v2/190529_223037/0008/Data_EGamma2018Dv2_3v2_8979.root

file path found: /hdfs/store/user/varuns/Run2018D_Prompt/EGamma/crab_job_EGamma2018Dv2_3v2/190529_223037/0008/Data_EGamma2018Dv2_3v2_8981.root
name: Data_EGamma2018Dv2_3v2_8981.root
filenumber: 96
Adding FullPathInputFile to chain:/hdfs/store/user/varuns/Run2018D_Prompt/EGamma/crab_job_EGamma2018Dv2_3v2/190529_223037/0008/Data_EGamma2018Dv2_3v2_8981.root

file path found: /hdfs/store/user/varuns/Run2018D_Prompt/EGamma/crab_job_EGamma2018Dv2_3v2/190529_223037/0008/Data_EGamma2018Dv2_3v2_8982.root
name: Data_EGamma2018Dv2_3v2_8982.root
filenumber: 97
Adding FullPathInputFile to chain:/hdfs/store/user/varuns/Run2018D_Prompt/EGamma/crab_job_EGamma2018Dv2_3v2/190529_223037/0008/Data_EGamma2018Dv2_3v2_8982.root

file path found: /hdfs/store/user/varuns/Run2018D_Prompt/EGamma/crab_job_EGamma2018Dv2_3v2/190529_223037/0008/Data_EGamma2018Dv2_3v2_8983.root
name: Data_EGamma2018Dv2_3v2_8983.root
filenumber: 98
Adding FullPathInputFile to chain:/hdfs/store/user/varuns/Run2018D_Prompt/EGamma/crab_job_EGamma2018Dv2_3v2/190529_223037/0008/Data_EGamma2018Dv2_3v2_8983.root

file path found: /hdfs/store/user/varuns/Run2018D_Prompt/EGamma/crab_job_EGamma2018Dv2_3v2/190529_223037/0008/.
name: .
filenumber: 99
file path found: /hdfs/store/user/varuns/Run2018D_Prompt/EGamma/crab_job_EGamma2018Dv2_3v2/190529_223037/0008/..
name: ..
filenumber: 100
50 files added.
Initializing chain.
Coming in: 
nentries:834586
Running over 834586 events.
Finished entry 0/834585
Finished entry 10000/834585
Finished entry 20000/834585
Finished entry 30000/834585
Finished entry 40000/834585
Finished entry 50000/834585
Finished entry 60000/834585
Finished entry 70000/834585
Finished entry 80000/834585
Finished entry 90000/834585
Finished entry 100000/834585
Finished entry 110000/834585
Finished entry 120000/834585
Finished entry 130000/834585
Finished entry 140000/834585
Finished entry 150000/834585
Finished entry 160000/834585
Finished entry 170000/834585
Finished entry 180000/834585
Finished entry 190000/834585
Finished entry 200000/834585
Finished entry 210000/834585
Finished entry 220000/834585
Finished entry 230000/834585
Finished entry 240000/834585
Finished entry 250000/834585
Finished entry 260000/834585
Finished entry 270000/834585
Finished entry 280000/834585
Finished entry 290000/834585
Finished entry 300000/834585
Finished entry 310000/834585
Finished entry 320000/834585
Finished entry 330000/834585
Finished entry 340000/834585
Finished entry 350000/834585
Finished entry 360000/834585
Finished entry 370000/834585
Finished entry 380000/834585
Finished entry 390000/834585
Finished entry 400000/834585
Finished entry 410000/834585
Finished entry 420000/834585
Finished entry 430000/834585
Finished entry 440000/834585
Finished entry 450000/834585
Finished entry 460000/834585
Finished entry 470000/834585
Finished entry 480000/834585
Finished entry 490000/834585
Finished entry 500000/834585
Finished entry 510000/834585
Finished entry 520000/834585
Finished entry 530000/834585
Finished entry 540000/834585
Finished entry 550000/834585
Finished entry 560000/834585
Finished entry 570000/834585
Finished entry 580000/834585
Finished entry 590000/834585
Finished entry 600000/834585
Finished entry 610000/834585
Finished entry 620000/834585
Finished entry 630000/834585
Finished entry 640000/834585
Finished entry 650000/834585
Finished entry 660000/834585
Finished entry 670000/834585
Finished entry 680000/834585
Finished entry 690000/834585
Finished entry 700000/834585
Finished entry 710000/834585
Finished entry 720000/834585
Finished entry 730000/834585
Finished entry 740000/834585
Finished entry 750000/834585
Finished entry 760000/834585
Finished entry 770000/834585
Finished entry 780000/834585
Finished entry 790000/834585
Finished entry 800000/834585
Finished entry 810000/834585
Finished entry 820000/834585
Finished entry 830000/834585
