000 (690072.015.000) 07/11 07:31:04 Job submitted from host: <144.92.181.245:9618?addrs=144.92.181.245-9618+[2607-f388-101c-1000--372]-9618&noUDP&sock=6179_dbc8_3>
...
001 (690072.015.000) 07/11 08:43:13 Job executing on host: <144.92.180.119:9618?addrs=144.92.180.119-9618+[2607-f388-101c-1000--629]-9618&noUDP&sock=7618_e491_3>
...
006 (690072.015.000) 07/11 08:43:21 Image size of job updated: 154532
	55  -  MemoryUsage of job (MB)
	55556  -  ResidentSetSize of job (KB)
...
006 (690072.015.000) 07/11 09:03:21 Image size of job updated: 284448
	245  -  MemoryUsage of job (MB)
	250208  -  ResidentSetSize of job (KB)
...
005 (690072.015.000) 07/11 09:04:07 Job terminated.
	(1) Normal termination (return value 0)
		Usr 0 00:02:45, Sys 0 00:00:08  -  Run Remote Usage
		Usr 0 00:00:00, Sys 0 00:00:00  -  Run Local Usage
		Usr 0 00:02:45, Sys 0 00:00:08  -  Total Remote Usage
		Usr 0 00:00:00, Sys 0 00:00:00  -  Total Local Usage
	333432  -  Run Bytes Sent By Job
	302156  -  Run Bytes Received By Job
	333432  -  Total Bytes Sent By Job
	302156  -  Total Bytes Received By Job
	Partitionable Resources :    Usage  Request Allocated
	   Cpus                 :                 1         1
	   Disk (KB)            :  1000000  2048000   6333744
	   Memory (MB)          :      245     1992      1992
...
