000 (690152.000.000) 07/11 07:33:03 Job submitted from host: <144.92.181.245:9618?addrs=144.92.181.245-9618+[2607-f388-101c-1000--372]-9618&noUDP&sock=6179_dbc8_3>
...
001 (690152.000.000) 07/11 09:51:16 Job executing on host: <144.92.181.7:9618?addrs=144.92.181.7-9618+[2607-f388-101c-1000--629]-9618&noUDP&sock=7655_4592_3>
...
006 (690152.000.000) 07/11 09:51:24 Image size of job updated: 227060
	106  -  MemoryUsage of job (MB)
	107592  -  ResidentSetSize of job (KB)
...
006 (690152.000.000) 07/11 10:11:24 Image size of job updated: 237508
	230  -  MemoryUsage of job (MB)
	235108  -  ResidentSetSize of job (KB)
...
006 (690152.000.000) 07/11 10:13:10 Image size of job updated: 238660
	230  -  MemoryUsage of job (MB)
	235108  -  ResidentSetSize of job (KB)
...
005 (690152.000.000) 07/11 10:13:11 Job terminated.
	(1) Normal termination (return value 0)
		Usr 0 00:02:31, Sys 0 00:00:07  -  Run Remote Usage
		Usr 0 00:00:00, Sys 0 00:00:00  -  Run Local Usage
		Usr 0 00:02:31, Sys 0 00:00:07  -  Total Remote Usage
		Usr 0 00:00:00, Sys 0 00:00:00  -  Total Local Usage
	175350  -  Run Bytes Sent By Job
	302156  -  Run Bytes Received By Job
	175350  -  Total Bytes Sent By Job
	302156  -  Total Bytes Received By Job
	Partitionable Resources :    Usage  Request Allocated
	   Cpus                 :                 1         1
	   Disk (KB)            :  1000000  2048000   7917233
	   Memory (MB)          :      230     1992      1992
...
