000 (1262561.014.000) 07/25 12:33:50 Job submitted from host: <144.92.180.28:9618?addrs=144.92.180.28-9618+[2607-f388-101c-1000--370]-9618&noUDP&sock=5187_6dd5_82>
...
001 (1262561.014.000) 07/25 13:32:14 Job executing on host: <144.92.180.121:9618?addrs=144.92.180.121-9618+[2607-f388-101c-1000--629]-9618&noUDP&sock=7461_3432_3>
...
006 (1262561.014.000) 07/25 13:32:22 Image size of job updated: 199412
	83  -  MemoryUsage of job (MB)
	84052  -  ResidentSetSize of job (KB)
...
006 (1262561.014.000) 07/25 13:41:16 Image size of job updated: 199412
	83  -  MemoryUsage of job (MB)
	84448  -  ResidentSetSize of job (KB)
...
005 (1262561.014.000) 07/25 13:41:17 Job terminated.
	(1) Normal termination (return value 0)
		Usr 0 00:02:10, Sys 0 00:00:10  -  Run Remote Usage
		Usr 0 00:00:00, Sys 0 00:00:00  -  Run Local Usage
		Usr 0 00:02:10, Sys 0 00:00:10  -  Total Remote Usage
		Usr 0 00:00:00, Sys 0 00:00:00  -  Total Local Usage
	432979  -  Run Bytes Sent By Job
	283691  -  Run Bytes Received By Job
	432979  -  Total Bytes Sent By Job
	283691  -  Total Bytes Received By Job
	Partitionable Resources :    Usage  Request Allocated
	   Cpus                 :                 1         1
	   Disk (KB)            :  1000000  2048000   6333169
	   Memory (MB)          :       83     1992      1992
...
