000 (1262561.007.000) 07/25 12:33:50 Job submitted from host: <144.92.180.28:9618?addrs=144.92.180.28-9618+[2607-f388-101c-1000--370]-9618&noUDP&sock=5187_6dd5_82>
...
001 (1262561.007.000) 07/25 13:31:50 Job executing on host: <128.104.227.65:9618?addrs=128.104.227.65-9618+[2607-f388-101c-1000--629]-9618&noUDP&sock=10303_945a_3>
...
006 (1262561.007.000) 07/25 13:31:59 Image size of job updated: 226628
	107  -  MemoryUsage of job (MB)
	108660  -  ResidentSetSize of job (KB)
...
005 (1262561.007.000) 07/25 13:42:11 Job terminated.
	(1) Normal termination (return value 0)
		Usr 0 00:01:57, Sys 0 00:00:06  -  Run Remote Usage
		Usr 0 00:00:00, Sys 0 00:00:00  -  Run Local Usage
		Usr 0 00:01:57, Sys 0 00:00:06  -  Total Remote Usage
		Usr 0 00:00:00, Sys 0 00:00:00  -  Total Local Usage
	431463  -  Run Bytes Sent By Job
	283691  -  Run Bytes Received By Job
	431463  -  Total Bytes Sent By Job
	283691  -  Total Bytes Received By Job
	Partitionable Resources :    Usage  Request Allocated
	   Cpus                 :                 1         1
	   Disk (KB)            :  1000000  2048000   9500924
	   Memory (MB)          :      107     1992      1992
...
