000 (1262589.012.000) 07/25 12:34:14 Job submitted from host: <144.92.180.28:9618?addrs=144.92.180.28-9618+[2607-f388-101c-1000--370]-9618&noUDP&sock=5187_6dd5_82>
...
001 (1262589.012.000) 07/25 13:59:43 Job executing on host: <128.104.227.113:9618?addrs=128.104.227.113-9618+[2607-f388-101c-1000--62]-9618&noUDP&sock=11919_0566_3>
...
006 (1262589.012.000) 07/25 13:59:52 Image size of job updated: 228324
	107  -  MemoryUsage of job (MB)
	108648  -  ResidentSetSize of job (KB)
...
005 (1262589.012.000) 07/25 14:14:51 Job terminated.
	(1) Normal termination (return value 0)
		Usr 0 00:02:32, Sys 0 00:00:09  -  Run Remote Usage
		Usr 0 00:00:00, Sys 0 00:00:00  -  Run Local Usage
		Usr 0 00:02:32, Sys 0 00:00:09  -  Total Remote Usage
		Usr 0 00:00:00, Sys 0 00:00:00  -  Total Local Usage
	493590  -  Run Bytes Sent By Job
	283691  -  Run Bytes Received By Job
	493590  -  Total Bytes Sent By Job
	283691  -  Total Bytes Received By Job
	Partitionable Resources :    Usage  Request Allocated
	   Cpus                 :                 1         1
	   Disk (KB)            :  1000000  2048000   9501272
	   Memory (MB)          :      107     1992      1992
...
