000 (1262518.006.000) 07/25 12:33:18 Job submitted from host: <144.92.180.28:9618?addrs=144.92.180.28-9618+[2607-f388-101c-1000--370]-9618&noUDP&sock=5187_6dd5_82>
...
001 (1262518.006.000) 07/25 12:57:10 Job executing on host: <128.104.227.115:9618?addrs=128.104.227.115-9618+[2607-f388-101c-1000--64]-9618&noUDP&sock=11711_59b3_3>
...
006 (1262518.006.000) 07/25 12:57:19 Image size of job updated: 226136
	106  -  MemoryUsage of job (MB)
	108472  -  ResidentSetSize of job (KB)
...
005 (1262518.006.000) 07/25 13:02:26 Job terminated.
	(1) Normal termination (return value 0)
		Usr 0 00:00:58, Sys 0 00:00:03  -  Run Remote Usage
		Usr 0 00:00:00, Sys 0 00:00:00  -  Run Local Usage
		Usr 0 00:00:58, Sys 0 00:00:03  -  Total Remote Usage
		Usr 0 00:00:00, Sys 0 00:00:00  -  Total Local Usage
	402873  -  Run Bytes Sent By Job
	283691  -  Run Bytes Received By Job
	402873  -  Total Bytes Sent By Job
	283691  -  Total Bytes Received By Job
	Partitionable Resources :    Usage  Request Allocated
	   Cpus                 :                 1         1
	   Disk (KB)            :  1000000  2048000   9502653
	   Memory (MB)          :      106     1992      1992
...
