000 (691486.014.000) 07/11 11:27:47 Job submitted from host: <144.92.181.245:9618?addrs=144.92.181.245-9618+[2607-f388-101c-1000--372]-9618&noUDP&sock=6179_dbc8_3>
...
001 (691486.014.000) 07/11 12:09:23 Job executing on host: <144.92.180.83:9618?addrs=144.92.180.83-9618+[2607-f388-101c-1000--629]-9618&noUDP&sock=7013_e9c4_3>
...
006 (691486.014.000) 07/11 12:09:31 Image size of job updated: 169696
	53  -  MemoryUsage of job (MB)
	53604  -  ResidentSetSize of job (KB)
...
006 (691486.014.000) 07/11 12:29:31 Image size of job updated: 249140
	244  -  MemoryUsage of job (MB)
	249080  -  ResidentSetSize of job (KB)
...
006 (691486.014.000) 07/11 12:30:58 Image size of job updated: 249696
	244  -  MemoryUsage of job (MB)
	249080  -  ResidentSetSize of job (KB)
...
005 (691486.014.000) 07/11 12:30:59 Job terminated.
	(1) Normal termination (return value 0)
		Usr 0 00:03:35, Sys 0 00:00:11  -  Run Remote Usage
		Usr 0 00:00:00, Sys 0 00:00:00  -  Run Local Usage
		Usr 0 00:03:35, Sys 0 00:00:11  -  Total Remote Usage
		Usr 0 00:00:00, Sys 0 00:00:00  -  Total Local Usage
	363755  -  Run Bytes Sent By Job
	306644  -  Run Bytes Received By Job
	363755  -  Total Bytes Sent By Job
	306644  -  Total Bytes Received By Job
	Partitionable Resources :    Usage  Request Allocated
	   Cpus                 :                 1         1
	   Disk (KB)            :  1000000  2048000   4751280
	   Memory (MB)          :      244     1992      1992
...
