000 (691486.006.000) 07/11 11:27:47 Job submitted from host: <144.92.181.245:9618?addrs=144.92.181.245-9618+[2607-f388-101c-1000--372]-9618&noUDP&sock=6179_dbc8_3>
...
001 (691486.006.000) 07/11 12:09:05 Job executing on host: <144.92.180.112:9618?addrs=144.92.180.112-9618+[2607-f388-101c-1000--629]-9618&noUDP&sock=7613_7697_3>
...
006 (691486.006.000) 07/11 12:09:14 Image size of job updated: 217448
	106  -  MemoryUsage of job (MB)
	108364  -  ResidentSetSize of job (KB)
...
006 (691486.006.000) 07/11 12:29:15 Image size of job updated: 250712
	245  -  MemoryUsage of job (MB)
	250712  -  ResidentSetSize of job (KB)
...
005 (691486.006.000) 07/11 12:29:50 Job terminated.
	(1) Normal termination (return value 0)
		Usr 0 00:01:23, Sys 0 00:00:04  -  Run Remote Usage
		Usr 0 00:00:00, Sys 0 00:00:00  -  Run Local Usage
		Usr 0 00:01:23, Sys 0 00:00:04  -  Total Remote Usage
		Usr 0 00:00:00, Sys 0 00:00:00  -  Total Local Usage
	355196  -  Run Bytes Sent By Job
	306644  -  Run Bytes Received By Job
	355196  -  Total Bytes Sent By Job
	306644  -  Total Bytes Received By Job
	Partitionable Resources :    Usage  Request Allocated
	   Cpus                 :                 1         1
	   Disk (KB)            :  1000000  2048000   6333852
	   Memory (MB)          :      245     1992      1992
...
