000 (690106.010.000) 07/11 07:32:01 Job submitted from host: <144.92.181.245:9618?addrs=144.92.181.245-9618+[2607-f388-101c-1000--372]-9618&noUDP&sock=6179_dbc8_3>
...
001 (690106.010.000) 07/11 09:23:54 Job executing on host: <144.92.180.171:9618?addrs=144.92.180.171-9618+[2607-f388-101c-1000--629]-9618&noUDP&sock=7678_0c3f_3>
...
006 (690106.010.000) 07/11 09:24:02 Image size of job updated: 227920
	106  -  MemoryUsage of job (MB)
	107904  -  ResidentSetSize of job (KB)
...
005 (690106.010.000) 07/11 09:40:07 Job terminated.
	(1) Normal termination (return value 0)
		Usr 0 00:01:42, Sys 0 00:00:06  -  Run Remote Usage
		Usr 0 00:00:00, Sys 0 00:00:00  -  Run Local Usage
		Usr 0 00:01:42, Sys 0 00:00:06  -  Total Remote Usage
		Usr 0 00:00:00, Sys 0 00:00:00  -  Total Local Usage
	333254  -  Run Bytes Sent By Job
	302156  -  Run Bytes Received By Job
	333254  -  Total Bytes Sent By Job
	302156  -  Total Bytes Received By Job
	Partitionable Resources :    Usage  Request Allocated
	   Cpus                 :                 1         1
	   Disk (KB)            :  1000000  2048000   7917190
	   Memory (MB)          :      106     1992      1992
...
