000 (690137.000.000) 07/11 07:32:46 Job submitted from host: <144.92.181.245:9618?addrs=144.92.181.245-9618+[2607-f388-101c-1000--372]-9618&noUDP&sock=6179_dbc8_3>
...
001 (690137.000.000) 07/11 09:46:51 Job executing on host: <144.92.180.239:9618?addrs=144.92.180.239-9618+[2607-f388-101c-1000--629]-9618&noUDP&sock=9884_2e2c_3>
...
006 (690137.000.000) 07/11 09:46:59 Image size of job updated: 227672
	106  -  MemoryUsage of job (MB)
	107764  -  ResidentSetSize of job (KB)
...
006 (690137.000.000) 07/11 10:06:59 Image size of job updated: 239296
	234  -  MemoryUsage of job (MB)
	239172  -  ResidentSetSize of job (KB)
...
006 (690137.000.000) 07/11 10:09:37 Image size of job updated: 239356
	234  -  MemoryUsage of job (MB)
	239172  -  ResidentSetSize of job (KB)
...
005 (690137.000.000) 07/11 10:09:37 Job terminated.
	(1) Normal termination (return value 0)
		Usr 0 00:02:04, Sys 0 00:00:06  -  Run Remote Usage
		Usr 0 00:00:00, Sys 0 00:00:00  -  Run Local Usage
		Usr 0 00:02:04, Sys 0 00:00:06  -  Total Remote Usage
		Usr 0 00:00:00, Sys 0 00:00:00  -  Total Local Usage
	290508  -  Run Bytes Sent By Job
	302156  -  Run Bytes Received By Job
	290508  -  Total Bytes Sent By Job
	302156  -  Total Bytes Received By Job
	Partitionable Resources :    Usage  Request Allocated
	   Cpus                 :                 1         1
	   Disk (KB)            :  1000000  2048000   7916739
	   Memory (MB)          :      234     1992      1992
...
