000 (690137.006.000) 07/11 07:32:47 Job submitted from host: <144.92.181.245:9618?addrs=144.92.181.245-9618+[2607-f388-101c-1000--372]-9618&noUDP&sock=6179_dbc8_3>
...
001 (690137.006.000) 07/11 09:46:58 Job executing on host: <144.92.180.166:9618?addrs=144.92.180.166-9618+[2607-f388-101c-1000--629]-9618&noUDP&sock=7719_2ba1_3>
...
006 (690137.006.000) 07/11 09:47:07 Image size of job updated: 156332
	43  -  MemoryUsage of job (MB)
	43416  -  ResidentSetSize of job (KB)
...
006 (690137.006.000) 07/11 10:07:08 Image size of job updated: 356380
	232  -  MemoryUsage of job (MB)
	237532  -  ResidentSetSize of job (KB)
...
005 (690137.006.000) 07/11 10:10:15 Job terminated.
	(1) Normal termination (return value 0)
		Usr 0 00:02:19, Sys 0 00:00:08  -  Run Remote Usage
		Usr 0 00:00:00, Sys 0 00:00:00  -  Run Local Usage
		Usr 0 00:02:19, Sys 0 00:00:08  -  Total Remote Usage
		Usr 0 00:00:00, Sys 0 00:00:00  -  Total Local Usage
	290470  -  Run Bytes Sent By Job
	302156  -  Run Bytes Received By Job
	290470  -  Total Bytes Sent By Job
	302156  -  Total Bytes Received By Job
	Partitionable Resources :    Usage  Request Allocated
	   Cpus                 :                 1         1
	   Disk (KB)            :  1000000  2048000   7918113
	   Memory (MB)          :      232     1992      1992
...
