000 (166866.000.000) 06/10 13:21:31 Job submitted from host: <144.92.180.4:9618?addrs=144.92.180.4-9618+[2607-f388-101c-1000--367]-9618&noUDP&sock=4693_960c_3>
...
001 (166866.000.000) 06/10 13:35:00 Job executing on host: <144.92.181.247:9618?addrs=144.92.181.247-9618+[2607-f388-101c-1000--629]-9618&noUDP&sock=10103_6569_10>
...
006 (166866.000.000) 06/10 13:35:08 Image size of job updated: 215380
	107  -  MemoryUsage of job (MB)
	108652  -  ResidentSetSize of job (KB)
...
006 (166866.000.000) 06/10 13:49:55 Image size of job updated: 266400
	107  -  MemoryUsage of job (MB)
	108652  -  ResidentSetSize of job (KB)
...
005 (166866.000.000) 06/10 13:49:55 Job terminated.
	(1) Normal termination (return value 0)
		Usr 0 00:01:43, Sys 0 00:00:04  -  Run Remote Usage
		Usr 0 00:00:00, Sys 0 00:00:00  -  Run Local Usage
		Usr 0 00:01:43, Sys 0 00:00:04  -  Total Remote Usage
		Usr 0 00:00:00, Sys 0 00:00:00  -  Total Local Usage
	508932  -  Run Bytes Sent By Job
	278854  -  Run Bytes Received By Job
	508932  -  Total Bytes Sent By Job
	278854  -  Total Bytes Received By Job
	Partitionable Resources :    Usage  Request Allocated
	   Cpus                 :                 1         1
	   Disk (KB)            :  1000000  2048000   7919963
	   Memory (MB)          :      107     1992      1992
...
