000 (166866.004.000) 06/10 13:21:31 Job submitted from host: <144.92.180.4:9618?addrs=144.92.180.4-9618+[2607-f388-101c-1000--367]-9618&noUDP&sock=4693_960c_3>
...
001 (166866.004.000) 06/10 13:35:05 Job executing on host: <128.104.227.92:9618?addrs=128.104.227.92-9618+[2607-f388-101c-1000--629]-9618&noUDP&sock=11886_62c6_3>
...
006 (166866.004.000) 06/10 13:35:14 Image size of job updated: 215688
	107  -  MemoryUsage of job (MB)
	108664  -  ResidentSetSize of job (KB)
...
005 (166866.004.000) 06/10 13:44:20 Job terminated.
	(1) Normal termination (return value 0)
		Usr 0 00:01:45, Sys 0 00:00:06  -  Run Remote Usage
		Usr 0 00:00:00, Sys 0 00:00:00  -  Run Local Usage
		Usr 0 00:01:45, Sys 0 00:00:06  -  Total Remote Usage
		Usr 0 00:00:00, Sys 0 00:00:00  -  Total Local Usage
	514984  -  Run Bytes Sent By Job
	278854  -  Run Bytes Received By Job
	514984  -  Total Bytes Sent By Job
	278854  -  Total Bytes Received By Job
	Partitionable Resources :    Usage  Request Allocated
	   Cpus                 :                 1         1
	   Disk (KB)            :  1000000  2048000   9503408
	   Memory (MB)          :      107     1992      1992
...
