000 (696024.000.000) 07/12 06:43:25 Job submitted from host: <144.92.181.245:9618?addrs=144.92.181.245-9618+[2607-f388-101c-1000--372]-9618&noUDP&sock=6179_dbc8_3>
...
001 (695027.000.000) 07/12 06:50:03 Job executing on host: <144.92.181.140:9618?addrs=144.92.181.140-9618+[2607-f388-101c-1000--629]-9618&noUDP&sock=10043_3dbb_3>
...
006 (695027.000.000) 07/12 06:50:12 Image size of job updated: 216932
	106  -  MemoryUsage of job (MB)
	108212  -  ResidentSetSize of job (KB)
...
006 (695027.000.000) 07/12 07:10:13 Image size of job updated: 234904
	230  -  MemoryUsage of job (MB)
	234704  -  ResidentSetSize of job (KB)
...
005 (695027.000.000) 07/12 07:24:49 Job terminated.
	(1) Normal termination (return value 0)
		Usr 0 00:03:36, Sys 0 00:00:13  -  Run Remote Usage
		Usr 0 00:00:00, Sys 0 00:00:00  -  Run Local Usage
		Usr 0 00:03:36, Sys 0 00:00:13  -  Total Remote Usage
		Usr 0 00:00:00, Sys 0 00:00:00  -  Total Local Usage
	248140  -  Run Bytes Sent By Job
	281287  -  Run Bytes Received By Job
	248140  -  Total Bytes Sent By Job
	281287  -  Total Bytes Received By Job
	Partitionable Resources :    Usage  Request Allocated
	   Cpus                 :                 1         1
	   Disk (KB)            :  1000000  2048000   7918565
	   Memory (MB)          :      230     1992      1992
...
001 (696024.000.000) 07/12 08:31:48 Job executing on host: <144.92.180.77:9618?addrs=144.92.180.77-9618+[2607-f388-101c-1000--629]-9618&noUDP&sock=7678_0c3f_3>
...
006 (696024.000.000) 07/12 08:31:56 Image size of job updated: 167184
	53  -  MemoryUsage of job (MB)
	53324  -  ResidentSetSize of job (KB)
...
006 (696024.000.000) 07/12 08:51:56 Image size of job updated: 237836
	233  -  MemoryUsage of job (MB)
	237752  -  ResidentSetSize of job (KB)
...
006 (696024.000.000) 07/12 09:11:57 Image size of job updated: 239188
	233  -  MemoryUsage of job (MB)
	237992  -  ResidentSetSize of job (KB)
...
005 (696024.000.000) 07/12 09:19:23 Job terminated.
	(1) Normal termination (return value 0)
		Usr 0 00:03:38, Sys 0 00:00:15  -  Run Remote Usage
		Usr 0 00:00:00, Sys 0 00:00:00  -  Run Local Usage
		Usr 0 00:03:38, Sys 0 00:00:15  -  Total Remote Usage
		Usr 0 00:00:00, Sys 0 00:00:00  -  Total Local Usage
	248140  -  Run Bytes Sent By Job
	281287  -  Run Bytes Received By Job
	248140  -  Total Bytes Sent By Job
	281287  -  Total Bytes Received By Job
	Partitionable Resources :    Usage  Request Allocated
	   Cpus                 :                 1         1
	   Disk (KB)            :  1000000  2048000   7918691
	   Memory (MB)          :      233     1992      1992
...
