000 (696024.001.000) 07/12 06:43:25 Job submitted from host: <144.92.181.245:9618?addrs=144.92.181.245-9618+[2607-f388-101c-1000--372]-9618&noUDP&sock=6179_dbc8_3>
...
001 (695027.001.000) 07/12 06:50:23 Job executing on host: <144.92.180.158:9618?addrs=144.92.180.158-9618+[2607-f388-101c-1000--629]-9618&noUDP&sock=7713_0e10_3>
...
006 (695027.001.000) 07/12 06:50:32 Image size of job updated: 219156
	106  -  MemoryUsage of job (MB)
	108212  -  ResidentSetSize of job (KB)
...
006 (695027.001.000) 07/12 07:10:33 Image size of job updated: 269024
	232  -  MemoryUsage of job (MB)
	236728  -  ResidentSetSize of job (KB)
...
005 (695027.001.000) 07/12 07:26:33 Job terminated.
	(1) Normal termination (return value 0)
		Usr 0 00:03:42, Sys 0 00:00:16  -  Run Remote Usage
		Usr 0 00:00:00, Sys 0 00:00:00  -  Run Local Usage
		Usr 0 00:03:42, Sys 0 00:00:16  -  Total Remote Usage
		Usr 0 00:00:00, Sys 0 00:00:00  -  Total Local Usage
	242497  -  Run Bytes Sent By Job
	281287  -  Run Bytes Received By Job
	242497  -  Total Bytes Sent By Job
	281287  -  Total Bytes Received By Job
	Partitionable Resources :    Usage  Request Allocated
	   Cpus                 :                 1         1
	   Disk (KB)            :  1000000  2048000   7917624
	   Memory (MB)          :      232     1992      1992
...
001 (696024.001.000) 07/12 08:31:56 Job executing on host: <128.104.227.101:9618?addrs=128.104.227.101-9618+[2607-f388-101c-1000--50]-9618&noUDP&sock=11662_bd8f_3>
...
006 (696024.001.000) 07/12 08:32:05 Image size of job updated: 170716
	53  -  MemoryUsage of job (MB)
	53288  -  ResidentSetSize of job (KB)
...
006 (696024.001.000) 07/12 08:52:06 Image size of job updated: 238584
	232  -  MemoryUsage of job (MB)
	237252  -  ResidentSetSize of job (KB)
...
006 (696024.001.000) 07/12 09:09:15 Image size of job updated: 480940
	232  -  MemoryUsage of job (MB)
	237252  -  ResidentSetSize of job (KB)
...
005 (696024.001.000) 07/12 09:09:15 Job terminated.
	(1) Normal termination (return value 0)
		Usr 0 00:03:37, Sys 0 00:00:11  -  Run Remote Usage
		Usr 0 00:00:00, Sys 0 00:00:00  -  Run Local Usage
		Usr 0 00:03:37, Sys 0 00:00:11  -  Total Remote Usage
		Usr 0 00:00:00, Sys 0 00:00:00  -  Total Local Usage
	242497  -  Run Bytes Sent By Job
	281287  -  Run Bytes Received By Job
	242497  -  Total Bytes Sent By Job
	281287  -  Total Bytes Received By Job
	Partitionable Resources :    Usage  Request Allocated
	   Cpus                 :                 1         1
	   Disk (KB)            :  1000000  2048000   9503486
	   Memory (MB)          :      232     1992      1992
...
