000 (690118.015.000) 07/11 07:32:15 Job submitted from host: <144.92.181.245:9618?addrs=144.92.181.245-9618+[2607-f388-101c-1000--372]-9618&noUDP&sock=6179_dbc8_3>
...
001 (690118.015.000) 07/11 09:30:44 Job executing on host: <144.92.180.254:9618?addrs=144.92.180.254-9618+[2607-f388-101c-1000--629]-9618&noUDP&sock=7690_4762_3>
...
006 (690118.015.000) 07/11 09:30:53 Image size of job updated: 226620
	106  -  MemoryUsage of job (MB)
	107900  -  ResidentSetSize of job (KB)
...
005 (690118.015.000) 07/11 09:50:54 Job terminated.
	(1) Normal termination (return value 0)
		Usr 0 00:02:24, Sys 0 00:00:08  -  Run Remote Usage
		Usr 0 00:00:00, Sys 0 00:00:00  -  Run Local Usage
		Usr 0 00:02:24, Sys 0 00:00:08  -  Total Remote Usage
		Usr 0 00:00:00, Sys 0 00:00:00  -  Total Local Usage
	330473  -  Run Bytes Sent By Job
	302156  -  Run Bytes Received By Job
	330473  -  Total Bytes Sent By Job
	302156  -  Total Bytes Received By Job
	Partitionable Resources :    Usage  Request Allocated
	   Cpus                 :                 1         1
	   Disk (KB)            :  1000000  2048000   7917468
	   Memory (MB)          :      106     1992      1992
...
