000 (690118.004.000) 07/11 07:32:15 Job submitted from host: <144.92.181.245:9618?addrs=144.92.181.245-9618+[2607-f388-101c-1000--372]-9618&noUDP&sock=6179_dbc8_3>
...
001 (690118.004.000) 07/11 09:30:11 Job executing on host: <128.104.227.64:9618?addrs=128.104.227.64-9618+[2607-f388-101c-1000--629]-9618&noUDP&sock=10291_5937_3>
...
006 (690118.004.000) 07/11 09:30:19 Image size of job updated: 129432
	53  -  MemoryUsage of job (MB)
	53720  -  ResidentSetSize of job (KB)
...
006 (690118.004.000) 07/11 09:50:19 Image size of job updated: 249436
	244  -  MemoryUsage of job (MB)
	249436  -  ResidentSetSize of job (KB)
...
006 (690118.004.000) 07/11 10:01:18 Image size of job updated: 251140
	244  -  MemoryUsage of job (MB)
	249436  -  ResidentSetSize of job (KB)
...
005 (690118.004.000) 07/11 10:01:19 Job terminated.
	(1) Normal termination (return value 0)
		Usr 0 00:01:44, Sys 0 00:00:05  -  Run Remote Usage
		Usr 0 00:00:00, Sys 0 00:00:00  -  Run Local Usage
		Usr 0 00:01:44, Sys 0 00:00:05  -  Total Remote Usage
		Usr 0 00:00:00, Sys 0 00:00:00  -  Total Local Usage
	328550  -  Run Bytes Sent By Job
	302156  -  Run Bytes Received By Job
	328550  -  Total Bytes Sent By Job
	302156  -  Total Bytes Received By Job
	Partitionable Resources :    Usage  Request Allocated
	   Cpus                 :                 1         1
	   Disk (KB)            :  1000000  2048000   9500978
	   Memory (MB)          :      244     1992      1992
...
