000 (690118.009.000) 07/11 07:32:15 Job submitted from host: <144.92.181.245:9618?addrs=144.92.181.245-9618+[2607-f388-101c-1000--372]-9618&noUDP&sock=6179_dbc8_3>
...
001 (690118.009.000) 07/11 09:30:27 Job executing on host: <128.104.227.89:9618?addrs=128.104.227.89-9618+[2607-f388-101c-1000--629]-9618&noUDP&sock=11880_4535_10>
...
006 (690118.009.000) 07/11 09:30:35 Image size of job updated: 167196
	53  -  MemoryUsage of job (MB)
	53620  -  ResidentSetSize of job (KB)
...
006 (690118.009.000) 07/11 09:50:35 Image size of job updated: 254364
	246  -  MemoryUsage of job (MB)
	251176  -  ResidentSetSize of job (KB)
...
005 (690118.009.000) 07/11 09:55:45 Job terminated.
	(1) Normal termination (return value 0)
		Usr 0 00:02:01, Sys 0 00:00:11  -  Run Remote Usage
		Usr 0 00:00:00, Sys 0 00:00:00  -  Run Local Usage
		Usr 0 00:02:01, Sys 0 00:00:11  -  Total Remote Usage
		Usr 0 00:00:00, Sys 0 00:00:00  -  Total Local Usage
	328879  -  Run Bytes Sent By Job
	302156  -  Run Bytes Received By Job
	328879  -  Total Bytes Sent By Job
	302156  -  Total Bytes Received By Job
	Partitionable Resources :    Usage  Request Allocated
	   Cpus                 :                 1         1
	   Disk (KB)            :  1000000  2048000   9504447
	   Memory (MB)          :      246     1992      1992
...
