000 (696001.011.000) 07/12 06:42:49 Job submitted from host: <144.92.181.245:9618?addrs=144.92.181.245-9618+[2607-f388-101c-1000--372]-9618&noUDP&sock=6179_dbc8_3>
...
001 (696001.011.000) 07/12 08:21:23 Job executing on host: <144.92.181.94:9618?addrs=144.92.181.94-9618+[2607-f388-101c-1000--629]-9618&noUDP&sock=10017_6844_3>
...
006 (696001.011.000) 07/12 08:21:32 Image size of job updated: 217920
	106  -  MemoryUsage of job (MB)
	108504  -  ResidentSetSize of job (KB)
...
006 (696001.011.000) 07/12 08:41:32 Image size of job updated: 251616
	246  -  MemoryUsage of job (MB)
	251616  -  ResidentSetSize of job (KB)
...
005 (696001.011.000) 07/12 08:45:44 Job terminated.
	(1) Normal termination (return value 0)
		Usr 0 00:02:20, Sys 0 00:00:08  -  Run Remote Usage
		Usr 0 00:00:00, Sys 0 00:00:00  -  Run Local Usage
		Usr 0 00:02:20, Sys 0 00:00:08  -  Total Remote Usage
		Usr 0 00:00:00, Sys 0 00:00:00  -  Total Local Usage
	388815  -  Run Bytes Sent By Job
	281287  -  Run Bytes Received By Job
	388815  -  Total Bytes Sent By Job
	281287  -  Total Bytes Received By Job
	Partitionable Resources :    Usage  Request Allocated
	   Cpus                 :                 1         1
	   Disk (KB)            :  1000000  2048000   7916103
	   Memory (MB)          :      246     1992      1992
...
