000 (696001.001.000) 07/12 06:42:49 Job submitted from host: <144.92.181.245:9618?addrs=144.92.181.245-9618+[2607-f388-101c-1000--372]-9618&noUDP&sock=6179_dbc8_3>
...
001 (696001.001.000) 07/12 08:21:02 Job executing on host: <144.92.180.210:9618?addrs=144.92.180.210-9618+[2607-f388-101c-1000--629]-9618&noUDP&sock=8750_59c6_3>
...
006 (696001.001.000) 07/12 08:21:11 Image size of job updated: 29472
	7  -  MemoryUsage of job (MB)
	6576  -  ResidentSetSize of job (KB)
...
006 (696001.001.000) 07/12 08:41:12 Image size of job updated: 252468
	246  -  MemoryUsage of job (MB)
	250964  -  ResidentSetSize of job (KB)
...
005 (696001.001.000) 07/12 08:45:09 Job terminated.
	(1) Normal termination (return value 0)
		Usr 0 00:03:01, Sys 0 00:00:10  -  Run Remote Usage
		Usr 0 00:00:00, Sys 0 00:00:00  -  Run Local Usage
		Usr 0 00:03:01, Sys 0 00:00:10  -  Total Remote Usage
		Usr 0 00:00:00, Sys 0 00:00:00  -  Total Local Usage
	388315  -  Run Bytes Sent By Job
	281287  -  Run Bytes Received By Job
	388315  -  Total Bytes Sent By Job
	281287  -  Total Bytes Received By Job
	Partitionable Resources :    Usage  Request Allocated
	   Cpus                 :                 1         1
	   Disk (KB)            :  1000000  2048000   4750084
	   Memory (MB)          :      246     1992      1992
...
