000 (696001.009.000) 07/12 06:42:49 Job submitted from host: <144.92.181.245:9618?addrs=144.92.181.245-9618+[2607-f388-101c-1000--372]-9618&noUDP&sock=6179_dbc8_3>
...
001 (696001.009.000) 07/12 08:21:19 Job executing on host: <144.92.181.160:9618?addrs=144.92.181.160-9618+[2607-f388-101c-1000--629]-9618&noUDP&sock=9867_850f_3>
...
006 (696001.009.000) 07/12 08:21:28 Image size of job updated: 217184
	106  -  MemoryUsage of job (MB)
	108520  -  ResidentSetSize of job (KB)
...
006 (696001.009.000) 07/12 08:41:29 Image size of job updated: 250324
	245  -  MemoryUsage of job (MB)
	250324  -  ResidentSetSize of job (KB)
...
006 (696001.009.000) 07/12 08:51:10 Image size of job updated: 250964
	245  -  MemoryUsage of job (MB)
	250324  -  ResidentSetSize of job (KB)
...
005 (696001.009.000) 07/12 08:51:12 Job terminated.
	(1) Normal termination (return value 0)
		Usr 0 00:02:15, Sys 0 00:00:06  -  Run Remote Usage
		Usr 0 00:00:00, Sys 0 00:00:00  -  Run Local Usage
		Usr 0 00:02:15, Sys 0 00:00:06  -  Total Remote Usage
		Usr 0 00:00:00, Sys 0 00:00:00  -  Total Local Usage
	387814  -  Run Bytes Sent By Job
	281287  -  Run Bytes Received By Job
	387814  -  Total Bytes Sent By Job
	281287  -  Total Bytes Received By Job
	Partitionable Resources :    Usage  Request Allocated
	   Cpus                 :                 1         1
	   Disk (KB)            :  1000000  2048000   7916775
	   Memory (MB)          :      245     1992      1992
...
