000 (695966.000.000) 07/12 06:42:01 Job submitted from host: <144.92.181.245:9618?addrs=144.92.181.245-9618+[2607-f388-101c-1000--372]-9618&noUDP&sock=6179_dbc8_3>
...
001 (695966.000.000) 07/12 08:09:31 Job executing on host: <128.104.227.87:9618?addrs=128.104.227.87-9618+[2607-f388-101c-1000--629]-9618&noUDP&sock=11868_0a12_10>
...
006 (695966.000.000) 07/12 08:09:39 Image size of job updated: 161320
	55  -  MemoryUsage of job (MB)
	56280  -  ResidentSetSize of job (KB)
...
006 (695966.000.000) 07/12 08:25:31 Image size of job updated: 161320
	55  -  MemoryUsage of job (MB)
	56292  -  ResidentSetSize of job (KB)
...
005 (695966.000.000) 07/12 08:25:33 Job terminated.
	(1) Normal termination (return value 0)
		Usr 0 00:00:50, Sys 0 00:00:03  -  Run Remote Usage
		Usr 0 00:00:00, Sys 0 00:00:00  -  Run Local Usage
		Usr 0 00:00:50, Sys 0 00:00:03  -  Total Remote Usage
		Usr 0 00:00:00, Sys 0 00:00:00  -  Total Local Usage
	324205  -  Run Bytes Sent By Job
	281287  -  Run Bytes Received By Job
	324205  -  Total Bytes Sent By Job
	281287  -  Total Bytes Received By Job
	Partitionable Resources :    Usage  Request Allocated
	   Cpus                 :                 1         1
	   Disk (KB)            :  1000000  2048000   9503775
	   Memory (MB)          :       55     1992      1992
...
