000 (695966.012.000) 07/12 06:42:01 Job submitted from host: <144.92.181.245:9618?addrs=144.92.181.245-9618+[2607-f388-101c-1000--372]-9618&noUDP&sock=6179_dbc8_3>
...
001 (695966.012.000) 07/12 08:10:01 Job executing on host: <144.92.181.7:9618?addrs=144.92.181.7-9618+[2607-f388-101c-1000--629]-9618&noUDP&sock=7655_4592_3>
...
006 (695966.012.000) 07/12 08:10:09 Image size of job updated: 200500
	92  -  MemoryUsage of job (MB)
	94060  -  ResidentSetSize of job (KB)
...
006 (695966.012.000) 07/12 08:26:07 Image size of job updated: 200500
	94  -  MemoryUsage of job (MB)
	95428  -  ResidentSetSize of job (KB)
...
005 (695966.012.000) 07/12 08:26:07 Job terminated.
	(1) Normal termination (return value 0)
		Usr 0 00:01:17, Sys 0 00:00:04  -  Run Remote Usage
		Usr 0 00:00:00, Sys 0 00:00:00  -  Run Local Usage
		Usr 0 00:01:17, Sys 0 00:00:04  -  Total Remote Usage
		Usr 0 00:00:00, Sys 0 00:00:00  -  Total Local Usage
	325014  -  Run Bytes Sent By Job
	281287  -  Run Bytes Received By Job
	325014  -  Total Bytes Sent By Job
	281287  -  Total Bytes Received By Job
	Partitionable Resources :    Usage  Request Allocated
	   Cpus                 :                 1         1
	   Disk (KB)            :  1000000  2048000   7917233
	   Memory (MB)          :       94     1992      1992
...
