000 (695966.015.000) 07/12 06:42:01 Job submitted from host: <144.92.181.245:9618?addrs=144.92.181.245-9618+[2607-f388-101c-1000--372]-9618&noUDP&sock=6179_dbc8_3>
...
001 (695966.015.000) 07/12 08:10:03 Job executing on host: <128.104.227.43:9618?addrs=128.104.227.43-9618+[2607-f388-101c-1000--629]-9618&noUDP&sock=10297_76c9_3>
...
006 (695966.015.000) 07/12 08:10:13 Image size of job updated: 216032
	106  -  MemoryUsage of job (MB)
	108384  -  ResidentSetSize of job (KB)
...
005 (695966.015.000) 07/12 08:21:10 Job terminated.
	(1) Normal termination (return value 0)
		Usr 0 00:01:16, Sys 0 00:00:03  -  Run Remote Usage
		Usr 0 00:00:00, Sys 0 00:00:00  -  Run Local Usage
		Usr 0 00:01:16, Sys 0 00:00:03  -  Total Remote Usage
		Usr 0 00:00:00, Sys 0 00:00:00  -  Total Local Usage
	327317  -  Run Bytes Sent By Job
	281287  -  Run Bytes Received By Job
	327317  -  Total Bytes Sent By Job
	281287  -  Total Bytes Received By Job
	Partitionable Resources :    Usage  Request Allocated
	   Cpus                 :                 1         1
	   Disk (KB)            :  1000000  2048000   9500443
	   Memory (MB)          :      106     1992      1992
...
