000 (696031.010.000) 07/12 06:43:36 Job submitted from host: <144.92.181.245:9618?addrs=144.92.181.245-9618+[2607-f388-101c-1000--372]-9618&noUDP&sock=6179_dbc8_3>
...
001 (695034.010.000) 07/12 07:25:01 Job executing on host: <144.92.180.13:9618?addrs=144.92.180.13-9618+[2607-f388-101c-1000--629]-9618&noUDP&sock=7729_0794_3>
...
006 (695034.010.000) 07/12 07:25:09 Image size of job updated: 216856
	106  -  MemoryUsage of job (MB)
	108532  -  ResidentSetSize of job (KB)
...
006 (695034.010.000) 07/12 07:45:09 Image size of job updated: 240552
	233  -  MemoryUsage of job (MB)
	238440  -  ResidentSetSize of job (KB)
...
005 (695034.010.000) 07/12 07:56:33 Job terminated.
	(1) Normal termination (return value 0)
		Usr 0 00:02:26, Sys 0 00:00:08  -  Run Remote Usage
		Usr 0 00:00:00, Sys 0 00:00:00  -  Run Local Usage
		Usr 0 00:02:26, Sys 0 00:00:08  -  Total Remote Usage
		Usr 0 00:00:00, Sys 0 00:00:00  -  Total Local Usage
	654871  -  Run Bytes Sent By Job
	281287  -  Run Bytes Received By Job
	654871  -  Total Bytes Sent By Job
	281287  -  Total Bytes Received By Job
	Partitionable Resources :    Usage  Request Allocated
	   Cpus                 :                 1         1
	   Disk (KB)            :  1000000  2048000   7917832
	   Memory (MB)          :      233     1992      1992
...
001 (696031.010.000) 07/12 08:35:52 Job executing on host: <144.92.180.115:9618?addrs=144.92.180.115-9618+[2607-f388-101c-1000--629]-9618&noUDP&sock=7595_1de3_3>
...
006 (696031.010.000) 07/12 08:36:01 Image size of job updated: 183328
	107  -  MemoryUsage of job (MB)
	108560  -  ResidentSetSize of job (KB)
...
006 (696031.010.000) 07/12 08:56:02 Image size of job updated: 236912
	232  -  MemoryUsage of job (MB)
	236692  -  ResidentSetSize of job (KB)
...
006 (696031.010.000) 07/12 09:06:25 Image size of job updated: 237672
	232  -  MemoryUsage of job (MB)
	236692  -  ResidentSetSize of job (KB)
...
005 (696031.010.000) 07/12 09:06:27 Job terminated.
	(1) Normal termination (return value 0)
		Usr 0 00:02:33, Sys 0 00:00:08  -  Run Remote Usage
		Usr 0 00:00:00, Sys 0 00:00:00  -  Run Local Usage
		Usr 0 00:02:33, Sys 0 00:00:08  -  Total Remote Usage
		Usr 0 00:00:00, Sys 0 00:00:00  -  Total Local Usage
	654871  -  Run Bytes Sent By Job
	281287  -  Run Bytes Received By Job
	654871  -  Total Bytes Sent By Job
	281287  -  Total Bytes Received By Job
	Partitionable Resources :    Usage  Request Allocated
	   Cpus                 :                 1         1
	   Disk (KB)            :  1000000  2048000   6334499
	   Memory (MB)          :      232     1992      1992
...
