000 (696031.006.000) 07/12 06:43:36 Job submitted from host: <144.92.181.245:9618?addrs=144.92.181.245-9618+[2607-f388-101c-1000--372]-9618&noUDP&sock=6179_dbc8_3>
...
001 (695034.006.000) 07/12 07:24:24 Job executing on host: <144.92.180.133:9618?addrs=144.92.180.133-9618+[2607-f388-101c-1000--629]-9618&noUDP&sock=9913_126b_3>
...
006 (695034.006.000) 07/12 07:24:33 Image size of job updated: 219512
	106  -  MemoryUsage of job (MB)
	108340  -  ResidentSetSize of job (KB)
...
006 (695034.006.000) 07/12 07:44:33 Image size of job updated: 239340
	232  -  MemoryUsage of job (MB)
	237560  -  ResidentSetSize of job (KB)
...
005 (695034.006.000) 07/12 07:48:01 Job terminated.
	(1) Normal termination (return value 0)
		Usr 0 00:02:33, Sys 0 00:00:07  -  Run Remote Usage
		Usr 0 00:00:00, Sys 0 00:00:00  -  Run Local Usage
		Usr 0 00:02:33, Sys 0 00:00:07  -  Total Remote Usage
		Usr 0 00:00:00, Sys 0 00:00:00  -  Total Local Usage
	655435  -  Run Bytes Sent By Job
	281287  -  Run Bytes Received By Job
	655435  -  Total Bytes Sent By Job
	281287  -  Total Bytes Received By Job
	Partitionable Resources :    Usage  Request Allocated
	   Cpus                 :                 1         1
	   Disk (KB)            :  1000000  2048000   7917438
	   Memory (MB)          :      232     1992      1992
...
001 (696031.006.000) 07/12 08:35:45 Job executing on host: <144.92.180.115:9618?addrs=144.92.180.115-9618+[2607-f388-101c-1000--629]-9618&noUDP&sock=7595_1de3_3>
...
006 (696031.006.000) 07/12 08:35:54 Image size of job updated: 147656
	106  -  MemoryUsage of job (MB)
	108320  -  ResidentSetSize of job (KB)
...
006 (696031.006.000) 07/12 08:55:54 Image size of job updated: 238860
	234  -  MemoryUsage of job (MB)
	238732  -  ResidentSetSize of job (KB)
...
005 (696031.006.000) 07/12 08:59:23 Job terminated.
	(1) Normal termination (return value 0)
		Usr 0 00:02:33, Sys 0 00:00:09  -  Run Remote Usage
		Usr 0 00:00:00, Sys 0 00:00:00  -  Run Local Usage
		Usr 0 00:02:33, Sys 0 00:00:09  -  Total Remote Usage
		Usr 0 00:00:00, Sys 0 00:00:00  -  Total Local Usage
	655435  -  Run Bytes Sent By Job
	281287  -  Run Bytes Received By Job
	655435  -  Total Bytes Sent By Job
	281287  -  Total Bytes Received By Job
	Partitionable Resources :    Usage  Request Allocated
	   Cpus                 :                 1         1
	   Disk (KB)            :  1000000  2048000   6334499
	   Memory (MB)          :      234     1992      1992
...
