000 (696031.008.000) 07/12 06:43:36 Job submitted from host: <144.92.181.245:9618?addrs=144.92.181.245-9618+[2607-f388-101c-1000--372]-9618&noUDP&sock=6179_dbc8_3>
...
001 (695034.008.000) 07/12 07:24:51 Job executing on host: <144.92.181.140:9618?addrs=144.92.181.140-9618+[2607-f388-101c-1000--629]-9618&noUDP&sock=10043_3dbb_3>
...
006 (695034.008.000) 07/12 07:24:59 Image size of job updated: 217400
	106  -  MemoryUsage of job (MB)
	108536  -  ResidentSetSize of job (KB)
...
006 (695034.008.000) 07/12 07:44:59 Image size of job updated: 236604
	231  -  MemoryUsage of job (MB)
	236472  -  ResidentSetSize of job (KB)
...
006 (695034.008.000) 07/12 07:53:46 Image size of job updated: 236660
	231  -  MemoryUsage of job (MB)
	236472  -  ResidentSetSize of job (KB)
...
005 (695034.008.000) 07/12 07:53:47 Job terminated.
	(1) Normal termination (return value 0)
		Usr 0 00:02:33, Sys 0 00:00:09  -  Run Remote Usage
		Usr 0 00:00:00, Sys 0 00:00:00  -  Run Local Usage
		Usr 0 00:02:33, Sys 0 00:00:09  -  Total Remote Usage
		Usr 0 00:00:00, Sys 0 00:00:00  -  Total Local Usage
	656871  -  Run Bytes Sent By Job
	281287  -  Run Bytes Received By Job
	656871  -  Total Bytes Sent By Job
	281287  -  Total Bytes Received By Job
	Partitionable Resources :    Usage  Request Allocated
	   Cpus                 :                 1         1
	   Disk (KB)            :  1000000  2048000   7918565
	   Memory (MB)          :      231     1992      1992
...
001 (696031.008.000) 07/12 08:35:46 Job executing on host: <144.92.180.210:9618?addrs=144.92.180.210-9618+[2607-f388-101c-1000--629]-9618&noUDP&sock=8750_59c6_3>
...
006 (696031.008.000) 07/12 08:35:55 Image size of job updated: 169248
	53  -  MemoryUsage of job (MB)
	53608  -  ResidentSetSize of job (KB)
...
006 (696031.008.000) 07/12 08:55:56 Image size of job updated: 236020
	229  -  MemoryUsage of job (MB)
	234088  -  ResidentSetSize of job (KB)
...
005 (696031.008.000) 07/12 09:06:31 Job terminated.
	(1) Normal termination (return value 0)
		Usr 0 00:02:12, Sys 0 00:00:09  -  Run Remote Usage
		Usr 0 00:00:00, Sys 0 00:00:00  -  Run Local Usage
		Usr 0 00:02:12, Sys 0 00:00:09  -  Total Remote Usage
		Usr 0 00:00:00, Sys 0 00:00:00  -  Total Local Usage
	656871  -  Run Bytes Sent By Job
	281287  -  Run Bytes Received By Job
	656871  -  Total Bytes Sent By Job
	281287  -  Total Bytes Received By Job
	Partitionable Resources :    Usage  Request Allocated
	   Cpus                 :                 1         1
	   Disk (KB)            :  1000000  2048000   4750084
	   Memory (MB)          :      229     1992      1992
...
