000 (696058.003.000) 07/12 06:44:15 Job submitted from host: <144.92.181.245:9618?addrs=144.92.181.245-9618+[2607-f388-101c-1000--372]-9618&noUDP&sock=6179_dbc8_3>
...
001 (695061.003.000) 07/12 07:42:58 Job executing on host: <144.92.180.208:9618?addrs=144.92.180.208-9618+[2607-f388-101c-1000--629]-9618&noUDP&sock=7849_56f1_3>
...
006 (695061.003.000) 07/12 07:43:07 Image size of job updated: 218188
	106  -  MemoryUsage of job (MB)
	108508  -  ResidentSetSize of job (KB)
...
006 (695061.003.000) 07/12 08:03:08 Image size of job updated: 279484
	249  -  MemoryUsage of job (MB)
	254868  -  ResidentSetSize of job (KB)
...
006 (695061.003.000) 07/12 08:10:12 Image size of job updated: 286116
	249  -  MemoryUsage of job (MB)
	254868  -  ResidentSetSize of job (KB)
...
005 (695061.003.000) 07/12 08:10:12 Job terminated.
	(1) Normal termination (return value 0)
		Usr 0 00:01:52, Sys 0 00:00:06  -  Run Remote Usage
		Usr 0 00:00:00, Sys 0 00:00:00  -  Run Local Usage
		Usr 0 00:01:52, Sys 0 00:00:06  -  Total Remote Usage
		Usr 0 00:00:00, Sys 0 00:00:00  -  Total Local Usage
	357068  -  Run Bytes Sent By Job
	281287  -  Run Bytes Received By Job
	357068  -  Total Bytes Sent By Job
	281287  -  Total Bytes Received By Job
	Partitionable Resources :    Usage  Request Allocated
	   Cpus                 :                 1         1
	   Disk (KB)            :  1000000  2048000   7917665
	   Memory (MB)          :      249     1992      1992
...
001 (696058.003.000) 07/12 08:47:30 Job executing on host: <128.104.227.24:9618?addrs=128.104.227.24-9618+[2607-f388-101c-1000--629]-9618&noUDP&sock=10309_b1ec_3>
...
006 (696058.003.000) 07/12 08:47:39 Image size of job updated: 217364
	106  -  MemoryUsage of job (MB)
	108512  -  ResidentSetSize of job (KB)
...
006 (696058.003.000) 07/12 09:05:34 Image size of job updated: 251156
	106  -  MemoryUsage of job (MB)
	108512  -  ResidentSetSize of job (KB)
...
005 (696058.003.000) 07/12 09:05:34 Job terminated.
	(1) Normal termination (return value 0)
		Usr 0 00:01:39, Sys 0 00:00:05  -  Run Remote Usage
		Usr 0 00:00:00, Sys 0 00:00:00  -  Run Local Usage
		Usr 0 00:01:39, Sys 0 00:00:05  -  Total Remote Usage
		Usr 0 00:00:00, Sys 0 00:00:00  -  Total Local Usage
	357068  -  Run Bytes Sent By Job
	281287  -  Run Bytes Received By Job
	357068  -  Total Bytes Sent By Job
	281287  -  Total Bytes Received By Job
	Partitionable Resources :    Usage  Request Allocated
	   Cpus                 :                 1         1
	   Disk (KB)            :  1000000  2048000   9499870
	   Memory (MB)          :      106     1992      1992
...
