000 (696058.008.000) 07/12 06:44:15 Job submitted from host: <144.92.181.245:9618?addrs=144.92.181.245-9618+[2607-f388-101c-1000--372]-9618&noUDP&sock=6179_dbc8_3>
...
001 (695061.008.000) 07/12 07:42:59 Job executing on host: <144.92.181.234:9618?addrs=144.92.181.234-9618+[2607-f388-101c-1000--629]-9618&noUDP&sock=6999_4f71_3>
...
006 (695061.008.000) 07/12 07:43:07 Image size of job updated: 173468
	53  -  MemoryUsage of job (MB)
	53648  -  ResidentSetSize of job (KB)
...
006 (695061.008.000) 07/12 08:03:07 Image size of job updated: 282348
	251  -  MemoryUsage of job (MB)
	256180  -  ResidentSetSize of job (KB)
...
006 (695061.008.000) 07/12 08:06:05 Image size of job updated: 282544
	251  -  MemoryUsage of job (MB)
	256180  -  ResidentSetSize of job (KB)
...
005 (695061.008.000) 07/12 08:06:06 Job terminated.
	(1) Normal termination (return value 0)
		Usr 0 00:03:44, Sys 0 00:00:13  -  Run Remote Usage
		Usr 0 00:00:00, Sys 0 00:00:00  -  Run Local Usage
		Usr 0 00:03:44, Sys 0 00:00:13  -  Total Remote Usage
		Usr 0 00:00:00, Sys 0 00:00:00  -  Total Local Usage
	369566  -  Run Bytes Sent By Job
	281287  -  Run Bytes Received By Job
	369566  -  Total Bytes Sent By Job
	281287  -  Total Bytes Received By Job
	Partitionable Resources :    Usage  Request Allocated
	   Cpus                 :                 1         1
	   Disk (KB)            :  1000000  2048000   4746716
	   Memory (MB)          :      251     1992      1992
...
001 (696058.008.000) 07/12 08:47:53 Job executing on host: <144.92.180.158:9618?addrs=144.92.180.158-9618+[2607-f388-101c-1000--629]-9618&noUDP&sock=7713_0e10_3>
...
006 (696058.008.000) 07/12 08:48:01 Image size of job updated: 217412
	106  -  MemoryUsage of job (MB)
	108500  -  ResidentSetSize of job (KB)
...
005 (696058.008.000) 07/12 09:05:21 Job terminated.
	(1) Normal termination (return value 0)
		Usr 0 00:01:42, Sys 0 00:00:05  -  Run Remote Usage
		Usr 0 00:00:00, Sys 0 00:00:00  -  Run Local Usage
		Usr 0 00:01:42, Sys 0 00:00:05  -  Total Remote Usage
		Usr 0 00:00:00, Sys 0 00:00:00  -  Total Local Usage
	356815  -  Run Bytes Sent By Job
	281287  -  Run Bytes Received By Job
	356815  -  Total Bytes Sent By Job
	281287  -  Total Bytes Received By Job
	Partitionable Resources :    Usage  Request Allocated
	   Cpus                 :                 1         1
	   Disk (KB)            :  1000000  2048000   7917624
	   Memory (MB)          :      106     1992      1992
...
