000 (695994.004.000) 07/12 06:42:38 Job submitted from host: <144.92.181.245:9618?addrs=144.92.181.245-9618+[2607-f388-101c-1000--372]-9618&noUDP&sock=6179_dbc8_3>
...
001 (695994.004.000) 07/12 08:19:27 Job executing on host: <144.92.180.127:9618?addrs=144.92.180.127-9618+[2607-f388-101c-1000--629]-9618&noUDP&sock=7627_10eb_3>
...
006 (695994.004.000) 07/12 08:19:37 Image size of job updated: 27316
	23  -  MemoryUsage of job (MB)
	22572  -  ResidentSetSize of job (KB)
...
006 (695994.004.000) 07/12 08:39:37 Image size of job updated: 262992
	253  -  MemoryUsage of job (MB)
	259032  -  ResidentSetSize of job (KB)
...
005 (695994.004.000) 07/12 08:53:49 Job terminated.
	(1) Normal termination (return value 0)
		Usr 0 00:02:15, Sys 0 00:00:07  -  Run Remote Usage
		Usr 0 00:00:00, Sys 0 00:00:00  -  Run Local Usage
		Usr 0 00:02:15, Sys 0 00:00:07  -  Total Remote Usage
		Usr 0 00:00:00, Sys 0 00:00:00  -  Total Local Usage
	375168  -  Run Bytes Sent By Job
	281287  -  Run Bytes Received By Job
	375168  -  Total Bytes Sent By Job
	281287  -  Total Bytes Received By Job
	Partitionable Resources :    Usage  Request Allocated
	   Cpus                 :                 1         1
	   Disk (KB)            :  1000000  2048000   6334119
	   Memory (MB)          :      253     1992      1992
...
