000 (695994.009.000) 07/12 06:42:38 Job submitted from host: <144.92.181.245:9618?addrs=144.92.181.245-9618+[2607-f388-101c-1000--372]-9618&noUDP&sock=6179_dbc8_3>
...
001 (695994.009.000) 07/12 08:19:28 Job executing on host: <144.92.180.127:9618?addrs=144.92.180.127-9618+[2607-f388-101c-1000--629]-9618&noUDP&sock=7627_10eb_3>
...
006 (695994.009.000) 07/12 08:19:38 Image size of job updated: 31036
	23  -  MemoryUsage of job (MB)
	23424  -  ResidentSetSize of job (KB)
...
006 (695994.009.000) 07/12 08:39:39 Image size of job updated: 258812
	253  -  MemoryUsage of job (MB)
	258540  -  ResidentSetSize of job (KB)
...
006 (695994.009.000) 07/12 08:56:15 Image size of job updated: 259652
	253  -  MemoryUsage of job (MB)
	258540  -  ResidentSetSize of job (KB)
...
005 (695994.009.000) 07/12 08:56:15 Job terminated.
	(1) Normal termination (return value 0)
		Usr 0 00:02:00, Sys 0 00:00:06  -  Run Remote Usage
		Usr 0 00:00:00, Sys 0 00:00:00  -  Run Local Usage
		Usr 0 00:02:00, Sys 0 00:00:06  -  Total Remote Usage
		Usr 0 00:00:00, Sys 0 00:00:00  -  Total Local Usage
	374909  -  Run Bytes Sent By Job
	281287  -  Run Bytes Received By Job
	374909  -  Total Bytes Sent By Job
	281287  -  Total Bytes Received By Job
	Partitionable Resources :    Usage  Request Allocated
	   Cpus                 :                 1         1
	   Disk (KB)            :  1000000  2048000   6334119
	   Memory (MB)          :      253     1992      1992
...
