000 (690088.000.000) 07/11 07:31:30 Job submitted from host: <144.92.181.245:9618?addrs=144.92.181.245-9618+[2607-f388-101c-1000--372]-9618&noUDP&sock=6179_dbc8_3>
...
001 (690088.000.000) 07/11 09:02:51 Job executing on host: <144.92.180.82:9618?addrs=144.92.180.82-9618+[2607-f388-101c-1000--629]-9618&noUDP&sock=6973_79fb_3>
...
006 (690088.000.000) 07/11 09:03:00 Image size of job updated: 167864
	53  -  MemoryUsage of job (MB)
	53492  -  ResidentSetSize of job (KB)
...
005 (690088.000.000) 07/11 09:22:30 Job terminated.
	(1) Normal termination (return value 0)
		Usr 0 00:04:11, Sys 0 00:00:19  -  Run Remote Usage
		Usr 0 00:00:00, Sys 0 00:00:00  -  Run Local Usage
		Usr 0 00:04:11, Sys 0 00:00:19  -  Total Remote Usage
		Usr 0 00:00:00, Sys 0 00:00:00  -  Total Local Usage
	356442  -  Run Bytes Sent By Job
	302156  -  Run Bytes Received By Job
	356442  -  Total Bytes Sent By Job
	302156  -  Total Bytes Received By Job
	Partitionable Resources :    Usage  Request Allocated
	   Cpus                 :                 1         1
	   Disk (KB)            :  1000000  2048000   4750867
	   Memory (MB)          :       53     1992      1992
...
