000 (690088.007.000) 07/11 07:31:30 Job submitted from host: <144.92.181.245:9618?addrs=144.92.181.245-9618+[2607-f388-101c-1000--372]-9618&noUDP&sock=6179_dbc8_3>
...
001 (690088.007.000) 07/11 09:03:58 Job executing on host: <144.92.181.3:9618?addrs=144.92.181.3-9618+[2607-f388-101c-1000--629]-9618&noUDP&sock=7776_4487_3>
...
006 (690088.007.000) 07/11 09:04:07 Image size of job updated: 225444
	106  -  MemoryUsage of job (MB)
	107924  -  ResidentSetSize of job (KB)
...
006 (690088.007.000) 07/11 09:24:08 Image size of job updated: 240132
	234  -  MemoryUsage of job (MB)
	238660  -  ResidentSetSize of job (KB)
...
005 (690088.007.000) 07/11 09:25:37 Job terminated.
	(1) Normal termination (return value 0)
		Usr 0 00:02:35, Sys 0 00:00:10  -  Run Remote Usage
		Usr 0 00:00:00, Sys 0 00:00:00  -  Run Local Usage
		Usr 0 00:02:35, Sys 0 00:00:10  -  Total Remote Usage
		Usr 0 00:00:00, Sys 0 00:00:00  -  Total Local Usage
	351435  -  Run Bytes Sent By Job
	302156  -  Run Bytes Received By Job
	351435  -  Total Bytes Sent By Job
	302156  -  Total Bytes Received By Job
	Partitionable Resources :    Usage  Request Allocated
	   Cpus                 :                 1         1
	   Disk (KB)            :  1000000  2048000   7918239
	   Memory (MB)          :      234     1992      1992
...
