000 (690088.008.000) 07/11 07:31:30 Job submitted from host: <144.92.181.245:9618?addrs=144.92.181.245-9618+[2607-f388-101c-1000--372]-9618&noUDP&sock=6179_dbc8_3>
...
001 (690088.008.000) 07/11 09:04:06 Job executing on host: <128.104.227.28:9618?addrs=128.104.227.28-9618+[2607-f388-101c-1000--629]-9618&noUDP&sock=10340_f55b_3>
...
006 (690088.008.000) 07/11 09:04:14 Image size of job updated: 222712
	105  -  MemoryUsage of job (MB)
	106568  -  ResidentSetSize of job (KB)
...
006 (690088.008.000) 07/11 09:23:59 Image size of job updated: 222712
	105  -  MemoryUsage of job (MB)
	106572  -  ResidentSetSize of job (KB)
...
005 (690088.008.000) 07/11 09:24:00 Job terminated.
	(1) Normal termination (return value 0)
		Usr 0 00:02:25, Sys 0 00:00:08  -  Run Remote Usage
		Usr 0 00:00:00, Sys 0 00:00:00  -  Run Local Usage
		Usr 0 00:02:25, Sys 0 00:00:08  -  Total Remote Usage
		Usr 0 00:00:00, Sys 0 00:00:00  -  Total Local Usage
	352817  -  Run Bytes Sent By Job
	302156  -  Run Bytes Received By Job
	352817  -  Total Bytes Sent By Job
	302156  -  Total Bytes Received By Job
	Partitionable Resources :    Usage  Request Allocated
	   Cpus                 :                 1         1
	   Disk (KB)            :  1000000  2048000   9501936
	   Memory (MB)          :      105     1992      1992
...
