000 (695967.005.000) 07/12 06:42:03 Job submitted from host: <144.92.181.245:9618?addrs=144.92.181.245-9618+[2607-f388-101c-1000--372]-9618&noUDP&sock=6179_dbc8_3>
...
001 (695967.005.000) 07/12 08:10:09 Job executing on host: <128.104.227.57:9618?addrs=128.104.227.57-9618+[2607-f388-101c-1000--629]-9618&noUDP&sock=10277_bee4_3>
...
006 (695967.005.000) 07/12 08:10:17 Image size of job updated: 217060
	106  -  MemoryUsage of job (MB)
	108316  -  ResidentSetSize of job (KB)
...
005 (695967.005.000) 07/12 08:20:36 Job terminated.
	(1) Normal termination (return value 0)
		Usr 0 00:01:03, Sys 0 00:00:03  -  Run Remote Usage
		Usr 0 00:00:00, Sys 0 00:00:00  -  Run Local Usage
		Usr 0 00:01:03, Sys 0 00:00:03  -  Total Remote Usage
		Usr 0 00:00:00, Sys 0 00:00:00  -  Total Local Usage
	298582  -  Run Bytes Sent By Job
	281287  -  Run Bytes Received By Job
	298582  -  Total Bytes Sent By Job
	281287  -  Total Bytes Received By Job
	Partitionable Resources :    Usage  Request Allocated
	   Cpus                 :                 1         1
	   Disk (KB)            :  1000000  2048000   9502473
	   Memory (MB)          :      106     1992      1992
...
