000 (696062.011.000) 07/12 06:44:22 Job submitted from host: <144.92.181.245:9618?addrs=144.92.181.245-9618+[2607-f388-101c-1000--372]-9618&noUDP&sock=6179_dbc8_3>
...
001 (695065.011.000) 07/12 07:43:08 Job executing on host: <144.92.180.13:9618?addrs=144.92.180.13-9618+[2607-f388-101c-1000--629]-9618&noUDP&sock=7729_0794_3>
...
006 (695065.011.000) 07/12 07:43:17 Image size of job updated: 185456
	106  -  MemoryUsage of job (MB)
	108516  -  ResidentSetSize of job (KB)
...
006 (695065.011.000) 07/12 08:03:18 Image size of job updated: 244204
	239  -  MemoryUsage of job (MB)
	244204  -  ResidentSetSize of job (KB)
...
006 (695065.011.000) 07/12 08:12:18 Image size of job updated: 245244
	239  -  MemoryUsage of job (MB)
	244204  -  ResidentSetSize of job (KB)
...
005 (695065.011.000) 07/12 08:12:19 Job terminated.
	(1) Normal termination (return value 0)
		Usr 0 00:01:56, Sys 0 00:00:06  -  Run Remote Usage
		Usr 0 00:00:00, Sys 0 00:00:00  -  Run Local Usage
		Usr 0 00:01:56, Sys 0 00:00:06  -  Total Remote Usage
		Usr 0 00:00:00, Sys 0 00:00:00  -  Total Local Usage
	462200  -  Run Bytes Sent By Job
	281287  -  Run Bytes Received By Job
	462200  -  Total Bytes Sent By Job
	281287  -  Total Bytes Received By Job
	Partitionable Resources :    Usage  Request Allocated
	   Cpus                 :                 1         1
	   Disk (KB)            :  1000000  2048000   7917832
	   Memory (MB)          :      239     1992      1992
...
001 (696062.011.000) 07/12 08:50:01 Job executing on host: <144.92.180.142:9618?addrs=144.92.180.142-9618+[2607-f388-101c-1000--629]-9618&noUDP&sock=7677_5ca7_3>
...
006 (696062.011.000) 07/12 08:50:10 Image size of job updated: 206276
	106  -  MemoryUsage of job (MB)
	108528  -  ResidentSetSize of job (KB)
...
006 (696062.011.000) 07/12 09:10:10 Image size of job updated: 243788
	238  -  MemoryUsage of job (MB)
	243236  -  ResidentSetSize of job (KB)
...
005 (696062.011.000) 07/12 09:15:01 Job terminated.
	(1) Normal termination (return value 0)
		Usr 0 00:02:18, Sys 0 00:00:07  -  Run Remote Usage
		Usr 0 00:00:00, Sys 0 00:00:00  -  Run Local Usage
		Usr 0 00:02:18, Sys 0 00:00:07  -  Total Remote Usage
		Usr 0 00:00:00, Sys 0 00:00:00  -  Total Local Usage
	462200  -  Run Bytes Sent By Job
	281287  -  Run Bytes Received By Job
	462200  -  Total Bytes Sent By Job
	281287  -  Total Bytes Received By Job
	Partitionable Resources :    Usage  Request Allocated
	   Cpus                 :                 1         1
	   Disk (KB)            :  1000000  2048000   7918264
	   Memory (MB)          :      238     1992      1992
...
