000 (696062.012.000) 07/12 06:44:22 Job submitted from host: <144.92.181.245:9618?addrs=144.92.181.245-9618+[2607-f388-101c-1000--372]-9618&noUDP&sock=6179_dbc8_3>
...
001 (695065.012.000) 07/12 07:43:09 Job executing on host: <144.92.181.81:9618?addrs=144.92.181.81-9618+[2607-f388-101c-1000--629]-9618&noUDP&sock=7062_85e8_3>
...
006 (695065.012.000) 07/12 07:43:18 Image size of job updated: 187688
	102  -  MemoryUsage of job (MB)
	103564  -  ResidentSetSize of job (KB)
...
006 (695065.012.000) 07/12 08:03:19 Image size of job updated: 247148
	240  -  MemoryUsage of job (MB)
	245476  -  ResidentSetSize of job (KB)
...
005 (695065.012.000) 07/12 08:16:38 Job terminated.
	(1) Normal termination (return value 0)
		Usr 0 00:04:51, Sys 0 00:00:15  -  Run Remote Usage
		Usr 0 00:00:00, Sys 0 00:00:00  -  Run Local Usage
		Usr 0 00:04:51, Sys 0 00:00:15  -  Total Remote Usage
		Usr 0 00:00:00, Sys 0 00:00:00  -  Total Local Usage
	465444  -  Run Bytes Sent By Job
	281287  -  Run Bytes Received By Job
	465444  -  Total Bytes Sent By Job
	281287  -  Total Bytes Received By Job
	Partitionable Resources :    Usage  Request Allocated
	   Cpus                 :                 1         1
	   Disk (KB)            :  1000000  2048000   4748429
	   Memory (MB)          :      240     1992      1992
...
001 (696062.012.000) 07/12 08:50:02 Job executing on host: <144.92.180.158:9618?addrs=144.92.180.158-9618+[2607-f388-101c-1000--629]-9618&noUDP&sock=7713_0e10_3>
...
006 (696062.012.000) 07/12 08:50:10 Image size of job updated: 217044
	106  -  MemoryUsage of job (MB)
	108528  -  ResidentSetSize of job (KB)
...
006 (696062.012.000) 07/12 09:10:10 Image size of job updated: 245292
	240  -  MemoryUsage of job (MB)
	245292  -  ResidentSetSize of job (KB)
...
006 (696062.012.000) 07/12 09:11:28 Image size of job updated: 245380
	240  -  MemoryUsage of job (MB)
	245292  -  ResidentSetSize of job (KB)
...
005 (696062.012.000) 07/12 09:11:30 Job terminated.
	(1) Normal termination (return value 0)
		Usr 0 00:02:20, Sys 0 00:00:07  -  Run Remote Usage
		Usr 0 00:00:00, Sys 0 00:00:00  -  Run Local Usage
		Usr 0 00:02:20, Sys 0 00:00:07  -  Total Remote Usage
		Usr 0 00:00:00, Sys 0 00:00:00  -  Total Local Usage
	459695  -  Run Bytes Sent By Job
	281287  -  Run Bytes Received By Job
	459695  -  Total Bytes Sent By Job
	281287  -  Total Bytes Received By Job
	Partitionable Resources :    Usage  Request Allocated
	   Cpus                 :                 1         1
	   Disk (KB)            :  1000000  2048000   7917624
	   Memory (MB)          :      240     1992      1992
...
