000 (696062.001.000) 07/12 06:44:22 Job submitted from host: <144.92.181.245:9618?addrs=144.92.181.245-9618+[2607-f388-101c-1000--372]-9618&noUDP&sock=6179_dbc8_3>
...
001 (695065.001.000) 07/12 07:43:06 Job executing on host: <128.104.227.34:9618?addrs=128.104.227.34-9618+[2607-f388-101c-1000--629]-9618&noUDP&sock=10298_2661_3>
...
006 (695065.001.000) 07/12 07:43:16 Image size of job updated: 208008
	107  -  MemoryUsage of job (MB)
	108580  -  ResidentSetSize of job (KB)
...
006 (695065.001.000) 07/12 08:03:16 Image size of job updated: 247312
	242  -  MemoryUsage of job (MB)
	247312  -  ResidentSetSize of job (KB)
...
006 (695065.001.000) 07/12 08:06:30 Image size of job updated: 489256
	242  -  MemoryUsage of job (MB)
	247312  -  ResidentSetSize of job (KB)
...
005 (695065.001.000) 07/12 08:06:32 Job terminated.
	(1) Normal termination (return value 0)
		Usr 0 00:02:11, Sys 0 00:00:06  -  Run Remote Usage
		Usr 0 00:00:00, Sys 0 00:00:00  -  Run Local Usage
		Usr 0 00:02:11, Sys 0 00:00:06  -  Total Remote Usage
		Usr 0 00:00:00, Sys 0 00:00:00  -  Total Local Usage
	459444  -  Run Bytes Sent By Job
	281287  -  Run Bytes Received By Job
	459444  -  Total Bytes Sent By Job
	281287  -  Total Bytes Received By Job
	Partitionable Resources :    Usage  Request Allocated
	   Cpus                 :                 1         1
	   Disk (KB)            :  1000000  2048000   9500816
	   Memory (MB)          :      242     1992      1992
...
001 (696062.001.000) 07/12 08:49:55 Job executing on host: <144.92.181.165:9618?addrs=144.92.181.165-9618+[2607-f388-101c-1000--629]-9618&noUDP&sock=9844_be62_3>
...
006 (696062.001.000) 07/12 08:50:03 Image size of job updated: 217984
	107  -  MemoryUsage of job (MB)
	108564  -  ResidentSetSize of job (KB)
...
006 (696062.001.000) 07/12 09:10:03 Image size of job updated: 244980
	240  -  MemoryUsage of job (MB)
	244980  -  ResidentSetSize of job (KB)
...
006 (696062.001.000) 07/12 09:14:46 Image size of job updated: 245256
	240  -  MemoryUsage of job (MB)
	244980  -  ResidentSetSize of job (KB)
...
005 (696062.001.000) 07/12 09:14:47 Job terminated.
	(1) Normal termination (return value 0)
		Usr 0 00:02:15, Sys 0 00:00:06  -  Run Remote Usage
		Usr 0 00:00:00, Sys 0 00:00:00  -  Run Local Usage
		Usr 0 00:02:15, Sys 0 00:00:06  -  Total Remote Usage
		Usr 0 00:00:00, Sys 0 00:00:00  -  Total Local Usage
	459444  -  Run Bytes Sent By Job
	281287  -  Run Bytes Received By Job
	459444  -  Total Bytes Sent By Job
	281287  -  Total Bytes Received By Job
	Partitionable Resources :    Usage  Request Allocated
	   Cpus                 :                 1         1
	   Disk (KB)            :  1000000  2048000   7917346
	   Memory (MB)          :      240     1992      1992
...
