000 (696062.008.000) 07/12 06:44:22 Job submitted from host: <144.92.181.245:9618?addrs=144.92.181.245-9618+[2607-f388-101c-1000--372]-9618&noUDP&sock=6179_dbc8_3>
...
001 (695065.008.000) 07/12 07:43:07 Job executing on host: <128.104.227.22:9618?addrs=128.104.227.22-9618+[2607-f388-101c-1000--629]-9618&noUDP&sock=10298_2661_3>
...
006 (695065.008.000) 07/12 07:43:16 Image size of job updated: 124380
	106  -  MemoryUsage of job (MB)
	108524  -  ResidentSetSize of job (KB)
...
006 (695065.008.000) 07/12 08:03:16 Image size of job updated: 237520
	232  -  MemoryUsage of job (MB)
	237520  -  ResidentSetSize of job (KB)
...
006 (695065.008.000) 07/12 08:21:22 Image size of job updated: 242216
	232  -  MemoryUsage of job (MB)
	237520  -  ResidentSetSize of job (KB)
...
005 (695065.008.000) 07/12 08:21:23 Job terminated.
	(1) Normal termination (return value 0)
		Usr 0 00:02:25, Sys 0 00:00:07  -  Run Remote Usage
		Usr 0 00:00:00, Sys 0 00:00:00  -  Run Local Usage
		Usr 0 00:02:25, Sys 0 00:00:07  -  Total Remote Usage
		Usr 0 00:00:00, Sys 0 00:00:00  -  Total Local Usage
	460363  -  Run Bytes Sent By Job
	281287  -  Run Bytes Received By Job
	460363  -  Total Bytes Sent By Job
	281287  -  Total Bytes Received By Job
	Partitionable Resources :    Usage  Request Allocated
	   Cpus                 :                 1         1
	   Disk (KB)            :  1000000  2048000   9500771
	   Memory (MB)          :      232     1992      1992
...
001 (696062.008.000) 07/12 08:50:02 Job executing on host: <128.104.227.40:9618?addrs=128.104.227.40-9618+[2607-f388-101c-1000--629]-9618&noUDP&sock=10264_d429_3>
...
006 (696062.008.000) 07/12 08:50:10 Image size of job updated: 216232
	106  -  MemoryUsage of job (MB)
	108520  -  ResidentSetSize of job (KB)
...
006 (696062.008.000) 07/12 09:10:10 Image size of job updated: 238508
	233  -  MemoryUsage of job (MB)
	238424  -  ResidentSetSize of job (KB)
...
006 (696062.008.000) 07/12 09:13:11 Image size of job updated: 241680
	233  -  MemoryUsage of job (MB)
	238424  -  ResidentSetSize of job (KB)
...
005 (696062.008.000) 07/12 09:13:12 Job terminated.
	(1) Normal termination (return value 0)
		Usr 0 00:02:12, Sys 0 00:00:06  -  Run Remote Usage
		Usr 0 00:00:00, Sys 0 00:00:00  -  Run Local Usage
		Usr 0 00:02:12, Sys 0 00:00:06  -  Total Remote Usage
		Usr 0 00:00:00, Sys 0 00:00:00  -  Total Local Usage
	460363  -  Run Bytes Sent By Job
	281287  -  Run Bytes Received By Job
	460363  -  Total Bytes Sent By Job
	281287  -  Total Bytes Received By Job
	Partitionable Resources :    Usage  Request Allocated
	   Cpus                 :                 1         1
	   Disk (KB)            :  1000000  2048000   9500532
	   Memory (MB)          :      233     1992      1992
...
