000 (1262624.001.000) 07/25 12:34:39 Job submitted from host: <144.92.180.28:9618?addrs=144.92.180.28-9618+[2607-f388-101c-1000--370]-9618&noUDP&sock=5187_6dd5_82>
...
001 (1262624.001.000) 07/25 14:23:29 Job executing on host: <144.92.181.215:9618?addrs=144.92.181.215-9618+[2607-f388-101c-1000--629]-9618&noUDP&sock=7018_57be_10>
...
006 (1262624.001.000) 07/25 14:23:38 Image size of job updated: 166952
	53  -  MemoryUsage of job (MB)
	53332  -  ResidentSetSize of job (KB)
...
005 (1262624.001.000) 07/25 14:41:00 Job terminated.
	(1) Normal termination (return value 0)
		Usr 0 00:04:57, Sys 0 00:00:19  -  Run Remote Usage
		Usr 0 00:00:00, Sys 0 00:00:00  -  Run Local Usage
		Usr 0 00:04:57, Sys 0 00:00:19  -  Total Remote Usage
		Usr 0 00:00:00, Sys 0 00:00:00  -  Total Local Usage
	527155  -  Run Bytes Sent By Job
	283691  -  Run Bytes Received By Job
	527155  -  Total Bytes Sent By Job
	283691  -  Total Bytes Received By Job
	Partitionable Resources :    Usage  Request Allocated
	   Cpus                 :                 1         1
	   Disk (KB)            :  1000000  2048000   3167494
	   Memory (MB)          :       53     1992      1992
...
