000 (1262624.006.000) 07/25 12:34:39 Job submitted from host: <144.92.180.28:9618?addrs=144.92.180.28-9618+[2607-f388-101c-1000--370]-9618&noUDP&sock=5187_6dd5_82>
...
001 (1262624.006.000) 07/25 14:23:37 Job executing on host: <144.92.180.74:9618?addrs=144.92.180.74-9618+[2607-f388-101c-1000--629]-9618&noUDP&sock=7564_da73_3>
...
006 (1262624.006.000) 07/25 14:23:46 Image size of job updated: 227504
	107  -  MemoryUsage of job (MB)
	108652  -  ResidentSetSize of job (KB)
...
005 (1262624.006.000) 07/25 14:36:59 Job terminated.
	(1) Normal termination (return value 0)
		Usr 0 00:02:47, Sys 0 00:00:10  -  Run Remote Usage
		Usr 0 00:00:00, Sys 0 00:00:00  -  Run Local Usage
		Usr 0 00:02:47, Sys 0 00:00:10  -  Total Remote Usage
		Usr 0 00:00:00, Sys 0 00:00:00  -  Total Local Usage
	510617  -  Run Bytes Sent By Job
	283691  -  Run Bytes Received By Job
	510617  -  Total Bytes Sent By Job
	283691  -  Total Bytes Received By Job
	Partitionable Resources :    Usage  Request Allocated
	   Cpus                 :                 1         1
	   Disk (KB)            :  1000000  2048000   7916089
	   Memory (MB)          :      107     1992      1992
...
