000 (696053.004.000) 07/12 06:44:05 Job submitted from host: <144.92.181.245:9618?addrs=144.92.181.245-9618+[2607-f388-101c-1000--372]-9618&noUDP&sock=6179_dbc8_3>
...
001 (695056.004.000) 07/12 07:42:46 Job executing on host: <144.92.180.94:9618?addrs=144.92.180.94-9618+[2607-f388-101c-1000--629]-9618&noUDP&sock=7025_24e7_3>
...
006 (695056.004.000) 07/12 07:42:54 Image size of job updated: 30832
	26  -  MemoryUsage of job (MB)
	26012  -  ResidentSetSize of job (KB)
...
006 (695056.004.000) 07/12 08:02:54 Image size of job updated: 245208
	238  -  MemoryUsage of job (MB)
	243396  -  ResidentSetSize of job (KB)
...
005 (695056.004.000) 07/12 08:04:55 Job terminated.
	(1) Normal termination (return value 0)
		Usr 0 00:03:43, Sys 0 00:00:13  -  Run Remote Usage
		Usr 0 00:00:00, Sys 0 00:00:00  -  Run Local Usage
		Usr 0 00:03:43, Sys 0 00:00:13  -  Total Remote Usage
		Usr 0 00:00:00, Sys 0 00:00:00  -  Total Local Usage
	371379  -  Run Bytes Sent By Job
	281287  -  Run Bytes Received By Job
	371379  -  Total Bytes Sent By Job
	281287  -  Total Bytes Received By Job
	Partitionable Resources :    Usage  Request Allocated
	   Cpus                 :                 1         1
	   Disk (KB)            :  1000000  2048000   4749969
	   Memory (MB)          :      238     1992      1992
...
001 (696053.004.000) 07/12 08:44:36 Job executing on host: <128.104.227.46:9618?addrs=128.104.227.46-9618+[2607-f388-101c-1000--629]-9618&noUDP&sock=10288_4a6f_3>
...
006 (696053.004.000) 07/12 08:44:45 Image size of job updated: 217332
	106  -  MemoryUsage of job (MB)
	108508  -  ResidentSetSize of job (KB)
...
006 (696053.004.000) 07/12 09:04:46 Image size of job updated: 239592
	234  -  MemoryUsage of job (MB)
	239592  -  ResidentSetSize of job (KB)
...
006 (696053.004.000) 07/12 09:19:50 Image size of job updated: 244680
	234  -  MemoryUsage of job (MB)
	239592  -  ResidentSetSize of job (KB)
...
005 (696053.004.000) 07/12 09:19:51 Job terminated.
	(1) Normal termination (return value 0)
		Usr 0 00:01:45, Sys 0 00:00:06  -  Run Remote Usage
		Usr 0 00:00:00, Sys 0 00:00:00  -  Run Local Usage
		Usr 0 00:01:45, Sys 0 00:00:06  -  Total Remote Usage
		Usr 0 00:00:00, Sys 0 00:00:00  -  Total Local Usage
	356848  -  Run Bytes Sent By Job
	281287  -  Run Bytes Received By Job
	356848  -  Total Bytes Sent By Job
	281287  -  Total Bytes Received By Job
	Partitionable Resources :    Usage  Request Allocated
	   Cpus                 :                 1         1
	   Disk (KB)            :  1000000  2048000   9501106
	   Memory (MB)          :      234     1992      1992
...
