000 (696053.007.000) 07/12 06:44:05 Job submitted from host: <144.92.181.245:9618?addrs=144.92.181.245-9618+[2607-f388-101c-1000--372]-9618&noUDP&sock=6179_dbc8_3>
...
001 (695056.007.000) 07/12 07:42:46 Job executing on host: <128.104.227.50:9618?addrs=128.104.227.50-9618+[2607-f388-101c-1000--629]-9618&noUDP&sock=10316_7f15_3>
...
006 (695056.007.000) 07/12 07:42:54 Image size of job updated: 205072
	106  -  MemoryUsage of job (MB)
	108496  -  ResidentSetSize of job (KB)
...
006 (695056.007.000) 07/12 08:02:54 Image size of job updated: 234660
	230  -  MemoryUsage of job (MB)
	234560  -  ResidentSetSize of job (KB)
...
005 (695056.007.000) 07/12 08:04:02 Job terminated.
	(1) Normal termination (return value 0)
		Usr 0 00:01:42, Sys 0 00:00:04  -  Run Remote Usage
		Usr 0 00:00:00, Sys 0 00:00:00  -  Run Local Usage
		Usr 0 00:01:42, Sys 0 00:00:04  -  Total Remote Usage
		Usr 0 00:00:00, Sys 0 00:00:00  -  Total Local Usage
	356456  -  Run Bytes Sent By Job
	281287  -  Run Bytes Received By Job
	356456  -  Total Bytes Sent By Job
	281287  -  Total Bytes Received By Job
	Partitionable Resources :    Usage  Request Allocated
	   Cpus                 :                 1         1
	   Disk (KB)            :  1000000  2048000   9498760
	   Memory (MB)          :      230     1992      1992
...
001 (696053.007.000) 07/12 08:44:39 Job executing on host: <144.92.180.158:9618?addrs=144.92.180.158-9618+[2607-f388-101c-1000--629]-9618&noUDP&sock=7713_0e10_3>
...
006 (696053.007.000) 07/12 08:44:48 Image size of job updated: 217668
	106  -  MemoryUsage of job (MB)
	108512  -  ResidentSetSize of job (KB)
...
006 (696053.007.000) 07/12 09:01:03 Image size of job updated: 241200
	106  -  MemoryUsage of job (MB)
	108512  -  ResidentSetSize of job (KB)
...
005 (696053.007.000) 07/12 09:01:04 Job terminated.
	(1) Normal termination (return value 0)
		Usr 0 00:01:39, Sys 0 00:00:05  -  Run Remote Usage
		Usr 0 00:00:00, Sys 0 00:00:00  -  Run Local Usage
		Usr 0 00:01:39, Sys 0 00:00:05  -  Total Remote Usage
		Usr 0 00:00:00, Sys 0 00:00:00  -  Total Local Usage
	356456  -  Run Bytes Sent By Job
	281287  -  Run Bytes Received By Job
	356456  -  Total Bytes Sent By Job
	281287  -  Total Bytes Received By Job
	Partitionable Resources :    Usage  Request Allocated
	   Cpus                 :                 1         1
	   Disk (KB)            :  1000000  2048000   7917624
	   Memory (MB)          :      106     1992      1992
...
