000 (696069.000.000) 07/12 06:44:31 Job submitted from host: <144.92.181.245:9618?addrs=144.92.181.245-9618+[2607-f388-101c-1000--372]-9618&noUDP&sock=6179_dbc8_3>
...
001 (695072.000.000) 07/12 07:46:54 Job executing on host: <128.104.227.54:9618?addrs=128.104.227.54-9618+[2607-f388-101c-1000--629]-9618&noUDP&sock=10332_7899_3>
...
006 (695072.000.000) 07/12 07:47:03 Image size of job updated: 156764
	135  -  MemoryUsage of job (MB)
	137444  -  ResidentSetSize of job (KB)
...
006 (695072.000.000) 07/12 07:47:07 Image size of job updated: 156764
	136  -  MemoryUsage of job (MB)
	138268  -  ResidentSetSize of job (KB)
...
005 (695072.000.000) 07/12 07:47:09 Job terminated.
	(1) Normal termination (return value 0)
		Usr 0 00:00:03, Sys 0 00:00:00  -  Run Remote Usage
		Usr 0 00:00:00, Sys 0 00:00:00  -  Run Local Usage
		Usr 0 00:00:03, Sys 0 00:00:00  -  Total Remote Usage
		Usr 0 00:00:00, Sys 0 00:00:00  -  Total Local Usage
	246427  -  Run Bytes Sent By Job
	281287  -  Run Bytes Received By Job
	246427  -  Total Bytes Sent By Job
	281287  -  Total Bytes Received By Job
	Partitionable Resources :    Usage  Request Allocated
	   Cpus                 :                 1         1
	   Disk (KB)            :  1000000  2048000   9500796
	   Memory (MB)          :      136     1992      1992
...
001 (696069.000.000) 07/12 08:52:56 Job executing on host: <128.104.227.56:9618?addrs=128.104.227.56-9618+[2607-f388-101c-1000--629]-9618&noUDP&sock=10339_45c3_3>
...
006 (696069.000.000) 07/12 08:53:05 Image size of job updated: 235996
	124  -  MemoryUsage of job (MB)
	126948  -  ResidentSetSize of job (KB)
...
005 (696069.000.000) 07/12 08:53:16 Job terminated.
	(1) Normal termination (return value 0)
		Usr 0 00:00:03, Sys 0 00:00:00  -  Run Remote Usage
		Usr 0 00:00:00, Sys 0 00:00:00  -  Run Local Usage
		Usr 0 00:00:03, Sys 0 00:00:00  -  Total Remote Usage
		Usr 0 00:00:00, Sys 0 00:00:00  -  Total Local Usage
	246427  -  Run Bytes Sent By Job
	281287  -  Run Bytes Received By Job
	246427  -  Total Bytes Sent By Job
	281287  -  Total Bytes Received By Job
	Partitionable Resources :    Usage  Request Allocated
	   Cpus                 :                 1         1
	   Disk (KB)            :  1000000  2048000   9502013
	   Memory (MB)          :      124     1992      1992
...
