000 (690147.000.000) 07/11 07:32:58 Job submitted from host: <144.92.181.245:9618?addrs=144.92.181.245-9618+[2607-f388-101c-1000--372]-9618&noUDP&sock=6179_dbc8_3>
...
001 (690147.000.000) 07/11 09:49:58 Job executing on host: <144.92.180.134:9618?addrs=144.92.180.134-9618+[2607-f388-101c-1000--629]-9618&noUDP&sock=10094_390f_3>
...
006 (690147.000.000) 07/11 09:50:07 Image size of job updated: 246364
	124  -  MemoryUsage of job (MB)
	126576  -  ResidentSetSize of job (KB)
...
005 (690147.000.000) 07/11 09:57:12 Job terminated.
	(1) Normal termination (return value 0)
		Usr 0 00:01:04, Sys 0 00:00:03  -  Run Remote Usage
		Usr 0 00:00:00, Sys 0 00:00:00  -  Run Local Usage
		Usr 0 00:01:04, Sys 0 00:00:03  -  Total Remote Usage
		Usr 0 00:00:00, Sys 0 00:00:00  -  Total Local Usage
	115133  -  Run Bytes Sent By Job
	302156  -  Run Bytes Received By Job
	115133  -  Total Bytes Sent By Job
	302156  -  Total Bytes Received By Job
	Partitionable Resources :    Usage  Request Allocated
	   Cpus                 :                 1         1
	   Disk (KB)            :  1000000  2048000   7918298
	   Memory (MB)          :      124     1992      1992
...
