000 (1262515.010.000) 07/25 12:33:16 Job submitted from host: <144.92.180.28:9618?addrs=144.92.180.28-9618+[2607-f388-101c-1000--370]-9618&noUDP&sock=5187_6dd5_82>
...
001 (1262515.010.000) 07/25 12:53:14 Job executing on host: <128.104.227.20:9618?addrs=128.104.227.20-9618+[2607-f388-101c-1000--629]-9618&noUDP&sock=10284_8c0e_3>
...
006 (1262515.010.000) 07/25 12:53:24 Image size of job updated: 224692
	106  -  MemoryUsage of job (MB)
	108432  -  ResidentSetSize of job (KB)
...
005 (1262515.010.000) 07/25 12:57:26 Job terminated.
	(1) Normal termination (return value 0)
		Usr 0 00:00:55, Sys 0 00:00:04  -  Run Remote Usage
		Usr 0 00:00:00, Sys 0 00:00:00  -  Run Local Usage
		Usr 0 00:00:55, Sys 0 00:00:04  -  Total Remote Usage
		Usr 0 00:00:00, Sys 0 00:00:00  -  Total Local Usage
	398942  -  Run Bytes Sent By Job
	283691  -  Run Bytes Received By Job
	398942  -  Total Bytes Sent By Job
	283691  -  Total Bytes Received By Job
	Partitionable Resources :    Usage  Request Allocated
	   Cpus                 :                 1         1
	   Disk (KB)            :  1000000  2048000   9498298
	   Memory (MB)          :      106     1992      1992
...
