000 (690096.004.000) 07/11 07:31:43 Job submitted from host: <144.92.181.245:9618?addrs=144.92.181.245-9618+[2607-f388-101c-1000--372]-9618&noUDP&sock=6179_dbc8_3>
...
001 (690096.004.000) 07/11 09:12:17 Job executing on host: <128.104.227.65:9618?addrs=128.104.227.65-9618+[2607-f388-101c-1000--629]-9618&noUDP&sock=10303_945a_3>
...
006 (690096.004.000) 07/11 09:12:26 Image size of job updated: 224748
	106  -  MemoryUsage of job (MB)
	107744  -  ResidentSetSize of job (KB)
...
006 (690096.004.000) 07/11 09:32:27 Image size of job updated: 262360
	226  -  MemoryUsage of job (MB)
	231376  -  ResidentSetSize of job (KB)
...
005 (690096.004.000) 07/11 09:42:35 Job terminated.
	(1) Normal termination (return value 0)
		Usr 0 00:02:39, Sys 0 00:00:08  -  Run Remote Usage
		Usr 0 00:00:00, Sys 0 00:00:00  -  Run Local Usage
		Usr 0 00:02:39, Sys 0 00:00:08  -  Total Remote Usage
		Usr 0 00:00:00, Sys 0 00:00:00  -  Total Local Usage
	257308  -  Run Bytes Sent By Job
	302156  -  Run Bytes Received By Job
	257308  -  Total Bytes Sent By Job
	302156  -  Total Bytes Received By Job
	Partitionable Resources :    Usage  Request Allocated
	   Cpus                 :                 1         1
	   Disk (KB)            :  1000000  2048000   9500924
	   Memory (MB)          :      226     1992      1992
...
