000 (690096.008.000) 07/11 07:31:43 Job submitted from host: <144.92.181.245:9618?addrs=144.92.181.245-9618+[2607-f388-101c-1000--372]-9618&noUDP&sock=6179_dbc8_3>
...
001 (690096.008.000) 07/11 09:12:33 Job executing on host: <144.92.181.85:9618?addrs=144.92.181.85-9618+[2607-f388-101c-1000--629]-9618&noUDP&sock=7058_c787_3>
...
006 (690096.008.000) 07/11 09:12:42 Image size of job updated: 199792
	82  -  MemoryUsage of job (MB)
	83248  -  ResidentSetSize of job (KB)
...
006 (690096.008.000) 07/11 09:32:42 Image size of job updated: 287408
	228  -  MemoryUsage of job (MB)
	232720  -  ResidentSetSize of job (KB)
...
005 (690096.008.000) 07/11 09:37:35 Job terminated.
	(1) Normal termination (return value 0)
		Usr 0 00:06:05, Sys 0 00:00:19  -  Run Remote Usage
		Usr 0 00:00:00, Sys 0 00:00:00  -  Run Local Usage
		Usr 0 00:06:05, Sys 0 00:00:19  -  Total Remote Usage
		Usr 0 00:00:00, Sys 0 00:00:00  -  Total Local Usage
	271269  -  Run Bytes Sent By Job
	302156  -  Run Bytes Received By Job
	271269  -  Total Bytes Sent By Job
	302156  -  Total Bytes Received By Job
	Partitionable Resources :    Usage  Request Allocated
	   Cpus                 :                 1         1
	   Disk (KB)            :  1000000  2048000   4746912
	   Memory (MB)          :      228     1992      1992
...
