000 (691384.004.000) 07/11 11:25:27 Job submitted from host: <144.92.181.245:9618?addrs=144.92.181.245-9618+[2607-f388-101c-1000--372]-9618&noUDP&sock=6179_dbc8_3>
...
001 (691384.004.000) 07/11 11:32:36 Job executing on host: <144.92.180.155:9618?addrs=144.92.180.155-9618+[2607-f388-101c-1000--629]-9618&noUDP&sock=7691_f6fa_3>
...
006 (691384.004.000) 07/11 11:32:45 Image size of job updated: 68420
	31  -  MemoryUsage of job (MB)
	30928  -  ResidentSetSize of job (KB)
...
005 (691384.004.000) 07/11 11:38:13 Job terminated.
	(1) Normal termination (return value 0)
		Usr 0 00:00:49, Sys 0 00:00:02  -  Run Remote Usage
		Usr 0 00:00:00, Sys 0 00:00:00  -  Run Local Usage
		Usr 0 00:00:49, Sys 0 00:00:02  -  Total Remote Usage
		Usr 0 00:00:00, Sys 0 00:00:00  -  Total Local Usage
	308367  -  Run Bytes Sent By Job
	306644  -  Run Bytes Received By Job
	308367  -  Total Bytes Sent By Job
	306644  -  Total Bytes Received By Job
	Partitionable Resources :    Usage  Request Allocated
	   Cpus                 :                 1         1
	   Disk (KB)            :  1000000  2048000   7918829
	   Memory (MB)          :       31     1992      1992
...
