000 (691384.007.000) 07/11 11:25:27 Job submitted from host: <144.92.181.245:9618?addrs=144.92.181.245-9618+[2607-f388-101c-1000--372]-9618&noUDP&sock=6179_dbc8_3>
...
001 (691384.007.000) 07/11 11:33:05 Job executing on host: <144.92.180.31:9618?addrs=144.92.180.31-9618+[2607-f388-101c-1000--629]-9618&noUDP&sock=7707_f07e_3>
...
006 (691384.007.000) 07/11 11:33:14 Image size of job updated: 219616
	106  -  MemoryUsage of job (MB)
	108208  -  ResidentSetSize of job (KB)
...
005 (691384.007.000) 07/11 11:39:34 Job terminated.
	(1) Normal termination (return value 0)
		Usr 0 00:00:47, Sys 0 00:00:02  -  Run Remote Usage
		Usr 0 00:00:00, Sys 0 00:00:00  -  Run Local Usage
		Usr 0 00:00:47, Sys 0 00:00:02  -  Total Remote Usage
		Usr 0 00:00:00, Sys 0 00:00:00  -  Total Local Usage
	307310  -  Run Bytes Sent By Job
	306644  -  Run Bytes Received By Job
	307310  -  Total Bytes Sent By Job
	306644  -  Total Bytes Received By Job
	Partitionable Resources :    Usage  Request Allocated
	   Cpus                 :                 1         1
	   Disk (KB)            :  1000000  2048000   7916405
	   Memory (MB)          :      106     1992      1992
...
