000 (690113.007.000) 07/11 07:32:10 Job submitted from host: <144.92.181.245:9618?addrs=144.92.181.245-9618+[2607-f388-101c-1000--372]-9618&noUDP&sock=6179_dbc8_3>
...
001 (690113.007.000) 07/11 09:28:13 Job executing on host: <144.92.181.68:9618?addrs=144.92.181.68-9618+[2607-f388-101c-1000--629]-9618&noUDP&sock=7256_9748_10>
...
006 (690113.007.000) 07/11 09:28:21 Image size of job updated: 32312
	8  -  MemoryUsage of job (MB)
	7400  -  ResidentSetSize of job (KB)
...
006 (690113.007.000) 07/11 09:48:21 Image size of job updated: 246036
	236  -  MemoryUsage of job (MB)
	241008  -  ResidentSetSize of job (KB)
...
005 (690113.007.000) 07/11 10:03:50 Job terminated.
	(1) Normal termination (return value 0)
		Usr 0 00:08:38, Sys 0 00:00:50  -  Run Remote Usage
		Usr 0 00:00:00, Sys 0 00:00:00  -  Run Local Usage
		Usr 0 00:08:38, Sys 0 00:00:50  -  Total Remote Usage
		Usr 0 00:00:00, Sys 0 00:00:00  -  Total Local Usage
	253475  -  Run Bytes Sent By Job
	302156  -  Run Bytes Received By Job
	253475  -  Total Bytes Sent By Job
	302156  -  Total Bytes Received By Job
	Partitionable Resources :    Usage  Request Allocated
	   Cpus                 :                 1         1
	   Disk (KB)            :  1000000  2048000   4750720
	   Memory (MB)          :      236     1992      1992
...
