file path found: /hdfs/store/user/varuns/Run2018D_Prompt/EGamma/crab_job_EGamma2018Dv2_3/190526_233749/0001/Data_EGamma2018Dv2_3_1191.root
name: Data_EGamma2018Dv2_3_1191.root
filenumber: 0
Adding FullPathInputFile to chain:/hdfs/store/user/varuns/Run2018D_Prompt/EGamma/crab_job_EGamma2018Dv2_3/190526_233749/0001/Data_EGamma2018Dv2_3_1191.root

file path found: /hdfs/store/user/varuns/Run2018D_Prompt/EGamma/crab_job_EGamma2018Dv2_3/190526_233749/0001/Data_EGamma2018Dv2_3_1193.root
name: Data_EGamma2018Dv2_3_1193.root
filenumber: 1
Adding FullPathInputFile to chain:/hdfs/store/user/varuns/Run2018D_Prompt/EGamma/crab_job_EGamma2018Dv2_3/190526_233749/0001/Data_EGamma2018Dv2_3_1193.root

file path found: /hdfs/store/user/varuns/Run2018D_Prompt/EGamma/crab_job_EGamma2018Dv2_3/190526_233749/0001/Data_EGamma2018Dv2_3_1194.root
name: Data_EGamma2018Dv2_3_1194.root
filenumber: 2
Adding FullPathInputFile to chain:/hdfs/store/user/varuns/Run2018D_Prompt/EGamma/crab_job_EGamma2018Dv2_3/190526_233749/0001/Data_EGamma2018Dv2_3_1194.root

file path found: /hdfs/store/user/varuns/Run2018D_Prompt/EGamma/crab_job_EGamma2018Dv2_3/190526_233749/0001/Data_EGamma2018Dv2_3_1195.root
name: Data_EGamma2018Dv2_3_1195.root
filenumber: 3
Adding FullPathInputFile to chain:/hdfs/store/user/varuns/Run2018D_Prompt/EGamma/crab_job_EGamma2018Dv2_3/190526_233749/0001/Data_EGamma2018Dv2_3_1195.root

file path found: /hdfs/store/user/varuns/Run2018D_Prompt/EGamma/crab_job_EGamma2018Dv2_3/190526_233749/0001/Data_EGamma2018Dv2_3_1196.root
name: Data_EGamma2018Dv2_3_1196.root
filenumber: 4
Adding FullPathInputFile to chain:/hdfs/store/user/varuns/Run2018D_Prompt/EGamma/crab_job_EGamma2018Dv2_3/190526_233749/0001/Data_EGamma2018Dv2_3_1196.root

file path found: /hdfs/store/user/varuns/Run2018D_Prompt/EGamma/crab_job_EGamma2018Dv2_3/190526_233749/0001/Data_EGamma2018Dv2_3_1197.root
name: Data_EGamma2018Dv2_3_1197.root
filenumber: 5
Adding FullPathInputFile to chain:/hdfs/store/user/varuns/Run2018D_Prompt/EGamma/crab_job_EGamma2018Dv2_3/190526_233749/0001/Data_EGamma2018Dv2_3_1197.root

file path found: /hdfs/store/user/varuns/Run2018D_Prompt/EGamma/crab_job_EGamma2018Dv2_3/190526_233749/0001/Data_EGamma2018Dv2_3_1198.root
name: Data_EGamma2018Dv2_3_1198.root
filenumber: 6
Adding FullPathInputFile to chain:/hdfs/store/user/varuns/Run2018D_Prompt/EGamma/crab_job_EGamma2018Dv2_3/190526_233749/0001/Data_EGamma2018Dv2_3_1198.root

file path found: /hdfs/store/user/varuns/Run2018D_Prompt/EGamma/crab_job_EGamma2018Dv2_3/190526_233749/0001/Data_EGamma2018Dv2_3_1211.root
name: Data_EGamma2018Dv2_3_1211.root
filenumber: 7
Adding FullPathInputFile to chain:/hdfs/store/user/varuns/Run2018D_Prompt/EGamma/crab_job_EGamma2018Dv2_3/190526_233749/0001/Data_EGamma2018Dv2_3_1211.root

file path found: /hdfs/store/user/varuns/Run2018D_Prompt/EGamma/crab_job_EGamma2018Dv2_3/190526_233749/0001/Data_EGamma2018Dv2_3_1213.root
name: Data_EGamma2018Dv2_3_1213.root
filenumber: 8
Adding FullPathInputFile to chain:/hdfs/store/user/varuns/Run2018D_Prompt/EGamma/crab_job_EGamma2018Dv2_3/190526_233749/0001/Data_EGamma2018Dv2_3_1213.root

file path found: /hdfs/store/user/varuns/Run2018D_Prompt/EGamma/crab_job_EGamma2018Dv2_3/190526_233749/0001/Data_EGamma2018Dv2_3_1221.root
name: Data_EGamma2018Dv2_3_1221.root
filenumber: 9
Adding FullPathInputFile to chain:/hdfs/store/user/varuns/Run2018D_Prompt/EGamma/crab_job_EGamma2018Dv2_3/190526_233749/0001/Data_EGamma2018Dv2_3_1221.root

file path found: /hdfs/store/user/varuns/Run2018D_Prompt/EGamma/crab_job_EGamma2018Dv2_3/190526_233749/0001/Data_EGamma2018Dv2_3_1244.root
name: Data_EGamma2018Dv2_3_1244.root
filenumber: 10
Adding FullPathInputFile to chain:/hdfs/store/user/varuns/Run2018D_Prompt/EGamma/crab_job_EGamma2018Dv2_3/190526_233749/0001/Data_EGamma2018Dv2_3_1244.root

file path found: /hdfs/store/user/varuns/Run2018D_Prompt/EGamma/crab_job_EGamma2018Dv2_3/190526_233749/0001/Data_EGamma2018Dv2_3_1246.root
name: Data_EGamma2018Dv2_3_1246.root
filenumber: 11
Adding FullPathInputFile to chain:/hdfs/store/user/varuns/Run2018D_Prompt/EGamma/crab_job_EGamma2018Dv2_3/190526_233749/0001/Data_EGamma2018Dv2_3_1246.root

file path found: /hdfs/store/user/varuns/Run2018D_Prompt/EGamma/crab_job_EGamma2018Dv2_3/190526_233749/0001/Data_EGamma2018Dv2_3_1248.root
name: Data_EGamma2018Dv2_3_1248.root
filenumber: 12
Adding FullPathInputFile to chain:/hdfs/store/user/varuns/Run2018D_Prompt/EGamma/crab_job_EGamma2018Dv2_3/190526_233749/0001/Data_EGamma2018Dv2_3_1248.root

file path found: /hdfs/store/user/varuns/Run2018D_Prompt/EGamma/crab_job_EGamma2018Dv2_3/190526_233749/0001/Data_EGamma2018Dv2_3_1249.root
name: Data_EGamma2018Dv2_3_1249.root
filenumber: 13
Adding FullPathInputFile to chain:/hdfs/store/user/varuns/Run2018D_Prompt/EGamma/crab_job_EGamma2018Dv2_3/190526_233749/0001/Data_EGamma2018Dv2_3_1249.root

file path found: /hdfs/store/user/varuns/Run2018D_Prompt/EGamma/crab_job_EGamma2018Dv2_3/190526_233749/0001/Data_EGamma2018Dv2_3_1274.root
name: Data_EGamma2018Dv2_3_1274.root
filenumber: 14
Adding FullPathInputFile to chain:/hdfs/store/user/varuns/Run2018D_Prompt/EGamma/crab_job_EGamma2018Dv2_3/190526_233749/0001/Data_EGamma2018Dv2_3_1274.root

file path found: /hdfs/store/user/varuns/Run2018D_Prompt/EGamma/crab_job_EGamma2018Dv2_3/190526_233749/0001/Data_EGamma2018Dv2_3_1281.root
name: Data_EGamma2018Dv2_3_1281.root
filenumber: 15
Adding FullPathInputFile to chain:/hdfs/store/user/varuns/Run2018D_Prompt/EGamma/crab_job_EGamma2018Dv2_3/190526_233749/0001/Data_EGamma2018Dv2_3_1281.root

file path found: /hdfs/store/user/varuns/Run2018D_Prompt/EGamma/crab_job_EGamma2018Dv2_3/190526_233749/0001/Data_EGamma2018Dv2_3_1292.root
name: Data_EGamma2018Dv2_3_1292.root
filenumber: 16
Adding FullPathInputFile to chain:/hdfs/store/user/varuns/Run2018D_Prompt/EGamma/crab_job_EGamma2018Dv2_3/190526_233749/0001/Data_EGamma2018Dv2_3_1292.root

file path found: /hdfs/store/user/varuns/Run2018D_Prompt/EGamma/crab_job_EGamma2018Dv2_3/190526_233749/0001/Data_EGamma2018Dv2_3_1298.root
name: Data_EGamma2018Dv2_3_1298.root
filenumber: 17
Adding FullPathInputFile to chain:/hdfs/store/user/varuns/Run2018D_Prompt/EGamma/crab_job_EGamma2018Dv2_3/190526_233749/0001/Data_EGamma2018Dv2_3_1298.root

file path found: /hdfs/store/user/varuns/Run2018D_Prompt/EGamma/crab_job_EGamma2018Dv2_3/190526_233749/0001/Data_EGamma2018Dv2_3_1300.root
name: Data_EGamma2018Dv2_3_1300.root
filenumber: 18
Adding FullPathInputFile to chain:/hdfs/store/user/varuns/Run2018D_Prompt/EGamma/crab_job_EGamma2018Dv2_3/190526_233749/0001/Data_EGamma2018Dv2_3_1300.root

file path found: /hdfs/store/user/varuns/Run2018D_Prompt/EGamma/crab_job_EGamma2018Dv2_3/190526_233749/0001/Data_EGamma2018Dv2_3_1305.root
name: Data_EGamma2018Dv2_3_1305.root
filenumber: 19
Adding FullPathInputFile to chain:/hdfs/store/user/varuns/Run2018D_Prompt/EGamma/crab_job_EGamma2018Dv2_3/190526_233749/0001/Data_EGamma2018Dv2_3_1305.root

file path found: /hdfs/store/user/varuns/Run2018D_Prompt/EGamma/crab_job_EGamma2018Dv2_3/190526_233749/0001/Data_EGamma2018Dv2_3_1307.root
name: Data_EGamma2018Dv2_3_1307.root
filenumber: 20
Adding FullPathInputFile to chain:/hdfs/store/user/varuns/Run2018D_Prompt/EGamma/crab_job_EGamma2018Dv2_3/190526_233749/0001/Data_EGamma2018Dv2_3_1307.root

file path found: /hdfs/store/user/varuns/Run2018D_Prompt/EGamma/crab_job_EGamma2018Dv2_3/190526_233749/0001/Data_EGamma2018Dv2_3_1309.root
name: Data_EGamma2018Dv2_3_1309.root
filenumber: 21
Adding FullPathInputFile to chain:/hdfs/store/user/varuns/Run2018D_Prompt/EGamma/crab_job_EGamma2018Dv2_3/190526_233749/0001/Data_EGamma2018Dv2_3_1309.root

file path found: /hdfs/store/user/varuns/Run2018D_Prompt/EGamma/crab_job_EGamma2018Dv2_3/190526_233749/0001/Data_EGamma2018Dv2_3_1310.root
name: Data_EGamma2018Dv2_3_1310.root
filenumber: 22
Adding FullPathInputFile to chain:/hdfs/store/user/varuns/Run2018D_Prompt/EGamma/crab_job_EGamma2018Dv2_3/190526_233749/0001/Data_EGamma2018Dv2_3_1310.root

file path found: /hdfs/store/user/varuns/Run2018D_Prompt/EGamma/crab_job_EGamma2018Dv2_3/190526_233749/0001/Data_EGamma2018Dv2_3_1311.root
name: Data_EGamma2018Dv2_3_1311.root
filenumber: 23
Adding FullPathInputFile to chain:/hdfs/store/user/varuns/Run2018D_Prompt/EGamma/crab_job_EGamma2018Dv2_3/190526_233749/0001/Data_EGamma2018Dv2_3_1311.root

file path found: /hdfs/store/user/varuns/Run2018D_Prompt/EGamma/crab_job_EGamma2018Dv2_3/190526_233749/0001/Data_EGamma2018Dv2_3_1312.root
name: Data_EGamma2018Dv2_3_1312.root
filenumber: 24
Adding FullPathInputFile to chain:/hdfs/store/user/varuns/Run2018D_Prompt/EGamma/crab_job_EGamma2018Dv2_3/190526_233749/0001/Data_EGamma2018Dv2_3_1312.root

file path found: /hdfs/store/user/varuns/Run2018D_Prompt/EGamma/crab_job_EGamma2018Dv2_3/190526_233749/0001/Data_EGamma2018Dv2_3_1313.root
name: Data_EGamma2018Dv2_3_1313.root
filenumber: 25
Adding FullPathInputFile to chain:/hdfs/store/user/varuns/Run2018D_Prompt/EGamma/crab_job_EGamma2018Dv2_3/190526_233749/0001/Data_EGamma2018Dv2_3_1313.root

file path found: /hdfs/store/user/varuns/Run2018D_Prompt/EGamma/crab_job_EGamma2018Dv2_3/190526_233749/0001/Data_EGamma2018Dv2_3_1314.root
name: Data_EGamma2018Dv2_3_1314.root
filenumber: 26
Adding FullPathInputFile to chain:/hdfs/store/user/varuns/Run2018D_Prompt/EGamma/crab_job_EGamma2018Dv2_3/190526_233749/0001/Data_EGamma2018Dv2_3_1314.root

file path found: /hdfs/store/user/varuns/Run2018D_Prompt/EGamma/crab_job_EGamma2018Dv2_3/190526_233749/0001/Data_EGamma2018Dv2_3_1315.root
name: Data_EGamma2018Dv2_3_1315.root
filenumber: 27
Adding FullPathInputFile to chain:/hdfs/store/user/varuns/Run2018D_Prompt/EGamma/crab_job_EGamma2018Dv2_3/190526_233749/0001/Data_EGamma2018Dv2_3_1315.root

file path found: /hdfs/store/user/varuns/Run2018D_Prompt/EGamma/crab_job_EGamma2018Dv2_3/190526_233749/0001/Data_EGamma2018Dv2_3_1317.root
name: Data_EGamma2018Dv2_3_1317.root
filenumber: 28
Adding FullPathInputFile to chain:/hdfs/store/user/varuns/Run2018D_Prompt/EGamma/crab_job_EGamma2018Dv2_3/190526_233749/0001/Data_EGamma2018Dv2_3_1317.root

file path found: /hdfs/store/user/varuns/Run2018D_Prompt/EGamma/crab_job_EGamma2018Dv2_3/190526_233749/0001/Data_EGamma2018Dv2_3_1318.root
name: Data_EGamma2018Dv2_3_1318.root
filenumber: 29
Adding FullPathInputFile to chain:/hdfs/store/user/varuns/Run2018D_Prompt/EGamma/crab_job_EGamma2018Dv2_3/190526_233749/0001/Data_EGamma2018Dv2_3_1318.root

file path found: /hdfs/store/user/varuns/Run2018D_Prompt/EGamma/crab_job_EGamma2018Dv2_3/190526_233749/0001/Data_EGamma2018Dv2_3_1319.root
name: Data_EGamma2018Dv2_3_1319.root
filenumber: 30
Adding FullPathInputFile to chain:/hdfs/store/user/varuns/Run2018D_Prompt/EGamma/crab_job_EGamma2018Dv2_3/190526_233749/0001/Data_EGamma2018Dv2_3_1319.root

file path found: /hdfs/store/user/varuns/Run2018D_Prompt/EGamma/crab_job_EGamma2018Dv2_3/190526_233749/0001/Data_EGamma2018Dv2_3_1320.root
name: Data_EGamma2018Dv2_3_1320.root
filenumber: 31
Adding FullPathInputFile to chain:/hdfs/store/user/varuns/Run2018D_Prompt/EGamma/crab_job_EGamma2018Dv2_3/190526_233749/0001/Data_EGamma2018Dv2_3_1320.root

file path found: /hdfs/store/user/varuns/Run2018D_Prompt/EGamma/crab_job_EGamma2018Dv2_3/190526_233749/0001/Data_EGamma2018Dv2_3_1321.root
name: Data_EGamma2018Dv2_3_1321.root
filenumber: 32
Adding FullPathInputFile to chain:/hdfs/store/user/varuns/Run2018D_Prompt/EGamma/crab_job_EGamma2018Dv2_3/190526_233749/0001/Data_EGamma2018Dv2_3_1321.root

file path found: /hdfs/store/user/varuns/Run2018D_Prompt/EGamma/crab_job_EGamma2018Dv2_3/190526_233749/0001/Data_EGamma2018Dv2_3_1322.root
name: Data_EGamma2018Dv2_3_1322.root
filenumber: 33
Adding FullPathInputFile to chain:/hdfs/store/user/varuns/Run2018D_Prompt/EGamma/crab_job_EGamma2018Dv2_3/190526_233749/0001/Data_EGamma2018Dv2_3_1322.root

file path found: /hdfs/store/user/varuns/Run2018D_Prompt/EGamma/crab_job_EGamma2018Dv2_3/190526_233749/0001/Data_EGamma2018Dv2_3_1323.root
name: Data_EGamma2018Dv2_3_1323.root
filenumber: 34
Adding FullPathInputFile to chain:/hdfs/store/user/varuns/Run2018D_Prompt/EGamma/crab_job_EGamma2018Dv2_3/190526_233749/0001/Data_EGamma2018Dv2_3_1323.root

file path found: /hdfs/store/user/varuns/Run2018D_Prompt/EGamma/crab_job_EGamma2018Dv2_3/190526_233749/0001/Data_EGamma2018Dv2_3_1324.root
name: Data_EGamma2018Dv2_3_1324.root
filenumber: 35
Adding FullPathInputFile to chain:/hdfs/store/user/varuns/Run2018D_Prompt/EGamma/crab_job_EGamma2018Dv2_3/190526_233749/0001/Data_EGamma2018Dv2_3_1324.root

file path found: /hdfs/store/user/varuns/Run2018D_Prompt/EGamma/crab_job_EGamma2018Dv2_3/190526_233749/0001/Data_EGamma2018Dv2_3_1325.root
name: Data_EGamma2018Dv2_3_1325.root
filenumber: 36
Adding FullPathInputFile to chain:/hdfs/store/user/varuns/Run2018D_Prompt/EGamma/crab_job_EGamma2018Dv2_3/190526_233749/0001/Data_EGamma2018Dv2_3_1325.root

file path found: /hdfs/store/user/varuns/Run2018D_Prompt/EGamma/crab_job_EGamma2018Dv2_3/190526_233749/0001/Data_EGamma2018Dv2_3_1326.root
name: Data_EGamma2018Dv2_3_1326.root
filenumber: 37
Adding FullPathInputFile to chain:/hdfs/store/user/varuns/Run2018D_Prompt/EGamma/crab_job_EGamma2018Dv2_3/190526_233749/0001/Data_EGamma2018Dv2_3_1326.root

file path found: /hdfs/store/user/varuns/Run2018D_Prompt/EGamma/crab_job_EGamma2018Dv2_3/190526_233749/0001/Data_EGamma2018Dv2_3_1327.root
name: Data_EGamma2018Dv2_3_1327.root
filenumber: 38
Adding FullPathInputFile to chain:/hdfs/store/user/varuns/Run2018D_Prompt/EGamma/crab_job_EGamma2018Dv2_3/190526_233749/0001/Data_EGamma2018Dv2_3_1327.root

file path found: /hdfs/store/user/varuns/Run2018D_Prompt/EGamma/crab_job_EGamma2018Dv2_3/190526_233749/0001/Data_EGamma2018Dv2_3_1328.root
name: Data_EGamma2018Dv2_3_1328.root
filenumber: 39
Adding FullPathInputFile to chain:/hdfs/store/user/varuns/Run2018D_Prompt/EGamma/crab_job_EGamma2018Dv2_3/190526_233749/0001/Data_EGamma2018Dv2_3_1328.root

file path found: /hdfs/store/user/varuns/Run2018D_Prompt/EGamma/crab_job_EGamma2018Dv2_3/190526_233749/0001/Data_EGamma2018Dv2_3_1329.root
name: Data_EGamma2018Dv2_3_1329.root
filenumber: 40
Adding FullPathInputFile to chain:/hdfs/store/user/varuns/Run2018D_Prompt/EGamma/crab_job_EGamma2018Dv2_3/190526_233749/0001/Data_EGamma2018Dv2_3_1329.root

file path found: /hdfs/store/user/varuns/Run2018D_Prompt/EGamma/crab_job_EGamma2018Dv2_3/190526_233749/0001/Data_EGamma2018Dv2_3_1330.root
name: Data_EGamma2018Dv2_3_1330.root
filenumber: 41
Adding FullPathInputFile to chain:/hdfs/store/user/varuns/Run2018D_Prompt/EGamma/crab_job_EGamma2018Dv2_3/190526_233749/0001/Data_EGamma2018Dv2_3_1330.root

file path found: /hdfs/store/user/varuns/Run2018D_Prompt/EGamma/crab_job_EGamma2018Dv2_3/190526_233749/0001/Data_EGamma2018Dv2_3_1331.root
name: Data_EGamma2018Dv2_3_1331.root
filenumber: 42
Adding FullPathInputFile to chain:/hdfs/store/user/varuns/Run2018D_Prompt/EGamma/crab_job_EGamma2018Dv2_3/190526_233749/0001/Data_EGamma2018Dv2_3_1331.root

file path found: /hdfs/store/user/varuns/Run2018D_Prompt/EGamma/crab_job_EGamma2018Dv2_3/190526_233749/0001/Data_EGamma2018Dv2_3_1332.root
name: Data_EGamma2018Dv2_3_1332.root
filenumber: 43
Adding FullPathInputFile to chain:/hdfs/store/user/varuns/Run2018D_Prompt/EGamma/crab_job_EGamma2018Dv2_3/190526_233749/0001/Data_EGamma2018Dv2_3_1332.root

file path found: /hdfs/store/user/varuns/Run2018D_Prompt/EGamma/crab_job_EGamma2018Dv2_3/190526_233749/0001/Data_EGamma2018Dv2_3_1333.root
name: Data_EGamma2018Dv2_3_1333.root
filenumber: 44
Adding FullPathInputFile to chain:/hdfs/store/user/varuns/Run2018D_Prompt/EGamma/crab_job_EGamma2018Dv2_3/190526_233749/0001/Data_EGamma2018Dv2_3_1333.root

file path found: /hdfs/store/user/varuns/Run2018D_Prompt/EGamma/crab_job_EGamma2018Dv2_3/190526_233749/0001/Data_EGamma2018Dv2_3_1334.root
name: Data_EGamma2018Dv2_3_1334.root
filenumber: 45
Adding FullPathInputFile to chain:/hdfs/store/user/varuns/Run2018D_Prompt/EGamma/crab_job_EGamma2018Dv2_3/190526_233749/0001/Data_EGamma2018Dv2_3_1334.root

file path found: /hdfs/store/user/varuns/Run2018D_Prompt/EGamma/crab_job_EGamma2018Dv2_3/190526_233749/0001/Data_EGamma2018Dv2_3_1336.root
name: Data_EGamma2018Dv2_3_1336.root
filenumber: 46
Adding FullPathInputFile to chain:/hdfs/store/user/varuns/Run2018D_Prompt/EGamma/crab_job_EGamma2018Dv2_3/190526_233749/0001/Data_EGamma2018Dv2_3_1336.root

file path found: /hdfs/store/user/varuns/Run2018D_Prompt/EGamma/crab_job_EGamma2018Dv2_3/190526_233749/0001/Data_EGamma2018Dv2_3_1338.root
name: Data_EGamma2018Dv2_3_1338.root
filenumber: 47
Adding FullPathInputFile to chain:/hdfs/store/user/varuns/Run2018D_Prompt/EGamma/crab_job_EGamma2018Dv2_3/190526_233749/0001/Data_EGamma2018Dv2_3_1338.root

file path found: /hdfs/store/user/varuns/Run2018D_Prompt/EGamma/crab_job_EGamma2018Dv2_3/190526_233749/0001/Data_EGamma2018Dv2_3_1340.root
name: Data_EGamma2018Dv2_3_1340.root
filenumber: 48
Adding FullPathInputFile to chain:/hdfs/store/user/varuns/Run2018D_Prompt/EGamma/crab_job_EGamma2018Dv2_3/190526_233749/0001/Data_EGamma2018Dv2_3_1340.root

file path found: /hdfs/store/user/varuns/Run2018D_Prompt/EGamma/crab_job_EGamma2018Dv2_3/190526_233749/0001/Data_EGamma2018Dv2_3_1341.root
name: Data_EGamma2018Dv2_3_1341.root
filenumber: 49
Adding FullPathInputFile to chain:/hdfs/store/user/varuns/Run2018D_Prompt/EGamma/crab_job_EGamma2018Dv2_3/190526_233749/0001/Data_EGamma2018Dv2_3_1341.root

file path found: /hdfs/store/user/varuns/Run2018D_Prompt/EGamma/crab_job_EGamma2018Dv2_3/190526_233749/0001/Data_EGamma2018Dv2_3_1343.root
name: Data_EGamma2018Dv2_3_1343.root
filenumber: 50
Adding FullPathInputFile to chain:/hdfs/store/user/varuns/Run2018D_Prompt/EGamma/crab_job_EGamma2018Dv2_3/190526_233749/0001/Data_EGamma2018Dv2_3_1343.root

file path found: /hdfs/store/user/varuns/Run2018D_Prompt/EGamma/crab_job_EGamma2018Dv2_3/190526_233749/0001/Data_EGamma2018Dv2_3_1344.root
name: Data_EGamma2018Dv2_3_1344.root
filenumber: 51
Adding FullPathInputFile to chain:/hdfs/store/user/varuns/Run2018D_Prompt/EGamma/crab_job_EGamma2018Dv2_3/190526_233749/0001/Data_EGamma2018Dv2_3_1344.root

file path found: /hdfs/store/user/varuns/Run2018D_Prompt/EGamma/crab_job_EGamma2018Dv2_3/190526_233749/0001/Data_EGamma2018Dv2_3_1345.root
name: Data_EGamma2018Dv2_3_1345.root
filenumber: 52
Adding FullPathInputFile to chain:/hdfs/store/user/varuns/Run2018D_Prompt/EGamma/crab_job_EGamma2018Dv2_3/190526_233749/0001/Data_EGamma2018Dv2_3_1345.root

file path found: /hdfs/store/user/varuns/Run2018D_Prompt/EGamma/crab_job_EGamma2018Dv2_3/190526_233749/0001/Data_EGamma2018Dv2_3_1346.root
name: Data_EGamma2018Dv2_3_1346.root
filenumber: 53
Adding FullPathInputFile to chain:/hdfs/store/user/varuns/Run2018D_Prompt/EGamma/crab_job_EGamma2018Dv2_3/190526_233749/0001/Data_EGamma2018Dv2_3_1346.root

file path found: /hdfs/store/user/varuns/Run2018D_Prompt/EGamma/crab_job_EGamma2018Dv2_3/190526_233749/0001/Data_EGamma2018Dv2_3_1347.root
name: Data_EGamma2018Dv2_3_1347.root
filenumber: 54
Adding FullPathInputFile to chain:/hdfs/store/user/varuns/Run2018D_Prompt/EGamma/crab_job_EGamma2018Dv2_3/190526_233749/0001/Data_EGamma2018Dv2_3_1347.root

file path found: /hdfs/store/user/varuns/Run2018D_Prompt/EGamma/crab_job_EGamma2018Dv2_3/190526_233749/0001/Data_EGamma2018Dv2_3_1348.root
name: Data_EGamma2018Dv2_3_1348.root
filenumber: 55
Adding FullPathInputFile to chain:/hdfs/store/user/varuns/Run2018D_Prompt/EGamma/crab_job_EGamma2018Dv2_3/190526_233749/0001/Data_EGamma2018Dv2_3_1348.root

file path found: /hdfs/store/user/varuns/Run2018D_Prompt/EGamma/crab_job_EGamma2018Dv2_3/190526_233749/0001/Data_EGamma2018Dv2_3_1349.root
name: Data_EGamma2018Dv2_3_1349.root
filenumber: 56
Adding FullPathInputFile to chain:/hdfs/store/user/varuns/Run2018D_Prompt/EGamma/crab_job_EGamma2018Dv2_3/190526_233749/0001/Data_EGamma2018Dv2_3_1349.root

file path found: /hdfs/store/user/varuns/Run2018D_Prompt/EGamma/crab_job_EGamma2018Dv2_3/190526_233749/0001/Data_EGamma2018Dv2_3_1350.root
name: Data_EGamma2018Dv2_3_1350.root
filenumber: 57
Adding FullPathInputFile to chain:/hdfs/store/user/varuns/Run2018D_Prompt/EGamma/crab_job_EGamma2018Dv2_3/190526_233749/0001/Data_EGamma2018Dv2_3_1350.root

file path found: /hdfs/store/user/varuns/Run2018D_Prompt/EGamma/crab_job_EGamma2018Dv2_3/190526_233749/0001/Data_EGamma2018Dv2_3_1351.root
name: Data_EGamma2018Dv2_3_1351.root
filenumber: 58
Adding FullPathInputFile to chain:/hdfs/store/user/varuns/Run2018D_Prompt/EGamma/crab_job_EGamma2018Dv2_3/190526_233749/0001/Data_EGamma2018Dv2_3_1351.root

file path found: /hdfs/store/user/varuns/Run2018D_Prompt/EGamma/crab_job_EGamma2018Dv2_3/190526_233749/0001/Data_EGamma2018Dv2_3_1352.root
name: Data_EGamma2018Dv2_3_1352.root
filenumber: 59
Adding FullPathInputFile to chain:/hdfs/store/user/varuns/Run2018D_Prompt/EGamma/crab_job_EGamma2018Dv2_3/190526_233749/0001/Data_EGamma2018Dv2_3_1352.root

file path found: /hdfs/store/user/varuns/Run2018D_Prompt/EGamma/crab_job_EGamma2018Dv2_3/190526_233749/0001/Data_EGamma2018Dv2_3_1353.root
name: Data_EGamma2018Dv2_3_1353.root
filenumber: 60
Adding FullPathInputFile to chain:/hdfs/store/user/varuns/Run2018D_Prompt/EGamma/crab_job_EGamma2018Dv2_3/190526_233749/0001/Data_EGamma2018Dv2_3_1353.root

file path found: /hdfs/store/user/varuns/Run2018D_Prompt/EGamma/crab_job_EGamma2018Dv2_3/190526_233749/0001/Data_EGamma2018Dv2_3_1354.root
name: Data_EGamma2018Dv2_3_1354.root
filenumber: 61
Adding FullPathInputFile to chain:/hdfs/store/user/varuns/Run2018D_Prompt/EGamma/crab_job_EGamma2018Dv2_3/190526_233749/0001/Data_EGamma2018Dv2_3_1354.root

file path found: /hdfs/store/user/varuns/Run2018D_Prompt/EGamma/crab_job_EGamma2018Dv2_3/190526_233749/0001/Data_EGamma2018Dv2_3_1355.root
name: Data_EGamma2018Dv2_3_1355.root
filenumber: 62
Adding FullPathInputFile to chain:/hdfs/store/user/varuns/Run2018D_Prompt/EGamma/crab_job_EGamma2018Dv2_3/190526_233749/0001/Data_EGamma2018Dv2_3_1355.root

file path found: /hdfs/store/user/varuns/Run2018D_Prompt/EGamma/crab_job_EGamma2018Dv2_3/190526_233749/0001/Data_EGamma2018Dv2_3_1356.root
name: Data_EGamma2018Dv2_3_1356.root
filenumber: 63
Adding FullPathInputFile to chain:/hdfs/store/user/varuns/Run2018D_Prompt/EGamma/crab_job_EGamma2018Dv2_3/190526_233749/0001/Data_EGamma2018Dv2_3_1356.root

file path found: /hdfs/store/user/varuns/Run2018D_Prompt/EGamma/crab_job_EGamma2018Dv2_3/190526_233749/0001/Data_EGamma2018Dv2_3_1357.root
name: Data_EGamma2018Dv2_3_1357.root
filenumber: 64
Adding FullPathInputFile to chain:/hdfs/store/user/varuns/Run2018D_Prompt/EGamma/crab_job_EGamma2018Dv2_3/190526_233749/0001/Data_EGamma2018Dv2_3_1357.root

file path found: /hdfs/store/user/varuns/Run2018D_Prompt/EGamma/crab_job_EGamma2018Dv2_3/190526_233749/0001/Data_EGamma2018Dv2_3_1358.root
name: Data_EGamma2018Dv2_3_1358.root
filenumber: 65
Adding FullPathInputFile to chain:/hdfs/store/user/varuns/Run2018D_Prompt/EGamma/crab_job_EGamma2018Dv2_3/190526_233749/0001/Data_EGamma2018Dv2_3_1358.root

file path found: /hdfs/store/user/varuns/Run2018D_Prompt/EGamma/crab_job_EGamma2018Dv2_3/190526_233749/0001/Data_EGamma2018Dv2_3_1359.root
name: Data_EGamma2018Dv2_3_1359.root
filenumber: 66
Adding FullPathInputFile to chain:/hdfs/store/user/varuns/Run2018D_Prompt/EGamma/crab_job_EGamma2018Dv2_3/190526_233749/0001/Data_EGamma2018Dv2_3_1359.root

file path found: /hdfs/store/user/varuns/Run2018D_Prompt/EGamma/crab_job_EGamma2018Dv2_3/190526_233749/0001/Data_EGamma2018Dv2_3_1360.root
name: Data_EGamma2018Dv2_3_1360.root
filenumber: 67
Adding FullPathInputFile to chain:/hdfs/store/user/varuns/Run2018D_Prompt/EGamma/crab_job_EGamma2018Dv2_3/190526_233749/0001/Data_EGamma2018Dv2_3_1360.root

file path found: /hdfs/store/user/varuns/Run2018D_Prompt/EGamma/crab_job_EGamma2018Dv2_3/190526_233749/0001/Data_EGamma2018Dv2_3_1361.root
name: Data_EGamma2018Dv2_3_1361.root
filenumber: 68
Adding FullPathInputFile to chain:/hdfs/store/user/varuns/Run2018D_Prompt/EGamma/crab_job_EGamma2018Dv2_3/190526_233749/0001/Data_EGamma2018Dv2_3_1361.root

file path found: /hdfs/store/user/varuns/Run2018D_Prompt/EGamma/crab_job_EGamma2018Dv2_3/190526_233749/0001/Data_EGamma2018Dv2_3_1362.root
name: Data_EGamma2018Dv2_3_1362.root
filenumber: 69
Adding FullPathInputFile to chain:/hdfs/store/user/varuns/Run2018D_Prompt/EGamma/crab_job_EGamma2018Dv2_3/190526_233749/0001/Data_EGamma2018Dv2_3_1362.root

file path found: /hdfs/store/user/varuns/Run2018D_Prompt/EGamma/crab_job_EGamma2018Dv2_3/190526_233749/0001/Data_EGamma2018Dv2_3_1363.root
name: Data_EGamma2018Dv2_3_1363.root
filenumber: 70
Adding FullPathInputFile to chain:/hdfs/store/user/varuns/Run2018D_Prompt/EGamma/crab_job_EGamma2018Dv2_3/190526_233749/0001/Data_EGamma2018Dv2_3_1363.root

file path found: /hdfs/store/user/varuns/Run2018D_Prompt/EGamma/crab_job_EGamma2018Dv2_3/190526_233749/0001/Data_EGamma2018Dv2_3_1364.root
name: Data_EGamma2018Dv2_3_1364.root
filenumber: 71
Adding FullPathInputFile to chain:/hdfs/store/user/varuns/Run2018D_Prompt/EGamma/crab_job_EGamma2018Dv2_3/190526_233749/0001/Data_EGamma2018Dv2_3_1364.root

file path found: /hdfs/store/user/varuns/Run2018D_Prompt/EGamma/crab_job_EGamma2018Dv2_3/190526_233749/0001/Data_EGamma2018Dv2_3_1365.root
name: Data_EGamma2018Dv2_3_1365.root
filenumber: 72
Adding FullPathInputFile to chain:/hdfs/store/user/varuns/Run2018D_Prompt/EGamma/crab_job_EGamma2018Dv2_3/190526_233749/0001/Data_EGamma2018Dv2_3_1365.root

file path found: /hdfs/store/user/varuns/Run2018D_Prompt/EGamma/crab_job_EGamma2018Dv2_3/190526_233749/0001/Data_EGamma2018Dv2_3_1366.root
name: Data_EGamma2018Dv2_3_1366.root
filenumber: 73
Adding FullPathInputFile to chain:/hdfs/store/user/varuns/Run2018D_Prompt/EGamma/crab_job_EGamma2018Dv2_3/190526_233749/0001/Data_EGamma2018Dv2_3_1366.root

file path found: /hdfs/store/user/varuns/Run2018D_Prompt/EGamma/crab_job_EGamma2018Dv2_3/190526_233749/0001/Data_EGamma2018Dv2_3_1367.root
name: Data_EGamma2018Dv2_3_1367.root
filenumber: 74
Adding FullPathInputFile to chain:/hdfs/store/user/varuns/Run2018D_Prompt/EGamma/crab_job_EGamma2018Dv2_3/190526_233749/0001/Data_EGamma2018Dv2_3_1367.root

file path found: /hdfs/store/user/varuns/Run2018D_Prompt/EGamma/crab_job_EGamma2018Dv2_3/190526_233749/0001/Data_EGamma2018Dv2_3_1368.root
name: Data_EGamma2018Dv2_3_1368.root
filenumber: 75
Adding FullPathInputFile to chain:/hdfs/store/user/varuns/Run2018D_Prompt/EGamma/crab_job_EGamma2018Dv2_3/190526_233749/0001/Data_EGamma2018Dv2_3_1368.root

file path found: /hdfs/store/user/varuns/Run2018D_Prompt/EGamma/crab_job_EGamma2018Dv2_3/190526_233749/0001/Data_EGamma2018Dv2_3_1369.root
name: Data_EGamma2018Dv2_3_1369.root
filenumber: 76
Adding FullPathInputFile to chain:/hdfs/store/user/varuns/Run2018D_Prompt/EGamma/crab_job_EGamma2018Dv2_3/190526_233749/0001/Data_EGamma2018Dv2_3_1369.root

file path found: /hdfs/store/user/varuns/Run2018D_Prompt/EGamma/crab_job_EGamma2018Dv2_3/190526_233749/0001/Data_EGamma2018Dv2_3_1370.root
name: Data_EGamma2018Dv2_3_1370.root
filenumber: 77
Adding FullPathInputFile to chain:/hdfs/store/user/varuns/Run2018D_Prompt/EGamma/crab_job_EGamma2018Dv2_3/190526_233749/0001/Data_EGamma2018Dv2_3_1370.root

file path found: /hdfs/store/user/varuns/Run2018D_Prompt/EGamma/crab_job_EGamma2018Dv2_3/190526_233749/0001/Data_EGamma2018Dv2_3_1371.root
name: Data_EGamma2018Dv2_3_1371.root
filenumber: 78
file path found: /hdfs/store/user/varuns/Run2018D_Prompt/EGamma/crab_job_EGamma2018Dv2_3/190526_233749/0001/Data_EGamma2018Dv2_3_1372.root
name: Data_EGamma2018Dv2_3_1372.root
filenumber: 79
file path found: /hdfs/store/user/varuns/Run2018D_Prompt/EGamma/crab_job_EGamma2018Dv2_3/190526_233749/0001/Data_EGamma2018Dv2_3_1373.root
name: Data_EGamma2018Dv2_3_1373.root
filenumber: 80
file path found: /hdfs/store/user/varuns/Run2018D_Prompt/EGamma/crab_job_EGamma2018Dv2_3/190526_233749/0001/Data_EGamma2018Dv2_3_1374.root
name: Data_EGamma2018Dv2_3_1374.root
filenumber: 81
file path found: /hdfs/store/user/varuns/Run2018D_Prompt/EGamma/crab_job_EGamma2018Dv2_3/190526_233749/0001/Data_EGamma2018Dv2_3_1375.root
name: Data_EGamma2018Dv2_3_1375.root
filenumber: 82
file path found: /hdfs/store/user/varuns/Run2018D_Prompt/EGamma/crab_job_EGamma2018Dv2_3/190526_233749/0001/Data_EGamma2018Dv2_3_1376.root
name: Data_EGamma2018Dv2_3_1376.root
filenumber: 83
file path found: /hdfs/store/user/varuns/Run2018D_Prompt/EGamma/crab_job_EGamma2018Dv2_3/190526_233749/0001/Data_EGamma2018Dv2_3_1377.root
name: Data_EGamma2018Dv2_3_1377.root
filenumber: 84
file path found: /hdfs/store/user/varuns/Run2018D_Prompt/EGamma/crab_job_EGamma2018Dv2_3/190526_233749/0001/Data_EGamma2018Dv2_3_1378.root
name: Data_EGamma2018Dv2_3_1378.root
filenumber: 85
file path found: /hdfs/store/user/varuns/Run2018D_Prompt/EGamma/crab_job_EGamma2018Dv2_3/190526_233749/0001/Data_EGamma2018Dv2_3_1379.root
name: Data_EGamma2018Dv2_3_1379.root
filenumber: 86
file path found: /hdfs/store/user/varuns/Run2018D_Prompt/EGamma/crab_job_EGamma2018Dv2_3/190526_233749/0001/Data_EGamma2018Dv2_3_1380.root
name: Data_EGamma2018Dv2_3_1380.root
filenumber: 87
file path found: /hdfs/store/user/varuns/Run2018D_Prompt/EGamma/crab_job_EGamma2018Dv2_3/190526_233749/0001/Data_EGamma2018Dv2_3_1381.root
name: Data_EGamma2018Dv2_3_1381.root
filenumber: 88
file path found: /hdfs/store/user/varuns/Run2018D_Prompt/EGamma/crab_job_EGamma2018Dv2_3/190526_233749/0001/Data_EGamma2018Dv2_3_1382.root
name: Data_EGamma2018Dv2_3_1382.root
filenumber: 89
file path found: /hdfs/store/user/varuns/Run2018D_Prompt/EGamma/crab_job_EGamma2018Dv2_3/190526_233749/0001/Data_EGamma2018Dv2_3_1383.root
name: Data_EGamma2018Dv2_3_1383.root
filenumber: 90
file path found: /hdfs/store/user/varuns/Run2018D_Prompt/EGamma/crab_job_EGamma2018Dv2_3/190526_233749/0001/Data_EGamma2018Dv2_3_1384.root
name: Data_EGamma2018Dv2_3_1384.root
filenumber: 91
file path found: /hdfs/store/user/varuns/Run2018D_Prompt/EGamma/crab_job_EGamma2018Dv2_3/190526_233749/0001/Data_EGamma2018Dv2_3_1385.root
name: Data_EGamma2018Dv2_3_1385.root
filenumber: 92
file path found: /hdfs/store/user/varuns/Run2018D_Prompt/EGamma/crab_job_EGamma2018Dv2_3/190526_233749/0001/Data_EGamma2018Dv2_3_1386.root
name: Data_EGamma2018Dv2_3_1386.root
filenumber: 93
file path found: /hdfs/store/user/varuns/Run2018D_Prompt/EGamma/crab_job_EGamma2018Dv2_3/190526_233749/0001/Data_EGamma2018Dv2_3_1387.root
name: Data_EGamma2018Dv2_3_1387.root
filenumber: 94
file path found: /hdfs/store/user/varuns/Run2018D_Prompt/EGamma/crab_job_EGamma2018Dv2_3/190526_233749/0001/Data_EGamma2018Dv2_3_1388.root
name: Data_EGamma2018Dv2_3_1388.root
filenumber: 95
file path found: /hdfs/store/user/varuns/Run2018D_Prompt/EGamma/crab_job_EGamma2018Dv2_3/190526_233749/0001/Data_EGamma2018Dv2_3_1389.root
name: Data_EGamma2018Dv2_3_1389.root
filenumber: 96
file path found: /hdfs/store/user/varuns/Run2018D_Prompt/EGamma/crab_job_EGamma2018Dv2_3/190526_233749/0001/Data_EGamma2018Dv2_3_1390.root
name: Data_EGamma2018Dv2_3_1390.root
filenumber: 97
file path found: /hdfs/store/user/varuns/Run2018D_Prompt/EGamma/crab_job_EGamma2018Dv2_3/190526_233749/0001/Data_EGamma2018Dv2_3_1391.root
name: Data_EGamma2018Dv2_3_1391.root
filenumber: 98
file path found: /hdfs/store/user/varuns/Run2018D_Prompt/EGamma/crab_job_EGamma2018Dv2_3/190526_233749/0001/Data_EGamma2018Dv2_3_1472.root
name: Data_EGamma2018Dv2_3_1472.root
filenumber: 99
file path found: /hdfs/store/user/varuns/Run2018D_Prompt/EGamma/crab_job_EGamma2018Dv2_3/190526_233749/0001/Data_EGamma2018Dv2_3_1475.root
name: Data_EGamma2018Dv2_3_1475.root
filenumber: 100
file path found: /hdfs/store/user/varuns/Run2018D_Prompt/EGamma/crab_job_EGamma2018Dv2_3/190526_233749/0001/Data_EGamma2018Dv2_3_1527.root
name: Data_EGamma2018Dv2_3_1527.root
filenumber: 101
file path found: /hdfs/store/user/varuns/Run2018D_Prompt/EGamma/crab_job_EGamma2018Dv2_3/190526_233749/0001/Data_EGamma2018Dv2_3_1528.root
name: Data_EGamma2018Dv2_3_1528.root
filenumber: 102
file path found: /hdfs/store/user/varuns/Run2018D_Prompt/EGamma/crab_job_EGamma2018Dv2_3/190526_233749/0001/Data_EGamma2018Dv2_3_1546.root
name: Data_EGamma2018Dv2_3_1546.root
filenumber: 103
file path found: /hdfs/store/user/varuns/Run2018D_Prompt/EGamma/crab_job_EGamma2018Dv2_3/190526_233749/0001/Data_EGamma2018Dv2_3_1553.root
name: Data_EGamma2018Dv2_3_1553.root
filenumber: 104
file path found: /hdfs/store/user/varuns/Run2018D_Prompt/EGamma/crab_job_EGamma2018Dv2_3/190526_233749/0001/Data_EGamma2018Dv2_3_1557.root
name: Data_EGamma2018Dv2_3_1557.root
filenumber: 105
file path found: /hdfs/store/user/varuns/Run2018D_Prompt/EGamma/crab_job_EGamma2018Dv2_3/190526_233749/0001/Data_EGamma2018Dv2_3_1560.root
name: Data_EGamma2018Dv2_3_1560.root
filenumber: 106
file path found: /hdfs/store/user/varuns/Run2018D_Prompt/EGamma/crab_job_EGamma2018Dv2_3/190526_233749/0001/Data_EGamma2018Dv2_3_1561.root
name: Data_EGamma2018Dv2_3_1561.root
filenumber: 107
file path found: /hdfs/store/user/varuns/Run2018D_Prompt/EGamma/crab_job_EGamma2018Dv2_3/190526_233749/0001/Data_EGamma2018Dv2_3_1562.root
name: Data_EGamma2018Dv2_3_1562.root
filenumber: 108
file path found: /hdfs/store/user/varuns/Run2018D_Prompt/EGamma/crab_job_EGamma2018Dv2_3/190526_233749/0001/Data_EGamma2018Dv2_3_1563.root
name: Data_EGamma2018Dv2_3_1563.root
filenumber: 109
file path found: /hdfs/store/user/varuns/Run2018D_Prompt/EGamma/crab_job_EGamma2018Dv2_3/190526_233749/0001/Data_EGamma2018Dv2_3_1567.root
name: Data_EGamma2018Dv2_3_1567.root
filenumber: 110
file path found: /hdfs/store/user/varuns/Run2018D_Prompt/EGamma/crab_job_EGamma2018Dv2_3/190526_233749/0001/Data_EGamma2018Dv2_3_1569.root
name: Data_EGamma2018Dv2_3_1569.root
filenumber: 111
file path found: /hdfs/store/user/varuns/Run2018D_Prompt/EGamma/crab_job_EGamma2018Dv2_3/190526_233749/0001/Data_EGamma2018Dv2_3_1570.root
name: Data_EGamma2018Dv2_3_1570.root
filenumber: 112
file path found: /hdfs/store/user/varuns/Run2018D_Prompt/EGamma/crab_job_EGamma2018Dv2_3/190526_233749/0001/Data_EGamma2018Dv2_3_1571.root
name: Data_EGamma2018Dv2_3_1571.root
filenumber: 113
file path found: /hdfs/store/user/varuns/Run2018D_Prompt/EGamma/crab_job_EGamma2018Dv2_3/190526_233749/0001/Data_EGamma2018Dv2_3_1572.root
name: Data_EGamma2018Dv2_3_1572.root
filenumber: 114
file path found: /hdfs/store/user/varuns/Run2018D_Prompt/EGamma/crab_job_EGamma2018Dv2_3/190526_233749/0001/Data_EGamma2018Dv2_3_1573.root
name: Data_EGamma2018Dv2_3_1573.root
filenumber: 115
file path found: /hdfs/store/user/varuns/Run2018D_Prompt/EGamma/crab_job_EGamma2018Dv2_3/190526_233749/0001/Data_EGamma2018Dv2_3_1574.root
name: Data_EGamma2018Dv2_3_1574.root
filenumber: 116
file path found: /hdfs/store/user/varuns/Run2018D_Prompt/EGamma/crab_job_EGamma2018Dv2_3/190526_233749/0001/Data_EGamma2018Dv2_3_1575.root
name: Data_EGamma2018Dv2_3_1575.root
filenumber: 117
file path found: /hdfs/store/user/varuns/Run2018D_Prompt/EGamma/crab_job_EGamma2018Dv2_3/190526_233749/0001/Data_EGamma2018Dv2_3_1579.root
name: Data_EGamma2018Dv2_3_1579.root
filenumber: 118
file path found: /hdfs/store/user/varuns/Run2018D_Prompt/EGamma/crab_job_EGamma2018Dv2_3/190526_233749/0001/Data_EGamma2018Dv2_3_1581.root
name: Data_EGamma2018Dv2_3_1581.root
filenumber: 119
file path found: /hdfs/store/user/varuns/Run2018D_Prompt/EGamma/crab_job_EGamma2018Dv2_3/190526_233749/0001/Data_EGamma2018Dv2_3_1582.root
name: Data_EGamma2018Dv2_3_1582.root
filenumber: 120
file path found: /hdfs/store/user/varuns/Run2018D_Prompt/EGamma/crab_job_EGamma2018Dv2_3/190526_233749/0001/Data_EGamma2018Dv2_3_1584.root
name: Data_EGamma2018Dv2_3_1584.root
filenumber: 121
file path found: /hdfs/store/user/varuns/Run2018D_Prompt/EGamma/crab_job_EGamma2018Dv2_3/190526_233749/0001/Data_EGamma2018Dv2_3_1585.root
name: Data_EGamma2018Dv2_3_1585.root
filenumber: 122
file path found: /hdfs/store/user/varuns/Run2018D_Prompt/EGamma/crab_job_EGamma2018Dv2_3/190526_233749/0001/Data_EGamma2018Dv2_3_1586.root
name: Data_EGamma2018Dv2_3_1586.root
filenumber: 123
file path found: /hdfs/store/user/varuns/Run2018D_Prompt/EGamma/crab_job_EGamma2018Dv2_3/190526_233749/0001/Data_EGamma2018Dv2_3_1587.root
name: Data_EGamma2018Dv2_3_1587.root
filenumber: 124
file path found: /hdfs/store/user/varuns/Run2018D_Prompt/EGamma/crab_job_EGamma2018Dv2_3/190526_233749/0001/Data_EGamma2018Dv2_3_1588.root
name: Data_EGamma2018Dv2_3_1588.root
filenumber: 125
file path found: /hdfs/store/user/varuns/Run2018D_Prompt/EGamma/crab_job_EGamma2018Dv2_3/190526_233749/0001/Data_EGamma2018Dv2_3_1589.root
name: Data_EGamma2018Dv2_3_1589.root
filenumber: 126
file path found: /hdfs/store/user/varuns/Run2018D_Prompt/EGamma/crab_job_EGamma2018Dv2_3/190526_233749/0001/Data_EGamma2018Dv2_3_1590.root
name: Data_EGamma2018Dv2_3_1590.root
filenumber: 127
file path found: /hdfs/store/user/varuns/Run2018D_Prompt/EGamma/crab_job_EGamma2018Dv2_3/190526_233749/0001/Data_EGamma2018Dv2_3_1594.root
name: Data_EGamma2018Dv2_3_1594.root
filenumber: 128
file path found: /hdfs/store/user/varuns/Run2018D_Prompt/EGamma/crab_job_EGamma2018Dv2_3/190526_233749/0001/Data_EGamma2018Dv2_3_1595.root
name: Data_EGamma2018Dv2_3_1595.root
filenumber: 129
file path found: /hdfs/store/user/varuns/Run2018D_Prompt/EGamma/crab_job_EGamma2018Dv2_3/190526_233749/0001/Data_EGamma2018Dv2_3_1597.root
name: Data_EGamma2018Dv2_3_1597.root
filenumber: 130
file path found: /hdfs/store/user/varuns/Run2018D_Prompt/EGamma/crab_job_EGamma2018Dv2_3/190526_233749/0001/Data_EGamma2018Dv2_3_1598.root
name: Data_EGamma2018Dv2_3_1598.root
filenumber: 131
file path found: /hdfs/store/user/varuns/Run2018D_Prompt/EGamma/crab_job_EGamma2018Dv2_3/190526_233749/0001/Data_EGamma2018Dv2_3_1599.root
name: Data_EGamma2018Dv2_3_1599.root
filenumber: 132
file path found: /hdfs/store/user/varuns/Run2018D_Prompt/EGamma/crab_job_EGamma2018Dv2_3/190526_233749/0001/Data_EGamma2018Dv2_3_1600.root
name: Data_EGamma2018Dv2_3_1600.root
filenumber: 133
file path found: /hdfs/store/user/varuns/Run2018D_Prompt/EGamma/crab_job_EGamma2018Dv2_3/190526_233749/0001/Data_EGamma2018Dv2_3_1601.root
name: Data_EGamma2018Dv2_3_1601.root
filenumber: 134
file path found: /hdfs/store/user/varuns/Run2018D_Prompt/EGamma/crab_job_EGamma2018Dv2_3/190526_233749/0001/Data_EGamma2018Dv2_3_1602.root
name: Data_EGamma2018Dv2_3_1602.root
filenumber: 135
file path found: /hdfs/store/user/varuns/Run2018D_Prompt/EGamma/crab_job_EGamma2018Dv2_3/190526_233749/0001/Data_EGamma2018Dv2_3_1604.root
name: Data_EGamma2018Dv2_3_1604.root
filenumber: 136
file path found: /hdfs/store/user/varuns/Run2018D_Prompt/EGamma/crab_job_EGamma2018Dv2_3/190526_233749/0001/Data_EGamma2018Dv2_3_1608.root
name: Data_EGamma2018Dv2_3_1608.root
filenumber: 137
file path found: /hdfs/store/user/varuns/Run2018D_Prompt/EGamma/crab_job_EGamma2018Dv2_3/190526_233749/0001/Data_EGamma2018Dv2_3_1609.root
name: Data_EGamma2018Dv2_3_1609.root
filenumber: 138
file path found: /hdfs/store/user/varuns/Run2018D_Prompt/EGamma/crab_job_EGamma2018Dv2_3/190526_233749/0001/Data_EGamma2018Dv2_3_1610.root
name: Data_EGamma2018Dv2_3_1610.root
filenumber: 139
file path found: /hdfs/store/user/varuns/Run2018D_Prompt/EGamma/crab_job_EGamma2018Dv2_3/190526_233749/0001/Data_EGamma2018Dv2_3_1611.root
name: Data_EGamma2018Dv2_3_1611.root
filenumber: 140
file path found: /hdfs/store/user/varuns/Run2018D_Prompt/EGamma/crab_job_EGamma2018Dv2_3/190526_233749/0001/Data_EGamma2018Dv2_3_1612.root
name: Data_EGamma2018Dv2_3_1612.root
filenumber: 141
file path found: /hdfs/store/user/varuns/Run2018D_Prompt/EGamma/crab_job_EGamma2018Dv2_3/190526_233749/0001/Data_EGamma2018Dv2_3_1614.root
name: Data_EGamma2018Dv2_3_1614.root
filenumber: 142
file path found: /hdfs/store/user/varuns/Run2018D_Prompt/EGamma/crab_job_EGamma2018Dv2_3/190526_233749/0001/Data_EGamma2018Dv2_3_1615.root
name: Data_EGamma2018Dv2_3_1615.root
filenumber: 143
file path found: /hdfs/store/user/varuns/Run2018D_Prompt/EGamma/crab_job_EGamma2018Dv2_3/190526_233749/0001/Data_EGamma2018Dv2_3_1616.root
name: Data_EGamma2018Dv2_3_1616.root
filenumber: 144
file path found: /hdfs/store/user/varuns/Run2018D_Prompt/EGamma/crab_job_EGamma2018Dv2_3/190526_233749/0001/Data_EGamma2018Dv2_3_1617.root
name: Data_EGamma2018Dv2_3_1617.root
filenumber: 145
file path found: /hdfs/store/user/varuns/Run2018D_Prompt/EGamma/crab_job_EGamma2018Dv2_3/190526_233749/0001/Data_EGamma2018Dv2_3_1618.root
name: Data_EGamma2018Dv2_3_1618.root
filenumber: 146
file path found: /hdfs/store/user/varuns/Run2018D_Prompt/EGamma/crab_job_EGamma2018Dv2_3/190526_233749/0001/Data_EGamma2018Dv2_3_1619.root
name: Data_EGamma2018Dv2_3_1619.root
filenumber: 147
file path found: /hdfs/store/user/varuns/Run2018D_Prompt/EGamma/crab_job_EGamma2018Dv2_3/190526_233749/0001/Data_EGamma2018Dv2_3_1620.root
name: Data_EGamma2018Dv2_3_1620.root
filenumber: 148
file path found: /hdfs/store/user/varuns/Run2018D_Prompt/EGamma/crab_job_EGamma2018Dv2_3/190526_233749/0001/Data_EGamma2018Dv2_3_1621.root
name: Data_EGamma2018Dv2_3_1621.root
filenumber: 149
file path found: /hdfs/store/user/varuns/Run2018D_Prompt/EGamma/crab_job_EGamma2018Dv2_3/190526_233749/0001/Data_EGamma2018Dv2_3_1622.root
name: Data_EGamma2018Dv2_3_1622.root
filenumber: 150
file path found: /hdfs/store/user/varuns/Run2018D_Prompt/EGamma/crab_job_EGamma2018Dv2_3/190526_233749/0001/Data_EGamma2018Dv2_3_1623.root
name: Data_EGamma2018Dv2_3_1623.root
filenumber: 151
file path found: /hdfs/store/user/varuns/Run2018D_Prompt/EGamma/crab_job_EGamma2018Dv2_3/190526_233749/0001/Data_EGamma2018Dv2_3_1624.root
name: Data_EGamma2018Dv2_3_1624.root
filenumber: 152
file path found: /hdfs/store/user/varuns/Run2018D_Prompt/EGamma/crab_job_EGamma2018Dv2_3/190526_233749/0001/Data_EGamma2018Dv2_3_1625.root
name: Data_EGamma2018Dv2_3_1625.root
filenumber: 153
file path found: /hdfs/store/user/varuns/Run2018D_Prompt/EGamma/crab_job_EGamma2018Dv2_3/190526_233749/0001/Data_EGamma2018Dv2_3_1627.root
name: Data_EGamma2018Dv2_3_1627.root
filenumber: 154
file path found: /hdfs/store/user/varuns/Run2018D_Prompt/EGamma/crab_job_EGamma2018Dv2_3/190526_233749/0001/Data_EGamma2018Dv2_3_1896.root
name: Data_EGamma2018Dv2_3_1896.root
filenumber: 155
file path found: /hdfs/store/user/varuns/Run2018D_Prompt/EGamma/crab_job_EGamma2018Dv2_3/190526_233749/0001/Data_EGamma2018Dv2_3_1989.root
name: Data_EGamma2018Dv2_3_1989.root
filenumber: 156
file path found: /hdfs/store/user/varuns/Run2018D_Prompt/EGamma/crab_job_EGamma2018Dv2_3/190526_233749/0001/.
name: .
filenumber: 157
file path found: /hdfs/store/user/varuns/Run2018D_Prompt/EGamma/crab_job_EGamma2018Dv2_3/190526_233749/0001/..
name: ..
filenumber: 158
78 files added.
Initializing chain.
Coming in: 
nentries:1312633
Running over 1312633 events.
Finished entry 0/1312632
Finished entry 10000/1312632
Finished entry 20000/1312632
Finished entry 30000/1312632
Finished entry 40000/1312632
Finished entry 50000/1312632
Finished entry 60000/1312632
Finished entry 70000/1312632
Finished entry 80000/1312632
Finished entry 90000/1312632
Finished entry 100000/1312632
Finished entry 110000/1312632
Finished entry 120000/1312632
Finished entry 130000/1312632
Finished entry 140000/1312632
Finished entry 150000/1312632
Finished entry 160000/1312632
Finished entry 170000/1312632
Finished entry 180000/1312632
Finished entry 190000/1312632
Finished entry 200000/1312632
Finished entry 210000/1312632
Finished entry 220000/1312632
Finished entry 230000/1312632
Finished entry 240000/1312632
Finished entry 250000/1312632
Finished entry 260000/1312632
Finished entry 270000/1312632
Finished entry 280000/1312632
Finished entry 290000/1312632
Finished entry 300000/1312632
Finished entry 310000/1312632
Finished entry 320000/1312632
Finished entry 330000/1312632
Finished entry 340000/1312632
Finished entry 350000/1312632
Finished entry 360000/1312632
Finished entry 370000/1312632
Finished entry 380000/1312632
Finished entry 390000/1312632
Finished entry 400000/1312632
Finished entry 410000/1312632
Finished entry 420000/1312632
Finished entry 430000/1312632
Finished entry 440000/1312632
Finished entry 450000/1312632
Finished entry 460000/1312632
Finished entry 470000/1312632
Finished entry 480000/1312632
Finished entry 490000/1312632
Finished entry 500000/1312632
Finished entry 510000/1312632
Finished entry 520000/1312632
Finished entry 530000/1312632
Finished entry 540000/1312632
Finished entry 550000/1312632
Finished entry 560000/1312632
Finished entry 570000/1312632
Finished entry 580000/1312632
Finished entry 590000/1312632
Finished entry 600000/1312632
Finished entry 610000/1312632
Finished entry 620000/1312632
Finished entry 630000/1312632
Finished entry 640000/1312632
Finished entry 650000/1312632
Finished entry 660000/1312632
Finished entry 670000/1312632
Finished entry 680000/1312632
Finished entry 690000/1312632
Finished entry 700000/1312632
Finished entry 710000/1312632
Finished entry 720000/1312632
Finished entry 730000/1312632
Finished entry 740000/1312632
Finished entry 750000/1312632
Finished entry 760000/1312632
Finished entry 770000/1312632
Finished entry 780000/1312632
Finished entry 790000/1312632
Finished entry 800000/1312632
Finished entry 810000/1312632
Finished entry 820000/1312632
Finished entry 830000/1312632
Finished entry 840000/1312632
Finished entry 850000/1312632
Finished entry 860000/1312632
Finished entry 870000/1312632
Finished entry 880000/1312632
Finished entry 890000/1312632
Finished entry 900000/1312632
Finished entry 910000/1312632
Finished entry 920000/1312632
Finished entry 930000/1312632
Finished entry 940000/1312632
Finished entry 950000/1312632
Finished entry 960000/1312632
Finished entry 970000/1312632
Finished entry 980000/1312632
Finished entry 990000/1312632
Finished entry 1000000/1312632
Finished entry 1010000/1312632
Finished entry 1020000/1312632
Finished entry 1030000/1312632
Finished entry 1040000/1312632
Finished entry 1050000/1312632
Finished entry 1060000/1312632
Finished entry 1070000/1312632
Finished entry 1080000/1312632
Finished entry 1090000/1312632
Finished entry 1100000/1312632
Finished entry 1110000/1312632
Finished entry 1120000/1312632
Finished entry 1130000/1312632
Finished entry 1140000/1312632
Finished entry 1150000/1312632
Finished entry 1160000/1312632
Finished entry 1170000/1312632
Finished entry 1180000/1312632
Finished entry 1190000/1312632
Finished entry 1200000/1312632
Finished entry 1210000/1312632
Finished entry 1220000/1312632
Finished entry 1230000/1312632
Finished entry 1240000/1312632
Finished entry 1250000/1312632
Finished entry 1260000/1312632
Finished entry 1270000/1312632
Finished entry 1280000/1312632
Finished entry 1290000/1312632
Finished entry 1300000/1312632
Finished entry 1310000/1312632
