000 (691476.000.000) 07/11 11:27:34 Job submitted from host: <144.92.181.245:9618?addrs=144.92.181.245-9618+[2607-f388-101c-1000--372]-9618&noUDP&sock=6179_dbc8_3>
...
001 (691476.000.000) 07/11 12:04:12 Job executing on host: <144.92.181.205:9618?addrs=144.92.181.205-9618+[2607-f388-101c-1000--629]-9618&noUDP&sock=6858_9896_3>
...
006 (691476.000.000) 07/11 12:04:20 Image size of job updated: 53272
	23  -  MemoryUsage of job (MB)
	22752  -  ResidentSetSize of job (KB)
...
006 (691476.000.000) 07/11 12:24:20 Image size of job updated: 243168
	238  -  MemoryUsage of job (MB)
	242844  -  ResidentSetSize of job (KB)
...
005 (691476.000.000) 07/11 12:29:26 Job terminated.
	(1) Normal termination (return value 0)
		Usr 0 00:04:08, Sys 0 00:00:13  -  Run Remote Usage
		Usr 0 00:00:00, Sys 0 00:00:00  -  Run Local Usage
		Usr 0 00:04:08, Sys 0 00:00:13  -  Total Remote Usage
		Usr 0 00:00:00, Sys 0 00:00:00  -  Total Local Usage
	264014  -  Run Bytes Sent By Job
	306644  -  Run Bytes Received By Job
	264014  -  Total Bytes Sent By Job
	306644  -  Total Bytes Received By Job
	Partitionable Resources :    Usage  Request Allocated
	   Cpus                 :                 1         1
	   Disk (KB)            :  1000000  2048000   3166630
	   Memory (MB)          :      238     1992      1992
...
