000 (691476.004.000) 07/11 11:27:34 Job submitted from host: <144.92.181.245:9618?addrs=144.92.181.245-9618+[2607-f388-101c-1000--372]-9618&noUDP&sock=6179_dbc8_3>
...
001 (691476.004.000) 07/11 12:04:25 Job executing on host: <128.104.227.28:9618?addrs=128.104.227.28-9618+[2607-f388-101c-1000--629]-9618&noUDP&sock=10340_f55b_3>
...
006 (691476.004.000) 07/11 12:04:33 Image size of job updated: 216624
	106  -  MemoryUsage of job (MB)
	108184  -  ResidentSetSize of job (KB)
...
006 (691476.004.000) 07/11 12:24:33 Image size of job updated: 242236
	237  -  MemoryUsage of job (MB)
	241696  -  ResidentSetSize of job (KB)
...
005 (691476.004.000) 07/11 12:24:41 Job terminated.
	(1) Normal termination (return value 0)
		Usr 0 00:02:15, Sys 0 00:00:06  -  Run Remote Usage
		Usr 0 00:00:00, Sys 0 00:00:00  -  Run Local Usage
		Usr 0 00:02:15, Sys 0 00:00:06  -  Total Remote Usage
		Usr 0 00:00:00, Sys 0 00:00:00  -  Total Local Usage
	256049  -  Run Bytes Sent By Job
	306644  -  Run Bytes Received By Job
	256049  -  Total Bytes Sent By Job
	306644  -  Total Bytes Received By Job
	Partitionable Resources :    Usage  Request Allocated
	   Cpus                 :                 1         1
	   Disk (KB)            :  1000000  2048000   9501936
	   Memory (MB)          :      237     1992      1992
...
