000 (695978.003.000) 07/12 06:42:13 Job submitted from host: <144.92.181.245:9618?addrs=144.92.181.245-9618+[2607-f388-101c-1000--372]-9618&noUDP&sock=6179_dbc8_3>
...
001 (695978.003.000) 07/12 08:12:34 Job executing on host: <128.104.227.81:9618?addrs=128.104.227.81-9618+[2607-f388-101c-1000--629]-9618&noUDP&sock=11938_0db3_10>
...
006 (695978.003.000) 07/12 08:12:42 Image size of job updated: 216652
	106  -  MemoryUsage of job (MB)
	108036  -  ResidentSetSize of job (KB)
...
006 (695978.003.000) 07/12 08:32:42 Image size of job updated: 267380
	261  -  MemoryUsage of job (MB)
	267236  -  ResidentSetSize of job (KB)
...
005 (695978.003.000) 07/12 08:37:25 Job terminated.
	(1) Normal termination (return value 0)
		Usr 0 00:01:20, Sys 0 00:00:05  -  Run Remote Usage
		Usr 0 00:00:00, Sys 0 00:00:00  -  Run Local Usage
		Usr 0 00:01:20, Sys 0 00:00:05  -  Total Remote Usage
		Usr 0 00:00:00, Sys 0 00:00:00  -  Total Local Usage
	254189  -  Run Bytes Sent By Job
	281287  -  Run Bytes Received By Job
	254189  -  Total Bytes Sent By Job
	281287  -  Total Bytes Received By Job
	Partitionable Resources :    Usage  Request Allocated
	   Cpus                 :                 1         1
	   Disk (KB)            :  1000000  2048000   9503497
	   Memory (MB)          :      261     1992      1992
...
