000 (690095.000.000) 07/11 07:31:42 Job submitted from host: <144.92.181.245:9618?addrs=144.92.181.245-9618+[2607-f388-101c-1000--372]-9618&noUDP&sock=6179_dbc8_3>
...
001 (690095.000.000) 07/11 09:11:52 Job executing on host: <144.92.180.130:9618?addrs=144.92.180.130-9618+[2607-f388-101c-1000--629]-9618&noUDP&sock=7579_245f_3>
...
006 (690095.000.000) 07/11 09:12:01 Image size of job updated: 123152
	30  -  MemoryUsage of job (MB)
	30076  -  ResidentSetSize of job (KB)
...
006 (690095.000.000) 07/11 09:32:02 Image size of job updated: 270488
	232  -  MemoryUsage of job (MB)
	236920  -  ResidentSetSize of job (KB)
...
005 (690095.000.000) 07/11 09:37:35 Job terminated.
	(1) Normal termination (return value 0)
		Usr 0 00:02:58, Sys 0 00:00:12  -  Run Remote Usage
		Usr 0 00:00:00, Sys 0 00:00:00  -  Run Local Usage
		Usr 0 00:02:58, Sys 0 00:00:12  -  Total Remote Usage
		Usr 0 00:00:00, Sys 0 00:00:00  -  Total Local Usage
	173993  -  Run Bytes Sent By Job
	302156  -  Run Bytes Received By Job
	173993  -  Total Bytes Sent By Job
	302156  -  Total Bytes Received By Job
	Partitionable Resources :    Usage  Request Allocated
	   Cpus                 :                 1         1
	   Disk (KB)            :  1000000  2048000   6334026
	   Memory (MB)          :      232     1992      1992
...
