file path found: /hdfs/store/user/varuns/MC2018_Autumn18_May2019/QCD_HT1500to2000_TuneCP5_13TeV-madgraphMLM-pythia8/crab_job_QCD_HT1500-2000/190518_225842/0001/MC_QCD_HT1500-2000_1000.root
name: MC_QCD_HT1500-2000_1000.root
filenumber: 0
file path found: /hdfs/store/user/varuns/MC2018_Autumn18_May2019/QCD_HT1500to2000_TuneCP5_13TeV-madgraphMLM-pythia8/crab_job_QCD_HT1500-2000/190518_225842/0001/MC_QCD_HT1500-2000_1001.root
name: MC_QCD_HT1500-2000_1001.root
filenumber: 1
file path found: /hdfs/store/user/varuns/MC2018_Autumn18_May2019/QCD_HT1500to2000_TuneCP5_13TeV-madgraphMLM-pythia8/crab_job_QCD_HT1500-2000/190518_225842/0001/MC_QCD_HT1500-2000_1002.root
name: MC_QCD_HT1500-2000_1002.root
filenumber: 2
file path found: /hdfs/store/user/varuns/MC2018_Autumn18_May2019/QCD_HT1500to2000_TuneCP5_13TeV-madgraphMLM-pythia8/crab_job_QCD_HT1500-2000/190518_225842/0001/MC_QCD_HT1500-2000_1003.root
name: MC_QCD_HT1500-2000_1003.root
filenumber: 3
file path found: /hdfs/store/user/varuns/MC2018_Autumn18_May2019/QCD_HT1500to2000_TuneCP5_13TeV-madgraphMLM-pythia8/crab_job_QCD_HT1500-2000/190518_225842/0001/MC_QCD_HT1500-2000_1004.root
name: MC_QCD_HT1500-2000_1004.root
filenumber: 4
file path found: /hdfs/store/user/varuns/MC2018_Autumn18_May2019/QCD_HT1500to2000_TuneCP5_13TeV-madgraphMLM-pythia8/crab_job_QCD_HT1500-2000/190518_225842/0001/MC_QCD_HT1500-2000_1005.root
name: MC_QCD_HT1500-2000_1005.root
filenumber: 5
file path found: /hdfs/store/user/varuns/MC2018_Autumn18_May2019/QCD_HT1500to2000_TuneCP5_13TeV-madgraphMLM-pythia8/crab_job_QCD_HT1500-2000/190518_225842/0001/MC_QCD_HT1500-2000_1006.root
name: MC_QCD_HT1500-2000_1006.root
filenumber: 6
file path found: /hdfs/store/user/varuns/MC2018_Autumn18_May2019/QCD_HT1500to2000_TuneCP5_13TeV-madgraphMLM-pythia8/crab_job_QCD_HT1500-2000/190518_225842/0001/MC_QCD_HT1500-2000_1007.root
name: MC_QCD_HT1500-2000_1007.root
filenumber: 7
file path found: /hdfs/store/user/varuns/MC2018_Autumn18_May2019/QCD_HT1500to2000_TuneCP5_13TeV-madgraphMLM-pythia8/crab_job_QCD_HT1500-2000/190518_225842/0001/MC_QCD_HT1500-2000_1008.root
name: MC_QCD_HT1500-2000_1008.root
filenumber: 8
file path found: /hdfs/store/user/varuns/MC2018_Autumn18_May2019/QCD_HT1500to2000_TuneCP5_13TeV-madgraphMLM-pythia8/crab_job_QCD_HT1500-2000/190518_225842/0001/MC_QCD_HT1500-2000_1009.root
name: MC_QCD_HT1500-2000_1009.root
filenumber: 9
file path found: /hdfs/store/user/varuns/MC2018_Autumn18_May2019/QCD_HT1500to2000_TuneCP5_13TeV-madgraphMLM-pythia8/crab_job_QCD_HT1500-2000/190518_225842/0001/MC_QCD_HT1500-2000_1010.root
name: MC_QCD_HT1500-2000_1010.root
filenumber: 10
file path found: /hdfs/store/user/varuns/MC2018_Autumn18_May2019/QCD_HT1500to2000_TuneCP5_13TeV-madgraphMLM-pythia8/crab_job_QCD_HT1500-2000/190518_225842/0001/MC_QCD_HT1500-2000_1011.root
name: MC_QCD_HT1500-2000_1011.root
filenumber: 11
file path found: /hdfs/store/user/varuns/MC2018_Autumn18_May2019/QCD_HT1500to2000_TuneCP5_13TeV-madgraphMLM-pythia8/crab_job_QCD_HT1500-2000/190518_225842/0001/MC_QCD_HT1500-2000_1012.root
name: MC_QCD_HT1500-2000_1012.root
filenumber: 12
file path found: /hdfs/store/user/varuns/MC2018_Autumn18_May2019/QCD_HT1500to2000_TuneCP5_13TeV-madgraphMLM-pythia8/crab_job_QCD_HT1500-2000/190518_225842/0001/MC_QCD_HT1500-2000_1013.root
name: MC_QCD_HT1500-2000_1013.root
filenumber: 13
file path found: /hdfs/store/user/varuns/MC2018_Autumn18_May2019/QCD_HT1500to2000_TuneCP5_13TeV-madgraphMLM-pythia8/crab_job_QCD_HT1500-2000/190518_225842/0001/MC_QCD_HT1500-2000_1014.root
name: MC_QCD_HT1500-2000_1014.root
filenumber: 14
file path found: /hdfs/store/user/varuns/MC2018_Autumn18_May2019/QCD_HT1500to2000_TuneCP5_13TeV-madgraphMLM-pythia8/crab_job_QCD_HT1500-2000/190518_225842/0001/MC_QCD_HT1500-2000_1015.root
name: MC_QCD_HT1500-2000_1015.root
filenumber: 15
file path found: /hdfs/store/user/varuns/MC2018_Autumn18_May2019/QCD_HT1500to2000_TuneCP5_13TeV-madgraphMLM-pythia8/crab_job_QCD_HT1500-2000/190518_225842/0001/MC_QCD_HT1500-2000_1016.root
name: MC_QCD_HT1500-2000_1016.root
filenumber: 16
file path found: /hdfs/store/user/varuns/MC2018_Autumn18_May2019/QCD_HT1500to2000_TuneCP5_13TeV-madgraphMLM-pythia8/crab_job_QCD_HT1500-2000/190518_225842/0001/MC_QCD_HT1500-2000_1017.root
name: MC_QCD_HT1500-2000_1017.root
filenumber: 17
file path found: /hdfs/store/user/varuns/MC2018_Autumn18_May2019/QCD_HT1500to2000_TuneCP5_13TeV-madgraphMLM-pythia8/crab_job_QCD_HT1500-2000/190518_225842/0001/MC_QCD_HT1500-2000_1018.root
name: MC_QCD_HT1500-2000_1018.root
filenumber: 18
file path found: /hdfs/store/user/varuns/MC2018_Autumn18_May2019/QCD_HT1500to2000_TuneCP5_13TeV-madgraphMLM-pythia8/crab_job_QCD_HT1500-2000/190518_225842/0001/MC_QCD_HT1500-2000_1019.root
name: MC_QCD_HT1500-2000_1019.root
filenumber: 19
file path found: /hdfs/store/user/varuns/MC2018_Autumn18_May2019/QCD_HT1500to2000_TuneCP5_13TeV-madgraphMLM-pythia8/crab_job_QCD_HT1500-2000/190518_225842/0001/MC_QCD_HT1500-2000_1020.root
name: MC_QCD_HT1500-2000_1020.root
filenumber: 20
file path found: /hdfs/store/user/varuns/MC2018_Autumn18_May2019/QCD_HT1500to2000_TuneCP5_13TeV-madgraphMLM-pythia8/crab_job_QCD_HT1500-2000/190518_225842/0001/MC_QCD_HT1500-2000_1021.root
name: MC_QCD_HT1500-2000_1021.root
filenumber: 21
file path found: /hdfs/store/user/varuns/MC2018_Autumn18_May2019/QCD_HT1500to2000_TuneCP5_13TeV-madgraphMLM-pythia8/crab_job_QCD_HT1500-2000/190518_225842/0001/MC_QCD_HT1500-2000_1022.root
name: MC_QCD_HT1500-2000_1022.root
filenumber: 22
file path found: /hdfs/store/user/varuns/MC2018_Autumn18_May2019/QCD_HT1500to2000_TuneCP5_13TeV-madgraphMLM-pythia8/crab_job_QCD_HT1500-2000/190518_225842/0001/MC_QCD_HT1500-2000_1023.root
name: MC_QCD_HT1500-2000_1023.root
filenumber: 23
file path found: /hdfs/store/user/varuns/MC2018_Autumn18_May2019/QCD_HT1500to2000_TuneCP5_13TeV-madgraphMLM-pythia8/crab_job_QCD_HT1500-2000/190518_225842/0001/MC_QCD_HT1500-2000_1024.root
name: MC_QCD_HT1500-2000_1024.root
filenumber: 24
file path found: /hdfs/store/user/varuns/MC2018_Autumn18_May2019/QCD_HT1500to2000_TuneCP5_13TeV-madgraphMLM-pythia8/crab_job_QCD_HT1500-2000/190518_225842/0001/MC_QCD_HT1500-2000_1025.root
name: MC_QCD_HT1500-2000_1025.root
filenumber: 25
file path found: /hdfs/store/user/varuns/MC2018_Autumn18_May2019/QCD_HT1500to2000_TuneCP5_13TeV-madgraphMLM-pythia8/crab_job_QCD_HT1500-2000/190518_225842/0001/MC_QCD_HT1500-2000_1026.root
name: MC_QCD_HT1500-2000_1026.root
filenumber: 26
file path found: /hdfs/store/user/varuns/MC2018_Autumn18_May2019/QCD_HT1500to2000_TuneCP5_13TeV-madgraphMLM-pythia8/crab_job_QCD_HT1500-2000/190518_225842/0001/MC_QCD_HT1500-2000_1027.root
name: MC_QCD_HT1500-2000_1027.root
filenumber: 27
file path found: /hdfs/store/user/varuns/MC2018_Autumn18_May2019/QCD_HT1500to2000_TuneCP5_13TeV-madgraphMLM-pythia8/crab_job_QCD_HT1500-2000/190518_225842/0001/MC_QCD_HT1500-2000_1028.root
name: MC_QCD_HT1500-2000_1028.root
filenumber: 28
file path found: /hdfs/store/user/varuns/MC2018_Autumn18_May2019/QCD_HT1500to2000_TuneCP5_13TeV-madgraphMLM-pythia8/crab_job_QCD_HT1500-2000/190518_225842/0001/MC_QCD_HT1500-2000_1029.root
name: MC_QCD_HT1500-2000_1029.root
filenumber: 29
file path found: /hdfs/store/user/varuns/MC2018_Autumn18_May2019/QCD_HT1500to2000_TuneCP5_13TeV-madgraphMLM-pythia8/crab_job_QCD_HT1500-2000/190518_225842/0001/MC_QCD_HT1500-2000_1030.root
name: MC_QCD_HT1500-2000_1030.root
filenumber: 30
file path found: /hdfs/store/user/varuns/MC2018_Autumn18_May2019/QCD_HT1500to2000_TuneCP5_13TeV-madgraphMLM-pythia8/crab_job_QCD_HT1500-2000/190518_225842/0001/MC_QCD_HT1500-2000_1031.root
name: MC_QCD_HT1500-2000_1031.root
filenumber: 31
file path found: /hdfs/store/user/varuns/MC2018_Autumn18_May2019/QCD_HT1500to2000_TuneCP5_13TeV-madgraphMLM-pythia8/crab_job_QCD_HT1500-2000/190518_225842/0001/MC_QCD_HT1500-2000_1032.root
name: MC_QCD_HT1500-2000_1032.root
filenumber: 32
file path found: /hdfs/store/user/varuns/MC2018_Autumn18_May2019/QCD_HT1500to2000_TuneCP5_13TeV-madgraphMLM-pythia8/crab_job_QCD_HT1500-2000/190518_225842/0001/MC_QCD_HT1500-2000_1033.root
name: MC_QCD_HT1500-2000_1033.root
filenumber: 33
file path found: /hdfs/store/user/varuns/MC2018_Autumn18_May2019/QCD_HT1500to2000_TuneCP5_13TeV-madgraphMLM-pythia8/crab_job_QCD_HT1500-2000/190518_225842/0001/MC_QCD_HT1500-2000_1034.root
name: MC_QCD_HT1500-2000_1034.root
filenumber: 34
file path found: /hdfs/store/user/varuns/MC2018_Autumn18_May2019/QCD_HT1500to2000_TuneCP5_13TeV-madgraphMLM-pythia8/crab_job_QCD_HT1500-2000/190518_225842/0001/MC_QCD_HT1500-2000_1035.root
name: MC_QCD_HT1500-2000_1035.root
filenumber: 35
file path found: /hdfs/store/user/varuns/MC2018_Autumn18_May2019/QCD_HT1500to2000_TuneCP5_13TeV-madgraphMLM-pythia8/crab_job_QCD_HT1500-2000/190518_225842/0001/MC_QCD_HT1500-2000_1036.root
name: MC_QCD_HT1500-2000_1036.root
filenumber: 36
file path found: /hdfs/store/user/varuns/MC2018_Autumn18_May2019/QCD_HT1500to2000_TuneCP5_13TeV-madgraphMLM-pythia8/crab_job_QCD_HT1500-2000/190518_225842/0001/MC_QCD_HT1500-2000_1037.root
name: MC_QCD_HT1500-2000_1037.root
filenumber: 37
file path found: /hdfs/store/user/varuns/MC2018_Autumn18_May2019/QCD_HT1500to2000_TuneCP5_13TeV-madgraphMLM-pythia8/crab_job_QCD_HT1500-2000/190518_225842/0001/MC_QCD_HT1500-2000_1038.root
name: MC_QCD_HT1500-2000_1038.root
filenumber: 38
file path found: /hdfs/store/user/varuns/MC2018_Autumn18_May2019/QCD_HT1500to2000_TuneCP5_13TeV-madgraphMLM-pythia8/crab_job_QCD_HT1500-2000/190518_225842/0001/MC_QCD_HT1500-2000_1039.root
name: MC_QCD_HT1500-2000_1039.root
filenumber: 39
file path found: /hdfs/store/user/varuns/MC2018_Autumn18_May2019/QCD_HT1500to2000_TuneCP5_13TeV-madgraphMLM-pythia8/crab_job_QCD_HT1500-2000/190518_225842/0001/MC_QCD_HT1500-2000_1040.root
name: MC_QCD_HT1500-2000_1040.root
filenumber: 40
file path found: /hdfs/store/user/varuns/MC2018_Autumn18_May2019/QCD_HT1500to2000_TuneCP5_13TeV-madgraphMLM-pythia8/crab_job_QCD_HT1500-2000/190518_225842/0001/MC_QCD_HT1500-2000_1041.root
name: MC_QCD_HT1500-2000_1041.root
filenumber: 41
file path found: /hdfs/store/user/varuns/MC2018_Autumn18_May2019/QCD_HT1500to2000_TuneCP5_13TeV-madgraphMLM-pythia8/crab_job_QCD_HT1500-2000/190518_225842/0001/MC_QCD_HT1500-2000_1042.root
name: MC_QCD_HT1500-2000_1042.root
filenumber: 42
file path found: /hdfs/store/user/varuns/MC2018_Autumn18_May2019/QCD_HT1500to2000_TuneCP5_13TeV-madgraphMLM-pythia8/crab_job_QCD_HT1500-2000/190518_225842/0001/MC_QCD_HT1500-2000_1043.root
name: MC_QCD_HT1500-2000_1043.root
filenumber: 43
file path found: /hdfs/store/user/varuns/MC2018_Autumn18_May2019/QCD_HT1500to2000_TuneCP5_13TeV-madgraphMLM-pythia8/crab_job_QCD_HT1500-2000/190518_225842/0001/MC_QCD_HT1500-2000_1044.root
name: MC_QCD_HT1500-2000_1044.root
filenumber: 44
file path found: /hdfs/store/user/varuns/MC2018_Autumn18_May2019/QCD_HT1500to2000_TuneCP5_13TeV-madgraphMLM-pythia8/crab_job_QCD_HT1500-2000/190518_225842/0001/MC_QCD_HT1500-2000_1045.root
name: MC_QCD_HT1500-2000_1045.root
filenumber: 45
file path found: /hdfs/store/user/varuns/MC2018_Autumn18_May2019/QCD_HT1500to2000_TuneCP5_13TeV-madgraphMLM-pythia8/crab_job_QCD_HT1500-2000/190518_225842/0001/MC_QCD_HT1500-2000_1046.root
name: MC_QCD_HT1500-2000_1046.root
filenumber: 46
file path found: /hdfs/store/user/varuns/MC2018_Autumn18_May2019/QCD_HT1500to2000_TuneCP5_13TeV-madgraphMLM-pythia8/crab_job_QCD_HT1500-2000/190518_225842/0001/MC_QCD_HT1500-2000_1047.root
name: MC_QCD_HT1500-2000_1047.root
filenumber: 47
file path found: /hdfs/store/user/varuns/MC2018_Autumn18_May2019/QCD_HT1500to2000_TuneCP5_13TeV-madgraphMLM-pythia8/crab_job_QCD_HT1500-2000/190518_225842/0001/MC_QCD_HT1500-2000_1048.root
name: MC_QCD_HT1500-2000_1048.root
filenumber: 48
file path found: /hdfs/store/user/varuns/MC2018_Autumn18_May2019/QCD_HT1500to2000_TuneCP5_13TeV-madgraphMLM-pythia8/crab_job_QCD_HT1500-2000/190518_225842/0001/MC_QCD_HT1500-2000_1049.root
name: MC_QCD_HT1500-2000_1049.root
filenumber: 49
file path found: /hdfs/store/user/varuns/MC2018_Autumn18_May2019/QCD_HT1500to2000_TuneCP5_13TeV-madgraphMLM-pythia8/crab_job_QCD_HT1500-2000/190518_225842/0001/MC_QCD_HT1500-2000_1050.root
name: MC_QCD_HT1500-2000_1050.root
filenumber: 50
file path found: /hdfs/store/user/varuns/MC2018_Autumn18_May2019/QCD_HT1500to2000_TuneCP5_13TeV-madgraphMLM-pythia8/crab_job_QCD_HT1500-2000/190518_225842/0001/MC_QCD_HT1500-2000_1051.root
name: MC_QCD_HT1500-2000_1051.root
filenumber: 51
file path found: /hdfs/store/user/varuns/MC2018_Autumn18_May2019/QCD_HT1500to2000_TuneCP5_13TeV-madgraphMLM-pythia8/crab_job_QCD_HT1500-2000/190518_225842/0001/MC_QCD_HT1500-2000_1052.root
name: MC_QCD_HT1500-2000_1052.root
filenumber: 52
file path found: /hdfs/store/user/varuns/MC2018_Autumn18_May2019/QCD_HT1500to2000_TuneCP5_13TeV-madgraphMLM-pythia8/crab_job_QCD_HT1500-2000/190518_225842/0001/MC_QCD_HT1500-2000_1053.root
name: MC_QCD_HT1500-2000_1053.root
filenumber: 53
file path found: /hdfs/store/user/varuns/MC2018_Autumn18_May2019/QCD_HT1500to2000_TuneCP5_13TeV-madgraphMLM-pythia8/crab_job_QCD_HT1500-2000/190518_225842/0001/MC_QCD_HT1500-2000_1054.root
name: MC_QCD_HT1500-2000_1054.root
filenumber: 54
file path found: /hdfs/store/user/varuns/MC2018_Autumn18_May2019/QCD_HT1500to2000_TuneCP5_13TeV-madgraphMLM-pythia8/crab_job_QCD_HT1500-2000/190518_225842/0001/MC_QCD_HT1500-2000_1055.root
name: MC_QCD_HT1500-2000_1055.root
filenumber: 55
file path found: /hdfs/store/user/varuns/MC2018_Autumn18_May2019/QCD_HT1500to2000_TuneCP5_13TeV-madgraphMLM-pythia8/crab_job_QCD_HT1500-2000/190518_225842/0001/MC_QCD_HT1500-2000_1056.root
name: MC_QCD_HT1500-2000_1056.root
filenumber: 56
file path found: /hdfs/store/user/varuns/MC2018_Autumn18_May2019/QCD_HT1500to2000_TuneCP5_13TeV-madgraphMLM-pythia8/crab_job_QCD_HT1500-2000/190518_225842/0001/MC_QCD_HT1500-2000_1057.root
name: MC_QCD_HT1500-2000_1057.root
filenumber: 57
file path found: /hdfs/store/user/varuns/MC2018_Autumn18_May2019/QCD_HT1500to2000_TuneCP5_13TeV-madgraphMLM-pythia8/crab_job_QCD_HT1500-2000/190518_225842/0001/MC_QCD_HT1500-2000_1058.root
name: MC_QCD_HT1500-2000_1058.root
filenumber: 58
file path found: /hdfs/store/user/varuns/MC2018_Autumn18_May2019/QCD_HT1500to2000_TuneCP5_13TeV-madgraphMLM-pythia8/crab_job_QCD_HT1500-2000/190518_225842/0001/MC_QCD_HT1500-2000_1059.root
name: MC_QCD_HT1500-2000_1059.root
filenumber: 59
file path found: /hdfs/store/user/varuns/MC2018_Autumn18_May2019/QCD_HT1500to2000_TuneCP5_13TeV-madgraphMLM-pythia8/crab_job_QCD_HT1500-2000/190518_225842/0001/MC_QCD_HT1500-2000_1060.root
name: MC_QCD_HT1500-2000_1060.root
filenumber: 60
file path found: /hdfs/store/user/varuns/MC2018_Autumn18_May2019/QCD_HT1500to2000_TuneCP5_13TeV-madgraphMLM-pythia8/crab_job_QCD_HT1500-2000/190518_225842/0001/MC_QCD_HT1500-2000_1061.root
name: MC_QCD_HT1500-2000_1061.root
filenumber: 61
file path found: /hdfs/store/user/varuns/MC2018_Autumn18_May2019/QCD_HT1500to2000_TuneCP5_13TeV-madgraphMLM-pythia8/crab_job_QCD_HT1500-2000/190518_225842/0001/MC_QCD_HT1500-2000_1062.root
name: MC_QCD_HT1500-2000_1062.root
filenumber: 62
file path found: /hdfs/store/user/varuns/MC2018_Autumn18_May2019/QCD_HT1500to2000_TuneCP5_13TeV-madgraphMLM-pythia8/crab_job_QCD_HT1500-2000/190518_225842/0001/MC_QCD_HT1500-2000_1063.root
name: MC_QCD_HT1500-2000_1063.root
filenumber: 63
file path found: /hdfs/store/user/varuns/MC2018_Autumn18_May2019/QCD_HT1500to2000_TuneCP5_13TeV-madgraphMLM-pythia8/crab_job_QCD_HT1500-2000/190518_225842/0001/MC_QCD_HT1500-2000_1064.root
name: MC_QCD_HT1500-2000_1064.root
filenumber: 64
file path found: /hdfs/store/user/varuns/MC2018_Autumn18_May2019/QCD_HT1500to2000_TuneCP5_13TeV-madgraphMLM-pythia8/crab_job_QCD_HT1500-2000/190518_225842/0001/MC_QCD_HT1500-2000_1065.root
name: MC_QCD_HT1500-2000_1065.root
filenumber: 65
file path found: /hdfs/store/user/varuns/MC2018_Autumn18_May2019/QCD_HT1500to2000_TuneCP5_13TeV-madgraphMLM-pythia8/crab_job_QCD_HT1500-2000/190518_225842/0001/MC_QCD_HT1500-2000_1066.root
name: MC_QCD_HT1500-2000_1066.root
filenumber: 66
file path found: /hdfs/store/user/varuns/MC2018_Autumn18_May2019/QCD_HT1500to2000_TuneCP5_13TeV-madgraphMLM-pythia8/crab_job_QCD_HT1500-2000/190518_225842/0001/MC_QCD_HT1500-2000_1067.root
name: MC_QCD_HT1500-2000_1067.root
filenumber: 67
file path found: /hdfs/store/user/varuns/MC2018_Autumn18_May2019/QCD_HT1500to2000_TuneCP5_13TeV-madgraphMLM-pythia8/crab_job_QCD_HT1500-2000/190518_225842/0001/MC_QCD_HT1500-2000_1068.root
name: MC_QCD_HT1500-2000_1068.root
filenumber: 68
file path found: /hdfs/store/user/varuns/MC2018_Autumn18_May2019/QCD_HT1500to2000_TuneCP5_13TeV-madgraphMLM-pythia8/crab_job_QCD_HT1500-2000/190518_225842/0001/MC_QCD_HT1500-2000_1069.root
name: MC_QCD_HT1500-2000_1069.root
filenumber: 69
file path found: /hdfs/store/user/varuns/MC2018_Autumn18_May2019/QCD_HT1500to2000_TuneCP5_13TeV-madgraphMLM-pythia8/crab_job_QCD_HT1500-2000/190518_225842/0001/MC_QCD_HT1500-2000_1070.root
name: MC_QCD_HT1500-2000_1070.root
filenumber: 70
file path found: /hdfs/store/user/varuns/MC2018_Autumn18_May2019/QCD_HT1500to2000_TuneCP5_13TeV-madgraphMLM-pythia8/crab_job_QCD_HT1500-2000/190518_225842/0001/MC_QCD_HT1500-2000_1071.root
name: MC_QCD_HT1500-2000_1071.root
filenumber: 71
file path found: /hdfs/store/user/varuns/MC2018_Autumn18_May2019/QCD_HT1500to2000_TuneCP5_13TeV-madgraphMLM-pythia8/crab_job_QCD_HT1500-2000/190518_225842/0001/MC_QCD_HT1500-2000_1072.root
name: MC_QCD_HT1500-2000_1072.root
filenumber: 72
file path found: /hdfs/store/user/varuns/MC2018_Autumn18_May2019/QCD_HT1500to2000_TuneCP5_13TeV-madgraphMLM-pythia8/crab_job_QCD_HT1500-2000/190518_225842/0001/MC_QCD_HT1500-2000_1073.root
name: MC_QCD_HT1500-2000_1073.root
filenumber: 73
file path found: /hdfs/store/user/varuns/MC2018_Autumn18_May2019/QCD_HT1500to2000_TuneCP5_13TeV-madgraphMLM-pythia8/crab_job_QCD_HT1500-2000/190518_225842/0001/MC_QCD_HT1500-2000_1074.root
name: MC_QCD_HT1500-2000_1074.root
filenumber: 74
file path found: /hdfs/store/user/varuns/MC2018_Autumn18_May2019/QCD_HT1500to2000_TuneCP5_13TeV-madgraphMLM-pythia8/crab_job_QCD_HT1500-2000/190518_225842/0001/MC_QCD_HT1500-2000_1075.root
name: MC_QCD_HT1500-2000_1075.root
filenumber: 75
file path found: /hdfs/store/user/varuns/MC2018_Autumn18_May2019/QCD_HT1500to2000_TuneCP5_13TeV-madgraphMLM-pythia8/crab_job_QCD_HT1500-2000/190518_225842/0001/MC_QCD_HT1500-2000_1076.root
name: MC_QCD_HT1500-2000_1076.root
filenumber: 76
file path found: /hdfs/store/user/varuns/MC2018_Autumn18_May2019/QCD_HT1500to2000_TuneCP5_13TeV-madgraphMLM-pythia8/crab_job_QCD_HT1500-2000/190518_225842/0001/MC_QCD_HT1500-2000_1077.root
name: MC_QCD_HT1500-2000_1077.root
filenumber: 77
file path found: /hdfs/store/user/varuns/MC2018_Autumn18_May2019/QCD_HT1500to2000_TuneCP5_13TeV-madgraphMLM-pythia8/crab_job_QCD_HT1500-2000/190518_225842/0001/MC_QCD_HT1500-2000_1078.root
name: MC_QCD_HT1500-2000_1078.root
filenumber: 78
file path found: /hdfs/store/user/varuns/MC2018_Autumn18_May2019/QCD_HT1500to2000_TuneCP5_13TeV-madgraphMLM-pythia8/crab_job_QCD_HT1500-2000/190518_225842/0001/MC_QCD_HT1500-2000_1079.root
name: MC_QCD_HT1500-2000_1079.root
filenumber: 79
file path found: /hdfs/store/user/varuns/MC2018_Autumn18_May2019/QCD_HT1500to2000_TuneCP5_13TeV-madgraphMLM-pythia8/crab_job_QCD_HT1500-2000/190518_225842/0001/MC_QCD_HT1500-2000_1080.root
name: MC_QCD_HT1500-2000_1080.root
filenumber: 80
file path found: /hdfs/store/user/varuns/MC2018_Autumn18_May2019/QCD_HT1500to2000_TuneCP5_13TeV-madgraphMLM-pythia8/crab_job_QCD_HT1500-2000/190518_225842/0001/MC_QCD_HT1500-2000_1081.root
name: MC_QCD_HT1500-2000_1081.root
filenumber: 81
file path found: /hdfs/store/user/varuns/MC2018_Autumn18_May2019/QCD_HT1500to2000_TuneCP5_13TeV-madgraphMLM-pythia8/crab_job_QCD_HT1500-2000/190518_225842/0001/MC_QCD_HT1500-2000_1082.root
name: MC_QCD_HT1500-2000_1082.root
filenumber: 82
file path found: /hdfs/store/user/varuns/MC2018_Autumn18_May2019/QCD_HT1500to2000_TuneCP5_13TeV-madgraphMLM-pythia8/crab_job_QCD_HT1500-2000/190518_225842/0001/MC_QCD_HT1500-2000_1083.root
name: MC_QCD_HT1500-2000_1083.root
filenumber: 83
file path found: /hdfs/store/user/varuns/MC2018_Autumn18_May2019/QCD_HT1500to2000_TuneCP5_13TeV-madgraphMLM-pythia8/crab_job_QCD_HT1500-2000/190518_225842/0001/MC_QCD_HT1500-2000_1084.root
name: MC_QCD_HT1500-2000_1084.root
filenumber: 84
file path found: /hdfs/store/user/varuns/MC2018_Autumn18_May2019/QCD_HT1500to2000_TuneCP5_13TeV-madgraphMLM-pythia8/crab_job_QCD_HT1500-2000/190518_225842/0001/MC_QCD_HT1500-2000_1085.root
name: MC_QCD_HT1500-2000_1085.root
filenumber: 85
file path found: /hdfs/store/user/varuns/MC2018_Autumn18_May2019/QCD_HT1500to2000_TuneCP5_13TeV-madgraphMLM-pythia8/crab_job_QCD_HT1500-2000/190518_225842/0001/MC_QCD_HT1500-2000_1086.root
name: MC_QCD_HT1500-2000_1086.root
filenumber: 86
file path found: /hdfs/store/user/varuns/MC2018_Autumn18_May2019/QCD_HT1500to2000_TuneCP5_13TeV-madgraphMLM-pythia8/crab_job_QCD_HT1500-2000/190518_225842/0001/MC_QCD_HT1500-2000_1087.root
name: MC_QCD_HT1500-2000_1087.root
filenumber: 87
file path found: /hdfs/store/user/varuns/MC2018_Autumn18_May2019/QCD_HT1500to2000_TuneCP5_13TeV-madgraphMLM-pythia8/crab_job_QCD_HT1500-2000/190518_225842/0001/MC_QCD_HT1500-2000_1088.root
name: MC_QCD_HT1500-2000_1088.root
filenumber: 88
file path found: /hdfs/store/user/varuns/MC2018_Autumn18_May2019/QCD_HT1500to2000_TuneCP5_13TeV-madgraphMLM-pythia8/crab_job_QCD_HT1500-2000/190518_225842/0001/MC_QCD_HT1500-2000_1089.root
name: MC_QCD_HT1500-2000_1089.root
filenumber: 89
Adding FullPathInputFile to chain:/hdfs/store/user/varuns/MC2018_Autumn18_May2019/QCD_HT1500to2000_TuneCP5_13TeV-madgraphMLM-pythia8/crab_job_QCD_HT1500-2000/190518_225842/0001/MC_QCD_HT1500-2000_1089.root

file path found: /hdfs/store/user/varuns/MC2018_Autumn18_May2019/QCD_HT1500to2000_TuneCP5_13TeV-madgraphMLM-pythia8/crab_job_QCD_HT1500-2000/190518_225842/0001/MC_QCD_HT1500-2000_1090.root
name: MC_QCD_HT1500-2000_1090.root
filenumber: 90
Adding FullPathInputFile to chain:/hdfs/store/user/varuns/MC2018_Autumn18_May2019/QCD_HT1500to2000_TuneCP5_13TeV-madgraphMLM-pythia8/crab_job_QCD_HT1500-2000/190518_225842/0001/MC_QCD_HT1500-2000_1090.root

file path found: /hdfs/store/user/varuns/MC2018_Autumn18_May2019/QCD_HT1500to2000_TuneCP5_13TeV-madgraphMLM-pythia8/crab_job_QCD_HT1500-2000/190518_225842/0001/MC_QCD_HT1500-2000_1091.root
name: MC_QCD_HT1500-2000_1091.root
filenumber: 91
Adding FullPathInputFile to chain:/hdfs/store/user/varuns/MC2018_Autumn18_May2019/QCD_HT1500to2000_TuneCP5_13TeV-madgraphMLM-pythia8/crab_job_QCD_HT1500-2000/190518_225842/0001/MC_QCD_HT1500-2000_1091.root

file path found: /hdfs/store/user/varuns/MC2018_Autumn18_May2019/QCD_HT1500to2000_TuneCP5_13TeV-madgraphMLM-pythia8/crab_job_QCD_HT1500-2000/190518_225842/0001/MC_QCD_HT1500-2000_1092.root
name: MC_QCD_HT1500-2000_1092.root
filenumber: 92
Adding FullPathInputFile to chain:/hdfs/store/user/varuns/MC2018_Autumn18_May2019/QCD_HT1500to2000_TuneCP5_13TeV-madgraphMLM-pythia8/crab_job_QCD_HT1500-2000/190518_225842/0001/MC_QCD_HT1500-2000_1092.root

file path found: /hdfs/store/user/varuns/MC2018_Autumn18_May2019/QCD_HT1500to2000_TuneCP5_13TeV-madgraphMLM-pythia8/crab_job_QCD_HT1500-2000/190518_225842/0001/MC_QCD_HT1500-2000_1093.root
name: MC_QCD_HT1500-2000_1093.root
filenumber: 93
Adding FullPathInputFile to chain:/hdfs/store/user/varuns/MC2018_Autumn18_May2019/QCD_HT1500to2000_TuneCP5_13TeV-madgraphMLM-pythia8/crab_job_QCD_HT1500-2000/190518_225842/0001/MC_QCD_HT1500-2000_1093.root

file path found: /hdfs/store/user/varuns/MC2018_Autumn18_May2019/QCD_HT1500to2000_TuneCP5_13TeV-madgraphMLM-pythia8/crab_job_QCD_HT1500-2000/190518_225842/0001/MC_QCD_HT1500-2000_1094.root
name: MC_QCD_HT1500-2000_1094.root
filenumber: 94
Adding FullPathInputFile to chain:/hdfs/store/user/varuns/MC2018_Autumn18_May2019/QCD_HT1500to2000_TuneCP5_13TeV-madgraphMLM-pythia8/crab_job_QCD_HT1500-2000/190518_225842/0001/MC_QCD_HT1500-2000_1094.root

file path found: /hdfs/store/user/varuns/MC2018_Autumn18_May2019/QCD_HT1500to2000_TuneCP5_13TeV-madgraphMLM-pythia8/crab_job_QCD_HT1500-2000/190518_225842/0001/MC_QCD_HT1500-2000_1095.root
name: MC_QCD_HT1500-2000_1095.root
filenumber: 95
Adding FullPathInputFile to chain:/hdfs/store/user/varuns/MC2018_Autumn18_May2019/QCD_HT1500to2000_TuneCP5_13TeV-madgraphMLM-pythia8/crab_job_QCD_HT1500-2000/190518_225842/0001/MC_QCD_HT1500-2000_1095.root

file path found: /hdfs/store/user/varuns/MC2018_Autumn18_May2019/QCD_HT1500to2000_TuneCP5_13TeV-madgraphMLM-pythia8/crab_job_QCD_HT1500-2000/190518_225842/0001/MC_QCD_HT1500-2000_1096.root
name: MC_QCD_HT1500-2000_1096.root
filenumber: 96
Adding FullPathInputFile to chain:/hdfs/store/user/varuns/MC2018_Autumn18_May2019/QCD_HT1500to2000_TuneCP5_13TeV-madgraphMLM-pythia8/crab_job_QCD_HT1500-2000/190518_225842/0001/MC_QCD_HT1500-2000_1096.root

file path found: /hdfs/store/user/varuns/MC2018_Autumn18_May2019/QCD_HT1500to2000_TuneCP5_13TeV-madgraphMLM-pythia8/crab_job_QCD_HT1500-2000/190518_225842/0001/MC_QCD_HT1500-2000_1097.root
name: MC_QCD_HT1500-2000_1097.root
filenumber: 97
Adding FullPathInputFile to chain:/hdfs/store/user/varuns/MC2018_Autumn18_May2019/QCD_HT1500to2000_TuneCP5_13TeV-madgraphMLM-pythia8/crab_job_QCD_HT1500-2000/190518_225842/0001/MC_QCD_HT1500-2000_1097.root

file path found: /hdfs/store/user/varuns/MC2018_Autumn18_May2019/QCD_HT1500to2000_TuneCP5_13TeV-madgraphMLM-pythia8/crab_job_QCD_HT1500-2000/190518_225842/0001/MC_QCD_HT1500-2000_1098.root
name: MC_QCD_HT1500-2000_1098.root
filenumber: 98
Adding FullPathInputFile to chain:/hdfs/store/user/varuns/MC2018_Autumn18_May2019/QCD_HT1500to2000_TuneCP5_13TeV-madgraphMLM-pythia8/crab_job_QCD_HT1500-2000/190518_225842/0001/MC_QCD_HT1500-2000_1098.root

file path found: /hdfs/store/user/varuns/MC2018_Autumn18_May2019/QCD_HT1500to2000_TuneCP5_13TeV-madgraphMLM-pythia8/crab_job_QCD_HT1500-2000/190518_225842/0001/MC_QCD_HT1500-2000_1099.root
name: MC_QCD_HT1500-2000_1099.root
filenumber: 99
Adding FullPathInputFile to chain:/hdfs/store/user/varuns/MC2018_Autumn18_May2019/QCD_HT1500to2000_TuneCP5_13TeV-madgraphMLM-pythia8/crab_job_QCD_HT1500-2000/190518_225842/0001/MC_QCD_HT1500-2000_1099.root

file path found: /hdfs/store/user/varuns/MC2018_Autumn18_May2019/QCD_HT1500to2000_TuneCP5_13TeV-madgraphMLM-pythia8/crab_job_QCD_HT1500-2000/190518_225842/0001/MC_QCD_HT1500-2000_1100.root
name: MC_QCD_HT1500-2000_1100.root
filenumber: 100
Adding FullPathInputFile to chain:/hdfs/store/user/varuns/MC2018_Autumn18_May2019/QCD_HT1500to2000_TuneCP5_13TeV-madgraphMLM-pythia8/crab_job_QCD_HT1500-2000/190518_225842/0001/MC_QCD_HT1500-2000_1100.root

file path found: /hdfs/store/user/varuns/MC2018_Autumn18_May2019/QCD_HT1500to2000_TuneCP5_13TeV-madgraphMLM-pythia8/crab_job_QCD_HT1500-2000/190518_225842/0001/MC_QCD_HT1500-2000_1101.root
name: MC_QCD_HT1500-2000_1101.root
filenumber: 101
Adding FullPathInputFile to chain:/hdfs/store/user/varuns/MC2018_Autumn18_May2019/QCD_HT1500to2000_TuneCP5_13TeV-madgraphMLM-pythia8/crab_job_QCD_HT1500-2000/190518_225842/0001/MC_QCD_HT1500-2000_1101.root

file path found: /hdfs/store/user/varuns/MC2018_Autumn18_May2019/QCD_HT1500to2000_TuneCP5_13TeV-madgraphMLM-pythia8/crab_job_QCD_HT1500-2000/190518_225842/0001/MC_QCD_HT1500-2000_1102.root
name: MC_QCD_HT1500-2000_1102.root
filenumber: 102
Adding FullPathInputFile to chain:/hdfs/store/user/varuns/MC2018_Autumn18_May2019/QCD_HT1500to2000_TuneCP5_13TeV-madgraphMLM-pythia8/crab_job_QCD_HT1500-2000/190518_225842/0001/MC_QCD_HT1500-2000_1102.root

file path found: /hdfs/store/user/varuns/MC2018_Autumn18_May2019/QCD_HT1500to2000_TuneCP5_13TeV-madgraphMLM-pythia8/crab_job_QCD_HT1500-2000/190518_225842/0001/MC_QCD_HT1500-2000_1103.root
name: MC_QCD_HT1500-2000_1103.root
filenumber: 103
Adding FullPathInputFile to chain:/hdfs/store/user/varuns/MC2018_Autumn18_May2019/QCD_HT1500to2000_TuneCP5_13TeV-madgraphMLM-pythia8/crab_job_QCD_HT1500-2000/190518_225842/0001/MC_QCD_HT1500-2000_1103.root

file path found: /hdfs/store/user/varuns/MC2018_Autumn18_May2019/QCD_HT1500to2000_TuneCP5_13TeV-madgraphMLM-pythia8/crab_job_QCD_HT1500-2000/190518_225842/0001/MC_QCD_HT1500-2000_1104.root
name: MC_QCD_HT1500-2000_1104.root
filenumber: 104
Adding FullPathInputFile to chain:/hdfs/store/user/varuns/MC2018_Autumn18_May2019/QCD_HT1500to2000_TuneCP5_13TeV-madgraphMLM-pythia8/crab_job_QCD_HT1500-2000/190518_225842/0001/MC_QCD_HT1500-2000_1104.root

file path found: /hdfs/store/user/varuns/MC2018_Autumn18_May2019/QCD_HT1500to2000_TuneCP5_13TeV-madgraphMLM-pythia8/crab_job_QCD_HT1500-2000/190518_225842/0001/MC_QCD_HT1500-2000_1105.root
name: MC_QCD_HT1500-2000_1105.root
filenumber: 105
Adding FullPathInputFile to chain:/hdfs/store/user/varuns/MC2018_Autumn18_May2019/QCD_HT1500to2000_TuneCP5_13TeV-madgraphMLM-pythia8/crab_job_QCD_HT1500-2000/190518_225842/0001/MC_QCD_HT1500-2000_1105.root

file path found: /hdfs/store/user/varuns/MC2018_Autumn18_May2019/QCD_HT1500to2000_TuneCP5_13TeV-madgraphMLM-pythia8/crab_job_QCD_HT1500-2000/190518_225842/0001/MC_QCD_HT1500-2000_1106.root
name: MC_QCD_HT1500-2000_1106.root
filenumber: 106
Adding FullPathInputFile to chain:/hdfs/store/user/varuns/MC2018_Autumn18_May2019/QCD_HT1500to2000_TuneCP5_13TeV-madgraphMLM-pythia8/crab_job_QCD_HT1500-2000/190518_225842/0001/MC_QCD_HT1500-2000_1106.root

file path found: /hdfs/store/user/varuns/MC2018_Autumn18_May2019/QCD_HT1500to2000_TuneCP5_13TeV-madgraphMLM-pythia8/crab_job_QCD_HT1500-2000/190518_225842/0001/MC_QCD_HT1500-2000_1107.root
name: MC_QCD_HT1500-2000_1107.root
filenumber: 107
Adding FullPathInputFile to chain:/hdfs/store/user/varuns/MC2018_Autumn18_May2019/QCD_HT1500to2000_TuneCP5_13TeV-madgraphMLM-pythia8/crab_job_QCD_HT1500-2000/190518_225842/0001/MC_QCD_HT1500-2000_1107.root

file path found: /hdfs/store/user/varuns/MC2018_Autumn18_May2019/QCD_HT1500to2000_TuneCP5_13TeV-madgraphMLM-pythia8/crab_job_QCD_HT1500-2000/190518_225842/0001/MC_QCD_HT1500-2000_1108.root
name: MC_QCD_HT1500-2000_1108.root
filenumber: 108
Adding FullPathInputFile to chain:/hdfs/store/user/varuns/MC2018_Autumn18_May2019/QCD_HT1500to2000_TuneCP5_13TeV-madgraphMLM-pythia8/crab_job_QCD_HT1500-2000/190518_225842/0001/MC_QCD_HT1500-2000_1108.root

file path found: /hdfs/store/user/varuns/MC2018_Autumn18_May2019/QCD_HT1500to2000_TuneCP5_13TeV-madgraphMLM-pythia8/crab_job_QCD_HT1500-2000/190518_225842/0001/MC_QCD_HT1500-2000_1109.root
name: MC_QCD_HT1500-2000_1109.root
filenumber: 109
Adding FullPathInputFile to chain:/hdfs/store/user/varuns/MC2018_Autumn18_May2019/QCD_HT1500to2000_TuneCP5_13TeV-madgraphMLM-pythia8/crab_job_QCD_HT1500-2000/190518_225842/0001/MC_QCD_HT1500-2000_1109.root

file path found: /hdfs/store/user/varuns/MC2018_Autumn18_May2019/QCD_HT1500to2000_TuneCP5_13TeV-madgraphMLM-pythia8/crab_job_QCD_HT1500-2000/190518_225842/0001/MC_QCD_HT1500-2000_1110.root
name: MC_QCD_HT1500-2000_1110.root
filenumber: 110
Adding FullPathInputFile to chain:/hdfs/store/user/varuns/MC2018_Autumn18_May2019/QCD_HT1500to2000_TuneCP5_13TeV-madgraphMLM-pythia8/crab_job_QCD_HT1500-2000/190518_225842/0001/MC_QCD_HT1500-2000_1110.root

file path found: /hdfs/store/user/varuns/MC2018_Autumn18_May2019/QCD_HT1500to2000_TuneCP5_13TeV-madgraphMLM-pythia8/crab_job_QCD_HT1500-2000/190518_225842/0001/MC_QCD_HT1500-2000_1111.root
name: MC_QCD_HT1500-2000_1111.root
filenumber: 111
Adding FullPathInputFile to chain:/hdfs/store/user/varuns/MC2018_Autumn18_May2019/QCD_HT1500to2000_TuneCP5_13TeV-madgraphMLM-pythia8/crab_job_QCD_HT1500-2000/190518_225842/0001/MC_QCD_HT1500-2000_1111.root

file path found: /hdfs/store/user/varuns/MC2018_Autumn18_May2019/QCD_HT1500to2000_TuneCP5_13TeV-madgraphMLM-pythia8/crab_job_QCD_HT1500-2000/190518_225842/0001/MC_QCD_HT1500-2000_1112.root
name: MC_QCD_HT1500-2000_1112.root
filenumber: 112
Adding FullPathInputFile to chain:/hdfs/store/user/varuns/MC2018_Autumn18_May2019/QCD_HT1500to2000_TuneCP5_13TeV-madgraphMLM-pythia8/crab_job_QCD_HT1500-2000/190518_225842/0001/MC_QCD_HT1500-2000_1112.root

file path found: /hdfs/store/user/varuns/MC2018_Autumn18_May2019/QCD_HT1500to2000_TuneCP5_13TeV-madgraphMLM-pythia8/crab_job_QCD_HT1500-2000/190518_225842/0001/MC_QCD_HT1500-2000_1113.root
name: MC_QCD_HT1500-2000_1113.root
filenumber: 113
Adding FullPathInputFile to chain:/hdfs/store/user/varuns/MC2018_Autumn18_May2019/QCD_HT1500to2000_TuneCP5_13TeV-madgraphMLM-pythia8/crab_job_QCD_HT1500-2000/190518_225842/0001/MC_QCD_HT1500-2000_1113.root

file path found: /hdfs/store/user/varuns/MC2018_Autumn18_May2019/QCD_HT1500to2000_TuneCP5_13TeV-madgraphMLM-pythia8/crab_job_QCD_HT1500-2000/190518_225842/0001/MC_QCD_HT1500-2000_1114.root
name: MC_QCD_HT1500-2000_1114.root
filenumber: 114
Adding FullPathInputFile to chain:/hdfs/store/user/varuns/MC2018_Autumn18_May2019/QCD_HT1500to2000_TuneCP5_13TeV-madgraphMLM-pythia8/crab_job_QCD_HT1500-2000/190518_225842/0001/MC_QCD_HT1500-2000_1114.root

file path found: /hdfs/store/user/varuns/MC2018_Autumn18_May2019/QCD_HT1500to2000_TuneCP5_13TeV-madgraphMLM-pythia8/crab_job_QCD_HT1500-2000/190518_225842/0001/MC_QCD_HT1500-2000_1115.root
name: MC_QCD_HT1500-2000_1115.root
filenumber: 115
Adding FullPathInputFile to chain:/hdfs/store/user/varuns/MC2018_Autumn18_May2019/QCD_HT1500to2000_TuneCP5_13TeV-madgraphMLM-pythia8/crab_job_QCD_HT1500-2000/190518_225842/0001/MC_QCD_HT1500-2000_1115.root

file path found: /hdfs/store/user/varuns/MC2018_Autumn18_May2019/QCD_HT1500to2000_TuneCP5_13TeV-madgraphMLM-pythia8/crab_job_QCD_HT1500-2000/190518_225842/0001/MC_QCD_HT1500-2000_1116.root
name: MC_QCD_HT1500-2000_1116.root
filenumber: 116
Adding FullPathInputFile to chain:/hdfs/store/user/varuns/MC2018_Autumn18_May2019/QCD_HT1500to2000_TuneCP5_13TeV-madgraphMLM-pythia8/crab_job_QCD_HT1500-2000/190518_225842/0001/MC_QCD_HT1500-2000_1116.root

file path found: /hdfs/store/user/varuns/MC2018_Autumn18_May2019/QCD_HT1500to2000_TuneCP5_13TeV-madgraphMLM-pythia8/crab_job_QCD_HT1500-2000/190518_225842/0001/MC_QCD_HT1500-2000_1117.root
name: MC_QCD_HT1500-2000_1117.root
filenumber: 117
Adding FullPathInputFile to chain:/hdfs/store/user/varuns/MC2018_Autumn18_May2019/QCD_HT1500to2000_TuneCP5_13TeV-madgraphMLM-pythia8/crab_job_QCD_HT1500-2000/190518_225842/0001/MC_QCD_HT1500-2000_1117.root

file path found: /hdfs/store/user/varuns/MC2018_Autumn18_May2019/QCD_HT1500to2000_TuneCP5_13TeV-madgraphMLM-pythia8/crab_job_QCD_HT1500-2000/190518_225842/0001/MC_QCD_HT1500-2000_1118.root
name: MC_QCD_HT1500-2000_1118.root
filenumber: 118
Adding FullPathInputFile to chain:/hdfs/store/user/varuns/MC2018_Autumn18_May2019/QCD_HT1500to2000_TuneCP5_13TeV-madgraphMLM-pythia8/crab_job_QCD_HT1500-2000/190518_225842/0001/MC_QCD_HT1500-2000_1118.root

file path found: /hdfs/store/user/varuns/MC2018_Autumn18_May2019/QCD_HT1500to2000_TuneCP5_13TeV-madgraphMLM-pythia8/crab_job_QCD_HT1500-2000/190518_225842/0001/MC_QCD_HT1500-2000_1119.root
name: MC_QCD_HT1500-2000_1119.root
filenumber: 119
Adding FullPathInputFile to chain:/hdfs/store/user/varuns/MC2018_Autumn18_May2019/QCD_HT1500to2000_TuneCP5_13TeV-madgraphMLM-pythia8/crab_job_QCD_HT1500-2000/190518_225842/0001/MC_QCD_HT1500-2000_1119.root

file path found: /hdfs/store/user/varuns/MC2018_Autumn18_May2019/QCD_HT1500to2000_TuneCP5_13TeV-madgraphMLM-pythia8/crab_job_QCD_HT1500-2000/190518_225842/0001/MC_QCD_HT1500-2000_1120.root
name: MC_QCD_HT1500-2000_1120.root
filenumber: 120
Adding FullPathInputFile to chain:/hdfs/store/user/varuns/MC2018_Autumn18_May2019/QCD_HT1500to2000_TuneCP5_13TeV-madgraphMLM-pythia8/crab_job_QCD_HT1500-2000/190518_225842/0001/MC_QCD_HT1500-2000_1120.root

file path found: /hdfs/store/user/varuns/MC2018_Autumn18_May2019/QCD_HT1500to2000_TuneCP5_13TeV-madgraphMLM-pythia8/crab_job_QCD_HT1500-2000/190518_225842/0001/MC_QCD_HT1500-2000_1121.root
name: MC_QCD_HT1500-2000_1121.root
filenumber: 121
Adding FullPathInputFile to chain:/hdfs/store/user/varuns/MC2018_Autumn18_May2019/QCD_HT1500to2000_TuneCP5_13TeV-madgraphMLM-pythia8/crab_job_QCD_HT1500-2000/190518_225842/0001/MC_QCD_HT1500-2000_1121.root

file path found: /hdfs/store/user/varuns/MC2018_Autumn18_May2019/QCD_HT1500to2000_TuneCP5_13TeV-madgraphMLM-pythia8/crab_job_QCD_HT1500-2000/190518_225842/0001/MC_QCD_HT1500-2000_1122.root
name: MC_QCD_HT1500-2000_1122.root
filenumber: 122
Adding FullPathInputFile to chain:/hdfs/store/user/varuns/MC2018_Autumn18_May2019/QCD_HT1500to2000_TuneCP5_13TeV-madgraphMLM-pythia8/crab_job_QCD_HT1500-2000/190518_225842/0001/MC_QCD_HT1500-2000_1122.root

file path found: /hdfs/store/user/varuns/MC2018_Autumn18_May2019/QCD_HT1500to2000_TuneCP5_13TeV-madgraphMLM-pythia8/crab_job_QCD_HT1500-2000/190518_225842/0001/MC_QCD_HT1500-2000_1123.root
name: MC_QCD_HT1500-2000_1123.root
filenumber: 123
Adding FullPathInputFile to chain:/hdfs/store/user/varuns/MC2018_Autumn18_May2019/QCD_HT1500to2000_TuneCP5_13TeV-madgraphMLM-pythia8/crab_job_QCD_HT1500-2000/190518_225842/0001/MC_QCD_HT1500-2000_1123.root

file path found: /hdfs/store/user/varuns/MC2018_Autumn18_May2019/QCD_HT1500to2000_TuneCP5_13TeV-madgraphMLM-pythia8/crab_job_QCD_HT1500-2000/190518_225842/0001/MC_QCD_HT1500-2000_1124.root
name: MC_QCD_HT1500-2000_1124.root
filenumber: 124
Adding FullPathInputFile to chain:/hdfs/store/user/varuns/MC2018_Autumn18_May2019/QCD_HT1500to2000_TuneCP5_13TeV-madgraphMLM-pythia8/crab_job_QCD_HT1500-2000/190518_225842/0001/MC_QCD_HT1500-2000_1124.root

file path found: /hdfs/store/user/varuns/MC2018_Autumn18_May2019/QCD_HT1500to2000_TuneCP5_13TeV-madgraphMLM-pythia8/crab_job_QCD_HT1500-2000/190518_225842/0001/MC_QCD_HT1500-2000_1125.root
name: MC_QCD_HT1500-2000_1125.root
filenumber: 125
Adding FullPathInputFile to chain:/hdfs/store/user/varuns/MC2018_Autumn18_May2019/QCD_HT1500to2000_TuneCP5_13TeV-madgraphMLM-pythia8/crab_job_QCD_HT1500-2000/190518_225842/0001/MC_QCD_HT1500-2000_1125.root

file path found: /hdfs/store/user/varuns/MC2018_Autumn18_May2019/QCD_HT1500to2000_TuneCP5_13TeV-madgraphMLM-pythia8/crab_job_QCD_HT1500-2000/190518_225842/0001/MC_QCD_HT1500-2000_1126.root
name: MC_QCD_HT1500-2000_1126.root
filenumber: 126
Adding FullPathInputFile to chain:/hdfs/store/user/varuns/MC2018_Autumn18_May2019/QCD_HT1500to2000_TuneCP5_13TeV-madgraphMLM-pythia8/crab_job_QCD_HT1500-2000/190518_225842/0001/MC_QCD_HT1500-2000_1126.root

file path found: /hdfs/store/user/varuns/MC2018_Autumn18_May2019/QCD_HT1500to2000_TuneCP5_13TeV-madgraphMLM-pythia8/crab_job_QCD_HT1500-2000/190518_225842/0001/MC_QCD_HT1500-2000_1127.root
name: MC_QCD_HT1500-2000_1127.root
filenumber: 127
Adding FullPathInputFile to chain:/hdfs/store/user/varuns/MC2018_Autumn18_May2019/QCD_HT1500to2000_TuneCP5_13TeV-madgraphMLM-pythia8/crab_job_QCD_HT1500-2000/190518_225842/0001/MC_QCD_HT1500-2000_1127.root

file path found: /hdfs/store/user/varuns/MC2018_Autumn18_May2019/QCD_HT1500to2000_TuneCP5_13TeV-madgraphMLM-pythia8/crab_job_QCD_HT1500-2000/190518_225842/0001/MC_QCD_HT1500-2000_1128.root
name: MC_QCD_HT1500-2000_1128.root
filenumber: 128
Adding FullPathInputFile to chain:/hdfs/store/user/varuns/MC2018_Autumn18_May2019/QCD_HT1500to2000_TuneCP5_13TeV-madgraphMLM-pythia8/crab_job_QCD_HT1500-2000/190518_225842/0001/MC_QCD_HT1500-2000_1128.root

file path found: /hdfs/store/user/varuns/MC2018_Autumn18_May2019/QCD_HT1500to2000_TuneCP5_13TeV-madgraphMLM-pythia8/crab_job_QCD_HT1500-2000/190518_225842/0001/MC_QCD_HT1500-2000_1129.root
name: MC_QCD_HT1500-2000_1129.root
filenumber: 129
Adding FullPathInputFile to chain:/hdfs/store/user/varuns/MC2018_Autumn18_May2019/QCD_HT1500to2000_TuneCP5_13TeV-madgraphMLM-pythia8/crab_job_QCD_HT1500-2000/190518_225842/0001/MC_QCD_HT1500-2000_1129.root

file path found: /hdfs/store/user/varuns/MC2018_Autumn18_May2019/QCD_HT1500to2000_TuneCP5_13TeV-madgraphMLM-pythia8/crab_job_QCD_HT1500-2000/190518_225842/0001/MC_QCD_HT1500-2000_1130.root
name: MC_QCD_HT1500-2000_1130.root
filenumber: 130
Adding FullPathInputFile to chain:/hdfs/store/user/varuns/MC2018_Autumn18_May2019/QCD_HT1500to2000_TuneCP5_13TeV-madgraphMLM-pythia8/crab_job_QCD_HT1500-2000/190518_225842/0001/MC_QCD_HT1500-2000_1130.root

file path found: /hdfs/store/user/varuns/MC2018_Autumn18_May2019/QCD_HT1500to2000_TuneCP5_13TeV-madgraphMLM-pythia8/crab_job_QCD_HT1500-2000/190518_225842/0001/MC_QCD_HT1500-2000_1131.root
name: MC_QCD_HT1500-2000_1131.root
filenumber: 131
Adding FullPathInputFile to chain:/hdfs/store/user/varuns/MC2018_Autumn18_May2019/QCD_HT1500to2000_TuneCP5_13TeV-madgraphMLM-pythia8/crab_job_QCD_HT1500-2000/190518_225842/0001/MC_QCD_HT1500-2000_1131.root

file path found: /hdfs/store/user/varuns/MC2018_Autumn18_May2019/QCD_HT1500to2000_TuneCP5_13TeV-madgraphMLM-pythia8/crab_job_QCD_HT1500-2000/190518_225842/0001/MC_QCD_HT1500-2000_1132.root
name: MC_QCD_HT1500-2000_1132.root
filenumber: 132
Adding FullPathInputFile to chain:/hdfs/store/user/varuns/MC2018_Autumn18_May2019/QCD_HT1500to2000_TuneCP5_13TeV-madgraphMLM-pythia8/crab_job_QCD_HT1500-2000/190518_225842/0001/MC_QCD_HT1500-2000_1132.root

file path found: /hdfs/store/user/varuns/MC2018_Autumn18_May2019/QCD_HT1500to2000_TuneCP5_13TeV-madgraphMLM-pythia8/crab_job_QCD_HT1500-2000/190518_225842/0001/MC_QCD_HT1500-2000_1133.root
name: MC_QCD_HT1500-2000_1133.root
filenumber: 133
Adding FullPathInputFile to chain:/hdfs/store/user/varuns/MC2018_Autumn18_May2019/QCD_HT1500to2000_TuneCP5_13TeV-madgraphMLM-pythia8/crab_job_QCD_HT1500-2000/190518_225842/0001/MC_QCD_HT1500-2000_1133.root

file path found: /hdfs/store/user/varuns/MC2018_Autumn18_May2019/QCD_HT1500to2000_TuneCP5_13TeV-madgraphMLM-pythia8/crab_job_QCD_HT1500-2000/190518_225842/0001/MC_QCD_HT1500-2000_1134.root
name: MC_QCD_HT1500-2000_1134.root
filenumber: 134
Adding FullPathInputFile to chain:/hdfs/store/user/varuns/MC2018_Autumn18_May2019/QCD_HT1500to2000_TuneCP5_13TeV-madgraphMLM-pythia8/crab_job_QCD_HT1500-2000/190518_225842/0001/MC_QCD_HT1500-2000_1134.root

file path found: /hdfs/store/user/varuns/MC2018_Autumn18_May2019/QCD_HT1500to2000_TuneCP5_13TeV-madgraphMLM-pythia8/crab_job_QCD_HT1500-2000/190518_225842/0001/MC_QCD_HT1500-2000_1135.root
name: MC_QCD_HT1500-2000_1135.root
filenumber: 135
Adding FullPathInputFile to chain:/hdfs/store/user/varuns/MC2018_Autumn18_May2019/QCD_HT1500to2000_TuneCP5_13TeV-madgraphMLM-pythia8/crab_job_QCD_HT1500-2000/190518_225842/0001/MC_QCD_HT1500-2000_1135.root

file path found: /hdfs/store/user/varuns/MC2018_Autumn18_May2019/QCD_HT1500to2000_TuneCP5_13TeV-madgraphMLM-pythia8/crab_job_QCD_HT1500-2000/190518_225842/0001/MC_QCD_HT1500-2000_1136.root
name: MC_QCD_HT1500-2000_1136.root
filenumber: 136
Adding FullPathInputFile to chain:/hdfs/store/user/varuns/MC2018_Autumn18_May2019/QCD_HT1500to2000_TuneCP5_13TeV-madgraphMLM-pythia8/crab_job_QCD_HT1500-2000/190518_225842/0001/MC_QCD_HT1500-2000_1136.root

file path found: /hdfs/store/user/varuns/MC2018_Autumn18_May2019/QCD_HT1500to2000_TuneCP5_13TeV-madgraphMLM-pythia8/crab_job_QCD_HT1500-2000/190518_225842/0001/MC_QCD_HT1500-2000_1137.root
name: MC_QCD_HT1500-2000_1137.root
filenumber: 137
Adding FullPathInputFile to chain:/hdfs/store/user/varuns/MC2018_Autumn18_May2019/QCD_HT1500to2000_TuneCP5_13TeV-madgraphMLM-pythia8/crab_job_QCD_HT1500-2000/190518_225842/0001/MC_QCD_HT1500-2000_1137.root

file path found: /hdfs/store/user/varuns/MC2018_Autumn18_May2019/QCD_HT1500to2000_TuneCP5_13TeV-madgraphMLM-pythia8/crab_job_QCD_HT1500-2000/190518_225842/0001/MC_QCD_HT1500-2000_1138.root
name: MC_QCD_HT1500-2000_1138.root
filenumber: 138
Adding FullPathInputFile to chain:/hdfs/store/user/varuns/MC2018_Autumn18_May2019/QCD_HT1500to2000_TuneCP5_13TeV-madgraphMLM-pythia8/crab_job_QCD_HT1500-2000/190518_225842/0001/MC_QCD_HT1500-2000_1138.root

file path found: /hdfs/store/user/varuns/MC2018_Autumn18_May2019/QCD_HT1500to2000_TuneCP5_13TeV-madgraphMLM-pythia8/crab_job_QCD_HT1500-2000/190518_225842/0001/MC_QCD_HT1500-2000_1139.root
name: MC_QCD_HT1500-2000_1139.root
filenumber: 139
Adding FullPathInputFile to chain:/hdfs/store/user/varuns/MC2018_Autumn18_May2019/QCD_HT1500to2000_TuneCP5_13TeV-madgraphMLM-pythia8/crab_job_QCD_HT1500-2000/190518_225842/0001/MC_QCD_HT1500-2000_1139.root

file path found: /hdfs/store/user/varuns/MC2018_Autumn18_May2019/QCD_HT1500to2000_TuneCP5_13TeV-madgraphMLM-pythia8/crab_job_QCD_HT1500-2000/190518_225842/0001/MC_QCD_HT1500-2000_1140.root
name: MC_QCD_HT1500-2000_1140.root
filenumber: 140
Adding FullPathInputFile to chain:/hdfs/store/user/varuns/MC2018_Autumn18_May2019/QCD_HT1500to2000_TuneCP5_13TeV-madgraphMLM-pythia8/crab_job_QCD_HT1500-2000/190518_225842/0001/MC_QCD_HT1500-2000_1140.root

file path found: /hdfs/store/user/varuns/MC2018_Autumn18_May2019/QCD_HT1500to2000_TuneCP5_13TeV-madgraphMLM-pythia8/crab_job_QCD_HT1500-2000/190518_225842/0001/MC_QCD_HT1500-2000_1141.root
name: MC_QCD_HT1500-2000_1141.root
filenumber: 141
Adding FullPathInputFile to chain:/hdfs/store/user/varuns/MC2018_Autumn18_May2019/QCD_HT1500to2000_TuneCP5_13TeV-madgraphMLM-pythia8/crab_job_QCD_HT1500-2000/190518_225842/0001/MC_QCD_HT1500-2000_1141.root

file path found: /hdfs/store/user/varuns/MC2018_Autumn18_May2019/QCD_HT1500to2000_TuneCP5_13TeV-madgraphMLM-pythia8/crab_job_QCD_HT1500-2000/190518_225842/0001/MC_QCD_HT1500-2000_1142.root
name: MC_QCD_HT1500-2000_1142.root
filenumber: 142
Adding FullPathInputFile to chain:/hdfs/store/user/varuns/MC2018_Autumn18_May2019/QCD_HT1500to2000_TuneCP5_13TeV-madgraphMLM-pythia8/crab_job_QCD_HT1500-2000/190518_225842/0001/MC_QCD_HT1500-2000_1142.root

file path found: /hdfs/store/user/varuns/MC2018_Autumn18_May2019/QCD_HT1500to2000_TuneCP5_13TeV-madgraphMLM-pythia8/crab_job_QCD_HT1500-2000/190518_225842/0001/MC_QCD_HT1500-2000_1143.root
name: MC_QCD_HT1500-2000_1143.root
filenumber: 143
Adding FullPathInputFile to chain:/hdfs/store/user/varuns/MC2018_Autumn18_May2019/QCD_HT1500to2000_TuneCP5_13TeV-madgraphMLM-pythia8/crab_job_QCD_HT1500-2000/190518_225842/0001/MC_QCD_HT1500-2000_1143.root

file path found: /hdfs/store/user/varuns/MC2018_Autumn18_May2019/QCD_HT1500to2000_TuneCP5_13TeV-madgraphMLM-pythia8/crab_job_QCD_HT1500-2000/190518_225842/0001/MC_QCD_HT1500-2000_1144.root
name: MC_QCD_HT1500-2000_1144.root
filenumber: 144
Adding FullPathInputFile to chain:/hdfs/store/user/varuns/MC2018_Autumn18_May2019/QCD_HT1500to2000_TuneCP5_13TeV-madgraphMLM-pythia8/crab_job_QCD_HT1500-2000/190518_225842/0001/MC_QCD_HT1500-2000_1144.root

file path found: /hdfs/store/user/varuns/MC2018_Autumn18_May2019/QCD_HT1500to2000_TuneCP5_13TeV-madgraphMLM-pythia8/crab_job_QCD_HT1500-2000/190518_225842/0001/MC_QCD_HT1500-2000_1145.root
name: MC_QCD_HT1500-2000_1145.root
filenumber: 145
Adding FullPathInputFile to chain:/hdfs/store/user/varuns/MC2018_Autumn18_May2019/QCD_HT1500to2000_TuneCP5_13TeV-madgraphMLM-pythia8/crab_job_QCD_HT1500-2000/190518_225842/0001/MC_QCD_HT1500-2000_1145.root

file path found: /hdfs/store/user/varuns/MC2018_Autumn18_May2019/QCD_HT1500to2000_TuneCP5_13TeV-madgraphMLM-pythia8/crab_job_QCD_HT1500-2000/190518_225842/0001/MC_QCD_HT1500-2000_1146.root
name: MC_QCD_HT1500-2000_1146.root
filenumber: 146
Adding FullPathInputFile to chain:/hdfs/store/user/varuns/MC2018_Autumn18_May2019/QCD_HT1500to2000_TuneCP5_13TeV-madgraphMLM-pythia8/crab_job_QCD_HT1500-2000/190518_225842/0001/MC_QCD_HT1500-2000_1146.root

file path found: /hdfs/store/user/varuns/MC2018_Autumn18_May2019/QCD_HT1500to2000_TuneCP5_13TeV-madgraphMLM-pythia8/crab_job_QCD_HT1500-2000/190518_225842/0001/MC_QCD_HT1500-2000_1147.root
name: MC_QCD_HT1500-2000_1147.root
filenumber: 147
Adding FullPathInputFile to chain:/hdfs/store/user/varuns/MC2018_Autumn18_May2019/QCD_HT1500to2000_TuneCP5_13TeV-madgraphMLM-pythia8/crab_job_QCD_HT1500-2000/190518_225842/0001/MC_QCD_HT1500-2000_1147.root

file path found: /hdfs/store/user/varuns/MC2018_Autumn18_May2019/QCD_HT1500to2000_TuneCP5_13TeV-madgraphMLM-pythia8/crab_job_QCD_HT1500-2000/190518_225842/0001/MC_QCD_HT1500-2000_1148.root
name: MC_QCD_HT1500-2000_1148.root
filenumber: 148
Adding FullPathInputFile to chain:/hdfs/store/user/varuns/MC2018_Autumn18_May2019/QCD_HT1500to2000_TuneCP5_13TeV-madgraphMLM-pythia8/crab_job_QCD_HT1500-2000/190518_225842/0001/MC_QCD_HT1500-2000_1148.root

file path found: /hdfs/store/user/varuns/MC2018_Autumn18_May2019/QCD_HT1500to2000_TuneCP5_13TeV-madgraphMLM-pythia8/crab_job_QCD_HT1500-2000/190518_225842/0001/MC_QCD_HT1500-2000_1149.root
name: MC_QCD_HT1500-2000_1149.root
filenumber: 149
Adding FullPathInputFile to chain:/hdfs/store/user/varuns/MC2018_Autumn18_May2019/QCD_HT1500to2000_TuneCP5_13TeV-madgraphMLM-pythia8/crab_job_QCD_HT1500-2000/190518_225842/0001/MC_QCD_HT1500-2000_1149.root

file path found: /hdfs/store/user/varuns/MC2018_Autumn18_May2019/QCD_HT1500to2000_TuneCP5_13TeV-madgraphMLM-pythia8/crab_job_QCD_HT1500-2000/190518_225842/0001/MC_QCD_HT1500-2000_1150.root
name: MC_QCD_HT1500-2000_1150.root
filenumber: 150
Adding FullPathInputFile to chain:/hdfs/store/user/varuns/MC2018_Autumn18_May2019/QCD_HT1500to2000_TuneCP5_13TeV-madgraphMLM-pythia8/crab_job_QCD_HT1500-2000/190518_225842/0001/MC_QCD_HT1500-2000_1150.root

file path found: /hdfs/store/user/varuns/MC2018_Autumn18_May2019/QCD_HT1500to2000_TuneCP5_13TeV-madgraphMLM-pythia8/crab_job_QCD_HT1500-2000/190518_225842/0001/MC_QCD_HT1500-2000_1151.root
name: MC_QCD_HT1500-2000_1151.root
filenumber: 151
Adding FullPathInputFile to chain:/hdfs/store/user/varuns/MC2018_Autumn18_May2019/QCD_HT1500to2000_TuneCP5_13TeV-madgraphMLM-pythia8/crab_job_QCD_HT1500-2000/190518_225842/0001/MC_QCD_HT1500-2000_1151.root

file path found: /hdfs/store/user/varuns/MC2018_Autumn18_May2019/QCD_HT1500to2000_TuneCP5_13TeV-madgraphMLM-pythia8/crab_job_QCD_HT1500-2000/190518_225842/0001/MC_QCD_HT1500-2000_1152.root
name: MC_QCD_HT1500-2000_1152.root
filenumber: 152
Adding FullPathInputFile to chain:/hdfs/store/user/varuns/MC2018_Autumn18_May2019/QCD_HT1500to2000_TuneCP5_13TeV-madgraphMLM-pythia8/crab_job_QCD_HT1500-2000/190518_225842/0001/MC_QCD_HT1500-2000_1152.root

file path found: /hdfs/store/user/varuns/MC2018_Autumn18_May2019/QCD_HT1500to2000_TuneCP5_13TeV-madgraphMLM-pythia8/crab_job_QCD_HT1500-2000/190518_225842/0001/MC_QCD_HT1500-2000_1153.root
name: MC_QCD_HT1500-2000_1153.root
filenumber: 153
Adding FullPathInputFile to chain:/hdfs/store/user/varuns/MC2018_Autumn18_May2019/QCD_HT1500to2000_TuneCP5_13TeV-madgraphMLM-pythia8/crab_job_QCD_HT1500-2000/190518_225842/0001/MC_QCD_HT1500-2000_1153.root

file path found: /hdfs/store/user/varuns/MC2018_Autumn18_May2019/QCD_HT1500to2000_TuneCP5_13TeV-madgraphMLM-pythia8/crab_job_QCD_HT1500-2000/190518_225842/0001/MC_QCD_HT1500-2000_1154.root
name: MC_QCD_HT1500-2000_1154.root
filenumber: 154
Adding FullPathInputFile to chain:/hdfs/store/user/varuns/MC2018_Autumn18_May2019/QCD_HT1500to2000_TuneCP5_13TeV-madgraphMLM-pythia8/crab_job_QCD_HT1500-2000/190518_225842/0001/MC_QCD_HT1500-2000_1154.root

file path found: /hdfs/store/user/varuns/MC2018_Autumn18_May2019/QCD_HT1500to2000_TuneCP5_13TeV-madgraphMLM-pythia8/crab_job_QCD_HT1500-2000/190518_225842/0001/MC_QCD_HT1500-2000_1155.root
name: MC_QCD_HT1500-2000_1155.root
filenumber: 155
Adding FullPathInputFile to chain:/hdfs/store/user/varuns/MC2018_Autumn18_May2019/QCD_HT1500to2000_TuneCP5_13TeV-madgraphMLM-pythia8/crab_job_QCD_HT1500-2000/190518_225842/0001/MC_QCD_HT1500-2000_1155.root

file path found: /hdfs/store/user/varuns/MC2018_Autumn18_May2019/QCD_HT1500to2000_TuneCP5_13TeV-madgraphMLM-pythia8/crab_job_QCD_HT1500-2000/190518_225842/0001/MC_QCD_HT1500-2000_1156.root
name: MC_QCD_HT1500-2000_1156.root
filenumber: 156
Adding FullPathInputFile to chain:/hdfs/store/user/varuns/MC2018_Autumn18_May2019/QCD_HT1500to2000_TuneCP5_13TeV-madgraphMLM-pythia8/crab_job_QCD_HT1500-2000/190518_225842/0001/MC_QCD_HT1500-2000_1156.root

file path found: /hdfs/store/user/varuns/MC2018_Autumn18_May2019/QCD_HT1500to2000_TuneCP5_13TeV-madgraphMLM-pythia8/crab_job_QCD_HT1500-2000/190518_225842/0001/MC_QCD_HT1500-2000_1157.root
name: MC_QCD_HT1500-2000_1157.root
filenumber: 157
Adding FullPathInputFile to chain:/hdfs/store/user/varuns/MC2018_Autumn18_May2019/QCD_HT1500to2000_TuneCP5_13TeV-madgraphMLM-pythia8/crab_job_QCD_HT1500-2000/190518_225842/0001/MC_QCD_HT1500-2000_1157.root

file path found: /hdfs/store/user/varuns/MC2018_Autumn18_May2019/QCD_HT1500to2000_TuneCP5_13TeV-madgraphMLM-pythia8/crab_job_QCD_HT1500-2000/190518_225842/0001/MC_QCD_HT1500-2000_1158.root
name: MC_QCD_HT1500-2000_1158.root
filenumber: 158
Adding FullPathInputFile to chain:/hdfs/store/user/varuns/MC2018_Autumn18_May2019/QCD_HT1500to2000_TuneCP5_13TeV-madgraphMLM-pythia8/crab_job_QCD_HT1500-2000/190518_225842/0001/MC_QCD_HT1500-2000_1158.root

file path found: /hdfs/store/user/varuns/MC2018_Autumn18_May2019/QCD_HT1500to2000_TuneCP5_13TeV-madgraphMLM-pythia8/crab_job_QCD_HT1500-2000/190518_225842/0001/MC_QCD_HT1500-2000_1159.root
name: MC_QCD_HT1500-2000_1159.root
filenumber: 159
Adding FullPathInputFile to chain:/hdfs/store/user/varuns/MC2018_Autumn18_May2019/QCD_HT1500to2000_TuneCP5_13TeV-madgraphMLM-pythia8/crab_job_QCD_HT1500-2000/190518_225842/0001/MC_QCD_HT1500-2000_1159.root

file path found: /hdfs/store/user/varuns/MC2018_Autumn18_May2019/QCD_HT1500to2000_TuneCP5_13TeV-madgraphMLM-pythia8/crab_job_QCD_HT1500-2000/190518_225842/0001/MC_QCD_HT1500-2000_1160.root
name: MC_QCD_HT1500-2000_1160.root
filenumber: 160
Adding FullPathInputFile to chain:/hdfs/store/user/varuns/MC2018_Autumn18_May2019/QCD_HT1500to2000_TuneCP5_13TeV-madgraphMLM-pythia8/crab_job_QCD_HT1500-2000/190518_225842/0001/MC_QCD_HT1500-2000_1160.root

file path found: /hdfs/store/user/varuns/MC2018_Autumn18_May2019/QCD_HT1500to2000_TuneCP5_13TeV-madgraphMLM-pythia8/crab_job_QCD_HT1500-2000/190518_225842/0001/MC_QCD_HT1500-2000_1161.root
name: MC_QCD_HT1500-2000_1161.root
filenumber: 161
Adding FullPathInputFile to chain:/hdfs/store/user/varuns/MC2018_Autumn18_May2019/QCD_HT1500to2000_TuneCP5_13TeV-madgraphMLM-pythia8/crab_job_QCD_HT1500-2000/190518_225842/0001/MC_QCD_HT1500-2000_1161.root

file path found: /hdfs/store/user/varuns/MC2018_Autumn18_May2019/QCD_HT1500to2000_TuneCP5_13TeV-madgraphMLM-pythia8/crab_job_QCD_HT1500-2000/190518_225842/0001/MC_QCD_HT1500-2000_1162.root
name: MC_QCD_HT1500-2000_1162.root
filenumber: 162
Adding FullPathInputFile to chain:/hdfs/store/user/varuns/MC2018_Autumn18_May2019/QCD_HT1500to2000_TuneCP5_13TeV-madgraphMLM-pythia8/crab_job_QCD_HT1500-2000/190518_225842/0001/MC_QCD_HT1500-2000_1162.root

file path found: /hdfs/store/user/varuns/MC2018_Autumn18_May2019/QCD_HT1500to2000_TuneCP5_13TeV-madgraphMLM-pythia8/crab_job_QCD_HT1500-2000/190518_225842/0001/MC_QCD_HT1500-2000_1163.root
name: MC_QCD_HT1500-2000_1163.root
filenumber: 163
Adding FullPathInputFile to chain:/hdfs/store/user/varuns/MC2018_Autumn18_May2019/QCD_HT1500to2000_TuneCP5_13TeV-madgraphMLM-pythia8/crab_job_QCD_HT1500-2000/190518_225842/0001/MC_QCD_HT1500-2000_1163.root

file path found: /hdfs/store/user/varuns/MC2018_Autumn18_May2019/QCD_HT1500to2000_TuneCP5_13TeV-madgraphMLM-pythia8/crab_job_QCD_HT1500-2000/190518_225842/0001/MC_QCD_HT1500-2000_1164.root
name: MC_QCD_HT1500-2000_1164.root
filenumber: 164
Adding FullPathInputFile to chain:/hdfs/store/user/varuns/MC2018_Autumn18_May2019/QCD_HT1500to2000_TuneCP5_13TeV-madgraphMLM-pythia8/crab_job_QCD_HT1500-2000/190518_225842/0001/MC_QCD_HT1500-2000_1164.root

file path found: /hdfs/store/user/varuns/MC2018_Autumn18_May2019/QCD_HT1500to2000_TuneCP5_13TeV-madgraphMLM-pythia8/crab_job_QCD_HT1500-2000/190518_225842/0001/MC_QCD_HT1500-2000_1165.root
name: MC_QCD_HT1500-2000_1165.root
filenumber: 165
Adding FullPathInputFile to chain:/hdfs/store/user/varuns/MC2018_Autumn18_May2019/QCD_HT1500to2000_TuneCP5_13TeV-madgraphMLM-pythia8/crab_job_QCD_HT1500-2000/190518_225842/0001/MC_QCD_HT1500-2000_1165.root

file path found: /hdfs/store/user/varuns/MC2018_Autumn18_May2019/QCD_HT1500to2000_TuneCP5_13TeV-madgraphMLM-pythia8/crab_job_QCD_HT1500-2000/190518_225842/0001/MC_QCD_HT1500-2000_1166.root
name: MC_QCD_HT1500-2000_1166.root
filenumber: 166
Adding FullPathInputFile to chain:/hdfs/store/user/varuns/MC2018_Autumn18_May2019/QCD_HT1500to2000_TuneCP5_13TeV-madgraphMLM-pythia8/crab_job_QCD_HT1500-2000/190518_225842/0001/MC_QCD_HT1500-2000_1166.root

file path found: /hdfs/store/user/varuns/MC2018_Autumn18_May2019/QCD_HT1500to2000_TuneCP5_13TeV-madgraphMLM-pythia8/crab_job_QCD_HT1500-2000/190518_225842/0001/MC_QCD_HT1500-2000_1167.root
name: MC_QCD_HT1500-2000_1167.root
filenumber: 167
Adding FullPathInputFile to chain:/hdfs/store/user/varuns/MC2018_Autumn18_May2019/QCD_HT1500to2000_TuneCP5_13TeV-madgraphMLM-pythia8/crab_job_QCD_HT1500-2000/190518_225842/0001/MC_QCD_HT1500-2000_1167.root

file path found: /hdfs/store/user/varuns/MC2018_Autumn18_May2019/QCD_HT1500to2000_TuneCP5_13TeV-madgraphMLM-pythia8/crab_job_QCD_HT1500-2000/190518_225842/0001/MC_QCD_HT1500-2000_1168.root
name: MC_QCD_HT1500-2000_1168.root
filenumber: 168
Adding FullPathInputFile to chain:/hdfs/store/user/varuns/MC2018_Autumn18_May2019/QCD_HT1500to2000_TuneCP5_13TeV-madgraphMLM-pythia8/crab_job_QCD_HT1500-2000/190518_225842/0001/MC_QCD_HT1500-2000_1168.root

file path found: /hdfs/store/user/varuns/MC2018_Autumn18_May2019/QCD_HT1500to2000_TuneCP5_13TeV-madgraphMLM-pythia8/crab_job_QCD_HT1500-2000/190518_225842/0001/MC_QCD_HT1500-2000_1169.root
name: MC_QCD_HT1500-2000_1169.root
filenumber: 169
Adding FullPathInputFile to chain:/hdfs/store/user/varuns/MC2018_Autumn18_May2019/QCD_HT1500to2000_TuneCP5_13TeV-madgraphMLM-pythia8/crab_job_QCD_HT1500-2000/190518_225842/0001/MC_QCD_HT1500-2000_1169.root

file path found: /hdfs/store/user/varuns/MC2018_Autumn18_May2019/QCD_HT1500to2000_TuneCP5_13TeV-madgraphMLM-pythia8/crab_job_QCD_HT1500-2000/190518_225842/0001/MC_QCD_HT1500-2000_1170.root
name: MC_QCD_HT1500-2000_1170.root
filenumber: 170
Adding FullPathInputFile to chain:/hdfs/store/user/varuns/MC2018_Autumn18_May2019/QCD_HT1500to2000_TuneCP5_13TeV-madgraphMLM-pythia8/crab_job_QCD_HT1500-2000/190518_225842/0001/MC_QCD_HT1500-2000_1170.root

file path found: /hdfs/store/user/varuns/MC2018_Autumn18_May2019/QCD_HT1500to2000_TuneCP5_13TeV-madgraphMLM-pythia8/crab_job_QCD_HT1500-2000/190518_225842/0001/MC_QCD_HT1500-2000_1171.root
name: MC_QCD_HT1500-2000_1171.root
filenumber: 171
Adding FullPathInputFile to chain:/hdfs/store/user/varuns/MC2018_Autumn18_May2019/QCD_HT1500to2000_TuneCP5_13TeV-madgraphMLM-pythia8/crab_job_QCD_HT1500-2000/190518_225842/0001/MC_QCD_HT1500-2000_1171.root

file path found: /hdfs/store/user/varuns/MC2018_Autumn18_May2019/QCD_HT1500to2000_TuneCP5_13TeV-madgraphMLM-pythia8/crab_job_QCD_HT1500-2000/190518_225842/0001/MC_QCD_HT1500-2000_1172.root
name: MC_QCD_HT1500-2000_1172.root
filenumber: 172
Adding FullPathInputFile to chain:/hdfs/store/user/varuns/MC2018_Autumn18_May2019/QCD_HT1500to2000_TuneCP5_13TeV-madgraphMLM-pythia8/crab_job_QCD_HT1500-2000/190518_225842/0001/MC_QCD_HT1500-2000_1172.root

file path found: /hdfs/store/user/varuns/MC2018_Autumn18_May2019/QCD_HT1500to2000_TuneCP5_13TeV-madgraphMLM-pythia8/crab_job_QCD_HT1500-2000/190518_225842/0001/MC_QCD_HT1500-2000_1173.root
name: MC_QCD_HT1500-2000_1173.root
filenumber: 173
Adding FullPathInputFile to chain:/hdfs/store/user/varuns/MC2018_Autumn18_May2019/QCD_HT1500to2000_TuneCP5_13TeV-madgraphMLM-pythia8/crab_job_QCD_HT1500-2000/190518_225842/0001/MC_QCD_HT1500-2000_1173.root

file path found: /hdfs/store/user/varuns/MC2018_Autumn18_May2019/QCD_HT1500to2000_TuneCP5_13TeV-madgraphMLM-pythia8/crab_job_QCD_HT1500-2000/190518_225842/0001/MC_QCD_HT1500-2000_1174.root
name: MC_QCD_HT1500-2000_1174.root
filenumber: 174
Adding FullPathInputFile to chain:/hdfs/store/user/varuns/MC2018_Autumn18_May2019/QCD_HT1500to2000_TuneCP5_13TeV-madgraphMLM-pythia8/crab_job_QCD_HT1500-2000/190518_225842/0001/MC_QCD_HT1500-2000_1174.root

file path found: /hdfs/store/user/varuns/MC2018_Autumn18_May2019/QCD_HT1500to2000_TuneCP5_13TeV-madgraphMLM-pythia8/crab_job_QCD_HT1500-2000/190518_225842/0001/MC_QCD_HT1500-2000_1175.root
name: MC_QCD_HT1500-2000_1175.root
filenumber: 175
Adding FullPathInputFile to chain:/hdfs/store/user/varuns/MC2018_Autumn18_May2019/QCD_HT1500to2000_TuneCP5_13TeV-madgraphMLM-pythia8/crab_job_QCD_HT1500-2000/190518_225842/0001/MC_QCD_HT1500-2000_1175.root

file path found: /hdfs/store/user/varuns/MC2018_Autumn18_May2019/QCD_HT1500to2000_TuneCP5_13TeV-madgraphMLM-pythia8/crab_job_QCD_HT1500-2000/190518_225842/0001/MC_QCD_HT1500-2000_1176.root
name: MC_QCD_HT1500-2000_1176.root
filenumber: 176
Adding FullPathInputFile to chain:/hdfs/store/user/varuns/MC2018_Autumn18_May2019/QCD_HT1500to2000_TuneCP5_13TeV-madgraphMLM-pythia8/crab_job_QCD_HT1500-2000/190518_225842/0001/MC_QCD_HT1500-2000_1176.root

file path found: /hdfs/store/user/varuns/MC2018_Autumn18_May2019/QCD_HT1500to2000_TuneCP5_13TeV-madgraphMLM-pythia8/crab_job_QCD_HT1500-2000/190518_225842/0001/MC_QCD_HT1500-2000_1177.root
name: MC_QCD_HT1500-2000_1177.root
filenumber: 177
Adding FullPathInputFile to chain:/hdfs/store/user/varuns/MC2018_Autumn18_May2019/QCD_HT1500to2000_TuneCP5_13TeV-madgraphMLM-pythia8/crab_job_QCD_HT1500-2000/190518_225842/0001/MC_QCD_HT1500-2000_1177.root

file path found: /hdfs/store/user/varuns/MC2018_Autumn18_May2019/QCD_HT1500to2000_TuneCP5_13TeV-madgraphMLM-pythia8/crab_job_QCD_HT1500-2000/190518_225842/0001/.
name: .
filenumber: 178
file path found: /hdfs/store/user/varuns/MC2018_Autumn18_May2019/QCD_HT1500to2000_TuneCP5_13TeV-madgraphMLM-pythia8/crab_job_QCD_HT1500-2000/190518_225842/0001/..
name: ..
filenumber: 179
89 files added.
Initializing chain.
Coming in: 
nentries:826945
Running over 826945 events.
Finished entry 0/826944
Finished entry 10000/826944
Finished entry 20000/826944
Finished entry 30000/826944
Finished entry 40000/826944
Finished entry 50000/826944
Finished entry 60000/826944
Finished entry 70000/826944
Finished entry 80000/826944
Finished entry 90000/826944
Finished entry 100000/826944
Finished entry 110000/826944
Finished entry 120000/826944
Finished entry 130000/826944
Finished entry 140000/826944
Finished entry 150000/826944
Finished entry 160000/826944
Finished entry 170000/826944
Finished entry 180000/826944
Finished entry 190000/826944
Finished entry 200000/826944
Finished entry 210000/826944
Finished entry 220000/826944
Finished entry 230000/826944
Finished entry 240000/826944
Finished entry 250000/826944
Finished entry 260000/826944
Finished entry 270000/826944
Finished entry 280000/826944
Finished entry 290000/826944
Finished entry 300000/826944
Finished entry 310000/826944
Finished entry 320000/826944
Finished entry 330000/826944
Finished entry 340000/826944
Finished entry 350000/826944
Finished entry 360000/826944
Finished entry 370000/826944
Finished entry 380000/826944
Finished entry 390000/826944
Finished entry 400000/826944
Finished entry 410000/826944
Finished entry 420000/826944
Finished entry 430000/826944
Finished entry 440000/826944
Finished entry 450000/826944
Finished entry 460000/826944
Finished entry 470000/826944
Finished entry 480000/826944
Finished entry 490000/826944
Finished entry 500000/826944
Finished entry 510000/826944
Finished entry 520000/826944
Finished entry 530000/826944
Finished entry 540000/826944
Finished entry 550000/826944
Finished entry 560000/826944
Finished entry 570000/826944
Finished entry 580000/826944
Finished entry 590000/826944
Finished entry 600000/826944
Finished entry 610000/826944
Finished entry 620000/826944
Finished entry 630000/826944
Finished entry 640000/826944
Finished entry 650000/826944
Finished entry 660000/826944
Finished entry 670000/826944
Finished entry 680000/826944
Finished entry 690000/826944
Finished entry 700000/826944
Finished entry 710000/826944
Finished entry 720000/826944
Finished entry 730000/826944
Finished entry 740000/826944
Finished entry 750000/826944
Finished entry 760000/826944
Finished entry 770000/826944
Finished entry 780000/826944
Finished entry 790000/826944
Finished entry 800000/826944
Finished entry 810000/826944
Finished entry 820000/826944
