000 (696034.002.000) 07/12 06:43:41 Job submitted from host: <144.92.181.245:9618?addrs=144.92.181.245-9618+[2607-f388-101c-1000--372]-9618&noUDP&sock=6179_dbc8_3>
...
001 (695037.002.000) 07/12 07:38:07 Job executing on host: <128.104.227.101:9618?addrs=128.104.227.101-9618+[2607-f388-101c-1000--50]-9618&noUDP&sock=11662_bd8f_3>
...
006 (695037.002.000) 07/12 07:38:16 Image size of job updated: 24996
	6  -  MemoryUsage of job (MB)
	5964  -  ResidentSetSize of job (KB)
...
006 (695037.002.000) 07/12 07:58:17 Image size of job updated: 234440
	229  -  MemoryUsage of job (MB)
	234388  -  ResidentSetSize of job (KB)
...
006 (695037.002.000) 07/12 08:18:18 Image size of job updated: 234952
	230  -  MemoryUsage of job (MB)
	234552  -  ResidentSetSize of job (KB)
...
005 (695037.002.000) 07/12 08:21:31 Job terminated.
	(1) Normal termination (return value 0)
		Usr 0 00:02:12, Sys 0 00:00:07  -  Run Remote Usage
		Usr 0 00:00:00, Sys 0 00:00:00  -  Run Local Usage
		Usr 0 00:02:12, Sys 0 00:00:07  -  Total Remote Usage
		Usr 0 00:00:00, Sys 0 00:00:00  -  Total Local Usage
	655039  -  Run Bytes Sent By Job
	281287  -  Run Bytes Received By Job
	655039  -  Total Bytes Sent By Job
	281287  -  Total Bytes Received By Job
	Partitionable Resources :    Usage  Request Allocated
	   Cpus                 :                 1         1
	   Disk (KB)            :  1000000  2048000   9503486
	   Memory (MB)          :      230     1992      1992
...
001 (696034.002.000) 07/12 08:37:14 Job executing on host: <128.104.227.114:9618?addrs=128.104.227.114-9618+[2607-f388-101c-1000--63]-9618&noUDP&sock=11628_6b57_10>
...
006 (696034.002.000) 07/12 08:37:22 Image size of job updated: 7616
	6  -  MemoryUsage of job (MB)
	5720  -  ResidentSetSize of job (KB)
...
006 (696034.002.000) 07/12 08:57:22 Image size of job updated: 250552
	231  -  MemoryUsage of job (MB)
	235820  -  ResidentSetSize of job (KB)
...
005 (696034.002.000) 07/12 09:10:06 Job terminated.
	(1) Normal termination (return value 0)
		Usr 0 00:02:36, Sys 0 00:00:08  -  Run Remote Usage
		Usr 0 00:00:00, Sys 0 00:00:00  -  Run Local Usage
		Usr 0 00:02:36, Sys 0 00:00:08  -  Total Remote Usage
		Usr 0 00:00:00, Sys 0 00:00:00  -  Total Local Usage
	655039  -  Run Bytes Sent By Job
	281287  -  Run Bytes Received By Job
	655039  -  Total Bytes Sent By Job
	281287  -  Total Bytes Received By Job
	Partitionable Resources :    Usage  Request Allocated
	   Cpus                 :                 1         1
	   Disk (KB)            :  1000000  2048000   9503393
	   Memory (MB)          :      231     1992      1992
...
