000 (1262617.010.000) 07/25 12:34:34 Job submitted from host: <144.92.180.28:9618?addrs=144.92.180.28-9618+[2607-f388-101c-1000--370]-9618&noUDP&sock=5187_6dd5_82>
...
001 (1262617.010.000) 07/25 14:20:08 Job executing on host: <144.92.180.242:9618?addrs=144.92.180.242-9618+[2607-f388-101c-1000--629]-9618&noUDP&sock=9893_5a86_3>
...
006 (1262617.010.000) 07/25 14:20:17 Image size of job updated: 225772
	107  -  MemoryUsage of job (MB)
	108636  -  ResidentSetSize of job (KB)
...
005 (1262617.010.000) 07/25 14:31:41 Job terminated.
	(1) Normal termination (return value 0)
		Usr 0 00:02:13, Sys 0 00:00:07  -  Run Remote Usage
		Usr 0 00:00:00, Sys 0 00:00:00  -  Run Local Usage
		Usr 0 00:02:13, Sys 0 00:00:07  -  Total Remote Usage
		Usr 0 00:00:00, Sys 0 00:00:00  -  Total Local Usage
	466184  -  Run Bytes Sent By Job
	283691  -  Run Bytes Received By Job
	466184  -  Total Bytes Sent By Job
	283691  -  Total Bytes Received By Job
	Partitionable Resources :    Usage  Request Allocated
	   Cpus                 :                 1         1
	   Disk (KB)            :  1000000  2048000   7916248
	   Memory (MB)          :      107     1992      1992
...
