000 (1262617.003.000) 07/25 12:34:34 Job submitted from host: <144.92.180.28:9618?addrs=144.92.180.28-9618+[2607-f388-101c-1000--370]-9618&noUDP&sock=5187_6dd5_82>
...
001 (1262617.003.000) 07/25 14:19:59 Job executing on host: <144.92.180.206:9618?addrs=144.92.180.206-9618+[2607-f388-101c-1000--629]-9618&noUDP&sock=7711_aedf_3>
...
006 (1262617.003.000) 07/25 14:20:08 Image size of job updated: 226028
	107  -  MemoryUsage of job (MB)
	108652  -  ResidentSetSize of job (KB)
...
005 (1262617.003.000) 07/25 14:31:53 Job terminated.
	(1) Normal termination (return value 0)
		Usr 0 00:02:27, Sys 0 00:00:10  -  Run Remote Usage
		Usr 0 00:00:00, Sys 0 00:00:00  -  Run Local Usage
		Usr 0 00:02:27, Sys 0 00:00:10  -  Total Remote Usage
		Usr 0 00:00:00, Sys 0 00:00:00  -  Total Local Usage
	466257  -  Run Bytes Sent By Job
	283691  -  Run Bytes Received By Job
	466257  -  Total Bytes Sent By Job
	283691  -  Total Bytes Received By Job
	Partitionable Resources :    Usage  Request Allocated
	   Cpus                 :                 1         1
	   Disk (KB)            :  1000000  2048000   7910803
	   Memory (MB)          :      107     1992      1992
...
