000 (696068.000.000) 07/12 06:44:31 Job submitted from host: <144.92.181.245:9618?addrs=144.92.181.245-9618+[2607-f388-101c-1000--372]-9618&noUDP&sock=6179_dbc8_3>
...
001 (695071.000.000) 07/12 07:45:23 Job executing on host: <128.104.227.80:9618?addrs=128.104.227.80-9618+[2607-f388-101c-1000--629]-9618&noUDP&sock=11881_f4cd_3>
...
006 (695071.000.000) 07/12 07:45:32 Image size of job updated: 127336
	53  -  MemoryUsage of job (MB)
	53388  -  ResidentSetSize of job (KB)
...
006 (695071.000.000) 07/12 08:05:32 Image size of job updated: 288448
	233  -  MemoryUsage of job (MB)
	238180  -  ResidentSetSize of job (KB)
...
006 (695071.000.000) 07/12 08:24:21 Image size of job updated: 288448
	233  -  MemoryUsage of job (MB)
	238184  -  ResidentSetSize of job (KB)
...
005 (695071.000.000) 07/12 08:24:21 Job terminated.
	(1) Normal termination (return value 0)
		Usr 0 00:02:25, Sys 0 00:00:11  -  Run Remote Usage
		Usr 0 00:00:00, Sys 0 00:00:00  -  Run Local Usage
		Usr 0 00:02:25, Sys 0 00:00:11  -  Total Remote Usage
		Usr 0 00:00:00, Sys 0 00:00:00  -  Total Local Usage
	770454  -  Run Bytes Sent By Job
	281287  -  Run Bytes Received By Job
	770454  -  Total Bytes Sent By Job
	281287  -  Total Bytes Received By Job
	Partitionable Resources :    Usage  Request Allocated
	   Cpus                 :                 1         1
	   Disk (KB)            :  1000000  2048000   9503994
	   Memory (MB)          :      233     1992      1992
...
001 (696068.000.000) 07/12 08:51:51 Job executing on host: <128.104.227.74:9618?addrs=128.104.227.74-9618+[2607-f388-101c-1000--629]-9618&noUDP&sock=10296_c731_3>
...
006 (696068.000.000) 07/12 08:52:00 Image size of job updated: 169852
	53  -  MemoryUsage of job (MB)
	53548  -  ResidentSetSize of job (KB)
...
006 (696068.000.000) 07/12 09:12:01 Image size of job updated: 239788
	234  -  MemoryUsage of job (MB)
	239172  -  ResidentSetSize of job (KB)
...
005 (696068.000.000) 07/12 09:20:14 Job terminated.
	(1) Normal termination (return value 0)
		Usr 0 00:02:11, Sys 0 00:00:07  -  Run Remote Usage
		Usr 0 00:00:00, Sys 0 00:00:00  -  Run Local Usage
		Usr 0 00:02:11, Sys 0 00:00:07  -  Total Remote Usage
		Usr 0 00:00:00, Sys 0 00:00:00  -  Total Local Usage
	770454  -  Run Bytes Sent By Job
	281287  -  Run Bytes Received By Job
	770454  -  Total Bytes Sent By Job
	281287  -  Total Bytes Received By Job
	Partitionable Resources :    Usage  Request Allocated
	   Cpus                 :                 1         1
	   Disk (KB)            :  1000000  2048000   9500392
	   Memory (MB)          :      234     1992      1992
...
