000 (696068.013.000) 07/12 06:44:31 Job submitted from host: <144.92.181.245:9618?addrs=144.92.181.245-9618+[2607-f388-101c-1000--372]-9618&noUDP&sock=6179_dbc8_3>
...
001 (695071.013.000) 07/12 07:46:49 Job executing on host: <128.104.227.66:9618?addrs=128.104.227.66-9618+[2607-f388-101c-1000--629]-9618&noUDP&sock=10328_ba38_3>
...
006 (695071.013.000) 07/12 07:46:58 Image size of job updated: 53680
	53  -  MemoryUsage of job (MB)
	53484  -  ResidentSetSize of job (KB)
...
006 (695071.013.000) 07/12 08:06:59 Image size of job updated: 238576
	233  -  MemoryUsage of job (MB)
	238476  -  ResidentSetSize of job (KB)
...
006 (695071.013.000) 07/12 08:27:00 Image size of job updated: 239520
	234  -  MemoryUsage of job (MB)
	239036  -  ResidentSetSize of job (KB)
...
005 (695071.013.000) 07/12 08:30:26 Job terminated.
	(1) Normal termination (return value 0)
		Usr 0 00:02:37, Sys 0 00:00:08  -  Run Remote Usage
		Usr 0 00:00:00, Sys 0 00:00:00  -  Run Local Usage
		Usr 0 00:02:37, Sys 0 00:00:08  -  Total Remote Usage
		Usr 0 00:00:00, Sys 0 00:00:00  -  Total Local Usage
	769601  -  Run Bytes Sent By Job
	281287  -  Run Bytes Received By Job
	769601  -  Total Bytes Sent By Job
	281287  -  Total Bytes Received By Job
	Partitionable Resources :    Usage  Request Allocated
	   Cpus                 :                 1         1
	   Disk (KB)            :  1000000  2048000   9502139
	   Memory (MB)          :      234     1992      1992
...
001 (696068.013.000) 07/12 08:52:44 Job executing on host: <144.92.180.243:9618?addrs=144.92.180.243-9618+[2607-f388-101c-1000--629]-9618&noUDP&sock=9982_6674_3>
...
006 (696068.013.000) 07/12 08:52:53 Image size of job updated: 216792
	107  -  MemoryUsage of job (MB)
	108552  -  ResidentSetSize of job (KB)
...
006 (696068.013.000) 07/12 09:12:53 Image size of job updated: 236960
	231  -  MemoryUsage of job (MB)
	236228  -  ResidentSetSize of job (KB)
...
005 (696068.013.000) 07/12 09:14:31 Job terminated.
	(1) Normal termination (return value 0)
		Usr 0 00:02:35, Sys 0 00:00:08  -  Run Remote Usage
		Usr 0 00:00:00, Sys 0 00:00:00  -  Run Local Usage
		Usr 0 00:02:35, Sys 0 00:00:08  -  Total Remote Usage
		Usr 0 00:00:00, Sys 0 00:00:00  -  Total Local Usage
	769601  -  Run Bytes Sent By Job
	281287  -  Run Bytes Received By Job
	769601  -  Total Bytes Sent By Job
	281287  -  Total Bytes Received By Job
	Partitionable Resources :    Usage  Request Allocated
	   Cpus                 :                 1         1
	   Disk (KB)            :  1000000  2048000   7916955
	   Memory (MB)          :      231     1992      1992
...
