000 (696068.014.000) 07/12 06:44:31 Job submitted from host: <144.92.181.245:9618?addrs=144.92.181.245-9618+[2607-f388-101c-1000--372]-9618&noUDP&sock=6179_dbc8_3>
...
001 (695071.014.000) 07/12 07:46:55 Job executing on host: <128.104.227.111:9618?addrs=128.104.227.111-9618+[2607-f388-101c-1000--60]-9618&noUDP&sock=11720_860d_3>
...
006 (695071.014.000) 07/12 07:47:03 Image size of job updated: 53908
	53  -  MemoryUsage of job (MB)
	53528  -  ResidentSetSize of job (KB)
...
006 (695071.014.000) 07/12 08:07:03 Image size of job updated: 235904
	231  -  MemoryUsage of job (MB)
	235904  -  ResidentSetSize of job (KB)
...
006 (695071.014.000) 07/12 08:25:35 Image size of job updated: 237032
	231  -  MemoryUsage of job (MB)
	235904  -  ResidentSetSize of job (KB)
...
005 (695071.014.000) 07/12 08:25:35 Job terminated.
	(1) Normal termination (return value 0)
		Usr 0 00:02:34, Sys 0 00:00:08  -  Run Remote Usage
		Usr 0 00:00:00, Sys 0 00:00:00  -  Run Local Usage
		Usr 0 00:02:34, Sys 0 00:00:08  -  Total Remote Usage
		Usr 0 00:00:00, Sys 0 00:00:00  -  Total Local Usage
	769395  -  Run Bytes Sent By Job
	281287  -  Run Bytes Received By Job
	769395  -  Total Bytes Sent By Job
	281287  -  Total Bytes Received By Job
	Partitionable Resources :    Usage  Request Allocated
	   Cpus                 :                 1         1
	   Disk (KB)            :  1000000  2048000   9503250
	   Memory (MB)          :      231     1992      1992
...
001 (696068.014.000) 07/12 08:52:50 Job executing on host: <128.104.227.103:9618?addrs=128.104.227.103-9618+[2607-f388-101c-1000--52]-9618&noUDP&sock=11683_250c_3>
...
006 (696068.014.000) 07/12 08:52:59 Image size of job updated: 170220
	53  -  MemoryUsage of job (MB)
	53668  -  ResidentSetSize of job (KB)
...
006 (696068.014.000) 07/12 09:12:59 Image size of job updated: 238884
	233  -  MemoryUsage of job (MB)
	238488  -  ResidentSetSize of job (KB)
...
005 (696068.014.000) 07/12 09:15:45 Job terminated.
	(1) Normal termination (return value 0)
		Usr 0 00:02:02, Sys 0 00:00:06  -  Run Remote Usage
		Usr 0 00:00:00, Sys 0 00:00:00  -  Run Local Usage
		Usr 0 00:02:02, Sys 0 00:00:06  -  Total Remote Usage
		Usr 0 00:00:00, Sys 0 00:00:00  -  Total Local Usage
	769395  -  Run Bytes Sent By Job
	281287  -  Run Bytes Received By Job
	769395  -  Total Bytes Sent By Job
	281287  -  Total Bytes Received By Job
	Partitionable Resources :    Usage  Request Allocated
	   Cpus                 :                 1         1
	   Disk (KB)            :  1000000  2048000   9503861
	   Memory (MB)          :      233     1992      1992
...
