000 (696068.007.000) 07/12 06:44:31 Job submitted from host: <144.92.181.245:9618?addrs=144.92.181.245-9618+[2607-f388-101c-1000--372]-9618&noUDP&sock=6179_dbc8_3>
...
001 (695071.007.000) 07/12 07:46:25 Job executing on host: <144.92.181.220:9618?addrs=144.92.181.220-9618+[2607-f388-101c-1000--629]-9618&noUDP&sock=6939_27c2_10>
...
006 (695071.007.000) 07/12 07:46:34 Image size of job updated: 167420
	53  -  MemoryUsage of job (MB)
	53292  -  ResidentSetSize of job (KB)
...
006 (695071.007.000) 07/12 08:06:35 Image size of job updated: 238240
	231  -  MemoryUsage of job (MB)
	236260  -  ResidentSetSize of job (KB)
...
006 (695071.007.000) 07/12 08:26:36 Image size of job updated: 238440
	232  -  MemoryUsage of job (MB)
	237472  -  ResidentSetSize of job (KB)
...
006 (695071.007.000) 07/12 08:36:24 Image size of job updated: 479804
	232  -  MemoryUsage of job (MB)
	237472  -  ResidentSetSize of job (KB)
...
005 (695071.007.000) 07/12 08:36:25 Job terminated.
	(1) Normal termination (return value 0)
		Usr 0 00:08:12, Sys 0 00:00:39  -  Run Remote Usage
		Usr 0 00:00:00, Sys 0 00:00:00  -  Run Local Usage
		Usr 0 00:08:12, Sys 0 00:00:39  -  Total Remote Usage
		Usr 0 00:00:00, Sys 0 00:00:00  -  Total Local Usage
	783318  -  Run Bytes Sent By Job
	281287  -  Run Bytes Received By Job
	783318  -  Total Bytes Sent By Job
	281287  -  Total Bytes Received By Job
	Partitionable Resources :    Usage  Request Allocated
	   Cpus                 :                 1         1
	   Disk (KB)            :  1000000  2048000   3167351
	   Memory (MB)          :      232     1992      1992
...
001 (696068.007.000) 07/12 08:52:31 Job executing on host: <128.104.227.70:9618?addrs=128.104.227.70-9618+[2607-f388-101c-1000--629]-9618&noUDP&sock=10318_de46_3>
...
006 (696068.007.000) 07/12 08:52:40 Image size of job updated: 216436
	107  -  MemoryUsage of job (MB)
	108552  -  ResidentSetSize of job (KB)
...
006 (696068.007.000) 07/12 09:12:40 Image size of job updated: 236724
	231  -  MemoryUsage of job (MB)
	235736  -  ResidentSetSize of job (KB)
...
005 (696068.007.000) 07/12 09:19:01 Job terminated.
	(1) Normal termination (return value 0)
		Usr 0 00:02:33, Sys 0 00:00:07  -  Run Remote Usage
		Usr 0 00:00:00, Sys 0 00:00:00  -  Run Local Usage
		Usr 0 00:02:33, Sys 0 00:00:07  -  Total Remote Usage
		Usr 0 00:00:00, Sys 0 00:00:00  -  Total Local Usage
	770009  -  Run Bytes Sent By Job
	281287  -  Run Bytes Received By Job
	770009  -  Total Bytes Sent By Job
	281287  -  Total Bytes Received By Job
	Partitionable Resources :    Usage  Request Allocated
	   Cpus                 :                 1         1
	   Disk (KB)            :  1000000  2048000   9500874
	   Memory (MB)          :      231     1992      1992
...
