000 (690023.001.000) 07/11 07:29:52 Job submitted from host: <144.92.181.245:9618?addrs=144.92.181.245-9618+[2607-f388-101c-1000--372]-9618&noUDP&sock=6179_dbc8_3>
...
001 (690023.001.000) 07/11 07:56:24 Job executing on host: <128.104.227.102:9618?addrs=128.104.227.102-9618+[2607-f388-101c-1000--51]-9618&noUDP&sock=11664_1cc0_10>
...
006 (690023.001.000) 07/11 07:56:32 Image size of job updated: 224640
	106  -  MemoryUsage of job (MB)
	107712  -  ResidentSetSize of job (KB)
...
005 (690023.001.000) 07/11 08:00:26 Job terminated.
	(1) Normal termination (return value 0)
		Usr 0 00:00:41, Sys 0 00:00:02  -  Run Remote Usage
		Usr 0 00:00:00, Sys 0 00:00:00  -  Run Local Usage
		Usr 0 00:00:41, Sys 0 00:00:02  -  Total Remote Usage
		Usr 0 00:00:00, Sys 0 00:00:00  -  Total Local Usage
	286636  -  Run Bytes Sent By Job
	302156  -  Run Bytes Received By Job
	286636  -  Total Bytes Sent By Job
	302156  -  Total Bytes Received By Job
	Partitionable Resources :    Usage  Request Allocated
	   Cpus                 :                 1         1
	   Disk (KB)            :  1000000  2048000   9502451
	   Memory (MB)          :      106     1992      1992
...
