000 (690023.009.000) 07/11 07:29:52 Job submitted from host: <144.92.181.245:9618?addrs=144.92.181.245-9618+[2607-f388-101c-1000--372]-9618&noUDP&sock=6179_dbc8_3>
...
001 (690023.009.000) 07/11 07:57:05 Job executing on host: <144.92.180.103:9618?addrs=144.92.180.103-9618+[2607-f388-101c-1000--629]-9618&noUDP&sock=7751_1ea9_3>
...
006 (690023.009.000) 07/11 07:57:14 Image size of job updated: 227080
	106  -  MemoryUsage of job (MB)
	107728  -  ResidentSetSize of job (KB)
...
005 (690023.009.000) 07/11 08:01:03 Job terminated.
	(1) Normal termination (return value 0)
		Usr 0 00:00:33, Sys 0 00:00:03  -  Run Remote Usage
		Usr 0 00:00:00, Sys 0 00:00:00  -  Run Local Usage
		Usr 0 00:00:33, Sys 0 00:00:03  -  Total Remote Usage
		Usr 0 00:00:00, Sys 0 00:00:00  -  Total Local Usage
	286102  -  Run Bytes Sent By Job
	302156  -  Run Bytes Received By Job
	286102  -  Total Bytes Sent By Job
	302156  -  Total Bytes Received By Job
	Partitionable Resources :    Usage  Request Allocated
	   Cpus                 :                 1         1
	   Disk (KB)            :  1000000  2048000   6334396
	   Memory (MB)          :      106     1992      1992
...
