000 (1262613.009.000) 07/25 12:34:31 Job submitted from host: <144.92.180.28:9618?addrs=144.92.180.28-9618+[2607-f388-101c-1000--370]-9618&noUDP&sock=5187_6dd5_82>
...
001 (1262613.009.000) 07/25 14:18:09 Job executing on host: <144.92.180.216:9618?addrs=144.92.180.216-9618+[2607-f388-101c-1000--629]-9618&noUDP&sock=7608_089e_3>
...
006 (1262613.009.000) 07/25 14:18:18 Image size of job updated: 226568
	107  -  MemoryUsage of job (MB)
	108612  -  ResidentSetSize of job (KB)
...
006 (1262613.009.000) 07/25 14:28:36 Image size of job updated: 252404
	107  -  MemoryUsage of job (MB)
	108612  -  ResidentSetSize of job (KB)
...
005 (1262613.009.000) 07/25 14:28:37 Job terminated.
	(1) Normal termination (return value 0)
		Usr 0 00:01:41, Sys 0 00:00:05  -  Run Remote Usage
		Usr 0 00:00:00, Sys 0 00:00:00  -  Run Local Usage
		Usr 0 00:01:41, Sys 0 00:00:05  -  Total Remote Usage
		Usr 0 00:00:00, Sys 0 00:00:00  -  Total Local Usage
	433141  -  Run Bytes Sent By Job
	283691  -  Run Bytes Received By Job
	433141  -  Total Bytes Sent By Job
	283691  -  Total Bytes Received By Job
	Partitionable Resources :    Usage  Request Allocated
	   Cpus                 :                 1         1
	   Disk (KB)            :  1000000  2048000   7916998
	   Memory (MB)          :      107     1992      1992
...
