000 (1262562.003.000) 07/25 12:33:51 Job submitted from host: <144.92.180.28:9618?addrs=144.92.180.28-9618+[2607-f388-101c-1000--370]-9618&noUDP&sock=5187_6dd5_82>
...
001 (1262562.003.000) 07/25 13:32:28 Job executing on host: <144.92.181.246:9618?addrs=144.92.181.246-9618+[2607-f388-101c-1000--629]-9618&noUDP&sock=10023_85d6_3>
...
006 (1262562.003.000) 07/25 13:32:37 Image size of job updated: 226948
	107  -  MemoryUsage of job (MB)
	108632  -  ResidentSetSize of job (KB)
...
005 (1262562.003.000) 07/25 13:43:11 Job terminated.
	(1) Normal termination (return value 0)
		Usr 0 00:02:09, Sys 0 00:00:06  -  Run Remote Usage
		Usr 0 00:00:00, Sys 0 00:00:00  -  Run Local Usage
		Usr 0 00:02:09, Sys 0 00:00:06  -  Total Remote Usage
		Usr 0 00:00:00, Sys 0 00:00:00  -  Total Local Usage
	431252  -  Run Bytes Sent By Job
	283691  -  Run Bytes Received By Job
	431252  -  Total Bytes Sent By Job
	283691  -  Total Bytes Received By Job
	Partitionable Resources :    Usage  Request Allocated
	   Cpus                 :                 1         1
	   Disk (KB)            :  1000000  2048000   7917729
	   Memory (MB)          :      107     1992      1992
...
