file path found: /hdfs/store/user/varuns/MC2018_Autumn18_May2019/DYJetsToLL_M-50_HT-1200to2500_TuneCP5_PSweights_13TeV-madgraphMLM-pythia8/crab_job_DYJetsToLL_HT1200-2500/190516_074911/0000/MC_DYJetsToLL_HT1200-2500_1.root
name: MC_DYJetsToLL_HT1200-2500_1.root
filenumber: 0
Adding FullPathInputFile to chain:/hdfs/store/user/varuns/MC2018_Autumn18_May2019/DYJetsToLL_M-50_HT-1200to2500_TuneCP5_PSweights_13TeV-madgraphMLM-pythia8/crab_job_DYJetsToLL_HT1200-2500/190516_074911/0000/MC_DYJetsToLL_HT1200-2500_1.root

file path found: /hdfs/store/user/varuns/MC2018_Autumn18_May2019/DYJetsToLL_M-50_HT-1200to2500_TuneCP5_PSweights_13TeV-madgraphMLM-pythia8/crab_job_DYJetsToLL_HT1200-2500/190516_074911/0000/MC_DYJetsToLL_HT1200-2500_10.root
name: MC_DYJetsToLL_HT1200-2500_10.root
filenumber: 1
Adding FullPathInputFile to chain:/hdfs/store/user/varuns/MC2018_Autumn18_May2019/DYJetsToLL_M-50_HT-1200to2500_TuneCP5_PSweights_13TeV-madgraphMLM-pythia8/crab_job_DYJetsToLL_HT1200-2500/190516_074911/0000/MC_DYJetsToLL_HT1200-2500_10.root

file path found: /hdfs/store/user/varuns/MC2018_Autumn18_May2019/DYJetsToLL_M-50_HT-1200to2500_TuneCP5_PSweights_13TeV-madgraphMLM-pythia8/crab_job_DYJetsToLL_HT1200-2500/190516_074911/0000/MC_DYJetsToLL_HT1200-2500_11.root
name: MC_DYJetsToLL_HT1200-2500_11.root
filenumber: 2
Adding FullPathInputFile to chain:/hdfs/store/user/varuns/MC2018_Autumn18_May2019/DYJetsToLL_M-50_HT-1200to2500_TuneCP5_PSweights_13TeV-madgraphMLM-pythia8/crab_job_DYJetsToLL_HT1200-2500/190516_074911/0000/MC_DYJetsToLL_HT1200-2500_11.root

file path found: /hdfs/store/user/varuns/MC2018_Autumn18_May2019/DYJetsToLL_M-50_HT-1200to2500_TuneCP5_PSweights_13TeV-madgraphMLM-pythia8/crab_job_DYJetsToLL_HT1200-2500/190516_074911/0000/MC_DYJetsToLL_HT1200-2500_12.root
name: MC_DYJetsToLL_HT1200-2500_12.root
filenumber: 3
Adding FullPathInputFile to chain:/hdfs/store/user/varuns/MC2018_Autumn18_May2019/DYJetsToLL_M-50_HT-1200to2500_TuneCP5_PSweights_13TeV-madgraphMLM-pythia8/crab_job_DYJetsToLL_HT1200-2500/190516_074911/0000/MC_DYJetsToLL_HT1200-2500_12.root

file path found: /hdfs/store/user/varuns/MC2018_Autumn18_May2019/DYJetsToLL_M-50_HT-1200to2500_TuneCP5_PSweights_13TeV-madgraphMLM-pythia8/crab_job_DYJetsToLL_HT1200-2500/190516_074911/0000/MC_DYJetsToLL_HT1200-2500_13.root
name: MC_DYJetsToLL_HT1200-2500_13.root
filenumber: 4
Adding FullPathInputFile to chain:/hdfs/store/user/varuns/MC2018_Autumn18_May2019/DYJetsToLL_M-50_HT-1200to2500_TuneCP5_PSweights_13TeV-madgraphMLM-pythia8/crab_job_DYJetsToLL_HT1200-2500/190516_074911/0000/MC_DYJetsToLL_HT1200-2500_13.root

file path found: /hdfs/store/user/varuns/MC2018_Autumn18_May2019/DYJetsToLL_M-50_HT-1200to2500_TuneCP5_PSweights_13TeV-madgraphMLM-pythia8/crab_job_DYJetsToLL_HT1200-2500/190516_074911/0000/MC_DYJetsToLL_HT1200-2500_14.root
name: MC_DYJetsToLL_HT1200-2500_14.root
filenumber: 5
Adding FullPathInputFile to chain:/hdfs/store/user/varuns/MC2018_Autumn18_May2019/DYJetsToLL_M-50_HT-1200to2500_TuneCP5_PSweights_13TeV-madgraphMLM-pythia8/crab_job_DYJetsToLL_HT1200-2500/190516_074911/0000/MC_DYJetsToLL_HT1200-2500_14.root

file path found: /hdfs/store/user/varuns/MC2018_Autumn18_May2019/DYJetsToLL_M-50_HT-1200to2500_TuneCP5_PSweights_13TeV-madgraphMLM-pythia8/crab_job_DYJetsToLL_HT1200-2500/190516_074911/0000/MC_DYJetsToLL_HT1200-2500_15.root
name: MC_DYJetsToLL_HT1200-2500_15.root
filenumber: 6
Adding FullPathInputFile to chain:/hdfs/store/user/varuns/MC2018_Autumn18_May2019/DYJetsToLL_M-50_HT-1200to2500_TuneCP5_PSweights_13TeV-madgraphMLM-pythia8/crab_job_DYJetsToLL_HT1200-2500/190516_074911/0000/MC_DYJetsToLL_HT1200-2500_15.root

file path found: /hdfs/store/user/varuns/MC2018_Autumn18_May2019/DYJetsToLL_M-50_HT-1200to2500_TuneCP5_PSweights_13TeV-madgraphMLM-pythia8/crab_job_DYJetsToLL_HT1200-2500/190516_074911/0000/MC_DYJetsToLL_HT1200-2500_16.root
name: MC_DYJetsToLL_HT1200-2500_16.root
filenumber: 7
Adding FullPathInputFile to chain:/hdfs/store/user/varuns/MC2018_Autumn18_May2019/DYJetsToLL_M-50_HT-1200to2500_TuneCP5_PSweights_13TeV-madgraphMLM-pythia8/crab_job_DYJetsToLL_HT1200-2500/190516_074911/0000/MC_DYJetsToLL_HT1200-2500_16.root

file path found: /hdfs/store/user/varuns/MC2018_Autumn18_May2019/DYJetsToLL_M-50_HT-1200to2500_TuneCP5_PSweights_13TeV-madgraphMLM-pythia8/crab_job_DYJetsToLL_HT1200-2500/190516_074911/0000/MC_DYJetsToLL_HT1200-2500_17.root
name: MC_DYJetsToLL_HT1200-2500_17.root
filenumber: 8
Adding FullPathInputFile to chain:/hdfs/store/user/varuns/MC2018_Autumn18_May2019/DYJetsToLL_M-50_HT-1200to2500_TuneCP5_PSweights_13TeV-madgraphMLM-pythia8/crab_job_DYJetsToLL_HT1200-2500/190516_074911/0000/MC_DYJetsToLL_HT1200-2500_17.root

file path found: /hdfs/store/user/varuns/MC2018_Autumn18_May2019/DYJetsToLL_M-50_HT-1200to2500_TuneCP5_PSweights_13TeV-madgraphMLM-pythia8/crab_job_DYJetsToLL_HT1200-2500/190516_074911/0000/MC_DYJetsToLL_HT1200-2500_18.root
name: MC_DYJetsToLL_HT1200-2500_18.root
filenumber: 9
Adding FullPathInputFile to chain:/hdfs/store/user/varuns/MC2018_Autumn18_May2019/DYJetsToLL_M-50_HT-1200to2500_TuneCP5_PSweights_13TeV-madgraphMLM-pythia8/crab_job_DYJetsToLL_HT1200-2500/190516_074911/0000/MC_DYJetsToLL_HT1200-2500_18.root

file path found: /hdfs/store/user/varuns/MC2018_Autumn18_May2019/DYJetsToLL_M-50_HT-1200to2500_TuneCP5_PSweights_13TeV-madgraphMLM-pythia8/crab_job_DYJetsToLL_HT1200-2500/190516_074911/0000/MC_DYJetsToLL_HT1200-2500_19.root
name: MC_DYJetsToLL_HT1200-2500_19.root
filenumber: 10
Adding FullPathInputFile to chain:/hdfs/store/user/varuns/MC2018_Autumn18_May2019/DYJetsToLL_M-50_HT-1200to2500_TuneCP5_PSweights_13TeV-madgraphMLM-pythia8/crab_job_DYJetsToLL_HT1200-2500/190516_074911/0000/MC_DYJetsToLL_HT1200-2500_19.root

file path found: /hdfs/store/user/varuns/MC2018_Autumn18_May2019/DYJetsToLL_M-50_HT-1200to2500_TuneCP5_PSweights_13TeV-madgraphMLM-pythia8/crab_job_DYJetsToLL_HT1200-2500/190516_074911/0000/MC_DYJetsToLL_HT1200-2500_2.root
name: MC_DYJetsToLL_HT1200-2500_2.root
filenumber: 11
Adding FullPathInputFile to chain:/hdfs/store/user/varuns/MC2018_Autumn18_May2019/DYJetsToLL_M-50_HT-1200to2500_TuneCP5_PSweights_13TeV-madgraphMLM-pythia8/crab_job_DYJetsToLL_HT1200-2500/190516_074911/0000/MC_DYJetsToLL_HT1200-2500_2.root

file path found: /hdfs/store/user/varuns/MC2018_Autumn18_May2019/DYJetsToLL_M-50_HT-1200to2500_TuneCP5_PSweights_13TeV-madgraphMLM-pythia8/crab_job_DYJetsToLL_HT1200-2500/190516_074911/0000/MC_DYJetsToLL_HT1200-2500_20.root
name: MC_DYJetsToLL_HT1200-2500_20.root
filenumber: 12
Adding FullPathInputFile to chain:/hdfs/store/user/varuns/MC2018_Autumn18_May2019/DYJetsToLL_M-50_HT-1200to2500_TuneCP5_PSweights_13TeV-madgraphMLM-pythia8/crab_job_DYJetsToLL_HT1200-2500/190516_074911/0000/MC_DYJetsToLL_HT1200-2500_20.root

file path found: /hdfs/store/user/varuns/MC2018_Autumn18_May2019/DYJetsToLL_M-50_HT-1200to2500_TuneCP5_PSweights_13TeV-madgraphMLM-pythia8/crab_job_DYJetsToLL_HT1200-2500/190516_074911/0000/MC_DYJetsToLL_HT1200-2500_21.root
name: MC_DYJetsToLL_HT1200-2500_21.root
filenumber: 13
Adding FullPathInputFile to chain:/hdfs/store/user/varuns/MC2018_Autumn18_May2019/DYJetsToLL_M-50_HT-1200to2500_TuneCP5_PSweights_13TeV-madgraphMLM-pythia8/crab_job_DYJetsToLL_HT1200-2500/190516_074911/0000/MC_DYJetsToLL_HT1200-2500_21.root

file path found: /hdfs/store/user/varuns/MC2018_Autumn18_May2019/DYJetsToLL_M-50_HT-1200to2500_TuneCP5_PSweights_13TeV-madgraphMLM-pythia8/crab_job_DYJetsToLL_HT1200-2500/190516_074911/0000/MC_DYJetsToLL_HT1200-2500_22.root
name: MC_DYJetsToLL_HT1200-2500_22.root
filenumber: 14
Adding FullPathInputFile to chain:/hdfs/store/user/varuns/MC2018_Autumn18_May2019/DYJetsToLL_M-50_HT-1200to2500_TuneCP5_PSweights_13TeV-madgraphMLM-pythia8/crab_job_DYJetsToLL_HT1200-2500/190516_074911/0000/MC_DYJetsToLL_HT1200-2500_22.root

file path found: /hdfs/store/user/varuns/MC2018_Autumn18_May2019/DYJetsToLL_M-50_HT-1200to2500_TuneCP5_PSweights_13TeV-madgraphMLM-pythia8/crab_job_DYJetsToLL_HT1200-2500/190516_074911/0000/MC_DYJetsToLL_HT1200-2500_23.root
name: MC_DYJetsToLL_HT1200-2500_23.root
filenumber: 15
Adding FullPathInputFile to chain:/hdfs/store/user/varuns/MC2018_Autumn18_May2019/DYJetsToLL_M-50_HT-1200to2500_TuneCP5_PSweights_13TeV-madgraphMLM-pythia8/crab_job_DYJetsToLL_HT1200-2500/190516_074911/0000/MC_DYJetsToLL_HT1200-2500_23.root

file path found: /hdfs/store/user/varuns/MC2018_Autumn18_May2019/DYJetsToLL_M-50_HT-1200to2500_TuneCP5_PSweights_13TeV-madgraphMLM-pythia8/crab_job_DYJetsToLL_HT1200-2500/190516_074911/0000/MC_DYJetsToLL_HT1200-2500_24.root
name: MC_DYJetsToLL_HT1200-2500_24.root
filenumber: 16
Adding FullPathInputFile to chain:/hdfs/store/user/varuns/MC2018_Autumn18_May2019/DYJetsToLL_M-50_HT-1200to2500_TuneCP5_PSweights_13TeV-madgraphMLM-pythia8/crab_job_DYJetsToLL_HT1200-2500/190516_074911/0000/MC_DYJetsToLL_HT1200-2500_24.root

file path found: /hdfs/store/user/varuns/MC2018_Autumn18_May2019/DYJetsToLL_M-50_HT-1200to2500_TuneCP5_PSweights_13TeV-madgraphMLM-pythia8/crab_job_DYJetsToLL_HT1200-2500/190516_074911/0000/MC_DYJetsToLL_HT1200-2500_25.root
name: MC_DYJetsToLL_HT1200-2500_25.root
filenumber: 17
Adding FullPathInputFile to chain:/hdfs/store/user/varuns/MC2018_Autumn18_May2019/DYJetsToLL_M-50_HT-1200to2500_TuneCP5_PSweights_13TeV-madgraphMLM-pythia8/crab_job_DYJetsToLL_HT1200-2500/190516_074911/0000/MC_DYJetsToLL_HT1200-2500_25.root

file path found: /hdfs/store/user/varuns/MC2018_Autumn18_May2019/DYJetsToLL_M-50_HT-1200to2500_TuneCP5_PSweights_13TeV-madgraphMLM-pythia8/crab_job_DYJetsToLL_HT1200-2500/190516_074911/0000/MC_DYJetsToLL_HT1200-2500_26.root
name: MC_DYJetsToLL_HT1200-2500_26.root
filenumber: 18
Adding FullPathInputFile to chain:/hdfs/store/user/varuns/MC2018_Autumn18_May2019/DYJetsToLL_M-50_HT-1200to2500_TuneCP5_PSweights_13TeV-madgraphMLM-pythia8/crab_job_DYJetsToLL_HT1200-2500/190516_074911/0000/MC_DYJetsToLL_HT1200-2500_26.root

file path found: /hdfs/store/user/varuns/MC2018_Autumn18_May2019/DYJetsToLL_M-50_HT-1200to2500_TuneCP5_PSweights_13TeV-madgraphMLM-pythia8/crab_job_DYJetsToLL_HT1200-2500/190516_074911/0000/MC_DYJetsToLL_HT1200-2500_27.root
name: MC_DYJetsToLL_HT1200-2500_27.root
filenumber: 19
Adding FullPathInputFile to chain:/hdfs/store/user/varuns/MC2018_Autumn18_May2019/DYJetsToLL_M-50_HT-1200to2500_TuneCP5_PSweights_13TeV-madgraphMLM-pythia8/crab_job_DYJetsToLL_HT1200-2500/190516_074911/0000/MC_DYJetsToLL_HT1200-2500_27.root

file path found: /hdfs/store/user/varuns/MC2018_Autumn18_May2019/DYJetsToLL_M-50_HT-1200to2500_TuneCP5_PSweights_13TeV-madgraphMLM-pythia8/crab_job_DYJetsToLL_HT1200-2500/190516_074911/0000/MC_DYJetsToLL_HT1200-2500_28.root
name: MC_DYJetsToLL_HT1200-2500_28.root
filenumber: 20
Adding FullPathInputFile to chain:/hdfs/store/user/varuns/MC2018_Autumn18_May2019/DYJetsToLL_M-50_HT-1200to2500_TuneCP5_PSweights_13TeV-madgraphMLM-pythia8/crab_job_DYJetsToLL_HT1200-2500/190516_074911/0000/MC_DYJetsToLL_HT1200-2500_28.root

file path found: /hdfs/store/user/varuns/MC2018_Autumn18_May2019/DYJetsToLL_M-50_HT-1200to2500_TuneCP5_PSweights_13TeV-madgraphMLM-pythia8/crab_job_DYJetsToLL_HT1200-2500/190516_074911/0000/MC_DYJetsToLL_HT1200-2500_29.root
name: MC_DYJetsToLL_HT1200-2500_29.root
filenumber: 21
Adding FullPathInputFile to chain:/hdfs/store/user/varuns/MC2018_Autumn18_May2019/DYJetsToLL_M-50_HT-1200to2500_TuneCP5_PSweights_13TeV-madgraphMLM-pythia8/crab_job_DYJetsToLL_HT1200-2500/190516_074911/0000/MC_DYJetsToLL_HT1200-2500_29.root

file path found: /hdfs/store/user/varuns/MC2018_Autumn18_May2019/DYJetsToLL_M-50_HT-1200to2500_TuneCP5_PSweights_13TeV-madgraphMLM-pythia8/crab_job_DYJetsToLL_HT1200-2500/190516_074911/0000/MC_DYJetsToLL_HT1200-2500_3.root
name: MC_DYJetsToLL_HT1200-2500_3.root
filenumber: 22
Adding FullPathInputFile to chain:/hdfs/store/user/varuns/MC2018_Autumn18_May2019/DYJetsToLL_M-50_HT-1200to2500_TuneCP5_PSweights_13TeV-madgraphMLM-pythia8/crab_job_DYJetsToLL_HT1200-2500/190516_074911/0000/MC_DYJetsToLL_HT1200-2500_3.root

file path found: /hdfs/store/user/varuns/MC2018_Autumn18_May2019/DYJetsToLL_M-50_HT-1200to2500_TuneCP5_PSweights_13TeV-madgraphMLM-pythia8/crab_job_DYJetsToLL_HT1200-2500/190516_074911/0000/MC_DYJetsToLL_HT1200-2500_30.root
name: MC_DYJetsToLL_HT1200-2500_30.root
filenumber: 23
Adding FullPathInputFile to chain:/hdfs/store/user/varuns/MC2018_Autumn18_May2019/DYJetsToLL_M-50_HT-1200to2500_TuneCP5_PSweights_13TeV-madgraphMLM-pythia8/crab_job_DYJetsToLL_HT1200-2500/190516_074911/0000/MC_DYJetsToLL_HT1200-2500_30.root

file path found: /hdfs/store/user/varuns/MC2018_Autumn18_May2019/DYJetsToLL_M-50_HT-1200to2500_TuneCP5_PSweights_13TeV-madgraphMLM-pythia8/crab_job_DYJetsToLL_HT1200-2500/190516_074911/0000/MC_DYJetsToLL_HT1200-2500_31.root
name: MC_DYJetsToLL_HT1200-2500_31.root
filenumber: 24
Adding FullPathInputFile to chain:/hdfs/store/user/varuns/MC2018_Autumn18_May2019/DYJetsToLL_M-50_HT-1200to2500_TuneCP5_PSweights_13TeV-madgraphMLM-pythia8/crab_job_DYJetsToLL_HT1200-2500/190516_074911/0000/MC_DYJetsToLL_HT1200-2500_31.root

file path found: /hdfs/store/user/varuns/MC2018_Autumn18_May2019/DYJetsToLL_M-50_HT-1200to2500_TuneCP5_PSweights_13TeV-madgraphMLM-pythia8/crab_job_DYJetsToLL_HT1200-2500/190516_074911/0000/MC_DYJetsToLL_HT1200-2500_32.root
name: MC_DYJetsToLL_HT1200-2500_32.root
filenumber: 25
Adding FullPathInputFile to chain:/hdfs/store/user/varuns/MC2018_Autumn18_May2019/DYJetsToLL_M-50_HT-1200to2500_TuneCP5_PSweights_13TeV-madgraphMLM-pythia8/crab_job_DYJetsToLL_HT1200-2500/190516_074911/0000/MC_DYJetsToLL_HT1200-2500_32.root

file path found: /hdfs/store/user/varuns/MC2018_Autumn18_May2019/DYJetsToLL_M-50_HT-1200to2500_TuneCP5_PSweights_13TeV-madgraphMLM-pythia8/crab_job_DYJetsToLL_HT1200-2500/190516_074911/0000/MC_DYJetsToLL_HT1200-2500_33.root
name: MC_DYJetsToLL_HT1200-2500_33.root
filenumber: 26
Adding FullPathInputFile to chain:/hdfs/store/user/varuns/MC2018_Autumn18_May2019/DYJetsToLL_M-50_HT-1200to2500_TuneCP5_PSweights_13TeV-madgraphMLM-pythia8/crab_job_DYJetsToLL_HT1200-2500/190516_074911/0000/MC_DYJetsToLL_HT1200-2500_33.root

file path found: /hdfs/store/user/varuns/MC2018_Autumn18_May2019/DYJetsToLL_M-50_HT-1200to2500_TuneCP5_PSweights_13TeV-madgraphMLM-pythia8/crab_job_DYJetsToLL_HT1200-2500/190516_074911/0000/MC_DYJetsToLL_HT1200-2500_34.root
name: MC_DYJetsToLL_HT1200-2500_34.root
filenumber: 27
Adding FullPathInputFile to chain:/hdfs/store/user/varuns/MC2018_Autumn18_May2019/DYJetsToLL_M-50_HT-1200to2500_TuneCP5_PSweights_13TeV-madgraphMLM-pythia8/crab_job_DYJetsToLL_HT1200-2500/190516_074911/0000/MC_DYJetsToLL_HT1200-2500_34.root

file path found: /hdfs/store/user/varuns/MC2018_Autumn18_May2019/DYJetsToLL_M-50_HT-1200to2500_TuneCP5_PSweights_13TeV-madgraphMLM-pythia8/crab_job_DYJetsToLL_HT1200-2500/190516_074911/0000/MC_DYJetsToLL_HT1200-2500_35.root
name: MC_DYJetsToLL_HT1200-2500_35.root
filenumber: 28
Adding FullPathInputFile to chain:/hdfs/store/user/varuns/MC2018_Autumn18_May2019/DYJetsToLL_M-50_HT-1200to2500_TuneCP5_PSweights_13TeV-madgraphMLM-pythia8/crab_job_DYJetsToLL_HT1200-2500/190516_074911/0000/MC_DYJetsToLL_HT1200-2500_35.root

file path found: /hdfs/store/user/varuns/MC2018_Autumn18_May2019/DYJetsToLL_M-50_HT-1200to2500_TuneCP5_PSweights_13TeV-madgraphMLM-pythia8/crab_job_DYJetsToLL_HT1200-2500/190516_074911/0000/MC_DYJetsToLL_HT1200-2500_36.root
name: MC_DYJetsToLL_HT1200-2500_36.root
filenumber: 29
Adding FullPathInputFile to chain:/hdfs/store/user/varuns/MC2018_Autumn18_May2019/DYJetsToLL_M-50_HT-1200to2500_TuneCP5_PSweights_13TeV-madgraphMLM-pythia8/crab_job_DYJetsToLL_HT1200-2500/190516_074911/0000/MC_DYJetsToLL_HT1200-2500_36.root

file path found: /hdfs/store/user/varuns/MC2018_Autumn18_May2019/DYJetsToLL_M-50_HT-1200to2500_TuneCP5_PSweights_13TeV-madgraphMLM-pythia8/crab_job_DYJetsToLL_HT1200-2500/190516_074911/0000/MC_DYJetsToLL_HT1200-2500_37.root
name: MC_DYJetsToLL_HT1200-2500_37.root
filenumber: 30
Adding FullPathInputFile to chain:/hdfs/store/user/varuns/MC2018_Autumn18_May2019/DYJetsToLL_M-50_HT-1200to2500_TuneCP5_PSweights_13TeV-madgraphMLM-pythia8/crab_job_DYJetsToLL_HT1200-2500/190516_074911/0000/MC_DYJetsToLL_HT1200-2500_37.root

file path found: /hdfs/store/user/varuns/MC2018_Autumn18_May2019/DYJetsToLL_M-50_HT-1200to2500_TuneCP5_PSweights_13TeV-madgraphMLM-pythia8/crab_job_DYJetsToLL_HT1200-2500/190516_074911/0000/MC_DYJetsToLL_HT1200-2500_38.root
name: MC_DYJetsToLL_HT1200-2500_38.root
filenumber: 31
Adding FullPathInputFile to chain:/hdfs/store/user/varuns/MC2018_Autumn18_May2019/DYJetsToLL_M-50_HT-1200to2500_TuneCP5_PSweights_13TeV-madgraphMLM-pythia8/crab_job_DYJetsToLL_HT1200-2500/190516_074911/0000/MC_DYJetsToLL_HT1200-2500_38.root

file path found: /hdfs/store/user/varuns/MC2018_Autumn18_May2019/DYJetsToLL_M-50_HT-1200to2500_TuneCP5_PSweights_13TeV-madgraphMLM-pythia8/crab_job_DYJetsToLL_HT1200-2500/190516_074911/0000/MC_DYJetsToLL_HT1200-2500_39.root
name: MC_DYJetsToLL_HT1200-2500_39.root
filenumber: 32
Adding FullPathInputFile to chain:/hdfs/store/user/varuns/MC2018_Autumn18_May2019/DYJetsToLL_M-50_HT-1200to2500_TuneCP5_PSweights_13TeV-madgraphMLM-pythia8/crab_job_DYJetsToLL_HT1200-2500/190516_074911/0000/MC_DYJetsToLL_HT1200-2500_39.root

file path found: /hdfs/store/user/varuns/MC2018_Autumn18_May2019/DYJetsToLL_M-50_HT-1200to2500_TuneCP5_PSweights_13TeV-madgraphMLM-pythia8/crab_job_DYJetsToLL_HT1200-2500/190516_074911/0000/MC_DYJetsToLL_HT1200-2500_4.root
name: MC_DYJetsToLL_HT1200-2500_4.root
filenumber: 33
Adding FullPathInputFile to chain:/hdfs/store/user/varuns/MC2018_Autumn18_May2019/DYJetsToLL_M-50_HT-1200to2500_TuneCP5_PSweights_13TeV-madgraphMLM-pythia8/crab_job_DYJetsToLL_HT1200-2500/190516_074911/0000/MC_DYJetsToLL_HT1200-2500_4.root

file path found: /hdfs/store/user/varuns/MC2018_Autumn18_May2019/DYJetsToLL_M-50_HT-1200to2500_TuneCP5_PSweights_13TeV-madgraphMLM-pythia8/crab_job_DYJetsToLL_HT1200-2500/190516_074911/0000/MC_DYJetsToLL_HT1200-2500_40.root
name: MC_DYJetsToLL_HT1200-2500_40.root
filenumber: 34
Adding FullPathInputFile to chain:/hdfs/store/user/varuns/MC2018_Autumn18_May2019/DYJetsToLL_M-50_HT-1200to2500_TuneCP5_PSweights_13TeV-madgraphMLM-pythia8/crab_job_DYJetsToLL_HT1200-2500/190516_074911/0000/MC_DYJetsToLL_HT1200-2500_40.root

file path found: /hdfs/store/user/varuns/MC2018_Autumn18_May2019/DYJetsToLL_M-50_HT-1200to2500_TuneCP5_PSweights_13TeV-madgraphMLM-pythia8/crab_job_DYJetsToLL_HT1200-2500/190516_074911/0000/MC_DYJetsToLL_HT1200-2500_41.root
name: MC_DYJetsToLL_HT1200-2500_41.root
filenumber: 35
Adding FullPathInputFile to chain:/hdfs/store/user/varuns/MC2018_Autumn18_May2019/DYJetsToLL_M-50_HT-1200to2500_TuneCP5_PSweights_13TeV-madgraphMLM-pythia8/crab_job_DYJetsToLL_HT1200-2500/190516_074911/0000/MC_DYJetsToLL_HT1200-2500_41.root

file path found: /hdfs/store/user/varuns/MC2018_Autumn18_May2019/DYJetsToLL_M-50_HT-1200to2500_TuneCP5_PSweights_13TeV-madgraphMLM-pythia8/crab_job_DYJetsToLL_HT1200-2500/190516_074911/0000/MC_DYJetsToLL_HT1200-2500_42.root
name: MC_DYJetsToLL_HT1200-2500_42.root
filenumber: 36
Adding FullPathInputFile to chain:/hdfs/store/user/varuns/MC2018_Autumn18_May2019/DYJetsToLL_M-50_HT-1200to2500_TuneCP5_PSweights_13TeV-madgraphMLM-pythia8/crab_job_DYJetsToLL_HT1200-2500/190516_074911/0000/MC_DYJetsToLL_HT1200-2500_42.root

file path found: /hdfs/store/user/varuns/MC2018_Autumn18_May2019/DYJetsToLL_M-50_HT-1200to2500_TuneCP5_PSweights_13TeV-madgraphMLM-pythia8/crab_job_DYJetsToLL_HT1200-2500/190516_074911/0000/MC_DYJetsToLL_HT1200-2500_43.root
name: MC_DYJetsToLL_HT1200-2500_43.root
filenumber: 37
Adding FullPathInputFile to chain:/hdfs/store/user/varuns/MC2018_Autumn18_May2019/DYJetsToLL_M-50_HT-1200to2500_TuneCP5_PSweights_13TeV-madgraphMLM-pythia8/crab_job_DYJetsToLL_HT1200-2500/190516_074911/0000/MC_DYJetsToLL_HT1200-2500_43.root

file path found: /hdfs/store/user/varuns/MC2018_Autumn18_May2019/DYJetsToLL_M-50_HT-1200to2500_TuneCP5_PSweights_13TeV-madgraphMLM-pythia8/crab_job_DYJetsToLL_HT1200-2500/190516_074911/0000/MC_DYJetsToLL_HT1200-2500_44.root
name: MC_DYJetsToLL_HT1200-2500_44.root
filenumber: 38
Adding FullPathInputFile to chain:/hdfs/store/user/varuns/MC2018_Autumn18_May2019/DYJetsToLL_M-50_HT-1200to2500_TuneCP5_PSweights_13TeV-madgraphMLM-pythia8/crab_job_DYJetsToLL_HT1200-2500/190516_074911/0000/MC_DYJetsToLL_HT1200-2500_44.root

file path found: /hdfs/store/user/varuns/MC2018_Autumn18_May2019/DYJetsToLL_M-50_HT-1200to2500_TuneCP5_PSweights_13TeV-madgraphMLM-pythia8/crab_job_DYJetsToLL_HT1200-2500/190516_074911/0000/MC_DYJetsToLL_HT1200-2500_45.root
name: MC_DYJetsToLL_HT1200-2500_45.root
filenumber: 39
Adding FullPathInputFile to chain:/hdfs/store/user/varuns/MC2018_Autumn18_May2019/DYJetsToLL_M-50_HT-1200to2500_TuneCP5_PSweights_13TeV-madgraphMLM-pythia8/crab_job_DYJetsToLL_HT1200-2500/190516_074911/0000/MC_DYJetsToLL_HT1200-2500_45.root

file path found: /hdfs/store/user/varuns/MC2018_Autumn18_May2019/DYJetsToLL_M-50_HT-1200to2500_TuneCP5_PSweights_13TeV-madgraphMLM-pythia8/crab_job_DYJetsToLL_HT1200-2500/190516_074911/0000/MC_DYJetsToLL_HT1200-2500_46.root
name: MC_DYJetsToLL_HT1200-2500_46.root
filenumber: 40
Adding FullPathInputFile to chain:/hdfs/store/user/varuns/MC2018_Autumn18_May2019/DYJetsToLL_M-50_HT-1200to2500_TuneCP5_PSweights_13TeV-madgraphMLM-pythia8/crab_job_DYJetsToLL_HT1200-2500/190516_074911/0000/MC_DYJetsToLL_HT1200-2500_46.root

file path found: /hdfs/store/user/varuns/MC2018_Autumn18_May2019/DYJetsToLL_M-50_HT-1200to2500_TuneCP5_PSweights_13TeV-madgraphMLM-pythia8/crab_job_DYJetsToLL_HT1200-2500/190516_074911/0000/MC_DYJetsToLL_HT1200-2500_47.root
name: MC_DYJetsToLL_HT1200-2500_47.root
filenumber: 41
Adding FullPathInputFile to chain:/hdfs/store/user/varuns/MC2018_Autumn18_May2019/DYJetsToLL_M-50_HT-1200to2500_TuneCP5_PSweights_13TeV-madgraphMLM-pythia8/crab_job_DYJetsToLL_HT1200-2500/190516_074911/0000/MC_DYJetsToLL_HT1200-2500_47.root

file path found: /hdfs/store/user/varuns/MC2018_Autumn18_May2019/DYJetsToLL_M-50_HT-1200to2500_TuneCP5_PSweights_13TeV-madgraphMLM-pythia8/crab_job_DYJetsToLL_HT1200-2500/190516_074911/0000/MC_DYJetsToLL_HT1200-2500_48.root
name: MC_DYJetsToLL_HT1200-2500_48.root
filenumber: 42
Adding FullPathInputFile to chain:/hdfs/store/user/varuns/MC2018_Autumn18_May2019/DYJetsToLL_M-50_HT-1200to2500_TuneCP5_PSweights_13TeV-madgraphMLM-pythia8/crab_job_DYJetsToLL_HT1200-2500/190516_074911/0000/MC_DYJetsToLL_HT1200-2500_48.root

file path found: /hdfs/store/user/varuns/MC2018_Autumn18_May2019/DYJetsToLL_M-50_HT-1200to2500_TuneCP5_PSweights_13TeV-madgraphMLM-pythia8/crab_job_DYJetsToLL_HT1200-2500/190516_074911/0000/MC_DYJetsToLL_HT1200-2500_49.root
name: MC_DYJetsToLL_HT1200-2500_49.root
filenumber: 43
Adding FullPathInputFile to chain:/hdfs/store/user/varuns/MC2018_Autumn18_May2019/DYJetsToLL_M-50_HT-1200to2500_TuneCP5_PSweights_13TeV-madgraphMLM-pythia8/crab_job_DYJetsToLL_HT1200-2500/190516_074911/0000/MC_DYJetsToLL_HT1200-2500_49.root

file path found: /hdfs/store/user/varuns/MC2018_Autumn18_May2019/DYJetsToLL_M-50_HT-1200to2500_TuneCP5_PSweights_13TeV-madgraphMLM-pythia8/crab_job_DYJetsToLL_HT1200-2500/190516_074911/0000/MC_DYJetsToLL_HT1200-2500_5.root
name: MC_DYJetsToLL_HT1200-2500_5.root
filenumber: 44
Adding FullPathInputFile to chain:/hdfs/store/user/varuns/MC2018_Autumn18_May2019/DYJetsToLL_M-50_HT-1200to2500_TuneCP5_PSweights_13TeV-madgraphMLM-pythia8/crab_job_DYJetsToLL_HT1200-2500/190516_074911/0000/MC_DYJetsToLL_HT1200-2500_5.root

file path found: /hdfs/store/user/varuns/MC2018_Autumn18_May2019/DYJetsToLL_M-50_HT-1200to2500_TuneCP5_PSweights_13TeV-madgraphMLM-pythia8/crab_job_DYJetsToLL_HT1200-2500/190516_074911/0000/MC_DYJetsToLL_HT1200-2500_50.root
name: MC_DYJetsToLL_HT1200-2500_50.root
filenumber: 45
Adding FullPathInputFile to chain:/hdfs/store/user/varuns/MC2018_Autumn18_May2019/DYJetsToLL_M-50_HT-1200to2500_TuneCP5_PSweights_13TeV-madgraphMLM-pythia8/crab_job_DYJetsToLL_HT1200-2500/190516_074911/0000/MC_DYJetsToLL_HT1200-2500_50.root

file path found: /hdfs/store/user/varuns/MC2018_Autumn18_May2019/DYJetsToLL_M-50_HT-1200to2500_TuneCP5_PSweights_13TeV-madgraphMLM-pythia8/crab_job_DYJetsToLL_HT1200-2500/190516_074911/0000/MC_DYJetsToLL_HT1200-2500_51.root
name: MC_DYJetsToLL_HT1200-2500_51.root
filenumber: 46
Adding FullPathInputFile to chain:/hdfs/store/user/varuns/MC2018_Autumn18_May2019/DYJetsToLL_M-50_HT-1200to2500_TuneCP5_PSweights_13TeV-madgraphMLM-pythia8/crab_job_DYJetsToLL_HT1200-2500/190516_074911/0000/MC_DYJetsToLL_HT1200-2500_51.root

file path found: /hdfs/store/user/varuns/MC2018_Autumn18_May2019/DYJetsToLL_M-50_HT-1200to2500_TuneCP5_PSweights_13TeV-madgraphMLM-pythia8/crab_job_DYJetsToLL_HT1200-2500/190516_074911/0000/MC_DYJetsToLL_HT1200-2500_52.root
name: MC_DYJetsToLL_HT1200-2500_52.root
filenumber: 47
Adding FullPathInputFile to chain:/hdfs/store/user/varuns/MC2018_Autumn18_May2019/DYJetsToLL_M-50_HT-1200to2500_TuneCP5_PSweights_13TeV-madgraphMLM-pythia8/crab_job_DYJetsToLL_HT1200-2500/190516_074911/0000/MC_DYJetsToLL_HT1200-2500_52.root

file path found: /hdfs/store/user/varuns/MC2018_Autumn18_May2019/DYJetsToLL_M-50_HT-1200to2500_TuneCP5_PSweights_13TeV-madgraphMLM-pythia8/crab_job_DYJetsToLL_HT1200-2500/190516_074911/0000/MC_DYJetsToLL_HT1200-2500_53.root
name: MC_DYJetsToLL_HT1200-2500_53.root
filenumber: 48
Adding FullPathInputFile to chain:/hdfs/store/user/varuns/MC2018_Autumn18_May2019/DYJetsToLL_M-50_HT-1200to2500_TuneCP5_PSweights_13TeV-madgraphMLM-pythia8/crab_job_DYJetsToLL_HT1200-2500/190516_074911/0000/MC_DYJetsToLL_HT1200-2500_53.root

file path found: /hdfs/store/user/varuns/MC2018_Autumn18_May2019/DYJetsToLL_M-50_HT-1200to2500_TuneCP5_PSweights_13TeV-madgraphMLM-pythia8/crab_job_DYJetsToLL_HT1200-2500/190516_074911/0000/MC_DYJetsToLL_HT1200-2500_54.root
name: MC_DYJetsToLL_HT1200-2500_54.root
filenumber: 49
Adding FullPathInputFile to chain:/hdfs/store/user/varuns/MC2018_Autumn18_May2019/DYJetsToLL_M-50_HT-1200to2500_TuneCP5_PSweights_13TeV-madgraphMLM-pythia8/crab_job_DYJetsToLL_HT1200-2500/190516_074911/0000/MC_DYJetsToLL_HT1200-2500_54.root

file path found: /hdfs/store/user/varuns/MC2018_Autumn18_May2019/DYJetsToLL_M-50_HT-1200to2500_TuneCP5_PSweights_13TeV-madgraphMLM-pythia8/crab_job_DYJetsToLL_HT1200-2500/190516_074911/0000/MC_DYJetsToLL_HT1200-2500_55.root
name: MC_DYJetsToLL_HT1200-2500_55.root
filenumber: 50
Adding FullPathInputFile to chain:/hdfs/store/user/varuns/MC2018_Autumn18_May2019/DYJetsToLL_M-50_HT-1200to2500_TuneCP5_PSweights_13TeV-madgraphMLM-pythia8/crab_job_DYJetsToLL_HT1200-2500/190516_074911/0000/MC_DYJetsToLL_HT1200-2500_55.root

file path found: /hdfs/store/user/varuns/MC2018_Autumn18_May2019/DYJetsToLL_M-50_HT-1200to2500_TuneCP5_PSweights_13TeV-madgraphMLM-pythia8/crab_job_DYJetsToLL_HT1200-2500/190516_074911/0000/MC_DYJetsToLL_HT1200-2500_56.root
name: MC_DYJetsToLL_HT1200-2500_56.root
filenumber: 51
Adding FullPathInputFile to chain:/hdfs/store/user/varuns/MC2018_Autumn18_May2019/DYJetsToLL_M-50_HT-1200to2500_TuneCP5_PSweights_13TeV-madgraphMLM-pythia8/crab_job_DYJetsToLL_HT1200-2500/190516_074911/0000/MC_DYJetsToLL_HT1200-2500_56.root

file path found: /hdfs/store/user/varuns/MC2018_Autumn18_May2019/DYJetsToLL_M-50_HT-1200to2500_TuneCP5_PSweights_13TeV-madgraphMLM-pythia8/crab_job_DYJetsToLL_HT1200-2500/190516_074911/0000/MC_DYJetsToLL_HT1200-2500_6.root
name: MC_DYJetsToLL_HT1200-2500_6.root
filenumber: 52
Adding FullPathInputFile to chain:/hdfs/store/user/varuns/MC2018_Autumn18_May2019/DYJetsToLL_M-50_HT-1200to2500_TuneCP5_PSweights_13TeV-madgraphMLM-pythia8/crab_job_DYJetsToLL_HT1200-2500/190516_074911/0000/MC_DYJetsToLL_HT1200-2500_6.root

file path found: /hdfs/store/user/varuns/MC2018_Autumn18_May2019/DYJetsToLL_M-50_HT-1200to2500_TuneCP5_PSweights_13TeV-madgraphMLM-pythia8/crab_job_DYJetsToLL_HT1200-2500/190516_074911/0000/MC_DYJetsToLL_HT1200-2500_7.root
name: MC_DYJetsToLL_HT1200-2500_7.root
filenumber: 53
Adding FullPathInputFile to chain:/hdfs/store/user/varuns/MC2018_Autumn18_May2019/DYJetsToLL_M-50_HT-1200to2500_TuneCP5_PSweights_13TeV-madgraphMLM-pythia8/crab_job_DYJetsToLL_HT1200-2500/190516_074911/0000/MC_DYJetsToLL_HT1200-2500_7.root

file path found: /hdfs/store/user/varuns/MC2018_Autumn18_May2019/DYJetsToLL_M-50_HT-1200to2500_TuneCP5_PSweights_13TeV-madgraphMLM-pythia8/crab_job_DYJetsToLL_HT1200-2500/190516_074911/0000/MC_DYJetsToLL_HT1200-2500_8.root
name: MC_DYJetsToLL_HT1200-2500_8.root
filenumber: 54
Adding FullPathInputFile to chain:/hdfs/store/user/varuns/MC2018_Autumn18_May2019/DYJetsToLL_M-50_HT-1200to2500_TuneCP5_PSweights_13TeV-madgraphMLM-pythia8/crab_job_DYJetsToLL_HT1200-2500/190516_074911/0000/MC_DYJetsToLL_HT1200-2500_8.root

file path found: /hdfs/store/user/varuns/MC2018_Autumn18_May2019/DYJetsToLL_M-50_HT-1200to2500_TuneCP5_PSweights_13TeV-madgraphMLM-pythia8/crab_job_DYJetsToLL_HT1200-2500/190516_074911/0000/MC_DYJetsToLL_HT1200-2500_9.root
name: MC_DYJetsToLL_HT1200-2500_9.root
filenumber: 55
Adding FullPathInputFile to chain:/hdfs/store/user/varuns/MC2018_Autumn18_May2019/DYJetsToLL_M-50_HT-1200to2500_TuneCP5_PSweights_13TeV-madgraphMLM-pythia8/crab_job_DYJetsToLL_HT1200-2500/190516_074911/0000/MC_DYJetsToLL_HT1200-2500_9.root

file path found: /hdfs/store/user/varuns/MC2018_Autumn18_May2019/DYJetsToLL_M-50_HT-1200to2500_TuneCP5_PSweights_13TeV-madgraphMLM-pythia8/crab_job_DYJetsToLL_HT1200-2500/190516_074911/0000/.
name: .
filenumber: 56
file path found: /hdfs/store/user/varuns/MC2018_Autumn18_May2019/DYJetsToLL_M-50_HT-1200to2500_TuneCP5_PSweights_13TeV-madgraphMLM-pythia8/crab_job_DYJetsToLL_HT1200-2500/190516_074911/0000/..
name: ..
filenumber: 57
56 files added.
Initializing chain.
Coming in: 
nentries:536416
Running over 536416 events.
Finished entry 0/536415
Finished entry 10000/536415
Finished entry 20000/536415
Finished entry 30000/536415
Finished entry 40000/536415
Finished entry 50000/536415
Finished entry 60000/536415
Finished entry 70000/536415
Finished entry 80000/536415
Finished entry 90000/536415
Finished entry 100000/536415
Finished entry 110000/536415
Finished entry 120000/536415
Finished entry 130000/536415
Finished entry 140000/536415
Finished entry 150000/536415
Finished entry 160000/536415
Finished entry 170000/536415
Finished entry 180000/536415
Finished entry 190000/536415
Finished entry 200000/536415
Finished entry 210000/536415
Finished entry 220000/536415
Finished entry 230000/536415
Finished entry 240000/536415
Finished entry 250000/536415
Finished entry 260000/536415
Finished entry 270000/536415
Finished entry 280000/536415
Finished entry 290000/536415
Finished entry 300000/536415
Finished entry 310000/536415
Finished entry 320000/536415
Finished entry 330000/536415
Finished entry 340000/536415
Finished entry 350000/536415
Finished entry 360000/536415
Finished entry 370000/536415
Finished entry 380000/536415
Finished entry 390000/536415
Finished entry 400000/536415
Finished entry 410000/536415
Finished entry 420000/536415
Finished entry 430000/536415
Finished entry 440000/536415
Finished entry 450000/536415
Finished entry 460000/536415
Finished entry 470000/536415
Finished entry 480000/536415
Finished entry 490000/536415
Finished entry 500000/536415
Finished entry 510000/536415
Finished entry 520000/536415
Finished entry 530000/536415
