000 (166935.001.000) 06/10 13:21:57 Job submitted from host: <144.92.180.4:9618?addrs=144.92.180.4-9618+[2607-f388-101c-1000--367]-9618&noUDP&sock=4693_960c_3>
...
001 (166935.001.000) 06/10 13:40:08 Job executing on host: <144.92.180.125:9618?addrs=144.92.180.125-9618+[2607-f388-101c-1000--629]-9618&noUDP&sock=7737_8456_10>
...
006 (166935.001.000) 06/10 13:40:17 Image size of job updated: 231928
	123  -  MemoryUsage of job (MB)
	125352  -  ResidentSetSize of job (KB)
...
006 (166935.001.000) 06/10 13:47:33 Image size of job updated: 294596
	123  -  MemoryUsage of job (MB)
	125352  -  ResidentSetSize of job (KB)
...
005 (166935.001.000) 06/10 13:47:35 Job terminated.
	(1) Normal termination (return value 0)
		Usr 0 00:01:22, Sys 0 00:00:04  -  Run Remote Usage
		Usr 0 00:00:00, Sys 0 00:00:00  -  Run Local Usage
		Usr 0 00:01:22, Sys 0 00:00:04  -  Total Remote Usage
		Usr 0 00:00:00, Sys 0 00:00:00  -  Total Local Usage
	421063  -  Run Bytes Sent By Job
	278854  -  Run Bytes Received By Job
	421063  -  Total Bytes Sent By Job
	278854  -  Total Bytes Received By Job
	Partitionable Resources :    Usage  Request Allocated
	   Cpus                 :                 1         1
	   Disk (KB)            :  1000000  2048000   6335197
	   Memory (MB)          :      123     1992      1992
...
