000 (695973.003.000) 07/12 06:42:07 Job submitted from host: <144.92.181.245:9618?addrs=144.92.181.245-9618+[2607-f388-101c-1000--372]-9618&noUDP&sock=6179_dbc8_3>
...
001 (695973.003.000) 07/12 08:10:28 Job executing on host: <128.104.227.111:9618?addrs=128.104.227.111-9618+[2607-f388-101c-1000--60]-9618&noUDP&sock=11720_860d_3>
...
006 (695973.003.000) 07/12 08:10:36 Image size of job updated: 216360
	106  -  MemoryUsage of job (MB)
	108236  -  ResidentSetSize of job (KB)
...
006 (695973.003.000) 07/12 08:30:36 Image size of job updated: 279736
	272  -  MemoryUsage of job (MB)
	278340  -  ResidentSetSize of job (KB)
...
006 (695973.003.000) 07/12 08:44:41 Image size of job updated: 279944
	272  -  MemoryUsage of job (MB)
	278340  -  ResidentSetSize of job (KB)
...
005 (695973.003.000) 07/12 08:44:41 Job terminated.
	(1) Normal termination (return value 0)
		Usr 0 00:01:38, Sys 0 00:00:08  -  Run Remote Usage
		Usr 0 00:00:00, Sys 0 00:00:00  -  Run Local Usage
		Usr 0 00:01:38, Sys 0 00:00:08  -  Total Remote Usage
		Usr 0 00:00:00, Sys 0 00:00:00  -  Total Local Usage
	261780  -  Run Bytes Sent By Job
	281287  -  Run Bytes Received By Job
	261780  -  Total Bytes Sent By Job
	281287  -  Total Bytes Received By Job
	Partitionable Resources :    Usage  Request Allocated
	   Cpus                 :                 1         1
	   Disk (KB)            :  1000000  2048000   9503250
	   Memory (MB)          :      272     1992      1992
...
