000 (695973.006.000) 07/12 06:42:07 Job submitted from host: <144.92.181.245:9618?addrs=144.92.181.245-9618+[2607-f388-101c-1000--372]-9618&noUDP&sock=6179_dbc8_3>
...
001 (695973.006.000) 07/12 08:10:31 Job executing on host: <144.92.181.150:9618?addrs=144.92.181.150-9618+[2607-f388-101c-1000--629]-9618&noUDP&sock=9864_7647_3>
...
006 (695973.006.000) 07/12 08:10:40 Image size of job updated: 216248
	106  -  MemoryUsage of job (MB)
	108244  -  ResidentSetSize of job (KB)
...
005 (695973.006.000) 07/12 08:29:29 Job terminated.
	(1) Normal termination (return value 0)
		Usr 0 00:01:44, Sys 0 00:00:04  -  Run Remote Usage
		Usr 0 00:00:00, Sys 0 00:00:00  -  Run Local Usage
		Usr 0 00:01:44, Sys 0 00:00:04  -  Total Remote Usage
		Usr 0 00:00:00, Sys 0 00:00:00  -  Total Local Usage
	263388  -  Run Bytes Sent By Job
	281287  -  Run Bytes Received By Job
	263388  -  Total Bytes Sent By Job
	281287  -  Total Bytes Received By Job
	Partitionable Resources :    Usage  Request Allocated
	   Cpus                 :                 1         1
	   Disk (KB)            :  1000000  2048000   7917968
	   Memory (MB)          :      106     1992      1992
...
