file path found: /hdfs/store/user/varuns/Run2018D_Prompt/EGamma/crab_job_EGamma2018Dv2_2v3/190602_055138/0004/Data_EGamma2018Dv2_2v3_4002.root
name: Data_EGamma2018Dv2_2v3_4002.root
filenumber: 0
Adding FullPathInputFile to chain:/hdfs/store/user/varuns/Run2018D_Prompt/EGamma/crab_job_EGamma2018Dv2_2v3/190602_055138/0004/Data_EGamma2018Dv2_2v3_4002.root

file path found: /hdfs/store/user/varuns/Run2018D_Prompt/EGamma/crab_job_EGamma2018Dv2_2v3/190602_055138/0004/Data_EGamma2018Dv2_2v3_4003.root
name: Data_EGamma2018Dv2_2v3_4003.root
filenumber: 1
Adding FullPathInputFile to chain:/hdfs/store/user/varuns/Run2018D_Prompt/EGamma/crab_job_EGamma2018Dv2_2v3/190602_055138/0004/Data_EGamma2018Dv2_2v3_4003.root

file path found: /hdfs/store/user/varuns/Run2018D_Prompt/EGamma/crab_job_EGamma2018Dv2_2v3/190602_055138/0004/Data_EGamma2018Dv2_2v3_4004.root
name: Data_EGamma2018Dv2_2v3_4004.root
filenumber: 2
Adding FullPathInputFile to chain:/hdfs/store/user/varuns/Run2018D_Prompt/EGamma/crab_job_EGamma2018Dv2_2v3/190602_055138/0004/Data_EGamma2018Dv2_2v3_4004.root

file path found: /hdfs/store/user/varuns/Run2018D_Prompt/EGamma/crab_job_EGamma2018Dv2_2v3/190602_055138/0004/Data_EGamma2018Dv2_2v3_4030.root
name: Data_EGamma2018Dv2_2v3_4030.root
filenumber: 3
Adding FullPathInputFile to chain:/hdfs/store/user/varuns/Run2018D_Prompt/EGamma/crab_job_EGamma2018Dv2_2v3/190602_055138/0004/Data_EGamma2018Dv2_2v3_4030.root

file path found: /hdfs/store/user/varuns/Run2018D_Prompt/EGamma/crab_job_EGamma2018Dv2_2v3/190602_055138/0004/Data_EGamma2018Dv2_2v3_4031.root
name: Data_EGamma2018Dv2_2v3_4031.root
filenumber: 4
Adding FullPathInputFile to chain:/hdfs/store/user/varuns/Run2018D_Prompt/EGamma/crab_job_EGamma2018Dv2_2v3/190602_055138/0004/Data_EGamma2018Dv2_2v3_4031.root

file path found: /hdfs/store/user/varuns/Run2018D_Prompt/EGamma/crab_job_EGamma2018Dv2_2v3/190602_055138/0004/Data_EGamma2018Dv2_2v3_4033.root
name: Data_EGamma2018Dv2_2v3_4033.root
filenumber: 5
Adding FullPathInputFile to chain:/hdfs/store/user/varuns/Run2018D_Prompt/EGamma/crab_job_EGamma2018Dv2_2v3/190602_055138/0004/Data_EGamma2018Dv2_2v3_4033.root

file path found: /hdfs/store/user/varuns/Run2018D_Prompt/EGamma/crab_job_EGamma2018Dv2_2v3/190602_055138/0004/Data_EGamma2018Dv2_2v3_4035.root
name: Data_EGamma2018Dv2_2v3_4035.root
filenumber: 6
Adding FullPathInputFile to chain:/hdfs/store/user/varuns/Run2018D_Prompt/EGamma/crab_job_EGamma2018Dv2_2v3/190602_055138/0004/Data_EGamma2018Dv2_2v3_4035.root

file path found: /hdfs/store/user/varuns/Run2018D_Prompt/EGamma/crab_job_EGamma2018Dv2_2v3/190602_055138/0004/Data_EGamma2018Dv2_2v3_4041.root
name: Data_EGamma2018Dv2_2v3_4041.root
filenumber: 7
Adding FullPathInputFile to chain:/hdfs/store/user/varuns/Run2018D_Prompt/EGamma/crab_job_EGamma2018Dv2_2v3/190602_055138/0004/Data_EGamma2018Dv2_2v3_4041.root

file path found: /hdfs/store/user/varuns/Run2018D_Prompt/EGamma/crab_job_EGamma2018Dv2_2v3/190602_055138/0004/Data_EGamma2018Dv2_2v3_4043.root
name: Data_EGamma2018Dv2_2v3_4043.root
filenumber: 8
Adding FullPathInputFile to chain:/hdfs/store/user/varuns/Run2018D_Prompt/EGamma/crab_job_EGamma2018Dv2_2v3/190602_055138/0004/Data_EGamma2018Dv2_2v3_4043.root

file path found: /hdfs/store/user/varuns/Run2018D_Prompt/EGamma/crab_job_EGamma2018Dv2_2v3/190602_055138/0004/Data_EGamma2018Dv2_2v3_4044.root
name: Data_EGamma2018Dv2_2v3_4044.root
filenumber: 9
Adding FullPathInputFile to chain:/hdfs/store/user/varuns/Run2018D_Prompt/EGamma/crab_job_EGamma2018Dv2_2v3/190602_055138/0004/Data_EGamma2018Dv2_2v3_4044.root

file path found: /hdfs/store/user/varuns/Run2018D_Prompt/EGamma/crab_job_EGamma2018Dv2_2v3/190602_055138/0004/Data_EGamma2018Dv2_2v3_4045.root
name: Data_EGamma2018Dv2_2v3_4045.root
filenumber: 10
Adding FullPathInputFile to chain:/hdfs/store/user/varuns/Run2018D_Prompt/EGamma/crab_job_EGamma2018Dv2_2v3/190602_055138/0004/Data_EGamma2018Dv2_2v3_4045.root

file path found: /hdfs/store/user/varuns/Run2018D_Prompt/EGamma/crab_job_EGamma2018Dv2_2v3/190602_055138/0004/Data_EGamma2018Dv2_2v3_4046.root
name: Data_EGamma2018Dv2_2v3_4046.root
filenumber: 11
Adding FullPathInputFile to chain:/hdfs/store/user/varuns/Run2018D_Prompt/EGamma/crab_job_EGamma2018Dv2_2v3/190602_055138/0004/Data_EGamma2018Dv2_2v3_4046.root

file path found: /hdfs/store/user/varuns/Run2018D_Prompt/EGamma/crab_job_EGamma2018Dv2_2v3/190602_055138/0004/Data_EGamma2018Dv2_2v3_4047.root
name: Data_EGamma2018Dv2_2v3_4047.root
filenumber: 12
Adding FullPathInputFile to chain:/hdfs/store/user/varuns/Run2018D_Prompt/EGamma/crab_job_EGamma2018Dv2_2v3/190602_055138/0004/Data_EGamma2018Dv2_2v3_4047.root

file path found: /hdfs/store/user/varuns/Run2018D_Prompt/EGamma/crab_job_EGamma2018Dv2_2v3/190602_055138/0004/Data_EGamma2018Dv2_2v3_4048.root
name: Data_EGamma2018Dv2_2v3_4048.root
filenumber: 13
Adding FullPathInputFile to chain:/hdfs/store/user/varuns/Run2018D_Prompt/EGamma/crab_job_EGamma2018Dv2_2v3/190602_055138/0004/Data_EGamma2018Dv2_2v3_4048.root

file path found: /hdfs/store/user/varuns/Run2018D_Prompt/EGamma/crab_job_EGamma2018Dv2_2v3/190602_055138/0004/Data_EGamma2018Dv2_2v3_4049.root
name: Data_EGamma2018Dv2_2v3_4049.root
filenumber: 14
Adding FullPathInputFile to chain:/hdfs/store/user/varuns/Run2018D_Prompt/EGamma/crab_job_EGamma2018Dv2_2v3/190602_055138/0004/Data_EGamma2018Dv2_2v3_4049.root

file path found: /hdfs/store/user/varuns/Run2018D_Prompt/EGamma/crab_job_EGamma2018Dv2_2v3/190602_055138/0004/Data_EGamma2018Dv2_2v3_4054.root
name: Data_EGamma2018Dv2_2v3_4054.root
filenumber: 15
Adding FullPathInputFile to chain:/hdfs/store/user/varuns/Run2018D_Prompt/EGamma/crab_job_EGamma2018Dv2_2v3/190602_055138/0004/Data_EGamma2018Dv2_2v3_4054.root

file path found: /hdfs/store/user/varuns/Run2018D_Prompt/EGamma/crab_job_EGamma2018Dv2_2v3/190602_055138/0004/Data_EGamma2018Dv2_2v3_4064.root
name: Data_EGamma2018Dv2_2v3_4064.root
filenumber: 16
Adding FullPathInputFile to chain:/hdfs/store/user/varuns/Run2018D_Prompt/EGamma/crab_job_EGamma2018Dv2_2v3/190602_055138/0004/Data_EGamma2018Dv2_2v3_4064.root

file path found: /hdfs/store/user/varuns/Run2018D_Prompt/EGamma/crab_job_EGamma2018Dv2_2v3/190602_055138/0004/Data_EGamma2018Dv2_2v3_4066.root
name: Data_EGamma2018Dv2_2v3_4066.root
filenumber: 17
Adding FullPathInputFile to chain:/hdfs/store/user/varuns/Run2018D_Prompt/EGamma/crab_job_EGamma2018Dv2_2v3/190602_055138/0004/Data_EGamma2018Dv2_2v3_4066.root

file path found: /hdfs/store/user/varuns/Run2018D_Prompt/EGamma/crab_job_EGamma2018Dv2_2v3/190602_055138/0004/Data_EGamma2018Dv2_2v3_4068.root
name: Data_EGamma2018Dv2_2v3_4068.root
filenumber: 18
Adding FullPathInputFile to chain:/hdfs/store/user/varuns/Run2018D_Prompt/EGamma/crab_job_EGamma2018Dv2_2v3/190602_055138/0004/Data_EGamma2018Dv2_2v3_4068.root

file path found: /hdfs/store/user/varuns/Run2018D_Prompt/EGamma/crab_job_EGamma2018Dv2_2v3/190602_055138/0004/Data_EGamma2018Dv2_2v3_4074.root
name: Data_EGamma2018Dv2_2v3_4074.root
filenumber: 19
Adding FullPathInputFile to chain:/hdfs/store/user/varuns/Run2018D_Prompt/EGamma/crab_job_EGamma2018Dv2_2v3/190602_055138/0004/Data_EGamma2018Dv2_2v3_4074.root

file path found: /hdfs/store/user/varuns/Run2018D_Prompt/EGamma/crab_job_EGamma2018Dv2_2v3/190602_055138/0004/Data_EGamma2018Dv2_2v3_4076.root
name: Data_EGamma2018Dv2_2v3_4076.root
filenumber: 20
Adding FullPathInputFile to chain:/hdfs/store/user/varuns/Run2018D_Prompt/EGamma/crab_job_EGamma2018Dv2_2v3/190602_055138/0004/Data_EGamma2018Dv2_2v3_4076.root

file path found: /hdfs/store/user/varuns/Run2018D_Prompt/EGamma/crab_job_EGamma2018Dv2_2v3/190602_055138/0004/Data_EGamma2018Dv2_2v3_4077.root
name: Data_EGamma2018Dv2_2v3_4077.root
filenumber: 21
Adding FullPathInputFile to chain:/hdfs/store/user/varuns/Run2018D_Prompt/EGamma/crab_job_EGamma2018Dv2_2v3/190602_055138/0004/Data_EGamma2018Dv2_2v3_4077.root

file path found: /hdfs/store/user/varuns/Run2018D_Prompt/EGamma/crab_job_EGamma2018Dv2_2v3/190602_055138/0004/Data_EGamma2018Dv2_2v3_4078.root
name: Data_EGamma2018Dv2_2v3_4078.root
filenumber: 22
Adding FullPathInputFile to chain:/hdfs/store/user/varuns/Run2018D_Prompt/EGamma/crab_job_EGamma2018Dv2_2v3/190602_055138/0004/Data_EGamma2018Dv2_2v3_4078.root

file path found: /hdfs/store/user/varuns/Run2018D_Prompt/EGamma/crab_job_EGamma2018Dv2_2v3/190602_055138/0004/Data_EGamma2018Dv2_2v3_4079.root
name: Data_EGamma2018Dv2_2v3_4079.root
filenumber: 23
Adding FullPathInputFile to chain:/hdfs/store/user/varuns/Run2018D_Prompt/EGamma/crab_job_EGamma2018Dv2_2v3/190602_055138/0004/Data_EGamma2018Dv2_2v3_4079.root

file path found: /hdfs/store/user/varuns/Run2018D_Prompt/EGamma/crab_job_EGamma2018Dv2_2v3/190602_055138/0004/Data_EGamma2018Dv2_2v3_4080.root
name: Data_EGamma2018Dv2_2v3_4080.root
filenumber: 24
Adding FullPathInputFile to chain:/hdfs/store/user/varuns/Run2018D_Prompt/EGamma/crab_job_EGamma2018Dv2_2v3/190602_055138/0004/Data_EGamma2018Dv2_2v3_4080.root

file path found: /hdfs/store/user/varuns/Run2018D_Prompt/EGamma/crab_job_EGamma2018Dv2_2v3/190602_055138/0004/Data_EGamma2018Dv2_2v3_4081.root
name: Data_EGamma2018Dv2_2v3_4081.root
filenumber: 25
Adding FullPathInputFile to chain:/hdfs/store/user/varuns/Run2018D_Prompt/EGamma/crab_job_EGamma2018Dv2_2v3/190602_055138/0004/Data_EGamma2018Dv2_2v3_4081.root

file path found: /hdfs/store/user/varuns/Run2018D_Prompt/EGamma/crab_job_EGamma2018Dv2_2v3/190602_055138/0004/Data_EGamma2018Dv2_2v3_4082.root
name: Data_EGamma2018Dv2_2v3_4082.root
filenumber: 26
Adding FullPathInputFile to chain:/hdfs/store/user/varuns/Run2018D_Prompt/EGamma/crab_job_EGamma2018Dv2_2v3/190602_055138/0004/Data_EGamma2018Dv2_2v3_4082.root

file path found: /hdfs/store/user/varuns/Run2018D_Prompt/EGamma/crab_job_EGamma2018Dv2_2v3/190602_055138/0004/Data_EGamma2018Dv2_2v3_4083.root
name: Data_EGamma2018Dv2_2v3_4083.root
filenumber: 27
Adding FullPathInputFile to chain:/hdfs/store/user/varuns/Run2018D_Prompt/EGamma/crab_job_EGamma2018Dv2_2v3/190602_055138/0004/Data_EGamma2018Dv2_2v3_4083.root

file path found: /hdfs/store/user/varuns/Run2018D_Prompt/EGamma/crab_job_EGamma2018Dv2_2v3/190602_055138/0004/Data_EGamma2018Dv2_2v3_4084.root
name: Data_EGamma2018Dv2_2v3_4084.root
filenumber: 28
Adding FullPathInputFile to chain:/hdfs/store/user/varuns/Run2018D_Prompt/EGamma/crab_job_EGamma2018Dv2_2v3/190602_055138/0004/Data_EGamma2018Dv2_2v3_4084.root

file path found: /hdfs/store/user/varuns/Run2018D_Prompt/EGamma/crab_job_EGamma2018Dv2_2v3/190602_055138/0004/Data_EGamma2018Dv2_2v3_4085.root
name: Data_EGamma2018Dv2_2v3_4085.root
filenumber: 29
Adding FullPathInputFile to chain:/hdfs/store/user/varuns/Run2018D_Prompt/EGamma/crab_job_EGamma2018Dv2_2v3/190602_055138/0004/Data_EGamma2018Dv2_2v3_4085.root

file path found: /hdfs/store/user/varuns/Run2018D_Prompt/EGamma/crab_job_EGamma2018Dv2_2v3/190602_055138/0004/Data_EGamma2018Dv2_2v3_4086.root
name: Data_EGamma2018Dv2_2v3_4086.root
filenumber: 30
Adding FullPathInputFile to chain:/hdfs/store/user/varuns/Run2018D_Prompt/EGamma/crab_job_EGamma2018Dv2_2v3/190602_055138/0004/Data_EGamma2018Dv2_2v3_4086.root

file path found: /hdfs/store/user/varuns/Run2018D_Prompt/EGamma/crab_job_EGamma2018Dv2_2v3/190602_055138/0004/Data_EGamma2018Dv2_2v3_4087.root
name: Data_EGamma2018Dv2_2v3_4087.root
filenumber: 31
Adding FullPathInputFile to chain:/hdfs/store/user/varuns/Run2018D_Prompt/EGamma/crab_job_EGamma2018Dv2_2v3/190602_055138/0004/Data_EGamma2018Dv2_2v3_4087.root

file path found: /hdfs/store/user/varuns/Run2018D_Prompt/EGamma/crab_job_EGamma2018Dv2_2v3/190602_055138/0004/Data_EGamma2018Dv2_2v3_4088.root
name: Data_EGamma2018Dv2_2v3_4088.root
filenumber: 32
Adding FullPathInputFile to chain:/hdfs/store/user/varuns/Run2018D_Prompt/EGamma/crab_job_EGamma2018Dv2_2v3/190602_055138/0004/Data_EGamma2018Dv2_2v3_4088.root

file path found: /hdfs/store/user/varuns/Run2018D_Prompt/EGamma/crab_job_EGamma2018Dv2_2v3/190602_055138/0004/Data_EGamma2018Dv2_2v3_4090.root
name: Data_EGamma2018Dv2_2v3_4090.root
filenumber: 33
Adding FullPathInputFile to chain:/hdfs/store/user/varuns/Run2018D_Prompt/EGamma/crab_job_EGamma2018Dv2_2v3/190602_055138/0004/Data_EGamma2018Dv2_2v3_4090.root

file path found: /hdfs/store/user/varuns/Run2018D_Prompt/EGamma/crab_job_EGamma2018Dv2_2v3/190602_055138/0004/Data_EGamma2018Dv2_2v3_4091.root
name: Data_EGamma2018Dv2_2v3_4091.root
filenumber: 34
Adding FullPathInputFile to chain:/hdfs/store/user/varuns/Run2018D_Prompt/EGamma/crab_job_EGamma2018Dv2_2v3/190602_055138/0004/Data_EGamma2018Dv2_2v3_4091.root

file path found: /hdfs/store/user/varuns/Run2018D_Prompt/EGamma/crab_job_EGamma2018Dv2_2v3/190602_055138/0004/Data_EGamma2018Dv2_2v3_4092.root
name: Data_EGamma2018Dv2_2v3_4092.root
filenumber: 35
Adding FullPathInputFile to chain:/hdfs/store/user/varuns/Run2018D_Prompt/EGamma/crab_job_EGamma2018Dv2_2v3/190602_055138/0004/Data_EGamma2018Dv2_2v3_4092.root

file path found: /hdfs/store/user/varuns/Run2018D_Prompt/EGamma/crab_job_EGamma2018Dv2_2v3/190602_055138/0004/Data_EGamma2018Dv2_2v3_4093.root
name: Data_EGamma2018Dv2_2v3_4093.root
filenumber: 36
Adding FullPathInputFile to chain:/hdfs/store/user/varuns/Run2018D_Prompt/EGamma/crab_job_EGamma2018Dv2_2v3/190602_055138/0004/Data_EGamma2018Dv2_2v3_4093.root

file path found: /hdfs/store/user/varuns/Run2018D_Prompt/EGamma/crab_job_EGamma2018Dv2_2v3/190602_055138/0004/Data_EGamma2018Dv2_2v3_4094.root
name: Data_EGamma2018Dv2_2v3_4094.root
filenumber: 37
Adding FullPathInputFile to chain:/hdfs/store/user/varuns/Run2018D_Prompt/EGamma/crab_job_EGamma2018Dv2_2v3/190602_055138/0004/Data_EGamma2018Dv2_2v3_4094.root

file path found: /hdfs/store/user/varuns/Run2018D_Prompt/EGamma/crab_job_EGamma2018Dv2_2v3/190602_055138/0004/Data_EGamma2018Dv2_2v3_4095.root
name: Data_EGamma2018Dv2_2v3_4095.root
filenumber: 38
Adding FullPathInputFile to chain:/hdfs/store/user/varuns/Run2018D_Prompt/EGamma/crab_job_EGamma2018Dv2_2v3/190602_055138/0004/Data_EGamma2018Dv2_2v3_4095.root

file path found: /hdfs/store/user/varuns/Run2018D_Prompt/EGamma/crab_job_EGamma2018Dv2_2v3/190602_055138/0004/Data_EGamma2018Dv2_2v3_4096.root
name: Data_EGamma2018Dv2_2v3_4096.root
filenumber: 39
Adding FullPathInputFile to chain:/hdfs/store/user/varuns/Run2018D_Prompt/EGamma/crab_job_EGamma2018Dv2_2v3/190602_055138/0004/Data_EGamma2018Dv2_2v3_4096.root

file path found: /hdfs/store/user/varuns/Run2018D_Prompt/EGamma/crab_job_EGamma2018Dv2_2v3/190602_055138/0004/Data_EGamma2018Dv2_2v3_4097.root
name: Data_EGamma2018Dv2_2v3_4097.root
filenumber: 40
Adding FullPathInputFile to chain:/hdfs/store/user/varuns/Run2018D_Prompt/EGamma/crab_job_EGamma2018Dv2_2v3/190602_055138/0004/Data_EGamma2018Dv2_2v3_4097.root

file path found: /hdfs/store/user/varuns/Run2018D_Prompt/EGamma/crab_job_EGamma2018Dv2_2v3/190602_055138/0004/Data_EGamma2018Dv2_2v3_4098.root
name: Data_EGamma2018Dv2_2v3_4098.root
filenumber: 41
Adding FullPathInputFile to chain:/hdfs/store/user/varuns/Run2018D_Prompt/EGamma/crab_job_EGamma2018Dv2_2v3/190602_055138/0004/Data_EGamma2018Dv2_2v3_4098.root

file path found: /hdfs/store/user/varuns/Run2018D_Prompt/EGamma/crab_job_EGamma2018Dv2_2v3/190602_055138/0004/Data_EGamma2018Dv2_2v3_4099.root
name: Data_EGamma2018Dv2_2v3_4099.root
filenumber: 42
Adding FullPathInputFile to chain:/hdfs/store/user/varuns/Run2018D_Prompt/EGamma/crab_job_EGamma2018Dv2_2v3/190602_055138/0004/Data_EGamma2018Dv2_2v3_4099.root

file path found: /hdfs/store/user/varuns/Run2018D_Prompt/EGamma/crab_job_EGamma2018Dv2_2v3/190602_055138/0004/Data_EGamma2018Dv2_2v3_4100.root
name: Data_EGamma2018Dv2_2v3_4100.root
filenumber: 43
Adding FullPathInputFile to chain:/hdfs/store/user/varuns/Run2018D_Prompt/EGamma/crab_job_EGamma2018Dv2_2v3/190602_055138/0004/Data_EGamma2018Dv2_2v3_4100.root

file path found: /hdfs/store/user/varuns/Run2018D_Prompt/EGamma/crab_job_EGamma2018Dv2_2v3/190602_055138/0004/Data_EGamma2018Dv2_2v3_4101.root
name: Data_EGamma2018Dv2_2v3_4101.root
filenumber: 44
Adding FullPathInputFile to chain:/hdfs/store/user/varuns/Run2018D_Prompt/EGamma/crab_job_EGamma2018Dv2_2v3/190602_055138/0004/Data_EGamma2018Dv2_2v3_4101.root

file path found: /hdfs/store/user/varuns/Run2018D_Prompt/EGamma/crab_job_EGamma2018Dv2_2v3/190602_055138/0004/Data_EGamma2018Dv2_2v3_4102.root
name: Data_EGamma2018Dv2_2v3_4102.root
filenumber: 45
Adding FullPathInputFile to chain:/hdfs/store/user/varuns/Run2018D_Prompt/EGamma/crab_job_EGamma2018Dv2_2v3/190602_055138/0004/Data_EGamma2018Dv2_2v3_4102.root

file path found: /hdfs/store/user/varuns/Run2018D_Prompt/EGamma/crab_job_EGamma2018Dv2_2v3/190602_055138/0004/Data_EGamma2018Dv2_2v3_4103.root
name: Data_EGamma2018Dv2_2v3_4103.root
filenumber: 46
Adding FullPathInputFile to chain:/hdfs/store/user/varuns/Run2018D_Prompt/EGamma/crab_job_EGamma2018Dv2_2v3/190602_055138/0004/Data_EGamma2018Dv2_2v3_4103.root

file path found: /hdfs/store/user/varuns/Run2018D_Prompt/EGamma/crab_job_EGamma2018Dv2_2v3/190602_055138/0004/Data_EGamma2018Dv2_2v3_4104.root
name: Data_EGamma2018Dv2_2v3_4104.root
filenumber: 47
Adding FullPathInputFile to chain:/hdfs/store/user/varuns/Run2018D_Prompt/EGamma/crab_job_EGamma2018Dv2_2v3/190602_055138/0004/Data_EGamma2018Dv2_2v3_4104.root

file path found: /hdfs/store/user/varuns/Run2018D_Prompt/EGamma/crab_job_EGamma2018Dv2_2v3/190602_055138/0004/Data_EGamma2018Dv2_2v3_4105.root
name: Data_EGamma2018Dv2_2v3_4105.root
filenumber: 48
Adding FullPathInputFile to chain:/hdfs/store/user/varuns/Run2018D_Prompt/EGamma/crab_job_EGamma2018Dv2_2v3/190602_055138/0004/Data_EGamma2018Dv2_2v3_4105.root

file path found: /hdfs/store/user/varuns/Run2018D_Prompt/EGamma/crab_job_EGamma2018Dv2_2v3/190602_055138/0004/Data_EGamma2018Dv2_2v3_4106.root
name: Data_EGamma2018Dv2_2v3_4106.root
filenumber: 49
Adding FullPathInputFile to chain:/hdfs/store/user/varuns/Run2018D_Prompt/EGamma/crab_job_EGamma2018Dv2_2v3/190602_055138/0004/Data_EGamma2018Dv2_2v3_4106.root

file path found: /hdfs/store/user/varuns/Run2018D_Prompt/EGamma/crab_job_EGamma2018Dv2_2v3/190602_055138/0004/Data_EGamma2018Dv2_2v3_4107.root
name: Data_EGamma2018Dv2_2v3_4107.root
filenumber: 50
Adding FullPathInputFile to chain:/hdfs/store/user/varuns/Run2018D_Prompt/EGamma/crab_job_EGamma2018Dv2_2v3/190602_055138/0004/Data_EGamma2018Dv2_2v3_4107.root

file path found: /hdfs/store/user/varuns/Run2018D_Prompt/EGamma/crab_job_EGamma2018Dv2_2v3/190602_055138/0004/Data_EGamma2018Dv2_2v3_4108.root
name: Data_EGamma2018Dv2_2v3_4108.root
filenumber: 51
Adding FullPathInputFile to chain:/hdfs/store/user/varuns/Run2018D_Prompt/EGamma/crab_job_EGamma2018Dv2_2v3/190602_055138/0004/Data_EGamma2018Dv2_2v3_4108.root

file path found: /hdfs/store/user/varuns/Run2018D_Prompt/EGamma/crab_job_EGamma2018Dv2_2v3/190602_055138/0004/Data_EGamma2018Dv2_2v3_4109.root
name: Data_EGamma2018Dv2_2v3_4109.root
filenumber: 52
Adding FullPathInputFile to chain:/hdfs/store/user/varuns/Run2018D_Prompt/EGamma/crab_job_EGamma2018Dv2_2v3/190602_055138/0004/Data_EGamma2018Dv2_2v3_4109.root

file path found: /hdfs/store/user/varuns/Run2018D_Prompt/EGamma/crab_job_EGamma2018Dv2_2v3/190602_055138/0004/Data_EGamma2018Dv2_2v3_4110.root
name: Data_EGamma2018Dv2_2v3_4110.root
filenumber: 53
Adding FullPathInputFile to chain:/hdfs/store/user/varuns/Run2018D_Prompt/EGamma/crab_job_EGamma2018Dv2_2v3/190602_055138/0004/Data_EGamma2018Dv2_2v3_4110.root

file path found: /hdfs/store/user/varuns/Run2018D_Prompt/EGamma/crab_job_EGamma2018Dv2_2v3/190602_055138/0004/Data_EGamma2018Dv2_2v3_4111.root
name: Data_EGamma2018Dv2_2v3_4111.root
filenumber: 54
Adding FullPathInputFile to chain:/hdfs/store/user/varuns/Run2018D_Prompt/EGamma/crab_job_EGamma2018Dv2_2v3/190602_055138/0004/Data_EGamma2018Dv2_2v3_4111.root

file path found: /hdfs/store/user/varuns/Run2018D_Prompt/EGamma/crab_job_EGamma2018Dv2_2v3/190602_055138/0004/Data_EGamma2018Dv2_2v3_4112.root
name: Data_EGamma2018Dv2_2v3_4112.root
filenumber: 55
Adding FullPathInputFile to chain:/hdfs/store/user/varuns/Run2018D_Prompt/EGamma/crab_job_EGamma2018Dv2_2v3/190602_055138/0004/Data_EGamma2018Dv2_2v3_4112.root

file path found: /hdfs/store/user/varuns/Run2018D_Prompt/EGamma/crab_job_EGamma2018Dv2_2v3/190602_055138/0004/Data_EGamma2018Dv2_2v3_4113.root
name: Data_EGamma2018Dv2_2v3_4113.root
filenumber: 56
Adding FullPathInputFile to chain:/hdfs/store/user/varuns/Run2018D_Prompt/EGamma/crab_job_EGamma2018Dv2_2v3/190602_055138/0004/Data_EGamma2018Dv2_2v3_4113.root

file path found: /hdfs/store/user/varuns/Run2018D_Prompt/EGamma/crab_job_EGamma2018Dv2_2v3/190602_055138/0004/Data_EGamma2018Dv2_2v3_4114.root
name: Data_EGamma2018Dv2_2v3_4114.root
filenumber: 57
Adding FullPathInputFile to chain:/hdfs/store/user/varuns/Run2018D_Prompt/EGamma/crab_job_EGamma2018Dv2_2v3/190602_055138/0004/Data_EGamma2018Dv2_2v3_4114.root

file path found: /hdfs/store/user/varuns/Run2018D_Prompt/EGamma/crab_job_EGamma2018Dv2_2v3/190602_055138/0004/Data_EGamma2018Dv2_2v3_4115.root
name: Data_EGamma2018Dv2_2v3_4115.root
filenumber: 58
Adding FullPathInputFile to chain:/hdfs/store/user/varuns/Run2018D_Prompt/EGamma/crab_job_EGamma2018Dv2_2v3/190602_055138/0004/Data_EGamma2018Dv2_2v3_4115.root

file path found: /hdfs/store/user/varuns/Run2018D_Prompt/EGamma/crab_job_EGamma2018Dv2_2v3/190602_055138/0004/Data_EGamma2018Dv2_2v3_4116.root
name: Data_EGamma2018Dv2_2v3_4116.root
filenumber: 59
Adding FullPathInputFile to chain:/hdfs/store/user/varuns/Run2018D_Prompt/EGamma/crab_job_EGamma2018Dv2_2v3/190602_055138/0004/Data_EGamma2018Dv2_2v3_4116.root

file path found: /hdfs/store/user/varuns/Run2018D_Prompt/EGamma/crab_job_EGamma2018Dv2_2v3/190602_055138/0004/Data_EGamma2018Dv2_2v3_4117.root
name: Data_EGamma2018Dv2_2v3_4117.root
filenumber: 60
file path found: /hdfs/store/user/varuns/Run2018D_Prompt/EGamma/crab_job_EGamma2018Dv2_2v3/190602_055138/0004/Data_EGamma2018Dv2_2v3_4118.root
name: Data_EGamma2018Dv2_2v3_4118.root
filenumber: 61
file path found: /hdfs/store/user/varuns/Run2018D_Prompt/EGamma/crab_job_EGamma2018Dv2_2v3/190602_055138/0004/Data_EGamma2018Dv2_2v3_4119.root
name: Data_EGamma2018Dv2_2v3_4119.root
filenumber: 62
file path found: /hdfs/store/user/varuns/Run2018D_Prompt/EGamma/crab_job_EGamma2018Dv2_2v3/190602_055138/0004/Data_EGamma2018Dv2_2v3_4120.root
name: Data_EGamma2018Dv2_2v3_4120.root
filenumber: 63
file path found: /hdfs/store/user/varuns/Run2018D_Prompt/EGamma/crab_job_EGamma2018Dv2_2v3/190602_055138/0004/Data_EGamma2018Dv2_2v3_4121.root
name: Data_EGamma2018Dv2_2v3_4121.root
filenumber: 64
file path found: /hdfs/store/user/varuns/Run2018D_Prompt/EGamma/crab_job_EGamma2018Dv2_2v3/190602_055138/0004/Data_EGamma2018Dv2_2v3_4122.root
name: Data_EGamma2018Dv2_2v3_4122.root
filenumber: 65
file path found: /hdfs/store/user/varuns/Run2018D_Prompt/EGamma/crab_job_EGamma2018Dv2_2v3/190602_055138/0004/Data_EGamma2018Dv2_2v3_4123.root
name: Data_EGamma2018Dv2_2v3_4123.root
filenumber: 66
file path found: /hdfs/store/user/varuns/Run2018D_Prompt/EGamma/crab_job_EGamma2018Dv2_2v3/190602_055138/0004/Data_EGamma2018Dv2_2v3_4124.root
name: Data_EGamma2018Dv2_2v3_4124.root
filenumber: 67
file path found: /hdfs/store/user/varuns/Run2018D_Prompt/EGamma/crab_job_EGamma2018Dv2_2v3/190602_055138/0004/Data_EGamma2018Dv2_2v3_4125.root
name: Data_EGamma2018Dv2_2v3_4125.root
filenumber: 68
file path found: /hdfs/store/user/varuns/Run2018D_Prompt/EGamma/crab_job_EGamma2018Dv2_2v3/190602_055138/0004/Data_EGamma2018Dv2_2v3_4126.root
name: Data_EGamma2018Dv2_2v3_4126.root
filenumber: 69
file path found: /hdfs/store/user/varuns/Run2018D_Prompt/EGamma/crab_job_EGamma2018Dv2_2v3/190602_055138/0004/Data_EGamma2018Dv2_2v3_4127.root
name: Data_EGamma2018Dv2_2v3_4127.root
filenumber: 70
file path found: /hdfs/store/user/varuns/Run2018D_Prompt/EGamma/crab_job_EGamma2018Dv2_2v3/190602_055138/0004/Data_EGamma2018Dv2_2v3_4128.root
name: Data_EGamma2018Dv2_2v3_4128.root
filenumber: 71
file path found: /hdfs/store/user/varuns/Run2018D_Prompt/EGamma/crab_job_EGamma2018Dv2_2v3/190602_055138/0004/Data_EGamma2018Dv2_2v3_4129.root
name: Data_EGamma2018Dv2_2v3_4129.root
filenumber: 72
file path found: /hdfs/store/user/varuns/Run2018D_Prompt/EGamma/crab_job_EGamma2018Dv2_2v3/190602_055138/0004/Data_EGamma2018Dv2_2v3_4130.root
name: Data_EGamma2018Dv2_2v3_4130.root
filenumber: 73
file path found: /hdfs/store/user/varuns/Run2018D_Prompt/EGamma/crab_job_EGamma2018Dv2_2v3/190602_055138/0004/Data_EGamma2018Dv2_2v3_4131.root
name: Data_EGamma2018Dv2_2v3_4131.root
filenumber: 74
file path found: /hdfs/store/user/varuns/Run2018D_Prompt/EGamma/crab_job_EGamma2018Dv2_2v3/190602_055138/0004/Data_EGamma2018Dv2_2v3_4132.root
name: Data_EGamma2018Dv2_2v3_4132.root
filenumber: 75
file path found: /hdfs/store/user/varuns/Run2018D_Prompt/EGamma/crab_job_EGamma2018Dv2_2v3/190602_055138/0004/Data_EGamma2018Dv2_2v3_4133.root
name: Data_EGamma2018Dv2_2v3_4133.root
filenumber: 76
file path found: /hdfs/store/user/varuns/Run2018D_Prompt/EGamma/crab_job_EGamma2018Dv2_2v3/190602_055138/0004/Data_EGamma2018Dv2_2v3_4134.root
name: Data_EGamma2018Dv2_2v3_4134.root
filenumber: 77
file path found: /hdfs/store/user/varuns/Run2018D_Prompt/EGamma/crab_job_EGamma2018Dv2_2v3/190602_055138/0004/Data_EGamma2018Dv2_2v3_4135.root
name: Data_EGamma2018Dv2_2v3_4135.root
filenumber: 78
file path found: /hdfs/store/user/varuns/Run2018D_Prompt/EGamma/crab_job_EGamma2018Dv2_2v3/190602_055138/0004/Data_EGamma2018Dv2_2v3_4136.root
name: Data_EGamma2018Dv2_2v3_4136.root
filenumber: 79
file path found: /hdfs/store/user/varuns/Run2018D_Prompt/EGamma/crab_job_EGamma2018Dv2_2v3/190602_055138/0004/Data_EGamma2018Dv2_2v3_4137.root
name: Data_EGamma2018Dv2_2v3_4137.root
filenumber: 80
file path found: /hdfs/store/user/varuns/Run2018D_Prompt/EGamma/crab_job_EGamma2018Dv2_2v3/190602_055138/0004/Data_EGamma2018Dv2_2v3_4138.root
name: Data_EGamma2018Dv2_2v3_4138.root
filenumber: 81
file path found: /hdfs/store/user/varuns/Run2018D_Prompt/EGamma/crab_job_EGamma2018Dv2_2v3/190602_055138/0004/Data_EGamma2018Dv2_2v3_4499.root
name: Data_EGamma2018Dv2_2v3_4499.root
filenumber: 82
file path found: /hdfs/store/user/varuns/Run2018D_Prompt/EGamma/crab_job_EGamma2018Dv2_2v3/190602_055138/0004/Data_EGamma2018Dv2_2v3_4529.root
name: Data_EGamma2018Dv2_2v3_4529.root
filenumber: 83
file path found: /hdfs/store/user/varuns/Run2018D_Prompt/EGamma/crab_job_EGamma2018Dv2_2v3/190602_055138/0004/Data_EGamma2018Dv2_2v3_4725.root
name: Data_EGamma2018Dv2_2v3_4725.root
filenumber: 84
file path found: /hdfs/store/user/varuns/Run2018D_Prompt/EGamma/crab_job_EGamma2018Dv2_2v3/190602_055138/0004/Data_EGamma2018Dv2_2v3_4763.root
name: Data_EGamma2018Dv2_2v3_4763.root
filenumber: 85
file path found: /hdfs/store/user/varuns/Run2018D_Prompt/EGamma/crab_job_EGamma2018Dv2_2v3/190602_055138/0004/Data_EGamma2018Dv2_2v3_4781.root
name: Data_EGamma2018Dv2_2v3_4781.root
filenumber: 86
file path found: /hdfs/store/user/varuns/Run2018D_Prompt/EGamma/crab_job_EGamma2018Dv2_2v3/190602_055138/0004/Data_EGamma2018Dv2_2v3_4788.root
name: Data_EGamma2018Dv2_2v3_4788.root
filenumber: 87
file path found: /hdfs/store/user/varuns/Run2018D_Prompt/EGamma/crab_job_EGamma2018Dv2_2v3/190602_055138/0004/Data_EGamma2018Dv2_2v3_4789.root
name: Data_EGamma2018Dv2_2v3_4789.root
filenumber: 88
file path found: /hdfs/store/user/varuns/Run2018D_Prompt/EGamma/crab_job_EGamma2018Dv2_2v3/190602_055138/0004/Data_EGamma2018Dv2_2v3_4791.root
name: Data_EGamma2018Dv2_2v3_4791.root
filenumber: 89
file path found: /hdfs/store/user/varuns/Run2018D_Prompt/EGamma/crab_job_EGamma2018Dv2_2v3/190602_055138/0004/Data_EGamma2018Dv2_2v3_4793.root
name: Data_EGamma2018Dv2_2v3_4793.root
filenumber: 90
file path found: /hdfs/store/user/varuns/Run2018D_Prompt/EGamma/crab_job_EGamma2018Dv2_2v3/190602_055138/0004/Data_EGamma2018Dv2_2v3_4797.root
name: Data_EGamma2018Dv2_2v3_4797.root
filenumber: 91
file path found: /hdfs/store/user/varuns/Run2018D_Prompt/EGamma/crab_job_EGamma2018Dv2_2v3/190602_055138/0004/Data_EGamma2018Dv2_2v3_4798.root
name: Data_EGamma2018Dv2_2v3_4798.root
filenumber: 92
file path found: /hdfs/store/user/varuns/Run2018D_Prompt/EGamma/crab_job_EGamma2018Dv2_2v3/190602_055138/0004/Data_EGamma2018Dv2_2v3_4801.root
name: Data_EGamma2018Dv2_2v3_4801.root
filenumber: 93
file path found: /hdfs/store/user/varuns/Run2018D_Prompt/EGamma/crab_job_EGamma2018Dv2_2v3/190602_055138/0004/Data_EGamma2018Dv2_2v3_4803.root
name: Data_EGamma2018Dv2_2v3_4803.root
filenumber: 94
file path found: /hdfs/store/user/varuns/Run2018D_Prompt/EGamma/crab_job_EGamma2018Dv2_2v3/190602_055138/0004/Data_EGamma2018Dv2_2v3_4804.root
name: Data_EGamma2018Dv2_2v3_4804.root
filenumber: 95
file path found: /hdfs/store/user/varuns/Run2018D_Prompt/EGamma/crab_job_EGamma2018Dv2_2v3/190602_055138/0004/Data_EGamma2018Dv2_2v3_4805.root
name: Data_EGamma2018Dv2_2v3_4805.root
filenumber: 96
file path found: /hdfs/store/user/varuns/Run2018D_Prompt/EGamma/crab_job_EGamma2018Dv2_2v3/190602_055138/0004/Data_EGamma2018Dv2_2v3_4806.root
name: Data_EGamma2018Dv2_2v3_4806.root
filenumber: 97
file path found: /hdfs/store/user/varuns/Run2018D_Prompt/EGamma/crab_job_EGamma2018Dv2_2v3/190602_055138/0004/Data_EGamma2018Dv2_2v3_4808.root
name: Data_EGamma2018Dv2_2v3_4808.root
filenumber: 98
file path found: /hdfs/store/user/varuns/Run2018D_Prompt/EGamma/crab_job_EGamma2018Dv2_2v3/190602_055138/0004/Data_EGamma2018Dv2_2v3_4809.root
name: Data_EGamma2018Dv2_2v3_4809.root
filenumber: 99
file path found: /hdfs/store/user/varuns/Run2018D_Prompt/EGamma/crab_job_EGamma2018Dv2_2v3/190602_055138/0004/Data_EGamma2018Dv2_2v3_4810.root
name: Data_EGamma2018Dv2_2v3_4810.root
filenumber: 100
file path found: /hdfs/store/user/varuns/Run2018D_Prompt/EGamma/crab_job_EGamma2018Dv2_2v3/190602_055138/0004/Data_EGamma2018Dv2_2v3_4811.root
name: Data_EGamma2018Dv2_2v3_4811.root
filenumber: 101
file path found: /hdfs/store/user/varuns/Run2018D_Prompt/EGamma/crab_job_EGamma2018Dv2_2v3/190602_055138/0004/Data_EGamma2018Dv2_2v3_4812.root
name: Data_EGamma2018Dv2_2v3_4812.root
filenumber: 102
file path found: /hdfs/store/user/varuns/Run2018D_Prompt/EGamma/crab_job_EGamma2018Dv2_2v3/190602_055138/0004/Data_EGamma2018Dv2_2v3_4813.root
name: Data_EGamma2018Dv2_2v3_4813.root
filenumber: 103
file path found: /hdfs/store/user/varuns/Run2018D_Prompt/EGamma/crab_job_EGamma2018Dv2_2v3/190602_055138/0004/Data_EGamma2018Dv2_2v3_4814.root
name: Data_EGamma2018Dv2_2v3_4814.root
filenumber: 104
file path found: /hdfs/store/user/varuns/Run2018D_Prompt/EGamma/crab_job_EGamma2018Dv2_2v3/190602_055138/0004/Data_EGamma2018Dv2_2v3_4815.root
name: Data_EGamma2018Dv2_2v3_4815.root
filenumber: 105
file path found: /hdfs/store/user/varuns/Run2018D_Prompt/EGamma/crab_job_EGamma2018Dv2_2v3/190602_055138/0004/Data_EGamma2018Dv2_2v3_4816.root
name: Data_EGamma2018Dv2_2v3_4816.root
filenumber: 106
file path found: /hdfs/store/user/varuns/Run2018D_Prompt/EGamma/crab_job_EGamma2018Dv2_2v3/190602_055138/0004/Data_EGamma2018Dv2_2v3_4817.root
name: Data_EGamma2018Dv2_2v3_4817.root
filenumber: 107
file path found: /hdfs/store/user/varuns/Run2018D_Prompt/EGamma/crab_job_EGamma2018Dv2_2v3/190602_055138/0004/Data_EGamma2018Dv2_2v3_4818.root
name: Data_EGamma2018Dv2_2v3_4818.root
filenumber: 108
file path found: /hdfs/store/user/varuns/Run2018D_Prompt/EGamma/crab_job_EGamma2018Dv2_2v3/190602_055138/0004/Data_EGamma2018Dv2_2v3_4819.root
name: Data_EGamma2018Dv2_2v3_4819.root
filenumber: 109
file path found: /hdfs/store/user/varuns/Run2018D_Prompt/EGamma/crab_job_EGamma2018Dv2_2v3/190602_055138/0004/Data_EGamma2018Dv2_2v3_4820.root
name: Data_EGamma2018Dv2_2v3_4820.root
filenumber: 110
file path found: /hdfs/store/user/varuns/Run2018D_Prompt/EGamma/crab_job_EGamma2018Dv2_2v3/190602_055138/0004/Data_EGamma2018Dv2_2v3_4821.root
name: Data_EGamma2018Dv2_2v3_4821.root
filenumber: 111
file path found: /hdfs/store/user/varuns/Run2018D_Prompt/EGamma/crab_job_EGamma2018Dv2_2v3/190602_055138/0004/Data_EGamma2018Dv2_2v3_4822.root
name: Data_EGamma2018Dv2_2v3_4822.root
filenumber: 112
file path found: /hdfs/store/user/varuns/Run2018D_Prompt/EGamma/crab_job_EGamma2018Dv2_2v3/190602_055138/0004/Data_EGamma2018Dv2_2v3_4823.root
name: Data_EGamma2018Dv2_2v3_4823.root
filenumber: 113
file path found: /hdfs/store/user/varuns/Run2018D_Prompt/EGamma/crab_job_EGamma2018Dv2_2v3/190602_055138/0004/Data_EGamma2018Dv2_2v3_4825.root
name: Data_EGamma2018Dv2_2v3_4825.root
filenumber: 114
file path found: /hdfs/store/user/varuns/Run2018D_Prompt/EGamma/crab_job_EGamma2018Dv2_2v3/190602_055138/0004/Data_EGamma2018Dv2_2v3_4826.root
name: Data_EGamma2018Dv2_2v3_4826.root
filenumber: 115
file path found: /hdfs/store/user/varuns/Run2018D_Prompt/EGamma/crab_job_EGamma2018Dv2_2v3/190602_055138/0004/Data_EGamma2018Dv2_2v3_4827.root
name: Data_EGamma2018Dv2_2v3_4827.root
filenumber: 116
file path found: /hdfs/store/user/varuns/Run2018D_Prompt/EGamma/crab_job_EGamma2018Dv2_2v3/190602_055138/0004/Data_EGamma2018Dv2_2v3_4828.root
name: Data_EGamma2018Dv2_2v3_4828.root
filenumber: 117
file path found: /hdfs/store/user/varuns/Run2018D_Prompt/EGamma/crab_job_EGamma2018Dv2_2v3/190602_055138/0004/Data_EGamma2018Dv2_2v3_4829.root
name: Data_EGamma2018Dv2_2v3_4829.root
filenumber: 118
file path found: /hdfs/store/user/varuns/Run2018D_Prompt/EGamma/crab_job_EGamma2018Dv2_2v3/190602_055138/0004/Data_EGamma2018Dv2_2v3_4830.root
name: Data_EGamma2018Dv2_2v3_4830.root
filenumber: 119
file path found: /hdfs/store/user/varuns/Run2018D_Prompt/EGamma/crab_job_EGamma2018Dv2_2v3/190602_055138/0004/Data_EGamma2018Dv2_2v3_4831.root
name: Data_EGamma2018Dv2_2v3_4831.root
filenumber: 120
file path found: /hdfs/store/user/varuns/Run2018D_Prompt/EGamma/crab_job_EGamma2018Dv2_2v3/190602_055138/0004/Data_EGamma2018Dv2_2v3_4833.root
name: Data_EGamma2018Dv2_2v3_4833.root
filenumber: 121
file path found: /hdfs/store/user/varuns/Run2018D_Prompt/EGamma/crab_job_EGamma2018Dv2_2v3/190602_055138/0004/Data_EGamma2018Dv2_2v3_4834.root
name: Data_EGamma2018Dv2_2v3_4834.root
filenumber: 122
file path found: /hdfs/store/user/varuns/Run2018D_Prompt/EGamma/crab_job_EGamma2018Dv2_2v3/190602_055138/0004/Data_EGamma2018Dv2_2v3_4835.root
name: Data_EGamma2018Dv2_2v3_4835.root
filenumber: 123
file path found: /hdfs/store/user/varuns/Run2018D_Prompt/EGamma/crab_job_EGamma2018Dv2_2v3/190602_055138/0004/Data_EGamma2018Dv2_2v3_4836.root
name: Data_EGamma2018Dv2_2v3_4836.root
filenumber: 124
file path found: /hdfs/store/user/varuns/Run2018D_Prompt/EGamma/crab_job_EGamma2018Dv2_2v3/190602_055138/0004/Data_EGamma2018Dv2_2v3_4837.root
name: Data_EGamma2018Dv2_2v3_4837.root
filenumber: 125
file path found: /hdfs/store/user/varuns/Run2018D_Prompt/EGamma/crab_job_EGamma2018Dv2_2v3/190602_055138/0004/Data_EGamma2018Dv2_2v3_4838.root
name: Data_EGamma2018Dv2_2v3_4838.root
filenumber: 126
file path found: /hdfs/store/user/varuns/Run2018D_Prompt/EGamma/crab_job_EGamma2018Dv2_2v3/190602_055138/0004/Data_EGamma2018Dv2_2v3_4839.root
name: Data_EGamma2018Dv2_2v3_4839.root
filenumber: 127
file path found: /hdfs/store/user/varuns/Run2018D_Prompt/EGamma/crab_job_EGamma2018Dv2_2v3/190602_055138/0004/Data_EGamma2018Dv2_2v3_4840.root
name: Data_EGamma2018Dv2_2v3_4840.root
filenumber: 128
file path found: /hdfs/store/user/varuns/Run2018D_Prompt/EGamma/crab_job_EGamma2018Dv2_2v3/190602_055138/0004/Data_EGamma2018Dv2_2v3_4841.root
name: Data_EGamma2018Dv2_2v3_4841.root
filenumber: 129
file path found: /hdfs/store/user/varuns/Run2018D_Prompt/EGamma/crab_job_EGamma2018Dv2_2v3/190602_055138/0004/Data_EGamma2018Dv2_2v3_4842.root
name: Data_EGamma2018Dv2_2v3_4842.root
filenumber: 130
file path found: /hdfs/store/user/varuns/Run2018D_Prompt/EGamma/crab_job_EGamma2018Dv2_2v3/190602_055138/0004/Data_EGamma2018Dv2_2v3_4843.root
name: Data_EGamma2018Dv2_2v3_4843.root
filenumber: 131
file path found: /hdfs/store/user/varuns/Run2018D_Prompt/EGamma/crab_job_EGamma2018Dv2_2v3/190602_055138/0004/Data_EGamma2018Dv2_2v3_4844.root
name: Data_EGamma2018Dv2_2v3_4844.root
filenumber: 132
file path found: /hdfs/store/user/varuns/Run2018D_Prompt/EGamma/crab_job_EGamma2018Dv2_2v3/190602_055138/0004/Data_EGamma2018Dv2_2v3_4845.root
name: Data_EGamma2018Dv2_2v3_4845.root
filenumber: 133
file path found: /hdfs/store/user/varuns/Run2018D_Prompt/EGamma/crab_job_EGamma2018Dv2_2v3/190602_055138/0004/Data_EGamma2018Dv2_2v3_4846.root
name: Data_EGamma2018Dv2_2v3_4846.root
filenumber: 134
file path found: /hdfs/store/user/varuns/Run2018D_Prompt/EGamma/crab_job_EGamma2018Dv2_2v3/190602_055138/0004/Data_EGamma2018Dv2_2v3_4847.root
name: Data_EGamma2018Dv2_2v3_4847.root
filenumber: 135
file path found: /hdfs/store/user/varuns/Run2018D_Prompt/EGamma/crab_job_EGamma2018Dv2_2v3/190602_055138/0004/Data_EGamma2018Dv2_2v3_4848.root
name: Data_EGamma2018Dv2_2v3_4848.root
filenumber: 136
file path found: /hdfs/store/user/varuns/Run2018D_Prompt/EGamma/crab_job_EGamma2018Dv2_2v3/190602_055138/0004/Data_EGamma2018Dv2_2v3_4850.root
name: Data_EGamma2018Dv2_2v3_4850.root
filenumber: 137
file path found: /hdfs/store/user/varuns/Run2018D_Prompt/EGamma/crab_job_EGamma2018Dv2_2v3/190602_055138/0004/Data_EGamma2018Dv2_2v3_4851.root
name: Data_EGamma2018Dv2_2v3_4851.root
filenumber: 138
file path found: /hdfs/store/user/varuns/Run2018D_Prompt/EGamma/crab_job_EGamma2018Dv2_2v3/190602_055138/0004/Data_EGamma2018Dv2_2v3_4852.root
name: Data_EGamma2018Dv2_2v3_4852.root
filenumber: 139
file path found: /hdfs/store/user/varuns/Run2018D_Prompt/EGamma/crab_job_EGamma2018Dv2_2v3/190602_055138/0004/Data_EGamma2018Dv2_2v3_4853.root
name: Data_EGamma2018Dv2_2v3_4853.root
filenumber: 140
file path found: /hdfs/store/user/varuns/Run2018D_Prompt/EGamma/crab_job_EGamma2018Dv2_2v3/190602_055138/0004/Data_EGamma2018Dv2_2v3_4854.root
name: Data_EGamma2018Dv2_2v3_4854.root
filenumber: 141
file path found: /hdfs/store/user/varuns/Run2018D_Prompt/EGamma/crab_job_EGamma2018Dv2_2v3/190602_055138/0004/Data_EGamma2018Dv2_2v3_4855.root
name: Data_EGamma2018Dv2_2v3_4855.root
filenumber: 142
file path found: /hdfs/store/user/varuns/Run2018D_Prompt/EGamma/crab_job_EGamma2018Dv2_2v3/190602_055138/0004/Data_EGamma2018Dv2_2v3_4856.root
name: Data_EGamma2018Dv2_2v3_4856.root
filenumber: 143
file path found: /hdfs/store/user/varuns/Run2018D_Prompt/EGamma/crab_job_EGamma2018Dv2_2v3/190602_055138/0004/Data_EGamma2018Dv2_2v3_4857.root
name: Data_EGamma2018Dv2_2v3_4857.root
filenumber: 144
file path found: /hdfs/store/user/varuns/Run2018D_Prompt/EGamma/crab_job_EGamma2018Dv2_2v3/190602_055138/0004/Data_EGamma2018Dv2_2v3_4858.root
name: Data_EGamma2018Dv2_2v3_4858.root
filenumber: 145
file path found: /hdfs/store/user/varuns/Run2018D_Prompt/EGamma/crab_job_EGamma2018Dv2_2v3/190602_055138/0004/Data_EGamma2018Dv2_2v3_4859.root
name: Data_EGamma2018Dv2_2v3_4859.root
filenumber: 146
file path found: /hdfs/store/user/varuns/Run2018D_Prompt/EGamma/crab_job_EGamma2018Dv2_2v3/190602_055138/0004/Data_EGamma2018Dv2_2v3_4860.root
name: Data_EGamma2018Dv2_2v3_4860.root
filenumber: 147
file path found: /hdfs/store/user/varuns/Run2018D_Prompt/EGamma/crab_job_EGamma2018Dv2_2v3/190602_055138/0004/Data_EGamma2018Dv2_2v3_4861.root
name: Data_EGamma2018Dv2_2v3_4861.root
filenumber: 148
file path found: /hdfs/store/user/varuns/Run2018D_Prompt/EGamma/crab_job_EGamma2018Dv2_2v3/190602_055138/0004/Data_EGamma2018Dv2_2v3_4862.root
name: Data_EGamma2018Dv2_2v3_4862.root
filenumber: 149
file path found: /hdfs/store/user/varuns/Run2018D_Prompt/EGamma/crab_job_EGamma2018Dv2_2v3/190602_055138/0004/Data_EGamma2018Dv2_2v3_4863.root
name: Data_EGamma2018Dv2_2v3_4863.root
filenumber: 150
file path found: /hdfs/store/user/varuns/Run2018D_Prompt/EGamma/crab_job_EGamma2018Dv2_2v3/190602_055138/0004/Data_EGamma2018Dv2_2v3_4864.root
name: Data_EGamma2018Dv2_2v3_4864.root
filenumber: 151
file path found: /hdfs/store/user/varuns/Run2018D_Prompt/EGamma/crab_job_EGamma2018Dv2_2v3/190602_055138/0004/Data_EGamma2018Dv2_2v3_4865.root
name: Data_EGamma2018Dv2_2v3_4865.root
filenumber: 152
file path found: /hdfs/store/user/varuns/Run2018D_Prompt/EGamma/crab_job_EGamma2018Dv2_2v3/190602_055138/0004/Data_EGamma2018Dv2_2v3_4866.root
name: Data_EGamma2018Dv2_2v3_4866.root
filenumber: 153
file path found: /hdfs/store/user/varuns/Run2018D_Prompt/EGamma/crab_job_EGamma2018Dv2_2v3/190602_055138/0004/Data_EGamma2018Dv2_2v3_4867.root
name: Data_EGamma2018Dv2_2v3_4867.root
filenumber: 154
file path found: /hdfs/store/user/varuns/Run2018D_Prompt/EGamma/crab_job_EGamma2018Dv2_2v3/190602_055138/0004/Data_EGamma2018Dv2_2v3_4868.root
name: Data_EGamma2018Dv2_2v3_4868.root
filenumber: 155
file path found: /hdfs/store/user/varuns/Run2018D_Prompt/EGamma/crab_job_EGamma2018Dv2_2v3/190602_055138/0004/Data_EGamma2018Dv2_2v3_4869.root
name: Data_EGamma2018Dv2_2v3_4869.root
filenumber: 156
file path found: /hdfs/store/user/varuns/Run2018D_Prompt/EGamma/crab_job_EGamma2018Dv2_2v3/190602_055138/0004/Data_EGamma2018Dv2_2v3_4870.root
name: Data_EGamma2018Dv2_2v3_4870.root
filenumber: 157
file path found: /hdfs/store/user/varuns/Run2018D_Prompt/EGamma/crab_job_EGamma2018Dv2_2v3/190602_055138/0004/Data_EGamma2018Dv2_2v3_4871.root
name: Data_EGamma2018Dv2_2v3_4871.root
filenumber: 158
file path found: /hdfs/store/user/varuns/Run2018D_Prompt/EGamma/crab_job_EGamma2018Dv2_2v3/190602_055138/0004/Data_EGamma2018Dv2_2v3_4872.root
name: Data_EGamma2018Dv2_2v3_4872.root
filenumber: 159
file path found: /hdfs/store/user/varuns/Run2018D_Prompt/EGamma/crab_job_EGamma2018Dv2_2v3/190602_055138/0004/Data_EGamma2018Dv2_2v3_4873.root
name: Data_EGamma2018Dv2_2v3_4873.root
filenumber: 160
file path found: /hdfs/store/user/varuns/Run2018D_Prompt/EGamma/crab_job_EGamma2018Dv2_2v3/190602_055138/0004/Data_EGamma2018Dv2_2v3_4874.root
name: Data_EGamma2018Dv2_2v3_4874.root
filenumber: 161
file path found: /hdfs/store/user/varuns/Run2018D_Prompt/EGamma/crab_job_EGamma2018Dv2_2v3/190602_055138/0004/Data_EGamma2018Dv2_2v3_4875.root
name: Data_EGamma2018Dv2_2v3_4875.root
filenumber: 162
file path found: /hdfs/store/user/varuns/Run2018D_Prompt/EGamma/crab_job_EGamma2018Dv2_2v3/190602_055138/0004/Data_EGamma2018Dv2_2v3_4876.root
name: Data_EGamma2018Dv2_2v3_4876.root
filenumber: 163
file path found: /hdfs/store/user/varuns/Run2018D_Prompt/EGamma/crab_job_EGamma2018Dv2_2v3/190602_055138/0004/Data_EGamma2018Dv2_2v3_4877.root
name: Data_EGamma2018Dv2_2v3_4877.root
filenumber: 164
file path found: /hdfs/store/user/varuns/Run2018D_Prompt/EGamma/crab_job_EGamma2018Dv2_2v3/190602_055138/0004/Data_EGamma2018Dv2_2v3_4878.root
name: Data_EGamma2018Dv2_2v3_4878.root
filenumber: 165
file path found: /hdfs/store/user/varuns/Run2018D_Prompt/EGamma/crab_job_EGamma2018Dv2_2v3/190602_055138/0004/Data_EGamma2018Dv2_2v3_4879.root
name: Data_EGamma2018Dv2_2v3_4879.root
filenumber: 166
file path found: /hdfs/store/user/varuns/Run2018D_Prompt/EGamma/crab_job_EGamma2018Dv2_2v3/190602_055138/0004/Data_EGamma2018Dv2_2v3_4880.root
name: Data_EGamma2018Dv2_2v3_4880.root
filenumber: 167
file path found: /hdfs/store/user/varuns/Run2018D_Prompt/EGamma/crab_job_EGamma2018Dv2_2v3/190602_055138/0004/Data_EGamma2018Dv2_2v3_4881.root
name: Data_EGamma2018Dv2_2v3_4881.root
filenumber: 168
file path found: /hdfs/store/user/varuns/Run2018D_Prompt/EGamma/crab_job_EGamma2018Dv2_2v3/190602_055138/0004/Data_EGamma2018Dv2_2v3_4882.root
name: Data_EGamma2018Dv2_2v3_4882.root
filenumber: 169
file path found: /hdfs/store/user/varuns/Run2018D_Prompt/EGamma/crab_job_EGamma2018Dv2_2v3/190602_055138/0004/Data_EGamma2018Dv2_2v3_4883.root
name: Data_EGamma2018Dv2_2v3_4883.root
filenumber: 170
file path found: /hdfs/store/user/varuns/Run2018D_Prompt/EGamma/crab_job_EGamma2018Dv2_2v3/190602_055138/0004/Data_EGamma2018Dv2_2v3_4884.root
name: Data_EGamma2018Dv2_2v3_4884.root
filenumber: 171
file path found: /hdfs/store/user/varuns/Run2018D_Prompt/EGamma/crab_job_EGamma2018Dv2_2v3/190602_055138/0004/Data_EGamma2018Dv2_2v3_4885.root
name: Data_EGamma2018Dv2_2v3_4885.root
filenumber: 172
file path found: /hdfs/store/user/varuns/Run2018D_Prompt/EGamma/crab_job_EGamma2018Dv2_2v3/190602_055138/0004/Data_EGamma2018Dv2_2v3_4886.root
name: Data_EGamma2018Dv2_2v3_4886.root
filenumber: 173
file path found: /hdfs/store/user/varuns/Run2018D_Prompt/EGamma/crab_job_EGamma2018Dv2_2v3/190602_055138/0004/Data_EGamma2018Dv2_2v3_4887.root
name: Data_EGamma2018Dv2_2v3_4887.root
filenumber: 174
file path found: /hdfs/store/user/varuns/Run2018D_Prompt/EGamma/crab_job_EGamma2018Dv2_2v3/190602_055138/0004/Data_EGamma2018Dv2_2v3_4888.root
name: Data_EGamma2018Dv2_2v3_4888.root
filenumber: 175
file path found: /hdfs/store/user/varuns/Run2018D_Prompt/EGamma/crab_job_EGamma2018Dv2_2v3/190602_055138/0004/Data_EGamma2018Dv2_2v3_4889.root
name: Data_EGamma2018Dv2_2v3_4889.root
filenumber: 176
file path found: /hdfs/store/user/varuns/Run2018D_Prompt/EGamma/crab_job_EGamma2018Dv2_2v3/190602_055138/0004/Data_EGamma2018Dv2_2v3_4890.root
name: Data_EGamma2018Dv2_2v3_4890.root
filenumber: 177
file path found: /hdfs/store/user/varuns/Run2018D_Prompt/EGamma/crab_job_EGamma2018Dv2_2v3/190602_055138/0004/Data_EGamma2018Dv2_2v3_4891.root
name: Data_EGamma2018Dv2_2v3_4891.root
filenumber: 178
file path found: /hdfs/store/user/varuns/Run2018D_Prompt/EGamma/crab_job_EGamma2018Dv2_2v3/190602_055138/0004/Data_EGamma2018Dv2_2v3_4920.root
name: Data_EGamma2018Dv2_2v3_4920.root
filenumber: 179
file path found: /hdfs/store/user/varuns/Run2018D_Prompt/EGamma/crab_job_EGamma2018Dv2_2v3/190602_055138/0004/Data_EGamma2018Dv2_2v3_4921.root
name: Data_EGamma2018Dv2_2v3_4921.root
filenumber: 180
file path found: /hdfs/store/user/varuns/Run2018D_Prompt/EGamma/crab_job_EGamma2018Dv2_2v3/190602_055138/0004/Data_EGamma2018Dv2_2v3_4993.root
name: Data_EGamma2018Dv2_2v3_4993.root
filenumber: 181
file path found: /hdfs/store/user/varuns/Run2018D_Prompt/EGamma/crab_job_EGamma2018Dv2_2v3/190602_055138/0004/failed
name: failed
filenumber: 182
file path found: /hdfs/store/user/varuns/Run2018D_Prompt/EGamma/crab_job_EGamma2018Dv2_2v3/190602_055138/0004/.
name: .
filenumber: 183
file path found: /hdfs/store/user/varuns/Run2018D_Prompt/EGamma/crab_job_EGamma2018Dv2_2v3/190602_055138/0004/..
name: ..
filenumber: 184
60 files added.
Initializing chain.
Coming in: 
nentries:1037818
Running over 1037818 events.
Finished entry 0/1037817
Finished entry 10000/1037817
Finished entry 20000/1037817
Finished entry 30000/1037817
Finished entry 40000/1037817
Finished entry 50000/1037817
Finished entry 60000/1037817
Finished entry 70000/1037817
Finished entry 80000/1037817
Finished entry 90000/1037817
Finished entry 100000/1037817
Finished entry 110000/1037817
Finished entry 120000/1037817
Finished entry 130000/1037817
Finished entry 140000/1037817
Finished entry 150000/1037817
Finished entry 160000/1037817
Finished entry 170000/1037817
Finished entry 180000/1037817
Finished entry 190000/1037817
Finished entry 200000/1037817
Finished entry 210000/1037817
Finished entry 220000/1037817
Finished entry 230000/1037817
Finished entry 240000/1037817
Finished entry 250000/1037817
Finished entry 260000/1037817
Finished entry 270000/1037817
Finished entry 280000/1037817
Finished entry 290000/1037817
Finished entry 300000/1037817
Finished entry 310000/1037817
Finished entry 320000/1037817
Finished entry 330000/1037817
Finished entry 340000/1037817
Finished entry 350000/1037817
Finished entry 360000/1037817
Finished entry 370000/1037817
Finished entry 380000/1037817
Finished entry 390000/1037817
Finished entry 400000/1037817
Finished entry 410000/1037817
Finished entry 420000/1037817
Finished entry 430000/1037817
Finished entry 440000/1037817
Finished entry 450000/1037817
Finished entry 460000/1037817
Finished entry 470000/1037817
Finished entry 480000/1037817
Finished entry 490000/1037817
Finished entry 500000/1037817
Finished entry 510000/1037817
Finished entry 520000/1037817
Finished entry 530000/1037817
Finished entry 540000/1037817
Finished entry 550000/1037817
Finished entry 560000/1037817
Finished entry 570000/1037817
Finished entry 580000/1037817
Finished entry 590000/1037817
Finished entry 600000/1037817
Finished entry 610000/1037817
Finished entry 620000/1037817
Finished entry 630000/1037817
Finished entry 640000/1037817
Finished entry 650000/1037817
Finished entry 660000/1037817
Finished entry 670000/1037817
Finished entry 680000/1037817
Finished entry 690000/1037817
Finished entry 700000/1037817
Finished entry 710000/1037817
Finished entry 720000/1037817
Finished entry 730000/1037817
Finished entry 740000/1037817
Finished entry 750000/1037817
Finished entry 760000/1037817
Finished entry 770000/1037817
Finished entry 780000/1037817
Finished entry 790000/1037817
Finished entry 800000/1037817
Finished entry 810000/1037817
Finished entry 820000/1037817
Finished entry 830000/1037817
Finished entry 840000/1037817
Finished entry 850000/1037817
Finished entry 860000/1037817
Finished entry 870000/1037817
Finished entry 880000/1037817
Finished entry 890000/1037817
Finished entry 900000/1037817
Finished entry 910000/1037817
Finished entry 920000/1037817
Finished entry 930000/1037817
Finished entry 940000/1037817
Finished entry 950000/1037817
Finished entry 960000/1037817
Finished entry 970000/1037817
Finished entry 980000/1037817
Finished entry 990000/1037817
Finished entry 1000000/1037817
Finished entry 1010000/1037817
Finished entry 1020000/1037817
Finished entry 1030000/1037817
