000 (691387.011.000) 07/11 11:25:32 Job submitted from host: <144.92.181.245:9618?addrs=144.92.181.245-9618+[2607-f388-101c-1000--372]-9618&noUDP&sock=6179_dbc8_3>
...
001 (691387.011.000) 07/11 11:34:56 Job executing on host: <144.92.180.135:9618?addrs=144.92.180.135-9618+[2607-f388-101c-1000--629]-9618&noUDP&sock=10076_e05b_3>
...
006 (691387.011.000) 07/11 11:35:05 Image size of job updated: 91776
	43  -  MemoryUsage of job (MB)
	44000  -  ResidentSetSize of job (KB)
...
006 (691387.011.000) 07/11 11:39:33 Image size of job updated: 130808
	43  -  MemoryUsage of job (MB)
	44000  -  ResidentSetSize of job (KB)
...
005 (691387.011.000) 07/11 11:39:35 Job terminated.
	(1) Normal termination (return value 0)
		Usr 0 00:00:33, Sys 0 00:00:01  -  Run Remote Usage
		Usr 0 00:00:00, Sys 0 00:00:00  -  Run Local Usage
		Usr 0 00:00:33, Sys 0 00:00:01  -  Total Remote Usage
		Usr 0 00:00:00, Sys 0 00:00:00  -  Total Local Usage
	306765  -  Run Bytes Sent By Job
	306644  -  Run Bytes Received By Job
	306765  -  Total Bytes Sent By Job
	306644  -  Total Bytes Received By Job
	Partitionable Resources :    Usage  Request Allocated
	   Cpus                 :                 1         1
	   Disk (KB)            :  1000000  2048000   7916833
	   Memory (MB)          :       43     1992      1992
...
