000 (691387.012.000) 07/11 11:25:32 Job submitted from host: <144.92.181.245:9618?addrs=144.92.181.245-9618+[2607-f388-101c-1000--372]-9618&noUDP&sock=6179_dbc8_3>
...
001 (691387.012.000) 07/11 11:34:56 Job executing on host: <144.92.181.188:9618?addrs=144.92.181.188-9618+[2607-f388-101c-1000--146]-9618&noUDP&sock=4877_cb79_3>
...
006 (691387.012.000) 07/11 11:35:05 Image size of job updated: 119636
	64  -  MemoryUsage of job (MB)
	64588  -  ResidentSetSize of job (KB)
...
006 (691387.012.000) 07/11 11:39:24 Image size of job updated: 119636
	64  -  MemoryUsage of job (MB)
	64864  -  ResidentSetSize of job (KB)
...
005 (691387.012.000) 07/11 11:39:25 Job terminated.
	(1) Normal termination (return value 0)
		Usr 0 00:00:27, Sys 0 00:00:02  -  Run Remote Usage
		Usr 0 00:00:00, Sys 0 00:00:00  -  Run Local Usage
		Usr 0 00:00:27, Sys 0 00:00:02  -  Total Remote Usage
		Usr 0 00:00:00, Sys 0 00:00:00  -  Total Local Usage
	324331  -  Run Bytes Sent By Job
	306644  -  Run Bytes Received By Job
	324331  -  Total Bytes Sent By Job
	306644  -  Total Bytes Received By Job
	Partitionable Resources :    Usage  Request Allocated
	   Cpus                 :                 1         1
	   Disk (KB)            :  1000000  2048000   3166350
	   Memory (MB)          :       64     1992      1992
...
