000 (691387.005.000) 07/11 11:25:32 Job submitted from host: <144.92.181.245:9618?addrs=144.92.181.245-9618+[2607-f388-101c-1000--372]-9618&noUDP&sock=6179_dbc8_3>
...
001 (691387.005.000) 07/11 11:34:56 Job executing on host: <144.92.180.89:9618?addrs=144.92.180.89-9618+[2607-f388-101c-1000--629]-9618&noUDP&sock=7047_3bfd_3>
...
006 (691387.005.000) 07/11 11:35:05 Image size of job updated: 15600
	3  -  MemoryUsage of job (MB)
	3008  -  ResidentSetSize of job (KB)
...
005 (691387.005.000) 07/11 11:44:19 Job terminated.
	(1) Normal termination (return value 0)
		Usr 0 00:01:54, Sys 0 00:00:05  -  Run Remote Usage
		Usr 0 00:00:00, Sys 0 00:00:00  -  Run Local Usage
		Usr 0 00:01:54, Sys 0 00:00:05  -  Total Remote Usage
		Usr 0 00:00:00, Sys 0 00:00:00  -  Total Local Usage
	326631  -  Run Bytes Sent By Job
	306644  -  Run Bytes Received By Job
	326631  -  Total Bytes Sent By Job
	306644  -  Total Bytes Received By Job
	Partitionable Resources :    Usage  Request Allocated
	   Cpus                 :                 1         1
	   Disk (KB)            :  1000000  2048000   4749984
	   Memory (MB)          :        3     1992      1992
...
