000 (691387.009.000) 07/11 11:25:32 Job submitted from host: <144.92.181.245:9618?addrs=144.92.181.245-9618+[2607-f388-101c-1000--372]-9618&noUDP&sock=6179_dbc8_3>
...
001 (691387.009.000) 07/11 11:34:56 Job executing on host: <144.92.180.77:9618?addrs=144.92.180.77-9618+[2607-f388-101c-1000--629]-9618&noUDP&sock=7678_0c3f_3>
...
006 (691387.009.000) 07/11 11:35:05 Image size of job updated: 172448
	53  -  MemoryUsage of job (MB)
	53380  -  ResidentSetSize of job (KB)
...
006 (691387.009.000) 07/11 11:38:54 Image size of job updated: 243456
	53  -  MemoryUsage of job (MB)
	53380  -  ResidentSetSize of job (KB)
...
005 (691387.009.000) 07/11 11:38:55 Job terminated.
	(1) Normal termination (return value 0)
		Usr 0 00:00:28, Sys 0 00:00:01  -  Run Remote Usage
		Usr 0 00:00:00, Sys 0 00:00:00  -  Run Local Usage
		Usr 0 00:00:28, Sys 0 00:00:01  -  Total Remote Usage
		Usr 0 00:00:00, Sys 0 00:00:00  -  Total Local Usage
	307133  -  Run Bytes Sent By Job
	306644  -  Run Bytes Received By Job
	307133  -  Total Bytes Sent By Job
	306644  -  Total Bytes Received By Job
	Partitionable Resources :    Usage  Request Allocated
	   Cpus                 :                 1         1
	   Disk (KB)            :  1000000  2048000   7918691
	   Memory (MB)          :       53     1992      1992
...
