000 (690167.001.000) 07/11 07:33:21 Job submitted from host: <144.92.181.245:9618?addrs=144.92.181.245-9618+[2607-f388-101c-1000--372]-9618&noUDP&sock=6179_dbc8_3>
...
001 (690167.001.000) 07/11 09:59:57 Job executing on host: <144.92.180.151:9618?addrs=144.92.180.151-9618+[2607-f388-101c-1000--629]-9618&noUDP&sock=7556_5db1_3>
...
006 (690167.001.000) 07/11 10:00:06 Image size of job updated: 226432
	106  -  MemoryUsage of job (MB)
	107672  -  ResidentSetSize of job (KB)
...
005 (690167.001.000) 07/11 10:19:46 Job terminated.
	(1) Normal termination (return value 0)
		Usr 0 00:02:59, Sys 0 00:00:09  -  Run Remote Usage
		Usr 0 00:00:00, Sys 0 00:00:00  -  Run Local Usage
		Usr 0 00:02:59, Sys 0 00:00:09  -  Total Remote Usage
		Usr 0 00:00:00, Sys 0 00:00:00  -  Total Local Usage
	183869  -  Run Bytes Sent By Job
	302156  -  Run Bytes Received By Job
	183869  -  Total Bytes Sent By Job
	302156  -  Total Bytes Received By Job
	Partitionable Resources :    Usage  Request Allocated
	   Cpus                 :                 1         1
	   Disk (KB)            :  1000000  2048000   7919061
	   Memory (MB)          :      106     1992      1992
...
