000 (1262567.007.000) 07/25 12:33:56 Job submitted from host: <144.92.180.28:9618?addrs=144.92.180.28-9618+[2607-f388-101c-1000--370]-9618&noUDP&sock=5187_6dd5_82>
...
001 (1262567.007.000) 07/25 13:38:38 Job executing on host: <144.92.181.234:9618?addrs=144.92.181.234-9618+[2607-f388-101c-1000--629]-9618&noUDP&sock=6999_4f71_3>
...
006 (1262567.007.000) 07/25 13:38:46 Image size of job updated: 80680
	24  -  MemoryUsage of job (MB)
	24532  -  ResidentSetSize of job (KB)
...
006 (1262567.007.000) 07/25 13:58:46 Image size of job updated: 236652
	231  -  MemoryUsage of job (MB)
	236404  -  ResidentSetSize of job (KB)
...
005 (1262567.007.000) 07/25 14:00:37 Job terminated.
	(1) Normal termination (return value 0)
		Usr 0 00:05:23, Sys 0 00:00:22  -  Run Remote Usage
		Usr 0 00:00:00, Sys 0 00:00:00  -  Run Local Usage
		Usr 0 00:05:23, Sys 0 00:00:22  -  Total Remote Usage
		Usr 0 00:00:00, Sys 0 00:00:00  -  Total Local Usage
	445296  -  Run Bytes Sent By Job
	283691  -  Run Bytes Received By Job
	445296  -  Total Bytes Sent By Job
	283691  -  Total Bytes Received By Job
	Partitionable Resources :    Usage  Request Allocated
	   Cpus                 :                 1         1
	   Disk (KB)            :  1000000  2048000   4746716
	   Memory (MB)          :      231     1992      1992
...
