000 (691457.012.000) 07/11 11:27:09 Job submitted from host: <144.92.181.245:9618?addrs=144.92.181.245-9618+[2607-f388-101c-1000--372]-9618&noUDP&sock=6179_dbc8_3>
...
001 (691457.012.000) 07/11 11:56:34 Job executing on host: <128.104.227.65:9618?addrs=128.104.227.65-9618+[2607-f388-101c-1000--629]-9618&noUDP&sock=10303_945a_3>
...
006 (691457.012.000) 07/11 11:56:43 Image size of job updated: 214784
	106  -  MemoryUsage of job (MB)
	108372  -  ResidentSetSize of job (KB)
...
006 (691457.012.000) 07/11 12:16:44 Image size of job updated: 229780
	225  -  MemoryUsage of job (MB)
	229780  -  ResidentSetSize of job (KB)
...
006 (691457.012.000) 07/11 12:31:16 Image size of job updated: 233168
	225  -  MemoryUsage of job (MB)
	229780  -  ResidentSetSize of job (KB)
...
005 (691457.012.000) 07/11 12:31:17 Job terminated.
	(1) Normal termination (return value 0)
		Usr 0 00:02:35, Sys 0 00:00:10  -  Run Remote Usage
		Usr 0 00:00:00, Sys 0 00:00:00  -  Run Local Usage
		Usr 0 00:02:35, Sys 0 00:00:10  -  Total Remote Usage
		Usr 0 00:00:00, Sys 0 00:00:00  -  Total Local Usage
	367436  -  Run Bytes Sent By Job
	306644  -  Run Bytes Received By Job
	367436  -  Total Bytes Sent By Job
	306644  -  Total Bytes Received By Job
	Partitionable Resources :    Usage  Request Allocated
	   Cpus                 :                 1         1
	   Disk (KB)            :  1000000  2048000   9500924
	   Memory (MB)          :      225     1992      1992
...
