000 (691457.001.000) 07/11 11:27:09 Job submitted from host: <144.92.181.245:9618?addrs=144.92.181.245-9618+[2607-f388-101c-1000--372]-9618&noUDP&sock=6179_dbc8_3>
...
001 (691457.001.000) 07/11 11:56:00 Job executing on host: <144.92.180.31:9618?addrs=144.92.180.31-9618+[2607-f388-101c-1000--629]-9618&noUDP&sock=7707_f07e_3>
...
006 (691457.001.000) 07/11 11:56:09 Image size of job updated: 217148
	106  -  MemoryUsage of job (MB)
	108388  -  ResidentSetSize of job (KB)
...
006 (691457.001.000) 07/11 12:16:09 Image size of job updated: 234092
	228  -  MemoryUsage of job (MB)
	232524  -  ResidentSetSize of job (KB)
...
006 (691457.001.000) 07/11 12:25:36 Image size of job updated: 235288
	228  -  MemoryUsage of job (MB)
	232524  -  ResidentSetSize of job (KB)
...
005 (691457.001.000) 07/11 12:25:38 Job terminated.
	(1) Normal termination (return value 0)
		Usr 0 00:02:30, Sys 0 00:00:08  -  Run Remote Usage
		Usr 0 00:00:00, Sys 0 00:00:00  -  Run Local Usage
		Usr 0 00:02:30, Sys 0 00:00:08  -  Total Remote Usage
		Usr 0 00:00:00, Sys 0 00:00:00  -  Total Local Usage
	367084  -  Run Bytes Sent By Job
	306644  -  Run Bytes Received By Job
	367084  -  Total Bytes Sent By Job
	306644  -  Total Bytes Received By Job
	Partitionable Resources :    Usage  Request Allocated
	   Cpus                 :                 1         1
	   Disk (KB)            :  1000000  2048000   7916405
	   Memory (MB)          :      228     1992      1992
...
