000 (166880.002.000) 06/10 13:21:39 Job submitted from host: <144.92.180.4:9618?addrs=144.92.180.4-9618+[2607-f388-101c-1000--367]-9618&noUDP&sock=4693_960c_3>
...
001 (166880.002.000) 06/10 13:36:52 Job executing on host: <144.92.181.217:9618?addrs=144.92.181.217-9618+[2607-f388-101c-1000--629]-9618&noUDP&sock=6625_c705_10>
...
006 (166880.002.000) 06/10 13:37:01 Image size of job updated: 185072
	82  -  MemoryUsage of job (MB)
	83636  -  ResidentSetSize of job (KB)
...
006 (166880.002.000) 06/10 13:48:48 Image size of job updated: 185072
	82  -  MemoryUsage of job (MB)
	83644  -  ResidentSetSize of job (KB)
...
005 (166880.002.000) 06/10 13:48:48 Job terminated.
	(1) Normal termination (return value 0)
		Usr 0 00:02:34, Sys 0 00:00:08  -  Run Remote Usage
		Usr 0 00:00:00, Sys 0 00:00:00  -  Run Local Usage
		Usr 0 00:02:34, Sys 0 00:00:08  -  Total Remote Usage
		Usr 0 00:00:00, Sys 0 00:00:00  -  Total Local Usage
	654890  -  Run Bytes Sent By Job
	278854  -  Run Bytes Received By Job
	654890  -  Total Bytes Sent By Job
	278854  -  Total Bytes Received By Job
	Partitionable Resources :    Usage  Request Allocated
	   Cpus                 :                 1         1
	   Disk (KB)            :  1000000  2048000   3166996
	   Memory (MB)          :       82     1992      1992
...
