000 (691438.010.000) 07/11 11:26:40 Job submitted from host: <144.92.181.245:9618?addrs=144.92.181.245-9618+[2607-f388-101c-1000--372]-9618&noUDP&sock=6179_dbc8_3>
...
001 (691438.010.000) 07/11 11:48:15 Job executing on host: <144.92.180.254:9618?addrs=144.92.180.254-9618+[2607-f388-101c-1000--629]-9618&noUDP&sock=7690_4762_3>
...
006 (691438.010.000) 07/11 11:48:23 Image size of job updated: 139944
	34  -  MemoryUsage of job (MB)
	34200  -  ResidentSetSize of job (KB)
...
006 (691438.010.000) 07/11 12:08:23 Image size of job updated: 243424
	238  -  MemoryUsage of job (MB)
	243424  -  ResidentSetSize of job (KB)
...
006 (691438.010.000) 07/11 12:11:43 Image size of job updated: 243856
	238  -  MemoryUsage of job (MB)
	243424  -  ResidentSetSize of job (KB)
...
005 (691438.010.000) 07/11 12:11:44 Job terminated.
	(1) Normal termination (return value 0)
		Usr 0 00:02:23, Sys 0 00:00:07  -  Run Remote Usage
		Usr 0 00:00:00, Sys 0 00:00:00  -  Run Local Usage
		Usr 0 00:02:23, Sys 0 00:00:07  -  Total Remote Usage
		Usr 0 00:00:00, Sys 0 00:00:00  -  Total Local Usage
	353262  -  Run Bytes Sent By Job
	306644  -  Run Bytes Received By Job
	353262  -  Total Bytes Sent By Job
	306644  -  Total Bytes Received By Job
	Partitionable Resources :    Usage  Request Allocated
	   Cpus                 :                 1         1
	   Disk (KB)            :  1000000  2048000   7917468
	   Memory (MB)          :      238     1992      1992
...
