000 (691438.004.000) 07/11 11:26:40 Job submitted from host: <144.92.181.245:9618?addrs=144.92.181.245-9618+[2607-f388-101c-1000--372]-9618&noUDP&sock=6179_dbc8_3>
...
001 (691438.004.000) 07/11 11:48:14 Job executing on host: <128.104.227.113:9618?addrs=128.104.227.113-9618+[2607-f388-101c-1000--62]-9618&noUDP&sock=11919_0566_3>
...
006 (691438.004.000) 07/11 11:48:23 Image size of job updated: 214940
	106  -  MemoryUsage of job (MB)
	108372  -  ResidentSetSize of job (KB)
...
006 (691438.004.000) 07/11 12:08:24 Image size of job updated: 244572
	238  -  MemoryUsage of job (MB)
	242844  -  ResidentSetSize of job (KB)
...
005 (691438.004.000) 07/11 12:17:04 Job terminated.
	(1) Normal termination (return value 0)
		Usr 0 00:02:11, Sys 0 00:00:06  -  Run Remote Usage
		Usr 0 00:00:00, Sys 0 00:00:00  -  Run Local Usage
		Usr 0 00:02:11, Sys 0 00:00:06  -  Total Remote Usage
		Usr 0 00:00:00, Sys 0 00:00:00  -  Total Local Usage
	352453  -  Run Bytes Sent By Job
	306644  -  Run Bytes Received By Job
	352453  -  Total Bytes Sent By Job
	306644  -  Total Bytes Received By Job
	Partitionable Resources :    Usage  Request Allocated
	   Cpus                 :                 1         1
	   Disk (KB)            :  1000000  2048000   9501272
	   Memory (MB)          :      238     1992      1992
...
