000 (691438.008.000) 07/11 11:26:40 Job submitted from host: <144.92.181.245:9618?addrs=144.92.181.245-9618+[2607-f388-101c-1000--372]-9618&noUDP&sock=6179_dbc8_3>
...
001 (691438.008.000) 07/11 11:48:14 Job executing on host: <144.92.180.246:9618?addrs=144.92.180.246-9618+[2607-f388-101c-1000--629]-9618&noUDP&sock=10080_9ebc_3>
...
006 (691438.008.000) 07/11 11:48:23 Image size of job updated: 217412
	106  -  MemoryUsage of job (MB)
	108376  -  ResidentSetSize of job (KB)
...
006 (691438.008.000) 07/11 12:08:23 Image size of job updated: 242192
	237  -  MemoryUsage of job (MB)
	242192  -  ResidentSetSize of job (KB)
...
006 (691438.008.000) 07/11 12:11:12 Image size of job updated: 242648
	237  -  MemoryUsage of job (MB)
	242192  -  ResidentSetSize of job (KB)
...
005 (691438.008.000) 07/11 12:11:13 Job terminated.
	(1) Normal termination (return value 0)
		Usr 0 00:02:04, Sys 0 00:00:05  -  Run Remote Usage
		Usr 0 00:00:00, Sys 0 00:00:00  -  Run Local Usage
		Usr 0 00:02:04, Sys 0 00:00:05  -  Total Remote Usage
		Usr 0 00:00:00, Sys 0 00:00:00  -  Total Local Usage
	352840  -  Run Bytes Sent By Job
	306644  -  Run Bytes Received By Job
	352840  -  Total Bytes Sent By Job
	306644  -  Total Bytes Received By Job
	Partitionable Resources :    Usage  Request Allocated
	   Cpus                 :                 1         1
	   Disk (KB)            :  1000000  2048000   7916579
	   Memory (MB)          :      237     1992      1992
...
