000 (166879.000.000) 06/10 13:21:39 Job submitted from host: <144.92.180.4:9618?addrs=144.92.180.4-9618+[2607-f388-101c-1000--367]-9618&noUDP&sock=4693_960c_3>
...
001 (166879.000.000) 06/10 13:36:33 Job executing on host: <128.104.227.56:9618?addrs=128.104.227.56-9618+[2607-f388-101c-1000--629]-9618&noUDP&sock=10484_baff_3>
...
006 (166879.000.000) 06/10 13:36:42 Image size of job updated: 216084
	107  -  MemoryUsage of job (MB)
	108668  -  ResidentSetSize of job (KB)
...
005 (166879.000.000) 06/10 13:46:44 Job terminated.
	(1) Normal termination (return value 0)
		Usr 0 00:01:49, Sys 0 00:00:04  -  Run Remote Usage
		Usr 0 00:00:00, Sys 0 00:00:00  -  Run Local Usage
		Usr 0 00:01:49, Sys 0 00:00:04  -  Total Remote Usage
		Usr 0 00:00:00, Sys 0 00:00:00  -  Total Local Usage
	636390  -  Run Bytes Sent By Job
	278854  -  Run Bytes Received By Job
	636390  -  Total Bytes Sent By Job
	278854  -  Total Bytes Received By Job
	Partitionable Resources :    Usage  Request Allocated
	   Cpus                 :                 1         1
	   Disk (KB)            :  1000000  2048000   9503576
	   Memory (MB)          :      107     1992      1992
...
