000 (690119.014.000) 07/11 07:32:17 Job submitted from host: <144.92.181.245:9618?addrs=144.92.181.245-9618+[2607-f388-101c-1000--372]-9618&noUDP&sock=6179_dbc8_3>
...
001 (690119.014.000) 07/11 09:31:49 Job executing on host: <144.92.180.239:9618?addrs=144.92.180.239-9618+[2607-f388-101c-1000--629]-9618&noUDP&sock=9884_2e2c_3>
...
006 (690119.014.000) 07/11 09:31:58 Image size of job updated: 32604
	7  -  MemoryUsage of job (MB)
	6688  -  ResidentSetSize of job (KB)
...
006 (690119.014.000) 07/11 09:51:59 Image size of job updated: 248928
	243  -  MemoryUsage of job (MB)
	248672  -  ResidentSetSize of job (KB)
...
005 (690119.014.000) 07/11 09:59:31 Job terminated.
	(1) Normal termination (return value 0)
		Usr 0 00:02:14, Sys 0 00:00:06  -  Run Remote Usage
		Usr 0 00:00:00, Sys 0 00:00:00  -  Run Local Usage
		Usr 0 00:02:14, Sys 0 00:00:06  -  Total Remote Usage
		Usr 0 00:00:00, Sys 0 00:00:00  -  Total Local Usage
	315296  -  Run Bytes Sent By Job
	302156  -  Run Bytes Received By Job
	315296  -  Total Bytes Sent By Job
	302156  -  Total Bytes Received By Job
	Partitionable Resources :    Usage  Request Allocated
	   Cpus                 :                 1         1
	   Disk (KB)            :  1000000  2048000   7916739
	   Memory (MB)          :      243     1992      1992
...
