000 (690119.006.000) 07/11 07:32:17 Job submitted from host: <144.92.181.245:9618?addrs=144.92.181.245-9618+[2607-f388-101c-1000--372]-9618&noUDP&sock=6179_dbc8_3>
...
001 (690119.006.000) 07/11 09:31:15 Job executing on host: <144.92.180.254:9618?addrs=144.92.180.254-9618+[2607-f388-101c-1000--629]-9618&noUDP&sock=7690_4762_3>
...
006 (690119.006.000) 07/11 09:31:24 Image size of job updated: 189136
	74  -  MemoryUsage of job (MB)
	75724  -  ResidentSetSize of job (KB)
...
006 (690119.006.000) 07/11 09:50:16 Image size of job updated: 189136
	75  -  MemoryUsage of job (MB)
	76136  -  ResidentSetSize of job (KB)
...
005 (690119.006.000) 07/11 09:50:18 Job terminated.
	(1) Normal termination (return value 0)
		Usr 0 00:01:14, Sys 0 00:00:02  -  Run Remote Usage
		Usr 0 00:00:00, Sys 0 00:00:00  -  Run Local Usage
		Usr 0 00:01:14, Sys 0 00:00:02  -  Total Remote Usage
		Usr 0 00:00:00, Sys 0 00:00:00  -  Total Local Usage
	313701  -  Run Bytes Sent By Job
	302156  -  Run Bytes Received By Job
	313701  -  Total Bytes Sent By Job
	302156  -  Total Bytes Received By Job
	Partitionable Resources :    Usage  Request Allocated
	   Cpus                 :                 1         1
	   Disk (KB)            :  1000000  2048000   7917468
	   Memory (MB)          :       75     1992      1992
...
