000 (690119.009.000) 07/11 07:32:17 Job submitted from host: <144.92.181.245:9618?addrs=144.92.181.245-9618+[2607-f388-101c-1000--372]-9618&noUDP&sock=6179_dbc8_3>
...
001 (690119.009.000) 07/11 09:31:28 Job executing on host: <144.92.180.161:9618?addrs=144.92.180.161-9618+[2607-f388-101c-1000--629]-9618&noUDP&sock=7666_d11c_3>
...
006 (690119.009.000) 07/11 09:31:36 Image size of job updated: 229468
	106  -  MemoryUsage of job (MB)
	107872  -  ResidentSetSize of job (KB)
...
006 (690119.009.000) 07/11 09:47:42 Image size of job updated: 248704
	106  -  MemoryUsage of job (MB)
	107872  -  ResidentSetSize of job (KB)
...
005 (690119.009.000) 07/11 09:47:43 Job terminated.
	(1) Normal termination (return value 0)
		Usr 0 00:01:36, Sys 0 00:00:05  -  Run Remote Usage
		Usr 0 00:00:00, Sys 0 00:00:00  -  Run Local Usage
		Usr 0 00:01:36, Sys 0 00:00:05  -  Total Remote Usage
		Usr 0 00:00:00, Sys 0 00:00:00  -  Total Local Usage
	313552  -  Run Bytes Sent By Job
	302156  -  Run Bytes Received By Job
	313552  -  Total Bytes Sent By Job
	302156  -  Total Bytes Received By Job
	Partitionable Resources :    Usage  Request Allocated
	   Cpus                 :                 1         1
	   Disk (KB)            :  1000000  2048000   7917968
	   Memory (MB)          :      106     1992      1992
...
