000 (1262565.003.000) 07/25 12:33:54 Job submitted from host: <144.92.180.28:9618?addrs=144.92.180.28-9618+[2607-f388-101c-1000--370]-9618&noUDP&sock=5187_6dd5_82>
...
001 (1262565.003.000) 07/25 13:36:52 Job executing on host: <144.92.180.31:9618?addrs=144.92.180.31-9618+[2607-f388-101c-1000--629]-9618&noUDP&sock=7707_f07e_3>
...
006 (1262565.003.000) 07/25 13:37:01 Image size of job updated: 227720
	107  -  MemoryUsage of job (MB)
	108580  -  ResidentSetSize of job (KB)
...
005 (1262565.003.000) 07/25 13:49:42 Job terminated.
	(1) Normal termination (return value 0)
		Usr 0 00:02:18, Sys 0 00:00:10  -  Run Remote Usage
		Usr 0 00:00:00, Sys 0 00:00:00  -  Run Local Usage
		Usr 0 00:02:18, Sys 0 00:00:10  -  Total Remote Usage
		Usr 0 00:00:00, Sys 0 00:00:00  -  Total Local Usage
	409818  -  Run Bytes Sent By Job
	283691  -  Run Bytes Received By Job
	409818  -  Total Bytes Sent By Job
	283691  -  Total Bytes Received By Job
	Partitionable Resources :    Usage  Request Allocated
	   Cpus                 :                 1         1
	   Disk (KB)            :  1000000  2048000   7916405
	   Memory (MB)          :      107     1992      1992
...
