000 (1262544.013.000) 07/25 12:33:36 Job submitted from host: <144.92.180.28:9618?addrs=144.92.180.28-9618+[2607-f388-101c-1000--370]-9618&noUDP&sock=5187_6dd5_82>
...
001 (1262544.013.000) 07/25 13:14:13 Job executing on host: <144.92.180.108:9618?addrs=144.92.180.108-9618+[2607-f388-101c-1000--629]-9618&noUDP&sock=7443_db7e_3>
...
006 (1262544.013.000) 07/25 13:14:21 Image size of job updated: 226000
	107  -  MemoryUsage of job (MB)
	108624  -  ResidentSetSize of job (KB)
...
005 (1262544.013.000) 07/25 13:23:23 Job terminated.
	(1) Normal termination (return value 0)
		Usr 0 00:01:58, Sys 0 00:00:09  -  Run Remote Usage
		Usr 0 00:00:00, Sys 0 00:00:00  -  Run Local Usage
		Usr 0 00:01:58, Sys 0 00:00:09  -  Total Remote Usage
		Usr 0 00:00:00, Sys 0 00:00:00  -  Total Local Usage
	428807  -  Run Bytes Sent By Job
	283691  -  Run Bytes Received By Job
	428807  -  Total Bytes Sent By Job
	283691  -  Total Bytes Received By Job
	Partitionable Resources :    Usage  Request Allocated
	   Cpus                 :                 1         1
	   Disk (KB)            :  1000000  2048000   6333926
	   Memory (MB)          :      107     1992      1992
...
