000 (1262544.004.000) 07/25 12:33:36 Job submitted from host: <144.92.180.28:9618?addrs=144.92.180.28-9618+[2607-f388-101c-1000--370]-9618&noUDP&sock=5187_6dd5_82>
...
001 (1262544.004.000) 07/25 13:13:22 Job executing on host: <128.104.227.32:9618?addrs=128.104.227.32-9618+[2607-f388-101c-1000--629]-9618&noUDP&sock=10359_fda8_3>
...
006 (1262544.004.000) 07/25 13:13:31 Image size of job updated: 226368
	107  -  MemoryUsage of job (MB)
	108648  -  ResidentSetSize of job (KB)
...
005 (1262544.004.000) 07/25 13:21:58 Job terminated.
	(1) Normal termination (return value 0)
		Usr 0 00:01:44, Sys 0 00:00:05  -  Run Remote Usage
		Usr 0 00:00:00, Sys 0 00:00:00  -  Run Local Usage
		Usr 0 00:01:44, Sys 0 00:00:05  -  Total Remote Usage
		Usr 0 00:00:00, Sys 0 00:00:00  -  Total Local Usage
	428552  -  Run Bytes Sent By Job
	283691  -  Run Bytes Received By Job
	428552  -  Total Bytes Sent By Job
	283691  -  Total Bytes Received By Job
	Partitionable Resources :    Usage  Request Allocated
	   Cpus                 :                 1         1
	   Disk (KB)            :  1000000  2048000   9501424
	   Memory (MB)          :      107     1992      1992
...
