000 (1262544.007.000) 07/25 12:33:36 Job submitted from host: <144.92.180.28:9618?addrs=144.92.180.28-9618+[2607-f388-101c-1000--370]-9618&noUDP&sock=5187_6dd5_82>
...
001 (1262544.007.000) 07/25 13:13:28 Job executing on host: <144.92.180.198:9618?addrs=144.92.180.198-9618+[2607-f388-101c-1000--629]-9618&noUDP&sock=8549_7b3d_3>
...
006 (1262544.007.000) 07/25 13:13:36 Image size of job updated: 191548
	79  -  MemoryUsage of job (MB)
	80620  -  ResidentSetSize of job (KB)
...
006 (1262544.007.000) 07/25 13:23:16 Image size of job updated: 258604
	80  -  MemoryUsage of job (MB)
	81684  -  ResidentSetSize of job (KB)
...
005 (1262544.007.000) 07/25 13:23:17 Job terminated.
	(1) Normal termination (return value 0)
		Usr 0 00:02:13, Sys 0 00:00:09  -  Run Remote Usage
		Usr 0 00:00:00, Sys 0 00:00:00  -  Run Local Usage
		Usr 0 00:02:13, Sys 0 00:00:09  -  Total Remote Usage
		Usr 0 00:00:00, Sys 0 00:00:00  -  Total Local Usage
	428730  -  Run Bytes Sent By Job
	283691  -  Run Bytes Received By Job
	428730  -  Total Bytes Sent By Job
	283691  -  Total Bytes Received By Job
	Partitionable Resources :    Usage  Request Allocated
	   Cpus                 :                 1         1
	   Disk (KB)            :  1000000  2048000   4750434
	   Memory (MB)          :       80     1992      1992
...
