000 (696027.004.000) 07/12 06:43:29 Job submitted from host: <144.92.181.245:9618?addrs=144.92.181.245-9618+[2607-f388-101c-1000--372]-9618&noUDP&sock=6179_dbc8_3>
...
001 (695030.004.000) 07/12 07:00:34 Job executing on host: <128.104.227.57:9618?addrs=128.104.227.57-9618+[2607-f388-101c-1000--629]-9618&noUDP&sock=10277_bee4_3>
...
006 (695030.004.000) 07/12 07:00:43 Image size of job updated: 162808
	55  -  MemoryUsage of job (MB)
	56304  -  ResidentSetSize of job (KB)
...
006 (695030.004.000) 07/12 07:20:43 Image size of job updated: 272336
	238  -  MemoryUsage of job (MB)
	242748  -  ResidentSetSize of job (KB)
...
005 (695030.004.000) 07/12 07:28:02 Job terminated.
	(1) Normal termination (return value 0)
		Usr 0 00:02:31, Sys 0 00:00:11  -  Run Remote Usage
		Usr 0 00:00:00, Sys 0 00:00:00  -  Run Local Usage
		Usr 0 00:02:31, Sys 0 00:00:11  -  Total Remote Usage
		Usr 0 00:00:00, Sys 0 00:00:00  -  Total Local Usage
	582024  -  Run Bytes Sent By Job
	281287  -  Run Bytes Received By Job
	582024  -  Total Bytes Sent By Job
	281287  -  Total Bytes Received By Job
	Partitionable Resources :    Usage  Request Allocated
	   Cpus                 :                 1         1
	   Disk (KB)            :  1000000  2048000   9502473
	   Memory (MB)          :      238     1992      1992
...
001 (696027.004.000) 07/12 08:32:31 Job executing on host: <128.104.227.72:9618?addrs=128.104.227.72-9618+[2607-f388-101c-1000--629]-9618&noUDP&sock=10336_36fa_3>
...
006 (696027.004.000) 07/12 08:32:40 Image size of job updated: 169464
	53  -  MemoryUsage of job (MB)
	53552  -  ResidentSetSize of job (KB)
...
006 (696027.004.000) 07/12 08:52:40 Image size of job updated: 243384
	236  -  MemoryUsage of job (MB)
	240708  -  ResidentSetSize of job (KB)
...
005 (696027.004.000) 07/12 09:10:12 Job terminated.
	(1) Normal termination (return value 0)
		Usr 0 00:02:32, Sys 0 00:00:07  -  Run Remote Usage
		Usr 0 00:00:00, Sys 0 00:00:00  -  Run Local Usage
		Usr 0 00:02:32, Sys 0 00:00:07  -  Total Remote Usage
		Usr 0 00:00:00, Sys 0 00:00:00  -  Total Local Usage
	582024  -  Run Bytes Sent By Job
	281287  -  Run Bytes Received By Job
	582024  -  Total Bytes Sent By Job
	281287  -  Total Bytes Received By Job
	Partitionable Resources :    Usage  Request Allocated
	   Cpus                 :                 1         1
	   Disk (KB)            :  1000000  2048000   9501928
	   Memory (MB)          :      236     1992      1992
...
