000 (1262534.006.000) 07/25 12:33:28 Job submitted from host: <144.92.180.28:9618?addrs=144.92.180.28-9618+[2607-f388-101c-1000--370]-9618&noUDP&sock=5187_6dd5_82>
...
001 (1262534.006.000) 07/25 13:05:53 Job executing on host: <144.92.181.234:9618?addrs=144.92.181.234-9618+[2607-f388-101c-1000--629]-9618&noUDP&sock=6999_4f71_3>
...
006 (1262534.006.000) 07/25 13:06:02 Image size of job updated: 57568
	23  -  MemoryUsage of job (MB)
	23372  -  ResidentSetSize of job (KB)
...
006 (1262534.006.000) 07/25 13:26:02 Image size of job updated: 284780
	277  -  MemoryUsage of job (MB)
	282816  -  ResidentSetSize of job (KB)
...
006 (1262534.006.000) 07/25 13:30:17 Image size of job updated: 284780
	277  -  MemoryUsage of job (MB)
	282860  -  ResidentSetSize of job (KB)
...
005 (1262534.006.000) 07/25 13:30:20 Job terminated.
	(1) Normal termination (return value 0)
		Usr 0 00:03:42, Sys 0 00:00:15  -  Run Remote Usage
		Usr 0 00:00:00, Sys 0 00:00:00  -  Run Local Usage
		Usr 0 00:03:42, Sys 0 00:00:15  -  Total Remote Usage
		Usr 0 00:00:00, Sys 0 00:00:00  -  Total Local Usage
	349714  -  Run Bytes Sent By Job
	283691  -  Run Bytes Received By Job
	349714  -  Total Bytes Sent By Job
	283691  -  Total Bytes Received By Job
	Partitionable Resources :    Usage  Request Allocated
	   Cpus                 :                 1         1
	   Disk (KB)            :  1000000  2048000   4746716
	   Memory (MB)          :      277     1992      1992
...
