000 (690071.003.000) 07/11 07:31:02 Job submitted from host: <144.92.181.245:9618?addrs=144.92.181.245-9618+[2607-f388-101c-1000--372]-9618&noUDP&sock=6179_dbc8_3>
...
001 (690071.003.000) 07/11 08:41:42 Job executing on host: <128.104.227.101:9618?addrs=128.104.227.101-9618+[2607-f388-101c-1000--50]-9618&noUDP&sock=11662_bd8f_3>
...
006 (690071.003.000) 07/11 08:41:51 Image size of job updated: 167144
	53  -  MemoryUsage of job (MB)
	53544  -  ResidentSetSize of job (KB)
...
005 (690071.003.000) 07/11 08:56:03 Job terminated.
	(1) Normal termination (return value 0)
		Usr 0 00:01:57, Sys 0 00:00:07  -  Run Remote Usage
		Usr 0 00:00:00, Sys 0 00:00:00  -  Run Local Usage
		Usr 0 00:01:57, Sys 0 00:00:07  -  Total Remote Usage
		Usr 0 00:00:00, Sys 0 00:00:00  -  Total Local Usage
	331915  -  Run Bytes Sent By Job
	302156  -  Run Bytes Received By Job
	331915  -  Total Bytes Sent By Job
	302156  -  Total Bytes Received By Job
	Partitionable Resources :    Usage  Request Allocated
	   Cpus                 :                 1         1
	   Disk (KB)            :  1000000  2048000   9503486
	   Memory (MB)          :       53     1992      1992
...
