000 (690057.000.000) 07/11 07:30:39 Job submitted from host: <144.92.181.245:9618?addrs=144.92.181.245-9618+[2607-f388-101c-1000--372]-9618&noUDP&sock=6179_dbc8_3>
...
001 (690057.000.000) 07/11 08:24:07 Job executing on host: <144.92.180.107:9618?addrs=144.92.180.107-9618+[2607-f388-101c-1000--629]-9618&noUDP&sock=7645_699f_3>
...
006 (690057.000.000) 07/11 08:24:16 Image size of job updated: 225420
	105  -  MemoryUsage of job (MB)
	107380  -  ResidentSetSize of job (KB)
...
005 (690057.000.000) 07/11 08:37:04 Job terminated.
	(1) Normal termination (return value 0)
		Usr 0 00:01:27, Sys 0 00:00:04  -  Run Remote Usage
		Usr 0 00:00:00, Sys 0 00:00:00  -  Run Local Usage
		Usr 0 00:01:27, Sys 0 00:00:04  -  Total Remote Usage
		Usr 0 00:00:00, Sys 0 00:00:00  -  Total Local Usage
	379759  -  Run Bytes Sent By Job
	302156  -  Run Bytes Received By Job
	379759  -  Total Bytes Sent By Job
	302156  -  Total Bytes Received By Job
	Partitionable Resources :    Usage  Request Allocated
	   Cpus                 :                 1         1
	   Disk (KB)            :  1000000  2048000   6333880
	   Memory (MB)          :      105     1992      1992
...
