file path found: /hdfs/store/user/varuns/Run2018D_Prompt/MET/crab_job_MET2018Dv2_2/190516_203151/0009/Data_MET2018Dv2_2_9000.root
name: Data_MET2018Dv2_2_9000.root
filenumber: 0
file path found: /hdfs/store/user/varuns/Run2018D_Prompt/MET/crab_job_MET2018Dv2_2/190516_203151/0009/Data_MET2018Dv2_2_9001.root
name: Data_MET2018Dv2_2_9001.root
filenumber: 1
file path found: /hdfs/store/user/varuns/Run2018D_Prompt/MET/crab_job_MET2018Dv2_2/190516_203151/0009/Data_MET2018Dv2_2_9002.root
name: Data_MET2018Dv2_2_9002.root
filenumber: 2
file path found: /hdfs/store/user/varuns/Run2018D_Prompt/MET/crab_job_MET2018Dv2_2/190516_203151/0009/Data_MET2018Dv2_2_9003.root
name: Data_MET2018Dv2_2_9003.root
filenumber: 3
file path found: /hdfs/store/user/varuns/Run2018D_Prompt/MET/crab_job_MET2018Dv2_2/190516_203151/0009/Data_MET2018Dv2_2_9004.root
name: Data_MET2018Dv2_2_9004.root
filenumber: 4
file path found: /hdfs/store/user/varuns/Run2018D_Prompt/MET/crab_job_MET2018Dv2_2/190516_203151/0009/Data_MET2018Dv2_2_9005.root
name: Data_MET2018Dv2_2_9005.root
filenumber: 5
file path found: /hdfs/store/user/varuns/Run2018D_Prompt/MET/crab_job_MET2018Dv2_2/190516_203151/0009/Data_MET2018Dv2_2_9006.root
name: Data_MET2018Dv2_2_9006.root
filenumber: 6
file path found: /hdfs/store/user/varuns/Run2018D_Prompt/MET/crab_job_MET2018Dv2_2/190516_203151/0009/Data_MET2018Dv2_2_9007.root
name: Data_MET2018Dv2_2_9007.root
filenumber: 7
file path found: /hdfs/store/user/varuns/Run2018D_Prompt/MET/crab_job_MET2018Dv2_2/190516_203151/0009/Data_MET2018Dv2_2_9008.root
name: Data_MET2018Dv2_2_9008.root
filenumber: 8
file path found: /hdfs/store/user/varuns/Run2018D_Prompt/MET/crab_job_MET2018Dv2_2/190516_203151/0009/Data_MET2018Dv2_2_9009.root
name: Data_MET2018Dv2_2_9009.root
filenumber: 9
file path found: /hdfs/store/user/varuns/Run2018D_Prompt/MET/crab_job_MET2018Dv2_2/190516_203151/0009/Data_MET2018Dv2_2_9010.root
name: Data_MET2018Dv2_2_9010.root
filenumber: 10
file path found: /hdfs/store/user/varuns/Run2018D_Prompt/MET/crab_job_MET2018Dv2_2/190516_203151/0009/Data_MET2018Dv2_2_9011.root
name: Data_MET2018Dv2_2_9011.root
filenumber: 11
file path found: /hdfs/store/user/varuns/Run2018D_Prompt/MET/crab_job_MET2018Dv2_2/190516_203151/0009/Data_MET2018Dv2_2_9012.root
name: Data_MET2018Dv2_2_9012.root
filenumber: 12
file path found: /hdfs/store/user/varuns/Run2018D_Prompt/MET/crab_job_MET2018Dv2_2/190516_203151/0009/Data_MET2018Dv2_2_9013.root
name: Data_MET2018Dv2_2_9013.root
filenumber: 13
file path found: /hdfs/store/user/varuns/Run2018D_Prompt/MET/crab_job_MET2018Dv2_2/190516_203151/0009/Data_MET2018Dv2_2_9014.root
name: Data_MET2018Dv2_2_9014.root
filenumber: 14
file path found: /hdfs/store/user/varuns/Run2018D_Prompt/MET/crab_job_MET2018Dv2_2/190516_203151/0009/Data_MET2018Dv2_2_9015.root
name: Data_MET2018Dv2_2_9015.root
filenumber: 15
file path found: /hdfs/store/user/varuns/Run2018D_Prompt/MET/crab_job_MET2018Dv2_2/190516_203151/0009/Data_MET2018Dv2_2_9016.root
name: Data_MET2018Dv2_2_9016.root
filenumber: 16
file path found: /hdfs/store/user/varuns/Run2018D_Prompt/MET/crab_job_MET2018Dv2_2/190516_203151/0009/Data_MET2018Dv2_2_9017.root
name: Data_MET2018Dv2_2_9017.root
filenumber: 17
file path found: /hdfs/store/user/varuns/Run2018D_Prompt/MET/crab_job_MET2018Dv2_2/190516_203151/0009/Data_MET2018Dv2_2_9018.root
name: Data_MET2018Dv2_2_9018.root
filenumber: 18
file path found: /hdfs/store/user/varuns/Run2018D_Prompt/MET/crab_job_MET2018Dv2_2/190516_203151/0009/Data_MET2018Dv2_2_9019.root
name: Data_MET2018Dv2_2_9019.root
filenumber: 19
file path found: /hdfs/store/user/varuns/Run2018D_Prompt/MET/crab_job_MET2018Dv2_2/190516_203151/0009/Data_MET2018Dv2_2_9020.root
name: Data_MET2018Dv2_2_9020.root
filenumber: 20
file path found: /hdfs/store/user/varuns/Run2018D_Prompt/MET/crab_job_MET2018Dv2_2/190516_203151/0009/Data_MET2018Dv2_2_9021.root
name: Data_MET2018Dv2_2_9021.root
filenumber: 21
file path found: /hdfs/store/user/varuns/Run2018D_Prompt/MET/crab_job_MET2018Dv2_2/190516_203151/0009/Data_MET2018Dv2_2_9022.root
name: Data_MET2018Dv2_2_9022.root
filenumber: 22
file path found: /hdfs/store/user/varuns/Run2018D_Prompt/MET/crab_job_MET2018Dv2_2/190516_203151/0009/Data_MET2018Dv2_2_9023.root
name: Data_MET2018Dv2_2_9023.root
filenumber: 23
file path found: /hdfs/store/user/varuns/Run2018D_Prompt/MET/crab_job_MET2018Dv2_2/190516_203151/0009/Data_MET2018Dv2_2_9024.root
name: Data_MET2018Dv2_2_9024.root
filenumber: 24
file path found: /hdfs/store/user/varuns/Run2018D_Prompt/MET/crab_job_MET2018Dv2_2/190516_203151/0009/Data_MET2018Dv2_2_9025.root
name: Data_MET2018Dv2_2_9025.root
filenumber: 25
file path found: /hdfs/store/user/varuns/Run2018D_Prompt/MET/crab_job_MET2018Dv2_2/190516_203151/0009/Data_MET2018Dv2_2_9026.root
name: Data_MET2018Dv2_2_9026.root
filenumber: 26
file path found: /hdfs/store/user/varuns/Run2018D_Prompt/MET/crab_job_MET2018Dv2_2/190516_203151/0009/Data_MET2018Dv2_2_9027.root
name: Data_MET2018Dv2_2_9027.root
filenumber: 27
file path found: /hdfs/store/user/varuns/Run2018D_Prompt/MET/crab_job_MET2018Dv2_2/190516_203151/0009/Data_MET2018Dv2_2_9028.root
name: Data_MET2018Dv2_2_9028.root
filenumber: 28
file path found: /hdfs/store/user/varuns/Run2018D_Prompt/MET/crab_job_MET2018Dv2_2/190516_203151/0009/Data_MET2018Dv2_2_9029.root
name: Data_MET2018Dv2_2_9029.root
filenumber: 29
file path found: /hdfs/store/user/varuns/Run2018D_Prompt/MET/crab_job_MET2018Dv2_2/190516_203151/0009/Data_MET2018Dv2_2_9030.root
name: Data_MET2018Dv2_2_9030.root
filenumber: 30
file path found: /hdfs/store/user/varuns/Run2018D_Prompt/MET/crab_job_MET2018Dv2_2/190516_203151/0009/Data_MET2018Dv2_2_9031.root
name: Data_MET2018Dv2_2_9031.root
filenumber: 31
file path found: /hdfs/store/user/varuns/Run2018D_Prompt/MET/crab_job_MET2018Dv2_2/190516_203151/0009/Data_MET2018Dv2_2_9032.root
name: Data_MET2018Dv2_2_9032.root
filenumber: 32
file path found: /hdfs/store/user/varuns/Run2018D_Prompt/MET/crab_job_MET2018Dv2_2/190516_203151/0009/Data_MET2018Dv2_2_9033.root
name: Data_MET2018Dv2_2_9033.root
filenumber: 33
file path found: /hdfs/store/user/varuns/Run2018D_Prompt/MET/crab_job_MET2018Dv2_2/190516_203151/0009/Data_MET2018Dv2_2_9034.root
name: Data_MET2018Dv2_2_9034.root
filenumber: 34
file path found: /hdfs/store/user/varuns/Run2018D_Prompt/MET/crab_job_MET2018Dv2_2/190516_203151/0009/Data_MET2018Dv2_2_9035.root
name: Data_MET2018Dv2_2_9035.root
filenumber: 35
file path found: /hdfs/store/user/varuns/Run2018D_Prompt/MET/crab_job_MET2018Dv2_2/190516_203151/0009/Data_MET2018Dv2_2_9036.root
name: Data_MET2018Dv2_2_9036.root
filenumber: 36
file path found: /hdfs/store/user/varuns/Run2018D_Prompt/MET/crab_job_MET2018Dv2_2/190516_203151/0009/Data_MET2018Dv2_2_9037.root
name: Data_MET2018Dv2_2_9037.root
filenumber: 37
file path found: /hdfs/store/user/varuns/Run2018D_Prompt/MET/crab_job_MET2018Dv2_2/190516_203151/0009/Data_MET2018Dv2_2_9038.root
name: Data_MET2018Dv2_2_9038.root
filenumber: 38
file path found: /hdfs/store/user/varuns/Run2018D_Prompt/MET/crab_job_MET2018Dv2_2/190516_203151/0009/Data_MET2018Dv2_2_9039.root
name: Data_MET2018Dv2_2_9039.root
filenumber: 39
file path found: /hdfs/store/user/varuns/Run2018D_Prompt/MET/crab_job_MET2018Dv2_2/190516_203151/0009/Data_MET2018Dv2_2_9040.root
name: Data_MET2018Dv2_2_9040.root
filenumber: 40
file path found: /hdfs/store/user/varuns/Run2018D_Prompt/MET/crab_job_MET2018Dv2_2/190516_203151/0009/Data_MET2018Dv2_2_9041.root
name: Data_MET2018Dv2_2_9041.root
filenumber: 41
file path found: /hdfs/store/user/varuns/Run2018D_Prompt/MET/crab_job_MET2018Dv2_2/190516_203151/0009/Data_MET2018Dv2_2_9042.root
name: Data_MET2018Dv2_2_9042.root
filenumber: 42
file path found: /hdfs/store/user/varuns/Run2018D_Prompt/MET/crab_job_MET2018Dv2_2/190516_203151/0009/Data_MET2018Dv2_2_9043.root
name: Data_MET2018Dv2_2_9043.root
filenumber: 43
file path found: /hdfs/store/user/varuns/Run2018D_Prompt/MET/crab_job_MET2018Dv2_2/190516_203151/0009/Data_MET2018Dv2_2_9044.root
name: Data_MET2018Dv2_2_9044.root
filenumber: 44
file path found: /hdfs/store/user/varuns/Run2018D_Prompt/MET/crab_job_MET2018Dv2_2/190516_203151/0009/Data_MET2018Dv2_2_9045.root
name: Data_MET2018Dv2_2_9045.root
filenumber: 45
file path found: /hdfs/store/user/varuns/Run2018D_Prompt/MET/crab_job_MET2018Dv2_2/190516_203151/0009/Data_MET2018Dv2_2_9046.root
name: Data_MET2018Dv2_2_9046.root
filenumber: 46
file path found: /hdfs/store/user/varuns/Run2018D_Prompt/MET/crab_job_MET2018Dv2_2/190516_203151/0009/Data_MET2018Dv2_2_9047.root
name: Data_MET2018Dv2_2_9047.root
filenumber: 47
file path found: /hdfs/store/user/varuns/Run2018D_Prompt/MET/crab_job_MET2018Dv2_2/190516_203151/0009/Data_MET2018Dv2_2_9048.root
name: Data_MET2018Dv2_2_9048.root
filenumber: 48
file path found: /hdfs/store/user/varuns/Run2018D_Prompt/MET/crab_job_MET2018Dv2_2/190516_203151/0009/Data_MET2018Dv2_2_9049.root
name: Data_MET2018Dv2_2_9049.root
filenumber: 49
file path found: /hdfs/store/user/varuns/Run2018D_Prompt/MET/crab_job_MET2018Dv2_2/190516_203151/0009/Data_MET2018Dv2_2_9050.root
name: Data_MET2018Dv2_2_9050.root
filenumber: 50
file path found: /hdfs/store/user/varuns/Run2018D_Prompt/MET/crab_job_MET2018Dv2_2/190516_203151/0009/Data_MET2018Dv2_2_9051.root
name: Data_MET2018Dv2_2_9051.root
filenumber: 51
file path found: /hdfs/store/user/varuns/Run2018D_Prompt/MET/crab_job_MET2018Dv2_2/190516_203151/0009/Data_MET2018Dv2_2_9052.root
name: Data_MET2018Dv2_2_9052.root
filenumber: 52
file path found: /hdfs/store/user/varuns/Run2018D_Prompt/MET/crab_job_MET2018Dv2_2/190516_203151/0009/Data_MET2018Dv2_2_9053.root
name: Data_MET2018Dv2_2_9053.root
filenumber: 53
file path found: /hdfs/store/user/varuns/Run2018D_Prompt/MET/crab_job_MET2018Dv2_2/190516_203151/0009/Data_MET2018Dv2_2_9054.root
name: Data_MET2018Dv2_2_9054.root
filenumber: 54
file path found: /hdfs/store/user/varuns/Run2018D_Prompt/MET/crab_job_MET2018Dv2_2/190516_203151/0009/Data_MET2018Dv2_2_9055.root
name: Data_MET2018Dv2_2_9055.root
filenumber: 55
file path found: /hdfs/store/user/varuns/Run2018D_Prompt/MET/crab_job_MET2018Dv2_2/190516_203151/0009/Data_MET2018Dv2_2_9056.root
name: Data_MET2018Dv2_2_9056.root
filenumber: 56
file path found: /hdfs/store/user/varuns/Run2018D_Prompt/MET/crab_job_MET2018Dv2_2/190516_203151/0009/Data_MET2018Dv2_2_9057.root
name: Data_MET2018Dv2_2_9057.root
filenumber: 57
file path found: /hdfs/store/user/varuns/Run2018D_Prompt/MET/crab_job_MET2018Dv2_2/190516_203151/0009/Data_MET2018Dv2_2_9058.root
name: Data_MET2018Dv2_2_9058.root
filenumber: 58
file path found: /hdfs/store/user/varuns/Run2018D_Prompt/MET/crab_job_MET2018Dv2_2/190516_203151/0009/Data_MET2018Dv2_2_9059.root
name: Data_MET2018Dv2_2_9059.root
filenumber: 59
file path found: /hdfs/store/user/varuns/Run2018D_Prompt/MET/crab_job_MET2018Dv2_2/190516_203151/0009/Data_MET2018Dv2_2_9060.root
name: Data_MET2018Dv2_2_9060.root
filenumber: 60
file path found: /hdfs/store/user/varuns/Run2018D_Prompt/MET/crab_job_MET2018Dv2_2/190516_203151/0009/Data_MET2018Dv2_2_9061.root
name: Data_MET2018Dv2_2_9061.root
filenumber: 61
file path found: /hdfs/store/user/varuns/Run2018D_Prompt/MET/crab_job_MET2018Dv2_2/190516_203151/0009/Data_MET2018Dv2_2_9062.root
name: Data_MET2018Dv2_2_9062.root
filenumber: 62
file path found: /hdfs/store/user/varuns/Run2018D_Prompt/MET/crab_job_MET2018Dv2_2/190516_203151/0009/Data_MET2018Dv2_2_9063.root
name: Data_MET2018Dv2_2_9063.root
filenumber: 63
file path found: /hdfs/store/user/varuns/Run2018D_Prompt/MET/crab_job_MET2018Dv2_2/190516_203151/0009/Data_MET2018Dv2_2_9064.root
name: Data_MET2018Dv2_2_9064.root
filenumber: 64
file path found: /hdfs/store/user/varuns/Run2018D_Prompt/MET/crab_job_MET2018Dv2_2/190516_203151/0009/Data_MET2018Dv2_2_9065.root
name: Data_MET2018Dv2_2_9065.root
filenumber: 65
file path found: /hdfs/store/user/varuns/Run2018D_Prompt/MET/crab_job_MET2018Dv2_2/190516_203151/0009/Data_MET2018Dv2_2_9066.root
name: Data_MET2018Dv2_2_9066.root
filenumber: 66
file path found: /hdfs/store/user/varuns/Run2018D_Prompt/MET/crab_job_MET2018Dv2_2/190516_203151/0009/Data_MET2018Dv2_2_9067.root
name: Data_MET2018Dv2_2_9067.root
filenumber: 67
file path found: /hdfs/store/user/varuns/Run2018D_Prompt/MET/crab_job_MET2018Dv2_2/190516_203151/0009/Data_MET2018Dv2_2_9068.root
name: Data_MET2018Dv2_2_9068.root
filenumber: 68
file path found: /hdfs/store/user/varuns/Run2018D_Prompt/MET/crab_job_MET2018Dv2_2/190516_203151/0009/Data_MET2018Dv2_2_9069.root
name: Data_MET2018Dv2_2_9069.root
filenumber: 69
file path found: /hdfs/store/user/varuns/Run2018D_Prompt/MET/crab_job_MET2018Dv2_2/190516_203151/0009/Data_MET2018Dv2_2_9070.root
name: Data_MET2018Dv2_2_9070.root
filenumber: 70
file path found: /hdfs/store/user/varuns/Run2018D_Prompt/MET/crab_job_MET2018Dv2_2/190516_203151/0009/Data_MET2018Dv2_2_9071.root
name: Data_MET2018Dv2_2_9071.root
filenumber: 71
file path found: /hdfs/store/user/varuns/Run2018D_Prompt/MET/crab_job_MET2018Dv2_2/190516_203151/0009/Data_MET2018Dv2_2_9072.root
name: Data_MET2018Dv2_2_9072.root
filenumber: 72
file path found: /hdfs/store/user/varuns/Run2018D_Prompt/MET/crab_job_MET2018Dv2_2/190516_203151/0009/Data_MET2018Dv2_2_9073.root
name: Data_MET2018Dv2_2_9073.root
filenumber: 73
file path found: /hdfs/store/user/varuns/Run2018D_Prompt/MET/crab_job_MET2018Dv2_2/190516_203151/0009/Data_MET2018Dv2_2_9074.root
name: Data_MET2018Dv2_2_9074.root
filenumber: 74
file path found: /hdfs/store/user/varuns/Run2018D_Prompt/MET/crab_job_MET2018Dv2_2/190516_203151/0009/Data_MET2018Dv2_2_9075.root
name: Data_MET2018Dv2_2_9075.root
filenumber: 75
file path found: /hdfs/store/user/varuns/Run2018D_Prompt/MET/crab_job_MET2018Dv2_2/190516_203151/0009/Data_MET2018Dv2_2_9076.root
name: Data_MET2018Dv2_2_9076.root
filenumber: 76
file path found: /hdfs/store/user/varuns/Run2018D_Prompt/MET/crab_job_MET2018Dv2_2/190516_203151/0009/Data_MET2018Dv2_2_9077.root
name: Data_MET2018Dv2_2_9077.root
filenumber: 77
file path found: /hdfs/store/user/varuns/Run2018D_Prompt/MET/crab_job_MET2018Dv2_2/190516_203151/0009/Data_MET2018Dv2_2_9078.root
name: Data_MET2018Dv2_2_9078.root
filenumber: 78
file path found: /hdfs/store/user/varuns/Run2018D_Prompt/MET/crab_job_MET2018Dv2_2/190516_203151/0009/Data_MET2018Dv2_2_9079.root
name: Data_MET2018Dv2_2_9079.root
filenumber: 79
file path found: /hdfs/store/user/varuns/Run2018D_Prompt/MET/crab_job_MET2018Dv2_2/190516_203151/0009/Data_MET2018Dv2_2_9080.root
name: Data_MET2018Dv2_2_9080.root
filenumber: 80
file path found: /hdfs/store/user/varuns/Run2018D_Prompt/MET/crab_job_MET2018Dv2_2/190516_203151/0009/Data_MET2018Dv2_2_9081.root
name: Data_MET2018Dv2_2_9081.root
filenumber: 81
file path found: /hdfs/store/user/varuns/Run2018D_Prompt/MET/crab_job_MET2018Dv2_2/190516_203151/0009/Data_MET2018Dv2_2_9082.root
name: Data_MET2018Dv2_2_9082.root
filenumber: 82
file path found: /hdfs/store/user/varuns/Run2018D_Prompt/MET/crab_job_MET2018Dv2_2/190516_203151/0009/Data_MET2018Dv2_2_9083.root
name: Data_MET2018Dv2_2_9083.root
filenumber: 83
file path found: /hdfs/store/user/varuns/Run2018D_Prompt/MET/crab_job_MET2018Dv2_2/190516_203151/0009/Data_MET2018Dv2_2_9084.root
name: Data_MET2018Dv2_2_9084.root
filenumber: 84
file path found: /hdfs/store/user/varuns/Run2018D_Prompt/MET/crab_job_MET2018Dv2_2/190516_203151/0009/Data_MET2018Dv2_2_9085.root
name: Data_MET2018Dv2_2_9085.root
filenumber: 85
file path found: /hdfs/store/user/varuns/Run2018D_Prompt/MET/crab_job_MET2018Dv2_2/190516_203151/0009/Data_MET2018Dv2_2_9086.root
name: Data_MET2018Dv2_2_9086.root
filenumber: 86
file path found: /hdfs/store/user/varuns/Run2018D_Prompt/MET/crab_job_MET2018Dv2_2/190516_203151/0009/Data_MET2018Dv2_2_9087.root
name: Data_MET2018Dv2_2_9087.root
filenumber: 87
file path found: /hdfs/store/user/varuns/Run2018D_Prompt/MET/crab_job_MET2018Dv2_2/190516_203151/0009/Data_MET2018Dv2_2_9088.root
name: Data_MET2018Dv2_2_9088.root
filenumber: 88
file path found: /hdfs/store/user/varuns/Run2018D_Prompt/MET/crab_job_MET2018Dv2_2/190516_203151/0009/Data_MET2018Dv2_2_9089.root
name: Data_MET2018Dv2_2_9089.root
filenumber: 89
file path found: /hdfs/store/user/varuns/Run2018D_Prompt/MET/crab_job_MET2018Dv2_2/190516_203151/0009/Data_MET2018Dv2_2_9090.root
name: Data_MET2018Dv2_2_9090.root
filenumber: 90
file path found: /hdfs/store/user/varuns/Run2018D_Prompt/MET/crab_job_MET2018Dv2_2/190516_203151/0009/Data_MET2018Dv2_2_9091.root
name: Data_MET2018Dv2_2_9091.root
filenumber: 91
file path found: /hdfs/store/user/varuns/Run2018D_Prompt/MET/crab_job_MET2018Dv2_2/190516_203151/0009/Data_MET2018Dv2_2_9092.root
name: Data_MET2018Dv2_2_9092.root
filenumber: 92
file path found: /hdfs/store/user/varuns/Run2018D_Prompt/MET/crab_job_MET2018Dv2_2/190516_203151/0009/Data_MET2018Dv2_2_9093.root
name: Data_MET2018Dv2_2_9093.root
filenumber: 93
file path found: /hdfs/store/user/varuns/Run2018D_Prompt/MET/crab_job_MET2018Dv2_2/190516_203151/0009/Data_MET2018Dv2_2_9094.root
name: Data_MET2018Dv2_2_9094.root
filenumber: 94
file path found: /hdfs/store/user/varuns/Run2018D_Prompt/MET/crab_job_MET2018Dv2_2/190516_203151/0009/Data_MET2018Dv2_2_9095.root
name: Data_MET2018Dv2_2_9095.root
filenumber: 95
file path found: /hdfs/store/user/varuns/Run2018D_Prompt/MET/crab_job_MET2018Dv2_2/190516_203151/0009/Data_MET2018Dv2_2_9096.root
name: Data_MET2018Dv2_2_9096.root
filenumber: 96
file path found: /hdfs/store/user/varuns/Run2018D_Prompt/MET/crab_job_MET2018Dv2_2/190516_203151/0009/Data_MET2018Dv2_2_9097.root
name: Data_MET2018Dv2_2_9097.root
filenumber: 97
file path found: /hdfs/store/user/varuns/Run2018D_Prompt/MET/crab_job_MET2018Dv2_2/190516_203151/0009/Data_MET2018Dv2_2_9098.root
name: Data_MET2018Dv2_2_9098.root
filenumber: 98
file path found: /hdfs/store/user/varuns/Run2018D_Prompt/MET/crab_job_MET2018Dv2_2/190516_203151/0009/Data_MET2018Dv2_2_9099.root
name: Data_MET2018Dv2_2_9099.root
filenumber: 99
file path found: /hdfs/store/user/varuns/Run2018D_Prompt/MET/crab_job_MET2018Dv2_2/190516_203151/0009/Data_MET2018Dv2_2_9100.root
name: Data_MET2018Dv2_2_9100.root
filenumber: 100
file path found: /hdfs/store/user/varuns/Run2018D_Prompt/MET/crab_job_MET2018Dv2_2/190516_203151/0009/Data_MET2018Dv2_2_9101.root
name: Data_MET2018Dv2_2_9101.root
filenumber: 101
file path found: /hdfs/store/user/varuns/Run2018D_Prompt/MET/crab_job_MET2018Dv2_2/190516_203151/0009/Data_MET2018Dv2_2_9102.root
name: Data_MET2018Dv2_2_9102.root
filenumber: 102
file path found: /hdfs/store/user/varuns/Run2018D_Prompt/MET/crab_job_MET2018Dv2_2/190516_203151/0009/Data_MET2018Dv2_2_9103.root
name: Data_MET2018Dv2_2_9103.root
filenumber: 103
file path found: /hdfs/store/user/varuns/Run2018D_Prompt/MET/crab_job_MET2018Dv2_2/190516_203151/0009/Data_MET2018Dv2_2_9104.root
name: Data_MET2018Dv2_2_9104.root
filenumber: 104
file path found: /hdfs/store/user/varuns/Run2018D_Prompt/MET/crab_job_MET2018Dv2_2/190516_203151/0009/Data_MET2018Dv2_2_9105.root
name: Data_MET2018Dv2_2_9105.root
filenumber: 105
file path found: /hdfs/store/user/varuns/Run2018D_Prompt/MET/crab_job_MET2018Dv2_2/190516_203151/0009/Data_MET2018Dv2_2_9106.root
name: Data_MET2018Dv2_2_9106.root
filenumber: 106
file path found: /hdfs/store/user/varuns/Run2018D_Prompt/MET/crab_job_MET2018Dv2_2/190516_203151/0009/Data_MET2018Dv2_2_9107.root
name: Data_MET2018Dv2_2_9107.root
filenumber: 107
file path found: /hdfs/store/user/varuns/Run2018D_Prompt/MET/crab_job_MET2018Dv2_2/190516_203151/0009/Data_MET2018Dv2_2_9108.root
name: Data_MET2018Dv2_2_9108.root
filenumber: 108
file path found: /hdfs/store/user/varuns/Run2018D_Prompt/MET/crab_job_MET2018Dv2_2/190516_203151/0009/Data_MET2018Dv2_2_9109.root
name: Data_MET2018Dv2_2_9109.root
filenumber: 109
file path found: /hdfs/store/user/varuns/Run2018D_Prompt/MET/crab_job_MET2018Dv2_2/190516_203151/0009/Data_MET2018Dv2_2_9110.root
name: Data_MET2018Dv2_2_9110.root
filenumber: 110
file path found: /hdfs/store/user/varuns/Run2018D_Prompt/MET/crab_job_MET2018Dv2_2/190516_203151/0009/Data_MET2018Dv2_2_9111.root
name: Data_MET2018Dv2_2_9111.root
filenumber: 111
file path found: /hdfs/store/user/varuns/Run2018D_Prompt/MET/crab_job_MET2018Dv2_2/190516_203151/0009/Data_MET2018Dv2_2_9112.root
name: Data_MET2018Dv2_2_9112.root
filenumber: 112
file path found: /hdfs/store/user/varuns/Run2018D_Prompt/MET/crab_job_MET2018Dv2_2/190516_203151/0009/Data_MET2018Dv2_2_9113.root
name: Data_MET2018Dv2_2_9113.root
filenumber: 113
file path found: /hdfs/store/user/varuns/Run2018D_Prompt/MET/crab_job_MET2018Dv2_2/190516_203151/0009/Data_MET2018Dv2_2_9114.root
name: Data_MET2018Dv2_2_9114.root
filenumber: 114
file path found: /hdfs/store/user/varuns/Run2018D_Prompt/MET/crab_job_MET2018Dv2_2/190516_203151/0009/Data_MET2018Dv2_2_9115.root
name: Data_MET2018Dv2_2_9115.root
filenumber: 115
file path found: /hdfs/store/user/varuns/Run2018D_Prompt/MET/crab_job_MET2018Dv2_2/190516_203151/0009/Data_MET2018Dv2_2_9116.root
name: Data_MET2018Dv2_2_9116.root
filenumber: 116
file path found: /hdfs/store/user/varuns/Run2018D_Prompt/MET/crab_job_MET2018Dv2_2/190516_203151/0009/Data_MET2018Dv2_2_9117.root
name: Data_MET2018Dv2_2_9117.root
filenumber: 117
file path found: /hdfs/store/user/varuns/Run2018D_Prompt/MET/crab_job_MET2018Dv2_2/190516_203151/0009/Data_MET2018Dv2_2_9118.root
name: Data_MET2018Dv2_2_9118.root
filenumber: 118
file path found: /hdfs/store/user/varuns/Run2018D_Prompt/MET/crab_job_MET2018Dv2_2/190516_203151/0009/Data_MET2018Dv2_2_9119.root
name: Data_MET2018Dv2_2_9119.root
filenumber: 119
file path found: /hdfs/store/user/varuns/Run2018D_Prompt/MET/crab_job_MET2018Dv2_2/190516_203151/0009/Data_MET2018Dv2_2_9120.root
name: Data_MET2018Dv2_2_9120.root
filenumber: 120
file path found: /hdfs/store/user/varuns/Run2018D_Prompt/MET/crab_job_MET2018Dv2_2/190516_203151/0009/Data_MET2018Dv2_2_9121.root
name: Data_MET2018Dv2_2_9121.root
filenumber: 121
file path found: /hdfs/store/user/varuns/Run2018D_Prompt/MET/crab_job_MET2018Dv2_2/190516_203151/0009/Data_MET2018Dv2_2_9122.root
name: Data_MET2018Dv2_2_9122.root
filenumber: 122
file path found: /hdfs/store/user/varuns/Run2018D_Prompt/MET/crab_job_MET2018Dv2_2/190516_203151/0009/Data_MET2018Dv2_2_9123.root
name: Data_MET2018Dv2_2_9123.root
filenumber: 123
file path found: /hdfs/store/user/varuns/Run2018D_Prompt/MET/crab_job_MET2018Dv2_2/190516_203151/0009/Data_MET2018Dv2_2_9124.root
name: Data_MET2018Dv2_2_9124.root
filenumber: 124
file path found: /hdfs/store/user/varuns/Run2018D_Prompt/MET/crab_job_MET2018Dv2_2/190516_203151/0009/Data_MET2018Dv2_2_9125.root
name: Data_MET2018Dv2_2_9125.root
filenumber: 125
file path found: /hdfs/store/user/varuns/Run2018D_Prompt/MET/crab_job_MET2018Dv2_2/190516_203151/0009/Data_MET2018Dv2_2_9126.root
name: Data_MET2018Dv2_2_9126.root
filenumber: 126
file path found: /hdfs/store/user/varuns/Run2018D_Prompt/MET/crab_job_MET2018Dv2_2/190516_203151/0009/Data_MET2018Dv2_2_9127.root
name: Data_MET2018Dv2_2_9127.root
filenumber: 127
file path found: /hdfs/store/user/varuns/Run2018D_Prompt/MET/crab_job_MET2018Dv2_2/190516_203151/0009/Data_MET2018Dv2_2_9128.root
name: Data_MET2018Dv2_2_9128.root
filenumber: 128
file path found: /hdfs/store/user/varuns/Run2018D_Prompt/MET/crab_job_MET2018Dv2_2/190516_203151/0009/Data_MET2018Dv2_2_9129.root
name: Data_MET2018Dv2_2_9129.root
filenumber: 129
file path found: /hdfs/store/user/varuns/Run2018D_Prompt/MET/crab_job_MET2018Dv2_2/190516_203151/0009/Data_MET2018Dv2_2_9130.root
name: Data_MET2018Dv2_2_9130.root
filenumber: 130
file path found: /hdfs/store/user/varuns/Run2018D_Prompt/MET/crab_job_MET2018Dv2_2/190516_203151/0009/Data_MET2018Dv2_2_9131.root
name: Data_MET2018Dv2_2_9131.root
filenumber: 131
file path found: /hdfs/store/user/varuns/Run2018D_Prompt/MET/crab_job_MET2018Dv2_2/190516_203151/0009/Data_MET2018Dv2_2_9132.root
name: Data_MET2018Dv2_2_9132.root
filenumber: 132
file path found: /hdfs/store/user/varuns/Run2018D_Prompt/MET/crab_job_MET2018Dv2_2/190516_203151/0009/Data_MET2018Dv2_2_9133.root
name: Data_MET2018Dv2_2_9133.root
filenumber: 133
file path found: /hdfs/store/user/varuns/Run2018D_Prompt/MET/crab_job_MET2018Dv2_2/190516_203151/0009/Data_MET2018Dv2_2_9134.root
name: Data_MET2018Dv2_2_9134.root
filenumber: 134
file path found: /hdfs/store/user/varuns/Run2018D_Prompt/MET/crab_job_MET2018Dv2_2/190516_203151/0009/Data_MET2018Dv2_2_9135.root
name: Data_MET2018Dv2_2_9135.root
filenumber: 135
file path found: /hdfs/store/user/varuns/Run2018D_Prompt/MET/crab_job_MET2018Dv2_2/190516_203151/0009/Data_MET2018Dv2_2_9136.root
name: Data_MET2018Dv2_2_9136.root
filenumber: 136
file path found: /hdfs/store/user/varuns/Run2018D_Prompt/MET/crab_job_MET2018Dv2_2/190516_203151/0009/Data_MET2018Dv2_2_9137.root
name: Data_MET2018Dv2_2_9137.root
filenumber: 137
file path found: /hdfs/store/user/varuns/Run2018D_Prompt/MET/crab_job_MET2018Dv2_2/190516_203151/0009/Data_MET2018Dv2_2_9138.root
name: Data_MET2018Dv2_2_9138.root
filenumber: 138
file path found: /hdfs/store/user/varuns/Run2018D_Prompt/MET/crab_job_MET2018Dv2_2/190516_203151/0009/Data_MET2018Dv2_2_9139.root
name: Data_MET2018Dv2_2_9139.root
filenumber: 139
file path found: /hdfs/store/user/varuns/Run2018D_Prompt/MET/crab_job_MET2018Dv2_2/190516_203151/0009/Data_MET2018Dv2_2_9140.root
name: Data_MET2018Dv2_2_9140.root
filenumber: 140
file path found: /hdfs/store/user/varuns/Run2018D_Prompt/MET/crab_job_MET2018Dv2_2/190516_203151/0009/Data_MET2018Dv2_2_9141.root
name: Data_MET2018Dv2_2_9141.root
filenumber: 141
file path found: /hdfs/store/user/varuns/Run2018D_Prompt/MET/crab_job_MET2018Dv2_2/190516_203151/0009/Data_MET2018Dv2_2_9142.root
name: Data_MET2018Dv2_2_9142.root
filenumber: 142
file path found: /hdfs/store/user/varuns/Run2018D_Prompt/MET/crab_job_MET2018Dv2_2/190516_203151/0009/Data_MET2018Dv2_2_9143.root
name: Data_MET2018Dv2_2_9143.root
filenumber: 143
file path found: /hdfs/store/user/varuns/Run2018D_Prompt/MET/crab_job_MET2018Dv2_2/190516_203151/0009/Data_MET2018Dv2_2_9144.root
name: Data_MET2018Dv2_2_9144.root
filenumber: 144
file path found: /hdfs/store/user/varuns/Run2018D_Prompt/MET/crab_job_MET2018Dv2_2/190516_203151/0009/Data_MET2018Dv2_2_9145.root
name: Data_MET2018Dv2_2_9145.root
filenumber: 145
file path found: /hdfs/store/user/varuns/Run2018D_Prompt/MET/crab_job_MET2018Dv2_2/190516_203151/0009/Data_MET2018Dv2_2_9146.root
name: Data_MET2018Dv2_2_9146.root
filenumber: 146
file path found: /hdfs/store/user/varuns/Run2018D_Prompt/MET/crab_job_MET2018Dv2_2/190516_203151/0009/Data_MET2018Dv2_2_9147.root
name: Data_MET2018Dv2_2_9147.root
filenumber: 147
file path found: /hdfs/store/user/varuns/Run2018D_Prompt/MET/crab_job_MET2018Dv2_2/190516_203151/0009/Data_MET2018Dv2_2_9148.root
name: Data_MET2018Dv2_2_9148.root
filenumber: 148
file path found: /hdfs/store/user/varuns/Run2018D_Prompt/MET/crab_job_MET2018Dv2_2/190516_203151/0009/Data_MET2018Dv2_2_9149.root
name: Data_MET2018Dv2_2_9149.root
filenumber: 149
file path found: /hdfs/store/user/varuns/Run2018D_Prompt/MET/crab_job_MET2018Dv2_2/190516_203151/0009/Data_MET2018Dv2_2_9150.root
name: Data_MET2018Dv2_2_9150.root
filenumber: 150
Adding FullPathInputFile to chain:/hdfs/store/user/varuns/Run2018D_Prompt/MET/crab_job_MET2018Dv2_2/190516_203151/0009/Data_MET2018Dv2_2_9150.root

file path found: /hdfs/store/user/varuns/Run2018D_Prompt/MET/crab_job_MET2018Dv2_2/190516_203151/0009/Data_MET2018Dv2_2_9151.root
name: Data_MET2018Dv2_2_9151.root
filenumber: 151
Adding FullPathInputFile to chain:/hdfs/store/user/varuns/Run2018D_Prompt/MET/crab_job_MET2018Dv2_2/190516_203151/0009/Data_MET2018Dv2_2_9151.root

file path found: /hdfs/store/user/varuns/Run2018D_Prompt/MET/crab_job_MET2018Dv2_2/190516_203151/0009/Data_MET2018Dv2_2_9152.root
name: Data_MET2018Dv2_2_9152.root
filenumber: 152
Adding FullPathInputFile to chain:/hdfs/store/user/varuns/Run2018D_Prompt/MET/crab_job_MET2018Dv2_2/190516_203151/0009/Data_MET2018Dv2_2_9152.root

file path found: /hdfs/store/user/varuns/Run2018D_Prompt/MET/crab_job_MET2018Dv2_2/190516_203151/0009/Data_MET2018Dv2_2_9153.root
name: Data_MET2018Dv2_2_9153.root
filenumber: 153
Adding FullPathInputFile to chain:/hdfs/store/user/varuns/Run2018D_Prompt/MET/crab_job_MET2018Dv2_2/190516_203151/0009/Data_MET2018Dv2_2_9153.root

file path found: /hdfs/store/user/varuns/Run2018D_Prompt/MET/crab_job_MET2018Dv2_2/190516_203151/0009/Data_MET2018Dv2_2_9154.root
name: Data_MET2018Dv2_2_9154.root
filenumber: 154
Adding FullPathInputFile to chain:/hdfs/store/user/varuns/Run2018D_Prompt/MET/crab_job_MET2018Dv2_2/190516_203151/0009/Data_MET2018Dv2_2_9154.root

file path found: /hdfs/store/user/varuns/Run2018D_Prompt/MET/crab_job_MET2018Dv2_2/190516_203151/0009/Data_MET2018Dv2_2_9155.root
name: Data_MET2018Dv2_2_9155.root
filenumber: 155
Adding FullPathInputFile to chain:/hdfs/store/user/varuns/Run2018D_Prompt/MET/crab_job_MET2018Dv2_2/190516_203151/0009/Data_MET2018Dv2_2_9155.root

file path found: /hdfs/store/user/varuns/Run2018D_Prompt/MET/crab_job_MET2018Dv2_2/190516_203151/0009/Data_MET2018Dv2_2_9156.root
name: Data_MET2018Dv2_2_9156.root
filenumber: 156
Adding FullPathInputFile to chain:/hdfs/store/user/varuns/Run2018D_Prompt/MET/crab_job_MET2018Dv2_2/190516_203151/0009/Data_MET2018Dv2_2_9156.root

file path found: /hdfs/store/user/varuns/Run2018D_Prompt/MET/crab_job_MET2018Dv2_2/190516_203151/0009/Data_MET2018Dv2_2_9157.root
name: Data_MET2018Dv2_2_9157.root
filenumber: 157
Adding FullPathInputFile to chain:/hdfs/store/user/varuns/Run2018D_Prompt/MET/crab_job_MET2018Dv2_2/190516_203151/0009/Data_MET2018Dv2_2_9157.root

file path found: /hdfs/store/user/varuns/Run2018D_Prompt/MET/crab_job_MET2018Dv2_2/190516_203151/0009/Data_MET2018Dv2_2_9158.root
name: Data_MET2018Dv2_2_9158.root
filenumber: 158
Adding FullPathInputFile to chain:/hdfs/store/user/varuns/Run2018D_Prompt/MET/crab_job_MET2018Dv2_2/190516_203151/0009/Data_MET2018Dv2_2_9158.root

file path found: /hdfs/store/user/varuns/Run2018D_Prompt/MET/crab_job_MET2018Dv2_2/190516_203151/0009/Data_MET2018Dv2_2_9159.root
name: Data_MET2018Dv2_2_9159.root
filenumber: 159
Adding FullPathInputFile to chain:/hdfs/store/user/varuns/Run2018D_Prompt/MET/crab_job_MET2018Dv2_2/190516_203151/0009/Data_MET2018Dv2_2_9159.root

file path found: /hdfs/store/user/varuns/Run2018D_Prompt/MET/crab_job_MET2018Dv2_2/190516_203151/0009/Data_MET2018Dv2_2_9160.root
name: Data_MET2018Dv2_2_9160.root
filenumber: 160
Adding FullPathInputFile to chain:/hdfs/store/user/varuns/Run2018D_Prompt/MET/crab_job_MET2018Dv2_2/190516_203151/0009/Data_MET2018Dv2_2_9160.root

file path found: /hdfs/store/user/varuns/Run2018D_Prompt/MET/crab_job_MET2018Dv2_2/190516_203151/0009/Data_MET2018Dv2_2_9161.root
name: Data_MET2018Dv2_2_9161.root
filenumber: 161
Adding FullPathInputFile to chain:/hdfs/store/user/varuns/Run2018D_Prompt/MET/crab_job_MET2018Dv2_2/190516_203151/0009/Data_MET2018Dv2_2_9161.root

file path found: /hdfs/store/user/varuns/Run2018D_Prompt/MET/crab_job_MET2018Dv2_2/190516_203151/0009/Data_MET2018Dv2_2_9162.root
name: Data_MET2018Dv2_2_9162.root
filenumber: 162
Adding FullPathInputFile to chain:/hdfs/store/user/varuns/Run2018D_Prompt/MET/crab_job_MET2018Dv2_2/190516_203151/0009/Data_MET2018Dv2_2_9162.root

file path found: /hdfs/store/user/varuns/Run2018D_Prompt/MET/crab_job_MET2018Dv2_2/190516_203151/0009/Data_MET2018Dv2_2_9163.root
name: Data_MET2018Dv2_2_9163.root
filenumber: 163
Adding FullPathInputFile to chain:/hdfs/store/user/varuns/Run2018D_Prompt/MET/crab_job_MET2018Dv2_2/190516_203151/0009/Data_MET2018Dv2_2_9163.root

file path found: /hdfs/store/user/varuns/Run2018D_Prompt/MET/crab_job_MET2018Dv2_2/190516_203151/0009/Data_MET2018Dv2_2_9164.root
name: Data_MET2018Dv2_2_9164.root
filenumber: 164
Adding FullPathInputFile to chain:/hdfs/store/user/varuns/Run2018D_Prompt/MET/crab_job_MET2018Dv2_2/190516_203151/0009/Data_MET2018Dv2_2_9164.root

file path found: /hdfs/store/user/varuns/Run2018D_Prompt/MET/crab_job_MET2018Dv2_2/190516_203151/0009/Data_MET2018Dv2_2_9165.root
name: Data_MET2018Dv2_2_9165.root
filenumber: 165
Adding FullPathInputFile to chain:/hdfs/store/user/varuns/Run2018D_Prompt/MET/crab_job_MET2018Dv2_2/190516_203151/0009/Data_MET2018Dv2_2_9165.root

file path found: /hdfs/store/user/varuns/Run2018D_Prompt/MET/crab_job_MET2018Dv2_2/190516_203151/0009/Data_MET2018Dv2_2_9166.root
name: Data_MET2018Dv2_2_9166.root
filenumber: 166
Adding FullPathInputFile to chain:/hdfs/store/user/varuns/Run2018D_Prompt/MET/crab_job_MET2018Dv2_2/190516_203151/0009/Data_MET2018Dv2_2_9166.root

file path found: /hdfs/store/user/varuns/Run2018D_Prompt/MET/crab_job_MET2018Dv2_2/190516_203151/0009/Data_MET2018Dv2_2_9167.root
name: Data_MET2018Dv2_2_9167.root
filenumber: 167
Adding FullPathInputFile to chain:/hdfs/store/user/varuns/Run2018D_Prompt/MET/crab_job_MET2018Dv2_2/190516_203151/0009/Data_MET2018Dv2_2_9167.root

file path found: /hdfs/store/user/varuns/Run2018D_Prompt/MET/crab_job_MET2018Dv2_2/190516_203151/0009/Data_MET2018Dv2_2_9168.root
name: Data_MET2018Dv2_2_9168.root
filenumber: 168
Adding FullPathInputFile to chain:/hdfs/store/user/varuns/Run2018D_Prompt/MET/crab_job_MET2018Dv2_2/190516_203151/0009/Data_MET2018Dv2_2_9168.root

file path found: /hdfs/store/user/varuns/Run2018D_Prompt/MET/crab_job_MET2018Dv2_2/190516_203151/0009/Data_MET2018Dv2_2_9169.root
name: Data_MET2018Dv2_2_9169.root
filenumber: 169
Adding FullPathInputFile to chain:/hdfs/store/user/varuns/Run2018D_Prompt/MET/crab_job_MET2018Dv2_2/190516_203151/0009/Data_MET2018Dv2_2_9169.root

file path found: /hdfs/store/user/varuns/Run2018D_Prompt/MET/crab_job_MET2018Dv2_2/190516_203151/0009/Data_MET2018Dv2_2_9170.root
name: Data_MET2018Dv2_2_9170.root
filenumber: 170
Adding FullPathInputFile to chain:/hdfs/store/user/varuns/Run2018D_Prompt/MET/crab_job_MET2018Dv2_2/190516_203151/0009/Data_MET2018Dv2_2_9170.root

file path found: /hdfs/store/user/varuns/Run2018D_Prompt/MET/crab_job_MET2018Dv2_2/190516_203151/0009/Data_MET2018Dv2_2_9171.root
name: Data_MET2018Dv2_2_9171.root
filenumber: 171
Adding FullPathInputFile to chain:/hdfs/store/user/varuns/Run2018D_Prompt/MET/crab_job_MET2018Dv2_2/190516_203151/0009/Data_MET2018Dv2_2_9171.root

file path found: /hdfs/store/user/varuns/Run2018D_Prompt/MET/crab_job_MET2018Dv2_2/190516_203151/0009/Data_MET2018Dv2_2_9172.root
name: Data_MET2018Dv2_2_9172.root
filenumber: 172
Adding FullPathInputFile to chain:/hdfs/store/user/varuns/Run2018D_Prompt/MET/crab_job_MET2018Dv2_2/190516_203151/0009/Data_MET2018Dv2_2_9172.root

file path found: /hdfs/store/user/varuns/Run2018D_Prompt/MET/crab_job_MET2018Dv2_2/190516_203151/0009/Data_MET2018Dv2_2_9173.root
name: Data_MET2018Dv2_2_9173.root
filenumber: 173
Adding FullPathInputFile to chain:/hdfs/store/user/varuns/Run2018D_Prompt/MET/crab_job_MET2018Dv2_2/190516_203151/0009/Data_MET2018Dv2_2_9173.root

file path found: /hdfs/store/user/varuns/Run2018D_Prompt/MET/crab_job_MET2018Dv2_2/190516_203151/0009/Data_MET2018Dv2_2_9174.root
name: Data_MET2018Dv2_2_9174.root
filenumber: 174
Adding FullPathInputFile to chain:/hdfs/store/user/varuns/Run2018D_Prompt/MET/crab_job_MET2018Dv2_2/190516_203151/0009/Data_MET2018Dv2_2_9174.root

file path found: /hdfs/store/user/varuns/Run2018D_Prompt/MET/crab_job_MET2018Dv2_2/190516_203151/0009/Data_MET2018Dv2_2_9175.root
name: Data_MET2018Dv2_2_9175.root
filenumber: 175
Adding FullPathInputFile to chain:/hdfs/store/user/varuns/Run2018D_Prompt/MET/crab_job_MET2018Dv2_2/190516_203151/0009/Data_MET2018Dv2_2_9175.root

file path found: /hdfs/store/user/varuns/Run2018D_Prompt/MET/crab_job_MET2018Dv2_2/190516_203151/0009/Data_MET2018Dv2_2_9176.root
name: Data_MET2018Dv2_2_9176.root
filenumber: 176
Adding FullPathInputFile to chain:/hdfs/store/user/varuns/Run2018D_Prompt/MET/crab_job_MET2018Dv2_2/190516_203151/0009/Data_MET2018Dv2_2_9176.root

file path found: /hdfs/store/user/varuns/Run2018D_Prompt/MET/crab_job_MET2018Dv2_2/190516_203151/0009/Data_MET2018Dv2_2_9177.root
name: Data_MET2018Dv2_2_9177.root
filenumber: 177
Adding FullPathInputFile to chain:/hdfs/store/user/varuns/Run2018D_Prompt/MET/crab_job_MET2018Dv2_2/190516_203151/0009/Data_MET2018Dv2_2_9177.root

file path found: /hdfs/store/user/varuns/Run2018D_Prompt/MET/crab_job_MET2018Dv2_2/190516_203151/0009/Data_MET2018Dv2_2_9178.root
name: Data_MET2018Dv2_2_9178.root
filenumber: 178
Adding FullPathInputFile to chain:/hdfs/store/user/varuns/Run2018D_Prompt/MET/crab_job_MET2018Dv2_2/190516_203151/0009/Data_MET2018Dv2_2_9178.root

file path found: /hdfs/store/user/varuns/Run2018D_Prompt/MET/crab_job_MET2018Dv2_2/190516_203151/0009/Data_MET2018Dv2_2_9179.root
name: Data_MET2018Dv2_2_9179.root
filenumber: 179
Adding FullPathInputFile to chain:/hdfs/store/user/varuns/Run2018D_Prompt/MET/crab_job_MET2018Dv2_2/190516_203151/0009/Data_MET2018Dv2_2_9179.root

file path found: /hdfs/store/user/varuns/Run2018D_Prompt/MET/crab_job_MET2018Dv2_2/190516_203151/0009/Data_MET2018Dv2_2_9180.root
name: Data_MET2018Dv2_2_9180.root
filenumber: 180
Adding FullPathInputFile to chain:/hdfs/store/user/varuns/Run2018D_Prompt/MET/crab_job_MET2018Dv2_2/190516_203151/0009/Data_MET2018Dv2_2_9180.root

file path found: /hdfs/store/user/varuns/Run2018D_Prompt/MET/crab_job_MET2018Dv2_2/190516_203151/0009/Data_MET2018Dv2_2_9181.root
name: Data_MET2018Dv2_2_9181.root
filenumber: 181
Adding FullPathInputFile to chain:/hdfs/store/user/varuns/Run2018D_Prompt/MET/crab_job_MET2018Dv2_2/190516_203151/0009/Data_MET2018Dv2_2_9181.root

file path found: /hdfs/store/user/varuns/Run2018D_Prompt/MET/crab_job_MET2018Dv2_2/190516_203151/0009/Data_MET2018Dv2_2_9182.root
name: Data_MET2018Dv2_2_9182.root
filenumber: 182
Adding FullPathInputFile to chain:/hdfs/store/user/varuns/Run2018D_Prompt/MET/crab_job_MET2018Dv2_2/190516_203151/0009/Data_MET2018Dv2_2_9182.root

file path found: /hdfs/store/user/varuns/Run2018D_Prompt/MET/crab_job_MET2018Dv2_2/190516_203151/0009/Data_MET2018Dv2_2_9183.root
name: Data_MET2018Dv2_2_9183.root
filenumber: 183
Adding FullPathInputFile to chain:/hdfs/store/user/varuns/Run2018D_Prompt/MET/crab_job_MET2018Dv2_2/190516_203151/0009/Data_MET2018Dv2_2_9183.root

file path found: /hdfs/store/user/varuns/Run2018D_Prompt/MET/crab_job_MET2018Dv2_2/190516_203151/0009/Data_MET2018Dv2_2_9184.root
name: Data_MET2018Dv2_2_9184.root
filenumber: 184
Adding FullPathInputFile to chain:/hdfs/store/user/varuns/Run2018D_Prompt/MET/crab_job_MET2018Dv2_2/190516_203151/0009/Data_MET2018Dv2_2_9184.root

file path found: /hdfs/store/user/varuns/Run2018D_Prompt/MET/crab_job_MET2018Dv2_2/190516_203151/0009/Data_MET2018Dv2_2_9185.root
name: Data_MET2018Dv2_2_9185.root
filenumber: 185
Adding FullPathInputFile to chain:/hdfs/store/user/varuns/Run2018D_Prompt/MET/crab_job_MET2018Dv2_2/190516_203151/0009/Data_MET2018Dv2_2_9185.root

file path found: /hdfs/store/user/varuns/Run2018D_Prompt/MET/crab_job_MET2018Dv2_2/190516_203151/0009/Data_MET2018Dv2_2_9186.root
name: Data_MET2018Dv2_2_9186.root
filenumber: 186
Adding FullPathInputFile to chain:/hdfs/store/user/varuns/Run2018D_Prompt/MET/crab_job_MET2018Dv2_2/190516_203151/0009/Data_MET2018Dv2_2_9186.root

file path found: /hdfs/store/user/varuns/Run2018D_Prompt/MET/crab_job_MET2018Dv2_2/190516_203151/0009/Data_MET2018Dv2_2_9187.root
name: Data_MET2018Dv2_2_9187.root
filenumber: 187
Adding FullPathInputFile to chain:/hdfs/store/user/varuns/Run2018D_Prompt/MET/crab_job_MET2018Dv2_2/190516_203151/0009/Data_MET2018Dv2_2_9187.root

file path found: /hdfs/store/user/varuns/Run2018D_Prompt/MET/crab_job_MET2018Dv2_2/190516_203151/0009/Data_MET2018Dv2_2_9188.root
name: Data_MET2018Dv2_2_9188.root
filenumber: 188
Adding FullPathInputFile to chain:/hdfs/store/user/varuns/Run2018D_Prompt/MET/crab_job_MET2018Dv2_2/190516_203151/0009/Data_MET2018Dv2_2_9188.root

file path found: /hdfs/store/user/varuns/Run2018D_Prompt/MET/crab_job_MET2018Dv2_2/190516_203151/0009/Data_MET2018Dv2_2_9189.root
name: Data_MET2018Dv2_2_9189.root
filenumber: 189
Adding FullPathInputFile to chain:/hdfs/store/user/varuns/Run2018D_Prompt/MET/crab_job_MET2018Dv2_2/190516_203151/0009/Data_MET2018Dv2_2_9189.root

file path found: /hdfs/store/user/varuns/Run2018D_Prompt/MET/crab_job_MET2018Dv2_2/190516_203151/0009/Data_MET2018Dv2_2_9190.root
name: Data_MET2018Dv2_2_9190.root
filenumber: 190
Adding FullPathInputFile to chain:/hdfs/store/user/varuns/Run2018D_Prompt/MET/crab_job_MET2018Dv2_2/190516_203151/0009/Data_MET2018Dv2_2_9190.root

file path found: /hdfs/store/user/varuns/Run2018D_Prompt/MET/crab_job_MET2018Dv2_2/190516_203151/0009/Data_MET2018Dv2_2_9191.root
name: Data_MET2018Dv2_2_9191.root
filenumber: 191
Adding FullPathInputFile to chain:/hdfs/store/user/varuns/Run2018D_Prompt/MET/crab_job_MET2018Dv2_2/190516_203151/0009/Data_MET2018Dv2_2_9191.root

file path found: /hdfs/store/user/varuns/Run2018D_Prompt/MET/crab_job_MET2018Dv2_2/190516_203151/0009/Data_MET2018Dv2_2_9192.root
name: Data_MET2018Dv2_2_9192.root
filenumber: 192
Adding FullPathInputFile to chain:/hdfs/store/user/varuns/Run2018D_Prompt/MET/crab_job_MET2018Dv2_2/190516_203151/0009/Data_MET2018Dv2_2_9192.root

file path found: /hdfs/store/user/varuns/Run2018D_Prompt/MET/crab_job_MET2018Dv2_2/190516_203151/0009/Data_MET2018Dv2_2_9193.root
name: Data_MET2018Dv2_2_9193.root
filenumber: 193
Adding FullPathInputFile to chain:/hdfs/store/user/varuns/Run2018D_Prompt/MET/crab_job_MET2018Dv2_2/190516_203151/0009/Data_MET2018Dv2_2_9193.root

file path found: /hdfs/store/user/varuns/Run2018D_Prompt/MET/crab_job_MET2018Dv2_2/190516_203151/0009/Data_MET2018Dv2_2_9194.root
name: Data_MET2018Dv2_2_9194.root
filenumber: 194
Adding FullPathInputFile to chain:/hdfs/store/user/varuns/Run2018D_Prompt/MET/crab_job_MET2018Dv2_2/190516_203151/0009/Data_MET2018Dv2_2_9194.root

file path found: /hdfs/store/user/varuns/Run2018D_Prompt/MET/crab_job_MET2018Dv2_2/190516_203151/0009/Data_MET2018Dv2_2_9195.root
name: Data_MET2018Dv2_2_9195.root
filenumber: 195
Adding FullPathInputFile to chain:/hdfs/store/user/varuns/Run2018D_Prompt/MET/crab_job_MET2018Dv2_2/190516_203151/0009/Data_MET2018Dv2_2_9195.root

file path found: /hdfs/store/user/varuns/Run2018D_Prompt/MET/crab_job_MET2018Dv2_2/190516_203151/0009/Data_MET2018Dv2_2_9196.root
name: Data_MET2018Dv2_2_9196.root
filenumber: 196
Adding FullPathInputFile to chain:/hdfs/store/user/varuns/Run2018D_Prompt/MET/crab_job_MET2018Dv2_2/190516_203151/0009/Data_MET2018Dv2_2_9196.root

file path found: /hdfs/store/user/varuns/Run2018D_Prompt/MET/crab_job_MET2018Dv2_2/190516_203151/0009/Data_MET2018Dv2_2_9197.root
name: Data_MET2018Dv2_2_9197.root
filenumber: 197
Adding FullPathInputFile to chain:/hdfs/store/user/varuns/Run2018D_Prompt/MET/crab_job_MET2018Dv2_2/190516_203151/0009/Data_MET2018Dv2_2_9197.root

file path found: /hdfs/store/user/varuns/Run2018D_Prompt/MET/crab_job_MET2018Dv2_2/190516_203151/0009/Data_MET2018Dv2_2_9198.root
name: Data_MET2018Dv2_2_9198.root
filenumber: 198
Adding FullPathInputFile to chain:/hdfs/store/user/varuns/Run2018D_Prompt/MET/crab_job_MET2018Dv2_2/190516_203151/0009/Data_MET2018Dv2_2_9198.root

file path found: /hdfs/store/user/varuns/Run2018D_Prompt/MET/crab_job_MET2018Dv2_2/190516_203151/0009/Data_MET2018Dv2_2_9199.root
name: Data_MET2018Dv2_2_9199.root
filenumber: 199
Adding FullPathInputFile to chain:/hdfs/store/user/varuns/Run2018D_Prompt/MET/crab_job_MET2018Dv2_2/190516_203151/0009/Data_MET2018Dv2_2_9199.root

file path found: /hdfs/store/user/varuns/Run2018D_Prompt/MET/crab_job_MET2018Dv2_2/190516_203151/0009/Data_MET2018Dv2_2_9200.root
name: Data_MET2018Dv2_2_9200.root
filenumber: 200
Adding FullPathInputFile to chain:/hdfs/store/user/varuns/Run2018D_Prompt/MET/crab_job_MET2018Dv2_2/190516_203151/0009/Data_MET2018Dv2_2_9200.root

file path found: /hdfs/store/user/varuns/Run2018D_Prompt/MET/crab_job_MET2018Dv2_2/190516_203151/0009/Data_MET2018Dv2_2_9201.root
name: Data_MET2018Dv2_2_9201.root
filenumber: 201
Adding FullPathInputFile to chain:/hdfs/store/user/varuns/Run2018D_Prompt/MET/crab_job_MET2018Dv2_2/190516_203151/0009/Data_MET2018Dv2_2_9201.root

file path found: /hdfs/store/user/varuns/Run2018D_Prompt/MET/crab_job_MET2018Dv2_2/190516_203151/0009/Data_MET2018Dv2_2_9202.root
name: Data_MET2018Dv2_2_9202.root
filenumber: 202
Adding FullPathInputFile to chain:/hdfs/store/user/varuns/Run2018D_Prompt/MET/crab_job_MET2018Dv2_2/190516_203151/0009/Data_MET2018Dv2_2_9202.root

file path found: /hdfs/store/user/varuns/Run2018D_Prompt/MET/crab_job_MET2018Dv2_2/190516_203151/0009/Data_MET2018Dv2_2_9203.root
name: Data_MET2018Dv2_2_9203.root
filenumber: 203
Adding FullPathInputFile to chain:/hdfs/store/user/varuns/Run2018D_Prompt/MET/crab_job_MET2018Dv2_2/190516_203151/0009/Data_MET2018Dv2_2_9203.root

file path found: /hdfs/store/user/varuns/Run2018D_Prompt/MET/crab_job_MET2018Dv2_2/190516_203151/0009/Data_MET2018Dv2_2_9204.root
name: Data_MET2018Dv2_2_9204.root
filenumber: 204
Adding FullPathInputFile to chain:/hdfs/store/user/varuns/Run2018D_Prompt/MET/crab_job_MET2018Dv2_2/190516_203151/0009/Data_MET2018Dv2_2_9204.root

file path found: /hdfs/store/user/varuns/Run2018D_Prompt/MET/crab_job_MET2018Dv2_2/190516_203151/0009/Data_MET2018Dv2_2_9205.root
name: Data_MET2018Dv2_2_9205.root
filenumber: 205
Adding FullPathInputFile to chain:/hdfs/store/user/varuns/Run2018D_Prompt/MET/crab_job_MET2018Dv2_2/190516_203151/0009/Data_MET2018Dv2_2_9205.root

file path found: /hdfs/store/user/varuns/Run2018D_Prompt/MET/crab_job_MET2018Dv2_2/190516_203151/0009/Data_MET2018Dv2_2_9206.root
name: Data_MET2018Dv2_2_9206.root
filenumber: 206
Adding FullPathInputFile to chain:/hdfs/store/user/varuns/Run2018D_Prompt/MET/crab_job_MET2018Dv2_2/190516_203151/0009/Data_MET2018Dv2_2_9206.root

file path found: /hdfs/store/user/varuns/Run2018D_Prompt/MET/crab_job_MET2018Dv2_2/190516_203151/0009/Data_MET2018Dv2_2_9207.root
name: Data_MET2018Dv2_2_9207.root
filenumber: 207
Adding FullPathInputFile to chain:/hdfs/store/user/varuns/Run2018D_Prompt/MET/crab_job_MET2018Dv2_2/190516_203151/0009/Data_MET2018Dv2_2_9207.root

file path found: /hdfs/store/user/varuns/Run2018D_Prompt/MET/crab_job_MET2018Dv2_2/190516_203151/0009/Data_MET2018Dv2_2_9208.root
name: Data_MET2018Dv2_2_9208.root
filenumber: 208
Adding FullPathInputFile to chain:/hdfs/store/user/varuns/Run2018D_Prompt/MET/crab_job_MET2018Dv2_2/190516_203151/0009/Data_MET2018Dv2_2_9208.root

file path found: /hdfs/store/user/varuns/Run2018D_Prompt/MET/crab_job_MET2018Dv2_2/190516_203151/0009/Data_MET2018Dv2_2_9209.root
name: Data_MET2018Dv2_2_9209.root
filenumber: 209
Adding FullPathInputFile to chain:/hdfs/store/user/varuns/Run2018D_Prompt/MET/crab_job_MET2018Dv2_2/190516_203151/0009/Data_MET2018Dv2_2_9209.root

file path found: /hdfs/store/user/varuns/Run2018D_Prompt/MET/crab_job_MET2018Dv2_2/190516_203151/0009/Data_MET2018Dv2_2_9210.root
name: Data_MET2018Dv2_2_9210.root
filenumber: 210
Adding FullPathInputFile to chain:/hdfs/store/user/varuns/Run2018D_Prompt/MET/crab_job_MET2018Dv2_2/190516_203151/0009/Data_MET2018Dv2_2_9210.root

file path found: /hdfs/store/user/varuns/Run2018D_Prompt/MET/crab_job_MET2018Dv2_2/190516_203151/0009/Data_MET2018Dv2_2_9211.root
name: Data_MET2018Dv2_2_9211.root
filenumber: 211
Adding FullPathInputFile to chain:/hdfs/store/user/varuns/Run2018D_Prompt/MET/crab_job_MET2018Dv2_2/190516_203151/0009/Data_MET2018Dv2_2_9211.root

file path found: /hdfs/store/user/varuns/Run2018D_Prompt/MET/crab_job_MET2018Dv2_2/190516_203151/0009/Data_MET2018Dv2_2_9212.root
name: Data_MET2018Dv2_2_9212.root
filenumber: 212
Adding FullPathInputFile to chain:/hdfs/store/user/varuns/Run2018D_Prompt/MET/crab_job_MET2018Dv2_2/190516_203151/0009/Data_MET2018Dv2_2_9212.root

file path found: /hdfs/store/user/varuns/Run2018D_Prompt/MET/crab_job_MET2018Dv2_2/190516_203151/0009/Data_MET2018Dv2_2_9213.root
name: Data_MET2018Dv2_2_9213.root
filenumber: 213
Adding FullPathInputFile to chain:/hdfs/store/user/varuns/Run2018D_Prompt/MET/crab_job_MET2018Dv2_2/190516_203151/0009/Data_MET2018Dv2_2_9213.root

file path found: /hdfs/store/user/varuns/Run2018D_Prompt/MET/crab_job_MET2018Dv2_2/190516_203151/0009/Data_MET2018Dv2_2_9214.root
name: Data_MET2018Dv2_2_9214.root
filenumber: 214
Adding FullPathInputFile to chain:/hdfs/store/user/varuns/Run2018D_Prompt/MET/crab_job_MET2018Dv2_2/190516_203151/0009/Data_MET2018Dv2_2_9214.root

file path found: /hdfs/store/user/varuns/Run2018D_Prompt/MET/crab_job_MET2018Dv2_2/190516_203151/0009/Data_MET2018Dv2_2_9215.root
name: Data_MET2018Dv2_2_9215.root
filenumber: 215
Adding FullPathInputFile to chain:/hdfs/store/user/varuns/Run2018D_Prompt/MET/crab_job_MET2018Dv2_2/190516_203151/0009/Data_MET2018Dv2_2_9215.root

file path found: /hdfs/store/user/varuns/Run2018D_Prompt/MET/crab_job_MET2018Dv2_2/190516_203151/0009/Data_MET2018Dv2_2_9216.root
name: Data_MET2018Dv2_2_9216.root
filenumber: 216
Adding FullPathInputFile to chain:/hdfs/store/user/varuns/Run2018D_Prompt/MET/crab_job_MET2018Dv2_2/190516_203151/0009/Data_MET2018Dv2_2_9216.root

file path found: /hdfs/store/user/varuns/Run2018D_Prompt/MET/crab_job_MET2018Dv2_2/190516_203151/0009/Data_MET2018Dv2_2_9217.root
name: Data_MET2018Dv2_2_9217.root
filenumber: 217
Adding FullPathInputFile to chain:/hdfs/store/user/varuns/Run2018D_Prompt/MET/crab_job_MET2018Dv2_2/190516_203151/0009/Data_MET2018Dv2_2_9217.root

file path found: /hdfs/store/user/varuns/Run2018D_Prompt/MET/crab_job_MET2018Dv2_2/190516_203151/0009/Data_MET2018Dv2_2_9218.root
name: Data_MET2018Dv2_2_9218.root
filenumber: 218
Adding FullPathInputFile to chain:/hdfs/store/user/varuns/Run2018D_Prompt/MET/crab_job_MET2018Dv2_2/190516_203151/0009/Data_MET2018Dv2_2_9218.root

file path found: /hdfs/store/user/varuns/Run2018D_Prompt/MET/crab_job_MET2018Dv2_2/190516_203151/0009/Data_MET2018Dv2_2_9219.root
name: Data_MET2018Dv2_2_9219.root
filenumber: 219
Adding FullPathInputFile to chain:/hdfs/store/user/varuns/Run2018D_Prompt/MET/crab_job_MET2018Dv2_2/190516_203151/0009/Data_MET2018Dv2_2_9219.root

file path found: /hdfs/store/user/varuns/Run2018D_Prompt/MET/crab_job_MET2018Dv2_2/190516_203151/0009/Data_MET2018Dv2_2_9220.root
name: Data_MET2018Dv2_2_9220.root
filenumber: 220
Adding FullPathInputFile to chain:/hdfs/store/user/varuns/Run2018D_Prompt/MET/crab_job_MET2018Dv2_2/190516_203151/0009/Data_MET2018Dv2_2_9220.root

file path found: /hdfs/store/user/varuns/Run2018D_Prompt/MET/crab_job_MET2018Dv2_2/190516_203151/0009/Data_MET2018Dv2_2_9221.root
name: Data_MET2018Dv2_2_9221.root
filenumber: 221
Adding FullPathInputFile to chain:/hdfs/store/user/varuns/Run2018D_Prompt/MET/crab_job_MET2018Dv2_2/190516_203151/0009/Data_MET2018Dv2_2_9221.root

file path found: /hdfs/store/user/varuns/Run2018D_Prompt/MET/crab_job_MET2018Dv2_2/190516_203151/0009/Data_MET2018Dv2_2_9222.root
name: Data_MET2018Dv2_2_9222.root
filenumber: 222
Adding FullPathInputFile to chain:/hdfs/store/user/varuns/Run2018D_Prompt/MET/crab_job_MET2018Dv2_2/190516_203151/0009/Data_MET2018Dv2_2_9222.root

file path found: /hdfs/store/user/varuns/Run2018D_Prompt/MET/crab_job_MET2018Dv2_2/190516_203151/0009/Data_MET2018Dv2_2_9223.root
name: Data_MET2018Dv2_2_9223.root
filenumber: 223
Adding FullPathInputFile to chain:/hdfs/store/user/varuns/Run2018D_Prompt/MET/crab_job_MET2018Dv2_2/190516_203151/0009/Data_MET2018Dv2_2_9223.root

file path found: /hdfs/store/user/varuns/Run2018D_Prompt/MET/crab_job_MET2018Dv2_2/190516_203151/0009/Data_MET2018Dv2_2_9224.root
name: Data_MET2018Dv2_2_9224.root
filenumber: 224
Adding FullPathInputFile to chain:/hdfs/store/user/varuns/Run2018D_Prompt/MET/crab_job_MET2018Dv2_2/190516_203151/0009/Data_MET2018Dv2_2_9224.root

file path found: /hdfs/store/user/varuns/Run2018D_Prompt/MET/crab_job_MET2018Dv2_2/190516_203151/0009/Data_MET2018Dv2_2_9225.root
name: Data_MET2018Dv2_2_9225.root
filenumber: 225
Adding FullPathInputFile to chain:/hdfs/store/user/varuns/Run2018D_Prompt/MET/crab_job_MET2018Dv2_2/190516_203151/0009/Data_MET2018Dv2_2_9225.root

file path found: /hdfs/store/user/varuns/Run2018D_Prompt/MET/crab_job_MET2018Dv2_2/190516_203151/0009/Data_MET2018Dv2_2_9226.root
name: Data_MET2018Dv2_2_9226.root
filenumber: 226
Adding FullPathInputFile to chain:/hdfs/store/user/varuns/Run2018D_Prompt/MET/crab_job_MET2018Dv2_2/190516_203151/0009/Data_MET2018Dv2_2_9226.root

file path found: /hdfs/store/user/varuns/Run2018D_Prompt/MET/crab_job_MET2018Dv2_2/190516_203151/0009/.
name: .
filenumber: 227
file path found: /hdfs/store/user/varuns/Run2018D_Prompt/MET/crab_job_MET2018Dv2_2/190516_203151/0009/..
name: ..
filenumber: 228
77 files added.
Initializing chain.
Coming in: 
nentries:622664
Running over 622664 events.
Finished entry 0/622663
Finished entry 10000/622663
Finished entry 20000/622663
Finished entry 30000/622663
Finished entry 40000/622663
Finished entry 50000/622663
Finished entry 60000/622663
Finished entry 70000/622663
Finished entry 80000/622663
Finished entry 90000/622663
Finished entry 100000/622663
Finished entry 110000/622663
Finished entry 120000/622663
Finished entry 130000/622663
Finished entry 140000/622663
Finished entry 150000/622663
Finished entry 160000/622663
Finished entry 170000/622663
Finished entry 180000/622663
Finished entry 190000/622663
Finished entry 200000/622663
Finished entry 210000/622663
Finished entry 220000/622663
Finished entry 230000/622663
Finished entry 240000/622663
Finished entry 250000/622663
Finished entry 260000/622663
Finished entry 270000/622663
Finished entry 280000/622663
Finished entry 290000/622663
Finished entry 300000/622663
Finished entry 310000/622663
Finished entry 320000/622663
Finished entry 330000/622663
Finished entry 340000/622663
Finished entry 350000/622663
Finished entry 360000/622663
Finished entry 370000/622663
Finished entry 380000/622663
Finished entry 390000/622663
Finished entry 400000/622663
Finished entry 410000/622663
Finished entry 420000/622663
Finished entry 430000/622663
Finished entry 440000/622663
Finished entry 450000/622663
Finished entry 460000/622663
Finished entry 470000/622663
Finished entry 480000/622663
Finished entry 490000/622663
Finished entry 500000/622663
Finished entry 510000/622663
Finished entry 520000/622663
Finished entry 530000/622663
Finished entry 540000/622663
Finished entry 550000/622663
Finished entry 560000/622663
Finished entry 570000/622663
Finished entry 580000/622663
Finished entry 590000/622663
Finished entry 600000/622663
Finished entry 610000/622663
Finished entry 620000/622663
