000 (696029.010.000) 07/12 06:43:32 Job submitted from host: <144.92.181.245:9618?addrs=144.92.181.245-9618+[2607-f388-101c-1000--372]-9618&noUDP&sock=6179_dbc8_3>
...
001 (695032.010.000) 07/12 07:16:20 Job executing on host: <128.104.227.24:9618?addrs=128.104.227.24-9618+[2607-f388-101c-1000--629]-9618&noUDP&sock=10309_b1ec_3>
...
006 (695032.010.000) 07/12 07:16:29 Image size of job updated: 216892
	107  -  MemoryUsage of job (MB)
	108552  -  ResidentSetSize of job (KB)
...
006 (695032.010.000) 07/12 07:36:30 Image size of job updated: 235568
	231  -  MemoryUsage of job (MB)
	235568  -  ResidentSetSize of job (KB)
...
005 (695032.010.000) 07/12 07:52:33 Job terminated.
	(1) Normal termination (return value 0)
		Usr 0 00:02:36, Sys 0 00:00:09  -  Run Remote Usage
		Usr 0 00:00:00, Sys 0 00:00:00  -  Run Local Usage
		Usr 0 00:02:36, Sys 0 00:00:09  -  Total Remote Usage
		Usr 0 00:00:00, Sys 0 00:00:00  -  Total Local Usage
	654014  -  Run Bytes Sent By Job
	281287  -  Run Bytes Received By Job
	654014  -  Total Bytes Sent By Job
	281287  -  Total Bytes Received By Job
	Partitionable Resources :    Usage  Request Allocated
	   Cpus                 :                 1         1
	   Disk (KB)            :  1000000  2048000   9499870
	   Memory (MB)          :      231     1992      1992
...
001 (696029.010.000) 07/12 08:34:19 Job executing on host: <144.92.181.183:9618?addrs=144.92.181.183-9618+[2607-f388-101c-1000--629]-9618&noUDP&sock=9847_cd2b_3>
...
006 (696029.010.000) 07/12 08:34:28 Image size of job updated: 216488
	107  -  MemoryUsage of job (MB)
	108548  -  ResidentSetSize of job (KB)
...
006 (696029.010.000) 07/12 08:54:28 Image size of job updated: 234808
	229  -  MemoryUsage of job (MB)
	233508  -  ResidentSetSize of job (KB)
...
005 (696029.010.000) 07/12 09:02:07 Job terminated.
	(1) Normal termination (return value 0)
		Usr 0 00:02:34, Sys 0 00:00:07  -  Run Remote Usage
		Usr 0 00:00:00, Sys 0 00:00:00  -  Run Local Usage
		Usr 0 00:02:34, Sys 0 00:00:07  -  Total Remote Usage
		Usr 0 00:00:00, Sys 0 00:00:00  -  Total Local Usage
	654014  -  Run Bytes Sent By Job
	281287  -  Run Bytes Received By Job
	654014  -  Total Bytes Sent By Job
	281287  -  Total Bytes Received By Job
	Partitionable Resources :    Usage  Request Allocated
	   Cpus                 :                 1         1
	   Disk (KB)            :  1000000  2048000   7917397
	   Memory (MB)          :      229     1992      1992
...
