000 (696029.014.000) 07/12 06:43:32 Job submitted from host: <144.92.181.245:9618?addrs=144.92.181.245-9618+[2607-f388-101c-1000--372]-9618&noUDP&sock=6179_dbc8_3>
...
001 (695032.014.000) 07/12 07:17:07 Job executing on host: <144.92.181.207:9618?addrs=144.92.181.207-9618+[2607-f388-101c-1000--629]-9618&noUDP&sock=6762_bf7f_3>
...
006 (695032.014.000) 07/12 07:17:15 Image size of job updated: 155560
	43  -  MemoryUsage of job (MB)
	43956  -  ResidentSetSize of job (KB)
...
006 (695032.014.000) 07/12 07:37:15 Image size of job updated: 239996
	232  -  MemoryUsage of job (MB)
	236692  -  ResidentSetSize of job (KB)
...
005 (695032.014.000) 07/12 07:54:39 Job terminated.
	(1) Normal termination (return value 0)
		Usr 0 00:02:26, Sys 0 00:00:05  -  Run Remote Usage
		Usr 0 00:00:00, Sys 0 00:00:00  -  Run Local Usage
		Usr 0 00:02:26, Sys 0 00:00:05  -  Total Remote Usage
		Usr 0 00:00:00, Sys 0 00:00:00  -  Total Local Usage
	656683  -  Run Bytes Sent By Job
	281287  -  Run Bytes Received By Job
	656683  -  Total Bytes Sent By Job
	281287  -  Total Bytes Received By Job
	Partitionable Resources :    Usage  Request Allocated
	   Cpus                 :                 1         1
	   Disk (KB)            :  1000000  2048000   3166564
	   Memory (MB)          :      232     1992      1992
...
001 (696029.014.000) 07/12 08:34:34 Job executing on host: <128.104.227.66:9618?addrs=128.104.227.66-9618+[2607-f388-101c-1000--629]-9618&noUDP&sock=10328_ba38_3>
...
006 (696029.014.000) 07/12 08:34:43 Image size of job updated: 170128
	53  -  MemoryUsage of job (MB)
	53440  -  ResidentSetSize of job (KB)
...
006 (696029.014.000) 07/12 08:54:44 Image size of job updated: 237340
	232  -  MemoryUsage of job (MB)
	237264  -  ResidentSetSize of job (KB)
...
006 (696029.014.000) 07/12 09:08:22 Image size of job updated: 237692
	232  -  MemoryUsage of job (MB)
	237264  -  ResidentSetSize of job (KB)
...
005 (696029.014.000) 07/12 09:08:22 Job terminated.
	(1) Normal termination (return value 0)
		Usr 0 00:02:32, Sys 0 00:00:07  -  Run Remote Usage
		Usr 0 00:00:00, Sys 0 00:00:00  -  Run Local Usage
		Usr 0 00:02:32, Sys 0 00:00:07  -  Total Remote Usage
		Usr 0 00:00:00, Sys 0 00:00:00  -  Total Local Usage
	652137  -  Run Bytes Sent By Job
	281287  -  Run Bytes Received By Job
	652137  -  Total Bytes Sent By Job
	281287  -  Total Bytes Received By Job
	Partitionable Resources :    Usage  Request Allocated
	   Cpus                 :                 1         1
	   Disk (KB)            :  1000000  2048000   9502139
	   Memory (MB)          :      232     1992      1992
...
