000 (696029.001.000) 07/12 06:43:32 Job submitted from host: <144.92.181.245:9618?addrs=144.92.181.245-9618+[2607-f388-101c-1000--372]-9618&noUDP&sock=6179_dbc8_3>
...
001 (695032.001.000) 07/12 07:13:43 Job executing on host: <144.92.181.231:9618?addrs=144.92.181.231-9618+[2607-f388-101c-1000--629]-9618&noUDP&sock=6884_6e0d_3>
...
006 (695032.001.000) 07/12 07:13:52 Image size of job updated: 53824
	53  -  MemoryUsage of job (MB)
	53456  -  ResidentSetSize of job (KB)
...
006 (695032.001.000) 07/12 07:33:53 Image size of job updated: 238044
	232  -  MemoryUsage of job (MB)
	236868  -  ResidentSetSize of job (KB)
...
005 (695032.001.000) 07/12 07:43:53 Job terminated.
	(1) Normal termination (return value 0)
		Usr 0 00:08:20, Sys 0 00:00:28  -  Run Remote Usage
		Usr 0 00:00:00, Sys 0 00:00:00  -  Run Local Usage
		Usr 0 00:08:20, Sys 0 00:00:28  -  Total Remote Usage
		Usr 0 00:00:00, Sys 0 00:00:00  -  Total Local Usage
	659374  -  Run Bytes Sent By Job
	281287  -  Run Bytes Received By Job
	659374  -  Total Bytes Sent By Job
	281287  -  Total Bytes Received By Job
	Partitionable Resources :    Usage  Request Allocated
	   Cpus                 :                 1         1
	   Disk (KB)            :  1000000  2048000   3167438
	   Memory (MB)          :      232     1992      1992
...
001 (696029.001.000) 07/12 08:33:35 Job executing on host: <128.104.227.90:9618?addrs=128.104.227.90-9618+[2607-f388-101c-1000--629]-9618&noUDP&sock=11962_83f9_3>
...
006 (696029.001.000) 07/12 08:33:44 Image size of job updated: 217060
	107  -  MemoryUsage of job (MB)
	108564  -  ResidentSetSize of job (KB)
...
006 (696029.001.000) 07/12 08:53:45 Image size of job updated: 238888
	233  -  MemoryUsage of job (MB)
	237836  -  ResidentSetSize of job (KB)
...
005 (696029.001.000) 07/12 09:05:39 Job terminated.
	(1) Normal termination (return value 0)
		Usr 0 00:02:07, Sys 0 00:00:07  -  Run Remote Usage
		Usr 0 00:00:00, Sys 0 00:00:00  -  Run Local Usage
		Usr 0 00:02:07, Sys 0 00:00:07  -  Total Remote Usage
		Usr 0 00:00:00, Sys 0 00:00:00  -  Total Local Usage
	654667  -  Run Bytes Sent By Job
	281287  -  Run Bytes Received By Job
	654667  -  Total Bytes Sent By Job
	281287  -  Total Bytes Received By Job
	Partitionable Resources :    Usage  Request Allocated
	   Cpus                 :                 1         1
	   Disk (KB)            :  1000000  2048000   9502812
	   Memory (MB)          :      233     1992      1992
...
