000 (696029.003.000) 07/12 06:43:32 Job submitted from host: <144.92.181.245:9618?addrs=144.92.181.245-9618+[2607-f388-101c-1000--372]-9618&noUDP&sock=6179_dbc8_3>
...
001 (695032.003.000) 07/12 07:13:55 Job executing on host: <128.104.227.15:9618?addrs=128.104.227.15-9618+[2607-f388-101c-1000--629]-9618&noUDP&sock=10589_c070_3>
...
006 (695032.003.000) 07/12 07:14:04 Image size of job updated: 217380
	107  -  MemoryUsage of job (MB)
	108548  -  ResidentSetSize of job (KB)
...
006 (695032.003.000) 07/12 07:34:05 Image size of job updated: 238068
	232  -  MemoryUsage of job (MB)
	237152  -  ResidentSetSize of job (KB)
...
006 (695032.003.000) 07/12 07:39:52 Image size of job updated: 480700
	232  -  MemoryUsage of job (MB)
	237152  -  ResidentSetSize of job (KB)
...
005 (695032.003.000) 07/12 07:39:53 Job terminated.
	(1) Normal termination (return value 0)
		Usr 0 00:02:17, Sys 0 00:00:07  -  Run Remote Usage
		Usr 0 00:00:00, Sys 0 00:00:00  -  Run Local Usage
		Usr 0 00:02:17, Sys 0 00:00:07  -  Total Remote Usage
		Usr 0 00:00:00, Sys 0 00:00:00  -  Total Local Usage
	653711  -  Run Bytes Sent By Job
	281287  -  Run Bytes Received By Job
	653711  -  Total Bytes Sent By Job
	281287  -  Total Bytes Received By Job
	Partitionable Resources :    Usage  Request Allocated
	   Cpus                 :                 1         1
	   Disk (KB)            :  1000000  2048000   9500643
	   Memory (MB)          :      232     1992      1992
...
001 (696029.003.000) 07/12 08:33:48 Job executing on host: <144.92.181.140:9618?addrs=144.92.181.140-9618+[2607-f388-101c-1000--629]-9618&noUDP&sock=10043_3dbb_3>
...
006 (696029.003.000) 07/12 08:33:57 Image size of job updated: 216024
	107  -  MemoryUsage of job (MB)
	108552  -  ResidentSetSize of job (KB)
...
006 (696029.003.000) 07/12 08:53:57 Image size of job updated: 238076
	233  -  MemoryUsage of job (MB)
	237788  -  ResidentSetSize of job (KB)
...
005 (696029.003.000) 07/12 09:00:33 Job terminated.
	(1) Normal termination (return value 0)
		Usr 0 00:02:36, Sys 0 00:00:08  -  Run Remote Usage
		Usr 0 00:00:00, Sys 0 00:00:00  -  Run Local Usage
		Usr 0 00:02:36, Sys 0 00:00:08  -  Total Remote Usage
		Usr 0 00:00:00, Sys 0 00:00:00  -  Total Local Usage
	653711  -  Run Bytes Sent By Job
	281287  -  Run Bytes Received By Job
	653711  -  Total Bytes Sent By Job
	281287  -  Total Bytes Received By Job
	Partitionable Resources :    Usage  Request Allocated
	   Cpus                 :                 1         1
	   Disk (KB)            :  1000000  2048000   7918565
	   Memory (MB)          :      233     1992      1992
...
