000 (696029.004.000) 07/12 06:43:32 Job submitted from host: <144.92.181.245:9618?addrs=144.92.181.245-9618+[2607-f388-101c-1000--372]-9618&noUDP&sock=6179_dbc8_3>
...
001 (695032.004.000) 07/12 07:14:00 Job executing on host: <144.92.181.94:9618?addrs=144.92.181.94-9618+[2607-f388-101c-1000--629]-9618&noUDP&sock=10017_6844_3>
...
006 (695032.004.000) 07/12 07:14:09 Image size of job updated: 219364
	107  -  MemoryUsage of job (MB)
	108552  -  ResidentSetSize of job (KB)
...
006 (695032.004.000) 07/12 07:34:10 Image size of job updated: 243288
	233  -  MemoryUsage of job (MB)
	238128  -  ResidentSetSize of job (KB)
...
005 (695032.004.000) 07/12 07:41:05 Job terminated.
	(1) Normal termination (return value 0)
		Usr 0 00:02:17, Sys 0 00:00:07  -  Run Remote Usage
		Usr 0 00:00:00, Sys 0 00:00:00  -  Run Local Usage
		Usr 0 00:02:17, Sys 0 00:00:07  -  Total Remote Usage
		Usr 0 00:00:00, Sys 0 00:00:00  -  Total Local Usage
	653765  -  Run Bytes Sent By Job
	281287  -  Run Bytes Received By Job
	653765  -  Total Bytes Sent By Job
	281287  -  Total Bytes Received By Job
	Partitionable Resources :    Usage  Request Allocated
	   Cpus                 :                 1         1
	   Disk (KB)            :  1000000  2048000   7916103
	   Memory (MB)          :      233     1992      1992
...
001 (696029.004.000) 07/12 08:33:53 Job executing on host: <128.104.227.104:9618?addrs=128.104.227.104-9618+[2607-f388-101c-1000--53]-9618&noUDP&sock=11764_b438_10>
...
006 (696029.004.000) 07/12 08:34:02 Image size of job updated: 32244
	7  -  MemoryUsage of job (MB)
	6188  -  ResidentSetSize of job (KB)
...
006 (696029.004.000) 07/12 08:54:03 Image size of job updated: 238248
	233  -  MemoryUsage of job (MB)
	238200  -  ResidentSetSize of job (KB)
...
005 (696029.004.000) 07/12 09:11:40 Job terminated.
	(1) Normal termination (return value 0)
		Usr 0 00:01:37, Sys 0 00:00:03  -  Run Remote Usage
		Usr 0 00:00:00, Sys 0 00:00:00  -  Run Local Usage
		Usr 0 00:01:37, Sys 0 00:00:03  -  Total Remote Usage
		Usr 0 00:00:00, Sys 0 00:00:00  -  Total Local Usage
	653765  -  Run Bytes Sent By Job
	281287  -  Run Bytes Received By Job
	653765  -  Total Bytes Sent By Job
	281287  -  Total Bytes Received By Job
	Partitionable Resources :    Usage  Request Allocated
	   Cpus                 :                 1         1
	   Disk (KB)            :  1000000  2048000   9503354
	   Memory (MB)          :      233     1992      1992
...
