000 (1262507.003.000) 07/25 12:33:10 Job submitted from host: <144.92.180.28:9618?addrs=144.92.180.28-9618+[2607-f388-101c-1000--370]-9618&noUDP&sock=5187_6dd5_82>
...
001 (1262507.003.000) 07/25 12:41:18 Job executing on host: <128.104.227.13:9618?addrs=128.104.227.13-9618+[2607-f388-101c-1000--629]-9618&noUDP&sock=10402_7c3a_3>
...
006 (1262507.003.000) 07/25 12:41:26 Image size of job updated: 224700
	106  -  MemoryUsage of job (MB)
	108300  -  ResidentSetSize of job (KB)
...
005 (1262507.003.000) 07/25 12:49:13 Job terminated.
	(1) Normal termination (return value 0)
		Usr 0 00:02:10, Sys 0 00:00:07  -  Run Remote Usage
		Usr 0 00:00:00, Sys 0 00:00:00  -  Run Local Usage
		Usr 0 00:02:10, Sys 0 00:00:07  -  Total Remote Usage
		Usr 0 00:00:00, Sys 0 00:00:00  -  Total Local Usage
	306420  -  Run Bytes Sent By Job
	283691  -  Run Bytes Received By Job
	306420  -  Total Bytes Sent By Job
	283691  -  Total Bytes Received By Job
	Partitionable Resources :    Usage  Request Allocated
	   Cpus                 :                 1         1
	   Disk (KB)            :  1000000  2048000   9501243
	   Memory (MB)          :      106     1992      1992
...
