000 (691459.004.000) 07/11 11:27:11 Job submitted from host: <144.92.181.245:9618?addrs=144.92.181.245-9618+[2607-f388-101c-1000--372]-9618&noUDP&sock=6179_dbc8_3>
...
001 (691459.004.000) 07/11 11:56:35 Job executing on host: <128.104.227.73:9618?addrs=128.104.227.73-9618+[2607-f388-101c-1000--629]-9618&noUDP&sock=10275_5fb3_3>
...
006 (691459.004.000) 07/11 11:56:45 Image size of job updated: 216320
	106  -  MemoryUsage of job (MB)
	108212  -  ResidentSetSize of job (KB)
...
006 (691459.004.000) 07/11 12:16:46 Image size of job updated: 230096
	225  -  MemoryUsage of job (MB)
	230096  -  ResidentSetSize of job (KB)
...
005 (691459.004.000) 07/11 12:22:41 Job terminated.
	(1) Normal termination (return value 0)
		Usr 0 00:02:09, Sys 0 00:00:06  -  Run Remote Usage
		Usr 0 00:00:00, Sys 0 00:00:00  -  Run Local Usage
		Usr 0 00:02:09, Sys 0 00:00:06  -  Total Remote Usage
		Usr 0 00:00:00, Sys 0 00:00:00  -  Total Local Usage
	258966  -  Run Bytes Sent By Job
	306644  -  Run Bytes Received By Job
	258966  -  Total Bytes Sent By Job
	306644  -  Total Bytes Received By Job
	Partitionable Resources :    Usage  Request Allocated
	   Cpus                 :                 1         1
	   Disk (KB)            :  1000000  2048000   9501161
	   Memory (MB)          :      225     1992      1992
...
