000 (691459.007.000) 07/11 11:27:11 Job submitted from host: <144.92.181.245:9618?addrs=144.92.181.245-9618+[2607-f388-101c-1000--372]-9618&noUDP&sock=6179_dbc8_3>
...
001 (691459.007.000) 07/11 11:56:35 Job executing on host: <144.92.180.252:9618?addrs=144.92.180.252-9618+[2607-f388-101c-1000--629]-9618&noUDP&sock=7631_cf4c_3>
...
006 (691459.007.000) 07/11 11:56:44 Image size of job updated: 217104
	106  -  MemoryUsage of job (MB)
	108228  -  ResidentSetSize of job (KB)
...
006 (691459.007.000) 07/11 12:16:45 Image size of job updated: 231780
	226  -  MemoryUsage of job (MB)
	230700  -  ResidentSetSize of job (KB)
...
005 (691459.007.000) 07/11 12:22:49 Job terminated.
	(1) Normal termination (return value 0)
		Usr 0 00:02:49, Sys 0 00:00:08  -  Run Remote Usage
		Usr 0 00:00:00, Sys 0 00:00:00  -  Run Local Usage
		Usr 0 00:02:49, Sys 0 00:00:08  -  Total Remote Usage
		Usr 0 00:00:00, Sys 0 00:00:00  -  Total Local Usage
	261015  -  Run Bytes Sent By Job
	306644  -  Run Bytes Received By Job
	261015  -  Total Bytes Sent By Job
	306644  -  Total Bytes Received By Job
	Partitionable Resources :    Usage  Request Allocated
	   Cpus                 :                 1         1
	   Disk (KB)            :  1000000  2048000   7918360
	   Memory (MB)          :      226     1992      1992
...
