000 (691498.011.000) 07/11 11:28:05 Job submitted from host: <144.92.181.245:9618?addrs=144.92.181.245-9618+[2607-f388-101c-1000--372]-9618&noUDP&sock=6179_dbc8_3>
...
001 (691498.011.000) 07/11 12:15:51 Job executing on host: <128.104.227.85:9618?addrs=128.104.227.85-9618+[2607-f388-101c-1000--629]-9618&noUDP&sock=11857_7e87_10>
...
006 (691498.011.000) 07/11 12:15:59 Image size of job updated: 217044
	106  -  MemoryUsage of job (MB)
	108396  -  ResidentSetSize of job (KB)
...
006 (691498.011.000) 07/11 12:35:59 Image size of job updated: 242936
	238  -  MemoryUsage of job (MB)
	242812  -  ResidentSetSize of job (KB)
...
006 (691498.011.000) 07/11 12:42:24 Image size of job updated: 243276
	238  -  MemoryUsage of job (MB)
	242812  -  ResidentSetSize of job (KB)
...
005 (691498.011.000) 07/11 12:42:25 Job terminated.
	(1) Normal termination (return value 0)
		Usr 0 00:02:10, Sys 0 00:00:11  -  Run Remote Usage
		Usr 0 00:00:00, Sys 0 00:00:00  -  Run Local Usage
		Usr 0 00:02:10, Sys 0 00:00:11  -  Total Remote Usage
		Usr 0 00:00:00, Sys 0 00:00:00  -  Total Local Usage
	400876  -  Run Bytes Sent By Job
	306644  -  Run Bytes Received By Job
	400876  -  Total Bytes Sent By Job
	306644  -  Total Bytes Received By Job
	Partitionable Resources :    Usage  Request Allocated
	   Cpus                 :                 1         1
	   Disk (KB)            :  1000000  2048000   9503925
	   Memory (MB)          :      238     1992      1992
...
