000 (691498.012.000) 07/11 11:28:05 Job submitted from host: <144.92.181.245:9618?addrs=144.92.181.245-9618+[2607-f388-101c-1000--372]-9618&noUDP&sock=6179_dbc8_3>
...
001 (691498.012.000) 07/11 12:15:53 Job executing on host: <128.104.227.82:9618?addrs=128.104.227.82-9618+[2607-f388-101c-1000--629]-9618&noUDP&sock=11748_bab4_3>
...
006 (691498.012.000) 07/11 12:16:02 Image size of job updated: 207040
	100  -  MemoryUsage of job (MB)
	101948  -  ResidentSetSize of job (KB)
...
006 (691498.012.000) 07/11 12:36:03 Image size of job updated: 237780
	233  -  MemoryUsage of job (MB)
	237780  -  ResidentSetSize of job (KB)
...
006 (691498.012.000) 07/11 12:41:35 Image size of job updated: 483828
	233  -  MemoryUsage of job (MB)
	237780  -  ResidentSetSize of job (KB)
...
005 (691498.012.000) 07/11 12:41:37 Job terminated.
	(1) Normal termination (return value 0)
		Usr 0 00:02:08, Sys 0 00:00:09  -  Run Remote Usage
		Usr 0 00:00:00, Sys 0 00:00:00  -  Run Local Usage
		Usr 0 00:02:08, Sys 0 00:00:09  -  Total Remote Usage
		Usr 0 00:00:00, Sys 0 00:00:00  -  Total Local Usage
	404821  -  Run Bytes Sent By Job
	306644  -  Run Bytes Received By Job
	404821  -  Total Bytes Sent By Job
	306644  -  Total Bytes Received By Job
	Partitionable Resources :    Usage  Request Allocated
	   Cpus                 :                 1         1
	   Disk (KB)            :  1000000  2048000   9503085
	   Memory (MB)          :      233     1992      1992
...
