000 (691498.001.000) 07/11 11:28:05 Job submitted from host: <144.92.181.245:9618?addrs=144.92.181.245-9618+[2607-f388-101c-1000--372]-9618&noUDP&sock=6179_dbc8_3>
...
001 (691498.001.000) 07/11 12:15:33 Job executing on host: <144.92.180.119:9618?addrs=144.92.180.119-9618+[2607-f388-101c-1000--629]-9618&noUDP&sock=7618_e491_3>
...
006 (691498.001.000) 07/11 12:15:42 Image size of job updated: 170304
	53  -  MemoryUsage of job (MB)
	53396  -  ResidentSetSize of job (KB)
...
006 (691498.001.000) 07/11 12:35:43 Image size of job updated: 238844
	234  -  MemoryUsage of job (MB)
	238844  -  ResidentSetSize of job (KB)
...
006 (691498.001.000) 07/11 12:42:39 Image size of job updated: 239692
	234  -  MemoryUsage of job (MB)
	238844  -  ResidentSetSize of job (KB)
...
005 (691498.001.000) 07/11 12:42:40 Job terminated.
	(1) Normal termination (return value 0)
		Usr 0 00:02:20, Sys 0 00:00:06  -  Run Remote Usage
		Usr 0 00:00:00, Sys 0 00:00:00  -  Run Local Usage
		Usr 0 00:02:20, Sys 0 00:00:06  -  Total Remote Usage
		Usr 0 00:00:00, Sys 0 00:00:00  -  Total Local Usage
	392928  -  Run Bytes Sent By Job
	306644  -  Run Bytes Received By Job
	392928  -  Total Bytes Sent By Job
	306644  -  Total Bytes Received By Job
	Partitionable Resources :    Usage  Request Allocated
	   Cpus                 :                 1         1
	   Disk (KB)            :  1000000  2048000   6333744
	   Memory (MB)          :      234     1992      1992
...
