000 (691498.007.000) 07/11 11:28:05 Job submitted from host: <144.92.181.245:9618?addrs=144.92.181.245-9618+[2607-f388-101c-1000--372]-9618&noUDP&sock=6179_dbc8_3>
...
001 (691498.007.000) 07/11 12:15:43 Job executing on host: <144.92.180.235:9618?addrs=144.92.180.235-9618+[2607-f388-101c-1000--629]-9618&noUDP&sock=9858_58b5_3>
...
006 (691498.007.000) 07/11 12:15:52 Image size of job updated: 215580
	106  -  MemoryUsage of job (MB)
	108400  -  ResidentSetSize of job (KB)
...
006 (691498.007.000) 07/11 12:35:53 Image size of job updated: 345336
	233  -  MemoryUsage of job (MB)
	238536  -  ResidentSetSize of job (KB)
...
005 (691498.007.000) 07/11 12:43:55 Job terminated.
	(1) Normal termination (return value 0)
		Usr 0 00:02:18, Sys 0 00:00:07  -  Run Remote Usage
		Usr 0 00:00:00, Sys 0 00:00:00  -  Run Local Usage
		Usr 0 00:02:18, Sys 0 00:00:07  -  Total Remote Usage
		Usr 0 00:00:00, Sys 0 00:00:00  -  Total Local Usage
	403349  -  Run Bytes Sent By Job
	306644  -  Run Bytes Received By Job
	403349  -  Total Bytes Sent By Job
	306644  -  Total Bytes Received By Job
	Partitionable Resources :    Usage  Request Allocated
	   Cpus                 :                 1         1
	   Disk (KB)            :  1000000  2048000   7917980
	   Memory (MB)          :      233     1992      1992
...
