000 (691500.000.000) 07/11 11:28:07 Job submitted from host: <144.92.181.245:9618?addrs=144.92.181.245-9618+[2607-f388-101c-1000--372]-9618&noUDP&sock=6179_dbc8_3>
...
001 (691500.000.000) 07/11 12:16:10 Job executing on host: <144.92.180.146:9618?addrs=144.92.180.146-9618+[2607-f388-101c-1000--629]-9618&noUDP&sock=7638_9c75_3>
...
006 (691500.000.000) 07/11 12:16:18 Image size of job updated: 59396
	23  -  MemoryUsage of job (MB)
	23372  -  ResidentSetSize of job (KB)
...
006 (691500.000.000) 07/11 12:36:19 Image size of job updated: 240028
	235  -  MemoryUsage of job (MB)
	240028  -  ResidentSetSize of job (KB)
...
006 (691500.000.000) 07/11 12:45:49 Image size of job updated: 483052
	235  -  MemoryUsage of job (MB)
	240028  -  ResidentSetSize of job (KB)
...
005 (691500.000.000) 07/11 12:45:50 Job terminated.
	(1) Normal termination (return value 0)
		Usr 0 00:02:42, Sys 0 00:00:08  -  Run Remote Usage
		Usr 0 00:00:00, Sys 0 00:00:00  -  Run Local Usage
		Usr 0 00:02:42, Sys 0 00:00:08  -  Total Remote Usage
		Usr 0 00:00:00, Sys 0 00:00:00  -  Total Local Usage
	307901  -  Run Bytes Sent By Job
	306644  -  Run Bytes Received By Job
	307901  -  Total Bytes Sent By Job
	306644  -  Total Bytes Received By Job
	Partitionable Resources :    Usage  Request Allocated
	   Cpus                 :                 1         1
	   Disk (KB)            :  1000000  2048000   7917494
	   Memory (MB)          :      235     1992      1992
...
