000 (691500.004.000) 07/11 11:28:07 Job submitted from host: <144.92.181.245:9618?addrs=144.92.181.245-9618+[2607-f388-101c-1000--372]-9618&noUDP&sock=6179_dbc8_3>
...
001 (691500.004.000) 07/11 12:16:13 Job executing on host: <144.92.180.133:9618?addrs=144.92.180.133-9618+[2607-f388-101c-1000--629]-9618&noUDP&sock=9913_126b_3>
...
006 (691500.004.000) 07/11 12:16:21 Image size of job updated: 217488
	106  -  MemoryUsage of job (MB)
	108248  -  ResidentSetSize of job (KB)
...
006 (691500.004.000) 07/11 12:36:21 Image size of job updated: 243892
	236  -  MemoryUsage of job (MB)
	241124  -  ResidentSetSize of job (KB)
...
005 (691500.004.000) 07/11 12:45:10 Job terminated.
	(1) Normal termination (return value 0)
		Usr 0 00:02:35, Sys 0 00:00:08  -  Run Remote Usage
		Usr 0 00:00:00, Sys 0 00:00:00  -  Run Local Usage
		Usr 0 00:02:35, Sys 0 00:00:08  -  Total Remote Usage
		Usr 0 00:00:00, Sys 0 00:00:00  -  Total Local Usage
	305227  -  Run Bytes Sent By Job
	306644  -  Run Bytes Received By Job
	305227  -  Total Bytes Sent By Job
	306644  -  Total Bytes Received By Job
	Partitionable Resources :    Usage  Request Allocated
	   Cpus                 :                 1         1
	   Disk (KB)            :  1000000  2048000   7917438
	   Memory (MB)          :      236     1992      1992
...
