000 (1262519.002.000) 07/25 12:33:19 Job submitted from host: <144.92.180.28:9618?addrs=144.92.180.28-9618+[2607-f388-101c-1000--370]-9618&noUDP&sock=5187_6dd5_82>
...
001 (1262519.002.000) 07/25 12:57:47 Job executing on host: <128.104.227.65:9618?addrs=128.104.227.65-9618+[2607-f388-101c-1000--629]-9618&noUDP&sock=10303_945a_3>
...
006 (1262519.002.000) 07/25 12:57:56 Image size of job updated: 226960
	106  -  MemoryUsage of job (MB)
	108448  -  ResidentSetSize of job (KB)
...
005 (1262519.002.000) 07/25 13:02:38 Job terminated.
	(1) Normal termination (return value 0)
		Usr 0 00:00:58, Sys 0 00:00:05  -  Run Remote Usage
		Usr 0 00:00:00, Sys 0 00:00:00  -  Run Local Usage
		Usr 0 00:00:58, Sys 0 00:00:05  -  Total Remote Usage
		Usr 0 00:00:00, Sys 0 00:00:00  -  Total Local Usage
	403501  -  Run Bytes Sent By Job
	283691  -  Run Bytes Received By Job
	403501  -  Total Bytes Sent By Job
	283691  -  Total Bytes Received By Job
	Partitionable Resources :    Usage  Request Allocated
	   Cpus                 :                 1         1
	   Disk (KB)            :  1000000  2048000   9500924
	   Memory (MB)          :      106     1992      1992
...
