000 (696070.010.000) 07/12 06:44:33 Job submitted from host: <144.92.181.245:9618?addrs=144.92.181.245-9618+[2607-f388-101c-1000--372]-9618&noUDP&sock=6179_dbc8_3>
...
001 (695073.010.000) 07/12 07:46:58 Job executing on host: <144.92.180.158:9618?addrs=144.92.180.158-9618+[2607-f388-101c-1000--629]-9618&noUDP&sock=7713_0e10_3>
...
006 (695073.010.000) 07/12 07:47:07 Image size of job updated: 215816
	106  -  MemoryUsage of job (MB)
	108480  -  ResidentSetSize of job (KB)
...
006 (695073.010.000) 07/12 08:07:08 Image size of job updated: 234216
	229  -  MemoryUsage of job (MB)
	234216  -  ResidentSetSize of job (KB)
...
006 (695073.010.000) 07/12 08:27:09 Image size of job updated: 234608
	230  -  MemoryUsage of job (MB)
	234532  -  ResidentSetSize of job (KB)
...
005 (695073.010.000) 07/12 08:31:57 Job terminated.
	(1) Normal termination (return value 0)
		Usr 0 00:02:31, Sys 0 00:00:08  -  Run Remote Usage
		Usr 0 00:00:00, Sys 0 00:00:00  -  Run Local Usage
		Usr 0 00:02:31, Sys 0 00:00:08  -  Total Remote Usage
		Usr 0 00:00:00, Sys 0 00:00:00  -  Total Local Usage
	732470  -  Run Bytes Sent By Job
	281287  -  Run Bytes Received By Job
	732470  -  Total Bytes Sent By Job
	281287  -  Total Bytes Received By Job
	Partitionable Resources :    Usage  Request Allocated
	   Cpus                 :                 1         1
	   Disk (KB)            :  1000000  2048000   7917624
	   Memory (MB)          :      230     1992      1992
...
001 (696070.010.000) 07/12 08:53:20 Job executing on host: <128.104.227.12:9618?addrs=128.104.227.12-9618+[2607-f388-101c-1000--629]-9618&noUDP&sock=10301_352a_3>
...
006 (696070.010.000) 07/12 08:53:28 Image size of job updated: 217376
	106  -  MemoryUsage of job (MB)
	108476  -  ResidentSetSize of job (KB)
...
006 (696070.010.000) 07/12 09:13:28 Image size of job updated: 234580
	230  -  MemoryUsage of job (MB)
	234520  -  ResidentSetSize of job (KB)
...
006 (696070.010.000) 07/12 09:18:45 Image size of job updated: 234864
	230  -  MemoryUsage of job (MB)
	234520  -  ResidentSetSize of job (KB)
...
005 (696070.010.000) 07/12 09:18:46 Job terminated.
	(1) Normal termination (return value 0)
		Usr 0 00:02:19, Sys 0 00:00:07  -  Run Remote Usage
		Usr 0 00:00:00, Sys 0 00:00:00  -  Run Local Usage
		Usr 0 00:02:19, Sys 0 00:00:07  -  Total Remote Usage
		Usr 0 00:00:00, Sys 0 00:00:00  -  Total Local Usage
	732470  -  Run Bytes Sent By Job
	281287  -  Run Bytes Received By Job
	732470  -  Total Bytes Sent By Job
	281287  -  Total Bytes Received By Job
	Partitionable Resources :    Usage  Request Allocated
	   Cpus                 :                 1         1
	   Disk (KB)            :  1000000  2048000   9501185
	   Memory (MB)          :      230     1992      1992
...
