000 (696070.012.000) 07/12 06:44:33 Job submitted from host: <144.92.181.245:9618?addrs=144.92.181.245-9618+[2607-f388-101c-1000--372]-9618&noUDP&sock=6179_dbc8_3>
...
001 (695073.012.000) 07/12 07:46:49 Job executing on host: <144.92.180.54:9618?addrs=144.92.180.54-9618+[2607-f388-101c-1000--629]-9618&noUDP&sock=8012_24e1_3>
...
006 (695073.012.000) 07/12 07:46:58 Image size of job updated: 168080
	53  -  MemoryUsage of job (MB)
	53412  -  ResidentSetSize of job (KB)
...
006 (695073.012.000) 07/12 08:06:58 Image size of job updated: 233920
	229  -  MemoryUsage of job (MB)
	233920  -  ResidentSetSize of job (KB)
...
005 (695073.012.000) 07/12 08:17:15 Job terminated.
	(1) Normal termination (return value 0)
		Usr 0 00:05:22, Sys 0 00:00:21  -  Run Remote Usage
		Usr 0 00:00:00, Sys 0 00:00:00  -  Run Local Usage
		Usr 0 00:05:22, Sys 0 00:00:21  -  Total Remote Usage
		Usr 0 00:00:00, Sys 0 00:00:00  -  Total Local Usage
	736332  -  Run Bytes Sent By Job
	281287  -  Run Bytes Received By Job
	736332  -  Total Bytes Sent By Job
	281287  -  Total Bytes Received By Job
	Partitionable Resources :    Usage  Request Allocated
	   Cpus                 :                 1         1
	   Disk (KB)            :  1000000  2048000   4750620
	   Memory (MB)          :      229     1992      1992
...
001 (696070.012.000) 07/12 08:53:20 Job executing on host: <144.92.181.160:9618?addrs=144.92.181.160-9618+[2607-f388-101c-1000--629]-9618&noUDP&sock=9867_850f_3>
...
006 (696070.012.000) 07/12 08:53:29 Image size of job updated: 124424
	106  -  MemoryUsage of job (MB)
	108476  -  ResidentSetSize of job (KB)
...
006 (696070.012.000) 07/12 09:13:30 Image size of job updated: 238112
	230  -  MemoryUsage of job (MB)
	235248  -  ResidentSetSize of job (KB)
...
005 (696070.012.000) 07/12 09:14:42 Job terminated.
	(1) Normal termination (return value 0)
		Usr 0 00:02:32, Sys 0 00:00:09  -  Run Remote Usage
		Usr 0 00:00:00, Sys 0 00:00:00  -  Run Local Usage
		Usr 0 00:02:32, Sys 0 00:00:09  -  Total Remote Usage
		Usr 0 00:00:00, Sys 0 00:00:00  -  Total Local Usage
	732214  -  Run Bytes Sent By Job
	281287  -  Run Bytes Received By Job
	732214  -  Total Bytes Sent By Job
	281287  -  Total Bytes Received By Job
	Partitionable Resources :    Usage  Request Allocated
	   Cpus                 :                 1         1
	   Disk (KB)            :  1000000  2048000   7916775
	   Memory (MB)          :      230     1992      1992
...
