000 (696070.007.000) 07/12 06:44:33 Job submitted from host: <144.92.181.245:9618?addrs=144.92.181.245-9618+[2607-f388-101c-1000--372]-9618&noUDP&sock=6179_dbc8_3>
...
001 (695073.007.000) 07/12 07:46:50 Job executing on host: <128.104.227.75:9618?addrs=128.104.227.75-9618+[2607-f388-101c-1000--629]-9618&noUDP&sock=10338_962b_3>
...
006 (695073.007.000) 07/12 07:46:58 Image size of job updated: 216476
	106  -  MemoryUsage of job (MB)
	108484  -  ResidentSetSize of job (KB)
...
006 (695073.007.000) 07/12 08:06:58 Image size of job updated: 235776
	231  -  MemoryUsage of job (MB)
	235776  -  ResidentSetSize of job (KB)
...
005 (695073.007.000) 07/12 08:12:37 Job terminated.
	(1) Normal termination (return value 0)
		Usr 0 00:02:20, Sys 0 00:00:07  -  Run Remote Usage
		Usr 0 00:00:00, Sys 0 00:00:00  -  Run Local Usage
		Usr 0 00:02:20, Sys 0 00:00:07  -  Total Remote Usage
		Usr 0 00:00:00, Sys 0 00:00:00  -  Total Local Usage
	732071  -  Run Bytes Sent By Job
	281287  -  Run Bytes Received By Job
	732071  -  Total Bytes Sent By Job
	281287  -  Total Bytes Received By Job
	Partitionable Resources :    Usage  Request Allocated
	   Cpus                 :                 1         1
	   Disk (KB)            :  1000000  2048000   9500678
	   Memory (MB)          :      231     1992      1992
...
001 (696070.007.000) 07/12 08:53:16 Job executing on host: <128.104.227.24:9618?addrs=128.104.227.24-9618+[2607-f388-101c-1000--629]-9618&noUDP&sock=10309_b1ec_3>
...
006 (696070.007.000) 07/12 08:53:25 Image size of job updated: 216108
	106  -  MemoryUsage of job (MB)
	108484  -  ResidentSetSize of job (KB)
...
006 (696070.007.000) 07/12 09:13:27 Image size of job updated: 234628
	230  -  MemoryUsage of job (MB)
	234628  -  ResidentSetSize of job (KB)
...
006 (696070.007.000) 07/12 09:20:47 Image size of job updated: 235260
	230  -  MemoryUsage of job (MB)
	234628  -  ResidentSetSize of job (KB)
...
005 (696070.007.000) 07/12 09:20:48 Job terminated.
	(1) Normal termination (return value 0)
		Usr 0 00:02:31, Sys 0 00:00:08  -  Run Remote Usage
		Usr 0 00:00:00, Sys 0 00:00:00  -  Run Local Usage
		Usr 0 00:02:31, Sys 0 00:00:08  -  Total Remote Usage
		Usr 0 00:00:00, Sys 0 00:00:00  -  Total Local Usage
	732071  -  Run Bytes Sent By Job
	281287  -  Run Bytes Received By Job
	732071  -  Total Bytes Sent By Job
	281287  -  Total Bytes Received By Job
	Partitionable Resources :    Usage  Request Allocated
	   Cpus                 :                 1         1
	   Disk (KB)            :  1000000  2048000   9499870
	   Memory (MB)          :      230     1992      1992
...
