000 (166922.000.000) 06/10 13:21:53 Job submitted from host: <144.92.180.4:9618?addrs=144.92.180.4-9618+[2607-f388-101c-1000--367]-9618&noUDP&sock=4693_960c_3>
...
001 (166922.000.000) 06/10 13:39:29 Job executing on host: <144.92.180.166:9618?addrs=144.92.180.166-9618+[2607-f388-101c-1000--629]-9618&noUDP&sock=7728_57fb_3>
...
006 (166922.000.000) 06/10 13:39:38 Image size of job updated: 216372
	107  -  MemoryUsage of job (MB)
	108644  -  ResidentSetSize of job (KB)
...
005 (166922.000.000) 06/10 13:52:29 Job terminated.
	(1) Normal termination (return value 0)
		Usr 0 00:02:33, Sys 0 00:00:07  -  Run Remote Usage
		Usr 0 00:00:00, Sys 0 00:00:00  -  Run Local Usage
		Usr 0 00:02:33, Sys 0 00:00:07  -  Total Remote Usage
		Usr 0 00:00:00, Sys 0 00:00:00  -  Total Local Usage
	536850  -  Run Bytes Sent By Job
	278854  -  Run Bytes Received By Job
	536850  -  Total Bytes Sent By Job
	278854  -  Total Bytes Received By Job
	Partitionable Resources :    Usage  Request Allocated
	   Cpus                 :                 1         1
	   Disk (KB)            :  1000000  2048000   7919545
	   Memory (MB)          :      107     1992      1992
...
