file path found: /hdfs/store/user/varuns/Run2018D_Prompt/EGamma/crab_job_EGamma2018Dv2_3v2/190529_223037/0001/Data_EGamma2018Dv2_3v2_1105.root
name: Data_EGamma2018Dv2_3v2_1105.root
filenumber: 0
file path found: /hdfs/store/user/varuns/Run2018D_Prompt/EGamma/crab_job_EGamma2018Dv2_3v2/190529_223037/0001/Data_EGamma2018Dv2_3v2_1107.root
name: Data_EGamma2018Dv2_3v2_1107.root
filenumber: 1
file path found: /hdfs/store/user/varuns/Run2018D_Prompt/EGamma/crab_job_EGamma2018Dv2_3v2/190529_223037/0001/Data_EGamma2018Dv2_3v2_1108.root
name: Data_EGamma2018Dv2_3v2_1108.root
filenumber: 2
file path found: /hdfs/store/user/varuns/Run2018D_Prompt/EGamma/crab_job_EGamma2018Dv2_3v2/190529_223037/0001/Data_EGamma2018Dv2_3v2_1110.root
name: Data_EGamma2018Dv2_3v2_1110.root
filenumber: 3
file path found: /hdfs/store/user/varuns/Run2018D_Prompt/EGamma/crab_job_EGamma2018Dv2_3v2/190529_223037/0001/Data_EGamma2018Dv2_3v2_1112.root
name: Data_EGamma2018Dv2_3v2_1112.root
filenumber: 4
file path found: /hdfs/store/user/varuns/Run2018D_Prompt/EGamma/crab_job_EGamma2018Dv2_3v2/190529_223037/0001/Data_EGamma2018Dv2_3v2_1114.root
name: Data_EGamma2018Dv2_3v2_1114.root
filenumber: 5
file path found: /hdfs/store/user/varuns/Run2018D_Prompt/EGamma/crab_job_EGamma2018Dv2_3v2/190529_223037/0001/Data_EGamma2018Dv2_3v2_1115.root
name: Data_EGamma2018Dv2_3v2_1115.root
filenumber: 6
file path found: /hdfs/store/user/varuns/Run2018D_Prompt/EGamma/crab_job_EGamma2018Dv2_3v2/190529_223037/0001/Data_EGamma2018Dv2_3v2_1116.root
name: Data_EGamma2018Dv2_3v2_1116.root
filenumber: 7
file path found: /hdfs/store/user/varuns/Run2018D_Prompt/EGamma/crab_job_EGamma2018Dv2_3v2/190529_223037/0001/Data_EGamma2018Dv2_3v2_1134.root
name: Data_EGamma2018Dv2_3v2_1134.root
filenumber: 8
file path found: /hdfs/store/user/varuns/Run2018D_Prompt/EGamma/crab_job_EGamma2018Dv2_3v2/190529_223037/0001/Data_EGamma2018Dv2_3v2_1142.root
name: Data_EGamma2018Dv2_3v2_1142.root
filenumber: 9
file path found: /hdfs/store/user/varuns/Run2018D_Prompt/EGamma/crab_job_EGamma2018Dv2_3v2/190529_223037/0001/Data_EGamma2018Dv2_3v2_1144.root
name: Data_EGamma2018Dv2_3v2_1144.root
filenumber: 10
file path found: /hdfs/store/user/varuns/Run2018D_Prompt/EGamma/crab_job_EGamma2018Dv2_3v2/190529_223037/0001/Data_EGamma2018Dv2_3v2_1148.root
name: Data_EGamma2018Dv2_3v2_1148.root
filenumber: 11
file path found: /hdfs/store/user/varuns/Run2018D_Prompt/EGamma/crab_job_EGamma2018Dv2_3v2/190529_223037/0001/Data_EGamma2018Dv2_3v2_1151.root
name: Data_EGamma2018Dv2_3v2_1151.root
filenumber: 12
file path found: /hdfs/store/user/varuns/Run2018D_Prompt/EGamma/crab_job_EGamma2018Dv2_3v2/190529_223037/0001/Data_EGamma2018Dv2_3v2_1155.root
name: Data_EGamma2018Dv2_3v2_1155.root
filenumber: 13
file path found: /hdfs/store/user/varuns/Run2018D_Prompt/EGamma/crab_job_EGamma2018Dv2_3v2/190529_223037/0001/Data_EGamma2018Dv2_3v2_1160.root
name: Data_EGamma2018Dv2_3v2_1160.root
filenumber: 14
file path found: /hdfs/store/user/varuns/Run2018D_Prompt/EGamma/crab_job_EGamma2018Dv2_3v2/190529_223037/0001/Data_EGamma2018Dv2_3v2_1162.root
name: Data_EGamma2018Dv2_3v2_1162.root
filenumber: 15
file path found: /hdfs/store/user/varuns/Run2018D_Prompt/EGamma/crab_job_EGamma2018Dv2_3v2/190529_223037/0001/Data_EGamma2018Dv2_3v2_1164.root
name: Data_EGamma2018Dv2_3v2_1164.root
filenumber: 16
file path found: /hdfs/store/user/varuns/Run2018D_Prompt/EGamma/crab_job_EGamma2018Dv2_3v2/190529_223037/0001/Data_EGamma2018Dv2_3v2_1165.root
name: Data_EGamma2018Dv2_3v2_1165.root
filenumber: 17
file path found: /hdfs/store/user/varuns/Run2018D_Prompt/EGamma/crab_job_EGamma2018Dv2_3v2/190529_223037/0001/Data_EGamma2018Dv2_3v2_1168.root
name: Data_EGamma2018Dv2_3v2_1168.root
filenumber: 18
file path found: /hdfs/store/user/varuns/Run2018D_Prompt/EGamma/crab_job_EGamma2018Dv2_3v2/190529_223037/0001/Data_EGamma2018Dv2_3v2_1169.root
name: Data_EGamma2018Dv2_3v2_1169.root
filenumber: 19
file path found: /hdfs/store/user/varuns/Run2018D_Prompt/EGamma/crab_job_EGamma2018Dv2_3v2/190529_223037/0001/Data_EGamma2018Dv2_3v2_1172.root
name: Data_EGamma2018Dv2_3v2_1172.root
filenumber: 20
file path found: /hdfs/store/user/varuns/Run2018D_Prompt/EGamma/crab_job_EGamma2018Dv2_3v2/190529_223037/0001/Data_EGamma2018Dv2_3v2_1173.root
name: Data_EGamma2018Dv2_3v2_1173.root
filenumber: 21
file path found: /hdfs/store/user/varuns/Run2018D_Prompt/EGamma/crab_job_EGamma2018Dv2_3v2/190529_223037/0001/Data_EGamma2018Dv2_3v2_1175.root
name: Data_EGamma2018Dv2_3v2_1175.root
filenumber: 22
file path found: /hdfs/store/user/varuns/Run2018D_Prompt/EGamma/crab_job_EGamma2018Dv2_3v2/190529_223037/0001/Data_EGamma2018Dv2_3v2_1176.root
name: Data_EGamma2018Dv2_3v2_1176.root
filenumber: 23
file path found: /hdfs/store/user/varuns/Run2018D_Prompt/EGamma/crab_job_EGamma2018Dv2_3v2/190529_223037/0001/Data_EGamma2018Dv2_3v2_1178.root
name: Data_EGamma2018Dv2_3v2_1178.root
filenumber: 24
file path found: /hdfs/store/user/varuns/Run2018D_Prompt/EGamma/crab_job_EGamma2018Dv2_3v2/190529_223037/0001/Data_EGamma2018Dv2_3v2_1179.root
name: Data_EGamma2018Dv2_3v2_1179.root
filenumber: 25
file path found: /hdfs/store/user/varuns/Run2018D_Prompt/EGamma/crab_job_EGamma2018Dv2_3v2/190529_223037/0001/Data_EGamma2018Dv2_3v2_1181.root
name: Data_EGamma2018Dv2_3v2_1181.root
filenumber: 26
file path found: /hdfs/store/user/varuns/Run2018D_Prompt/EGamma/crab_job_EGamma2018Dv2_3v2/190529_223037/0001/Data_EGamma2018Dv2_3v2_1185.root
name: Data_EGamma2018Dv2_3v2_1185.root
filenumber: 27
file path found: /hdfs/store/user/varuns/Run2018D_Prompt/EGamma/crab_job_EGamma2018Dv2_3v2/190529_223037/0001/Data_EGamma2018Dv2_3v2_1186.root
name: Data_EGamma2018Dv2_3v2_1186.root
filenumber: 28
file path found: /hdfs/store/user/varuns/Run2018D_Prompt/EGamma/crab_job_EGamma2018Dv2_3v2/190529_223037/0001/Data_EGamma2018Dv2_3v2_1187.root
name: Data_EGamma2018Dv2_3v2_1187.root
filenumber: 29
file path found: /hdfs/store/user/varuns/Run2018D_Prompt/EGamma/crab_job_EGamma2018Dv2_3v2/190529_223037/0001/Data_EGamma2018Dv2_3v2_1326.root
name: Data_EGamma2018Dv2_3v2_1326.root
filenumber: 30
file path found: /hdfs/store/user/varuns/Run2018D_Prompt/EGamma/crab_job_EGamma2018Dv2_3v2/190529_223037/0001/Data_EGamma2018Dv2_3v2_1374.root
name: Data_EGamma2018Dv2_3v2_1374.root
filenumber: 31
file path found: /hdfs/store/user/varuns/Run2018D_Prompt/EGamma/crab_job_EGamma2018Dv2_3v2/190529_223037/0001/Data_EGamma2018Dv2_3v2_1387.root
name: Data_EGamma2018Dv2_3v2_1387.root
filenumber: 32
file path found: /hdfs/store/user/varuns/Run2018D_Prompt/EGamma/crab_job_EGamma2018Dv2_3v2/190529_223037/0001/Data_EGamma2018Dv2_3v2_1388.root
name: Data_EGamma2018Dv2_3v2_1388.root
filenumber: 33
file path found: /hdfs/store/user/varuns/Run2018D_Prompt/EGamma/crab_job_EGamma2018Dv2_3v2/190529_223037/0001/Data_EGamma2018Dv2_3v2_1401.root
name: Data_EGamma2018Dv2_3v2_1401.root
filenumber: 34
file path found: /hdfs/store/user/varuns/Run2018D_Prompt/EGamma/crab_job_EGamma2018Dv2_3v2/190529_223037/0001/Data_EGamma2018Dv2_3v2_1416.root
name: Data_EGamma2018Dv2_3v2_1416.root
filenumber: 35
file path found: /hdfs/store/user/varuns/Run2018D_Prompt/EGamma/crab_job_EGamma2018Dv2_3v2/190529_223037/0001/Data_EGamma2018Dv2_3v2_1417.root
name: Data_EGamma2018Dv2_3v2_1417.root
filenumber: 36
file path found: /hdfs/store/user/varuns/Run2018D_Prompt/EGamma/crab_job_EGamma2018Dv2_3v2/190529_223037/0001/Data_EGamma2018Dv2_3v2_1423.root
name: Data_EGamma2018Dv2_3v2_1423.root
filenumber: 37
file path found: /hdfs/store/user/varuns/Run2018D_Prompt/EGamma/crab_job_EGamma2018Dv2_3v2/190529_223037/0001/Data_EGamma2018Dv2_3v2_1424.root
name: Data_EGamma2018Dv2_3v2_1424.root
filenumber: 38
file path found: /hdfs/store/user/varuns/Run2018D_Prompt/EGamma/crab_job_EGamma2018Dv2_3v2/190529_223037/0001/Data_EGamma2018Dv2_3v2_1448.root
name: Data_EGamma2018Dv2_3v2_1448.root
filenumber: 39
file path found: /hdfs/store/user/varuns/Run2018D_Prompt/EGamma/crab_job_EGamma2018Dv2_3v2/190529_223037/0001/Data_EGamma2018Dv2_3v2_1465.root
name: Data_EGamma2018Dv2_3v2_1465.root
filenumber: 40
file path found: /hdfs/store/user/varuns/Run2018D_Prompt/EGamma/crab_job_EGamma2018Dv2_3v2/190529_223037/0001/Data_EGamma2018Dv2_3v2_1467.root
name: Data_EGamma2018Dv2_3v2_1467.root
filenumber: 41
file path found: /hdfs/store/user/varuns/Run2018D_Prompt/EGamma/crab_job_EGamma2018Dv2_3v2/190529_223037/0001/Data_EGamma2018Dv2_3v2_1468.root
name: Data_EGamma2018Dv2_3v2_1468.root
filenumber: 42
file path found: /hdfs/store/user/varuns/Run2018D_Prompt/EGamma/crab_job_EGamma2018Dv2_3v2/190529_223037/0001/Data_EGamma2018Dv2_3v2_1469.root
name: Data_EGamma2018Dv2_3v2_1469.root
filenumber: 43
file path found: /hdfs/store/user/varuns/Run2018D_Prompt/EGamma/crab_job_EGamma2018Dv2_3v2/190529_223037/0001/Data_EGamma2018Dv2_3v2_1470.root
name: Data_EGamma2018Dv2_3v2_1470.root
filenumber: 44
file path found: /hdfs/store/user/varuns/Run2018D_Prompt/EGamma/crab_job_EGamma2018Dv2_3v2/190529_223037/0001/Data_EGamma2018Dv2_3v2_1475.root
name: Data_EGamma2018Dv2_3v2_1475.root
filenumber: 45
file path found: /hdfs/store/user/varuns/Run2018D_Prompt/EGamma/crab_job_EGamma2018Dv2_3v2/190529_223037/0001/Data_EGamma2018Dv2_3v2_1476.root
name: Data_EGamma2018Dv2_3v2_1476.root
filenumber: 46
file path found: /hdfs/store/user/varuns/Run2018D_Prompt/EGamma/crab_job_EGamma2018Dv2_3v2/190529_223037/0001/Data_EGamma2018Dv2_3v2_1478.root
name: Data_EGamma2018Dv2_3v2_1478.root
filenumber: 47
file path found: /hdfs/store/user/varuns/Run2018D_Prompt/EGamma/crab_job_EGamma2018Dv2_3v2/190529_223037/0001/Data_EGamma2018Dv2_3v2_1481.root
name: Data_EGamma2018Dv2_3v2_1481.root
filenumber: 48
file path found: /hdfs/store/user/varuns/Run2018D_Prompt/EGamma/crab_job_EGamma2018Dv2_3v2/190529_223037/0001/Data_EGamma2018Dv2_3v2_1482.root
name: Data_EGamma2018Dv2_3v2_1482.root
filenumber: 49
file path found: /hdfs/store/user/varuns/Run2018D_Prompt/EGamma/crab_job_EGamma2018Dv2_3v2/190529_223037/0001/Data_EGamma2018Dv2_3v2_1483.root
name: Data_EGamma2018Dv2_3v2_1483.root
filenumber: 50
file path found: /hdfs/store/user/varuns/Run2018D_Prompt/EGamma/crab_job_EGamma2018Dv2_3v2/190529_223037/0001/Data_EGamma2018Dv2_3v2_1484.root
name: Data_EGamma2018Dv2_3v2_1484.root
filenumber: 51
file path found: /hdfs/store/user/varuns/Run2018D_Prompt/EGamma/crab_job_EGamma2018Dv2_3v2/190529_223037/0001/Data_EGamma2018Dv2_3v2_1485.root
name: Data_EGamma2018Dv2_3v2_1485.root
filenumber: 52
file path found: /hdfs/store/user/varuns/Run2018D_Prompt/EGamma/crab_job_EGamma2018Dv2_3v2/190529_223037/0001/Data_EGamma2018Dv2_3v2_1487.root
name: Data_EGamma2018Dv2_3v2_1487.root
filenumber: 53
file path found: /hdfs/store/user/varuns/Run2018D_Prompt/EGamma/crab_job_EGamma2018Dv2_3v2/190529_223037/0001/Data_EGamma2018Dv2_3v2_1489.root
name: Data_EGamma2018Dv2_3v2_1489.root
filenumber: 54
file path found: /hdfs/store/user/varuns/Run2018D_Prompt/EGamma/crab_job_EGamma2018Dv2_3v2/190529_223037/0001/Data_EGamma2018Dv2_3v2_1492.root
name: Data_EGamma2018Dv2_3v2_1492.root
filenumber: 55
file path found: /hdfs/store/user/varuns/Run2018D_Prompt/EGamma/crab_job_EGamma2018Dv2_3v2/190529_223037/0001/Data_EGamma2018Dv2_3v2_1493.root
name: Data_EGamma2018Dv2_3v2_1493.root
filenumber: 56
file path found: /hdfs/store/user/varuns/Run2018D_Prompt/EGamma/crab_job_EGamma2018Dv2_3v2/190529_223037/0001/Data_EGamma2018Dv2_3v2_1494.root
name: Data_EGamma2018Dv2_3v2_1494.root
filenumber: 57
file path found: /hdfs/store/user/varuns/Run2018D_Prompt/EGamma/crab_job_EGamma2018Dv2_3v2/190529_223037/0001/Data_EGamma2018Dv2_3v2_1500.root
name: Data_EGamma2018Dv2_3v2_1500.root
filenumber: 58
file path found: /hdfs/store/user/varuns/Run2018D_Prompt/EGamma/crab_job_EGamma2018Dv2_3v2/190529_223037/0001/Data_EGamma2018Dv2_3v2_1506.root
name: Data_EGamma2018Dv2_3v2_1506.root
filenumber: 59
file path found: /hdfs/store/user/varuns/Run2018D_Prompt/EGamma/crab_job_EGamma2018Dv2_3v2/190529_223037/0001/Data_EGamma2018Dv2_3v2_1508.root
name: Data_EGamma2018Dv2_3v2_1508.root
filenumber: 60
file path found: /hdfs/store/user/varuns/Run2018D_Prompt/EGamma/crab_job_EGamma2018Dv2_3v2/190529_223037/0001/Data_EGamma2018Dv2_3v2_1509.root
name: Data_EGamma2018Dv2_3v2_1509.root
filenumber: 61
file path found: /hdfs/store/user/varuns/Run2018D_Prompt/EGamma/crab_job_EGamma2018Dv2_3v2/190529_223037/0001/Data_EGamma2018Dv2_3v2_1510.root
name: Data_EGamma2018Dv2_3v2_1510.root
filenumber: 62
file path found: /hdfs/store/user/varuns/Run2018D_Prompt/EGamma/crab_job_EGamma2018Dv2_3v2/190529_223037/0001/Data_EGamma2018Dv2_3v2_1511.root
name: Data_EGamma2018Dv2_3v2_1511.root
filenumber: 63
file path found: /hdfs/store/user/varuns/Run2018D_Prompt/EGamma/crab_job_EGamma2018Dv2_3v2/190529_223037/0001/Data_EGamma2018Dv2_3v2_1512.root
name: Data_EGamma2018Dv2_3v2_1512.root
filenumber: 64
file path found: /hdfs/store/user/varuns/Run2018D_Prompt/EGamma/crab_job_EGamma2018Dv2_3v2/190529_223037/0001/Data_EGamma2018Dv2_3v2_1513.root
name: Data_EGamma2018Dv2_3v2_1513.root
filenumber: 65
file path found: /hdfs/store/user/varuns/Run2018D_Prompt/EGamma/crab_job_EGamma2018Dv2_3v2/190529_223037/0001/Data_EGamma2018Dv2_3v2_1514.root
name: Data_EGamma2018Dv2_3v2_1514.root
filenumber: 66
file path found: /hdfs/store/user/varuns/Run2018D_Prompt/EGamma/crab_job_EGamma2018Dv2_3v2/190529_223037/0001/Data_EGamma2018Dv2_3v2_1515.root
name: Data_EGamma2018Dv2_3v2_1515.root
filenumber: 67
file path found: /hdfs/store/user/varuns/Run2018D_Prompt/EGamma/crab_job_EGamma2018Dv2_3v2/190529_223037/0001/Data_EGamma2018Dv2_3v2_1516.root
name: Data_EGamma2018Dv2_3v2_1516.root
filenumber: 68
file path found: /hdfs/store/user/varuns/Run2018D_Prompt/EGamma/crab_job_EGamma2018Dv2_3v2/190529_223037/0001/Data_EGamma2018Dv2_3v2_1517.root
name: Data_EGamma2018Dv2_3v2_1517.root
filenumber: 69
file path found: /hdfs/store/user/varuns/Run2018D_Prompt/EGamma/crab_job_EGamma2018Dv2_3v2/190529_223037/0001/Data_EGamma2018Dv2_3v2_1518.root
name: Data_EGamma2018Dv2_3v2_1518.root
filenumber: 70
file path found: /hdfs/store/user/varuns/Run2018D_Prompt/EGamma/crab_job_EGamma2018Dv2_3v2/190529_223037/0001/Data_EGamma2018Dv2_3v2_1519.root
name: Data_EGamma2018Dv2_3v2_1519.root
filenumber: 71
file path found: /hdfs/store/user/varuns/Run2018D_Prompt/EGamma/crab_job_EGamma2018Dv2_3v2/190529_223037/0001/Data_EGamma2018Dv2_3v2_1520.root
name: Data_EGamma2018Dv2_3v2_1520.root
filenumber: 72
file path found: /hdfs/store/user/varuns/Run2018D_Prompt/EGamma/crab_job_EGamma2018Dv2_3v2/190529_223037/0001/Data_EGamma2018Dv2_3v2_1521.root
name: Data_EGamma2018Dv2_3v2_1521.root
filenumber: 73
Adding FullPathInputFile to chain:/hdfs/store/user/varuns/Run2018D_Prompt/EGamma/crab_job_EGamma2018Dv2_3v2/190529_223037/0001/Data_EGamma2018Dv2_3v2_1521.root

file path found: /hdfs/store/user/varuns/Run2018D_Prompt/EGamma/crab_job_EGamma2018Dv2_3v2/190529_223037/0001/Data_EGamma2018Dv2_3v2_1522.root
name: Data_EGamma2018Dv2_3v2_1522.root
filenumber: 74
Adding FullPathInputFile to chain:/hdfs/store/user/varuns/Run2018D_Prompt/EGamma/crab_job_EGamma2018Dv2_3v2/190529_223037/0001/Data_EGamma2018Dv2_3v2_1522.root

file path found: /hdfs/store/user/varuns/Run2018D_Prompt/EGamma/crab_job_EGamma2018Dv2_3v2/190529_223037/0001/Data_EGamma2018Dv2_3v2_1523.root
name: Data_EGamma2018Dv2_3v2_1523.root
filenumber: 75
Adding FullPathInputFile to chain:/hdfs/store/user/varuns/Run2018D_Prompt/EGamma/crab_job_EGamma2018Dv2_3v2/190529_223037/0001/Data_EGamma2018Dv2_3v2_1523.root

file path found: /hdfs/store/user/varuns/Run2018D_Prompt/EGamma/crab_job_EGamma2018Dv2_3v2/190529_223037/0001/Data_EGamma2018Dv2_3v2_1526.root
name: Data_EGamma2018Dv2_3v2_1526.root
filenumber: 76
Adding FullPathInputFile to chain:/hdfs/store/user/varuns/Run2018D_Prompt/EGamma/crab_job_EGamma2018Dv2_3v2/190529_223037/0001/Data_EGamma2018Dv2_3v2_1526.root

file path found: /hdfs/store/user/varuns/Run2018D_Prompt/EGamma/crab_job_EGamma2018Dv2_3v2/190529_223037/0001/Data_EGamma2018Dv2_3v2_1527.root
name: Data_EGamma2018Dv2_3v2_1527.root
filenumber: 77
Adding FullPathInputFile to chain:/hdfs/store/user/varuns/Run2018D_Prompt/EGamma/crab_job_EGamma2018Dv2_3v2/190529_223037/0001/Data_EGamma2018Dv2_3v2_1527.root

file path found: /hdfs/store/user/varuns/Run2018D_Prompt/EGamma/crab_job_EGamma2018Dv2_3v2/190529_223037/0001/Data_EGamma2018Dv2_3v2_1529.root
name: Data_EGamma2018Dv2_3v2_1529.root
filenumber: 78
Adding FullPathInputFile to chain:/hdfs/store/user/varuns/Run2018D_Prompt/EGamma/crab_job_EGamma2018Dv2_3v2/190529_223037/0001/Data_EGamma2018Dv2_3v2_1529.root

file path found: /hdfs/store/user/varuns/Run2018D_Prompt/EGamma/crab_job_EGamma2018Dv2_3v2/190529_223037/0001/Data_EGamma2018Dv2_3v2_1533.root
name: Data_EGamma2018Dv2_3v2_1533.root
filenumber: 79
Adding FullPathInputFile to chain:/hdfs/store/user/varuns/Run2018D_Prompt/EGamma/crab_job_EGamma2018Dv2_3v2/190529_223037/0001/Data_EGamma2018Dv2_3v2_1533.root

file path found: /hdfs/store/user/varuns/Run2018D_Prompt/EGamma/crab_job_EGamma2018Dv2_3v2/190529_223037/0001/Data_EGamma2018Dv2_3v2_1535.root
name: Data_EGamma2018Dv2_3v2_1535.root
filenumber: 80
Adding FullPathInputFile to chain:/hdfs/store/user/varuns/Run2018D_Prompt/EGamma/crab_job_EGamma2018Dv2_3v2/190529_223037/0001/Data_EGamma2018Dv2_3v2_1535.root

file path found: /hdfs/store/user/varuns/Run2018D_Prompt/EGamma/crab_job_EGamma2018Dv2_3v2/190529_223037/0001/Data_EGamma2018Dv2_3v2_1537.root
name: Data_EGamma2018Dv2_3v2_1537.root
filenumber: 81
Adding FullPathInputFile to chain:/hdfs/store/user/varuns/Run2018D_Prompt/EGamma/crab_job_EGamma2018Dv2_3v2/190529_223037/0001/Data_EGamma2018Dv2_3v2_1537.root

file path found: /hdfs/store/user/varuns/Run2018D_Prompt/EGamma/crab_job_EGamma2018Dv2_3v2/190529_223037/0001/Data_EGamma2018Dv2_3v2_1538.root
name: Data_EGamma2018Dv2_3v2_1538.root
filenumber: 82
Adding FullPathInputFile to chain:/hdfs/store/user/varuns/Run2018D_Prompt/EGamma/crab_job_EGamma2018Dv2_3v2/190529_223037/0001/Data_EGamma2018Dv2_3v2_1538.root

file path found: /hdfs/store/user/varuns/Run2018D_Prompt/EGamma/crab_job_EGamma2018Dv2_3v2/190529_223037/0001/Data_EGamma2018Dv2_3v2_1540.root
name: Data_EGamma2018Dv2_3v2_1540.root
filenumber: 83
Adding FullPathInputFile to chain:/hdfs/store/user/varuns/Run2018D_Prompt/EGamma/crab_job_EGamma2018Dv2_3v2/190529_223037/0001/Data_EGamma2018Dv2_3v2_1540.root

file path found: /hdfs/store/user/varuns/Run2018D_Prompt/EGamma/crab_job_EGamma2018Dv2_3v2/190529_223037/0001/Data_EGamma2018Dv2_3v2_1541.root
name: Data_EGamma2018Dv2_3v2_1541.root
filenumber: 84
Adding FullPathInputFile to chain:/hdfs/store/user/varuns/Run2018D_Prompt/EGamma/crab_job_EGamma2018Dv2_3v2/190529_223037/0001/Data_EGamma2018Dv2_3v2_1541.root

file path found: /hdfs/store/user/varuns/Run2018D_Prompt/EGamma/crab_job_EGamma2018Dv2_3v2/190529_223037/0001/Data_EGamma2018Dv2_3v2_1542.root
name: Data_EGamma2018Dv2_3v2_1542.root
filenumber: 85
Adding FullPathInputFile to chain:/hdfs/store/user/varuns/Run2018D_Prompt/EGamma/crab_job_EGamma2018Dv2_3v2/190529_223037/0001/Data_EGamma2018Dv2_3v2_1542.root

file path found: /hdfs/store/user/varuns/Run2018D_Prompt/EGamma/crab_job_EGamma2018Dv2_3v2/190529_223037/0001/Data_EGamma2018Dv2_3v2_1543.root
name: Data_EGamma2018Dv2_3v2_1543.root
filenumber: 86
Adding FullPathInputFile to chain:/hdfs/store/user/varuns/Run2018D_Prompt/EGamma/crab_job_EGamma2018Dv2_3v2/190529_223037/0001/Data_EGamma2018Dv2_3v2_1543.root

file path found: /hdfs/store/user/varuns/Run2018D_Prompt/EGamma/crab_job_EGamma2018Dv2_3v2/190529_223037/0001/Data_EGamma2018Dv2_3v2_1544.root
name: Data_EGamma2018Dv2_3v2_1544.root
filenumber: 87
Adding FullPathInputFile to chain:/hdfs/store/user/varuns/Run2018D_Prompt/EGamma/crab_job_EGamma2018Dv2_3v2/190529_223037/0001/Data_EGamma2018Dv2_3v2_1544.root

file path found: /hdfs/store/user/varuns/Run2018D_Prompt/EGamma/crab_job_EGamma2018Dv2_3v2/190529_223037/0001/Data_EGamma2018Dv2_3v2_1545.root
name: Data_EGamma2018Dv2_3v2_1545.root
filenumber: 88
Adding FullPathInputFile to chain:/hdfs/store/user/varuns/Run2018D_Prompt/EGamma/crab_job_EGamma2018Dv2_3v2/190529_223037/0001/Data_EGamma2018Dv2_3v2_1545.root

file path found: /hdfs/store/user/varuns/Run2018D_Prompt/EGamma/crab_job_EGamma2018Dv2_3v2/190529_223037/0001/Data_EGamma2018Dv2_3v2_1546.root
name: Data_EGamma2018Dv2_3v2_1546.root
filenumber: 89
Adding FullPathInputFile to chain:/hdfs/store/user/varuns/Run2018D_Prompt/EGamma/crab_job_EGamma2018Dv2_3v2/190529_223037/0001/Data_EGamma2018Dv2_3v2_1546.root

file path found: /hdfs/store/user/varuns/Run2018D_Prompt/EGamma/crab_job_EGamma2018Dv2_3v2/190529_223037/0001/Data_EGamma2018Dv2_3v2_1547.root
name: Data_EGamma2018Dv2_3v2_1547.root
filenumber: 90
Adding FullPathInputFile to chain:/hdfs/store/user/varuns/Run2018D_Prompt/EGamma/crab_job_EGamma2018Dv2_3v2/190529_223037/0001/Data_EGamma2018Dv2_3v2_1547.root

file path found: /hdfs/store/user/varuns/Run2018D_Prompt/EGamma/crab_job_EGamma2018Dv2_3v2/190529_223037/0001/Data_EGamma2018Dv2_3v2_1548.root
name: Data_EGamma2018Dv2_3v2_1548.root
filenumber: 91
Adding FullPathInputFile to chain:/hdfs/store/user/varuns/Run2018D_Prompt/EGamma/crab_job_EGamma2018Dv2_3v2/190529_223037/0001/Data_EGamma2018Dv2_3v2_1548.root

file path found: /hdfs/store/user/varuns/Run2018D_Prompt/EGamma/crab_job_EGamma2018Dv2_3v2/190529_223037/0001/Data_EGamma2018Dv2_3v2_1549.root
name: Data_EGamma2018Dv2_3v2_1549.root
filenumber: 92
Adding FullPathInputFile to chain:/hdfs/store/user/varuns/Run2018D_Prompt/EGamma/crab_job_EGamma2018Dv2_3v2/190529_223037/0001/Data_EGamma2018Dv2_3v2_1549.root

file path found: /hdfs/store/user/varuns/Run2018D_Prompt/EGamma/crab_job_EGamma2018Dv2_3v2/190529_223037/0001/Data_EGamma2018Dv2_3v2_1550.root
name: Data_EGamma2018Dv2_3v2_1550.root
filenumber: 93
Adding FullPathInputFile to chain:/hdfs/store/user/varuns/Run2018D_Prompt/EGamma/crab_job_EGamma2018Dv2_3v2/190529_223037/0001/Data_EGamma2018Dv2_3v2_1550.root

file path found: /hdfs/store/user/varuns/Run2018D_Prompt/EGamma/crab_job_EGamma2018Dv2_3v2/190529_223037/0001/Data_EGamma2018Dv2_3v2_1551.root
name: Data_EGamma2018Dv2_3v2_1551.root
filenumber: 94
Adding FullPathInputFile to chain:/hdfs/store/user/varuns/Run2018D_Prompt/EGamma/crab_job_EGamma2018Dv2_3v2/190529_223037/0001/Data_EGamma2018Dv2_3v2_1551.root

file path found: /hdfs/store/user/varuns/Run2018D_Prompt/EGamma/crab_job_EGamma2018Dv2_3v2/190529_223037/0001/Data_EGamma2018Dv2_3v2_1552.root
name: Data_EGamma2018Dv2_3v2_1552.root
filenumber: 95
Adding FullPathInputFile to chain:/hdfs/store/user/varuns/Run2018D_Prompt/EGamma/crab_job_EGamma2018Dv2_3v2/190529_223037/0001/Data_EGamma2018Dv2_3v2_1552.root

file path found: /hdfs/store/user/varuns/Run2018D_Prompt/EGamma/crab_job_EGamma2018Dv2_3v2/190529_223037/0001/Data_EGamma2018Dv2_3v2_1553.root
name: Data_EGamma2018Dv2_3v2_1553.root
filenumber: 96
Adding FullPathInputFile to chain:/hdfs/store/user/varuns/Run2018D_Prompt/EGamma/crab_job_EGamma2018Dv2_3v2/190529_223037/0001/Data_EGamma2018Dv2_3v2_1553.root

file path found: /hdfs/store/user/varuns/Run2018D_Prompt/EGamma/crab_job_EGamma2018Dv2_3v2/190529_223037/0001/Data_EGamma2018Dv2_3v2_1554.root
name: Data_EGamma2018Dv2_3v2_1554.root
filenumber: 97
Adding FullPathInputFile to chain:/hdfs/store/user/varuns/Run2018D_Prompt/EGamma/crab_job_EGamma2018Dv2_3v2/190529_223037/0001/Data_EGamma2018Dv2_3v2_1554.root

file path found: /hdfs/store/user/varuns/Run2018D_Prompt/EGamma/crab_job_EGamma2018Dv2_3v2/190529_223037/0001/Data_EGamma2018Dv2_3v2_1555.root
name: Data_EGamma2018Dv2_3v2_1555.root
filenumber: 98
Adding FullPathInputFile to chain:/hdfs/store/user/varuns/Run2018D_Prompt/EGamma/crab_job_EGamma2018Dv2_3v2/190529_223037/0001/Data_EGamma2018Dv2_3v2_1555.root

file path found: /hdfs/store/user/varuns/Run2018D_Prompt/EGamma/crab_job_EGamma2018Dv2_3v2/190529_223037/0001/Data_EGamma2018Dv2_3v2_1556.root
name: Data_EGamma2018Dv2_3v2_1556.root
filenumber: 99
Adding FullPathInputFile to chain:/hdfs/store/user/varuns/Run2018D_Prompt/EGamma/crab_job_EGamma2018Dv2_3v2/190529_223037/0001/Data_EGamma2018Dv2_3v2_1556.root

file path found: /hdfs/store/user/varuns/Run2018D_Prompt/EGamma/crab_job_EGamma2018Dv2_3v2/190529_223037/0001/Data_EGamma2018Dv2_3v2_1557.root
name: Data_EGamma2018Dv2_3v2_1557.root
filenumber: 100
Adding FullPathInputFile to chain:/hdfs/store/user/varuns/Run2018D_Prompt/EGamma/crab_job_EGamma2018Dv2_3v2/190529_223037/0001/Data_EGamma2018Dv2_3v2_1557.root

file path found: /hdfs/store/user/varuns/Run2018D_Prompt/EGamma/crab_job_EGamma2018Dv2_3v2/190529_223037/0001/Data_EGamma2018Dv2_3v2_1559.root
name: Data_EGamma2018Dv2_3v2_1559.root
filenumber: 101
Adding FullPathInputFile to chain:/hdfs/store/user/varuns/Run2018D_Prompt/EGamma/crab_job_EGamma2018Dv2_3v2/190529_223037/0001/Data_EGamma2018Dv2_3v2_1559.root

file path found: /hdfs/store/user/varuns/Run2018D_Prompt/EGamma/crab_job_EGamma2018Dv2_3v2/190529_223037/0001/Data_EGamma2018Dv2_3v2_1560.root
name: Data_EGamma2018Dv2_3v2_1560.root
filenumber: 102
Adding FullPathInputFile to chain:/hdfs/store/user/varuns/Run2018D_Prompt/EGamma/crab_job_EGamma2018Dv2_3v2/190529_223037/0001/Data_EGamma2018Dv2_3v2_1560.root

file path found: /hdfs/store/user/varuns/Run2018D_Prompt/EGamma/crab_job_EGamma2018Dv2_3v2/190529_223037/0001/Data_EGamma2018Dv2_3v2_1561.root
name: Data_EGamma2018Dv2_3v2_1561.root
filenumber: 103
Adding FullPathInputFile to chain:/hdfs/store/user/varuns/Run2018D_Prompt/EGamma/crab_job_EGamma2018Dv2_3v2/190529_223037/0001/Data_EGamma2018Dv2_3v2_1561.root

file path found: /hdfs/store/user/varuns/Run2018D_Prompt/EGamma/crab_job_EGamma2018Dv2_3v2/190529_223037/0001/Data_EGamma2018Dv2_3v2_1562.root
name: Data_EGamma2018Dv2_3v2_1562.root
filenumber: 104
Adding FullPathInputFile to chain:/hdfs/store/user/varuns/Run2018D_Prompt/EGamma/crab_job_EGamma2018Dv2_3v2/190529_223037/0001/Data_EGamma2018Dv2_3v2_1562.root

file path found: /hdfs/store/user/varuns/Run2018D_Prompt/EGamma/crab_job_EGamma2018Dv2_3v2/190529_223037/0001/Data_EGamma2018Dv2_3v2_1563.root
name: Data_EGamma2018Dv2_3v2_1563.root
filenumber: 105
Adding FullPathInputFile to chain:/hdfs/store/user/varuns/Run2018D_Prompt/EGamma/crab_job_EGamma2018Dv2_3v2/190529_223037/0001/Data_EGamma2018Dv2_3v2_1563.root

file path found: /hdfs/store/user/varuns/Run2018D_Prompt/EGamma/crab_job_EGamma2018Dv2_3v2/190529_223037/0001/Data_EGamma2018Dv2_3v2_1564.root
name: Data_EGamma2018Dv2_3v2_1564.root
filenumber: 106
Adding FullPathInputFile to chain:/hdfs/store/user/varuns/Run2018D_Prompt/EGamma/crab_job_EGamma2018Dv2_3v2/190529_223037/0001/Data_EGamma2018Dv2_3v2_1564.root

file path found: /hdfs/store/user/varuns/Run2018D_Prompt/EGamma/crab_job_EGamma2018Dv2_3v2/190529_223037/0001/Data_EGamma2018Dv2_3v2_1565.root
name: Data_EGamma2018Dv2_3v2_1565.root
filenumber: 107
Adding FullPathInputFile to chain:/hdfs/store/user/varuns/Run2018D_Prompt/EGamma/crab_job_EGamma2018Dv2_3v2/190529_223037/0001/Data_EGamma2018Dv2_3v2_1565.root

file path found: /hdfs/store/user/varuns/Run2018D_Prompt/EGamma/crab_job_EGamma2018Dv2_3v2/190529_223037/0001/Data_EGamma2018Dv2_3v2_1566.root
name: Data_EGamma2018Dv2_3v2_1566.root
filenumber: 108
Adding FullPathInputFile to chain:/hdfs/store/user/varuns/Run2018D_Prompt/EGamma/crab_job_EGamma2018Dv2_3v2/190529_223037/0001/Data_EGamma2018Dv2_3v2_1566.root

file path found: /hdfs/store/user/varuns/Run2018D_Prompt/EGamma/crab_job_EGamma2018Dv2_3v2/190529_223037/0001/Data_EGamma2018Dv2_3v2_1567.root
name: Data_EGamma2018Dv2_3v2_1567.root
filenumber: 109
Adding FullPathInputFile to chain:/hdfs/store/user/varuns/Run2018D_Prompt/EGamma/crab_job_EGamma2018Dv2_3v2/190529_223037/0001/Data_EGamma2018Dv2_3v2_1567.root

file path found: /hdfs/store/user/varuns/Run2018D_Prompt/EGamma/crab_job_EGamma2018Dv2_3v2/190529_223037/0001/Data_EGamma2018Dv2_3v2_1568.root
name: Data_EGamma2018Dv2_3v2_1568.root
filenumber: 110
Adding FullPathInputFile to chain:/hdfs/store/user/varuns/Run2018D_Prompt/EGamma/crab_job_EGamma2018Dv2_3v2/190529_223037/0001/Data_EGamma2018Dv2_3v2_1568.root

file path found: /hdfs/store/user/varuns/Run2018D_Prompt/EGamma/crab_job_EGamma2018Dv2_3v2/190529_223037/0001/Data_EGamma2018Dv2_3v2_1569.root
name: Data_EGamma2018Dv2_3v2_1569.root
filenumber: 111
Adding FullPathInputFile to chain:/hdfs/store/user/varuns/Run2018D_Prompt/EGamma/crab_job_EGamma2018Dv2_3v2/190529_223037/0001/Data_EGamma2018Dv2_3v2_1569.root

file path found: /hdfs/store/user/varuns/Run2018D_Prompt/EGamma/crab_job_EGamma2018Dv2_3v2/190529_223037/0001/Data_EGamma2018Dv2_3v2_1570.root
name: Data_EGamma2018Dv2_3v2_1570.root
filenumber: 112
Adding FullPathInputFile to chain:/hdfs/store/user/varuns/Run2018D_Prompt/EGamma/crab_job_EGamma2018Dv2_3v2/190529_223037/0001/Data_EGamma2018Dv2_3v2_1570.root

file path found: /hdfs/store/user/varuns/Run2018D_Prompt/EGamma/crab_job_EGamma2018Dv2_3v2/190529_223037/0001/Data_EGamma2018Dv2_3v2_1571.root
name: Data_EGamma2018Dv2_3v2_1571.root
filenumber: 113
Adding FullPathInputFile to chain:/hdfs/store/user/varuns/Run2018D_Prompt/EGamma/crab_job_EGamma2018Dv2_3v2/190529_223037/0001/Data_EGamma2018Dv2_3v2_1571.root

file path found: /hdfs/store/user/varuns/Run2018D_Prompt/EGamma/crab_job_EGamma2018Dv2_3v2/190529_223037/0001/Data_EGamma2018Dv2_3v2_1572.root
name: Data_EGamma2018Dv2_3v2_1572.root
filenumber: 114
Adding FullPathInputFile to chain:/hdfs/store/user/varuns/Run2018D_Prompt/EGamma/crab_job_EGamma2018Dv2_3v2/190529_223037/0001/Data_EGamma2018Dv2_3v2_1572.root

file path found: /hdfs/store/user/varuns/Run2018D_Prompt/EGamma/crab_job_EGamma2018Dv2_3v2/190529_223037/0001/Data_EGamma2018Dv2_3v2_1573.root
name: Data_EGamma2018Dv2_3v2_1573.root
filenumber: 115
Adding FullPathInputFile to chain:/hdfs/store/user/varuns/Run2018D_Prompt/EGamma/crab_job_EGamma2018Dv2_3v2/190529_223037/0001/Data_EGamma2018Dv2_3v2_1573.root

file path found: /hdfs/store/user/varuns/Run2018D_Prompt/EGamma/crab_job_EGamma2018Dv2_3v2/190529_223037/0001/Data_EGamma2018Dv2_3v2_1574.root
name: Data_EGamma2018Dv2_3v2_1574.root
filenumber: 116
Adding FullPathInputFile to chain:/hdfs/store/user/varuns/Run2018D_Prompt/EGamma/crab_job_EGamma2018Dv2_3v2/190529_223037/0001/Data_EGamma2018Dv2_3v2_1574.root

file path found: /hdfs/store/user/varuns/Run2018D_Prompt/EGamma/crab_job_EGamma2018Dv2_3v2/190529_223037/0001/Data_EGamma2018Dv2_3v2_1575.root
name: Data_EGamma2018Dv2_3v2_1575.root
filenumber: 117
Adding FullPathInputFile to chain:/hdfs/store/user/varuns/Run2018D_Prompt/EGamma/crab_job_EGamma2018Dv2_3v2/190529_223037/0001/Data_EGamma2018Dv2_3v2_1575.root

file path found: /hdfs/store/user/varuns/Run2018D_Prompt/EGamma/crab_job_EGamma2018Dv2_3v2/190529_223037/0001/Data_EGamma2018Dv2_3v2_1576.root
name: Data_EGamma2018Dv2_3v2_1576.root
filenumber: 118
Adding FullPathInputFile to chain:/hdfs/store/user/varuns/Run2018D_Prompt/EGamma/crab_job_EGamma2018Dv2_3v2/190529_223037/0001/Data_EGamma2018Dv2_3v2_1576.root

file path found: /hdfs/store/user/varuns/Run2018D_Prompt/EGamma/crab_job_EGamma2018Dv2_3v2/190529_223037/0001/Data_EGamma2018Dv2_3v2_1577.root
name: Data_EGamma2018Dv2_3v2_1577.root
filenumber: 119
Adding FullPathInputFile to chain:/hdfs/store/user/varuns/Run2018D_Prompt/EGamma/crab_job_EGamma2018Dv2_3v2/190529_223037/0001/Data_EGamma2018Dv2_3v2_1577.root

file path found: /hdfs/store/user/varuns/Run2018D_Prompt/EGamma/crab_job_EGamma2018Dv2_3v2/190529_223037/0001/Data_EGamma2018Dv2_3v2_1578.root
name: Data_EGamma2018Dv2_3v2_1578.root
filenumber: 120
Adding FullPathInputFile to chain:/hdfs/store/user/varuns/Run2018D_Prompt/EGamma/crab_job_EGamma2018Dv2_3v2/190529_223037/0001/Data_EGamma2018Dv2_3v2_1578.root

file path found: /hdfs/store/user/varuns/Run2018D_Prompt/EGamma/crab_job_EGamma2018Dv2_3v2/190529_223037/0001/Data_EGamma2018Dv2_3v2_1579.root
name: Data_EGamma2018Dv2_3v2_1579.root
filenumber: 121
Adding FullPathInputFile to chain:/hdfs/store/user/varuns/Run2018D_Prompt/EGamma/crab_job_EGamma2018Dv2_3v2/190529_223037/0001/Data_EGamma2018Dv2_3v2_1579.root

file path found: /hdfs/store/user/varuns/Run2018D_Prompt/EGamma/crab_job_EGamma2018Dv2_3v2/190529_223037/0001/Data_EGamma2018Dv2_3v2_1580.root
name: Data_EGamma2018Dv2_3v2_1580.root
filenumber: 122
Adding FullPathInputFile to chain:/hdfs/store/user/varuns/Run2018D_Prompt/EGamma/crab_job_EGamma2018Dv2_3v2/190529_223037/0001/Data_EGamma2018Dv2_3v2_1580.root

file path found: /hdfs/store/user/varuns/Run2018D_Prompt/EGamma/crab_job_EGamma2018Dv2_3v2/190529_223037/0001/Data_EGamma2018Dv2_3v2_1581.root
name: Data_EGamma2018Dv2_3v2_1581.root
filenumber: 123
Adding FullPathInputFile to chain:/hdfs/store/user/varuns/Run2018D_Prompt/EGamma/crab_job_EGamma2018Dv2_3v2/190529_223037/0001/Data_EGamma2018Dv2_3v2_1581.root

file path found: /hdfs/store/user/varuns/Run2018D_Prompt/EGamma/crab_job_EGamma2018Dv2_3v2/190529_223037/0001/Data_EGamma2018Dv2_3v2_1582.root
name: Data_EGamma2018Dv2_3v2_1582.root
filenumber: 124
Adding FullPathInputFile to chain:/hdfs/store/user/varuns/Run2018D_Prompt/EGamma/crab_job_EGamma2018Dv2_3v2/190529_223037/0001/Data_EGamma2018Dv2_3v2_1582.root

file path found: /hdfs/store/user/varuns/Run2018D_Prompt/EGamma/crab_job_EGamma2018Dv2_3v2/190529_223037/0001/Data_EGamma2018Dv2_3v2_1583.root
name: Data_EGamma2018Dv2_3v2_1583.root
filenumber: 125
Adding FullPathInputFile to chain:/hdfs/store/user/varuns/Run2018D_Prompt/EGamma/crab_job_EGamma2018Dv2_3v2/190529_223037/0001/Data_EGamma2018Dv2_3v2_1583.root

file path found: /hdfs/store/user/varuns/Run2018D_Prompt/EGamma/crab_job_EGamma2018Dv2_3v2/190529_223037/0001/Data_EGamma2018Dv2_3v2_1584.root
name: Data_EGamma2018Dv2_3v2_1584.root
filenumber: 126
Adding FullPathInputFile to chain:/hdfs/store/user/varuns/Run2018D_Prompt/EGamma/crab_job_EGamma2018Dv2_3v2/190529_223037/0001/Data_EGamma2018Dv2_3v2_1584.root

file path found: /hdfs/store/user/varuns/Run2018D_Prompt/EGamma/crab_job_EGamma2018Dv2_3v2/190529_223037/0001/Data_EGamma2018Dv2_3v2_1585.root
name: Data_EGamma2018Dv2_3v2_1585.root
filenumber: 127
Adding FullPathInputFile to chain:/hdfs/store/user/varuns/Run2018D_Prompt/EGamma/crab_job_EGamma2018Dv2_3v2/190529_223037/0001/Data_EGamma2018Dv2_3v2_1585.root

file path found: /hdfs/store/user/varuns/Run2018D_Prompt/EGamma/crab_job_EGamma2018Dv2_3v2/190529_223037/0001/Data_EGamma2018Dv2_3v2_1586.root
name: Data_EGamma2018Dv2_3v2_1586.root
filenumber: 128
Adding FullPathInputFile to chain:/hdfs/store/user/varuns/Run2018D_Prompt/EGamma/crab_job_EGamma2018Dv2_3v2/190529_223037/0001/Data_EGamma2018Dv2_3v2_1586.root

file path found: /hdfs/store/user/varuns/Run2018D_Prompt/EGamma/crab_job_EGamma2018Dv2_3v2/190529_223037/0001/Data_EGamma2018Dv2_3v2_1587.root
name: Data_EGamma2018Dv2_3v2_1587.root
filenumber: 129
Adding FullPathInputFile to chain:/hdfs/store/user/varuns/Run2018D_Prompt/EGamma/crab_job_EGamma2018Dv2_3v2/190529_223037/0001/Data_EGamma2018Dv2_3v2_1587.root

file path found: /hdfs/store/user/varuns/Run2018D_Prompt/EGamma/crab_job_EGamma2018Dv2_3v2/190529_223037/0001/Data_EGamma2018Dv2_3v2_1588.root
name: Data_EGamma2018Dv2_3v2_1588.root
filenumber: 130
Adding FullPathInputFile to chain:/hdfs/store/user/varuns/Run2018D_Prompt/EGamma/crab_job_EGamma2018Dv2_3v2/190529_223037/0001/Data_EGamma2018Dv2_3v2_1588.root

file path found: /hdfs/store/user/varuns/Run2018D_Prompt/EGamma/crab_job_EGamma2018Dv2_3v2/190529_223037/0001/Data_EGamma2018Dv2_3v2_1589.root
name: Data_EGamma2018Dv2_3v2_1589.root
filenumber: 131
Adding FullPathInputFile to chain:/hdfs/store/user/varuns/Run2018D_Prompt/EGamma/crab_job_EGamma2018Dv2_3v2/190529_223037/0001/Data_EGamma2018Dv2_3v2_1589.root

file path found: /hdfs/store/user/varuns/Run2018D_Prompt/EGamma/crab_job_EGamma2018Dv2_3v2/190529_223037/0001/Data_EGamma2018Dv2_3v2_1590.root
name: Data_EGamma2018Dv2_3v2_1590.root
filenumber: 132
Adding FullPathInputFile to chain:/hdfs/store/user/varuns/Run2018D_Prompt/EGamma/crab_job_EGamma2018Dv2_3v2/190529_223037/0001/Data_EGamma2018Dv2_3v2_1590.root

file path found: /hdfs/store/user/varuns/Run2018D_Prompt/EGamma/crab_job_EGamma2018Dv2_3v2/190529_223037/0001/Data_EGamma2018Dv2_3v2_1591.root
name: Data_EGamma2018Dv2_3v2_1591.root
filenumber: 133
Adding FullPathInputFile to chain:/hdfs/store/user/varuns/Run2018D_Prompt/EGamma/crab_job_EGamma2018Dv2_3v2/190529_223037/0001/Data_EGamma2018Dv2_3v2_1591.root

file path found: /hdfs/store/user/varuns/Run2018D_Prompt/EGamma/crab_job_EGamma2018Dv2_3v2/190529_223037/0001/Data_EGamma2018Dv2_3v2_1592.root
name: Data_EGamma2018Dv2_3v2_1592.root
filenumber: 134
Adding FullPathInputFile to chain:/hdfs/store/user/varuns/Run2018D_Prompt/EGamma/crab_job_EGamma2018Dv2_3v2/190529_223037/0001/Data_EGamma2018Dv2_3v2_1592.root

file path found: /hdfs/store/user/varuns/Run2018D_Prompt/EGamma/crab_job_EGamma2018Dv2_3v2/190529_223037/0001/Data_EGamma2018Dv2_3v2_1593.root
name: Data_EGamma2018Dv2_3v2_1593.root
filenumber: 135
Adding FullPathInputFile to chain:/hdfs/store/user/varuns/Run2018D_Prompt/EGamma/crab_job_EGamma2018Dv2_3v2/190529_223037/0001/Data_EGamma2018Dv2_3v2_1593.root

file path found: /hdfs/store/user/varuns/Run2018D_Prompt/EGamma/crab_job_EGamma2018Dv2_3v2/190529_223037/0001/Data_EGamma2018Dv2_3v2_1687.root
name: Data_EGamma2018Dv2_3v2_1687.root
filenumber: 136
Adding FullPathInputFile to chain:/hdfs/store/user/varuns/Run2018D_Prompt/EGamma/crab_job_EGamma2018Dv2_3v2/190529_223037/0001/Data_EGamma2018Dv2_3v2_1687.root

file path found: /hdfs/store/user/varuns/Run2018D_Prompt/EGamma/crab_job_EGamma2018Dv2_3v2/190529_223037/0001/Data_EGamma2018Dv2_3v2_1688.root
name: Data_EGamma2018Dv2_3v2_1688.root
filenumber: 137
Adding FullPathInputFile to chain:/hdfs/store/user/varuns/Run2018D_Prompt/EGamma/crab_job_EGamma2018Dv2_3v2/190529_223037/0001/Data_EGamma2018Dv2_3v2_1688.root

file path found: /hdfs/store/user/varuns/Run2018D_Prompt/EGamma/crab_job_EGamma2018Dv2_3v2/190529_223037/0001/Data_EGamma2018Dv2_3v2_1690.root
name: Data_EGamma2018Dv2_3v2_1690.root
filenumber: 138
Adding FullPathInputFile to chain:/hdfs/store/user/varuns/Run2018D_Prompt/EGamma/crab_job_EGamma2018Dv2_3v2/190529_223037/0001/Data_EGamma2018Dv2_3v2_1690.root

file path found: /hdfs/store/user/varuns/Run2018D_Prompt/EGamma/crab_job_EGamma2018Dv2_3v2/190529_223037/0001/Data_EGamma2018Dv2_3v2_1691.root
name: Data_EGamma2018Dv2_3v2_1691.root
filenumber: 139
Adding FullPathInputFile to chain:/hdfs/store/user/varuns/Run2018D_Prompt/EGamma/crab_job_EGamma2018Dv2_3v2/190529_223037/0001/Data_EGamma2018Dv2_3v2_1691.root

file path found: /hdfs/store/user/varuns/Run2018D_Prompt/EGamma/crab_job_EGamma2018Dv2_3v2/190529_223037/0001/Data_EGamma2018Dv2_3v2_1692.root
name: Data_EGamma2018Dv2_3v2_1692.root
filenumber: 140
Adding FullPathInputFile to chain:/hdfs/store/user/varuns/Run2018D_Prompt/EGamma/crab_job_EGamma2018Dv2_3v2/190529_223037/0001/Data_EGamma2018Dv2_3v2_1692.root

file path found: /hdfs/store/user/varuns/Run2018D_Prompt/EGamma/crab_job_EGamma2018Dv2_3v2/190529_223037/0001/Data_EGamma2018Dv2_3v2_1694.root
name: Data_EGamma2018Dv2_3v2_1694.root
filenumber: 141
Adding FullPathInputFile to chain:/hdfs/store/user/varuns/Run2018D_Prompt/EGamma/crab_job_EGamma2018Dv2_3v2/190529_223037/0001/Data_EGamma2018Dv2_3v2_1694.root

file path found: /hdfs/store/user/varuns/Run2018D_Prompt/EGamma/crab_job_EGamma2018Dv2_3v2/190529_223037/0001/Data_EGamma2018Dv2_3v2_1696.root
name: Data_EGamma2018Dv2_3v2_1696.root
filenumber: 142
Adding FullPathInputFile to chain:/hdfs/store/user/varuns/Run2018D_Prompt/EGamma/crab_job_EGamma2018Dv2_3v2/190529_223037/0001/Data_EGamma2018Dv2_3v2_1696.root

file path found: /hdfs/store/user/varuns/Run2018D_Prompt/EGamma/crab_job_EGamma2018Dv2_3v2/190529_223037/0001/Data_EGamma2018Dv2_3v2_1702.root
name: Data_EGamma2018Dv2_3v2_1702.root
filenumber: 143
Adding FullPathInputFile to chain:/hdfs/store/user/varuns/Run2018D_Prompt/EGamma/crab_job_EGamma2018Dv2_3v2/190529_223037/0001/Data_EGamma2018Dv2_3v2_1702.root

file path found: /hdfs/store/user/varuns/Run2018D_Prompt/EGamma/crab_job_EGamma2018Dv2_3v2/190529_223037/0001/Data_EGamma2018Dv2_3v2_1707.root
name: Data_EGamma2018Dv2_3v2_1707.root
filenumber: 144
Adding FullPathInputFile to chain:/hdfs/store/user/varuns/Run2018D_Prompt/EGamma/crab_job_EGamma2018Dv2_3v2/190529_223037/0001/Data_EGamma2018Dv2_3v2_1707.root

file path found: /hdfs/store/user/varuns/Run2018D_Prompt/EGamma/crab_job_EGamma2018Dv2_3v2/190529_223037/0001/Data_EGamma2018Dv2_3v2_1708.root
name: Data_EGamma2018Dv2_3v2_1708.root
filenumber: 145
Adding FullPathInputFile to chain:/hdfs/store/user/varuns/Run2018D_Prompt/EGamma/crab_job_EGamma2018Dv2_3v2/190529_223037/0001/Data_EGamma2018Dv2_3v2_1708.root

file path found: /hdfs/store/user/varuns/Run2018D_Prompt/EGamma/crab_job_EGamma2018Dv2_3v2/190529_223037/0001/Data_EGamma2018Dv2_3v2_1709.root
name: Data_EGamma2018Dv2_3v2_1709.root
filenumber: 146
file path found: /hdfs/store/user/varuns/Run2018D_Prompt/EGamma/crab_job_EGamma2018Dv2_3v2/190529_223037/0001/Data_EGamma2018Dv2_3v2_1719.root
name: Data_EGamma2018Dv2_3v2_1719.root
filenumber: 147
file path found: /hdfs/store/user/varuns/Run2018D_Prompt/EGamma/crab_job_EGamma2018Dv2_3v2/190529_223037/0001/Data_EGamma2018Dv2_3v2_1725.root
name: Data_EGamma2018Dv2_3v2_1725.root
filenumber: 148
file path found: /hdfs/store/user/varuns/Run2018D_Prompt/EGamma/crab_job_EGamma2018Dv2_3v2/190529_223037/0001/Data_EGamma2018Dv2_3v2_1726.root
name: Data_EGamma2018Dv2_3v2_1726.root
filenumber: 149
file path found: /hdfs/store/user/varuns/Run2018D_Prompt/EGamma/crab_job_EGamma2018Dv2_3v2/190529_223037/0001/Data_EGamma2018Dv2_3v2_1727.root
name: Data_EGamma2018Dv2_3v2_1727.root
filenumber: 150
file path found: /hdfs/store/user/varuns/Run2018D_Prompt/EGamma/crab_job_EGamma2018Dv2_3v2/190529_223037/0001/Data_EGamma2018Dv2_3v2_1728.root
name: Data_EGamma2018Dv2_3v2_1728.root
filenumber: 151
file path found: /hdfs/store/user/varuns/Run2018D_Prompt/EGamma/crab_job_EGamma2018Dv2_3v2/190529_223037/0001/Data_EGamma2018Dv2_3v2_1730.root
name: Data_EGamma2018Dv2_3v2_1730.root
filenumber: 152
file path found: /hdfs/store/user/varuns/Run2018D_Prompt/EGamma/crab_job_EGamma2018Dv2_3v2/190529_223037/0001/Data_EGamma2018Dv2_3v2_1731.root
name: Data_EGamma2018Dv2_3v2_1731.root
filenumber: 153
file path found: /hdfs/store/user/varuns/Run2018D_Prompt/EGamma/crab_job_EGamma2018Dv2_3v2/190529_223037/0001/Data_EGamma2018Dv2_3v2_1734.root
name: Data_EGamma2018Dv2_3v2_1734.root
filenumber: 154
file path found: /hdfs/store/user/varuns/Run2018D_Prompt/EGamma/crab_job_EGamma2018Dv2_3v2/190529_223037/0001/Data_EGamma2018Dv2_3v2_1736.root
name: Data_EGamma2018Dv2_3v2_1736.root
filenumber: 155
file path found: /hdfs/store/user/varuns/Run2018D_Prompt/EGamma/crab_job_EGamma2018Dv2_3v2/190529_223037/0001/Data_EGamma2018Dv2_3v2_1737.root
name: Data_EGamma2018Dv2_3v2_1737.root
filenumber: 156
file path found: /hdfs/store/user/varuns/Run2018D_Prompt/EGamma/crab_job_EGamma2018Dv2_3v2/190529_223037/0001/Data_EGamma2018Dv2_3v2_1738.root
name: Data_EGamma2018Dv2_3v2_1738.root
filenumber: 157
file path found: /hdfs/store/user/varuns/Run2018D_Prompt/EGamma/crab_job_EGamma2018Dv2_3v2/190529_223037/0001/Data_EGamma2018Dv2_3v2_1739.root
name: Data_EGamma2018Dv2_3v2_1739.root
filenumber: 158
file path found: /hdfs/store/user/varuns/Run2018D_Prompt/EGamma/crab_job_EGamma2018Dv2_3v2/190529_223037/0001/Data_EGamma2018Dv2_3v2_1740.root
name: Data_EGamma2018Dv2_3v2_1740.root
filenumber: 159
file path found: /hdfs/store/user/varuns/Run2018D_Prompt/EGamma/crab_job_EGamma2018Dv2_3v2/190529_223037/0001/Data_EGamma2018Dv2_3v2_1741.root
name: Data_EGamma2018Dv2_3v2_1741.root
filenumber: 160
file path found: /hdfs/store/user/varuns/Run2018D_Prompt/EGamma/crab_job_EGamma2018Dv2_3v2/190529_223037/0001/Data_EGamma2018Dv2_3v2_1742.root
name: Data_EGamma2018Dv2_3v2_1742.root
filenumber: 161
file path found: /hdfs/store/user/varuns/Run2018D_Prompt/EGamma/crab_job_EGamma2018Dv2_3v2/190529_223037/0001/Data_EGamma2018Dv2_3v2_1743.root
name: Data_EGamma2018Dv2_3v2_1743.root
filenumber: 162
file path found: /hdfs/store/user/varuns/Run2018D_Prompt/EGamma/crab_job_EGamma2018Dv2_3v2/190529_223037/0001/Data_EGamma2018Dv2_3v2_1744.root
name: Data_EGamma2018Dv2_3v2_1744.root
filenumber: 163
file path found: /hdfs/store/user/varuns/Run2018D_Prompt/EGamma/crab_job_EGamma2018Dv2_3v2/190529_223037/0001/Data_EGamma2018Dv2_3v2_1745.root
name: Data_EGamma2018Dv2_3v2_1745.root
filenumber: 164
file path found: /hdfs/store/user/varuns/Run2018D_Prompt/EGamma/crab_job_EGamma2018Dv2_3v2/190529_223037/0001/Data_EGamma2018Dv2_3v2_1746.root
name: Data_EGamma2018Dv2_3v2_1746.root
filenumber: 165
file path found: /hdfs/store/user/varuns/Run2018D_Prompt/EGamma/crab_job_EGamma2018Dv2_3v2/190529_223037/0001/Data_EGamma2018Dv2_3v2_1747.root
name: Data_EGamma2018Dv2_3v2_1747.root
filenumber: 166
file path found: /hdfs/store/user/varuns/Run2018D_Prompt/EGamma/crab_job_EGamma2018Dv2_3v2/190529_223037/0001/Data_EGamma2018Dv2_3v2_1750.root
name: Data_EGamma2018Dv2_3v2_1750.root
filenumber: 167
file path found: /hdfs/store/user/varuns/Run2018D_Prompt/EGamma/crab_job_EGamma2018Dv2_3v2/190529_223037/0001/Data_EGamma2018Dv2_3v2_1752.root
name: Data_EGamma2018Dv2_3v2_1752.root
filenumber: 168
file path found: /hdfs/store/user/varuns/Run2018D_Prompt/EGamma/crab_job_EGamma2018Dv2_3v2/190529_223037/0001/Data_EGamma2018Dv2_3v2_1753.root
name: Data_EGamma2018Dv2_3v2_1753.root
filenumber: 169
file path found: /hdfs/store/user/varuns/Run2018D_Prompt/EGamma/crab_job_EGamma2018Dv2_3v2/190529_223037/0001/Data_EGamma2018Dv2_3v2_1754.root
name: Data_EGamma2018Dv2_3v2_1754.root
filenumber: 170
file path found: /hdfs/store/user/varuns/Run2018D_Prompt/EGamma/crab_job_EGamma2018Dv2_3v2/190529_223037/0001/Data_EGamma2018Dv2_3v2_1755.root
name: Data_EGamma2018Dv2_3v2_1755.root
filenumber: 171
file path found: /hdfs/store/user/varuns/Run2018D_Prompt/EGamma/crab_job_EGamma2018Dv2_3v2/190529_223037/0001/Data_EGamma2018Dv2_3v2_1756.root
name: Data_EGamma2018Dv2_3v2_1756.root
filenumber: 172
file path found: /hdfs/store/user/varuns/Run2018D_Prompt/EGamma/crab_job_EGamma2018Dv2_3v2/190529_223037/0001/Data_EGamma2018Dv2_3v2_1757.root
name: Data_EGamma2018Dv2_3v2_1757.root
filenumber: 173
file path found: /hdfs/store/user/varuns/Run2018D_Prompt/EGamma/crab_job_EGamma2018Dv2_3v2/190529_223037/0001/Data_EGamma2018Dv2_3v2_1758.root
name: Data_EGamma2018Dv2_3v2_1758.root
filenumber: 174
file path found: /hdfs/store/user/varuns/Run2018D_Prompt/EGamma/crab_job_EGamma2018Dv2_3v2/190529_223037/0001/Data_EGamma2018Dv2_3v2_1759.root
name: Data_EGamma2018Dv2_3v2_1759.root
filenumber: 175
file path found: /hdfs/store/user/varuns/Run2018D_Prompt/EGamma/crab_job_EGamma2018Dv2_3v2/190529_223037/0001/Data_EGamma2018Dv2_3v2_1760.root
name: Data_EGamma2018Dv2_3v2_1760.root
filenumber: 176
file path found: /hdfs/store/user/varuns/Run2018D_Prompt/EGamma/crab_job_EGamma2018Dv2_3v2/190529_223037/0001/Data_EGamma2018Dv2_3v2_1762.root
name: Data_EGamma2018Dv2_3v2_1762.root
filenumber: 177
file path found: /hdfs/store/user/varuns/Run2018D_Prompt/EGamma/crab_job_EGamma2018Dv2_3v2/190529_223037/0001/Data_EGamma2018Dv2_3v2_1768.root
name: Data_EGamma2018Dv2_3v2_1768.root
filenumber: 178
file path found: /hdfs/store/user/varuns/Run2018D_Prompt/EGamma/crab_job_EGamma2018Dv2_3v2/190529_223037/0001/Data_EGamma2018Dv2_3v2_1769.root
name: Data_EGamma2018Dv2_3v2_1769.root
filenumber: 179
file path found: /hdfs/store/user/varuns/Run2018D_Prompt/EGamma/crab_job_EGamma2018Dv2_3v2/190529_223037/0001/Data_EGamma2018Dv2_3v2_1770.root
name: Data_EGamma2018Dv2_3v2_1770.root
filenumber: 180
file path found: /hdfs/store/user/varuns/Run2018D_Prompt/EGamma/crab_job_EGamma2018Dv2_3v2/190529_223037/0001/Data_EGamma2018Dv2_3v2_1771.root
name: Data_EGamma2018Dv2_3v2_1771.root
filenumber: 181
file path found: /hdfs/store/user/varuns/Run2018D_Prompt/EGamma/crab_job_EGamma2018Dv2_3v2/190529_223037/0001/Data_EGamma2018Dv2_3v2_1774.root
name: Data_EGamma2018Dv2_3v2_1774.root
filenumber: 182
file path found: /hdfs/store/user/varuns/Run2018D_Prompt/EGamma/crab_job_EGamma2018Dv2_3v2/190529_223037/0001/Data_EGamma2018Dv2_3v2_1776.root
name: Data_EGamma2018Dv2_3v2_1776.root
filenumber: 183
file path found: /hdfs/store/user/varuns/Run2018D_Prompt/EGamma/crab_job_EGamma2018Dv2_3v2/190529_223037/0001/Data_EGamma2018Dv2_3v2_1777.root
name: Data_EGamma2018Dv2_3v2_1777.root
filenumber: 184
file path found: /hdfs/store/user/varuns/Run2018D_Prompt/EGamma/crab_job_EGamma2018Dv2_3v2/190529_223037/0001/Data_EGamma2018Dv2_3v2_1779.root
name: Data_EGamma2018Dv2_3v2_1779.root
filenumber: 185
file path found: /hdfs/store/user/varuns/Run2018D_Prompt/EGamma/crab_job_EGamma2018Dv2_3v2/190529_223037/0001/Data_EGamma2018Dv2_3v2_1781.root
name: Data_EGamma2018Dv2_3v2_1781.root
filenumber: 186
file path found: /hdfs/store/user/varuns/Run2018D_Prompt/EGamma/crab_job_EGamma2018Dv2_3v2/190529_223037/0001/Data_EGamma2018Dv2_3v2_1782.root
name: Data_EGamma2018Dv2_3v2_1782.root
filenumber: 187
file path found: /hdfs/store/user/varuns/Run2018D_Prompt/EGamma/crab_job_EGamma2018Dv2_3v2/190529_223037/0001/Data_EGamma2018Dv2_3v2_1783.root
name: Data_EGamma2018Dv2_3v2_1783.root
filenumber: 188
file path found: /hdfs/store/user/varuns/Run2018D_Prompt/EGamma/crab_job_EGamma2018Dv2_3v2/190529_223037/0001/Data_EGamma2018Dv2_3v2_1784.root
name: Data_EGamma2018Dv2_3v2_1784.root
filenumber: 189
file path found: /hdfs/store/user/varuns/Run2018D_Prompt/EGamma/crab_job_EGamma2018Dv2_3v2/190529_223037/0001/Data_EGamma2018Dv2_3v2_1785.root
name: Data_EGamma2018Dv2_3v2_1785.root
filenumber: 190
file path found: /hdfs/store/user/varuns/Run2018D_Prompt/EGamma/crab_job_EGamma2018Dv2_3v2/190529_223037/0001/Data_EGamma2018Dv2_3v2_1786.root
name: Data_EGamma2018Dv2_3v2_1786.root
filenumber: 191
file path found: /hdfs/store/user/varuns/Run2018D_Prompt/EGamma/crab_job_EGamma2018Dv2_3v2/190529_223037/0001/Data_EGamma2018Dv2_3v2_1787.root
name: Data_EGamma2018Dv2_3v2_1787.root
filenumber: 192
file path found: /hdfs/store/user/varuns/Run2018D_Prompt/EGamma/crab_job_EGamma2018Dv2_3v2/190529_223037/0001/Data_EGamma2018Dv2_3v2_1788.root
name: Data_EGamma2018Dv2_3v2_1788.root
filenumber: 193
file path found: /hdfs/store/user/varuns/Run2018D_Prompt/EGamma/crab_job_EGamma2018Dv2_3v2/190529_223037/0001/Data_EGamma2018Dv2_3v2_1789.root
name: Data_EGamma2018Dv2_3v2_1789.root
filenumber: 194
file path found: /hdfs/store/user/varuns/Run2018D_Prompt/EGamma/crab_job_EGamma2018Dv2_3v2/190529_223037/0001/Data_EGamma2018Dv2_3v2_1792.root
name: Data_EGamma2018Dv2_3v2_1792.root
filenumber: 195
file path found: /hdfs/store/user/varuns/Run2018D_Prompt/EGamma/crab_job_EGamma2018Dv2_3v2/190529_223037/0001/Data_EGamma2018Dv2_3v2_1793.root
name: Data_EGamma2018Dv2_3v2_1793.root
filenumber: 196
file path found: /hdfs/store/user/varuns/Run2018D_Prompt/EGamma/crab_job_EGamma2018Dv2_3v2/190529_223037/0001/Data_EGamma2018Dv2_3v2_1794.root
name: Data_EGamma2018Dv2_3v2_1794.root
filenumber: 197
file path found: /hdfs/store/user/varuns/Run2018D_Prompt/EGamma/crab_job_EGamma2018Dv2_3v2/190529_223037/0001/Data_EGamma2018Dv2_3v2_1796.root
name: Data_EGamma2018Dv2_3v2_1796.root
filenumber: 198
file path found: /hdfs/store/user/varuns/Run2018D_Prompt/EGamma/crab_job_EGamma2018Dv2_3v2/190529_223037/0001/Data_EGamma2018Dv2_3v2_1797.root
name: Data_EGamma2018Dv2_3v2_1797.root
filenumber: 199
file path found: /hdfs/store/user/varuns/Run2018D_Prompt/EGamma/crab_job_EGamma2018Dv2_3v2/190529_223037/0001/Data_EGamma2018Dv2_3v2_1800.root
name: Data_EGamma2018Dv2_3v2_1800.root
filenumber: 200
file path found: /hdfs/store/user/varuns/Run2018D_Prompt/EGamma/crab_job_EGamma2018Dv2_3v2/190529_223037/0001/Data_EGamma2018Dv2_3v2_1802.root
name: Data_EGamma2018Dv2_3v2_1802.root
filenumber: 201
file path found: /hdfs/store/user/varuns/Run2018D_Prompt/EGamma/crab_job_EGamma2018Dv2_3v2/190529_223037/0001/Data_EGamma2018Dv2_3v2_1803.root
name: Data_EGamma2018Dv2_3v2_1803.root
filenumber: 202
file path found: /hdfs/store/user/varuns/Run2018D_Prompt/EGamma/crab_job_EGamma2018Dv2_3v2/190529_223037/0001/Data_EGamma2018Dv2_3v2_1804.root
name: Data_EGamma2018Dv2_3v2_1804.root
filenumber: 203
file path found: /hdfs/store/user/varuns/Run2018D_Prompt/EGamma/crab_job_EGamma2018Dv2_3v2/190529_223037/0001/Data_EGamma2018Dv2_3v2_1805.root
name: Data_EGamma2018Dv2_3v2_1805.root
filenumber: 204
file path found: /hdfs/store/user/varuns/Run2018D_Prompt/EGamma/crab_job_EGamma2018Dv2_3v2/190529_223037/0001/Data_EGamma2018Dv2_3v2_1806.root
name: Data_EGamma2018Dv2_3v2_1806.root
filenumber: 205
file path found: /hdfs/store/user/varuns/Run2018D_Prompt/EGamma/crab_job_EGamma2018Dv2_3v2/190529_223037/0001/Data_EGamma2018Dv2_3v2_1808.root
name: Data_EGamma2018Dv2_3v2_1808.root
filenumber: 206
file path found: /hdfs/store/user/varuns/Run2018D_Prompt/EGamma/crab_job_EGamma2018Dv2_3v2/190529_223037/0001/Data_EGamma2018Dv2_3v2_1809.root
name: Data_EGamma2018Dv2_3v2_1809.root
filenumber: 207
file path found: /hdfs/store/user/varuns/Run2018D_Prompt/EGamma/crab_job_EGamma2018Dv2_3v2/190529_223037/0001/Data_EGamma2018Dv2_3v2_1810.root
name: Data_EGamma2018Dv2_3v2_1810.root
filenumber: 208
file path found: /hdfs/store/user/varuns/Run2018D_Prompt/EGamma/crab_job_EGamma2018Dv2_3v2/190529_223037/0001/Data_EGamma2018Dv2_3v2_1811.root
name: Data_EGamma2018Dv2_3v2_1811.root
filenumber: 209
file path found: /hdfs/store/user/varuns/Run2018D_Prompt/EGamma/crab_job_EGamma2018Dv2_3v2/190529_223037/0001/Data_EGamma2018Dv2_3v2_1812.root
name: Data_EGamma2018Dv2_3v2_1812.root
filenumber: 210
file path found: /hdfs/store/user/varuns/Run2018D_Prompt/EGamma/crab_job_EGamma2018Dv2_3v2/190529_223037/0001/Data_EGamma2018Dv2_3v2_1813.root
name: Data_EGamma2018Dv2_3v2_1813.root
filenumber: 211
file path found: /hdfs/store/user/varuns/Run2018D_Prompt/EGamma/crab_job_EGamma2018Dv2_3v2/190529_223037/0001/Data_EGamma2018Dv2_3v2_1814.root
name: Data_EGamma2018Dv2_3v2_1814.root
filenumber: 212
file path found: /hdfs/store/user/varuns/Run2018D_Prompt/EGamma/crab_job_EGamma2018Dv2_3v2/190529_223037/0001/Data_EGamma2018Dv2_3v2_1815.root
name: Data_EGamma2018Dv2_3v2_1815.root
filenumber: 213
file path found: /hdfs/store/user/varuns/Run2018D_Prompt/EGamma/crab_job_EGamma2018Dv2_3v2/190529_223037/0001/Data_EGamma2018Dv2_3v2_1816.root
name: Data_EGamma2018Dv2_3v2_1816.root
filenumber: 214
file path found: /hdfs/store/user/varuns/Run2018D_Prompt/EGamma/crab_job_EGamma2018Dv2_3v2/190529_223037/0001/Data_EGamma2018Dv2_3v2_1985.root
name: Data_EGamma2018Dv2_3v2_1985.root
filenumber: 215
file path found: /hdfs/store/user/varuns/Run2018D_Prompt/EGamma/crab_job_EGamma2018Dv2_3v2/190529_223037/0001/Data_EGamma2018Dv2_3v2_1986.root
name: Data_EGamma2018Dv2_3v2_1986.root
filenumber: 216
file path found: /hdfs/store/user/varuns/Run2018D_Prompt/EGamma/crab_job_EGamma2018Dv2_3v2/190529_223037/0001/Data_EGamma2018Dv2_3v2_1987.root
name: Data_EGamma2018Dv2_3v2_1987.root
filenumber: 217
file path found: /hdfs/store/user/varuns/Run2018D_Prompt/EGamma/crab_job_EGamma2018Dv2_3v2/190529_223037/0001/Data_EGamma2018Dv2_3v2_1988.root
name: Data_EGamma2018Dv2_3v2_1988.root
filenumber: 218
file path found: /hdfs/store/user/varuns/Run2018D_Prompt/EGamma/crab_job_EGamma2018Dv2_3v2/190529_223037/0001/.
name: .
filenumber: 219
file path found: /hdfs/store/user/varuns/Run2018D_Prompt/EGamma/crab_job_EGamma2018Dv2_3v2/190529_223037/0001/..
name: ..
filenumber: 220
73 files added.
Initializing chain.
Coming in: 
nentries:1206539
Running over 1206539 events.
Finished entry 0/1206538
Finished entry 10000/1206538
Finished entry 20000/1206538
Finished entry 30000/1206538
Finished entry 40000/1206538
Finished entry 50000/1206538
Finished entry 60000/1206538
Finished entry 70000/1206538
Finished entry 80000/1206538
Finished entry 90000/1206538
Finished entry 100000/1206538
Finished entry 110000/1206538
Finished entry 120000/1206538
Finished entry 130000/1206538
Finished entry 140000/1206538
Finished entry 150000/1206538
Finished entry 160000/1206538
Finished entry 170000/1206538
Finished entry 180000/1206538
Finished entry 190000/1206538
Finished entry 200000/1206538
Finished entry 210000/1206538
Finished entry 220000/1206538
Finished entry 230000/1206538
Finished entry 240000/1206538
Finished entry 250000/1206538
Finished entry 260000/1206538
Finished entry 270000/1206538
Finished entry 280000/1206538
Finished entry 290000/1206538
Finished entry 300000/1206538
Finished entry 310000/1206538
Finished entry 320000/1206538
Finished entry 330000/1206538
Finished entry 340000/1206538
Finished entry 350000/1206538
Finished entry 360000/1206538
Finished entry 370000/1206538
Finished entry 380000/1206538
Finished entry 390000/1206538
Finished entry 400000/1206538
Finished entry 410000/1206538
Finished entry 420000/1206538
Finished entry 430000/1206538
Finished entry 440000/1206538
Finished entry 450000/1206538
Finished entry 460000/1206538
Finished entry 470000/1206538
Finished entry 480000/1206538
Finished entry 490000/1206538
Finished entry 500000/1206538
Finished entry 510000/1206538
Finished entry 520000/1206538
Finished entry 530000/1206538
Finished entry 540000/1206538
Finished entry 550000/1206538
Finished entry 560000/1206538
Finished entry 570000/1206538
Finished entry 580000/1206538
Finished entry 590000/1206538
Finished entry 600000/1206538
Finished entry 610000/1206538
Finished entry 620000/1206538
Finished entry 630000/1206538
Finished entry 640000/1206538
Finished entry 650000/1206538
Finished entry 660000/1206538
Finished entry 670000/1206538
Finished entry 680000/1206538
Finished entry 690000/1206538
Finished entry 700000/1206538
Finished entry 710000/1206538
Finished entry 720000/1206538
Finished entry 730000/1206538
Finished entry 740000/1206538
Finished entry 750000/1206538
Finished entry 760000/1206538
Finished entry 770000/1206538
Finished entry 780000/1206538
Finished entry 790000/1206538
Finished entry 800000/1206538
Finished entry 810000/1206538
Finished entry 820000/1206538
Finished entry 830000/1206538
Finished entry 840000/1206538
Finished entry 850000/1206538
Finished entry 860000/1206538
Finished entry 870000/1206538
Finished entry 880000/1206538
Finished entry 890000/1206538
Finished entry 900000/1206538
Finished entry 910000/1206538
Finished entry 920000/1206538
Finished entry 930000/1206538
Finished entry 940000/1206538
Finished entry 950000/1206538
Finished entry 960000/1206538
Finished entry 970000/1206538
Finished entry 980000/1206538
Finished entry 990000/1206538
Finished entry 1000000/1206538
Finished entry 1010000/1206538
Finished entry 1020000/1206538
Finished entry 1030000/1206538
Finished entry 1040000/1206538
Finished entry 1050000/1206538
Finished entry 1060000/1206538
Finished entry 1070000/1206538
Finished entry 1080000/1206538
Finished entry 1090000/1206538
Finished entry 1100000/1206538
Finished entry 1110000/1206538
Finished entry 1120000/1206538
Finished entry 1130000/1206538
Finished entry 1140000/1206538
Finished entry 1150000/1206538
Finished entry 1160000/1206538
Finished entry 1170000/1206538
Finished entry 1180000/1206538
Finished entry 1190000/1206538
Finished entry 1200000/1206538
