000 (690054.015.000) 07/11 07:30:35 Job submitted from host: <144.92.181.245:9618?addrs=144.92.181.245-9618+[2607-f388-101c-1000--372]-9618&noUDP&sock=6179_dbc8_3>
...
001 (690054.015.000) 07/11 08:22:52 Job executing on host: <144.92.180.239:9618?addrs=144.92.180.239-9618+[2607-f388-101c-1000--629]-9618&noUDP&sock=9884_2e2c_3>
...
006 (690054.015.000) 07/11 08:23:01 Image size of job updated: 154196
	54  -  MemoryUsage of job (MB)
	55056  -  ResidentSetSize of job (KB)
...
006 (690054.015.000) 07/11 08:35:41 Image size of job updated: 154196
	54  -  MemoryUsage of job (MB)
	55068  -  ResidentSetSize of job (KB)
...
005 (690054.015.000) 07/11 08:35:41 Job terminated.
	(1) Normal termination (return value 0)
		Usr 0 00:01:10, Sys 0 00:00:04  -  Run Remote Usage
		Usr 0 00:00:00, Sys 0 00:00:00  -  Run Local Usage
		Usr 0 00:01:10, Sys 0 00:00:04  -  Total Remote Usage
		Usr 0 00:00:00, Sys 0 00:00:00  -  Total Local Usage
	499859  -  Run Bytes Sent By Job
	302156  -  Run Bytes Received By Job
	499859  -  Total Bytes Sent By Job
	302156  -  Total Bytes Received By Job
	Partitionable Resources :    Usage  Request Allocated
	   Cpus                 :                 1         1
	   Disk (KB)            :  1000000  2048000   7916739
	   Memory (MB)          :       54     1992      1992
...
