000 (691494.006.000) 07/11 11:27:59 Job submitted from host: <144.92.181.245:9618?addrs=144.92.181.245-9618+[2607-f388-101c-1000--372]-9618&noUDP&sock=6179_dbc8_3>
...
001 (691494.006.000) 07/11 12:13:25 Job executing on host: <144.92.180.146:9618?addrs=144.92.180.146-9618+[2607-f388-101c-1000--629]-9618&noUDP&sock=7638_9c75_3>
...
006 (691494.006.000) 07/11 12:13:34 Image size of job updated: 216000
	106  -  MemoryUsage of job (MB)
	108396  -  ResidentSetSize of job (KB)
...
005 (691494.006.000) 07/11 12:33:34 Job terminated.
	(1) Normal termination (return value 0)
		Usr 0 00:02:17, Sys 0 00:00:07  -  Run Remote Usage
		Usr 0 00:00:00, Sys 0 00:00:00  -  Run Local Usage
		Usr 0 00:02:17, Sys 0 00:00:07  -  Total Remote Usage
		Usr 0 00:00:00, Sys 0 00:00:00  -  Total Local Usage
	385341  -  Run Bytes Sent By Job
	306644  -  Run Bytes Received By Job
	385341  -  Total Bytes Sent By Job
	306644  -  Total Bytes Received By Job
	Partitionable Resources :    Usage  Request Allocated
	   Cpus                 :                 1         1
	   Disk (KB)            :  1000000  2048000   7917494
	   Memory (MB)          :      106     1992      1992
...
