000 (1262605.004.000) 07/25 12:34:24 Job submitted from host: <144.92.180.28:9618?addrs=144.92.180.28-9618+[2607-f388-101c-1000--370]-9618&noUDP&sock=5187_6dd5_82>
...
001 (1262605.004.000) 07/25 14:11:47 Job executing on host: <128.104.227.14:9618?addrs=128.104.227.14-9618+[2607-f388-101c-1000--629]-9618&noUDP&sock=10422_341f_3>
...
006 (1262605.004.000) 07/25 14:11:55 Image size of job updated: 226808
	106  -  MemoryUsage of job (MB)
	108332  -  ResidentSetSize of job (KB)
...
006 (1262605.004.000) 07/25 14:22:09 Image size of job updated: 267236
	106  -  MemoryUsage of job (MB)
	108332  -  ResidentSetSize of job (KB)
...
005 (1262605.004.000) 07/25 14:22:10 Job terminated.
	(1) Normal termination (return value 0)
		Usr 0 00:01:39, Sys 0 00:00:06  -  Run Remote Usage
		Usr 0 00:00:00, Sys 0 00:00:00  -  Run Local Usage
		Usr 0 00:01:39, Sys 0 00:00:06  -  Total Remote Usage
		Usr 0 00:00:00, Sys 0 00:00:00  -  Total Local Usage
	283896  -  Run Bytes Sent By Job
	283691  -  Run Bytes Received By Job
	283896  -  Total Bytes Sent By Job
	283691  -  Total Bytes Received By Job
	Partitionable Resources :    Usage  Request Allocated
	   Cpus                 :                 1         1
	   Disk (KB)            :  1000000  2048000   9500781
	   Memory (MB)          :      106     1992      1992
...
