000 (696073.000.000) 07/12 06:44:36 Job submitted from host: <144.92.181.245:9618?addrs=144.92.181.245-9618+[2607-f388-101c-1000--372]-9618&noUDP&sock=6179_dbc8_3>
...
001 (695076.000.000) 07/12 07:47:10 Job executing on host: <128.104.227.54:9618?addrs=128.104.227.54-9618+[2607-f388-101c-1000--629]-9618&noUDP&sock=10332_7899_3>
...
006 (695076.000.000) 07/12 07:47:19 Image size of job updated: 215768
	106  -  MemoryUsage of job (MB)
	108540  -  ResidentSetSize of job (KB)
...
006 (695076.000.000) 07/12 08:07:20 Image size of job updated: 248240
	240  -  MemoryUsage of job (MB)
	245544  -  ResidentSetSize of job (KB)
...
005 (695076.000.000) 07/12 08:10:08 Job terminated.
	(1) Normal termination (return value 0)
		Usr 0 00:02:02, Sys 0 00:00:06  -  Run Remote Usage
		Usr 0 00:00:00, Sys 0 00:00:00  -  Run Local Usage
		Usr 0 00:02:02, Sys 0 00:00:06  -  Total Remote Usage
		Usr 0 00:00:00, Sys 0 00:00:00  -  Total Local Usage
	450559  -  Run Bytes Sent By Job
	281287  -  Run Bytes Received By Job
	450559  -  Total Bytes Sent By Job
	281287  -  Total Bytes Received By Job
	Partitionable Resources :    Usage  Request Allocated
	   Cpus                 :                 1         1
	   Disk (KB)            :  1000000  2048000   9500796
	   Memory (MB)          :      240     1992      1992
...
001 (696073.000.000) 07/12 08:53:41 Job executing on host: <144.92.180.124:9618?addrs=144.92.180.124-9618+[2607-f388-101c-1000--629]-9618&noUDP&sock=7559_6c7a_3>
...
006 (696073.000.000) 07/12 08:53:50 Image size of job updated: 216524
	106  -  MemoryUsage of job (MB)
	108544  -  ResidentSetSize of job (KB)
...
006 (696073.000.000) 07/12 09:13:51 Image size of job updated: 240204
	235  -  MemoryUsage of job (MB)
	240204  -  ResidentSetSize of job (KB)
...
006 (696073.000.000) 07/12 09:18:05 Image size of job updated: 243504
	235  -  MemoryUsage of job (MB)
	240204  -  ResidentSetSize of job (KB)
...
005 (696073.000.000) 07/12 09:18:06 Job terminated.
	(1) Normal termination (return value 0)
		Usr 0 00:01:32, Sys 0 00:00:05  -  Run Remote Usage
		Usr 0 00:00:00, Sys 0 00:00:00  -  Run Local Usage
		Usr 0 00:01:32, Sys 0 00:00:05  -  Total Remote Usage
		Usr 0 00:00:00, Sys 0 00:00:00  -  Total Local Usage
	450559  -  Run Bytes Sent By Job
	281287  -  Run Bytes Received By Job
	450559  -  Total Bytes Sent By Job
	281287  -  Total Bytes Received By Job
	Partitionable Resources :    Usage  Request Allocated
	   Cpus                 :                 1         1
	   Disk (KB)            :  1000000  2048000   6333786
	   Memory (MB)          :      235     1992      1992
...
