000 (696073.015.000) 07/12 06:44:37 Job submitted from host: <144.92.181.245:9618?addrs=144.92.181.245-9618+[2607-f388-101c-1000--372]-9618&noUDP&sock=6179_dbc8_3>
...
001 (695076.015.000) 07/12 07:48:03 Job executing on host: <144.92.181.71:9618?addrs=144.92.181.71-9618+[2607-f388-101c-1000--629]-9618&noUDP&sock=7192_b138_10>
...
006 (695076.015.000) 07/12 07:48:11 Image size of job updated: 53876
	53  -  MemoryUsage of job (MB)
	53396  -  ResidentSetSize of job (KB)
...
006 (695076.015.000) 07/12 08:08:11 Image size of job updated: 247588
	236  -  MemoryUsage of job (MB)
	241420  -  ResidentSetSize of job (KB)
...
006 (695076.015.000) 07/12 08:28:11 Image size of job updated: 247588
	239  -  MemoryUsage of job (MB)
	244448  -  ResidentSetSize of job (KB)
...
005 (695076.015.000) 07/12 08:39:28 Job terminated.
	(1) Normal termination (return value 0)
		Usr 0 00:04:45, Sys 0 00:00:16  -  Run Remote Usage
		Usr 0 00:00:00, Sys 0 00:00:00  -  Run Local Usage
		Usr 0 00:04:45, Sys 0 00:00:16  -  Total Remote Usage
		Usr 0 00:00:00, Sys 0 00:00:00  -  Total Local Usage
	467178  -  Run Bytes Sent By Job
	281287  -  Run Bytes Received By Job
	467178  -  Total Bytes Sent By Job
	281287  -  Total Bytes Received By Job
	Partitionable Resources :    Usage  Request Allocated
	   Cpus                 :                 1         1
	   Disk (KB)            :  1000000  2048000   4751507
	   Memory (MB)          :      239     1992      1992
...
001 (696073.015.000) 07/12 08:54:17 Job executing on host: <144.92.180.124:9618?addrs=144.92.180.124-9618+[2607-f388-101c-1000--629]-9618&noUDP&sock=7559_6c7a_3>
...
006 (696073.015.000) 07/12 08:54:26 Image size of job updated: 108536
	106  -  MemoryUsage of job (MB)
	108536  -  ResidentSetSize of job (KB)
...
006 (696073.015.000) 07/12 09:14:27 Image size of job updated: 247576
	241  -  MemoryUsage of job (MB)
	246384  -  ResidentSetSize of job (KB)
...
005 (696073.015.000) 07/12 09:20:24 Job terminated.
	(1) Normal termination (return value 0)
		Usr 0 00:01:58, Sys 0 00:00:06  -  Run Remote Usage
		Usr 0 00:00:00, Sys 0 00:00:00  -  Run Local Usage
		Usr 0 00:01:58, Sys 0 00:00:06  -  Total Remote Usage
		Usr 0 00:00:00, Sys 0 00:00:00  -  Total Local Usage
	445893  -  Run Bytes Sent By Job
	281287  -  Run Bytes Received By Job
	445893  -  Total Bytes Sent By Job
	281287  -  Total Bytes Received By Job
	Partitionable Resources :    Usage  Request Allocated
	   Cpus                 :                 1         1
	   Disk (KB)            :  1000000  2048000   6333786
	   Memory (MB)          :      241     1992      1992
...
