000 (696073.002.000) 07/12 06:44:36 Job submitted from host: <144.92.181.245:9618?addrs=144.92.181.245-9618+[2607-f388-101c-1000--372]-9618&noUDP&sock=6179_dbc8_3>
...
001 (695076.002.000) 07/12 07:47:25 Job executing on host: <128.104.227.46:9618?addrs=128.104.227.46-9618+[2607-f388-101c-1000--629]-9618&noUDP&sock=10288_4a6f_3>
...
006 (695076.002.000) 07/12 07:47:34 Image size of job updated: 217916
	106  -  MemoryUsage of job (MB)
	108528  -  ResidentSetSize of job (KB)
...
006 (695076.002.000) 07/12 08:07:35 Image size of job updated: 242784
	238  -  MemoryUsage of job (MB)
	242784  -  ResidentSetSize of job (KB)
...
006 (695076.002.000) 07/12 08:27:36 Image size of job updated: 244228
	239  -  MemoryUsage of job (MB)
	244192  -  ResidentSetSize of job (KB)
...
005 (695076.002.000) 07/12 08:34:27 Job terminated.
	(1) Normal termination (return value 0)
		Usr 0 00:02:14, Sys 0 00:00:07  -  Run Remote Usage
		Usr 0 00:00:00, Sys 0 00:00:00  -  Run Local Usage
		Usr 0 00:02:14, Sys 0 00:00:07  -  Total Remote Usage
		Usr 0 00:00:00, Sys 0 00:00:00  -  Total Local Usage
	444763  -  Run Bytes Sent By Job
	281287  -  Run Bytes Received By Job
	444763  -  Total Bytes Sent By Job
	281287  -  Total Bytes Received By Job
	Partitionable Resources :    Usage  Request Allocated
	   Cpus                 :                 1         1
	   Disk (KB)            :  1000000  2048000   9501106
	   Memory (MB)          :      239     1992      1992
...
001 (696073.002.000) 07/12 08:53:43 Job executing on host: <144.92.180.134:9618?addrs=144.92.180.134-9618+[2607-f388-101c-1000--629]-9618&noUDP&sock=10094_390f_3>
...
006 (696073.002.000) 07/12 08:53:52 Image size of job updated: 215452
	107  -  MemoryUsage of job (MB)
	108548  -  ResidentSetSize of job (KB)
...
006 (696073.002.000) 07/12 09:13:53 Image size of job updated: 247612
	242  -  MemoryUsage of job (MB)
	247524  -  ResidentSetSize of job (KB)
...
006 (696073.002.000) 07/12 09:16:32 Image size of job updated: 247924
	242  -  MemoryUsage of job (MB)
	247524  -  ResidentSetSize of job (KB)
...
005 (696073.002.000) 07/12 09:16:32 Job terminated.
	(1) Normal termination (return value 0)
		Usr 0 00:02:03, Sys 0 00:00:06  -  Run Remote Usage
		Usr 0 00:00:00, Sys 0 00:00:00  -  Run Local Usage
		Usr 0 00:02:03, Sys 0 00:00:06  -  Total Remote Usage
		Usr 0 00:00:00, Sys 0 00:00:00  -  Total Local Usage
	444763  -  Run Bytes Sent By Job
	281287  -  Run Bytes Received By Job
	444763  -  Total Bytes Sent By Job
	281287  -  Total Bytes Received By Job
	Partitionable Resources :    Usage  Request Allocated
	   Cpus                 :                 1         1
	   Disk (KB)            :  1000000  2048000   7918298
	   Memory (MB)          :      242     1992      1992
...
