000 (696073.004.000) 07/12 06:44:37 Job submitted from host: <144.92.181.245:9618?addrs=144.92.181.245-9618+[2607-f388-101c-1000--372]-9618&noUDP&sock=6179_dbc8_3>
...
001 (695076.004.000) 07/12 07:47:37 Job executing on host: <128.104.227.101:9618?addrs=128.104.227.101-9618+[2607-f388-101c-1000--50]-9618&noUDP&sock=11662_bd8f_3>
...
006 (695076.004.000) 07/12 07:47:46 Image size of job updated: 169276
	53  -  MemoryUsage of job (MB)
	53336  -  ResidentSetSize of job (KB)
...
006 (695076.004.000) 07/12 08:07:47 Image size of job updated: 247736
	241  -  MemoryUsage of job (MB)
	246556  -  ResidentSetSize of job (KB)
...
005 (695076.004.000) 07/12 08:16:08 Job terminated.
	(1) Normal termination (return value 0)
		Usr 0 00:01:49, Sys 0 00:00:08  -  Run Remote Usage
		Usr 0 00:00:00, Sys 0 00:00:00  -  Run Local Usage
		Usr 0 00:01:49, Sys 0 00:00:08  -  Total Remote Usage
		Usr 0 00:00:00, Sys 0 00:00:00  -  Total Local Usage
	441357  -  Run Bytes Sent By Job
	281287  -  Run Bytes Received By Job
	441357  -  Total Bytes Sent By Job
	281287  -  Total Bytes Received By Job
	Partitionable Resources :    Usage  Request Allocated
	   Cpus                 :                 1         1
	   Disk (KB)            :  1000000  2048000   9503486
	   Memory (MB)          :      241     1992      1992
...
001 (696073.004.000) 07/12 08:53:48 Job executing on host: <144.92.181.165:9618?addrs=144.92.181.165-9618+[2607-f388-101c-1000--629]-9618&noUDP&sock=9844_be62_3>
...
006 (696073.004.000) 07/12 08:53:56 Image size of job updated: 216716
	106  -  MemoryUsage of job (MB)
	108540  -  ResidentSetSize of job (KB)
...
006 (696073.004.000) 07/12 09:13:56 Image size of job updated: 348440
	237  -  MemoryUsage of job (MB)
	242496  -  ResidentSetSize of job (KB)
...
005 (696073.004.000) 07/12 09:16:12 Job terminated.
	(1) Normal termination (return value 0)
		Usr 0 00:02:12, Sys 0 00:00:06  -  Run Remote Usage
		Usr 0 00:00:00, Sys 0 00:00:00  -  Run Local Usage
		Usr 0 00:02:12, Sys 0 00:00:06  -  Total Remote Usage
		Usr 0 00:00:00, Sys 0 00:00:00  -  Total Local Usage
	441357  -  Run Bytes Sent By Job
	281287  -  Run Bytes Received By Job
	441357  -  Total Bytes Sent By Job
	281287  -  Total Bytes Received By Job
	Partitionable Resources :    Usage  Request Allocated
	   Cpus                 :                 1         1
	   Disk (KB)            :  1000000  2048000   7917346
	   Memory (MB)          :      237     1992      1992
...
