000 (690080.006.000) 07/11 07:31:17 Job submitted from host: <144.92.181.245:9618?addrs=144.92.181.245-9618+[2607-f388-101c-1000--372]-9618&noUDP&sock=6179_dbc8_3>
...
001 (690080.006.000) 07/11 08:53:04 Job executing on host: <144.92.181.139:9618?addrs=144.92.181.139-9618+[2607-f388-101c-1000--629]-9618&noUDP&sock=9896_694f_3>
...
006 (690080.006.000) 07/11 08:53:13 Image size of job updated: 226500
	106  -  MemoryUsage of job (MB)
	107884  -  ResidentSetSize of job (KB)
...
005 (690080.006.000) 07/11 09:08:32 Job terminated.
	(1) Normal termination (return value 0)
		Usr 0 00:01:56, Sys 0 00:00:06  -  Run Remote Usage
		Usr 0 00:00:00, Sys 0 00:00:00  -  Run Local Usage
		Usr 0 00:01:56, Sys 0 00:00:06  -  Total Remote Usage
		Usr 0 00:00:00, Sys 0 00:00:00  -  Total Local Usage
	310929  -  Run Bytes Sent By Job
	302156  -  Run Bytes Received By Job
	310929  -  Total Bytes Sent By Job
	302156  -  Total Bytes Received By Job
	Partitionable Resources :    Usage  Request Allocated
	   Cpus                 :                 1         1
	   Disk (KB)            :  1000000  2048000   7917311
	   Memory (MB)          :      106     1992      1992
...
