000 (696011.006.000) 07/12 06:43:04 Job submitted from host: <144.92.181.245:9618?addrs=144.92.181.245-9618+[2607-f388-101c-1000--372]-9618&noUDP&sock=6179_dbc8_3>
...
001 (696011.006.000) 07/12 08:25:27 Job executing on host: <144.92.180.158:9618?addrs=144.92.180.158-9618+[2607-f388-101c-1000--629]-9618&noUDP&sock=7713_0e10_3>
...
006 (696011.006.000) 07/12 08:25:35 Image size of job updated: 217048
	106  -  MemoryUsage of job (MB)
	108516  -  ResidentSetSize of job (KB)
...
006 (696011.006.000) 07/12 08:45:35 Image size of job updated: 241388
	236  -  MemoryUsage of job (MB)
	241388  -  ResidentSetSize of job (KB)
...
006 (696011.006.000) 07/12 08:47:50 Image size of job updated: 241536
	236  -  MemoryUsage of job (MB)
	241388  -  ResidentSetSize of job (KB)
...
005 (696011.006.000) 07/12 08:47:51 Job terminated.
	(1) Normal termination (return value 0)
		Usr 0 00:02:25, Sys 0 00:00:07  -  Run Remote Usage
		Usr 0 00:00:00, Sys 0 00:00:00  -  Run Local Usage
		Usr 0 00:02:25, Sys 0 00:00:07  -  Total Remote Usage
		Usr 0 00:00:00, Sys 0 00:00:00  -  Total Local Usage
	396191  -  Run Bytes Sent By Job
	281287  -  Run Bytes Received By Job
	396191  -  Total Bytes Sent By Job
	281287  -  Total Bytes Received By Job
	Partitionable Resources :    Usage  Request Allocated
	   Cpus                 :                 1         1
	   Disk (KB)            :  1000000  2048000   7917624
	   Memory (MB)          :      236     1992      1992
...
