000 (695954.003.000) 07/12 06:41:41 Job submitted from host: <144.92.181.245:9618?addrs=144.92.181.245-9618+[2607-f388-101c-1000--372]-9618&noUDP&sock=6179_dbc8_3>
...
001 (695954.003.000) 07/12 08:04:27 Job executing on host: <144.92.181.183:9618?addrs=144.92.181.183-9618+[2607-f388-101c-1000--629]-9618&noUDP&sock=9847_cd2b_3>
...
006 (695954.003.000) 07/12 08:04:36 Image size of job updated: 216852
	106  -  MemoryUsage of job (MB)
	108244  -  ResidentSetSize of job (KB)
...
005 (695954.003.000) 07/12 08:19:30 Job terminated.
	(1) Normal termination (return value 0)
		Usr 0 00:01:58, Sys 0 00:00:04  -  Run Remote Usage
		Usr 0 00:00:00, Sys 0 00:00:00  -  Run Local Usage
		Usr 0 00:01:58, Sys 0 00:00:04  -  Total Remote Usage
		Usr 0 00:00:00, Sys 0 00:00:00  -  Total Local Usage
	267377  -  Run Bytes Sent By Job
	281287  -  Run Bytes Received By Job
	267377  -  Total Bytes Sent By Job
	281287  -  Total Bytes Received By Job
	Partitionable Resources :    Usage  Request Allocated
	   Cpus                 :                 1         1
	   Disk (KB)            :  1000000  2048000   7917397
	   Memory (MB)          :      106     1992      1992
...
