000 (695954.009.000) 07/12 06:41:41 Job submitted from host: <144.92.181.245:9618?addrs=144.92.181.245-9618+[2607-f388-101c-1000--372]-9618&noUDP&sock=6179_dbc8_3>
...
001 (695954.009.000) 07/12 08:04:33 Job executing on host: <128.104.227.57:9618?addrs=128.104.227.57-9618+[2607-f388-101c-1000--629]-9618&noUDP&sock=10277_bee4_3>
...
006 (695954.009.000) 07/12 08:04:42 Image size of job updated: 213672
	106  -  MemoryUsage of job (MB)
	108248  -  ResidentSetSize of job (KB)
...
005 (695954.009.000) 07/12 08:17:29 Job terminated.
	(1) Normal termination (return value 0)
		Usr 0 00:01:26, Sys 0 00:00:06  -  Run Remote Usage
		Usr 0 00:00:00, Sys 0 00:00:00  -  Run Local Usage
		Usr 0 00:01:26, Sys 0 00:00:06  -  Total Remote Usage
		Usr 0 00:00:00, Sys 0 00:00:00  -  Total Local Usage
	262398  -  Run Bytes Sent By Job
	281287  -  Run Bytes Received By Job
	262398  -  Total Bytes Sent By Job
	281287  -  Total Bytes Received By Job
	Partitionable Resources :    Usage  Request Allocated
	   Cpus                 :                 1         1
	   Disk (KB)            :  1000000  2048000   9502473
	   Memory (MB)          :      106     1992      1992
...
