000 (696026.014.000) 07/12 06:43:28 Job submitted from host: <144.92.181.245:9618?addrs=144.92.181.245-9618+[2607-f388-101c-1000--372]-9618&noUDP&sock=6179_dbc8_3>
...
001 (695029.014.000) 07/12 06:58:55 Job executing on host: <144.92.181.68:9618?addrs=144.92.181.68-9618+[2607-f388-101c-1000--629]-9618&noUDP&sock=7256_9748_10>
...
006 (695029.014.000) 07/12 06:59:04 Image size of job updated: 160184
	53  -  MemoryUsage of job (MB)
	53444  -  ResidentSetSize of job (KB)
...
006 (695029.014.000) 07/12 07:19:05 Image size of job updated: 245312
	237  -  MemoryUsage of job (MB)
	242508  -  ResidentSetSize of job (KB)
...
006 (695029.014.000) 07/12 07:39:06 Image size of job updated: 245312
	238  -  MemoryUsage of job (MB)
	242744  -  ResidentSetSize of job (KB)
...
005 (695029.014.000) 07/12 07:43:05 Job terminated.
	(1) Normal termination (return value 0)
		Usr 0 00:08:30, Sys 0 00:00:56  -  Run Remote Usage
		Usr 0 00:00:00, Sys 0 00:00:00  -  Run Local Usage
		Usr 0 00:08:30, Sys 0 00:00:56  -  Total Remote Usage
		Usr 0 00:00:00, Sys 0 00:00:00  -  Total Local Usage
	585518  -  Run Bytes Sent By Job
	281287  -  Run Bytes Received By Job
	585518  -  Total Bytes Sent By Job
	281287  -  Total Bytes Received By Job
	Partitionable Resources :    Usage  Request Allocated
	   Cpus                 :                 1         1
	   Disk (KB)            :  1000000  2048000   4750720
	   Memory (MB)          :      238     1992      1992
...
001 (696026.014.000) 07/12 08:32:14 Job executing on host: <128.104.227.86:9618?addrs=128.104.227.86-9618+[2607-f388-101c-1000--629]-9618&noUDP&sock=11895_8f20_3>
...
006 (696026.014.000) 07/12 08:32:22 Image size of job updated: 129492
	53  -  MemoryUsage of job (MB)
	53296  -  ResidentSetSize of job (KB)
...
006 (696026.014.000) 07/12 08:52:22 Image size of job updated: 290256
	237  -  MemoryUsage of job (MB)
	241920  -  ResidentSetSize of job (KB)
...
005 (696026.014.000) 07/12 09:02:03 Job terminated.
	(1) Normal termination (return value 0)
		Usr 0 00:02:14, Sys 0 00:00:08  -  Run Remote Usage
		Usr 0 00:00:00, Sys 0 00:00:00  -  Run Local Usage
		Usr 0 00:02:14, Sys 0 00:00:08  -  Total Remote Usage
		Usr 0 00:00:00, Sys 0 00:00:00  -  Total Local Usage
	579793  -  Run Bytes Sent By Job
	281287  -  Run Bytes Received By Job
	579793  -  Total Bytes Sent By Job
	281287  -  Total Bytes Received By Job
	Partitionable Resources :    Usage  Request Allocated
	   Cpus                 :                 1         1
	   Disk (KB)            :  1000000  2048000   9503344
	   Memory (MB)          :      237     1992      1992
...
