000 (696026.002.000) 07/12 06:43:28 Job submitted from host: <144.92.181.245:9618?addrs=144.92.181.245-9618+[2607-f388-101c-1000--372]-9618&noUDP&sock=6179_dbc8_3>
...
001 (695029.002.000) 07/12 06:55:10 Job executing on host: <144.92.180.73:9618?addrs=144.92.180.73-9618+[2607-f388-101c-1000--629]-9618&noUDP&sock=7744_517f_3>
...
006 (695029.002.000) 07/12 06:55:19 Image size of job updated: 212112
	103  -  MemoryUsage of job (MB)
	104600  -  ResidentSetSize of job (KB)
...
006 (695029.002.000) 07/12 07:15:20 Image size of job updated: 264884
	238  -  MemoryUsage of job (MB)
	242768  -  ResidentSetSize of job (KB)
...
006 (695029.002.000) 07/12 07:33:33 Image size of job updated: 484980
	238  -  MemoryUsage of job (MB)
	242768  -  ResidentSetSize of job (KB)
...
005 (695029.002.000) 07/12 07:33:34 Job terminated.
	(1) Normal termination (return value 0)
		Usr 0 00:02:17, Sys 0 00:00:06  -  Run Remote Usage
		Usr 0 00:00:00, Sys 0 00:00:00  -  Run Local Usage
		Usr 0 00:02:17, Sys 0 00:00:06  -  Total Remote Usage
		Usr 0 00:00:00, Sys 0 00:00:00  -  Total Local Usage
	575571  -  Run Bytes Sent By Job
	281287  -  Run Bytes Received By Job
	575571  -  Total Bytes Sent By Job
	281287  -  Total Bytes Received By Job
	Partitionable Resources :    Usage  Request Allocated
	   Cpus                 :                 1         1
	   Disk (KB)            :  1000000  2048000   7917450
	   Memory (MB)          :      238     1992      1992
...
001 (696026.002.000) 07/12 08:32:05 Job executing on host: <128.104.227.86:9618?addrs=128.104.227.86-9618+[2607-f388-101c-1000--629]-9618&noUDP&sock=11895_8f20_3>
...
006 (696026.002.000) 07/12 08:32:14 Image size of job updated: 68252
	53  -  MemoryUsage of job (MB)
	53256  -  ResidentSetSize of job (KB)
...
006 (696026.002.000) 07/12 08:52:14 Image size of job updated: 243660
	238  -  MemoryUsage of job (MB)
	242816  -  ResidentSetSize of job (KB)
...
005 (696026.002.000) 07/12 09:01:59 Job terminated.
	(1) Normal termination (return value 0)
		Usr 0 00:02:15, Sys 0 00:00:08  -  Run Remote Usage
		Usr 0 00:00:00, Sys 0 00:00:00  -  Run Local Usage
		Usr 0 00:02:15, Sys 0 00:00:08  -  Total Remote Usage
		Usr 0 00:00:00, Sys 0 00:00:00  -  Total Local Usage
	575571  -  Run Bytes Sent By Job
	281287  -  Run Bytes Received By Job
	575571  -  Total Bytes Sent By Job
	281287  -  Total Bytes Received By Job
	Partitionable Resources :    Usage  Request Allocated
	   Cpus                 :                 1         1
	   Disk (KB)            :  1000000  2048000   9503344
	   Memory (MB)          :      238     1992      1992
...
