000 (696026.008.000) 07/12 06:43:28 Job submitted from host: <144.92.181.245:9618?addrs=144.92.181.245-9618+[2607-f388-101c-1000--372]-9618&noUDP&sock=6179_dbc8_3>
...
001 (695029.008.000) 07/12 06:57:05 Job executing on host: <128.104.227.77:9618?addrs=128.104.227.77-9618+[2607-f388-101c-1000--629]-9618&noUDP&sock=10347_c285_3>
...
006 (695029.008.000) 07/12 06:57:13 Image size of job updated: 219180
	106  -  MemoryUsage of job (MB)
	108528  -  ResidentSetSize of job (KB)
...
006 (695029.008.000) 07/12 07:17:13 Image size of job updated: 243096
	234  -  MemoryUsage of job (MB)
	239260  -  ResidentSetSize of job (KB)
...
005 (695029.008.000) 07/12 07:29:05 Job terminated.
	(1) Normal termination (return value 0)
		Usr 0 00:02:29, Sys 0 00:00:09  -  Run Remote Usage
		Usr 0 00:00:00, Sys 0 00:00:00  -  Run Local Usage
		Usr 0 00:02:29, Sys 0 00:00:09  -  Total Remote Usage
		Usr 0 00:00:00, Sys 0 00:00:00  -  Total Local Usage
	576494  -  Run Bytes Sent By Job
	281287  -  Run Bytes Received By Job
	576494  -  Total Bytes Sent By Job
	281287  -  Total Bytes Received By Job
	Partitionable Resources :    Usage  Request Allocated
	   Cpus                 :                 1         1
	   Disk (KB)            :  1000000  2048000   9501005
	   Memory (MB)          :      234     1992      1992
...
001 (696026.008.000) 07/12 08:32:06 Job executing on host: <128.104.227.86:9618?addrs=128.104.227.86-9618+[2607-f388-101c-1000--629]-9618&noUDP&sock=11895_8f20_3>
...
006 (696026.008.000) 07/12 08:32:15 Image size of job updated: 53252
	53  -  MemoryUsage of job (MB)
	53252  -  ResidentSetSize of job (KB)
...
006 (696026.008.000) 07/12 08:52:15 Image size of job updated: 242924
	233  -  MemoryUsage of job (MB)
	238152  -  ResidentSetSize of job (KB)
...
005 (696026.008.000) 07/12 08:58:24 Job terminated.
	(1) Normal termination (return value 0)
		Usr 0 00:02:14, Sys 0 00:00:09  -  Run Remote Usage
		Usr 0 00:00:00, Sys 0 00:00:00  -  Run Local Usage
		Usr 0 00:02:14, Sys 0 00:00:09  -  Total Remote Usage
		Usr 0 00:00:00, Sys 0 00:00:00  -  Total Local Usage
	576494  -  Run Bytes Sent By Job
	281287  -  Run Bytes Received By Job
	576494  -  Total Bytes Sent By Job
	281287  -  Total Bytes Received By Job
	Partitionable Resources :    Usage  Request Allocated
	   Cpus                 :                 1         1
	   Disk (KB)            :  1000000  2048000   9503344
	   Memory (MB)          :      233     1992      1992
...
