000 (1262646.000.000) 07/25 12:34:52 Job submitted from host: <144.92.180.28:9618?addrs=144.92.180.28-9618+[2607-f388-101c-1000--370]-9618&noUDP&sock=5187_6dd5_82>
...
001 (1262646.000.000) 07/25 14:36:52 Job executing on host: <144.92.180.25:9618?addrs=144.92.180.25-9618+[2607-f388-101c-1000--629]-9618&noUDP&sock=10129_3ae0_3>
...
006 (1262646.000.000) 07/25 14:37:00 Image size of job updated: 226168
	106  -  MemoryUsage of job (MB)
	108376  -  ResidentSetSize of job (KB)
...
005 (1262646.000.000) 07/25 14:47:25 Job terminated.
	(1) Normal termination (return value 0)
		Usr 0 00:02:08, Sys 0 00:00:06  -  Run Remote Usage
		Usr 0 00:00:00, Sys 0 00:00:00  -  Run Local Usage
		Usr 0 00:02:08, Sys 0 00:00:06  -  Total Remote Usage
		Usr 0 00:00:00, Sys 0 00:00:00  -  Total Local Usage
	293974  -  Run Bytes Sent By Job
	283691  -  Run Bytes Received By Job
	293974  -  Total Bytes Sent By Job
	283691  -  Total Bytes Received By Job
	Partitionable Resources :    Usage  Request Allocated
	   Cpus                 :                 1         1
	   Disk (KB)            :  1000000  2048000   7917107
	   Memory (MB)          :      106     1992      1992
...
