000 (690122.000.000) 07/11 07:32:20 Job submitted from host: <144.92.181.245:9618?addrs=144.92.181.245-9618+[2607-f388-101c-1000--372]-9618&noUDP&sock=6179_dbc8_3>
...
001 (690122.000.000) 07/11 09:33:01 Job executing on host: <144.92.180.246:9618?addrs=144.92.180.246-9618+[2607-f388-101c-1000--629]-9618&noUDP&sock=10080_9ebc_3>
...
006 (690122.000.000) 07/11 09:33:09 Image size of job updated: 227464
	106  -  MemoryUsage of job (MB)
	107612  -  ResidentSetSize of job (KB)
...
006 (690122.000.000) 07/11 09:53:09 Image size of job updated: 227464
	220  -  MemoryUsage of job (MB)
	224484  -  ResidentSetSize of job (KB)
...
005 (690122.000.000) 07/11 09:54:57 Job terminated.
	(1) Normal termination (return value 0)
		Usr 0 00:01:27, Sys 0 00:00:05  -  Run Remote Usage
		Usr 0 00:00:00, Sys 0 00:00:00  -  Run Local Usage
		Usr 0 00:01:27, Sys 0 00:00:05  -  Total Remote Usage
		Usr 0 00:00:00, Sys 0 00:00:00  -  Total Local Usage
	151877  -  Run Bytes Sent By Job
	302156  -  Run Bytes Received By Job
	151877  -  Total Bytes Sent By Job
	302156  -  Total Bytes Received By Job
	Partitionable Resources :    Usage  Request Allocated
	   Cpus                 :                 1         1
	   Disk (KB)            :  1000000  2048000   7916579
	   Memory (MB)          :      220     1992      1992
...
