000 (691513.015.000) 07/11 11:28:23 Job submitted from host: <144.92.181.245:9618?addrs=144.92.181.245-9618+[2607-f388-101c-1000--372]-9618&noUDP&sock=6179_dbc8_3>
...
001 (691513.015.000) 07/11 12:20:45 Job executing on host: <144.92.180.237:9618?addrs=144.92.180.237-9618+[2607-f388-101c-1000--629]-9618&noUDP&sock=9804_4e98_3>
...
006 (691513.015.000) 07/11 12:20:54 Image size of job updated: 215144
	106  -  MemoryUsage of job (MB)
	108420  -  ResidentSetSize of job (KB)
...
006 (691513.015.000) 07/11 12:40:55 Image size of job updated: 343888
	232  -  MemoryUsage of job (MB)
	237080  -  ResidentSetSize of job (KB)
...
005 (691513.015.000) 07/11 12:49:44 Job terminated.
	(1) Normal termination (return value 0)
		Usr 0 00:02:49, Sys 0 00:00:08  -  Run Remote Usage
		Usr 0 00:00:00, Sys 0 00:00:00  -  Run Local Usage
		Usr 0 00:02:49, Sys 0 00:00:08  -  Total Remote Usage
		Usr 0 00:00:00, Sys 0 00:00:00  -  Total Local Usage
	453219  -  Run Bytes Sent By Job
	306644  -  Run Bytes Received By Job
	453219  -  Total Bytes Sent By Job
	306644  -  Total Bytes Received By Job
	Partitionable Resources :    Usage  Request Allocated
	   Cpus                 :                 1         1
	   Disk (KB)            :  1000000  2048000   7917889
	   Memory (MB)          :      232     1992      1992
...
