000 (691424.015.000) 07/11 11:26:19 Job submitted from host: <144.92.181.245:9618?addrs=144.92.181.245-9618+[2607-f388-101c-1000--372]-9618&noUDP&sock=6179_dbc8_3>
...
001 (691424.015.000) 07/11 11:44:03 Job executing on host: <144.92.180.155:9618?addrs=144.92.180.155-9618+[2607-f388-101c-1000--629]-9618&noUDP&sock=7691_f6fa_3>
...
006 (691424.015.000) 07/11 11:44:11 Image size of job updated: 218008
	106  -  MemoryUsage of job (MB)
	108372  -  ResidentSetSize of job (KB)
...
006 (691424.015.000) 07/11 12:04:11 Image size of job updated: 261864
	254  -  MemoryUsage of job (MB)
	260092  -  ResidentSetSize of job (KB)
...
005 (691424.015.000) 07/11 12:04:23 Job terminated.
	(1) Normal termination (return value 0)
		Usr 0 00:02:22, Sys 0 00:00:07  -  Run Remote Usage
		Usr 0 00:00:00, Sys 0 00:00:00  -  Run Local Usage
		Usr 0 00:02:22, Sys 0 00:00:07  -  Total Remote Usage
		Usr 0 00:00:00, Sys 0 00:00:00  -  Total Local Usage
	355443  -  Run Bytes Sent By Job
	306644  -  Run Bytes Received By Job
	355443  -  Total Bytes Sent By Job
	306644  -  Total Bytes Received By Job
	Partitionable Resources :    Usage  Request Allocated
	   Cpus                 :                 1         1
	   Disk (KB)            :  1000000  2048000   7918829
	   Memory (MB)          :      254     1992      1992
...
