000 (696021.004.000) 07/12 06:43:20 Job submitted from host: <144.92.181.245:9618?addrs=144.92.181.245-9618+[2607-f388-101c-1000--372]-9618&noUDP&sock=6179_dbc8_3>
...
001 (696021.004.000) 07/12 08:30:22 Job executing on host: <144.92.180.149:9618?addrs=144.92.180.149-9618+[2607-f388-101c-1000--629]-9618&noUDP&sock=7662_12bb_3>
...
006 (696021.004.000) 07/12 08:30:30 Image size of job updated: 214684
	106  -  MemoryUsage of job (MB)
	108524  -  ResidentSetSize of job (KB)
...
006 (696021.004.000) 07/12 08:50:30 Image size of job updated: 240952
	236  -  MemoryUsage of job (MB)
	240952  -  ResidentSetSize of job (KB)
...
005 (696021.004.000) 07/12 08:58:56 Job terminated.
	(1) Normal termination (return value 0)
		Usr 0 00:02:35, Sys 0 00:00:07  -  Run Remote Usage
		Usr 0 00:00:00, Sys 0 00:00:00  -  Run Local Usage
		Usr 0 00:02:35, Sys 0 00:00:07  -  Total Remote Usage
		Usr 0 00:00:00, Sys 0 00:00:00  -  Total Local Usage
	425455  -  Run Bytes Sent By Job
	281287  -  Run Bytes Received By Job
	425455  -  Total Bytes Sent By Job
	281287  -  Total Bytes Received By Job
	Partitionable Resources :    Usage  Request Allocated
	   Cpus                 :                 1         1
	   Disk (KB)            :  1000000  2048000   7918198
	   Memory (MB)          :      236     1992      1992
...
