000 (696021.009.000) 07/12 06:43:20 Job submitted from host: <144.92.181.245:9618?addrs=144.92.181.245-9618+[2607-f388-101c-1000--372]-9618&noUDP&sock=6179_dbc8_3>
...
001 (696021.009.000) 07/12 08:30:29 Job executing on host: <144.92.181.238:9618?addrs=144.92.181.238-9618+[2607-f388-101c-1000--629]-9618&noUDP&sock=7008_7bcb_3>
...
006 (696021.009.000) 07/12 08:30:38 Image size of job updated: 139752
	56  -  MemoryUsage of job (MB)
	56436  -  ResidentSetSize of job (KB)
...
006 (696021.009.000) 07/12 08:50:39 Image size of job updated: 239376
	234  -  MemoryUsage of job (MB)
	239168  -  ResidentSetSize of job (KB)
...
005 (696021.009.000) 07/12 08:59:30 Job terminated.
	(1) Normal termination (return value 0)
		Usr 0 00:05:12, Sys 0 00:00:24  -  Run Remote Usage
		Usr 0 00:00:00, Sys 0 00:00:00  -  Run Local Usage
		Usr 0 00:05:12, Sys 0 00:00:24  -  Total Remote Usage
		Usr 0 00:00:00, Sys 0 00:00:00  -  Total Local Usage
	430678  -  Run Bytes Sent By Job
	281287  -  Run Bytes Received By Job
	430678  -  Total Bytes Sent By Job
	281287  -  Total Bytes Received By Job
	Partitionable Resources :    Usage  Request Allocated
	   Cpus                 :                 1         1
	   Disk (KB)            :  1000000  2048000   4750395
	   Memory (MB)          :      234     1992      1992
...
