000 (691442.012.000) 07/11 11:26:47 Job submitted from host: <144.92.181.245:9618?addrs=144.92.181.245-9618+[2607-f388-101c-1000--372]-9618&noUDP&sock=6179_dbc8_3>
...
001 (691442.012.000) 07/11 11:50:23 Job executing on host: <144.92.180.244:9618?addrs=144.92.180.244-9618+[2607-f388-101c-1000--629]-9618&noUDP&sock=10081_4e54_3>
...
006 (691442.012.000) 07/11 11:50:32 Image size of job updated: 218276
	106  -  MemoryUsage of job (MB)
	108368  -  ResidentSetSize of job (KB)
...
006 (691442.012.000) 07/11 12:10:33 Image size of job updated: 238360
	233  -  MemoryUsage of job (MB)
	237648  -  ResidentSetSize of job (KB)
...
005 (691442.012.000) 07/11 12:11:25 Job terminated.
	(1) Normal termination (return value 0)
		Usr 0 00:02:09, Sys 0 00:00:06  -  Run Remote Usage
		Usr 0 00:00:00, Sys 0 00:00:00  -  Run Local Usage
		Usr 0 00:02:09, Sys 0 00:00:06  -  Total Remote Usage
		Usr 0 00:00:00, Sys 0 00:00:00  -  Total Local Usage
	355402  -  Run Bytes Sent By Job
	306644  -  Run Bytes Received By Job
	355402  -  Total Bytes Sent By Job
	306644  -  Total Bytes Received By Job
	Partitionable Resources :    Usage  Request Allocated
	   Cpus                 :                 1         1
	   Disk (KB)            :  1000000  2048000   7917512
	   Memory (MB)          :      233     1992      1992
...
