000 (691442.001.000) 07/11 11:26:46 Job submitted from host: <144.92.181.245:9618?addrs=144.92.181.245-9618+[2607-f388-101c-1000--372]-9618&noUDP&sock=6179_dbc8_3>
...
001 (691442.001.000) 07/11 11:49:18 Job executing on host: <128.104.227.101:9618?addrs=128.104.227.101-9618+[2607-f388-101c-1000--50]-9618&noUDP&sock=11662_bd8f_3>
...
006 (691442.001.000) 07/11 11:49:26 Image size of job updated: 205124
	98  -  MemoryUsage of job (MB)
	99520  -  ResidentSetSize of job (KB)
...
006 (691442.001.000) 07/11 12:09:26 Image size of job updated: 244152
	235  -  MemoryUsage of job (MB)
	240408  -  ResidentSetSize of job (KB)
...
006 (691442.001.000) 07/11 12:15:54 Image size of job updated: 250916
	235  -  MemoryUsage of job (MB)
	240408  -  ResidentSetSize of job (KB)
...
005 (691442.001.000) 07/11 12:15:55 Job terminated.
	(1) Normal termination (return value 0)
		Usr 0 00:02:11, Sys 0 00:00:06  -  Run Remote Usage
		Usr 0 00:00:00, Sys 0 00:00:00  -  Run Local Usage
		Usr 0 00:02:11, Sys 0 00:00:06  -  Total Remote Usage
		Usr 0 00:00:00, Sys 0 00:00:00  -  Total Local Usage
	355599  -  Run Bytes Sent By Job
	306644  -  Run Bytes Received By Job
	355599  -  Total Bytes Sent By Job
	306644  -  Total Bytes Received By Job
	Partitionable Resources :    Usage  Request Allocated
	   Cpus                 :                 1         1
	   Disk (KB)            :  1000000  2048000   9503486
	   Memory (MB)          :      235     1992      1992
...
