000 (691447.002.000) 07/11 11:26:55 Job submitted from host: <144.92.181.245:9618?addrs=144.92.181.245-9618+[2607-f388-101c-1000--372]-9618&noUDP&sock=6179_dbc8_3>
...
001 (691447.002.000) 07/11 11:51:57 Job executing on host: <144.92.180.69:9618?addrs=144.92.180.69-9618+[2607-f388-101c-1000--629]-9618&noUDP&sock=10022_d63d_3>
...
006 (691447.002.000) 07/11 11:52:05 Image size of job updated: 216092
	106  -  MemoryUsage of job (MB)
	108376  -  ResidentSetSize of job (KB)
...
006 (691447.002.000) 07/11 12:12:05 Image size of job updated: 240948
	236  -  MemoryUsage of job (MB)
	240948  -  ResidentSetSize of job (KB)
...
005 (691447.002.000) 07/11 12:13:56 Job terminated.
	(1) Normal termination (return value 0)
		Usr 0 00:02:26, Sys 0 00:00:06  -  Run Remote Usage
		Usr 0 00:00:00, Sys 0 00:00:00  -  Run Local Usage
		Usr 0 00:02:26, Sys 0 00:00:06  -  Total Remote Usage
		Usr 0 00:00:00, Sys 0 00:00:00  -  Total Local Usage
	356164  -  Run Bytes Sent By Job
	306644  -  Run Bytes Received By Job
	356164  -  Total Bytes Sent By Job
	306644  -  Total Bytes Received By Job
	Partitionable Resources :    Usage  Request Allocated
	   Cpus                 :                 1         1
	   Disk (KB)            :  1000000  2048000   7915552
	   Memory (MB)          :      236     1992      1992
...
