000 (690168.000.000) 07/11 07:33:22 Job submitted from host: <144.92.181.245:9618?addrs=144.92.181.245-9618+[2607-f388-101c-1000--372]-9618&noUDP&sock=6179_dbc8_3>
...
001 (690168.000.000) 07/11 10:00:04 Job executing on host: <128.104.227.111:9618?addrs=128.104.227.111-9618+[2607-f388-101c-1000--60]-9618&noUDP&sock=11720_860d_3>
...
006 (690168.000.000) 07/11 10:00:12 Image size of job updated: 227948
	107  -  MemoryUsage of job (MB)
	109032  -  ResidentSetSize of job (KB)
...
005 (690168.000.000) 07/11 10:11:50 Job terminated.
	(1) Normal termination (return value 0)
		Usr 0 00:01:30, Sys 0 00:00:07  -  Run Remote Usage
		Usr 0 00:00:00, Sys 0 00:00:00  -  Run Local Usage
		Usr 0 00:01:30, Sys 0 00:00:07  -  Total Remote Usage
		Usr 0 00:00:00, Sys 0 00:00:00  -  Total Local Usage
	129999  -  Run Bytes Sent By Job
	302156  -  Run Bytes Received By Job
	129999  -  Total Bytes Sent By Job
	302156  -  Total Bytes Received By Job
	Partitionable Resources :    Usage  Request Allocated
	   Cpus                 :                 1         1
	   Disk (KB)            :  1000000  2048000   9503250
	   Memory (MB)          :      107     1992      1992
...
