000 (691423.000.000) 07/11 11:26:18 Job submitted from host: <144.92.181.245:9618?addrs=144.92.181.245-9618+[2607-f388-101c-1000--372]-9618&noUDP&sock=6179_dbc8_3>
...
001 (691423.000.000) 07/11 11:44:11 Job executing on host: <128.104.227.27:9618?addrs=128.104.227.27-9618+[2607-f388-101c-1000--629]-9618&noUDP&sock=10393_4fe0_3>
...
006 (691423.000.000) 07/11 11:44:20 Image size of job updated: 193128
	106  -  MemoryUsage of job (MB)
	108392  -  ResidentSetSize of job (KB)
...
006 (691423.000.000) 07/11 11:58:34 Image size of job updated: 257756
	106  -  MemoryUsage of job (MB)
	108392  -  ResidentSetSize of job (KB)
...
005 (691423.000.000) 07/11 11:58:35 Job terminated.
	(1) Normal termination (return value 0)
		Usr 0 00:02:00, Sys 0 00:00:06  -  Run Remote Usage
		Usr 0 00:00:00, Sys 0 00:00:00  -  Run Local Usage
		Usr 0 00:02:00, Sys 0 00:00:06  -  Total Remote Usage
		Usr 0 00:00:00, Sys 0 00:00:00  -  Total Local Usage
	353524  -  Run Bytes Sent By Job
	306644  -  Run Bytes Received By Job
	353524  -  Total Bytes Sent By Job
	306644  -  Total Bytes Received By Job
	Partitionable Resources :    Usage  Request Allocated
	   Cpus                 :                 1         1
	   Disk (KB)            :  1000000  2048000   9500451
	   Memory (MB)          :      106     1992      1992
...
