000 (691423.015.000) 07/11 11:26:18 Job submitted from host: <144.92.181.245:9618?addrs=144.92.181.245-9618+[2607-f388-101c-1000--372]-9618&noUDP&sock=6179_dbc8_3>
...
001 (691423.015.000) 07/11 11:44:13 Job executing on host: <144.92.180.164:9618?addrs=144.92.180.164-9618+[2607-f388-101c-1000--629]-9618&noUDP&sock=7723_ea02_3>
...
006 (691423.015.000) 07/11 11:44:22 Image size of job updated: 53476
	53  -  MemoryUsage of job (MB)
	53476  -  ResidentSetSize of job (KB)
...
005 (691423.015.000) 07/11 12:01:51 Job terminated.
	(1) Normal termination (return value 0)
		Usr 0 00:02:29, Sys 0 00:00:07  -  Run Remote Usage
		Usr 0 00:00:00, Sys 0 00:00:00  -  Run Local Usage
		Usr 0 00:02:29, Sys 0 00:00:07  -  Total Remote Usage
		Usr 0 00:00:00, Sys 0 00:00:00  -  Total Local Usage
	355571  -  Run Bytes Sent By Job
	306644  -  Run Bytes Received By Job
	355571  -  Total Bytes Sent By Job
	306644  -  Total Bytes Received By Job
	Partitionable Resources :    Usage  Request Allocated
	   Cpus                 :                 1         1
	   Disk (KB)            :  1000000  2048000   7918298
	   Memory (MB)          :       53     1992      1992
...
