000 (691423.003.000) 07/11 11:26:18 Job submitted from host: <144.92.181.245:9618?addrs=144.92.181.245-9618+[2607-f388-101c-1000--372]-9618&noUDP&sock=6179_dbc8_3>
...
001 (691423.003.000) 07/11 11:44:11 Job executing on host: <144.92.180.208:9618?addrs=144.92.180.208-9618+[2607-f388-101c-1000--629]-9618&noUDP&sock=7849_56f1_3>
...
006 (691423.003.000) 07/11 11:44:20 Image size of job updated: 96144
	53  -  MemoryUsage of job (MB)
	53480  -  ResidentSetSize of job (KB)
...
006 (691423.003.000) 07/11 12:04:21 Image size of job updated: 261860
	255  -  MemoryUsage of job (MB)
	260180  -  ResidentSetSize of job (KB)
...
005 (691423.003.000) 07/11 12:12:09 Job terminated.
	(1) Normal termination (return value 0)
		Usr 0 00:02:07, Sys 0 00:00:06  -  Run Remote Usage
		Usr 0 00:00:00, Sys 0 00:00:00  -  Run Local Usage
		Usr 0 00:02:07, Sys 0 00:00:06  -  Total Remote Usage
		Usr 0 00:00:00, Sys 0 00:00:00  -  Total Local Usage
	353394  -  Run Bytes Sent By Job
	306644  -  Run Bytes Received By Job
	353394  -  Total Bytes Sent By Job
	306644  -  Total Bytes Received By Job
	Partitionable Resources :    Usage  Request Allocated
	   Cpus                 :                 1         1
	   Disk (KB)            :  1000000  2048000   7917665
	   Memory (MB)          :      255     1992      1992
...
