000 (691423.009.000) 07/11 11:26:18 Job submitted from host: <144.92.181.245:9618?addrs=144.92.181.245-9618+[2607-f388-101c-1000--372]-9618&noUDP&sock=6179_dbc8_3>
...
001 (691423.009.000) 07/11 11:44:11 Job executing on host: <144.92.180.54:9618?addrs=144.92.180.54-9618+[2607-f388-101c-1000--629]-9618&noUDP&sock=8012_24e1_3>
...
006 (691423.009.000) 07/11 11:44:20 Image size of job updated: 152128
	77  -  MemoryUsage of job (MB)
	78744  -  ResidentSetSize of job (KB)
...
006 (691423.009.000) 07/11 12:04:21 Image size of job updated: 255972
	250  -  MemoryUsage of job (MB)
	255972  -  ResidentSetSize of job (KB)
...
006 (691423.009.000) 07/11 12:16:31 Image size of job updated: 505044
	250  -  MemoryUsage of job (MB)
	255972  -  ResidentSetSize of job (KB)
...
005 (691423.009.000) 07/11 12:16:31 Job terminated.
	(1) Normal termination (return value 0)
		Usr 0 00:04:28, Sys 0 00:00:14  -  Run Remote Usage
		Usr 0 00:00:00, Sys 0 00:00:00  -  Run Local Usage
		Usr 0 00:04:28, Sys 0 00:00:14  -  Total Remote Usage
		Usr 0 00:00:00, Sys 0 00:00:00  -  Total Local Usage
	363163  -  Run Bytes Sent By Job
	306644  -  Run Bytes Received By Job
	363163  -  Total Bytes Sent By Job
	306644  -  Total Bytes Received By Job
	Partitionable Resources :    Usage  Request Allocated
	   Cpus                 :                 1         1
	   Disk (KB)            :  1000000  2048000   4750620
	   Memory (MB)          :      250     1992      1992
...
