000 (691383.010.000) 07/11 11:25:25 Job submitted from host: <144.92.181.245:9618?addrs=144.92.181.245-9618+[2607-f388-101c-1000--372]-9618&noUDP&sock=6179_dbc8_3>
...
001 (691383.010.000) 07/11 11:32:36 Job executing on host: <144.92.180.60:9618?addrs=144.92.180.60-9618+[2607-f388-101c-1000--629]-9618&noUDP&sock=7010_dafc_3>
...
006 (691383.010.000) 07/11 11:32:45 Image size of job updated: 34356
	7  -  MemoryUsage of job (MB)
	6188  -  ResidentSetSize of job (KB)
...
006 (691383.010.000) 07/11 11:41:12 Image size of job updated: 140156
	7  -  MemoryUsage of job (MB)
	6188  -  ResidentSetSize of job (KB)
...
005 (691383.010.000) 07/11 11:41:13 Job terminated.
	(1) Normal termination (return value 0)
		Usr 0 00:01:18, Sys 0 00:00:04  -  Run Remote Usage
		Usr 0 00:00:00, Sys 0 00:00:00  -  Run Local Usage
		Usr 0 00:01:18, Sys 0 00:00:04  -  Total Remote Usage
		Usr 0 00:00:00, Sys 0 00:00:00  -  Total Local Usage
	325817  -  Run Bytes Sent By Job
	306644  -  Run Bytes Received By Job
	325817  -  Total Bytes Sent By Job
	306644  -  Total Bytes Received By Job
	Partitionable Resources :    Usage  Request Allocated
	   Cpus                 :                 1         1
	   Disk (KB)            :  1000000  2048000   4750523
	   Memory (MB)          :        7     1992      1992
...
