000 (691383.004.000) 07/11 11:25:25 Job submitted from host: <144.92.181.245:9618?addrs=144.92.181.245-9618+[2607-f388-101c-1000--372]-9618&noUDP&sock=6179_dbc8_3>
...
001 (691383.004.000) 07/11 11:32:35 Job executing on host: <128.104.227.98:9618?addrs=128.104.227.98-9618+[2607-f388-101c-1000--629]-9618&noUDP&sock=11807_32cb_3>
...
006 (691383.004.000) 07/11 11:32:44 Image size of job updated: 45656
	23  -  MemoryUsage of job (MB)
	23376  -  ResidentSetSize of job (KB)
...
006 (691383.004.000) 07/11 11:38:14 Image size of job updated: 131228
	23  -  MemoryUsage of job (MB)
	23376  -  ResidentSetSize of job (KB)
...
005 (691383.004.000) 07/11 11:38:16 Job terminated.
	(1) Normal termination (return value 0)
		Usr 0 00:00:46, Sys 0 00:00:02  -  Run Remote Usage
		Usr 0 00:00:00, Sys 0 00:00:00  -  Run Local Usage
		Usr 0 00:00:46, Sys 0 00:00:02  -  Total Remote Usage
		Usr 0 00:00:00, Sys 0 00:00:00  -  Total Local Usage
	308058  -  Run Bytes Sent By Job
	306644  -  Run Bytes Received By Job
	308058  -  Total Bytes Sent By Job
	306644  -  Total Bytes Received By Job
	Partitionable Resources :    Usage  Request Allocated
	   Cpus                 :                 1         1
	   Disk (KB)            :  1000000  2048000   9503520
	   Memory (MB)          :       23     1992      1992
...
