000 (691383.007.000) 07/11 11:25:25 Job submitted from host: <144.92.181.245:9618?addrs=144.92.181.245-9618+[2607-f388-101c-1000--372]-9618&noUDP&sock=6179_dbc8_3>
...
001 (691383.007.000) 07/11 11:32:36 Job executing on host: <144.92.180.155:9618?addrs=144.92.180.155-9618+[2607-f388-101c-1000--629]-9618&noUDP&sock=7691_f6fa_3>
...
006 (691383.007.000) 07/11 11:32:44 Image size of job updated: 55940
	27  -  MemoryUsage of job (MB)
	27420  -  ResidentSetSize of job (KB)
...
005 (691383.007.000) 07/11 11:37:55 Job terminated.
	(1) Normal termination (return value 0)
		Usr 0 00:00:47, Sys 0 00:00:02  -  Run Remote Usage
		Usr 0 00:00:00, Sys 0 00:00:00  -  Run Local Usage
		Usr 0 00:00:47, Sys 0 00:00:02  -  Total Remote Usage
		Usr 0 00:00:00, Sys 0 00:00:00  -  Total Local Usage
	307938  -  Run Bytes Sent By Job
	306644  -  Run Bytes Received By Job
	307938  -  Total Bytes Sent By Job
	306644  -  Total Bytes Received By Job
	Partitionable Resources :    Usage  Request Allocated
	   Cpus                 :                 1         1
	   Disk (KB)            :  1000000  2048000   7918829
	   Memory (MB)          :       27     1992      1992
...
