000 (690064.006.000) 07/11 07:30:50 Job submitted from host: <144.92.181.245:9618?addrs=144.92.181.245-9618+[2607-f388-101c-1000--372]-9618&noUDP&sock=6179_dbc8_3>
...
001 (690064.006.000) 07/11 08:29:27 Job executing on host: <144.92.180.234:9618?addrs=144.92.180.234-9618+[2607-f388-101c-1000--629]-9618&noUDP&sock=9996_00c7_3>
...
006 (690064.006.000) 07/11 08:29:35 Image size of job updated: 230264
	106  -  MemoryUsage of job (MB)
	107912  -  ResidentSetSize of job (KB)
...
005 (690064.006.000) 07/11 08:43:09 Job terminated.
	(1) Normal termination (return value 0)
		Usr 0 00:02:02, Sys 0 00:00:06  -  Run Remote Usage
		Usr 0 00:00:00, Sys 0 00:00:00  -  Run Local Usage
		Usr 0 00:02:02, Sys 0 00:00:06  -  Total Remote Usage
		Usr 0 00:00:00, Sys 0 00:00:00  -  Total Local Usage
	330643  -  Run Bytes Sent By Job
	302156  -  Run Bytes Received By Job
	330643  -  Total Bytes Sent By Job
	302156  -  Total Bytes Received By Job
	Partitionable Resources :    Usage  Request Allocated
	   Cpus                 :                 1         1
	   Disk (KB)            :  1000000  2048000   7916442
	   Memory (MB)          :      106     1992      1992
...
