000 (690162.010.000) 07/11 07:33:15 Job submitted from host: <144.92.181.245:9618?addrs=144.92.181.245-9618+[2607-f388-101c-1000--372]-9618&noUDP&sock=6179_dbc8_3>
...
001 (690162.010.000) 07/11 09:55:50 Job executing on host: <144.92.180.112:9618?addrs=144.92.180.112-9618+[2607-f388-101c-1000--629]-9618&noUDP&sock=7613_7697_3>
...
006 (690162.010.000) 07/11 09:55:59 Image size of job updated: 167532
	53  -  MemoryUsage of job (MB)
	53488  -  ResidentSetSize of job (KB)
...
006 (690162.010.000) 07/11 10:15:59 Image size of job updated: 247628
	239  -  MemoryUsage of job (MB)
	244652  -  ResidentSetSize of job (KB)
...
005 (690162.010.000) 07/11 10:16:05 Job terminated.
	(1) Normal termination (return value 0)
		Usr 0 00:02:19, Sys 0 00:00:06  -  Run Remote Usage
		Usr 0 00:00:00, Sys 0 00:00:00  -  Run Local Usage
		Usr 0 00:02:19, Sys 0 00:00:06  -  Total Remote Usage
		Usr 0 00:00:00, Sys 0 00:00:00  -  Total Local Usage
	348507  -  Run Bytes Sent By Job
	302156  -  Run Bytes Received By Job
	348507  -  Total Bytes Sent By Job
	302156  -  Total Bytes Received By Job
	Partitionable Resources :    Usage  Request Allocated
	   Cpus                 :                 1         1
	   Disk (KB)            :  1000000  2048000   6333852
	   Memory (MB)          :      239     1992      1992
...
