000 (690162.011.000) 07/11 07:33:15 Job submitted from host: <144.92.181.245:9618?addrs=144.92.181.245-9618+[2607-f388-101c-1000--372]-9618&noUDP&sock=6179_dbc8_3>
...
001 (690162.011.000) 07/11 09:55:47 Job executing on host: <128.104.227.89:9618?addrs=128.104.227.89-9618+[2607-f388-101c-1000--629]-9618&noUDP&sock=11880_4535_10>
...
006 (690162.011.000) 07/11 09:55:56 Image size of job updated: 161684
	58  -  MemoryUsage of job (MB)
	58488  -  ResidentSetSize of job (KB)
...
006 (690162.011.000) 07/11 10:15:57 Image size of job updated: 265256
	238  -  MemoryUsage of job (MB)
	243228  -  ResidentSetSize of job (KB)
...
005 (690162.011.000) 07/11 10:15:59 Job terminated.
	(1) Normal termination (return value 0)
		Usr 0 00:02:07, Sys 0 00:00:11  -  Run Remote Usage
		Usr 0 00:00:00, Sys 0 00:00:00  -  Run Local Usage
		Usr 0 00:02:07, Sys 0 00:00:11  -  Total Remote Usage
		Usr 0 00:00:00, Sys 0 00:00:00  -  Total Local Usage
	346237  -  Run Bytes Sent By Job
	302156  -  Run Bytes Received By Job
	346237  -  Total Bytes Sent By Job
	302156  -  Total Bytes Received By Job
	Partitionable Resources :    Usage  Request Allocated
	   Cpus                 :                 1         1
	   Disk (KB)            :  1000000  2048000   9504447
	   Memory (MB)          :      238     1992      1992
...
