000 (1262555.006.000) 07/25 12:33:45 Job submitted from host: <144.92.180.28:9618?addrs=144.92.180.28-9618+[2607-f388-101c-1000--370]-9618&noUDP&sock=5187_6dd5_82>
...
001 (1262555.006.000) 07/25 13:26:34 Job executing on host: <128.104.227.23:9618?addrs=128.104.227.23-9618+[2607-f388-101c-1000--629]-9618&noUDP&sock=10298_2661_3>
...
006 (1262555.006.000) 07/25 13:26:43 Image size of job updated: 222228
	107  -  MemoryUsage of job (MB)
	108604  -  ResidentSetSize of job (KB)
...
006 (1262555.006.000) 07/25 13:36:15 Image size of job updated: 249656
	107  -  MemoryUsage of job (MB)
	108604  -  ResidentSetSize of job (KB)
...
005 (1262555.006.000) 07/25 13:36:17 Job terminated.
	(1) Normal termination (return value 0)
		Usr 0 00:02:12, Sys 0 00:00:07  -  Run Remote Usage
		Usr 0 00:00:00, Sys 0 00:00:00  -  Run Local Usage
		Usr 0 00:02:12, Sys 0 00:00:07  -  Total Remote Usage
		Usr 0 00:00:00, Sys 0 00:00:00  -  Total Local Usage
	431699  -  Run Bytes Sent By Job
	283691  -  Run Bytes Received By Job
	431699  -  Total Bytes Sent By Job
	283691  -  Total Bytes Received By Job
	Partitionable Resources :    Usage  Request Allocated
	   Cpus                 :                 1         1
	   Disk (KB)            :  1000000  2048000   9501386
	   Memory (MB)          :      107     1992      1992
...
