file path found: /hdfs/store/user/varuns/Run2018D_Prompt/MET/crab_job_MET2018Dv2/190512_164040/0004/Data_MET2018Dv2_4000.root
name: Data_MET2018Dv2_4000.root
filenumber: 0
file path found: /hdfs/store/user/varuns/Run2018D_Prompt/MET/crab_job_MET2018Dv2/190512_164040/0004/Data_MET2018Dv2_4001.root
name: Data_MET2018Dv2_4001.root
filenumber: 1
file path found: /hdfs/store/user/varuns/Run2018D_Prompt/MET/crab_job_MET2018Dv2/190512_164040/0004/Data_MET2018Dv2_4002.root
name: Data_MET2018Dv2_4002.root
filenumber: 2
file path found: /hdfs/store/user/varuns/Run2018D_Prompt/MET/crab_job_MET2018Dv2/190512_164040/0004/Data_MET2018Dv2_4003.root
name: Data_MET2018Dv2_4003.root
filenumber: 3
file path found: /hdfs/store/user/varuns/Run2018D_Prompt/MET/crab_job_MET2018Dv2/190512_164040/0004/Data_MET2018Dv2_4004.root
name: Data_MET2018Dv2_4004.root
filenumber: 4
file path found: /hdfs/store/user/varuns/Run2018D_Prompt/MET/crab_job_MET2018Dv2/190512_164040/0004/Data_MET2018Dv2_4005.root
name: Data_MET2018Dv2_4005.root
filenumber: 5
file path found: /hdfs/store/user/varuns/Run2018D_Prompt/MET/crab_job_MET2018Dv2/190512_164040/0004/Data_MET2018Dv2_4006.root
name: Data_MET2018Dv2_4006.root
filenumber: 6
file path found: /hdfs/store/user/varuns/Run2018D_Prompt/MET/crab_job_MET2018Dv2/190512_164040/0004/Data_MET2018Dv2_4007.root
name: Data_MET2018Dv2_4007.root
filenumber: 7
file path found: /hdfs/store/user/varuns/Run2018D_Prompt/MET/crab_job_MET2018Dv2/190512_164040/0004/Data_MET2018Dv2_4008.root
name: Data_MET2018Dv2_4008.root
filenumber: 8
file path found: /hdfs/store/user/varuns/Run2018D_Prompt/MET/crab_job_MET2018Dv2/190512_164040/0004/Data_MET2018Dv2_4013.root
name: Data_MET2018Dv2_4013.root
filenumber: 9
file path found: /hdfs/store/user/varuns/Run2018D_Prompt/MET/crab_job_MET2018Dv2/190512_164040/0004/Data_MET2018Dv2_4014.root
name: Data_MET2018Dv2_4014.root
filenumber: 10
file path found: /hdfs/store/user/varuns/Run2018D_Prompt/MET/crab_job_MET2018Dv2/190512_164040/0004/Data_MET2018Dv2_4015.root
name: Data_MET2018Dv2_4015.root
filenumber: 11
file path found: /hdfs/store/user/varuns/Run2018D_Prompt/MET/crab_job_MET2018Dv2/190512_164040/0004/Data_MET2018Dv2_4016.root
name: Data_MET2018Dv2_4016.root
filenumber: 12
file path found: /hdfs/store/user/varuns/Run2018D_Prompt/MET/crab_job_MET2018Dv2/190512_164040/0004/Data_MET2018Dv2_4017.root
name: Data_MET2018Dv2_4017.root
filenumber: 13
file path found: /hdfs/store/user/varuns/Run2018D_Prompt/MET/crab_job_MET2018Dv2/190512_164040/0004/Data_MET2018Dv2_4018.root
name: Data_MET2018Dv2_4018.root
filenumber: 14
file path found: /hdfs/store/user/varuns/Run2018D_Prompt/MET/crab_job_MET2018Dv2/190512_164040/0004/Data_MET2018Dv2_4019.root
name: Data_MET2018Dv2_4019.root
filenumber: 15
file path found: /hdfs/store/user/varuns/Run2018D_Prompt/MET/crab_job_MET2018Dv2/190512_164040/0004/Data_MET2018Dv2_4020.root
name: Data_MET2018Dv2_4020.root
filenumber: 16
file path found: /hdfs/store/user/varuns/Run2018D_Prompt/MET/crab_job_MET2018Dv2/190512_164040/0004/Data_MET2018Dv2_4021.root
name: Data_MET2018Dv2_4021.root
filenumber: 17
file path found: /hdfs/store/user/varuns/Run2018D_Prompt/MET/crab_job_MET2018Dv2/190512_164040/0004/Data_MET2018Dv2_4022.root
name: Data_MET2018Dv2_4022.root
filenumber: 18
file path found: /hdfs/store/user/varuns/Run2018D_Prompt/MET/crab_job_MET2018Dv2/190512_164040/0004/Data_MET2018Dv2_4023.root
name: Data_MET2018Dv2_4023.root
filenumber: 19
file path found: /hdfs/store/user/varuns/Run2018D_Prompt/MET/crab_job_MET2018Dv2/190512_164040/0004/Data_MET2018Dv2_4024.root
name: Data_MET2018Dv2_4024.root
filenumber: 20
file path found: /hdfs/store/user/varuns/Run2018D_Prompt/MET/crab_job_MET2018Dv2/190512_164040/0004/Data_MET2018Dv2_4025.root
name: Data_MET2018Dv2_4025.root
filenumber: 21
file path found: /hdfs/store/user/varuns/Run2018D_Prompt/MET/crab_job_MET2018Dv2/190512_164040/0004/Data_MET2018Dv2_4026.root
name: Data_MET2018Dv2_4026.root
filenumber: 22
file path found: /hdfs/store/user/varuns/Run2018D_Prompt/MET/crab_job_MET2018Dv2/190512_164040/0004/Data_MET2018Dv2_4027.root
name: Data_MET2018Dv2_4027.root
filenumber: 23
file path found: /hdfs/store/user/varuns/Run2018D_Prompt/MET/crab_job_MET2018Dv2/190512_164040/0004/Data_MET2018Dv2_4028.root
name: Data_MET2018Dv2_4028.root
filenumber: 24
file path found: /hdfs/store/user/varuns/Run2018D_Prompt/MET/crab_job_MET2018Dv2/190512_164040/0004/Data_MET2018Dv2_4029.root
name: Data_MET2018Dv2_4029.root
filenumber: 25
file path found: /hdfs/store/user/varuns/Run2018D_Prompt/MET/crab_job_MET2018Dv2/190512_164040/0004/Data_MET2018Dv2_4030.root
name: Data_MET2018Dv2_4030.root
filenumber: 26
file path found: /hdfs/store/user/varuns/Run2018D_Prompt/MET/crab_job_MET2018Dv2/190512_164040/0004/Data_MET2018Dv2_4031.root
name: Data_MET2018Dv2_4031.root
filenumber: 27
file path found: /hdfs/store/user/varuns/Run2018D_Prompt/MET/crab_job_MET2018Dv2/190512_164040/0004/Data_MET2018Dv2_4032.root
name: Data_MET2018Dv2_4032.root
filenumber: 28
file path found: /hdfs/store/user/varuns/Run2018D_Prompt/MET/crab_job_MET2018Dv2/190512_164040/0004/Data_MET2018Dv2_4033.root
name: Data_MET2018Dv2_4033.root
filenumber: 29
file path found: /hdfs/store/user/varuns/Run2018D_Prompt/MET/crab_job_MET2018Dv2/190512_164040/0004/Data_MET2018Dv2_4108.root
name: Data_MET2018Dv2_4108.root
filenumber: 30
file path found: /hdfs/store/user/varuns/Run2018D_Prompt/MET/crab_job_MET2018Dv2/190512_164040/0004/Data_MET2018Dv2_4125.root
name: Data_MET2018Dv2_4125.root
filenumber: 31
file path found: /hdfs/store/user/varuns/Run2018D_Prompt/MET/crab_job_MET2018Dv2/190512_164040/0004/Data_MET2018Dv2_4207.root
name: Data_MET2018Dv2_4207.root
filenumber: 32
file path found: /hdfs/store/user/varuns/Run2018D_Prompt/MET/crab_job_MET2018Dv2/190512_164040/0004/Data_MET2018Dv2_4210.root
name: Data_MET2018Dv2_4210.root
filenumber: 33
file path found: /hdfs/store/user/varuns/Run2018D_Prompt/MET/crab_job_MET2018Dv2/190512_164040/0004/Data_MET2018Dv2_4223.root
name: Data_MET2018Dv2_4223.root
filenumber: 34
file path found: /hdfs/store/user/varuns/Run2018D_Prompt/MET/crab_job_MET2018Dv2/190512_164040/0004/Data_MET2018Dv2_4226.root
name: Data_MET2018Dv2_4226.root
filenumber: 35
file path found: /hdfs/store/user/varuns/Run2018D_Prompt/MET/crab_job_MET2018Dv2/190512_164040/0004/Data_MET2018Dv2_4227.root
name: Data_MET2018Dv2_4227.root
filenumber: 36
file path found: /hdfs/store/user/varuns/Run2018D_Prompt/MET/crab_job_MET2018Dv2/190512_164040/0004/Data_MET2018Dv2_4228.root
name: Data_MET2018Dv2_4228.root
filenumber: 37
file path found: /hdfs/store/user/varuns/Run2018D_Prompt/MET/crab_job_MET2018Dv2/190512_164040/0004/Data_MET2018Dv2_4229.root
name: Data_MET2018Dv2_4229.root
filenumber: 38
file path found: /hdfs/store/user/varuns/Run2018D_Prompt/MET/crab_job_MET2018Dv2/190512_164040/0004/Data_MET2018Dv2_4230.root
name: Data_MET2018Dv2_4230.root
filenumber: 39
file path found: /hdfs/store/user/varuns/Run2018D_Prompt/MET/crab_job_MET2018Dv2/190512_164040/0004/Data_MET2018Dv2_4231.root
name: Data_MET2018Dv2_4231.root
filenumber: 40
file path found: /hdfs/store/user/varuns/Run2018D_Prompt/MET/crab_job_MET2018Dv2/190512_164040/0004/Data_MET2018Dv2_4232.root
name: Data_MET2018Dv2_4232.root
filenumber: 41
file path found: /hdfs/store/user/varuns/Run2018D_Prompt/MET/crab_job_MET2018Dv2/190512_164040/0004/Data_MET2018Dv2_4233.root
name: Data_MET2018Dv2_4233.root
filenumber: 42
file path found: /hdfs/store/user/varuns/Run2018D_Prompt/MET/crab_job_MET2018Dv2/190512_164040/0004/Data_MET2018Dv2_4234.root
name: Data_MET2018Dv2_4234.root
filenumber: 43
file path found: /hdfs/store/user/varuns/Run2018D_Prompt/MET/crab_job_MET2018Dv2/190512_164040/0004/Data_MET2018Dv2_4235.root
name: Data_MET2018Dv2_4235.root
filenumber: 44
file path found: /hdfs/store/user/varuns/Run2018D_Prompt/MET/crab_job_MET2018Dv2/190512_164040/0004/Data_MET2018Dv2_4236.root
name: Data_MET2018Dv2_4236.root
filenumber: 45
file path found: /hdfs/store/user/varuns/Run2018D_Prompt/MET/crab_job_MET2018Dv2/190512_164040/0004/Data_MET2018Dv2_4237.root
name: Data_MET2018Dv2_4237.root
filenumber: 46
file path found: /hdfs/store/user/varuns/Run2018D_Prompt/MET/crab_job_MET2018Dv2/190512_164040/0004/Data_MET2018Dv2_4238.root
name: Data_MET2018Dv2_4238.root
filenumber: 47
file path found: /hdfs/store/user/varuns/Run2018D_Prompt/MET/crab_job_MET2018Dv2/190512_164040/0004/Data_MET2018Dv2_4264.root
name: Data_MET2018Dv2_4264.root
filenumber: 48
file path found: /hdfs/store/user/varuns/Run2018D_Prompt/MET/crab_job_MET2018Dv2/190512_164040/0004/Data_MET2018Dv2_4271.root
name: Data_MET2018Dv2_4271.root
filenumber: 49
file path found: /hdfs/store/user/varuns/Run2018D_Prompt/MET/crab_job_MET2018Dv2/190512_164040/0004/Data_MET2018Dv2_4289.root
name: Data_MET2018Dv2_4289.root
filenumber: 50
file path found: /hdfs/store/user/varuns/Run2018D_Prompt/MET/crab_job_MET2018Dv2/190512_164040/0004/Data_MET2018Dv2_4291.root
name: Data_MET2018Dv2_4291.root
filenumber: 51
file path found: /hdfs/store/user/varuns/Run2018D_Prompt/MET/crab_job_MET2018Dv2/190512_164040/0004/Data_MET2018Dv2_4292.root
name: Data_MET2018Dv2_4292.root
filenumber: 52
file path found: /hdfs/store/user/varuns/Run2018D_Prompt/MET/crab_job_MET2018Dv2/190512_164040/0004/Data_MET2018Dv2_4293.root
name: Data_MET2018Dv2_4293.root
filenumber: 53
file path found: /hdfs/store/user/varuns/Run2018D_Prompt/MET/crab_job_MET2018Dv2/190512_164040/0004/Data_MET2018Dv2_4294.root
name: Data_MET2018Dv2_4294.root
filenumber: 54
file path found: /hdfs/store/user/varuns/Run2018D_Prompt/MET/crab_job_MET2018Dv2/190512_164040/0004/Data_MET2018Dv2_4295.root
name: Data_MET2018Dv2_4295.root
filenumber: 55
file path found: /hdfs/store/user/varuns/Run2018D_Prompt/MET/crab_job_MET2018Dv2/190512_164040/0004/Data_MET2018Dv2_4296.root
name: Data_MET2018Dv2_4296.root
filenumber: 56
file path found: /hdfs/store/user/varuns/Run2018D_Prompt/MET/crab_job_MET2018Dv2/190512_164040/0004/Data_MET2018Dv2_4297.root
name: Data_MET2018Dv2_4297.root
filenumber: 57
file path found: /hdfs/store/user/varuns/Run2018D_Prompt/MET/crab_job_MET2018Dv2/190512_164040/0004/Data_MET2018Dv2_4300.root
name: Data_MET2018Dv2_4300.root
filenumber: 58
file path found: /hdfs/store/user/varuns/Run2018D_Prompt/MET/crab_job_MET2018Dv2/190512_164040/0004/Data_MET2018Dv2_4302.root
name: Data_MET2018Dv2_4302.root
filenumber: 59
file path found: /hdfs/store/user/varuns/Run2018D_Prompt/MET/crab_job_MET2018Dv2/190512_164040/0004/Data_MET2018Dv2_4305.root
name: Data_MET2018Dv2_4305.root
filenumber: 60
file path found: /hdfs/store/user/varuns/Run2018D_Prompt/MET/crab_job_MET2018Dv2/190512_164040/0004/Data_MET2018Dv2_4306.root
name: Data_MET2018Dv2_4306.root
filenumber: 61
file path found: /hdfs/store/user/varuns/Run2018D_Prompt/MET/crab_job_MET2018Dv2/190512_164040/0004/Data_MET2018Dv2_4307.root
name: Data_MET2018Dv2_4307.root
filenumber: 62
file path found: /hdfs/store/user/varuns/Run2018D_Prompt/MET/crab_job_MET2018Dv2/190512_164040/0004/Data_MET2018Dv2_4310.root
name: Data_MET2018Dv2_4310.root
filenumber: 63
file path found: /hdfs/store/user/varuns/Run2018D_Prompt/MET/crab_job_MET2018Dv2/190512_164040/0004/Data_MET2018Dv2_4311.root
name: Data_MET2018Dv2_4311.root
filenumber: 64
file path found: /hdfs/store/user/varuns/Run2018D_Prompt/MET/crab_job_MET2018Dv2/190512_164040/0004/Data_MET2018Dv2_4312.root
name: Data_MET2018Dv2_4312.root
filenumber: 65
file path found: /hdfs/store/user/varuns/Run2018D_Prompt/MET/crab_job_MET2018Dv2/190512_164040/0004/Data_MET2018Dv2_4313.root
name: Data_MET2018Dv2_4313.root
filenumber: 66
file path found: /hdfs/store/user/varuns/Run2018D_Prompt/MET/crab_job_MET2018Dv2/190512_164040/0004/Data_MET2018Dv2_4314.root
name: Data_MET2018Dv2_4314.root
filenumber: 67
file path found: /hdfs/store/user/varuns/Run2018D_Prompt/MET/crab_job_MET2018Dv2/190512_164040/0004/Data_MET2018Dv2_4315.root
name: Data_MET2018Dv2_4315.root
filenumber: 68
file path found: /hdfs/store/user/varuns/Run2018D_Prompt/MET/crab_job_MET2018Dv2/190512_164040/0004/Data_MET2018Dv2_4316.root
name: Data_MET2018Dv2_4316.root
filenumber: 69
file path found: /hdfs/store/user/varuns/Run2018D_Prompt/MET/crab_job_MET2018Dv2/190512_164040/0004/Data_MET2018Dv2_4317.root
name: Data_MET2018Dv2_4317.root
filenumber: 70
file path found: /hdfs/store/user/varuns/Run2018D_Prompt/MET/crab_job_MET2018Dv2/190512_164040/0004/Data_MET2018Dv2_4318.root
name: Data_MET2018Dv2_4318.root
filenumber: 71
file path found: /hdfs/store/user/varuns/Run2018D_Prompt/MET/crab_job_MET2018Dv2/190512_164040/0004/Data_MET2018Dv2_4319.root
name: Data_MET2018Dv2_4319.root
filenumber: 72
file path found: /hdfs/store/user/varuns/Run2018D_Prompt/MET/crab_job_MET2018Dv2/190512_164040/0004/Data_MET2018Dv2_4320.root
name: Data_MET2018Dv2_4320.root
filenumber: 73
file path found: /hdfs/store/user/varuns/Run2018D_Prompt/MET/crab_job_MET2018Dv2/190512_164040/0004/Data_MET2018Dv2_4321.root
name: Data_MET2018Dv2_4321.root
filenumber: 74
file path found: /hdfs/store/user/varuns/Run2018D_Prompt/MET/crab_job_MET2018Dv2/190512_164040/0004/Data_MET2018Dv2_4322.root
name: Data_MET2018Dv2_4322.root
filenumber: 75
file path found: /hdfs/store/user/varuns/Run2018D_Prompt/MET/crab_job_MET2018Dv2/190512_164040/0004/Data_MET2018Dv2_4323.root
name: Data_MET2018Dv2_4323.root
filenumber: 76
file path found: /hdfs/store/user/varuns/Run2018D_Prompt/MET/crab_job_MET2018Dv2/190512_164040/0004/Data_MET2018Dv2_4324.root
name: Data_MET2018Dv2_4324.root
filenumber: 77
file path found: /hdfs/store/user/varuns/Run2018D_Prompt/MET/crab_job_MET2018Dv2/190512_164040/0004/Data_MET2018Dv2_4325.root
name: Data_MET2018Dv2_4325.root
filenumber: 78
file path found: /hdfs/store/user/varuns/Run2018D_Prompt/MET/crab_job_MET2018Dv2/190512_164040/0004/Data_MET2018Dv2_4326.root
name: Data_MET2018Dv2_4326.root
filenumber: 79
file path found: /hdfs/store/user/varuns/Run2018D_Prompt/MET/crab_job_MET2018Dv2/190512_164040/0004/Data_MET2018Dv2_4327.root
name: Data_MET2018Dv2_4327.root
filenumber: 80
file path found: /hdfs/store/user/varuns/Run2018D_Prompt/MET/crab_job_MET2018Dv2/190512_164040/0004/Data_MET2018Dv2_4328.root
name: Data_MET2018Dv2_4328.root
filenumber: 81
file path found: /hdfs/store/user/varuns/Run2018D_Prompt/MET/crab_job_MET2018Dv2/190512_164040/0004/Data_MET2018Dv2_4329.root
name: Data_MET2018Dv2_4329.root
filenumber: 82
file path found: /hdfs/store/user/varuns/Run2018D_Prompt/MET/crab_job_MET2018Dv2/190512_164040/0004/Data_MET2018Dv2_4330.root
name: Data_MET2018Dv2_4330.root
filenumber: 83
file path found: /hdfs/store/user/varuns/Run2018D_Prompt/MET/crab_job_MET2018Dv2/190512_164040/0004/Data_MET2018Dv2_4331.root
name: Data_MET2018Dv2_4331.root
filenumber: 84
file path found: /hdfs/store/user/varuns/Run2018D_Prompt/MET/crab_job_MET2018Dv2/190512_164040/0004/Data_MET2018Dv2_4332.root
name: Data_MET2018Dv2_4332.root
filenumber: 85
file path found: /hdfs/store/user/varuns/Run2018D_Prompt/MET/crab_job_MET2018Dv2/190512_164040/0004/Data_MET2018Dv2_4333.root
name: Data_MET2018Dv2_4333.root
filenumber: 86
file path found: /hdfs/store/user/varuns/Run2018D_Prompt/MET/crab_job_MET2018Dv2/190512_164040/0004/Data_MET2018Dv2_4335.root
name: Data_MET2018Dv2_4335.root
filenumber: 87
file path found: /hdfs/store/user/varuns/Run2018D_Prompt/MET/crab_job_MET2018Dv2/190512_164040/0004/Data_MET2018Dv2_4336.root
name: Data_MET2018Dv2_4336.root
filenumber: 88
file path found: /hdfs/store/user/varuns/Run2018D_Prompt/MET/crab_job_MET2018Dv2/190512_164040/0004/Data_MET2018Dv2_4337.root
name: Data_MET2018Dv2_4337.root
filenumber: 89
file path found: /hdfs/store/user/varuns/Run2018D_Prompt/MET/crab_job_MET2018Dv2/190512_164040/0004/Data_MET2018Dv2_4338.root
name: Data_MET2018Dv2_4338.root
filenumber: 90
file path found: /hdfs/store/user/varuns/Run2018D_Prompt/MET/crab_job_MET2018Dv2/190512_164040/0004/Data_MET2018Dv2_4339.root
name: Data_MET2018Dv2_4339.root
filenumber: 91
file path found: /hdfs/store/user/varuns/Run2018D_Prompt/MET/crab_job_MET2018Dv2/190512_164040/0004/Data_MET2018Dv2_4340.root
name: Data_MET2018Dv2_4340.root
filenumber: 92
file path found: /hdfs/store/user/varuns/Run2018D_Prompt/MET/crab_job_MET2018Dv2/190512_164040/0004/Data_MET2018Dv2_4341.root
name: Data_MET2018Dv2_4341.root
filenumber: 93
file path found: /hdfs/store/user/varuns/Run2018D_Prompt/MET/crab_job_MET2018Dv2/190512_164040/0004/Data_MET2018Dv2_4357.root
name: Data_MET2018Dv2_4357.root
filenumber: 94
file path found: /hdfs/store/user/varuns/Run2018D_Prompt/MET/crab_job_MET2018Dv2/190512_164040/0004/Data_MET2018Dv2_4358.root
name: Data_MET2018Dv2_4358.root
filenumber: 95
file path found: /hdfs/store/user/varuns/Run2018D_Prompt/MET/crab_job_MET2018Dv2/190512_164040/0004/Data_MET2018Dv2_4359.root
name: Data_MET2018Dv2_4359.root
filenumber: 96
file path found: /hdfs/store/user/varuns/Run2018D_Prompt/MET/crab_job_MET2018Dv2/190512_164040/0004/Data_MET2018Dv2_4360.root
name: Data_MET2018Dv2_4360.root
filenumber: 97
file path found: /hdfs/store/user/varuns/Run2018D_Prompt/MET/crab_job_MET2018Dv2/190512_164040/0004/Data_MET2018Dv2_4361.root
name: Data_MET2018Dv2_4361.root
filenumber: 98
file path found: /hdfs/store/user/varuns/Run2018D_Prompt/MET/crab_job_MET2018Dv2/190512_164040/0004/Data_MET2018Dv2_4363.root
name: Data_MET2018Dv2_4363.root
filenumber: 99
file path found: /hdfs/store/user/varuns/Run2018D_Prompt/MET/crab_job_MET2018Dv2/190512_164040/0004/Data_MET2018Dv2_4370.root
name: Data_MET2018Dv2_4370.root
filenumber: 100
file path found: /hdfs/store/user/varuns/Run2018D_Prompt/MET/crab_job_MET2018Dv2/190512_164040/0004/Data_MET2018Dv2_4371.root
name: Data_MET2018Dv2_4371.root
filenumber: 101
file path found: /hdfs/store/user/varuns/Run2018D_Prompt/MET/crab_job_MET2018Dv2/190512_164040/0004/Data_MET2018Dv2_4377.root
name: Data_MET2018Dv2_4377.root
filenumber: 102
file path found: /hdfs/store/user/varuns/Run2018D_Prompt/MET/crab_job_MET2018Dv2/190512_164040/0004/Data_MET2018Dv2_4378.root
name: Data_MET2018Dv2_4378.root
filenumber: 103
file path found: /hdfs/store/user/varuns/Run2018D_Prompt/MET/crab_job_MET2018Dv2/190512_164040/0004/Data_MET2018Dv2_4380.root
name: Data_MET2018Dv2_4380.root
filenumber: 104
file path found: /hdfs/store/user/varuns/Run2018D_Prompt/MET/crab_job_MET2018Dv2/190512_164040/0004/Data_MET2018Dv2_4398.root
name: Data_MET2018Dv2_4398.root
filenumber: 105
file path found: /hdfs/store/user/varuns/Run2018D_Prompt/MET/crab_job_MET2018Dv2/190512_164040/0004/Data_MET2018Dv2_4399.root
name: Data_MET2018Dv2_4399.root
filenumber: 106
file path found: /hdfs/store/user/varuns/Run2018D_Prompt/MET/crab_job_MET2018Dv2/190512_164040/0004/Data_MET2018Dv2_4401.root
name: Data_MET2018Dv2_4401.root
filenumber: 107
file path found: /hdfs/store/user/varuns/Run2018D_Prompt/MET/crab_job_MET2018Dv2/190512_164040/0004/Data_MET2018Dv2_4402.root
name: Data_MET2018Dv2_4402.root
filenumber: 108
file path found: /hdfs/store/user/varuns/Run2018D_Prompt/MET/crab_job_MET2018Dv2/190512_164040/0004/Data_MET2018Dv2_4405.root
name: Data_MET2018Dv2_4405.root
filenumber: 109
file path found: /hdfs/store/user/varuns/Run2018D_Prompt/MET/crab_job_MET2018Dv2/190512_164040/0004/Data_MET2018Dv2_4406.root
name: Data_MET2018Dv2_4406.root
filenumber: 110
file path found: /hdfs/store/user/varuns/Run2018D_Prompt/MET/crab_job_MET2018Dv2/190512_164040/0004/Data_MET2018Dv2_4407.root
name: Data_MET2018Dv2_4407.root
filenumber: 111
file path found: /hdfs/store/user/varuns/Run2018D_Prompt/MET/crab_job_MET2018Dv2/190512_164040/0004/Data_MET2018Dv2_4408.root
name: Data_MET2018Dv2_4408.root
filenumber: 112
file path found: /hdfs/store/user/varuns/Run2018D_Prompt/MET/crab_job_MET2018Dv2/190512_164040/0004/Data_MET2018Dv2_4409.root
name: Data_MET2018Dv2_4409.root
filenumber: 113
file path found: /hdfs/store/user/varuns/Run2018D_Prompt/MET/crab_job_MET2018Dv2/190512_164040/0004/Data_MET2018Dv2_4419.root
name: Data_MET2018Dv2_4419.root
filenumber: 114
file path found: /hdfs/store/user/varuns/Run2018D_Prompt/MET/crab_job_MET2018Dv2/190512_164040/0004/Data_MET2018Dv2_4423.root
name: Data_MET2018Dv2_4423.root
filenumber: 115
file path found: /hdfs/store/user/varuns/Run2018D_Prompt/MET/crab_job_MET2018Dv2/190512_164040/0004/Data_MET2018Dv2_4424.root
name: Data_MET2018Dv2_4424.root
filenumber: 116
file path found: /hdfs/store/user/varuns/Run2018D_Prompt/MET/crab_job_MET2018Dv2/190512_164040/0004/Data_MET2018Dv2_4425.root
name: Data_MET2018Dv2_4425.root
filenumber: 117
file path found: /hdfs/store/user/varuns/Run2018D_Prompt/MET/crab_job_MET2018Dv2/190512_164040/0004/Data_MET2018Dv2_4426.root
name: Data_MET2018Dv2_4426.root
filenumber: 118
file path found: /hdfs/store/user/varuns/Run2018D_Prompt/MET/crab_job_MET2018Dv2/190512_164040/0004/Data_MET2018Dv2_4428.root
name: Data_MET2018Dv2_4428.root
filenumber: 119
file path found: /hdfs/store/user/varuns/Run2018D_Prompt/MET/crab_job_MET2018Dv2/190512_164040/0004/Data_MET2018Dv2_4429.root
name: Data_MET2018Dv2_4429.root
filenumber: 120
file path found: /hdfs/store/user/varuns/Run2018D_Prompt/MET/crab_job_MET2018Dv2/190512_164040/0004/Data_MET2018Dv2_4430.root
name: Data_MET2018Dv2_4430.root
filenumber: 121
file path found: /hdfs/store/user/varuns/Run2018D_Prompt/MET/crab_job_MET2018Dv2/190512_164040/0004/Data_MET2018Dv2_4431.root
name: Data_MET2018Dv2_4431.root
filenumber: 122
file path found: /hdfs/store/user/varuns/Run2018D_Prompt/MET/crab_job_MET2018Dv2/190512_164040/0004/Data_MET2018Dv2_4432.root
name: Data_MET2018Dv2_4432.root
filenumber: 123
file path found: /hdfs/store/user/varuns/Run2018D_Prompt/MET/crab_job_MET2018Dv2/190512_164040/0004/Data_MET2018Dv2_4433.root
name: Data_MET2018Dv2_4433.root
filenumber: 124
file path found: /hdfs/store/user/varuns/Run2018D_Prompt/MET/crab_job_MET2018Dv2/190512_164040/0004/Data_MET2018Dv2_4434.root
name: Data_MET2018Dv2_4434.root
filenumber: 125
file path found: /hdfs/store/user/varuns/Run2018D_Prompt/MET/crab_job_MET2018Dv2/190512_164040/0004/Data_MET2018Dv2_4435.root
name: Data_MET2018Dv2_4435.root
filenumber: 126
file path found: /hdfs/store/user/varuns/Run2018D_Prompt/MET/crab_job_MET2018Dv2/190512_164040/0004/Data_MET2018Dv2_4436.root
name: Data_MET2018Dv2_4436.root
filenumber: 127
file path found: /hdfs/store/user/varuns/Run2018D_Prompt/MET/crab_job_MET2018Dv2/190512_164040/0004/Data_MET2018Dv2_4437.root
name: Data_MET2018Dv2_4437.root
filenumber: 128
file path found: /hdfs/store/user/varuns/Run2018D_Prompt/MET/crab_job_MET2018Dv2/190512_164040/0004/Data_MET2018Dv2_4438.root
name: Data_MET2018Dv2_4438.root
filenumber: 129
file path found: /hdfs/store/user/varuns/Run2018D_Prompt/MET/crab_job_MET2018Dv2/190512_164040/0004/Data_MET2018Dv2_4439.root
name: Data_MET2018Dv2_4439.root
filenumber: 130
file path found: /hdfs/store/user/varuns/Run2018D_Prompt/MET/crab_job_MET2018Dv2/190512_164040/0004/Data_MET2018Dv2_4440.root
name: Data_MET2018Dv2_4440.root
filenumber: 131
file path found: /hdfs/store/user/varuns/Run2018D_Prompt/MET/crab_job_MET2018Dv2/190512_164040/0004/Data_MET2018Dv2_4441.root
name: Data_MET2018Dv2_4441.root
filenumber: 132
file path found: /hdfs/store/user/varuns/Run2018D_Prompt/MET/crab_job_MET2018Dv2/190512_164040/0004/Data_MET2018Dv2_4442.root
name: Data_MET2018Dv2_4442.root
filenumber: 133
file path found: /hdfs/store/user/varuns/Run2018D_Prompt/MET/crab_job_MET2018Dv2/190512_164040/0004/Data_MET2018Dv2_4443.root
name: Data_MET2018Dv2_4443.root
filenumber: 134
file path found: /hdfs/store/user/varuns/Run2018D_Prompt/MET/crab_job_MET2018Dv2/190512_164040/0004/Data_MET2018Dv2_4444.root
name: Data_MET2018Dv2_4444.root
filenumber: 135
file path found: /hdfs/store/user/varuns/Run2018D_Prompt/MET/crab_job_MET2018Dv2/190512_164040/0004/Data_MET2018Dv2_4445.root
name: Data_MET2018Dv2_4445.root
filenumber: 136
file path found: /hdfs/store/user/varuns/Run2018D_Prompt/MET/crab_job_MET2018Dv2/190512_164040/0004/Data_MET2018Dv2_4446.root
name: Data_MET2018Dv2_4446.root
filenumber: 137
file path found: /hdfs/store/user/varuns/Run2018D_Prompt/MET/crab_job_MET2018Dv2/190512_164040/0004/Data_MET2018Dv2_4447.root
name: Data_MET2018Dv2_4447.root
filenumber: 138
file path found: /hdfs/store/user/varuns/Run2018D_Prompt/MET/crab_job_MET2018Dv2/190512_164040/0004/Data_MET2018Dv2_4448.root
name: Data_MET2018Dv2_4448.root
filenumber: 139
file path found: /hdfs/store/user/varuns/Run2018D_Prompt/MET/crab_job_MET2018Dv2/190512_164040/0004/Data_MET2018Dv2_4449.root
name: Data_MET2018Dv2_4449.root
filenumber: 140
Adding FullPathInputFile to chain:/hdfs/store/user/varuns/Run2018D_Prompt/MET/crab_job_MET2018Dv2/190512_164040/0004/Data_MET2018Dv2_4449.root

file path found: /hdfs/store/user/varuns/Run2018D_Prompt/MET/crab_job_MET2018Dv2/190512_164040/0004/Data_MET2018Dv2_4450.root
name: Data_MET2018Dv2_4450.root
filenumber: 141
Adding FullPathInputFile to chain:/hdfs/store/user/varuns/Run2018D_Prompt/MET/crab_job_MET2018Dv2/190512_164040/0004/Data_MET2018Dv2_4450.root

file path found: /hdfs/store/user/varuns/Run2018D_Prompt/MET/crab_job_MET2018Dv2/190512_164040/0004/Data_MET2018Dv2_4451.root
name: Data_MET2018Dv2_4451.root
filenumber: 142
Adding FullPathInputFile to chain:/hdfs/store/user/varuns/Run2018D_Prompt/MET/crab_job_MET2018Dv2/190512_164040/0004/Data_MET2018Dv2_4451.root

file path found: /hdfs/store/user/varuns/Run2018D_Prompt/MET/crab_job_MET2018Dv2/190512_164040/0004/Data_MET2018Dv2_4452.root
name: Data_MET2018Dv2_4452.root
filenumber: 143
Adding FullPathInputFile to chain:/hdfs/store/user/varuns/Run2018D_Prompt/MET/crab_job_MET2018Dv2/190512_164040/0004/Data_MET2018Dv2_4452.root

file path found: /hdfs/store/user/varuns/Run2018D_Prompt/MET/crab_job_MET2018Dv2/190512_164040/0004/Data_MET2018Dv2_4453.root
name: Data_MET2018Dv2_4453.root
filenumber: 144
Adding FullPathInputFile to chain:/hdfs/store/user/varuns/Run2018D_Prompt/MET/crab_job_MET2018Dv2/190512_164040/0004/Data_MET2018Dv2_4453.root

file path found: /hdfs/store/user/varuns/Run2018D_Prompt/MET/crab_job_MET2018Dv2/190512_164040/0004/Data_MET2018Dv2_4454.root
name: Data_MET2018Dv2_4454.root
filenumber: 145
Adding FullPathInputFile to chain:/hdfs/store/user/varuns/Run2018D_Prompt/MET/crab_job_MET2018Dv2/190512_164040/0004/Data_MET2018Dv2_4454.root

file path found: /hdfs/store/user/varuns/Run2018D_Prompt/MET/crab_job_MET2018Dv2/190512_164040/0004/Data_MET2018Dv2_4455.root
name: Data_MET2018Dv2_4455.root
filenumber: 146
Adding FullPathInputFile to chain:/hdfs/store/user/varuns/Run2018D_Prompt/MET/crab_job_MET2018Dv2/190512_164040/0004/Data_MET2018Dv2_4455.root

file path found: /hdfs/store/user/varuns/Run2018D_Prompt/MET/crab_job_MET2018Dv2/190512_164040/0004/Data_MET2018Dv2_4456.root
name: Data_MET2018Dv2_4456.root
filenumber: 147
Adding FullPathInputFile to chain:/hdfs/store/user/varuns/Run2018D_Prompt/MET/crab_job_MET2018Dv2/190512_164040/0004/Data_MET2018Dv2_4456.root

file path found: /hdfs/store/user/varuns/Run2018D_Prompt/MET/crab_job_MET2018Dv2/190512_164040/0004/Data_MET2018Dv2_4457.root
name: Data_MET2018Dv2_4457.root
filenumber: 148
Adding FullPathInputFile to chain:/hdfs/store/user/varuns/Run2018D_Prompt/MET/crab_job_MET2018Dv2/190512_164040/0004/Data_MET2018Dv2_4457.root

file path found: /hdfs/store/user/varuns/Run2018D_Prompt/MET/crab_job_MET2018Dv2/190512_164040/0004/Data_MET2018Dv2_4458.root
name: Data_MET2018Dv2_4458.root
filenumber: 149
Adding FullPathInputFile to chain:/hdfs/store/user/varuns/Run2018D_Prompt/MET/crab_job_MET2018Dv2/190512_164040/0004/Data_MET2018Dv2_4458.root

file path found: /hdfs/store/user/varuns/Run2018D_Prompt/MET/crab_job_MET2018Dv2/190512_164040/0004/Data_MET2018Dv2_4459.root
name: Data_MET2018Dv2_4459.root
filenumber: 150
Adding FullPathInputFile to chain:/hdfs/store/user/varuns/Run2018D_Prompt/MET/crab_job_MET2018Dv2/190512_164040/0004/Data_MET2018Dv2_4459.root

file path found: /hdfs/store/user/varuns/Run2018D_Prompt/MET/crab_job_MET2018Dv2/190512_164040/0004/Data_MET2018Dv2_4460.root
name: Data_MET2018Dv2_4460.root
filenumber: 151
Adding FullPathInputFile to chain:/hdfs/store/user/varuns/Run2018D_Prompt/MET/crab_job_MET2018Dv2/190512_164040/0004/Data_MET2018Dv2_4460.root

file path found: /hdfs/store/user/varuns/Run2018D_Prompt/MET/crab_job_MET2018Dv2/190512_164040/0004/Data_MET2018Dv2_4461.root
name: Data_MET2018Dv2_4461.root
filenumber: 152
Adding FullPathInputFile to chain:/hdfs/store/user/varuns/Run2018D_Prompt/MET/crab_job_MET2018Dv2/190512_164040/0004/Data_MET2018Dv2_4461.root

file path found: /hdfs/store/user/varuns/Run2018D_Prompt/MET/crab_job_MET2018Dv2/190512_164040/0004/Data_MET2018Dv2_4462.root
name: Data_MET2018Dv2_4462.root
filenumber: 153
Adding FullPathInputFile to chain:/hdfs/store/user/varuns/Run2018D_Prompt/MET/crab_job_MET2018Dv2/190512_164040/0004/Data_MET2018Dv2_4462.root

file path found: /hdfs/store/user/varuns/Run2018D_Prompt/MET/crab_job_MET2018Dv2/190512_164040/0004/Data_MET2018Dv2_4463.root
name: Data_MET2018Dv2_4463.root
filenumber: 154
Adding FullPathInputFile to chain:/hdfs/store/user/varuns/Run2018D_Prompt/MET/crab_job_MET2018Dv2/190512_164040/0004/Data_MET2018Dv2_4463.root

file path found: /hdfs/store/user/varuns/Run2018D_Prompt/MET/crab_job_MET2018Dv2/190512_164040/0004/Data_MET2018Dv2_4464.root
name: Data_MET2018Dv2_4464.root
filenumber: 155
Adding FullPathInputFile to chain:/hdfs/store/user/varuns/Run2018D_Prompt/MET/crab_job_MET2018Dv2/190512_164040/0004/Data_MET2018Dv2_4464.root

file path found: /hdfs/store/user/varuns/Run2018D_Prompt/MET/crab_job_MET2018Dv2/190512_164040/0004/Data_MET2018Dv2_4465.root
name: Data_MET2018Dv2_4465.root
filenumber: 156
Adding FullPathInputFile to chain:/hdfs/store/user/varuns/Run2018D_Prompt/MET/crab_job_MET2018Dv2/190512_164040/0004/Data_MET2018Dv2_4465.root

file path found: /hdfs/store/user/varuns/Run2018D_Prompt/MET/crab_job_MET2018Dv2/190512_164040/0004/Data_MET2018Dv2_4466.root
name: Data_MET2018Dv2_4466.root
filenumber: 157
Adding FullPathInputFile to chain:/hdfs/store/user/varuns/Run2018D_Prompt/MET/crab_job_MET2018Dv2/190512_164040/0004/Data_MET2018Dv2_4466.root

file path found: /hdfs/store/user/varuns/Run2018D_Prompt/MET/crab_job_MET2018Dv2/190512_164040/0004/Data_MET2018Dv2_4501.root
name: Data_MET2018Dv2_4501.root
filenumber: 158
Adding FullPathInputFile to chain:/hdfs/store/user/varuns/Run2018D_Prompt/MET/crab_job_MET2018Dv2/190512_164040/0004/Data_MET2018Dv2_4501.root

file path found: /hdfs/store/user/varuns/Run2018D_Prompt/MET/crab_job_MET2018Dv2/190512_164040/0004/Data_MET2018Dv2_4503.root
name: Data_MET2018Dv2_4503.root
filenumber: 159
Adding FullPathInputFile to chain:/hdfs/store/user/varuns/Run2018D_Prompt/MET/crab_job_MET2018Dv2/190512_164040/0004/Data_MET2018Dv2_4503.root

file path found: /hdfs/store/user/varuns/Run2018D_Prompt/MET/crab_job_MET2018Dv2/190512_164040/0004/Data_MET2018Dv2_4514.root
name: Data_MET2018Dv2_4514.root
filenumber: 160
Adding FullPathInputFile to chain:/hdfs/store/user/varuns/Run2018D_Prompt/MET/crab_job_MET2018Dv2/190512_164040/0004/Data_MET2018Dv2_4514.root

file path found: /hdfs/store/user/varuns/Run2018D_Prompt/MET/crab_job_MET2018Dv2/190512_164040/0004/Data_MET2018Dv2_4517.root
name: Data_MET2018Dv2_4517.root
filenumber: 161
Adding FullPathInputFile to chain:/hdfs/store/user/varuns/Run2018D_Prompt/MET/crab_job_MET2018Dv2/190512_164040/0004/Data_MET2018Dv2_4517.root

file path found: /hdfs/store/user/varuns/Run2018D_Prompt/MET/crab_job_MET2018Dv2/190512_164040/0004/Data_MET2018Dv2_4519.root
name: Data_MET2018Dv2_4519.root
filenumber: 162
Adding FullPathInputFile to chain:/hdfs/store/user/varuns/Run2018D_Prompt/MET/crab_job_MET2018Dv2/190512_164040/0004/Data_MET2018Dv2_4519.root

file path found: /hdfs/store/user/varuns/Run2018D_Prompt/MET/crab_job_MET2018Dv2/190512_164040/0004/Data_MET2018Dv2_4523.root
name: Data_MET2018Dv2_4523.root
filenumber: 163
Adding FullPathInputFile to chain:/hdfs/store/user/varuns/Run2018D_Prompt/MET/crab_job_MET2018Dv2/190512_164040/0004/Data_MET2018Dv2_4523.root

file path found: /hdfs/store/user/varuns/Run2018D_Prompt/MET/crab_job_MET2018Dv2/190512_164040/0004/Data_MET2018Dv2_4524.root
name: Data_MET2018Dv2_4524.root
filenumber: 164
Adding FullPathInputFile to chain:/hdfs/store/user/varuns/Run2018D_Prompt/MET/crab_job_MET2018Dv2/190512_164040/0004/Data_MET2018Dv2_4524.root

file path found: /hdfs/store/user/varuns/Run2018D_Prompt/MET/crab_job_MET2018Dv2/190512_164040/0004/Data_MET2018Dv2_4529.root
name: Data_MET2018Dv2_4529.root
filenumber: 165
Adding FullPathInputFile to chain:/hdfs/store/user/varuns/Run2018D_Prompt/MET/crab_job_MET2018Dv2/190512_164040/0004/Data_MET2018Dv2_4529.root

file path found: /hdfs/store/user/varuns/Run2018D_Prompt/MET/crab_job_MET2018Dv2/190512_164040/0004/Data_MET2018Dv2_4530.root
name: Data_MET2018Dv2_4530.root
filenumber: 166
Adding FullPathInputFile to chain:/hdfs/store/user/varuns/Run2018D_Prompt/MET/crab_job_MET2018Dv2/190512_164040/0004/Data_MET2018Dv2_4530.root

file path found: /hdfs/store/user/varuns/Run2018D_Prompt/MET/crab_job_MET2018Dv2/190512_164040/0004/Data_MET2018Dv2_4531.root
name: Data_MET2018Dv2_4531.root
filenumber: 167
Adding FullPathInputFile to chain:/hdfs/store/user/varuns/Run2018D_Prompt/MET/crab_job_MET2018Dv2/190512_164040/0004/Data_MET2018Dv2_4531.root

file path found: /hdfs/store/user/varuns/Run2018D_Prompt/MET/crab_job_MET2018Dv2/190512_164040/0004/Data_MET2018Dv2_4532.root
name: Data_MET2018Dv2_4532.root
filenumber: 168
Adding FullPathInputFile to chain:/hdfs/store/user/varuns/Run2018D_Prompt/MET/crab_job_MET2018Dv2/190512_164040/0004/Data_MET2018Dv2_4532.root

file path found: /hdfs/store/user/varuns/Run2018D_Prompt/MET/crab_job_MET2018Dv2/190512_164040/0004/Data_MET2018Dv2_4539.root
name: Data_MET2018Dv2_4539.root
filenumber: 169
Adding FullPathInputFile to chain:/hdfs/store/user/varuns/Run2018D_Prompt/MET/crab_job_MET2018Dv2/190512_164040/0004/Data_MET2018Dv2_4539.root

file path found: /hdfs/store/user/varuns/Run2018D_Prompt/MET/crab_job_MET2018Dv2/190512_164040/0004/Data_MET2018Dv2_4543.root
name: Data_MET2018Dv2_4543.root
filenumber: 170
Adding FullPathInputFile to chain:/hdfs/store/user/varuns/Run2018D_Prompt/MET/crab_job_MET2018Dv2/190512_164040/0004/Data_MET2018Dv2_4543.root

file path found: /hdfs/store/user/varuns/Run2018D_Prompt/MET/crab_job_MET2018Dv2/190512_164040/0004/Data_MET2018Dv2_4550.root
name: Data_MET2018Dv2_4550.root
filenumber: 171
Adding FullPathInputFile to chain:/hdfs/store/user/varuns/Run2018D_Prompt/MET/crab_job_MET2018Dv2/190512_164040/0004/Data_MET2018Dv2_4550.root

file path found: /hdfs/store/user/varuns/Run2018D_Prompt/MET/crab_job_MET2018Dv2/190512_164040/0004/Data_MET2018Dv2_4551.root
name: Data_MET2018Dv2_4551.root
filenumber: 172
Adding FullPathInputFile to chain:/hdfs/store/user/varuns/Run2018D_Prompt/MET/crab_job_MET2018Dv2/190512_164040/0004/Data_MET2018Dv2_4551.root

file path found: /hdfs/store/user/varuns/Run2018D_Prompt/MET/crab_job_MET2018Dv2/190512_164040/0004/Data_MET2018Dv2_4552.root
name: Data_MET2018Dv2_4552.root
filenumber: 173
Adding FullPathInputFile to chain:/hdfs/store/user/varuns/Run2018D_Prompt/MET/crab_job_MET2018Dv2/190512_164040/0004/Data_MET2018Dv2_4552.root

file path found: /hdfs/store/user/varuns/Run2018D_Prompt/MET/crab_job_MET2018Dv2/190512_164040/0004/Data_MET2018Dv2_4553.root
name: Data_MET2018Dv2_4553.root
filenumber: 174
Adding FullPathInputFile to chain:/hdfs/store/user/varuns/Run2018D_Prompt/MET/crab_job_MET2018Dv2/190512_164040/0004/Data_MET2018Dv2_4553.root

file path found: /hdfs/store/user/varuns/Run2018D_Prompt/MET/crab_job_MET2018Dv2/190512_164040/0004/Data_MET2018Dv2_4554.root
name: Data_MET2018Dv2_4554.root
filenumber: 175
Adding FullPathInputFile to chain:/hdfs/store/user/varuns/Run2018D_Prompt/MET/crab_job_MET2018Dv2/190512_164040/0004/Data_MET2018Dv2_4554.root

file path found: /hdfs/store/user/varuns/Run2018D_Prompt/MET/crab_job_MET2018Dv2/190512_164040/0004/Data_MET2018Dv2_4555.root
name: Data_MET2018Dv2_4555.root
filenumber: 176
Adding FullPathInputFile to chain:/hdfs/store/user/varuns/Run2018D_Prompt/MET/crab_job_MET2018Dv2/190512_164040/0004/Data_MET2018Dv2_4555.root

file path found: /hdfs/store/user/varuns/Run2018D_Prompt/MET/crab_job_MET2018Dv2/190512_164040/0004/Data_MET2018Dv2_4556.root
name: Data_MET2018Dv2_4556.root
filenumber: 177
Adding FullPathInputFile to chain:/hdfs/store/user/varuns/Run2018D_Prompt/MET/crab_job_MET2018Dv2/190512_164040/0004/Data_MET2018Dv2_4556.root

file path found: /hdfs/store/user/varuns/Run2018D_Prompt/MET/crab_job_MET2018Dv2/190512_164040/0004/Data_MET2018Dv2_4557.root
name: Data_MET2018Dv2_4557.root
filenumber: 178
Adding FullPathInputFile to chain:/hdfs/store/user/varuns/Run2018D_Prompt/MET/crab_job_MET2018Dv2/190512_164040/0004/Data_MET2018Dv2_4557.root

file path found: /hdfs/store/user/varuns/Run2018D_Prompt/MET/crab_job_MET2018Dv2/190512_164040/0004/Data_MET2018Dv2_4558.root
name: Data_MET2018Dv2_4558.root
filenumber: 179
Adding FullPathInputFile to chain:/hdfs/store/user/varuns/Run2018D_Prompt/MET/crab_job_MET2018Dv2/190512_164040/0004/Data_MET2018Dv2_4558.root

file path found: /hdfs/store/user/varuns/Run2018D_Prompt/MET/crab_job_MET2018Dv2/190512_164040/0004/Data_MET2018Dv2_4559.root
name: Data_MET2018Dv2_4559.root
filenumber: 180
Adding FullPathInputFile to chain:/hdfs/store/user/varuns/Run2018D_Prompt/MET/crab_job_MET2018Dv2/190512_164040/0004/Data_MET2018Dv2_4559.root

file path found: /hdfs/store/user/varuns/Run2018D_Prompt/MET/crab_job_MET2018Dv2/190512_164040/0004/Data_MET2018Dv2_4560.root
name: Data_MET2018Dv2_4560.root
filenumber: 181
Adding FullPathInputFile to chain:/hdfs/store/user/varuns/Run2018D_Prompt/MET/crab_job_MET2018Dv2/190512_164040/0004/Data_MET2018Dv2_4560.root

file path found: /hdfs/store/user/varuns/Run2018D_Prompt/MET/crab_job_MET2018Dv2/190512_164040/0004/Data_MET2018Dv2_4561.root
name: Data_MET2018Dv2_4561.root
filenumber: 182
Adding FullPathInputFile to chain:/hdfs/store/user/varuns/Run2018D_Prompt/MET/crab_job_MET2018Dv2/190512_164040/0004/Data_MET2018Dv2_4561.root

file path found: /hdfs/store/user/varuns/Run2018D_Prompt/MET/crab_job_MET2018Dv2/190512_164040/0004/Data_MET2018Dv2_4562.root
name: Data_MET2018Dv2_4562.root
filenumber: 183
Adding FullPathInputFile to chain:/hdfs/store/user/varuns/Run2018D_Prompt/MET/crab_job_MET2018Dv2/190512_164040/0004/Data_MET2018Dv2_4562.root

file path found: /hdfs/store/user/varuns/Run2018D_Prompt/MET/crab_job_MET2018Dv2/190512_164040/0004/Data_MET2018Dv2_4563.root
name: Data_MET2018Dv2_4563.root
filenumber: 184
Adding FullPathInputFile to chain:/hdfs/store/user/varuns/Run2018D_Prompt/MET/crab_job_MET2018Dv2/190512_164040/0004/Data_MET2018Dv2_4563.root

file path found: /hdfs/store/user/varuns/Run2018D_Prompt/MET/crab_job_MET2018Dv2/190512_164040/0004/Data_MET2018Dv2_4564.root
name: Data_MET2018Dv2_4564.root
filenumber: 185
Adding FullPathInputFile to chain:/hdfs/store/user/varuns/Run2018D_Prompt/MET/crab_job_MET2018Dv2/190512_164040/0004/Data_MET2018Dv2_4564.root

file path found: /hdfs/store/user/varuns/Run2018D_Prompt/MET/crab_job_MET2018Dv2/190512_164040/0004/Data_MET2018Dv2_4565.root
name: Data_MET2018Dv2_4565.root
filenumber: 186
Adding FullPathInputFile to chain:/hdfs/store/user/varuns/Run2018D_Prompt/MET/crab_job_MET2018Dv2/190512_164040/0004/Data_MET2018Dv2_4565.root

file path found: /hdfs/store/user/varuns/Run2018D_Prompt/MET/crab_job_MET2018Dv2/190512_164040/0004/Data_MET2018Dv2_4566.root
name: Data_MET2018Dv2_4566.root
filenumber: 187
Adding FullPathInputFile to chain:/hdfs/store/user/varuns/Run2018D_Prompt/MET/crab_job_MET2018Dv2/190512_164040/0004/Data_MET2018Dv2_4566.root

file path found: /hdfs/store/user/varuns/Run2018D_Prompt/MET/crab_job_MET2018Dv2/190512_164040/0004/Data_MET2018Dv2_4567.root
name: Data_MET2018Dv2_4567.root
filenumber: 188
Adding FullPathInputFile to chain:/hdfs/store/user/varuns/Run2018D_Prompt/MET/crab_job_MET2018Dv2/190512_164040/0004/Data_MET2018Dv2_4567.root

file path found: /hdfs/store/user/varuns/Run2018D_Prompt/MET/crab_job_MET2018Dv2/190512_164040/0004/Data_MET2018Dv2_4568.root
name: Data_MET2018Dv2_4568.root
filenumber: 189
Adding FullPathInputFile to chain:/hdfs/store/user/varuns/Run2018D_Prompt/MET/crab_job_MET2018Dv2/190512_164040/0004/Data_MET2018Dv2_4568.root

file path found: /hdfs/store/user/varuns/Run2018D_Prompt/MET/crab_job_MET2018Dv2/190512_164040/0004/Data_MET2018Dv2_4569.root
name: Data_MET2018Dv2_4569.root
filenumber: 190
Adding FullPathInputFile to chain:/hdfs/store/user/varuns/Run2018D_Prompt/MET/crab_job_MET2018Dv2/190512_164040/0004/Data_MET2018Dv2_4569.root

file path found: /hdfs/store/user/varuns/Run2018D_Prompt/MET/crab_job_MET2018Dv2/190512_164040/0004/Data_MET2018Dv2_4573.root
name: Data_MET2018Dv2_4573.root
filenumber: 191
Adding FullPathInputFile to chain:/hdfs/store/user/varuns/Run2018D_Prompt/MET/crab_job_MET2018Dv2/190512_164040/0004/Data_MET2018Dv2_4573.root

file path found: /hdfs/store/user/varuns/Run2018D_Prompt/MET/crab_job_MET2018Dv2/190512_164040/0004/Data_MET2018Dv2_4600.root
name: Data_MET2018Dv2_4600.root
filenumber: 192
Adding FullPathInputFile to chain:/hdfs/store/user/varuns/Run2018D_Prompt/MET/crab_job_MET2018Dv2/190512_164040/0004/Data_MET2018Dv2_4600.root

file path found: /hdfs/store/user/varuns/Run2018D_Prompt/MET/crab_job_MET2018Dv2/190512_164040/0004/Data_MET2018Dv2_4602.root
name: Data_MET2018Dv2_4602.root
filenumber: 193
Adding FullPathInputFile to chain:/hdfs/store/user/varuns/Run2018D_Prompt/MET/crab_job_MET2018Dv2/190512_164040/0004/Data_MET2018Dv2_4602.root

file path found: /hdfs/store/user/varuns/Run2018D_Prompt/MET/crab_job_MET2018Dv2/190512_164040/0004/Data_MET2018Dv2_4603.root
name: Data_MET2018Dv2_4603.root
filenumber: 194
Adding FullPathInputFile to chain:/hdfs/store/user/varuns/Run2018D_Prompt/MET/crab_job_MET2018Dv2/190512_164040/0004/Data_MET2018Dv2_4603.root

file path found: /hdfs/store/user/varuns/Run2018D_Prompt/MET/crab_job_MET2018Dv2/190512_164040/0004/Data_MET2018Dv2_4604.root
name: Data_MET2018Dv2_4604.root
filenumber: 195
Adding FullPathInputFile to chain:/hdfs/store/user/varuns/Run2018D_Prompt/MET/crab_job_MET2018Dv2/190512_164040/0004/Data_MET2018Dv2_4604.root

file path found: /hdfs/store/user/varuns/Run2018D_Prompt/MET/crab_job_MET2018Dv2/190512_164040/0004/Data_MET2018Dv2_4605.root
name: Data_MET2018Dv2_4605.root
filenumber: 196
Adding FullPathInputFile to chain:/hdfs/store/user/varuns/Run2018D_Prompt/MET/crab_job_MET2018Dv2/190512_164040/0004/Data_MET2018Dv2_4605.root

file path found: /hdfs/store/user/varuns/Run2018D_Prompt/MET/crab_job_MET2018Dv2/190512_164040/0004/Data_MET2018Dv2_4606.root
name: Data_MET2018Dv2_4606.root
filenumber: 197
Adding FullPathInputFile to chain:/hdfs/store/user/varuns/Run2018D_Prompt/MET/crab_job_MET2018Dv2/190512_164040/0004/Data_MET2018Dv2_4606.root

file path found: /hdfs/store/user/varuns/Run2018D_Prompt/MET/crab_job_MET2018Dv2/190512_164040/0004/Data_MET2018Dv2_4607.root
name: Data_MET2018Dv2_4607.root
filenumber: 198
Adding FullPathInputFile to chain:/hdfs/store/user/varuns/Run2018D_Prompt/MET/crab_job_MET2018Dv2/190512_164040/0004/Data_MET2018Dv2_4607.root

file path found: /hdfs/store/user/varuns/Run2018D_Prompt/MET/crab_job_MET2018Dv2/190512_164040/0004/Data_MET2018Dv2_4608.root
name: Data_MET2018Dv2_4608.root
filenumber: 199
Adding FullPathInputFile to chain:/hdfs/store/user/varuns/Run2018D_Prompt/MET/crab_job_MET2018Dv2/190512_164040/0004/Data_MET2018Dv2_4608.root

file path found: /hdfs/store/user/varuns/Run2018D_Prompt/MET/crab_job_MET2018Dv2/190512_164040/0004/Data_MET2018Dv2_4611.root
name: Data_MET2018Dv2_4611.root
filenumber: 200
Adding FullPathInputFile to chain:/hdfs/store/user/varuns/Run2018D_Prompt/MET/crab_job_MET2018Dv2/190512_164040/0004/Data_MET2018Dv2_4611.root

file path found: /hdfs/store/user/varuns/Run2018D_Prompt/MET/crab_job_MET2018Dv2/190512_164040/0004/Data_MET2018Dv2_4612.root
name: Data_MET2018Dv2_4612.root
filenumber: 201
Adding FullPathInputFile to chain:/hdfs/store/user/varuns/Run2018D_Prompt/MET/crab_job_MET2018Dv2/190512_164040/0004/Data_MET2018Dv2_4612.root

file path found: /hdfs/store/user/varuns/Run2018D_Prompt/MET/crab_job_MET2018Dv2/190512_164040/0004/Data_MET2018Dv2_4613.root
name: Data_MET2018Dv2_4613.root
filenumber: 202
Adding FullPathInputFile to chain:/hdfs/store/user/varuns/Run2018D_Prompt/MET/crab_job_MET2018Dv2/190512_164040/0004/Data_MET2018Dv2_4613.root

file path found: /hdfs/store/user/varuns/Run2018D_Prompt/MET/crab_job_MET2018Dv2/190512_164040/0004/Data_MET2018Dv2_4614.root
name: Data_MET2018Dv2_4614.root
filenumber: 203
Adding FullPathInputFile to chain:/hdfs/store/user/varuns/Run2018D_Prompt/MET/crab_job_MET2018Dv2/190512_164040/0004/Data_MET2018Dv2_4614.root

file path found: /hdfs/store/user/varuns/Run2018D_Prompt/MET/crab_job_MET2018Dv2/190512_164040/0004/Data_MET2018Dv2_4615.root
name: Data_MET2018Dv2_4615.root
filenumber: 204
Adding FullPathInputFile to chain:/hdfs/store/user/varuns/Run2018D_Prompt/MET/crab_job_MET2018Dv2/190512_164040/0004/Data_MET2018Dv2_4615.root

file path found: /hdfs/store/user/varuns/Run2018D_Prompt/MET/crab_job_MET2018Dv2/190512_164040/0004/Data_MET2018Dv2_4616.root
name: Data_MET2018Dv2_4616.root
filenumber: 205
Adding FullPathInputFile to chain:/hdfs/store/user/varuns/Run2018D_Prompt/MET/crab_job_MET2018Dv2/190512_164040/0004/Data_MET2018Dv2_4616.root

file path found: /hdfs/store/user/varuns/Run2018D_Prompt/MET/crab_job_MET2018Dv2/190512_164040/0004/Data_MET2018Dv2_4617.root
name: Data_MET2018Dv2_4617.root
filenumber: 206
Adding FullPathInputFile to chain:/hdfs/store/user/varuns/Run2018D_Prompt/MET/crab_job_MET2018Dv2/190512_164040/0004/Data_MET2018Dv2_4617.root

file path found: /hdfs/store/user/varuns/Run2018D_Prompt/MET/crab_job_MET2018Dv2/190512_164040/0004/Data_MET2018Dv2_4619.root
name: Data_MET2018Dv2_4619.root
filenumber: 207
Adding FullPathInputFile to chain:/hdfs/store/user/varuns/Run2018D_Prompt/MET/crab_job_MET2018Dv2/190512_164040/0004/Data_MET2018Dv2_4619.root

file path found: /hdfs/store/user/varuns/Run2018D_Prompt/MET/crab_job_MET2018Dv2/190512_164040/0004/Data_MET2018Dv2_4620.root
name: Data_MET2018Dv2_4620.root
filenumber: 208
Adding FullPathInputFile to chain:/hdfs/store/user/varuns/Run2018D_Prompt/MET/crab_job_MET2018Dv2/190512_164040/0004/Data_MET2018Dv2_4620.root

file path found: /hdfs/store/user/varuns/Run2018D_Prompt/MET/crab_job_MET2018Dv2/190512_164040/0004/Data_MET2018Dv2_4621.root
name: Data_MET2018Dv2_4621.root
filenumber: 209
Adding FullPathInputFile to chain:/hdfs/store/user/varuns/Run2018D_Prompt/MET/crab_job_MET2018Dv2/190512_164040/0004/Data_MET2018Dv2_4621.root

file path found: /hdfs/store/user/varuns/Run2018D_Prompt/MET/crab_job_MET2018Dv2/190512_164040/0004/Data_MET2018Dv2_4622.root
name: Data_MET2018Dv2_4622.root
filenumber: 210
file path found: /hdfs/store/user/varuns/Run2018D_Prompt/MET/crab_job_MET2018Dv2/190512_164040/0004/Data_MET2018Dv2_4623.root
name: Data_MET2018Dv2_4623.root
filenumber: 211
file path found: /hdfs/store/user/varuns/Run2018D_Prompt/MET/crab_job_MET2018Dv2/190512_164040/0004/Data_MET2018Dv2_4624.root
name: Data_MET2018Dv2_4624.root
filenumber: 212
file path found: /hdfs/store/user/varuns/Run2018D_Prompt/MET/crab_job_MET2018Dv2/190512_164040/0004/Data_MET2018Dv2_4625.root
name: Data_MET2018Dv2_4625.root
filenumber: 213
file path found: /hdfs/store/user/varuns/Run2018D_Prompt/MET/crab_job_MET2018Dv2/190512_164040/0004/Data_MET2018Dv2_4626.root
name: Data_MET2018Dv2_4626.root
filenumber: 214
file path found: /hdfs/store/user/varuns/Run2018D_Prompt/MET/crab_job_MET2018Dv2/190512_164040/0004/Data_MET2018Dv2_4627.root
name: Data_MET2018Dv2_4627.root
filenumber: 215
file path found: /hdfs/store/user/varuns/Run2018D_Prompt/MET/crab_job_MET2018Dv2/190512_164040/0004/Data_MET2018Dv2_4632.root
name: Data_MET2018Dv2_4632.root
filenumber: 216
file path found: /hdfs/store/user/varuns/Run2018D_Prompt/MET/crab_job_MET2018Dv2/190512_164040/0004/Data_MET2018Dv2_4633.root
name: Data_MET2018Dv2_4633.root
filenumber: 217
file path found: /hdfs/store/user/varuns/Run2018D_Prompt/MET/crab_job_MET2018Dv2/190512_164040/0004/Data_MET2018Dv2_4634.root
name: Data_MET2018Dv2_4634.root
filenumber: 218
file path found: /hdfs/store/user/varuns/Run2018D_Prompt/MET/crab_job_MET2018Dv2/190512_164040/0004/Data_MET2018Dv2_4635.root
name: Data_MET2018Dv2_4635.root
filenumber: 219
file path found: /hdfs/store/user/varuns/Run2018D_Prompt/MET/crab_job_MET2018Dv2/190512_164040/0004/Data_MET2018Dv2_4636.root
name: Data_MET2018Dv2_4636.root
filenumber: 220
file path found: /hdfs/store/user/varuns/Run2018D_Prompt/MET/crab_job_MET2018Dv2/190512_164040/0004/Data_MET2018Dv2_4638.root
name: Data_MET2018Dv2_4638.root
filenumber: 221
file path found: /hdfs/store/user/varuns/Run2018D_Prompt/MET/crab_job_MET2018Dv2/190512_164040/0004/Data_MET2018Dv2_4639.root
name: Data_MET2018Dv2_4639.root
filenumber: 222
file path found: /hdfs/store/user/varuns/Run2018D_Prompt/MET/crab_job_MET2018Dv2/190512_164040/0004/Data_MET2018Dv2_4640.root
name: Data_MET2018Dv2_4640.root
filenumber: 223
file path found: /hdfs/store/user/varuns/Run2018D_Prompt/MET/crab_job_MET2018Dv2/190512_164040/0004/Data_MET2018Dv2_4641.root
name: Data_MET2018Dv2_4641.root
filenumber: 224
file path found: /hdfs/store/user/varuns/Run2018D_Prompt/MET/crab_job_MET2018Dv2/190512_164040/0004/Data_MET2018Dv2_4642.root
name: Data_MET2018Dv2_4642.root
filenumber: 225
file path found: /hdfs/store/user/varuns/Run2018D_Prompt/MET/crab_job_MET2018Dv2/190512_164040/0004/Data_MET2018Dv2_4643.root
name: Data_MET2018Dv2_4643.root
filenumber: 226
file path found: /hdfs/store/user/varuns/Run2018D_Prompt/MET/crab_job_MET2018Dv2/190512_164040/0004/Data_MET2018Dv2_4644.root
name: Data_MET2018Dv2_4644.root
filenumber: 227
file path found: /hdfs/store/user/varuns/Run2018D_Prompt/MET/crab_job_MET2018Dv2/190512_164040/0004/Data_MET2018Dv2_4645.root
name: Data_MET2018Dv2_4645.root
filenumber: 228
file path found: /hdfs/store/user/varuns/Run2018D_Prompt/MET/crab_job_MET2018Dv2/190512_164040/0004/Data_MET2018Dv2_4646.root
name: Data_MET2018Dv2_4646.root
filenumber: 229
file path found: /hdfs/store/user/varuns/Run2018D_Prompt/MET/crab_job_MET2018Dv2/190512_164040/0004/Data_MET2018Dv2_4647.root
name: Data_MET2018Dv2_4647.root
filenumber: 230
file path found: /hdfs/store/user/varuns/Run2018D_Prompt/MET/crab_job_MET2018Dv2/190512_164040/0004/Data_MET2018Dv2_4648.root
name: Data_MET2018Dv2_4648.root
filenumber: 231
file path found: /hdfs/store/user/varuns/Run2018D_Prompt/MET/crab_job_MET2018Dv2/190512_164040/0004/Data_MET2018Dv2_4649.root
name: Data_MET2018Dv2_4649.root
filenumber: 232
file path found: /hdfs/store/user/varuns/Run2018D_Prompt/MET/crab_job_MET2018Dv2/190512_164040/0004/Data_MET2018Dv2_4650.root
name: Data_MET2018Dv2_4650.root
filenumber: 233
file path found: /hdfs/store/user/varuns/Run2018D_Prompt/MET/crab_job_MET2018Dv2/190512_164040/0004/Data_MET2018Dv2_4651.root
name: Data_MET2018Dv2_4651.root
filenumber: 234
file path found: /hdfs/store/user/varuns/Run2018D_Prompt/MET/crab_job_MET2018Dv2/190512_164040/0004/Data_MET2018Dv2_4652.root
name: Data_MET2018Dv2_4652.root
filenumber: 235
file path found: /hdfs/store/user/varuns/Run2018D_Prompt/MET/crab_job_MET2018Dv2/190512_164040/0004/Data_MET2018Dv2_4653.root
name: Data_MET2018Dv2_4653.root
filenumber: 236
file path found: /hdfs/store/user/varuns/Run2018D_Prompt/MET/crab_job_MET2018Dv2/190512_164040/0004/Data_MET2018Dv2_4654.root
name: Data_MET2018Dv2_4654.root
filenumber: 237
file path found: /hdfs/store/user/varuns/Run2018D_Prompt/MET/crab_job_MET2018Dv2/190512_164040/0004/Data_MET2018Dv2_4655.root
name: Data_MET2018Dv2_4655.root
filenumber: 238
file path found: /hdfs/store/user/varuns/Run2018D_Prompt/MET/crab_job_MET2018Dv2/190512_164040/0004/Data_MET2018Dv2_4656.root
name: Data_MET2018Dv2_4656.root
filenumber: 239
file path found: /hdfs/store/user/varuns/Run2018D_Prompt/MET/crab_job_MET2018Dv2/190512_164040/0004/Data_MET2018Dv2_4657.root
name: Data_MET2018Dv2_4657.root
filenumber: 240
file path found: /hdfs/store/user/varuns/Run2018D_Prompt/MET/crab_job_MET2018Dv2/190512_164040/0004/Data_MET2018Dv2_4658.root
name: Data_MET2018Dv2_4658.root
filenumber: 241
file path found: /hdfs/store/user/varuns/Run2018D_Prompt/MET/crab_job_MET2018Dv2/190512_164040/0004/Data_MET2018Dv2_4659.root
name: Data_MET2018Dv2_4659.root
filenumber: 242
file path found: /hdfs/store/user/varuns/Run2018D_Prompt/MET/crab_job_MET2018Dv2/190512_164040/0004/Data_MET2018Dv2_4660.root
name: Data_MET2018Dv2_4660.root
filenumber: 243
file path found: /hdfs/store/user/varuns/Run2018D_Prompt/MET/crab_job_MET2018Dv2/190512_164040/0004/Data_MET2018Dv2_4661.root
name: Data_MET2018Dv2_4661.root
filenumber: 244
file path found: /hdfs/store/user/varuns/Run2018D_Prompt/MET/crab_job_MET2018Dv2/190512_164040/0004/Data_MET2018Dv2_4662.root
name: Data_MET2018Dv2_4662.root
filenumber: 245
file path found: /hdfs/store/user/varuns/Run2018D_Prompt/MET/crab_job_MET2018Dv2/190512_164040/0004/Data_MET2018Dv2_4663.root
name: Data_MET2018Dv2_4663.root
filenumber: 246
file path found: /hdfs/store/user/varuns/Run2018D_Prompt/MET/crab_job_MET2018Dv2/190512_164040/0004/Data_MET2018Dv2_4664.root
name: Data_MET2018Dv2_4664.root
filenumber: 247
file path found: /hdfs/store/user/varuns/Run2018D_Prompt/MET/crab_job_MET2018Dv2/190512_164040/0004/Data_MET2018Dv2_4665.root
name: Data_MET2018Dv2_4665.root
filenumber: 248
file path found: /hdfs/store/user/varuns/Run2018D_Prompt/MET/crab_job_MET2018Dv2/190512_164040/0004/Data_MET2018Dv2_4666.root
name: Data_MET2018Dv2_4666.root
filenumber: 249
file path found: /hdfs/store/user/varuns/Run2018D_Prompt/MET/crab_job_MET2018Dv2/190512_164040/0004/Data_MET2018Dv2_4667.root
name: Data_MET2018Dv2_4667.root
filenumber: 250
file path found: /hdfs/store/user/varuns/Run2018D_Prompt/MET/crab_job_MET2018Dv2/190512_164040/0004/Data_MET2018Dv2_4668.root
name: Data_MET2018Dv2_4668.root
filenumber: 251
file path found: /hdfs/store/user/varuns/Run2018D_Prompt/MET/crab_job_MET2018Dv2/190512_164040/0004/Data_MET2018Dv2_4669.root
name: Data_MET2018Dv2_4669.root
filenumber: 252
file path found: /hdfs/store/user/varuns/Run2018D_Prompt/MET/crab_job_MET2018Dv2/190512_164040/0004/Data_MET2018Dv2_4670.root
name: Data_MET2018Dv2_4670.root
filenumber: 253
file path found: /hdfs/store/user/varuns/Run2018D_Prompt/MET/crab_job_MET2018Dv2/190512_164040/0004/Data_MET2018Dv2_4671.root
name: Data_MET2018Dv2_4671.root
filenumber: 254
file path found: /hdfs/store/user/varuns/Run2018D_Prompt/MET/crab_job_MET2018Dv2/190512_164040/0004/Data_MET2018Dv2_4672.root
name: Data_MET2018Dv2_4672.root
filenumber: 255
file path found: /hdfs/store/user/varuns/Run2018D_Prompt/MET/crab_job_MET2018Dv2/190512_164040/0004/Data_MET2018Dv2_4673.root
name: Data_MET2018Dv2_4673.root
filenumber: 256
file path found: /hdfs/store/user/varuns/Run2018D_Prompt/MET/crab_job_MET2018Dv2/190512_164040/0004/Data_MET2018Dv2_4674.root
name: Data_MET2018Dv2_4674.root
filenumber: 257
file path found: /hdfs/store/user/varuns/Run2018D_Prompt/MET/crab_job_MET2018Dv2/190512_164040/0004/Data_MET2018Dv2_4675.root
name: Data_MET2018Dv2_4675.root
filenumber: 258
file path found: /hdfs/store/user/varuns/Run2018D_Prompt/MET/crab_job_MET2018Dv2/190512_164040/0004/Data_MET2018Dv2_4676.root
name: Data_MET2018Dv2_4676.root
filenumber: 259
file path found: /hdfs/store/user/varuns/Run2018D_Prompt/MET/crab_job_MET2018Dv2/190512_164040/0004/Data_MET2018Dv2_4677.root
name: Data_MET2018Dv2_4677.root
filenumber: 260
file path found: /hdfs/store/user/varuns/Run2018D_Prompt/MET/crab_job_MET2018Dv2/190512_164040/0004/Data_MET2018Dv2_4678.root
name: Data_MET2018Dv2_4678.root
filenumber: 261
file path found: /hdfs/store/user/varuns/Run2018D_Prompt/MET/crab_job_MET2018Dv2/190512_164040/0004/Data_MET2018Dv2_4679.root
name: Data_MET2018Dv2_4679.root
filenumber: 262
file path found: /hdfs/store/user/varuns/Run2018D_Prompt/MET/crab_job_MET2018Dv2/190512_164040/0004/Data_MET2018Dv2_4680.root
name: Data_MET2018Dv2_4680.root
filenumber: 263
file path found: /hdfs/store/user/varuns/Run2018D_Prompt/MET/crab_job_MET2018Dv2/190512_164040/0004/Data_MET2018Dv2_4681.root
name: Data_MET2018Dv2_4681.root
filenumber: 264
file path found: /hdfs/store/user/varuns/Run2018D_Prompt/MET/crab_job_MET2018Dv2/190512_164040/0004/Data_MET2018Dv2_4682.root
name: Data_MET2018Dv2_4682.root
filenumber: 265
file path found: /hdfs/store/user/varuns/Run2018D_Prompt/MET/crab_job_MET2018Dv2/190512_164040/0004/Data_MET2018Dv2_4683.root
name: Data_MET2018Dv2_4683.root
filenumber: 266
file path found: /hdfs/store/user/varuns/Run2018D_Prompt/MET/crab_job_MET2018Dv2/190512_164040/0004/Data_MET2018Dv2_4684.root
name: Data_MET2018Dv2_4684.root
filenumber: 267
file path found: /hdfs/store/user/varuns/Run2018D_Prompt/MET/crab_job_MET2018Dv2/190512_164040/0004/Data_MET2018Dv2_4685.root
name: Data_MET2018Dv2_4685.root
filenumber: 268
file path found: /hdfs/store/user/varuns/Run2018D_Prompt/MET/crab_job_MET2018Dv2/190512_164040/0004/Data_MET2018Dv2_4688.root
name: Data_MET2018Dv2_4688.root
filenumber: 269
file path found: /hdfs/store/user/varuns/Run2018D_Prompt/MET/crab_job_MET2018Dv2/190512_164040/0004/Data_MET2018Dv2_4725.root
name: Data_MET2018Dv2_4725.root
filenumber: 270
file path found: /hdfs/store/user/varuns/Run2018D_Prompt/MET/crab_job_MET2018Dv2/190512_164040/0004/Data_MET2018Dv2_4730.root
name: Data_MET2018Dv2_4730.root
filenumber: 271
file path found: /hdfs/store/user/varuns/Run2018D_Prompt/MET/crab_job_MET2018Dv2/190512_164040/0004/Data_MET2018Dv2_4735.root
name: Data_MET2018Dv2_4735.root
filenumber: 272
file path found: /hdfs/store/user/varuns/Run2018D_Prompt/MET/crab_job_MET2018Dv2/190512_164040/0004/Data_MET2018Dv2_4737.root
name: Data_MET2018Dv2_4737.root
filenumber: 273
file path found: /hdfs/store/user/varuns/Run2018D_Prompt/MET/crab_job_MET2018Dv2/190512_164040/0004/Data_MET2018Dv2_4740.root
name: Data_MET2018Dv2_4740.root
filenumber: 274
file path found: /hdfs/store/user/varuns/Run2018D_Prompt/MET/crab_job_MET2018Dv2/190512_164040/0004/Data_MET2018Dv2_4741.root
name: Data_MET2018Dv2_4741.root
filenumber: 275
file path found: /hdfs/store/user/varuns/Run2018D_Prompt/MET/crab_job_MET2018Dv2/190512_164040/0004/Data_MET2018Dv2_4743.root
name: Data_MET2018Dv2_4743.root
filenumber: 276
file path found: /hdfs/store/user/varuns/Run2018D_Prompt/MET/crab_job_MET2018Dv2/190512_164040/0004/Data_MET2018Dv2_4744.root
name: Data_MET2018Dv2_4744.root
filenumber: 277
file path found: /hdfs/store/user/varuns/Run2018D_Prompt/MET/crab_job_MET2018Dv2/190512_164040/0004/Data_MET2018Dv2_4745.root
name: Data_MET2018Dv2_4745.root
filenumber: 278
file path found: /hdfs/store/user/varuns/Run2018D_Prompt/MET/crab_job_MET2018Dv2/190512_164040/0004/Data_MET2018Dv2_4746.root
name: Data_MET2018Dv2_4746.root
filenumber: 279
file path found: /hdfs/store/user/varuns/Run2018D_Prompt/MET/crab_job_MET2018Dv2/190512_164040/0004/Data_MET2018Dv2_4747.root
name: Data_MET2018Dv2_4747.root
filenumber: 280
file path found: /hdfs/store/user/varuns/Run2018D_Prompt/MET/crab_job_MET2018Dv2/190512_164040/0004/Data_MET2018Dv2_4748.root
name: Data_MET2018Dv2_4748.root
filenumber: 281
file path found: /hdfs/store/user/varuns/Run2018D_Prompt/MET/crab_job_MET2018Dv2/190512_164040/0004/Data_MET2018Dv2_4749.root
name: Data_MET2018Dv2_4749.root
filenumber: 282
file path found: /hdfs/store/user/varuns/Run2018D_Prompt/MET/crab_job_MET2018Dv2/190512_164040/0004/Data_MET2018Dv2_4750.root
name: Data_MET2018Dv2_4750.root
filenumber: 283
file path found: /hdfs/store/user/varuns/Run2018D_Prompt/MET/crab_job_MET2018Dv2/190512_164040/0004/Data_MET2018Dv2_4751.root
name: Data_MET2018Dv2_4751.root
filenumber: 284
file path found: /hdfs/store/user/varuns/Run2018D_Prompt/MET/crab_job_MET2018Dv2/190512_164040/0004/Data_MET2018Dv2_4752.root
name: Data_MET2018Dv2_4752.root
filenumber: 285
file path found: /hdfs/store/user/varuns/Run2018D_Prompt/MET/crab_job_MET2018Dv2/190512_164040/0004/Data_MET2018Dv2_4753.root
name: Data_MET2018Dv2_4753.root
filenumber: 286
file path found: /hdfs/store/user/varuns/Run2018D_Prompt/MET/crab_job_MET2018Dv2/190512_164040/0004/Data_MET2018Dv2_4754.root
name: Data_MET2018Dv2_4754.root
filenumber: 287
file path found: /hdfs/store/user/varuns/Run2018D_Prompt/MET/crab_job_MET2018Dv2/190512_164040/0004/Data_MET2018Dv2_4755.root
name: Data_MET2018Dv2_4755.root
filenumber: 288
file path found: /hdfs/store/user/varuns/Run2018D_Prompt/MET/crab_job_MET2018Dv2/190512_164040/0004/Data_MET2018Dv2_4756.root
name: Data_MET2018Dv2_4756.root
filenumber: 289
file path found: /hdfs/store/user/varuns/Run2018D_Prompt/MET/crab_job_MET2018Dv2/190512_164040/0004/Data_MET2018Dv2_4757.root
name: Data_MET2018Dv2_4757.root
filenumber: 290
file path found: /hdfs/store/user/varuns/Run2018D_Prompt/MET/crab_job_MET2018Dv2/190512_164040/0004/Data_MET2018Dv2_4758.root
name: Data_MET2018Dv2_4758.root
filenumber: 291
file path found: /hdfs/store/user/varuns/Run2018D_Prompt/MET/crab_job_MET2018Dv2/190512_164040/0004/Data_MET2018Dv2_4759.root
name: Data_MET2018Dv2_4759.root
filenumber: 292
file path found: /hdfs/store/user/varuns/Run2018D_Prompt/MET/crab_job_MET2018Dv2/190512_164040/0004/Data_MET2018Dv2_4765.root
name: Data_MET2018Dv2_4765.root
filenumber: 293
file path found: /hdfs/store/user/varuns/Run2018D_Prompt/MET/crab_job_MET2018Dv2/190512_164040/0004/Data_MET2018Dv2_4766.root
name: Data_MET2018Dv2_4766.root
filenumber: 294
file path found: /hdfs/store/user/varuns/Run2018D_Prompt/MET/crab_job_MET2018Dv2/190512_164040/0004/Data_MET2018Dv2_4767.root
name: Data_MET2018Dv2_4767.root
filenumber: 295
file path found: /hdfs/store/user/varuns/Run2018D_Prompt/MET/crab_job_MET2018Dv2/190512_164040/0004/Data_MET2018Dv2_4768.root
name: Data_MET2018Dv2_4768.root
filenumber: 296
file path found: /hdfs/store/user/varuns/Run2018D_Prompt/MET/crab_job_MET2018Dv2/190512_164040/0004/Data_MET2018Dv2_4769.root
name: Data_MET2018Dv2_4769.root
filenumber: 297
file path found: /hdfs/store/user/varuns/Run2018D_Prompt/MET/crab_job_MET2018Dv2/190512_164040/0004/Data_MET2018Dv2_4770.root
name: Data_MET2018Dv2_4770.root
filenumber: 298
file path found: /hdfs/store/user/varuns/Run2018D_Prompt/MET/crab_job_MET2018Dv2/190512_164040/0004/Data_MET2018Dv2_4771.root
name: Data_MET2018Dv2_4771.root
filenumber: 299
file path found: /hdfs/store/user/varuns/Run2018D_Prompt/MET/crab_job_MET2018Dv2/190512_164040/0004/Data_MET2018Dv2_4796.root
name: Data_MET2018Dv2_4796.root
filenumber: 300
file path found: /hdfs/store/user/varuns/Run2018D_Prompt/MET/crab_job_MET2018Dv2/190512_164040/0004/Data_MET2018Dv2_4798.root
name: Data_MET2018Dv2_4798.root
filenumber: 301
file path found: /hdfs/store/user/varuns/Run2018D_Prompt/MET/crab_job_MET2018Dv2/190512_164040/0004/Data_MET2018Dv2_4799.root
name: Data_MET2018Dv2_4799.root
filenumber: 302
file path found: /hdfs/store/user/varuns/Run2018D_Prompt/MET/crab_job_MET2018Dv2/190512_164040/0004/Data_MET2018Dv2_4800.root
name: Data_MET2018Dv2_4800.root
filenumber: 303
file path found: /hdfs/store/user/varuns/Run2018D_Prompt/MET/crab_job_MET2018Dv2/190512_164040/0004/Data_MET2018Dv2_4801.root
name: Data_MET2018Dv2_4801.root
filenumber: 304
file path found: /hdfs/store/user/varuns/Run2018D_Prompt/MET/crab_job_MET2018Dv2/190512_164040/0004/Data_MET2018Dv2_4802.root
name: Data_MET2018Dv2_4802.root
filenumber: 305
file path found: /hdfs/store/user/varuns/Run2018D_Prompt/MET/crab_job_MET2018Dv2/190512_164040/0004/Data_MET2018Dv2_4803.root
name: Data_MET2018Dv2_4803.root
filenumber: 306
file path found: /hdfs/store/user/varuns/Run2018D_Prompt/MET/crab_job_MET2018Dv2/190512_164040/0004/Data_MET2018Dv2_4804.root
name: Data_MET2018Dv2_4804.root
filenumber: 307
file path found: /hdfs/store/user/varuns/Run2018D_Prompt/MET/crab_job_MET2018Dv2/190512_164040/0004/Data_MET2018Dv2_4805.root
name: Data_MET2018Dv2_4805.root
filenumber: 308
file path found: /hdfs/store/user/varuns/Run2018D_Prompt/MET/crab_job_MET2018Dv2/190512_164040/0004/Data_MET2018Dv2_4806.root
name: Data_MET2018Dv2_4806.root
filenumber: 309
file path found: /hdfs/store/user/varuns/Run2018D_Prompt/MET/crab_job_MET2018Dv2/190512_164040/0004/Data_MET2018Dv2_4813.root
name: Data_MET2018Dv2_4813.root
filenumber: 310
file path found: /hdfs/store/user/varuns/Run2018D_Prompt/MET/crab_job_MET2018Dv2/190512_164040/0004/Data_MET2018Dv2_4815.root
name: Data_MET2018Dv2_4815.root
filenumber: 311
file path found: /hdfs/store/user/varuns/Run2018D_Prompt/MET/crab_job_MET2018Dv2/190512_164040/0004/Data_MET2018Dv2_4816.root
name: Data_MET2018Dv2_4816.root
filenumber: 312
file path found: /hdfs/store/user/varuns/Run2018D_Prompt/MET/crab_job_MET2018Dv2/190512_164040/0004/Data_MET2018Dv2_4821.root
name: Data_MET2018Dv2_4821.root
filenumber: 313
file path found: /hdfs/store/user/varuns/Run2018D_Prompt/MET/crab_job_MET2018Dv2/190512_164040/0004/Data_MET2018Dv2_4827.root
name: Data_MET2018Dv2_4827.root
filenumber: 314
file path found: /hdfs/store/user/varuns/Run2018D_Prompt/MET/crab_job_MET2018Dv2/190512_164040/0004/Data_MET2018Dv2_4828.root
name: Data_MET2018Dv2_4828.root
filenumber: 315
file path found: /hdfs/store/user/varuns/Run2018D_Prompt/MET/crab_job_MET2018Dv2/190512_164040/0004/Data_MET2018Dv2_4829.root
name: Data_MET2018Dv2_4829.root
filenumber: 316
file path found: /hdfs/store/user/varuns/Run2018D_Prompt/MET/crab_job_MET2018Dv2/190512_164040/0004/Data_MET2018Dv2_4831.root
name: Data_MET2018Dv2_4831.root
filenumber: 317
file path found: /hdfs/store/user/varuns/Run2018D_Prompt/MET/crab_job_MET2018Dv2/190512_164040/0004/Data_MET2018Dv2_4832.root
name: Data_MET2018Dv2_4832.root
filenumber: 318
file path found: /hdfs/store/user/varuns/Run2018D_Prompt/MET/crab_job_MET2018Dv2/190512_164040/0004/Data_MET2018Dv2_4833.root
name: Data_MET2018Dv2_4833.root
filenumber: 319
file path found: /hdfs/store/user/varuns/Run2018D_Prompt/MET/crab_job_MET2018Dv2/190512_164040/0004/Data_MET2018Dv2_4838.root
name: Data_MET2018Dv2_4838.root
filenumber: 320
file path found: /hdfs/store/user/varuns/Run2018D_Prompt/MET/crab_job_MET2018Dv2/190512_164040/0004/Data_MET2018Dv2_4839.root
name: Data_MET2018Dv2_4839.root
filenumber: 321
file path found: /hdfs/store/user/varuns/Run2018D_Prompt/MET/crab_job_MET2018Dv2/190512_164040/0004/Data_MET2018Dv2_4840.root
name: Data_MET2018Dv2_4840.root
filenumber: 322
file path found: /hdfs/store/user/varuns/Run2018D_Prompt/MET/crab_job_MET2018Dv2/190512_164040/0004/Data_MET2018Dv2_4841.root
name: Data_MET2018Dv2_4841.root
filenumber: 323
file path found: /hdfs/store/user/varuns/Run2018D_Prompt/MET/crab_job_MET2018Dv2/190512_164040/0004/Data_MET2018Dv2_4842.root
name: Data_MET2018Dv2_4842.root
filenumber: 324
file path found: /hdfs/store/user/varuns/Run2018D_Prompt/MET/crab_job_MET2018Dv2/190512_164040/0004/Data_MET2018Dv2_4843.root
name: Data_MET2018Dv2_4843.root
filenumber: 325
file path found: /hdfs/store/user/varuns/Run2018D_Prompt/MET/crab_job_MET2018Dv2/190512_164040/0004/Data_MET2018Dv2_4844.root
name: Data_MET2018Dv2_4844.root
filenumber: 326
file path found: /hdfs/store/user/varuns/Run2018D_Prompt/MET/crab_job_MET2018Dv2/190512_164040/0004/Data_MET2018Dv2_4845.root
name: Data_MET2018Dv2_4845.root
filenumber: 327
file path found: /hdfs/store/user/varuns/Run2018D_Prompt/MET/crab_job_MET2018Dv2/190512_164040/0004/Data_MET2018Dv2_4846.root
name: Data_MET2018Dv2_4846.root
filenumber: 328
file path found: /hdfs/store/user/varuns/Run2018D_Prompt/MET/crab_job_MET2018Dv2/190512_164040/0004/Data_MET2018Dv2_4847.root
name: Data_MET2018Dv2_4847.root
filenumber: 329
file path found: /hdfs/store/user/varuns/Run2018D_Prompt/MET/crab_job_MET2018Dv2/190512_164040/0004/Data_MET2018Dv2_4848.root
name: Data_MET2018Dv2_4848.root
filenumber: 330
file path found: /hdfs/store/user/varuns/Run2018D_Prompt/MET/crab_job_MET2018Dv2/190512_164040/0004/Data_MET2018Dv2_4849.root
name: Data_MET2018Dv2_4849.root
filenumber: 331
file path found: /hdfs/store/user/varuns/Run2018D_Prompt/MET/crab_job_MET2018Dv2/190512_164040/0004/Data_MET2018Dv2_4850.root
name: Data_MET2018Dv2_4850.root
filenumber: 332
file path found: /hdfs/store/user/varuns/Run2018D_Prompt/MET/crab_job_MET2018Dv2/190512_164040/0004/Data_MET2018Dv2_4866.root
name: Data_MET2018Dv2_4866.root
filenumber: 333
file path found: /hdfs/store/user/varuns/Run2018D_Prompt/MET/crab_job_MET2018Dv2/190512_164040/0004/Data_MET2018Dv2_4867.root
name: Data_MET2018Dv2_4867.root
filenumber: 334
file path found: /hdfs/store/user/varuns/Run2018D_Prompt/MET/crab_job_MET2018Dv2/190512_164040/0004/Data_MET2018Dv2_4869.root
name: Data_MET2018Dv2_4869.root
filenumber: 335
file path found: /hdfs/store/user/varuns/Run2018D_Prompt/MET/crab_job_MET2018Dv2/190512_164040/0004/Data_MET2018Dv2_4894.root
name: Data_MET2018Dv2_4894.root
filenumber: 336
file path found: /hdfs/store/user/varuns/Run2018D_Prompt/MET/crab_job_MET2018Dv2/190512_164040/0004/Data_MET2018Dv2_4899.root
name: Data_MET2018Dv2_4899.root
filenumber: 337
file path found: /hdfs/store/user/varuns/Run2018D_Prompt/MET/crab_job_MET2018Dv2/190512_164040/0004/Data_MET2018Dv2_4901.root
name: Data_MET2018Dv2_4901.root
filenumber: 338
file path found: /hdfs/store/user/varuns/Run2018D_Prompt/MET/crab_job_MET2018Dv2/190512_164040/0004/Data_MET2018Dv2_4903.root
name: Data_MET2018Dv2_4903.root
filenumber: 339
file path found: /hdfs/store/user/varuns/Run2018D_Prompt/MET/crab_job_MET2018Dv2/190512_164040/0004/Data_MET2018Dv2_4904.root
name: Data_MET2018Dv2_4904.root
filenumber: 340
file path found: /hdfs/store/user/varuns/Run2018D_Prompt/MET/crab_job_MET2018Dv2/190512_164040/0004/Data_MET2018Dv2_4905.root
name: Data_MET2018Dv2_4905.root
filenumber: 341
file path found: /hdfs/store/user/varuns/Run2018D_Prompt/MET/crab_job_MET2018Dv2/190512_164040/0004/Data_MET2018Dv2_4906.root
name: Data_MET2018Dv2_4906.root
filenumber: 342
file path found: /hdfs/store/user/varuns/Run2018D_Prompt/MET/crab_job_MET2018Dv2/190512_164040/0004/Data_MET2018Dv2_4907.root
name: Data_MET2018Dv2_4907.root
filenumber: 343
file path found: /hdfs/store/user/varuns/Run2018D_Prompt/MET/crab_job_MET2018Dv2/190512_164040/0004/Data_MET2018Dv2_4908.root
name: Data_MET2018Dv2_4908.root
filenumber: 344
file path found: /hdfs/store/user/varuns/Run2018D_Prompt/MET/crab_job_MET2018Dv2/190512_164040/0004/Data_MET2018Dv2_4909.root
name: Data_MET2018Dv2_4909.root
filenumber: 345
file path found: /hdfs/store/user/varuns/Run2018D_Prompt/MET/crab_job_MET2018Dv2/190512_164040/0004/Data_MET2018Dv2_4940.root
name: Data_MET2018Dv2_4940.root
filenumber: 346
file path found: /hdfs/store/user/varuns/Run2018D_Prompt/MET/crab_job_MET2018Dv2/190512_164040/0004/Data_MET2018Dv2_4945.root
name: Data_MET2018Dv2_4945.root
filenumber: 347
file path found: /hdfs/store/user/varuns/Run2018D_Prompt/MET/crab_job_MET2018Dv2/190512_164040/0004/Data_MET2018Dv2_4961.root
name: Data_MET2018Dv2_4961.root
filenumber: 348
file path found: /hdfs/store/user/varuns/Run2018D_Prompt/MET/crab_job_MET2018Dv2/190512_164040/0004/Data_MET2018Dv2_4977.root
name: Data_MET2018Dv2_4977.root
filenumber: 349
file path found: /hdfs/store/user/varuns/Run2018D_Prompt/MET/crab_job_MET2018Dv2/190512_164040/0004/Data_MET2018Dv2_4979.root
name: Data_MET2018Dv2_4979.root
filenumber: 350
file path found: /hdfs/store/user/varuns/Run2018D_Prompt/MET/crab_job_MET2018Dv2/190512_164040/0004/.
name: .
filenumber: 351
file path found: /hdfs/store/user/varuns/Run2018D_Prompt/MET/crab_job_MET2018Dv2/190512_164040/0004/..
name: ..
filenumber: 352
70 files added.
Initializing chain.
Coming in: 
nentries:1036927
Running over 1036927 events.
Finished entry 0/1036926
Finished entry 10000/1036926
Finished entry 20000/1036926
Finished entry 30000/1036926
Finished entry 40000/1036926
Finished entry 50000/1036926
Finished entry 60000/1036926
Finished entry 70000/1036926
Finished entry 80000/1036926
Finished entry 90000/1036926
Finished entry 100000/1036926
Finished entry 110000/1036926
Finished entry 120000/1036926
Finished entry 130000/1036926
Finished entry 140000/1036926
Finished entry 150000/1036926
Finished entry 160000/1036926
Finished entry 170000/1036926
Finished entry 180000/1036926
Finished entry 190000/1036926
Finished entry 200000/1036926
Finished entry 210000/1036926
Finished entry 220000/1036926
Finished entry 230000/1036926
Finished entry 240000/1036926
Finished entry 250000/1036926
Finished entry 260000/1036926
Finished entry 270000/1036926
Finished entry 280000/1036926
Finished entry 290000/1036926
Finished entry 300000/1036926
Finished entry 310000/1036926
Finished entry 320000/1036926
Finished entry 330000/1036926
Finished entry 340000/1036926
Finished entry 350000/1036926
Finished entry 360000/1036926
Finished entry 370000/1036926
Finished entry 380000/1036926
Finished entry 390000/1036926
Finished entry 400000/1036926
Finished entry 410000/1036926
Finished entry 420000/1036926
Finished entry 430000/1036926
Finished entry 440000/1036926
Finished entry 450000/1036926
Finished entry 460000/1036926
Finished entry 470000/1036926
Finished entry 480000/1036926
Finished entry 490000/1036926
Finished entry 500000/1036926
Finished entry 510000/1036926
Finished entry 520000/1036926
Finished entry 530000/1036926
Finished entry 540000/1036926
Finished entry 550000/1036926
Finished entry 560000/1036926
Finished entry 570000/1036926
Finished entry 580000/1036926
Finished entry 590000/1036926
Finished entry 600000/1036926
Finished entry 610000/1036926
Finished entry 620000/1036926
Finished entry 630000/1036926
Finished entry 640000/1036926
Finished entry 650000/1036926
Finished entry 660000/1036926
Finished entry 670000/1036926
Finished entry 680000/1036926
Finished entry 690000/1036926
Finished entry 700000/1036926
Finished entry 710000/1036926
Finished entry 720000/1036926
Finished entry 730000/1036926
Finished entry 740000/1036926
Finished entry 750000/1036926
Finished entry 760000/1036926
Finished entry 770000/1036926
Finished entry 780000/1036926
Finished entry 790000/1036926
Finished entry 800000/1036926
Finished entry 810000/1036926
Finished entry 820000/1036926
Finished entry 830000/1036926
Finished entry 840000/1036926
Finished entry 850000/1036926
Finished entry 860000/1036926
Finished entry 870000/1036926
Finished entry 880000/1036926
Finished entry 890000/1036926
Finished entry 900000/1036926
Finished entry 910000/1036926
Finished entry 920000/1036926
Finished entry 930000/1036926
Finished entry 940000/1036926
Finished entry 950000/1036926
Finished entry 960000/1036926
Finished entry 970000/1036926
Finished entry 980000/1036926
Finished entry 990000/1036926
Finished entry 1000000/1036926
Finished entry 1010000/1036926
Finished entry 1020000/1036926
Finished entry 1030000/1036926
