000 (691409.007.000) 07/11 11:25:59 Job submitted from host: <144.92.181.245:9618?addrs=144.92.181.245-9618+[2607-f388-101c-1000--372]-9618&noUDP&sock=6179_dbc8_3>
...
001 (691409.007.000) 07/11 11:43:56 Job executing on host: <128.104.227.33:9618?addrs=128.104.227.33-9618+[2607-f388-101c-1000--629]-9618&noUDP&sock=10313_704d_3>
...
006 (691409.007.000) 07/11 11:44:05 Image size of job updated: 215924
	106  -  MemoryUsage of job (MB)
	107984  -  ResidentSetSize of job (KB)
...
006 (691409.007.000) 07/11 11:59:36 Image size of job updated: 215924
	106  -  MemoryUsage of job (MB)
	107988  -  ResidentSetSize of job (KB)
...
005 (691409.007.000) 07/11 11:59:37 Job terminated.
	(1) Normal termination (return value 0)
		Usr 0 00:01:37, Sys 0 00:00:05  -  Run Remote Usage
		Usr 0 00:00:00, Sys 0 00:00:00  -  Run Local Usage
		Usr 0 00:01:37, Sys 0 00:00:05  -  Total Remote Usage
		Usr 0 00:00:00, Sys 0 00:00:00  -  Total Local Usage
	422465  -  Run Bytes Sent By Job
	306644  -  Run Bytes Received By Job
	422465  -  Total Bytes Sent By Job
	306644  -  Total Bytes Received By Job
	Partitionable Resources :    Usage  Request Allocated
	   Cpus                 :                 1         1
	   Disk (KB)            :  1000000  2048000   9500927
	   Memory (MB)          :      106     1992      1992
...
