000 (166886.000.000) 06/10 13:21:42 Job submitted from host: <144.92.180.4:9618?addrs=144.92.180.4-9618+[2607-f388-101c-1000--367]-9618&noUDP&sock=4693_960c_3>
...
001 (166886.000.000) 06/10 13:37:59 Job executing on host: <128.104.227.54:9618?addrs=128.104.227.54-9618+[2607-f388-101c-1000--629]-9618&noUDP&sock=10324_fbd7_3>
...
006 (166886.000.000) 06/10 13:38:07 Image size of job updated: 215712
	107  -  MemoryUsage of job (MB)
	108612  -  ResidentSetSize of job (KB)
...
006 (166886.000.000) 06/10 13:58:07 Image size of job updated: 299792
	293  -  MemoryUsage of job (MB)
	299244  -  ResidentSetSize of job (KB)
...
005 (166886.000.000) 06/10 14:00:12 Job terminated.
	(1) Normal termination (return value 0)
		Usr 0 00:02:21, Sys 0 00:00:05  -  Run Remote Usage
		Usr 0 00:00:00, Sys 0 00:00:00  -  Run Local Usage
		Usr 0 00:02:21, Sys 0 00:00:05  -  Total Remote Usage
		Usr 0 00:00:00, Sys 0 00:00:00  -  Total Local Usage
	536585  -  Run Bytes Sent By Job
	278854  -  Run Bytes Received By Job
	536585  -  Total Bytes Sent By Job
	278854  -  Total Bytes Received By Job
	Partitionable Resources :    Usage  Request Allocated
	   Cpus                 :                 1         1
	   Disk (KB)            :  1000000  2048000   9502914
	   Memory (MB)          :      293     1992      1992
...
