000 (696019.005.000) 07/12 06:43:17 Job submitted from host: <144.92.181.245:9618?addrs=144.92.181.245-9618+[2607-f388-101c-1000--372]-9618&noUDP&sock=6179_dbc8_3>
...
001 (696019.005.000) 07/12 08:29:05 Job executing on host: <128.104.227.57:9618?addrs=128.104.227.57-9618+[2607-f388-101c-1000--629]-9618&noUDP&sock=10277_bee4_3>
...
006 (696019.005.000) 07/12 08:29:14 Image size of job updated: 216024
	106  -  MemoryUsage of job (MB)
	108520  -  ResidentSetSize of job (KB)
...
006 (696019.005.000) 07/12 08:49:14 Image size of job updated: 236312
	230  -  MemoryUsage of job (MB)
	235292  -  ResidentSetSize of job (KB)
...
006 (696019.005.000) 07/12 08:54:54 Image size of job updated: 236628
	230  -  MemoryUsage of job (MB)
	235292  -  ResidentSetSize of job (KB)
...
005 (696019.005.000) 07/12 08:54:55 Job terminated.
	(1) Normal termination (return value 0)
		Usr 0 00:02:38, Sys 0 00:00:08  -  Run Remote Usage
		Usr 0 00:00:00, Sys 0 00:00:00  -  Run Local Usage
		Usr 0 00:02:38, Sys 0 00:00:08  -  Total Remote Usage
		Usr 0 00:00:00, Sys 0 00:00:00  -  Total Local Usage
	412723  -  Run Bytes Sent By Job
	281287  -  Run Bytes Received By Job
	412723  -  Total Bytes Sent By Job
	281287  -  Total Bytes Received By Job
	Partitionable Resources :    Usage  Request Allocated
	   Cpus                 :                 1         1
	   Disk (KB)            :  1000000  2048000   9502473
	   Memory (MB)          :      230     1992      1992
...
