000 (690042.002.000) 07/11 07:30:18 Job submitted from host: <144.92.181.245:9618?addrs=144.92.181.245-9618+[2607-f388-101c-1000--372]-9618&noUDP&sock=6179_dbc8_3>
...
001 (690042.002.000) 07/11 08:13:09 Job executing on host: <128.104.227.69:9618?addrs=128.104.227.69-9618+[2607-f388-101c-1000--629]-9618&noUDP&sock=10294_6800_3>
...
006 (690042.002.000) 07/11 08:13:19 Image size of job updated: 33596
	7  -  MemoryUsage of job (MB)
	6500  -  ResidentSetSize of job (KB)
...
005 (690042.002.000) 07/11 08:23:31 Job terminated.
	(1) Normal termination (return value 0)
		Usr 0 00:01:26, Sys 0 00:00:06  -  Run Remote Usage
		Usr 0 00:00:00, Sys 0 00:00:00  -  Run Local Usage
		Usr 0 00:01:26, Sys 0 00:00:06  -  Total Remote Usage
		Usr 0 00:00:00, Sys 0 00:00:00  -  Total Local Usage
	385938  -  Run Bytes Sent By Job
	302156  -  Run Bytes Received By Job
	385938  -  Total Bytes Sent By Job
	302156  -  Total Bytes Received By Job
	Partitionable Resources :    Usage  Request Allocated
	   Cpus                 :                 1         1
	   Disk (KB)            :  1000000  2048000   9500184
	   Memory (MB)          :        7     1992      1992
...
