000 (690042.003.000) 07/11 07:30:18 Job submitted from host: <144.92.181.245:9618?addrs=144.92.181.245-9618+[2607-f388-101c-1000--372]-9618&noUDP&sock=6179_dbc8_3>
...
001 (690042.003.000) 07/11 08:13:10 Job executing on host: <128.104.227.105:9618?addrs=128.104.227.105-9618+[2607-f388-101c-1000--54]-9618&noUDP&sock=11623_fd5e_3>
...
006 (690042.003.000) 07/11 08:13:19 Image size of job updated: 223248
	105  -  MemoryUsage of job (MB)
	107456  -  ResidentSetSize of job (KB)
...
005 (690042.003.000) 07/11 08:21:40 Job terminated.
	(1) Normal termination (return value 0)
		Usr 0 00:01:28, Sys 0 00:00:08  -  Run Remote Usage
		Usr 0 00:00:00, Sys 0 00:00:00  -  Run Local Usage
		Usr 0 00:01:28, Sys 0 00:00:08  -  Total Remote Usage
		Usr 0 00:00:00, Sys 0 00:00:00  -  Total Local Usage
	386078  -  Run Bytes Sent By Job
	302156  -  Run Bytes Received By Job
	386078  -  Total Bytes Sent By Job
	302156  -  Total Bytes Received By Job
	Partitionable Resources :    Usage  Request Allocated
	   Cpus                 :                 1         1
	   Disk (KB)            :  1000000  2048000   9503164
	   Memory (MB)          :      105     1992      1992
...
