000 (691405.002.000) 07/11 11:25:55 Job submitted from host: <144.92.181.245:9618?addrs=144.92.181.245-9618+[2607-f388-101c-1000--372]-9618&noUDP&sock=6179_dbc8_3>
...
001 (691405.002.000) 07/11 11:42:54 Job executing on host: <144.92.180.135:9618?addrs=144.92.180.135-9618+[2607-f388-101c-1000--629]-9618&noUDP&sock=10076_e05b_3>
...
006 (691405.002.000) 07/11 11:43:03 Image size of job updated: 138740
	55  -  MemoryUsage of job (MB)
	56224  -  ResidentSetSize of job (KB)
...
006 (691405.002.000) 07/11 11:54:25 Image size of job updated: 138740
	55  -  MemoryUsage of job (MB)
	56228  -  ResidentSetSize of job (KB)
...
005 (691405.002.000) 07/11 11:54:26 Job terminated.
	(1) Normal termination (return value 0)
		Usr 0 00:01:31, Sys 0 00:00:05  -  Run Remote Usage
		Usr 0 00:00:00, Sys 0 00:00:00  -  Run Local Usage
		Usr 0 00:01:31, Sys 0 00:00:05  -  Total Remote Usage
		Usr 0 00:00:00, Sys 0 00:00:00  -  Total Local Usage
	410886  -  Run Bytes Sent By Job
	306644  -  Run Bytes Received By Job
	410886  -  Total Bytes Sent By Job
	306644  -  Total Bytes Received By Job
	Partitionable Resources :    Usage  Request Allocated
	   Cpus                 :                 1         1
	   Disk (KB)            :  1000000  2048000   7916833
	   Memory (MB)          :       55     1992      1992
...
