000 (690133.014.000) 07/11 07:32:39 Job submitted from host: <144.92.181.245:9618?addrs=144.92.181.245-9618+[2607-f388-101c-1000--372]-9618&noUDP&sock=6179_dbc8_3>
...
001 (690133.014.000) 07/11 09:44:40 Job executing on host: <128.104.227.13:9618?addrs=128.104.227.13-9618+[2607-f388-101c-1000--629]-9618&noUDP&sock=10343_0424_3>
...
006 (690133.014.000) 07/11 09:44:49 Image size of job updated: 229096
	106  -  MemoryUsage of job (MB)
	107944  -  ResidentSetSize of job (KB)
...
006 (690133.014.000) 07/11 10:04:50 Image size of job updated: 243632
	236  -  MemoryUsage of job (MB)
	241572  -  ResidentSetSize of job (KB)
...
005 (690133.014.000) 07/11 10:05:10 Job terminated.
	(1) Normal termination (return value 0)
		Usr 0 00:02:07, Sys 0 00:00:08  -  Run Remote Usage
		Usr 0 00:00:00, Sys 0 00:00:00  -  Run Local Usage
		Usr 0 00:02:07, Sys 0 00:00:08  -  Total Remote Usage
		Usr 0 00:00:00, Sys 0 00:00:00  -  Total Local Usage
	381853  -  Run Bytes Sent By Job
	302156  -  Run Bytes Received By Job
	381853  -  Total Bytes Sent By Job
	302156  -  Total Bytes Received By Job
	Partitionable Resources :    Usage  Request Allocated
	   Cpus                 :                 1         1
	   Disk (KB)            :  1000000  2048000   9502043
	   Memory (MB)          :      236     1992      1992
...
