000 (690133.004.000) 07/11 07:32:39 Job submitted from host: <144.92.181.245:9618?addrs=144.92.181.245-9618+[2607-f388-101c-1000--372]-9618&noUDP&sock=6179_dbc8_3>
...
001 (690133.004.000) 07/11 09:44:18 Job executing on host: <144.92.181.235:9618?addrs=144.92.181.235-9618+[2607-f388-101c-1000--629]-9618&noUDP&sock=7051_fa5e_3>
...
006 (690133.004.000) 07/11 09:44:26 Image size of job updated: 170172
	53  -  MemoryUsage of job (MB)
	53304  -  ResidentSetSize of job (KB)
...
006 (690133.004.000) 07/11 10:04:26 Image size of job updated: 362244
	237  -  MemoryUsage of job (MB)
	241704  -  ResidentSetSize of job (KB)
...
005 (690133.004.000) 07/11 10:07:26 Job terminated.
	(1) Normal termination (return value 0)
		Usr 0 00:04:45, Sys 0 00:00:15  -  Run Remote Usage
		Usr 0 00:00:00, Sys 0 00:00:00  -  Run Local Usage
		Usr 0 00:04:45, Sys 0 00:00:15  -  Total Remote Usage
		Usr 0 00:00:00, Sys 0 00:00:00  -  Total Local Usage
	389245  -  Run Bytes Sent By Job
	302156  -  Run Bytes Received By Job
	389245  -  Total Bytes Sent By Job
	302156  -  Total Bytes Received By Job
	Partitionable Resources :    Usage  Request Allocated
	   Cpus                 :                 1         1
	   Disk (KB)            :  1000000  2048000   4748958
	   Memory (MB)          :      237     1992      1992
...
