000 (690132.010.000) 07/11 07:32:37 Job submitted from host: <144.92.181.245:9618?addrs=144.92.181.245-9618+[2607-f388-101c-1000--372]-9618&noUDP&sock=6179_dbc8_3>
...
001 (690132.010.000) 07/11 09:43:58 Job executing on host: <144.92.180.60:9618?addrs=144.92.180.60-9618+[2607-f388-101c-1000--629]-9618&noUDP&sock=7010_dafc_3>
...
006 (690132.010.000) 07/11 09:44:06 Image size of job updated: 64556
	23  -  MemoryUsage of job (MB)
	23384  -  ResidentSetSize of job (KB)
...
006 (690132.010.000) 07/11 10:04:06 Image size of job updated: 247868
	241  -  MemoryUsage of job (MB)
	246220  -  ResidentSetSize of job (KB)
...
005 (690132.010.000) 07/11 10:04:28 Job terminated.
	(1) Normal termination (return value 0)
		Usr 0 00:03:26, Sys 0 00:00:10  -  Run Remote Usage
		Usr 0 00:00:00, Sys 0 00:00:00  -  Run Local Usage
		Usr 0 00:03:26, Sys 0 00:00:10  -  Total Remote Usage
		Usr 0 00:00:00, Sys 0 00:00:00  -  Total Local Usage
	388292  -  Run Bytes Sent By Job
	302156  -  Run Bytes Received By Job
	388292  -  Total Bytes Sent By Job
	302156  -  Total Bytes Received By Job
	Partitionable Resources :    Usage  Request Allocated
	   Cpus                 :                 1         1
	   Disk (KB)            :  1000000  2048000   4750523
	   Memory (MB)          :      241     1992      1992
...
