000 (690132.014.000) 07/11 07:32:37 Job submitted from host: <144.92.181.245:9618?addrs=144.92.181.245-9618+[2607-f388-101c-1000--372]-9618&noUDP&sock=6179_dbc8_3>
...
001 (690132.014.000) 07/11 09:44:10 Job executing on host: <144.92.180.62:9618?addrs=144.92.180.62-9618+[2607-f388-101c-1000--629]-9618&noUDP&sock=7052_a9f6_3>
...
006 (690132.014.000) 07/11 09:44:18 Image size of job updated: 170424
	53  -  MemoryUsage of job (MB)
	53468  -  ResidentSetSize of job (KB)
...
006 (690132.014.000) 07/11 10:04:18 Image size of job updated: 246996
	239  -  MemoryUsage of job (MB)
	244200  -  ResidentSetSize of job (KB)
...
005 (690132.014.000) 07/11 10:10:14 Job terminated.
	(1) Normal termination (return value 0)
		Usr 0 00:04:34, Sys 0 00:00:14  -  Run Remote Usage
		Usr 0 00:00:00, Sys 0 00:00:00  -  Run Local Usage
		Usr 0 00:04:34, Sys 0 00:00:14  -  Total Remote Usage
		Usr 0 00:00:00, Sys 0 00:00:00  -  Total Local Usage
	389171  -  Run Bytes Sent By Job
	302156  -  Run Bytes Received By Job
	389171  -  Total Bytes Sent By Job
	302156  -  Total Bytes Received By Job
	Partitionable Resources :    Usage  Request Allocated
	   Cpus                 :                 1         1
	   Disk (KB)            :  1000000  2048000   4750234
	   Memory (MB)          :      239     1992      1992
...
