000 (690132.004.000) 07/11 07:32:37 Job submitted from host: <144.92.181.245:9618?addrs=144.92.181.245-9618+[2607-f388-101c-1000--372]-9618&noUDP&sock=6179_dbc8_3>
...
001 (690132.004.000) 07/11 09:43:36 Job executing on host: <144.92.180.164:9618?addrs=144.92.180.164-9618+[2607-f388-101c-1000--629]-9618&noUDP&sock=7723_ea02_3>
...
006 (690132.004.000) 07/11 09:43:45 Image size of job updated: 225128
	106  -  MemoryUsage of job (MB)
	107932  -  ResidentSetSize of job (KB)
...
006 (690132.004.000) 07/11 10:03:46 Image size of job updated: 244148
	239  -  MemoryUsage of job (MB)
	244124  -  ResidentSetSize of job (KB)
...
006 (690132.004.000) 07/11 10:05:15 Image size of job updated: 488432
	239  -  MemoryUsage of job (MB)
	244124  -  ResidentSetSize of job (KB)
...
005 (690132.004.000) 07/11 10:05:16 Job terminated.
	(1) Normal termination (return value 0)
		Usr 0 00:02:17, Sys 0 00:00:08  -  Run Remote Usage
		Usr 0 00:00:00, Sys 0 00:00:00  -  Run Local Usage
		Usr 0 00:02:17, Sys 0 00:00:08  -  Total Remote Usage
		Usr 0 00:00:00, Sys 0 00:00:00  -  Total Local Usage
	381378  -  Run Bytes Sent By Job
	302156  -  Run Bytes Received By Job
	381378  -  Total Bytes Sent By Job
	302156  -  Total Bytes Received By Job
	Partitionable Resources :    Usage  Request Allocated
	   Cpus                 :                 1         1
	   Disk (KB)            :  1000000  2048000   7918298
	   Memory (MB)          :      239     1992      1992
...
