000 (691517.000.000) 07/11 11:28:27 Job submitted from host: <144.92.181.245:9618?addrs=144.92.181.245-9618+[2607-f388-101c-1000--372]-9618&noUDP&sock=6179_dbc8_3>
...
001 (691517.000.000) 07/11 12:21:19 Job executing on host: <128.104.227.24:9618?addrs=128.104.227.24-9618+[2607-f388-101c-1000--629]-9618&noUDP&sock=10309_b1ec_3>
...
006 (691517.000.000) 07/11 12:21:29 Image size of job updated: 147672
	40  -  MemoryUsage of job (MB)
	40628  -  ResidentSetSize of job (KB)
...
006 (691517.000.000) 07/11 12:41:30 Image size of job updated: 253312
	230  -  MemoryUsage of job (MB)
	234940  -  ResidentSetSize of job (KB)
...
006 (691517.000.000) 07/11 12:46:19 Image size of job updated: 256128
	230  -  MemoryUsage of job (MB)
	234940  -  ResidentSetSize of job (KB)
...
005 (691517.000.000) 07/11 12:46:20 Job terminated.
	(1) Normal termination (return value 0)
		Usr 0 00:02:03, Sys 0 00:00:03  -  Run Remote Usage
		Usr 0 00:00:00, Sys 0 00:00:00  -  Run Local Usage
		Usr 0 00:02:03, Sys 0 00:00:03  -  Total Remote Usage
		Usr 0 00:00:00, Sys 0 00:00:00  -  Total Local Usage
	207795  -  Run Bytes Sent By Job
	306644  -  Run Bytes Received By Job
	207795  -  Total Bytes Sent By Job
	306644  -  Total Bytes Received By Job
	Partitionable Resources :    Usage  Request Allocated
	   Cpus                 :                 1         1
	   Disk (KB)            :  1000000  2048000   9499870
	   Memory (MB)          :      230     1992      1992
...
