000 (166910.000.000) 06/10 13:21:49 Job submitted from host: <144.92.180.4:9618?addrs=144.92.180.4-9618+[2607-f388-101c-1000--367]-9618&noUDP&sock=4693_960c_3>
...
001 (166910.000.000) 06/10 13:39:07 Job executing on host: <144.92.180.79:9618?addrs=144.92.180.79-9618+[2607-f388-101c-1000--629]-9618&noUDP&sock=7560_1c12_3>
...
006 (166910.000.000) 06/10 13:39:16 Image size of job updated: 143632
	107  -  MemoryUsage of job (MB)
	108576  -  ResidentSetSize of job (KB)
...
006 (166910.000.000) 06/10 13:45:52 Image size of job updated: 268312
	107  -  MemoryUsage of job (MB)
	108576  -  ResidentSetSize of job (KB)
...
005 (166910.000.000) 06/10 13:45:52 Job terminated.
	(1) Normal termination (return value 0)
		Usr 0 00:01:13, Sys 0 00:00:05  -  Run Remote Usage
		Usr 0 00:00:00, Sys 0 00:00:00  -  Run Local Usage
		Usr 0 00:01:13, Sys 0 00:00:05  -  Total Remote Usage
		Usr 0 00:00:00, Sys 0 00:00:00  -  Total Local Usage
	375463  -  Run Bytes Sent By Job
	278854  -  Run Bytes Received By Job
	375463  -  Total Bytes Sent By Job
	278854  -  Total Bytes Received By Job
	Partitionable Resources :    Usage  Request Allocated
	   Cpus                 :                 1         1
	   Disk (KB)            :  1000000  2048000   7918369
	   Memory (MB)          :      107     1992      1992
...
