000 (691467.000.000) 07/11 11:27:24 Job submitted from host: <144.92.181.245:9618?addrs=144.92.181.245-9618+[2607-f388-101c-1000--372]-9618&noUDP&sock=6179_dbc8_3>
...
001 (691467.000.000) 07/11 12:00:24 Job executing on host: <144.92.181.188:9618?addrs=144.92.181.188-9618+[2607-f388-101c-1000--146]-9618&noUDP&sock=4877_cb79_3>
...
006 (691467.000.000) 07/11 12:00:32 Image size of job updated: 217488
	106  -  MemoryUsage of job (MB)
	108412  -  ResidentSetSize of job (KB)
...
006 (691467.000.000) 07/11 12:20:32 Image size of job updated: 244020
	236  -  MemoryUsage of job (MB)
	240680  -  ResidentSetSize of job (KB)
...
005 (691467.000.000) 07/11 12:23:29 Job terminated.
	(1) Normal termination (return value 0)
		Usr 0 00:02:03, Sys 0 00:00:07  -  Run Remote Usage
		Usr 0 00:00:00, Sys 0 00:00:00  -  Run Local Usage
		Usr 0 00:02:03, Sys 0 00:00:07  -  Total Remote Usage
		Usr 0 00:00:00, Sys 0 00:00:00  -  Total Local Usage
	428153  -  Run Bytes Sent By Job
	306644  -  Run Bytes Received By Job
	428153  -  Total Bytes Sent By Job
	306644  -  Total Bytes Received By Job
	Partitionable Resources :    Usage  Request Allocated
	   Cpus                 :                 1         1
	   Disk (KB)            :  1000000  2048000   3166350
	   Memory (MB)          :      236     1992      1992
...
