000 (691467.008.000) 07/11 11:27:24 Job submitted from host: <144.92.181.245:9618?addrs=144.92.181.245-9618+[2607-f388-101c-1000--372]-9618&noUDP&sock=6179_dbc8_3>
...
001 (691467.008.000) 07/11 12:00:33 Job executing on host: <144.92.180.208:9618?addrs=144.92.180.208-9618+[2607-f388-101c-1000--629]-9618&noUDP&sock=7849_56f1_3>
...
006 (691467.008.000) 07/11 12:00:41 Image size of job updated: 172092
	54  -  MemoryUsage of job (MB)
	54392  -  ResidentSetSize of job (KB)
...
006 (691467.008.000) 07/11 12:20:41 Image size of job updated: 242492
	235  -  MemoryUsage of job (MB)
	239692  -  ResidentSetSize of job (KB)
...
006 (691467.008.000) 07/11 12:37:01 Image size of job updated: 242648
	235  -  MemoryUsage of job (MB)
	239692  -  ResidentSetSize of job (KB)
...
005 (691467.008.000) 07/11 12:37:02 Job terminated.
	(1) Normal termination (return value 0)
		Usr 0 00:02:34, Sys 0 00:00:08  -  Run Remote Usage
		Usr 0 00:00:00, Sys 0 00:00:00  -  Run Local Usage
		Usr 0 00:02:34, Sys 0 00:00:08  -  Total Remote Usage
		Usr 0 00:00:00, Sys 0 00:00:00  -  Total Local Usage
	420205  -  Run Bytes Sent By Job
	306644  -  Run Bytes Received By Job
	420205  -  Total Bytes Sent By Job
	306644  -  Total Bytes Received By Job
	Partitionable Resources :    Usage  Request Allocated
	   Cpus                 :                 1         1
	   Disk (KB)            :  1000000  2048000   7917665
	   Memory (MB)          :      235     1992      1992
...
