000 (691478.004.000) 07/11 11:27:37 Job submitted from host: <144.92.181.245:9618?addrs=144.92.181.245-9618+[2607-f388-101c-1000--372]-9618&noUDP&sock=6179_dbc8_3>
...
001 (691478.004.000) 07/11 12:05:12 Job executing on host: <144.92.180.19:9618?addrs=144.92.180.19-9618+[2607-f388-101c-1000--629]-9618&noUDP&sock=10082_fdec_3>
...
006 (691478.004.000) 07/11 12:05:21 Image size of job updated: 168588
	53  -  MemoryUsage of job (MB)
	53516  -  ResidentSetSize of job (KB)
...
006 (691478.004.000) 07/11 12:25:22 Image size of job updated: 250784
	245  -  MemoryUsage of job (MB)
	250784  -  ResidentSetSize of job (KB)
...
006 (691478.004.000) 07/11 12:35:02 Image size of job updated: 505128
	245  -  MemoryUsage of job (MB)
	250784  -  ResidentSetSize of job (KB)
...
005 (691478.004.000) 07/11 12:35:03 Job terminated.
	(1) Normal termination (return value 0)
		Usr 0 00:02:00, Sys 0 00:00:05  -  Run Remote Usage
		Usr 0 00:00:00, Sys 0 00:00:00  -  Run Local Usage
		Usr 0 00:02:00, Sys 0 00:00:05  -  Total Remote Usage
		Usr 0 00:00:00, Sys 0 00:00:00  -  Total Local Usage
	305477  -  Run Bytes Sent By Job
	306644  -  Run Bytes Received By Job
	305477  -  Total Bytes Sent By Job
	306644  -  Total Bytes Received By Job
	Partitionable Resources :    Usage  Request Allocated
	   Cpus                 :                 1         1
	   Disk (KB)            :  1000000  2048000   7916931
	   Memory (MB)          :      245     1992      1992
...
