000 (691474.000.000) 07/11 11:27:33 Job submitted from host: <144.92.181.245:9618?addrs=144.92.181.245-9618+[2607-f388-101c-1000--372]-9618&noUDP&sock=6179_dbc8_3>
...
001 (691474.000.000) 07/11 12:03:40 Job executing on host: <144.92.180.161:9618?addrs=144.92.180.161-9618+[2607-f388-101c-1000--629]-9618&noUDP&sock=7666_d11c_3>
...
006 (691474.000.000) 07/11 12:03:48 Image size of job updated: 152824
	106  -  MemoryUsage of job (MB)
	108376  -  ResidentSetSize of job (KB)
...
006 (691474.000.000) 07/11 12:23:48 Image size of job updated: 243840
	238  -  MemoryUsage of job (MB)
	242900  -  ResidentSetSize of job (KB)
...
006 (691474.000.000) 07/11 12:33:27 Image size of job updated: 485284
	238  -  MemoryUsage of job (MB)
	242900  -  ResidentSetSize of job (KB)
...
005 (691474.000.000) 07/11 12:33:28 Job terminated.
	(1) Normal termination (return value 0)
		Usr 0 00:01:40, Sys 0 00:00:05  -  Run Remote Usage
		Usr 0 00:00:00, Sys 0 00:00:00  -  Run Local Usage
		Usr 0 00:01:40, Sys 0 00:00:05  -  Total Remote Usage
		Usr 0 00:00:00, Sys 0 00:00:00  -  Total Local Usage
	370788  -  Run Bytes Sent By Job
	306644  -  Run Bytes Received By Job
	370788  -  Total Bytes Sent By Job
	306644  -  Total Bytes Received By Job
	Partitionable Resources :    Usage  Request Allocated
	   Cpus                 :                 1         1
	   Disk (KB)            :  1000000  2048000   7917968
	   Memory (MB)          :      238     1992      1992
...
