000 (691408.002.000) 07/11 11:25:58 Job submitted from host: <144.92.181.245:9618?addrs=144.92.181.245-9618+[2607-f388-101c-1000--372]-9618&noUDP&sock=6179_dbc8_3>
...
001 (691408.002.000) 07/11 11:43:53 Job executing on host: <144.92.181.191:9618?addrs=144.92.181.191-9618+[2607-f388-101c-1000--629]-9618&noUDP&sock=10050_0ae4_3>
...
006 (691408.002.000) 07/11 11:44:02 Image size of job updated: 70868
	57  -  MemoryUsage of job (MB)
	57804  -  ResidentSetSize of job (KB)
...
006 (691408.002.000) 07/11 11:56:46 Image size of job updated: 70868
	57  -  MemoryUsage of job (MB)
	57808  -  ResidentSetSize of job (KB)
...
005 (691408.002.000) 07/11 11:56:46 Job terminated.
	(1) Normal termination (return value 0)
		Usr 0 00:01:41, Sys 0 00:00:05  -  Run Remote Usage
		Usr 0 00:00:00, Sys 0 00:00:00  -  Run Local Usage
		Usr 0 00:01:41, Sys 0 00:00:05  -  Total Remote Usage
		Usr 0 00:00:00, Sys 0 00:00:00  -  Total Local Usage
	409841  -  Run Bytes Sent By Job
	306644  -  Run Bytes Received By Job
	409841  -  Total Bytes Sent By Job
	306644  -  Total Bytes Received By Job
	Partitionable Resources :    Usage  Request Allocated
	   Cpus                 :                 1         1
	   Disk (KB)            :  1000000  2048000   7914778
	   Memory (MB)          :       57     1992      1992
...
