000 (696060.000.000) 07/12 06:44:18 Job submitted from host: <144.92.181.245:9618?addrs=144.92.181.245-9618+[2607-f388-101c-1000--372]-9618&noUDP&sock=6179_dbc8_3>
...
001 (695063.000.000) 07/12 07:43:01 Job executing on host: <144.92.180.134:9618?addrs=144.92.180.134-9618+[2607-f388-101c-1000--629]-9618&noUDP&sock=10094_390f_3>
...
006 (695063.000.000) 07/12 07:43:10 Image size of job updated: 179124
	107  -  MemoryUsage of job (MB)
	108588  -  ResidentSetSize of job (KB)
...
006 (695063.000.000) 07/12 08:03:11 Image size of job updated: 245528
	240  -  MemoryUsage of job (MB)
	245528  -  ResidentSetSize of job (KB)
...
006 (695063.000.000) 07/12 08:09:00 Image size of job updated: 246004
	240  -  MemoryUsage of job (MB)
	245528  -  ResidentSetSize of job (KB)
...
005 (695063.000.000) 07/12 08:09:01 Job terminated.
	(1) Normal termination (return value 0)
		Usr 0 00:02:08, Sys 0 00:00:06  -  Run Remote Usage
		Usr 0 00:00:00, Sys 0 00:00:00  -  Run Local Usage
		Usr 0 00:02:08, Sys 0 00:00:06  -  Total Remote Usage
		Usr 0 00:00:00, Sys 0 00:00:00  -  Total Local Usage
	465680  -  Run Bytes Sent By Job
	281287  -  Run Bytes Received By Job
	465680  -  Total Bytes Sent By Job
	281287  -  Total Bytes Received By Job
	Partitionable Resources :    Usage  Request Allocated
	   Cpus                 :                 1         1
	   Disk (KB)            :  1000000  2048000   7918298
	   Memory (MB)          :      240     1992      1992
...
001 (696060.000.000) 07/12 08:48:06 Job executing on host: <128.104.227.22:9618?addrs=128.104.227.22-9618+[2607-f388-101c-1000--629]-9618&noUDP&sock=10298_2661_3>
...
006 (696060.000.000) 07/12 08:48:14 Image size of job updated: 165276
	107  -  MemoryUsage of job (MB)
	108580  -  ResidentSetSize of job (KB)
...
006 (696060.000.000) 07/12 09:08:14 Image size of job updated: 245192
	240  -  MemoryUsage of job (MB)
	245052  -  ResidentSetSize of job (KB)
...
006 (696060.000.000) 07/12 09:15:29 Image size of job updated: 489340
	240  -  MemoryUsage of job (MB)
	245052  -  ResidentSetSize of job (KB)
...
005 (696060.000.000) 07/12 09:15:30 Job terminated.
	(1) Normal termination (return value 0)
		Usr 0 00:01:50, Sys 0 00:00:06  -  Run Remote Usage
		Usr 0 00:00:00, Sys 0 00:00:00  -  Run Local Usage
		Usr 0 00:01:50, Sys 0 00:00:06  -  Total Remote Usage
		Usr 0 00:00:00, Sys 0 00:00:00  -  Total Local Usage
	465680  -  Run Bytes Sent By Job
	281287  -  Run Bytes Received By Job
	465680  -  Total Bytes Sent By Job
	281287  -  Total Bytes Received By Job
	Partitionable Resources :    Usage  Request Allocated
	   Cpus                 :                 1         1
	   Disk (KB)            :  1000000  2048000   9500771
	   Memory (MB)          :      240     1992      1992
...
