000 (696060.010.000) 07/12 06:44:18 Job submitted from host: <144.92.181.245:9618?addrs=144.92.181.245-9618+[2607-f388-101c-1000--372]-9618&noUDP&sock=6179_dbc8_3>
...
001 (695063.010.000) 07/12 07:43:03 Job executing on host: <144.92.180.158:9618?addrs=144.92.180.158-9618+[2607-f388-101c-1000--629]-9618&noUDP&sock=7713_0e10_3>
...
006 (695063.010.000) 07/12 07:43:12 Image size of job updated: 65820
	54  -  MemoryUsage of job (MB)
	54788  -  ResidentSetSize of job (KB)
...
006 (695063.010.000) 07/12 08:03:13 Image size of job updated: 246484
	241  -  MemoryUsage of job (MB)
	246028  -  ResidentSetSize of job (KB)
...
006 (695063.010.000) 07/12 08:13:04 Image size of job updated: 247856
	241  -  MemoryUsage of job (MB)
	246028  -  ResidentSetSize of job (KB)
...
005 (695063.010.000) 07/12 08:13:06 Job terminated.
	(1) Normal termination (return value 0)
		Usr 0 00:02:06, Sys 0 00:00:06  -  Run Remote Usage
		Usr 0 00:00:00, Sys 0 00:00:00  -  Run Local Usage
		Usr 0 00:02:06, Sys 0 00:00:06  -  Total Remote Usage
		Usr 0 00:00:00, Sys 0 00:00:00  -  Total Local Usage
	468595  -  Run Bytes Sent By Job
	281287  -  Run Bytes Received By Job
	468595  -  Total Bytes Sent By Job
	281287  -  Total Bytes Received By Job
	Partitionable Resources :    Usage  Request Allocated
	   Cpus                 :                 1         1
	   Disk (KB)            :  1000000  2048000   7917624
	   Memory (MB)          :      241     1992      1992
...
001 (696060.010.000) 07/12 08:48:40 Job executing on host: <144.92.181.165:9618?addrs=144.92.181.165-9618+[2607-f388-101c-1000--629]-9618&noUDP&sock=9844_be62_3>
...
006 (696060.010.000) 07/12 08:48:49 Image size of job updated: 218144
	107  -  MemoryUsage of job (MB)
	108588  -  ResidentSetSize of job (KB)
...
006 (696060.010.000) 07/12 09:08:50 Image size of job updated: 246472
	241  -  MemoryUsage of job (MB)
	246472  -  ResidentSetSize of job (KB)
...
006 (696060.010.000) 07/12 09:09:46 Image size of job updated: 248060
	241  -  MemoryUsage of job (MB)
	246472  -  ResidentSetSize of job (KB)
...
005 (696060.010.000) 07/12 09:09:46 Job terminated.
	(1) Normal termination (return value 0)
		Usr 0 00:01:44, Sys 0 00:00:05  -  Run Remote Usage
		Usr 0 00:00:00, Sys 0 00:00:00  -  Run Local Usage
		Usr 0 00:01:44, Sys 0 00:00:05  -  Total Remote Usage
		Usr 0 00:00:00, Sys 0 00:00:00  -  Total Local Usage
	468595  -  Run Bytes Sent By Job
	281287  -  Run Bytes Received By Job
	468595  -  Total Bytes Sent By Job
	281287  -  Total Bytes Received By Job
	Partitionable Resources :    Usage  Request Allocated
	   Cpus                 :                 1         1
	   Disk (KB)            :  1000000  2048000   7917346
	   Memory (MB)          :      241     1992      1992
...
