000 (696060.013.000) 07/12 06:44:18 Job submitted from host: <144.92.181.245:9618?addrs=144.92.181.245-9618+[2607-f388-101c-1000--372]-9618&noUDP&sock=6179_dbc8_3>
...
001 (695063.013.000) 07/12 07:43:04 Job executing on host: <128.104.227.111:9618?addrs=128.104.227.111-9618+[2607-f388-101c-1000--60]-9618&noUDP&sock=11720_860d_3>
...
006 (695063.013.000) 07/12 07:43:12 Image size of job updated: 203884
	106  -  MemoryUsage of job (MB)
	108524  -  ResidentSetSize of job (KB)
...
006 (695063.013.000) 07/12 08:03:12 Image size of job updated: 249572
	242  -  MemoryUsage of job (MB)
	247172  -  ResidentSetSize of job (KB)
...
005 (695063.013.000) 07/12 08:18:17 Job terminated.
	(1) Normal termination (return value 0)
		Usr 0 00:02:10, Sys 0 00:00:10  -  Run Remote Usage
		Usr 0 00:00:00, Sys 0 00:00:00  -  Run Local Usage
		Usr 0 00:02:10, Sys 0 00:00:10  -  Total Remote Usage
		Usr 0 00:00:00, Sys 0 00:00:00  -  Total Local Usage
	469022  -  Run Bytes Sent By Job
	281287  -  Run Bytes Received By Job
	469022  -  Total Bytes Sent By Job
	281287  -  Total Bytes Received By Job
	Partitionable Resources :    Usage  Request Allocated
	   Cpus                 :                 1         1
	   Disk (KB)            :  1000000  2048000   9503250
	   Memory (MB)          :      242     1992      1992
...
001 (696060.013.000) 07/12 08:48:42 Job executing on host: <128.104.227.82:9618?addrs=128.104.227.82-9618+[2607-f388-101c-1000--629]-9618&noUDP&sock=11748_bab4_3>
...
006 (696060.013.000) 07/12 08:48:51 Image size of job updated: 218004
	106  -  MemoryUsage of job (MB)
	108544  -  ResidentSetSize of job (KB)
...
006 (696060.013.000) 07/12 09:08:52 Image size of job updated: 247724
	242  -  MemoryUsage of job (MB)
	247672  -  ResidentSetSize of job (KB)
...
005 (696060.013.000) 07/12 09:11:09 Job terminated.
	(1) Normal termination (return value 0)
		Usr 0 00:02:04, Sys 0 00:00:07  -  Run Remote Usage
		Usr 0 00:00:00, Sys 0 00:00:00  -  Run Local Usage
		Usr 0 00:02:04, Sys 0 00:00:07  -  Total Remote Usage
		Usr 0 00:00:00, Sys 0 00:00:00  -  Total Local Usage
	469022  -  Run Bytes Sent By Job
	281287  -  Run Bytes Received By Job
	469022  -  Total Bytes Sent By Job
	281287  -  Total Bytes Received By Job
	Partitionable Resources :    Usage  Request Allocated
	   Cpus                 :                 1         1
	   Disk (KB)            :  1000000  2048000   9503085
	   Memory (MB)          :      242     1992      1992
...
