000 (696060.014.000) 07/12 06:44:18 Job submitted from host: <144.92.181.245:9618?addrs=144.92.181.245-9618+[2607-f388-101c-1000--372]-9618&noUDP&sock=6179_dbc8_3>
...
001 (695063.014.000) 07/12 07:43:04 Job executing on host: <128.104.227.22:9618?addrs=128.104.227.22-9618+[2607-f388-101c-1000--629]-9618&noUDP&sock=10298_2661_3>
...
006 (695063.014.000) 07/12 07:43:12 Image size of job updated: 108532
	106  -  MemoryUsage of job (MB)
	108532  -  ResidentSetSize of job (KB)
...
006 (695063.014.000) 07/12 08:03:12 Image size of job updated: 241152
	236  -  MemoryUsage of job (MB)
	240936  -  ResidentSetSize of job (KB)
...
006 (695063.014.000) 07/12 08:23:12 Image size of job updated: 245248
	238  -  MemoryUsage of job (MB)
	242852  -  ResidentSetSize of job (KB)
...
006 (695063.014.000) 07/12 08:27:55 Image size of job updated: 488932
	238  -  MemoryUsage of job (MB)
	242852  -  ResidentSetSize of job (KB)
...
005 (695063.014.000) 07/12 08:27:56 Job terminated.
	(1) Normal termination (return value 0)
		Usr 0 00:02:22, Sys 0 00:00:07  -  Run Remote Usage
		Usr 0 00:00:00, Sys 0 00:00:00  -  Run Local Usage
		Usr 0 00:02:22, Sys 0 00:00:07  -  Total Remote Usage
		Usr 0 00:00:00, Sys 0 00:00:00  -  Total Local Usage
	465345  -  Run Bytes Sent By Job
	281287  -  Run Bytes Received By Job
	465345  -  Total Bytes Sent By Job
	281287  -  Total Bytes Received By Job
	Partitionable Resources :    Usage  Request Allocated
	   Cpus                 :                 1         1
	   Disk (KB)            :  1000000  2048000   9500771
	   Memory (MB)          :      238     1992      1992
...
001 (696060.014.000) 07/12 08:48:51 Job executing on host: <128.104.227.24:9618?addrs=128.104.227.24-9618+[2607-f388-101c-1000--629]-9618&noUDP&sock=10309_b1ec_3>
...
006 (696060.014.000) 07/12 08:49:00 Image size of job updated: 216296
	106  -  MemoryUsage of job (MB)
	108524  -  ResidentSetSize of job (KB)
...
006 (696060.014.000) 07/12 09:09:01 Image size of job updated: 247108
	241  -  MemoryUsage of job (MB)
	245796  -  ResidentSetSize of job (KB)
...
005 (696060.014.000) 07/12 09:12:14 Job terminated.
	(1) Normal termination (return value 0)
		Usr 0 00:02:10, Sys 0 00:00:07  -  Run Remote Usage
		Usr 0 00:00:00, Sys 0 00:00:00  -  Run Local Usage
		Usr 0 00:02:10, Sys 0 00:00:07  -  Total Remote Usage
		Usr 0 00:00:00, Sys 0 00:00:00  -  Total Local Usage
	465345  -  Run Bytes Sent By Job
	281287  -  Run Bytes Received By Job
	465345  -  Total Bytes Sent By Job
	281287  -  Total Bytes Received By Job
	Partitionable Resources :    Usage  Request Allocated
	   Cpus                 :                 1         1
	   Disk (KB)            :  1000000  2048000   9499870
	   Memory (MB)          :      241     1992      1992
...
