000 (691499.000.000) 07/11 11:28:06 Job submitted from host: <144.92.181.245:9618?addrs=144.92.181.245-9618+[2607-f388-101c-1000--372]-9618&noUDP&sock=6179_dbc8_3>
...
001 (691499.000.000) 07/11 12:15:58 Job executing on host: <144.92.181.64:9618?addrs=144.92.181.64-9618+[2607-f388-101c-1000--629]-9618&noUDP&sock=7580_d3f7_3>
...
006 (691499.000.000) 07/11 12:16:07 Image size of job updated: 216496
	106  -  MemoryUsage of job (MB)
	108232  -  ResidentSetSize of job (KB)
...
006 (691499.000.000) 07/11 12:36:08 Image size of job updated: 242020
	235  -  MemoryUsage of job (MB)
	239640  -  ResidentSetSize of job (KB)
...
005 (691499.000.000) 07/11 12:36:14 Job terminated.
	(1) Normal termination (return value 0)
		Usr 0 00:02:25, Sys 0 00:00:07  -  Run Remote Usage
		Usr 0 00:00:00, Sys 0 00:00:00  -  Run Local Usage
		Usr 0 00:02:25, Sys 0 00:00:07  -  Total Remote Usage
		Usr 0 00:00:00, Sys 0 00:00:00  -  Total Local Usage
	290087  -  Run Bytes Sent By Job
	306644  -  Run Bytes Received By Job
	290087  -  Total Bytes Sent By Job
	306644  -  Total Bytes Received By Job
	Partitionable Resources :    Usage  Request Allocated
	   Cpus                 :                 1         1
	   Disk (KB)            :  1000000  2048000   7917720
	   Memory (MB)          :      235     1992      1992
...
