000 (690018.000.000) 07/11 07:29:43 Job submitted from host: <144.92.181.245:9618?addrs=144.92.181.245-9618+[2607-f388-101c-1000--372]-9618&noUDP&sock=6179_dbc8_3>
...
001 (690018.000.000) 07/11 07:31:03 Job executing on host: <144.92.180.106:9618?addrs=144.92.180.106-9618+[2607-f388-101c-1000--629]-9618&noUDP&sock=7637_ecdd_3>
...
006 (690018.000.000) 07/11 07:31:12 Image size of job updated: 162364
	57  -  MemoryUsage of job (MB)
	58360  -  ResidentSetSize of job (KB)
...
006 (690018.000.000) 07/11 07:34:51 Image size of job updated: 162364
	58  -  MemoryUsage of job (MB)
	58428  -  ResidentSetSize of job (KB)
...
005 (690018.000.000) 07/11 07:34:52 Job terminated.
	(1) Normal termination (return value 0)
		Usr 0 00:00:30, Sys 0 00:00:02  -  Run Remote Usage
		Usr 0 00:00:00, Sys 0 00:00:00  -  Run Local Usage
		Usr 0 00:00:30, Sys 0 00:00:02  -  Total Remote Usage
		Usr 0 00:00:00, Sys 0 00:00:00  -  Total Local Usage
	283454  -  Run Bytes Sent By Job
	302156  -  Run Bytes Received By Job
	283454  -  Total Bytes Sent By Job
	302156  -  Total Bytes Received By Job
	Partitionable Resources :    Usage  Request Allocated
	   Cpus                 :                 1         1
	   Disk (KB)            :  1000000  2048000   6333776
	   Memory (MB)          :       58     1992      1992
...
