000 (1262584.009.000) 07/25 12:34:09 Job submitted from host: <144.92.180.28:9618?addrs=144.92.180.28-9618+[2607-f388-101c-1000--370]-9618&noUDP&sock=5187_6dd5_82>
...
001 (1262584.009.000) 07/25 13:53:54 Job executing on host: <144.92.180.206:9618?addrs=144.92.180.206-9618+[2607-f388-101c-1000--629]-9618&noUDP&sock=7711_aedf_3>
...
006 (1262584.009.000) 07/25 13:54:03 Image size of job updated: 185756
	107  -  MemoryUsage of job (MB)
	108576  -  ResidentSetSize of job (KB)
...
005 (1262584.009.000) 07/25 14:08:21 Job terminated.
	(1) Normal termination (return value 0)
		Usr 0 00:02:47, Sys 0 00:00:12  -  Run Remote Usage
		Usr 0 00:00:00, Sys 0 00:00:00  -  Run Local Usage
		Usr 0 00:02:47, Sys 0 00:00:12  -  Total Remote Usage
		Usr 0 00:00:00, Sys 0 00:00:00  -  Total Local Usage
	538389  -  Run Bytes Sent By Job
	283691  -  Run Bytes Received By Job
	538389  -  Total Bytes Sent By Job
	283691  -  Total Bytes Received By Job
	Partitionable Resources :    Usage  Request Allocated
	   Cpus                 :                 1         1
	   Disk (KB)            :  1000000  2048000   7910803
	   Memory (MB)          :      107     1992      1992
...
