000 (1262546.010.000) 07/25 12:33:37 Job submitted from host: <144.92.180.28:9618?addrs=144.92.180.28-9618+[2607-f388-101c-1000--370]-9618&noUDP&sock=5187_6dd5_82>
...
001 (1262546.010.000) 07/25 13:16:30 Job executing on host: <144.92.180.145:9618?addrs=144.92.180.145-9618+[2607-f388-101c-1000--629]-9618&noUDP&sock=7660_b38b_3>
...
006 (1262546.010.000) 07/25 13:16:39 Image size of job updated: 221484
	102  -  MemoryUsage of job (MB)
	103864  -  ResidentSetSize of job (KB)
...
006 (1262546.010.000) 07/25 13:36:40 Image size of job updated: 257464
	252  -  MemoryUsage of job (MB)
	257464  -  ResidentSetSize of job (KB)
...
006 (1262546.010.000) 07/25 13:38:46 Image size of job updated: 257528
	252  -  MemoryUsage of job (MB)
	257464  -  ResidentSetSize of job (KB)
...
005 (1262546.010.000) 07/25 13:38:46 Job terminated.
	(1) Normal termination (return value 0)
		Usr 0 00:02:15, Sys 0 00:00:07  -  Run Remote Usage
		Usr 0 00:00:00, Sys 0 00:00:00  -  Run Local Usage
		Usr 0 00:02:15, Sys 0 00:00:07  -  Total Remote Usage
		Usr 0 00:00:00, Sys 0 00:00:00  -  Total Local Usage
	431380  -  Run Bytes Sent By Job
	283691  -  Run Bytes Received By Job
	431380  -  Total Bytes Sent By Job
	283691  -  Total Bytes Received By Job
	Partitionable Resources :    Usage  Request Allocated
	   Cpus                 :                 1         1
	   Disk (KB)            :  1000000  2048000   7917960
	   Memory (MB)          :      252     1992      1992
...
