000 (1262546.011.000) 07/25 12:33:37 Job submitted from host: <144.92.180.28:9618?addrs=144.92.180.28-9618+[2607-f388-101c-1000--370]-9618&noUDP&sock=5187_6dd5_82>
...
001 (1262546.011.000) 07/25 13:16:30 Job executing on host: <144.92.180.107:9618?addrs=144.92.180.107-9618+[2607-f388-101c-1000--629]-9618&noUDP&sock=7535_f634_3>
...
006 (1262546.011.000) 07/25 13:16:39 Image size of job updated: 225052
	107  -  MemoryUsage of job (MB)
	108620  -  ResidentSetSize of job (KB)
...
006 (1262546.011.000) 07/25 13:25:16 Image size of job updated: 282900
	107  -  MemoryUsage of job (MB)
	108620  -  ResidentSetSize of job (KB)
...
005 (1262546.011.000) 07/25 13:25:17 Job terminated.
	(1) Normal termination (return value 0)
		Usr 0 00:01:42, Sys 0 00:00:07  -  Run Remote Usage
		Usr 0 00:00:00, Sys 0 00:00:00  -  Run Local Usage
		Usr 0 00:01:42, Sys 0 00:00:07  -  Total Remote Usage
		Usr 0 00:00:00, Sys 0 00:00:00  -  Total Local Usage
	431305  -  Run Bytes Sent By Job
	283691  -  Run Bytes Received By Job
	431305  -  Total Bytes Sent By Job
	283691  -  Total Bytes Received By Job
	Partitionable Resources :    Usage  Request Allocated
	   Cpus                 :                 1         1
	   Disk (KB)            :  1000000  2048000   6333136
	   Memory (MB)          :      107     1992      1992
...
