000 (1262546.012.000) 07/25 12:33:37 Job submitted from host: <144.92.180.28:9618?addrs=144.92.180.28-9618+[2607-f388-101c-1000--370]-9618&noUDP&sock=5187_6dd5_82>
...
001 (1262546.012.000) 07/25 13:16:42 Job executing on host: <144.92.180.242:9618?addrs=144.92.180.242-9618+[2607-f388-101c-1000--629]-9618&noUDP&sock=9893_5a86_3>
...
006 (1262546.012.000) 07/25 13:16:50 Image size of job updated: 225164
	107  -  MemoryUsage of job (MB)
	108608  -  ResidentSetSize of job (KB)
...
005 (1262546.012.000) 07/25 13:25:13 Job terminated.
	(1) Normal termination (return value 0)
		Usr 0 00:01:49, Sys 0 00:00:07  -  Run Remote Usage
		Usr 0 00:00:00, Sys 0 00:00:00  -  Run Local Usage
		Usr 0 00:01:49, Sys 0 00:00:07  -  Total Remote Usage
		Usr 0 00:00:00, Sys 0 00:00:00  -  Total Local Usage
	431336  -  Run Bytes Sent By Job
	283691  -  Run Bytes Received By Job
	431336  -  Total Bytes Sent By Job
	283691  -  Total Bytes Received By Job
	Partitionable Resources :    Usage  Request Allocated
	   Cpus                 :                 1         1
	   Disk (KB)            :  1000000  2048000   7916248
	   Memory (MB)          :      107     1992      1992
...
