000 (695985.005.000) 07/12 06:42:23 Job submitted from host: <144.92.181.245:9618?addrs=144.92.181.245-9618+[2607-f388-101c-1000--372]-9618&noUDP&sock=6179_dbc8_3>
...
001 (695985.005.000) 07/12 08:15:44 Job executing on host: <144.92.181.241:9618?addrs=144.92.181.241-9618+[2607-f388-101c-1000--217]-9618&noUDP&sock=6978_e7f4_3>
...
006 (695985.005.000) 07/12 08:15:53 Image size of job updated: 206468
	98  -  MemoryUsage of job (MB)
	99848  -  ResidentSetSize of job (KB)
...
006 (695985.005.000) 07/12 08:35:13 Image size of job updated: 290748
	100  -  MemoryUsage of job (MB)
	102276  -  ResidentSetSize of job (KB)
...
005 (695985.005.000) 07/12 08:35:14 Job terminated.
	(1) Normal termination (return value 0)
		Usr 0 00:03:55, Sys 0 00:00:11  -  Run Remote Usage
		Usr 0 00:00:00, Sys 0 00:00:00  -  Run Local Usage
		Usr 0 00:03:55, Sys 0 00:00:11  -  Total Remote Usage
		Usr 0 00:00:00, Sys 0 00:00:00  -  Total Local Usage
	292833  -  Run Bytes Sent By Job
	281287  -  Run Bytes Received By Job
	292833  -  Total Bytes Sent By Job
	281287  -  Total Bytes Received By Job
	Partitionable Resources :    Usage  Request Allocated
	   Cpus                 :                 1         1
	   Disk (KB)            :  1000000  2048000   4750246
	   Memory (MB)          :      100     1992      1992
...
