000 (695985.007.000) 07/12 06:42:23 Job submitted from host: <144.92.181.245:9618?addrs=144.92.181.245-9618+[2607-f388-101c-1000--372]-9618&noUDP&sock=6179_dbc8_3>
...
001 (695985.007.000) 07/12 08:15:48 Job executing on host: <144.92.180.170:9618?addrs=144.92.180.170-9618+[2607-f388-101c-1000--629]-9618&noUDP&sock=7785_70e1_3>
...
006 (695985.007.000) 07/12 08:15:57 Image size of job updated: 216336
	106  -  MemoryUsage of job (MB)
	108260  -  ResidentSetSize of job (KB)
...
005 (695985.007.000) 07/12 08:32:37 Job terminated.
	(1) Normal termination (return value 0)
		Usr 0 00:02:08, Sys 0 00:00:06  -  Run Remote Usage
		Usr 0 00:00:00, Sys 0 00:00:00  -  Run Local Usage
		Usr 0 00:02:08, Sys 0 00:00:06  -  Total Remote Usage
		Usr 0 00:00:00, Sys 0 00:00:00  -  Total Local Usage
	279960  -  Run Bytes Sent By Job
	281287  -  Run Bytes Received By Job
	279960  -  Total Bytes Sent By Job
	281287  -  Total Bytes Received By Job
	Partitionable Resources :    Usage  Request Allocated
	   Cpus                 :                 1         1
	   Disk (KB)            :  1000000  2048000   7918265
	   Memory (MB)          :      106     1992      1992
...
