000 (1262622.000.000) 07/25 12:34:37 Job submitted from host: <144.92.180.28:9618?addrs=144.92.180.28-9618+[2607-f388-101c-1000--370]-9618&noUDP&sock=5187_6dd5_82>
...
001 (1262622.000.000) 07/25 14:22:09 Job executing on host: <144.92.180.110:9618?addrs=144.92.180.110-9618+[2607-f388-101c-1000--629]-9618&noUDP&sock=7674_4dde_3>
...
006 (1262622.000.000) 07/25 14:22:18 Image size of job updated: 227548
	106  -  MemoryUsage of job (MB)
	108484  -  ResidentSetSize of job (KB)
...
005 (1262622.000.000) 07/25 14:36:35 Job terminated.
	(1) Normal termination (return value 0)
		Usr 0 00:02:13, Sys 0 00:00:09  -  Run Remote Usage
		Usr 0 00:00:00, Sys 0 00:00:00  -  Run Local Usage
		Usr 0 00:02:13, Sys 0 00:00:09  -  Total Remote Usage
		Usr 0 00:00:00, Sys 0 00:00:00  -  Total Local Usage
	393637  -  Run Bytes Sent By Job
	283691  -  Run Bytes Received By Job
	393637  -  Total Bytes Sent By Job
	283691  -  Total Bytes Received By Job
	Partitionable Resources :    Usage  Request Allocated
	   Cpus                 :                 1         1
	   Disk (KB)            :  1000000  2048000   6334193
	   Memory (MB)          :      106     1992      1992
...
