000 (1262622.005.000) 07/25 12:34:37 Job submitted from host: <144.92.180.28:9618?addrs=144.92.180.28-9618+[2607-f388-101c-1000--370]-9618&noUDP&sock=5187_6dd5_82>
...
001 (1262622.005.000) 07/25 14:22:25 Job executing on host: <128.104.227.20:9618?addrs=128.104.227.20-9618+[2607-f388-101c-1000--629]-9618&noUDP&sock=10284_8c0e_3>
...
006 (1262622.005.000) 07/25 14:22:34 Image size of job updated: 225624
	106  -  MemoryUsage of job (MB)
	108488  -  ResidentSetSize of job (KB)
...
006 (1262622.005.000) 07/25 14:36:38 Image size of job updated: 242368
	106  -  MemoryUsage of job (MB)
	108488  -  ResidentSetSize of job (KB)
...
005 (1262622.005.000) 07/25 14:36:39 Job terminated.
	(1) Normal termination (return value 0)
		Usr 0 00:02:19, Sys 0 00:00:07  -  Run Remote Usage
		Usr 0 00:00:00, Sys 0 00:00:00  -  Run Local Usage
		Usr 0 00:02:19, Sys 0 00:00:07  -  Total Remote Usage
		Usr 0 00:00:00, Sys 0 00:00:00  -  Total Local Usage
	395011  -  Run Bytes Sent By Job
	283691  -  Run Bytes Received By Job
	395011  -  Total Bytes Sent By Job
	283691  -  Total Bytes Received By Job
	Partitionable Resources :    Usage  Request Allocated
	   Cpus                 :                 1         1
	   Disk (KB)            :  1000000  2048000   9498298
	   Memory (MB)          :      106     1992      1992
...
