000 (696037.000.000) 07/12 06:43:44 Job submitted from host: <144.92.181.245:9618?addrs=144.92.181.245-9618+[2607-f388-101c-1000--372]-9618&noUDP&sock=6179_dbc8_3>
...
001 (695040.000.000) 07/12 07:41:47 Job executing on host: <144.92.180.108:9618?addrs=144.92.180.108-9618+[2607-f388-101c-1000--629]-9618&noUDP&sock=7631_cf4c_3>
...
006 (695040.000.000) 07/12 07:41:56 Image size of job updated: 108952
	106  -  MemoryUsage of job (MB)
	108520  -  ResidentSetSize of job (KB)
...
006 (695040.000.000) 07/12 08:01:57 Image size of job updated: 239736
	235  -  MemoryUsage of job (MB)
	239736  -  ResidentSetSize of job (KB)
...
006 (695040.000.000) 07/12 08:07:44 Image size of job updated: 240288
	235  -  MemoryUsage of job (MB)
	239736  -  ResidentSetSize of job (KB)
...
005 (695040.000.000) 07/12 08:07:45 Job terminated.
	(1) Normal termination (return value 0)
		Usr 0 00:01:39, Sys 0 00:00:05  -  Run Remote Usage
		Usr 0 00:00:00, Sys 0 00:00:00  -  Run Local Usage
		Usr 0 00:01:39, Sys 0 00:00:05  -  Total Remote Usage
		Usr 0 00:00:00, Sys 0 00:00:00  -  Total Local Usage
	408036  -  Run Bytes Sent By Job
	281287  -  Run Bytes Received By Job
	408036  -  Total Bytes Sent By Job
	281287  -  Total Bytes Received By Job
	Partitionable Resources :    Usage  Request Allocated
	   Cpus                 :                 1         1
	   Disk (KB)            :  1000000  2048000   6334444
	   Memory (MB)          :      235     1992      1992
...
001 (696037.000.000) 07/12 08:38:07 Job executing on host: <144.92.180.13:9618?addrs=144.92.180.13-9618+[2607-f388-101c-1000--629]-9618&noUDP&sock=7729_0794_3>
...
006 (696037.000.000) 07/12 08:38:16 Image size of job updated: 217636
	106  -  MemoryUsage of job (MB)
	108524  -  ResidentSetSize of job (KB)
...
006 (696037.000.000) 07/12 08:58:17 Image size of job updated: 240780
	235  -  MemoryUsage of job (MB)
	239836  -  ResidentSetSize of job (KB)
...
005 (696037.000.000) 07/12 08:58:56 Job terminated.
	(1) Normal termination (return value 0)
		Usr 0 00:01:43, Sys 0 00:00:05  -  Run Remote Usage
		Usr 0 00:00:00, Sys 0 00:00:00  -  Run Local Usage
		Usr 0 00:01:43, Sys 0 00:00:05  -  Total Remote Usage
		Usr 0 00:00:00, Sys 0 00:00:00  -  Total Local Usage
	408036  -  Run Bytes Sent By Job
	281287  -  Run Bytes Received By Job
	408036  -  Total Bytes Sent By Job
	281287  -  Total Bytes Received By Job
	Partitionable Resources :    Usage  Request Allocated
	   Cpus                 :                 1         1
	   Disk (KB)            :  1000000  2048000   7917832
	   Memory (MB)          :      235     1992      1992
...
