000 (696037.012.000) 07/12 06:43:44 Job submitted from host: <144.92.181.245:9618?addrs=144.92.181.245-9618+[2607-f388-101c-1000--372]-9618&noUDP&sock=6179_dbc8_3>
...
001 (695040.012.000) 07/12 07:41:49 Job executing on host: <144.92.180.54:9618?addrs=144.92.180.54-9618+[2607-f388-101c-1000--629]-9618&noUDP&sock=8012_24e1_3>
...
006 (695040.012.000) 07/12 07:41:58 Image size of job updated: 100264
	44  -  MemoryUsage of job (MB)
	44304  -  ResidentSetSize of job (KB)
...
006 (695040.012.000) 07/12 08:01:58 Image size of job updated: 244384
	238  -  MemoryUsage of job (MB)
	243072  -  ResidentSetSize of job (KB)
...
005 (695040.012.000) 07/12 08:10:41 Job terminated.
	(1) Normal termination (return value 0)
		Usr 0 00:04:32, Sys 0 00:00:17  -  Run Remote Usage
		Usr 0 00:00:00, Sys 0 00:00:00  -  Run Local Usage
		Usr 0 00:04:32, Sys 0 00:00:17  -  Total Remote Usage
		Usr 0 00:00:00, Sys 0 00:00:00  -  Total Local Usage
	415583  -  Run Bytes Sent By Job
	281287  -  Run Bytes Received By Job
	415583  -  Total Bytes Sent By Job
	281287  -  Total Bytes Received By Job
	Partitionable Resources :    Usage  Request Allocated
	   Cpus                 :                 1         1
	   Disk (KB)            :  1000000  2048000   4750620
	   Memory (MB)          :      238     1992      1992
...
001 (696037.012.000) 07/12 08:38:48 Job executing on host: <128.104.227.111:9618?addrs=128.104.227.111-9618+[2607-f388-101c-1000--60]-9618&noUDP&sock=11720_860d_3>
...
006 (696037.012.000) 07/12 08:38:57 Image size of job updated: 216916
	106  -  MemoryUsage of job (MB)
	108512  -  ResidentSetSize of job (KB)
...
006 (696037.012.000) 07/12 08:58:58 Image size of job updated: 238140
	233  -  MemoryUsage of job (MB)
	238140  -  ResidentSetSize of job (KB)
...
006 (696037.012.000) 07/12 09:11:31 Image size of job updated: 487740
	233  -  MemoryUsage of job (MB)
	238140  -  ResidentSetSize of job (KB)
...
005 (696037.012.000) 07/12 09:11:32 Job terminated.
	(1) Normal termination (return value 0)
		Usr 0 00:01:36, Sys 0 00:00:07  -  Run Remote Usage
		Usr 0 00:00:00, Sys 0 00:00:00  -  Run Local Usage
		Usr 0 00:01:36, Sys 0 00:00:07  -  Total Remote Usage
		Usr 0 00:00:00, Sys 0 00:00:00  -  Total Local Usage
	409548  -  Run Bytes Sent By Job
	281287  -  Run Bytes Received By Job
	409548  -  Total Bytes Sent By Job
	281287  -  Total Bytes Received By Job
	Partitionable Resources :    Usage  Request Allocated
	   Cpus                 :                 1         1
	   Disk (KB)            :  1000000  2048000   9503250
	   Memory (MB)          :      233     1992      1992
...
