000 (690089.002.000) 07/11 07:31:32 Job submitted from host: <144.92.181.245:9618?addrs=144.92.181.245-9618+[2607-f388-101c-1000--372]-9618&noUDP&sock=6179_dbc8_3>
...
001 (690089.002.000) 07/11 09:04:39 Job executing on host: <128.104.227.51:9618?addrs=128.104.227.51-9618+[2607-f388-101c-1000--629]-9618&noUDP&sock=10396_5ea9_3>
...
006 (690089.002.000) 07/11 09:04:48 Image size of job updated: 225076
	106  -  MemoryUsage of job (MB)
	107920  -  ResidentSetSize of job (KB)
...
006 (690089.002.000) 07/11 09:24:49 Image size of job updated: 239540
	233  -  MemoryUsage of job (MB)
	238112  -  ResidentSetSize of job (KB)
...
005 (690089.002.000) 07/11 09:26:42 Job terminated.
	(1) Normal termination (return value 0)
		Usr 0 00:02:01, Sys 0 00:00:05  -  Run Remote Usage
		Usr 0 00:00:00, Sys 0 00:00:00  -  Run Local Usage
		Usr 0 00:02:01, Sys 0 00:00:05  -  Total Remote Usage
		Usr 0 00:00:00, Sys 0 00:00:00  -  Total Local Usage
	351645  -  Run Bytes Sent By Job
	302156  -  Run Bytes Received By Job
	351645  -  Total Bytes Sent By Job
	302156  -  Total Bytes Received By Job
	Partitionable Resources :    Usage  Request Allocated
	   Cpus                 :                 1         1
	   Disk (KB)            :  1000000  2048000   9501265
	   Memory (MB)          :      233     1992      1992
...
