000 (1262648.005.000) 07/25 12:34:53 Job submitted from host: <144.92.180.28:9618?addrs=144.92.180.28-9618+[2607-f388-101c-1000--370]-9618&noUDP&sock=5187_6dd5_82>
...
001 (1262648.005.000) 07/25 14:38:09 Job executing on host: <144.92.180.105:9618?addrs=144.92.180.105-9618+[2607-f388-101c-1000--629]-9618&noUDP&sock=7462_e3ca_3>
...
006 (1262648.005.000) 07/25 14:38:18 Image size of job updated: 226052
	106  -  MemoryUsage of job (MB)
	108472  -  ResidentSetSize of job (KB)
...
005 (1262648.005.000) 07/25 14:49:40 Job terminated.
	(1) Normal termination (return value 0)
		Usr 0 00:02:28, Sys 0 00:00:09  -  Run Remote Usage
		Usr 0 00:00:00, Sys 0 00:00:00  -  Run Local Usage
		Usr 0 00:02:28, Sys 0 00:00:09  -  Total Remote Usage
		Usr 0 00:00:00, Sys 0 00:00:00  -  Total Local Usage
	349197  -  Run Bytes Sent By Job
	283691  -  Run Bytes Received By Job
	349197  -  Total Bytes Sent By Job
	283691  -  Total Bytes Received By Job
	Partitionable Resources :    Usage  Request Allocated
	   Cpus                 :                 1         1
	   Disk (KB)            :  1000000  2048000   6334269
	   Memory (MB)          :      106     1992      1992
...
