000 (166871.001.000) 06/10 13:21:34 Job submitted from host: <144.92.180.4:9618?addrs=144.92.180.4-9618+[2607-f388-101c-1000--367]-9618&noUDP&sock=4693_960c_3>
...
001 (166871.001.000) 06/10 13:35:05 Job executing on host: <144.92.181.237:9618?addrs=144.92.181.237-9618+[2607-f388-101c-1000--629]-9618&noUDP&sock=7293_f849_10>
...
006 (166871.001.000) 06/10 13:35:14 Image size of job updated: 214764
	107  -  MemoryUsage of job (MB)
	108676  -  ResidentSetSize of job (KB)
...
005 (166871.001.000) 06/10 13:44:58 Job terminated.
	(1) Normal termination (return value 0)
		Usr 0 00:03:02, Sys 0 00:00:10  -  Run Remote Usage
		Usr 0 00:00:00, Sys 0 00:00:00  -  Run Local Usage
		Usr 0 00:03:02, Sys 0 00:00:10  -  Total Remote Usage
		Usr 0 00:00:00, Sys 0 00:00:00  -  Total Local Usage
	586601  -  Run Bytes Sent By Job
	278854  -  Run Bytes Received By Job
	586601  -  Total Bytes Sent By Job
	278854  -  Total Bytes Received By Job
	Partitionable Resources :    Usage  Request Allocated
	   Cpus                 :                 1         1
	   Disk (KB)            :  1000000  2048000   4751105
	   Memory (MB)          :      107     1992      1992
...
