000 (166871.003.000) 06/10 13:21:34 Job submitted from host: <144.92.180.4:9618?addrs=144.92.180.4-9618+[2607-f388-101c-1000--367]-9618&noUDP&sock=4693_960c_3>
...
001 (166871.003.000) 06/10 13:35:05 Job executing on host: <144.92.180.57:9618?addrs=144.92.180.57-9618+[2607-f388-101c-1000--629]-9618&noUDP&sock=7044_2d34_10>
...
006 (166871.003.000) 06/10 13:35:14 Image size of job updated: 172844
	55  -  MemoryUsage of job (MB)
	55372  -  ResidentSetSize of job (KB)
...
006 (166871.003.000) 06/10 13:47:58 Image size of job updated: 172844
	55  -  MemoryUsage of job (MB)
	55476  -  ResidentSetSize of job (KB)
...
005 (166871.003.000) 06/10 13:47:59 Job terminated.
	(1) Normal termination (return value 0)
		Usr 0 00:02:54, Sys 0 00:00:08  -  Run Remote Usage
		Usr 0 00:00:00, Sys 0 00:00:00  -  Run Local Usage
		Usr 0 00:02:54, Sys 0 00:00:08  -  Total Remote Usage
		Usr 0 00:00:00, Sys 0 00:00:00  -  Total Local Usage
	585752  -  Run Bytes Sent By Job
	278854  -  Run Bytes Received By Job
	585752  -  Total Bytes Sent By Job
	278854  -  Total Bytes Received By Job
	Partitionable Resources :    Usage  Request Allocated
	   Cpus                 :                 1         1
	   Disk (KB)            :  1000000  2048000   4751131
	   Memory (MB)          :       55     1992      1992
...
