000 (690085.012.000) 07/11 07:31:25 Job submitted from host: <144.92.181.245:9618?addrs=144.92.181.245-9618+[2607-f388-101c-1000--372]-9618&noUDP&sock=6179_dbc8_3>
...
001 (690085.012.000) 07/11 09:00:28 Job executing on host: <144.92.180.153:9618?addrs=144.92.180.153-9618+[2607-f388-101c-1000--629]-9618&noUDP&sock=7902_b176_3>
...
006 (690085.012.000) 07/11 09:00:36 Image size of job updated: 226776
	106  -  MemoryUsage of job (MB)
	107920  -  ResidentSetSize of job (KB)
...
006 (690085.012.000) 07/11 09:15:23 Image size of job updated: 240560
	106  -  MemoryUsage of job (MB)
	107920  -  ResidentSetSize of job (KB)
...
005 (690085.012.000) 07/11 09:15:25 Job terminated.
	(1) Normal termination (return value 0)
		Usr 0 00:01:58, Sys 0 00:00:07  -  Run Remote Usage
		Usr 0 00:00:00, Sys 0 00:00:00  -  Run Local Usage
		Usr 0 00:01:58, Sys 0 00:00:07  -  Total Remote Usage
		Usr 0 00:00:00, Sys 0 00:00:00  -  Total Local Usage
	341655  -  Run Bytes Sent By Job
	302156  -  Run Bytes Received By Job
	341655  -  Total Bytes Sent By Job
	302156  -  Total Bytes Received By Job
	Partitionable Resources :    Usage  Request Allocated
	   Cpus                 :                 1         1
	   Disk (KB)            :  1000000  2048000   7917482
	   Memory (MB)          :      106     1992      1992
...
