000 (690050.010.000) 07/11 07:30:28 Job submitted from host: <144.92.181.245:9618?addrs=144.92.181.245-9618+[2607-f388-101c-1000--372]-9618&noUDP&sock=6179_dbc8_3>
...
001 (690050.010.000) 07/11 08:19:00 Job executing on host: <144.92.181.193:9618?addrs=144.92.181.193-9618+[2607-f388-101c-1000--629]-9618&noUDP&sock=10042_8e22_3>
...
006 (690050.010.000) 07/11 08:19:09 Image size of job updated: 226352
	106  -  MemoryUsage of job (MB)
	107648  -  ResidentSetSize of job (KB)
...
005 (690050.010.000) 07/11 08:25:36 Job terminated.
	(1) Normal termination (return value 0)
		Usr 0 00:01:14, Sys 0 00:00:04  -  Run Remote Usage
		Usr 0 00:00:00, Sys 0 00:00:00  -  Run Local Usage
		Usr 0 00:01:14, Sys 0 00:00:04  -  Total Remote Usage
		Usr 0 00:00:00, Sys 0 00:00:00  -  Total Local Usage
	472032  -  Run Bytes Sent By Job
	302156  -  Run Bytes Received By Job
	472032  -  Total Bytes Sent By Job
	302156  -  Total Bytes Received By Job
	Partitionable Resources :    Usage  Request Allocated
	   Cpus                 :                 1         1
	   Disk (KB)            :  1000000  2048000   7769661
	   Memory (MB)          :      106     1992      1992
...
