000 (690050.009.000) 07/11 07:30:28 Job submitted from host: <144.92.181.245:9618?addrs=144.92.181.245-9618+[2607-f388-101c-1000--372]-9618&noUDP&sock=6179_dbc8_3>
...
001 (690050.009.000) 07/11 08:18:58 Job executing on host: <128.104.227.89:9618?addrs=128.104.227.89-9618+[2607-f388-101c-1000--629]-9618&noUDP&sock=11880_4535_10>
...
006 (690050.009.000) 07/11 08:19:07 Image size of job updated: 155684
	55  -  MemoryUsage of job (MB)
	55396  -  ResidentSetSize of job (KB)
...
006 (690050.009.000) 07/11 08:28:57 Image size of job updated: 155684
	55  -  MemoryUsage of job (MB)
	55456  -  ResidentSetSize of job (KB)
...
005 (690050.009.000) 07/11 08:28:58 Job terminated.
	(1) Normal termination (return value 0)
		Usr 0 00:01:11, Sys 0 00:00:05  -  Run Remote Usage
		Usr 0 00:00:00, Sys 0 00:00:00  -  Run Local Usage
		Usr 0 00:01:11, Sys 0 00:00:05  -  Total Remote Usage
		Usr 0 00:00:00, Sys 0 00:00:00  -  Total Local Usage
	472206  -  Run Bytes Sent By Job
	302156  -  Run Bytes Received By Job
	472206  -  Total Bytes Sent By Job
	302156  -  Total Bytes Received By Job
	Partitionable Resources :    Usage  Request Allocated
	   Cpus                 :                 1         1
	   Disk (KB)            :  1000000  2048000   9504447
	   Memory (MB)          :       55     1992      1992
...
