000 (690069.010.000) 07/11 07:30:58 Job submitted from host: <144.92.181.245:9618?addrs=144.92.181.245-9618+[2607-f388-101c-1000--372]-9618&noUDP&sock=6179_dbc8_3>
...
001 (690069.010.000) 07/11 08:38:44 Job executing on host: <144.92.180.58:9618?addrs=144.92.180.58-9618+[2607-f388-101c-1000--629]-9618&noUDP&sock=7143_1514_3>
...
006 (690069.010.000) 07/11 08:38:52 Image size of job updated: 168424
	53  -  MemoryUsage of job (MB)
	53640  -  ResidentSetSize of job (KB)
...
005 (690069.010.000) 07/11 08:58:24 Job terminated.
	(1) Normal termination (return value 0)
		Usr 0 00:04:32, Sys 0 00:00:14  -  Run Remote Usage
		Usr 0 00:00:00, Sys 0 00:00:00  -  Run Local Usage
		Usr 0 00:04:32, Sys 0 00:00:14  -  Total Remote Usage
		Usr 0 00:00:00, Sys 0 00:00:00  -  Total Local Usage
	335292  -  Run Bytes Sent By Job
	302156  -  Run Bytes Received By Job
	335292  -  Total Bytes Sent By Job
	302156  -  Total Bytes Received By Job
	Partitionable Resources :    Usage  Request Allocated
	   Cpus                 :                 1         1
	   Disk (KB)            :  1000000  2048000   4750419
	   Memory (MB)          :       53     1992      1992
...
