000 (690069.015.000) 07/11 07:30:58 Job submitted from host: <144.92.181.245:9618?addrs=144.92.181.245-9618+[2607-f388-101c-1000--372]-9618&noUDP&sock=6179_dbc8_3>
...
001 (690069.015.000) 07/11 08:39:05 Job executing on host: <144.92.180.159:9618?addrs=144.92.180.159-9618+[2607-f388-101c-1000--629]-9618&noUDP&sock=7670_8f7d_3>
...
006 (690069.015.000) 07/11 08:39:14 Image size of job updated: 228884
	106  -  MemoryUsage of job (MB)
	107928  -  ResidentSetSize of job (KB)
...
006 (690069.015.000) 07/11 08:56:39 Image size of job updated: 245280
	106  -  MemoryUsage of job (MB)
	107928  -  ResidentSetSize of job (KB)
...
005 (690069.015.000) 07/11 08:56:40 Job terminated.
	(1) Normal termination (return value 0)
		Usr 0 00:02:45, Sys 0 00:00:09  -  Run Remote Usage
		Usr 0 00:00:00, Sys 0 00:00:00  -  Run Local Usage
		Usr 0 00:02:45, Sys 0 00:00:09  -  Total Remote Usage
		Usr 0 00:00:00, Sys 0 00:00:00  -  Total Local Usage
	331645  -  Run Bytes Sent By Job
	302156  -  Run Bytes Received By Job
	331645  -  Total Bytes Sent By Job
	302156  -  Total Bytes Received By Job
	Partitionable Resources :    Usage  Request Allocated
	   Cpus                 :                 1         1
	   Disk (KB)            :  1000000  2048000   7918095
	   Memory (MB)          :      106     1992      1992
...
