000 (696030.014.000) 07/12 06:43:34 Job submitted from host: <144.92.181.245:9618?addrs=144.92.181.245-9618+[2607-f388-101c-1000--372]-9618&noUDP&sock=6179_dbc8_3>
...
001 (695033.014.000) 07/12 07:20:20 Job executing on host: <144.92.181.231:9618?addrs=144.92.181.231-9618+[2607-f388-101c-1000--629]-9618&noUDP&sock=6884_6e0d_3>
...
006 (695033.014.000) 07/12 07:20:30 Image size of job updated: 169700
	53  -  MemoryUsage of job (MB)
	53520  -  ResidentSetSize of job (KB)
...
006 (695033.014.000) 07/12 07:40:30 Image size of job updated: 236772
	232  -  MemoryUsage of job (MB)
	236772  -  ResidentSetSize of job (KB)
...
005 (695033.014.000) 07/12 07:53:31 Job terminated.
	(1) Normal termination (return value 0)
		Usr 0 00:08:22, Sys 0 00:00:22  -  Run Remote Usage
		Usr 0 00:00:00, Sys 0 00:00:00  -  Run Local Usage
		Usr 0 00:08:22, Sys 0 00:00:22  -  Total Remote Usage
		Usr 0 00:00:00, Sys 0 00:00:00  -  Total Local Usage
	671690  -  Run Bytes Sent By Job
	281287  -  Run Bytes Received By Job
	671690  -  Total Bytes Sent By Job
	281287  -  Total Bytes Received By Job
	Partitionable Resources :    Usage  Request Allocated
	   Cpus                 :                 1         1
	   Disk (KB)            :  1000000  2048000   3167438
	   Memory (MB)          :      232     1992      1992
...
001 (696030.014.000) 07/12 08:35:16 Job executing on host: <144.92.180.123:9618?addrs=144.92.180.123-9618+[2607-f388-101c-1000--629]-9618&noUDP&sock=7577_c52e_3>
...
006 (696030.014.000) 07/12 08:35:25 Image size of job updated: 192392
	85  -  MemoryUsage of job (MB)
	87004  -  ResidentSetSize of job (KB)
...
006 (696030.014.000) 07/12 08:55:26 Image size of job updated: 236572
	231  -  MemoryUsage of job (MB)
	236476  -  ResidentSetSize of job (KB)
...
005 (696030.014.000) 07/12 09:05:49 Job terminated.
	(1) Normal termination (return value 0)
		Usr 0 00:02:06, Sys 0 00:00:04  -  Run Remote Usage
		Usr 0 00:00:00, Sys 0 00:00:00  -  Run Local Usage
		Usr 0 00:02:06, Sys 0 00:00:04  -  Total Remote Usage
		Usr 0 00:00:00, Sys 0 00:00:00  -  Total Local Usage
	656800  -  Run Bytes Sent By Job
	281287  -  Run Bytes Received By Job
	656800  -  Total Bytes Sent By Job
	281287  -  Total Bytes Received By Job
	Partitionable Resources :    Usage  Request Allocated
	   Cpus                 :                 1         1
	   Disk (KB)            :  1000000  2048000   6334195
	   Memory (MB)          :      231     1992      1992
...
