000 (696030.002.000) 07/12 06:43:34 Job submitted from host: <144.92.181.245:9618?addrs=144.92.181.245-9618+[2607-f388-101c-1000--372]-9618&noUDP&sock=6179_dbc8_3>
...
001 (695033.002.000) 07/12 07:17:31 Job executing on host: <128.104.227.46:9618?addrs=128.104.227.46-9618+[2607-f388-101c-1000--629]-9618&noUDP&sock=10288_4a6f_3>
...
006 (695033.002.000) 07/12 07:17:40 Image size of job updated: 44424
	42  -  MemoryUsage of job (MB)
	42244  -  ResidentSetSize of job (KB)
...
006 (695033.002.000) 07/12 07:37:41 Image size of job updated: 239660
	231  -  MemoryUsage of job (MB)
	236424  -  ResidentSetSize of job (KB)
...
005 (695033.002.000) 07/12 07:53:22 Job terminated.
	(1) Normal termination (return value 0)
		Usr 0 00:02:42, Sys 0 00:00:08  -  Run Remote Usage
		Usr 0 00:00:00, Sys 0 00:00:00  -  Run Local Usage
		Usr 0 00:02:42, Sys 0 00:00:08  -  Total Remote Usage
		Usr 0 00:00:00, Sys 0 00:00:00  -  Total Local Usage
	661731  -  Run Bytes Sent By Job
	281287  -  Run Bytes Received By Job
	661731  -  Total Bytes Sent By Job
	281287  -  Total Bytes Received By Job
	Partitionable Resources :    Usage  Request Allocated
	   Cpus                 :                 1         1
	   Disk (KB)            :  1000000  2048000   9501106
	   Memory (MB)          :      231     1992      1992
...
001 (696030.002.000) 07/12 08:34:44 Job executing on host: <128.104.227.11:9618?addrs=128.104.227.11-9618+[2607-f388-101c-1000--629]-9618&noUDP&sock=10363_bc09_3>
...
006 (696030.002.000) 07/12 08:34:53 Image size of job updated: 217592
	107  -  MemoryUsage of job (MB)
	108564  -  ResidentSetSize of job (KB)
...
006 (696030.002.000) 07/12 08:54:54 Image size of job updated: 236364
	231  -  MemoryUsage of job (MB)
	236364  -  ResidentSetSize of job (KB)
...
005 (696030.002.000) 07/12 09:01:03 Job terminated.
	(1) Normal termination (return value 0)
		Usr 0 00:02:18, Sys 0 00:00:06  -  Run Remote Usage
		Usr 0 00:00:00, Sys 0 00:00:00  -  Run Local Usage
		Usr 0 00:02:18, Sys 0 00:00:06  -  Total Remote Usage
		Usr 0 00:00:00, Sys 0 00:00:00  -  Total Local Usage
	661731  -  Run Bytes Sent By Job
	281287  -  Run Bytes Received By Job
	661731  -  Total Bytes Sent By Job
	281287  -  Total Bytes Received By Job
	Partitionable Resources :    Usage  Request Allocated
	   Cpus                 :                 1         1
	   Disk (KB)            :  1000000  2048000   9500364
	   Memory (MB)          :      231     1992      1992
...
