000 (690156.000.000) 07/11 07:33:07 Job submitted from host: <144.92.181.245:9618?addrs=144.92.181.245-9618+[2607-f388-101c-1000--372]-9618&noUDP&sock=6179_dbc8_3>
...
001 (690156.000.000) 07/11 09:52:47 Job executing on host: <144.92.181.165:9618?addrs=144.92.181.165-9618+[2607-f388-101c-1000--629]-9618&noUDP&sock=9844_be62_3>
...
006 (690156.000.000) 07/11 09:52:56 Image size of job updated: 225764
	106  -  MemoryUsage of job (MB)
	107744  -  ResidentSetSize of job (KB)
...
006 (690156.000.000) 07/11 10:12:57 Image size of job updated: 235156
	230  -  MemoryUsage of job (MB)
	235156  -  ResidentSetSize of job (KB)
...
005 (690156.000.000) 07/11 10:13:02 Job terminated.
	(1) Normal termination (return value 0)
		Usr 0 00:02:44, Sys 0 00:00:08  -  Run Remote Usage
		Usr 0 00:00:00, Sys 0 00:00:00  -  Run Local Usage
		Usr 0 00:02:44, Sys 0 00:00:08  -  Total Remote Usage
		Usr 0 00:00:00, Sys 0 00:00:00  -  Total Local Usage
	244496  -  Run Bytes Sent By Job
	302156  -  Run Bytes Received By Job
	244496  -  Total Bytes Sent By Job
	302156  -  Total Bytes Received By Job
	Partitionable Resources :    Usage  Request Allocated
	   Cpus                 :                 1         1
	   Disk (KB)            :  1000000  2048000   7917346
	   Memory (MB)          :      230     1992      1992
...
