000 (690156.002.000) 07/11 07:33:07 Job submitted from host: <144.92.181.245:9618?addrs=144.92.181.245-9618+[2607-f388-101c-1000--372]-9618&noUDP&sock=6179_dbc8_3>
...
001 (690156.002.000) 07/11 09:52:47 Job executing on host: <144.92.181.208:9618?addrs=144.92.181.208-9618+[2607-f388-101c-1000--629]-9618&noUDP&sock=6746_c5fb_3>
...
006 (690156.002.000) 07/11 09:52:56 Image size of job updated: 164728
	51  -  MemoryUsage of job (MB)
	51408  -  ResidentSetSize of job (KB)
...
006 (690156.002.000) 07/11 10:12:56 Image size of job updated: 235864
	229  -  MemoryUsage of job (MB)
	234416  -  ResidentSetSize of job (KB)
...
005 (690156.002.000) 07/11 10:15:47 Job terminated.
	(1) Normal termination (return value 0)
		Usr 0 00:05:14, Sys 0 00:00:19  -  Run Remote Usage
		Usr 0 00:00:00, Sys 0 00:00:00  -  Run Local Usage
		Usr 0 00:05:14, Sys 0 00:00:19  -  Total Remote Usage
		Usr 0 00:00:00, Sys 0 00:00:00  -  Total Local Usage
	251366  -  Run Bytes Sent By Job
	302156  -  Run Bytes Received By Job
	251366  -  Total Bytes Sent By Job
	302156  -  Total Bytes Received By Job
	Partitionable Resources :    Usage  Request Allocated
	   Cpus                 :                 1         1
	   Disk (KB)            :  1000000  2048000   3166447
	   Memory (MB)          :      229     1992      1992
...
