000 (695971.000.000) 07/12 06:42:06 Job submitted from host: <144.92.181.245:9618?addrs=144.92.181.245-9618+[2607-f388-101c-1000--372]-9618&noUDP&sock=6179_dbc8_3>
...
001 (695971.000.000) 07/12 08:10:22 Job executing on host: <144.92.180.120:9618?addrs=144.92.180.120-9618+[2607-f388-101c-1000--629]-9618&noUDP&sock=7621_f359_3>
...
006 (695971.000.000) 07/12 08:10:30 Image size of job updated: 49412
	43  -  MemoryUsage of job (MB)
	43724  -  ResidentSetSize of job (KB)
...
006 (695971.000.000) 07/12 08:22:36 Image size of job updated: 49412
	43  -  MemoryUsage of job (MB)
	43940  -  ResidentSetSize of job (KB)
...
005 (695971.000.000) 07/12 08:22:37 Job terminated.
	(1) Normal termination (return value 0)
		Usr 0 00:01:17, Sys 0 00:00:08  -  Run Remote Usage
		Usr 0 00:00:00, Sys 0 00:00:00  -  Run Local Usage
		Usr 0 00:01:17, Sys 0 00:00:08  -  Total Remote Usage
		Usr 0 00:00:00, Sys 0 00:00:00  -  Total Local Usage
	135904  -  Run Bytes Sent By Job
	281287  -  Run Bytes Received By Job
	135904  -  Total Bytes Sent By Job
	281287  -  Total Bytes Received By Job
	Partitionable Resources :    Usage  Request Allocated
	   Cpus                 :                 1         1
	   Disk (KB)            :  1000000  2048000   6335328
	   Memory (MB)          :       43     1992      1992
...
