file path found: /hdfs/store/user/varuns/MC2018_Autumn18_May2019/GJets_HT-200To400_TuneCP5_13TeV-madgraphMLM-pythia8/crab_job_GJets_HT200-400/190517_225706/0002/MC_GJets_HT200-400_2000.root
name: MC_GJets_HT200-400_2000.root
filenumber: 0
Adding FullPathInputFile to chain:/hdfs/store/user/varuns/MC2018_Autumn18_May2019/GJets_HT-200To400_TuneCP5_13TeV-madgraphMLM-pythia8/crab_job_GJets_HT200-400/190517_225706/0002/MC_GJets_HT200-400_2000.root

file path found: /hdfs/store/user/varuns/MC2018_Autumn18_May2019/GJets_HT-200To400_TuneCP5_13TeV-madgraphMLM-pythia8/crab_job_GJets_HT200-400/190517_225706/0002/MC_GJets_HT200-400_2001.root
name: MC_GJets_HT200-400_2001.root
filenumber: 1
Adding FullPathInputFile to chain:/hdfs/store/user/varuns/MC2018_Autumn18_May2019/GJets_HT-200To400_TuneCP5_13TeV-madgraphMLM-pythia8/crab_job_GJets_HT200-400/190517_225706/0002/MC_GJets_HT200-400_2001.root

file path found: /hdfs/store/user/varuns/MC2018_Autumn18_May2019/GJets_HT-200To400_TuneCP5_13TeV-madgraphMLM-pythia8/crab_job_GJets_HT200-400/190517_225706/0002/MC_GJets_HT200-400_2002.root
name: MC_GJets_HT200-400_2002.root
filenumber: 2
Adding FullPathInputFile to chain:/hdfs/store/user/varuns/MC2018_Autumn18_May2019/GJets_HT-200To400_TuneCP5_13TeV-madgraphMLM-pythia8/crab_job_GJets_HT200-400/190517_225706/0002/MC_GJets_HT200-400_2002.root

file path found: /hdfs/store/user/varuns/MC2018_Autumn18_May2019/GJets_HT-200To400_TuneCP5_13TeV-madgraphMLM-pythia8/crab_job_GJets_HT200-400/190517_225706/0002/MC_GJets_HT200-400_2003.root
name: MC_GJets_HT200-400_2003.root
filenumber: 3
Adding FullPathInputFile to chain:/hdfs/store/user/varuns/MC2018_Autumn18_May2019/GJets_HT-200To400_TuneCP5_13TeV-madgraphMLM-pythia8/crab_job_GJets_HT200-400/190517_225706/0002/MC_GJets_HT200-400_2003.root

file path found: /hdfs/store/user/varuns/MC2018_Autumn18_May2019/GJets_HT-200To400_TuneCP5_13TeV-madgraphMLM-pythia8/crab_job_GJets_HT200-400/190517_225706/0002/MC_GJets_HT200-400_2004.root
name: MC_GJets_HT200-400_2004.root
filenumber: 4
Adding FullPathInputFile to chain:/hdfs/store/user/varuns/MC2018_Autumn18_May2019/GJets_HT-200To400_TuneCP5_13TeV-madgraphMLM-pythia8/crab_job_GJets_HT200-400/190517_225706/0002/MC_GJets_HT200-400_2004.root

file path found: /hdfs/store/user/varuns/MC2018_Autumn18_May2019/GJets_HT-200To400_TuneCP5_13TeV-madgraphMLM-pythia8/crab_job_GJets_HT200-400/190517_225706/0002/MC_GJets_HT200-400_2005.root
name: MC_GJets_HT200-400_2005.root
filenumber: 5
Adding FullPathInputFile to chain:/hdfs/store/user/varuns/MC2018_Autumn18_May2019/GJets_HT-200To400_TuneCP5_13TeV-madgraphMLM-pythia8/crab_job_GJets_HT200-400/190517_225706/0002/MC_GJets_HT200-400_2005.root

file path found: /hdfs/store/user/varuns/MC2018_Autumn18_May2019/GJets_HT-200To400_TuneCP5_13TeV-madgraphMLM-pythia8/crab_job_GJets_HT200-400/190517_225706/0002/MC_GJets_HT200-400_2006.root
name: MC_GJets_HT200-400_2006.root
filenumber: 6
Adding FullPathInputFile to chain:/hdfs/store/user/varuns/MC2018_Autumn18_May2019/GJets_HT-200To400_TuneCP5_13TeV-madgraphMLM-pythia8/crab_job_GJets_HT200-400/190517_225706/0002/MC_GJets_HT200-400_2006.root

file path found: /hdfs/store/user/varuns/MC2018_Autumn18_May2019/GJets_HT-200To400_TuneCP5_13TeV-madgraphMLM-pythia8/crab_job_GJets_HT200-400/190517_225706/0002/MC_GJets_HT200-400_2007.root
name: MC_GJets_HT200-400_2007.root
filenumber: 7
Adding FullPathInputFile to chain:/hdfs/store/user/varuns/MC2018_Autumn18_May2019/GJets_HT-200To400_TuneCP5_13TeV-madgraphMLM-pythia8/crab_job_GJets_HT200-400/190517_225706/0002/MC_GJets_HT200-400_2007.root

file path found: /hdfs/store/user/varuns/MC2018_Autumn18_May2019/GJets_HT-200To400_TuneCP5_13TeV-madgraphMLM-pythia8/crab_job_GJets_HT200-400/190517_225706/0002/MC_GJets_HT200-400_2008.root
name: MC_GJets_HT200-400_2008.root
filenumber: 8
Adding FullPathInputFile to chain:/hdfs/store/user/varuns/MC2018_Autumn18_May2019/GJets_HT-200To400_TuneCP5_13TeV-madgraphMLM-pythia8/crab_job_GJets_HT200-400/190517_225706/0002/MC_GJets_HT200-400_2008.root

file path found: /hdfs/store/user/varuns/MC2018_Autumn18_May2019/GJets_HT-200To400_TuneCP5_13TeV-madgraphMLM-pythia8/crab_job_GJets_HT200-400/190517_225706/0002/MC_GJets_HT200-400_2009.root
name: MC_GJets_HT200-400_2009.root
filenumber: 9
Adding FullPathInputFile to chain:/hdfs/store/user/varuns/MC2018_Autumn18_May2019/GJets_HT-200To400_TuneCP5_13TeV-madgraphMLM-pythia8/crab_job_GJets_HT200-400/190517_225706/0002/MC_GJets_HT200-400_2009.root

file path found: /hdfs/store/user/varuns/MC2018_Autumn18_May2019/GJets_HT-200To400_TuneCP5_13TeV-madgraphMLM-pythia8/crab_job_GJets_HT200-400/190517_225706/0002/MC_GJets_HT200-400_2010.root
name: MC_GJets_HT200-400_2010.root
filenumber: 10
Adding FullPathInputFile to chain:/hdfs/store/user/varuns/MC2018_Autumn18_May2019/GJets_HT-200To400_TuneCP5_13TeV-madgraphMLM-pythia8/crab_job_GJets_HT200-400/190517_225706/0002/MC_GJets_HT200-400_2010.root

file path found: /hdfs/store/user/varuns/MC2018_Autumn18_May2019/GJets_HT-200To400_TuneCP5_13TeV-madgraphMLM-pythia8/crab_job_GJets_HT200-400/190517_225706/0002/MC_GJets_HT200-400_2011.root
name: MC_GJets_HT200-400_2011.root
filenumber: 11
Adding FullPathInputFile to chain:/hdfs/store/user/varuns/MC2018_Autumn18_May2019/GJets_HT-200To400_TuneCP5_13TeV-madgraphMLM-pythia8/crab_job_GJets_HT200-400/190517_225706/0002/MC_GJets_HT200-400_2011.root

file path found: /hdfs/store/user/varuns/MC2018_Autumn18_May2019/GJets_HT-200To400_TuneCP5_13TeV-madgraphMLM-pythia8/crab_job_GJets_HT200-400/190517_225706/0002/MC_GJets_HT200-400_2012.root
name: MC_GJets_HT200-400_2012.root
filenumber: 12
Adding FullPathInputFile to chain:/hdfs/store/user/varuns/MC2018_Autumn18_May2019/GJets_HT-200To400_TuneCP5_13TeV-madgraphMLM-pythia8/crab_job_GJets_HT200-400/190517_225706/0002/MC_GJets_HT200-400_2012.root

file path found: /hdfs/store/user/varuns/MC2018_Autumn18_May2019/GJets_HT-200To400_TuneCP5_13TeV-madgraphMLM-pythia8/crab_job_GJets_HT200-400/190517_225706/0002/MC_GJets_HT200-400_2013.root
name: MC_GJets_HT200-400_2013.root
filenumber: 13
Adding FullPathInputFile to chain:/hdfs/store/user/varuns/MC2018_Autumn18_May2019/GJets_HT-200To400_TuneCP5_13TeV-madgraphMLM-pythia8/crab_job_GJets_HT200-400/190517_225706/0002/MC_GJets_HT200-400_2013.root

file path found: /hdfs/store/user/varuns/MC2018_Autumn18_May2019/GJets_HT-200To400_TuneCP5_13TeV-madgraphMLM-pythia8/crab_job_GJets_HT200-400/190517_225706/0002/MC_GJets_HT200-400_2014.root
name: MC_GJets_HT200-400_2014.root
filenumber: 14
Adding FullPathInputFile to chain:/hdfs/store/user/varuns/MC2018_Autumn18_May2019/GJets_HT-200To400_TuneCP5_13TeV-madgraphMLM-pythia8/crab_job_GJets_HT200-400/190517_225706/0002/MC_GJets_HT200-400_2014.root

file path found: /hdfs/store/user/varuns/MC2018_Autumn18_May2019/GJets_HT-200To400_TuneCP5_13TeV-madgraphMLM-pythia8/crab_job_GJets_HT200-400/190517_225706/0002/MC_GJets_HT200-400_2015.root
name: MC_GJets_HT200-400_2015.root
filenumber: 15
Adding FullPathInputFile to chain:/hdfs/store/user/varuns/MC2018_Autumn18_May2019/GJets_HT-200To400_TuneCP5_13TeV-madgraphMLM-pythia8/crab_job_GJets_HT200-400/190517_225706/0002/MC_GJets_HT200-400_2015.root

file path found: /hdfs/store/user/varuns/MC2018_Autumn18_May2019/GJets_HT-200To400_TuneCP5_13TeV-madgraphMLM-pythia8/crab_job_GJets_HT200-400/190517_225706/0002/MC_GJets_HT200-400_2016.root
name: MC_GJets_HT200-400_2016.root
filenumber: 16
Adding FullPathInputFile to chain:/hdfs/store/user/varuns/MC2018_Autumn18_May2019/GJets_HT-200To400_TuneCP5_13TeV-madgraphMLM-pythia8/crab_job_GJets_HT200-400/190517_225706/0002/MC_GJets_HT200-400_2016.root

file path found: /hdfs/store/user/varuns/MC2018_Autumn18_May2019/GJets_HT-200To400_TuneCP5_13TeV-madgraphMLM-pythia8/crab_job_GJets_HT200-400/190517_225706/0002/MC_GJets_HT200-400_2017.root
name: MC_GJets_HT200-400_2017.root
filenumber: 17
Adding FullPathInputFile to chain:/hdfs/store/user/varuns/MC2018_Autumn18_May2019/GJets_HT-200To400_TuneCP5_13TeV-madgraphMLM-pythia8/crab_job_GJets_HT200-400/190517_225706/0002/MC_GJets_HT200-400_2017.root

file path found: /hdfs/store/user/varuns/MC2018_Autumn18_May2019/GJets_HT-200To400_TuneCP5_13TeV-madgraphMLM-pythia8/crab_job_GJets_HT200-400/190517_225706/0002/MC_GJets_HT200-400_2018.root
name: MC_GJets_HT200-400_2018.root
filenumber: 18
Adding FullPathInputFile to chain:/hdfs/store/user/varuns/MC2018_Autumn18_May2019/GJets_HT-200To400_TuneCP5_13TeV-madgraphMLM-pythia8/crab_job_GJets_HT200-400/190517_225706/0002/MC_GJets_HT200-400_2018.root

file path found: /hdfs/store/user/varuns/MC2018_Autumn18_May2019/GJets_HT-200To400_TuneCP5_13TeV-madgraphMLM-pythia8/crab_job_GJets_HT200-400/190517_225706/0002/MC_GJets_HT200-400_2019.root
name: MC_GJets_HT200-400_2019.root
filenumber: 19
Adding FullPathInputFile to chain:/hdfs/store/user/varuns/MC2018_Autumn18_May2019/GJets_HT-200To400_TuneCP5_13TeV-madgraphMLM-pythia8/crab_job_GJets_HT200-400/190517_225706/0002/MC_GJets_HT200-400_2019.root

file path found: /hdfs/store/user/varuns/MC2018_Autumn18_May2019/GJets_HT-200To400_TuneCP5_13TeV-madgraphMLM-pythia8/crab_job_GJets_HT200-400/190517_225706/0002/MC_GJets_HT200-400_2020.root
name: MC_GJets_HT200-400_2020.root
filenumber: 20
Adding FullPathInputFile to chain:/hdfs/store/user/varuns/MC2018_Autumn18_May2019/GJets_HT-200To400_TuneCP5_13TeV-madgraphMLM-pythia8/crab_job_GJets_HT200-400/190517_225706/0002/MC_GJets_HT200-400_2020.root

file path found: /hdfs/store/user/varuns/MC2018_Autumn18_May2019/GJets_HT-200To400_TuneCP5_13TeV-madgraphMLM-pythia8/crab_job_GJets_HT200-400/190517_225706/0002/MC_GJets_HT200-400_2021.root
name: MC_GJets_HT200-400_2021.root
filenumber: 21
Adding FullPathInputFile to chain:/hdfs/store/user/varuns/MC2018_Autumn18_May2019/GJets_HT-200To400_TuneCP5_13TeV-madgraphMLM-pythia8/crab_job_GJets_HT200-400/190517_225706/0002/MC_GJets_HT200-400_2021.root

file path found: /hdfs/store/user/varuns/MC2018_Autumn18_May2019/GJets_HT-200To400_TuneCP5_13TeV-madgraphMLM-pythia8/crab_job_GJets_HT200-400/190517_225706/0002/MC_GJets_HT200-400_2022.root
name: MC_GJets_HT200-400_2022.root
filenumber: 22
Adding FullPathInputFile to chain:/hdfs/store/user/varuns/MC2018_Autumn18_May2019/GJets_HT-200To400_TuneCP5_13TeV-madgraphMLM-pythia8/crab_job_GJets_HT200-400/190517_225706/0002/MC_GJets_HT200-400_2022.root

file path found: /hdfs/store/user/varuns/MC2018_Autumn18_May2019/GJets_HT-200To400_TuneCP5_13TeV-madgraphMLM-pythia8/crab_job_GJets_HT200-400/190517_225706/0002/MC_GJets_HT200-400_2023.root
name: MC_GJets_HT200-400_2023.root
filenumber: 23
Adding FullPathInputFile to chain:/hdfs/store/user/varuns/MC2018_Autumn18_May2019/GJets_HT-200To400_TuneCP5_13TeV-madgraphMLM-pythia8/crab_job_GJets_HT200-400/190517_225706/0002/MC_GJets_HT200-400_2023.root

file path found: /hdfs/store/user/varuns/MC2018_Autumn18_May2019/GJets_HT-200To400_TuneCP5_13TeV-madgraphMLM-pythia8/crab_job_GJets_HT200-400/190517_225706/0002/MC_GJets_HT200-400_2024.root
name: MC_GJets_HT200-400_2024.root
filenumber: 24
Adding FullPathInputFile to chain:/hdfs/store/user/varuns/MC2018_Autumn18_May2019/GJets_HT-200To400_TuneCP5_13TeV-madgraphMLM-pythia8/crab_job_GJets_HT200-400/190517_225706/0002/MC_GJets_HT200-400_2024.root

file path found: /hdfs/store/user/varuns/MC2018_Autumn18_May2019/GJets_HT-200To400_TuneCP5_13TeV-madgraphMLM-pythia8/crab_job_GJets_HT200-400/190517_225706/0002/MC_GJets_HT200-400_2025.root
name: MC_GJets_HT200-400_2025.root
filenumber: 25
Adding FullPathInputFile to chain:/hdfs/store/user/varuns/MC2018_Autumn18_May2019/GJets_HT-200To400_TuneCP5_13TeV-madgraphMLM-pythia8/crab_job_GJets_HT200-400/190517_225706/0002/MC_GJets_HT200-400_2025.root

file path found: /hdfs/store/user/varuns/MC2018_Autumn18_May2019/GJets_HT-200To400_TuneCP5_13TeV-madgraphMLM-pythia8/crab_job_GJets_HT200-400/190517_225706/0002/MC_GJets_HT200-400_2026.root
name: MC_GJets_HT200-400_2026.root
filenumber: 26
Adding FullPathInputFile to chain:/hdfs/store/user/varuns/MC2018_Autumn18_May2019/GJets_HT-200To400_TuneCP5_13TeV-madgraphMLM-pythia8/crab_job_GJets_HT200-400/190517_225706/0002/MC_GJets_HT200-400_2026.root

file path found: /hdfs/store/user/varuns/MC2018_Autumn18_May2019/GJets_HT-200To400_TuneCP5_13TeV-madgraphMLM-pythia8/crab_job_GJets_HT200-400/190517_225706/0002/MC_GJets_HT200-400_2027.root
name: MC_GJets_HT200-400_2027.root
filenumber: 27
Adding FullPathInputFile to chain:/hdfs/store/user/varuns/MC2018_Autumn18_May2019/GJets_HT-200To400_TuneCP5_13TeV-madgraphMLM-pythia8/crab_job_GJets_HT200-400/190517_225706/0002/MC_GJets_HT200-400_2027.root

file path found: /hdfs/store/user/varuns/MC2018_Autumn18_May2019/GJets_HT-200To400_TuneCP5_13TeV-madgraphMLM-pythia8/crab_job_GJets_HT200-400/190517_225706/0002/MC_GJets_HT200-400_2028.root
name: MC_GJets_HT200-400_2028.root
filenumber: 28
Adding FullPathInputFile to chain:/hdfs/store/user/varuns/MC2018_Autumn18_May2019/GJets_HT-200To400_TuneCP5_13TeV-madgraphMLM-pythia8/crab_job_GJets_HT200-400/190517_225706/0002/MC_GJets_HT200-400_2028.root

file path found: /hdfs/store/user/varuns/MC2018_Autumn18_May2019/GJets_HT-200To400_TuneCP5_13TeV-madgraphMLM-pythia8/crab_job_GJets_HT200-400/190517_225706/0002/MC_GJets_HT200-400_2029.root
name: MC_GJets_HT200-400_2029.root
filenumber: 29
Adding FullPathInputFile to chain:/hdfs/store/user/varuns/MC2018_Autumn18_May2019/GJets_HT-200To400_TuneCP5_13TeV-madgraphMLM-pythia8/crab_job_GJets_HT200-400/190517_225706/0002/MC_GJets_HT200-400_2029.root

file path found: /hdfs/store/user/varuns/MC2018_Autumn18_May2019/GJets_HT-200To400_TuneCP5_13TeV-madgraphMLM-pythia8/crab_job_GJets_HT200-400/190517_225706/0002/MC_GJets_HT200-400_2030.root
name: MC_GJets_HT200-400_2030.root
filenumber: 30
Adding FullPathInputFile to chain:/hdfs/store/user/varuns/MC2018_Autumn18_May2019/GJets_HT-200To400_TuneCP5_13TeV-madgraphMLM-pythia8/crab_job_GJets_HT200-400/190517_225706/0002/MC_GJets_HT200-400_2030.root

file path found: /hdfs/store/user/varuns/MC2018_Autumn18_May2019/GJets_HT-200To400_TuneCP5_13TeV-madgraphMLM-pythia8/crab_job_GJets_HT200-400/190517_225706/0002/MC_GJets_HT200-400_2031.root
name: MC_GJets_HT200-400_2031.root
filenumber: 31
Adding FullPathInputFile to chain:/hdfs/store/user/varuns/MC2018_Autumn18_May2019/GJets_HT-200To400_TuneCP5_13TeV-madgraphMLM-pythia8/crab_job_GJets_HT200-400/190517_225706/0002/MC_GJets_HT200-400_2031.root

file path found: /hdfs/store/user/varuns/MC2018_Autumn18_May2019/GJets_HT-200To400_TuneCP5_13TeV-madgraphMLM-pythia8/crab_job_GJets_HT200-400/190517_225706/0002/MC_GJets_HT200-400_2032.root
name: MC_GJets_HT200-400_2032.root
filenumber: 32
Adding FullPathInputFile to chain:/hdfs/store/user/varuns/MC2018_Autumn18_May2019/GJets_HT-200To400_TuneCP5_13TeV-madgraphMLM-pythia8/crab_job_GJets_HT200-400/190517_225706/0002/MC_GJets_HT200-400_2032.root

file path found: /hdfs/store/user/varuns/MC2018_Autumn18_May2019/GJets_HT-200To400_TuneCP5_13TeV-madgraphMLM-pythia8/crab_job_GJets_HT200-400/190517_225706/0002/MC_GJets_HT200-400_2033.root
name: MC_GJets_HT200-400_2033.root
filenumber: 33
Adding FullPathInputFile to chain:/hdfs/store/user/varuns/MC2018_Autumn18_May2019/GJets_HT-200To400_TuneCP5_13TeV-madgraphMLM-pythia8/crab_job_GJets_HT200-400/190517_225706/0002/MC_GJets_HT200-400_2033.root

file path found: /hdfs/store/user/varuns/MC2018_Autumn18_May2019/GJets_HT-200To400_TuneCP5_13TeV-madgraphMLM-pythia8/crab_job_GJets_HT200-400/190517_225706/0002/MC_GJets_HT200-400_2034.root
name: MC_GJets_HT200-400_2034.root
filenumber: 34
Adding FullPathInputFile to chain:/hdfs/store/user/varuns/MC2018_Autumn18_May2019/GJets_HT-200To400_TuneCP5_13TeV-madgraphMLM-pythia8/crab_job_GJets_HT200-400/190517_225706/0002/MC_GJets_HT200-400_2034.root

file path found: /hdfs/store/user/varuns/MC2018_Autumn18_May2019/GJets_HT-200To400_TuneCP5_13TeV-madgraphMLM-pythia8/crab_job_GJets_HT200-400/190517_225706/0002/MC_GJets_HT200-400_2035.root
name: MC_GJets_HT200-400_2035.root
filenumber: 35
Adding FullPathInputFile to chain:/hdfs/store/user/varuns/MC2018_Autumn18_May2019/GJets_HT-200To400_TuneCP5_13TeV-madgraphMLM-pythia8/crab_job_GJets_HT200-400/190517_225706/0002/MC_GJets_HT200-400_2035.root

file path found: /hdfs/store/user/varuns/MC2018_Autumn18_May2019/GJets_HT-200To400_TuneCP5_13TeV-madgraphMLM-pythia8/crab_job_GJets_HT200-400/190517_225706/0002/MC_GJets_HT200-400_2036.root
name: MC_GJets_HT200-400_2036.root
filenumber: 36
Adding FullPathInputFile to chain:/hdfs/store/user/varuns/MC2018_Autumn18_May2019/GJets_HT-200To400_TuneCP5_13TeV-madgraphMLM-pythia8/crab_job_GJets_HT200-400/190517_225706/0002/MC_GJets_HT200-400_2036.root

file path found: /hdfs/store/user/varuns/MC2018_Autumn18_May2019/GJets_HT-200To400_TuneCP5_13TeV-madgraphMLM-pythia8/crab_job_GJets_HT200-400/190517_225706/0002/MC_GJets_HT200-400_2037.root
name: MC_GJets_HT200-400_2037.root
filenumber: 37
Adding FullPathInputFile to chain:/hdfs/store/user/varuns/MC2018_Autumn18_May2019/GJets_HT-200To400_TuneCP5_13TeV-madgraphMLM-pythia8/crab_job_GJets_HT200-400/190517_225706/0002/MC_GJets_HT200-400_2037.root

file path found: /hdfs/store/user/varuns/MC2018_Autumn18_May2019/GJets_HT-200To400_TuneCP5_13TeV-madgraphMLM-pythia8/crab_job_GJets_HT200-400/190517_225706/0002/MC_GJets_HT200-400_2038.root
name: MC_GJets_HT200-400_2038.root
filenumber: 38
Adding FullPathInputFile to chain:/hdfs/store/user/varuns/MC2018_Autumn18_May2019/GJets_HT-200To400_TuneCP5_13TeV-madgraphMLM-pythia8/crab_job_GJets_HT200-400/190517_225706/0002/MC_GJets_HT200-400_2038.root

file path found: /hdfs/store/user/varuns/MC2018_Autumn18_May2019/GJets_HT-200To400_TuneCP5_13TeV-madgraphMLM-pythia8/crab_job_GJets_HT200-400/190517_225706/0002/MC_GJets_HT200-400_2039.root
name: MC_GJets_HT200-400_2039.root
filenumber: 39
Adding FullPathInputFile to chain:/hdfs/store/user/varuns/MC2018_Autumn18_May2019/GJets_HT-200To400_TuneCP5_13TeV-madgraphMLM-pythia8/crab_job_GJets_HT200-400/190517_225706/0002/MC_GJets_HT200-400_2039.root

file path found: /hdfs/store/user/varuns/MC2018_Autumn18_May2019/GJets_HT-200To400_TuneCP5_13TeV-madgraphMLM-pythia8/crab_job_GJets_HT200-400/190517_225706/0002/MC_GJets_HT200-400_2040.root
name: MC_GJets_HT200-400_2040.root
filenumber: 40
Adding FullPathInputFile to chain:/hdfs/store/user/varuns/MC2018_Autumn18_May2019/GJets_HT-200To400_TuneCP5_13TeV-madgraphMLM-pythia8/crab_job_GJets_HT200-400/190517_225706/0002/MC_GJets_HT200-400_2040.root

file path found: /hdfs/store/user/varuns/MC2018_Autumn18_May2019/GJets_HT-200To400_TuneCP5_13TeV-madgraphMLM-pythia8/crab_job_GJets_HT200-400/190517_225706/0002/MC_GJets_HT200-400_2041.root
name: MC_GJets_HT200-400_2041.root
filenumber: 41
Adding FullPathInputFile to chain:/hdfs/store/user/varuns/MC2018_Autumn18_May2019/GJets_HT-200To400_TuneCP5_13TeV-madgraphMLM-pythia8/crab_job_GJets_HT200-400/190517_225706/0002/MC_GJets_HT200-400_2041.root

file path found: /hdfs/store/user/varuns/MC2018_Autumn18_May2019/GJets_HT-200To400_TuneCP5_13TeV-madgraphMLM-pythia8/crab_job_GJets_HT200-400/190517_225706/0002/MC_GJets_HT200-400_2042.root
name: MC_GJets_HT200-400_2042.root
filenumber: 42
Adding FullPathInputFile to chain:/hdfs/store/user/varuns/MC2018_Autumn18_May2019/GJets_HT-200To400_TuneCP5_13TeV-madgraphMLM-pythia8/crab_job_GJets_HT200-400/190517_225706/0002/MC_GJets_HT200-400_2042.root

file path found: /hdfs/store/user/varuns/MC2018_Autumn18_May2019/GJets_HT-200To400_TuneCP5_13TeV-madgraphMLM-pythia8/crab_job_GJets_HT200-400/190517_225706/0002/MC_GJets_HT200-400_2043.root
name: MC_GJets_HT200-400_2043.root
filenumber: 43
Adding FullPathInputFile to chain:/hdfs/store/user/varuns/MC2018_Autumn18_May2019/GJets_HT-200To400_TuneCP5_13TeV-madgraphMLM-pythia8/crab_job_GJets_HT200-400/190517_225706/0002/MC_GJets_HT200-400_2043.root

file path found: /hdfs/store/user/varuns/MC2018_Autumn18_May2019/GJets_HT-200To400_TuneCP5_13TeV-madgraphMLM-pythia8/crab_job_GJets_HT200-400/190517_225706/0002/MC_GJets_HT200-400_2044.root
name: MC_GJets_HT200-400_2044.root
filenumber: 44
Adding FullPathInputFile to chain:/hdfs/store/user/varuns/MC2018_Autumn18_May2019/GJets_HT-200To400_TuneCP5_13TeV-madgraphMLM-pythia8/crab_job_GJets_HT200-400/190517_225706/0002/MC_GJets_HT200-400_2044.root

file path found: /hdfs/store/user/varuns/MC2018_Autumn18_May2019/GJets_HT-200To400_TuneCP5_13TeV-madgraphMLM-pythia8/crab_job_GJets_HT200-400/190517_225706/0002/MC_GJets_HT200-400_2045.root
name: MC_GJets_HT200-400_2045.root
filenumber: 45
Adding FullPathInputFile to chain:/hdfs/store/user/varuns/MC2018_Autumn18_May2019/GJets_HT-200To400_TuneCP5_13TeV-madgraphMLM-pythia8/crab_job_GJets_HT200-400/190517_225706/0002/MC_GJets_HT200-400_2045.root

file path found: /hdfs/store/user/varuns/MC2018_Autumn18_May2019/GJets_HT-200To400_TuneCP5_13TeV-madgraphMLM-pythia8/crab_job_GJets_HT200-400/190517_225706/0002/MC_GJets_HT200-400_2046.root
name: MC_GJets_HT200-400_2046.root
filenumber: 46
Adding FullPathInputFile to chain:/hdfs/store/user/varuns/MC2018_Autumn18_May2019/GJets_HT-200To400_TuneCP5_13TeV-madgraphMLM-pythia8/crab_job_GJets_HT200-400/190517_225706/0002/MC_GJets_HT200-400_2046.root

file path found: /hdfs/store/user/varuns/MC2018_Autumn18_May2019/GJets_HT-200To400_TuneCP5_13TeV-madgraphMLM-pythia8/crab_job_GJets_HT200-400/190517_225706/0002/MC_GJets_HT200-400_2047.root
name: MC_GJets_HT200-400_2047.root
filenumber: 47
Adding FullPathInputFile to chain:/hdfs/store/user/varuns/MC2018_Autumn18_May2019/GJets_HT-200To400_TuneCP5_13TeV-madgraphMLM-pythia8/crab_job_GJets_HT200-400/190517_225706/0002/MC_GJets_HT200-400_2047.root

file path found: /hdfs/store/user/varuns/MC2018_Autumn18_May2019/GJets_HT-200To400_TuneCP5_13TeV-madgraphMLM-pythia8/crab_job_GJets_HT200-400/190517_225706/0002/MC_GJets_HT200-400_2048.root
name: MC_GJets_HT200-400_2048.root
filenumber: 48
file path found: /hdfs/store/user/varuns/MC2018_Autumn18_May2019/GJets_HT-200To400_TuneCP5_13TeV-madgraphMLM-pythia8/crab_job_GJets_HT200-400/190517_225706/0002/MC_GJets_HT200-400_2049.root
name: MC_GJets_HT200-400_2049.root
filenumber: 49
file path found: /hdfs/store/user/varuns/MC2018_Autumn18_May2019/GJets_HT-200To400_TuneCP5_13TeV-madgraphMLM-pythia8/crab_job_GJets_HT200-400/190517_225706/0002/MC_GJets_HT200-400_2050.root
name: MC_GJets_HT200-400_2050.root
filenumber: 50
file path found: /hdfs/store/user/varuns/MC2018_Autumn18_May2019/GJets_HT-200To400_TuneCP5_13TeV-madgraphMLM-pythia8/crab_job_GJets_HT200-400/190517_225706/0002/MC_GJets_HT200-400_2051.root
name: MC_GJets_HT200-400_2051.root
filenumber: 51
file path found: /hdfs/store/user/varuns/MC2018_Autumn18_May2019/GJets_HT-200To400_TuneCP5_13TeV-madgraphMLM-pythia8/crab_job_GJets_HT200-400/190517_225706/0002/MC_GJets_HT200-400_2052.root
name: MC_GJets_HT200-400_2052.root
filenumber: 52
file path found: /hdfs/store/user/varuns/MC2018_Autumn18_May2019/GJets_HT-200To400_TuneCP5_13TeV-madgraphMLM-pythia8/crab_job_GJets_HT200-400/190517_225706/0002/MC_GJets_HT200-400_2053.root
name: MC_GJets_HT200-400_2053.root
filenumber: 53
file path found: /hdfs/store/user/varuns/MC2018_Autumn18_May2019/GJets_HT-200To400_TuneCP5_13TeV-madgraphMLM-pythia8/crab_job_GJets_HT200-400/190517_225706/0002/MC_GJets_HT200-400_2054.root
name: MC_GJets_HT200-400_2054.root
filenumber: 54
file path found: /hdfs/store/user/varuns/MC2018_Autumn18_May2019/GJets_HT-200To400_TuneCP5_13TeV-madgraphMLM-pythia8/crab_job_GJets_HT200-400/190517_225706/0002/MC_GJets_HT200-400_2055.root
name: MC_GJets_HT200-400_2055.root
filenumber: 55
file path found: /hdfs/store/user/varuns/MC2018_Autumn18_May2019/GJets_HT-200To400_TuneCP5_13TeV-madgraphMLM-pythia8/crab_job_GJets_HT200-400/190517_225706/0002/MC_GJets_HT200-400_2056.root
name: MC_GJets_HT200-400_2056.root
filenumber: 56
file path found: /hdfs/store/user/varuns/MC2018_Autumn18_May2019/GJets_HT-200To400_TuneCP5_13TeV-madgraphMLM-pythia8/crab_job_GJets_HT200-400/190517_225706/0002/MC_GJets_HT200-400_2057.root
name: MC_GJets_HT200-400_2057.root
filenumber: 57
file path found: /hdfs/store/user/varuns/MC2018_Autumn18_May2019/GJets_HT-200To400_TuneCP5_13TeV-madgraphMLM-pythia8/crab_job_GJets_HT200-400/190517_225706/0002/MC_GJets_HT200-400_2058.root
name: MC_GJets_HT200-400_2058.root
filenumber: 58
file path found: /hdfs/store/user/varuns/MC2018_Autumn18_May2019/GJets_HT-200To400_TuneCP5_13TeV-madgraphMLM-pythia8/crab_job_GJets_HT200-400/190517_225706/0002/MC_GJets_HT200-400_2059.root
name: MC_GJets_HT200-400_2059.root
filenumber: 59
file path found: /hdfs/store/user/varuns/MC2018_Autumn18_May2019/GJets_HT-200To400_TuneCP5_13TeV-madgraphMLM-pythia8/crab_job_GJets_HT200-400/190517_225706/0002/MC_GJets_HT200-400_2060.root
name: MC_GJets_HT200-400_2060.root
filenumber: 60
file path found: /hdfs/store/user/varuns/MC2018_Autumn18_May2019/GJets_HT-200To400_TuneCP5_13TeV-madgraphMLM-pythia8/crab_job_GJets_HT200-400/190517_225706/0002/MC_GJets_HT200-400_2061.root
name: MC_GJets_HT200-400_2061.root
filenumber: 61
file path found: /hdfs/store/user/varuns/MC2018_Autumn18_May2019/GJets_HT-200To400_TuneCP5_13TeV-madgraphMLM-pythia8/crab_job_GJets_HT200-400/190517_225706/0002/MC_GJets_HT200-400_2062.root
name: MC_GJets_HT200-400_2062.root
filenumber: 62
file path found: /hdfs/store/user/varuns/MC2018_Autumn18_May2019/GJets_HT-200To400_TuneCP5_13TeV-madgraphMLM-pythia8/crab_job_GJets_HT200-400/190517_225706/0002/MC_GJets_HT200-400_2063.root
name: MC_GJets_HT200-400_2063.root
filenumber: 63
file path found: /hdfs/store/user/varuns/MC2018_Autumn18_May2019/GJets_HT-200To400_TuneCP5_13TeV-madgraphMLM-pythia8/crab_job_GJets_HT200-400/190517_225706/0002/MC_GJets_HT200-400_2064.root
name: MC_GJets_HT200-400_2064.root
filenumber: 64
file path found: /hdfs/store/user/varuns/MC2018_Autumn18_May2019/GJets_HT-200To400_TuneCP5_13TeV-madgraphMLM-pythia8/crab_job_GJets_HT200-400/190517_225706/0002/MC_GJets_HT200-400_2065.root
name: MC_GJets_HT200-400_2065.root
filenumber: 65
file path found: /hdfs/store/user/varuns/MC2018_Autumn18_May2019/GJets_HT-200To400_TuneCP5_13TeV-madgraphMLM-pythia8/crab_job_GJets_HT200-400/190517_225706/0002/MC_GJets_HT200-400_2066.root
name: MC_GJets_HT200-400_2066.root
filenumber: 66
file path found: /hdfs/store/user/varuns/MC2018_Autumn18_May2019/GJets_HT-200To400_TuneCP5_13TeV-madgraphMLM-pythia8/crab_job_GJets_HT200-400/190517_225706/0002/MC_GJets_HT200-400_2067.root
name: MC_GJets_HT200-400_2067.root
filenumber: 67
file path found: /hdfs/store/user/varuns/MC2018_Autumn18_May2019/GJets_HT-200To400_TuneCP5_13TeV-madgraphMLM-pythia8/crab_job_GJets_HT200-400/190517_225706/0002/MC_GJets_HT200-400_2068.root
name: MC_GJets_HT200-400_2068.root
filenumber: 68
file path found: /hdfs/store/user/varuns/MC2018_Autumn18_May2019/GJets_HT-200To400_TuneCP5_13TeV-madgraphMLM-pythia8/crab_job_GJets_HT200-400/190517_225706/0002/MC_GJets_HT200-400_2069.root
name: MC_GJets_HT200-400_2069.root
filenumber: 69
file path found: /hdfs/store/user/varuns/MC2018_Autumn18_May2019/GJets_HT-200To400_TuneCP5_13TeV-madgraphMLM-pythia8/crab_job_GJets_HT200-400/190517_225706/0002/MC_GJets_HT200-400_2070.root
name: MC_GJets_HT200-400_2070.root
filenumber: 70
file path found: /hdfs/store/user/varuns/MC2018_Autumn18_May2019/GJets_HT-200To400_TuneCP5_13TeV-madgraphMLM-pythia8/crab_job_GJets_HT200-400/190517_225706/0002/MC_GJets_HT200-400_2071.root
name: MC_GJets_HT200-400_2071.root
filenumber: 71
file path found: /hdfs/store/user/varuns/MC2018_Autumn18_May2019/GJets_HT-200To400_TuneCP5_13TeV-madgraphMLM-pythia8/crab_job_GJets_HT200-400/190517_225706/0002/MC_GJets_HT200-400_2072.root
name: MC_GJets_HT200-400_2072.root
filenumber: 72
file path found: /hdfs/store/user/varuns/MC2018_Autumn18_May2019/GJets_HT-200To400_TuneCP5_13TeV-madgraphMLM-pythia8/crab_job_GJets_HT200-400/190517_225706/0002/MC_GJets_HT200-400_2073.root
name: MC_GJets_HT200-400_2073.root
filenumber: 73
file path found: /hdfs/store/user/varuns/MC2018_Autumn18_May2019/GJets_HT-200To400_TuneCP5_13TeV-madgraphMLM-pythia8/crab_job_GJets_HT200-400/190517_225706/0002/MC_GJets_HT200-400_2074.root
name: MC_GJets_HT200-400_2074.root
filenumber: 74
file path found: /hdfs/store/user/varuns/MC2018_Autumn18_May2019/GJets_HT-200To400_TuneCP5_13TeV-madgraphMLM-pythia8/crab_job_GJets_HT200-400/190517_225706/0002/MC_GJets_HT200-400_2075.root
name: MC_GJets_HT200-400_2075.root
filenumber: 75
file path found: /hdfs/store/user/varuns/MC2018_Autumn18_May2019/GJets_HT-200To400_TuneCP5_13TeV-madgraphMLM-pythia8/crab_job_GJets_HT200-400/190517_225706/0002/MC_GJets_HT200-400_2076.root
name: MC_GJets_HT200-400_2076.root
filenumber: 76
file path found: /hdfs/store/user/varuns/MC2018_Autumn18_May2019/GJets_HT-200To400_TuneCP5_13TeV-madgraphMLM-pythia8/crab_job_GJets_HT200-400/190517_225706/0002/MC_GJets_HT200-400_2077.root
name: MC_GJets_HT200-400_2077.root
filenumber: 77
file path found: /hdfs/store/user/varuns/MC2018_Autumn18_May2019/GJets_HT-200To400_TuneCP5_13TeV-madgraphMLM-pythia8/crab_job_GJets_HT200-400/190517_225706/0002/MC_GJets_HT200-400_2078.root
name: MC_GJets_HT200-400_2078.root
filenumber: 78
file path found: /hdfs/store/user/varuns/MC2018_Autumn18_May2019/GJets_HT-200To400_TuneCP5_13TeV-madgraphMLM-pythia8/crab_job_GJets_HT200-400/190517_225706/0002/MC_GJets_HT200-400_2079.root
name: MC_GJets_HT200-400_2079.root
filenumber: 79
file path found: /hdfs/store/user/varuns/MC2018_Autumn18_May2019/GJets_HT-200To400_TuneCP5_13TeV-madgraphMLM-pythia8/crab_job_GJets_HT200-400/190517_225706/0002/MC_GJets_HT200-400_2080.root
name: MC_GJets_HT200-400_2080.root
filenumber: 80
file path found: /hdfs/store/user/varuns/MC2018_Autumn18_May2019/GJets_HT-200To400_TuneCP5_13TeV-madgraphMLM-pythia8/crab_job_GJets_HT200-400/190517_225706/0002/MC_GJets_HT200-400_2081.root
name: MC_GJets_HT200-400_2081.root
filenumber: 81
file path found: /hdfs/store/user/varuns/MC2018_Autumn18_May2019/GJets_HT-200To400_TuneCP5_13TeV-madgraphMLM-pythia8/crab_job_GJets_HT200-400/190517_225706/0002/MC_GJets_HT200-400_2082.root
name: MC_GJets_HT200-400_2082.root
filenumber: 82
file path found: /hdfs/store/user/varuns/MC2018_Autumn18_May2019/GJets_HT-200To400_TuneCP5_13TeV-madgraphMLM-pythia8/crab_job_GJets_HT200-400/190517_225706/0002/MC_GJets_HT200-400_2083.root
name: MC_GJets_HT200-400_2083.root
filenumber: 83
file path found: /hdfs/store/user/varuns/MC2018_Autumn18_May2019/GJets_HT-200To400_TuneCP5_13TeV-madgraphMLM-pythia8/crab_job_GJets_HT200-400/190517_225706/0002/MC_GJets_HT200-400_2084.root
name: MC_GJets_HT200-400_2084.root
filenumber: 84
file path found: /hdfs/store/user/varuns/MC2018_Autumn18_May2019/GJets_HT-200To400_TuneCP5_13TeV-madgraphMLM-pythia8/crab_job_GJets_HT200-400/190517_225706/0002/MC_GJets_HT200-400_2085.root
name: MC_GJets_HT200-400_2085.root
filenumber: 85
file path found: /hdfs/store/user/varuns/MC2018_Autumn18_May2019/GJets_HT-200To400_TuneCP5_13TeV-madgraphMLM-pythia8/crab_job_GJets_HT200-400/190517_225706/0002/MC_GJets_HT200-400_2086.root
name: MC_GJets_HT200-400_2086.root
filenumber: 86
file path found: /hdfs/store/user/varuns/MC2018_Autumn18_May2019/GJets_HT-200To400_TuneCP5_13TeV-madgraphMLM-pythia8/crab_job_GJets_HT200-400/190517_225706/0002/MC_GJets_HT200-400_2087.root
name: MC_GJets_HT200-400_2087.root
filenumber: 87
file path found: /hdfs/store/user/varuns/MC2018_Autumn18_May2019/GJets_HT-200To400_TuneCP5_13TeV-madgraphMLM-pythia8/crab_job_GJets_HT200-400/190517_225706/0002/MC_GJets_HT200-400_2088.root
name: MC_GJets_HT200-400_2088.root
filenumber: 88
file path found: /hdfs/store/user/varuns/MC2018_Autumn18_May2019/GJets_HT-200To400_TuneCP5_13TeV-madgraphMLM-pythia8/crab_job_GJets_HT200-400/190517_225706/0002/MC_GJets_HT200-400_2089.root
name: MC_GJets_HT200-400_2089.root
filenumber: 89
file path found: /hdfs/store/user/varuns/MC2018_Autumn18_May2019/GJets_HT-200To400_TuneCP5_13TeV-madgraphMLM-pythia8/crab_job_GJets_HT200-400/190517_225706/0002/MC_GJets_HT200-400_2090.root
name: MC_GJets_HT200-400_2090.root
filenumber: 90
file path found: /hdfs/store/user/varuns/MC2018_Autumn18_May2019/GJets_HT-200To400_TuneCP5_13TeV-madgraphMLM-pythia8/crab_job_GJets_HT200-400/190517_225706/0002/MC_GJets_HT200-400_2091.root
name: MC_GJets_HT200-400_2091.root
filenumber: 91
file path found: /hdfs/store/user/varuns/MC2018_Autumn18_May2019/GJets_HT-200To400_TuneCP5_13TeV-madgraphMLM-pythia8/crab_job_GJets_HT200-400/190517_225706/0002/MC_GJets_HT200-400_2092.root
name: MC_GJets_HT200-400_2092.root
filenumber: 92
file path found: /hdfs/store/user/varuns/MC2018_Autumn18_May2019/GJets_HT-200To400_TuneCP5_13TeV-madgraphMLM-pythia8/crab_job_GJets_HT200-400/190517_225706/0002/MC_GJets_HT200-400_2093.root
name: MC_GJets_HT200-400_2093.root
filenumber: 93
file path found: /hdfs/store/user/varuns/MC2018_Autumn18_May2019/GJets_HT-200To400_TuneCP5_13TeV-madgraphMLM-pythia8/crab_job_GJets_HT200-400/190517_225706/0002/MC_GJets_HT200-400_2094.root
name: MC_GJets_HT200-400_2094.root
filenumber: 94
file path found: /hdfs/store/user/varuns/MC2018_Autumn18_May2019/GJets_HT-200To400_TuneCP5_13TeV-madgraphMLM-pythia8/crab_job_GJets_HT200-400/190517_225706/0002/MC_GJets_HT200-400_2095.root
name: MC_GJets_HT200-400_2095.root
filenumber: 95
file path found: /hdfs/store/user/varuns/MC2018_Autumn18_May2019/GJets_HT-200To400_TuneCP5_13TeV-madgraphMLM-pythia8/crab_job_GJets_HT200-400/190517_225706/0002/MC_GJets_HT200-400_2096.root
name: MC_GJets_HT200-400_2096.root
filenumber: 96
file path found: /hdfs/store/user/varuns/MC2018_Autumn18_May2019/GJets_HT-200To400_TuneCP5_13TeV-madgraphMLM-pythia8/crab_job_GJets_HT200-400/190517_225706/0002/.
name: .
filenumber: 97
file path found: /hdfs/store/user/varuns/MC2018_Autumn18_May2019/GJets_HT-200To400_TuneCP5_13TeV-madgraphMLM-pythia8/crab_job_GJets_HT200-400/190517_225706/0002/..
name: ..
filenumber: 98
48 files added.
Initializing chain.
Coming in: 
nentries:436654
Running over 436654 events.
Finished entry 0/436653
Finished entry 10000/436653
Finished entry 20000/436653
Finished entry 30000/436653
Finished entry 40000/436653
Finished entry 50000/436653
Finished entry 60000/436653
Finished entry 70000/436653
Finished entry 80000/436653
Finished entry 90000/436653
Finished entry 100000/436653
Finished entry 110000/436653
Finished entry 120000/436653
Finished entry 130000/436653
Finished entry 140000/436653
Finished entry 150000/436653
Finished entry 160000/436653
Finished entry 170000/436653
Finished entry 180000/436653
Finished entry 190000/436653
Finished entry 200000/436653
Finished entry 210000/436653
Finished entry 220000/436653
Finished entry 230000/436653
Finished entry 240000/436653
Finished entry 250000/436653
Finished entry 260000/436653
Finished entry 270000/436653
Finished entry 280000/436653
Finished entry 290000/436653
Finished entry 300000/436653
Finished entry 310000/436653
Finished entry 320000/436653
Finished entry 330000/436653
Finished entry 340000/436653
Finished entry 350000/436653
Finished entry 360000/436653
Finished entry 370000/436653
Finished entry 380000/436653
Finished entry 390000/436653
Finished entry 400000/436653
Finished entry 410000/436653
Finished entry 420000/436653
Finished entry 430000/436653
