000 (166875.004.000) 06/10 13:21:36 Job submitted from host: <144.92.180.4:9618?addrs=144.92.180.4-9618+[2607-f388-101c-1000--367]-9618&noUDP&sock=4693_960c_3>
...
001 (166875.004.000) 06/10 13:36:04 Job executing on host: <128.104.227.50:9618?addrs=128.104.227.50-9618+[2607-f388-101c-1000--629]-9618&noUDP&sock=10606_698c_3>
...
006 (166875.004.000) 06/10 13:36:13 Image size of job updated: 213920
	107  -  MemoryUsage of job (MB)
	108708  -  ResidentSetSize of job (KB)
...
005 (166875.004.000) 06/10 13:44:54 Job terminated.
	(1) Normal termination (return value 0)
		Usr 0 00:01:43, Sys 0 00:00:07  -  Run Remote Usage
		Usr 0 00:00:00, Sys 0 00:00:00  -  Run Local Usage
		Usr 0 00:01:43, Sys 0 00:00:07  -  Total Remote Usage
		Usr 0 00:00:00, Sys 0 00:00:00  -  Total Local Usage
	542686  -  Run Bytes Sent By Job
	278854  -  Run Bytes Received By Job
	542686  -  Total Bytes Sent By Job
	278854  -  Total Bytes Received By Job
	Partitionable Resources :    Usage  Request Allocated
	   Cpus                 :                 1         1
	   Disk (KB)            :  1000000  2048000   9502109
	   Memory (MB)          :      107     1992      1992
...
