000 (166875.006.000) 06/10 13:21:36 Job submitted from host: <144.92.180.4:9618?addrs=144.92.180.4-9618+[2607-f388-101c-1000--367]-9618&noUDP&sock=4693_960c_3>
...
001 (166875.006.000) 06/10 13:36:08 Job executing on host: <128.104.227.82:9618?addrs=128.104.227.82-9618+[2607-f388-101c-1000--629]-9618&noUDP&sock=11748_bab4_3>
...
006 (166875.006.000) 06/10 13:36:17 Image size of job updated: 215088
	107  -  MemoryUsage of job (MB)
	108712  -  ResidentSetSize of job (KB)
...
006 (166875.006.000) 06/10 13:45:22 Image size of job updated: 270912
	107  -  MemoryUsage of job (MB)
	108712  -  ResidentSetSize of job (KB)
...
005 (166875.006.000) 06/10 13:45:23 Job terminated.
	(1) Normal termination (return value 0)
		Usr 0 00:01:51, Sys 0 00:00:07  -  Run Remote Usage
		Usr 0 00:00:00, Sys 0 00:00:00  -  Run Local Usage
		Usr 0 00:01:51, Sys 0 00:00:07  -  Total Remote Usage
		Usr 0 00:00:00, Sys 0 00:00:00  -  Total Local Usage
	550632  -  Run Bytes Sent By Job
	278854  -  Run Bytes Received By Job
	550632  -  Total Bytes Sent By Job
	278854  -  Total Bytes Received By Job
	Partitionable Resources :    Usage  Request Allocated
	   Cpus                 :                 1         1
	   Disk (KB)            :  1000000  2048000   9503085
	   Memory (MB)          :      107     1992      1992
...
