000 (1262577.013.000) 07/25 12:34:05 Job submitted from host: <144.92.180.28:9618?addrs=144.92.180.28-9618+[2607-f388-101c-1000--370]-9618&noUDP&sock=5187_6dd5_82>
...
001 (1262577.013.000) 07/25 13:48:58 Job executing on host: <144.92.180.83:9618?addrs=144.92.180.83-9618+[2607-f388-101c-1000--629]-9618&noUDP&sock=7013_e9c4_3>
...
006 (1262577.013.000) 07/25 13:49:07 Image size of job updated: 166840
	53  -  MemoryUsage of job (MB)
	53588  -  ResidentSetSize of job (KB)
...
005 (1262577.013.000) 07/25 14:08:16 Job terminated.
	(1) Normal termination (return value 0)
		Usr 0 00:05:23, Sys 0 00:00:18  -  Run Remote Usage
		Usr 0 00:00:00, Sys 0 00:00:00  -  Run Local Usage
		Usr 0 00:05:23, Sys 0 00:00:18  -  Total Remote Usage
		Usr 0 00:00:00, Sys 0 00:00:00  -  Total Local Usage
	450969  -  Run Bytes Sent By Job
	283691  -  Run Bytes Received By Job
	450969  -  Total Bytes Sent By Job
	283691  -  Total Bytes Received By Job
	Partitionable Resources :    Usage  Request Allocated
	   Cpus                 :                 1         1
	   Disk (KB)            :  1000000  2048000   4751280
	   Memory (MB)          :       53     1992      1992
...
