000 (1262577.003.000) 07/25 12:34:04 Job submitted from host: <144.92.180.28:9618?addrs=144.92.180.28-9618+[2607-f388-101c-1000--370]-9618&noUDP&sock=5187_6dd5_82>
...
001 (1262577.003.000) 07/25 13:48:02 Job executing on host: <144.92.181.232:9618?addrs=144.92.181.232-9618+[2607-f388-101c-1000--629]-9618&noUDP&sock=7098_3751_3>
...
006 (1262577.003.000) 07/25 13:48:10 Image size of job updated: 164340
	53  -  MemoryUsage of job (MB)
	53268  -  ResidentSetSize of job (KB)
...
006 (1262577.003.000) 07/25 14:08:10 Image size of job updated: 274260
	234  -  MemoryUsage of job (MB)
	238712  -  ResidentSetSize of job (KB)
...
005 (1262577.003.000) 07/25 14:10:19 Job terminated.
	(1) Normal termination (return value 0)
		Usr 0 00:05:36, Sys 0 00:00:19  -  Run Remote Usage
		Usr 0 00:00:00, Sys 0 00:00:00  -  Run Local Usage
		Usr 0 00:05:36, Sys 0 00:00:19  -  Total Remote Usage
		Usr 0 00:00:00, Sys 0 00:00:00  -  Total Local Usage
	451082  -  Run Bytes Sent By Job
	283691  -  Run Bytes Received By Job
	451082  -  Total Bytes Sent By Job
	283691  -  Total Bytes Received By Job
	Partitionable Resources :    Usage  Request Allocated
	   Cpus                 :                 1         1
	   Disk (KB)            :  1000000  2048000   4749692
	   Memory (MB)          :      234     1992      1992
...
