000 (691523.014.000) 07/11 11:28:34 Job submitted from host: <144.92.181.245:9618?addrs=144.92.181.245-9618+[2607-f388-101c-1000--372]-9618&noUDP&sock=6179_dbc8_3>
...
001 (691523.014.000) 07/11 12:23:50 Job executing on host: <144.92.180.164:9618?addrs=144.92.180.164-9618+[2607-f388-101c-1000--629]-9618&noUDP&sock=7723_ea02_3>
...
006 (691523.014.000) 07/11 12:23:59 Image size of job updated: 215548
	106  -  MemoryUsage of job (MB)
	108400  -  ResidentSetSize of job (KB)
...
006 (691523.014.000) 07/11 12:44:00 Image size of job updated: 281524
	238  -  MemoryUsage of job (MB)
	243044  -  ResidentSetSize of job (KB)
...
005 (691523.014.000) 07/11 12:45:03 Job terminated.
	(1) Normal termination (return value 0)
		Usr 0 00:02:20, Sys 0 00:00:07  -  Run Remote Usage
		Usr 0 00:00:00, Sys 0 00:00:00  -  Run Local Usage
		Usr 0 00:02:20, Sys 0 00:00:07  -  Total Remote Usage
		Usr 0 00:00:00, Sys 0 00:00:00  -  Total Local Usage
	370620  -  Run Bytes Sent By Job
	306644  -  Run Bytes Received By Job
	370620  -  Total Bytes Sent By Job
	306644  -  Total Bytes Received By Job
	Partitionable Resources :    Usage  Request Allocated
	   Cpus                 :                 1         1
	   Disk (KB)            :  1000000  2048000   7918298
	   Memory (MB)          :      238     1992      1992
...
