000 (691523.009.000) 07/11 11:28:34 Job submitted from host: <144.92.181.245:9618?addrs=144.92.181.245-9618+[2607-f388-101c-1000--372]-9618&noUDP&sock=6179_dbc8_3>
...
001 (691523.009.000) 07/11 12:23:42 Job executing on host: <144.92.180.171:9618?addrs=144.92.180.171-9618+[2607-f388-101c-1000--629]-9618&noUDP&sock=7678_0c3f_3>
...
006 (691523.009.000) 07/11 12:23:50 Image size of job updated: 217692
	106  -  MemoryUsage of job (MB)
	108396  -  ResidentSetSize of job (KB)
...
006 (691523.009.000) 07/11 12:43:50 Image size of job updated: 246680
	239  -  MemoryUsage of job (MB)
	244472  -  ResidentSetSize of job (KB)
...
005 (691523.009.000) 07/11 12:48:22 Job terminated.
	(1) Normal termination (return value 0)
		Usr 0 00:01:50, Sys 0 00:00:06  -  Run Remote Usage
		Usr 0 00:00:00, Sys 0 00:00:00  -  Run Local Usage
		Usr 0 00:01:50, Sys 0 00:00:06  -  Total Remote Usage
		Usr 0 00:00:00, Sys 0 00:00:00  -  Total Local Usage
	370571  -  Run Bytes Sent By Job
	306644  -  Run Bytes Received By Job
	370571  -  Total Bytes Sent By Job
	306644  -  Total Bytes Received By Job
	Partitionable Resources :    Usage  Request Allocated
	   Cpus                 :                 1         1
	   Disk (KB)            :  1000000  2048000   7917190
	   Memory (MB)          :      239     1992      1992
...
