file path found: /hdfs/store/user/varuns/Run2018D_Prompt/EGamma/crab_job_EGamma2018Dv2_3/190526_233749/0003/Data_EGamma2018Dv2_3_3405.root
name: Data_EGamma2018Dv2_3_3405.root
filenumber: 0
file path found: /hdfs/store/user/varuns/Run2018D_Prompt/EGamma/crab_job_EGamma2018Dv2_3/190526_233749/0003/Data_EGamma2018Dv2_3_3421.root
name: Data_EGamma2018Dv2_3_3421.root
filenumber: 1
file path found: /hdfs/store/user/varuns/Run2018D_Prompt/EGamma/crab_job_EGamma2018Dv2_3/190526_233749/0003/Data_EGamma2018Dv2_3_3570.root
name: Data_EGamma2018Dv2_3_3570.root
filenumber: 2
file path found: /hdfs/store/user/varuns/Run2018D_Prompt/EGamma/crab_job_EGamma2018Dv2_3/190526_233749/0003/Data_EGamma2018Dv2_3_3838.root
name: Data_EGamma2018Dv2_3_3838.root
filenumber: 3
file path found: /hdfs/store/user/varuns/Run2018D_Prompt/EGamma/crab_job_EGamma2018Dv2_3/190526_233749/0003/Data_EGamma2018Dv2_3_3842.root
name: Data_EGamma2018Dv2_3_3842.root
filenumber: 4
file path found: /hdfs/store/user/varuns/Run2018D_Prompt/EGamma/crab_job_EGamma2018Dv2_3/190526_233749/0003/Data_EGamma2018Dv2_3_3849.root
name: Data_EGamma2018Dv2_3_3849.root
filenumber: 5
file path found: /hdfs/store/user/varuns/Run2018D_Prompt/EGamma/crab_job_EGamma2018Dv2_3/190526_233749/0003/Data_EGamma2018Dv2_3_3850.root
name: Data_EGamma2018Dv2_3_3850.root
filenumber: 6
file path found: /hdfs/store/user/varuns/Run2018D_Prompt/EGamma/crab_job_EGamma2018Dv2_3/190526_233749/0003/Data_EGamma2018Dv2_3_3853.root
name: Data_EGamma2018Dv2_3_3853.root
filenumber: 7
file path found: /hdfs/store/user/varuns/Run2018D_Prompt/EGamma/crab_job_EGamma2018Dv2_3/190526_233749/0003/Data_EGamma2018Dv2_3_3858.root
name: Data_EGamma2018Dv2_3_3858.root
filenumber: 8
file path found: /hdfs/store/user/varuns/Run2018D_Prompt/EGamma/crab_job_EGamma2018Dv2_3/190526_233749/0003/Data_EGamma2018Dv2_3_3859.root
name: Data_EGamma2018Dv2_3_3859.root
filenumber: 9
file path found: /hdfs/store/user/varuns/Run2018D_Prompt/EGamma/crab_job_EGamma2018Dv2_3/190526_233749/0003/Data_EGamma2018Dv2_3_3862.root
name: Data_EGamma2018Dv2_3_3862.root
filenumber: 10
file path found: /hdfs/store/user/varuns/Run2018D_Prompt/EGamma/crab_job_EGamma2018Dv2_3/190526_233749/0003/Data_EGamma2018Dv2_3_3863.root
name: Data_EGamma2018Dv2_3_3863.root
filenumber: 11
file path found: /hdfs/store/user/varuns/Run2018D_Prompt/EGamma/crab_job_EGamma2018Dv2_3/190526_233749/0003/Data_EGamma2018Dv2_3_3865.root
name: Data_EGamma2018Dv2_3_3865.root
filenumber: 12
file path found: /hdfs/store/user/varuns/Run2018D_Prompt/EGamma/crab_job_EGamma2018Dv2_3/190526_233749/0003/Data_EGamma2018Dv2_3_3866.root
name: Data_EGamma2018Dv2_3_3866.root
filenumber: 13
file path found: /hdfs/store/user/varuns/Run2018D_Prompt/EGamma/crab_job_EGamma2018Dv2_3/190526_233749/0003/Data_EGamma2018Dv2_3_3871.root
name: Data_EGamma2018Dv2_3_3871.root
filenumber: 14
file path found: /hdfs/store/user/varuns/Run2018D_Prompt/EGamma/crab_job_EGamma2018Dv2_3/190526_233749/0003/Data_EGamma2018Dv2_3_3872.root
name: Data_EGamma2018Dv2_3_3872.root
filenumber: 15
file path found: /hdfs/store/user/varuns/Run2018D_Prompt/EGamma/crab_job_EGamma2018Dv2_3/190526_233749/0003/Data_EGamma2018Dv2_3_3875.root
name: Data_EGamma2018Dv2_3_3875.root
filenumber: 16
file path found: /hdfs/store/user/varuns/Run2018D_Prompt/EGamma/crab_job_EGamma2018Dv2_3/190526_233749/0003/Data_EGamma2018Dv2_3_3876.root
name: Data_EGamma2018Dv2_3_3876.root
filenumber: 17
file path found: /hdfs/store/user/varuns/Run2018D_Prompt/EGamma/crab_job_EGamma2018Dv2_3/190526_233749/0003/Data_EGamma2018Dv2_3_3878.root
name: Data_EGamma2018Dv2_3_3878.root
filenumber: 18
file path found: /hdfs/store/user/varuns/Run2018D_Prompt/EGamma/crab_job_EGamma2018Dv2_3/190526_233749/0003/Data_EGamma2018Dv2_3_3880.root
name: Data_EGamma2018Dv2_3_3880.root
filenumber: 19
file path found: /hdfs/store/user/varuns/Run2018D_Prompt/EGamma/crab_job_EGamma2018Dv2_3/190526_233749/0003/Data_EGamma2018Dv2_3_3884.root
name: Data_EGamma2018Dv2_3_3884.root
filenumber: 20
file path found: /hdfs/store/user/varuns/Run2018D_Prompt/EGamma/crab_job_EGamma2018Dv2_3/190526_233749/0003/Data_EGamma2018Dv2_3_3885.root
name: Data_EGamma2018Dv2_3_3885.root
filenumber: 21
file path found: /hdfs/store/user/varuns/Run2018D_Prompt/EGamma/crab_job_EGamma2018Dv2_3/190526_233749/0003/Data_EGamma2018Dv2_3_3886.root
name: Data_EGamma2018Dv2_3_3886.root
filenumber: 22
file path found: /hdfs/store/user/varuns/Run2018D_Prompt/EGamma/crab_job_EGamma2018Dv2_3/190526_233749/0003/Data_EGamma2018Dv2_3_3887.root
name: Data_EGamma2018Dv2_3_3887.root
filenumber: 23
file path found: /hdfs/store/user/varuns/Run2018D_Prompt/EGamma/crab_job_EGamma2018Dv2_3/190526_233749/0003/Data_EGamma2018Dv2_3_3888.root
name: Data_EGamma2018Dv2_3_3888.root
filenumber: 24
file path found: /hdfs/store/user/varuns/Run2018D_Prompt/EGamma/crab_job_EGamma2018Dv2_3/190526_233749/0003/Data_EGamma2018Dv2_3_3889.root
name: Data_EGamma2018Dv2_3_3889.root
filenumber: 25
file path found: /hdfs/store/user/varuns/Run2018D_Prompt/EGamma/crab_job_EGamma2018Dv2_3/190526_233749/0003/Data_EGamma2018Dv2_3_3890.root
name: Data_EGamma2018Dv2_3_3890.root
filenumber: 26
file path found: /hdfs/store/user/varuns/Run2018D_Prompt/EGamma/crab_job_EGamma2018Dv2_3/190526_233749/0003/Data_EGamma2018Dv2_3_3891.root
name: Data_EGamma2018Dv2_3_3891.root
filenumber: 27
file path found: /hdfs/store/user/varuns/Run2018D_Prompt/EGamma/crab_job_EGamma2018Dv2_3/190526_233749/0003/Data_EGamma2018Dv2_3_3892.root
name: Data_EGamma2018Dv2_3_3892.root
filenumber: 28
file path found: /hdfs/store/user/varuns/Run2018D_Prompt/EGamma/crab_job_EGamma2018Dv2_3/190526_233749/0003/Data_EGamma2018Dv2_3_3893.root
name: Data_EGamma2018Dv2_3_3893.root
filenumber: 29
file path found: /hdfs/store/user/varuns/Run2018D_Prompt/EGamma/crab_job_EGamma2018Dv2_3/190526_233749/0003/Data_EGamma2018Dv2_3_3894.root
name: Data_EGamma2018Dv2_3_3894.root
filenumber: 30
file path found: /hdfs/store/user/varuns/Run2018D_Prompt/EGamma/crab_job_EGamma2018Dv2_3/190526_233749/0003/Data_EGamma2018Dv2_3_3895.root
name: Data_EGamma2018Dv2_3_3895.root
filenumber: 31
file path found: /hdfs/store/user/varuns/Run2018D_Prompt/EGamma/crab_job_EGamma2018Dv2_3/190526_233749/0003/Data_EGamma2018Dv2_3_3896.root
name: Data_EGamma2018Dv2_3_3896.root
filenumber: 32
file path found: /hdfs/store/user/varuns/Run2018D_Prompt/EGamma/crab_job_EGamma2018Dv2_3/190526_233749/0003/Data_EGamma2018Dv2_3_3897.root
name: Data_EGamma2018Dv2_3_3897.root
filenumber: 33
file path found: /hdfs/store/user/varuns/Run2018D_Prompt/EGamma/crab_job_EGamma2018Dv2_3/190526_233749/0003/Data_EGamma2018Dv2_3_3899.root
name: Data_EGamma2018Dv2_3_3899.root
filenumber: 34
file path found: /hdfs/store/user/varuns/Run2018D_Prompt/EGamma/crab_job_EGamma2018Dv2_3/190526_233749/0003/Data_EGamma2018Dv2_3_3901.root
name: Data_EGamma2018Dv2_3_3901.root
filenumber: 35
file path found: /hdfs/store/user/varuns/Run2018D_Prompt/EGamma/crab_job_EGamma2018Dv2_3/190526_233749/0003/Data_EGamma2018Dv2_3_3902.root
name: Data_EGamma2018Dv2_3_3902.root
filenumber: 36
file path found: /hdfs/store/user/varuns/Run2018D_Prompt/EGamma/crab_job_EGamma2018Dv2_3/190526_233749/0003/Data_EGamma2018Dv2_3_3904.root
name: Data_EGamma2018Dv2_3_3904.root
filenumber: 37
file path found: /hdfs/store/user/varuns/Run2018D_Prompt/EGamma/crab_job_EGamma2018Dv2_3/190526_233749/0003/Data_EGamma2018Dv2_3_3906.root
name: Data_EGamma2018Dv2_3_3906.root
filenumber: 38
file path found: /hdfs/store/user/varuns/Run2018D_Prompt/EGamma/crab_job_EGamma2018Dv2_3/190526_233749/0003/Data_EGamma2018Dv2_3_3907.root
name: Data_EGamma2018Dv2_3_3907.root
filenumber: 39
file path found: /hdfs/store/user/varuns/Run2018D_Prompt/EGamma/crab_job_EGamma2018Dv2_3/190526_233749/0003/Data_EGamma2018Dv2_3_3908.root
name: Data_EGamma2018Dv2_3_3908.root
filenumber: 40
file path found: /hdfs/store/user/varuns/Run2018D_Prompt/EGamma/crab_job_EGamma2018Dv2_3/190526_233749/0003/Data_EGamma2018Dv2_3_3909.root
name: Data_EGamma2018Dv2_3_3909.root
filenumber: 41
file path found: /hdfs/store/user/varuns/Run2018D_Prompt/EGamma/crab_job_EGamma2018Dv2_3/190526_233749/0003/Data_EGamma2018Dv2_3_3910.root
name: Data_EGamma2018Dv2_3_3910.root
filenumber: 42
file path found: /hdfs/store/user/varuns/Run2018D_Prompt/EGamma/crab_job_EGamma2018Dv2_3/190526_233749/0003/Data_EGamma2018Dv2_3_3911.root
name: Data_EGamma2018Dv2_3_3911.root
filenumber: 43
file path found: /hdfs/store/user/varuns/Run2018D_Prompt/EGamma/crab_job_EGamma2018Dv2_3/190526_233749/0003/Data_EGamma2018Dv2_3_3912.root
name: Data_EGamma2018Dv2_3_3912.root
filenumber: 44
file path found: /hdfs/store/user/varuns/Run2018D_Prompt/EGamma/crab_job_EGamma2018Dv2_3/190526_233749/0003/Data_EGamma2018Dv2_3_3913.root
name: Data_EGamma2018Dv2_3_3913.root
filenumber: 45
file path found: /hdfs/store/user/varuns/Run2018D_Prompt/EGamma/crab_job_EGamma2018Dv2_3/190526_233749/0003/Data_EGamma2018Dv2_3_3914.root
name: Data_EGamma2018Dv2_3_3914.root
filenumber: 46
file path found: /hdfs/store/user/varuns/Run2018D_Prompt/EGamma/crab_job_EGamma2018Dv2_3/190526_233749/0003/Data_EGamma2018Dv2_3_3915.root
name: Data_EGamma2018Dv2_3_3915.root
filenumber: 47
file path found: /hdfs/store/user/varuns/Run2018D_Prompt/EGamma/crab_job_EGamma2018Dv2_3/190526_233749/0003/Data_EGamma2018Dv2_3_3916.root
name: Data_EGamma2018Dv2_3_3916.root
filenumber: 48
file path found: /hdfs/store/user/varuns/Run2018D_Prompt/EGamma/crab_job_EGamma2018Dv2_3/190526_233749/0003/Data_EGamma2018Dv2_3_3917.root
name: Data_EGamma2018Dv2_3_3917.root
filenumber: 49
file path found: /hdfs/store/user/varuns/Run2018D_Prompt/EGamma/crab_job_EGamma2018Dv2_3/190526_233749/0003/Data_EGamma2018Dv2_3_3918.root
name: Data_EGamma2018Dv2_3_3918.root
filenumber: 50
file path found: /hdfs/store/user/varuns/Run2018D_Prompt/EGamma/crab_job_EGamma2018Dv2_3/190526_233749/0003/Data_EGamma2018Dv2_3_3919.root
name: Data_EGamma2018Dv2_3_3919.root
filenumber: 51
file path found: /hdfs/store/user/varuns/Run2018D_Prompt/EGamma/crab_job_EGamma2018Dv2_3/190526_233749/0003/Data_EGamma2018Dv2_3_3920.root
name: Data_EGamma2018Dv2_3_3920.root
filenumber: 52
file path found: /hdfs/store/user/varuns/Run2018D_Prompt/EGamma/crab_job_EGamma2018Dv2_3/190526_233749/0003/Data_EGamma2018Dv2_3_3921.root
name: Data_EGamma2018Dv2_3_3921.root
filenumber: 53
file path found: /hdfs/store/user/varuns/Run2018D_Prompt/EGamma/crab_job_EGamma2018Dv2_3/190526_233749/0003/Data_EGamma2018Dv2_3_3922.root
name: Data_EGamma2018Dv2_3_3922.root
filenumber: 54
file path found: /hdfs/store/user/varuns/Run2018D_Prompt/EGamma/crab_job_EGamma2018Dv2_3/190526_233749/0003/Data_EGamma2018Dv2_3_3923.root
name: Data_EGamma2018Dv2_3_3923.root
filenumber: 55
file path found: /hdfs/store/user/varuns/Run2018D_Prompt/EGamma/crab_job_EGamma2018Dv2_3/190526_233749/0003/Data_EGamma2018Dv2_3_3924.root
name: Data_EGamma2018Dv2_3_3924.root
filenumber: 56
file path found: /hdfs/store/user/varuns/Run2018D_Prompt/EGamma/crab_job_EGamma2018Dv2_3/190526_233749/0003/Data_EGamma2018Dv2_3_3925.root
name: Data_EGamma2018Dv2_3_3925.root
filenumber: 57
Adding FullPathInputFile to chain:/hdfs/store/user/varuns/Run2018D_Prompt/EGamma/crab_job_EGamma2018Dv2_3/190526_233749/0003/Data_EGamma2018Dv2_3_3925.root

file path found: /hdfs/store/user/varuns/Run2018D_Prompt/EGamma/crab_job_EGamma2018Dv2_3/190526_233749/0003/Data_EGamma2018Dv2_3_3926.root
name: Data_EGamma2018Dv2_3_3926.root
filenumber: 58
Adding FullPathInputFile to chain:/hdfs/store/user/varuns/Run2018D_Prompt/EGamma/crab_job_EGamma2018Dv2_3/190526_233749/0003/Data_EGamma2018Dv2_3_3926.root

file path found: /hdfs/store/user/varuns/Run2018D_Prompt/EGamma/crab_job_EGamma2018Dv2_3/190526_233749/0003/Data_EGamma2018Dv2_3_3927.root
name: Data_EGamma2018Dv2_3_3927.root
filenumber: 59
Adding FullPathInputFile to chain:/hdfs/store/user/varuns/Run2018D_Prompt/EGamma/crab_job_EGamma2018Dv2_3/190526_233749/0003/Data_EGamma2018Dv2_3_3927.root

file path found: /hdfs/store/user/varuns/Run2018D_Prompt/EGamma/crab_job_EGamma2018Dv2_3/190526_233749/0003/Data_EGamma2018Dv2_3_3928.root
name: Data_EGamma2018Dv2_3_3928.root
filenumber: 60
Adding FullPathInputFile to chain:/hdfs/store/user/varuns/Run2018D_Prompt/EGamma/crab_job_EGamma2018Dv2_3/190526_233749/0003/Data_EGamma2018Dv2_3_3928.root

file path found: /hdfs/store/user/varuns/Run2018D_Prompt/EGamma/crab_job_EGamma2018Dv2_3/190526_233749/0003/Data_EGamma2018Dv2_3_3929.root
name: Data_EGamma2018Dv2_3_3929.root
filenumber: 61
Adding FullPathInputFile to chain:/hdfs/store/user/varuns/Run2018D_Prompt/EGamma/crab_job_EGamma2018Dv2_3/190526_233749/0003/Data_EGamma2018Dv2_3_3929.root

file path found: /hdfs/store/user/varuns/Run2018D_Prompt/EGamma/crab_job_EGamma2018Dv2_3/190526_233749/0003/Data_EGamma2018Dv2_3_3930.root
name: Data_EGamma2018Dv2_3_3930.root
filenumber: 62
Adding FullPathInputFile to chain:/hdfs/store/user/varuns/Run2018D_Prompt/EGamma/crab_job_EGamma2018Dv2_3/190526_233749/0003/Data_EGamma2018Dv2_3_3930.root

file path found: /hdfs/store/user/varuns/Run2018D_Prompt/EGamma/crab_job_EGamma2018Dv2_3/190526_233749/0003/Data_EGamma2018Dv2_3_3931.root
name: Data_EGamma2018Dv2_3_3931.root
filenumber: 63
Adding FullPathInputFile to chain:/hdfs/store/user/varuns/Run2018D_Prompt/EGamma/crab_job_EGamma2018Dv2_3/190526_233749/0003/Data_EGamma2018Dv2_3_3931.root

file path found: /hdfs/store/user/varuns/Run2018D_Prompt/EGamma/crab_job_EGamma2018Dv2_3/190526_233749/0003/Data_EGamma2018Dv2_3_3932.root
name: Data_EGamma2018Dv2_3_3932.root
filenumber: 64
Adding FullPathInputFile to chain:/hdfs/store/user/varuns/Run2018D_Prompt/EGamma/crab_job_EGamma2018Dv2_3/190526_233749/0003/Data_EGamma2018Dv2_3_3932.root

file path found: /hdfs/store/user/varuns/Run2018D_Prompt/EGamma/crab_job_EGamma2018Dv2_3/190526_233749/0003/Data_EGamma2018Dv2_3_3933.root
name: Data_EGamma2018Dv2_3_3933.root
filenumber: 65
Adding FullPathInputFile to chain:/hdfs/store/user/varuns/Run2018D_Prompt/EGamma/crab_job_EGamma2018Dv2_3/190526_233749/0003/Data_EGamma2018Dv2_3_3933.root

file path found: /hdfs/store/user/varuns/Run2018D_Prompt/EGamma/crab_job_EGamma2018Dv2_3/190526_233749/0003/Data_EGamma2018Dv2_3_3934.root
name: Data_EGamma2018Dv2_3_3934.root
filenumber: 66
Adding FullPathInputFile to chain:/hdfs/store/user/varuns/Run2018D_Prompt/EGamma/crab_job_EGamma2018Dv2_3/190526_233749/0003/Data_EGamma2018Dv2_3_3934.root

file path found: /hdfs/store/user/varuns/Run2018D_Prompt/EGamma/crab_job_EGamma2018Dv2_3/190526_233749/0003/Data_EGamma2018Dv2_3_3935.root
name: Data_EGamma2018Dv2_3_3935.root
filenumber: 67
Adding FullPathInputFile to chain:/hdfs/store/user/varuns/Run2018D_Prompt/EGamma/crab_job_EGamma2018Dv2_3/190526_233749/0003/Data_EGamma2018Dv2_3_3935.root

file path found: /hdfs/store/user/varuns/Run2018D_Prompt/EGamma/crab_job_EGamma2018Dv2_3/190526_233749/0003/Data_EGamma2018Dv2_3_3936.root
name: Data_EGamma2018Dv2_3_3936.root
filenumber: 68
Adding FullPathInputFile to chain:/hdfs/store/user/varuns/Run2018D_Prompt/EGamma/crab_job_EGamma2018Dv2_3/190526_233749/0003/Data_EGamma2018Dv2_3_3936.root

file path found: /hdfs/store/user/varuns/Run2018D_Prompt/EGamma/crab_job_EGamma2018Dv2_3/190526_233749/0003/Data_EGamma2018Dv2_3_3937.root
name: Data_EGamma2018Dv2_3_3937.root
filenumber: 69
Adding FullPathInputFile to chain:/hdfs/store/user/varuns/Run2018D_Prompt/EGamma/crab_job_EGamma2018Dv2_3/190526_233749/0003/Data_EGamma2018Dv2_3_3937.root

file path found: /hdfs/store/user/varuns/Run2018D_Prompt/EGamma/crab_job_EGamma2018Dv2_3/190526_233749/0003/Data_EGamma2018Dv2_3_3938.root
name: Data_EGamma2018Dv2_3_3938.root
filenumber: 70
Adding FullPathInputFile to chain:/hdfs/store/user/varuns/Run2018D_Prompt/EGamma/crab_job_EGamma2018Dv2_3/190526_233749/0003/Data_EGamma2018Dv2_3_3938.root

file path found: /hdfs/store/user/varuns/Run2018D_Prompt/EGamma/crab_job_EGamma2018Dv2_3/190526_233749/0003/Data_EGamma2018Dv2_3_3939.root
name: Data_EGamma2018Dv2_3_3939.root
filenumber: 71
Adding FullPathInputFile to chain:/hdfs/store/user/varuns/Run2018D_Prompt/EGamma/crab_job_EGamma2018Dv2_3/190526_233749/0003/Data_EGamma2018Dv2_3_3939.root

file path found: /hdfs/store/user/varuns/Run2018D_Prompt/EGamma/crab_job_EGamma2018Dv2_3/190526_233749/0003/Data_EGamma2018Dv2_3_3940.root
name: Data_EGamma2018Dv2_3_3940.root
filenumber: 72
Adding FullPathInputFile to chain:/hdfs/store/user/varuns/Run2018D_Prompt/EGamma/crab_job_EGamma2018Dv2_3/190526_233749/0003/Data_EGamma2018Dv2_3_3940.root

file path found: /hdfs/store/user/varuns/Run2018D_Prompt/EGamma/crab_job_EGamma2018Dv2_3/190526_233749/0003/Data_EGamma2018Dv2_3_3941.root
name: Data_EGamma2018Dv2_3_3941.root
filenumber: 73
Adding FullPathInputFile to chain:/hdfs/store/user/varuns/Run2018D_Prompt/EGamma/crab_job_EGamma2018Dv2_3/190526_233749/0003/Data_EGamma2018Dv2_3_3941.root

file path found: /hdfs/store/user/varuns/Run2018D_Prompt/EGamma/crab_job_EGamma2018Dv2_3/190526_233749/0003/Data_EGamma2018Dv2_3_3942.root
name: Data_EGamma2018Dv2_3_3942.root
filenumber: 74
Adding FullPathInputFile to chain:/hdfs/store/user/varuns/Run2018D_Prompt/EGamma/crab_job_EGamma2018Dv2_3/190526_233749/0003/Data_EGamma2018Dv2_3_3942.root

file path found: /hdfs/store/user/varuns/Run2018D_Prompt/EGamma/crab_job_EGamma2018Dv2_3/190526_233749/0003/Data_EGamma2018Dv2_3_3943.root
name: Data_EGamma2018Dv2_3_3943.root
filenumber: 75
Adding FullPathInputFile to chain:/hdfs/store/user/varuns/Run2018D_Prompt/EGamma/crab_job_EGamma2018Dv2_3/190526_233749/0003/Data_EGamma2018Dv2_3_3943.root

file path found: /hdfs/store/user/varuns/Run2018D_Prompt/EGamma/crab_job_EGamma2018Dv2_3/190526_233749/0003/Data_EGamma2018Dv2_3_3944.root
name: Data_EGamma2018Dv2_3_3944.root
filenumber: 76
Adding FullPathInputFile to chain:/hdfs/store/user/varuns/Run2018D_Prompt/EGamma/crab_job_EGamma2018Dv2_3/190526_233749/0003/Data_EGamma2018Dv2_3_3944.root

file path found: /hdfs/store/user/varuns/Run2018D_Prompt/EGamma/crab_job_EGamma2018Dv2_3/190526_233749/0003/Data_EGamma2018Dv2_3_3945.root
name: Data_EGamma2018Dv2_3_3945.root
filenumber: 77
Adding FullPathInputFile to chain:/hdfs/store/user/varuns/Run2018D_Prompt/EGamma/crab_job_EGamma2018Dv2_3/190526_233749/0003/Data_EGamma2018Dv2_3_3945.root

file path found: /hdfs/store/user/varuns/Run2018D_Prompt/EGamma/crab_job_EGamma2018Dv2_3/190526_233749/0003/Data_EGamma2018Dv2_3_3946.root
name: Data_EGamma2018Dv2_3_3946.root
filenumber: 78
Adding FullPathInputFile to chain:/hdfs/store/user/varuns/Run2018D_Prompt/EGamma/crab_job_EGamma2018Dv2_3/190526_233749/0003/Data_EGamma2018Dv2_3_3946.root

file path found: /hdfs/store/user/varuns/Run2018D_Prompt/EGamma/crab_job_EGamma2018Dv2_3/190526_233749/0003/Data_EGamma2018Dv2_3_3947.root
name: Data_EGamma2018Dv2_3_3947.root
filenumber: 79
Adding FullPathInputFile to chain:/hdfs/store/user/varuns/Run2018D_Prompt/EGamma/crab_job_EGamma2018Dv2_3/190526_233749/0003/Data_EGamma2018Dv2_3_3947.root

file path found: /hdfs/store/user/varuns/Run2018D_Prompt/EGamma/crab_job_EGamma2018Dv2_3/190526_233749/0003/Data_EGamma2018Dv2_3_3948.root
name: Data_EGamma2018Dv2_3_3948.root
filenumber: 80
Adding FullPathInputFile to chain:/hdfs/store/user/varuns/Run2018D_Prompt/EGamma/crab_job_EGamma2018Dv2_3/190526_233749/0003/Data_EGamma2018Dv2_3_3948.root

file path found: /hdfs/store/user/varuns/Run2018D_Prompt/EGamma/crab_job_EGamma2018Dv2_3/190526_233749/0003/Data_EGamma2018Dv2_3_3949.root
name: Data_EGamma2018Dv2_3_3949.root
filenumber: 81
Adding FullPathInputFile to chain:/hdfs/store/user/varuns/Run2018D_Prompt/EGamma/crab_job_EGamma2018Dv2_3/190526_233749/0003/Data_EGamma2018Dv2_3_3949.root

file path found: /hdfs/store/user/varuns/Run2018D_Prompt/EGamma/crab_job_EGamma2018Dv2_3/190526_233749/0003/Data_EGamma2018Dv2_3_3950.root
name: Data_EGamma2018Dv2_3_3950.root
filenumber: 82
Adding FullPathInputFile to chain:/hdfs/store/user/varuns/Run2018D_Prompt/EGamma/crab_job_EGamma2018Dv2_3/190526_233749/0003/Data_EGamma2018Dv2_3_3950.root

file path found: /hdfs/store/user/varuns/Run2018D_Prompt/EGamma/crab_job_EGamma2018Dv2_3/190526_233749/0003/Data_EGamma2018Dv2_3_3951.root
name: Data_EGamma2018Dv2_3_3951.root
filenumber: 83
Adding FullPathInputFile to chain:/hdfs/store/user/varuns/Run2018D_Prompt/EGamma/crab_job_EGamma2018Dv2_3/190526_233749/0003/Data_EGamma2018Dv2_3_3951.root

file path found: /hdfs/store/user/varuns/Run2018D_Prompt/EGamma/crab_job_EGamma2018Dv2_3/190526_233749/0003/Data_EGamma2018Dv2_3_3952.root
name: Data_EGamma2018Dv2_3_3952.root
filenumber: 84
Adding FullPathInputFile to chain:/hdfs/store/user/varuns/Run2018D_Prompt/EGamma/crab_job_EGamma2018Dv2_3/190526_233749/0003/Data_EGamma2018Dv2_3_3952.root

file path found: /hdfs/store/user/varuns/Run2018D_Prompt/EGamma/crab_job_EGamma2018Dv2_3/190526_233749/0003/Data_EGamma2018Dv2_3_3953.root
name: Data_EGamma2018Dv2_3_3953.root
filenumber: 85
Adding FullPathInputFile to chain:/hdfs/store/user/varuns/Run2018D_Prompt/EGamma/crab_job_EGamma2018Dv2_3/190526_233749/0003/Data_EGamma2018Dv2_3_3953.root

file path found: /hdfs/store/user/varuns/Run2018D_Prompt/EGamma/crab_job_EGamma2018Dv2_3/190526_233749/0003/Data_EGamma2018Dv2_3_3954.root
name: Data_EGamma2018Dv2_3_3954.root
filenumber: 86
Adding FullPathInputFile to chain:/hdfs/store/user/varuns/Run2018D_Prompt/EGamma/crab_job_EGamma2018Dv2_3/190526_233749/0003/Data_EGamma2018Dv2_3_3954.root

file path found: /hdfs/store/user/varuns/Run2018D_Prompt/EGamma/crab_job_EGamma2018Dv2_3/190526_233749/0003/Data_EGamma2018Dv2_3_3955.root
name: Data_EGamma2018Dv2_3_3955.root
filenumber: 87
Adding FullPathInputFile to chain:/hdfs/store/user/varuns/Run2018D_Prompt/EGamma/crab_job_EGamma2018Dv2_3/190526_233749/0003/Data_EGamma2018Dv2_3_3955.root

file path found: /hdfs/store/user/varuns/Run2018D_Prompt/EGamma/crab_job_EGamma2018Dv2_3/190526_233749/0003/Data_EGamma2018Dv2_3_3956.root
name: Data_EGamma2018Dv2_3_3956.root
filenumber: 88
Adding FullPathInputFile to chain:/hdfs/store/user/varuns/Run2018D_Prompt/EGamma/crab_job_EGamma2018Dv2_3/190526_233749/0003/Data_EGamma2018Dv2_3_3956.root

file path found: /hdfs/store/user/varuns/Run2018D_Prompt/EGamma/crab_job_EGamma2018Dv2_3/190526_233749/0003/Data_EGamma2018Dv2_3_3957.root
name: Data_EGamma2018Dv2_3_3957.root
filenumber: 89
Adding FullPathInputFile to chain:/hdfs/store/user/varuns/Run2018D_Prompt/EGamma/crab_job_EGamma2018Dv2_3/190526_233749/0003/Data_EGamma2018Dv2_3_3957.root

file path found: /hdfs/store/user/varuns/Run2018D_Prompt/EGamma/crab_job_EGamma2018Dv2_3/190526_233749/0003/Data_EGamma2018Dv2_3_3958.root
name: Data_EGamma2018Dv2_3_3958.root
filenumber: 90
Adding FullPathInputFile to chain:/hdfs/store/user/varuns/Run2018D_Prompt/EGamma/crab_job_EGamma2018Dv2_3/190526_233749/0003/Data_EGamma2018Dv2_3_3958.root

file path found: /hdfs/store/user/varuns/Run2018D_Prompt/EGamma/crab_job_EGamma2018Dv2_3/190526_233749/0003/Data_EGamma2018Dv2_3_3959.root
name: Data_EGamma2018Dv2_3_3959.root
filenumber: 91
Adding FullPathInputFile to chain:/hdfs/store/user/varuns/Run2018D_Prompt/EGamma/crab_job_EGamma2018Dv2_3/190526_233749/0003/Data_EGamma2018Dv2_3_3959.root

file path found: /hdfs/store/user/varuns/Run2018D_Prompt/EGamma/crab_job_EGamma2018Dv2_3/190526_233749/0003/Data_EGamma2018Dv2_3_3960.root
name: Data_EGamma2018Dv2_3_3960.root
filenumber: 92
Adding FullPathInputFile to chain:/hdfs/store/user/varuns/Run2018D_Prompt/EGamma/crab_job_EGamma2018Dv2_3/190526_233749/0003/Data_EGamma2018Dv2_3_3960.root

file path found: /hdfs/store/user/varuns/Run2018D_Prompt/EGamma/crab_job_EGamma2018Dv2_3/190526_233749/0003/Data_EGamma2018Dv2_3_3961.root
name: Data_EGamma2018Dv2_3_3961.root
filenumber: 93
Adding FullPathInputFile to chain:/hdfs/store/user/varuns/Run2018D_Prompt/EGamma/crab_job_EGamma2018Dv2_3/190526_233749/0003/Data_EGamma2018Dv2_3_3961.root

file path found: /hdfs/store/user/varuns/Run2018D_Prompt/EGamma/crab_job_EGamma2018Dv2_3/190526_233749/0003/Data_EGamma2018Dv2_3_3962.root
name: Data_EGamma2018Dv2_3_3962.root
filenumber: 94
Adding FullPathInputFile to chain:/hdfs/store/user/varuns/Run2018D_Prompt/EGamma/crab_job_EGamma2018Dv2_3/190526_233749/0003/Data_EGamma2018Dv2_3_3962.root

file path found: /hdfs/store/user/varuns/Run2018D_Prompt/EGamma/crab_job_EGamma2018Dv2_3/190526_233749/0003/Data_EGamma2018Dv2_3_3963.root
name: Data_EGamma2018Dv2_3_3963.root
filenumber: 95
Adding FullPathInputFile to chain:/hdfs/store/user/varuns/Run2018D_Prompt/EGamma/crab_job_EGamma2018Dv2_3/190526_233749/0003/Data_EGamma2018Dv2_3_3963.root

file path found: /hdfs/store/user/varuns/Run2018D_Prompt/EGamma/crab_job_EGamma2018Dv2_3/190526_233749/0003/Data_EGamma2018Dv2_3_3964.root
name: Data_EGamma2018Dv2_3_3964.root
filenumber: 96
Adding FullPathInputFile to chain:/hdfs/store/user/varuns/Run2018D_Prompt/EGamma/crab_job_EGamma2018Dv2_3/190526_233749/0003/Data_EGamma2018Dv2_3_3964.root

file path found: /hdfs/store/user/varuns/Run2018D_Prompt/EGamma/crab_job_EGamma2018Dv2_3/190526_233749/0003/Data_EGamma2018Dv2_3_3965.root
name: Data_EGamma2018Dv2_3_3965.root
filenumber: 97
Adding FullPathInputFile to chain:/hdfs/store/user/varuns/Run2018D_Prompt/EGamma/crab_job_EGamma2018Dv2_3/190526_233749/0003/Data_EGamma2018Dv2_3_3965.root

file path found: /hdfs/store/user/varuns/Run2018D_Prompt/EGamma/crab_job_EGamma2018Dv2_3/190526_233749/0003/Data_EGamma2018Dv2_3_3966.root
name: Data_EGamma2018Dv2_3_3966.root
filenumber: 98
Adding FullPathInputFile to chain:/hdfs/store/user/varuns/Run2018D_Prompt/EGamma/crab_job_EGamma2018Dv2_3/190526_233749/0003/Data_EGamma2018Dv2_3_3966.root

file path found: /hdfs/store/user/varuns/Run2018D_Prompt/EGamma/crab_job_EGamma2018Dv2_3/190526_233749/0003/Data_EGamma2018Dv2_3_3967.root
name: Data_EGamma2018Dv2_3_3967.root
filenumber: 99
Adding FullPathInputFile to chain:/hdfs/store/user/varuns/Run2018D_Prompt/EGamma/crab_job_EGamma2018Dv2_3/190526_233749/0003/Data_EGamma2018Dv2_3_3967.root

file path found: /hdfs/store/user/varuns/Run2018D_Prompt/EGamma/crab_job_EGamma2018Dv2_3/190526_233749/0003/Data_EGamma2018Dv2_3_3968.root
name: Data_EGamma2018Dv2_3_3968.root
filenumber: 100
Adding FullPathInputFile to chain:/hdfs/store/user/varuns/Run2018D_Prompt/EGamma/crab_job_EGamma2018Dv2_3/190526_233749/0003/Data_EGamma2018Dv2_3_3968.root

file path found: /hdfs/store/user/varuns/Run2018D_Prompt/EGamma/crab_job_EGamma2018Dv2_3/190526_233749/0003/Data_EGamma2018Dv2_3_3969.root
name: Data_EGamma2018Dv2_3_3969.root
filenumber: 101
Adding FullPathInputFile to chain:/hdfs/store/user/varuns/Run2018D_Prompt/EGamma/crab_job_EGamma2018Dv2_3/190526_233749/0003/Data_EGamma2018Dv2_3_3969.root

file path found: /hdfs/store/user/varuns/Run2018D_Prompt/EGamma/crab_job_EGamma2018Dv2_3/190526_233749/0003/Data_EGamma2018Dv2_3_3970.root
name: Data_EGamma2018Dv2_3_3970.root
filenumber: 102
Adding FullPathInputFile to chain:/hdfs/store/user/varuns/Run2018D_Prompt/EGamma/crab_job_EGamma2018Dv2_3/190526_233749/0003/Data_EGamma2018Dv2_3_3970.root

file path found: /hdfs/store/user/varuns/Run2018D_Prompt/EGamma/crab_job_EGamma2018Dv2_3/190526_233749/0003/Data_EGamma2018Dv2_3_3971.root
name: Data_EGamma2018Dv2_3_3971.root
filenumber: 103
Adding FullPathInputFile to chain:/hdfs/store/user/varuns/Run2018D_Prompt/EGamma/crab_job_EGamma2018Dv2_3/190526_233749/0003/Data_EGamma2018Dv2_3_3971.root

file path found: /hdfs/store/user/varuns/Run2018D_Prompt/EGamma/crab_job_EGamma2018Dv2_3/190526_233749/0003/Data_EGamma2018Dv2_3_3972.root
name: Data_EGamma2018Dv2_3_3972.root
filenumber: 104
Adding FullPathInputFile to chain:/hdfs/store/user/varuns/Run2018D_Prompt/EGamma/crab_job_EGamma2018Dv2_3/190526_233749/0003/Data_EGamma2018Dv2_3_3972.root

file path found: /hdfs/store/user/varuns/Run2018D_Prompt/EGamma/crab_job_EGamma2018Dv2_3/190526_233749/0003/Data_EGamma2018Dv2_3_3973.root
name: Data_EGamma2018Dv2_3_3973.root
filenumber: 105
Adding FullPathInputFile to chain:/hdfs/store/user/varuns/Run2018D_Prompt/EGamma/crab_job_EGamma2018Dv2_3/190526_233749/0003/Data_EGamma2018Dv2_3_3973.root

file path found: /hdfs/store/user/varuns/Run2018D_Prompt/EGamma/crab_job_EGamma2018Dv2_3/190526_233749/0003/Data_EGamma2018Dv2_3_3974.root
name: Data_EGamma2018Dv2_3_3974.root
filenumber: 106
Adding FullPathInputFile to chain:/hdfs/store/user/varuns/Run2018D_Prompt/EGamma/crab_job_EGamma2018Dv2_3/190526_233749/0003/Data_EGamma2018Dv2_3_3974.root

file path found: /hdfs/store/user/varuns/Run2018D_Prompt/EGamma/crab_job_EGamma2018Dv2_3/190526_233749/0003/Data_EGamma2018Dv2_3_3975.root
name: Data_EGamma2018Dv2_3_3975.root
filenumber: 107
Adding FullPathInputFile to chain:/hdfs/store/user/varuns/Run2018D_Prompt/EGamma/crab_job_EGamma2018Dv2_3/190526_233749/0003/Data_EGamma2018Dv2_3_3975.root

file path found: /hdfs/store/user/varuns/Run2018D_Prompt/EGamma/crab_job_EGamma2018Dv2_3/190526_233749/0003/Data_EGamma2018Dv2_3_3976.root
name: Data_EGamma2018Dv2_3_3976.root
filenumber: 108
Adding FullPathInputFile to chain:/hdfs/store/user/varuns/Run2018D_Prompt/EGamma/crab_job_EGamma2018Dv2_3/190526_233749/0003/Data_EGamma2018Dv2_3_3976.root

file path found: /hdfs/store/user/varuns/Run2018D_Prompt/EGamma/crab_job_EGamma2018Dv2_3/190526_233749/0003/Data_EGamma2018Dv2_3_3977.root
name: Data_EGamma2018Dv2_3_3977.root
filenumber: 109
Adding FullPathInputFile to chain:/hdfs/store/user/varuns/Run2018D_Prompt/EGamma/crab_job_EGamma2018Dv2_3/190526_233749/0003/Data_EGamma2018Dv2_3_3977.root

file path found: /hdfs/store/user/varuns/Run2018D_Prompt/EGamma/crab_job_EGamma2018Dv2_3/190526_233749/0003/Data_EGamma2018Dv2_3_3978.root
name: Data_EGamma2018Dv2_3_3978.root
filenumber: 110
Adding FullPathInputFile to chain:/hdfs/store/user/varuns/Run2018D_Prompt/EGamma/crab_job_EGamma2018Dv2_3/190526_233749/0003/Data_EGamma2018Dv2_3_3978.root

file path found: /hdfs/store/user/varuns/Run2018D_Prompt/EGamma/crab_job_EGamma2018Dv2_3/190526_233749/0003/Data_EGamma2018Dv2_3_3979.root
name: Data_EGamma2018Dv2_3_3979.root
filenumber: 111
Adding FullPathInputFile to chain:/hdfs/store/user/varuns/Run2018D_Prompt/EGamma/crab_job_EGamma2018Dv2_3/190526_233749/0003/Data_EGamma2018Dv2_3_3979.root

file path found: /hdfs/store/user/varuns/Run2018D_Prompt/EGamma/crab_job_EGamma2018Dv2_3/190526_233749/0003/Data_EGamma2018Dv2_3_3980.root
name: Data_EGamma2018Dv2_3_3980.root
filenumber: 112
Adding FullPathInputFile to chain:/hdfs/store/user/varuns/Run2018D_Prompt/EGamma/crab_job_EGamma2018Dv2_3/190526_233749/0003/Data_EGamma2018Dv2_3_3980.root

file path found: /hdfs/store/user/varuns/Run2018D_Prompt/EGamma/crab_job_EGamma2018Dv2_3/190526_233749/0003/Data_EGamma2018Dv2_3_3981.root
name: Data_EGamma2018Dv2_3_3981.root
filenumber: 113
Adding FullPathInputFile to chain:/hdfs/store/user/varuns/Run2018D_Prompt/EGamma/crab_job_EGamma2018Dv2_3/190526_233749/0003/Data_EGamma2018Dv2_3_3981.root

file path found: /hdfs/store/user/varuns/Run2018D_Prompt/EGamma/crab_job_EGamma2018Dv2_3/190526_233749/0003/.
name: .
filenumber: 114
file path found: /hdfs/store/user/varuns/Run2018D_Prompt/EGamma/crab_job_EGamma2018Dv2_3/190526_233749/0003/..
name: ..
filenumber: 115
57 files added.
Initializing chain.
Coming in: 
nentries:831738
Running over 831738 events.
Finished entry 0/831737
Finished entry 10000/831737
Finished entry 20000/831737
Finished entry 30000/831737
Finished entry 40000/831737
Finished entry 50000/831737
Finished entry 60000/831737
Finished entry 70000/831737
Finished entry 80000/831737
Finished entry 90000/831737
Finished entry 100000/831737
Finished entry 110000/831737
Finished entry 120000/831737
Finished entry 130000/831737
Finished entry 140000/831737
Finished entry 150000/831737
Finished entry 160000/831737
Finished entry 170000/831737
Finished entry 180000/831737
Finished entry 190000/831737
Finished entry 200000/831737
Finished entry 210000/831737
Finished entry 220000/831737
Finished entry 230000/831737
Finished entry 240000/831737
Finished entry 250000/831737
Finished entry 260000/831737
Finished entry 270000/831737
Finished entry 280000/831737
Finished entry 290000/831737
Finished entry 300000/831737
Finished entry 310000/831737
Finished entry 320000/831737
Finished entry 330000/831737
Finished entry 340000/831737
Finished entry 350000/831737
Finished entry 360000/831737
Finished entry 370000/831737
Finished entry 380000/831737
Finished entry 390000/831737
Finished entry 400000/831737
Finished entry 410000/831737
Finished entry 420000/831737
Finished entry 430000/831737
Finished entry 440000/831737
Finished entry 450000/831737
Finished entry 460000/831737
Finished entry 470000/831737
Finished entry 480000/831737
Finished entry 490000/831737
Finished entry 500000/831737
Finished entry 510000/831737
Finished entry 520000/831737
Finished entry 530000/831737
Finished entry 540000/831737
Finished entry 550000/831737
Finished entry 560000/831737
Finished entry 570000/831737
Finished entry 580000/831737
Finished entry 590000/831737
Finished entry 600000/831737
Finished entry 610000/831737
Finished entry 620000/831737
Finished entry 630000/831737
Finished entry 640000/831737
Finished entry 650000/831737
Finished entry 660000/831737
Finished entry 670000/831737
Finished entry 680000/831737
Finished entry 690000/831737
Finished entry 700000/831737
Finished entry 710000/831737
Finished entry 720000/831737
Finished entry 730000/831737
Finished entry 740000/831737
Finished entry 750000/831737
Finished entry 760000/831737
Finished entry 770000/831737
Finished entry 780000/831737
Finished entry 790000/831737
Finished entry 800000/831737
Finished entry 810000/831737
Finished entry 820000/831737
Finished entry 830000/831737
