000 (1262579.010.000) 07/25 12:34:06 Job submitted from host: <144.92.180.28:9618?addrs=144.92.180.28-9618+[2607-f388-101c-1000--370]-9618&noUDP&sock=5187_6dd5_82>
...
001 (1262579.010.000) 07/25 13:50:52 Job executing on host: <144.92.180.245:9618?addrs=144.92.180.245-9618+[2607-f388-101c-1000--629]-9618&noUDP&sock=10058_87a6_3>
...
006 (1262579.010.000) 07/25 13:51:00 Image size of job updated: 226184
	107  -  MemoryUsage of job (MB)
	108612  -  ResidentSetSize of job (KB)
...
005 (1262579.010.000) 07/25 14:07:16 Job terminated.
	(1) Normal termination (return value 0)
		Usr 0 00:02:20, Sys 0 00:00:07  -  Run Remote Usage
		Usr 0 00:00:00, Sys 0 00:00:00  -  Run Local Usage
		Usr 0 00:02:20, Sys 0 00:00:07  -  Total Remote Usage
		Usr 0 00:00:00, Sys 0 00:00:00  -  Total Local Usage
	442259  -  Run Bytes Sent By Job
	283691  -  Run Bytes Received By Job
	442259  -  Total Bytes Sent By Job
	283691  -  Total Bytes Received By Job
	Partitionable Resources :    Usage  Request Allocated
	   Cpus                 :                 1         1
	   Disk (KB)            :  1000000  2048000   7917693
	   Memory (MB)          :      107     1992      1992
...
