file path found: /hdfs/store/user/varuns/Run2018_17Sep2018_May2019/EGamma/crab_job_EGamma2018C/190528_233953/0000/Data_EGamma2018C_1.root
name: Data_EGamma2018C_1.root
filenumber: 0
file path found: /hdfs/store/user/varuns/Run2018_17Sep2018_May2019/EGamma/crab_job_EGamma2018C/190528_233953/0000/Data_EGamma2018C_101.root
name: Data_EGamma2018C_101.root
filenumber: 1
file path found: /hdfs/store/user/varuns/Run2018_17Sep2018_May2019/EGamma/crab_job_EGamma2018C/190528_233953/0000/Data_EGamma2018C_104.root
name: Data_EGamma2018C_104.root
filenumber: 2
file path found: /hdfs/store/user/varuns/Run2018_17Sep2018_May2019/EGamma/crab_job_EGamma2018C/190528_233953/0000/Data_EGamma2018C_117.root
name: Data_EGamma2018C_117.root
filenumber: 3
file path found: /hdfs/store/user/varuns/Run2018_17Sep2018_May2019/EGamma/crab_job_EGamma2018C/190528_233953/0000/Data_EGamma2018C_128.root
name: Data_EGamma2018C_128.root
filenumber: 4
file path found: /hdfs/store/user/varuns/Run2018_17Sep2018_May2019/EGamma/crab_job_EGamma2018C/190528_233953/0000/Data_EGamma2018C_129.root
name: Data_EGamma2018C_129.root
filenumber: 5
file path found: /hdfs/store/user/varuns/Run2018_17Sep2018_May2019/EGamma/crab_job_EGamma2018C/190528_233953/0000/Data_EGamma2018C_132.root
name: Data_EGamma2018C_132.root
filenumber: 6
file path found: /hdfs/store/user/varuns/Run2018_17Sep2018_May2019/EGamma/crab_job_EGamma2018C/190528_233953/0000/Data_EGamma2018C_147.root
name: Data_EGamma2018C_147.root
filenumber: 7
file path found: /hdfs/store/user/varuns/Run2018_17Sep2018_May2019/EGamma/crab_job_EGamma2018C/190528_233953/0000/Data_EGamma2018C_150.root
name: Data_EGamma2018C_150.root
filenumber: 8
file path found: /hdfs/store/user/varuns/Run2018_17Sep2018_May2019/EGamma/crab_job_EGamma2018C/190528_233953/0000/Data_EGamma2018C_151.root
name: Data_EGamma2018C_151.root
filenumber: 9
file path found: /hdfs/store/user/varuns/Run2018_17Sep2018_May2019/EGamma/crab_job_EGamma2018C/190528_233953/0000/Data_EGamma2018C_152.root
name: Data_EGamma2018C_152.root
filenumber: 10
file path found: /hdfs/store/user/varuns/Run2018_17Sep2018_May2019/EGamma/crab_job_EGamma2018C/190528_233953/0000/Data_EGamma2018C_153.root
name: Data_EGamma2018C_153.root
filenumber: 11
file path found: /hdfs/store/user/varuns/Run2018_17Sep2018_May2019/EGamma/crab_job_EGamma2018C/190528_233953/0000/Data_EGamma2018C_154.root
name: Data_EGamma2018C_154.root
filenumber: 12
file path found: /hdfs/store/user/varuns/Run2018_17Sep2018_May2019/EGamma/crab_job_EGamma2018C/190528_233953/0000/Data_EGamma2018C_156.root
name: Data_EGamma2018C_156.root
filenumber: 13
file path found: /hdfs/store/user/varuns/Run2018_17Sep2018_May2019/EGamma/crab_job_EGamma2018C/190528_233953/0000/Data_EGamma2018C_157.root
name: Data_EGamma2018C_157.root
filenumber: 14
file path found: /hdfs/store/user/varuns/Run2018_17Sep2018_May2019/EGamma/crab_job_EGamma2018C/190528_233953/0000/Data_EGamma2018C_158.root
name: Data_EGamma2018C_158.root
filenumber: 15
file path found: /hdfs/store/user/varuns/Run2018_17Sep2018_May2019/EGamma/crab_job_EGamma2018C/190528_233953/0000/Data_EGamma2018C_159.root
name: Data_EGamma2018C_159.root
filenumber: 16
file path found: /hdfs/store/user/varuns/Run2018_17Sep2018_May2019/EGamma/crab_job_EGamma2018C/190528_233953/0000/Data_EGamma2018C_160.root
name: Data_EGamma2018C_160.root
filenumber: 17
file path found: /hdfs/store/user/varuns/Run2018_17Sep2018_May2019/EGamma/crab_job_EGamma2018C/190528_233953/0000/Data_EGamma2018C_163.root
name: Data_EGamma2018C_163.root
filenumber: 18
file path found: /hdfs/store/user/varuns/Run2018_17Sep2018_May2019/EGamma/crab_job_EGamma2018C/190528_233953/0000/Data_EGamma2018C_169.root
name: Data_EGamma2018C_169.root
filenumber: 19
file path found: /hdfs/store/user/varuns/Run2018_17Sep2018_May2019/EGamma/crab_job_EGamma2018C/190528_233953/0000/Data_EGamma2018C_170.root
name: Data_EGamma2018C_170.root
filenumber: 20
file path found: /hdfs/store/user/varuns/Run2018_17Sep2018_May2019/EGamma/crab_job_EGamma2018C/190528_233953/0000/Data_EGamma2018C_171.root
name: Data_EGamma2018C_171.root
filenumber: 21
file path found: /hdfs/store/user/varuns/Run2018_17Sep2018_May2019/EGamma/crab_job_EGamma2018C/190528_233953/0000/Data_EGamma2018C_177.root
name: Data_EGamma2018C_177.root
filenumber: 22
file path found: /hdfs/store/user/varuns/Run2018_17Sep2018_May2019/EGamma/crab_job_EGamma2018C/190528_233953/0000/Data_EGamma2018C_183.root
name: Data_EGamma2018C_183.root
filenumber: 23
file path found: /hdfs/store/user/varuns/Run2018_17Sep2018_May2019/EGamma/crab_job_EGamma2018C/190528_233953/0000/Data_EGamma2018C_184.root
name: Data_EGamma2018C_184.root
filenumber: 24
file path found: /hdfs/store/user/varuns/Run2018_17Sep2018_May2019/EGamma/crab_job_EGamma2018C/190528_233953/0000/Data_EGamma2018C_187.root
name: Data_EGamma2018C_187.root
filenumber: 25
file path found: /hdfs/store/user/varuns/Run2018_17Sep2018_May2019/EGamma/crab_job_EGamma2018C/190528_233953/0000/Data_EGamma2018C_19.root
name: Data_EGamma2018C_19.root
filenumber: 26
file path found: /hdfs/store/user/varuns/Run2018_17Sep2018_May2019/EGamma/crab_job_EGamma2018C/190528_233953/0000/Data_EGamma2018C_201.root
name: Data_EGamma2018C_201.root
filenumber: 27
file path found: /hdfs/store/user/varuns/Run2018_17Sep2018_May2019/EGamma/crab_job_EGamma2018C/190528_233953/0000/Data_EGamma2018C_204.root
name: Data_EGamma2018C_204.root
filenumber: 28
file path found: /hdfs/store/user/varuns/Run2018_17Sep2018_May2019/EGamma/crab_job_EGamma2018C/190528_233953/0000/Data_EGamma2018C_205.root
name: Data_EGamma2018C_205.root
filenumber: 29
file path found: /hdfs/store/user/varuns/Run2018_17Sep2018_May2019/EGamma/crab_job_EGamma2018C/190528_233953/0000/Data_EGamma2018C_206.root
name: Data_EGamma2018C_206.root
filenumber: 30
file path found: /hdfs/store/user/varuns/Run2018_17Sep2018_May2019/EGamma/crab_job_EGamma2018C/190528_233953/0000/Data_EGamma2018C_207.root
name: Data_EGamma2018C_207.root
filenumber: 31
file path found: /hdfs/store/user/varuns/Run2018_17Sep2018_May2019/EGamma/crab_job_EGamma2018C/190528_233953/0000/Data_EGamma2018C_208.root
name: Data_EGamma2018C_208.root
filenumber: 32
file path found: /hdfs/store/user/varuns/Run2018_17Sep2018_May2019/EGamma/crab_job_EGamma2018C/190528_233953/0000/Data_EGamma2018C_212.root
name: Data_EGamma2018C_212.root
filenumber: 33
file path found: /hdfs/store/user/varuns/Run2018_17Sep2018_May2019/EGamma/crab_job_EGamma2018C/190528_233953/0000/Data_EGamma2018C_213.root
name: Data_EGamma2018C_213.root
filenumber: 34
file path found: /hdfs/store/user/varuns/Run2018_17Sep2018_May2019/EGamma/crab_job_EGamma2018C/190528_233953/0000/Data_EGamma2018C_214.root
name: Data_EGamma2018C_214.root
filenumber: 35
file path found: /hdfs/store/user/varuns/Run2018_17Sep2018_May2019/EGamma/crab_job_EGamma2018C/190528_233953/0000/Data_EGamma2018C_215.root
name: Data_EGamma2018C_215.root
filenumber: 36
file path found: /hdfs/store/user/varuns/Run2018_17Sep2018_May2019/EGamma/crab_job_EGamma2018C/190528_233953/0000/Data_EGamma2018C_216.root
name: Data_EGamma2018C_216.root
filenumber: 37
file path found: /hdfs/store/user/varuns/Run2018_17Sep2018_May2019/EGamma/crab_job_EGamma2018C/190528_233953/0000/Data_EGamma2018C_217.root
name: Data_EGamma2018C_217.root
filenumber: 38
file path found: /hdfs/store/user/varuns/Run2018_17Sep2018_May2019/EGamma/crab_job_EGamma2018C/190528_233953/0000/Data_EGamma2018C_218.root
name: Data_EGamma2018C_218.root
filenumber: 39
file path found: /hdfs/store/user/varuns/Run2018_17Sep2018_May2019/EGamma/crab_job_EGamma2018C/190528_233953/0000/Data_EGamma2018C_219.root
name: Data_EGamma2018C_219.root
filenumber: 40
file path found: /hdfs/store/user/varuns/Run2018_17Sep2018_May2019/EGamma/crab_job_EGamma2018C/190528_233953/0000/Data_EGamma2018C_220.root
name: Data_EGamma2018C_220.root
filenumber: 41
file path found: /hdfs/store/user/varuns/Run2018_17Sep2018_May2019/EGamma/crab_job_EGamma2018C/190528_233953/0000/Data_EGamma2018C_221.root
name: Data_EGamma2018C_221.root
filenumber: 42
file path found: /hdfs/store/user/varuns/Run2018_17Sep2018_May2019/EGamma/crab_job_EGamma2018C/190528_233953/0000/Data_EGamma2018C_224.root
name: Data_EGamma2018C_224.root
filenumber: 43
file path found: /hdfs/store/user/varuns/Run2018_17Sep2018_May2019/EGamma/crab_job_EGamma2018C/190528_233953/0000/Data_EGamma2018C_225.root
name: Data_EGamma2018C_225.root
filenumber: 44
file path found: /hdfs/store/user/varuns/Run2018_17Sep2018_May2019/EGamma/crab_job_EGamma2018C/190528_233953/0000/Data_EGamma2018C_229.root
name: Data_EGamma2018C_229.root
filenumber: 45
file path found: /hdfs/store/user/varuns/Run2018_17Sep2018_May2019/EGamma/crab_job_EGamma2018C/190528_233953/0000/Data_EGamma2018C_231.root
name: Data_EGamma2018C_231.root
filenumber: 46
file path found: /hdfs/store/user/varuns/Run2018_17Sep2018_May2019/EGamma/crab_job_EGamma2018C/190528_233953/0000/Data_EGamma2018C_235.root
name: Data_EGamma2018C_235.root
filenumber: 47
file path found: /hdfs/store/user/varuns/Run2018_17Sep2018_May2019/EGamma/crab_job_EGamma2018C/190528_233953/0000/Data_EGamma2018C_237.root
name: Data_EGamma2018C_237.root
filenumber: 48
file path found: /hdfs/store/user/varuns/Run2018_17Sep2018_May2019/EGamma/crab_job_EGamma2018C/190528_233953/0000/Data_EGamma2018C_238.root
name: Data_EGamma2018C_238.root
filenumber: 49
file path found: /hdfs/store/user/varuns/Run2018_17Sep2018_May2019/EGamma/crab_job_EGamma2018C/190528_233953/0000/Data_EGamma2018C_239.root
name: Data_EGamma2018C_239.root
filenumber: 50
file path found: /hdfs/store/user/varuns/Run2018_17Sep2018_May2019/EGamma/crab_job_EGamma2018C/190528_233953/0000/Data_EGamma2018C_241.root
name: Data_EGamma2018C_241.root
filenumber: 51
file path found: /hdfs/store/user/varuns/Run2018_17Sep2018_May2019/EGamma/crab_job_EGamma2018C/190528_233953/0000/Data_EGamma2018C_247.root
name: Data_EGamma2018C_247.root
filenumber: 52
file path found: /hdfs/store/user/varuns/Run2018_17Sep2018_May2019/EGamma/crab_job_EGamma2018C/190528_233953/0000/Data_EGamma2018C_248.root
name: Data_EGamma2018C_248.root
filenumber: 53
file path found: /hdfs/store/user/varuns/Run2018_17Sep2018_May2019/EGamma/crab_job_EGamma2018C/190528_233953/0000/Data_EGamma2018C_249.root
name: Data_EGamma2018C_249.root
filenumber: 54
file path found: /hdfs/store/user/varuns/Run2018_17Sep2018_May2019/EGamma/crab_job_EGamma2018C/190528_233953/0000/Data_EGamma2018C_250.root
name: Data_EGamma2018C_250.root
filenumber: 55
file path found: /hdfs/store/user/varuns/Run2018_17Sep2018_May2019/EGamma/crab_job_EGamma2018C/190528_233953/0000/Data_EGamma2018C_255.root
name: Data_EGamma2018C_255.root
filenumber: 56
file path found: /hdfs/store/user/varuns/Run2018_17Sep2018_May2019/EGamma/crab_job_EGamma2018C/190528_233953/0000/Data_EGamma2018C_256.root
name: Data_EGamma2018C_256.root
filenumber: 57
file path found: /hdfs/store/user/varuns/Run2018_17Sep2018_May2019/EGamma/crab_job_EGamma2018C/190528_233953/0000/Data_EGamma2018C_257.root
name: Data_EGamma2018C_257.root
filenumber: 58
file path found: /hdfs/store/user/varuns/Run2018_17Sep2018_May2019/EGamma/crab_job_EGamma2018C/190528_233953/0000/Data_EGamma2018C_258.root
name: Data_EGamma2018C_258.root
filenumber: 59
file path found: /hdfs/store/user/varuns/Run2018_17Sep2018_May2019/EGamma/crab_job_EGamma2018C/190528_233953/0000/Data_EGamma2018C_259.root
name: Data_EGamma2018C_259.root
filenumber: 60
file path found: /hdfs/store/user/varuns/Run2018_17Sep2018_May2019/EGamma/crab_job_EGamma2018C/190528_233953/0000/Data_EGamma2018C_260.root
name: Data_EGamma2018C_260.root
filenumber: 61
file path found: /hdfs/store/user/varuns/Run2018_17Sep2018_May2019/EGamma/crab_job_EGamma2018C/190528_233953/0000/Data_EGamma2018C_261.root
name: Data_EGamma2018C_261.root
filenumber: 62
file path found: /hdfs/store/user/varuns/Run2018_17Sep2018_May2019/EGamma/crab_job_EGamma2018C/190528_233953/0000/Data_EGamma2018C_262.root
name: Data_EGamma2018C_262.root
filenumber: 63
file path found: /hdfs/store/user/varuns/Run2018_17Sep2018_May2019/EGamma/crab_job_EGamma2018C/190528_233953/0000/Data_EGamma2018C_263.root
name: Data_EGamma2018C_263.root
filenumber: 64
file path found: /hdfs/store/user/varuns/Run2018_17Sep2018_May2019/EGamma/crab_job_EGamma2018C/190528_233953/0000/Data_EGamma2018C_264.root
name: Data_EGamma2018C_264.root
filenumber: 65
file path found: /hdfs/store/user/varuns/Run2018_17Sep2018_May2019/EGamma/crab_job_EGamma2018C/190528_233953/0000/Data_EGamma2018C_265.root
name: Data_EGamma2018C_265.root
filenumber: 66
file path found: /hdfs/store/user/varuns/Run2018_17Sep2018_May2019/EGamma/crab_job_EGamma2018C/190528_233953/0000/Data_EGamma2018C_266.root
name: Data_EGamma2018C_266.root
filenumber: 67
file path found: /hdfs/store/user/varuns/Run2018_17Sep2018_May2019/EGamma/crab_job_EGamma2018C/190528_233953/0000/Data_EGamma2018C_268.root
name: Data_EGamma2018C_268.root
filenumber: 68
file path found: /hdfs/store/user/varuns/Run2018_17Sep2018_May2019/EGamma/crab_job_EGamma2018C/190528_233953/0000/Data_EGamma2018C_269.root
name: Data_EGamma2018C_269.root
filenumber: 69
file path found: /hdfs/store/user/varuns/Run2018_17Sep2018_May2019/EGamma/crab_job_EGamma2018C/190528_233953/0000/Data_EGamma2018C_270.root
name: Data_EGamma2018C_270.root
filenumber: 70
file path found: /hdfs/store/user/varuns/Run2018_17Sep2018_May2019/EGamma/crab_job_EGamma2018C/190528_233953/0000/Data_EGamma2018C_275.root
name: Data_EGamma2018C_275.root
filenumber: 71
file path found: /hdfs/store/user/varuns/Run2018_17Sep2018_May2019/EGamma/crab_job_EGamma2018C/190528_233953/0000/Data_EGamma2018C_277.root
name: Data_EGamma2018C_277.root
filenumber: 72
file path found: /hdfs/store/user/varuns/Run2018_17Sep2018_May2019/EGamma/crab_job_EGamma2018C/190528_233953/0000/Data_EGamma2018C_278.root
name: Data_EGamma2018C_278.root
filenumber: 73
file path found: /hdfs/store/user/varuns/Run2018_17Sep2018_May2019/EGamma/crab_job_EGamma2018C/190528_233953/0000/Data_EGamma2018C_283.root
name: Data_EGamma2018C_283.root
filenumber: 74
file path found: /hdfs/store/user/varuns/Run2018_17Sep2018_May2019/EGamma/crab_job_EGamma2018C/190528_233953/0000/Data_EGamma2018C_285.root
name: Data_EGamma2018C_285.root
filenumber: 75
file path found: /hdfs/store/user/varuns/Run2018_17Sep2018_May2019/EGamma/crab_job_EGamma2018C/190528_233953/0000/Data_EGamma2018C_288.root
name: Data_EGamma2018C_288.root
filenumber: 76
file path found: /hdfs/store/user/varuns/Run2018_17Sep2018_May2019/EGamma/crab_job_EGamma2018C/190528_233953/0000/Data_EGamma2018C_291.root
name: Data_EGamma2018C_291.root
filenumber: 77
file path found: /hdfs/store/user/varuns/Run2018_17Sep2018_May2019/EGamma/crab_job_EGamma2018C/190528_233953/0000/Data_EGamma2018C_292.root
name: Data_EGamma2018C_292.root
filenumber: 78
file path found: /hdfs/store/user/varuns/Run2018_17Sep2018_May2019/EGamma/crab_job_EGamma2018C/190528_233953/0000/Data_EGamma2018C_294.root
name: Data_EGamma2018C_294.root
filenumber: 79
file path found: /hdfs/store/user/varuns/Run2018_17Sep2018_May2019/EGamma/crab_job_EGamma2018C/190528_233953/0000/Data_EGamma2018C_299.root
name: Data_EGamma2018C_299.root
filenumber: 80
file path found: /hdfs/store/user/varuns/Run2018_17Sep2018_May2019/EGamma/crab_job_EGamma2018C/190528_233953/0000/Data_EGamma2018C_300.root
name: Data_EGamma2018C_300.root
filenumber: 81
file path found: /hdfs/store/user/varuns/Run2018_17Sep2018_May2019/EGamma/crab_job_EGamma2018C/190528_233953/0000/Data_EGamma2018C_301.root
name: Data_EGamma2018C_301.root
filenumber: 82
file path found: /hdfs/store/user/varuns/Run2018_17Sep2018_May2019/EGamma/crab_job_EGamma2018C/190528_233953/0000/Data_EGamma2018C_302.root
name: Data_EGamma2018C_302.root
filenumber: 83
file path found: /hdfs/store/user/varuns/Run2018_17Sep2018_May2019/EGamma/crab_job_EGamma2018C/190528_233953/0000/Data_EGamma2018C_303.root
name: Data_EGamma2018C_303.root
filenumber: 84
file path found: /hdfs/store/user/varuns/Run2018_17Sep2018_May2019/EGamma/crab_job_EGamma2018C/190528_233953/0000/Data_EGamma2018C_305.root
name: Data_EGamma2018C_305.root
filenumber: 85
file path found: /hdfs/store/user/varuns/Run2018_17Sep2018_May2019/EGamma/crab_job_EGamma2018C/190528_233953/0000/Data_EGamma2018C_310.root
name: Data_EGamma2018C_310.root
filenumber: 86
file path found: /hdfs/store/user/varuns/Run2018_17Sep2018_May2019/EGamma/crab_job_EGamma2018C/190528_233953/0000/Data_EGamma2018C_311.root
name: Data_EGamma2018C_311.root
filenumber: 87
file path found: /hdfs/store/user/varuns/Run2018_17Sep2018_May2019/EGamma/crab_job_EGamma2018C/190528_233953/0000/Data_EGamma2018C_312.root
name: Data_EGamma2018C_312.root
filenumber: 88
file path found: /hdfs/store/user/varuns/Run2018_17Sep2018_May2019/EGamma/crab_job_EGamma2018C/190528_233953/0000/Data_EGamma2018C_315.root
name: Data_EGamma2018C_315.root
filenumber: 89
file path found: /hdfs/store/user/varuns/Run2018_17Sep2018_May2019/EGamma/crab_job_EGamma2018C/190528_233953/0000/Data_EGamma2018C_318.root
name: Data_EGamma2018C_318.root
filenumber: 90
file path found: /hdfs/store/user/varuns/Run2018_17Sep2018_May2019/EGamma/crab_job_EGamma2018C/190528_233953/0000/Data_EGamma2018C_319.root
name: Data_EGamma2018C_319.root
filenumber: 91
file path found: /hdfs/store/user/varuns/Run2018_17Sep2018_May2019/EGamma/crab_job_EGamma2018C/190528_233953/0000/Data_EGamma2018C_320.root
name: Data_EGamma2018C_320.root
filenumber: 92
file path found: /hdfs/store/user/varuns/Run2018_17Sep2018_May2019/EGamma/crab_job_EGamma2018C/190528_233953/0000/Data_EGamma2018C_328.root
name: Data_EGamma2018C_328.root
filenumber: 93
file path found: /hdfs/store/user/varuns/Run2018_17Sep2018_May2019/EGamma/crab_job_EGamma2018C/190528_233953/0000/Data_EGamma2018C_329.root
name: Data_EGamma2018C_329.root
filenumber: 94
file path found: /hdfs/store/user/varuns/Run2018_17Sep2018_May2019/EGamma/crab_job_EGamma2018C/190528_233953/0000/Data_EGamma2018C_330.root
name: Data_EGamma2018C_330.root
filenumber: 95
file path found: /hdfs/store/user/varuns/Run2018_17Sep2018_May2019/EGamma/crab_job_EGamma2018C/190528_233953/0000/Data_EGamma2018C_331.root
name: Data_EGamma2018C_331.root
filenumber: 96
file path found: /hdfs/store/user/varuns/Run2018_17Sep2018_May2019/EGamma/crab_job_EGamma2018C/190528_233953/0000/Data_EGamma2018C_332.root
name: Data_EGamma2018C_332.root
filenumber: 97
file path found: /hdfs/store/user/varuns/Run2018_17Sep2018_May2019/EGamma/crab_job_EGamma2018C/190528_233953/0000/Data_EGamma2018C_333.root
name: Data_EGamma2018C_333.root
filenumber: 98
file path found: /hdfs/store/user/varuns/Run2018_17Sep2018_May2019/EGamma/crab_job_EGamma2018C/190528_233953/0000/Data_EGamma2018C_334.root
name: Data_EGamma2018C_334.root
filenumber: 99
file path found: /hdfs/store/user/varuns/Run2018_17Sep2018_May2019/EGamma/crab_job_EGamma2018C/190528_233953/0000/Data_EGamma2018C_335.root
name: Data_EGamma2018C_335.root
filenumber: 100
file path found: /hdfs/store/user/varuns/Run2018_17Sep2018_May2019/EGamma/crab_job_EGamma2018C/190528_233953/0000/Data_EGamma2018C_336.root
name: Data_EGamma2018C_336.root
filenumber: 101
file path found: /hdfs/store/user/varuns/Run2018_17Sep2018_May2019/EGamma/crab_job_EGamma2018C/190528_233953/0000/Data_EGamma2018C_339.root
name: Data_EGamma2018C_339.root
filenumber: 102
file path found: /hdfs/store/user/varuns/Run2018_17Sep2018_May2019/EGamma/crab_job_EGamma2018C/190528_233953/0000/Data_EGamma2018C_340.root
name: Data_EGamma2018C_340.root
filenumber: 103
file path found: /hdfs/store/user/varuns/Run2018_17Sep2018_May2019/EGamma/crab_job_EGamma2018C/190528_233953/0000/Data_EGamma2018C_341.root
name: Data_EGamma2018C_341.root
filenumber: 104
file path found: /hdfs/store/user/varuns/Run2018_17Sep2018_May2019/EGamma/crab_job_EGamma2018C/190528_233953/0000/Data_EGamma2018C_343.root
name: Data_EGamma2018C_343.root
filenumber: 105
file path found: /hdfs/store/user/varuns/Run2018_17Sep2018_May2019/EGamma/crab_job_EGamma2018C/190528_233953/0000/Data_EGamma2018C_344.root
name: Data_EGamma2018C_344.root
filenumber: 106
file path found: /hdfs/store/user/varuns/Run2018_17Sep2018_May2019/EGamma/crab_job_EGamma2018C/190528_233953/0000/Data_EGamma2018C_345.root
name: Data_EGamma2018C_345.root
filenumber: 107
file path found: /hdfs/store/user/varuns/Run2018_17Sep2018_May2019/EGamma/crab_job_EGamma2018C/190528_233953/0000/Data_EGamma2018C_348.root
name: Data_EGamma2018C_348.root
filenumber: 108
file path found: /hdfs/store/user/varuns/Run2018_17Sep2018_May2019/EGamma/crab_job_EGamma2018C/190528_233953/0000/Data_EGamma2018C_349.root
name: Data_EGamma2018C_349.root
filenumber: 109
file path found: /hdfs/store/user/varuns/Run2018_17Sep2018_May2019/EGamma/crab_job_EGamma2018C/190528_233953/0000/Data_EGamma2018C_350.root
name: Data_EGamma2018C_350.root
filenumber: 110
file path found: /hdfs/store/user/varuns/Run2018_17Sep2018_May2019/EGamma/crab_job_EGamma2018C/190528_233953/0000/Data_EGamma2018C_351.root
name: Data_EGamma2018C_351.root
filenumber: 111
file path found: /hdfs/store/user/varuns/Run2018_17Sep2018_May2019/EGamma/crab_job_EGamma2018C/190528_233953/0000/Data_EGamma2018C_353.root
name: Data_EGamma2018C_353.root
filenumber: 112
file path found: /hdfs/store/user/varuns/Run2018_17Sep2018_May2019/EGamma/crab_job_EGamma2018C/190528_233953/0000/Data_EGamma2018C_354.root
name: Data_EGamma2018C_354.root
filenumber: 113
file path found: /hdfs/store/user/varuns/Run2018_17Sep2018_May2019/EGamma/crab_job_EGamma2018C/190528_233953/0000/Data_EGamma2018C_355.root
name: Data_EGamma2018C_355.root
filenumber: 114
file path found: /hdfs/store/user/varuns/Run2018_17Sep2018_May2019/EGamma/crab_job_EGamma2018C/190528_233953/0000/Data_EGamma2018C_356.root
name: Data_EGamma2018C_356.root
filenumber: 115
file path found: /hdfs/store/user/varuns/Run2018_17Sep2018_May2019/EGamma/crab_job_EGamma2018C/190528_233953/0000/Data_EGamma2018C_357.root
name: Data_EGamma2018C_357.root
filenumber: 116
file path found: /hdfs/store/user/varuns/Run2018_17Sep2018_May2019/EGamma/crab_job_EGamma2018C/190528_233953/0000/Data_EGamma2018C_358.root
name: Data_EGamma2018C_358.root
filenumber: 117
file path found: /hdfs/store/user/varuns/Run2018_17Sep2018_May2019/EGamma/crab_job_EGamma2018C/190528_233953/0000/Data_EGamma2018C_359.root
name: Data_EGamma2018C_359.root
filenumber: 118
file path found: /hdfs/store/user/varuns/Run2018_17Sep2018_May2019/EGamma/crab_job_EGamma2018C/190528_233953/0000/Data_EGamma2018C_360.root
name: Data_EGamma2018C_360.root
filenumber: 119
file path found: /hdfs/store/user/varuns/Run2018_17Sep2018_May2019/EGamma/crab_job_EGamma2018C/190528_233953/0000/Data_EGamma2018C_361.root
name: Data_EGamma2018C_361.root
filenumber: 120
file path found: /hdfs/store/user/varuns/Run2018_17Sep2018_May2019/EGamma/crab_job_EGamma2018C/190528_233953/0000/Data_EGamma2018C_362.root
name: Data_EGamma2018C_362.root
filenumber: 121
file path found: /hdfs/store/user/varuns/Run2018_17Sep2018_May2019/EGamma/crab_job_EGamma2018C/190528_233953/0000/Data_EGamma2018C_363.root
name: Data_EGamma2018C_363.root
filenumber: 122
file path found: /hdfs/store/user/varuns/Run2018_17Sep2018_May2019/EGamma/crab_job_EGamma2018C/190528_233953/0000/Data_EGamma2018C_364.root
name: Data_EGamma2018C_364.root
filenumber: 123
file path found: /hdfs/store/user/varuns/Run2018_17Sep2018_May2019/EGamma/crab_job_EGamma2018C/190528_233953/0000/Data_EGamma2018C_365.root
name: Data_EGamma2018C_365.root
filenumber: 124
file path found: /hdfs/store/user/varuns/Run2018_17Sep2018_May2019/EGamma/crab_job_EGamma2018C/190528_233953/0000/Data_EGamma2018C_366.root
name: Data_EGamma2018C_366.root
filenumber: 125
file path found: /hdfs/store/user/varuns/Run2018_17Sep2018_May2019/EGamma/crab_job_EGamma2018C/190528_233953/0000/Data_EGamma2018C_367.root
name: Data_EGamma2018C_367.root
filenumber: 126
file path found: /hdfs/store/user/varuns/Run2018_17Sep2018_May2019/EGamma/crab_job_EGamma2018C/190528_233953/0000/Data_EGamma2018C_368.root
name: Data_EGamma2018C_368.root
filenumber: 127
file path found: /hdfs/store/user/varuns/Run2018_17Sep2018_May2019/EGamma/crab_job_EGamma2018C/190528_233953/0000/Data_EGamma2018C_369.root
name: Data_EGamma2018C_369.root
filenumber: 128
file path found: /hdfs/store/user/varuns/Run2018_17Sep2018_May2019/EGamma/crab_job_EGamma2018C/190528_233953/0000/Data_EGamma2018C_370.root
name: Data_EGamma2018C_370.root
filenumber: 129
file path found: /hdfs/store/user/varuns/Run2018_17Sep2018_May2019/EGamma/crab_job_EGamma2018C/190528_233953/0000/Data_EGamma2018C_371.root
name: Data_EGamma2018C_371.root
filenumber: 130
file path found: /hdfs/store/user/varuns/Run2018_17Sep2018_May2019/EGamma/crab_job_EGamma2018C/190528_233953/0000/Data_EGamma2018C_372.root
name: Data_EGamma2018C_372.root
filenumber: 131
file path found: /hdfs/store/user/varuns/Run2018_17Sep2018_May2019/EGamma/crab_job_EGamma2018C/190528_233953/0000/Data_EGamma2018C_373.root
name: Data_EGamma2018C_373.root
filenumber: 132
file path found: /hdfs/store/user/varuns/Run2018_17Sep2018_May2019/EGamma/crab_job_EGamma2018C/190528_233953/0000/Data_EGamma2018C_374.root
name: Data_EGamma2018C_374.root
filenumber: 133
file path found: /hdfs/store/user/varuns/Run2018_17Sep2018_May2019/EGamma/crab_job_EGamma2018C/190528_233953/0000/Data_EGamma2018C_375.root
name: Data_EGamma2018C_375.root
filenumber: 134
file path found: /hdfs/store/user/varuns/Run2018_17Sep2018_May2019/EGamma/crab_job_EGamma2018C/190528_233953/0000/Data_EGamma2018C_376.root
name: Data_EGamma2018C_376.root
filenumber: 135
file path found: /hdfs/store/user/varuns/Run2018_17Sep2018_May2019/EGamma/crab_job_EGamma2018C/190528_233953/0000/Data_EGamma2018C_377.root
name: Data_EGamma2018C_377.root
filenumber: 136
Adding FullPathInputFile to chain:/hdfs/store/user/varuns/Run2018_17Sep2018_May2019/EGamma/crab_job_EGamma2018C/190528_233953/0000/Data_EGamma2018C_377.root

file path found: /hdfs/store/user/varuns/Run2018_17Sep2018_May2019/EGamma/crab_job_EGamma2018C/190528_233953/0000/Data_EGamma2018C_378.root
name: Data_EGamma2018C_378.root
filenumber: 137
Adding FullPathInputFile to chain:/hdfs/store/user/varuns/Run2018_17Sep2018_May2019/EGamma/crab_job_EGamma2018C/190528_233953/0000/Data_EGamma2018C_378.root

file path found: /hdfs/store/user/varuns/Run2018_17Sep2018_May2019/EGamma/crab_job_EGamma2018C/190528_233953/0000/Data_EGamma2018C_379.root
name: Data_EGamma2018C_379.root
filenumber: 138
Adding FullPathInputFile to chain:/hdfs/store/user/varuns/Run2018_17Sep2018_May2019/EGamma/crab_job_EGamma2018C/190528_233953/0000/Data_EGamma2018C_379.root

file path found: /hdfs/store/user/varuns/Run2018_17Sep2018_May2019/EGamma/crab_job_EGamma2018C/190528_233953/0000/Data_EGamma2018C_380.root
name: Data_EGamma2018C_380.root
filenumber: 139
Adding FullPathInputFile to chain:/hdfs/store/user/varuns/Run2018_17Sep2018_May2019/EGamma/crab_job_EGamma2018C/190528_233953/0000/Data_EGamma2018C_380.root

file path found: /hdfs/store/user/varuns/Run2018_17Sep2018_May2019/EGamma/crab_job_EGamma2018C/190528_233953/0000/Data_EGamma2018C_381.root
name: Data_EGamma2018C_381.root
filenumber: 140
Adding FullPathInputFile to chain:/hdfs/store/user/varuns/Run2018_17Sep2018_May2019/EGamma/crab_job_EGamma2018C/190528_233953/0000/Data_EGamma2018C_381.root

file path found: /hdfs/store/user/varuns/Run2018_17Sep2018_May2019/EGamma/crab_job_EGamma2018C/190528_233953/0000/Data_EGamma2018C_382.root
name: Data_EGamma2018C_382.root
filenumber: 141
Adding FullPathInputFile to chain:/hdfs/store/user/varuns/Run2018_17Sep2018_May2019/EGamma/crab_job_EGamma2018C/190528_233953/0000/Data_EGamma2018C_382.root

file path found: /hdfs/store/user/varuns/Run2018_17Sep2018_May2019/EGamma/crab_job_EGamma2018C/190528_233953/0000/Data_EGamma2018C_383.root
name: Data_EGamma2018C_383.root
filenumber: 142
Adding FullPathInputFile to chain:/hdfs/store/user/varuns/Run2018_17Sep2018_May2019/EGamma/crab_job_EGamma2018C/190528_233953/0000/Data_EGamma2018C_383.root

file path found: /hdfs/store/user/varuns/Run2018_17Sep2018_May2019/EGamma/crab_job_EGamma2018C/190528_233953/0000/Data_EGamma2018C_384.root
name: Data_EGamma2018C_384.root
filenumber: 143
Adding FullPathInputFile to chain:/hdfs/store/user/varuns/Run2018_17Sep2018_May2019/EGamma/crab_job_EGamma2018C/190528_233953/0000/Data_EGamma2018C_384.root

file path found: /hdfs/store/user/varuns/Run2018_17Sep2018_May2019/EGamma/crab_job_EGamma2018C/190528_233953/0000/Data_EGamma2018C_385.root
name: Data_EGamma2018C_385.root
filenumber: 144
Adding FullPathInputFile to chain:/hdfs/store/user/varuns/Run2018_17Sep2018_May2019/EGamma/crab_job_EGamma2018C/190528_233953/0000/Data_EGamma2018C_385.root

file path found: /hdfs/store/user/varuns/Run2018_17Sep2018_May2019/EGamma/crab_job_EGamma2018C/190528_233953/0000/Data_EGamma2018C_386.root
name: Data_EGamma2018C_386.root
filenumber: 145
Adding FullPathInputFile to chain:/hdfs/store/user/varuns/Run2018_17Sep2018_May2019/EGamma/crab_job_EGamma2018C/190528_233953/0000/Data_EGamma2018C_386.root

file path found: /hdfs/store/user/varuns/Run2018_17Sep2018_May2019/EGamma/crab_job_EGamma2018C/190528_233953/0000/Data_EGamma2018C_387.root
name: Data_EGamma2018C_387.root
filenumber: 146
Adding FullPathInputFile to chain:/hdfs/store/user/varuns/Run2018_17Sep2018_May2019/EGamma/crab_job_EGamma2018C/190528_233953/0000/Data_EGamma2018C_387.root

file path found: /hdfs/store/user/varuns/Run2018_17Sep2018_May2019/EGamma/crab_job_EGamma2018C/190528_233953/0000/Data_EGamma2018C_388.root
name: Data_EGamma2018C_388.root
filenumber: 147
Adding FullPathInputFile to chain:/hdfs/store/user/varuns/Run2018_17Sep2018_May2019/EGamma/crab_job_EGamma2018C/190528_233953/0000/Data_EGamma2018C_388.root

file path found: /hdfs/store/user/varuns/Run2018_17Sep2018_May2019/EGamma/crab_job_EGamma2018C/190528_233953/0000/Data_EGamma2018C_389.root
name: Data_EGamma2018C_389.root
filenumber: 148
Adding FullPathInputFile to chain:/hdfs/store/user/varuns/Run2018_17Sep2018_May2019/EGamma/crab_job_EGamma2018C/190528_233953/0000/Data_EGamma2018C_389.root

file path found: /hdfs/store/user/varuns/Run2018_17Sep2018_May2019/EGamma/crab_job_EGamma2018C/190528_233953/0000/Data_EGamma2018C_390.root
name: Data_EGamma2018C_390.root
filenumber: 149
Adding FullPathInputFile to chain:/hdfs/store/user/varuns/Run2018_17Sep2018_May2019/EGamma/crab_job_EGamma2018C/190528_233953/0000/Data_EGamma2018C_390.root

file path found: /hdfs/store/user/varuns/Run2018_17Sep2018_May2019/EGamma/crab_job_EGamma2018C/190528_233953/0000/Data_EGamma2018C_391.root
name: Data_EGamma2018C_391.root
filenumber: 150
Adding FullPathInputFile to chain:/hdfs/store/user/varuns/Run2018_17Sep2018_May2019/EGamma/crab_job_EGamma2018C/190528_233953/0000/Data_EGamma2018C_391.root

file path found: /hdfs/store/user/varuns/Run2018_17Sep2018_May2019/EGamma/crab_job_EGamma2018C/190528_233953/0000/Data_EGamma2018C_392.root
name: Data_EGamma2018C_392.root
filenumber: 151
Adding FullPathInputFile to chain:/hdfs/store/user/varuns/Run2018_17Sep2018_May2019/EGamma/crab_job_EGamma2018C/190528_233953/0000/Data_EGamma2018C_392.root

file path found: /hdfs/store/user/varuns/Run2018_17Sep2018_May2019/EGamma/crab_job_EGamma2018C/190528_233953/0000/Data_EGamma2018C_393.root
name: Data_EGamma2018C_393.root
filenumber: 152
Adding FullPathInputFile to chain:/hdfs/store/user/varuns/Run2018_17Sep2018_May2019/EGamma/crab_job_EGamma2018C/190528_233953/0000/Data_EGamma2018C_393.root

file path found: /hdfs/store/user/varuns/Run2018_17Sep2018_May2019/EGamma/crab_job_EGamma2018C/190528_233953/0000/Data_EGamma2018C_394.root
name: Data_EGamma2018C_394.root
filenumber: 153
Adding FullPathInputFile to chain:/hdfs/store/user/varuns/Run2018_17Sep2018_May2019/EGamma/crab_job_EGamma2018C/190528_233953/0000/Data_EGamma2018C_394.root

file path found: /hdfs/store/user/varuns/Run2018_17Sep2018_May2019/EGamma/crab_job_EGamma2018C/190528_233953/0000/Data_EGamma2018C_395.root
name: Data_EGamma2018C_395.root
filenumber: 154
Adding FullPathInputFile to chain:/hdfs/store/user/varuns/Run2018_17Sep2018_May2019/EGamma/crab_job_EGamma2018C/190528_233953/0000/Data_EGamma2018C_395.root

file path found: /hdfs/store/user/varuns/Run2018_17Sep2018_May2019/EGamma/crab_job_EGamma2018C/190528_233953/0000/Data_EGamma2018C_396.root
name: Data_EGamma2018C_396.root
filenumber: 155
Adding FullPathInputFile to chain:/hdfs/store/user/varuns/Run2018_17Sep2018_May2019/EGamma/crab_job_EGamma2018C/190528_233953/0000/Data_EGamma2018C_396.root

file path found: /hdfs/store/user/varuns/Run2018_17Sep2018_May2019/EGamma/crab_job_EGamma2018C/190528_233953/0000/Data_EGamma2018C_397.root
name: Data_EGamma2018C_397.root
filenumber: 156
Adding FullPathInputFile to chain:/hdfs/store/user/varuns/Run2018_17Sep2018_May2019/EGamma/crab_job_EGamma2018C/190528_233953/0000/Data_EGamma2018C_397.root

file path found: /hdfs/store/user/varuns/Run2018_17Sep2018_May2019/EGamma/crab_job_EGamma2018C/190528_233953/0000/Data_EGamma2018C_398.root
name: Data_EGamma2018C_398.root
filenumber: 157
Adding FullPathInputFile to chain:/hdfs/store/user/varuns/Run2018_17Sep2018_May2019/EGamma/crab_job_EGamma2018C/190528_233953/0000/Data_EGamma2018C_398.root

file path found: /hdfs/store/user/varuns/Run2018_17Sep2018_May2019/EGamma/crab_job_EGamma2018C/190528_233953/0000/Data_EGamma2018C_399.root
name: Data_EGamma2018C_399.root
filenumber: 158
Adding FullPathInputFile to chain:/hdfs/store/user/varuns/Run2018_17Sep2018_May2019/EGamma/crab_job_EGamma2018C/190528_233953/0000/Data_EGamma2018C_399.root

file path found: /hdfs/store/user/varuns/Run2018_17Sep2018_May2019/EGamma/crab_job_EGamma2018C/190528_233953/0000/Data_EGamma2018C_4.root
name: Data_EGamma2018C_4.root
filenumber: 159
file path found: /hdfs/store/user/varuns/Run2018_17Sep2018_May2019/EGamma/crab_job_EGamma2018C/190528_233953/0000/Data_EGamma2018C_400.root
name: Data_EGamma2018C_400.root
filenumber: 160
Adding FullPathInputFile to chain:/hdfs/store/user/varuns/Run2018_17Sep2018_May2019/EGamma/crab_job_EGamma2018C/190528_233953/0000/Data_EGamma2018C_400.root

file path found: /hdfs/store/user/varuns/Run2018_17Sep2018_May2019/EGamma/crab_job_EGamma2018C/190528_233953/0000/Data_EGamma2018C_401.root
name: Data_EGamma2018C_401.root
filenumber: 161
Adding FullPathInputFile to chain:/hdfs/store/user/varuns/Run2018_17Sep2018_May2019/EGamma/crab_job_EGamma2018C/190528_233953/0000/Data_EGamma2018C_401.root

file path found: /hdfs/store/user/varuns/Run2018_17Sep2018_May2019/EGamma/crab_job_EGamma2018C/190528_233953/0000/Data_EGamma2018C_402.root
name: Data_EGamma2018C_402.root
filenumber: 162
Adding FullPathInputFile to chain:/hdfs/store/user/varuns/Run2018_17Sep2018_May2019/EGamma/crab_job_EGamma2018C/190528_233953/0000/Data_EGamma2018C_402.root

file path found: /hdfs/store/user/varuns/Run2018_17Sep2018_May2019/EGamma/crab_job_EGamma2018C/190528_233953/0000/Data_EGamma2018C_403.root
name: Data_EGamma2018C_403.root
filenumber: 163
Adding FullPathInputFile to chain:/hdfs/store/user/varuns/Run2018_17Sep2018_May2019/EGamma/crab_job_EGamma2018C/190528_233953/0000/Data_EGamma2018C_403.root

file path found: /hdfs/store/user/varuns/Run2018_17Sep2018_May2019/EGamma/crab_job_EGamma2018C/190528_233953/0000/Data_EGamma2018C_404.root
name: Data_EGamma2018C_404.root
filenumber: 164
Adding FullPathInputFile to chain:/hdfs/store/user/varuns/Run2018_17Sep2018_May2019/EGamma/crab_job_EGamma2018C/190528_233953/0000/Data_EGamma2018C_404.root

file path found: /hdfs/store/user/varuns/Run2018_17Sep2018_May2019/EGamma/crab_job_EGamma2018C/190528_233953/0000/Data_EGamma2018C_405.root
name: Data_EGamma2018C_405.root
filenumber: 165
Adding FullPathInputFile to chain:/hdfs/store/user/varuns/Run2018_17Sep2018_May2019/EGamma/crab_job_EGamma2018C/190528_233953/0000/Data_EGamma2018C_405.root

file path found: /hdfs/store/user/varuns/Run2018_17Sep2018_May2019/EGamma/crab_job_EGamma2018C/190528_233953/0000/Data_EGamma2018C_406.root
name: Data_EGamma2018C_406.root
filenumber: 166
Adding FullPathInputFile to chain:/hdfs/store/user/varuns/Run2018_17Sep2018_May2019/EGamma/crab_job_EGamma2018C/190528_233953/0000/Data_EGamma2018C_406.root

file path found: /hdfs/store/user/varuns/Run2018_17Sep2018_May2019/EGamma/crab_job_EGamma2018C/190528_233953/0000/Data_EGamma2018C_407.root
name: Data_EGamma2018C_407.root
filenumber: 167
Adding FullPathInputFile to chain:/hdfs/store/user/varuns/Run2018_17Sep2018_May2019/EGamma/crab_job_EGamma2018C/190528_233953/0000/Data_EGamma2018C_407.root

file path found: /hdfs/store/user/varuns/Run2018_17Sep2018_May2019/EGamma/crab_job_EGamma2018C/190528_233953/0000/Data_EGamma2018C_408.root
name: Data_EGamma2018C_408.root
filenumber: 168
Adding FullPathInputFile to chain:/hdfs/store/user/varuns/Run2018_17Sep2018_May2019/EGamma/crab_job_EGamma2018C/190528_233953/0000/Data_EGamma2018C_408.root

file path found: /hdfs/store/user/varuns/Run2018_17Sep2018_May2019/EGamma/crab_job_EGamma2018C/190528_233953/0000/Data_EGamma2018C_409.root
name: Data_EGamma2018C_409.root
filenumber: 169
Adding FullPathInputFile to chain:/hdfs/store/user/varuns/Run2018_17Sep2018_May2019/EGamma/crab_job_EGamma2018C/190528_233953/0000/Data_EGamma2018C_409.root

file path found: /hdfs/store/user/varuns/Run2018_17Sep2018_May2019/EGamma/crab_job_EGamma2018C/190528_233953/0000/Data_EGamma2018C_410.root
name: Data_EGamma2018C_410.root
filenumber: 170
Adding FullPathInputFile to chain:/hdfs/store/user/varuns/Run2018_17Sep2018_May2019/EGamma/crab_job_EGamma2018C/190528_233953/0000/Data_EGamma2018C_410.root

file path found: /hdfs/store/user/varuns/Run2018_17Sep2018_May2019/EGamma/crab_job_EGamma2018C/190528_233953/0000/Data_EGamma2018C_411.root
name: Data_EGamma2018C_411.root
filenumber: 171
Adding FullPathInputFile to chain:/hdfs/store/user/varuns/Run2018_17Sep2018_May2019/EGamma/crab_job_EGamma2018C/190528_233953/0000/Data_EGamma2018C_411.root

file path found: /hdfs/store/user/varuns/Run2018_17Sep2018_May2019/EGamma/crab_job_EGamma2018C/190528_233953/0000/Data_EGamma2018C_412.root
name: Data_EGamma2018C_412.root
filenumber: 172
Adding FullPathInputFile to chain:/hdfs/store/user/varuns/Run2018_17Sep2018_May2019/EGamma/crab_job_EGamma2018C/190528_233953/0000/Data_EGamma2018C_412.root

file path found: /hdfs/store/user/varuns/Run2018_17Sep2018_May2019/EGamma/crab_job_EGamma2018C/190528_233953/0000/Data_EGamma2018C_413.root
name: Data_EGamma2018C_413.root
filenumber: 173
Adding FullPathInputFile to chain:/hdfs/store/user/varuns/Run2018_17Sep2018_May2019/EGamma/crab_job_EGamma2018C/190528_233953/0000/Data_EGamma2018C_413.root

file path found: /hdfs/store/user/varuns/Run2018_17Sep2018_May2019/EGamma/crab_job_EGamma2018C/190528_233953/0000/Data_EGamma2018C_414.root
name: Data_EGamma2018C_414.root
filenumber: 174
Adding FullPathInputFile to chain:/hdfs/store/user/varuns/Run2018_17Sep2018_May2019/EGamma/crab_job_EGamma2018C/190528_233953/0000/Data_EGamma2018C_414.root

file path found: /hdfs/store/user/varuns/Run2018_17Sep2018_May2019/EGamma/crab_job_EGamma2018C/190528_233953/0000/Data_EGamma2018C_415.root
name: Data_EGamma2018C_415.root
filenumber: 175
Adding FullPathInputFile to chain:/hdfs/store/user/varuns/Run2018_17Sep2018_May2019/EGamma/crab_job_EGamma2018C/190528_233953/0000/Data_EGamma2018C_415.root

file path found: /hdfs/store/user/varuns/Run2018_17Sep2018_May2019/EGamma/crab_job_EGamma2018C/190528_233953/0000/Data_EGamma2018C_416.root
name: Data_EGamma2018C_416.root
filenumber: 176
Adding FullPathInputFile to chain:/hdfs/store/user/varuns/Run2018_17Sep2018_May2019/EGamma/crab_job_EGamma2018C/190528_233953/0000/Data_EGamma2018C_416.root

file path found: /hdfs/store/user/varuns/Run2018_17Sep2018_May2019/EGamma/crab_job_EGamma2018C/190528_233953/0000/Data_EGamma2018C_417.root
name: Data_EGamma2018C_417.root
filenumber: 177
Adding FullPathInputFile to chain:/hdfs/store/user/varuns/Run2018_17Sep2018_May2019/EGamma/crab_job_EGamma2018C/190528_233953/0000/Data_EGamma2018C_417.root

file path found: /hdfs/store/user/varuns/Run2018_17Sep2018_May2019/EGamma/crab_job_EGamma2018C/190528_233953/0000/Data_EGamma2018C_418.root
name: Data_EGamma2018C_418.root
filenumber: 178
Adding FullPathInputFile to chain:/hdfs/store/user/varuns/Run2018_17Sep2018_May2019/EGamma/crab_job_EGamma2018C/190528_233953/0000/Data_EGamma2018C_418.root

file path found: /hdfs/store/user/varuns/Run2018_17Sep2018_May2019/EGamma/crab_job_EGamma2018C/190528_233953/0000/Data_EGamma2018C_419.root
name: Data_EGamma2018C_419.root
filenumber: 179
Adding FullPathInputFile to chain:/hdfs/store/user/varuns/Run2018_17Sep2018_May2019/EGamma/crab_job_EGamma2018C/190528_233953/0000/Data_EGamma2018C_419.root

file path found: /hdfs/store/user/varuns/Run2018_17Sep2018_May2019/EGamma/crab_job_EGamma2018C/190528_233953/0000/Data_EGamma2018C_420.root
name: Data_EGamma2018C_420.root
filenumber: 180
Adding FullPathInputFile to chain:/hdfs/store/user/varuns/Run2018_17Sep2018_May2019/EGamma/crab_job_EGamma2018C/190528_233953/0000/Data_EGamma2018C_420.root

file path found: /hdfs/store/user/varuns/Run2018_17Sep2018_May2019/EGamma/crab_job_EGamma2018C/190528_233953/0000/Data_EGamma2018C_421.root
name: Data_EGamma2018C_421.root
filenumber: 181
Adding FullPathInputFile to chain:/hdfs/store/user/varuns/Run2018_17Sep2018_May2019/EGamma/crab_job_EGamma2018C/190528_233953/0000/Data_EGamma2018C_421.root

file path found: /hdfs/store/user/varuns/Run2018_17Sep2018_May2019/EGamma/crab_job_EGamma2018C/190528_233953/0000/Data_EGamma2018C_422.root
name: Data_EGamma2018C_422.root
filenumber: 182
Adding FullPathInputFile to chain:/hdfs/store/user/varuns/Run2018_17Sep2018_May2019/EGamma/crab_job_EGamma2018C/190528_233953/0000/Data_EGamma2018C_422.root

file path found: /hdfs/store/user/varuns/Run2018_17Sep2018_May2019/EGamma/crab_job_EGamma2018C/190528_233953/0000/Data_EGamma2018C_423.root
name: Data_EGamma2018C_423.root
filenumber: 183
Adding FullPathInputFile to chain:/hdfs/store/user/varuns/Run2018_17Sep2018_May2019/EGamma/crab_job_EGamma2018C/190528_233953/0000/Data_EGamma2018C_423.root

file path found: /hdfs/store/user/varuns/Run2018_17Sep2018_May2019/EGamma/crab_job_EGamma2018C/190528_233953/0000/Data_EGamma2018C_424.root
name: Data_EGamma2018C_424.root
filenumber: 184
Adding FullPathInputFile to chain:/hdfs/store/user/varuns/Run2018_17Sep2018_May2019/EGamma/crab_job_EGamma2018C/190528_233953/0000/Data_EGamma2018C_424.root

file path found: /hdfs/store/user/varuns/Run2018_17Sep2018_May2019/EGamma/crab_job_EGamma2018C/190528_233953/0000/Data_EGamma2018C_425.root
name: Data_EGamma2018C_425.root
filenumber: 185
Adding FullPathInputFile to chain:/hdfs/store/user/varuns/Run2018_17Sep2018_May2019/EGamma/crab_job_EGamma2018C/190528_233953/0000/Data_EGamma2018C_425.root

file path found: /hdfs/store/user/varuns/Run2018_17Sep2018_May2019/EGamma/crab_job_EGamma2018C/190528_233953/0000/Data_EGamma2018C_426.root
name: Data_EGamma2018C_426.root
filenumber: 186
Adding FullPathInputFile to chain:/hdfs/store/user/varuns/Run2018_17Sep2018_May2019/EGamma/crab_job_EGamma2018C/190528_233953/0000/Data_EGamma2018C_426.root

file path found: /hdfs/store/user/varuns/Run2018_17Sep2018_May2019/EGamma/crab_job_EGamma2018C/190528_233953/0000/Data_EGamma2018C_427.root
name: Data_EGamma2018C_427.root
filenumber: 187
Adding FullPathInputFile to chain:/hdfs/store/user/varuns/Run2018_17Sep2018_May2019/EGamma/crab_job_EGamma2018C/190528_233953/0000/Data_EGamma2018C_427.root

file path found: /hdfs/store/user/varuns/Run2018_17Sep2018_May2019/EGamma/crab_job_EGamma2018C/190528_233953/0000/Data_EGamma2018C_428.root
name: Data_EGamma2018C_428.root
filenumber: 188
Adding FullPathInputFile to chain:/hdfs/store/user/varuns/Run2018_17Sep2018_May2019/EGamma/crab_job_EGamma2018C/190528_233953/0000/Data_EGamma2018C_428.root

file path found: /hdfs/store/user/varuns/Run2018_17Sep2018_May2019/EGamma/crab_job_EGamma2018C/190528_233953/0000/Data_EGamma2018C_429.root
name: Data_EGamma2018C_429.root
filenumber: 189
Adding FullPathInputFile to chain:/hdfs/store/user/varuns/Run2018_17Sep2018_May2019/EGamma/crab_job_EGamma2018C/190528_233953/0000/Data_EGamma2018C_429.root

file path found: /hdfs/store/user/varuns/Run2018_17Sep2018_May2019/EGamma/crab_job_EGamma2018C/190528_233953/0000/Data_EGamma2018C_433.root
name: Data_EGamma2018C_433.root
filenumber: 190
Adding FullPathInputFile to chain:/hdfs/store/user/varuns/Run2018_17Sep2018_May2019/EGamma/crab_job_EGamma2018C/190528_233953/0000/Data_EGamma2018C_433.root

file path found: /hdfs/store/user/varuns/Run2018_17Sep2018_May2019/EGamma/crab_job_EGamma2018C/190528_233953/0000/Data_EGamma2018C_435.root
name: Data_EGamma2018C_435.root
filenumber: 191
Adding FullPathInputFile to chain:/hdfs/store/user/varuns/Run2018_17Sep2018_May2019/EGamma/crab_job_EGamma2018C/190528_233953/0000/Data_EGamma2018C_435.root

file path found: /hdfs/store/user/varuns/Run2018_17Sep2018_May2019/EGamma/crab_job_EGamma2018C/190528_233953/0000/Data_EGamma2018C_439.root
name: Data_EGamma2018C_439.root
filenumber: 192
Adding FullPathInputFile to chain:/hdfs/store/user/varuns/Run2018_17Sep2018_May2019/EGamma/crab_job_EGamma2018C/190528_233953/0000/Data_EGamma2018C_439.root

file path found: /hdfs/store/user/varuns/Run2018_17Sep2018_May2019/EGamma/crab_job_EGamma2018C/190528_233953/0000/Data_EGamma2018C_441.root
name: Data_EGamma2018C_441.root
filenumber: 193
Adding FullPathInputFile to chain:/hdfs/store/user/varuns/Run2018_17Sep2018_May2019/EGamma/crab_job_EGamma2018C/190528_233953/0000/Data_EGamma2018C_441.root

file path found: /hdfs/store/user/varuns/Run2018_17Sep2018_May2019/EGamma/crab_job_EGamma2018C/190528_233953/0000/Data_EGamma2018C_442.root
name: Data_EGamma2018C_442.root
filenumber: 194
Adding FullPathInputFile to chain:/hdfs/store/user/varuns/Run2018_17Sep2018_May2019/EGamma/crab_job_EGamma2018C/190528_233953/0000/Data_EGamma2018C_442.root

file path found: /hdfs/store/user/varuns/Run2018_17Sep2018_May2019/EGamma/crab_job_EGamma2018C/190528_233953/0000/Data_EGamma2018C_443.root
name: Data_EGamma2018C_443.root
filenumber: 195
Adding FullPathInputFile to chain:/hdfs/store/user/varuns/Run2018_17Sep2018_May2019/EGamma/crab_job_EGamma2018C/190528_233953/0000/Data_EGamma2018C_443.root

file path found: /hdfs/store/user/varuns/Run2018_17Sep2018_May2019/EGamma/crab_job_EGamma2018C/190528_233953/0000/Data_EGamma2018C_444.root
name: Data_EGamma2018C_444.root
filenumber: 196
Adding FullPathInputFile to chain:/hdfs/store/user/varuns/Run2018_17Sep2018_May2019/EGamma/crab_job_EGamma2018C/190528_233953/0000/Data_EGamma2018C_444.root

file path found: /hdfs/store/user/varuns/Run2018_17Sep2018_May2019/EGamma/crab_job_EGamma2018C/190528_233953/0000/Data_EGamma2018C_445.root
name: Data_EGamma2018C_445.root
filenumber: 197
Adding FullPathInputFile to chain:/hdfs/store/user/varuns/Run2018_17Sep2018_May2019/EGamma/crab_job_EGamma2018C/190528_233953/0000/Data_EGamma2018C_445.root

file path found: /hdfs/store/user/varuns/Run2018_17Sep2018_May2019/EGamma/crab_job_EGamma2018C/190528_233953/0000/Data_EGamma2018C_446.root
name: Data_EGamma2018C_446.root
filenumber: 198
Adding FullPathInputFile to chain:/hdfs/store/user/varuns/Run2018_17Sep2018_May2019/EGamma/crab_job_EGamma2018C/190528_233953/0000/Data_EGamma2018C_446.root

file path found: /hdfs/store/user/varuns/Run2018_17Sep2018_May2019/EGamma/crab_job_EGamma2018C/190528_233953/0000/Data_EGamma2018C_447.root
name: Data_EGamma2018C_447.root
filenumber: 199
Adding FullPathInputFile to chain:/hdfs/store/user/varuns/Run2018_17Sep2018_May2019/EGamma/crab_job_EGamma2018C/190528_233953/0000/Data_EGamma2018C_447.root

file path found: /hdfs/store/user/varuns/Run2018_17Sep2018_May2019/EGamma/crab_job_EGamma2018C/190528_233953/0000/Data_EGamma2018C_448.root
name: Data_EGamma2018C_448.root
filenumber: 200
Adding FullPathInputFile to chain:/hdfs/store/user/varuns/Run2018_17Sep2018_May2019/EGamma/crab_job_EGamma2018C/190528_233953/0000/Data_EGamma2018C_448.root

file path found: /hdfs/store/user/varuns/Run2018_17Sep2018_May2019/EGamma/crab_job_EGamma2018C/190528_233953/0000/Data_EGamma2018C_449.root
name: Data_EGamma2018C_449.root
filenumber: 201
Adding FullPathInputFile to chain:/hdfs/store/user/varuns/Run2018_17Sep2018_May2019/EGamma/crab_job_EGamma2018C/190528_233953/0000/Data_EGamma2018C_449.root

file path found: /hdfs/store/user/varuns/Run2018_17Sep2018_May2019/EGamma/crab_job_EGamma2018C/190528_233953/0000/Data_EGamma2018C_450.root
name: Data_EGamma2018C_450.root
filenumber: 202
Adding FullPathInputFile to chain:/hdfs/store/user/varuns/Run2018_17Sep2018_May2019/EGamma/crab_job_EGamma2018C/190528_233953/0000/Data_EGamma2018C_450.root

file path found: /hdfs/store/user/varuns/Run2018_17Sep2018_May2019/EGamma/crab_job_EGamma2018C/190528_233953/0000/Data_EGamma2018C_451.root
name: Data_EGamma2018C_451.root
filenumber: 203
Adding FullPathInputFile to chain:/hdfs/store/user/varuns/Run2018_17Sep2018_May2019/EGamma/crab_job_EGamma2018C/190528_233953/0000/Data_EGamma2018C_451.root

file path found: /hdfs/store/user/varuns/Run2018_17Sep2018_May2019/EGamma/crab_job_EGamma2018C/190528_233953/0000/Data_EGamma2018C_452.root
name: Data_EGamma2018C_452.root
filenumber: 204
Adding FullPathInputFile to chain:/hdfs/store/user/varuns/Run2018_17Sep2018_May2019/EGamma/crab_job_EGamma2018C/190528_233953/0000/Data_EGamma2018C_452.root

file path found: /hdfs/store/user/varuns/Run2018_17Sep2018_May2019/EGamma/crab_job_EGamma2018C/190528_233953/0000/Data_EGamma2018C_453.root
name: Data_EGamma2018C_453.root
filenumber: 205
Adding FullPathInputFile to chain:/hdfs/store/user/varuns/Run2018_17Sep2018_May2019/EGamma/crab_job_EGamma2018C/190528_233953/0000/Data_EGamma2018C_453.root

file path found: /hdfs/store/user/varuns/Run2018_17Sep2018_May2019/EGamma/crab_job_EGamma2018C/190528_233953/0000/Data_EGamma2018C_454.root
name: Data_EGamma2018C_454.root
filenumber: 206
Adding FullPathInputFile to chain:/hdfs/store/user/varuns/Run2018_17Sep2018_May2019/EGamma/crab_job_EGamma2018C/190528_233953/0000/Data_EGamma2018C_454.root

file path found: /hdfs/store/user/varuns/Run2018_17Sep2018_May2019/EGamma/crab_job_EGamma2018C/190528_233953/0000/Data_EGamma2018C_455.root
name: Data_EGamma2018C_455.root
filenumber: 207
Adding FullPathInputFile to chain:/hdfs/store/user/varuns/Run2018_17Sep2018_May2019/EGamma/crab_job_EGamma2018C/190528_233953/0000/Data_EGamma2018C_455.root

file path found: /hdfs/store/user/varuns/Run2018_17Sep2018_May2019/EGamma/crab_job_EGamma2018C/190528_233953/0000/Data_EGamma2018C_456.root
name: Data_EGamma2018C_456.root
filenumber: 208
Adding FullPathInputFile to chain:/hdfs/store/user/varuns/Run2018_17Sep2018_May2019/EGamma/crab_job_EGamma2018C/190528_233953/0000/Data_EGamma2018C_456.root

file path found: /hdfs/store/user/varuns/Run2018_17Sep2018_May2019/EGamma/crab_job_EGamma2018C/190528_233953/0000/Data_EGamma2018C_457.root
name: Data_EGamma2018C_457.root
filenumber: 209
Adding FullPathInputFile to chain:/hdfs/store/user/varuns/Run2018_17Sep2018_May2019/EGamma/crab_job_EGamma2018C/190528_233953/0000/Data_EGamma2018C_457.root

file path found: /hdfs/store/user/varuns/Run2018_17Sep2018_May2019/EGamma/crab_job_EGamma2018C/190528_233953/0000/Data_EGamma2018C_458.root
name: Data_EGamma2018C_458.root
filenumber: 210
Adding FullPathInputFile to chain:/hdfs/store/user/varuns/Run2018_17Sep2018_May2019/EGamma/crab_job_EGamma2018C/190528_233953/0000/Data_EGamma2018C_458.root

file path found: /hdfs/store/user/varuns/Run2018_17Sep2018_May2019/EGamma/crab_job_EGamma2018C/190528_233953/0000/Data_EGamma2018C_459.root
name: Data_EGamma2018C_459.root
filenumber: 211
file path found: /hdfs/store/user/varuns/Run2018_17Sep2018_May2019/EGamma/crab_job_EGamma2018C/190528_233953/0000/Data_EGamma2018C_460.root
name: Data_EGamma2018C_460.root
filenumber: 212
file path found: /hdfs/store/user/varuns/Run2018_17Sep2018_May2019/EGamma/crab_job_EGamma2018C/190528_233953/0000/Data_EGamma2018C_461.root
name: Data_EGamma2018C_461.root
filenumber: 213
file path found: /hdfs/store/user/varuns/Run2018_17Sep2018_May2019/EGamma/crab_job_EGamma2018C/190528_233953/0000/Data_EGamma2018C_462.root
name: Data_EGamma2018C_462.root
filenumber: 214
file path found: /hdfs/store/user/varuns/Run2018_17Sep2018_May2019/EGamma/crab_job_EGamma2018C/190528_233953/0000/Data_EGamma2018C_463.root
name: Data_EGamma2018C_463.root
filenumber: 215
file path found: /hdfs/store/user/varuns/Run2018_17Sep2018_May2019/EGamma/crab_job_EGamma2018C/190528_233953/0000/Data_EGamma2018C_464.root
name: Data_EGamma2018C_464.root
filenumber: 216
file path found: /hdfs/store/user/varuns/Run2018_17Sep2018_May2019/EGamma/crab_job_EGamma2018C/190528_233953/0000/Data_EGamma2018C_465.root
name: Data_EGamma2018C_465.root
filenumber: 217
file path found: /hdfs/store/user/varuns/Run2018_17Sep2018_May2019/EGamma/crab_job_EGamma2018C/190528_233953/0000/Data_EGamma2018C_466.root
name: Data_EGamma2018C_466.root
filenumber: 218
file path found: /hdfs/store/user/varuns/Run2018_17Sep2018_May2019/EGamma/crab_job_EGamma2018C/190528_233953/0000/Data_EGamma2018C_467.root
name: Data_EGamma2018C_467.root
filenumber: 219
file path found: /hdfs/store/user/varuns/Run2018_17Sep2018_May2019/EGamma/crab_job_EGamma2018C/190528_233953/0000/Data_EGamma2018C_468.root
name: Data_EGamma2018C_468.root
filenumber: 220
file path found: /hdfs/store/user/varuns/Run2018_17Sep2018_May2019/EGamma/crab_job_EGamma2018C/190528_233953/0000/Data_EGamma2018C_469.root
name: Data_EGamma2018C_469.root
filenumber: 221
file path found: /hdfs/store/user/varuns/Run2018_17Sep2018_May2019/EGamma/crab_job_EGamma2018C/190528_233953/0000/Data_EGamma2018C_471.root
name: Data_EGamma2018C_471.root
filenumber: 222
file path found: /hdfs/store/user/varuns/Run2018_17Sep2018_May2019/EGamma/crab_job_EGamma2018C/190528_233953/0000/Data_EGamma2018C_475.root
name: Data_EGamma2018C_475.root
filenumber: 223
file path found: /hdfs/store/user/varuns/Run2018_17Sep2018_May2019/EGamma/crab_job_EGamma2018C/190528_233953/0000/Data_EGamma2018C_476.root
name: Data_EGamma2018C_476.root
filenumber: 224
file path found: /hdfs/store/user/varuns/Run2018_17Sep2018_May2019/EGamma/crab_job_EGamma2018C/190528_233953/0000/Data_EGamma2018C_477.root
name: Data_EGamma2018C_477.root
filenumber: 225
file path found: /hdfs/store/user/varuns/Run2018_17Sep2018_May2019/EGamma/crab_job_EGamma2018C/190528_233953/0000/Data_EGamma2018C_482.root
name: Data_EGamma2018C_482.root
filenumber: 226
file path found: /hdfs/store/user/varuns/Run2018_17Sep2018_May2019/EGamma/crab_job_EGamma2018C/190528_233953/0000/Data_EGamma2018C_485.root
name: Data_EGamma2018C_485.root
filenumber: 227
file path found: /hdfs/store/user/varuns/Run2018_17Sep2018_May2019/EGamma/crab_job_EGamma2018C/190528_233953/0000/Data_EGamma2018C_486.root
name: Data_EGamma2018C_486.root
filenumber: 228
file path found: /hdfs/store/user/varuns/Run2018_17Sep2018_May2019/EGamma/crab_job_EGamma2018C/190528_233953/0000/Data_EGamma2018C_488.root
name: Data_EGamma2018C_488.root
filenumber: 229
file path found: /hdfs/store/user/varuns/Run2018_17Sep2018_May2019/EGamma/crab_job_EGamma2018C/190528_233953/0000/Data_EGamma2018C_49.root
name: Data_EGamma2018C_49.root
filenumber: 230
file path found: /hdfs/store/user/varuns/Run2018_17Sep2018_May2019/EGamma/crab_job_EGamma2018C/190528_233953/0000/Data_EGamma2018C_490.root
name: Data_EGamma2018C_490.root
filenumber: 231
file path found: /hdfs/store/user/varuns/Run2018_17Sep2018_May2019/EGamma/crab_job_EGamma2018C/190528_233953/0000/Data_EGamma2018C_493.root
name: Data_EGamma2018C_493.root
filenumber: 232
file path found: /hdfs/store/user/varuns/Run2018_17Sep2018_May2019/EGamma/crab_job_EGamma2018C/190528_233953/0000/Data_EGamma2018C_494.root
name: Data_EGamma2018C_494.root
filenumber: 233
file path found: /hdfs/store/user/varuns/Run2018_17Sep2018_May2019/EGamma/crab_job_EGamma2018C/190528_233953/0000/Data_EGamma2018C_495.root
name: Data_EGamma2018C_495.root
filenumber: 234
file path found: /hdfs/store/user/varuns/Run2018_17Sep2018_May2019/EGamma/crab_job_EGamma2018C/190528_233953/0000/Data_EGamma2018C_496.root
name: Data_EGamma2018C_496.root
filenumber: 235
file path found: /hdfs/store/user/varuns/Run2018_17Sep2018_May2019/EGamma/crab_job_EGamma2018C/190528_233953/0000/Data_EGamma2018C_497.root
name: Data_EGamma2018C_497.root
filenumber: 236
file path found: /hdfs/store/user/varuns/Run2018_17Sep2018_May2019/EGamma/crab_job_EGamma2018C/190528_233953/0000/Data_EGamma2018C_498.root
name: Data_EGamma2018C_498.root
filenumber: 237
file path found: /hdfs/store/user/varuns/Run2018_17Sep2018_May2019/EGamma/crab_job_EGamma2018C/190528_233953/0000/Data_EGamma2018C_499.root
name: Data_EGamma2018C_499.root
filenumber: 238
file path found: /hdfs/store/user/varuns/Run2018_17Sep2018_May2019/EGamma/crab_job_EGamma2018C/190528_233953/0000/Data_EGamma2018C_5.root
name: Data_EGamma2018C_5.root
filenumber: 239
file path found: /hdfs/store/user/varuns/Run2018_17Sep2018_May2019/EGamma/crab_job_EGamma2018C/190528_233953/0000/Data_EGamma2018C_50.root
name: Data_EGamma2018C_50.root
filenumber: 240
file path found: /hdfs/store/user/varuns/Run2018_17Sep2018_May2019/EGamma/crab_job_EGamma2018C/190528_233953/0000/Data_EGamma2018C_500.root
name: Data_EGamma2018C_500.root
filenumber: 241
file path found: /hdfs/store/user/varuns/Run2018_17Sep2018_May2019/EGamma/crab_job_EGamma2018C/190528_233953/0000/Data_EGamma2018C_501.root
name: Data_EGamma2018C_501.root
filenumber: 242
file path found: /hdfs/store/user/varuns/Run2018_17Sep2018_May2019/EGamma/crab_job_EGamma2018C/190528_233953/0000/Data_EGamma2018C_502.root
name: Data_EGamma2018C_502.root
filenumber: 243
file path found: /hdfs/store/user/varuns/Run2018_17Sep2018_May2019/EGamma/crab_job_EGamma2018C/190528_233953/0000/Data_EGamma2018C_503.root
name: Data_EGamma2018C_503.root
filenumber: 244
file path found: /hdfs/store/user/varuns/Run2018_17Sep2018_May2019/EGamma/crab_job_EGamma2018C/190528_233953/0000/Data_EGamma2018C_504.root
name: Data_EGamma2018C_504.root
filenumber: 245
file path found: /hdfs/store/user/varuns/Run2018_17Sep2018_May2019/EGamma/crab_job_EGamma2018C/190528_233953/0000/Data_EGamma2018C_505.root
name: Data_EGamma2018C_505.root
filenumber: 246
file path found: /hdfs/store/user/varuns/Run2018_17Sep2018_May2019/EGamma/crab_job_EGamma2018C/190528_233953/0000/Data_EGamma2018C_506.root
name: Data_EGamma2018C_506.root
filenumber: 247
file path found: /hdfs/store/user/varuns/Run2018_17Sep2018_May2019/EGamma/crab_job_EGamma2018C/190528_233953/0000/Data_EGamma2018C_510.root
name: Data_EGamma2018C_510.root
filenumber: 248
file path found: /hdfs/store/user/varuns/Run2018_17Sep2018_May2019/EGamma/crab_job_EGamma2018C/190528_233953/0000/Data_EGamma2018C_511.root
name: Data_EGamma2018C_511.root
filenumber: 249
file path found: /hdfs/store/user/varuns/Run2018_17Sep2018_May2019/EGamma/crab_job_EGamma2018C/190528_233953/0000/Data_EGamma2018C_512.root
name: Data_EGamma2018C_512.root
filenumber: 250
file path found: /hdfs/store/user/varuns/Run2018_17Sep2018_May2019/EGamma/crab_job_EGamma2018C/190528_233953/0000/Data_EGamma2018C_513.root
name: Data_EGamma2018C_513.root
filenumber: 251
file path found: /hdfs/store/user/varuns/Run2018_17Sep2018_May2019/EGamma/crab_job_EGamma2018C/190528_233953/0000/Data_EGamma2018C_514.root
name: Data_EGamma2018C_514.root
filenumber: 252
file path found: /hdfs/store/user/varuns/Run2018_17Sep2018_May2019/EGamma/crab_job_EGamma2018C/190528_233953/0000/Data_EGamma2018C_515.root
name: Data_EGamma2018C_515.root
filenumber: 253
file path found: /hdfs/store/user/varuns/Run2018_17Sep2018_May2019/EGamma/crab_job_EGamma2018C/190528_233953/0000/Data_EGamma2018C_519.root
name: Data_EGamma2018C_519.root
filenumber: 254
file path found: /hdfs/store/user/varuns/Run2018_17Sep2018_May2019/EGamma/crab_job_EGamma2018C/190528_233953/0000/Data_EGamma2018C_521.root
name: Data_EGamma2018C_521.root
filenumber: 255
file path found: /hdfs/store/user/varuns/Run2018_17Sep2018_May2019/EGamma/crab_job_EGamma2018C/190528_233953/0000/Data_EGamma2018C_522.root
name: Data_EGamma2018C_522.root
filenumber: 256
file path found: /hdfs/store/user/varuns/Run2018_17Sep2018_May2019/EGamma/crab_job_EGamma2018C/190528_233953/0000/Data_EGamma2018C_532.root
name: Data_EGamma2018C_532.root
filenumber: 257
file path found: /hdfs/store/user/varuns/Run2018_17Sep2018_May2019/EGamma/crab_job_EGamma2018C/190528_233953/0000/Data_EGamma2018C_534.root
name: Data_EGamma2018C_534.root
filenumber: 258
file path found: /hdfs/store/user/varuns/Run2018_17Sep2018_May2019/EGamma/crab_job_EGamma2018C/190528_233953/0000/Data_EGamma2018C_538.root
name: Data_EGamma2018C_538.root
filenumber: 259
file path found: /hdfs/store/user/varuns/Run2018_17Sep2018_May2019/EGamma/crab_job_EGamma2018C/190528_233953/0000/Data_EGamma2018C_541.root
name: Data_EGamma2018C_541.root
filenumber: 260
file path found: /hdfs/store/user/varuns/Run2018_17Sep2018_May2019/EGamma/crab_job_EGamma2018C/190528_233953/0000/Data_EGamma2018C_544.root
name: Data_EGamma2018C_544.root
filenumber: 261
file path found: /hdfs/store/user/varuns/Run2018_17Sep2018_May2019/EGamma/crab_job_EGamma2018C/190528_233953/0000/Data_EGamma2018C_566.root
name: Data_EGamma2018C_566.root
filenumber: 262
file path found: /hdfs/store/user/varuns/Run2018_17Sep2018_May2019/EGamma/crab_job_EGamma2018C/190528_233953/0000/Data_EGamma2018C_576.root
name: Data_EGamma2018C_576.root
filenumber: 263
file path found: /hdfs/store/user/varuns/Run2018_17Sep2018_May2019/EGamma/crab_job_EGamma2018C/190528_233953/0000/Data_EGamma2018C_584.root
name: Data_EGamma2018C_584.root
filenumber: 264
file path found: /hdfs/store/user/varuns/Run2018_17Sep2018_May2019/EGamma/crab_job_EGamma2018C/190528_233953/0000/Data_EGamma2018C_587.root
name: Data_EGamma2018C_587.root
filenumber: 265
file path found: /hdfs/store/user/varuns/Run2018_17Sep2018_May2019/EGamma/crab_job_EGamma2018C/190528_233953/0000/Data_EGamma2018C_588.root
name: Data_EGamma2018C_588.root
filenumber: 266
file path found: /hdfs/store/user/varuns/Run2018_17Sep2018_May2019/EGamma/crab_job_EGamma2018C/190528_233953/0000/Data_EGamma2018C_589.root
name: Data_EGamma2018C_589.root
filenumber: 267
file path found: /hdfs/store/user/varuns/Run2018_17Sep2018_May2019/EGamma/crab_job_EGamma2018C/190528_233953/0000/Data_EGamma2018C_590.root
name: Data_EGamma2018C_590.root
filenumber: 268
file path found: /hdfs/store/user/varuns/Run2018_17Sep2018_May2019/EGamma/crab_job_EGamma2018C/190528_233953/0000/Data_EGamma2018C_591.root
name: Data_EGamma2018C_591.root
filenumber: 269
file path found: /hdfs/store/user/varuns/Run2018_17Sep2018_May2019/EGamma/crab_job_EGamma2018C/190528_233953/0000/Data_EGamma2018C_592.root
name: Data_EGamma2018C_592.root
filenumber: 270
file path found: /hdfs/store/user/varuns/Run2018_17Sep2018_May2019/EGamma/crab_job_EGamma2018C/190528_233953/0000/Data_EGamma2018C_593.root
name: Data_EGamma2018C_593.root
filenumber: 271
file path found: /hdfs/store/user/varuns/Run2018_17Sep2018_May2019/EGamma/crab_job_EGamma2018C/190528_233953/0000/Data_EGamma2018C_594.root
name: Data_EGamma2018C_594.root
filenumber: 272
file path found: /hdfs/store/user/varuns/Run2018_17Sep2018_May2019/EGamma/crab_job_EGamma2018C/190528_233953/0000/Data_EGamma2018C_595.root
name: Data_EGamma2018C_595.root
filenumber: 273
file path found: /hdfs/store/user/varuns/Run2018_17Sep2018_May2019/EGamma/crab_job_EGamma2018C/190528_233953/0000/Data_EGamma2018C_596.root
name: Data_EGamma2018C_596.root
filenumber: 274
file path found: /hdfs/store/user/varuns/Run2018_17Sep2018_May2019/EGamma/crab_job_EGamma2018C/190528_233953/0000/Data_EGamma2018C_597.root
name: Data_EGamma2018C_597.root
filenumber: 275
file path found: /hdfs/store/user/varuns/Run2018_17Sep2018_May2019/EGamma/crab_job_EGamma2018C/190528_233953/0000/Data_EGamma2018C_599.root
name: Data_EGamma2018C_599.root
filenumber: 276
file path found: /hdfs/store/user/varuns/Run2018_17Sep2018_May2019/EGamma/crab_job_EGamma2018C/190528_233953/0000/Data_EGamma2018C_600.root
name: Data_EGamma2018C_600.root
filenumber: 277
file path found: /hdfs/store/user/varuns/Run2018_17Sep2018_May2019/EGamma/crab_job_EGamma2018C/190528_233953/0000/Data_EGamma2018C_601.root
name: Data_EGamma2018C_601.root
filenumber: 278
file path found: /hdfs/store/user/varuns/Run2018_17Sep2018_May2019/EGamma/crab_job_EGamma2018C/190528_233953/0000/Data_EGamma2018C_602.root
name: Data_EGamma2018C_602.root
filenumber: 279
file path found: /hdfs/store/user/varuns/Run2018_17Sep2018_May2019/EGamma/crab_job_EGamma2018C/190528_233953/0000/Data_EGamma2018C_603.root
name: Data_EGamma2018C_603.root
filenumber: 280
file path found: /hdfs/store/user/varuns/Run2018_17Sep2018_May2019/EGamma/crab_job_EGamma2018C/190528_233953/0000/Data_EGamma2018C_607.root
name: Data_EGamma2018C_607.root
filenumber: 281
file path found: /hdfs/store/user/varuns/Run2018_17Sep2018_May2019/EGamma/crab_job_EGamma2018C/190528_233953/0000/Data_EGamma2018C_636.root
name: Data_EGamma2018C_636.root
filenumber: 282
file path found: /hdfs/store/user/varuns/Run2018_17Sep2018_May2019/EGamma/crab_job_EGamma2018C/190528_233953/0000/Data_EGamma2018C_641.root
name: Data_EGamma2018C_641.root
filenumber: 283
file path found: /hdfs/store/user/varuns/Run2018_17Sep2018_May2019/EGamma/crab_job_EGamma2018C/190528_233953/0000/Data_EGamma2018C_683.root
name: Data_EGamma2018C_683.root
filenumber: 284
file path found: /hdfs/store/user/varuns/Run2018_17Sep2018_May2019/EGamma/crab_job_EGamma2018C/190528_233953/0000/Data_EGamma2018C_684.root
name: Data_EGamma2018C_684.root
filenumber: 285
file path found: /hdfs/store/user/varuns/Run2018_17Sep2018_May2019/EGamma/crab_job_EGamma2018C/190528_233953/0000/Data_EGamma2018C_70.root
name: Data_EGamma2018C_70.root
filenumber: 286
file path found: /hdfs/store/user/varuns/Run2018_17Sep2018_May2019/EGamma/crab_job_EGamma2018C/190528_233953/0000/Data_EGamma2018C_73.root
name: Data_EGamma2018C_73.root
filenumber: 287
file path found: /hdfs/store/user/varuns/Run2018_17Sep2018_May2019/EGamma/crab_job_EGamma2018C/190528_233953/0000/Data_EGamma2018C_744.root
name: Data_EGamma2018C_744.root
filenumber: 288
file path found: /hdfs/store/user/varuns/Run2018_17Sep2018_May2019/EGamma/crab_job_EGamma2018C/190528_233953/0000/Data_EGamma2018C_76.root
name: Data_EGamma2018C_76.root
filenumber: 289
file path found: /hdfs/store/user/varuns/Run2018_17Sep2018_May2019/EGamma/crab_job_EGamma2018C/190528_233953/0000/Data_EGamma2018C_77.root
name: Data_EGamma2018C_77.root
filenumber: 290
file path found: /hdfs/store/user/varuns/Run2018_17Sep2018_May2019/EGamma/crab_job_EGamma2018C/190528_233953/0000/Data_EGamma2018C_776.root
name: Data_EGamma2018C_776.root
filenumber: 291
file path found: /hdfs/store/user/varuns/Run2018_17Sep2018_May2019/EGamma/crab_job_EGamma2018C/190528_233953/0000/Data_EGamma2018C_78.root
name: Data_EGamma2018C_78.root
filenumber: 292
file path found: /hdfs/store/user/varuns/Run2018_17Sep2018_May2019/EGamma/crab_job_EGamma2018C/190528_233953/0000/Data_EGamma2018C_89.root
name: Data_EGamma2018C_89.root
filenumber: 293
file path found: /hdfs/store/user/varuns/Run2018_17Sep2018_May2019/EGamma/crab_job_EGamma2018C/190528_233953/0000/Data_EGamma2018C_96.root
name: Data_EGamma2018C_96.root
filenumber: 294
file path found: /hdfs/store/user/varuns/Run2018_17Sep2018_May2019/EGamma/crab_job_EGamma2018C/190528_233953/0000/Data_EGamma2018C_97.root
name: Data_EGamma2018C_97.root
filenumber: 295
file path found: /hdfs/store/user/varuns/Run2018_17Sep2018_May2019/EGamma/crab_job_EGamma2018C/190528_233953/0000/.
name: .
filenumber: 296
file path found: /hdfs/store/user/varuns/Run2018_17Sep2018_May2019/EGamma/crab_job_EGamma2018C/190528_233953/0000/..
name: ..
filenumber: 297
74 files added.
Initializing chain.
Coming in: 
nentries:821048
Running over 821048 events.
Finished entry 0/821047
Finished entry 10000/821047
Finished entry 20000/821047
Finished entry 30000/821047
Finished entry 40000/821047
Finished entry 50000/821047
Finished entry 60000/821047
Finished entry 70000/821047
Finished entry 80000/821047
Finished entry 90000/821047
Finished entry 100000/821047
Finished entry 110000/821047
Finished entry 120000/821047
Finished entry 130000/821047
Finished entry 140000/821047
Finished entry 150000/821047
Finished entry 160000/821047
Finished entry 170000/821047
Finished entry 180000/821047
Finished entry 190000/821047
Finished entry 200000/821047
Finished entry 210000/821047
Finished entry 220000/821047
Finished entry 230000/821047
Finished entry 240000/821047
Finished entry 250000/821047
Finished entry 260000/821047
Finished entry 270000/821047
Finished entry 280000/821047
Finished entry 290000/821047
Finished entry 300000/821047
Finished entry 310000/821047
Finished entry 320000/821047
Finished entry 330000/821047
Finished entry 340000/821047
Finished entry 350000/821047
Finished entry 360000/821047
Finished entry 370000/821047
Finished entry 380000/821047
Finished entry 390000/821047
Finished entry 400000/821047
Finished entry 410000/821047
Finished entry 420000/821047
Finished entry 430000/821047
Finished entry 440000/821047
Finished entry 450000/821047
Finished entry 460000/821047
Finished entry 470000/821047
Finished entry 480000/821047
Finished entry 490000/821047
Finished entry 500000/821047
Finished entry 510000/821047
Finished entry 520000/821047
Finished entry 530000/821047
Finished entry 540000/821047
Finished entry 550000/821047
Finished entry 560000/821047
Finished entry 570000/821047
Finished entry 580000/821047
Finished entry 590000/821047
Finished entry 600000/821047
Finished entry 610000/821047
Finished entry 620000/821047
Finished entry 630000/821047
Finished entry 640000/821047
Finished entry 650000/821047
Finished entry 660000/821047
Finished entry 670000/821047
Finished entry 680000/821047
Finished entry 690000/821047
Finished entry 700000/821047
Finished entry 710000/821047
Finished entry 720000/821047
Finished entry 730000/821047
Finished entry 740000/821047
Finished entry 750000/821047
Finished entry 760000/821047
Finished entry 770000/821047
Finished entry 780000/821047
Finished entry 790000/821047
Finished entry 800000/821047
Finished entry 810000/821047
Finished entry 820000/821047
