000 (695968.003.000) 07/12 06:42:04 Job submitted from host: <144.92.181.245:9618?addrs=144.92.181.245-9618+[2607-f388-101c-1000--372]-9618&noUDP&sock=6179_dbc8_3>
...
001 (695968.003.000) 07/12 08:10:19 Job executing on host: <128.104.227.24:9618?addrs=128.104.227.24-9618+[2607-f388-101c-1000--629]-9618&noUDP&sock=10309_b1ec_3>
...
006 (695968.003.000) 07/12 08:10:28 Image size of job updated: 214716
	106  -  MemoryUsage of job (MB)
	108120  -  ResidentSetSize of job (KB)
...
006 (695968.003.000) 07/12 08:30:29 Image size of job updated: 296580
	290  -  MemoryUsage of job (MB)
	296500  -  ResidentSetSize of job (KB)
...
005 (695968.003.000) 07/12 08:33:06 Job terminated.
	(1) Normal termination (return value 0)
		Usr 0 00:02:02, Sys 0 00:00:06  -  Run Remote Usage
		Usr 0 00:00:00, Sys 0 00:00:00  -  Run Local Usage
		Usr 0 00:02:02, Sys 0 00:00:06  -  Total Remote Usage
		Usr 0 00:00:00, Sys 0 00:00:00  -  Total Local Usage
	196807  -  Run Bytes Sent By Job
	281287  -  Run Bytes Received By Job
	196807  -  Total Bytes Sent By Job
	281287  -  Total Bytes Received By Job
	Partitionable Resources :    Usage  Request Allocated
	   Cpus                 :                 1         1
	   Disk (KB)            :  1000000  2048000   9499870
	   Memory (MB)          :      290     1992      1992
...
