000 (696049.002.000) 07/12 06:43:58 Job submitted from host: <144.92.181.245:9618?addrs=144.92.181.245-9618+[2607-f388-101c-1000--372]-9618&noUDP&sock=6179_dbc8_3>
...
001 (695052.002.000) 07/12 07:42:40 Job executing on host: <144.92.181.205:9618?addrs=144.92.181.205-9618+[2607-f388-101c-1000--629]-9618&noUDP&sock=6858_9896_3>
...
006 (695052.002.000) 07/12 07:42:49 Image size of job updated: 108228
	106  -  MemoryUsage of job (MB)
	108228  -  ResidentSetSize of job (KB)
...
006 (695052.002.000) 07/12 08:02:49 Image size of job updated: 260352
	254  -  MemoryUsage of job (MB)
	259580  -  ResidentSetSize of job (KB)
...
005 (695052.002.000) 07/12 08:06:47 Job terminated.
	(1) Normal termination (return value 0)
		Usr 0 00:03:58, Sys 0 00:00:12  -  Run Remote Usage
		Usr 0 00:00:00, Sys 0 00:00:00  -  Run Local Usage
		Usr 0 00:03:58, Sys 0 00:00:12  -  Total Remote Usage
		Usr 0 00:00:00, Sys 0 00:00:00  -  Total Local Usage
	346172  -  Run Bytes Sent By Job
	281287  -  Run Bytes Received By Job
	346172  -  Total Bytes Sent By Job
	281287  -  Total Bytes Received By Job
	Partitionable Resources :    Usage  Request Allocated
	   Cpus                 :                 1         1
	   Disk (KB)            :  1000000  2048000   3166630
	   Memory (MB)          :      254     1992      1992
...
001 (696049.002.000) 07/12 08:42:45 Job executing on host: <128.104.227.24:9618?addrs=128.104.227.24-9618+[2607-f388-101c-1000--629]-9618&noUDP&sock=10309_b1ec_3>
...
006 (696049.002.000) 07/12 08:42:53 Image size of job updated: 215988
	106  -  MemoryUsage of job (MB)
	108220  -  ResidentSetSize of job (KB)
...
006 (696049.002.000) 07/12 09:02:53 Image size of job updated: 265344
	260  -  MemoryUsage of job (MB)
	265344  -  ResidentSetSize of job (KB)
...
006 (696049.002.000) 07/12 09:04:15 Image size of job updated: 268852
	260  -  MemoryUsage of job (MB)
	265344  -  ResidentSetSize of job (KB)
...
005 (696049.002.000) 07/12 09:04:16 Job terminated.
	(1) Normal termination (return value 0)
		Usr 0 00:01:45, Sys 0 00:00:06  -  Run Remote Usage
		Usr 0 00:00:00, Sys 0 00:00:00  -  Run Local Usage
		Usr 0 00:01:45, Sys 0 00:00:06  -  Total Remote Usage
		Usr 0 00:00:00, Sys 0 00:00:00  -  Total Local Usage
	199945  -  Run Bytes Sent By Job
	281287  -  Run Bytes Received By Job
	199945  -  Total Bytes Sent By Job
	281287  -  Total Bytes Received By Job
	Partitionable Resources :    Usage  Request Allocated
	   Cpus                 :                 1         1
	   Disk (KB)            :  1000000  2048000   9499870
	   Memory (MB)          :      260     1992      1992
...
