000 (696049.005.000) 07/12 06:43:58 Job submitted from host: <144.92.181.245:9618?addrs=144.92.181.245-9618+[2607-f388-101c-1000--372]-9618&noUDP&sock=6179_dbc8_3>
...
001 (695052.005.000) 07/12 07:42:41 Job executing on host: <144.92.180.134:9618?addrs=144.92.180.134-9618+[2607-f388-101c-1000--629]-9618&noUDP&sock=10094_390f_3>
...
006 (695052.005.000) 07/12 07:42:50 Image size of job updated: 108208
	106  -  MemoryUsage of job (MB)
	108208  -  ResidentSetSize of job (KB)
...
006 (695052.005.000) 07/12 08:02:51 Image size of job updated: 280480
	274  -  MemoryUsage of job (MB)
	279876  -  ResidentSetSize of job (KB)
...
005 (695052.005.000) 07/12 08:06:01 Job terminated.
	(1) Normal termination (return value 0)
		Usr 0 00:01:53, Sys 0 00:00:05  -  Run Remote Usage
		Usr 0 00:00:00, Sys 0 00:00:00  -  Run Local Usage
		Usr 0 00:01:53, Sys 0 00:00:05  -  Total Remote Usage
		Usr 0 00:00:00, Sys 0 00:00:00  -  Total Local Usage
	201223  -  Run Bytes Sent By Job
	281287  -  Run Bytes Received By Job
	201223  -  Total Bytes Sent By Job
	281287  -  Total Bytes Received By Job
	Partitionable Resources :    Usage  Request Allocated
	   Cpus                 :                 1         1
	   Disk (KB)            :  1000000  2048000   7918298
	   Memory (MB)          :      274     1992      1992
...
001 (696049.005.000) 07/12 08:42:45 Job executing on host: <144.92.181.94:9618?addrs=144.92.181.94-9618+[2607-f388-101c-1000--629]-9618&noUDP&sock=10017_6844_3>
...
006 (696049.005.000) 07/12 08:42:54 Image size of job updated: 168788
	67  -  MemoryUsage of job (MB)
	68100  -  ResidentSetSize of job (KB)
...
006 (696049.005.000) 07/12 09:02:55 Image size of job updated: 269404
	262  -  MemoryUsage of job (MB)
	267364  -  ResidentSetSize of job (KB)
...
005 (696049.005.000) 07/12 09:03:24 Job terminated.
	(1) Normal termination (return value 0)
		Usr 0 00:01:54, Sys 0 00:00:07  -  Run Remote Usage
		Usr 0 00:00:00, Sys 0 00:00:00  -  Run Local Usage
		Usr 0 00:01:54, Sys 0 00:00:07  -  Total Remote Usage
		Usr 0 00:00:00, Sys 0 00:00:00  -  Total Local Usage
	201223  -  Run Bytes Sent By Job
	281287  -  Run Bytes Received By Job
	201223  -  Total Bytes Sent By Job
	281287  -  Total Bytes Received By Job
	Partitionable Resources :    Usage  Request Allocated
	   Cpus                 :                 1         1
	   Disk (KB)            :  1000000  2048000   7916103
	   Memory (MB)          :      262     1992      1992
...
