file path found: /hdfs/store/user/varuns/Run2018D_Prompt/EGamma/crab_job_EGamma2018Dv2_3v3/190604_144154/0003/Data_EGamma2018Dv2_3v3_3019.root
name: Data_EGamma2018Dv2_3v3_3019.root
filenumber: 0
Adding FullPathInputFile to chain:/hdfs/store/user/varuns/Run2018D_Prompt/EGamma/crab_job_EGamma2018Dv2_3v3/190604_144154/0003/Data_EGamma2018Dv2_3v3_3019.root

file path found: /hdfs/store/user/varuns/Run2018D_Prompt/EGamma/crab_job_EGamma2018Dv2_3v3/190604_144154/0003/Data_EGamma2018Dv2_3v3_3020.root
name: Data_EGamma2018Dv2_3v3_3020.root
filenumber: 1
Adding FullPathInputFile to chain:/hdfs/store/user/varuns/Run2018D_Prompt/EGamma/crab_job_EGamma2018Dv2_3v3/190604_144154/0003/Data_EGamma2018Dv2_3v3_3020.root

file path found: /hdfs/store/user/varuns/Run2018D_Prompt/EGamma/crab_job_EGamma2018Dv2_3v3/190604_144154/0003/Data_EGamma2018Dv2_3v3_3070.root
name: Data_EGamma2018Dv2_3v3_3070.root
filenumber: 2
Adding FullPathInputFile to chain:/hdfs/store/user/varuns/Run2018D_Prompt/EGamma/crab_job_EGamma2018Dv2_3v3/190604_144154/0003/Data_EGamma2018Dv2_3v3_3070.root

file path found: /hdfs/store/user/varuns/Run2018D_Prompt/EGamma/crab_job_EGamma2018Dv2_3v3/190604_144154/0003/Data_EGamma2018Dv2_3v3_3071.root
name: Data_EGamma2018Dv2_3v3_3071.root
filenumber: 3
Adding FullPathInputFile to chain:/hdfs/store/user/varuns/Run2018D_Prompt/EGamma/crab_job_EGamma2018Dv2_3v3/190604_144154/0003/Data_EGamma2018Dv2_3v3_3071.root

file path found: /hdfs/store/user/varuns/Run2018D_Prompt/EGamma/crab_job_EGamma2018Dv2_3v3/190604_144154/0003/Data_EGamma2018Dv2_3v3_3073.root
name: Data_EGamma2018Dv2_3v3_3073.root
filenumber: 4
Adding FullPathInputFile to chain:/hdfs/store/user/varuns/Run2018D_Prompt/EGamma/crab_job_EGamma2018Dv2_3v3/190604_144154/0003/Data_EGamma2018Dv2_3v3_3073.root

file path found: /hdfs/store/user/varuns/Run2018D_Prompt/EGamma/crab_job_EGamma2018Dv2_3v3/190604_144154/0003/Data_EGamma2018Dv2_3v3_3076.root
name: Data_EGamma2018Dv2_3v3_3076.root
filenumber: 5
Adding FullPathInputFile to chain:/hdfs/store/user/varuns/Run2018D_Prompt/EGamma/crab_job_EGamma2018Dv2_3v3/190604_144154/0003/Data_EGamma2018Dv2_3v3_3076.root

file path found: /hdfs/store/user/varuns/Run2018D_Prompt/EGamma/crab_job_EGamma2018Dv2_3v3/190604_144154/0003/Data_EGamma2018Dv2_3v3_3077.root
name: Data_EGamma2018Dv2_3v3_3077.root
filenumber: 6
Adding FullPathInputFile to chain:/hdfs/store/user/varuns/Run2018D_Prompt/EGamma/crab_job_EGamma2018Dv2_3v3/190604_144154/0003/Data_EGamma2018Dv2_3v3_3077.root

file path found: /hdfs/store/user/varuns/Run2018D_Prompt/EGamma/crab_job_EGamma2018Dv2_3v3/190604_144154/0003/Data_EGamma2018Dv2_3v3_3078.root
name: Data_EGamma2018Dv2_3v3_3078.root
filenumber: 7
Adding FullPathInputFile to chain:/hdfs/store/user/varuns/Run2018D_Prompt/EGamma/crab_job_EGamma2018Dv2_3v3/190604_144154/0003/Data_EGamma2018Dv2_3v3_3078.root

file path found: /hdfs/store/user/varuns/Run2018D_Prompt/EGamma/crab_job_EGamma2018Dv2_3v3/190604_144154/0003/Data_EGamma2018Dv2_3v3_3079.root
name: Data_EGamma2018Dv2_3v3_3079.root
filenumber: 8
Adding FullPathInputFile to chain:/hdfs/store/user/varuns/Run2018D_Prompt/EGamma/crab_job_EGamma2018Dv2_3v3/190604_144154/0003/Data_EGamma2018Dv2_3v3_3079.root

file path found: /hdfs/store/user/varuns/Run2018D_Prompt/EGamma/crab_job_EGamma2018Dv2_3v3/190604_144154/0003/Data_EGamma2018Dv2_3v3_3080.root
name: Data_EGamma2018Dv2_3v3_3080.root
filenumber: 9
Adding FullPathInputFile to chain:/hdfs/store/user/varuns/Run2018D_Prompt/EGamma/crab_job_EGamma2018Dv2_3v3/190604_144154/0003/Data_EGamma2018Dv2_3v3_3080.root

file path found: /hdfs/store/user/varuns/Run2018D_Prompt/EGamma/crab_job_EGamma2018Dv2_3v3/190604_144154/0003/Data_EGamma2018Dv2_3v3_3084.root
name: Data_EGamma2018Dv2_3v3_3084.root
filenumber: 10
Adding FullPathInputFile to chain:/hdfs/store/user/varuns/Run2018D_Prompt/EGamma/crab_job_EGamma2018Dv2_3v3/190604_144154/0003/Data_EGamma2018Dv2_3v3_3084.root

file path found: /hdfs/store/user/varuns/Run2018D_Prompt/EGamma/crab_job_EGamma2018Dv2_3v3/190604_144154/0003/Data_EGamma2018Dv2_3v3_3085.root
name: Data_EGamma2018Dv2_3v3_3085.root
filenumber: 11
Adding FullPathInputFile to chain:/hdfs/store/user/varuns/Run2018D_Prompt/EGamma/crab_job_EGamma2018Dv2_3v3/190604_144154/0003/Data_EGamma2018Dv2_3v3_3085.root

file path found: /hdfs/store/user/varuns/Run2018D_Prompt/EGamma/crab_job_EGamma2018Dv2_3v3/190604_144154/0003/Data_EGamma2018Dv2_3v3_3086.root
name: Data_EGamma2018Dv2_3v3_3086.root
filenumber: 12
Adding FullPathInputFile to chain:/hdfs/store/user/varuns/Run2018D_Prompt/EGamma/crab_job_EGamma2018Dv2_3v3/190604_144154/0003/Data_EGamma2018Dv2_3v3_3086.root

file path found: /hdfs/store/user/varuns/Run2018D_Prompt/EGamma/crab_job_EGamma2018Dv2_3v3/190604_144154/0003/Data_EGamma2018Dv2_3v3_3087.root
name: Data_EGamma2018Dv2_3v3_3087.root
filenumber: 13
Adding FullPathInputFile to chain:/hdfs/store/user/varuns/Run2018D_Prompt/EGamma/crab_job_EGamma2018Dv2_3v3/190604_144154/0003/Data_EGamma2018Dv2_3v3_3087.root

file path found: /hdfs/store/user/varuns/Run2018D_Prompt/EGamma/crab_job_EGamma2018Dv2_3v3/190604_144154/0003/Data_EGamma2018Dv2_3v3_3088.root
name: Data_EGamma2018Dv2_3v3_3088.root
filenumber: 14
Adding FullPathInputFile to chain:/hdfs/store/user/varuns/Run2018D_Prompt/EGamma/crab_job_EGamma2018Dv2_3v3/190604_144154/0003/Data_EGamma2018Dv2_3v3_3088.root

file path found: /hdfs/store/user/varuns/Run2018D_Prompt/EGamma/crab_job_EGamma2018Dv2_3v3/190604_144154/0003/Data_EGamma2018Dv2_3v3_3089.root
name: Data_EGamma2018Dv2_3v3_3089.root
filenumber: 15
Adding FullPathInputFile to chain:/hdfs/store/user/varuns/Run2018D_Prompt/EGamma/crab_job_EGamma2018Dv2_3v3/190604_144154/0003/Data_EGamma2018Dv2_3v3_3089.root

file path found: /hdfs/store/user/varuns/Run2018D_Prompt/EGamma/crab_job_EGamma2018Dv2_3v3/190604_144154/0003/Data_EGamma2018Dv2_3v3_3090.root
name: Data_EGamma2018Dv2_3v3_3090.root
filenumber: 16
Adding FullPathInputFile to chain:/hdfs/store/user/varuns/Run2018D_Prompt/EGamma/crab_job_EGamma2018Dv2_3v3/190604_144154/0003/Data_EGamma2018Dv2_3v3_3090.root

file path found: /hdfs/store/user/varuns/Run2018D_Prompt/EGamma/crab_job_EGamma2018Dv2_3v3/190604_144154/0003/Data_EGamma2018Dv2_3v3_3533.root
name: Data_EGamma2018Dv2_3v3_3533.root
filenumber: 17
Adding FullPathInputFile to chain:/hdfs/store/user/varuns/Run2018D_Prompt/EGamma/crab_job_EGamma2018Dv2_3v3/190604_144154/0003/Data_EGamma2018Dv2_3v3_3533.root

file path found: /hdfs/store/user/varuns/Run2018D_Prompt/EGamma/crab_job_EGamma2018Dv2_3v3/190604_144154/0003/Data_EGamma2018Dv2_3v3_3534.root
name: Data_EGamma2018Dv2_3v3_3534.root
filenumber: 18
Adding FullPathInputFile to chain:/hdfs/store/user/varuns/Run2018D_Prompt/EGamma/crab_job_EGamma2018Dv2_3v3/190604_144154/0003/Data_EGamma2018Dv2_3v3_3534.root

file path found: /hdfs/store/user/varuns/Run2018D_Prompt/EGamma/crab_job_EGamma2018Dv2_3v3/190604_144154/0003/Data_EGamma2018Dv2_3v3_3563.root
name: Data_EGamma2018Dv2_3v3_3563.root
filenumber: 19
Adding FullPathInputFile to chain:/hdfs/store/user/varuns/Run2018D_Prompt/EGamma/crab_job_EGamma2018Dv2_3v3/190604_144154/0003/Data_EGamma2018Dv2_3v3_3563.root

file path found: /hdfs/store/user/varuns/Run2018D_Prompt/EGamma/crab_job_EGamma2018Dv2_3v3/190604_144154/0003/Data_EGamma2018Dv2_3v3_3605.root
name: Data_EGamma2018Dv2_3v3_3605.root
filenumber: 20
Adding FullPathInputFile to chain:/hdfs/store/user/varuns/Run2018D_Prompt/EGamma/crab_job_EGamma2018Dv2_3v3/190604_144154/0003/Data_EGamma2018Dv2_3v3_3605.root

file path found: /hdfs/store/user/varuns/Run2018D_Prompt/EGamma/crab_job_EGamma2018Dv2_3v3/190604_144154/0003/Data_EGamma2018Dv2_3v3_3612.root
name: Data_EGamma2018Dv2_3v3_3612.root
filenumber: 21
Adding FullPathInputFile to chain:/hdfs/store/user/varuns/Run2018D_Prompt/EGamma/crab_job_EGamma2018Dv2_3v3/190604_144154/0003/Data_EGamma2018Dv2_3v3_3612.root

file path found: /hdfs/store/user/varuns/Run2018D_Prompt/EGamma/crab_job_EGamma2018Dv2_3v3/190604_144154/0003/Data_EGamma2018Dv2_3v3_3620.root
name: Data_EGamma2018Dv2_3v3_3620.root
filenumber: 22
Adding FullPathInputFile to chain:/hdfs/store/user/varuns/Run2018D_Prompt/EGamma/crab_job_EGamma2018Dv2_3v3/190604_144154/0003/Data_EGamma2018Dv2_3v3_3620.root

file path found: /hdfs/store/user/varuns/Run2018D_Prompt/EGamma/crab_job_EGamma2018Dv2_3v3/190604_144154/0003/Data_EGamma2018Dv2_3v3_3625.root
name: Data_EGamma2018Dv2_3v3_3625.root
filenumber: 23
Adding FullPathInputFile to chain:/hdfs/store/user/varuns/Run2018D_Prompt/EGamma/crab_job_EGamma2018Dv2_3v3/190604_144154/0003/Data_EGamma2018Dv2_3v3_3625.root

file path found: /hdfs/store/user/varuns/Run2018D_Prompt/EGamma/crab_job_EGamma2018Dv2_3v3/190604_144154/0003/Data_EGamma2018Dv2_3v3_3629.root
name: Data_EGamma2018Dv2_3v3_3629.root
filenumber: 24
Adding FullPathInputFile to chain:/hdfs/store/user/varuns/Run2018D_Prompt/EGamma/crab_job_EGamma2018Dv2_3v3/190604_144154/0003/Data_EGamma2018Dv2_3v3_3629.root

file path found: /hdfs/store/user/varuns/Run2018D_Prompt/EGamma/crab_job_EGamma2018Dv2_3v3/190604_144154/0003/Data_EGamma2018Dv2_3v3_3633.root
name: Data_EGamma2018Dv2_3v3_3633.root
filenumber: 25
Adding FullPathInputFile to chain:/hdfs/store/user/varuns/Run2018D_Prompt/EGamma/crab_job_EGamma2018Dv2_3v3/190604_144154/0003/Data_EGamma2018Dv2_3v3_3633.root

file path found: /hdfs/store/user/varuns/Run2018D_Prompt/EGamma/crab_job_EGamma2018Dv2_3v3/190604_144154/0003/Data_EGamma2018Dv2_3v3_3658.root
name: Data_EGamma2018Dv2_3v3_3658.root
filenumber: 26
Adding FullPathInputFile to chain:/hdfs/store/user/varuns/Run2018D_Prompt/EGamma/crab_job_EGamma2018Dv2_3v3/190604_144154/0003/Data_EGamma2018Dv2_3v3_3658.root

file path found: /hdfs/store/user/varuns/Run2018D_Prompt/EGamma/crab_job_EGamma2018Dv2_3v3/190604_144154/0003/Data_EGamma2018Dv2_3v3_3838.root
name: Data_EGamma2018Dv2_3v3_3838.root
filenumber: 27
Adding FullPathInputFile to chain:/hdfs/store/user/varuns/Run2018D_Prompt/EGamma/crab_job_EGamma2018Dv2_3v3/190604_144154/0003/Data_EGamma2018Dv2_3v3_3838.root

file path found: /hdfs/store/user/varuns/Run2018D_Prompt/EGamma/crab_job_EGamma2018Dv2_3v3/190604_144154/0003/Data_EGamma2018Dv2_3v3_3839.root
name: Data_EGamma2018Dv2_3v3_3839.root
filenumber: 28
Adding FullPathInputFile to chain:/hdfs/store/user/varuns/Run2018D_Prompt/EGamma/crab_job_EGamma2018Dv2_3v3/190604_144154/0003/Data_EGamma2018Dv2_3v3_3839.root

file path found: /hdfs/store/user/varuns/Run2018D_Prompt/EGamma/crab_job_EGamma2018Dv2_3v3/190604_144154/0003/.
name: .
filenumber: 29
file path found: /hdfs/store/user/varuns/Run2018D_Prompt/EGamma/crab_job_EGamma2018Dv2_3v3/190604_144154/0003/..
name: ..
filenumber: 30
29 files added.
Initializing chain.
Coming in: 
nentries:569624
Running over 569624 events.
Finished entry 0/569623
Finished entry 10000/569623
Finished entry 20000/569623
Finished entry 30000/569623
Finished entry 40000/569623
Finished entry 50000/569623
Finished entry 60000/569623
Finished entry 70000/569623
Finished entry 80000/569623
Finished entry 90000/569623
Finished entry 100000/569623
Finished entry 110000/569623
Finished entry 120000/569623
Finished entry 130000/569623
Finished entry 140000/569623
Finished entry 150000/569623
Finished entry 160000/569623
Finished entry 170000/569623
Finished entry 180000/569623
Finished entry 190000/569623
Finished entry 200000/569623
Finished entry 210000/569623
Finished entry 220000/569623
Finished entry 230000/569623
Finished entry 240000/569623
Finished entry 250000/569623
Finished entry 260000/569623
Finished entry 270000/569623
Finished entry 280000/569623
Finished entry 290000/569623
Finished entry 300000/569623
Finished entry 310000/569623
Finished entry 320000/569623
Finished entry 330000/569623
Finished entry 340000/569623
Finished entry 350000/569623
Finished entry 360000/569623
Finished entry 370000/569623
Finished entry 380000/569623
Finished entry 390000/569623
Finished entry 400000/569623
Finished entry 410000/569623
Finished entry 420000/569623
Finished entry 430000/569623
Finished entry 440000/569623
Finished entry 450000/569623
Finished entry 460000/569623
Finished entry 470000/569623
Finished entry 480000/569623
Finished entry 490000/569623
Finished entry 500000/569623
Finished entry 510000/569623
Finished entry 520000/569623
Finished entry 530000/569623
Finished entry 540000/569623
Finished entry 550000/569623
Finished entry 560000/569623
