000 (695964.010.000) 07/12 06:41:57 Job submitted from host: <144.92.181.245:9618?addrs=144.92.181.245-9618+[2607-f388-101c-1000--372]-9618&noUDP&sock=6179_dbc8_3>
...
001 (695964.010.000) 07/12 08:08:22 Job executing on host: <128.104.227.24:9618?addrs=128.104.227.24-9618+[2607-f388-101c-1000--629]-9618&noUDP&sock=10309_b1ec_3>
...
006 (695964.010.000) 07/12 08:08:31 Image size of job updated: 205544
	106  -  MemoryUsage of job (MB)
	108344  -  ResidentSetSize of job (KB)
...
006 (695964.010.000) 07/12 08:28:31 Image size of job updated: 205544
	128  -  MemoryUsage of job (MB)
	130588  -  ResidentSetSize of job (KB)
...
006 (695964.010.000) 07/12 08:30:23 Image size of job updated: 370588
	128  -  MemoryUsage of job (MB)
	130588  -  ResidentSetSize of job (KB)
...
005 (695964.010.000) 07/12 08:30:24 Job terminated.
	(1) Normal termination (return value 0)
		Usr 0 00:01:06, Sys 0 00:00:05  -  Run Remote Usage
		Usr 0 00:00:00, Sys 0 00:00:00  -  Run Local Usage
		Usr 0 00:01:06, Sys 0 00:00:05  -  Total Remote Usage
		Usr 0 00:00:00, Sys 0 00:00:00  -  Total Local Usage
	325856  -  Run Bytes Sent By Job
	281287  -  Run Bytes Received By Job
	325856  -  Total Bytes Sent By Job
	281287  -  Total Bytes Received By Job
	Partitionable Resources :    Usage  Request Allocated
	   Cpus                 :                 1         1
	   Disk (KB)            :  1000000  2048000   9499870
	   Memory (MB)          :      128     1992      1992
...
