000 (1262618.007.000) 07/25 12:34:34 Job submitted from host: <144.92.180.28:9618?addrs=144.92.180.28-9618+[2607-f388-101c-1000--370]-9618&noUDP&sock=5187_6dd5_82>
...
001 (1262618.007.000) 07/25 14:20:32 Job executing on host: <144.92.181.146:9618?addrs=144.92.181.146-9618+[2607-f388-101c-1000--629]-9618&noUDP&sock=9831_d3a7_3>
...
006 (1262618.007.000) 07/25 14:20:41 Image size of job updated: 223544
	107  -  MemoryUsage of job (MB)
	108628  -  ResidentSetSize of job (KB)
...
005 (1262618.007.000) 07/25 14:32:15 Job terminated.
	(1) Normal termination (return value 0)
		Usr 0 00:02:10, Sys 0 00:00:05  -  Run Remote Usage
		Usr 0 00:00:00, Sys 0 00:00:00  -  Run Local Usage
		Usr 0 00:02:10, Sys 0 00:00:05  -  Total Remote Usage
		Usr 0 00:00:00, Sys 0 00:00:00  -  Total Local Usage
	454190  -  Run Bytes Sent By Job
	283691  -  Run Bytes Received By Job
	454190  -  Total Bytes Sent By Job
	283691  -  Total Bytes Received By Job
	Partitionable Resources :    Usage  Request Allocated
	   Cpus                 :                 1         1
	   Disk (KB)            :  1000000  2048000   7917565
	   Memory (MB)          :      107     1992      1992
...
