000 (691417.011.000) 07/11 11:26:10 Job submitted from host: <144.92.181.245:9618?addrs=144.92.181.245-9618+[2607-f388-101c-1000--372]-9618&noUDP&sock=6179_dbc8_3>
...
001 (691417.011.000) 07/11 11:44:06 Job executing on host: <144.92.180.92:9618?addrs=144.92.180.92-9618+[2607-f388-101c-1000--629]-9618&noUDP&sock=6979_978c_3>
...
006 (691417.011.000) 07/11 11:44:15 Image size of job updated: 24076
	8  -  MemoryUsage of job (MB)
	7604  -  ResidentSetSize of job (KB)
...
006 (691417.011.000) 07/11 12:02:35 Image size of job updated: 127304
	8  -  MemoryUsage of job (MB)
	7604  -  ResidentSetSize of job (KB)
...
005 (691417.011.000) 07/11 12:02:36 Job terminated.
	(1) Normal termination (return value 0)
		Usr 0 00:02:18, Sys 0 00:00:10  -  Run Remote Usage
		Usr 0 00:00:00, Sys 0 00:00:00  -  Run Local Usage
		Usr 0 00:02:18, Sys 0 00:00:10  -  Total Remote Usage
		Usr 0 00:00:00, Sys 0 00:00:00  -  Total Local Usage
	516051  -  Run Bytes Sent By Job
	306644  -  Run Bytes Received By Job
	516051  -  Total Bytes Sent By Job
	306644  -  Total Bytes Received By Job
	Partitionable Resources :    Usage  Request Allocated
	   Cpus                 :                 1         1
	   Disk (KB)            :  1000000  2048000   4749770
	   Memory (MB)          :        8     1992      1992
...
