000 (691417.003.000) 07/11 11:26:10 Job submitted from host: <144.92.181.245:9618?addrs=144.92.181.245-9618+[2607-f388-101c-1000--372]-9618&noUDP&sock=6179_dbc8_3>
...
001 (691417.003.000) 07/11 11:44:05 Job executing on host: <144.92.180.110:9618?addrs=144.92.180.110-9618+[2607-f388-101c-1000--629]-9618&noUDP&sock=7476_7e1e_3>
...
006 (691417.003.000) 07/11 11:44:13 Image size of job updated: 46784
	26  -  MemoryUsage of job (MB)
	26120  -  ResidentSetSize of job (KB)
...
005 (691417.003.000) 07/11 11:53:05 Job terminated.
	(1) Normal termination (return value 0)
		Usr 0 00:01:07, Sys 0 00:00:04  -  Run Remote Usage
		Usr 0 00:00:00, Sys 0 00:00:00  -  Run Local Usage
		Usr 0 00:01:07, Sys 0 00:00:04  -  Total Remote Usage
		Usr 0 00:00:00, Sys 0 00:00:00  -  Total Local Usage
	501054  -  Run Bytes Sent By Job
	306644  -  Run Bytes Received By Job
	501054  -  Total Bytes Sent By Job
	306644  -  Total Bytes Received By Job
	Partitionable Resources :    Usage  Request Allocated
	   Cpus                 :                 1         1
	   Disk (KB)            :  1000000  2048000   6334730
	   Memory (MB)          :       26     1992      1992
...
