000 (1262541.001.000) 07/25 12:33:33 Job submitted from host: <144.92.180.28:9618?addrs=144.92.180.28-9618+[2607-f388-101c-1000--370]-9618&noUDP&sock=5187_6dd5_82>
...
001 (1262541.001.000) 07/25 13:11:42 Job executing on host: <128.104.227.14:9618?addrs=128.104.227.14-9618+[2607-f388-101c-1000--629]-9618&noUDP&sock=10422_341f_3>
...
006 (1262541.001.000) 07/25 13:11:51 Image size of job updated: 230196
	110  -  MemoryUsage of job (MB)
	112364  -  ResidentSetSize of job (KB)
...
005 (1262541.001.000) 07/25 13:18:29 Job terminated.
	(1) Normal termination (return value 0)
		Usr 0 00:01:46, Sys 0 00:00:05  -  Run Remote Usage
		Usr 0 00:00:00, Sys 0 00:00:00  -  Run Local Usage
		Usr 0 00:01:46, Sys 0 00:00:05  -  Total Remote Usage
		Usr 0 00:00:00, Sys 0 00:00:00  -  Total Local Usage
	352556  -  Run Bytes Sent By Job
	283691  -  Run Bytes Received By Job
	352556  -  Total Bytes Sent By Job
	283691  -  Total Bytes Received By Job
	Partitionable Resources :    Usage  Request Allocated
	   Cpus                 :                 1         1
	   Disk (KB)            :  1000000  2048000   9500781
	   Memory (MB)          :      110     1992      1992
...
