000 (696061.012.000) 07/12 06:44:20 Job submitted from host: <144.92.181.245:9618?addrs=144.92.181.245-9618+[2607-f388-101c-1000--372]-9618&noUDP&sock=6179_dbc8_3>
...
001 (695064.012.000) 07/12 07:43:06 Job executing on host: <144.92.181.81:9618?addrs=144.92.181.81-9618+[2607-f388-101c-1000--629]-9618&noUDP&sock=7062_85e8_3>
...
006 (695064.012.000) 07/12 07:43:14 Image size of job updated: 54372
	53  -  MemoryUsage of job (MB)
	53604  -  ResidentSetSize of job (KB)
...
006 (695064.012.000) 07/12 08:03:14 Image size of job updated: 242000
	236  -  MemoryUsage of job (MB)
	240816  -  ResidentSetSize of job (KB)
...
005 (695064.012.000) 07/12 08:07:06 Job terminated.
	(1) Normal termination (return value 0)
		Usr 0 00:04:33, Sys 0 00:00:14  -  Run Remote Usage
		Usr 0 00:00:00, Sys 0 00:00:00  -  Run Local Usage
		Usr 0 00:04:33, Sys 0 00:00:14  -  Total Remote Usage
		Usr 0 00:00:00, Sys 0 00:00:00  -  Total Local Usage
	476704  -  Run Bytes Sent By Job
	281287  -  Run Bytes Received By Job
	476704  -  Total Bytes Sent By Job
	281287  -  Total Bytes Received By Job
	Partitionable Resources :    Usage  Request Allocated
	   Cpus                 :                 1         1
	   Disk (KB)            :  1000000  2048000   4748429
	   Memory (MB)          :      236     1992      1992
...
001 (696061.012.000) 07/12 08:49:40 Job executing on host: <128.104.227.14:9618?addrs=128.104.227.14-9618+[2607-f388-101c-1000--629]-9618&noUDP&sock=10387_324f_3>
...
006 (696061.012.000) 07/12 08:49:49 Image size of job updated: 217348
	106  -  MemoryUsage of job (MB)
	108540  -  ResidentSetSize of job (KB)
...
006 (696061.012.000) 07/12 09:09:49 Image size of job updated: 242028
	237  -  MemoryUsage of job (MB)
	241788  -  ResidentSetSize of job (KB)
...
006 (696061.012.000) 07/12 09:12:46 Image size of job updated: 489492
	237  -  MemoryUsage of job (MB)
	241788  -  ResidentSetSize of job (KB)
...
005 (696061.012.000) 07/12 09:12:46 Job terminated.
	(1) Normal termination (return value 0)
		Usr 0 00:02:10, Sys 0 00:00:08  -  Run Remote Usage
		Usr 0 00:00:00, Sys 0 00:00:00  -  Run Local Usage
		Usr 0 00:02:10, Sys 0 00:00:08  -  Total Remote Usage
		Usr 0 00:00:00, Sys 0 00:00:00  -  Total Local Usage
	472234  -  Run Bytes Sent By Job
	281287  -  Run Bytes Received By Job
	472234  -  Total Bytes Sent By Job
	281287  -  Total Bytes Received By Job
	Partitionable Resources :    Usage  Request Allocated
	   Cpus                 :                 1         1
	   Disk (KB)            :  1000000  2048000   9501126
	   Memory (MB)          :      237     1992      1992
...
