000 (696061.014.000) 07/12 06:44:20 Job submitted from host: <144.92.181.245:9618?addrs=144.92.181.245-9618+[2607-f388-101c-1000--372]-9618&noUDP&sock=6179_dbc8_3>
...
001 (695064.014.000) 07/12 07:43:11 Job executing on host: <128.104.227.56:9618?addrs=128.104.227.56-9618+[2607-f388-101c-1000--629]-9618&noUDP&sock=10339_45c3_3>
...
006 (695064.014.000) 07/12 07:43:20 Image size of job updated: 110740
	53  -  MemoryUsage of job (MB)
	53512  -  ResidentSetSize of job (KB)
...
006 (695064.014.000) 07/12 08:03:20 Image size of job updated: 245496
	238  -  MemoryUsage of job (MB)
	243516  -  ResidentSetSize of job (KB)
...
005 (695064.014.000) 07/12 08:18:43 Job terminated.
	(1) Normal termination (return value 0)
		Usr 0 00:01:45, Sys 0 00:00:06  -  Run Remote Usage
		Usr 0 00:00:00, Sys 0 00:00:00  -  Run Local Usage
		Usr 0 00:01:45, Sys 0 00:00:06  -  Total Remote Usage
		Usr 0 00:00:00, Sys 0 00:00:00  -  Total Local Usage
	468449  -  Run Bytes Sent By Job
	281287  -  Run Bytes Received By Job
	468449  -  Total Bytes Sent By Job
	281287  -  Total Bytes Received By Job
	Partitionable Resources :    Usage  Request Allocated
	   Cpus                 :                 1         1
	   Disk (KB)            :  1000000  2048000   9502013
	   Memory (MB)          :      238     1992      1992
...
001 (696061.014.000) 07/12 08:49:45 Job executing on host: <128.104.227.103:9618?addrs=128.104.227.103-9618+[2607-f388-101c-1000--52]-9618&noUDP&sock=11683_250c_3>
...
006 (696061.014.000) 07/12 08:49:54 Image size of job updated: 157608
	44  -  MemoryUsage of job (MB)
	44292  -  ResidentSetSize of job (KB)
...
006 (696061.014.000) 07/12 09:09:55 Image size of job updated: 246848
	241  -  MemoryUsage of job (MB)
	246732  -  ResidentSetSize of job (KB)
...
006 (696061.014.000) 07/12 09:14:14 Image size of job updated: 246900
	241  -  MemoryUsage of job (MB)
	246732  -  ResidentSetSize of job (KB)
...
005 (696061.014.000) 07/12 09:14:15 Job terminated.
	(1) Normal termination (return value 0)
		Usr 0 00:02:08, Sys 0 00:00:06  -  Run Remote Usage
		Usr 0 00:00:00, Sys 0 00:00:00  -  Run Local Usage
		Usr 0 00:02:08, Sys 0 00:00:06  -  Total Remote Usage
		Usr 0 00:00:00, Sys 0 00:00:00  -  Total Local Usage
	468449  -  Run Bytes Sent By Job
	281287  -  Run Bytes Received By Job
	468449  -  Total Bytes Sent By Job
	281287  -  Total Bytes Received By Job
	Partitionable Resources :    Usage  Request Allocated
	   Cpus                 :                 1         1
	   Disk (KB)            :  1000000  2048000   9503861
	   Memory (MB)          :      241     1992      1992
...
