000 (696061.007.000) 07/12 06:44:20 Job submitted from host: <144.92.181.245:9618?addrs=144.92.181.245-9618+[2607-f388-101c-1000--372]-9618&noUDP&sock=6179_dbc8_3>
...
001 (695064.007.000) 07/12 07:43:11 Job executing on host: <128.104.227.75:9618?addrs=128.104.227.75-9618+[2607-f388-101c-1000--629]-9618&noUDP&sock=10338_962b_3>
...
006 (695064.007.000) 07/12 07:43:19 Image size of job updated: 156148
	107  -  MemoryUsage of job (MB)
	108548  -  ResidentSetSize of job (KB)
...
006 (695064.007.000) 07/12 08:03:19 Image size of job updated: 246360
	241  -  MemoryUsage of job (MB)
	246360  -  ResidentSetSize of job (KB)
...
005 (695064.007.000) 07/12 08:04:50 Job terminated.
	(1) Normal termination (return value 0)
		Usr 0 00:02:01, Sys 0 00:00:06  -  Run Remote Usage
		Usr 0 00:00:00, Sys 0 00:00:00  -  Run Local Usage
		Usr 0 00:02:01, Sys 0 00:00:06  -  Total Remote Usage
		Usr 0 00:00:00, Sys 0 00:00:00  -  Total Local Usage
	471258  -  Run Bytes Sent By Job
	281287  -  Run Bytes Received By Job
	471258  -  Total Bytes Sent By Job
	281287  -  Total Bytes Received By Job
	Partitionable Resources :    Usage  Request Allocated
	   Cpus                 :                 1         1
	   Disk (KB)            :  1000000  2048000   9500678
	   Memory (MB)          :      241     1992      1992
...
001 (696061.007.000) 07/12 08:49:26 Job executing on host: <128.104.227.50:9618?addrs=128.104.227.50-9618+[2607-f388-101c-1000--629]-9618&noUDP&sock=10316_7f15_3>
...
006 (696061.007.000) 07/12 08:49:34 Image size of job updated: 203392
	107  -  MemoryUsage of job (MB)
	108548  -  ResidentSetSize of job (KB)
...
006 (696061.007.000) 07/12 09:09:34 Image size of job updated: 245572
	240  -  MemoryUsage of job (MB)
	245500  -  ResidentSetSize of job (KB)
...
006 (696061.007.000) 07/12 09:16:21 Image size of job updated: 246808
	240  -  MemoryUsage of job (MB)
	245500  -  ResidentSetSize of job (KB)
...
005 (696061.007.000) 07/12 09:16:21 Job terminated.
	(1) Normal termination (return value 0)
		Usr 0 00:01:45, Sys 0 00:00:08  -  Run Remote Usage
		Usr 0 00:00:00, Sys 0 00:00:00  -  Run Local Usage
		Usr 0 00:01:45, Sys 0 00:00:08  -  Total Remote Usage
		Usr 0 00:00:00, Sys 0 00:00:00  -  Total Local Usage
	471258  -  Run Bytes Sent By Job
	281287  -  Run Bytes Received By Job
	471258  -  Total Bytes Sent By Job
	281287  -  Total Bytes Received By Job
	Partitionable Resources :    Usage  Request Allocated
	   Cpus                 :                 1         1
	   Disk (KB)            :  1000000  2048000   9498760
	   Memory (MB)          :      240     1992      1992
...
