000 (696061.008.000) 07/12 06:44:20 Job submitted from host: <144.92.181.245:9618?addrs=144.92.181.245-9618+[2607-f388-101c-1000--372]-9618&noUDP&sock=6179_dbc8_3>
...
001 (695064.008.000) 07/12 07:43:05 Job executing on host: <144.92.180.124:9618?addrs=144.92.180.124-9618+[2607-f388-101c-1000--629]-9618&noUDP&sock=7559_6c7a_3>
...
006 (695064.008.000) 07/12 07:43:13 Image size of job updated: 205212
	107  -  MemoryUsage of job (MB)
	108548  -  ResidentSetSize of job (KB)
...
006 (695064.008.000) 07/12 08:03:13 Image size of job updated: 241832
	237  -  MemoryUsage of job (MB)
	241832  -  ResidentSetSize of job (KB)
...
006 (695064.008.000) 07/12 08:10:04 Image size of job updated: 243124
	237  -  MemoryUsage of job (MB)
	241832  -  ResidentSetSize of job (KB)
...
005 (695064.008.000) 07/12 08:10:04 Job terminated.
	(1) Normal termination (return value 0)
		Usr 0 00:01:48, Sys 0 00:00:09  -  Run Remote Usage
		Usr 0 00:00:00, Sys 0 00:00:00  -  Run Local Usage
		Usr 0 00:01:48, Sys 0 00:00:09  -  Total Remote Usage
		Usr 0 00:00:00, Sys 0 00:00:00  -  Total Local Usage
	470298  -  Run Bytes Sent By Job
	281287  -  Run Bytes Received By Job
	470298  -  Total Bytes Sent By Job
	281287  -  Total Bytes Received By Job
	Partitionable Resources :    Usage  Request Allocated
	   Cpus                 :                 1         1
	   Disk (KB)            :  1000000  2048000   6333786
	   Memory (MB)          :      237     1992      1992
...
001 (696061.008.000) 07/12 08:49:31 Job executing on host: <128.104.227.103:9618?addrs=128.104.227.103-9618+[2607-f388-101c-1000--52]-9618&noUDP&sock=11683_250c_3>
...
006 (696061.008.000) 07/12 08:49:40 Image size of job updated: 52156
	23  -  MemoryUsage of job (MB)
	22760  -  ResidentSetSize of job (KB)
...
006 (696061.008.000) 07/12 09:09:41 Image size of job updated: 246232
	241  -  MemoryUsage of job (MB)
	246204  -  ResidentSetSize of job (KB)
...
006 (696061.008.000) 07/12 09:15:35 Image size of job updated: 247124
	241  -  MemoryUsage of job (MB)
	246204  -  ResidentSetSize of job (KB)
...
005 (696061.008.000) 07/12 09:15:35 Job terminated.
	(1) Normal termination (return value 0)
		Usr 0 00:01:41, Sys 0 00:00:07  -  Run Remote Usage
		Usr 0 00:00:00, Sys 0 00:00:00  -  Run Local Usage
		Usr 0 00:01:41, Sys 0 00:00:07  -  Total Remote Usage
		Usr 0 00:00:00, Sys 0 00:00:00  -  Total Local Usage
	470298  -  Run Bytes Sent By Job
	281287  -  Run Bytes Received By Job
	470298  -  Total Bytes Sent By Job
	281287  -  Total Bytes Received By Job
	Partitionable Resources :    Usage  Request Allocated
	   Cpus                 :                 1         1
	   Disk (KB)            :  1000000  2048000   9503861
	   Memory (MB)          :      241     1992      1992
...
