000 (690051.006.000) 07/11 07:30:30 Job submitted from host: <144.92.181.245:9618?addrs=144.92.181.245-9618+[2607-f388-101c-1000--372]-9618&noUDP&sock=6179_dbc8_3>
...
001 (690051.006.000) 07/11 08:19:51 Job executing on host: <128.104.227.109:9618?addrs=128.104.227.109-9618+[2607-f388-101c-1000--58]-9618&noUDP&sock=11656_9ffe_3>
...
006 (690051.006.000) 07/11 08:20:00 Image size of job updated: 137704
	33  -  MemoryUsage of job (MB)
	33620  -  ResidentSetSize of job (KB)
...
006 (690051.006.000) 07/11 08:28:20 Image size of job updated: 137704
	34  -  MemoryUsage of job (MB)
	34076  -  ResidentSetSize of job (KB)
...
005 (690051.006.000) 07/11 08:28:21 Job terminated.
	(1) Normal termination (return value 0)
		Usr 0 00:01:16, Sys 0 00:00:05  -  Run Remote Usage
		Usr 0 00:00:00, Sys 0 00:00:00  -  Run Local Usage
		Usr 0 00:01:16, Sys 0 00:00:05  -  Total Remote Usage
		Usr 0 00:00:00, Sys 0 00:00:00  -  Total Local Usage
	467210  -  Run Bytes Sent By Job
	302156  -  Run Bytes Received By Job
	467210  -  Total Bytes Sent By Job
	302156  -  Total Bytes Received By Job
	Partitionable Resources :    Usage  Request Allocated
	   Cpus                 :                 1         1
	   Disk (KB)            :  1000000  2048000   9503591
	   Memory (MB)          :       34     1992      1992
...
