000 (690040.001.000) 07/11 07:30:16 Job submitted from host: <144.92.181.245:9618?addrs=144.92.181.245-9618+[2607-f388-101c-1000--372]-9618&noUDP&sock=6179_dbc8_3>
...
001 (690040.001.000) 07/11 08:10:58 Job executing on host: <144.92.180.103:9618?addrs=144.92.180.103-9618+[2607-f388-101c-1000--629]-9618&noUDP&sock=7751_1ea9_3>
...
006 (690040.001.000) 07/11 08:11:06 Image size of job updated: 165804
	53  -  MemoryUsage of job (MB)
	53356  -  ResidentSetSize of job (KB)
...
005 (690040.001.000) 07/11 08:22:10 Job terminated.
	(1) Normal termination (return value 0)
		Usr 0 00:01:24, Sys 0 00:00:11  -  Run Remote Usage
		Usr 0 00:00:00, Sys 0 00:00:00  -  Run Local Usage
		Usr 0 00:01:24, Sys 0 00:00:11  -  Total Remote Usage
		Usr 0 00:00:00, Sys 0 00:00:00  -  Total Local Usage
	397342  -  Run Bytes Sent By Job
	302156  -  Run Bytes Received By Job
	397342  -  Total Bytes Sent By Job
	302156  -  Total Bytes Received By Job
	Partitionable Resources :    Usage  Request Allocated
	   Cpus                 :                 1         1
	   Disk (KB)            :  1000000  2048000   6334396
	   Memory (MB)          :       53     1992      1992
...
