000 (1262574.013.000) 07/25 12:34:02 Job submitted from host: <144.92.180.28:9618?addrs=144.92.180.28-9618+[2607-f388-101c-1000--370]-9618&noUDP&sock=5187_6dd5_82>
...
001 (1262574.013.000) 07/25 13:45:37 Job executing on host: <144.92.181.163:9618?addrs=144.92.181.163-9618+[2607-f388-101c-1000--629]-9618&noUDP&sock=10052_6a15_3>
...
006 (1262574.013.000) 07/25 13:45:45 Image size of job updated: 225972
	107  -  MemoryUsage of job (MB)
	108628  -  ResidentSetSize of job (KB)
...
005 (1262574.013.000) 07/25 13:58:34 Job terminated.
	(1) Normal termination (return value 0)
		Usr 0 00:02:31, Sys 0 00:00:08  -  Run Remote Usage
		Usr 0 00:00:00, Sys 0 00:00:00  -  Run Local Usage
		Usr 0 00:02:31, Sys 0 00:00:08  -  Total Remote Usage
		Usr 0 00:00:00, Sys 0 00:00:00  -  Total Local Usage
	438444  -  Run Bytes Sent By Job
	283691  -  Run Bytes Received By Job
	438444  -  Total Bytes Sent By Job
	283691  -  Total Bytes Received By Job
	Partitionable Resources :    Usage  Request Allocated
	   Cpus                 :                 1         1
	   Disk (KB)            :  1000000  2048000   7915856
	   Memory (MB)          :      107     1992      1992
...
