000 (1262574.003.000) 07/25 12:34:02 Job submitted from host: <144.92.180.28:9618?addrs=144.92.180.28-9618+[2607-f388-101c-1000--370]-9618&noUDP&sock=5187_6dd5_82>
...
001 (1262574.003.000) 07/25 13:44:47 Job executing on host: <144.92.181.237:9618?addrs=144.92.181.237-9618+[2607-f388-101c-1000--629]-9618&noUDP&sock=7206_4b8c_3>
...
006 (1262574.003.000) 07/25 13:44:56 Image size of job updated: 166776
	53  -  MemoryUsage of job (MB)
	53456  -  ResidentSetSize of job (KB)
...
005 (1262574.003.000) 07/25 14:03:40 Job terminated.
	(1) Normal termination (return value 0)
		Usr 0 00:05:12, Sys 0 00:00:19  -  Run Remote Usage
		Usr 0 00:00:00, Sys 0 00:00:00  -  Run Local Usage
		Usr 0 00:05:12, Sys 0 00:00:19  -  Total Remote Usage
		Usr 0 00:00:00, Sys 0 00:00:00  -  Total Local Usage
	448166  -  Run Bytes Sent By Job
	283691  -  Run Bytes Received By Job
	448166  -  Total Bytes Sent By Job
	283691  -  Total Bytes Received By Job
	Partitionable Resources :    Usage  Request Allocated
	   Cpus                 :                 1         1
	   Disk (KB)            :  1000000  2048000   4748702
	   Memory (MB)          :       53     1992      1992
...
