000 (166868.000.000) 06/10 13:21:32 Job submitted from host: <144.92.180.4:9618?addrs=144.92.180.4-9618+[2607-f388-101c-1000--367]-9618&noUDP&sock=4693_960c_3>
...
001 (166868.000.000) 06/10 13:35:04 Job executing on host: <128.104.227.97:9618?addrs=128.104.227.97-9618+[2607-f388-101c-1000--629]-9618&noUDP&sock=11987_a9d7_10>
...
006 (166868.000.000) 06/10 13:35:12 Image size of job updated: 214604
	107  -  MemoryUsage of job (MB)
	108584  -  ResidentSetSize of job (KB)
...
005 (166868.000.000) 06/10 13:46:50 Job terminated.
	(1) Normal termination (return value 0)
		Usr 0 00:01:19, Sys 0 00:00:04  -  Run Remote Usage
		Usr 0 00:00:00, Sys 0 00:00:00  -  Run Local Usage
		Usr 0 00:01:19, Sys 0 00:00:04  -  Total Remote Usage
		Usr 0 00:00:00, Sys 0 00:00:00  -  Total Local Usage
	433412  -  Run Bytes Sent By Job
	278854  -  Run Bytes Received By Job
	433412  -  Total Bytes Sent By Job
	278854  -  Total Bytes Received By Job
	Partitionable Resources :    Usage  Request Allocated
	   Cpus                 :                 1         1
	   Disk (KB)            :  1000000  2048000   9503797
	   Memory (MB)          :      107     1992      1992
...
