000 (691525.013.000) 07/11 11:28:36 Job submitted from host: <144.92.181.245:9618?addrs=144.92.181.245-9618+[2607-f388-101c-1000--372]-9618&noUDP&sock=6179_dbc8_3>
...
001 (691525.013.000) 07/11 12:24:31 Job executing on host: <144.92.180.83:9618?addrs=144.92.180.83-9618+[2607-f388-101c-1000--629]-9618&noUDP&sock=7013_e9c4_3>
...
006 (691525.013.000) 07/11 12:24:40 Image size of job updated: 170600
	53  -  MemoryUsage of job (MB)
	53516  -  ResidentSetSize of job (KB)
...
006 (691525.013.000) 07/11 12:44:41 Image size of job updated: 283500
	238  -  MemoryUsage of job (MB)
	243352  -  ResidentSetSize of job (KB)
...
005 (691525.013.000) 07/11 12:53:52 Job terminated.
	(1) Normal termination (return value 0)
		Usr 0 00:04:39, Sys 0 00:00:15  -  Run Remote Usage
		Usr 0 00:00:00, Sys 0 00:00:00  -  Run Local Usage
		Usr 0 00:04:39, Sys 0 00:00:15  -  Total Remote Usage
		Usr 0 00:00:00, Sys 0 00:00:00  -  Total Local Usage
	370516  -  Run Bytes Sent By Job
	306644  -  Run Bytes Received By Job
	370516  -  Total Bytes Sent By Job
	306644  -  Total Bytes Received By Job
	Partitionable Resources :    Usage  Request Allocated
	   Cpus                 :                 1         1
	   Disk (KB)            :  1000000  2048000   4751280
	   Memory (MB)          :      238     1992      1992
...
