000 (691525.002.000) 07/11 11:28:36 Job submitted from host: <144.92.181.245:9618?addrs=144.92.181.245-9618+[2607-f388-101c-1000--372]-9618&noUDP&sock=6179_dbc8_3>
...
001 (691525.002.000) 07/11 12:24:04 Job executing on host: <144.92.181.246:9618?addrs=144.92.181.246-9618+[2607-f388-101c-1000--629]-9618&noUDP&sock=10025_e506_3>
...
006 (691525.002.000) 07/11 12:24:12 Image size of job updated: 216896
	106  -  MemoryUsage of job (MB)
	108384  -  ResidentSetSize of job (KB)
...
006 (691525.002.000) 07/11 12:44:12 Image size of job updated: 282348
	237  -  MemoryUsage of job (MB)
	242460  -  ResidentSetSize of job (KB)
...
006 (691525.002.000) 07/11 12:50:16 Image size of job updated: 485776
	237  -  MemoryUsage of job (MB)
	242460  -  ResidentSetSize of job (KB)
...
005 (691525.002.000) 07/11 12:50:17 Job terminated.
	(1) Normal termination (return value 0)
		Usr 0 00:02:18, Sys 0 00:00:06  -  Run Remote Usage
		Usr 0 00:00:00, Sys 0 00:00:00  -  Run Local Usage
		Usr 0 00:02:18, Sys 0 00:00:06  -  Total Remote Usage
		Usr 0 00:00:00, Sys 0 00:00:00  -  Total Local Usage
	361620  -  Run Bytes Sent By Job
	306644  -  Run Bytes Received By Job
	361620  -  Total Bytes Sent By Job
	306644  -  Total Bytes Received By Job
	Partitionable Resources :    Usage  Request Allocated
	   Cpus                 :                 1         1
	   Disk (KB)            :  1000000  2048000   7918242
	   Memory (MB)          :      237     1992      1992
...
