000 (691491.008.000) 07/11 11:27:55 Job submitted from host: <144.92.181.245:9618?addrs=144.92.181.245-9618+[2607-f388-101c-1000--372]-9618&noUDP&sock=6179_dbc8_3>
...
001 (691491.008.000) 07/11 12:12:15 Job executing on host: <128.104.227.53:9618?addrs=128.104.227.53-9618+[2607-f388-101c-1000--629]-9618&noUDP&sock=10314_1fe5_3>
...
006 (691491.008.000) 07/11 12:12:24 Image size of job updated: 216648
	106  -  MemoryUsage of job (MB)
	108372  -  ResidentSetSize of job (KB)
...
006 (691491.008.000) 07/11 12:32:25 Image size of job updated: 325728
	234  -  MemoryUsage of job (MB)
	239236  -  ResidentSetSize of job (KB)
...
005 (691491.008.000) 07/11 12:35:29 Job terminated.
	(1) Normal termination (return value 0)
		Usr 0 00:01:39, Sys 0 00:00:06  -  Run Remote Usage
		Usr 0 00:00:00, Sys 0 00:00:00  -  Run Local Usage
		Usr 0 00:01:39, Sys 0 00:00:06  -  Total Remote Usage
		Usr 0 00:00:00, Sys 0 00:00:00  -  Total Local Usage
	355166  -  Run Bytes Sent By Job
	306644  -  Run Bytes Received By Job
	355166  -  Total Bytes Sent By Job
	306644  -  Total Bytes Received By Job
	Partitionable Resources :    Usage  Request Allocated
	   Cpus                 :                 1         1
	   Disk (KB)            :  1000000  2048000   9499993
	   Memory (MB)          :      234     1992      1992
...
