000 (690019.013.000) 07/11 07:29:45 Job submitted from host: <144.92.181.245:9618?addrs=144.92.181.245-9618+[2607-f388-101c-1000--372]-9618&noUDP&sock=6179_dbc8_3>
...
001 (690019.013.000) 07/11 07:48:43 Job executing on host: <128.104.227.102:9618?addrs=128.104.227.102-9618+[2607-f388-101c-1000--51]-9618&noUDP&sock=11664_1cc0_10>
...
006 (690019.013.000) 07/11 07:48:52 Image size of job updated: 164260
	53  -  MemoryUsage of job (MB)
	53312  -  ResidentSetSize of job (KB)
...
006 (690019.013.000) 07/11 07:51:57 Image size of job updated: 164260
	53  -  MemoryUsage of job (MB)
	53316  -  ResidentSetSize of job (KB)
...
005 (690019.013.000) 07/11 07:51:59 Job terminated.
	(1) Normal termination (return value 0)
		Usr 0 00:00:38, Sys 0 00:00:02  -  Run Remote Usage
		Usr 0 00:00:00, Sys 0 00:00:00  -  Run Local Usage
		Usr 0 00:00:38, Sys 0 00:00:02  -  Total Remote Usage
		Usr 0 00:00:00, Sys 0 00:00:00  -  Total Local Usage
	286040  -  Run Bytes Sent By Job
	302156  -  Run Bytes Received By Job
	286040  -  Total Bytes Sent By Job
	302156  -  Total Bytes Received By Job
	Partitionable Resources :    Usage  Request Allocated
	   Cpus                 :                 1         1
	   Disk (KB)            :  1000000  2048000   9502451
	   Memory (MB)          :       53     1992      1992
...
