000 (690019.002.000) 07/11 07:29:45 Job submitted from host: <144.92.181.245:9618?addrs=144.92.181.245-9618+[2607-f388-101c-1000--372]-9618&noUDP&sock=6179_dbc8_3>
...
001 (690019.002.000) 07/11 07:46:26 Job executing on host: <144.92.180.103:9618?addrs=144.92.180.103-9618+[2607-f388-101c-1000--629]-9618&noUDP&sock=7751_1ea9_3>
...
006 (690019.002.000) 07/11 07:46:35 Image size of job updated: 226728
	106  -  MemoryUsage of job (MB)
	107736  -  ResidentSetSize of job (KB)
...
005 (690019.002.000) 07/11 07:51:27 Job terminated.
	(1) Normal termination (return value 0)
		Usr 0 00:00:45, Sys 0 00:00:04  -  Run Remote Usage
		Usr 0 00:00:00, Sys 0 00:00:00  -  Run Local Usage
		Usr 0 00:00:45, Sys 0 00:00:04  -  Total Remote Usage
		Usr 0 00:00:00, Sys 0 00:00:00  -  Total Local Usage
	286255  -  Run Bytes Sent By Job
	302156  -  Run Bytes Received By Job
	286255  -  Total Bytes Sent By Job
	302156  -  Total Bytes Received By Job
	Partitionable Resources :    Usage  Request Allocated
	   Cpus                 :                 1         1
	   Disk (KB)            :  1000000  2048000   6334396
	   Memory (MB)          :      106     1992      1992
...
