000 (691388.013.000) 07/11 11:25:33 Job submitted from host: <144.92.181.245:9618?addrs=144.92.181.245-9618+[2607-f388-101c-1000--372]-9618&noUDP&sock=6179_dbc8_3>
...
001 (691388.013.000) 07/11 11:35:25 Job executing on host: <144.92.180.234:9618?addrs=144.92.180.234-9618+[2607-f388-101c-1000--629]-9618&noUDP&sock=9996_00c7_3>
...
006 (691388.013.000) 07/11 11:35:33 Image size of job updated: 37596
	7  -  MemoryUsage of job (MB)
	6928  -  ResidentSetSize of job (KB)
...
005 (691388.013.000) 07/11 11:43:52 Job terminated.
	(1) Normal termination (return value 0)
		Usr 0 00:00:57, Sys 0 00:00:02  -  Run Remote Usage
		Usr 0 00:00:00, Sys 0 00:00:00  -  Run Local Usage
		Usr 0 00:00:57, Sys 0 00:00:02  -  Total Remote Usage
		Usr 0 00:00:00, Sys 0 00:00:00  -  Total Local Usage
	309977  -  Run Bytes Sent By Job
	306644  -  Run Bytes Received By Job
	309977  -  Total Bytes Sent By Job
	306644  -  Total Bytes Received By Job
	Partitionable Resources :    Usage  Request Allocated
	   Cpus                 :                 1         1
	   Disk (KB)            :  1000000  2048000   7916442
	   Memory (MB)          :        7     1992      1992
...
