000 (691388.001.000) 07/11 11:25:33 Job submitted from host: <144.92.181.245:9618?addrs=144.92.181.245-9618+[2607-f388-101c-1000--372]-9618&noUDP&sock=6179_dbc8_3>
...
001 (691388.001.000) 07/11 11:34:56 Job executing on host: <144.92.181.137:9618?addrs=144.92.181.137-9618+[2607-f388-101c-1000--629]-9618&noUDP&sock=10036_7091_3>
...
006 (691388.001.000) 07/11 11:35:05 Image size of job updated: 95232
	40  -  MemoryUsage of job (MB)
	40628  -  ResidentSetSize of job (KB)
...
006 (691388.001.000) 07/11 11:39:21 Image size of job updated: 95232
	40  -  MemoryUsage of job (MB)
	40636  -  ResidentSetSize of job (KB)
...
005 (691388.001.000) 07/11 11:39:22 Job terminated.
	(1) Normal termination (return value 0)
		Usr 0 00:00:38, Sys 0 00:00:02  -  Run Remote Usage
		Usr 0 00:00:00, Sys 0 00:00:00  -  Run Local Usage
		Usr 0 00:00:38, Sys 0 00:00:02  -  Total Remote Usage
		Usr 0 00:00:00, Sys 0 00:00:00  -  Total Local Usage
	307757  -  Run Bytes Sent By Job
	306644  -  Run Bytes Received By Job
	307757  -  Total Bytes Sent By Job
	306644  -  Total Bytes Received By Job
	Partitionable Resources :    Usage  Request Allocated
	   Cpus                 :                 1         1
	   Disk (KB)            :  1000000  2048000   7917968
	   Memory (MB)          :       40     1992      1992
...
