000 (690134.010.000) 07/11 07:32:41 Job submitted from host: <144.92.181.245:9618?addrs=144.92.181.245-9618+[2607-f388-101c-1000--372]-9618&noUDP&sock=6179_dbc8_3>
...
001 (690134.010.000) 07/11 09:45:19 Job executing on host: <144.92.180.171:9618?addrs=144.92.180.171-9618+[2607-f388-101c-1000--629]-9618&noUDP&sock=7678_0c3f_3>
...
006 (690134.010.000) 07/11 09:45:28 Image size of job updated: 227356
	106  -  MemoryUsage of job (MB)
	107916  -  ResidentSetSize of job (KB)
...
006 (690134.010.000) 07/11 10:05:28 Image size of job updated: 245052
	237  -  MemoryUsage of job (MB)
	242652  -  ResidentSetSize of job (KB)
...
005 (690134.010.000) 07/11 10:08:00 Job terminated.
	(1) Normal termination (return value 0)
		Usr 0 00:02:07, Sys 0 00:00:07  -  Run Remote Usage
		Usr 0 00:00:00, Sys 0 00:00:00  -  Run Local Usage
		Usr 0 00:02:07, Sys 0 00:00:07  -  Total Remote Usage
		Usr 0 00:00:00, Sys 0 00:00:00  -  Total Local Usage
	372645  -  Run Bytes Sent By Job
	302156  -  Run Bytes Received By Job
	372645  -  Total Bytes Sent By Job
	302156  -  Total Bytes Received By Job
	Partitionable Resources :    Usage  Request Allocated
	   Cpus                 :                 1         1
	   Disk (KB)            :  1000000  2048000   7917190
	   Memory (MB)          :      237     1992      1992
...
