000 (690134.001.000) 07/11 07:32:41 Job submitted from host: <144.92.181.245:9618?addrs=144.92.181.245-9618+[2607-f388-101c-1000--372]-9618&noUDP&sock=6179_dbc8_3>
...
001 (690134.001.000) 07/11 09:44:46 Job executing on host: <144.92.180.210:9618?addrs=144.92.180.210-9618+[2607-f388-101c-1000--629]-9618&noUDP&sock=8750_59c6_3>
...
006 (690134.001.000) 07/11 09:44:54 Image size of job updated: 221736
	101  -  MemoryUsage of job (MB)
	102656  -  ResidentSetSize of job (KB)
...
006 (690134.001.000) 07/11 10:04:54 Image size of job updated: 247708
	241  -  MemoryUsage of job (MB)
	245992  -  ResidentSetSize of job (KB)
...
005 (690134.001.000) 07/11 10:06:37 Job terminated.
	(1) Normal termination (return value 0)
		Usr 0 00:01:55, Sys 0 00:00:07  -  Run Remote Usage
		Usr 0 00:00:00, Sys 0 00:00:00  -  Run Local Usage
		Usr 0 00:01:55, Sys 0 00:00:07  -  Total Remote Usage
		Usr 0 00:00:00, Sys 0 00:00:00  -  Total Local Usage
	372009  -  Run Bytes Sent By Job
	302156  -  Run Bytes Received By Job
	372009  -  Total Bytes Sent By Job
	302156  -  Total Bytes Received By Job
	Partitionable Resources :    Usage  Request Allocated
	   Cpus                 :                 1         1
	   Disk (KB)            :  1000000  2048000   4750084
	   Memory (MB)          :      241     1992      1992
...
