000 (691390.000.000) 07/11 11:25:36 Job submitted from host: <144.92.181.245:9618?addrs=144.92.181.245-9618+[2607-f388-101c-1000--372]-9618&noUDP&sock=6179_dbc8_3>
...
001 (691390.000.000) 07/11 11:36:00 Job executing on host: <144.92.180.135:9618?addrs=144.92.180.135-9618+[2607-f388-101c-1000--629]-9618&noUDP&sock=10076_e05b_3>
...
006 (691390.000.000) 07/11 11:36:09 Image size of job updated: 191908
	106  -  MemoryUsage of job (MB)
	108176  -  ResidentSetSize of job (KB)
...
005 (691390.000.000) 07/11 11:39:20 Job terminated.
	(1) Normal termination (return value 0)
		Usr 0 00:00:30, Sys 0 00:00:02  -  Run Remote Usage
		Usr 0 00:00:00, Sys 0 00:00:00  -  Run Local Usage
		Usr 0 00:00:30, Sys 0 00:00:02  -  Total Remote Usage
		Usr 0 00:00:00, Sys 0 00:00:00  -  Total Local Usage
	306063  -  Run Bytes Sent By Job
	306644  -  Run Bytes Received By Job
	306063  -  Total Bytes Sent By Job
	306644  -  Total Bytes Received By Job
	Partitionable Resources :    Usage  Request Allocated
	   Cpus                 :                 1         1
	   Disk (KB)            :  1000000  2048000   7916833
	   Memory (MB)          :      106     1992      1992
...
