000 (691390.011.000) 07/11 11:25:36 Job submitted from host: <144.92.181.245:9618?addrs=144.92.181.245-9618+[2607-f388-101c-1000--372]-9618&noUDP&sock=6179_dbc8_3>
...
001 (691390.011.000) 07/11 11:36:55 Job executing on host: <128.104.227.98:9618?addrs=128.104.227.98-9618+[2607-f388-101c-1000--629]-9618&noUDP&sock=11807_32cb_3>
...
006 (691390.011.000) 07/11 11:37:04 Image size of job updated: 216328
	106  -  MemoryUsage of job (MB)
	108160  -  ResidentSetSize of job (KB)
...
005 (691390.011.000) 07/11 11:40:51 Job terminated.
	(1) Normal termination (return value 0)
		Usr 0 00:00:33, Sys 0 00:00:01  -  Run Remote Usage
		Usr 0 00:00:00, Sys 0 00:00:00  -  Run Local Usage
		Usr 0 00:00:33, Sys 0 00:00:01  -  Total Remote Usage
		Usr 0 00:00:00, Sys 0 00:00:00  -  Total Local Usage
	307525  -  Run Bytes Sent By Job
	306644  -  Run Bytes Received By Job
	307525  -  Total Bytes Sent By Job
	306644  -  Total Bytes Received By Job
	Partitionable Resources :    Usage  Request Allocated
	   Cpus                 :                 1         1
	   Disk (KB)            :  1000000  2048000   9503520
	   Memory (MB)          :      106     1992      1992
...
