000 (691429.002.000) 07/11 11:26:27 Job submitted from host: <144.92.181.245:9618?addrs=144.92.181.245-9618+[2607-f388-101c-1000--372]-9618&noUDP&sock=6179_dbc8_3>
...
001 (691429.002.000) 07/11 11:47:11 Job executing on host: <128.104.227.15:9618?addrs=128.104.227.15-9618+[2607-f388-101c-1000--629]-9618&noUDP&sock=10589_c070_3>
...
006 (691429.002.000) 07/11 11:47:20 Image size of job updated: 167104
	53  -  MemoryUsage of job (MB)
	53492  -  ResidentSetSize of job (KB)
...
006 (691429.002.000) 07/11 12:07:21 Image size of job updated: 264112
	256  -  MemoryUsage of job (MB)
	261188  -  ResidentSetSize of job (KB)
...
006 (691429.002.000) 07/11 12:11:05 Image size of job updated: 264112
	256  -  MemoryUsage of job (MB)
	261192  -  ResidentSetSize of job (KB)
...
005 (691429.002.000) 07/11 12:11:06 Job terminated.
	(1) Normal termination (return value 0)
		Usr 0 00:02:05, Sys 0 00:00:07  -  Run Remote Usage
		Usr 0 00:00:00, Sys 0 00:00:00  -  Run Local Usage
		Usr 0 00:02:05, Sys 0 00:00:07  -  Total Remote Usage
		Usr 0 00:00:00, Sys 0 00:00:00  -  Total Local Usage
	353423  -  Run Bytes Sent By Job
	306644  -  Run Bytes Received By Job
	353423  -  Total Bytes Sent By Job
	306644  -  Total Bytes Received By Job
	Partitionable Resources :    Usage  Request Allocated
	   Cpus                 :                 1         1
	   Disk (KB)            :  1000000  2048000   9500643
	   Memory (MB)          :      256     1992      1992
...
