000 (691429.003.000) 07/11 11:26:27 Job submitted from host: <144.92.181.245:9618?addrs=144.92.181.245-9618+[2607-f388-101c-1000--372]-9618&noUDP&sock=6179_dbc8_3>
...
001 (691429.003.000) 07/11 11:47:12 Job executing on host: <128.104.227.61:9618?addrs=128.104.227.61-9618+[2607-f388-101c-1000--629]-9618&noUDP&sock=10366_cad2_3>
...
006 (691429.003.000) 07/11 11:47:21 Image size of job updated: 127172
	53  -  MemoryUsage of job (MB)
	53472  -  ResidentSetSize of job (KB)
...
006 (691429.003.000) 07/11 12:07:22 Image size of job updated: 302228
	249  -  MemoryUsage of job (MB)
	254456  -  ResidentSetSize of job (KB)
...
005 (691429.003.000) 07/11 12:17:37 Job terminated.
	(1) Normal termination (return value 0)
		Usr 0 00:01:48, Sys 0 00:00:06  -  Run Remote Usage
		Usr 0 00:00:00, Sys 0 00:00:00  -  Run Local Usage
		Usr 0 00:01:48, Sys 0 00:00:06  -  Total Remote Usage
		Usr 0 00:00:00, Sys 0 00:00:00  -  Total Local Usage
	353698  -  Run Bytes Sent By Job
	306644  -  Run Bytes Received By Job
	353698  -  Total Bytes Sent By Job
	306644  -  Total Bytes Received By Job
	Partitionable Resources :    Usage  Request Allocated
	   Cpus                 :                 1         1
	   Disk (KB)            :  1000000  2048000   9502627
	   Memory (MB)          :      249     1992      1992
...
