000 (691429.006.000) 07/11 11:26:27 Job submitted from host: <144.92.181.245:9618?addrs=144.92.181.245-9618+[2607-f388-101c-1000--372]-9618&noUDP&sock=6179_dbc8_3>
...
001 (691429.006.000) 07/11 11:47:12 Job executing on host: <144.92.181.150:9618?addrs=144.92.181.150-9618+[2607-f388-101c-1000--629]-9618&noUDP&sock=9864_7647_3>
...
006 (691429.006.000) 07/11 11:47:21 Image size of job updated: 102380
	53  -  MemoryUsage of job (MB)
	53272  -  ResidentSetSize of job (KB)
...
006 (691429.006.000) 07/11 12:05:19 Image size of job updated: 264620
	53  -  MemoryUsage of job (MB)
	53272  -  ResidentSetSize of job (KB)
...
005 (691429.006.000) 07/11 12:05:20 Job terminated.
	(1) Normal termination (return value 0)
		Usr 0 00:02:01, Sys 0 00:00:06  -  Run Remote Usage
		Usr 0 00:00:00, Sys 0 00:00:00  -  Run Local Usage
		Usr 0 00:02:01, Sys 0 00:00:06  -  Total Remote Usage
		Usr 0 00:00:00, Sys 0 00:00:00  -  Total Local Usage
	353536  -  Run Bytes Sent By Job
	306644  -  Run Bytes Received By Job
	353536  -  Total Bytes Sent By Job
	306644  -  Total Bytes Received By Job
	Partitionable Resources :    Usage  Request Allocated
	   Cpus                 :                 1         1
	   Disk (KB)            :  1000000  2048000   7917968
	   Memory (MB)          :       53     1992      1992
...
