000 (691460.012.000) 07/11 11:27:13 Job submitted from host: <144.92.181.245:9618?addrs=144.92.181.245-9618+[2607-f388-101c-1000--372]-9618&noUDP&sock=6179_dbc8_3>
...
001 (691460.012.000) 07/11 11:56:40 Job executing on host: <144.92.181.234:9618?addrs=144.92.181.234-9618+[2607-f388-101c-1000--629]-9618&noUDP&sock=6999_4f71_3>
...
006 (691460.012.000) 07/11 11:56:49 Image size of job updated: 132676
	56  -  MemoryUsage of job (MB)
	56348  -  ResidentSetSize of job (KB)
...
006 (691460.012.000) 07/11 12:16:50 Image size of job updated: 242092
	237  -  MemoryUsage of job (MB)
	242092  -  ResidentSetSize of job (KB)
...
006 (691460.012.000) 07/11 12:25:07 Image size of job updated: 242208
	237  -  MemoryUsage of job (MB)
	242092  -  ResidentSetSize of job (KB)
...
005 (691460.012.000) 07/11 12:25:08 Job terminated.
	(1) Normal termination (return value 0)
		Usr 0 00:05:16, Sys 0 00:00:18  -  Run Remote Usage
		Usr 0 00:00:00, Sys 0 00:00:00  -  Run Local Usage
		Usr 0 00:05:16, Sys 0 00:00:18  -  Total Remote Usage
		Usr 0 00:00:00, Sys 0 00:00:00  -  Total Local Usage
	411993  -  Run Bytes Sent By Job
	306644  -  Run Bytes Received By Job
	411993  -  Total Bytes Sent By Job
	306644  -  Total Bytes Received By Job
	Partitionable Resources :    Usage  Request Allocated
	   Cpus                 :                 1         1
	   Disk (KB)            :  1000000  2048000   4746716
	   Memory (MB)          :      237     1992      1992
...
