000 (691460.002.000) 07/11 11:27:13 Job submitted from host: <144.92.181.245:9618?addrs=144.92.181.245-9618+[2607-f388-101c-1000--372]-9618&noUDP&sock=6179_dbc8_3>
...
001 (691460.002.000) 07/11 11:56:42 Job executing on host: <128.104.227.109:9618?addrs=128.104.227.109-9618+[2607-f388-101c-1000--58]-9618&noUDP&sock=11656_9ffe_3>
...
006 (691460.002.000) 07/11 11:56:51 Image size of job updated: 43812
	24  -  MemoryUsage of job (MB)
	23600  -  ResidentSetSize of job (KB)
...
006 (691460.002.000) 07/11 12:16:51 Image size of job updated: 240572
	235  -  MemoryUsage of job (MB)
	239840  -  ResidentSetSize of job (KB)
...
006 (691460.002.000) 07/11 12:24:59 Image size of job updated: 240592
	235  -  MemoryUsage of job (MB)
	239840  -  ResidentSetSize of job (KB)
...
005 (691460.002.000) 07/11 12:25:00 Job terminated.
	(1) Normal termination (return value 0)
		Usr 0 00:02:27, Sys 0 00:00:10  -  Run Remote Usage
		Usr 0 00:00:00, Sys 0 00:00:00  -  Run Local Usage
		Usr 0 00:02:27, Sys 0 00:00:10  -  Total Remote Usage
		Usr 0 00:00:00, Sys 0 00:00:00  -  Total Local Usage
	399942  -  Run Bytes Sent By Job
	306644  -  Run Bytes Received By Job
	399942  -  Total Bytes Sent By Job
	306644  -  Total Bytes Received By Job
	Partitionable Resources :    Usage  Request Allocated
	   Cpus                 :                 1         1
	   Disk (KB)            :  1000000  2048000   9503591
	   Memory (MB)          :      235     1992      1992
...
