000 (691460.003.000) 07/11 11:27:13 Job submitted from host: <144.92.181.245:9618?addrs=144.92.181.245-9618+[2607-f388-101c-1000--372]-9618&noUDP&sock=6179_dbc8_3>
...
001 (691460.003.000) 07/11 11:56:38 Job executing on host: <144.92.180.171:9618?addrs=144.92.180.171-9618+[2607-f388-101c-1000--629]-9618&noUDP&sock=7678_0c3f_3>
...
006 (691460.003.000) 07/11 11:56:47 Image size of job updated: 215708
	106  -  MemoryUsage of job (MB)
	108380  -  ResidentSetSize of job (KB)
...
006 (691460.003.000) 07/11 12:16:48 Image size of job updated: 245852
	237  -  MemoryUsage of job (MB)
	241856  -  ResidentSetSize of job (KB)
...
005 (691460.003.000) 07/11 12:23:40 Job terminated.
	(1) Normal termination (return value 0)
		Usr 0 00:02:05, Sys 0 00:00:07  -  Run Remote Usage
		Usr 0 00:00:00, Sys 0 00:00:00  -  Run Local Usage
		Usr 0 00:02:05, Sys 0 00:00:07  -  Total Remote Usage
		Usr 0 00:00:00, Sys 0 00:00:00  -  Total Local Usage
	399243  -  Run Bytes Sent By Job
	306644  -  Run Bytes Received By Job
	399243  -  Total Bytes Sent By Job
	306644  -  Total Bytes Received By Job
	Partitionable Resources :    Usage  Request Allocated
	   Cpus                 :                 1         1
	   Disk (KB)            :  1000000  2048000   7917190
	   Memory (MB)          :      237     1992      1992
...
