000 (691460.006.000) 07/11 11:27:13 Job submitted from host: <144.92.181.245:9618?addrs=144.92.181.245-9618+[2607-f388-101c-1000--372]-9618&noUDP&sock=6179_dbc8_3>
...
001 (691460.006.000) 07/11 11:56:41 Job executing on host: <144.92.180.152:9618?addrs=144.92.180.152-9618+[2607-f388-101c-1000--629]-9618&noUDP&sock=7588_50b9_3>
...
006 (691460.006.000) 07/11 11:56:49 Image size of job updated: 216848
	106  -  MemoryUsage of job (MB)
	108396  -  ResidentSetSize of job (KB)
...
006 (691460.006.000) 07/11 12:16:49 Image size of job updated: 242424
	237  -  MemoryUsage of job (MB)
	242424  -  ResidentSetSize of job (KB)
...
006 (691460.006.000) 07/11 12:17:57 Image size of job updated: 484288
	237  -  MemoryUsage of job (MB)
	242424  -  ResidentSetSize of job (KB)
...
005 (691460.006.000) 07/11 12:17:58 Job terminated.
	(1) Normal termination (return value 0)
		Usr 0 00:02:27, Sys 0 00:00:07  -  Run Remote Usage
		Usr 0 00:00:00, Sys 0 00:00:00  -  Run Local Usage
		Usr 0 00:02:27, Sys 0 00:00:07  -  Total Remote Usage
		Usr 0 00:00:00, Sys 0 00:00:00  -  Total Local Usage
	399351  -  Run Bytes Sent By Job
	306644  -  Run Bytes Received By Job
	399351  -  Total Bytes Sent By Job
	306644  -  Total Bytes Received By Job
	Partitionable Resources :    Usage  Request Allocated
	   Cpus                 :                 1         1
	   Disk (KB)            :  1000000  2048000   7917034
	   Memory (MB)          :      237     1992      1992
...
