000 (691460.009.000) 07/11 11:27:13 Job submitted from host: <144.92.181.245:9618?addrs=144.92.181.245-9618+[2607-f388-101c-1000--372]-9618&noUDP&sock=6179_dbc8_3>
...
001 (691460.009.000) 07/11 11:56:39 Job executing on host: <144.92.181.84:9618?addrs=144.92.181.84-9618+[2607-f388-101c-1000--629]-9618&noUDP&sock=6907_34ba_10>
...
006 (691460.009.000) 07/11 11:56:48 Image size of job updated: 169416
	53  -  MemoryUsage of job (MB)
	53540  -  ResidentSetSize of job (KB)
...
006 (691460.009.000) 07/11 12:16:49 Image size of job updated: 237520
	232  -  MemoryUsage of job (MB)
	237008  -  ResidentSetSize of job (KB)
...
006 (691460.009.000) 07/11 12:28:33 Image size of job updated: 240016
	232  -  MemoryUsage of job (MB)
	237008  -  ResidentSetSize of job (KB)
...
005 (691460.009.000) 07/11 12:28:34 Job terminated.
	(1) Normal termination (return value 0)
		Usr 0 00:04:18, Sys 0 00:00:17  -  Run Remote Usage
		Usr 0 00:00:00, Sys 0 00:00:00  -  Run Local Usage
		Usr 0 00:04:18, Sys 0 00:00:17  -  Total Remote Usage
		Usr 0 00:00:00, Sys 0 00:00:00  -  Total Local Usage
	417567  -  Run Bytes Sent By Job
	306644  -  Run Bytes Received By Job
	417567  -  Total Bytes Sent By Job
	306644  -  Total Bytes Received By Job
	Partitionable Resources :    Usage  Request Allocated
	   Cpus                 :                 1         1
	   Disk (KB)            :  1000000  2048000   4750883
	   Memory (MB)          :      232     1992      1992
...
