000 (696005.011.000) 07/12 06:42:55 Job submitted from host: <144.92.181.245:9618?addrs=144.92.181.245-9618+[2607-f388-101c-1000--372]-9618&noUDP&sock=6179_dbc8_3>
...
001 (696005.011.000) 07/12 08:22:35 Job executing on host: <128.104.227.103:9618?addrs=128.104.227.103-9618+[2607-f388-101c-1000--52]-9618&noUDP&sock=11683_250c_3>
...
006 (696005.011.000) 07/12 08:22:44 Image size of job updated: 60336
	29  -  MemoryUsage of job (MB)
	28820  -  ResidentSetSize of job (KB)
...
006 (696005.011.000) 07/12 08:42:45 Image size of job updated: 245688
	239  -  MemoryUsage of job (MB)
	244296  -  ResidentSetSize of job (KB)
...
005 (696005.011.000) 07/12 08:49:43 Job terminated.
	(1) Normal termination (return value 0)
		Usr 0 00:02:15, Sys 0 00:00:06  -  Run Remote Usage
		Usr 0 00:00:00, Sys 0 00:00:00  -  Run Local Usage
		Usr 0 00:02:15, Sys 0 00:00:06  -  Total Remote Usage
		Usr 0 00:00:00, Sys 0 00:00:00  -  Total Local Usage
	389399  -  Run Bytes Sent By Job
	281287  -  Run Bytes Received By Job
	389399  -  Total Bytes Sent By Job
	281287  -  Total Bytes Received By Job
	Partitionable Resources :    Usage  Request Allocated
	   Cpus                 :                 1         1
	   Disk (KB)            :  1000000  2048000   9503861
	   Memory (MB)          :      239     1992      1992
...
