000 (690153.014.000) 07/11 07:33:05 Job submitted from host: <144.92.181.245:9618?addrs=144.92.181.245-9618+[2607-f388-101c-1000--372]-9618&noUDP&sock=6179_dbc8_3>
...
001 (690153.014.000) 07/11 09:52:05 Job executing on host: <144.92.181.75:9618?addrs=144.92.181.75-9618+[2607-f388-101c-1000--629]-9618&noUDP&sock=7091_6a27_3>
...
006 (690153.014.000) 07/11 09:52:14 Image size of job updated: 118864
	29  -  MemoryUsage of job (MB)
	29160  -  ResidentSetSize of job (KB)
...
006 (690153.014.000) 07/11 10:12:15 Image size of job updated: 237340
	231  -  MemoryUsage of job (MB)
	235964  -  ResidentSetSize of job (KB)
...
005 (690153.014.000) 07/11 10:12:51 Job terminated.
	(1) Normal termination (return value 0)
		Usr 0 00:05:14, Sys 0 00:00:18  -  Run Remote Usage
		Usr 0 00:00:00, Sys 0 00:00:00  -  Run Local Usage
		Usr 0 00:05:14, Sys 0 00:00:18  -  Total Remote Usage
		Usr 0 00:00:00, Sys 0 00:00:00  -  Total Local Usage
	425582  -  Run Bytes Sent By Job
	302156  -  Run Bytes Received By Job
	425582  -  Total Bytes Sent By Job
	302156  -  Total Bytes Received By Job
	Partitionable Resources :    Usage  Request Allocated
	   Cpus                 :                 1         1
	   Disk (KB)            :  1000000  2048000   4749881
	   Memory (MB)          :      231     1992      1992
...
