000 (690058.001.000) 07/11 07:30:40 Job submitted from host: <144.92.181.245:9618?addrs=144.92.181.245-9618+[2607-f388-101c-1000--372]-9618&noUDP&sock=6179_dbc8_3>
...
001 (690058.001.000) 07/11 08:24:27 Job executing on host: <144.92.180.136:9618?addrs=144.92.180.136-9618+[2607-f388-101c-1000--629]-9618&noUDP&sock=7534_469c_3>
...
006 (690058.001.000) 07/11 08:24:36 Image size of job updated: 233640
	112  -  MemoryUsage of job (MB)
	114608  -  ResidentSetSize of job (KB)
...
006 (690058.001.000) 07/11 08:29:12 Image size of job updated: 233640
	112  -  MemoryUsage of job (MB)
	114656  -  ResidentSetSize of job (KB)
...
005 (690058.001.000) 07/11 08:29:13 Job terminated.
	(1) Normal termination (return value 0)
		Usr 0 00:00:52, Sys 0 00:00:03  -  Run Remote Usage
		Usr 0 00:00:00, Sys 0 00:00:00  -  Run Local Usage
		Usr 0 00:00:52, Sys 0 00:00:03  -  Total Remote Usage
		Usr 0 00:00:00, Sys 0 00:00:00  -  Total Local Usage
	366265  -  Run Bytes Sent By Job
	302156  -  Run Bytes Received By Job
	366265  -  Total Bytes Sent By Job
	302156  -  Total Bytes Received By Job
	Partitionable Resources :    Usage  Request Allocated
	   Cpus                 :                 1         1
	   Disk (KB)            :  1000000  2048000   7917644
	   Memory (MB)          :      112     1992      1992
...
