000 (695963.002.000) 07/12 06:41:55 Job submitted from host: <144.92.181.245:9618?addrs=144.92.181.245-9618+[2607-f388-101c-1000--372]-9618&noUDP&sock=6179_dbc8_3>
...
001 (695963.002.000) 07/12 08:07:54 Job executing on host: <128.104.227.90:9618?addrs=128.104.227.90-9618+[2607-f388-101c-1000--629]-9618&noUDP&sock=11962_83f9_3>
...
006 (695963.002.000) 07/12 08:08:03 Image size of job updated: 217184
	106  -  MemoryUsage of job (MB)
	108160  -  ResidentSetSize of job (KB)
...
006 (695963.002.000) 07/12 08:25:30 Image size of job updated: 370664
	106  -  MemoryUsage of job (MB)
	108160  -  ResidentSetSize of job (KB)
...
005 (695963.002.000) 07/12 08:25:31 Job terminated.
	(1) Normal termination (return value 0)
		Usr 0 00:00:49, Sys 0 00:00:03  -  Run Remote Usage
		Usr 0 00:00:00, Sys 0 00:00:00  -  Run Local Usage
		Usr 0 00:00:49, Sys 0 00:00:03  -  Total Remote Usage
		Usr 0 00:00:00, Sys 0 00:00:00  -  Total Local Usage
	323995  -  Run Bytes Sent By Job
	281287  -  Run Bytes Received By Job
	323995  -  Total Bytes Sent By Job
	281287  -  Total Bytes Received By Job
	Partitionable Resources :    Usage  Request Allocated
	   Cpus                 :                 1         1
	   Disk (KB)            :  1000000  2048000   9502812
	   Memory (MB)          :      106     1992      1992
...
