000 (696063.012.000) 07/12 06:44:23 Job submitted from host: <144.92.181.245:9618?addrs=144.92.181.245-9618+[2607-f388-101c-1000--372]-9618&noUDP&sock=6179_dbc8_3>
...
001 (695066.012.000) 07/12 07:44:51 Job executing on host: <128.104.227.87:9618?addrs=128.104.227.87-9618+[2607-f388-101c-1000--629]-9618&noUDP&sock=11868_0a12_10>
...
006 (695066.012.000) 07/12 07:45:00 Image size of job updated: 141752
	106  -  MemoryUsage of job (MB)
	108540  -  ResidentSetSize of job (KB)
...
006 (695066.012.000) 07/12 08:05:00 Image size of job updated: 238692
	234  -  MemoryUsage of job (MB)
	238692  -  ResidentSetSize of job (KB)
...
006 (695066.012.000) 07/12 08:17:22 Image size of job updated: 240804
	234  -  MemoryUsage of job (MB)
	238692  -  ResidentSetSize of job (KB)
...
005 (695066.012.000) 07/12 08:17:23 Job terminated.
	(1) Normal termination (return value 0)
		Usr 0 00:02:15, Sys 0 00:00:13  -  Run Remote Usage
		Usr 0 00:00:00, Sys 0 00:00:00  -  Run Local Usage
		Usr 0 00:02:15, Sys 0 00:00:13  -  Total Remote Usage
		Usr 0 00:00:00, Sys 0 00:00:00  -  Total Local Usage
	725192  -  Run Bytes Sent By Job
	281287  -  Run Bytes Received By Job
	725192  -  Total Bytes Sent By Job
	281287  -  Total Bytes Received By Job
	Partitionable Resources :    Usage  Request Allocated
	   Cpus                 :                 1         1
	   Disk (KB)            :  1000000  2048000   9503775
	   Memory (MB)          :      234     1992      1992
...
001 (696063.012.000) 07/12 08:50:04 Job executing on host: <144.92.180.232:9618?addrs=144.92.180.232-9618+[2607-f388-101c-1000--629]-9618&noUDP&sock=10063_f59f_3>
...
006 (696063.012.000) 07/12 08:50:13 Image size of job updated: 60932
	49  -  MemoryUsage of job (MB)
	49820  -  ResidentSetSize of job (KB)
...
006 (696063.012.000) 07/12 09:10:14 Image size of job updated: 254116
	237  -  MemoryUsage of job (MB)
	241704  -  ResidentSetSize of job (KB)
...
005 (696063.012.000) 07/12 09:14:09 Job terminated.
	(1) Normal termination (return value 0)
		Usr 0 00:02:23, Sys 0 00:00:07  -  Run Remote Usage
		Usr 0 00:00:00, Sys 0 00:00:00  -  Run Local Usage
		Usr 0 00:02:23, Sys 0 00:00:07  -  Total Remote Usage
		Usr 0 00:00:00, Sys 0 00:00:00  -  Total Local Usage
	725192  -  Run Bytes Sent By Job
	281287  -  Run Bytes Received By Job
	725192  -  Total Bytes Sent By Job
	281287  -  Total Bytes Received By Job
	Partitionable Resources :    Usage  Request Allocated
	   Cpus                 :                 1         1
	   Disk (KB)            :  1000000  2048000   7916490
	   Memory (MB)          :      237     1992      1992
...
