000 (696063.014.000) 07/12 06:44:23 Job submitted from host: <144.92.181.245:9618?addrs=144.92.181.245-9618+[2607-f388-101c-1000--372]-9618&noUDP&sock=6179_dbc8_3>
...
001 (695066.014.000) 07/12 07:44:56 Job executing on host: <144.92.180.133:9618?addrs=144.92.180.133-9618+[2607-f388-101c-1000--629]-9618&noUDP&sock=9913_126b_3>
...
006 (695066.014.000) 07/12 07:45:04 Image size of job updated: 217672
	106  -  MemoryUsage of job (MB)
	108536  -  ResidentSetSize of job (KB)
...
006 (695066.014.000) 07/12 08:04:22 Image size of job updated: 240484
	106  -  MemoryUsage of job (MB)
	108536  -  ResidentSetSize of job (KB)
...
005 (695066.014.000) 07/12 08:04:23 Job terminated.
	(1) Normal termination (return value 0)
		Usr 0 00:02:16, Sys 0 00:00:06  -  Run Remote Usage
		Usr 0 00:00:00, Sys 0 00:00:00  -  Run Local Usage
		Usr 0 00:02:16, Sys 0 00:00:06  -  Total Remote Usage
		Usr 0 00:00:00, Sys 0 00:00:00  -  Total Local Usage
	727807  -  Run Bytes Sent By Job
	281287  -  Run Bytes Received By Job
	727807  -  Total Bytes Sent By Job
	281287  -  Total Bytes Received By Job
	Partitionable Resources :    Usage  Request Allocated
	   Cpus                 :                 1         1
	   Disk (KB)            :  1000000  2048000   7917438
	   Memory (MB)          :      106     1992      1992
...
001 (696063.014.000) 07/12 08:50:04 Job executing on host: <144.92.180.232:9618?addrs=144.92.180.232-9618+[2607-f388-101c-1000--629]-9618&noUDP&sock=10063_f59f_3>
...
006 (696063.014.000) 07/12 08:50:13 Image size of job updated: 50080
	44  -  MemoryUsage of job (MB)
	44296  -  ResidentSetSize of job (KB)
...
006 (696063.014.000) 07/12 09:10:13 Image size of job updated: 249996
	235  -  MemoryUsage of job (MB)
	240164  -  ResidentSetSize of job (KB)
...
005 (696063.014.000) 07/12 09:15:35 Job terminated.
	(1) Normal termination (return value 0)
		Usr 0 00:02:33, Sys 0 00:00:07  -  Run Remote Usage
		Usr 0 00:00:00, Sys 0 00:00:00  -  Run Local Usage
		Usr 0 00:02:33, Sys 0 00:00:07  -  Total Remote Usage
		Usr 0 00:00:00, Sys 0 00:00:00  -  Total Local Usage
	727807  -  Run Bytes Sent By Job
	281287  -  Run Bytes Received By Job
	727807  -  Total Bytes Sent By Job
	281287  -  Total Bytes Received By Job
	Partitionable Resources :    Usage  Request Allocated
	   Cpus                 :                 1         1
	   Disk (KB)            :  1000000  2048000   7916490
	   Memory (MB)          :      235     1992      1992
...
