000 (696063.003.000) 07/12 06:44:23 Job submitted from host: <144.92.181.245:9618?addrs=144.92.181.245-9618+[2607-f388-101c-1000--372]-9618&noUDP&sock=6179_dbc8_3>
...
001 (695066.003.000) 07/12 07:43:09 Job executing on host: <144.92.180.142:9618?addrs=144.92.180.142-9618+[2607-f388-101c-1000--629]-9618&noUDP&sock=7677_5ca7_3>
...
006 (695066.003.000) 07/12 07:43:18 Image size of job updated: 143640
	106  -  MemoryUsage of job (MB)
	108536  -  ResidentSetSize of job (KB)
...
006 (695066.003.000) 07/12 08:03:19 Image size of job updated: 239140
	234  -  MemoryUsage of job (MB)
	239140  -  ResidentSetSize of job (KB)
...
006 (695066.003.000) 07/12 08:17:54 Image size of job updated: 240572
	234  -  MemoryUsage of job (MB)
	239140  -  ResidentSetSize of job (KB)
...
005 (695066.003.000) 07/12 08:17:55 Job terminated.
	(1) Normal termination (return value 0)
		Usr 0 00:02:24, Sys 0 00:00:08  -  Run Remote Usage
		Usr 0 00:00:00, Sys 0 00:00:00  -  Run Local Usage
		Usr 0 00:02:24, Sys 0 00:00:08  -  Total Remote Usage
		Usr 0 00:00:00, Sys 0 00:00:00  -  Total Local Usage
	723630  -  Run Bytes Sent By Job
	281287  -  Run Bytes Received By Job
	723630  -  Total Bytes Sent By Job
	281287  -  Total Bytes Received By Job
	Partitionable Resources :    Usage  Request Allocated
	   Cpus                 :                 1         1
	   Disk (KB)            :  1000000  2048000   7918264
	   Memory (MB)          :      234     1992      1992
...
001 (696063.003.000) 07/12 08:50:03 Job executing on host: <144.92.181.220:9618?addrs=144.92.181.220-9618+[2607-f388-101c-1000--629]-9618&noUDP&sock=6939_27c2_10>
...
006 (696063.003.000) 07/12 08:50:12 Image size of job updated: 165300
	53  -  MemoryUsage of job (MB)
	53500  -  ResidentSetSize of job (KB)
...
006 (696063.003.000) 07/12 09:10:13 Image size of job updated: 242340
	234  -  MemoryUsage of job (MB)
	238848  -  ResidentSetSize of job (KB)
...
005 (696063.003.000) 07/12 09:21:24 Job terminated.
	(1) Normal termination (return value 0)
		Usr 0 00:07:38, Sys 0 00:00:22  -  Run Remote Usage
		Usr 0 00:00:00, Sys 0 00:00:00  -  Run Local Usage
		Usr 0 00:07:38, Sys 0 00:00:22  -  Total Remote Usage
		Usr 0 00:00:00, Sys 0 00:00:00  -  Total Local Usage
	727884  -  Run Bytes Sent By Job
	281287  -  Run Bytes Received By Job
	727884  -  Total Bytes Sent By Job
	281287  -  Total Bytes Received By Job
	Partitionable Resources :    Usage  Request Allocated
	   Cpus                 :                 1         1
	   Disk (KB)            :  1000000  2048000   3167351
	   Memory (MB)          :      234     1992      1992
...
