000 (696063.004.000) 07/12 06:44:23 Job submitted from host: <144.92.181.245:9618?addrs=144.92.181.245-9618+[2607-f388-101c-1000--372]-9618&noUDP&sock=6179_dbc8_3>
...
001 (695066.004.000) 07/12 07:43:09 Job executing on host: <128.104.227.22:9618?addrs=128.104.227.22-9618+[2607-f388-101c-1000--629]-9618&noUDP&sock=10298_2661_3>
...
006 (695066.004.000) 07/12 07:43:18 Image size of job updated: 129456
	106  -  MemoryUsage of job (MB)
	108532  -  ResidentSetSize of job (KB)
...
006 (695066.004.000) 07/12 08:03:19 Image size of job updated: 243156
	236  -  MemoryUsage of job (MB)
	241616  -  ResidentSetSize of job (KB)
...
006 (695066.004.000) 07/12 08:23:20 Image size of job updated: 243156
	237  -  MemoryUsage of job (MB)
	242088  -  ResidentSetSize of job (KB)
...
005 (695066.004.000) 07/12 08:30:51 Job terminated.
	(1) Normal termination (return value 0)
		Usr 0 00:02:17, Sys 0 00:00:07  -  Run Remote Usage
		Usr 0 00:00:00, Sys 0 00:00:00  -  Run Local Usage
		Usr 0 00:02:17, Sys 0 00:00:07  -  Total Remote Usage
		Usr 0 00:00:00, Sys 0 00:00:00  -  Total Local Usage
	723632  -  Run Bytes Sent By Job
	281287  -  Run Bytes Received By Job
	723632  -  Total Bytes Sent By Job
	281287  -  Total Bytes Received By Job
	Partitionable Resources :    Usage  Request Allocated
	   Cpus                 :                 1         1
	   Disk (KB)            :  1000000  2048000   9500771
	   Memory (MB)          :      237     1992      1992
...
001 (696063.004.000) 07/12 08:50:02 Job executing on host: <144.92.180.232:9618?addrs=144.92.180.232-9618+[2607-f388-101c-1000--629]-9618&noUDP&sock=10063_f59f_3>
...
006 (696063.004.000) 07/12 08:50:11 Image size of job updated: 57280
	33  -  MemoryUsage of job (MB)
	33220  -  ResidentSetSize of job (KB)
...
006 (696063.004.000) 07/12 09:10:12 Image size of job updated: 265132
	237  -  MemoryUsage of job (MB)
	241860  -  ResidentSetSize of job (KB)
...
005 (696063.004.000) 07/12 09:11:27 Job terminated.
	(1) Normal termination (return value 0)
		Usr 0 00:01:50, Sys 0 00:00:06  -  Run Remote Usage
		Usr 0 00:00:00, Sys 0 00:00:00  -  Run Local Usage
		Usr 0 00:01:50, Sys 0 00:00:06  -  Total Remote Usage
		Usr 0 00:00:00, Sys 0 00:00:00  -  Total Local Usage
	723632  -  Run Bytes Sent By Job
	281287  -  Run Bytes Received By Job
	723632  -  Total Bytes Sent By Job
	281287  -  Total Bytes Received By Job
	Partitionable Resources :    Usage  Request Allocated
	   Cpus                 :                 1         1
	   Disk (KB)            :  1000000  2048000   7916490
	   Memory (MB)          :      237     1992      1992
...
