000 (696063.005.000) 07/12 06:44:23 Job submitted from host: <144.92.181.245:9618?addrs=144.92.181.245-9618+[2607-f388-101c-1000--372]-9618&noUDP&sock=6179_dbc8_3>
...
001 (695066.005.000) 07/12 07:43:09 Job executing on host: <128.104.227.22:9618?addrs=128.104.227.22-9618+[2607-f388-101c-1000--629]-9618&noUDP&sock=10298_2661_3>
...
006 (695066.005.000) 07/12 07:43:18 Image size of job updated: 143160
	106  -  MemoryUsage of job (MB)
	108536  -  ResidentSetSize of job (KB)
...
006 (695066.005.000) 07/12 08:03:19 Image size of job updated: 240204
	235  -  MemoryUsage of job (MB)
	240044  -  ResidentSetSize of job (KB)
...
006 (695066.005.000) 07/12 08:23:20 Image size of job updated: 240704
	236  -  MemoryUsage of job (MB)
	240704  -  ResidentSetSize of job (KB)
...
006 (695066.005.000) 07/12 08:25:32 Image size of job updated: 240708
	236  -  MemoryUsage of job (MB)
	240704  -  ResidentSetSize of job (KB)
...
005 (695066.005.000) 07/12 08:25:33 Job terminated.
	(1) Normal termination (return value 0)
		Usr 0 00:02:16, Sys 0 00:00:07  -  Run Remote Usage
		Usr 0 00:00:00, Sys 0 00:00:00  -  Run Local Usage
		Usr 0 00:02:16, Sys 0 00:00:07  -  Total Remote Usage
		Usr 0 00:00:00, Sys 0 00:00:00  -  Total Local Usage
	724310  -  Run Bytes Sent By Job
	281287  -  Run Bytes Received By Job
	724310  -  Total Bytes Sent By Job
	281287  -  Total Bytes Received By Job
	Partitionable Resources :    Usage  Request Allocated
	   Cpus                 :                 1         1
	   Disk (KB)            :  1000000  2048000   9500771
	   Memory (MB)          :      236     1992      1992
...
001 (696063.005.000) 07/12 08:50:01 Job executing on host: <144.92.181.140:9618?addrs=144.92.181.140-9618+[2607-f388-101c-1000--629]-9618&noUDP&sock=10043_3dbb_3>
...
006 (696063.005.000) 07/12 08:50:09 Image size of job updated: 216656
	106  -  MemoryUsage of job (MB)
	108524  -  ResidentSetSize of job (KB)
...
006 (696063.005.000) 07/12 09:10:09 Image size of job updated: 240736
	236  -  MemoryUsage of job (MB)
	240736  -  ResidentSetSize of job (KB)
...
006 (696063.005.000) 07/12 09:13:07 Image size of job updated: 484576
	236  -  MemoryUsage of job (MB)
	240736  -  ResidentSetSize of job (KB)
...
005 (696063.005.000) 07/12 09:13:08 Job terminated.
	(1) Normal termination (return value 0)
		Usr 0 00:02:21, Sys 0 00:00:06  -  Run Remote Usage
		Usr 0 00:00:00, Sys 0 00:00:00  -  Run Local Usage
		Usr 0 00:02:21, Sys 0 00:00:06  -  Total Remote Usage
		Usr 0 00:00:00, Sys 0 00:00:00  -  Total Local Usage
	724310  -  Run Bytes Sent By Job
	281287  -  Run Bytes Received By Job
	724310  -  Total Bytes Sent By Job
	281287  -  Total Bytes Received By Job
	Partitionable Resources :    Usage  Request Allocated
	   Cpus                 :                 1         1
	   Disk (KB)            :  1000000  2048000   7918565
	   Memory (MB)          :      236     1992      1992
...
