000 (696006.014.000) 07/12 06:42:56 Job submitted from host: <144.92.181.245:9618?addrs=144.92.181.245-9618+[2607-f388-101c-1000--372]-9618&noUDP&sock=6179_dbc8_3>
...
001 (696006.014.000) 07/12 08:23:04 Job executing on host: <144.92.180.94:9618?addrs=144.92.180.94-9618+[2607-f388-101c-1000--629]-9618&noUDP&sock=7025_24e7_3>
...
006 (696006.014.000) 07/12 08:23:12 Image size of job updated: 168376
	53  -  MemoryUsage of job (MB)
	53368  -  ResidentSetSize of job (KB)
...
006 (696006.014.000) 07/12 08:43:12 Image size of job updated: 245424
	240  -  MemoryUsage of job (MB)
	245048  -  ResidentSetSize of job (KB)
...
006 (696006.014.000) 07/12 08:46:17 Image size of job updated: 486304
	240  -  MemoryUsage of job (MB)
	245048  -  ResidentSetSize of job (KB)
...
005 (696006.014.000) 07/12 08:46:18 Job terminated.
	(1) Normal termination (return value 0)
		Usr 0 00:04:50, Sys 0 00:00:17  -  Run Remote Usage
		Usr 0 00:00:00, Sys 0 00:00:00  -  Run Local Usage
		Usr 0 00:04:50, Sys 0 00:00:17  -  Total Remote Usage
		Usr 0 00:00:00, Sys 0 00:00:00  -  Total Local Usage
	396605  -  Run Bytes Sent By Job
	281287  -  Run Bytes Received By Job
	396605  -  Total Bytes Sent By Job
	281287  -  Total Bytes Received By Job
	Partitionable Resources :    Usage  Request Allocated
	   Cpus                 :                 1         1
	   Disk (KB)            :  1000000  2048000   4749969
	   Memory (MB)          :      240     1992      1992
...
