000 (696006.002.000) 07/12 06:42:56 Job submitted from host: <144.92.181.245:9618?addrs=144.92.181.245-9618+[2607-f388-101c-1000--372]-9618&noUDP&sock=6179_dbc8_3>
...
001 (696006.002.000) 07/12 08:22:44 Job executing on host: <144.92.181.205:9618?addrs=144.92.181.205-9618+[2607-f388-101c-1000--629]-9618&noUDP&sock=6858_9896_3>
...
006 (696006.002.000) 07/12 08:22:53 Image size of job updated: 155736
	60  -  MemoryUsage of job (MB)
	60620  -  ResidentSetSize of job (KB)
...
006 (696006.002.000) 07/12 08:42:54 Image size of job updated: 242520
	237  -  MemoryUsage of job (MB)
	242280  -  ResidentSetSize of job (KB)
...
005 (696006.002.000) 07/12 08:49:11 Job terminated.
	(1) Normal termination (return value 0)
		Usr 0 00:04:43, Sys 0 00:00:15  -  Run Remote Usage
		Usr 0 00:00:00, Sys 0 00:00:00  -  Run Local Usage
		Usr 0 00:04:43, Sys 0 00:00:15  -  Total Remote Usage
		Usr 0 00:00:00, Sys 0 00:00:00  -  Total Local Usage
	396624  -  Run Bytes Sent By Job
	281287  -  Run Bytes Received By Job
	396624  -  Total Bytes Sent By Job
	281287  -  Total Bytes Received By Job
	Partitionable Resources :    Usage  Request Allocated
	   Cpus                 :                 1         1
	   Disk (KB)            :  1000000  2048000   3166630
	   Memory (MB)          :      237     1992      1992
...
