000 (696006.009.000) 07/12 06:42:56 Job submitted from host: <144.92.181.245:9618?addrs=144.92.181.245-9618+[2607-f388-101c-1000--372]-9618&noUDP&sock=6179_dbc8_3>
...
001 (696006.009.000) 07/12 08:22:51 Job executing on host: <144.92.180.115:9618?addrs=144.92.180.115-9618+[2607-f388-101c-1000--629]-9618&noUDP&sock=7595_1de3_3>
...
006 (696006.009.000) 07/12 08:22:59 Image size of job updated: 147864
	56  -  MemoryUsage of job (MB)
	57112  -  ResidentSetSize of job (KB)
...
006 (696006.009.000) 07/12 08:42:59 Image size of job updated: 240980
	235  -  MemoryUsage of job (MB)
	240412  -  ResidentSetSize of job (KB)
...
005 (696006.009.000) 07/12 08:49:08 Job terminated.
	(1) Normal termination (return value 0)
		Usr 0 00:02:16, Sys 0 00:00:07  -  Run Remote Usage
		Usr 0 00:00:00, Sys 0 00:00:00  -  Run Local Usage
		Usr 0 00:02:16, Sys 0 00:00:07  -  Total Remote Usage
		Usr 0 00:00:00, Sys 0 00:00:00  -  Total Local Usage
	389501  -  Run Bytes Sent By Job
	281287  -  Run Bytes Received By Job
	389501  -  Total Bytes Sent By Job
	281287  -  Total Bytes Received By Job
	Partitionable Resources :    Usage  Request Allocated
	   Cpus                 :                 1         1
	   Disk (KB)            :  1000000  2048000   6334499
	   Memory (MB)          :      235     1992      1992
...
