file path found: /hdfs/store/user/varuns/Run2018D_Prompt/EGamma/crab_job_EGamma2018Dv2_2v2/190529_223841/0007/Data_EGamma2018Dv2_2v2_7108.root
name: Data_EGamma2018Dv2_2v2_7108.root
filenumber: 0
Adding FullPathInputFile to chain:/hdfs/store/user/varuns/Run2018D_Prompt/EGamma/crab_job_EGamma2018Dv2_2v2/190529_223841/0007/Data_EGamma2018Dv2_2v2_7108.root

file path found: /hdfs/store/user/varuns/Run2018D_Prompt/EGamma/crab_job_EGamma2018Dv2_2v2/190529_223841/0007/Data_EGamma2018Dv2_2v2_7536.root
name: Data_EGamma2018Dv2_2v2_7536.root
filenumber: 1
Adding FullPathInputFile to chain:/hdfs/store/user/varuns/Run2018D_Prompt/EGamma/crab_job_EGamma2018Dv2_2v2/190529_223841/0007/Data_EGamma2018Dv2_2v2_7536.root

file path found: /hdfs/store/user/varuns/Run2018D_Prompt/EGamma/crab_job_EGamma2018Dv2_2v2/190529_223841/0007/Data_EGamma2018Dv2_2v2_7537.root
name: Data_EGamma2018Dv2_2v2_7537.root
filenumber: 2
Adding FullPathInputFile to chain:/hdfs/store/user/varuns/Run2018D_Prompt/EGamma/crab_job_EGamma2018Dv2_2v2/190529_223841/0007/Data_EGamma2018Dv2_2v2_7537.root

file path found: /hdfs/store/user/varuns/Run2018D_Prompt/EGamma/crab_job_EGamma2018Dv2_2v2/190529_223841/0007/Data_EGamma2018Dv2_2v2_7567.root
name: Data_EGamma2018Dv2_2v2_7567.root
filenumber: 3
Adding FullPathInputFile to chain:/hdfs/store/user/varuns/Run2018D_Prompt/EGamma/crab_job_EGamma2018Dv2_2v2/190529_223841/0007/Data_EGamma2018Dv2_2v2_7567.root

file path found: /hdfs/store/user/varuns/Run2018D_Prompt/EGamma/crab_job_EGamma2018Dv2_2v2/190529_223841/0007/Data_EGamma2018Dv2_2v2_7568.root
name: Data_EGamma2018Dv2_2v2_7568.root
filenumber: 4
Adding FullPathInputFile to chain:/hdfs/store/user/varuns/Run2018D_Prompt/EGamma/crab_job_EGamma2018Dv2_2v2/190529_223841/0007/Data_EGamma2018Dv2_2v2_7568.root

file path found: /hdfs/store/user/varuns/Run2018D_Prompt/EGamma/crab_job_EGamma2018Dv2_2v2/190529_223841/0007/Data_EGamma2018Dv2_2v2_7570.root
name: Data_EGamma2018Dv2_2v2_7570.root
filenumber: 5
Adding FullPathInputFile to chain:/hdfs/store/user/varuns/Run2018D_Prompt/EGamma/crab_job_EGamma2018Dv2_2v2/190529_223841/0007/Data_EGamma2018Dv2_2v2_7570.root

file path found: /hdfs/store/user/varuns/Run2018D_Prompt/EGamma/crab_job_EGamma2018Dv2_2v2/190529_223841/0007/Data_EGamma2018Dv2_2v2_7572.root
name: Data_EGamma2018Dv2_2v2_7572.root
filenumber: 6
Adding FullPathInputFile to chain:/hdfs/store/user/varuns/Run2018D_Prompt/EGamma/crab_job_EGamma2018Dv2_2v2/190529_223841/0007/Data_EGamma2018Dv2_2v2_7572.root

file path found: /hdfs/store/user/varuns/Run2018D_Prompt/EGamma/crab_job_EGamma2018Dv2_2v2/190529_223841/0007/Data_EGamma2018Dv2_2v2_7573.root
name: Data_EGamma2018Dv2_2v2_7573.root
filenumber: 7
Adding FullPathInputFile to chain:/hdfs/store/user/varuns/Run2018D_Prompt/EGamma/crab_job_EGamma2018Dv2_2v2/190529_223841/0007/Data_EGamma2018Dv2_2v2_7573.root

file path found: /hdfs/store/user/varuns/Run2018D_Prompt/EGamma/crab_job_EGamma2018Dv2_2v2/190529_223841/0007/Data_EGamma2018Dv2_2v2_7576.root
name: Data_EGamma2018Dv2_2v2_7576.root
filenumber: 8
Adding FullPathInputFile to chain:/hdfs/store/user/varuns/Run2018D_Prompt/EGamma/crab_job_EGamma2018Dv2_2v2/190529_223841/0007/Data_EGamma2018Dv2_2v2_7576.root

file path found: /hdfs/store/user/varuns/Run2018D_Prompt/EGamma/crab_job_EGamma2018Dv2_2v2/190529_223841/0007/Data_EGamma2018Dv2_2v2_7771.root
name: Data_EGamma2018Dv2_2v2_7771.root
filenumber: 9
Adding FullPathInputFile to chain:/hdfs/store/user/varuns/Run2018D_Prompt/EGamma/crab_job_EGamma2018Dv2_2v2/190529_223841/0007/Data_EGamma2018Dv2_2v2_7771.root

file path found: /hdfs/store/user/varuns/Run2018D_Prompt/EGamma/crab_job_EGamma2018Dv2_2v2/190529_223841/0007/Data_EGamma2018Dv2_2v2_7776.root
name: Data_EGamma2018Dv2_2v2_7776.root
filenumber: 10
Adding FullPathInputFile to chain:/hdfs/store/user/varuns/Run2018D_Prompt/EGamma/crab_job_EGamma2018Dv2_2v2/190529_223841/0007/Data_EGamma2018Dv2_2v2_7776.root

file path found: /hdfs/store/user/varuns/Run2018D_Prompt/EGamma/crab_job_EGamma2018Dv2_2v2/190529_223841/0007/Data_EGamma2018Dv2_2v2_7811.root
name: Data_EGamma2018Dv2_2v2_7811.root
filenumber: 11
Adding FullPathInputFile to chain:/hdfs/store/user/varuns/Run2018D_Prompt/EGamma/crab_job_EGamma2018Dv2_2v2/190529_223841/0007/Data_EGamma2018Dv2_2v2_7811.root

file path found: /hdfs/store/user/varuns/Run2018D_Prompt/EGamma/crab_job_EGamma2018Dv2_2v2/190529_223841/0007/Data_EGamma2018Dv2_2v2_7813.root
name: Data_EGamma2018Dv2_2v2_7813.root
filenumber: 12
Adding FullPathInputFile to chain:/hdfs/store/user/varuns/Run2018D_Prompt/EGamma/crab_job_EGamma2018Dv2_2v2/190529_223841/0007/Data_EGamma2018Dv2_2v2_7813.root

file path found: /hdfs/store/user/varuns/Run2018D_Prompt/EGamma/crab_job_EGamma2018Dv2_2v2/190529_223841/0007/Data_EGamma2018Dv2_2v2_7832.root
name: Data_EGamma2018Dv2_2v2_7832.root
filenumber: 13
Adding FullPathInputFile to chain:/hdfs/store/user/varuns/Run2018D_Prompt/EGamma/crab_job_EGamma2018Dv2_2v2/190529_223841/0007/Data_EGamma2018Dv2_2v2_7832.root

file path found: /hdfs/store/user/varuns/Run2018D_Prompt/EGamma/crab_job_EGamma2018Dv2_2v2/190529_223841/0007/Data_EGamma2018Dv2_2v2_7841.root
name: Data_EGamma2018Dv2_2v2_7841.root
filenumber: 14
Adding FullPathInputFile to chain:/hdfs/store/user/varuns/Run2018D_Prompt/EGamma/crab_job_EGamma2018Dv2_2v2/190529_223841/0007/Data_EGamma2018Dv2_2v2_7841.root

file path found: /hdfs/store/user/varuns/Run2018D_Prompt/EGamma/crab_job_EGamma2018Dv2_2v2/190529_223841/0007/Data_EGamma2018Dv2_2v2_7847.root
name: Data_EGamma2018Dv2_2v2_7847.root
filenumber: 15
Adding FullPathInputFile to chain:/hdfs/store/user/varuns/Run2018D_Prompt/EGamma/crab_job_EGamma2018Dv2_2v2/190529_223841/0007/Data_EGamma2018Dv2_2v2_7847.root

file path found: /hdfs/store/user/varuns/Run2018D_Prompt/EGamma/crab_job_EGamma2018Dv2_2v2/190529_223841/0007/Data_EGamma2018Dv2_2v2_7857.root
name: Data_EGamma2018Dv2_2v2_7857.root
filenumber: 16
Adding FullPathInputFile to chain:/hdfs/store/user/varuns/Run2018D_Prompt/EGamma/crab_job_EGamma2018Dv2_2v2/190529_223841/0007/Data_EGamma2018Dv2_2v2_7857.root

file path found: /hdfs/store/user/varuns/Run2018D_Prompt/EGamma/crab_job_EGamma2018Dv2_2v2/190529_223841/0007/Data_EGamma2018Dv2_2v2_7860.root
name: Data_EGamma2018Dv2_2v2_7860.root
filenumber: 17
Adding FullPathInputFile to chain:/hdfs/store/user/varuns/Run2018D_Prompt/EGamma/crab_job_EGamma2018Dv2_2v2/190529_223841/0007/Data_EGamma2018Dv2_2v2_7860.root

file path found: /hdfs/store/user/varuns/Run2018D_Prompt/EGamma/crab_job_EGamma2018Dv2_2v2/190529_223841/0007/Data_EGamma2018Dv2_2v2_7863.root
name: Data_EGamma2018Dv2_2v2_7863.root
filenumber: 18
Adding FullPathInputFile to chain:/hdfs/store/user/varuns/Run2018D_Prompt/EGamma/crab_job_EGamma2018Dv2_2v2/190529_223841/0007/Data_EGamma2018Dv2_2v2_7863.root

file path found: /hdfs/store/user/varuns/Run2018D_Prompt/EGamma/crab_job_EGamma2018Dv2_2v2/190529_223841/0007/Data_EGamma2018Dv2_2v2_7869.root
name: Data_EGamma2018Dv2_2v2_7869.root
filenumber: 19
Adding FullPathInputFile to chain:/hdfs/store/user/varuns/Run2018D_Prompt/EGamma/crab_job_EGamma2018Dv2_2v2/190529_223841/0007/Data_EGamma2018Dv2_2v2_7869.root

file path found: /hdfs/store/user/varuns/Run2018D_Prompt/EGamma/crab_job_EGamma2018Dv2_2v2/190529_223841/0007/Data_EGamma2018Dv2_2v2_7871.root
name: Data_EGamma2018Dv2_2v2_7871.root
filenumber: 20
Adding FullPathInputFile to chain:/hdfs/store/user/varuns/Run2018D_Prompt/EGamma/crab_job_EGamma2018Dv2_2v2/190529_223841/0007/Data_EGamma2018Dv2_2v2_7871.root

file path found: /hdfs/store/user/varuns/Run2018D_Prompt/EGamma/crab_job_EGamma2018Dv2_2v2/190529_223841/0007/Data_EGamma2018Dv2_2v2_7873.root
name: Data_EGamma2018Dv2_2v2_7873.root
filenumber: 21
Adding FullPathInputFile to chain:/hdfs/store/user/varuns/Run2018D_Prompt/EGamma/crab_job_EGamma2018Dv2_2v2/190529_223841/0007/Data_EGamma2018Dv2_2v2_7873.root

file path found: /hdfs/store/user/varuns/Run2018D_Prompt/EGamma/crab_job_EGamma2018Dv2_2v2/190529_223841/0007/Data_EGamma2018Dv2_2v2_7878.root
name: Data_EGamma2018Dv2_2v2_7878.root
filenumber: 22
Adding FullPathInputFile to chain:/hdfs/store/user/varuns/Run2018D_Prompt/EGamma/crab_job_EGamma2018Dv2_2v2/190529_223841/0007/Data_EGamma2018Dv2_2v2_7878.root

file path found: /hdfs/store/user/varuns/Run2018D_Prompt/EGamma/crab_job_EGamma2018Dv2_2v2/190529_223841/0007/.
name: .
filenumber: 23
file path found: /hdfs/store/user/varuns/Run2018D_Prompt/EGamma/crab_job_EGamma2018Dv2_2v2/190529_223841/0007/..
name: ..
filenumber: 24
23 files added.
Initializing chain.
Coming in: 
nentries:450502
Running over 450502 events.
Finished entry 0/450501
Finished entry 10000/450501
Finished entry 20000/450501
Finished entry 30000/450501
Finished entry 40000/450501
Finished entry 50000/450501
Finished entry 60000/450501
Finished entry 70000/450501
Finished entry 80000/450501
Finished entry 90000/450501
Finished entry 100000/450501
Finished entry 110000/450501
Finished entry 120000/450501
Finished entry 130000/450501
Finished entry 140000/450501
Finished entry 150000/450501
Finished entry 160000/450501
Finished entry 170000/450501
Finished entry 180000/450501
Finished entry 190000/450501
Finished entry 200000/450501
Finished entry 210000/450501
Finished entry 220000/450501
Finished entry 230000/450501
Finished entry 240000/450501
Finished entry 250000/450501
Finished entry 260000/450501
Finished entry 270000/450501
Finished entry 280000/450501
Finished entry 290000/450501
Finished entry 300000/450501
Finished entry 310000/450501
Finished entry 320000/450501
Finished entry 330000/450501
Finished entry 340000/450501
Finished entry 350000/450501
Finished entry 360000/450501
Finished entry 370000/450501
Finished entry 380000/450501
Finished entry 390000/450501
Finished entry 400000/450501
Finished entry 410000/450501
Finished entry 420000/450501
Finished entry 430000/450501
Finished entry 440000/450501
Finished entry 450000/450501
