000 (690068.005.000) 07/11 07:30:56 Job submitted from host: <144.92.181.245:9618?addrs=144.92.181.245-9618+[2607-f388-101c-1000--372]-9618&noUDP&sock=6179_dbc8_3>
...
001 (690068.005.000) 07/11 08:34:51 Job executing on host: <144.92.180.153:9618?addrs=144.92.180.153-9618+[2607-f388-101c-1000--629]-9618&noUDP&sock=7902_b176_3>
...
006 (690068.005.000) 07/11 08:34:59 Image size of job updated: 225292
	106  -  MemoryUsage of job (MB)
	107796  -  ResidentSetSize of job (KB)
...
006 (690068.005.000) 07/11 08:51:07 Image size of job updated: 506028
	106  -  MemoryUsage of job (MB)
	107796  -  ResidentSetSize of job (KB)
...
005 (690068.005.000) 07/11 08:51:08 Job terminated.
	(1) Normal termination (return value 0)
		Usr 0 00:02:10, Sys 0 00:00:07  -  Run Remote Usage
		Usr 0 00:00:00, Sys 0 00:00:00  -  Run Local Usage
		Usr 0 00:02:10, Sys 0 00:00:07  -  Total Remote Usage
		Usr 0 00:00:00, Sys 0 00:00:00  -  Total Local Usage
	251689  -  Run Bytes Sent By Job
	302156  -  Run Bytes Received By Job
	251689  -  Total Bytes Sent By Job
	302156  -  Total Bytes Received By Job
	Partitionable Resources :    Usage  Request Allocated
	   Cpus                 :                 1         1
	   Disk (KB)            :  1000000  2048000   7917482
	   Memory (MB)          :      106     1992      1992
...
