000 (690021.007.000) 07/11 07:29:48 Job submitted from host: <144.92.181.245:9618?addrs=144.92.181.245-9618+[2607-f388-101c-1000--372]-9618&noUDP&sock=6179_dbc8_3>
...
001 (690021.007.000) 07/11 07:52:17 Job executing on host: <144.92.180.110:9618?addrs=144.92.180.110-9618+[2607-f388-101c-1000--629]-9618&noUDP&sock=7476_7e1e_3>
...
006 (690021.007.000) 07/11 07:52:25 Image size of job updated: 227984
	106  -  MemoryUsage of job (MB)
	108208  -  ResidentSetSize of job (KB)
...
005 (690021.007.000) 07/11 07:56:16 Job terminated.
	(1) Normal termination (return value 0)
		Usr 0 00:00:47, Sys 0 00:00:02  -  Run Remote Usage
		Usr 0 00:00:00, Sys 0 00:00:00  -  Run Local Usage
		Usr 0 00:00:47, Sys 0 00:00:02  -  Total Remote Usage
		Usr 0 00:00:00, Sys 0 00:00:00  -  Total Local Usage
	286591  -  Run Bytes Sent By Job
	302156  -  Run Bytes Received By Job
	286591  -  Total Bytes Sent By Job
	302156  -  Total Bytes Received By Job
	Partitionable Resources :    Usage  Request Allocated
	   Cpus                 :                 1         1
	   Disk (KB)            :  1000000  2048000   6334730
	   Memory (MB)          :      106     1992      1992
...
