000 (695947.001.000) 07/12 06:41:33 Job submitted from host: <144.92.181.245:9618?addrs=144.92.181.245-9618+[2607-f388-101c-1000--372]-9618&noUDP&sock=6179_dbc8_3>
...
001 (695947.001.000) 07/12 08:03:20 Job executing on host: <128.104.227.81:9618?addrs=128.104.227.81-9618+[2607-f388-101c-1000--629]-9618&noUDP&sock=11938_0db3_10>
...
006 (695947.001.000) 07/12 08:03:29 Image size of job updated: 216548
	106  -  MemoryUsage of job (MB)
	108028  -  ResidentSetSize of job (KB)
...
006 (695947.001.000) 07/12 08:23:30 Image size of job updated: 292276
	285  -  MemoryUsage of job (MB)
	290844  -  ResidentSetSize of job (KB)
...
005 (695947.001.000) 07/12 08:28:15 Job terminated.
	(1) Normal termination (return value 0)
		Usr 0 00:01:46, Sys 0 00:00:06  -  Run Remote Usage
		Usr 0 00:00:00, Sys 0 00:00:00  -  Run Local Usage
		Usr 0 00:01:46, Sys 0 00:00:06  -  Total Remote Usage
		Usr 0 00:00:00, Sys 0 00:00:00  -  Total Local Usage
	154317  -  Run Bytes Sent By Job
	281287  -  Run Bytes Received By Job
	154317  -  Total Bytes Sent By Job
	281287  -  Total Bytes Received By Job
	Partitionable Resources :    Usage  Request Allocated
	   Cpus                 :                 1         1
	   Disk (KB)            :  1000000  2048000   9503497
	   Memory (MB)          :      285     1992      1992
...
