000 (695951.005.000) 07/12 06:41:37 Job submitted from host: <144.92.181.245:9618?addrs=144.92.181.245-9618+[2607-f388-101c-1000--372]-9618&noUDP&sock=6179_dbc8_3>
...
001 (695951.005.000) 07/12 08:03:44 Job executing on host: <144.92.180.235:9618?addrs=144.92.180.235-9618+[2607-f388-101c-1000--629]-9618&noUDP&sock=9858_58b5_3>
...
006 (695951.005.000) 07/12 08:03:52 Image size of job updated: 164988
	106  -  MemoryUsage of job (MB)
	108180  -  ResidentSetSize of job (KB)
...
006 (695951.005.000) 07/12 08:23:52 Image size of job updated: 293028
	286  -  MemoryUsage of job (MB)
	292788  -  ResidentSetSize of job (KB)
...
005 (695951.005.000) 07/12 08:25:16 Job terminated.
	(1) Normal termination (return value 0)
		Usr 0 00:02:02, Sys 0 00:00:05  -  Run Remote Usage
		Usr 0 00:00:00, Sys 0 00:00:00  -  Run Local Usage
		Usr 0 00:02:02, Sys 0 00:00:05  -  Total Remote Usage
		Usr 0 00:00:00, Sys 0 00:00:00  -  Total Local Usage
	231178  -  Run Bytes Sent By Job
	281287  -  Run Bytes Received By Job
	231178  -  Total Bytes Sent By Job
	281287  -  Total Bytes Received By Job
	Partitionable Resources :    Usage  Request Allocated
	   Cpus                 :                 1         1
	   Disk (KB)            :  1000000  2048000   7917980
	   Memory (MB)          :      286     1992      1992
...
