file path found: /hdfs/store/user/varuns/MC2018_Autumn18_May2019/DYJetsToLL_M-50_HT-100to200_TuneCP5_PSweights_13TeV-madgraphMLM-pythia8/crab_job_DYJetsToLL_HT100-200/190516_074443/0001/MC_DYJetsToLL_HT100-200_1000.root
name: MC_DYJetsToLL_HT100-200_1000.root
filenumber: 0
Adding FullPathInputFile to chain:/hdfs/store/user/varuns/MC2018_Autumn18_May2019/DYJetsToLL_M-50_HT-100to200_TuneCP5_PSweights_13TeV-madgraphMLM-pythia8/crab_job_DYJetsToLL_HT100-200/190516_074443/0001/MC_DYJetsToLL_HT100-200_1000.root

file path found: /hdfs/store/user/varuns/MC2018_Autumn18_May2019/DYJetsToLL_M-50_HT-100to200_TuneCP5_PSweights_13TeV-madgraphMLM-pythia8/crab_job_DYJetsToLL_HT100-200/190516_074443/0001/MC_DYJetsToLL_HT100-200_1001.root
name: MC_DYJetsToLL_HT100-200_1001.root
filenumber: 1
Adding FullPathInputFile to chain:/hdfs/store/user/varuns/MC2018_Autumn18_May2019/DYJetsToLL_M-50_HT-100to200_TuneCP5_PSweights_13TeV-madgraphMLM-pythia8/crab_job_DYJetsToLL_HT100-200/190516_074443/0001/MC_DYJetsToLL_HT100-200_1001.root

file path found: /hdfs/store/user/varuns/MC2018_Autumn18_May2019/DYJetsToLL_M-50_HT-100to200_TuneCP5_PSweights_13TeV-madgraphMLM-pythia8/crab_job_DYJetsToLL_HT100-200/190516_074443/0001/MC_DYJetsToLL_HT100-200_1002.root
name: MC_DYJetsToLL_HT100-200_1002.root
filenumber: 2
Adding FullPathInputFile to chain:/hdfs/store/user/varuns/MC2018_Autumn18_May2019/DYJetsToLL_M-50_HT-100to200_TuneCP5_PSweights_13TeV-madgraphMLM-pythia8/crab_job_DYJetsToLL_HT100-200/190516_074443/0001/MC_DYJetsToLL_HT100-200_1002.root

file path found: /hdfs/store/user/varuns/MC2018_Autumn18_May2019/DYJetsToLL_M-50_HT-100to200_TuneCP5_PSweights_13TeV-madgraphMLM-pythia8/crab_job_DYJetsToLL_HT100-200/190516_074443/0001/MC_DYJetsToLL_HT100-200_1003.root
name: MC_DYJetsToLL_HT100-200_1003.root
filenumber: 3
Adding FullPathInputFile to chain:/hdfs/store/user/varuns/MC2018_Autumn18_May2019/DYJetsToLL_M-50_HT-100to200_TuneCP5_PSweights_13TeV-madgraphMLM-pythia8/crab_job_DYJetsToLL_HT100-200/190516_074443/0001/MC_DYJetsToLL_HT100-200_1003.root

file path found: /hdfs/store/user/varuns/MC2018_Autumn18_May2019/DYJetsToLL_M-50_HT-100to200_TuneCP5_PSweights_13TeV-madgraphMLM-pythia8/crab_job_DYJetsToLL_HT100-200/190516_074443/0001/MC_DYJetsToLL_HT100-200_1004.root
name: MC_DYJetsToLL_HT100-200_1004.root
filenumber: 4
Adding FullPathInputFile to chain:/hdfs/store/user/varuns/MC2018_Autumn18_May2019/DYJetsToLL_M-50_HT-100to200_TuneCP5_PSweights_13TeV-madgraphMLM-pythia8/crab_job_DYJetsToLL_HT100-200/190516_074443/0001/MC_DYJetsToLL_HT100-200_1004.root

file path found: /hdfs/store/user/varuns/MC2018_Autumn18_May2019/DYJetsToLL_M-50_HT-100to200_TuneCP5_PSweights_13TeV-madgraphMLM-pythia8/crab_job_DYJetsToLL_HT100-200/190516_074443/0001/MC_DYJetsToLL_HT100-200_1005.root
name: MC_DYJetsToLL_HT100-200_1005.root
filenumber: 5
Adding FullPathInputFile to chain:/hdfs/store/user/varuns/MC2018_Autumn18_May2019/DYJetsToLL_M-50_HT-100to200_TuneCP5_PSweights_13TeV-madgraphMLM-pythia8/crab_job_DYJetsToLL_HT100-200/190516_074443/0001/MC_DYJetsToLL_HT100-200_1005.root

file path found: /hdfs/store/user/varuns/MC2018_Autumn18_May2019/DYJetsToLL_M-50_HT-100to200_TuneCP5_PSweights_13TeV-madgraphMLM-pythia8/crab_job_DYJetsToLL_HT100-200/190516_074443/0001/MC_DYJetsToLL_HT100-200_1006.root
name: MC_DYJetsToLL_HT100-200_1006.root
filenumber: 6
Adding FullPathInputFile to chain:/hdfs/store/user/varuns/MC2018_Autumn18_May2019/DYJetsToLL_M-50_HT-100to200_TuneCP5_PSweights_13TeV-madgraphMLM-pythia8/crab_job_DYJetsToLL_HT100-200/190516_074443/0001/MC_DYJetsToLL_HT100-200_1006.root

file path found: /hdfs/store/user/varuns/MC2018_Autumn18_May2019/DYJetsToLL_M-50_HT-100to200_TuneCP5_PSweights_13TeV-madgraphMLM-pythia8/crab_job_DYJetsToLL_HT100-200/190516_074443/0001/MC_DYJetsToLL_HT100-200_1007.root
name: MC_DYJetsToLL_HT100-200_1007.root
filenumber: 7
Adding FullPathInputFile to chain:/hdfs/store/user/varuns/MC2018_Autumn18_May2019/DYJetsToLL_M-50_HT-100to200_TuneCP5_PSweights_13TeV-madgraphMLM-pythia8/crab_job_DYJetsToLL_HT100-200/190516_074443/0001/MC_DYJetsToLL_HT100-200_1007.root

file path found: /hdfs/store/user/varuns/MC2018_Autumn18_May2019/DYJetsToLL_M-50_HT-100to200_TuneCP5_PSweights_13TeV-madgraphMLM-pythia8/crab_job_DYJetsToLL_HT100-200/190516_074443/0001/MC_DYJetsToLL_HT100-200_1008.root
name: MC_DYJetsToLL_HT100-200_1008.root
filenumber: 8
Adding FullPathInputFile to chain:/hdfs/store/user/varuns/MC2018_Autumn18_May2019/DYJetsToLL_M-50_HT-100to200_TuneCP5_PSweights_13TeV-madgraphMLM-pythia8/crab_job_DYJetsToLL_HT100-200/190516_074443/0001/MC_DYJetsToLL_HT100-200_1008.root

file path found: /hdfs/store/user/varuns/MC2018_Autumn18_May2019/DYJetsToLL_M-50_HT-100to200_TuneCP5_PSweights_13TeV-madgraphMLM-pythia8/crab_job_DYJetsToLL_HT100-200/190516_074443/0001/MC_DYJetsToLL_HT100-200_1009.root
name: MC_DYJetsToLL_HT100-200_1009.root
filenumber: 9
Adding FullPathInputFile to chain:/hdfs/store/user/varuns/MC2018_Autumn18_May2019/DYJetsToLL_M-50_HT-100to200_TuneCP5_PSweights_13TeV-madgraphMLM-pythia8/crab_job_DYJetsToLL_HT100-200/190516_074443/0001/MC_DYJetsToLL_HT100-200_1009.root

file path found: /hdfs/store/user/varuns/MC2018_Autumn18_May2019/DYJetsToLL_M-50_HT-100to200_TuneCP5_PSweights_13TeV-madgraphMLM-pythia8/crab_job_DYJetsToLL_HT100-200/190516_074443/0001/MC_DYJetsToLL_HT100-200_1010.root
name: MC_DYJetsToLL_HT100-200_1010.root
filenumber: 10
Adding FullPathInputFile to chain:/hdfs/store/user/varuns/MC2018_Autumn18_May2019/DYJetsToLL_M-50_HT-100to200_TuneCP5_PSweights_13TeV-madgraphMLM-pythia8/crab_job_DYJetsToLL_HT100-200/190516_074443/0001/MC_DYJetsToLL_HT100-200_1010.root

file path found: /hdfs/store/user/varuns/MC2018_Autumn18_May2019/DYJetsToLL_M-50_HT-100to200_TuneCP5_PSweights_13TeV-madgraphMLM-pythia8/crab_job_DYJetsToLL_HT100-200/190516_074443/0001/MC_DYJetsToLL_HT100-200_1011.root
name: MC_DYJetsToLL_HT100-200_1011.root
filenumber: 11
Adding FullPathInputFile to chain:/hdfs/store/user/varuns/MC2018_Autumn18_May2019/DYJetsToLL_M-50_HT-100to200_TuneCP5_PSweights_13TeV-madgraphMLM-pythia8/crab_job_DYJetsToLL_HT100-200/190516_074443/0001/MC_DYJetsToLL_HT100-200_1011.root

file path found: /hdfs/store/user/varuns/MC2018_Autumn18_May2019/DYJetsToLL_M-50_HT-100to200_TuneCP5_PSweights_13TeV-madgraphMLM-pythia8/crab_job_DYJetsToLL_HT100-200/190516_074443/0001/MC_DYJetsToLL_HT100-200_1012.root
name: MC_DYJetsToLL_HT100-200_1012.root
filenumber: 12
Adding FullPathInputFile to chain:/hdfs/store/user/varuns/MC2018_Autumn18_May2019/DYJetsToLL_M-50_HT-100to200_TuneCP5_PSweights_13TeV-madgraphMLM-pythia8/crab_job_DYJetsToLL_HT100-200/190516_074443/0001/MC_DYJetsToLL_HT100-200_1012.root

file path found: /hdfs/store/user/varuns/MC2018_Autumn18_May2019/DYJetsToLL_M-50_HT-100to200_TuneCP5_PSweights_13TeV-madgraphMLM-pythia8/crab_job_DYJetsToLL_HT100-200/190516_074443/0001/MC_DYJetsToLL_HT100-200_1013.root
name: MC_DYJetsToLL_HT100-200_1013.root
filenumber: 13
Adding FullPathInputFile to chain:/hdfs/store/user/varuns/MC2018_Autumn18_May2019/DYJetsToLL_M-50_HT-100to200_TuneCP5_PSweights_13TeV-madgraphMLM-pythia8/crab_job_DYJetsToLL_HT100-200/190516_074443/0001/MC_DYJetsToLL_HT100-200_1013.root

file path found: /hdfs/store/user/varuns/MC2018_Autumn18_May2019/DYJetsToLL_M-50_HT-100to200_TuneCP5_PSweights_13TeV-madgraphMLM-pythia8/crab_job_DYJetsToLL_HT100-200/190516_074443/0001/MC_DYJetsToLL_HT100-200_1014.root
name: MC_DYJetsToLL_HT100-200_1014.root
filenumber: 14
Adding FullPathInputFile to chain:/hdfs/store/user/varuns/MC2018_Autumn18_May2019/DYJetsToLL_M-50_HT-100to200_TuneCP5_PSweights_13TeV-madgraphMLM-pythia8/crab_job_DYJetsToLL_HT100-200/190516_074443/0001/MC_DYJetsToLL_HT100-200_1014.root

file path found: /hdfs/store/user/varuns/MC2018_Autumn18_May2019/DYJetsToLL_M-50_HT-100to200_TuneCP5_PSweights_13TeV-madgraphMLM-pythia8/crab_job_DYJetsToLL_HT100-200/190516_074443/0001/MC_DYJetsToLL_HT100-200_1015.root
name: MC_DYJetsToLL_HT100-200_1015.root
filenumber: 15
Adding FullPathInputFile to chain:/hdfs/store/user/varuns/MC2018_Autumn18_May2019/DYJetsToLL_M-50_HT-100to200_TuneCP5_PSweights_13TeV-madgraphMLM-pythia8/crab_job_DYJetsToLL_HT100-200/190516_074443/0001/MC_DYJetsToLL_HT100-200_1015.root

file path found: /hdfs/store/user/varuns/MC2018_Autumn18_May2019/DYJetsToLL_M-50_HT-100to200_TuneCP5_PSweights_13TeV-madgraphMLM-pythia8/crab_job_DYJetsToLL_HT100-200/190516_074443/0001/MC_DYJetsToLL_HT100-200_1016.root
name: MC_DYJetsToLL_HT100-200_1016.root
filenumber: 16
Adding FullPathInputFile to chain:/hdfs/store/user/varuns/MC2018_Autumn18_May2019/DYJetsToLL_M-50_HT-100to200_TuneCP5_PSweights_13TeV-madgraphMLM-pythia8/crab_job_DYJetsToLL_HT100-200/190516_074443/0001/MC_DYJetsToLL_HT100-200_1016.root

file path found: /hdfs/store/user/varuns/MC2018_Autumn18_May2019/DYJetsToLL_M-50_HT-100to200_TuneCP5_PSweights_13TeV-madgraphMLM-pythia8/crab_job_DYJetsToLL_HT100-200/190516_074443/0001/MC_DYJetsToLL_HT100-200_1017.root
name: MC_DYJetsToLL_HT100-200_1017.root
filenumber: 17
Adding FullPathInputFile to chain:/hdfs/store/user/varuns/MC2018_Autumn18_May2019/DYJetsToLL_M-50_HT-100to200_TuneCP5_PSweights_13TeV-madgraphMLM-pythia8/crab_job_DYJetsToLL_HT100-200/190516_074443/0001/MC_DYJetsToLL_HT100-200_1017.root

file path found: /hdfs/store/user/varuns/MC2018_Autumn18_May2019/DYJetsToLL_M-50_HT-100to200_TuneCP5_PSweights_13TeV-madgraphMLM-pythia8/crab_job_DYJetsToLL_HT100-200/190516_074443/0001/MC_DYJetsToLL_HT100-200_1018.root
name: MC_DYJetsToLL_HT100-200_1018.root
filenumber: 18
Adding FullPathInputFile to chain:/hdfs/store/user/varuns/MC2018_Autumn18_May2019/DYJetsToLL_M-50_HT-100to200_TuneCP5_PSweights_13TeV-madgraphMLM-pythia8/crab_job_DYJetsToLL_HT100-200/190516_074443/0001/MC_DYJetsToLL_HT100-200_1018.root

file path found: /hdfs/store/user/varuns/MC2018_Autumn18_May2019/DYJetsToLL_M-50_HT-100to200_TuneCP5_PSweights_13TeV-madgraphMLM-pythia8/crab_job_DYJetsToLL_HT100-200/190516_074443/0001/MC_DYJetsToLL_HT100-200_1019.root
name: MC_DYJetsToLL_HT100-200_1019.root
filenumber: 19
Adding FullPathInputFile to chain:/hdfs/store/user/varuns/MC2018_Autumn18_May2019/DYJetsToLL_M-50_HT-100to200_TuneCP5_PSweights_13TeV-madgraphMLM-pythia8/crab_job_DYJetsToLL_HT100-200/190516_074443/0001/MC_DYJetsToLL_HT100-200_1019.root

file path found: /hdfs/store/user/varuns/MC2018_Autumn18_May2019/DYJetsToLL_M-50_HT-100to200_TuneCP5_PSweights_13TeV-madgraphMLM-pythia8/crab_job_DYJetsToLL_HT100-200/190516_074443/0001/MC_DYJetsToLL_HT100-200_1020.root
name: MC_DYJetsToLL_HT100-200_1020.root
filenumber: 20
Adding FullPathInputFile to chain:/hdfs/store/user/varuns/MC2018_Autumn18_May2019/DYJetsToLL_M-50_HT-100to200_TuneCP5_PSweights_13TeV-madgraphMLM-pythia8/crab_job_DYJetsToLL_HT100-200/190516_074443/0001/MC_DYJetsToLL_HT100-200_1020.root

file path found: /hdfs/store/user/varuns/MC2018_Autumn18_May2019/DYJetsToLL_M-50_HT-100to200_TuneCP5_PSweights_13TeV-madgraphMLM-pythia8/crab_job_DYJetsToLL_HT100-200/190516_074443/0001/MC_DYJetsToLL_HT100-200_1021.root
name: MC_DYJetsToLL_HT100-200_1021.root
filenumber: 21
Adding FullPathInputFile to chain:/hdfs/store/user/varuns/MC2018_Autumn18_May2019/DYJetsToLL_M-50_HT-100to200_TuneCP5_PSweights_13TeV-madgraphMLM-pythia8/crab_job_DYJetsToLL_HT100-200/190516_074443/0001/MC_DYJetsToLL_HT100-200_1021.root

file path found: /hdfs/store/user/varuns/MC2018_Autumn18_May2019/DYJetsToLL_M-50_HT-100to200_TuneCP5_PSweights_13TeV-madgraphMLM-pythia8/crab_job_DYJetsToLL_HT100-200/190516_074443/0001/MC_DYJetsToLL_HT100-200_1022.root
name: MC_DYJetsToLL_HT100-200_1022.root
filenumber: 22
Adding FullPathInputFile to chain:/hdfs/store/user/varuns/MC2018_Autumn18_May2019/DYJetsToLL_M-50_HT-100to200_TuneCP5_PSweights_13TeV-madgraphMLM-pythia8/crab_job_DYJetsToLL_HT100-200/190516_074443/0001/MC_DYJetsToLL_HT100-200_1022.root

file path found: /hdfs/store/user/varuns/MC2018_Autumn18_May2019/DYJetsToLL_M-50_HT-100to200_TuneCP5_PSweights_13TeV-madgraphMLM-pythia8/crab_job_DYJetsToLL_HT100-200/190516_074443/0001/MC_DYJetsToLL_HT100-200_1023.root
name: MC_DYJetsToLL_HT100-200_1023.root
filenumber: 23
Adding FullPathInputFile to chain:/hdfs/store/user/varuns/MC2018_Autumn18_May2019/DYJetsToLL_M-50_HT-100to200_TuneCP5_PSweights_13TeV-madgraphMLM-pythia8/crab_job_DYJetsToLL_HT100-200/190516_074443/0001/MC_DYJetsToLL_HT100-200_1023.root

file path found: /hdfs/store/user/varuns/MC2018_Autumn18_May2019/DYJetsToLL_M-50_HT-100to200_TuneCP5_PSweights_13TeV-madgraphMLM-pythia8/crab_job_DYJetsToLL_HT100-200/190516_074443/0001/MC_DYJetsToLL_HT100-200_1024.root
name: MC_DYJetsToLL_HT100-200_1024.root
filenumber: 24
Adding FullPathInputFile to chain:/hdfs/store/user/varuns/MC2018_Autumn18_May2019/DYJetsToLL_M-50_HT-100to200_TuneCP5_PSweights_13TeV-madgraphMLM-pythia8/crab_job_DYJetsToLL_HT100-200/190516_074443/0001/MC_DYJetsToLL_HT100-200_1024.root

file path found: /hdfs/store/user/varuns/MC2018_Autumn18_May2019/DYJetsToLL_M-50_HT-100to200_TuneCP5_PSweights_13TeV-madgraphMLM-pythia8/crab_job_DYJetsToLL_HT100-200/190516_074443/0001/MC_DYJetsToLL_HT100-200_1025.root
name: MC_DYJetsToLL_HT100-200_1025.root
filenumber: 25
Adding FullPathInputFile to chain:/hdfs/store/user/varuns/MC2018_Autumn18_May2019/DYJetsToLL_M-50_HT-100to200_TuneCP5_PSweights_13TeV-madgraphMLM-pythia8/crab_job_DYJetsToLL_HT100-200/190516_074443/0001/MC_DYJetsToLL_HT100-200_1025.root

file path found: /hdfs/store/user/varuns/MC2018_Autumn18_May2019/DYJetsToLL_M-50_HT-100to200_TuneCP5_PSweights_13TeV-madgraphMLM-pythia8/crab_job_DYJetsToLL_HT100-200/190516_074443/0001/MC_DYJetsToLL_HT100-200_1026.root
name: MC_DYJetsToLL_HT100-200_1026.root
filenumber: 26
Adding FullPathInputFile to chain:/hdfs/store/user/varuns/MC2018_Autumn18_May2019/DYJetsToLL_M-50_HT-100to200_TuneCP5_PSweights_13TeV-madgraphMLM-pythia8/crab_job_DYJetsToLL_HT100-200/190516_074443/0001/MC_DYJetsToLL_HT100-200_1026.root

file path found: /hdfs/store/user/varuns/MC2018_Autumn18_May2019/DYJetsToLL_M-50_HT-100to200_TuneCP5_PSweights_13TeV-madgraphMLM-pythia8/crab_job_DYJetsToLL_HT100-200/190516_074443/0001/MC_DYJetsToLL_HT100-200_1027.root
name: MC_DYJetsToLL_HT100-200_1027.root
filenumber: 27
Adding FullPathInputFile to chain:/hdfs/store/user/varuns/MC2018_Autumn18_May2019/DYJetsToLL_M-50_HT-100to200_TuneCP5_PSweights_13TeV-madgraphMLM-pythia8/crab_job_DYJetsToLL_HT100-200/190516_074443/0001/MC_DYJetsToLL_HT100-200_1027.root

file path found: /hdfs/store/user/varuns/MC2018_Autumn18_May2019/DYJetsToLL_M-50_HT-100to200_TuneCP5_PSweights_13TeV-madgraphMLM-pythia8/crab_job_DYJetsToLL_HT100-200/190516_074443/0001/MC_DYJetsToLL_HT100-200_1028.root
name: MC_DYJetsToLL_HT100-200_1028.root
filenumber: 28
Adding FullPathInputFile to chain:/hdfs/store/user/varuns/MC2018_Autumn18_May2019/DYJetsToLL_M-50_HT-100to200_TuneCP5_PSweights_13TeV-madgraphMLM-pythia8/crab_job_DYJetsToLL_HT100-200/190516_074443/0001/MC_DYJetsToLL_HT100-200_1028.root

file path found: /hdfs/store/user/varuns/MC2018_Autumn18_May2019/DYJetsToLL_M-50_HT-100to200_TuneCP5_PSweights_13TeV-madgraphMLM-pythia8/crab_job_DYJetsToLL_HT100-200/190516_074443/0001/MC_DYJetsToLL_HT100-200_1029.root
name: MC_DYJetsToLL_HT100-200_1029.root
filenumber: 29
Adding FullPathInputFile to chain:/hdfs/store/user/varuns/MC2018_Autumn18_May2019/DYJetsToLL_M-50_HT-100to200_TuneCP5_PSweights_13TeV-madgraphMLM-pythia8/crab_job_DYJetsToLL_HT100-200/190516_074443/0001/MC_DYJetsToLL_HT100-200_1029.root

file path found: /hdfs/store/user/varuns/MC2018_Autumn18_May2019/DYJetsToLL_M-50_HT-100to200_TuneCP5_PSweights_13TeV-madgraphMLM-pythia8/crab_job_DYJetsToLL_HT100-200/190516_074443/0001/MC_DYJetsToLL_HT100-200_1030.root
name: MC_DYJetsToLL_HT100-200_1030.root
filenumber: 30
Adding FullPathInputFile to chain:/hdfs/store/user/varuns/MC2018_Autumn18_May2019/DYJetsToLL_M-50_HT-100to200_TuneCP5_PSweights_13TeV-madgraphMLM-pythia8/crab_job_DYJetsToLL_HT100-200/190516_074443/0001/MC_DYJetsToLL_HT100-200_1030.root

file path found: /hdfs/store/user/varuns/MC2018_Autumn18_May2019/DYJetsToLL_M-50_HT-100to200_TuneCP5_PSweights_13TeV-madgraphMLM-pythia8/crab_job_DYJetsToLL_HT100-200/190516_074443/0001/MC_DYJetsToLL_HT100-200_1031.root
name: MC_DYJetsToLL_HT100-200_1031.root
filenumber: 31
Adding FullPathInputFile to chain:/hdfs/store/user/varuns/MC2018_Autumn18_May2019/DYJetsToLL_M-50_HT-100to200_TuneCP5_PSweights_13TeV-madgraphMLM-pythia8/crab_job_DYJetsToLL_HT100-200/190516_074443/0001/MC_DYJetsToLL_HT100-200_1031.root

file path found: /hdfs/store/user/varuns/MC2018_Autumn18_May2019/DYJetsToLL_M-50_HT-100to200_TuneCP5_PSweights_13TeV-madgraphMLM-pythia8/crab_job_DYJetsToLL_HT100-200/190516_074443/0001/MC_DYJetsToLL_HT100-200_1032.root
name: MC_DYJetsToLL_HT100-200_1032.root
filenumber: 32
Adding FullPathInputFile to chain:/hdfs/store/user/varuns/MC2018_Autumn18_May2019/DYJetsToLL_M-50_HT-100to200_TuneCP5_PSweights_13TeV-madgraphMLM-pythia8/crab_job_DYJetsToLL_HT100-200/190516_074443/0001/MC_DYJetsToLL_HT100-200_1032.root

file path found: /hdfs/store/user/varuns/MC2018_Autumn18_May2019/DYJetsToLL_M-50_HT-100to200_TuneCP5_PSweights_13TeV-madgraphMLM-pythia8/crab_job_DYJetsToLL_HT100-200/190516_074443/0001/MC_DYJetsToLL_HT100-200_1033.root
name: MC_DYJetsToLL_HT100-200_1033.root
filenumber: 33
Adding FullPathInputFile to chain:/hdfs/store/user/varuns/MC2018_Autumn18_May2019/DYJetsToLL_M-50_HT-100to200_TuneCP5_PSweights_13TeV-madgraphMLM-pythia8/crab_job_DYJetsToLL_HT100-200/190516_074443/0001/MC_DYJetsToLL_HT100-200_1033.root

file path found: /hdfs/store/user/varuns/MC2018_Autumn18_May2019/DYJetsToLL_M-50_HT-100to200_TuneCP5_PSweights_13TeV-madgraphMLM-pythia8/crab_job_DYJetsToLL_HT100-200/190516_074443/0001/MC_DYJetsToLL_HT100-200_1034.root
name: MC_DYJetsToLL_HT100-200_1034.root
filenumber: 34
Adding FullPathInputFile to chain:/hdfs/store/user/varuns/MC2018_Autumn18_May2019/DYJetsToLL_M-50_HT-100to200_TuneCP5_PSweights_13TeV-madgraphMLM-pythia8/crab_job_DYJetsToLL_HT100-200/190516_074443/0001/MC_DYJetsToLL_HT100-200_1034.root

file path found: /hdfs/store/user/varuns/MC2018_Autumn18_May2019/DYJetsToLL_M-50_HT-100to200_TuneCP5_PSweights_13TeV-madgraphMLM-pythia8/crab_job_DYJetsToLL_HT100-200/190516_074443/0001/MC_DYJetsToLL_HT100-200_1035.root
name: MC_DYJetsToLL_HT100-200_1035.root
filenumber: 35
Adding FullPathInputFile to chain:/hdfs/store/user/varuns/MC2018_Autumn18_May2019/DYJetsToLL_M-50_HT-100to200_TuneCP5_PSweights_13TeV-madgraphMLM-pythia8/crab_job_DYJetsToLL_HT100-200/190516_074443/0001/MC_DYJetsToLL_HT100-200_1035.root

file path found: /hdfs/store/user/varuns/MC2018_Autumn18_May2019/DYJetsToLL_M-50_HT-100to200_TuneCP5_PSweights_13TeV-madgraphMLM-pythia8/crab_job_DYJetsToLL_HT100-200/190516_074443/0001/MC_DYJetsToLL_HT100-200_1036.root
name: MC_DYJetsToLL_HT100-200_1036.root
filenumber: 36
Adding FullPathInputFile to chain:/hdfs/store/user/varuns/MC2018_Autumn18_May2019/DYJetsToLL_M-50_HT-100to200_TuneCP5_PSweights_13TeV-madgraphMLM-pythia8/crab_job_DYJetsToLL_HT100-200/190516_074443/0001/MC_DYJetsToLL_HT100-200_1036.root

file path found: /hdfs/store/user/varuns/MC2018_Autumn18_May2019/DYJetsToLL_M-50_HT-100to200_TuneCP5_PSweights_13TeV-madgraphMLM-pythia8/crab_job_DYJetsToLL_HT100-200/190516_074443/0001/MC_DYJetsToLL_HT100-200_1037.root
name: MC_DYJetsToLL_HT100-200_1037.root
filenumber: 37
Adding FullPathInputFile to chain:/hdfs/store/user/varuns/MC2018_Autumn18_May2019/DYJetsToLL_M-50_HT-100to200_TuneCP5_PSweights_13TeV-madgraphMLM-pythia8/crab_job_DYJetsToLL_HT100-200/190516_074443/0001/MC_DYJetsToLL_HT100-200_1037.root

file path found: /hdfs/store/user/varuns/MC2018_Autumn18_May2019/DYJetsToLL_M-50_HT-100to200_TuneCP5_PSweights_13TeV-madgraphMLM-pythia8/crab_job_DYJetsToLL_HT100-200/190516_074443/0001/MC_DYJetsToLL_HT100-200_1038.root
name: MC_DYJetsToLL_HT100-200_1038.root
filenumber: 38
Adding FullPathInputFile to chain:/hdfs/store/user/varuns/MC2018_Autumn18_May2019/DYJetsToLL_M-50_HT-100to200_TuneCP5_PSweights_13TeV-madgraphMLM-pythia8/crab_job_DYJetsToLL_HT100-200/190516_074443/0001/MC_DYJetsToLL_HT100-200_1038.root

file path found: /hdfs/store/user/varuns/MC2018_Autumn18_May2019/DYJetsToLL_M-50_HT-100to200_TuneCP5_PSweights_13TeV-madgraphMLM-pythia8/crab_job_DYJetsToLL_HT100-200/190516_074443/0001/MC_DYJetsToLL_HT100-200_1039.root
name: MC_DYJetsToLL_HT100-200_1039.root
filenumber: 39
Adding FullPathInputFile to chain:/hdfs/store/user/varuns/MC2018_Autumn18_May2019/DYJetsToLL_M-50_HT-100to200_TuneCP5_PSweights_13TeV-madgraphMLM-pythia8/crab_job_DYJetsToLL_HT100-200/190516_074443/0001/MC_DYJetsToLL_HT100-200_1039.root

file path found: /hdfs/store/user/varuns/MC2018_Autumn18_May2019/DYJetsToLL_M-50_HT-100to200_TuneCP5_PSweights_13TeV-madgraphMLM-pythia8/crab_job_DYJetsToLL_HT100-200/190516_074443/0001/MC_DYJetsToLL_HT100-200_1040.root
name: MC_DYJetsToLL_HT100-200_1040.root
filenumber: 40
Adding FullPathInputFile to chain:/hdfs/store/user/varuns/MC2018_Autumn18_May2019/DYJetsToLL_M-50_HT-100to200_TuneCP5_PSweights_13TeV-madgraphMLM-pythia8/crab_job_DYJetsToLL_HT100-200/190516_074443/0001/MC_DYJetsToLL_HT100-200_1040.root

file path found: /hdfs/store/user/varuns/MC2018_Autumn18_May2019/DYJetsToLL_M-50_HT-100to200_TuneCP5_PSweights_13TeV-madgraphMLM-pythia8/crab_job_DYJetsToLL_HT100-200/190516_074443/0001/MC_DYJetsToLL_HT100-200_1041.root
name: MC_DYJetsToLL_HT100-200_1041.root
filenumber: 41
Adding FullPathInputFile to chain:/hdfs/store/user/varuns/MC2018_Autumn18_May2019/DYJetsToLL_M-50_HT-100to200_TuneCP5_PSweights_13TeV-madgraphMLM-pythia8/crab_job_DYJetsToLL_HT100-200/190516_074443/0001/MC_DYJetsToLL_HT100-200_1041.root

file path found: /hdfs/store/user/varuns/MC2018_Autumn18_May2019/DYJetsToLL_M-50_HT-100to200_TuneCP5_PSweights_13TeV-madgraphMLM-pythia8/crab_job_DYJetsToLL_HT100-200/190516_074443/0001/MC_DYJetsToLL_HT100-200_1042.root
name: MC_DYJetsToLL_HT100-200_1042.root
filenumber: 42
Adding FullPathInputFile to chain:/hdfs/store/user/varuns/MC2018_Autumn18_May2019/DYJetsToLL_M-50_HT-100to200_TuneCP5_PSweights_13TeV-madgraphMLM-pythia8/crab_job_DYJetsToLL_HT100-200/190516_074443/0001/MC_DYJetsToLL_HT100-200_1042.root

file path found: /hdfs/store/user/varuns/MC2018_Autumn18_May2019/DYJetsToLL_M-50_HT-100to200_TuneCP5_PSweights_13TeV-madgraphMLM-pythia8/crab_job_DYJetsToLL_HT100-200/190516_074443/0001/MC_DYJetsToLL_HT100-200_1043.root
name: MC_DYJetsToLL_HT100-200_1043.root
filenumber: 43
Adding FullPathInputFile to chain:/hdfs/store/user/varuns/MC2018_Autumn18_May2019/DYJetsToLL_M-50_HT-100to200_TuneCP5_PSweights_13TeV-madgraphMLM-pythia8/crab_job_DYJetsToLL_HT100-200/190516_074443/0001/MC_DYJetsToLL_HT100-200_1043.root

file path found: /hdfs/store/user/varuns/MC2018_Autumn18_May2019/DYJetsToLL_M-50_HT-100to200_TuneCP5_PSweights_13TeV-madgraphMLM-pythia8/crab_job_DYJetsToLL_HT100-200/190516_074443/0001/MC_DYJetsToLL_HT100-200_1044.root
name: MC_DYJetsToLL_HT100-200_1044.root
filenumber: 44
Adding FullPathInputFile to chain:/hdfs/store/user/varuns/MC2018_Autumn18_May2019/DYJetsToLL_M-50_HT-100to200_TuneCP5_PSweights_13TeV-madgraphMLM-pythia8/crab_job_DYJetsToLL_HT100-200/190516_074443/0001/MC_DYJetsToLL_HT100-200_1044.root

file path found: /hdfs/store/user/varuns/MC2018_Autumn18_May2019/DYJetsToLL_M-50_HT-100to200_TuneCP5_PSweights_13TeV-madgraphMLM-pythia8/crab_job_DYJetsToLL_HT100-200/190516_074443/0001/MC_DYJetsToLL_HT100-200_1045.root
name: MC_DYJetsToLL_HT100-200_1045.root
filenumber: 45
Adding FullPathInputFile to chain:/hdfs/store/user/varuns/MC2018_Autumn18_May2019/DYJetsToLL_M-50_HT-100to200_TuneCP5_PSweights_13TeV-madgraphMLM-pythia8/crab_job_DYJetsToLL_HT100-200/190516_074443/0001/MC_DYJetsToLL_HT100-200_1045.root

file path found: /hdfs/store/user/varuns/MC2018_Autumn18_May2019/DYJetsToLL_M-50_HT-100to200_TuneCP5_PSweights_13TeV-madgraphMLM-pythia8/crab_job_DYJetsToLL_HT100-200/190516_074443/0001/MC_DYJetsToLL_HT100-200_1046.root
name: MC_DYJetsToLL_HT100-200_1046.root
filenumber: 46
Adding FullPathInputFile to chain:/hdfs/store/user/varuns/MC2018_Autumn18_May2019/DYJetsToLL_M-50_HT-100to200_TuneCP5_PSweights_13TeV-madgraphMLM-pythia8/crab_job_DYJetsToLL_HT100-200/190516_074443/0001/MC_DYJetsToLL_HT100-200_1046.root

file path found: /hdfs/store/user/varuns/MC2018_Autumn18_May2019/DYJetsToLL_M-50_HT-100to200_TuneCP5_PSweights_13TeV-madgraphMLM-pythia8/crab_job_DYJetsToLL_HT100-200/190516_074443/0001/MC_DYJetsToLL_HT100-200_1047.root
name: MC_DYJetsToLL_HT100-200_1047.root
filenumber: 47
Adding FullPathInputFile to chain:/hdfs/store/user/varuns/MC2018_Autumn18_May2019/DYJetsToLL_M-50_HT-100to200_TuneCP5_PSweights_13TeV-madgraphMLM-pythia8/crab_job_DYJetsToLL_HT100-200/190516_074443/0001/MC_DYJetsToLL_HT100-200_1047.root

file path found: /hdfs/store/user/varuns/MC2018_Autumn18_May2019/DYJetsToLL_M-50_HT-100to200_TuneCP5_PSweights_13TeV-madgraphMLM-pythia8/crab_job_DYJetsToLL_HT100-200/190516_074443/0001/MC_DYJetsToLL_HT100-200_1048.root
name: MC_DYJetsToLL_HT100-200_1048.root
filenumber: 48
Adding FullPathInputFile to chain:/hdfs/store/user/varuns/MC2018_Autumn18_May2019/DYJetsToLL_M-50_HT-100to200_TuneCP5_PSweights_13TeV-madgraphMLM-pythia8/crab_job_DYJetsToLL_HT100-200/190516_074443/0001/MC_DYJetsToLL_HT100-200_1048.root

file path found: /hdfs/store/user/varuns/MC2018_Autumn18_May2019/DYJetsToLL_M-50_HT-100to200_TuneCP5_PSweights_13TeV-madgraphMLM-pythia8/crab_job_DYJetsToLL_HT100-200/190516_074443/0001/MC_DYJetsToLL_HT100-200_1049.root
name: MC_DYJetsToLL_HT100-200_1049.root
filenumber: 49
Adding FullPathInputFile to chain:/hdfs/store/user/varuns/MC2018_Autumn18_May2019/DYJetsToLL_M-50_HT-100to200_TuneCP5_PSweights_13TeV-madgraphMLM-pythia8/crab_job_DYJetsToLL_HT100-200/190516_074443/0001/MC_DYJetsToLL_HT100-200_1049.root

file path found: /hdfs/store/user/varuns/MC2018_Autumn18_May2019/DYJetsToLL_M-50_HT-100to200_TuneCP5_PSweights_13TeV-madgraphMLM-pythia8/crab_job_DYJetsToLL_HT100-200/190516_074443/0001/MC_DYJetsToLL_HT100-200_1050.root
name: MC_DYJetsToLL_HT100-200_1050.root
filenumber: 50
Adding FullPathInputFile to chain:/hdfs/store/user/varuns/MC2018_Autumn18_May2019/DYJetsToLL_M-50_HT-100to200_TuneCP5_PSweights_13TeV-madgraphMLM-pythia8/crab_job_DYJetsToLL_HT100-200/190516_074443/0001/MC_DYJetsToLL_HT100-200_1050.root

file path found: /hdfs/store/user/varuns/MC2018_Autumn18_May2019/DYJetsToLL_M-50_HT-100to200_TuneCP5_PSweights_13TeV-madgraphMLM-pythia8/crab_job_DYJetsToLL_HT100-200/190516_074443/0001/MC_DYJetsToLL_HT100-200_1051.root
name: MC_DYJetsToLL_HT100-200_1051.root
filenumber: 51
Adding FullPathInputFile to chain:/hdfs/store/user/varuns/MC2018_Autumn18_May2019/DYJetsToLL_M-50_HT-100to200_TuneCP5_PSweights_13TeV-madgraphMLM-pythia8/crab_job_DYJetsToLL_HT100-200/190516_074443/0001/MC_DYJetsToLL_HT100-200_1051.root

file path found: /hdfs/store/user/varuns/MC2018_Autumn18_May2019/DYJetsToLL_M-50_HT-100to200_TuneCP5_PSweights_13TeV-madgraphMLM-pythia8/crab_job_DYJetsToLL_HT100-200/190516_074443/0001/MC_DYJetsToLL_HT100-200_1052.root
name: MC_DYJetsToLL_HT100-200_1052.root
filenumber: 52
Adding FullPathInputFile to chain:/hdfs/store/user/varuns/MC2018_Autumn18_May2019/DYJetsToLL_M-50_HT-100to200_TuneCP5_PSweights_13TeV-madgraphMLM-pythia8/crab_job_DYJetsToLL_HT100-200/190516_074443/0001/MC_DYJetsToLL_HT100-200_1052.root

file path found: /hdfs/store/user/varuns/MC2018_Autumn18_May2019/DYJetsToLL_M-50_HT-100to200_TuneCP5_PSweights_13TeV-madgraphMLM-pythia8/crab_job_DYJetsToLL_HT100-200/190516_074443/0001/MC_DYJetsToLL_HT100-200_1053.root
name: MC_DYJetsToLL_HT100-200_1053.root
filenumber: 53
Adding FullPathInputFile to chain:/hdfs/store/user/varuns/MC2018_Autumn18_May2019/DYJetsToLL_M-50_HT-100to200_TuneCP5_PSweights_13TeV-madgraphMLM-pythia8/crab_job_DYJetsToLL_HT100-200/190516_074443/0001/MC_DYJetsToLL_HT100-200_1053.root

file path found: /hdfs/store/user/varuns/MC2018_Autumn18_May2019/DYJetsToLL_M-50_HT-100to200_TuneCP5_PSweights_13TeV-madgraphMLM-pythia8/crab_job_DYJetsToLL_HT100-200/190516_074443/0001/MC_DYJetsToLL_HT100-200_1054.root
name: MC_DYJetsToLL_HT100-200_1054.root
filenumber: 54
Adding FullPathInputFile to chain:/hdfs/store/user/varuns/MC2018_Autumn18_May2019/DYJetsToLL_M-50_HT-100to200_TuneCP5_PSweights_13TeV-madgraphMLM-pythia8/crab_job_DYJetsToLL_HT100-200/190516_074443/0001/MC_DYJetsToLL_HT100-200_1054.root

file path found: /hdfs/store/user/varuns/MC2018_Autumn18_May2019/DYJetsToLL_M-50_HT-100to200_TuneCP5_PSweights_13TeV-madgraphMLM-pythia8/crab_job_DYJetsToLL_HT100-200/190516_074443/0001/MC_DYJetsToLL_HT100-200_1055.root
name: MC_DYJetsToLL_HT100-200_1055.root
filenumber: 55
Adding FullPathInputFile to chain:/hdfs/store/user/varuns/MC2018_Autumn18_May2019/DYJetsToLL_M-50_HT-100to200_TuneCP5_PSweights_13TeV-madgraphMLM-pythia8/crab_job_DYJetsToLL_HT100-200/190516_074443/0001/MC_DYJetsToLL_HT100-200_1055.root

file path found: /hdfs/store/user/varuns/MC2018_Autumn18_May2019/DYJetsToLL_M-50_HT-100to200_TuneCP5_PSweights_13TeV-madgraphMLM-pythia8/crab_job_DYJetsToLL_HT100-200/190516_074443/0001/MC_DYJetsToLL_HT100-200_1056.root
name: MC_DYJetsToLL_HT100-200_1056.root
filenumber: 56
Adding FullPathInputFile to chain:/hdfs/store/user/varuns/MC2018_Autumn18_May2019/DYJetsToLL_M-50_HT-100to200_TuneCP5_PSweights_13TeV-madgraphMLM-pythia8/crab_job_DYJetsToLL_HT100-200/190516_074443/0001/MC_DYJetsToLL_HT100-200_1056.root

file path found: /hdfs/store/user/varuns/MC2018_Autumn18_May2019/DYJetsToLL_M-50_HT-100to200_TuneCP5_PSweights_13TeV-madgraphMLM-pythia8/crab_job_DYJetsToLL_HT100-200/190516_074443/0001/MC_DYJetsToLL_HT100-200_1057.root
name: MC_DYJetsToLL_HT100-200_1057.root
filenumber: 57
Adding FullPathInputFile to chain:/hdfs/store/user/varuns/MC2018_Autumn18_May2019/DYJetsToLL_M-50_HT-100to200_TuneCP5_PSweights_13TeV-madgraphMLM-pythia8/crab_job_DYJetsToLL_HT100-200/190516_074443/0001/MC_DYJetsToLL_HT100-200_1057.root

file path found: /hdfs/store/user/varuns/MC2018_Autumn18_May2019/DYJetsToLL_M-50_HT-100to200_TuneCP5_PSweights_13TeV-madgraphMLM-pythia8/crab_job_DYJetsToLL_HT100-200/190516_074443/0001/MC_DYJetsToLL_HT100-200_1058.root
name: MC_DYJetsToLL_HT100-200_1058.root
filenumber: 58
Adding FullPathInputFile to chain:/hdfs/store/user/varuns/MC2018_Autumn18_May2019/DYJetsToLL_M-50_HT-100to200_TuneCP5_PSweights_13TeV-madgraphMLM-pythia8/crab_job_DYJetsToLL_HT100-200/190516_074443/0001/MC_DYJetsToLL_HT100-200_1058.root

file path found: /hdfs/store/user/varuns/MC2018_Autumn18_May2019/DYJetsToLL_M-50_HT-100to200_TuneCP5_PSweights_13TeV-madgraphMLM-pythia8/crab_job_DYJetsToLL_HT100-200/190516_074443/0001/MC_DYJetsToLL_HT100-200_1059.root
name: MC_DYJetsToLL_HT100-200_1059.root
filenumber: 59
Adding FullPathInputFile to chain:/hdfs/store/user/varuns/MC2018_Autumn18_May2019/DYJetsToLL_M-50_HT-100to200_TuneCP5_PSweights_13TeV-madgraphMLM-pythia8/crab_job_DYJetsToLL_HT100-200/190516_074443/0001/MC_DYJetsToLL_HT100-200_1059.root

file path found: /hdfs/store/user/varuns/MC2018_Autumn18_May2019/DYJetsToLL_M-50_HT-100to200_TuneCP5_PSweights_13TeV-madgraphMLM-pythia8/crab_job_DYJetsToLL_HT100-200/190516_074443/0001/MC_DYJetsToLL_HT100-200_1060.root
name: MC_DYJetsToLL_HT100-200_1060.root
filenumber: 60
Adding FullPathInputFile to chain:/hdfs/store/user/varuns/MC2018_Autumn18_May2019/DYJetsToLL_M-50_HT-100to200_TuneCP5_PSweights_13TeV-madgraphMLM-pythia8/crab_job_DYJetsToLL_HT100-200/190516_074443/0001/MC_DYJetsToLL_HT100-200_1060.root

file path found: /hdfs/store/user/varuns/MC2018_Autumn18_May2019/DYJetsToLL_M-50_HT-100to200_TuneCP5_PSweights_13TeV-madgraphMLM-pythia8/crab_job_DYJetsToLL_HT100-200/190516_074443/0001/MC_DYJetsToLL_HT100-200_1061.root
name: MC_DYJetsToLL_HT100-200_1061.root
filenumber: 61
Adding FullPathInputFile to chain:/hdfs/store/user/varuns/MC2018_Autumn18_May2019/DYJetsToLL_M-50_HT-100to200_TuneCP5_PSweights_13TeV-madgraphMLM-pythia8/crab_job_DYJetsToLL_HT100-200/190516_074443/0001/MC_DYJetsToLL_HT100-200_1061.root

file path found: /hdfs/store/user/varuns/MC2018_Autumn18_May2019/DYJetsToLL_M-50_HT-100to200_TuneCP5_PSweights_13TeV-madgraphMLM-pythia8/crab_job_DYJetsToLL_HT100-200/190516_074443/0001/MC_DYJetsToLL_HT100-200_1062.root
name: MC_DYJetsToLL_HT100-200_1062.root
filenumber: 62
Adding FullPathInputFile to chain:/hdfs/store/user/varuns/MC2018_Autumn18_May2019/DYJetsToLL_M-50_HT-100to200_TuneCP5_PSweights_13TeV-madgraphMLM-pythia8/crab_job_DYJetsToLL_HT100-200/190516_074443/0001/MC_DYJetsToLL_HT100-200_1062.root

file path found: /hdfs/store/user/varuns/MC2018_Autumn18_May2019/DYJetsToLL_M-50_HT-100to200_TuneCP5_PSweights_13TeV-madgraphMLM-pythia8/crab_job_DYJetsToLL_HT100-200/190516_074443/0001/MC_DYJetsToLL_HT100-200_1063.root
name: MC_DYJetsToLL_HT100-200_1063.root
filenumber: 63
Adding FullPathInputFile to chain:/hdfs/store/user/varuns/MC2018_Autumn18_May2019/DYJetsToLL_M-50_HT-100to200_TuneCP5_PSweights_13TeV-madgraphMLM-pythia8/crab_job_DYJetsToLL_HT100-200/190516_074443/0001/MC_DYJetsToLL_HT100-200_1063.root

file path found: /hdfs/store/user/varuns/MC2018_Autumn18_May2019/DYJetsToLL_M-50_HT-100to200_TuneCP5_PSweights_13TeV-madgraphMLM-pythia8/crab_job_DYJetsToLL_HT100-200/190516_074443/0001/MC_DYJetsToLL_HT100-200_1064.root
name: MC_DYJetsToLL_HT100-200_1064.root
filenumber: 64
Adding FullPathInputFile to chain:/hdfs/store/user/varuns/MC2018_Autumn18_May2019/DYJetsToLL_M-50_HT-100to200_TuneCP5_PSweights_13TeV-madgraphMLM-pythia8/crab_job_DYJetsToLL_HT100-200/190516_074443/0001/MC_DYJetsToLL_HT100-200_1064.root

file path found: /hdfs/store/user/varuns/MC2018_Autumn18_May2019/DYJetsToLL_M-50_HT-100to200_TuneCP5_PSweights_13TeV-madgraphMLM-pythia8/crab_job_DYJetsToLL_HT100-200/190516_074443/0001/MC_DYJetsToLL_HT100-200_1065.root
name: MC_DYJetsToLL_HT100-200_1065.root
filenumber: 65
Adding FullPathInputFile to chain:/hdfs/store/user/varuns/MC2018_Autumn18_May2019/DYJetsToLL_M-50_HT-100to200_TuneCP5_PSweights_13TeV-madgraphMLM-pythia8/crab_job_DYJetsToLL_HT100-200/190516_074443/0001/MC_DYJetsToLL_HT100-200_1065.root

file path found: /hdfs/store/user/varuns/MC2018_Autumn18_May2019/DYJetsToLL_M-50_HT-100to200_TuneCP5_PSweights_13TeV-madgraphMLM-pythia8/crab_job_DYJetsToLL_HT100-200/190516_074443/0001/MC_DYJetsToLL_HT100-200_1066.root
name: MC_DYJetsToLL_HT100-200_1066.root
filenumber: 66
Adding FullPathInputFile to chain:/hdfs/store/user/varuns/MC2018_Autumn18_May2019/DYJetsToLL_M-50_HT-100to200_TuneCP5_PSweights_13TeV-madgraphMLM-pythia8/crab_job_DYJetsToLL_HT100-200/190516_074443/0001/MC_DYJetsToLL_HT100-200_1066.root

file path found: /hdfs/store/user/varuns/MC2018_Autumn18_May2019/DYJetsToLL_M-50_HT-100to200_TuneCP5_PSweights_13TeV-madgraphMLM-pythia8/crab_job_DYJetsToLL_HT100-200/190516_074443/0001/MC_DYJetsToLL_HT100-200_1067.root
name: MC_DYJetsToLL_HT100-200_1067.root
filenumber: 67
Adding FullPathInputFile to chain:/hdfs/store/user/varuns/MC2018_Autumn18_May2019/DYJetsToLL_M-50_HT-100to200_TuneCP5_PSweights_13TeV-madgraphMLM-pythia8/crab_job_DYJetsToLL_HT100-200/190516_074443/0001/MC_DYJetsToLL_HT100-200_1067.root

file path found: /hdfs/store/user/varuns/MC2018_Autumn18_May2019/DYJetsToLL_M-50_HT-100to200_TuneCP5_PSweights_13TeV-madgraphMLM-pythia8/crab_job_DYJetsToLL_HT100-200/190516_074443/0001/MC_DYJetsToLL_HT100-200_1068.root
name: MC_DYJetsToLL_HT100-200_1068.root
filenumber: 68
Adding FullPathInputFile to chain:/hdfs/store/user/varuns/MC2018_Autumn18_May2019/DYJetsToLL_M-50_HT-100to200_TuneCP5_PSweights_13TeV-madgraphMLM-pythia8/crab_job_DYJetsToLL_HT100-200/190516_074443/0001/MC_DYJetsToLL_HT100-200_1068.root

file path found: /hdfs/store/user/varuns/MC2018_Autumn18_May2019/DYJetsToLL_M-50_HT-100to200_TuneCP5_PSweights_13TeV-madgraphMLM-pythia8/crab_job_DYJetsToLL_HT100-200/190516_074443/0001/MC_DYJetsToLL_HT100-200_1069.root
name: MC_DYJetsToLL_HT100-200_1069.root
filenumber: 69
Adding FullPathInputFile to chain:/hdfs/store/user/varuns/MC2018_Autumn18_May2019/DYJetsToLL_M-50_HT-100to200_TuneCP5_PSweights_13TeV-madgraphMLM-pythia8/crab_job_DYJetsToLL_HT100-200/190516_074443/0001/MC_DYJetsToLL_HT100-200_1069.root

file path found: /hdfs/store/user/varuns/MC2018_Autumn18_May2019/DYJetsToLL_M-50_HT-100to200_TuneCP5_PSweights_13TeV-madgraphMLM-pythia8/crab_job_DYJetsToLL_HT100-200/190516_074443/0001/MC_DYJetsToLL_HT100-200_1070.root
name: MC_DYJetsToLL_HT100-200_1070.root
filenumber: 70
Adding FullPathInputFile to chain:/hdfs/store/user/varuns/MC2018_Autumn18_May2019/DYJetsToLL_M-50_HT-100to200_TuneCP5_PSweights_13TeV-madgraphMLM-pythia8/crab_job_DYJetsToLL_HT100-200/190516_074443/0001/MC_DYJetsToLL_HT100-200_1070.root

file path found: /hdfs/store/user/varuns/MC2018_Autumn18_May2019/DYJetsToLL_M-50_HT-100to200_TuneCP5_PSweights_13TeV-madgraphMLM-pythia8/crab_job_DYJetsToLL_HT100-200/190516_074443/0001/MC_DYJetsToLL_HT100-200_1071.root
name: MC_DYJetsToLL_HT100-200_1071.root
filenumber: 71
Adding FullPathInputFile to chain:/hdfs/store/user/varuns/MC2018_Autumn18_May2019/DYJetsToLL_M-50_HT-100to200_TuneCP5_PSweights_13TeV-madgraphMLM-pythia8/crab_job_DYJetsToLL_HT100-200/190516_074443/0001/MC_DYJetsToLL_HT100-200_1071.root

file path found: /hdfs/store/user/varuns/MC2018_Autumn18_May2019/DYJetsToLL_M-50_HT-100to200_TuneCP5_PSweights_13TeV-madgraphMLM-pythia8/crab_job_DYJetsToLL_HT100-200/190516_074443/0001/MC_DYJetsToLL_HT100-200_1072.root
name: MC_DYJetsToLL_HT100-200_1072.root
filenumber: 72
Adding FullPathInputFile to chain:/hdfs/store/user/varuns/MC2018_Autumn18_May2019/DYJetsToLL_M-50_HT-100to200_TuneCP5_PSweights_13TeV-madgraphMLM-pythia8/crab_job_DYJetsToLL_HT100-200/190516_074443/0001/MC_DYJetsToLL_HT100-200_1072.root

file path found: /hdfs/store/user/varuns/MC2018_Autumn18_May2019/DYJetsToLL_M-50_HT-100to200_TuneCP5_PSweights_13TeV-madgraphMLM-pythia8/crab_job_DYJetsToLL_HT100-200/190516_074443/0001/MC_DYJetsToLL_HT100-200_1073.root
name: MC_DYJetsToLL_HT100-200_1073.root
filenumber: 73
Adding FullPathInputFile to chain:/hdfs/store/user/varuns/MC2018_Autumn18_May2019/DYJetsToLL_M-50_HT-100to200_TuneCP5_PSweights_13TeV-madgraphMLM-pythia8/crab_job_DYJetsToLL_HT100-200/190516_074443/0001/MC_DYJetsToLL_HT100-200_1073.root

file path found: /hdfs/store/user/varuns/MC2018_Autumn18_May2019/DYJetsToLL_M-50_HT-100to200_TuneCP5_PSweights_13TeV-madgraphMLM-pythia8/crab_job_DYJetsToLL_HT100-200/190516_074443/0001/MC_DYJetsToLL_HT100-200_1074.root
name: MC_DYJetsToLL_HT100-200_1074.root
filenumber: 74
Adding FullPathInputFile to chain:/hdfs/store/user/varuns/MC2018_Autumn18_May2019/DYJetsToLL_M-50_HT-100to200_TuneCP5_PSweights_13TeV-madgraphMLM-pythia8/crab_job_DYJetsToLL_HT100-200/190516_074443/0001/MC_DYJetsToLL_HT100-200_1074.root

file path found: /hdfs/store/user/varuns/MC2018_Autumn18_May2019/DYJetsToLL_M-50_HT-100to200_TuneCP5_PSweights_13TeV-madgraphMLM-pythia8/crab_job_DYJetsToLL_HT100-200/190516_074443/0001/MC_DYJetsToLL_HT100-200_1075.root
name: MC_DYJetsToLL_HT100-200_1075.root
filenumber: 75
Adding FullPathInputFile to chain:/hdfs/store/user/varuns/MC2018_Autumn18_May2019/DYJetsToLL_M-50_HT-100to200_TuneCP5_PSweights_13TeV-madgraphMLM-pythia8/crab_job_DYJetsToLL_HT100-200/190516_074443/0001/MC_DYJetsToLL_HT100-200_1075.root

file path found: /hdfs/store/user/varuns/MC2018_Autumn18_May2019/DYJetsToLL_M-50_HT-100to200_TuneCP5_PSweights_13TeV-madgraphMLM-pythia8/crab_job_DYJetsToLL_HT100-200/190516_074443/0001/MC_DYJetsToLL_HT100-200_1076.root
name: MC_DYJetsToLL_HT100-200_1076.root
filenumber: 76
Adding FullPathInputFile to chain:/hdfs/store/user/varuns/MC2018_Autumn18_May2019/DYJetsToLL_M-50_HT-100to200_TuneCP5_PSweights_13TeV-madgraphMLM-pythia8/crab_job_DYJetsToLL_HT100-200/190516_074443/0001/MC_DYJetsToLL_HT100-200_1076.root

file path found: /hdfs/store/user/varuns/MC2018_Autumn18_May2019/DYJetsToLL_M-50_HT-100to200_TuneCP5_PSweights_13TeV-madgraphMLM-pythia8/crab_job_DYJetsToLL_HT100-200/190516_074443/0001/MC_DYJetsToLL_HT100-200_1077.root
name: MC_DYJetsToLL_HT100-200_1077.root
filenumber: 77
Adding FullPathInputFile to chain:/hdfs/store/user/varuns/MC2018_Autumn18_May2019/DYJetsToLL_M-50_HT-100to200_TuneCP5_PSweights_13TeV-madgraphMLM-pythia8/crab_job_DYJetsToLL_HT100-200/190516_074443/0001/MC_DYJetsToLL_HT100-200_1077.root

file path found: /hdfs/store/user/varuns/MC2018_Autumn18_May2019/DYJetsToLL_M-50_HT-100to200_TuneCP5_PSweights_13TeV-madgraphMLM-pythia8/crab_job_DYJetsToLL_HT100-200/190516_074443/0001/MC_DYJetsToLL_HT100-200_1078.root
name: MC_DYJetsToLL_HT100-200_1078.root
filenumber: 78
Adding FullPathInputFile to chain:/hdfs/store/user/varuns/MC2018_Autumn18_May2019/DYJetsToLL_M-50_HT-100to200_TuneCP5_PSweights_13TeV-madgraphMLM-pythia8/crab_job_DYJetsToLL_HT100-200/190516_074443/0001/MC_DYJetsToLL_HT100-200_1078.root

file path found: /hdfs/store/user/varuns/MC2018_Autumn18_May2019/DYJetsToLL_M-50_HT-100to200_TuneCP5_PSweights_13TeV-madgraphMLM-pythia8/crab_job_DYJetsToLL_HT100-200/190516_074443/0001/MC_DYJetsToLL_HT100-200_1079.root
name: MC_DYJetsToLL_HT100-200_1079.root
filenumber: 79
Adding FullPathInputFile to chain:/hdfs/store/user/varuns/MC2018_Autumn18_May2019/DYJetsToLL_M-50_HT-100to200_TuneCP5_PSweights_13TeV-madgraphMLM-pythia8/crab_job_DYJetsToLL_HT100-200/190516_074443/0001/MC_DYJetsToLL_HT100-200_1079.root

file path found: /hdfs/store/user/varuns/MC2018_Autumn18_May2019/DYJetsToLL_M-50_HT-100to200_TuneCP5_PSweights_13TeV-madgraphMLM-pythia8/crab_job_DYJetsToLL_HT100-200/190516_074443/0001/MC_DYJetsToLL_HT100-200_1080.root
name: MC_DYJetsToLL_HT100-200_1080.root
filenumber: 80
Adding FullPathInputFile to chain:/hdfs/store/user/varuns/MC2018_Autumn18_May2019/DYJetsToLL_M-50_HT-100to200_TuneCP5_PSweights_13TeV-madgraphMLM-pythia8/crab_job_DYJetsToLL_HT100-200/190516_074443/0001/MC_DYJetsToLL_HT100-200_1080.root

file path found: /hdfs/store/user/varuns/MC2018_Autumn18_May2019/DYJetsToLL_M-50_HT-100to200_TuneCP5_PSweights_13TeV-madgraphMLM-pythia8/crab_job_DYJetsToLL_HT100-200/190516_074443/0001/MC_DYJetsToLL_HT100-200_1081.root
name: MC_DYJetsToLL_HT100-200_1081.root
filenumber: 81
Adding FullPathInputFile to chain:/hdfs/store/user/varuns/MC2018_Autumn18_May2019/DYJetsToLL_M-50_HT-100to200_TuneCP5_PSweights_13TeV-madgraphMLM-pythia8/crab_job_DYJetsToLL_HT100-200/190516_074443/0001/MC_DYJetsToLL_HT100-200_1081.root

file path found: /hdfs/store/user/varuns/MC2018_Autumn18_May2019/DYJetsToLL_M-50_HT-100to200_TuneCP5_PSweights_13TeV-madgraphMLM-pythia8/crab_job_DYJetsToLL_HT100-200/190516_074443/0001/MC_DYJetsToLL_HT100-200_1082.root
name: MC_DYJetsToLL_HT100-200_1082.root
filenumber: 82
Adding FullPathInputFile to chain:/hdfs/store/user/varuns/MC2018_Autumn18_May2019/DYJetsToLL_M-50_HT-100to200_TuneCP5_PSweights_13TeV-madgraphMLM-pythia8/crab_job_DYJetsToLL_HT100-200/190516_074443/0001/MC_DYJetsToLL_HT100-200_1082.root

file path found: /hdfs/store/user/varuns/MC2018_Autumn18_May2019/DYJetsToLL_M-50_HT-100to200_TuneCP5_PSweights_13TeV-madgraphMLM-pythia8/crab_job_DYJetsToLL_HT100-200/190516_074443/0001/MC_DYJetsToLL_HT100-200_1083.root
name: MC_DYJetsToLL_HT100-200_1083.root
filenumber: 83
file path found: /hdfs/store/user/varuns/MC2018_Autumn18_May2019/DYJetsToLL_M-50_HT-100to200_TuneCP5_PSweights_13TeV-madgraphMLM-pythia8/crab_job_DYJetsToLL_HT100-200/190516_074443/0001/MC_DYJetsToLL_HT100-200_1084.root
name: MC_DYJetsToLL_HT100-200_1084.root
filenumber: 84
file path found: /hdfs/store/user/varuns/MC2018_Autumn18_May2019/DYJetsToLL_M-50_HT-100to200_TuneCP5_PSweights_13TeV-madgraphMLM-pythia8/crab_job_DYJetsToLL_HT100-200/190516_074443/0001/MC_DYJetsToLL_HT100-200_1085.root
name: MC_DYJetsToLL_HT100-200_1085.root
filenumber: 85
file path found: /hdfs/store/user/varuns/MC2018_Autumn18_May2019/DYJetsToLL_M-50_HT-100to200_TuneCP5_PSweights_13TeV-madgraphMLM-pythia8/crab_job_DYJetsToLL_HT100-200/190516_074443/0001/MC_DYJetsToLL_HT100-200_1086.root
name: MC_DYJetsToLL_HT100-200_1086.root
filenumber: 86
file path found: /hdfs/store/user/varuns/MC2018_Autumn18_May2019/DYJetsToLL_M-50_HT-100to200_TuneCP5_PSweights_13TeV-madgraphMLM-pythia8/crab_job_DYJetsToLL_HT100-200/190516_074443/0001/MC_DYJetsToLL_HT100-200_1087.root
name: MC_DYJetsToLL_HT100-200_1087.root
filenumber: 87
file path found: /hdfs/store/user/varuns/MC2018_Autumn18_May2019/DYJetsToLL_M-50_HT-100to200_TuneCP5_PSweights_13TeV-madgraphMLM-pythia8/crab_job_DYJetsToLL_HT100-200/190516_074443/0001/MC_DYJetsToLL_HT100-200_1088.root
name: MC_DYJetsToLL_HT100-200_1088.root
filenumber: 88
file path found: /hdfs/store/user/varuns/MC2018_Autumn18_May2019/DYJetsToLL_M-50_HT-100to200_TuneCP5_PSweights_13TeV-madgraphMLM-pythia8/crab_job_DYJetsToLL_HT100-200/190516_074443/0001/MC_DYJetsToLL_HT100-200_1089.root
name: MC_DYJetsToLL_HT100-200_1089.root
filenumber: 89
file path found: /hdfs/store/user/varuns/MC2018_Autumn18_May2019/DYJetsToLL_M-50_HT-100to200_TuneCP5_PSweights_13TeV-madgraphMLM-pythia8/crab_job_DYJetsToLL_HT100-200/190516_074443/0001/MC_DYJetsToLL_HT100-200_1090.root
name: MC_DYJetsToLL_HT100-200_1090.root
filenumber: 90
file path found: /hdfs/store/user/varuns/MC2018_Autumn18_May2019/DYJetsToLL_M-50_HT-100to200_TuneCP5_PSweights_13TeV-madgraphMLM-pythia8/crab_job_DYJetsToLL_HT100-200/190516_074443/0001/MC_DYJetsToLL_HT100-200_1091.root
name: MC_DYJetsToLL_HT100-200_1091.root
filenumber: 91
file path found: /hdfs/store/user/varuns/MC2018_Autumn18_May2019/DYJetsToLL_M-50_HT-100to200_TuneCP5_PSweights_13TeV-madgraphMLM-pythia8/crab_job_DYJetsToLL_HT100-200/190516_074443/0001/MC_DYJetsToLL_HT100-200_1092.root
name: MC_DYJetsToLL_HT100-200_1092.root
filenumber: 92
file path found: /hdfs/store/user/varuns/MC2018_Autumn18_May2019/DYJetsToLL_M-50_HT-100to200_TuneCP5_PSweights_13TeV-madgraphMLM-pythia8/crab_job_DYJetsToLL_HT100-200/190516_074443/0001/MC_DYJetsToLL_HT100-200_1093.root
name: MC_DYJetsToLL_HT100-200_1093.root
filenumber: 93
file path found: /hdfs/store/user/varuns/MC2018_Autumn18_May2019/DYJetsToLL_M-50_HT-100to200_TuneCP5_PSweights_13TeV-madgraphMLM-pythia8/crab_job_DYJetsToLL_HT100-200/190516_074443/0001/MC_DYJetsToLL_HT100-200_1094.root
name: MC_DYJetsToLL_HT100-200_1094.root
filenumber: 94
file path found: /hdfs/store/user/varuns/MC2018_Autumn18_May2019/DYJetsToLL_M-50_HT-100to200_TuneCP5_PSweights_13TeV-madgraphMLM-pythia8/crab_job_DYJetsToLL_HT100-200/190516_074443/0001/MC_DYJetsToLL_HT100-200_1095.root
name: MC_DYJetsToLL_HT100-200_1095.root
filenumber: 95
file path found: /hdfs/store/user/varuns/MC2018_Autumn18_May2019/DYJetsToLL_M-50_HT-100to200_TuneCP5_PSweights_13TeV-madgraphMLM-pythia8/crab_job_DYJetsToLL_HT100-200/190516_074443/0001/MC_DYJetsToLL_HT100-200_1096.root
name: MC_DYJetsToLL_HT100-200_1096.root
filenumber: 96
file path found: /hdfs/store/user/varuns/MC2018_Autumn18_May2019/DYJetsToLL_M-50_HT-100to200_TuneCP5_PSweights_13TeV-madgraphMLM-pythia8/crab_job_DYJetsToLL_HT100-200/190516_074443/0001/MC_DYJetsToLL_HT100-200_1097.root
name: MC_DYJetsToLL_HT100-200_1097.root
filenumber: 97
file path found: /hdfs/store/user/varuns/MC2018_Autumn18_May2019/DYJetsToLL_M-50_HT-100to200_TuneCP5_PSweights_13TeV-madgraphMLM-pythia8/crab_job_DYJetsToLL_HT100-200/190516_074443/0001/MC_DYJetsToLL_HT100-200_1098.root
name: MC_DYJetsToLL_HT100-200_1098.root
filenumber: 98
file path found: /hdfs/store/user/varuns/MC2018_Autumn18_May2019/DYJetsToLL_M-50_HT-100to200_TuneCP5_PSweights_13TeV-madgraphMLM-pythia8/crab_job_DYJetsToLL_HT100-200/190516_074443/0001/MC_DYJetsToLL_HT100-200_1099.root
name: MC_DYJetsToLL_HT100-200_1099.root
filenumber: 99
file path found: /hdfs/store/user/varuns/MC2018_Autumn18_May2019/DYJetsToLL_M-50_HT-100to200_TuneCP5_PSweights_13TeV-madgraphMLM-pythia8/crab_job_DYJetsToLL_HT100-200/190516_074443/0001/MC_DYJetsToLL_HT100-200_1100.root
name: MC_DYJetsToLL_HT100-200_1100.root
filenumber: 100
file path found: /hdfs/store/user/varuns/MC2018_Autumn18_May2019/DYJetsToLL_M-50_HT-100to200_TuneCP5_PSweights_13TeV-madgraphMLM-pythia8/crab_job_DYJetsToLL_HT100-200/190516_074443/0001/MC_DYJetsToLL_HT100-200_1101.root
name: MC_DYJetsToLL_HT100-200_1101.root
filenumber: 101
file path found: /hdfs/store/user/varuns/MC2018_Autumn18_May2019/DYJetsToLL_M-50_HT-100to200_TuneCP5_PSweights_13TeV-madgraphMLM-pythia8/crab_job_DYJetsToLL_HT100-200/190516_074443/0001/MC_DYJetsToLL_HT100-200_1102.root
name: MC_DYJetsToLL_HT100-200_1102.root
filenumber: 102
file path found: /hdfs/store/user/varuns/MC2018_Autumn18_May2019/DYJetsToLL_M-50_HT-100to200_TuneCP5_PSweights_13TeV-madgraphMLM-pythia8/crab_job_DYJetsToLL_HT100-200/190516_074443/0001/MC_DYJetsToLL_HT100-200_1103.root
name: MC_DYJetsToLL_HT100-200_1103.root
filenumber: 103
file path found: /hdfs/store/user/varuns/MC2018_Autumn18_May2019/DYJetsToLL_M-50_HT-100to200_TuneCP5_PSweights_13TeV-madgraphMLM-pythia8/crab_job_DYJetsToLL_HT100-200/190516_074443/0001/MC_DYJetsToLL_HT100-200_1104.root
name: MC_DYJetsToLL_HT100-200_1104.root
filenumber: 104
file path found: /hdfs/store/user/varuns/MC2018_Autumn18_May2019/DYJetsToLL_M-50_HT-100to200_TuneCP5_PSweights_13TeV-madgraphMLM-pythia8/crab_job_DYJetsToLL_HT100-200/190516_074443/0001/MC_DYJetsToLL_HT100-200_1105.root
name: MC_DYJetsToLL_HT100-200_1105.root
filenumber: 105
file path found: /hdfs/store/user/varuns/MC2018_Autumn18_May2019/DYJetsToLL_M-50_HT-100to200_TuneCP5_PSweights_13TeV-madgraphMLM-pythia8/crab_job_DYJetsToLL_HT100-200/190516_074443/0001/MC_DYJetsToLL_HT100-200_1106.root
name: MC_DYJetsToLL_HT100-200_1106.root
filenumber: 106
file path found: /hdfs/store/user/varuns/MC2018_Autumn18_May2019/DYJetsToLL_M-50_HT-100to200_TuneCP5_PSweights_13TeV-madgraphMLM-pythia8/crab_job_DYJetsToLL_HT100-200/190516_074443/0001/MC_DYJetsToLL_HT100-200_1107.root
name: MC_DYJetsToLL_HT100-200_1107.root
filenumber: 107
file path found: /hdfs/store/user/varuns/MC2018_Autumn18_May2019/DYJetsToLL_M-50_HT-100to200_TuneCP5_PSweights_13TeV-madgraphMLM-pythia8/crab_job_DYJetsToLL_HT100-200/190516_074443/0001/MC_DYJetsToLL_HT100-200_1108.root
name: MC_DYJetsToLL_HT100-200_1108.root
filenumber: 108
file path found: /hdfs/store/user/varuns/MC2018_Autumn18_May2019/DYJetsToLL_M-50_HT-100to200_TuneCP5_PSweights_13TeV-madgraphMLM-pythia8/crab_job_DYJetsToLL_HT100-200/190516_074443/0001/MC_DYJetsToLL_HT100-200_1109.root
name: MC_DYJetsToLL_HT100-200_1109.root
filenumber: 109
file path found: /hdfs/store/user/varuns/MC2018_Autumn18_May2019/DYJetsToLL_M-50_HT-100to200_TuneCP5_PSweights_13TeV-madgraphMLM-pythia8/crab_job_DYJetsToLL_HT100-200/190516_074443/0001/MC_DYJetsToLL_HT100-200_1110.root
name: MC_DYJetsToLL_HT100-200_1110.root
filenumber: 110
file path found: /hdfs/store/user/varuns/MC2018_Autumn18_May2019/DYJetsToLL_M-50_HT-100to200_TuneCP5_PSweights_13TeV-madgraphMLM-pythia8/crab_job_DYJetsToLL_HT100-200/190516_074443/0001/MC_DYJetsToLL_HT100-200_1111.root
name: MC_DYJetsToLL_HT100-200_1111.root
filenumber: 111
file path found: /hdfs/store/user/varuns/MC2018_Autumn18_May2019/DYJetsToLL_M-50_HT-100to200_TuneCP5_PSweights_13TeV-madgraphMLM-pythia8/crab_job_DYJetsToLL_HT100-200/190516_074443/0001/MC_DYJetsToLL_HT100-200_1112.root
name: MC_DYJetsToLL_HT100-200_1112.root
filenumber: 112
file path found: /hdfs/store/user/varuns/MC2018_Autumn18_May2019/DYJetsToLL_M-50_HT-100to200_TuneCP5_PSweights_13TeV-madgraphMLM-pythia8/crab_job_DYJetsToLL_HT100-200/190516_074443/0001/MC_DYJetsToLL_HT100-200_1113.root
name: MC_DYJetsToLL_HT100-200_1113.root
filenumber: 113
file path found: /hdfs/store/user/varuns/MC2018_Autumn18_May2019/DYJetsToLL_M-50_HT-100to200_TuneCP5_PSweights_13TeV-madgraphMLM-pythia8/crab_job_DYJetsToLL_HT100-200/190516_074443/0001/MC_DYJetsToLL_HT100-200_1114.root
name: MC_DYJetsToLL_HT100-200_1114.root
filenumber: 114
file path found: /hdfs/store/user/varuns/MC2018_Autumn18_May2019/DYJetsToLL_M-50_HT-100to200_TuneCP5_PSweights_13TeV-madgraphMLM-pythia8/crab_job_DYJetsToLL_HT100-200/190516_074443/0001/MC_DYJetsToLL_HT100-200_1115.root
name: MC_DYJetsToLL_HT100-200_1115.root
filenumber: 115
file path found: /hdfs/store/user/varuns/MC2018_Autumn18_May2019/DYJetsToLL_M-50_HT-100to200_TuneCP5_PSweights_13TeV-madgraphMLM-pythia8/crab_job_DYJetsToLL_HT100-200/190516_074443/0001/MC_DYJetsToLL_HT100-200_1116.root
name: MC_DYJetsToLL_HT100-200_1116.root
filenumber: 116
file path found: /hdfs/store/user/varuns/MC2018_Autumn18_May2019/DYJetsToLL_M-50_HT-100to200_TuneCP5_PSweights_13TeV-madgraphMLM-pythia8/crab_job_DYJetsToLL_HT100-200/190516_074443/0001/MC_DYJetsToLL_HT100-200_1117.root
name: MC_DYJetsToLL_HT100-200_1117.root
filenumber: 117
file path found: /hdfs/store/user/varuns/MC2018_Autumn18_May2019/DYJetsToLL_M-50_HT-100to200_TuneCP5_PSweights_13TeV-madgraphMLM-pythia8/crab_job_DYJetsToLL_HT100-200/190516_074443/0001/MC_DYJetsToLL_HT100-200_1118.root
name: MC_DYJetsToLL_HT100-200_1118.root
filenumber: 118
file path found: /hdfs/store/user/varuns/MC2018_Autumn18_May2019/DYJetsToLL_M-50_HT-100to200_TuneCP5_PSweights_13TeV-madgraphMLM-pythia8/crab_job_DYJetsToLL_HT100-200/190516_074443/0001/MC_DYJetsToLL_HT100-200_1119.root
name: MC_DYJetsToLL_HT100-200_1119.root
filenumber: 119
file path found: /hdfs/store/user/varuns/MC2018_Autumn18_May2019/DYJetsToLL_M-50_HT-100to200_TuneCP5_PSweights_13TeV-madgraphMLM-pythia8/crab_job_DYJetsToLL_HT100-200/190516_074443/0001/MC_DYJetsToLL_HT100-200_1120.root
name: MC_DYJetsToLL_HT100-200_1120.root
filenumber: 120
file path found: /hdfs/store/user/varuns/MC2018_Autumn18_May2019/DYJetsToLL_M-50_HT-100to200_TuneCP5_PSweights_13TeV-madgraphMLM-pythia8/crab_job_DYJetsToLL_HT100-200/190516_074443/0001/MC_DYJetsToLL_HT100-200_1121.root
name: MC_DYJetsToLL_HT100-200_1121.root
filenumber: 121
file path found: /hdfs/store/user/varuns/MC2018_Autumn18_May2019/DYJetsToLL_M-50_HT-100to200_TuneCP5_PSweights_13TeV-madgraphMLM-pythia8/crab_job_DYJetsToLL_HT100-200/190516_074443/0001/MC_DYJetsToLL_HT100-200_1122.root
name: MC_DYJetsToLL_HT100-200_1122.root
filenumber: 122
file path found: /hdfs/store/user/varuns/MC2018_Autumn18_May2019/DYJetsToLL_M-50_HT-100to200_TuneCP5_PSweights_13TeV-madgraphMLM-pythia8/crab_job_DYJetsToLL_HT100-200/190516_074443/0001/MC_DYJetsToLL_HT100-200_1123.root
name: MC_DYJetsToLL_HT100-200_1123.root
filenumber: 123
file path found: /hdfs/store/user/varuns/MC2018_Autumn18_May2019/DYJetsToLL_M-50_HT-100to200_TuneCP5_PSweights_13TeV-madgraphMLM-pythia8/crab_job_DYJetsToLL_HT100-200/190516_074443/0001/MC_DYJetsToLL_HT100-200_1124.root
name: MC_DYJetsToLL_HT100-200_1124.root
filenumber: 124
file path found: /hdfs/store/user/varuns/MC2018_Autumn18_May2019/DYJetsToLL_M-50_HT-100to200_TuneCP5_PSweights_13TeV-madgraphMLM-pythia8/crab_job_DYJetsToLL_HT100-200/190516_074443/0001/MC_DYJetsToLL_HT100-200_1125.root
name: MC_DYJetsToLL_HT100-200_1125.root
filenumber: 125
file path found: /hdfs/store/user/varuns/MC2018_Autumn18_May2019/DYJetsToLL_M-50_HT-100to200_TuneCP5_PSweights_13TeV-madgraphMLM-pythia8/crab_job_DYJetsToLL_HT100-200/190516_074443/0001/MC_DYJetsToLL_HT100-200_1126.root
name: MC_DYJetsToLL_HT100-200_1126.root
filenumber: 126
file path found: /hdfs/store/user/varuns/MC2018_Autumn18_May2019/DYJetsToLL_M-50_HT-100to200_TuneCP5_PSweights_13TeV-madgraphMLM-pythia8/crab_job_DYJetsToLL_HT100-200/190516_074443/0001/MC_DYJetsToLL_HT100-200_1127.root
name: MC_DYJetsToLL_HT100-200_1127.root
filenumber: 127
file path found: /hdfs/store/user/varuns/MC2018_Autumn18_May2019/DYJetsToLL_M-50_HT-100to200_TuneCP5_PSweights_13TeV-madgraphMLM-pythia8/crab_job_DYJetsToLL_HT100-200/190516_074443/0001/MC_DYJetsToLL_HT100-200_1128.root
name: MC_DYJetsToLL_HT100-200_1128.root
filenumber: 128
file path found: /hdfs/store/user/varuns/MC2018_Autumn18_May2019/DYJetsToLL_M-50_HT-100to200_TuneCP5_PSweights_13TeV-madgraphMLM-pythia8/crab_job_DYJetsToLL_HT100-200/190516_074443/0001/MC_DYJetsToLL_HT100-200_1129.root
name: MC_DYJetsToLL_HT100-200_1129.root
filenumber: 129
file path found: /hdfs/store/user/varuns/MC2018_Autumn18_May2019/DYJetsToLL_M-50_HT-100to200_TuneCP5_PSweights_13TeV-madgraphMLM-pythia8/crab_job_DYJetsToLL_HT100-200/190516_074443/0001/MC_DYJetsToLL_HT100-200_1130.root
name: MC_DYJetsToLL_HT100-200_1130.root
filenumber: 130
file path found: /hdfs/store/user/varuns/MC2018_Autumn18_May2019/DYJetsToLL_M-50_HT-100to200_TuneCP5_PSweights_13TeV-madgraphMLM-pythia8/crab_job_DYJetsToLL_HT100-200/190516_074443/0001/MC_DYJetsToLL_HT100-200_1131.root
name: MC_DYJetsToLL_HT100-200_1131.root
filenumber: 131
file path found: /hdfs/store/user/varuns/MC2018_Autumn18_May2019/DYJetsToLL_M-50_HT-100to200_TuneCP5_PSweights_13TeV-madgraphMLM-pythia8/crab_job_DYJetsToLL_HT100-200/190516_074443/0001/MC_DYJetsToLL_HT100-200_1132.root
name: MC_DYJetsToLL_HT100-200_1132.root
filenumber: 132
file path found: /hdfs/store/user/varuns/MC2018_Autumn18_May2019/DYJetsToLL_M-50_HT-100to200_TuneCP5_PSweights_13TeV-madgraphMLM-pythia8/crab_job_DYJetsToLL_HT100-200/190516_074443/0001/MC_DYJetsToLL_HT100-200_1133.root
name: MC_DYJetsToLL_HT100-200_1133.root
filenumber: 133
file path found: /hdfs/store/user/varuns/MC2018_Autumn18_May2019/DYJetsToLL_M-50_HT-100to200_TuneCP5_PSweights_13TeV-madgraphMLM-pythia8/crab_job_DYJetsToLL_HT100-200/190516_074443/0001/MC_DYJetsToLL_HT100-200_1134.root
name: MC_DYJetsToLL_HT100-200_1134.root
filenumber: 134
file path found: /hdfs/store/user/varuns/MC2018_Autumn18_May2019/DYJetsToLL_M-50_HT-100to200_TuneCP5_PSweights_13TeV-madgraphMLM-pythia8/crab_job_DYJetsToLL_HT100-200/190516_074443/0001/MC_DYJetsToLL_HT100-200_1135.root
name: MC_DYJetsToLL_HT100-200_1135.root
filenumber: 135
file path found: /hdfs/store/user/varuns/MC2018_Autumn18_May2019/DYJetsToLL_M-50_HT-100to200_TuneCP5_PSweights_13TeV-madgraphMLM-pythia8/crab_job_DYJetsToLL_HT100-200/190516_074443/0001/MC_DYJetsToLL_HT100-200_1136.root
name: MC_DYJetsToLL_HT100-200_1136.root
filenumber: 136
file path found: /hdfs/store/user/varuns/MC2018_Autumn18_May2019/DYJetsToLL_M-50_HT-100to200_TuneCP5_PSweights_13TeV-madgraphMLM-pythia8/crab_job_DYJetsToLL_HT100-200/190516_074443/0001/MC_DYJetsToLL_HT100-200_1137.root
name: MC_DYJetsToLL_HT100-200_1137.root
filenumber: 137
file path found: /hdfs/store/user/varuns/MC2018_Autumn18_May2019/DYJetsToLL_M-50_HT-100to200_TuneCP5_PSweights_13TeV-madgraphMLM-pythia8/crab_job_DYJetsToLL_HT100-200/190516_074443/0001/MC_DYJetsToLL_HT100-200_1138.root
name: MC_DYJetsToLL_HT100-200_1138.root
filenumber: 138
file path found: /hdfs/store/user/varuns/MC2018_Autumn18_May2019/DYJetsToLL_M-50_HT-100to200_TuneCP5_PSweights_13TeV-madgraphMLM-pythia8/crab_job_DYJetsToLL_HT100-200/190516_074443/0001/MC_DYJetsToLL_HT100-200_1139.root
name: MC_DYJetsToLL_HT100-200_1139.root
filenumber: 139
file path found: /hdfs/store/user/varuns/MC2018_Autumn18_May2019/DYJetsToLL_M-50_HT-100to200_TuneCP5_PSweights_13TeV-madgraphMLM-pythia8/crab_job_DYJetsToLL_HT100-200/190516_074443/0001/MC_DYJetsToLL_HT100-200_1140.root
name: MC_DYJetsToLL_HT100-200_1140.root
filenumber: 140
file path found: /hdfs/store/user/varuns/MC2018_Autumn18_May2019/DYJetsToLL_M-50_HT-100to200_TuneCP5_PSweights_13TeV-madgraphMLM-pythia8/crab_job_DYJetsToLL_HT100-200/190516_074443/0001/MC_DYJetsToLL_HT100-200_1141.root
name: MC_DYJetsToLL_HT100-200_1141.root
filenumber: 141
file path found: /hdfs/store/user/varuns/MC2018_Autumn18_May2019/DYJetsToLL_M-50_HT-100to200_TuneCP5_PSweights_13TeV-madgraphMLM-pythia8/crab_job_DYJetsToLL_HT100-200/190516_074443/0001/MC_DYJetsToLL_HT100-200_1142.root
name: MC_DYJetsToLL_HT100-200_1142.root
filenumber: 142
file path found: /hdfs/store/user/varuns/MC2018_Autumn18_May2019/DYJetsToLL_M-50_HT-100to200_TuneCP5_PSweights_13TeV-madgraphMLM-pythia8/crab_job_DYJetsToLL_HT100-200/190516_074443/0001/MC_DYJetsToLL_HT100-200_1143.root
name: MC_DYJetsToLL_HT100-200_1143.root
filenumber: 143
file path found: /hdfs/store/user/varuns/MC2018_Autumn18_May2019/DYJetsToLL_M-50_HT-100to200_TuneCP5_PSweights_13TeV-madgraphMLM-pythia8/crab_job_DYJetsToLL_HT100-200/190516_074443/0001/MC_DYJetsToLL_HT100-200_1144.root
name: MC_DYJetsToLL_HT100-200_1144.root
filenumber: 144
file path found: /hdfs/store/user/varuns/MC2018_Autumn18_May2019/DYJetsToLL_M-50_HT-100to200_TuneCP5_PSweights_13TeV-madgraphMLM-pythia8/crab_job_DYJetsToLL_HT100-200/190516_074443/0001/MC_DYJetsToLL_HT100-200_1145.root
name: MC_DYJetsToLL_HT100-200_1145.root
filenumber: 145
file path found: /hdfs/store/user/varuns/MC2018_Autumn18_May2019/DYJetsToLL_M-50_HT-100to200_TuneCP5_PSweights_13TeV-madgraphMLM-pythia8/crab_job_DYJetsToLL_HT100-200/190516_074443/0001/MC_DYJetsToLL_HT100-200_1146.root
name: MC_DYJetsToLL_HT100-200_1146.root
filenumber: 146
file path found: /hdfs/store/user/varuns/MC2018_Autumn18_May2019/DYJetsToLL_M-50_HT-100to200_TuneCP5_PSweights_13TeV-madgraphMLM-pythia8/crab_job_DYJetsToLL_HT100-200/190516_074443/0001/MC_DYJetsToLL_HT100-200_1147.root
name: MC_DYJetsToLL_HT100-200_1147.root
filenumber: 147
file path found: /hdfs/store/user/varuns/MC2018_Autumn18_May2019/DYJetsToLL_M-50_HT-100to200_TuneCP5_PSweights_13TeV-madgraphMLM-pythia8/crab_job_DYJetsToLL_HT100-200/190516_074443/0001/MC_DYJetsToLL_HT100-200_1148.root
name: MC_DYJetsToLL_HT100-200_1148.root
filenumber: 148
file path found: /hdfs/store/user/varuns/MC2018_Autumn18_May2019/DYJetsToLL_M-50_HT-100to200_TuneCP5_PSweights_13TeV-madgraphMLM-pythia8/crab_job_DYJetsToLL_HT100-200/190516_074443/0001/MC_DYJetsToLL_HT100-200_1149.root
name: MC_DYJetsToLL_HT100-200_1149.root
filenumber: 149
file path found: /hdfs/store/user/varuns/MC2018_Autumn18_May2019/DYJetsToLL_M-50_HT-100to200_TuneCP5_PSweights_13TeV-madgraphMLM-pythia8/crab_job_DYJetsToLL_HT100-200/190516_074443/0001/MC_DYJetsToLL_HT100-200_1150.root
name: MC_DYJetsToLL_HT100-200_1150.root
filenumber: 150
file path found: /hdfs/store/user/varuns/MC2018_Autumn18_May2019/DYJetsToLL_M-50_HT-100to200_TuneCP5_PSweights_13TeV-madgraphMLM-pythia8/crab_job_DYJetsToLL_HT100-200/190516_074443/0001/MC_DYJetsToLL_HT100-200_1151.root
name: MC_DYJetsToLL_HT100-200_1151.root
filenumber: 151
file path found: /hdfs/store/user/varuns/MC2018_Autumn18_May2019/DYJetsToLL_M-50_HT-100to200_TuneCP5_PSweights_13TeV-madgraphMLM-pythia8/crab_job_DYJetsToLL_HT100-200/190516_074443/0001/MC_DYJetsToLL_HT100-200_1152.root
name: MC_DYJetsToLL_HT100-200_1152.root
filenumber: 152
file path found: /hdfs/store/user/varuns/MC2018_Autumn18_May2019/DYJetsToLL_M-50_HT-100to200_TuneCP5_PSweights_13TeV-madgraphMLM-pythia8/crab_job_DYJetsToLL_HT100-200/190516_074443/0001/MC_DYJetsToLL_HT100-200_1153.root
name: MC_DYJetsToLL_HT100-200_1153.root
filenumber: 153
file path found: /hdfs/store/user/varuns/MC2018_Autumn18_May2019/DYJetsToLL_M-50_HT-100to200_TuneCP5_PSweights_13TeV-madgraphMLM-pythia8/crab_job_DYJetsToLL_HT100-200/190516_074443/0001/MC_DYJetsToLL_HT100-200_1154.root
name: MC_DYJetsToLL_HT100-200_1154.root
filenumber: 154
file path found: /hdfs/store/user/varuns/MC2018_Autumn18_May2019/DYJetsToLL_M-50_HT-100to200_TuneCP5_PSweights_13TeV-madgraphMLM-pythia8/crab_job_DYJetsToLL_HT100-200/190516_074443/0001/MC_DYJetsToLL_HT100-200_1155.root
name: MC_DYJetsToLL_HT100-200_1155.root
filenumber: 155
file path found: /hdfs/store/user/varuns/MC2018_Autumn18_May2019/DYJetsToLL_M-50_HT-100to200_TuneCP5_PSweights_13TeV-madgraphMLM-pythia8/crab_job_DYJetsToLL_HT100-200/190516_074443/0001/MC_DYJetsToLL_HT100-200_1156.root
name: MC_DYJetsToLL_HT100-200_1156.root
filenumber: 156
file path found: /hdfs/store/user/varuns/MC2018_Autumn18_May2019/DYJetsToLL_M-50_HT-100to200_TuneCP5_PSweights_13TeV-madgraphMLM-pythia8/crab_job_DYJetsToLL_HT100-200/190516_074443/0001/MC_DYJetsToLL_HT100-200_1157.root
name: MC_DYJetsToLL_HT100-200_1157.root
filenumber: 157
file path found: /hdfs/store/user/varuns/MC2018_Autumn18_May2019/DYJetsToLL_M-50_HT-100to200_TuneCP5_PSweights_13TeV-madgraphMLM-pythia8/crab_job_DYJetsToLL_HT100-200/190516_074443/0001/MC_DYJetsToLL_HT100-200_1158.root
name: MC_DYJetsToLL_HT100-200_1158.root
filenumber: 158
file path found: /hdfs/store/user/varuns/MC2018_Autumn18_May2019/DYJetsToLL_M-50_HT-100to200_TuneCP5_PSweights_13TeV-madgraphMLM-pythia8/crab_job_DYJetsToLL_HT100-200/190516_074443/0001/MC_DYJetsToLL_HT100-200_1159.root
name: MC_DYJetsToLL_HT100-200_1159.root
filenumber: 159
file path found: /hdfs/store/user/varuns/MC2018_Autumn18_May2019/DYJetsToLL_M-50_HT-100to200_TuneCP5_PSweights_13TeV-madgraphMLM-pythia8/crab_job_DYJetsToLL_HT100-200/190516_074443/0001/MC_DYJetsToLL_HT100-200_1160.root
name: MC_DYJetsToLL_HT100-200_1160.root
filenumber: 160
file path found: /hdfs/store/user/varuns/MC2018_Autumn18_May2019/DYJetsToLL_M-50_HT-100to200_TuneCP5_PSweights_13TeV-madgraphMLM-pythia8/crab_job_DYJetsToLL_HT100-200/190516_074443/0001/MC_DYJetsToLL_HT100-200_1161.root
name: MC_DYJetsToLL_HT100-200_1161.root
filenumber: 161
file path found: /hdfs/store/user/varuns/MC2018_Autumn18_May2019/DYJetsToLL_M-50_HT-100to200_TuneCP5_PSweights_13TeV-madgraphMLM-pythia8/crab_job_DYJetsToLL_HT100-200/190516_074443/0001/MC_DYJetsToLL_HT100-200_1162.root
name: MC_DYJetsToLL_HT100-200_1162.root
filenumber: 162
file path found: /hdfs/store/user/varuns/MC2018_Autumn18_May2019/DYJetsToLL_M-50_HT-100to200_TuneCP5_PSweights_13TeV-madgraphMLM-pythia8/crab_job_DYJetsToLL_HT100-200/190516_074443/0001/MC_DYJetsToLL_HT100-200_1163.root
name: MC_DYJetsToLL_HT100-200_1163.root
filenumber: 163
file path found: /hdfs/store/user/varuns/MC2018_Autumn18_May2019/DYJetsToLL_M-50_HT-100to200_TuneCP5_PSweights_13TeV-madgraphMLM-pythia8/crab_job_DYJetsToLL_HT100-200/190516_074443/0001/MC_DYJetsToLL_HT100-200_1164.root
name: MC_DYJetsToLL_HT100-200_1164.root
filenumber: 164
file path found: /hdfs/store/user/varuns/MC2018_Autumn18_May2019/DYJetsToLL_M-50_HT-100to200_TuneCP5_PSweights_13TeV-madgraphMLM-pythia8/crab_job_DYJetsToLL_HT100-200/190516_074443/0001/MC_DYJetsToLL_HT100-200_1165.root
name: MC_DYJetsToLL_HT100-200_1165.root
filenumber: 165
file path found: /hdfs/store/user/varuns/MC2018_Autumn18_May2019/DYJetsToLL_M-50_HT-100to200_TuneCP5_PSweights_13TeV-madgraphMLM-pythia8/crab_job_DYJetsToLL_HT100-200/190516_074443/0001/.
name: .
filenumber: 166
file path found: /hdfs/store/user/varuns/MC2018_Autumn18_May2019/DYJetsToLL_M-50_HT-100to200_TuneCP5_PSweights_13TeV-madgraphMLM-pythia8/crab_job_DYJetsToLL_HT100-200/190516_074443/0001/..
name: ..
filenumber: 167
83 files added.
Initializing chain.
Coming in: 
nentries:823345
Running over 823345 events.
Finished entry 0/823344
Finished entry 10000/823344
Finished entry 20000/823344
Finished entry 30000/823344
Finished entry 40000/823344
Finished entry 50000/823344
Finished entry 60000/823344
Finished entry 70000/823344
Finished entry 80000/823344
Finished entry 90000/823344
Finished entry 100000/823344
Finished entry 110000/823344
Finished entry 120000/823344
Finished entry 130000/823344
Finished entry 140000/823344
Finished entry 150000/823344
Finished entry 160000/823344
Finished entry 170000/823344
Finished entry 180000/823344
Finished entry 190000/823344
Finished entry 200000/823344
Finished entry 210000/823344
Finished entry 220000/823344
Finished entry 230000/823344
Finished entry 240000/823344
Finished entry 250000/823344
Finished entry 260000/823344
Finished entry 270000/823344
Finished entry 280000/823344
Finished entry 290000/823344
Finished entry 300000/823344
Finished entry 310000/823344
Finished entry 320000/823344
Finished entry 330000/823344
Finished entry 340000/823344
Finished entry 350000/823344
Finished entry 360000/823344
Finished entry 370000/823344
Finished entry 380000/823344
Finished entry 390000/823344
Finished entry 400000/823344
Finished entry 410000/823344
Finished entry 420000/823344
Finished entry 430000/823344
Finished entry 440000/823344
Finished entry 450000/823344
Finished entry 460000/823344
Finished entry 470000/823344
Finished entry 480000/823344
Finished entry 490000/823344
Finished entry 500000/823344
Finished entry 510000/823344
Finished entry 520000/823344
Finished entry 530000/823344
Finished entry 540000/823344
Finished entry 550000/823344
Finished entry 560000/823344
Finished entry 570000/823344
Finished entry 580000/823344
Finished entry 590000/823344
Finished entry 600000/823344
Finished entry 610000/823344
Finished entry 620000/823344
Finished entry 630000/823344
Finished entry 640000/823344
Finished entry 650000/823344
Finished entry 660000/823344
Finished entry 670000/823344
Finished entry 680000/823344
Finished entry 690000/823344
Finished entry 700000/823344
Finished entry 710000/823344
Finished entry 720000/823344
Finished entry 730000/823344
Finished entry 740000/823344
Finished entry 750000/823344
Finished entry 760000/823344
Finished entry 770000/823344
Finished entry 780000/823344
Finished entry 790000/823344
Finished entry 800000/823344
Finished entry 810000/823344
Finished entry 820000/823344
