file path found: /hdfs/store/user/varuns/MC2018_Autumn18_May2019/DYJetsToLL_M-50_HT-100to200_TuneCP5_PSweights_13TeV-madgraphMLM-pythia8/crab_job_DYJetsToLL_HT100-200/190516_074443/0001/MC_DYJetsToLL_HT100-200_1000.root
name: MC_DYJetsToLL_HT100-200_1000.root
filenumber: 0
file path found: /hdfs/store/user/varuns/MC2018_Autumn18_May2019/DYJetsToLL_M-50_HT-100to200_TuneCP5_PSweights_13TeV-madgraphMLM-pythia8/crab_job_DYJetsToLL_HT100-200/190516_074443/0001/MC_DYJetsToLL_HT100-200_1001.root
name: MC_DYJetsToLL_HT100-200_1001.root
filenumber: 1
file path found: /hdfs/store/user/varuns/MC2018_Autumn18_May2019/DYJetsToLL_M-50_HT-100to200_TuneCP5_PSweights_13TeV-madgraphMLM-pythia8/crab_job_DYJetsToLL_HT100-200/190516_074443/0001/MC_DYJetsToLL_HT100-200_1002.root
name: MC_DYJetsToLL_HT100-200_1002.root
filenumber: 2
file path found: /hdfs/store/user/varuns/MC2018_Autumn18_May2019/DYJetsToLL_M-50_HT-100to200_TuneCP5_PSweights_13TeV-madgraphMLM-pythia8/crab_job_DYJetsToLL_HT100-200/190516_074443/0001/MC_DYJetsToLL_HT100-200_1003.root
name: MC_DYJetsToLL_HT100-200_1003.root
filenumber: 3
file path found: /hdfs/store/user/varuns/MC2018_Autumn18_May2019/DYJetsToLL_M-50_HT-100to200_TuneCP5_PSweights_13TeV-madgraphMLM-pythia8/crab_job_DYJetsToLL_HT100-200/190516_074443/0001/MC_DYJetsToLL_HT100-200_1004.root
name: MC_DYJetsToLL_HT100-200_1004.root
filenumber: 4
file path found: /hdfs/store/user/varuns/MC2018_Autumn18_May2019/DYJetsToLL_M-50_HT-100to200_TuneCP5_PSweights_13TeV-madgraphMLM-pythia8/crab_job_DYJetsToLL_HT100-200/190516_074443/0001/MC_DYJetsToLL_HT100-200_1005.root
name: MC_DYJetsToLL_HT100-200_1005.root
filenumber: 5
file path found: /hdfs/store/user/varuns/MC2018_Autumn18_May2019/DYJetsToLL_M-50_HT-100to200_TuneCP5_PSweights_13TeV-madgraphMLM-pythia8/crab_job_DYJetsToLL_HT100-200/190516_074443/0001/MC_DYJetsToLL_HT100-200_1006.root
name: MC_DYJetsToLL_HT100-200_1006.root
filenumber: 6
file path found: /hdfs/store/user/varuns/MC2018_Autumn18_May2019/DYJetsToLL_M-50_HT-100to200_TuneCP5_PSweights_13TeV-madgraphMLM-pythia8/crab_job_DYJetsToLL_HT100-200/190516_074443/0001/MC_DYJetsToLL_HT100-200_1007.root
name: MC_DYJetsToLL_HT100-200_1007.root
filenumber: 7
file path found: /hdfs/store/user/varuns/MC2018_Autumn18_May2019/DYJetsToLL_M-50_HT-100to200_TuneCP5_PSweights_13TeV-madgraphMLM-pythia8/crab_job_DYJetsToLL_HT100-200/190516_074443/0001/MC_DYJetsToLL_HT100-200_1008.root
name: MC_DYJetsToLL_HT100-200_1008.root
filenumber: 8
file path found: /hdfs/store/user/varuns/MC2018_Autumn18_May2019/DYJetsToLL_M-50_HT-100to200_TuneCP5_PSweights_13TeV-madgraphMLM-pythia8/crab_job_DYJetsToLL_HT100-200/190516_074443/0001/MC_DYJetsToLL_HT100-200_1009.root
name: MC_DYJetsToLL_HT100-200_1009.root
filenumber: 9
file path found: /hdfs/store/user/varuns/MC2018_Autumn18_May2019/DYJetsToLL_M-50_HT-100to200_TuneCP5_PSweights_13TeV-madgraphMLM-pythia8/crab_job_DYJetsToLL_HT100-200/190516_074443/0001/MC_DYJetsToLL_HT100-200_1010.root
name: MC_DYJetsToLL_HT100-200_1010.root
filenumber: 10
file path found: /hdfs/store/user/varuns/MC2018_Autumn18_May2019/DYJetsToLL_M-50_HT-100to200_TuneCP5_PSweights_13TeV-madgraphMLM-pythia8/crab_job_DYJetsToLL_HT100-200/190516_074443/0001/MC_DYJetsToLL_HT100-200_1011.root
name: MC_DYJetsToLL_HT100-200_1011.root
filenumber: 11
file path found: /hdfs/store/user/varuns/MC2018_Autumn18_May2019/DYJetsToLL_M-50_HT-100to200_TuneCP5_PSweights_13TeV-madgraphMLM-pythia8/crab_job_DYJetsToLL_HT100-200/190516_074443/0001/MC_DYJetsToLL_HT100-200_1012.root
name: MC_DYJetsToLL_HT100-200_1012.root
filenumber: 12
file path found: /hdfs/store/user/varuns/MC2018_Autumn18_May2019/DYJetsToLL_M-50_HT-100to200_TuneCP5_PSweights_13TeV-madgraphMLM-pythia8/crab_job_DYJetsToLL_HT100-200/190516_074443/0001/MC_DYJetsToLL_HT100-200_1013.root
name: MC_DYJetsToLL_HT100-200_1013.root
filenumber: 13
file path found: /hdfs/store/user/varuns/MC2018_Autumn18_May2019/DYJetsToLL_M-50_HT-100to200_TuneCP5_PSweights_13TeV-madgraphMLM-pythia8/crab_job_DYJetsToLL_HT100-200/190516_074443/0001/MC_DYJetsToLL_HT100-200_1014.root
name: MC_DYJetsToLL_HT100-200_1014.root
filenumber: 14
file path found: /hdfs/store/user/varuns/MC2018_Autumn18_May2019/DYJetsToLL_M-50_HT-100to200_TuneCP5_PSweights_13TeV-madgraphMLM-pythia8/crab_job_DYJetsToLL_HT100-200/190516_074443/0001/MC_DYJetsToLL_HT100-200_1015.root
name: MC_DYJetsToLL_HT100-200_1015.root
filenumber: 15
file path found: /hdfs/store/user/varuns/MC2018_Autumn18_May2019/DYJetsToLL_M-50_HT-100to200_TuneCP5_PSweights_13TeV-madgraphMLM-pythia8/crab_job_DYJetsToLL_HT100-200/190516_074443/0001/MC_DYJetsToLL_HT100-200_1016.root
name: MC_DYJetsToLL_HT100-200_1016.root
filenumber: 16
file path found: /hdfs/store/user/varuns/MC2018_Autumn18_May2019/DYJetsToLL_M-50_HT-100to200_TuneCP5_PSweights_13TeV-madgraphMLM-pythia8/crab_job_DYJetsToLL_HT100-200/190516_074443/0001/MC_DYJetsToLL_HT100-200_1017.root
name: MC_DYJetsToLL_HT100-200_1017.root
filenumber: 17
file path found: /hdfs/store/user/varuns/MC2018_Autumn18_May2019/DYJetsToLL_M-50_HT-100to200_TuneCP5_PSweights_13TeV-madgraphMLM-pythia8/crab_job_DYJetsToLL_HT100-200/190516_074443/0001/MC_DYJetsToLL_HT100-200_1018.root
name: MC_DYJetsToLL_HT100-200_1018.root
filenumber: 18
file path found: /hdfs/store/user/varuns/MC2018_Autumn18_May2019/DYJetsToLL_M-50_HT-100to200_TuneCP5_PSweights_13TeV-madgraphMLM-pythia8/crab_job_DYJetsToLL_HT100-200/190516_074443/0001/MC_DYJetsToLL_HT100-200_1019.root
name: MC_DYJetsToLL_HT100-200_1019.root
filenumber: 19
file path found: /hdfs/store/user/varuns/MC2018_Autumn18_May2019/DYJetsToLL_M-50_HT-100to200_TuneCP5_PSweights_13TeV-madgraphMLM-pythia8/crab_job_DYJetsToLL_HT100-200/190516_074443/0001/MC_DYJetsToLL_HT100-200_1020.root
name: MC_DYJetsToLL_HT100-200_1020.root
filenumber: 20
file path found: /hdfs/store/user/varuns/MC2018_Autumn18_May2019/DYJetsToLL_M-50_HT-100to200_TuneCP5_PSweights_13TeV-madgraphMLM-pythia8/crab_job_DYJetsToLL_HT100-200/190516_074443/0001/MC_DYJetsToLL_HT100-200_1021.root
name: MC_DYJetsToLL_HT100-200_1021.root
filenumber: 21
file path found: /hdfs/store/user/varuns/MC2018_Autumn18_May2019/DYJetsToLL_M-50_HT-100to200_TuneCP5_PSweights_13TeV-madgraphMLM-pythia8/crab_job_DYJetsToLL_HT100-200/190516_074443/0001/MC_DYJetsToLL_HT100-200_1022.root
name: MC_DYJetsToLL_HT100-200_1022.root
filenumber: 22
file path found: /hdfs/store/user/varuns/MC2018_Autumn18_May2019/DYJetsToLL_M-50_HT-100to200_TuneCP5_PSweights_13TeV-madgraphMLM-pythia8/crab_job_DYJetsToLL_HT100-200/190516_074443/0001/MC_DYJetsToLL_HT100-200_1023.root
name: MC_DYJetsToLL_HT100-200_1023.root
filenumber: 23
file path found: /hdfs/store/user/varuns/MC2018_Autumn18_May2019/DYJetsToLL_M-50_HT-100to200_TuneCP5_PSweights_13TeV-madgraphMLM-pythia8/crab_job_DYJetsToLL_HT100-200/190516_074443/0001/MC_DYJetsToLL_HT100-200_1024.root
name: MC_DYJetsToLL_HT100-200_1024.root
filenumber: 24
file path found: /hdfs/store/user/varuns/MC2018_Autumn18_May2019/DYJetsToLL_M-50_HT-100to200_TuneCP5_PSweights_13TeV-madgraphMLM-pythia8/crab_job_DYJetsToLL_HT100-200/190516_074443/0001/MC_DYJetsToLL_HT100-200_1025.root
name: MC_DYJetsToLL_HT100-200_1025.root
filenumber: 25
file path found: /hdfs/store/user/varuns/MC2018_Autumn18_May2019/DYJetsToLL_M-50_HT-100to200_TuneCP5_PSweights_13TeV-madgraphMLM-pythia8/crab_job_DYJetsToLL_HT100-200/190516_074443/0001/MC_DYJetsToLL_HT100-200_1026.root
name: MC_DYJetsToLL_HT100-200_1026.root
filenumber: 26
file path found: /hdfs/store/user/varuns/MC2018_Autumn18_May2019/DYJetsToLL_M-50_HT-100to200_TuneCP5_PSweights_13TeV-madgraphMLM-pythia8/crab_job_DYJetsToLL_HT100-200/190516_074443/0001/MC_DYJetsToLL_HT100-200_1027.root
name: MC_DYJetsToLL_HT100-200_1027.root
filenumber: 27
file path found: /hdfs/store/user/varuns/MC2018_Autumn18_May2019/DYJetsToLL_M-50_HT-100to200_TuneCP5_PSweights_13TeV-madgraphMLM-pythia8/crab_job_DYJetsToLL_HT100-200/190516_074443/0001/MC_DYJetsToLL_HT100-200_1028.root
name: MC_DYJetsToLL_HT100-200_1028.root
filenumber: 28
file path found: /hdfs/store/user/varuns/MC2018_Autumn18_May2019/DYJetsToLL_M-50_HT-100to200_TuneCP5_PSweights_13TeV-madgraphMLM-pythia8/crab_job_DYJetsToLL_HT100-200/190516_074443/0001/MC_DYJetsToLL_HT100-200_1029.root
name: MC_DYJetsToLL_HT100-200_1029.root
filenumber: 29
file path found: /hdfs/store/user/varuns/MC2018_Autumn18_May2019/DYJetsToLL_M-50_HT-100to200_TuneCP5_PSweights_13TeV-madgraphMLM-pythia8/crab_job_DYJetsToLL_HT100-200/190516_074443/0001/MC_DYJetsToLL_HT100-200_1030.root
name: MC_DYJetsToLL_HT100-200_1030.root
filenumber: 30
file path found: /hdfs/store/user/varuns/MC2018_Autumn18_May2019/DYJetsToLL_M-50_HT-100to200_TuneCP5_PSweights_13TeV-madgraphMLM-pythia8/crab_job_DYJetsToLL_HT100-200/190516_074443/0001/MC_DYJetsToLL_HT100-200_1031.root
name: MC_DYJetsToLL_HT100-200_1031.root
filenumber: 31
file path found: /hdfs/store/user/varuns/MC2018_Autumn18_May2019/DYJetsToLL_M-50_HT-100to200_TuneCP5_PSweights_13TeV-madgraphMLM-pythia8/crab_job_DYJetsToLL_HT100-200/190516_074443/0001/MC_DYJetsToLL_HT100-200_1032.root
name: MC_DYJetsToLL_HT100-200_1032.root
filenumber: 32
file path found: /hdfs/store/user/varuns/MC2018_Autumn18_May2019/DYJetsToLL_M-50_HT-100to200_TuneCP5_PSweights_13TeV-madgraphMLM-pythia8/crab_job_DYJetsToLL_HT100-200/190516_074443/0001/MC_DYJetsToLL_HT100-200_1033.root
name: MC_DYJetsToLL_HT100-200_1033.root
filenumber: 33
file path found: /hdfs/store/user/varuns/MC2018_Autumn18_May2019/DYJetsToLL_M-50_HT-100to200_TuneCP5_PSweights_13TeV-madgraphMLM-pythia8/crab_job_DYJetsToLL_HT100-200/190516_074443/0001/MC_DYJetsToLL_HT100-200_1034.root
name: MC_DYJetsToLL_HT100-200_1034.root
filenumber: 34
file path found: /hdfs/store/user/varuns/MC2018_Autumn18_May2019/DYJetsToLL_M-50_HT-100to200_TuneCP5_PSweights_13TeV-madgraphMLM-pythia8/crab_job_DYJetsToLL_HT100-200/190516_074443/0001/MC_DYJetsToLL_HT100-200_1035.root
name: MC_DYJetsToLL_HT100-200_1035.root
filenumber: 35
file path found: /hdfs/store/user/varuns/MC2018_Autumn18_May2019/DYJetsToLL_M-50_HT-100to200_TuneCP5_PSweights_13TeV-madgraphMLM-pythia8/crab_job_DYJetsToLL_HT100-200/190516_074443/0001/MC_DYJetsToLL_HT100-200_1036.root
name: MC_DYJetsToLL_HT100-200_1036.root
filenumber: 36
file path found: /hdfs/store/user/varuns/MC2018_Autumn18_May2019/DYJetsToLL_M-50_HT-100to200_TuneCP5_PSweights_13TeV-madgraphMLM-pythia8/crab_job_DYJetsToLL_HT100-200/190516_074443/0001/MC_DYJetsToLL_HT100-200_1037.root
name: MC_DYJetsToLL_HT100-200_1037.root
filenumber: 37
file path found: /hdfs/store/user/varuns/MC2018_Autumn18_May2019/DYJetsToLL_M-50_HT-100to200_TuneCP5_PSweights_13TeV-madgraphMLM-pythia8/crab_job_DYJetsToLL_HT100-200/190516_074443/0001/MC_DYJetsToLL_HT100-200_1038.root
name: MC_DYJetsToLL_HT100-200_1038.root
filenumber: 38
file path found: /hdfs/store/user/varuns/MC2018_Autumn18_May2019/DYJetsToLL_M-50_HT-100to200_TuneCP5_PSweights_13TeV-madgraphMLM-pythia8/crab_job_DYJetsToLL_HT100-200/190516_074443/0001/MC_DYJetsToLL_HT100-200_1039.root
name: MC_DYJetsToLL_HT100-200_1039.root
filenumber: 39
file path found: /hdfs/store/user/varuns/MC2018_Autumn18_May2019/DYJetsToLL_M-50_HT-100to200_TuneCP5_PSweights_13TeV-madgraphMLM-pythia8/crab_job_DYJetsToLL_HT100-200/190516_074443/0001/MC_DYJetsToLL_HT100-200_1040.root
name: MC_DYJetsToLL_HT100-200_1040.root
filenumber: 40
file path found: /hdfs/store/user/varuns/MC2018_Autumn18_May2019/DYJetsToLL_M-50_HT-100to200_TuneCP5_PSweights_13TeV-madgraphMLM-pythia8/crab_job_DYJetsToLL_HT100-200/190516_074443/0001/MC_DYJetsToLL_HT100-200_1041.root
name: MC_DYJetsToLL_HT100-200_1041.root
filenumber: 41
file path found: /hdfs/store/user/varuns/MC2018_Autumn18_May2019/DYJetsToLL_M-50_HT-100to200_TuneCP5_PSweights_13TeV-madgraphMLM-pythia8/crab_job_DYJetsToLL_HT100-200/190516_074443/0001/MC_DYJetsToLL_HT100-200_1042.root
name: MC_DYJetsToLL_HT100-200_1042.root
filenumber: 42
file path found: /hdfs/store/user/varuns/MC2018_Autumn18_May2019/DYJetsToLL_M-50_HT-100to200_TuneCP5_PSweights_13TeV-madgraphMLM-pythia8/crab_job_DYJetsToLL_HT100-200/190516_074443/0001/MC_DYJetsToLL_HT100-200_1043.root
name: MC_DYJetsToLL_HT100-200_1043.root
filenumber: 43
file path found: /hdfs/store/user/varuns/MC2018_Autumn18_May2019/DYJetsToLL_M-50_HT-100to200_TuneCP5_PSweights_13TeV-madgraphMLM-pythia8/crab_job_DYJetsToLL_HT100-200/190516_074443/0001/MC_DYJetsToLL_HT100-200_1044.root
name: MC_DYJetsToLL_HT100-200_1044.root
filenumber: 44
file path found: /hdfs/store/user/varuns/MC2018_Autumn18_May2019/DYJetsToLL_M-50_HT-100to200_TuneCP5_PSweights_13TeV-madgraphMLM-pythia8/crab_job_DYJetsToLL_HT100-200/190516_074443/0001/MC_DYJetsToLL_HT100-200_1045.root
name: MC_DYJetsToLL_HT100-200_1045.root
filenumber: 45
file path found: /hdfs/store/user/varuns/MC2018_Autumn18_May2019/DYJetsToLL_M-50_HT-100to200_TuneCP5_PSweights_13TeV-madgraphMLM-pythia8/crab_job_DYJetsToLL_HT100-200/190516_074443/0001/MC_DYJetsToLL_HT100-200_1046.root
name: MC_DYJetsToLL_HT100-200_1046.root
filenumber: 46
file path found: /hdfs/store/user/varuns/MC2018_Autumn18_May2019/DYJetsToLL_M-50_HT-100to200_TuneCP5_PSweights_13TeV-madgraphMLM-pythia8/crab_job_DYJetsToLL_HT100-200/190516_074443/0001/MC_DYJetsToLL_HT100-200_1047.root
name: MC_DYJetsToLL_HT100-200_1047.root
filenumber: 47
file path found: /hdfs/store/user/varuns/MC2018_Autumn18_May2019/DYJetsToLL_M-50_HT-100to200_TuneCP5_PSweights_13TeV-madgraphMLM-pythia8/crab_job_DYJetsToLL_HT100-200/190516_074443/0001/MC_DYJetsToLL_HT100-200_1048.root
name: MC_DYJetsToLL_HT100-200_1048.root
filenumber: 48
file path found: /hdfs/store/user/varuns/MC2018_Autumn18_May2019/DYJetsToLL_M-50_HT-100to200_TuneCP5_PSweights_13TeV-madgraphMLM-pythia8/crab_job_DYJetsToLL_HT100-200/190516_074443/0001/MC_DYJetsToLL_HT100-200_1049.root
name: MC_DYJetsToLL_HT100-200_1049.root
filenumber: 49
file path found: /hdfs/store/user/varuns/MC2018_Autumn18_May2019/DYJetsToLL_M-50_HT-100to200_TuneCP5_PSweights_13TeV-madgraphMLM-pythia8/crab_job_DYJetsToLL_HT100-200/190516_074443/0001/MC_DYJetsToLL_HT100-200_1050.root
name: MC_DYJetsToLL_HT100-200_1050.root
filenumber: 50
file path found: /hdfs/store/user/varuns/MC2018_Autumn18_May2019/DYJetsToLL_M-50_HT-100to200_TuneCP5_PSweights_13TeV-madgraphMLM-pythia8/crab_job_DYJetsToLL_HT100-200/190516_074443/0001/MC_DYJetsToLL_HT100-200_1051.root
name: MC_DYJetsToLL_HT100-200_1051.root
filenumber: 51
file path found: /hdfs/store/user/varuns/MC2018_Autumn18_May2019/DYJetsToLL_M-50_HT-100to200_TuneCP5_PSweights_13TeV-madgraphMLM-pythia8/crab_job_DYJetsToLL_HT100-200/190516_074443/0001/MC_DYJetsToLL_HT100-200_1052.root
name: MC_DYJetsToLL_HT100-200_1052.root
filenumber: 52
file path found: /hdfs/store/user/varuns/MC2018_Autumn18_May2019/DYJetsToLL_M-50_HT-100to200_TuneCP5_PSweights_13TeV-madgraphMLM-pythia8/crab_job_DYJetsToLL_HT100-200/190516_074443/0001/MC_DYJetsToLL_HT100-200_1053.root
name: MC_DYJetsToLL_HT100-200_1053.root
filenumber: 53
file path found: /hdfs/store/user/varuns/MC2018_Autumn18_May2019/DYJetsToLL_M-50_HT-100to200_TuneCP5_PSweights_13TeV-madgraphMLM-pythia8/crab_job_DYJetsToLL_HT100-200/190516_074443/0001/MC_DYJetsToLL_HT100-200_1054.root
name: MC_DYJetsToLL_HT100-200_1054.root
filenumber: 54
file path found: /hdfs/store/user/varuns/MC2018_Autumn18_May2019/DYJetsToLL_M-50_HT-100to200_TuneCP5_PSweights_13TeV-madgraphMLM-pythia8/crab_job_DYJetsToLL_HT100-200/190516_074443/0001/MC_DYJetsToLL_HT100-200_1055.root
name: MC_DYJetsToLL_HT100-200_1055.root
filenumber: 55
file path found: /hdfs/store/user/varuns/MC2018_Autumn18_May2019/DYJetsToLL_M-50_HT-100to200_TuneCP5_PSweights_13TeV-madgraphMLM-pythia8/crab_job_DYJetsToLL_HT100-200/190516_074443/0001/MC_DYJetsToLL_HT100-200_1056.root
name: MC_DYJetsToLL_HT100-200_1056.root
filenumber: 56
file path found: /hdfs/store/user/varuns/MC2018_Autumn18_May2019/DYJetsToLL_M-50_HT-100to200_TuneCP5_PSweights_13TeV-madgraphMLM-pythia8/crab_job_DYJetsToLL_HT100-200/190516_074443/0001/MC_DYJetsToLL_HT100-200_1057.root
name: MC_DYJetsToLL_HT100-200_1057.root
filenumber: 57
file path found: /hdfs/store/user/varuns/MC2018_Autumn18_May2019/DYJetsToLL_M-50_HT-100to200_TuneCP5_PSweights_13TeV-madgraphMLM-pythia8/crab_job_DYJetsToLL_HT100-200/190516_074443/0001/MC_DYJetsToLL_HT100-200_1058.root
name: MC_DYJetsToLL_HT100-200_1058.root
filenumber: 58
file path found: /hdfs/store/user/varuns/MC2018_Autumn18_May2019/DYJetsToLL_M-50_HT-100to200_TuneCP5_PSweights_13TeV-madgraphMLM-pythia8/crab_job_DYJetsToLL_HT100-200/190516_074443/0001/MC_DYJetsToLL_HT100-200_1059.root
name: MC_DYJetsToLL_HT100-200_1059.root
filenumber: 59
file path found: /hdfs/store/user/varuns/MC2018_Autumn18_May2019/DYJetsToLL_M-50_HT-100to200_TuneCP5_PSweights_13TeV-madgraphMLM-pythia8/crab_job_DYJetsToLL_HT100-200/190516_074443/0001/MC_DYJetsToLL_HT100-200_1060.root
name: MC_DYJetsToLL_HT100-200_1060.root
filenumber: 60
file path found: /hdfs/store/user/varuns/MC2018_Autumn18_May2019/DYJetsToLL_M-50_HT-100to200_TuneCP5_PSweights_13TeV-madgraphMLM-pythia8/crab_job_DYJetsToLL_HT100-200/190516_074443/0001/MC_DYJetsToLL_HT100-200_1061.root
name: MC_DYJetsToLL_HT100-200_1061.root
filenumber: 61
file path found: /hdfs/store/user/varuns/MC2018_Autumn18_May2019/DYJetsToLL_M-50_HT-100to200_TuneCP5_PSweights_13TeV-madgraphMLM-pythia8/crab_job_DYJetsToLL_HT100-200/190516_074443/0001/MC_DYJetsToLL_HT100-200_1062.root
name: MC_DYJetsToLL_HT100-200_1062.root
filenumber: 62
file path found: /hdfs/store/user/varuns/MC2018_Autumn18_May2019/DYJetsToLL_M-50_HT-100to200_TuneCP5_PSweights_13TeV-madgraphMLM-pythia8/crab_job_DYJetsToLL_HT100-200/190516_074443/0001/MC_DYJetsToLL_HT100-200_1063.root
name: MC_DYJetsToLL_HT100-200_1063.root
filenumber: 63
file path found: /hdfs/store/user/varuns/MC2018_Autumn18_May2019/DYJetsToLL_M-50_HT-100to200_TuneCP5_PSweights_13TeV-madgraphMLM-pythia8/crab_job_DYJetsToLL_HT100-200/190516_074443/0001/MC_DYJetsToLL_HT100-200_1064.root
name: MC_DYJetsToLL_HT100-200_1064.root
filenumber: 64
file path found: /hdfs/store/user/varuns/MC2018_Autumn18_May2019/DYJetsToLL_M-50_HT-100to200_TuneCP5_PSweights_13TeV-madgraphMLM-pythia8/crab_job_DYJetsToLL_HT100-200/190516_074443/0001/MC_DYJetsToLL_HT100-200_1065.root
name: MC_DYJetsToLL_HT100-200_1065.root
filenumber: 65
file path found: /hdfs/store/user/varuns/MC2018_Autumn18_May2019/DYJetsToLL_M-50_HT-100to200_TuneCP5_PSweights_13TeV-madgraphMLM-pythia8/crab_job_DYJetsToLL_HT100-200/190516_074443/0001/MC_DYJetsToLL_HT100-200_1066.root
name: MC_DYJetsToLL_HT100-200_1066.root
filenumber: 66
file path found: /hdfs/store/user/varuns/MC2018_Autumn18_May2019/DYJetsToLL_M-50_HT-100to200_TuneCP5_PSweights_13TeV-madgraphMLM-pythia8/crab_job_DYJetsToLL_HT100-200/190516_074443/0001/MC_DYJetsToLL_HT100-200_1067.root
name: MC_DYJetsToLL_HT100-200_1067.root
filenumber: 67
file path found: /hdfs/store/user/varuns/MC2018_Autumn18_May2019/DYJetsToLL_M-50_HT-100to200_TuneCP5_PSweights_13TeV-madgraphMLM-pythia8/crab_job_DYJetsToLL_HT100-200/190516_074443/0001/MC_DYJetsToLL_HT100-200_1068.root
name: MC_DYJetsToLL_HT100-200_1068.root
filenumber: 68
file path found: /hdfs/store/user/varuns/MC2018_Autumn18_May2019/DYJetsToLL_M-50_HT-100to200_TuneCP5_PSweights_13TeV-madgraphMLM-pythia8/crab_job_DYJetsToLL_HT100-200/190516_074443/0001/MC_DYJetsToLL_HT100-200_1069.root
name: MC_DYJetsToLL_HT100-200_1069.root
filenumber: 69
file path found: /hdfs/store/user/varuns/MC2018_Autumn18_May2019/DYJetsToLL_M-50_HT-100to200_TuneCP5_PSweights_13TeV-madgraphMLM-pythia8/crab_job_DYJetsToLL_HT100-200/190516_074443/0001/MC_DYJetsToLL_HT100-200_1070.root
name: MC_DYJetsToLL_HT100-200_1070.root
filenumber: 70
file path found: /hdfs/store/user/varuns/MC2018_Autumn18_May2019/DYJetsToLL_M-50_HT-100to200_TuneCP5_PSweights_13TeV-madgraphMLM-pythia8/crab_job_DYJetsToLL_HT100-200/190516_074443/0001/MC_DYJetsToLL_HT100-200_1071.root
name: MC_DYJetsToLL_HT100-200_1071.root
filenumber: 71
file path found: /hdfs/store/user/varuns/MC2018_Autumn18_May2019/DYJetsToLL_M-50_HT-100to200_TuneCP5_PSweights_13TeV-madgraphMLM-pythia8/crab_job_DYJetsToLL_HT100-200/190516_074443/0001/MC_DYJetsToLL_HT100-200_1072.root
name: MC_DYJetsToLL_HT100-200_1072.root
filenumber: 72
file path found: /hdfs/store/user/varuns/MC2018_Autumn18_May2019/DYJetsToLL_M-50_HT-100to200_TuneCP5_PSweights_13TeV-madgraphMLM-pythia8/crab_job_DYJetsToLL_HT100-200/190516_074443/0001/MC_DYJetsToLL_HT100-200_1073.root
name: MC_DYJetsToLL_HT100-200_1073.root
filenumber: 73
file path found: /hdfs/store/user/varuns/MC2018_Autumn18_May2019/DYJetsToLL_M-50_HT-100to200_TuneCP5_PSweights_13TeV-madgraphMLM-pythia8/crab_job_DYJetsToLL_HT100-200/190516_074443/0001/MC_DYJetsToLL_HT100-200_1074.root
name: MC_DYJetsToLL_HT100-200_1074.root
filenumber: 74
file path found: /hdfs/store/user/varuns/MC2018_Autumn18_May2019/DYJetsToLL_M-50_HT-100to200_TuneCP5_PSweights_13TeV-madgraphMLM-pythia8/crab_job_DYJetsToLL_HT100-200/190516_074443/0001/MC_DYJetsToLL_HT100-200_1075.root
name: MC_DYJetsToLL_HT100-200_1075.root
filenumber: 75
file path found: /hdfs/store/user/varuns/MC2018_Autumn18_May2019/DYJetsToLL_M-50_HT-100to200_TuneCP5_PSweights_13TeV-madgraphMLM-pythia8/crab_job_DYJetsToLL_HT100-200/190516_074443/0001/MC_DYJetsToLL_HT100-200_1076.root
name: MC_DYJetsToLL_HT100-200_1076.root
filenumber: 76
file path found: /hdfs/store/user/varuns/MC2018_Autumn18_May2019/DYJetsToLL_M-50_HT-100to200_TuneCP5_PSweights_13TeV-madgraphMLM-pythia8/crab_job_DYJetsToLL_HT100-200/190516_074443/0001/MC_DYJetsToLL_HT100-200_1077.root
name: MC_DYJetsToLL_HT100-200_1077.root
filenumber: 77
file path found: /hdfs/store/user/varuns/MC2018_Autumn18_May2019/DYJetsToLL_M-50_HT-100to200_TuneCP5_PSweights_13TeV-madgraphMLM-pythia8/crab_job_DYJetsToLL_HT100-200/190516_074443/0001/MC_DYJetsToLL_HT100-200_1078.root
name: MC_DYJetsToLL_HT100-200_1078.root
filenumber: 78
file path found: /hdfs/store/user/varuns/MC2018_Autumn18_May2019/DYJetsToLL_M-50_HT-100to200_TuneCP5_PSweights_13TeV-madgraphMLM-pythia8/crab_job_DYJetsToLL_HT100-200/190516_074443/0001/MC_DYJetsToLL_HT100-200_1079.root
name: MC_DYJetsToLL_HT100-200_1079.root
filenumber: 79
file path found: /hdfs/store/user/varuns/MC2018_Autumn18_May2019/DYJetsToLL_M-50_HT-100to200_TuneCP5_PSweights_13TeV-madgraphMLM-pythia8/crab_job_DYJetsToLL_HT100-200/190516_074443/0001/MC_DYJetsToLL_HT100-200_1080.root
name: MC_DYJetsToLL_HT100-200_1080.root
filenumber: 80
file path found: /hdfs/store/user/varuns/MC2018_Autumn18_May2019/DYJetsToLL_M-50_HT-100to200_TuneCP5_PSweights_13TeV-madgraphMLM-pythia8/crab_job_DYJetsToLL_HT100-200/190516_074443/0001/MC_DYJetsToLL_HT100-200_1081.root
name: MC_DYJetsToLL_HT100-200_1081.root
filenumber: 81
file path found: /hdfs/store/user/varuns/MC2018_Autumn18_May2019/DYJetsToLL_M-50_HT-100to200_TuneCP5_PSweights_13TeV-madgraphMLM-pythia8/crab_job_DYJetsToLL_HT100-200/190516_074443/0001/MC_DYJetsToLL_HT100-200_1082.root
name: MC_DYJetsToLL_HT100-200_1082.root
filenumber: 82
file path found: /hdfs/store/user/varuns/MC2018_Autumn18_May2019/DYJetsToLL_M-50_HT-100to200_TuneCP5_PSweights_13TeV-madgraphMLM-pythia8/crab_job_DYJetsToLL_HT100-200/190516_074443/0001/MC_DYJetsToLL_HT100-200_1083.root
name: MC_DYJetsToLL_HT100-200_1083.root
filenumber: 83
Adding FullPathInputFile to chain:/hdfs/store/user/varuns/MC2018_Autumn18_May2019/DYJetsToLL_M-50_HT-100to200_TuneCP5_PSweights_13TeV-madgraphMLM-pythia8/crab_job_DYJetsToLL_HT100-200/190516_074443/0001/MC_DYJetsToLL_HT100-200_1083.root

file path found: /hdfs/store/user/varuns/MC2018_Autumn18_May2019/DYJetsToLL_M-50_HT-100to200_TuneCP5_PSweights_13TeV-madgraphMLM-pythia8/crab_job_DYJetsToLL_HT100-200/190516_074443/0001/MC_DYJetsToLL_HT100-200_1084.root
name: MC_DYJetsToLL_HT100-200_1084.root
filenumber: 84
Adding FullPathInputFile to chain:/hdfs/store/user/varuns/MC2018_Autumn18_May2019/DYJetsToLL_M-50_HT-100to200_TuneCP5_PSweights_13TeV-madgraphMLM-pythia8/crab_job_DYJetsToLL_HT100-200/190516_074443/0001/MC_DYJetsToLL_HT100-200_1084.root

file path found: /hdfs/store/user/varuns/MC2018_Autumn18_May2019/DYJetsToLL_M-50_HT-100to200_TuneCP5_PSweights_13TeV-madgraphMLM-pythia8/crab_job_DYJetsToLL_HT100-200/190516_074443/0001/MC_DYJetsToLL_HT100-200_1085.root
name: MC_DYJetsToLL_HT100-200_1085.root
filenumber: 85
Adding FullPathInputFile to chain:/hdfs/store/user/varuns/MC2018_Autumn18_May2019/DYJetsToLL_M-50_HT-100to200_TuneCP5_PSweights_13TeV-madgraphMLM-pythia8/crab_job_DYJetsToLL_HT100-200/190516_074443/0001/MC_DYJetsToLL_HT100-200_1085.root

file path found: /hdfs/store/user/varuns/MC2018_Autumn18_May2019/DYJetsToLL_M-50_HT-100to200_TuneCP5_PSweights_13TeV-madgraphMLM-pythia8/crab_job_DYJetsToLL_HT100-200/190516_074443/0001/MC_DYJetsToLL_HT100-200_1086.root
name: MC_DYJetsToLL_HT100-200_1086.root
filenumber: 86
Adding FullPathInputFile to chain:/hdfs/store/user/varuns/MC2018_Autumn18_May2019/DYJetsToLL_M-50_HT-100to200_TuneCP5_PSweights_13TeV-madgraphMLM-pythia8/crab_job_DYJetsToLL_HT100-200/190516_074443/0001/MC_DYJetsToLL_HT100-200_1086.root

file path found: /hdfs/store/user/varuns/MC2018_Autumn18_May2019/DYJetsToLL_M-50_HT-100to200_TuneCP5_PSweights_13TeV-madgraphMLM-pythia8/crab_job_DYJetsToLL_HT100-200/190516_074443/0001/MC_DYJetsToLL_HT100-200_1087.root
name: MC_DYJetsToLL_HT100-200_1087.root
filenumber: 87
Adding FullPathInputFile to chain:/hdfs/store/user/varuns/MC2018_Autumn18_May2019/DYJetsToLL_M-50_HT-100to200_TuneCP5_PSweights_13TeV-madgraphMLM-pythia8/crab_job_DYJetsToLL_HT100-200/190516_074443/0001/MC_DYJetsToLL_HT100-200_1087.root

file path found: /hdfs/store/user/varuns/MC2018_Autumn18_May2019/DYJetsToLL_M-50_HT-100to200_TuneCP5_PSweights_13TeV-madgraphMLM-pythia8/crab_job_DYJetsToLL_HT100-200/190516_074443/0001/MC_DYJetsToLL_HT100-200_1088.root
name: MC_DYJetsToLL_HT100-200_1088.root
filenumber: 88
Adding FullPathInputFile to chain:/hdfs/store/user/varuns/MC2018_Autumn18_May2019/DYJetsToLL_M-50_HT-100to200_TuneCP5_PSweights_13TeV-madgraphMLM-pythia8/crab_job_DYJetsToLL_HT100-200/190516_074443/0001/MC_DYJetsToLL_HT100-200_1088.root

file path found: /hdfs/store/user/varuns/MC2018_Autumn18_May2019/DYJetsToLL_M-50_HT-100to200_TuneCP5_PSweights_13TeV-madgraphMLM-pythia8/crab_job_DYJetsToLL_HT100-200/190516_074443/0001/MC_DYJetsToLL_HT100-200_1089.root
name: MC_DYJetsToLL_HT100-200_1089.root
filenumber: 89
Adding FullPathInputFile to chain:/hdfs/store/user/varuns/MC2018_Autumn18_May2019/DYJetsToLL_M-50_HT-100to200_TuneCP5_PSweights_13TeV-madgraphMLM-pythia8/crab_job_DYJetsToLL_HT100-200/190516_074443/0001/MC_DYJetsToLL_HT100-200_1089.root

file path found: /hdfs/store/user/varuns/MC2018_Autumn18_May2019/DYJetsToLL_M-50_HT-100to200_TuneCP5_PSweights_13TeV-madgraphMLM-pythia8/crab_job_DYJetsToLL_HT100-200/190516_074443/0001/MC_DYJetsToLL_HT100-200_1090.root
name: MC_DYJetsToLL_HT100-200_1090.root
filenumber: 90
Adding FullPathInputFile to chain:/hdfs/store/user/varuns/MC2018_Autumn18_May2019/DYJetsToLL_M-50_HT-100to200_TuneCP5_PSweights_13TeV-madgraphMLM-pythia8/crab_job_DYJetsToLL_HT100-200/190516_074443/0001/MC_DYJetsToLL_HT100-200_1090.root

file path found: /hdfs/store/user/varuns/MC2018_Autumn18_May2019/DYJetsToLL_M-50_HT-100to200_TuneCP5_PSweights_13TeV-madgraphMLM-pythia8/crab_job_DYJetsToLL_HT100-200/190516_074443/0001/MC_DYJetsToLL_HT100-200_1091.root
name: MC_DYJetsToLL_HT100-200_1091.root
filenumber: 91
Adding FullPathInputFile to chain:/hdfs/store/user/varuns/MC2018_Autumn18_May2019/DYJetsToLL_M-50_HT-100to200_TuneCP5_PSweights_13TeV-madgraphMLM-pythia8/crab_job_DYJetsToLL_HT100-200/190516_074443/0001/MC_DYJetsToLL_HT100-200_1091.root

file path found: /hdfs/store/user/varuns/MC2018_Autumn18_May2019/DYJetsToLL_M-50_HT-100to200_TuneCP5_PSweights_13TeV-madgraphMLM-pythia8/crab_job_DYJetsToLL_HT100-200/190516_074443/0001/MC_DYJetsToLL_HT100-200_1092.root
name: MC_DYJetsToLL_HT100-200_1092.root
filenumber: 92
Adding FullPathInputFile to chain:/hdfs/store/user/varuns/MC2018_Autumn18_May2019/DYJetsToLL_M-50_HT-100to200_TuneCP5_PSweights_13TeV-madgraphMLM-pythia8/crab_job_DYJetsToLL_HT100-200/190516_074443/0001/MC_DYJetsToLL_HT100-200_1092.root

file path found: /hdfs/store/user/varuns/MC2018_Autumn18_May2019/DYJetsToLL_M-50_HT-100to200_TuneCP5_PSweights_13TeV-madgraphMLM-pythia8/crab_job_DYJetsToLL_HT100-200/190516_074443/0001/MC_DYJetsToLL_HT100-200_1093.root
name: MC_DYJetsToLL_HT100-200_1093.root
filenumber: 93
Adding FullPathInputFile to chain:/hdfs/store/user/varuns/MC2018_Autumn18_May2019/DYJetsToLL_M-50_HT-100to200_TuneCP5_PSweights_13TeV-madgraphMLM-pythia8/crab_job_DYJetsToLL_HT100-200/190516_074443/0001/MC_DYJetsToLL_HT100-200_1093.root

file path found: /hdfs/store/user/varuns/MC2018_Autumn18_May2019/DYJetsToLL_M-50_HT-100to200_TuneCP5_PSweights_13TeV-madgraphMLM-pythia8/crab_job_DYJetsToLL_HT100-200/190516_074443/0001/MC_DYJetsToLL_HT100-200_1094.root
name: MC_DYJetsToLL_HT100-200_1094.root
filenumber: 94
Adding FullPathInputFile to chain:/hdfs/store/user/varuns/MC2018_Autumn18_May2019/DYJetsToLL_M-50_HT-100to200_TuneCP5_PSweights_13TeV-madgraphMLM-pythia8/crab_job_DYJetsToLL_HT100-200/190516_074443/0001/MC_DYJetsToLL_HT100-200_1094.root

file path found: /hdfs/store/user/varuns/MC2018_Autumn18_May2019/DYJetsToLL_M-50_HT-100to200_TuneCP5_PSweights_13TeV-madgraphMLM-pythia8/crab_job_DYJetsToLL_HT100-200/190516_074443/0001/MC_DYJetsToLL_HT100-200_1095.root
name: MC_DYJetsToLL_HT100-200_1095.root
filenumber: 95
Adding FullPathInputFile to chain:/hdfs/store/user/varuns/MC2018_Autumn18_May2019/DYJetsToLL_M-50_HT-100to200_TuneCP5_PSweights_13TeV-madgraphMLM-pythia8/crab_job_DYJetsToLL_HT100-200/190516_074443/0001/MC_DYJetsToLL_HT100-200_1095.root

file path found: /hdfs/store/user/varuns/MC2018_Autumn18_May2019/DYJetsToLL_M-50_HT-100to200_TuneCP5_PSweights_13TeV-madgraphMLM-pythia8/crab_job_DYJetsToLL_HT100-200/190516_074443/0001/MC_DYJetsToLL_HT100-200_1096.root
name: MC_DYJetsToLL_HT100-200_1096.root
filenumber: 96
Adding FullPathInputFile to chain:/hdfs/store/user/varuns/MC2018_Autumn18_May2019/DYJetsToLL_M-50_HT-100to200_TuneCP5_PSweights_13TeV-madgraphMLM-pythia8/crab_job_DYJetsToLL_HT100-200/190516_074443/0001/MC_DYJetsToLL_HT100-200_1096.root

file path found: /hdfs/store/user/varuns/MC2018_Autumn18_May2019/DYJetsToLL_M-50_HT-100to200_TuneCP5_PSweights_13TeV-madgraphMLM-pythia8/crab_job_DYJetsToLL_HT100-200/190516_074443/0001/MC_DYJetsToLL_HT100-200_1097.root
name: MC_DYJetsToLL_HT100-200_1097.root
filenumber: 97
Adding FullPathInputFile to chain:/hdfs/store/user/varuns/MC2018_Autumn18_May2019/DYJetsToLL_M-50_HT-100to200_TuneCP5_PSweights_13TeV-madgraphMLM-pythia8/crab_job_DYJetsToLL_HT100-200/190516_074443/0001/MC_DYJetsToLL_HT100-200_1097.root

file path found: /hdfs/store/user/varuns/MC2018_Autumn18_May2019/DYJetsToLL_M-50_HT-100to200_TuneCP5_PSweights_13TeV-madgraphMLM-pythia8/crab_job_DYJetsToLL_HT100-200/190516_074443/0001/MC_DYJetsToLL_HT100-200_1098.root
name: MC_DYJetsToLL_HT100-200_1098.root
filenumber: 98
Adding FullPathInputFile to chain:/hdfs/store/user/varuns/MC2018_Autumn18_May2019/DYJetsToLL_M-50_HT-100to200_TuneCP5_PSweights_13TeV-madgraphMLM-pythia8/crab_job_DYJetsToLL_HT100-200/190516_074443/0001/MC_DYJetsToLL_HT100-200_1098.root

file path found: /hdfs/store/user/varuns/MC2018_Autumn18_May2019/DYJetsToLL_M-50_HT-100to200_TuneCP5_PSweights_13TeV-madgraphMLM-pythia8/crab_job_DYJetsToLL_HT100-200/190516_074443/0001/MC_DYJetsToLL_HT100-200_1099.root
name: MC_DYJetsToLL_HT100-200_1099.root
filenumber: 99
Adding FullPathInputFile to chain:/hdfs/store/user/varuns/MC2018_Autumn18_May2019/DYJetsToLL_M-50_HT-100to200_TuneCP5_PSweights_13TeV-madgraphMLM-pythia8/crab_job_DYJetsToLL_HT100-200/190516_074443/0001/MC_DYJetsToLL_HT100-200_1099.root

file path found: /hdfs/store/user/varuns/MC2018_Autumn18_May2019/DYJetsToLL_M-50_HT-100to200_TuneCP5_PSweights_13TeV-madgraphMLM-pythia8/crab_job_DYJetsToLL_HT100-200/190516_074443/0001/MC_DYJetsToLL_HT100-200_1100.root
name: MC_DYJetsToLL_HT100-200_1100.root
filenumber: 100
Adding FullPathInputFile to chain:/hdfs/store/user/varuns/MC2018_Autumn18_May2019/DYJetsToLL_M-50_HT-100to200_TuneCP5_PSweights_13TeV-madgraphMLM-pythia8/crab_job_DYJetsToLL_HT100-200/190516_074443/0001/MC_DYJetsToLL_HT100-200_1100.root

file path found: /hdfs/store/user/varuns/MC2018_Autumn18_May2019/DYJetsToLL_M-50_HT-100to200_TuneCP5_PSweights_13TeV-madgraphMLM-pythia8/crab_job_DYJetsToLL_HT100-200/190516_074443/0001/MC_DYJetsToLL_HT100-200_1101.root
name: MC_DYJetsToLL_HT100-200_1101.root
filenumber: 101
Adding FullPathInputFile to chain:/hdfs/store/user/varuns/MC2018_Autumn18_May2019/DYJetsToLL_M-50_HT-100to200_TuneCP5_PSweights_13TeV-madgraphMLM-pythia8/crab_job_DYJetsToLL_HT100-200/190516_074443/0001/MC_DYJetsToLL_HT100-200_1101.root

file path found: /hdfs/store/user/varuns/MC2018_Autumn18_May2019/DYJetsToLL_M-50_HT-100to200_TuneCP5_PSweights_13TeV-madgraphMLM-pythia8/crab_job_DYJetsToLL_HT100-200/190516_074443/0001/MC_DYJetsToLL_HT100-200_1102.root
name: MC_DYJetsToLL_HT100-200_1102.root
filenumber: 102
Adding FullPathInputFile to chain:/hdfs/store/user/varuns/MC2018_Autumn18_May2019/DYJetsToLL_M-50_HT-100to200_TuneCP5_PSweights_13TeV-madgraphMLM-pythia8/crab_job_DYJetsToLL_HT100-200/190516_074443/0001/MC_DYJetsToLL_HT100-200_1102.root

file path found: /hdfs/store/user/varuns/MC2018_Autumn18_May2019/DYJetsToLL_M-50_HT-100to200_TuneCP5_PSweights_13TeV-madgraphMLM-pythia8/crab_job_DYJetsToLL_HT100-200/190516_074443/0001/MC_DYJetsToLL_HT100-200_1103.root
name: MC_DYJetsToLL_HT100-200_1103.root
filenumber: 103
Adding FullPathInputFile to chain:/hdfs/store/user/varuns/MC2018_Autumn18_May2019/DYJetsToLL_M-50_HT-100to200_TuneCP5_PSweights_13TeV-madgraphMLM-pythia8/crab_job_DYJetsToLL_HT100-200/190516_074443/0001/MC_DYJetsToLL_HT100-200_1103.root

file path found: /hdfs/store/user/varuns/MC2018_Autumn18_May2019/DYJetsToLL_M-50_HT-100to200_TuneCP5_PSweights_13TeV-madgraphMLM-pythia8/crab_job_DYJetsToLL_HT100-200/190516_074443/0001/MC_DYJetsToLL_HT100-200_1104.root
name: MC_DYJetsToLL_HT100-200_1104.root
filenumber: 104
Adding FullPathInputFile to chain:/hdfs/store/user/varuns/MC2018_Autumn18_May2019/DYJetsToLL_M-50_HT-100to200_TuneCP5_PSweights_13TeV-madgraphMLM-pythia8/crab_job_DYJetsToLL_HT100-200/190516_074443/0001/MC_DYJetsToLL_HT100-200_1104.root

file path found: /hdfs/store/user/varuns/MC2018_Autumn18_May2019/DYJetsToLL_M-50_HT-100to200_TuneCP5_PSweights_13TeV-madgraphMLM-pythia8/crab_job_DYJetsToLL_HT100-200/190516_074443/0001/MC_DYJetsToLL_HT100-200_1105.root
name: MC_DYJetsToLL_HT100-200_1105.root
filenumber: 105
Adding FullPathInputFile to chain:/hdfs/store/user/varuns/MC2018_Autumn18_May2019/DYJetsToLL_M-50_HT-100to200_TuneCP5_PSweights_13TeV-madgraphMLM-pythia8/crab_job_DYJetsToLL_HT100-200/190516_074443/0001/MC_DYJetsToLL_HT100-200_1105.root

file path found: /hdfs/store/user/varuns/MC2018_Autumn18_May2019/DYJetsToLL_M-50_HT-100to200_TuneCP5_PSweights_13TeV-madgraphMLM-pythia8/crab_job_DYJetsToLL_HT100-200/190516_074443/0001/MC_DYJetsToLL_HT100-200_1106.root
name: MC_DYJetsToLL_HT100-200_1106.root
filenumber: 106
Adding FullPathInputFile to chain:/hdfs/store/user/varuns/MC2018_Autumn18_May2019/DYJetsToLL_M-50_HT-100to200_TuneCP5_PSweights_13TeV-madgraphMLM-pythia8/crab_job_DYJetsToLL_HT100-200/190516_074443/0001/MC_DYJetsToLL_HT100-200_1106.root

file path found: /hdfs/store/user/varuns/MC2018_Autumn18_May2019/DYJetsToLL_M-50_HT-100to200_TuneCP5_PSweights_13TeV-madgraphMLM-pythia8/crab_job_DYJetsToLL_HT100-200/190516_074443/0001/MC_DYJetsToLL_HT100-200_1107.root
name: MC_DYJetsToLL_HT100-200_1107.root
filenumber: 107
Adding FullPathInputFile to chain:/hdfs/store/user/varuns/MC2018_Autumn18_May2019/DYJetsToLL_M-50_HT-100to200_TuneCP5_PSweights_13TeV-madgraphMLM-pythia8/crab_job_DYJetsToLL_HT100-200/190516_074443/0001/MC_DYJetsToLL_HT100-200_1107.root

file path found: /hdfs/store/user/varuns/MC2018_Autumn18_May2019/DYJetsToLL_M-50_HT-100to200_TuneCP5_PSweights_13TeV-madgraphMLM-pythia8/crab_job_DYJetsToLL_HT100-200/190516_074443/0001/MC_DYJetsToLL_HT100-200_1108.root
name: MC_DYJetsToLL_HT100-200_1108.root
filenumber: 108
Adding FullPathInputFile to chain:/hdfs/store/user/varuns/MC2018_Autumn18_May2019/DYJetsToLL_M-50_HT-100to200_TuneCP5_PSweights_13TeV-madgraphMLM-pythia8/crab_job_DYJetsToLL_HT100-200/190516_074443/0001/MC_DYJetsToLL_HT100-200_1108.root

file path found: /hdfs/store/user/varuns/MC2018_Autumn18_May2019/DYJetsToLL_M-50_HT-100to200_TuneCP5_PSweights_13TeV-madgraphMLM-pythia8/crab_job_DYJetsToLL_HT100-200/190516_074443/0001/MC_DYJetsToLL_HT100-200_1109.root
name: MC_DYJetsToLL_HT100-200_1109.root
filenumber: 109
Adding FullPathInputFile to chain:/hdfs/store/user/varuns/MC2018_Autumn18_May2019/DYJetsToLL_M-50_HT-100to200_TuneCP5_PSweights_13TeV-madgraphMLM-pythia8/crab_job_DYJetsToLL_HT100-200/190516_074443/0001/MC_DYJetsToLL_HT100-200_1109.root

file path found: /hdfs/store/user/varuns/MC2018_Autumn18_May2019/DYJetsToLL_M-50_HT-100to200_TuneCP5_PSweights_13TeV-madgraphMLM-pythia8/crab_job_DYJetsToLL_HT100-200/190516_074443/0001/MC_DYJetsToLL_HT100-200_1110.root
name: MC_DYJetsToLL_HT100-200_1110.root
filenumber: 110
Adding FullPathInputFile to chain:/hdfs/store/user/varuns/MC2018_Autumn18_May2019/DYJetsToLL_M-50_HT-100to200_TuneCP5_PSweights_13TeV-madgraphMLM-pythia8/crab_job_DYJetsToLL_HT100-200/190516_074443/0001/MC_DYJetsToLL_HT100-200_1110.root

file path found: /hdfs/store/user/varuns/MC2018_Autumn18_May2019/DYJetsToLL_M-50_HT-100to200_TuneCP5_PSweights_13TeV-madgraphMLM-pythia8/crab_job_DYJetsToLL_HT100-200/190516_074443/0001/MC_DYJetsToLL_HT100-200_1111.root
name: MC_DYJetsToLL_HT100-200_1111.root
filenumber: 111
Adding FullPathInputFile to chain:/hdfs/store/user/varuns/MC2018_Autumn18_May2019/DYJetsToLL_M-50_HT-100to200_TuneCP5_PSweights_13TeV-madgraphMLM-pythia8/crab_job_DYJetsToLL_HT100-200/190516_074443/0001/MC_DYJetsToLL_HT100-200_1111.root

file path found: /hdfs/store/user/varuns/MC2018_Autumn18_May2019/DYJetsToLL_M-50_HT-100to200_TuneCP5_PSweights_13TeV-madgraphMLM-pythia8/crab_job_DYJetsToLL_HT100-200/190516_074443/0001/MC_DYJetsToLL_HT100-200_1112.root
name: MC_DYJetsToLL_HT100-200_1112.root
filenumber: 112
Adding FullPathInputFile to chain:/hdfs/store/user/varuns/MC2018_Autumn18_May2019/DYJetsToLL_M-50_HT-100to200_TuneCP5_PSweights_13TeV-madgraphMLM-pythia8/crab_job_DYJetsToLL_HT100-200/190516_074443/0001/MC_DYJetsToLL_HT100-200_1112.root

file path found: /hdfs/store/user/varuns/MC2018_Autumn18_May2019/DYJetsToLL_M-50_HT-100to200_TuneCP5_PSweights_13TeV-madgraphMLM-pythia8/crab_job_DYJetsToLL_HT100-200/190516_074443/0001/MC_DYJetsToLL_HT100-200_1113.root
name: MC_DYJetsToLL_HT100-200_1113.root
filenumber: 113
Adding FullPathInputFile to chain:/hdfs/store/user/varuns/MC2018_Autumn18_May2019/DYJetsToLL_M-50_HT-100to200_TuneCP5_PSweights_13TeV-madgraphMLM-pythia8/crab_job_DYJetsToLL_HT100-200/190516_074443/0001/MC_DYJetsToLL_HT100-200_1113.root

file path found: /hdfs/store/user/varuns/MC2018_Autumn18_May2019/DYJetsToLL_M-50_HT-100to200_TuneCP5_PSweights_13TeV-madgraphMLM-pythia8/crab_job_DYJetsToLL_HT100-200/190516_074443/0001/MC_DYJetsToLL_HT100-200_1114.root
name: MC_DYJetsToLL_HT100-200_1114.root
filenumber: 114
Adding FullPathInputFile to chain:/hdfs/store/user/varuns/MC2018_Autumn18_May2019/DYJetsToLL_M-50_HT-100to200_TuneCP5_PSweights_13TeV-madgraphMLM-pythia8/crab_job_DYJetsToLL_HT100-200/190516_074443/0001/MC_DYJetsToLL_HT100-200_1114.root

file path found: /hdfs/store/user/varuns/MC2018_Autumn18_May2019/DYJetsToLL_M-50_HT-100to200_TuneCP5_PSweights_13TeV-madgraphMLM-pythia8/crab_job_DYJetsToLL_HT100-200/190516_074443/0001/MC_DYJetsToLL_HT100-200_1115.root
name: MC_DYJetsToLL_HT100-200_1115.root
filenumber: 115
Adding FullPathInputFile to chain:/hdfs/store/user/varuns/MC2018_Autumn18_May2019/DYJetsToLL_M-50_HT-100to200_TuneCP5_PSweights_13TeV-madgraphMLM-pythia8/crab_job_DYJetsToLL_HT100-200/190516_074443/0001/MC_DYJetsToLL_HT100-200_1115.root

file path found: /hdfs/store/user/varuns/MC2018_Autumn18_May2019/DYJetsToLL_M-50_HT-100to200_TuneCP5_PSweights_13TeV-madgraphMLM-pythia8/crab_job_DYJetsToLL_HT100-200/190516_074443/0001/MC_DYJetsToLL_HT100-200_1116.root
name: MC_DYJetsToLL_HT100-200_1116.root
filenumber: 116
Adding FullPathInputFile to chain:/hdfs/store/user/varuns/MC2018_Autumn18_May2019/DYJetsToLL_M-50_HT-100to200_TuneCP5_PSweights_13TeV-madgraphMLM-pythia8/crab_job_DYJetsToLL_HT100-200/190516_074443/0001/MC_DYJetsToLL_HT100-200_1116.root

file path found: /hdfs/store/user/varuns/MC2018_Autumn18_May2019/DYJetsToLL_M-50_HT-100to200_TuneCP5_PSweights_13TeV-madgraphMLM-pythia8/crab_job_DYJetsToLL_HT100-200/190516_074443/0001/MC_DYJetsToLL_HT100-200_1117.root
name: MC_DYJetsToLL_HT100-200_1117.root
filenumber: 117
Adding FullPathInputFile to chain:/hdfs/store/user/varuns/MC2018_Autumn18_May2019/DYJetsToLL_M-50_HT-100to200_TuneCP5_PSweights_13TeV-madgraphMLM-pythia8/crab_job_DYJetsToLL_HT100-200/190516_074443/0001/MC_DYJetsToLL_HT100-200_1117.root

file path found: /hdfs/store/user/varuns/MC2018_Autumn18_May2019/DYJetsToLL_M-50_HT-100to200_TuneCP5_PSweights_13TeV-madgraphMLM-pythia8/crab_job_DYJetsToLL_HT100-200/190516_074443/0001/MC_DYJetsToLL_HT100-200_1118.root
name: MC_DYJetsToLL_HT100-200_1118.root
filenumber: 118
Adding FullPathInputFile to chain:/hdfs/store/user/varuns/MC2018_Autumn18_May2019/DYJetsToLL_M-50_HT-100to200_TuneCP5_PSweights_13TeV-madgraphMLM-pythia8/crab_job_DYJetsToLL_HT100-200/190516_074443/0001/MC_DYJetsToLL_HT100-200_1118.root

file path found: /hdfs/store/user/varuns/MC2018_Autumn18_May2019/DYJetsToLL_M-50_HT-100to200_TuneCP5_PSweights_13TeV-madgraphMLM-pythia8/crab_job_DYJetsToLL_HT100-200/190516_074443/0001/MC_DYJetsToLL_HT100-200_1119.root
name: MC_DYJetsToLL_HT100-200_1119.root
filenumber: 119
Adding FullPathInputFile to chain:/hdfs/store/user/varuns/MC2018_Autumn18_May2019/DYJetsToLL_M-50_HT-100to200_TuneCP5_PSweights_13TeV-madgraphMLM-pythia8/crab_job_DYJetsToLL_HT100-200/190516_074443/0001/MC_DYJetsToLL_HT100-200_1119.root

file path found: /hdfs/store/user/varuns/MC2018_Autumn18_May2019/DYJetsToLL_M-50_HT-100to200_TuneCP5_PSweights_13TeV-madgraphMLM-pythia8/crab_job_DYJetsToLL_HT100-200/190516_074443/0001/MC_DYJetsToLL_HT100-200_1120.root
name: MC_DYJetsToLL_HT100-200_1120.root
filenumber: 120
Adding FullPathInputFile to chain:/hdfs/store/user/varuns/MC2018_Autumn18_May2019/DYJetsToLL_M-50_HT-100to200_TuneCP5_PSweights_13TeV-madgraphMLM-pythia8/crab_job_DYJetsToLL_HT100-200/190516_074443/0001/MC_DYJetsToLL_HT100-200_1120.root

file path found: /hdfs/store/user/varuns/MC2018_Autumn18_May2019/DYJetsToLL_M-50_HT-100to200_TuneCP5_PSweights_13TeV-madgraphMLM-pythia8/crab_job_DYJetsToLL_HT100-200/190516_074443/0001/MC_DYJetsToLL_HT100-200_1121.root
name: MC_DYJetsToLL_HT100-200_1121.root
filenumber: 121
Adding FullPathInputFile to chain:/hdfs/store/user/varuns/MC2018_Autumn18_May2019/DYJetsToLL_M-50_HT-100to200_TuneCP5_PSweights_13TeV-madgraphMLM-pythia8/crab_job_DYJetsToLL_HT100-200/190516_074443/0001/MC_DYJetsToLL_HT100-200_1121.root

file path found: /hdfs/store/user/varuns/MC2018_Autumn18_May2019/DYJetsToLL_M-50_HT-100to200_TuneCP5_PSweights_13TeV-madgraphMLM-pythia8/crab_job_DYJetsToLL_HT100-200/190516_074443/0001/MC_DYJetsToLL_HT100-200_1122.root
name: MC_DYJetsToLL_HT100-200_1122.root
filenumber: 122
Adding FullPathInputFile to chain:/hdfs/store/user/varuns/MC2018_Autumn18_May2019/DYJetsToLL_M-50_HT-100to200_TuneCP5_PSweights_13TeV-madgraphMLM-pythia8/crab_job_DYJetsToLL_HT100-200/190516_074443/0001/MC_DYJetsToLL_HT100-200_1122.root

file path found: /hdfs/store/user/varuns/MC2018_Autumn18_May2019/DYJetsToLL_M-50_HT-100to200_TuneCP5_PSweights_13TeV-madgraphMLM-pythia8/crab_job_DYJetsToLL_HT100-200/190516_074443/0001/MC_DYJetsToLL_HT100-200_1123.root
name: MC_DYJetsToLL_HT100-200_1123.root
filenumber: 123
Adding FullPathInputFile to chain:/hdfs/store/user/varuns/MC2018_Autumn18_May2019/DYJetsToLL_M-50_HT-100to200_TuneCP5_PSweights_13TeV-madgraphMLM-pythia8/crab_job_DYJetsToLL_HT100-200/190516_074443/0001/MC_DYJetsToLL_HT100-200_1123.root

file path found: /hdfs/store/user/varuns/MC2018_Autumn18_May2019/DYJetsToLL_M-50_HT-100to200_TuneCP5_PSweights_13TeV-madgraphMLM-pythia8/crab_job_DYJetsToLL_HT100-200/190516_074443/0001/MC_DYJetsToLL_HT100-200_1124.root
name: MC_DYJetsToLL_HT100-200_1124.root
filenumber: 124
Adding FullPathInputFile to chain:/hdfs/store/user/varuns/MC2018_Autumn18_May2019/DYJetsToLL_M-50_HT-100to200_TuneCP5_PSweights_13TeV-madgraphMLM-pythia8/crab_job_DYJetsToLL_HT100-200/190516_074443/0001/MC_DYJetsToLL_HT100-200_1124.root

file path found: /hdfs/store/user/varuns/MC2018_Autumn18_May2019/DYJetsToLL_M-50_HT-100to200_TuneCP5_PSweights_13TeV-madgraphMLM-pythia8/crab_job_DYJetsToLL_HT100-200/190516_074443/0001/MC_DYJetsToLL_HT100-200_1125.root
name: MC_DYJetsToLL_HT100-200_1125.root
filenumber: 125
Adding FullPathInputFile to chain:/hdfs/store/user/varuns/MC2018_Autumn18_May2019/DYJetsToLL_M-50_HT-100to200_TuneCP5_PSweights_13TeV-madgraphMLM-pythia8/crab_job_DYJetsToLL_HT100-200/190516_074443/0001/MC_DYJetsToLL_HT100-200_1125.root

file path found: /hdfs/store/user/varuns/MC2018_Autumn18_May2019/DYJetsToLL_M-50_HT-100to200_TuneCP5_PSweights_13TeV-madgraphMLM-pythia8/crab_job_DYJetsToLL_HT100-200/190516_074443/0001/MC_DYJetsToLL_HT100-200_1126.root
name: MC_DYJetsToLL_HT100-200_1126.root
filenumber: 126
Adding FullPathInputFile to chain:/hdfs/store/user/varuns/MC2018_Autumn18_May2019/DYJetsToLL_M-50_HT-100to200_TuneCP5_PSweights_13TeV-madgraphMLM-pythia8/crab_job_DYJetsToLL_HT100-200/190516_074443/0001/MC_DYJetsToLL_HT100-200_1126.root

file path found: /hdfs/store/user/varuns/MC2018_Autumn18_May2019/DYJetsToLL_M-50_HT-100to200_TuneCP5_PSweights_13TeV-madgraphMLM-pythia8/crab_job_DYJetsToLL_HT100-200/190516_074443/0001/MC_DYJetsToLL_HT100-200_1127.root
name: MC_DYJetsToLL_HT100-200_1127.root
filenumber: 127
Adding FullPathInputFile to chain:/hdfs/store/user/varuns/MC2018_Autumn18_May2019/DYJetsToLL_M-50_HT-100to200_TuneCP5_PSweights_13TeV-madgraphMLM-pythia8/crab_job_DYJetsToLL_HT100-200/190516_074443/0001/MC_DYJetsToLL_HT100-200_1127.root

file path found: /hdfs/store/user/varuns/MC2018_Autumn18_May2019/DYJetsToLL_M-50_HT-100to200_TuneCP5_PSweights_13TeV-madgraphMLM-pythia8/crab_job_DYJetsToLL_HT100-200/190516_074443/0001/MC_DYJetsToLL_HT100-200_1128.root
name: MC_DYJetsToLL_HT100-200_1128.root
filenumber: 128
Adding FullPathInputFile to chain:/hdfs/store/user/varuns/MC2018_Autumn18_May2019/DYJetsToLL_M-50_HT-100to200_TuneCP5_PSweights_13TeV-madgraphMLM-pythia8/crab_job_DYJetsToLL_HT100-200/190516_074443/0001/MC_DYJetsToLL_HT100-200_1128.root

file path found: /hdfs/store/user/varuns/MC2018_Autumn18_May2019/DYJetsToLL_M-50_HT-100to200_TuneCP5_PSweights_13TeV-madgraphMLM-pythia8/crab_job_DYJetsToLL_HT100-200/190516_074443/0001/MC_DYJetsToLL_HT100-200_1129.root
name: MC_DYJetsToLL_HT100-200_1129.root
filenumber: 129
Adding FullPathInputFile to chain:/hdfs/store/user/varuns/MC2018_Autumn18_May2019/DYJetsToLL_M-50_HT-100to200_TuneCP5_PSweights_13TeV-madgraphMLM-pythia8/crab_job_DYJetsToLL_HT100-200/190516_074443/0001/MC_DYJetsToLL_HT100-200_1129.root

file path found: /hdfs/store/user/varuns/MC2018_Autumn18_May2019/DYJetsToLL_M-50_HT-100to200_TuneCP5_PSweights_13TeV-madgraphMLM-pythia8/crab_job_DYJetsToLL_HT100-200/190516_074443/0001/MC_DYJetsToLL_HT100-200_1130.root
name: MC_DYJetsToLL_HT100-200_1130.root
filenumber: 130
Adding FullPathInputFile to chain:/hdfs/store/user/varuns/MC2018_Autumn18_May2019/DYJetsToLL_M-50_HT-100to200_TuneCP5_PSweights_13TeV-madgraphMLM-pythia8/crab_job_DYJetsToLL_HT100-200/190516_074443/0001/MC_DYJetsToLL_HT100-200_1130.root

file path found: /hdfs/store/user/varuns/MC2018_Autumn18_May2019/DYJetsToLL_M-50_HT-100to200_TuneCP5_PSweights_13TeV-madgraphMLM-pythia8/crab_job_DYJetsToLL_HT100-200/190516_074443/0001/MC_DYJetsToLL_HT100-200_1131.root
name: MC_DYJetsToLL_HT100-200_1131.root
filenumber: 131
Adding FullPathInputFile to chain:/hdfs/store/user/varuns/MC2018_Autumn18_May2019/DYJetsToLL_M-50_HT-100to200_TuneCP5_PSweights_13TeV-madgraphMLM-pythia8/crab_job_DYJetsToLL_HT100-200/190516_074443/0001/MC_DYJetsToLL_HT100-200_1131.root

file path found: /hdfs/store/user/varuns/MC2018_Autumn18_May2019/DYJetsToLL_M-50_HT-100to200_TuneCP5_PSweights_13TeV-madgraphMLM-pythia8/crab_job_DYJetsToLL_HT100-200/190516_074443/0001/MC_DYJetsToLL_HT100-200_1132.root
name: MC_DYJetsToLL_HT100-200_1132.root
filenumber: 132
Adding FullPathInputFile to chain:/hdfs/store/user/varuns/MC2018_Autumn18_May2019/DYJetsToLL_M-50_HT-100to200_TuneCP5_PSweights_13TeV-madgraphMLM-pythia8/crab_job_DYJetsToLL_HT100-200/190516_074443/0001/MC_DYJetsToLL_HT100-200_1132.root

file path found: /hdfs/store/user/varuns/MC2018_Autumn18_May2019/DYJetsToLL_M-50_HT-100to200_TuneCP5_PSweights_13TeV-madgraphMLM-pythia8/crab_job_DYJetsToLL_HT100-200/190516_074443/0001/MC_DYJetsToLL_HT100-200_1133.root
name: MC_DYJetsToLL_HT100-200_1133.root
filenumber: 133
Adding FullPathInputFile to chain:/hdfs/store/user/varuns/MC2018_Autumn18_May2019/DYJetsToLL_M-50_HT-100to200_TuneCP5_PSweights_13TeV-madgraphMLM-pythia8/crab_job_DYJetsToLL_HT100-200/190516_074443/0001/MC_DYJetsToLL_HT100-200_1133.root

file path found: /hdfs/store/user/varuns/MC2018_Autumn18_May2019/DYJetsToLL_M-50_HT-100to200_TuneCP5_PSweights_13TeV-madgraphMLM-pythia8/crab_job_DYJetsToLL_HT100-200/190516_074443/0001/MC_DYJetsToLL_HT100-200_1134.root
name: MC_DYJetsToLL_HT100-200_1134.root
filenumber: 134
Adding FullPathInputFile to chain:/hdfs/store/user/varuns/MC2018_Autumn18_May2019/DYJetsToLL_M-50_HT-100to200_TuneCP5_PSweights_13TeV-madgraphMLM-pythia8/crab_job_DYJetsToLL_HT100-200/190516_074443/0001/MC_DYJetsToLL_HT100-200_1134.root

file path found: /hdfs/store/user/varuns/MC2018_Autumn18_May2019/DYJetsToLL_M-50_HT-100to200_TuneCP5_PSweights_13TeV-madgraphMLM-pythia8/crab_job_DYJetsToLL_HT100-200/190516_074443/0001/MC_DYJetsToLL_HT100-200_1135.root
name: MC_DYJetsToLL_HT100-200_1135.root
filenumber: 135
Adding FullPathInputFile to chain:/hdfs/store/user/varuns/MC2018_Autumn18_May2019/DYJetsToLL_M-50_HT-100to200_TuneCP5_PSweights_13TeV-madgraphMLM-pythia8/crab_job_DYJetsToLL_HT100-200/190516_074443/0001/MC_DYJetsToLL_HT100-200_1135.root

file path found: /hdfs/store/user/varuns/MC2018_Autumn18_May2019/DYJetsToLL_M-50_HT-100to200_TuneCP5_PSweights_13TeV-madgraphMLM-pythia8/crab_job_DYJetsToLL_HT100-200/190516_074443/0001/MC_DYJetsToLL_HT100-200_1136.root
name: MC_DYJetsToLL_HT100-200_1136.root
filenumber: 136
Adding FullPathInputFile to chain:/hdfs/store/user/varuns/MC2018_Autumn18_May2019/DYJetsToLL_M-50_HT-100to200_TuneCP5_PSweights_13TeV-madgraphMLM-pythia8/crab_job_DYJetsToLL_HT100-200/190516_074443/0001/MC_DYJetsToLL_HT100-200_1136.root

file path found: /hdfs/store/user/varuns/MC2018_Autumn18_May2019/DYJetsToLL_M-50_HT-100to200_TuneCP5_PSweights_13TeV-madgraphMLM-pythia8/crab_job_DYJetsToLL_HT100-200/190516_074443/0001/MC_DYJetsToLL_HT100-200_1137.root
name: MC_DYJetsToLL_HT100-200_1137.root
filenumber: 137
Adding FullPathInputFile to chain:/hdfs/store/user/varuns/MC2018_Autumn18_May2019/DYJetsToLL_M-50_HT-100to200_TuneCP5_PSweights_13TeV-madgraphMLM-pythia8/crab_job_DYJetsToLL_HT100-200/190516_074443/0001/MC_DYJetsToLL_HT100-200_1137.root

file path found: /hdfs/store/user/varuns/MC2018_Autumn18_May2019/DYJetsToLL_M-50_HT-100to200_TuneCP5_PSweights_13TeV-madgraphMLM-pythia8/crab_job_DYJetsToLL_HT100-200/190516_074443/0001/MC_DYJetsToLL_HT100-200_1138.root
name: MC_DYJetsToLL_HT100-200_1138.root
filenumber: 138
Adding FullPathInputFile to chain:/hdfs/store/user/varuns/MC2018_Autumn18_May2019/DYJetsToLL_M-50_HT-100to200_TuneCP5_PSweights_13TeV-madgraphMLM-pythia8/crab_job_DYJetsToLL_HT100-200/190516_074443/0001/MC_DYJetsToLL_HT100-200_1138.root

file path found: /hdfs/store/user/varuns/MC2018_Autumn18_May2019/DYJetsToLL_M-50_HT-100to200_TuneCP5_PSweights_13TeV-madgraphMLM-pythia8/crab_job_DYJetsToLL_HT100-200/190516_074443/0001/MC_DYJetsToLL_HT100-200_1139.root
name: MC_DYJetsToLL_HT100-200_1139.root
filenumber: 139
Adding FullPathInputFile to chain:/hdfs/store/user/varuns/MC2018_Autumn18_May2019/DYJetsToLL_M-50_HT-100to200_TuneCP5_PSweights_13TeV-madgraphMLM-pythia8/crab_job_DYJetsToLL_HT100-200/190516_074443/0001/MC_DYJetsToLL_HT100-200_1139.root

file path found: /hdfs/store/user/varuns/MC2018_Autumn18_May2019/DYJetsToLL_M-50_HT-100to200_TuneCP5_PSweights_13TeV-madgraphMLM-pythia8/crab_job_DYJetsToLL_HT100-200/190516_074443/0001/MC_DYJetsToLL_HT100-200_1140.root
name: MC_DYJetsToLL_HT100-200_1140.root
filenumber: 140
Adding FullPathInputFile to chain:/hdfs/store/user/varuns/MC2018_Autumn18_May2019/DYJetsToLL_M-50_HT-100to200_TuneCP5_PSweights_13TeV-madgraphMLM-pythia8/crab_job_DYJetsToLL_HT100-200/190516_074443/0001/MC_DYJetsToLL_HT100-200_1140.root

file path found: /hdfs/store/user/varuns/MC2018_Autumn18_May2019/DYJetsToLL_M-50_HT-100to200_TuneCP5_PSweights_13TeV-madgraphMLM-pythia8/crab_job_DYJetsToLL_HT100-200/190516_074443/0001/MC_DYJetsToLL_HT100-200_1141.root
name: MC_DYJetsToLL_HT100-200_1141.root
filenumber: 141
Adding FullPathInputFile to chain:/hdfs/store/user/varuns/MC2018_Autumn18_May2019/DYJetsToLL_M-50_HT-100to200_TuneCP5_PSweights_13TeV-madgraphMLM-pythia8/crab_job_DYJetsToLL_HT100-200/190516_074443/0001/MC_DYJetsToLL_HT100-200_1141.root

file path found: /hdfs/store/user/varuns/MC2018_Autumn18_May2019/DYJetsToLL_M-50_HT-100to200_TuneCP5_PSweights_13TeV-madgraphMLM-pythia8/crab_job_DYJetsToLL_HT100-200/190516_074443/0001/MC_DYJetsToLL_HT100-200_1142.root
name: MC_DYJetsToLL_HT100-200_1142.root
filenumber: 142
Adding FullPathInputFile to chain:/hdfs/store/user/varuns/MC2018_Autumn18_May2019/DYJetsToLL_M-50_HT-100to200_TuneCP5_PSweights_13TeV-madgraphMLM-pythia8/crab_job_DYJetsToLL_HT100-200/190516_074443/0001/MC_DYJetsToLL_HT100-200_1142.root

file path found: /hdfs/store/user/varuns/MC2018_Autumn18_May2019/DYJetsToLL_M-50_HT-100to200_TuneCP5_PSweights_13TeV-madgraphMLM-pythia8/crab_job_DYJetsToLL_HT100-200/190516_074443/0001/MC_DYJetsToLL_HT100-200_1143.root
name: MC_DYJetsToLL_HT100-200_1143.root
filenumber: 143
Adding FullPathInputFile to chain:/hdfs/store/user/varuns/MC2018_Autumn18_May2019/DYJetsToLL_M-50_HT-100to200_TuneCP5_PSweights_13TeV-madgraphMLM-pythia8/crab_job_DYJetsToLL_HT100-200/190516_074443/0001/MC_DYJetsToLL_HT100-200_1143.root

file path found: /hdfs/store/user/varuns/MC2018_Autumn18_May2019/DYJetsToLL_M-50_HT-100to200_TuneCP5_PSweights_13TeV-madgraphMLM-pythia8/crab_job_DYJetsToLL_HT100-200/190516_074443/0001/MC_DYJetsToLL_HT100-200_1144.root
name: MC_DYJetsToLL_HT100-200_1144.root
filenumber: 144
Adding FullPathInputFile to chain:/hdfs/store/user/varuns/MC2018_Autumn18_May2019/DYJetsToLL_M-50_HT-100to200_TuneCP5_PSweights_13TeV-madgraphMLM-pythia8/crab_job_DYJetsToLL_HT100-200/190516_074443/0001/MC_DYJetsToLL_HT100-200_1144.root

file path found: /hdfs/store/user/varuns/MC2018_Autumn18_May2019/DYJetsToLL_M-50_HT-100to200_TuneCP5_PSweights_13TeV-madgraphMLM-pythia8/crab_job_DYJetsToLL_HT100-200/190516_074443/0001/MC_DYJetsToLL_HT100-200_1145.root
name: MC_DYJetsToLL_HT100-200_1145.root
filenumber: 145
Adding FullPathInputFile to chain:/hdfs/store/user/varuns/MC2018_Autumn18_May2019/DYJetsToLL_M-50_HT-100to200_TuneCP5_PSweights_13TeV-madgraphMLM-pythia8/crab_job_DYJetsToLL_HT100-200/190516_074443/0001/MC_DYJetsToLL_HT100-200_1145.root

file path found: /hdfs/store/user/varuns/MC2018_Autumn18_May2019/DYJetsToLL_M-50_HT-100to200_TuneCP5_PSweights_13TeV-madgraphMLM-pythia8/crab_job_DYJetsToLL_HT100-200/190516_074443/0001/MC_DYJetsToLL_HT100-200_1146.root
name: MC_DYJetsToLL_HT100-200_1146.root
filenumber: 146
Adding FullPathInputFile to chain:/hdfs/store/user/varuns/MC2018_Autumn18_May2019/DYJetsToLL_M-50_HT-100to200_TuneCP5_PSweights_13TeV-madgraphMLM-pythia8/crab_job_DYJetsToLL_HT100-200/190516_074443/0001/MC_DYJetsToLL_HT100-200_1146.root

file path found: /hdfs/store/user/varuns/MC2018_Autumn18_May2019/DYJetsToLL_M-50_HT-100to200_TuneCP5_PSweights_13TeV-madgraphMLM-pythia8/crab_job_DYJetsToLL_HT100-200/190516_074443/0001/MC_DYJetsToLL_HT100-200_1147.root
name: MC_DYJetsToLL_HT100-200_1147.root
filenumber: 147
Adding FullPathInputFile to chain:/hdfs/store/user/varuns/MC2018_Autumn18_May2019/DYJetsToLL_M-50_HT-100to200_TuneCP5_PSweights_13TeV-madgraphMLM-pythia8/crab_job_DYJetsToLL_HT100-200/190516_074443/0001/MC_DYJetsToLL_HT100-200_1147.root

file path found: /hdfs/store/user/varuns/MC2018_Autumn18_May2019/DYJetsToLL_M-50_HT-100to200_TuneCP5_PSweights_13TeV-madgraphMLM-pythia8/crab_job_DYJetsToLL_HT100-200/190516_074443/0001/MC_DYJetsToLL_HT100-200_1148.root
name: MC_DYJetsToLL_HT100-200_1148.root
filenumber: 148
Adding FullPathInputFile to chain:/hdfs/store/user/varuns/MC2018_Autumn18_May2019/DYJetsToLL_M-50_HT-100to200_TuneCP5_PSweights_13TeV-madgraphMLM-pythia8/crab_job_DYJetsToLL_HT100-200/190516_074443/0001/MC_DYJetsToLL_HT100-200_1148.root

file path found: /hdfs/store/user/varuns/MC2018_Autumn18_May2019/DYJetsToLL_M-50_HT-100to200_TuneCP5_PSweights_13TeV-madgraphMLM-pythia8/crab_job_DYJetsToLL_HT100-200/190516_074443/0001/MC_DYJetsToLL_HT100-200_1149.root
name: MC_DYJetsToLL_HT100-200_1149.root
filenumber: 149
Adding FullPathInputFile to chain:/hdfs/store/user/varuns/MC2018_Autumn18_May2019/DYJetsToLL_M-50_HT-100to200_TuneCP5_PSweights_13TeV-madgraphMLM-pythia8/crab_job_DYJetsToLL_HT100-200/190516_074443/0001/MC_DYJetsToLL_HT100-200_1149.root

file path found: /hdfs/store/user/varuns/MC2018_Autumn18_May2019/DYJetsToLL_M-50_HT-100to200_TuneCP5_PSweights_13TeV-madgraphMLM-pythia8/crab_job_DYJetsToLL_HT100-200/190516_074443/0001/MC_DYJetsToLL_HT100-200_1150.root
name: MC_DYJetsToLL_HT100-200_1150.root
filenumber: 150
Adding FullPathInputFile to chain:/hdfs/store/user/varuns/MC2018_Autumn18_May2019/DYJetsToLL_M-50_HT-100to200_TuneCP5_PSweights_13TeV-madgraphMLM-pythia8/crab_job_DYJetsToLL_HT100-200/190516_074443/0001/MC_DYJetsToLL_HT100-200_1150.root

file path found: /hdfs/store/user/varuns/MC2018_Autumn18_May2019/DYJetsToLL_M-50_HT-100to200_TuneCP5_PSweights_13TeV-madgraphMLM-pythia8/crab_job_DYJetsToLL_HT100-200/190516_074443/0001/MC_DYJetsToLL_HT100-200_1151.root
name: MC_DYJetsToLL_HT100-200_1151.root
filenumber: 151
Adding FullPathInputFile to chain:/hdfs/store/user/varuns/MC2018_Autumn18_May2019/DYJetsToLL_M-50_HT-100to200_TuneCP5_PSweights_13TeV-madgraphMLM-pythia8/crab_job_DYJetsToLL_HT100-200/190516_074443/0001/MC_DYJetsToLL_HT100-200_1151.root

file path found: /hdfs/store/user/varuns/MC2018_Autumn18_May2019/DYJetsToLL_M-50_HT-100to200_TuneCP5_PSweights_13TeV-madgraphMLM-pythia8/crab_job_DYJetsToLL_HT100-200/190516_074443/0001/MC_DYJetsToLL_HT100-200_1152.root
name: MC_DYJetsToLL_HT100-200_1152.root
filenumber: 152
Adding FullPathInputFile to chain:/hdfs/store/user/varuns/MC2018_Autumn18_May2019/DYJetsToLL_M-50_HT-100to200_TuneCP5_PSweights_13TeV-madgraphMLM-pythia8/crab_job_DYJetsToLL_HT100-200/190516_074443/0001/MC_DYJetsToLL_HT100-200_1152.root

file path found: /hdfs/store/user/varuns/MC2018_Autumn18_May2019/DYJetsToLL_M-50_HT-100to200_TuneCP5_PSweights_13TeV-madgraphMLM-pythia8/crab_job_DYJetsToLL_HT100-200/190516_074443/0001/MC_DYJetsToLL_HT100-200_1153.root
name: MC_DYJetsToLL_HT100-200_1153.root
filenumber: 153
Adding FullPathInputFile to chain:/hdfs/store/user/varuns/MC2018_Autumn18_May2019/DYJetsToLL_M-50_HT-100to200_TuneCP5_PSweights_13TeV-madgraphMLM-pythia8/crab_job_DYJetsToLL_HT100-200/190516_074443/0001/MC_DYJetsToLL_HT100-200_1153.root

file path found: /hdfs/store/user/varuns/MC2018_Autumn18_May2019/DYJetsToLL_M-50_HT-100to200_TuneCP5_PSweights_13TeV-madgraphMLM-pythia8/crab_job_DYJetsToLL_HT100-200/190516_074443/0001/MC_DYJetsToLL_HT100-200_1154.root
name: MC_DYJetsToLL_HT100-200_1154.root
filenumber: 154
Adding FullPathInputFile to chain:/hdfs/store/user/varuns/MC2018_Autumn18_May2019/DYJetsToLL_M-50_HT-100to200_TuneCP5_PSweights_13TeV-madgraphMLM-pythia8/crab_job_DYJetsToLL_HT100-200/190516_074443/0001/MC_DYJetsToLL_HT100-200_1154.root

file path found: /hdfs/store/user/varuns/MC2018_Autumn18_May2019/DYJetsToLL_M-50_HT-100to200_TuneCP5_PSweights_13TeV-madgraphMLM-pythia8/crab_job_DYJetsToLL_HT100-200/190516_074443/0001/MC_DYJetsToLL_HT100-200_1155.root
name: MC_DYJetsToLL_HT100-200_1155.root
filenumber: 155
Adding FullPathInputFile to chain:/hdfs/store/user/varuns/MC2018_Autumn18_May2019/DYJetsToLL_M-50_HT-100to200_TuneCP5_PSweights_13TeV-madgraphMLM-pythia8/crab_job_DYJetsToLL_HT100-200/190516_074443/0001/MC_DYJetsToLL_HT100-200_1155.root

file path found: /hdfs/store/user/varuns/MC2018_Autumn18_May2019/DYJetsToLL_M-50_HT-100to200_TuneCP5_PSweights_13TeV-madgraphMLM-pythia8/crab_job_DYJetsToLL_HT100-200/190516_074443/0001/MC_DYJetsToLL_HT100-200_1156.root
name: MC_DYJetsToLL_HT100-200_1156.root
filenumber: 156
Adding FullPathInputFile to chain:/hdfs/store/user/varuns/MC2018_Autumn18_May2019/DYJetsToLL_M-50_HT-100to200_TuneCP5_PSweights_13TeV-madgraphMLM-pythia8/crab_job_DYJetsToLL_HT100-200/190516_074443/0001/MC_DYJetsToLL_HT100-200_1156.root

file path found: /hdfs/store/user/varuns/MC2018_Autumn18_May2019/DYJetsToLL_M-50_HT-100to200_TuneCP5_PSweights_13TeV-madgraphMLM-pythia8/crab_job_DYJetsToLL_HT100-200/190516_074443/0001/MC_DYJetsToLL_HT100-200_1157.root
name: MC_DYJetsToLL_HT100-200_1157.root
filenumber: 157
Adding FullPathInputFile to chain:/hdfs/store/user/varuns/MC2018_Autumn18_May2019/DYJetsToLL_M-50_HT-100to200_TuneCP5_PSweights_13TeV-madgraphMLM-pythia8/crab_job_DYJetsToLL_HT100-200/190516_074443/0001/MC_DYJetsToLL_HT100-200_1157.root

file path found: /hdfs/store/user/varuns/MC2018_Autumn18_May2019/DYJetsToLL_M-50_HT-100to200_TuneCP5_PSweights_13TeV-madgraphMLM-pythia8/crab_job_DYJetsToLL_HT100-200/190516_074443/0001/MC_DYJetsToLL_HT100-200_1158.root
name: MC_DYJetsToLL_HT100-200_1158.root
filenumber: 158
Adding FullPathInputFile to chain:/hdfs/store/user/varuns/MC2018_Autumn18_May2019/DYJetsToLL_M-50_HT-100to200_TuneCP5_PSweights_13TeV-madgraphMLM-pythia8/crab_job_DYJetsToLL_HT100-200/190516_074443/0001/MC_DYJetsToLL_HT100-200_1158.root

file path found: /hdfs/store/user/varuns/MC2018_Autumn18_May2019/DYJetsToLL_M-50_HT-100to200_TuneCP5_PSweights_13TeV-madgraphMLM-pythia8/crab_job_DYJetsToLL_HT100-200/190516_074443/0001/MC_DYJetsToLL_HT100-200_1159.root
name: MC_DYJetsToLL_HT100-200_1159.root
filenumber: 159
Adding FullPathInputFile to chain:/hdfs/store/user/varuns/MC2018_Autumn18_May2019/DYJetsToLL_M-50_HT-100to200_TuneCP5_PSweights_13TeV-madgraphMLM-pythia8/crab_job_DYJetsToLL_HT100-200/190516_074443/0001/MC_DYJetsToLL_HT100-200_1159.root

file path found: /hdfs/store/user/varuns/MC2018_Autumn18_May2019/DYJetsToLL_M-50_HT-100to200_TuneCP5_PSweights_13TeV-madgraphMLM-pythia8/crab_job_DYJetsToLL_HT100-200/190516_074443/0001/MC_DYJetsToLL_HT100-200_1160.root
name: MC_DYJetsToLL_HT100-200_1160.root
filenumber: 160
Adding FullPathInputFile to chain:/hdfs/store/user/varuns/MC2018_Autumn18_May2019/DYJetsToLL_M-50_HT-100to200_TuneCP5_PSweights_13TeV-madgraphMLM-pythia8/crab_job_DYJetsToLL_HT100-200/190516_074443/0001/MC_DYJetsToLL_HT100-200_1160.root

file path found: /hdfs/store/user/varuns/MC2018_Autumn18_May2019/DYJetsToLL_M-50_HT-100to200_TuneCP5_PSweights_13TeV-madgraphMLM-pythia8/crab_job_DYJetsToLL_HT100-200/190516_074443/0001/MC_DYJetsToLL_HT100-200_1161.root
name: MC_DYJetsToLL_HT100-200_1161.root
filenumber: 161
Adding FullPathInputFile to chain:/hdfs/store/user/varuns/MC2018_Autumn18_May2019/DYJetsToLL_M-50_HT-100to200_TuneCP5_PSweights_13TeV-madgraphMLM-pythia8/crab_job_DYJetsToLL_HT100-200/190516_074443/0001/MC_DYJetsToLL_HT100-200_1161.root

file path found: /hdfs/store/user/varuns/MC2018_Autumn18_May2019/DYJetsToLL_M-50_HT-100to200_TuneCP5_PSweights_13TeV-madgraphMLM-pythia8/crab_job_DYJetsToLL_HT100-200/190516_074443/0001/MC_DYJetsToLL_HT100-200_1162.root
name: MC_DYJetsToLL_HT100-200_1162.root
filenumber: 162
Adding FullPathInputFile to chain:/hdfs/store/user/varuns/MC2018_Autumn18_May2019/DYJetsToLL_M-50_HT-100to200_TuneCP5_PSweights_13TeV-madgraphMLM-pythia8/crab_job_DYJetsToLL_HT100-200/190516_074443/0001/MC_DYJetsToLL_HT100-200_1162.root

file path found: /hdfs/store/user/varuns/MC2018_Autumn18_May2019/DYJetsToLL_M-50_HT-100to200_TuneCP5_PSweights_13TeV-madgraphMLM-pythia8/crab_job_DYJetsToLL_HT100-200/190516_074443/0001/MC_DYJetsToLL_HT100-200_1163.root
name: MC_DYJetsToLL_HT100-200_1163.root
filenumber: 163
Adding FullPathInputFile to chain:/hdfs/store/user/varuns/MC2018_Autumn18_May2019/DYJetsToLL_M-50_HT-100to200_TuneCP5_PSweights_13TeV-madgraphMLM-pythia8/crab_job_DYJetsToLL_HT100-200/190516_074443/0001/MC_DYJetsToLL_HT100-200_1163.root

file path found: /hdfs/store/user/varuns/MC2018_Autumn18_May2019/DYJetsToLL_M-50_HT-100to200_TuneCP5_PSweights_13TeV-madgraphMLM-pythia8/crab_job_DYJetsToLL_HT100-200/190516_074443/0001/MC_DYJetsToLL_HT100-200_1164.root
name: MC_DYJetsToLL_HT100-200_1164.root
filenumber: 164
Adding FullPathInputFile to chain:/hdfs/store/user/varuns/MC2018_Autumn18_May2019/DYJetsToLL_M-50_HT-100to200_TuneCP5_PSweights_13TeV-madgraphMLM-pythia8/crab_job_DYJetsToLL_HT100-200/190516_074443/0001/MC_DYJetsToLL_HT100-200_1164.root

file path found: /hdfs/store/user/varuns/MC2018_Autumn18_May2019/DYJetsToLL_M-50_HT-100to200_TuneCP5_PSweights_13TeV-madgraphMLM-pythia8/crab_job_DYJetsToLL_HT100-200/190516_074443/0001/MC_DYJetsToLL_HT100-200_1165.root
name: MC_DYJetsToLL_HT100-200_1165.root
filenumber: 165
Adding FullPathInputFile to chain:/hdfs/store/user/varuns/MC2018_Autumn18_May2019/DYJetsToLL_M-50_HT-100to200_TuneCP5_PSweights_13TeV-madgraphMLM-pythia8/crab_job_DYJetsToLL_HT100-200/190516_074443/0001/MC_DYJetsToLL_HT100-200_1165.root

file path found: /hdfs/store/user/varuns/MC2018_Autumn18_May2019/DYJetsToLL_M-50_HT-100to200_TuneCP5_PSweights_13TeV-madgraphMLM-pythia8/crab_job_DYJetsToLL_HT100-200/190516_074443/0001/.
name: .
filenumber: 166
file path found: /hdfs/store/user/varuns/MC2018_Autumn18_May2019/DYJetsToLL_M-50_HT-100to200_TuneCP5_PSweights_13TeV-madgraphMLM-pythia8/crab_job_DYJetsToLL_HT100-200/190516_074443/0001/..
name: ..
filenumber: 167
83 files added.
Initializing chain.
Coming in: 
nentries:820942
Running over 820942 events.
Finished entry 0/820941
Finished entry 10000/820941
Finished entry 20000/820941
Finished entry 30000/820941
Finished entry 40000/820941
Finished entry 50000/820941
Finished entry 60000/820941
Finished entry 70000/820941
Finished entry 80000/820941
Finished entry 90000/820941
Finished entry 100000/820941
Finished entry 110000/820941
Finished entry 120000/820941
Finished entry 130000/820941
Finished entry 140000/820941
Finished entry 150000/820941
Finished entry 160000/820941
Finished entry 170000/820941
Finished entry 180000/820941
Finished entry 190000/820941
Finished entry 200000/820941
Finished entry 210000/820941
Finished entry 220000/820941
Finished entry 230000/820941
Finished entry 240000/820941
Finished entry 250000/820941
Finished entry 260000/820941
Finished entry 270000/820941
Finished entry 280000/820941
Finished entry 290000/820941
Finished entry 300000/820941
Finished entry 310000/820941
Finished entry 320000/820941
Finished entry 330000/820941
Finished entry 340000/820941
Finished entry 350000/820941
Finished entry 360000/820941
Finished entry 370000/820941
Finished entry 380000/820941
Finished entry 390000/820941
Finished entry 400000/820941
Finished entry 410000/820941
Finished entry 420000/820941
Finished entry 430000/820941
Finished entry 440000/820941
Finished entry 450000/820941
Finished entry 460000/820941
Finished entry 470000/820941
Finished entry 480000/820941
Finished entry 490000/820941
Finished entry 500000/820941
Finished entry 510000/820941
Finished entry 520000/820941
Finished entry 530000/820941
Finished entry 540000/820941
Finished entry 550000/820941
Finished entry 560000/820941
Finished entry 570000/820941
Finished entry 580000/820941
Finished entry 590000/820941
Finished entry 600000/820941
Finished entry 610000/820941
Finished entry 620000/820941
Finished entry 630000/820941
Finished entry 640000/820941
Finished entry 650000/820941
Finished entry 660000/820941
Finished entry 670000/820941
Finished entry 680000/820941
Finished entry 690000/820941
Finished entry 700000/820941
Finished entry 710000/820941
Finished entry 720000/820941
Finished entry 730000/820941
Finished entry 740000/820941
Finished entry 750000/820941
Finished entry 760000/820941
Finished entry 770000/820941
Finished entry 780000/820941
Finished entry 790000/820941
Finished entry 800000/820941
Finished entry 810000/820941
Finished entry 820000/820941
