000 (695983.003.000) 07/12 06:42:20 Job submitted from host: <144.92.181.245:9618?addrs=144.92.181.245-9618+[2607-f388-101c-1000--372]-9618&noUDP&sock=6179_dbc8_3>
...
001 (695983.003.000) 07/12 08:14:19 Job executing on host: <144.92.181.150:9618?addrs=144.92.181.150-9618+[2607-f388-101c-1000--629]-9618&noUDP&sock=9864_7647_3>
...
006 (695983.003.000) 07/12 08:14:27 Image size of job updated: 176460
	74  -  MemoryUsage of job (MB)
	74892  -  ResidentSetSize of job (KB)
...
005 (695983.003.000) 07/12 08:33:06 Job terminated.
	(1) Normal termination (return value 0)
		Usr 0 00:02:02, Sys 0 00:00:06  -  Run Remote Usage
		Usr 0 00:00:00, Sys 0 00:00:00  -  Run Local Usage
		Usr 0 00:02:02, Sys 0 00:00:06  -  Total Remote Usage
		Usr 0 00:00:00, Sys 0 00:00:00  -  Total Local Usage
	298599  -  Run Bytes Sent By Job
	281287  -  Run Bytes Received By Job
	298599  -  Total Bytes Sent By Job
	281287  -  Total Bytes Received By Job
	Partitionable Resources :    Usage  Request Allocated
	   Cpus                 :                 1         1
	   Disk (KB)            :  1000000  2048000   7917968
	   Memory (MB)          :       74     1992      1992
...
