000 (696055.013.000) 07/12 06:44:10 Job submitted from host: <144.92.181.245:9618?addrs=144.92.181.245-9618+[2607-f388-101c-1000--372]-9618&noUDP&sock=6179_dbc8_3>
...
001 (695058.013.000) 07/12 07:42:52 Job executing on host: <144.92.181.190:9618?addrs=144.92.181.190-9618+[2607-f388-101c-1000--629]-9618&noUDP&sock=10049_5b4c_3>
...
006 (695058.013.000) 07/12 07:43:00 Image size of job updated: 123156
	54  -  MemoryUsage of job (MB)
	54756  -  ResidentSetSize of job (KB)
...
005 (695058.013.000) 07/12 07:58:08 Job terminated.
	(1) Normal termination (return value 0)
		Usr 0 00:01:38, Sys 0 00:00:05  -  Run Remote Usage
		Usr 0 00:00:00, Sys 0 00:00:00  -  Run Local Usage
		Usr 0 00:01:38, Sys 0 00:00:05  -  Total Remote Usage
		Usr 0 00:00:00, Sys 0 00:00:00  -  Total Local Usage
	356827  -  Run Bytes Sent By Job
	281287  -  Run Bytes Received By Job
	356827  -  Total Bytes Sent By Job
	281287  -  Total Bytes Received By Job
	Partitionable Resources :    Usage  Request Allocated
	   Cpus                 :                 1         1
	   Disk (KB)            :  1000000  2048000   7917241
	   Memory (MB)          :       54     1992      1992
...
001 (696055.013.000) 07/12 08:45:20 Job executing on host: <144.92.181.94:9618?addrs=144.92.181.94-9618+[2607-f388-101c-1000--629]-9618&noUDP&sock=10017_6844_3>
...
006 (696055.013.000) 07/12 08:45:29 Image size of job updated: 152852
	106  -  MemoryUsage of job (MB)
	108500  -  ResidentSetSize of job (KB)
...
006 (696055.013.000) 07/12 09:05:29 Image size of job updated: 254860
	249  -  MemoryUsage of job (MB)
	254844  -  ResidentSetSize of job (KB)
...
006 (696055.013.000) 07/12 09:05:58 Image size of job updated: 254972
	249  -  MemoryUsage of job (MB)
	254844  -  ResidentSetSize of job (KB)
...
005 (696055.013.000) 07/12 09:05:59 Job terminated.
	(1) Normal termination (return value 0)
		Usr 0 00:01:35, Sys 0 00:00:05  -  Run Remote Usage
		Usr 0 00:00:00, Sys 0 00:00:00  -  Run Local Usage
		Usr 0 00:01:35, Sys 0 00:00:05  -  Total Remote Usage
		Usr 0 00:00:00, Sys 0 00:00:00  -  Total Local Usage
	356827  -  Run Bytes Sent By Job
	281287  -  Run Bytes Received By Job
	356827  -  Total Bytes Sent By Job
	281287  -  Total Bytes Received By Job
	Partitionable Resources :    Usage  Request Allocated
	   Cpus                 :                 1         1
	   Disk (KB)            :  1000000  2048000   7916103
	   Memory (MB)          :      249     1992      1992
...
