000 (696055.002.000) 07/12 06:44:10 Job submitted from host: <144.92.181.245:9618?addrs=144.92.181.245-9618+[2607-f388-101c-1000--372]-9618&noUDP&sock=6179_dbc8_3>
...
001 (695058.002.000) 07/12 07:42:48 Job executing on host: <128.104.227.12:9618?addrs=128.104.227.12-9618+[2607-f388-101c-1000--629]-9618&noUDP&sock=10301_352a_3>
...
006 (695058.002.000) 07/12 07:42:57 Image size of job updated: 182360
	106  -  MemoryUsage of job (MB)
	108512  -  ResidentSetSize of job (KB)
...
006 (695058.002.000) 07/12 08:01:52 Image size of job updated: 252280
	106  -  MemoryUsage of job (MB)
	108512  -  ResidentSetSize of job (KB)
...
005 (695058.002.000) 07/12 08:01:54 Job terminated.
	(1) Normal termination (return value 0)
		Usr 0 00:01:25, Sys 0 00:00:04  -  Run Remote Usage
		Usr 0 00:00:00, Sys 0 00:00:00  -  Run Local Usage
		Usr 0 00:01:25, Sys 0 00:00:04  -  Total Remote Usage
		Usr 0 00:00:00, Sys 0 00:00:00  -  Total Local Usage
	356878  -  Run Bytes Sent By Job
	281287  -  Run Bytes Received By Job
	356878  -  Total Bytes Sent By Job
	281287  -  Total Bytes Received By Job
	Partitionable Resources :    Usage  Request Allocated
	   Cpus                 :                 1         1
	   Disk (KB)            :  1000000  2048000   9501185
	   Memory (MB)          :      106     1992      1992
...
001 (696055.002.000) 07/12 08:45:19 Job executing on host: <128.104.227.46:9618?addrs=128.104.227.46-9618+[2607-f388-101c-1000--629]-9618&noUDP&sock=10288_4a6f_3>
...
006 (696055.002.000) 07/12 08:45:28 Image size of job updated: 127936
	106  -  MemoryUsage of job (MB)
	108504  -  ResidentSetSize of job (KB)
...
006 (696055.002.000) 07/12 09:05:29 Image size of job updated: 251396
	246  -  MemoryUsage of job (MB)
	251396  -  ResidentSetSize of job (KB)
...
006 (696055.002.000) 07/12 09:17:43 Image size of job updated: 253568
	246  -  MemoryUsage of job (MB)
	251396  -  ResidentSetSize of job (KB)
...
005 (696055.002.000) 07/12 09:17:44 Job terminated.
	(1) Normal termination (return value 0)
		Usr 0 00:01:47, Sys 0 00:00:06  -  Run Remote Usage
		Usr 0 00:00:00, Sys 0 00:00:00  -  Run Local Usage
		Usr 0 00:01:47, Sys 0 00:00:06  -  Total Remote Usage
		Usr 0 00:00:00, Sys 0 00:00:00  -  Total Local Usage
	356878  -  Run Bytes Sent By Job
	281287  -  Run Bytes Received By Job
	356878  -  Total Bytes Sent By Job
	281287  -  Total Bytes Received By Job
	Partitionable Resources :    Usage  Request Allocated
	   Cpus                 :                 1         1
	   Disk (KB)            :  1000000  2048000   9501106
	   Memory (MB)          :      246     1992      1992
...
