000 (691477.001.000) 07/11 11:27:36 Job submitted from host: <144.92.181.245:9618?addrs=144.92.181.245-9618+[2607-f388-101c-1000--372]-9618&noUDP&sock=6179_dbc8_3>
...
001 (691477.001.000) 07/11 12:04:39 Job executing on host: <144.92.180.134:9618?addrs=144.92.180.134-9618+[2607-f388-101c-1000--629]-9618&noUDP&sock=10094_390f_3>
...
006 (691477.001.000) 07/11 12:04:48 Image size of job updated: 214968
	106  -  MemoryUsage of job (MB)
	108188  -  ResidentSetSize of job (KB)
...
006 (691477.001.000) 07/11 12:24:48 Image size of job updated: 237328
	232  -  MemoryUsage of job (MB)
	237228  -  ResidentSetSize of job (KB)
...
005 (691477.001.000) 07/11 12:33:19 Job terminated.
	(1) Normal termination (return value 0)
		Usr 0 00:02:35, Sys 0 00:00:07  -  Run Remote Usage
		Usr 0 00:00:00, Sys 0 00:00:00  -  Run Local Usage
		Usr 0 00:02:35, Sys 0 00:00:07  -  Total Remote Usage
		Usr 0 00:00:00, Sys 0 00:00:00  -  Total Local Usage
	262731  -  Run Bytes Sent By Job
	306644  -  Run Bytes Received By Job
	262731  -  Total Bytes Sent By Job
	306644  -  Total Bytes Received By Job
	Partitionable Resources :    Usage  Request Allocated
	   Cpus                 :                 1         1
	   Disk (KB)            :  1000000  2048000   7918298
	   Memory (MB)          :      232     1992      1992
...
