000 (691477.005.000) 07/11 11:27:36 Job submitted from host: <144.92.181.245:9618?addrs=144.92.181.245-9618+[2607-f388-101c-1000--372]-9618&noUDP&sock=6179_dbc8_3>
...
001 (691477.005.000) 07/11 12:04:55 Job executing on host: <128.104.227.101:9618?addrs=128.104.227.101-9618+[2607-f388-101c-1000--50]-9618&noUDP&sock=11662_bd8f_3>
...
006 (691477.005.000) 07/11 12:05:03 Image size of job updated: 36100
	8  -  MemoryUsage of job (MB)
	7776  -  ResidentSetSize of job (KB)
...
006 (691477.005.000) 07/11 12:25:03 Image size of job updated: 240520
	233  -  MemoryUsage of job (MB)
	237932  -  ResidentSetSize of job (KB)
...
005 (691477.005.000) 07/11 12:33:56 Job terminated.
	(1) Normal termination (return value 0)
		Usr 0 00:02:26, Sys 0 00:00:07  -  Run Remote Usage
		Usr 0 00:00:00, Sys 0 00:00:00  -  Run Local Usage
		Usr 0 00:02:26, Sys 0 00:00:07  -  Total Remote Usage
		Usr 0 00:00:00, Sys 0 00:00:00  -  Total Local Usage
	263014  -  Run Bytes Sent By Job
	306644  -  Run Bytes Received By Job
	263014  -  Total Bytes Sent By Job
	306644  -  Total Bytes Received By Job
	Partitionable Resources :    Usage  Request Allocated
	   Cpus                 :                 1         1
	   Disk (KB)            :  1000000  2048000   9503486
	   Memory (MB)          :      233     1992      1992
...
