000 (691393.011.000) 07/11 11:25:40 Job submitted from host: <144.92.181.245:9618?addrs=144.92.181.245-9618+[2607-f388-101c-1000--372]-9618&noUDP&sock=6179_dbc8_3>
...
001 (691393.011.000) 07/11 11:38:53 Job executing on host: <144.92.181.139:9618?addrs=144.92.181.139-9618+[2607-f388-101c-1000--629]-9618&noUDP&sock=9896_694f_3>
...
006 (691393.011.000) 07/11 11:39:02 Image size of job updated: 33356
	7  -  MemoryUsage of job (MB)
	7108  -  ResidentSetSize of job (KB)
...
005 (691393.011.000) 07/11 11:46:14 Job terminated.
	(1) Normal termination (return value 0)
		Usr 0 00:00:51, Sys 0 00:00:02  -  Run Remote Usage
		Usr 0 00:00:00, Sys 0 00:00:00  -  Run Local Usage
		Usr 0 00:00:51, Sys 0 00:00:02  -  Total Remote Usage
		Usr 0 00:00:00, Sys 0 00:00:00  -  Total Local Usage
	308597  -  Run Bytes Sent By Job
	306644  -  Run Bytes Received By Job
	308597  -  Total Bytes Sent By Job
	306644  -  Total Bytes Received By Job
	Partitionable Resources :    Usage  Request Allocated
	   Cpus                 :                 1         1
	   Disk (KB)            :  1000000  2048000   7917311
	   Memory (MB)          :        7     1992      1992
...
