000 (691393.006.000) 07/11 11:25:40 Job submitted from host: <144.92.181.245:9618?addrs=144.92.181.245-9618+[2607-f388-101c-1000--372]-9618&noUDP&sock=6179_dbc8_3>
...
001 (691393.006.000) 07/11 11:38:45 Job executing on host: <128.104.227.29:9618?addrs=128.104.227.29-9618+[2607-f388-101c-1000--629]-9618&noUDP&sock=10348_721d_3>
...
006 (691393.006.000) 07/11 11:38:54 Image size of job updated: 215336
	106  -  MemoryUsage of job (MB)
	108216  -  ResidentSetSize of job (KB)
...
005 (691393.006.000) 07/11 11:46:57 Job terminated.
	(1) Normal termination (return value 0)
		Usr 0 00:00:58, Sys 0 00:00:03  -  Run Remote Usage
		Usr 0 00:00:00, Sys 0 00:00:00  -  Run Local Usage
		Usr 0 00:00:58, Sys 0 00:00:03  -  Total Remote Usage
		Usr 0 00:00:00, Sys 0 00:00:00  -  Total Local Usage
	308528  -  Run Bytes Sent By Job
	306644  -  Run Bytes Received By Job
	308528  -  Total Bytes Sent By Job
	306644  -  Total Bytes Received By Job
	Partitionable Resources :    Usage  Request Allocated
	   Cpus                 :                 1         1
	   Disk (KB)            :  1000000  2048000   9500265
	   Memory (MB)          :      106     1992      1992
...
