file path found: /hdfs/store/user/varuns/Run2018_17Sep2018_May2019/EGamma/crab_job_EGamma2018C/190528_233953/0004/Data_EGamma2018C_4002.root
name: Data_EGamma2018C_4002.root
filenumber: 0
Adding FullPathInputFile to chain:/hdfs/store/user/varuns/Run2018_17Sep2018_May2019/EGamma/crab_job_EGamma2018C/190528_233953/0004/Data_EGamma2018C_4002.root

file path found: /hdfs/store/user/varuns/Run2018_17Sep2018_May2019/EGamma/crab_job_EGamma2018C/190528_233953/0004/Data_EGamma2018C_4190.root
name: Data_EGamma2018C_4190.root
filenumber: 1
Adding FullPathInputFile to chain:/hdfs/store/user/varuns/Run2018_17Sep2018_May2019/EGamma/crab_job_EGamma2018C/190528_233953/0004/Data_EGamma2018C_4190.root

file path found: /hdfs/store/user/varuns/Run2018_17Sep2018_May2019/EGamma/crab_job_EGamma2018C/190528_233953/0004/.
name: .
filenumber: 2
file path found: /hdfs/store/user/varuns/Run2018_17Sep2018_May2019/EGamma/crab_job_EGamma2018C/190528_233953/0004/..
name: ..
filenumber: 3
2 files added.
Initializing chain.
Coming in: 
nentries:55823
Running over 55823 events.
Finished entry 0/55822
Finished entry 10000/55822
Finished entry 20000/55822
Finished entry 30000/55822
Finished entry 40000/55822
Finished entry 50000/55822
