000 (695992.004.000) 07/12 06:42:35 Job submitted from host: <144.92.181.245:9618?addrs=144.92.181.245-9618+[2607-f388-101c-1000--372]-9618&noUDP&sock=6179_dbc8_3>
...
001 (695992.004.000) 07/12 08:18:43 Job executing on host: <128.104.227.22:9618?addrs=128.104.227.22-9618+[2607-f388-101c-1000--629]-9618&noUDP&sock=10298_2661_3>
...
006 (695992.004.000) 07/12 08:18:51 Image size of job updated: 216716
	106  -  MemoryUsage of job (MB)
	108512  -  ResidentSetSize of job (KB)
...
006 (695992.004.000) 07/12 08:38:51 Image size of job updated: 262048
	256  -  MemoryUsage of job (MB)
	261692  -  ResidentSetSize of job (KB)
...
006 (695992.004.000) 07/12 08:52:08 Image size of job updated: 262432
	256  -  MemoryUsage of job (MB)
	261692  -  ResidentSetSize of job (KB)
...
005 (695992.004.000) 07/12 08:52:09 Job terminated.
	(1) Normal termination (return value 0)
		Usr 0 00:02:05, Sys 0 00:00:06  -  Run Remote Usage
		Usr 0 00:00:00, Sys 0 00:00:00  -  Run Local Usage
		Usr 0 00:02:05, Sys 0 00:00:06  -  Total Remote Usage
		Usr 0 00:00:00, Sys 0 00:00:00  -  Total Local Usage
	375014  -  Run Bytes Sent By Job
	281287  -  Run Bytes Received By Job
	375014  -  Total Bytes Sent By Job
	281287  -  Total Bytes Received By Job
	Partitionable Resources :    Usage  Request Allocated
	   Cpus                 :                 1         1
	   Disk (KB)            :  1000000  2048000   9500771
	   Memory (MB)          :      256     1992      1992
...
