000 (695992.009.000) 07/12 06:42:35 Job submitted from host: <144.92.181.245:9618?addrs=144.92.181.245-9618+[2607-f388-101c-1000--372]-9618&noUDP&sock=6179_dbc8_3>
...
001 (695992.009.000) 07/12 08:18:46 Job executing on host: <128.104.227.99:9618?addrs=128.104.227.99-9618+[2607-f388-101c-1000--629]-9618&noUDP&sock=11802_c4d1_10>
...
006 (695992.009.000) 07/12 08:18:55 Image size of job updated: 216320
	106  -  MemoryUsage of job (MB)
	108520  -  ResidentSetSize of job (KB)
...
005 (695992.009.000) 07/12 08:38:10 Job terminated.
	(1) Normal termination (return value 0)
		Usr 0 00:02:03, Sys 0 00:00:06  -  Run Remote Usage
		Usr 0 00:00:00, Sys 0 00:00:00  -  Run Local Usage
		Usr 0 00:02:03, Sys 0 00:00:06  -  Total Remote Usage
		Usr 0 00:00:00, Sys 0 00:00:00  -  Total Local Usage
	374907  -  Run Bytes Sent By Job
	281287  -  Run Bytes Received By Job
	374907  -  Total Bytes Sent By Job
	281287  -  Total Bytes Received By Job
	Partitionable Resources :    Usage  Request Allocated
	   Cpus                 :                 1         1
	   Disk (KB)            :  1000000  2048000   9503734
	   Memory (MB)          :      106     1992      1992
...
