000 (691394.002.000) 07/11 11:25:41 Job submitted from host: <144.92.181.245:9618?addrs=144.92.181.245-9618+[2607-f388-101c-1000--372]-9618&noUDP&sock=6179_dbc8_3>
...
001 (691394.002.000) 07/11 11:38:53 Job executing on host: <128.104.227.105:9618?addrs=128.104.227.105-9618+[2607-f388-101c-1000--54]-9618&noUDP&sock=11623_fd5e_3>
...
006 (691394.002.000) 07/11 11:39:03 Image size of job updated: 30168
	7  -  MemoryUsage of job (MB)
	6192  -  ResidentSetSize of job (KB)
...
006 (691394.002.000) 07/11 11:51:15 Image size of job updated: 130920
	7  -  MemoryUsage of job (MB)
	6192  -  ResidentSetSize of job (KB)
...
005 (691394.002.000) 07/11 11:51:16 Job terminated.
	(1) Normal termination (return value 0)
		Usr 0 00:00:54, Sys 0 00:00:04  -  Run Remote Usage
		Usr 0 00:00:00, Sys 0 00:00:00  -  Run Local Usage
		Usr 0 00:00:54, Sys 0 00:00:04  -  Total Remote Usage
		Usr 0 00:00:00, Sys 0 00:00:00  -  Total Local Usage
	308849  -  Run Bytes Sent By Job
	306644  -  Run Bytes Received By Job
	308849  -  Total Bytes Sent By Job
	306644  -  Total Bytes Received By Job
	Partitionable Resources :    Usage  Request Allocated
	   Cpus                 :                 1         1
	   Disk (KB)            :  1000000  2048000   9503164
	   Memory (MB)          :        7     1992      1992
...
