000 (691394.006.000) 07/11 11:25:41 Job submitted from host: <144.92.181.245:9618?addrs=144.92.181.245-9618+[2607-f388-101c-1000--372]-9618&noUDP&sock=6179_dbc8_3>
...
001 (691394.006.000) 07/11 11:38:53 Job executing on host: <128.104.227.116:9618?addrs=128.104.227.116-9618+[2607-f388-101c-1000--65]-9618&noUDP&sock=11696_0fc7_10>
...
006 (691394.006.000) 07/11 11:39:03 Image size of job updated: 1772
	1  -  MemoryUsage of job (MB)
	756  -  ResidentSetSize of job (KB)
...
006 (691394.006.000) 07/11 11:47:10 Image size of job updated: 370496
	1  -  MemoryUsage of job (MB)
	756  -  ResidentSetSize of job (KB)
...
005 (691394.006.000) 07/11 11:47:11 Job terminated.
	(1) Normal termination (return value 0)
		Usr 0 00:00:44, Sys 0 00:00:02  -  Run Remote Usage
		Usr 0 00:00:00, Sys 0 00:00:00  -  Run Local Usage
		Usr 0 00:00:44, Sys 0 00:00:02  -  Total Remote Usage
		Usr 0 00:00:00, Sys 0 00:00:00  -  Total Local Usage
	308308  -  Run Bytes Sent By Job
	306644  -  Run Bytes Received By Job
	308308  -  Total Bytes Sent By Job
	306644  -  Total Bytes Received By Job
	Partitionable Resources :    Usage  Request Allocated
	   Cpus                 :                 1         1
	   Disk (KB)            :  1000000  2048000   9503198
	   Memory (MB)          :        1     1992      1992
...
