000 (691394.007.000) 07/11 11:25:41 Job submitted from host: <144.92.181.245:9618?addrs=144.92.181.245-9618+[2607-f388-101c-1000--372]-9618&noUDP&sock=6179_dbc8_3>
...
001 (691394.007.000) 07/11 11:38:51 Job executing on host: <128.104.227.64:9618?addrs=128.104.227.64-9618+[2607-f388-101c-1000--629]-9618&noUDP&sock=10291_5937_3>
...
006 (691394.007.000) 07/11 11:39:00 Image size of job updated: 214832
	106  -  MemoryUsage of job (MB)
	108212  -  ResidentSetSize of job (KB)
...
005 (691394.007.000) 07/11 11:50:57 Job terminated.
	(1) Normal termination (return value 0)
		Usr 0 00:01:08, Sys 0 00:00:04  -  Run Remote Usage
		Usr 0 00:00:00, Sys 0 00:00:00  -  Run Local Usage
		Usr 0 00:01:08, Sys 0 00:00:04  -  Total Remote Usage
		Usr 0 00:00:00, Sys 0 00:00:00  -  Total Local Usage
	309368  -  Run Bytes Sent By Job
	306644  -  Run Bytes Received By Job
	309368  -  Total Bytes Sent By Job
	306644  -  Total Bytes Received By Job
	Partitionable Resources :    Usage  Request Allocated
	   Cpus                 :                 1         1
	   Disk (KB)            :  1000000  2048000   9500978
	   Memory (MB)          :      106     1992      1992
...
