000 (691444.015.000) 07/11 11:26:50 Job submitted from host: <144.92.181.245:9618?addrs=144.92.181.245-9618+[2607-f388-101c-1000--372]-9618&noUDP&sock=6179_dbc8_3>
...
001 (691444.015.000) 07/11 11:51:41 Job executing on host: <128.104.227.51:9618?addrs=128.104.227.51-9618+[2607-f388-101c-1000--629]-9618&noUDP&sock=10396_5ea9_3>
...
006 (691444.015.000) 07/11 11:51:49 Image size of job updated: 218400
	106  -  MemoryUsage of job (MB)
	108380  -  ResidentSetSize of job (KB)
...
006 (691444.015.000) 07/11 12:11:49 Image size of job updated: 235992
	230  -  MemoryUsage of job (MB)
	234552  -  ResidentSetSize of job (KB)
...
006 (691444.015.000) 07/11 12:24:38 Image size of job updated: 480816
	230  -  MemoryUsage of job (MB)
	234552  -  ResidentSetSize of job (KB)
...
005 (691444.015.000) 07/11 12:24:39 Job terminated.
	(1) Normal termination (return value 0)
		Usr 0 00:02:35, Sys 0 00:00:08  -  Run Remote Usage
		Usr 0 00:00:00, Sys 0 00:00:00  -  Run Local Usage
		Usr 0 00:02:35, Sys 0 00:00:08  -  Total Remote Usage
		Usr 0 00:00:00, Sys 0 00:00:00  -  Total Local Usage
	356353  -  Run Bytes Sent By Job
	306644  -  Run Bytes Received By Job
	356353  -  Total Bytes Sent By Job
	306644  -  Total Bytes Received By Job
	Partitionable Resources :    Usage  Request Allocated
	   Cpus                 :                 1         1
	   Disk (KB)            :  1000000  2048000   9501265
	   Memory (MB)          :      230     1992      1992
...
