000 (691444.004.000) 07/11 11:26:50 Job submitted from host: <144.92.181.245:9618?addrs=144.92.181.245-9618+[2607-f388-101c-1000--372]-9618&noUDP&sock=6179_dbc8_3>
...
001 (691444.004.000) 07/11 11:51:05 Job executing on host: <144.92.180.147:9618?addrs=144.92.180.147-9618+[2607-f388-101c-1000--629]-9618&noUDP&sock=7756_8ca2_3>
...
006 (691444.004.000) 07/11 11:51:14 Image size of job updated: 214780
	106  -  MemoryUsage of job (MB)
	108396  -  ResidentSetSize of job (KB)
...
006 (691444.004.000) 07/11 12:11:15 Image size of job updated: 238928
	234  -  MemoryUsage of job (MB)
	238928  -  ResidentSetSize of job (KB)
...
006 (691444.004.000) 07/11 12:18:42 Image size of job updated: 239300
	234  -  MemoryUsage of job (MB)
	238928  -  ResidentSetSize of job (KB)
...
005 (691444.004.000) 07/11 12:18:43 Job terminated.
	(1) Normal termination (return value 0)
		Usr 0 00:02:06, Sys 0 00:00:07  -  Run Remote Usage
		Usr 0 00:00:00, Sys 0 00:00:00  -  Run Local Usage
		Usr 0 00:02:06, Sys 0 00:00:07  -  Total Remote Usage
		Usr 0 00:00:00, Sys 0 00:00:00  -  Total Local Usage
	353698  -  Run Bytes Sent By Job
	306644  -  Run Bytes Received By Job
	353698  -  Total Bytes Sent By Job
	306644  -  Total Bytes Received By Job
	Partitionable Resources :    Usage  Request Allocated
	   Cpus                 :                 1         1
	   Disk (KB)            :  1000000  2048000   7917508
	   Memory (MB)          :      234     1992      1992
...
