000 (691444.006.000) 07/11 11:26:50 Job submitted from host: <144.92.181.245:9618?addrs=144.92.181.245-9618+[2607-f388-101c-1000--372]-9618&noUDP&sock=6179_dbc8_3>
...
001 (691444.006.000) 07/11 11:51:14 Job executing on host: <128.104.227.101:9618?addrs=128.104.227.101-9618+[2607-f388-101c-1000--50]-9618&noUDP&sock=11662_bd8f_3>
...
006 (691444.006.000) 07/11 11:51:24 Image size of job updated: 159688
	44  -  MemoryUsage of job (MB)
	44308  -  ResidentSetSize of job (KB)
...
006 (691444.006.000) 07/11 12:11:23 Image size of job updated: 240464
	233  -  MemoryUsage of job (MB)
	238056  -  ResidentSetSize of job (KB)
...
006 (691444.006.000) 07/11 12:27:51 Image size of job updated: 481784
	233  -  MemoryUsage of job (MB)
	238056  -  ResidentSetSize of job (KB)
...
005 (691444.006.000) 07/11 12:27:52 Job terminated.
	(1) Normal termination (return value 0)
		Usr 0 00:02:25, Sys 0 00:00:07  -  Run Remote Usage
		Usr 0 00:00:00, Sys 0 00:00:00  -  Run Local Usage
		Usr 0 00:02:25, Sys 0 00:00:07  -  Total Remote Usage
		Usr 0 00:00:00, Sys 0 00:00:00  -  Total Local Usage
	354486  -  Run Bytes Sent By Job
	306644  -  Run Bytes Received By Job
	354486  -  Total Bytes Sent By Job
	306644  -  Total Bytes Received By Job
	Partitionable Resources :    Usage  Request Allocated
	   Cpus                 :                 1         1
	   Disk (KB)            :  1000000  2048000   9503486
	   Memory (MB)          :      233     1992      1992
...
