000 (691444.008.000) 07/11 11:26:50 Job submitted from host: <144.92.181.245:9618?addrs=144.92.181.245-9618+[2607-f388-101c-1000--372]-9618&noUDP&sock=6179_dbc8_3>
...
001 (691444.008.000) 07/11 11:51:24 Job executing on host: <144.92.181.186:9618?addrs=144.92.181.186-9618+[2607-f388-101c-1000--629]-9618&noUDP&sock=10064_a538_3>
...
006 (691444.008.000) 07/11 11:51:33 Image size of job updated: 216756
	106  -  MemoryUsage of job (MB)
	108380  -  ResidentSetSize of job (KB)
...
006 (691444.008.000) 07/11 12:11:34 Image size of job updated: 238268
	231  -  MemoryUsage of job (MB)
	235648  -  ResidentSetSize of job (KB)
...
005 (691444.008.000) 07/11 12:20:40 Job terminated.
	(1) Normal termination (return value 0)
		Usr 0 00:02:26, Sys 0 00:00:06  -  Run Remote Usage
		Usr 0 00:00:00, Sys 0 00:00:00  -  Run Local Usage
		Usr 0 00:02:26, Sys 0 00:00:06  -  Total Remote Usage
		Usr 0 00:00:00, Sys 0 00:00:00  -  Total Local Usage
	354394  -  Run Bytes Sent By Job
	306644  -  Run Bytes Received By Job
	354394  -  Total Bytes Sent By Job
	306644  -  Total Bytes Received By Job
	Partitionable Resources :    Usage  Request Allocated
	   Cpus                 :                 1         1
	   Disk (KB)            :  1000000  2048000   7917456
	   Memory (MB)          :      231     1992      1992
...
