file path found: /hdfs/store/user/varuns/Run2018D_Prompt/EGamma/crab_job_EGamma2018Dv2_2/190526_233615/0001/Data_EGamma2018Dv2_2_1013.root
name: Data_EGamma2018Dv2_2_1013.root
filenumber: 0
Adding FullPathInputFile to chain:/hdfs/store/user/varuns/Run2018D_Prompt/EGamma/crab_job_EGamma2018Dv2_2/190526_233615/0001/Data_EGamma2018Dv2_2_1013.root

file path found: /hdfs/store/user/varuns/Run2018D_Prompt/EGamma/crab_job_EGamma2018Dv2_2/190526_233615/0001/Data_EGamma2018Dv2_2_1088.root
name: Data_EGamma2018Dv2_2_1088.root
filenumber: 1
Adding FullPathInputFile to chain:/hdfs/store/user/varuns/Run2018D_Prompt/EGamma/crab_job_EGamma2018Dv2_2/190526_233615/0001/Data_EGamma2018Dv2_2_1088.root

file path found: /hdfs/store/user/varuns/Run2018D_Prompt/EGamma/crab_job_EGamma2018Dv2_2/190526_233615/0001/Data_EGamma2018Dv2_2_1097.root
name: Data_EGamma2018Dv2_2_1097.root
filenumber: 2
Adding FullPathInputFile to chain:/hdfs/store/user/varuns/Run2018D_Prompt/EGamma/crab_job_EGamma2018Dv2_2/190526_233615/0001/Data_EGamma2018Dv2_2_1097.root

file path found: /hdfs/store/user/varuns/Run2018D_Prompt/EGamma/crab_job_EGamma2018Dv2_2/190526_233615/0001/Data_EGamma2018Dv2_2_1115.root
name: Data_EGamma2018Dv2_2_1115.root
filenumber: 3
Adding FullPathInputFile to chain:/hdfs/store/user/varuns/Run2018D_Prompt/EGamma/crab_job_EGamma2018Dv2_2/190526_233615/0001/Data_EGamma2018Dv2_2_1115.root

file path found: /hdfs/store/user/varuns/Run2018D_Prompt/EGamma/crab_job_EGamma2018Dv2_2/190526_233615/0001/Data_EGamma2018Dv2_2_1133.root
name: Data_EGamma2018Dv2_2_1133.root
filenumber: 4
Adding FullPathInputFile to chain:/hdfs/store/user/varuns/Run2018D_Prompt/EGamma/crab_job_EGamma2018Dv2_2/190526_233615/0001/Data_EGamma2018Dv2_2_1133.root

file path found: /hdfs/store/user/varuns/Run2018D_Prompt/EGamma/crab_job_EGamma2018Dv2_2/190526_233615/0001/Data_EGamma2018Dv2_2_1148.root
name: Data_EGamma2018Dv2_2_1148.root
filenumber: 5
Adding FullPathInputFile to chain:/hdfs/store/user/varuns/Run2018D_Prompt/EGamma/crab_job_EGamma2018Dv2_2/190526_233615/0001/Data_EGamma2018Dv2_2_1148.root

file path found: /hdfs/store/user/varuns/Run2018D_Prompt/EGamma/crab_job_EGamma2018Dv2_2/190526_233615/0001/Data_EGamma2018Dv2_2_1154.root
name: Data_EGamma2018Dv2_2_1154.root
filenumber: 6
Adding FullPathInputFile to chain:/hdfs/store/user/varuns/Run2018D_Prompt/EGamma/crab_job_EGamma2018Dv2_2/190526_233615/0001/Data_EGamma2018Dv2_2_1154.root

file path found: /hdfs/store/user/varuns/Run2018D_Prompt/EGamma/crab_job_EGamma2018Dv2_2/190526_233615/0001/Data_EGamma2018Dv2_2_1155.root
name: Data_EGamma2018Dv2_2_1155.root
filenumber: 7
Adding FullPathInputFile to chain:/hdfs/store/user/varuns/Run2018D_Prompt/EGamma/crab_job_EGamma2018Dv2_2/190526_233615/0001/Data_EGamma2018Dv2_2_1155.root

file path found: /hdfs/store/user/varuns/Run2018D_Prompt/EGamma/crab_job_EGamma2018Dv2_2/190526_233615/0001/Data_EGamma2018Dv2_2_1158.root
name: Data_EGamma2018Dv2_2_1158.root
filenumber: 8
Adding FullPathInputFile to chain:/hdfs/store/user/varuns/Run2018D_Prompt/EGamma/crab_job_EGamma2018Dv2_2/190526_233615/0001/Data_EGamma2018Dv2_2_1158.root

file path found: /hdfs/store/user/varuns/Run2018D_Prompt/EGamma/crab_job_EGamma2018Dv2_2/190526_233615/0001/Data_EGamma2018Dv2_2_1162.root
name: Data_EGamma2018Dv2_2_1162.root
filenumber: 9
Adding FullPathInputFile to chain:/hdfs/store/user/varuns/Run2018D_Prompt/EGamma/crab_job_EGamma2018Dv2_2/190526_233615/0001/Data_EGamma2018Dv2_2_1162.root

file path found: /hdfs/store/user/varuns/Run2018D_Prompt/EGamma/crab_job_EGamma2018Dv2_2/190526_233615/0001/Data_EGamma2018Dv2_2_1163.root
name: Data_EGamma2018Dv2_2_1163.root
filenumber: 10
Adding FullPathInputFile to chain:/hdfs/store/user/varuns/Run2018D_Prompt/EGamma/crab_job_EGamma2018Dv2_2/190526_233615/0001/Data_EGamma2018Dv2_2_1163.root

file path found: /hdfs/store/user/varuns/Run2018D_Prompt/EGamma/crab_job_EGamma2018Dv2_2/190526_233615/0001/Data_EGamma2018Dv2_2_1165.root
name: Data_EGamma2018Dv2_2_1165.root
filenumber: 11
Adding FullPathInputFile to chain:/hdfs/store/user/varuns/Run2018D_Prompt/EGamma/crab_job_EGamma2018Dv2_2/190526_233615/0001/Data_EGamma2018Dv2_2_1165.root

file path found: /hdfs/store/user/varuns/Run2018D_Prompt/EGamma/crab_job_EGamma2018Dv2_2/190526_233615/0001/Data_EGamma2018Dv2_2_1166.root
name: Data_EGamma2018Dv2_2_1166.root
filenumber: 12
Adding FullPathInputFile to chain:/hdfs/store/user/varuns/Run2018D_Prompt/EGamma/crab_job_EGamma2018Dv2_2/190526_233615/0001/Data_EGamma2018Dv2_2_1166.root

file path found: /hdfs/store/user/varuns/Run2018D_Prompt/EGamma/crab_job_EGamma2018Dv2_2/190526_233615/0001/Data_EGamma2018Dv2_2_1167.root
name: Data_EGamma2018Dv2_2_1167.root
filenumber: 13
Adding FullPathInputFile to chain:/hdfs/store/user/varuns/Run2018D_Prompt/EGamma/crab_job_EGamma2018Dv2_2/190526_233615/0001/Data_EGamma2018Dv2_2_1167.root

file path found: /hdfs/store/user/varuns/Run2018D_Prompt/EGamma/crab_job_EGamma2018Dv2_2/190526_233615/0001/Data_EGamma2018Dv2_2_1168.root
name: Data_EGamma2018Dv2_2_1168.root
filenumber: 14
Adding FullPathInputFile to chain:/hdfs/store/user/varuns/Run2018D_Prompt/EGamma/crab_job_EGamma2018Dv2_2/190526_233615/0001/Data_EGamma2018Dv2_2_1168.root

file path found: /hdfs/store/user/varuns/Run2018D_Prompt/EGamma/crab_job_EGamma2018Dv2_2/190526_233615/0001/Data_EGamma2018Dv2_2_1170.root
name: Data_EGamma2018Dv2_2_1170.root
filenumber: 15
Adding FullPathInputFile to chain:/hdfs/store/user/varuns/Run2018D_Prompt/EGamma/crab_job_EGamma2018Dv2_2/190526_233615/0001/Data_EGamma2018Dv2_2_1170.root

file path found: /hdfs/store/user/varuns/Run2018D_Prompt/EGamma/crab_job_EGamma2018Dv2_2/190526_233615/0001/Data_EGamma2018Dv2_2_1172.root
name: Data_EGamma2018Dv2_2_1172.root
filenumber: 16
Adding FullPathInputFile to chain:/hdfs/store/user/varuns/Run2018D_Prompt/EGamma/crab_job_EGamma2018Dv2_2/190526_233615/0001/Data_EGamma2018Dv2_2_1172.root

file path found: /hdfs/store/user/varuns/Run2018D_Prompt/EGamma/crab_job_EGamma2018Dv2_2/190526_233615/0001/Data_EGamma2018Dv2_2_1173.root
name: Data_EGamma2018Dv2_2_1173.root
filenumber: 17
Adding FullPathInputFile to chain:/hdfs/store/user/varuns/Run2018D_Prompt/EGamma/crab_job_EGamma2018Dv2_2/190526_233615/0001/Data_EGamma2018Dv2_2_1173.root

file path found: /hdfs/store/user/varuns/Run2018D_Prompt/EGamma/crab_job_EGamma2018Dv2_2/190526_233615/0001/Data_EGamma2018Dv2_2_1174.root
name: Data_EGamma2018Dv2_2_1174.root
filenumber: 18
Adding FullPathInputFile to chain:/hdfs/store/user/varuns/Run2018D_Prompt/EGamma/crab_job_EGamma2018Dv2_2/190526_233615/0001/Data_EGamma2018Dv2_2_1174.root

file path found: /hdfs/store/user/varuns/Run2018D_Prompt/EGamma/crab_job_EGamma2018Dv2_2/190526_233615/0001/Data_EGamma2018Dv2_2_1176.root
name: Data_EGamma2018Dv2_2_1176.root
filenumber: 19
Adding FullPathInputFile to chain:/hdfs/store/user/varuns/Run2018D_Prompt/EGamma/crab_job_EGamma2018Dv2_2/190526_233615/0001/Data_EGamma2018Dv2_2_1176.root

file path found: /hdfs/store/user/varuns/Run2018D_Prompt/EGamma/crab_job_EGamma2018Dv2_2/190526_233615/0001/Data_EGamma2018Dv2_2_1177.root
name: Data_EGamma2018Dv2_2_1177.root
filenumber: 20
Adding FullPathInputFile to chain:/hdfs/store/user/varuns/Run2018D_Prompt/EGamma/crab_job_EGamma2018Dv2_2/190526_233615/0001/Data_EGamma2018Dv2_2_1177.root

file path found: /hdfs/store/user/varuns/Run2018D_Prompt/EGamma/crab_job_EGamma2018Dv2_2/190526_233615/0001/Data_EGamma2018Dv2_2_1178.root
name: Data_EGamma2018Dv2_2_1178.root
filenumber: 21
Adding FullPathInputFile to chain:/hdfs/store/user/varuns/Run2018D_Prompt/EGamma/crab_job_EGamma2018Dv2_2/190526_233615/0001/Data_EGamma2018Dv2_2_1178.root

file path found: /hdfs/store/user/varuns/Run2018D_Prompt/EGamma/crab_job_EGamma2018Dv2_2/190526_233615/0001/Data_EGamma2018Dv2_2_1179.root
name: Data_EGamma2018Dv2_2_1179.root
filenumber: 22
Adding FullPathInputFile to chain:/hdfs/store/user/varuns/Run2018D_Prompt/EGamma/crab_job_EGamma2018Dv2_2/190526_233615/0001/Data_EGamma2018Dv2_2_1179.root

file path found: /hdfs/store/user/varuns/Run2018D_Prompt/EGamma/crab_job_EGamma2018Dv2_2/190526_233615/0001/Data_EGamma2018Dv2_2_1180.root
name: Data_EGamma2018Dv2_2_1180.root
filenumber: 23
Adding FullPathInputFile to chain:/hdfs/store/user/varuns/Run2018D_Prompt/EGamma/crab_job_EGamma2018Dv2_2/190526_233615/0001/Data_EGamma2018Dv2_2_1180.root

file path found: /hdfs/store/user/varuns/Run2018D_Prompt/EGamma/crab_job_EGamma2018Dv2_2/190526_233615/0001/Data_EGamma2018Dv2_2_1181.root
name: Data_EGamma2018Dv2_2_1181.root
filenumber: 24
Adding FullPathInputFile to chain:/hdfs/store/user/varuns/Run2018D_Prompt/EGamma/crab_job_EGamma2018Dv2_2/190526_233615/0001/Data_EGamma2018Dv2_2_1181.root

file path found: /hdfs/store/user/varuns/Run2018D_Prompt/EGamma/crab_job_EGamma2018Dv2_2/190526_233615/0001/Data_EGamma2018Dv2_2_1182.root
name: Data_EGamma2018Dv2_2_1182.root
filenumber: 25
Adding FullPathInputFile to chain:/hdfs/store/user/varuns/Run2018D_Prompt/EGamma/crab_job_EGamma2018Dv2_2/190526_233615/0001/Data_EGamma2018Dv2_2_1182.root

file path found: /hdfs/store/user/varuns/Run2018D_Prompt/EGamma/crab_job_EGamma2018Dv2_2/190526_233615/0001/Data_EGamma2018Dv2_2_1183.root
name: Data_EGamma2018Dv2_2_1183.root
filenumber: 26
Adding FullPathInputFile to chain:/hdfs/store/user/varuns/Run2018D_Prompt/EGamma/crab_job_EGamma2018Dv2_2/190526_233615/0001/Data_EGamma2018Dv2_2_1183.root

file path found: /hdfs/store/user/varuns/Run2018D_Prompt/EGamma/crab_job_EGamma2018Dv2_2/190526_233615/0001/Data_EGamma2018Dv2_2_1184.root
name: Data_EGamma2018Dv2_2_1184.root
filenumber: 27
Adding FullPathInputFile to chain:/hdfs/store/user/varuns/Run2018D_Prompt/EGamma/crab_job_EGamma2018Dv2_2/190526_233615/0001/Data_EGamma2018Dv2_2_1184.root

file path found: /hdfs/store/user/varuns/Run2018D_Prompt/EGamma/crab_job_EGamma2018Dv2_2/190526_233615/0001/Data_EGamma2018Dv2_2_1185.root
name: Data_EGamma2018Dv2_2_1185.root
filenumber: 28
Adding FullPathInputFile to chain:/hdfs/store/user/varuns/Run2018D_Prompt/EGamma/crab_job_EGamma2018Dv2_2/190526_233615/0001/Data_EGamma2018Dv2_2_1185.root

file path found: /hdfs/store/user/varuns/Run2018D_Prompt/EGamma/crab_job_EGamma2018Dv2_2/190526_233615/0001/Data_EGamma2018Dv2_2_1186.root
name: Data_EGamma2018Dv2_2_1186.root
filenumber: 29
Adding FullPathInputFile to chain:/hdfs/store/user/varuns/Run2018D_Prompt/EGamma/crab_job_EGamma2018Dv2_2/190526_233615/0001/Data_EGamma2018Dv2_2_1186.root

file path found: /hdfs/store/user/varuns/Run2018D_Prompt/EGamma/crab_job_EGamma2018Dv2_2/190526_233615/0001/Data_EGamma2018Dv2_2_1187.root
name: Data_EGamma2018Dv2_2_1187.root
filenumber: 30
Adding FullPathInputFile to chain:/hdfs/store/user/varuns/Run2018D_Prompt/EGamma/crab_job_EGamma2018Dv2_2/190526_233615/0001/Data_EGamma2018Dv2_2_1187.root

file path found: /hdfs/store/user/varuns/Run2018D_Prompt/EGamma/crab_job_EGamma2018Dv2_2/190526_233615/0001/Data_EGamma2018Dv2_2_1188.root
name: Data_EGamma2018Dv2_2_1188.root
filenumber: 31
Adding FullPathInputFile to chain:/hdfs/store/user/varuns/Run2018D_Prompt/EGamma/crab_job_EGamma2018Dv2_2/190526_233615/0001/Data_EGamma2018Dv2_2_1188.root

file path found: /hdfs/store/user/varuns/Run2018D_Prompt/EGamma/crab_job_EGamma2018Dv2_2/190526_233615/0001/Data_EGamma2018Dv2_2_1189.root
name: Data_EGamma2018Dv2_2_1189.root
filenumber: 32
Adding FullPathInputFile to chain:/hdfs/store/user/varuns/Run2018D_Prompt/EGamma/crab_job_EGamma2018Dv2_2/190526_233615/0001/Data_EGamma2018Dv2_2_1189.root

file path found: /hdfs/store/user/varuns/Run2018D_Prompt/EGamma/crab_job_EGamma2018Dv2_2/190526_233615/0001/Data_EGamma2018Dv2_2_1190.root
name: Data_EGamma2018Dv2_2_1190.root
filenumber: 33
Adding FullPathInputFile to chain:/hdfs/store/user/varuns/Run2018D_Prompt/EGamma/crab_job_EGamma2018Dv2_2/190526_233615/0001/Data_EGamma2018Dv2_2_1190.root

file path found: /hdfs/store/user/varuns/Run2018D_Prompt/EGamma/crab_job_EGamma2018Dv2_2/190526_233615/0001/Data_EGamma2018Dv2_2_1191.root
name: Data_EGamma2018Dv2_2_1191.root
filenumber: 34
Adding FullPathInputFile to chain:/hdfs/store/user/varuns/Run2018D_Prompt/EGamma/crab_job_EGamma2018Dv2_2/190526_233615/0001/Data_EGamma2018Dv2_2_1191.root

file path found: /hdfs/store/user/varuns/Run2018D_Prompt/EGamma/crab_job_EGamma2018Dv2_2/190526_233615/0001/Data_EGamma2018Dv2_2_1192.root
name: Data_EGamma2018Dv2_2_1192.root
filenumber: 35
Adding FullPathInputFile to chain:/hdfs/store/user/varuns/Run2018D_Prompt/EGamma/crab_job_EGamma2018Dv2_2/190526_233615/0001/Data_EGamma2018Dv2_2_1192.root

file path found: /hdfs/store/user/varuns/Run2018D_Prompt/EGamma/crab_job_EGamma2018Dv2_2/190526_233615/0001/Data_EGamma2018Dv2_2_1193.root
name: Data_EGamma2018Dv2_2_1193.root
filenumber: 36
Adding FullPathInputFile to chain:/hdfs/store/user/varuns/Run2018D_Prompt/EGamma/crab_job_EGamma2018Dv2_2/190526_233615/0001/Data_EGamma2018Dv2_2_1193.root

file path found: /hdfs/store/user/varuns/Run2018D_Prompt/EGamma/crab_job_EGamma2018Dv2_2/190526_233615/0001/Data_EGamma2018Dv2_2_1194.root
name: Data_EGamma2018Dv2_2_1194.root
filenumber: 37
Adding FullPathInputFile to chain:/hdfs/store/user/varuns/Run2018D_Prompt/EGamma/crab_job_EGamma2018Dv2_2/190526_233615/0001/Data_EGamma2018Dv2_2_1194.root

file path found: /hdfs/store/user/varuns/Run2018D_Prompt/EGamma/crab_job_EGamma2018Dv2_2/190526_233615/0001/Data_EGamma2018Dv2_2_1195.root
name: Data_EGamma2018Dv2_2_1195.root
filenumber: 38
Adding FullPathInputFile to chain:/hdfs/store/user/varuns/Run2018D_Prompt/EGamma/crab_job_EGamma2018Dv2_2/190526_233615/0001/Data_EGamma2018Dv2_2_1195.root

file path found: /hdfs/store/user/varuns/Run2018D_Prompt/EGamma/crab_job_EGamma2018Dv2_2/190526_233615/0001/Data_EGamma2018Dv2_2_1196.root
name: Data_EGamma2018Dv2_2_1196.root
filenumber: 39
Adding FullPathInputFile to chain:/hdfs/store/user/varuns/Run2018D_Prompt/EGamma/crab_job_EGamma2018Dv2_2/190526_233615/0001/Data_EGamma2018Dv2_2_1196.root

file path found: /hdfs/store/user/varuns/Run2018D_Prompt/EGamma/crab_job_EGamma2018Dv2_2/190526_233615/0001/Data_EGamma2018Dv2_2_1197.root
name: Data_EGamma2018Dv2_2_1197.root
filenumber: 40
Adding FullPathInputFile to chain:/hdfs/store/user/varuns/Run2018D_Prompt/EGamma/crab_job_EGamma2018Dv2_2/190526_233615/0001/Data_EGamma2018Dv2_2_1197.root

file path found: /hdfs/store/user/varuns/Run2018D_Prompt/EGamma/crab_job_EGamma2018Dv2_2/190526_233615/0001/Data_EGamma2018Dv2_2_1198.root
name: Data_EGamma2018Dv2_2_1198.root
filenumber: 41
Adding FullPathInputFile to chain:/hdfs/store/user/varuns/Run2018D_Prompt/EGamma/crab_job_EGamma2018Dv2_2/190526_233615/0001/Data_EGamma2018Dv2_2_1198.root

file path found: /hdfs/store/user/varuns/Run2018D_Prompt/EGamma/crab_job_EGamma2018Dv2_2/190526_233615/0001/Data_EGamma2018Dv2_2_1199.root
name: Data_EGamma2018Dv2_2_1199.root
filenumber: 42
Adding FullPathInputFile to chain:/hdfs/store/user/varuns/Run2018D_Prompt/EGamma/crab_job_EGamma2018Dv2_2/190526_233615/0001/Data_EGamma2018Dv2_2_1199.root

file path found: /hdfs/store/user/varuns/Run2018D_Prompt/EGamma/crab_job_EGamma2018Dv2_2/190526_233615/0001/Data_EGamma2018Dv2_2_1200.root
name: Data_EGamma2018Dv2_2_1200.root
filenumber: 43
Adding FullPathInputFile to chain:/hdfs/store/user/varuns/Run2018D_Prompt/EGamma/crab_job_EGamma2018Dv2_2/190526_233615/0001/Data_EGamma2018Dv2_2_1200.root

file path found: /hdfs/store/user/varuns/Run2018D_Prompt/EGamma/crab_job_EGamma2018Dv2_2/190526_233615/0001/Data_EGamma2018Dv2_2_1201.root
name: Data_EGamma2018Dv2_2_1201.root
filenumber: 44
Adding FullPathInputFile to chain:/hdfs/store/user/varuns/Run2018D_Prompt/EGamma/crab_job_EGamma2018Dv2_2/190526_233615/0001/Data_EGamma2018Dv2_2_1201.root

file path found: /hdfs/store/user/varuns/Run2018D_Prompt/EGamma/crab_job_EGamma2018Dv2_2/190526_233615/0001/Data_EGamma2018Dv2_2_1202.root
name: Data_EGamma2018Dv2_2_1202.root
filenumber: 45
Adding FullPathInputFile to chain:/hdfs/store/user/varuns/Run2018D_Prompt/EGamma/crab_job_EGamma2018Dv2_2/190526_233615/0001/Data_EGamma2018Dv2_2_1202.root

file path found: /hdfs/store/user/varuns/Run2018D_Prompt/EGamma/crab_job_EGamma2018Dv2_2/190526_233615/0001/Data_EGamma2018Dv2_2_1203.root
name: Data_EGamma2018Dv2_2_1203.root
filenumber: 46
Adding FullPathInputFile to chain:/hdfs/store/user/varuns/Run2018D_Prompt/EGamma/crab_job_EGamma2018Dv2_2/190526_233615/0001/Data_EGamma2018Dv2_2_1203.root

file path found: /hdfs/store/user/varuns/Run2018D_Prompt/EGamma/crab_job_EGamma2018Dv2_2/190526_233615/0001/Data_EGamma2018Dv2_2_1204.root
name: Data_EGamma2018Dv2_2_1204.root
filenumber: 47
Adding FullPathInputFile to chain:/hdfs/store/user/varuns/Run2018D_Prompt/EGamma/crab_job_EGamma2018Dv2_2/190526_233615/0001/Data_EGamma2018Dv2_2_1204.root

file path found: /hdfs/store/user/varuns/Run2018D_Prompt/EGamma/crab_job_EGamma2018Dv2_2/190526_233615/0001/Data_EGamma2018Dv2_2_1205.root
name: Data_EGamma2018Dv2_2_1205.root
filenumber: 48
Adding FullPathInputFile to chain:/hdfs/store/user/varuns/Run2018D_Prompt/EGamma/crab_job_EGamma2018Dv2_2/190526_233615/0001/Data_EGamma2018Dv2_2_1205.root

file path found: /hdfs/store/user/varuns/Run2018D_Prompt/EGamma/crab_job_EGamma2018Dv2_2/190526_233615/0001/Data_EGamma2018Dv2_2_1206.root
name: Data_EGamma2018Dv2_2_1206.root
filenumber: 49
Adding FullPathInputFile to chain:/hdfs/store/user/varuns/Run2018D_Prompt/EGamma/crab_job_EGamma2018Dv2_2/190526_233615/0001/Data_EGamma2018Dv2_2_1206.root

file path found: /hdfs/store/user/varuns/Run2018D_Prompt/EGamma/crab_job_EGamma2018Dv2_2/190526_233615/0001/Data_EGamma2018Dv2_2_1207.root
name: Data_EGamma2018Dv2_2_1207.root
filenumber: 50
Adding FullPathInputFile to chain:/hdfs/store/user/varuns/Run2018D_Prompt/EGamma/crab_job_EGamma2018Dv2_2/190526_233615/0001/Data_EGamma2018Dv2_2_1207.root

file path found: /hdfs/store/user/varuns/Run2018D_Prompt/EGamma/crab_job_EGamma2018Dv2_2/190526_233615/0001/Data_EGamma2018Dv2_2_1208.root
name: Data_EGamma2018Dv2_2_1208.root
filenumber: 51
Adding FullPathInputFile to chain:/hdfs/store/user/varuns/Run2018D_Prompt/EGamma/crab_job_EGamma2018Dv2_2/190526_233615/0001/Data_EGamma2018Dv2_2_1208.root

file path found: /hdfs/store/user/varuns/Run2018D_Prompt/EGamma/crab_job_EGamma2018Dv2_2/190526_233615/0001/Data_EGamma2018Dv2_2_1209.root
name: Data_EGamma2018Dv2_2_1209.root
filenumber: 52
Adding FullPathInputFile to chain:/hdfs/store/user/varuns/Run2018D_Prompt/EGamma/crab_job_EGamma2018Dv2_2/190526_233615/0001/Data_EGamma2018Dv2_2_1209.root

file path found: /hdfs/store/user/varuns/Run2018D_Prompt/EGamma/crab_job_EGamma2018Dv2_2/190526_233615/0001/Data_EGamma2018Dv2_2_1210.root
name: Data_EGamma2018Dv2_2_1210.root
filenumber: 53
Adding FullPathInputFile to chain:/hdfs/store/user/varuns/Run2018D_Prompt/EGamma/crab_job_EGamma2018Dv2_2/190526_233615/0001/Data_EGamma2018Dv2_2_1210.root

file path found: /hdfs/store/user/varuns/Run2018D_Prompt/EGamma/crab_job_EGamma2018Dv2_2/190526_233615/0001/Data_EGamma2018Dv2_2_1211.root
name: Data_EGamma2018Dv2_2_1211.root
filenumber: 54
Adding FullPathInputFile to chain:/hdfs/store/user/varuns/Run2018D_Prompt/EGamma/crab_job_EGamma2018Dv2_2/190526_233615/0001/Data_EGamma2018Dv2_2_1211.root

file path found: /hdfs/store/user/varuns/Run2018D_Prompt/EGamma/crab_job_EGamma2018Dv2_2/190526_233615/0001/Data_EGamma2018Dv2_2_1212.root
name: Data_EGamma2018Dv2_2_1212.root
filenumber: 55
Adding FullPathInputFile to chain:/hdfs/store/user/varuns/Run2018D_Prompt/EGamma/crab_job_EGamma2018Dv2_2/190526_233615/0001/Data_EGamma2018Dv2_2_1212.root

file path found: /hdfs/store/user/varuns/Run2018D_Prompt/EGamma/crab_job_EGamma2018Dv2_2/190526_233615/0001/Data_EGamma2018Dv2_2_1213.root
name: Data_EGamma2018Dv2_2_1213.root
filenumber: 56
Adding FullPathInputFile to chain:/hdfs/store/user/varuns/Run2018D_Prompt/EGamma/crab_job_EGamma2018Dv2_2/190526_233615/0001/Data_EGamma2018Dv2_2_1213.root

file path found: /hdfs/store/user/varuns/Run2018D_Prompt/EGamma/crab_job_EGamma2018Dv2_2/190526_233615/0001/Data_EGamma2018Dv2_2_1214.root
name: Data_EGamma2018Dv2_2_1214.root
filenumber: 57
Adding FullPathInputFile to chain:/hdfs/store/user/varuns/Run2018D_Prompt/EGamma/crab_job_EGamma2018Dv2_2/190526_233615/0001/Data_EGamma2018Dv2_2_1214.root

file path found: /hdfs/store/user/varuns/Run2018D_Prompt/EGamma/crab_job_EGamma2018Dv2_2/190526_233615/0001/Data_EGamma2018Dv2_2_1215.root
name: Data_EGamma2018Dv2_2_1215.root
filenumber: 58
Adding FullPathInputFile to chain:/hdfs/store/user/varuns/Run2018D_Prompt/EGamma/crab_job_EGamma2018Dv2_2/190526_233615/0001/Data_EGamma2018Dv2_2_1215.root

file path found: /hdfs/store/user/varuns/Run2018D_Prompt/EGamma/crab_job_EGamma2018Dv2_2/190526_233615/0001/Data_EGamma2018Dv2_2_1216.root
name: Data_EGamma2018Dv2_2_1216.root
filenumber: 59
Adding FullPathInputFile to chain:/hdfs/store/user/varuns/Run2018D_Prompt/EGamma/crab_job_EGamma2018Dv2_2/190526_233615/0001/Data_EGamma2018Dv2_2_1216.root

file path found: /hdfs/store/user/varuns/Run2018D_Prompt/EGamma/crab_job_EGamma2018Dv2_2/190526_233615/0001/Data_EGamma2018Dv2_2_1219.root
name: Data_EGamma2018Dv2_2_1219.root
filenumber: 60
Adding FullPathInputFile to chain:/hdfs/store/user/varuns/Run2018D_Prompt/EGamma/crab_job_EGamma2018Dv2_2/190526_233615/0001/Data_EGamma2018Dv2_2_1219.root

file path found: /hdfs/store/user/varuns/Run2018D_Prompt/EGamma/crab_job_EGamma2018Dv2_2/190526_233615/0001/Data_EGamma2018Dv2_2_1221.root
name: Data_EGamma2018Dv2_2_1221.root
filenumber: 61
Adding FullPathInputFile to chain:/hdfs/store/user/varuns/Run2018D_Prompt/EGamma/crab_job_EGamma2018Dv2_2/190526_233615/0001/Data_EGamma2018Dv2_2_1221.root

file path found: /hdfs/store/user/varuns/Run2018D_Prompt/EGamma/crab_job_EGamma2018Dv2_2/190526_233615/0001/Data_EGamma2018Dv2_2_1226.root
name: Data_EGamma2018Dv2_2_1226.root
filenumber: 62
Adding FullPathInputFile to chain:/hdfs/store/user/varuns/Run2018D_Prompt/EGamma/crab_job_EGamma2018Dv2_2/190526_233615/0001/Data_EGamma2018Dv2_2_1226.root

file path found: /hdfs/store/user/varuns/Run2018D_Prompt/EGamma/crab_job_EGamma2018Dv2_2/190526_233615/0001/Data_EGamma2018Dv2_2_1227.root
name: Data_EGamma2018Dv2_2_1227.root
filenumber: 63
Adding FullPathInputFile to chain:/hdfs/store/user/varuns/Run2018D_Prompt/EGamma/crab_job_EGamma2018Dv2_2/190526_233615/0001/Data_EGamma2018Dv2_2_1227.root

file path found: /hdfs/store/user/varuns/Run2018D_Prompt/EGamma/crab_job_EGamma2018Dv2_2/190526_233615/0001/Data_EGamma2018Dv2_2_1238.root
name: Data_EGamma2018Dv2_2_1238.root
filenumber: 64
Adding FullPathInputFile to chain:/hdfs/store/user/varuns/Run2018D_Prompt/EGamma/crab_job_EGamma2018Dv2_2/190526_233615/0001/Data_EGamma2018Dv2_2_1238.root

file path found: /hdfs/store/user/varuns/Run2018D_Prompt/EGamma/crab_job_EGamma2018Dv2_2/190526_233615/0001/Data_EGamma2018Dv2_2_1240.root
name: Data_EGamma2018Dv2_2_1240.root
filenumber: 65
Adding FullPathInputFile to chain:/hdfs/store/user/varuns/Run2018D_Prompt/EGamma/crab_job_EGamma2018Dv2_2/190526_233615/0001/Data_EGamma2018Dv2_2_1240.root

file path found: /hdfs/store/user/varuns/Run2018D_Prompt/EGamma/crab_job_EGamma2018Dv2_2/190526_233615/0001/Data_EGamma2018Dv2_2_1241.root
name: Data_EGamma2018Dv2_2_1241.root
filenumber: 66
Adding FullPathInputFile to chain:/hdfs/store/user/varuns/Run2018D_Prompt/EGamma/crab_job_EGamma2018Dv2_2/190526_233615/0001/Data_EGamma2018Dv2_2_1241.root

file path found: /hdfs/store/user/varuns/Run2018D_Prompt/EGamma/crab_job_EGamma2018Dv2_2/190526_233615/0001/Data_EGamma2018Dv2_2_1285.root
name: Data_EGamma2018Dv2_2_1285.root
filenumber: 67
Adding FullPathInputFile to chain:/hdfs/store/user/varuns/Run2018D_Prompt/EGamma/crab_job_EGamma2018Dv2_2/190526_233615/0001/Data_EGamma2018Dv2_2_1285.root

file path found: /hdfs/store/user/varuns/Run2018D_Prompt/EGamma/crab_job_EGamma2018Dv2_2/190526_233615/0001/Data_EGamma2018Dv2_2_1329.root
name: Data_EGamma2018Dv2_2_1329.root
filenumber: 68
Adding FullPathInputFile to chain:/hdfs/store/user/varuns/Run2018D_Prompt/EGamma/crab_job_EGamma2018Dv2_2/190526_233615/0001/Data_EGamma2018Dv2_2_1329.root

file path found: /hdfs/store/user/varuns/Run2018D_Prompt/EGamma/crab_job_EGamma2018Dv2_2/190526_233615/0001/Data_EGamma2018Dv2_2_1376.root
name: Data_EGamma2018Dv2_2_1376.root
filenumber: 69
Adding FullPathInputFile to chain:/hdfs/store/user/varuns/Run2018D_Prompt/EGamma/crab_job_EGamma2018Dv2_2/190526_233615/0001/Data_EGamma2018Dv2_2_1376.root

file path found: /hdfs/store/user/varuns/Run2018D_Prompt/EGamma/crab_job_EGamma2018Dv2_2/190526_233615/0001/Data_EGamma2018Dv2_2_1377.root
name: Data_EGamma2018Dv2_2_1377.root
filenumber: 70
Adding FullPathInputFile to chain:/hdfs/store/user/varuns/Run2018D_Prompt/EGamma/crab_job_EGamma2018Dv2_2/190526_233615/0001/Data_EGamma2018Dv2_2_1377.root

file path found: /hdfs/store/user/varuns/Run2018D_Prompt/EGamma/crab_job_EGamma2018Dv2_2/190526_233615/0001/Data_EGamma2018Dv2_2_1437.root
name: Data_EGamma2018Dv2_2_1437.root
filenumber: 71
Adding FullPathInputFile to chain:/hdfs/store/user/varuns/Run2018D_Prompt/EGamma/crab_job_EGamma2018Dv2_2/190526_233615/0001/Data_EGamma2018Dv2_2_1437.root

file path found: /hdfs/store/user/varuns/Run2018D_Prompt/EGamma/crab_job_EGamma2018Dv2_2/190526_233615/0001/Data_EGamma2018Dv2_2_1439.root
name: Data_EGamma2018Dv2_2_1439.root
filenumber: 72
Adding FullPathInputFile to chain:/hdfs/store/user/varuns/Run2018D_Prompt/EGamma/crab_job_EGamma2018Dv2_2/190526_233615/0001/Data_EGamma2018Dv2_2_1439.root

file path found: /hdfs/store/user/varuns/Run2018D_Prompt/EGamma/crab_job_EGamma2018Dv2_2/190526_233615/0001/Data_EGamma2018Dv2_2_1451.root
name: Data_EGamma2018Dv2_2_1451.root
filenumber: 73
Adding FullPathInputFile to chain:/hdfs/store/user/varuns/Run2018D_Prompt/EGamma/crab_job_EGamma2018Dv2_2/190526_233615/0001/Data_EGamma2018Dv2_2_1451.root

file path found: /hdfs/store/user/varuns/Run2018D_Prompt/EGamma/crab_job_EGamma2018Dv2_2/190526_233615/0001/Data_EGamma2018Dv2_2_1452.root
name: Data_EGamma2018Dv2_2_1452.root
filenumber: 74
Adding FullPathInputFile to chain:/hdfs/store/user/varuns/Run2018D_Prompt/EGamma/crab_job_EGamma2018Dv2_2/190526_233615/0001/Data_EGamma2018Dv2_2_1452.root

file path found: /hdfs/store/user/varuns/Run2018D_Prompt/EGamma/crab_job_EGamma2018Dv2_2/190526_233615/0001/Data_EGamma2018Dv2_2_1453.root
name: Data_EGamma2018Dv2_2_1453.root
filenumber: 75
Adding FullPathInputFile to chain:/hdfs/store/user/varuns/Run2018D_Prompt/EGamma/crab_job_EGamma2018Dv2_2/190526_233615/0001/Data_EGamma2018Dv2_2_1453.root

file path found: /hdfs/store/user/varuns/Run2018D_Prompt/EGamma/crab_job_EGamma2018Dv2_2/190526_233615/0001/Data_EGamma2018Dv2_2_1454.root
name: Data_EGamma2018Dv2_2_1454.root
filenumber: 76
Adding FullPathInputFile to chain:/hdfs/store/user/varuns/Run2018D_Prompt/EGamma/crab_job_EGamma2018Dv2_2/190526_233615/0001/Data_EGamma2018Dv2_2_1454.root

file path found: /hdfs/store/user/varuns/Run2018D_Prompt/EGamma/crab_job_EGamma2018Dv2_2/190526_233615/0001/Data_EGamma2018Dv2_2_1465.root
name: Data_EGamma2018Dv2_2_1465.root
filenumber: 77
Adding FullPathInputFile to chain:/hdfs/store/user/varuns/Run2018D_Prompt/EGamma/crab_job_EGamma2018Dv2_2/190526_233615/0001/Data_EGamma2018Dv2_2_1465.root

file path found: /hdfs/store/user/varuns/Run2018D_Prompt/EGamma/crab_job_EGamma2018Dv2_2/190526_233615/0001/Data_EGamma2018Dv2_2_1471.root
name: Data_EGamma2018Dv2_2_1471.root
filenumber: 78
Adding FullPathInputFile to chain:/hdfs/store/user/varuns/Run2018D_Prompt/EGamma/crab_job_EGamma2018Dv2_2/190526_233615/0001/Data_EGamma2018Dv2_2_1471.root

file path found: /hdfs/store/user/varuns/Run2018D_Prompt/EGamma/crab_job_EGamma2018Dv2_2/190526_233615/0001/Data_EGamma2018Dv2_2_1472.root
name: Data_EGamma2018Dv2_2_1472.root
filenumber: 79
Adding FullPathInputFile to chain:/hdfs/store/user/varuns/Run2018D_Prompt/EGamma/crab_job_EGamma2018Dv2_2/190526_233615/0001/Data_EGamma2018Dv2_2_1472.root

file path found: /hdfs/store/user/varuns/Run2018D_Prompt/EGamma/crab_job_EGamma2018Dv2_2/190526_233615/0001/Data_EGamma2018Dv2_2_1476.root
name: Data_EGamma2018Dv2_2_1476.root
filenumber: 80
Adding FullPathInputFile to chain:/hdfs/store/user/varuns/Run2018D_Prompt/EGamma/crab_job_EGamma2018Dv2_2/190526_233615/0001/Data_EGamma2018Dv2_2_1476.root

file path found: /hdfs/store/user/varuns/Run2018D_Prompt/EGamma/crab_job_EGamma2018Dv2_2/190526_233615/0001/Data_EGamma2018Dv2_2_1484.root
name: Data_EGamma2018Dv2_2_1484.root
filenumber: 81
file path found: /hdfs/store/user/varuns/Run2018D_Prompt/EGamma/crab_job_EGamma2018Dv2_2/190526_233615/0001/Data_EGamma2018Dv2_2_1486.root
name: Data_EGamma2018Dv2_2_1486.root
filenumber: 82
file path found: /hdfs/store/user/varuns/Run2018D_Prompt/EGamma/crab_job_EGamma2018Dv2_2/190526_233615/0001/Data_EGamma2018Dv2_2_1487.root
name: Data_EGamma2018Dv2_2_1487.root
filenumber: 83
file path found: /hdfs/store/user/varuns/Run2018D_Prompt/EGamma/crab_job_EGamma2018Dv2_2/190526_233615/0001/Data_EGamma2018Dv2_2_1503.root
name: Data_EGamma2018Dv2_2_1503.root
filenumber: 84
file path found: /hdfs/store/user/varuns/Run2018D_Prompt/EGamma/crab_job_EGamma2018Dv2_2/190526_233615/0001/Data_EGamma2018Dv2_2_1505.root
name: Data_EGamma2018Dv2_2_1505.root
filenumber: 85
file path found: /hdfs/store/user/varuns/Run2018D_Prompt/EGamma/crab_job_EGamma2018Dv2_2/190526_233615/0001/Data_EGamma2018Dv2_2_1507.root
name: Data_EGamma2018Dv2_2_1507.root
filenumber: 86
file path found: /hdfs/store/user/varuns/Run2018D_Prompt/EGamma/crab_job_EGamma2018Dv2_2/190526_233615/0001/Data_EGamma2018Dv2_2_1508.root
name: Data_EGamma2018Dv2_2_1508.root
filenumber: 87
file path found: /hdfs/store/user/varuns/Run2018D_Prompt/EGamma/crab_job_EGamma2018Dv2_2/190526_233615/0001/Data_EGamma2018Dv2_2_1509.root
name: Data_EGamma2018Dv2_2_1509.root
filenumber: 88
file path found: /hdfs/store/user/varuns/Run2018D_Prompt/EGamma/crab_job_EGamma2018Dv2_2/190526_233615/0001/Data_EGamma2018Dv2_2_1510.root
name: Data_EGamma2018Dv2_2_1510.root
filenumber: 89
file path found: /hdfs/store/user/varuns/Run2018D_Prompt/EGamma/crab_job_EGamma2018Dv2_2/190526_233615/0001/Data_EGamma2018Dv2_2_1521.root
name: Data_EGamma2018Dv2_2_1521.root
filenumber: 90
file path found: /hdfs/store/user/varuns/Run2018D_Prompt/EGamma/crab_job_EGamma2018Dv2_2/190526_233615/0001/Data_EGamma2018Dv2_2_1526.root
name: Data_EGamma2018Dv2_2_1526.root
filenumber: 91
file path found: /hdfs/store/user/varuns/Run2018D_Prompt/EGamma/crab_job_EGamma2018Dv2_2/190526_233615/0001/Data_EGamma2018Dv2_2_1527.root
name: Data_EGamma2018Dv2_2_1527.root
filenumber: 92
file path found: /hdfs/store/user/varuns/Run2018D_Prompt/EGamma/crab_job_EGamma2018Dv2_2/190526_233615/0001/Data_EGamma2018Dv2_2_1530.root
name: Data_EGamma2018Dv2_2_1530.root
filenumber: 93
file path found: /hdfs/store/user/varuns/Run2018D_Prompt/EGamma/crab_job_EGamma2018Dv2_2/190526_233615/0001/Data_EGamma2018Dv2_2_1535.root
name: Data_EGamma2018Dv2_2_1535.root
filenumber: 94
file path found: /hdfs/store/user/varuns/Run2018D_Prompt/EGamma/crab_job_EGamma2018Dv2_2/190526_233615/0001/Data_EGamma2018Dv2_2_1536.root
name: Data_EGamma2018Dv2_2_1536.root
filenumber: 95
file path found: /hdfs/store/user/varuns/Run2018D_Prompt/EGamma/crab_job_EGamma2018Dv2_2/190526_233615/0001/Data_EGamma2018Dv2_2_1537.root
name: Data_EGamma2018Dv2_2_1537.root
filenumber: 96
file path found: /hdfs/store/user/varuns/Run2018D_Prompt/EGamma/crab_job_EGamma2018Dv2_2/190526_233615/0001/Data_EGamma2018Dv2_2_1538.root
name: Data_EGamma2018Dv2_2_1538.root
filenumber: 97
file path found: /hdfs/store/user/varuns/Run2018D_Prompt/EGamma/crab_job_EGamma2018Dv2_2/190526_233615/0001/Data_EGamma2018Dv2_2_1539.root
name: Data_EGamma2018Dv2_2_1539.root
filenumber: 98
file path found: /hdfs/store/user/varuns/Run2018D_Prompt/EGamma/crab_job_EGamma2018Dv2_2/190526_233615/0001/Data_EGamma2018Dv2_2_1540.root
name: Data_EGamma2018Dv2_2_1540.root
filenumber: 99
file path found: /hdfs/store/user/varuns/Run2018D_Prompt/EGamma/crab_job_EGamma2018Dv2_2/190526_233615/0001/Data_EGamma2018Dv2_2_1541.root
name: Data_EGamma2018Dv2_2_1541.root
filenumber: 100
file path found: /hdfs/store/user/varuns/Run2018D_Prompt/EGamma/crab_job_EGamma2018Dv2_2/190526_233615/0001/Data_EGamma2018Dv2_2_1545.root
name: Data_EGamma2018Dv2_2_1545.root
filenumber: 101
file path found: /hdfs/store/user/varuns/Run2018D_Prompt/EGamma/crab_job_EGamma2018Dv2_2/190526_233615/0001/Data_EGamma2018Dv2_2_1547.root
name: Data_EGamma2018Dv2_2_1547.root
filenumber: 102
file path found: /hdfs/store/user/varuns/Run2018D_Prompt/EGamma/crab_job_EGamma2018Dv2_2/190526_233615/0001/Data_EGamma2018Dv2_2_1551.root
name: Data_EGamma2018Dv2_2_1551.root
filenumber: 103
file path found: /hdfs/store/user/varuns/Run2018D_Prompt/EGamma/crab_job_EGamma2018Dv2_2/190526_233615/0001/Data_EGamma2018Dv2_2_1563.root
name: Data_EGamma2018Dv2_2_1563.root
filenumber: 104
file path found: /hdfs/store/user/varuns/Run2018D_Prompt/EGamma/crab_job_EGamma2018Dv2_2/190526_233615/0001/Data_EGamma2018Dv2_2_1564.root
name: Data_EGamma2018Dv2_2_1564.root
filenumber: 105
file path found: /hdfs/store/user/varuns/Run2018D_Prompt/EGamma/crab_job_EGamma2018Dv2_2/190526_233615/0001/Data_EGamma2018Dv2_2_1565.root
name: Data_EGamma2018Dv2_2_1565.root
filenumber: 106
file path found: /hdfs/store/user/varuns/Run2018D_Prompt/EGamma/crab_job_EGamma2018Dv2_2/190526_233615/0001/Data_EGamma2018Dv2_2_1566.root
name: Data_EGamma2018Dv2_2_1566.root
filenumber: 107
file path found: /hdfs/store/user/varuns/Run2018D_Prompt/EGamma/crab_job_EGamma2018Dv2_2/190526_233615/0001/Data_EGamma2018Dv2_2_1567.root
name: Data_EGamma2018Dv2_2_1567.root
filenumber: 108
file path found: /hdfs/store/user/varuns/Run2018D_Prompt/EGamma/crab_job_EGamma2018Dv2_2/190526_233615/0001/Data_EGamma2018Dv2_2_1568.root
name: Data_EGamma2018Dv2_2_1568.root
filenumber: 109
file path found: /hdfs/store/user/varuns/Run2018D_Prompt/EGamma/crab_job_EGamma2018Dv2_2/190526_233615/0001/Data_EGamma2018Dv2_2_1569.root
name: Data_EGamma2018Dv2_2_1569.root
filenumber: 110
file path found: /hdfs/store/user/varuns/Run2018D_Prompt/EGamma/crab_job_EGamma2018Dv2_2/190526_233615/0001/Data_EGamma2018Dv2_2_1570.root
name: Data_EGamma2018Dv2_2_1570.root
filenumber: 111
file path found: /hdfs/store/user/varuns/Run2018D_Prompt/EGamma/crab_job_EGamma2018Dv2_2/190526_233615/0001/Data_EGamma2018Dv2_2_1571.root
name: Data_EGamma2018Dv2_2_1571.root
filenumber: 112
file path found: /hdfs/store/user/varuns/Run2018D_Prompt/EGamma/crab_job_EGamma2018Dv2_2/190526_233615/0001/Data_EGamma2018Dv2_2_1573.root
name: Data_EGamma2018Dv2_2_1573.root
filenumber: 113
file path found: /hdfs/store/user/varuns/Run2018D_Prompt/EGamma/crab_job_EGamma2018Dv2_2/190526_233615/0001/Data_EGamma2018Dv2_2_1574.root
name: Data_EGamma2018Dv2_2_1574.root
filenumber: 114
file path found: /hdfs/store/user/varuns/Run2018D_Prompt/EGamma/crab_job_EGamma2018Dv2_2/190526_233615/0001/Data_EGamma2018Dv2_2_1575.root
name: Data_EGamma2018Dv2_2_1575.root
filenumber: 115
file path found: /hdfs/store/user/varuns/Run2018D_Prompt/EGamma/crab_job_EGamma2018Dv2_2/190526_233615/0001/Data_EGamma2018Dv2_2_1577.root
name: Data_EGamma2018Dv2_2_1577.root
filenumber: 116
file path found: /hdfs/store/user/varuns/Run2018D_Prompt/EGamma/crab_job_EGamma2018Dv2_2/190526_233615/0001/Data_EGamma2018Dv2_2_1578.root
name: Data_EGamma2018Dv2_2_1578.root
filenumber: 117
file path found: /hdfs/store/user/varuns/Run2018D_Prompt/EGamma/crab_job_EGamma2018Dv2_2/190526_233615/0001/Data_EGamma2018Dv2_2_1579.root
name: Data_EGamma2018Dv2_2_1579.root
filenumber: 118
file path found: /hdfs/store/user/varuns/Run2018D_Prompt/EGamma/crab_job_EGamma2018Dv2_2/190526_233615/0001/Data_EGamma2018Dv2_2_1580.root
name: Data_EGamma2018Dv2_2_1580.root
filenumber: 119
file path found: /hdfs/store/user/varuns/Run2018D_Prompt/EGamma/crab_job_EGamma2018Dv2_2/190526_233615/0001/Data_EGamma2018Dv2_2_1581.root
name: Data_EGamma2018Dv2_2_1581.root
filenumber: 120
file path found: /hdfs/store/user/varuns/Run2018D_Prompt/EGamma/crab_job_EGamma2018Dv2_2/190526_233615/0001/Data_EGamma2018Dv2_2_1582.root
name: Data_EGamma2018Dv2_2_1582.root
filenumber: 121
file path found: /hdfs/store/user/varuns/Run2018D_Prompt/EGamma/crab_job_EGamma2018Dv2_2/190526_233615/0001/Data_EGamma2018Dv2_2_1583.root
name: Data_EGamma2018Dv2_2_1583.root
filenumber: 122
file path found: /hdfs/store/user/varuns/Run2018D_Prompt/EGamma/crab_job_EGamma2018Dv2_2/190526_233615/0001/Data_EGamma2018Dv2_2_1584.root
name: Data_EGamma2018Dv2_2_1584.root
filenumber: 123
file path found: /hdfs/store/user/varuns/Run2018D_Prompt/EGamma/crab_job_EGamma2018Dv2_2/190526_233615/0001/Data_EGamma2018Dv2_2_1586.root
name: Data_EGamma2018Dv2_2_1586.root
filenumber: 124
file path found: /hdfs/store/user/varuns/Run2018D_Prompt/EGamma/crab_job_EGamma2018Dv2_2/190526_233615/0001/Data_EGamma2018Dv2_2_1587.root
name: Data_EGamma2018Dv2_2_1587.root
filenumber: 125
file path found: /hdfs/store/user/varuns/Run2018D_Prompt/EGamma/crab_job_EGamma2018Dv2_2/190526_233615/0001/Data_EGamma2018Dv2_2_1588.root
name: Data_EGamma2018Dv2_2_1588.root
filenumber: 126
file path found: /hdfs/store/user/varuns/Run2018D_Prompt/EGamma/crab_job_EGamma2018Dv2_2/190526_233615/0001/Data_EGamma2018Dv2_2_1589.root
name: Data_EGamma2018Dv2_2_1589.root
filenumber: 127
file path found: /hdfs/store/user/varuns/Run2018D_Prompt/EGamma/crab_job_EGamma2018Dv2_2/190526_233615/0001/Data_EGamma2018Dv2_2_1590.root
name: Data_EGamma2018Dv2_2_1590.root
filenumber: 128
file path found: /hdfs/store/user/varuns/Run2018D_Prompt/EGamma/crab_job_EGamma2018Dv2_2/190526_233615/0001/Data_EGamma2018Dv2_2_1592.root
name: Data_EGamma2018Dv2_2_1592.root
filenumber: 129
file path found: /hdfs/store/user/varuns/Run2018D_Prompt/EGamma/crab_job_EGamma2018Dv2_2/190526_233615/0001/Data_EGamma2018Dv2_2_1593.root
name: Data_EGamma2018Dv2_2_1593.root
filenumber: 130
file path found: /hdfs/store/user/varuns/Run2018D_Prompt/EGamma/crab_job_EGamma2018Dv2_2/190526_233615/0001/Data_EGamma2018Dv2_2_1594.root
name: Data_EGamma2018Dv2_2_1594.root
filenumber: 131
file path found: /hdfs/store/user/varuns/Run2018D_Prompt/EGamma/crab_job_EGamma2018Dv2_2/190526_233615/0001/Data_EGamma2018Dv2_2_1595.root
name: Data_EGamma2018Dv2_2_1595.root
filenumber: 132
file path found: /hdfs/store/user/varuns/Run2018D_Prompt/EGamma/crab_job_EGamma2018Dv2_2/190526_233615/0001/Data_EGamma2018Dv2_2_1596.root
name: Data_EGamma2018Dv2_2_1596.root
filenumber: 133
file path found: /hdfs/store/user/varuns/Run2018D_Prompt/EGamma/crab_job_EGamma2018Dv2_2/190526_233615/0001/Data_EGamma2018Dv2_2_1597.root
name: Data_EGamma2018Dv2_2_1597.root
filenumber: 134
file path found: /hdfs/store/user/varuns/Run2018D_Prompt/EGamma/crab_job_EGamma2018Dv2_2/190526_233615/0001/Data_EGamma2018Dv2_2_1598.root
name: Data_EGamma2018Dv2_2_1598.root
filenumber: 135
file path found: /hdfs/store/user/varuns/Run2018D_Prompt/EGamma/crab_job_EGamma2018Dv2_2/190526_233615/0001/Data_EGamma2018Dv2_2_1599.root
name: Data_EGamma2018Dv2_2_1599.root
filenumber: 136
file path found: /hdfs/store/user/varuns/Run2018D_Prompt/EGamma/crab_job_EGamma2018Dv2_2/190526_233615/0001/Data_EGamma2018Dv2_2_1600.root
name: Data_EGamma2018Dv2_2_1600.root
filenumber: 137
file path found: /hdfs/store/user/varuns/Run2018D_Prompt/EGamma/crab_job_EGamma2018Dv2_2/190526_233615/0001/Data_EGamma2018Dv2_2_1601.root
name: Data_EGamma2018Dv2_2_1601.root
filenumber: 138
file path found: /hdfs/store/user/varuns/Run2018D_Prompt/EGamma/crab_job_EGamma2018Dv2_2/190526_233615/0001/Data_EGamma2018Dv2_2_1602.root
name: Data_EGamma2018Dv2_2_1602.root
filenumber: 139
file path found: /hdfs/store/user/varuns/Run2018D_Prompt/EGamma/crab_job_EGamma2018Dv2_2/190526_233615/0001/Data_EGamma2018Dv2_2_1603.root
name: Data_EGamma2018Dv2_2_1603.root
filenumber: 140
file path found: /hdfs/store/user/varuns/Run2018D_Prompt/EGamma/crab_job_EGamma2018Dv2_2/190526_233615/0001/Data_EGamma2018Dv2_2_1604.root
name: Data_EGamma2018Dv2_2_1604.root
filenumber: 141
file path found: /hdfs/store/user/varuns/Run2018D_Prompt/EGamma/crab_job_EGamma2018Dv2_2/190526_233615/0001/Data_EGamma2018Dv2_2_1605.root
name: Data_EGamma2018Dv2_2_1605.root
filenumber: 142
file path found: /hdfs/store/user/varuns/Run2018D_Prompt/EGamma/crab_job_EGamma2018Dv2_2/190526_233615/0001/Data_EGamma2018Dv2_2_1606.root
name: Data_EGamma2018Dv2_2_1606.root
filenumber: 143
file path found: /hdfs/store/user/varuns/Run2018D_Prompt/EGamma/crab_job_EGamma2018Dv2_2/190526_233615/0001/Data_EGamma2018Dv2_2_1607.root
name: Data_EGamma2018Dv2_2_1607.root
filenumber: 144
file path found: /hdfs/store/user/varuns/Run2018D_Prompt/EGamma/crab_job_EGamma2018Dv2_2/190526_233615/0001/Data_EGamma2018Dv2_2_1608.root
name: Data_EGamma2018Dv2_2_1608.root
filenumber: 145
file path found: /hdfs/store/user/varuns/Run2018D_Prompt/EGamma/crab_job_EGamma2018Dv2_2/190526_233615/0001/Data_EGamma2018Dv2_2_1610.root
name: Data_EGamma2018Dv2_2_1610.root
filenumber: 146
file path found: /hdfs/store/user/varuns/Run2018D_Prompt/EGamma/crab_job_EGamma2018Dv2_2/190526_233615/0001/Data_EGamma2018Dv2_2_1611.root
name: Data_EGamma2018Dv2_2_1611.root
filenumber: 147
file path found: /hdfs/store/user/varuns/Run2018D_Prompt/EGamma/crab_job_EGamma2018Dv2_2/190526_233615/0001/Data_EGamma2018Dv2_2_1613.root
name: Data_EGamma2018Dv2_2_1613.root
filenumber: 148
file path found: /hdfs/store/user/varuns/Run2018D_Prompt/EGamma/crab_job_EGamma2018Dv2_2/190526_233615/0001/Data_EGamma2018Dv2_2_1614.root
name: Data_EGamma2018Dv2_2_1614.root
filenumber: 149
file path found: /hdfs/store/user/varuns/Run2018D_Prompt/EGamma/crab_job_EGamma2018Dv2_2/190526_233615/0001/Data_EGamma2018Dv2_2_1615.root
name: Data_EGamma2018Dv2_2_1615.root
filenumber: 150
file path found: /hdfs/store/user/varuns/Run2018D_Prompt/EGamma/crab_job_EGamma2018Dv2_2/190526_233615/0001/Data_EGamma2018Dv2_2_1616.root
name: Data_EGamma2018Dv2_2_1616.root
filenumber: 151
file path found: /hdfs/store/user/varuns/Run2018D_Prompt/EGamma/crab_job_EGamma2018Dv2_2/190526_233615/0001/Data_EGamma2018Dv2_2_1617.root
name: Data_EGamma2018Dv2_2_1617.root
filenumber: 152
file path found: /hdfs/store/user/varuns/Run2018D_Prompt/EGamma/crab_job_EGamma2018Dv2_2/190526_233615/0001/Data_EGamma2018Dv2_2_1618.root
name: Data_EGamma2018Dv2_2_1618.root
filenumber: 153
file path found: /hdfs/store/user/varuns/Run2018D_Prompt/EGamma/crab_job_EGamma2018Dv2_2/190526_233615/0001/Data_EGamma2018Dv2_2_1619.root
name: Data_EGamma2018Dv2_2_1619.root
filenumber: 154
file path found: /hdfs/store/user/varuns/Run2018D_Prompt/EGamma/crab_job_EGamma2018Dv2_2/190526_233615/0001/Data_EGamma2018Dv2_2_1703.root
name: Data_EGamma2018Dv2_2_1703.root
filenumber: 155
file path found: /hdfs/store/user/varuns/Run2018D_Prompt/EGamma/crab_job_EGamma2018Dv2_2/190526_233615/0001/Data_EGamma2018Dv2_2_1735.root
name: Data_EGamma2018Dv2_2_1735.root
filenumber: 156
file path found: /hdfs/store/user/varuns/Run2018D_Prompt/EGamma/crab_job_EGamma2018Dv2_2/190526_233615/0001/Data_EGamma2018Dv2_2_1758.root
name: Data_EGamma2018Dv2_2_1758.root
filenumber: 157
file path found: /hdfs/store/user/varuns/Run2018D_Prompt/EGamma/crab_job_EGamma2018Dv2_2/190526_233615/0001/Data_EGamma2018Dv2_2_1759.root
name: Data_EGamma2018Dv2_2_1759.root
filenumber: 158
file path found: /hdfs/store/user/varuns/Run2018D_Prompt/EGamma/crab_job_EGamma2018Dv2_2/190526_233615/0001/Data_EGamma2018Dv2_2_1894.root
name: Data_EGamma2018Dv2_2_1894.root
filenumber: 159
file path found: /hdfs/store/user/varuns/Run2018D_Prompt/EGamma/crab_job_EGamma2018Dv2_2/190526_233615/0001/Data_EGamma2018Dv2_2_1927.root
name: Data_EGamma2018Dv2_2_1927.root
filenumber: 160
file path found: /hdfs/store/user/varuns/Run2018D_Prompt/EGamma/crab_job_EGamma2018Dv2_2/190526_233615/0001/Data_EGamma2018Dv2_2_1990.root
name: Data_EGamma2018Dv2_2_1990.root
filenumber: 161
file path found: /hdfs/store/user/varuns/Run2018D_Prompt/EGamma/crab_job_EGamma2018Dv2_2/190526_233615/0001/.
name: .
filenumber: 162
file path found: /hdfs/store/user/varuns/Run2018D_Prompt/EGamma/crab_job_EGamma2018Dv2_2/190526_233615/0001/..
name: ..
filenumber: 163
81 files added.
Initializing chain.
Coming in: 
nentries:1391016
Running over 1391016 events.
Finished entry 0/1391015
Finished entry 10000/1391015
Finished entry 20000/1391015
Finished entry 30000/1391015
Finished entry 40000/1391015
Finished entry 50000/1391015
Finished entry 60000/1391015
Finished entry 70000/1391015
Finished entry 80000/1391015
Finished entry 90000/1391015
Finished entry 100000/1391015
Finished entry 110000/1391015
Finished entry 120000/1391015
Finished entry 130000/1391015
Finished entry 140000/1391015
Finished entry 150000/1391015
Finished entry 160000/1391015
Finished entry 170000/1391015
Finished entry 180000/1391015
Finished entry 190000/1391015
Finished entry 200000/1391015
Finished entry 210000/1391015
Finished entry 220000/1391015
Finished entry 230000/1391015
Finished entry 240000/1391015
Finished entry 250000/1391015
Finished entry 260000/1391015
Finished entry 270000/1391015
Finished entry 280000/1391015
Finished entry 290000/1391015
Finished entry 300000/1391015
Finished entry 310000/1391015
Finished entry 320000/1391015
Finished entry 330000/1391015
Finished entry 340000/1391015
Finished entry 350000/1391015
Finished entry 360000/1391015
Finished entry 370000/1391015
Finished entry 380000/1391015
Finished entry 390000/1391015
Finished entry 400000/1391015
Finished entry 410000/1391015
Finished entry 420000/1391015
Finished entry 430000/1391015
Finished entry 440000/1391015
Finished entry 450000/1391015
Finished entry 460000/1391015
Finished entry 470000/1391015
Finished entry 480000/1391015
Finished entry 490000/1391015
Finished entry 500000/1391015
Finished entry 510000/1391015
Finished entry 520000/1391015
Finished entry 530000/1391015
Finished entry 540000/1391015
Finished entry 550000/1391015
Finished entry 560000/1391015
Finished entry 570000/1391015
Finished entry 580000/1391015
Finished entry 590000/1391015
Finished entry 600000/1391015
Finished entry 610000/1391015
Finished entry 620000/1391015
Finished entry 630000/1391015
Finished entry 640000/1391015
Finished entry 650000/1391015
Finished entry 660000/1391015
Finished entry 670000/1391015
Finished entry 680000/1391015
Finished entry 690000/1391015
Finished entry 700000/1391015
Finished entry 710000/1391015
Finished entry 720000/1391015
Finished entry 730000/1391015
Finished entry 740000/1391015
Finished entry 750000/1391015
Finished entry 760000/1391015
Finished entry 770000/1391015
Finished entry 780000/1391015
Finished entry 790000/1391015
Finished entry 800000/1391015
Finished entry 810000/1391015
Finished entry 820000/1391015
Finished entry 830000/1391015
Finished entry 840000/1391015
Finished entry 850000/1391015
Finished entry 860000/1391015
Finished entry 870000/1391015
Finished entry 880000/1391015
Finished entry 890000/1391015
Finished entry 900000/1391015
Finished entry 910000/1391015
Finished entry 920000/1391015
Finished entry 930000/1391015
Finished entry 940000/1391015
Finished entry 950000/1391015
Finished entry 960000/1391015
Finished entry 970000/1391015
Finished entry 980000/1391015
Finished entry 990000/1391015
Finished entry 1000000/1391015
Finished entry 1010000/1391015
Finished entry 1020000/1391015
Finished entry 1030000/1391015
Finished entry 1040000/1391015
Finished entry 1050000/1391015
Finished entry 1060000/1391015
Finished entry 1070000/1391015
Finished entry 1080000/1391015
Finished entry 1090000/1391015
Finished entry 1100000/1391015
Finished entry 1110000/1391015
Finished entry 1120000/1391015
Finished entry 1130000/1391015
Finished entry 1140000/1391015
Finished entry 1150000/1391015
Finished entry 1160000/1391015
Finished entry 1170000/1391015
Finished entry 1180000/1391015
Finished entry 1190000/1391015
Finished entry 1200000/1391015
Finished entry 1210000/1391015
Finished entry 1220000/1391015
Finished entry 1230000/1391015
Finished entry 1240000/1391015
Finished entry 1250000/1391015
Finished entry 1260000/1391015
Finished entry 1270000/1391015
Finished entry 1280000/1391015
Finished entry 1290000/1391015
Finished entry 1300000/1391015
Finished entry 1310000/1391015
Finished entry 1320000/1391015
Finished entry 1330000/1391015
Finished entry 1340000/1391015
Finished entry 1350000/1391015
Finished entry 1360000/1391015
Finished entry 1370000/1391015
Finished entry 1380000/1391015
Finished entry 1390000/1391015
