file path found: /hdfs/store/user/varuns/Run2018D_Prompt/EGamma/crab_job_EGamma2018Dv2_2/190526_233615/0001/Data_EGamma2018Dv2_2_1013.root
name: Data_EGamma2018Dv2_2_1013.root
filenumber: 0
file path found: /hdfs/store/user/varuns/Run2018D_Prompt/EGamma/crab_job_EGamma2018Dv2_2/190526_233615/0001/Data_EGamma2018Dv2_2_1088.root
name: Data_EGamma2018Dv2_2_1088.root
filenumber: 1
file path found: /hdfs/store/user/varuns/Run2018D_Prompt/EGamma/crab_job_EGamma2018Dv2_2/190526_233615/0001/Data_EGamma2018Dv2_2_1097.root
name: Data_EGamma2018Dv2_2_1097.root
filenumber: 2
file path found: /hdfs/store/user/varuns/Run2018D_Prompt/EGamma/crab_job_EGamma2018Dv2_2/190526_233615/0001/Data_EGamma2018Dv2_2_1115.root
name: Data_EGamma2018Dv2_2_1115.root
filenumber: 3
file path found: /hdfs/store/user/varuns/Run2018D_Prompt/EGamma/crab_job_EGamma2018Dv2_2/190526_233615/0001/Data_EGamma2018Dv2_2_1133.root
name: Data_EGamma2018Dv2_2_1133.root
filenumber: 4
file path found: /hdfs/store/user/varuns/Run2018D_Prompt/EGamma/crab_job_EGamma2018Dv2_2/190526_233615/0001/Data_EGamma2018Dv2_2_1148.root
name: Data_EGamma2018Dv2_2_1148.root
filenumber: 5
file path found: /hdfs/store/user/varuns/Run2018D_Prompt/EGamma/crab_job_EGamma2018Dv2_2/190526_233615/0001/Data_EGamma2018Dv2_2_1154.root
name: Data_EGamma2018Dv2_2_1154.root
filenumber: 6
file path found: /hdfs/store/user/varuns/Run2018D_Prompt/EGamma/crab_job_EGamma2018Dv2_2/190526_233615/0001/Data_EGamma2018Dv2_2_1155.root
name: Data_EGamma2018Dv2_2_1155.root
filenumber: 7
file path found: /hdfs/store/user/varuns/Run2018D_Prompt/EGamma/crab_job_EGamma2018Dv2_2/190526_233615/0001/Data_EGamma2018Dv2_2_1158.root
name: Data_EGamma2018Dv2_2_1158.root
filenumber: 8
file path found: /hdfs/store/user/varuns/Run2018D_Prompt/EGamma/crab_job_EGamma2018Dv2_2/190526_233615/0001/Data_EGamma2018Dv2_2_1162.root
name: Data_EGamma2018Dv2_2_1162.root
filenumber: 9
file path found: /hdfs/store/user/varuns/Run2018D_Prompt/EGamma/crab_job_EGamma2018Dv2_2/190526_233615/0001/Data_EGamma2018Dv2_2_1163.root
name: Data_EGamma2018Dv2_2_1163.root
filenumber: 10
file path found: /hdfs/store/user/varuns/Run2018D_Prompt/EGamma/crab_job_EGamma2018Dv2_2/190526_233615/0001/Data_EGamma2018Dv2_2_1165.root
name: Data_EGamma2018Dv2_2_1165.root
filenumber: 11
file path found: /hdfs/store/user/varuns/Run2018D_Prompt/EGamma/crab_job_EGamma2018Dv2_2/190526_233615/0001/Data_EGamma2018Dv2_2_1166.root
name: Data_EGamma2018Dv2_2_1166.root
filenumber: 12
file path found: /hdfs/store/user/varuns/Run2018D_Prompt/EGamma/crab_job_EGamma2018Dv2_2/190526_233615/0001/Data_EGamma2018Dv2_2_1167.root
name: Data_EGamma2018Dv2_2_1167.root
filenumber: 13
file path found: /hdfs/store/user/varuns/Run2018D_Prompt/EGamma/crab_job_EGamma2018Dv2_2/190526_233615/0001/Data_EGamma2018Dv2_2_1168.root
name: Data_EGamma2018Dv2_2_1168.root
filenumber: 14
file path found: /hdfs/store/user/varuns/Run2018D_Prompt/EGamma/crab_job_EGamma2018Dv2_2/190526_233615/0001/Data_EGamma2018Dv2_2_1170.root
name: Data_EGamma2018Dv2_2_1170.root
filenumber: 15
file path found: /hdfs/store/user/varuns/Run2018D_Prompt/EGamma/crab_job_EGamma2018Dv2_2/190526_233615/0001/Data_EGamma2018Dv2_2_1172.root
name: Data_EGamma2018Dv2_2_1172.root
filenumber: 16
file path found: /hdfs/store/user/varuns/Run2018D_Prompt/EGamma/crab_job_EGamma2018Dv2_2/190526_233615/0001/Data_EGamma2018Dv2_2_1173.root
name: Data_EGamma2018Dv2_2_1173.root
filenumber: 17
file path found: /hdfs/store/user/varuns/Run2018D_Prompt/EGamma/crab_job_EGamma2018Dv2_2/190526_233615/0001/Data_EGamma2018Dv2_2_1174.root
name: Data_EGamma2018Dv2_2_1174.root
filenumber: 18
file path found: /hdfs/store/user/varuns/Run2018D_Prompt/EGamma/crab_job_EGamma2018Dv2_2/190526_233615/0001/Data_EGamma2018Dv2_2_1176.root
name: Data_EGamma2018Dv2_2_1176.root
filenumber: 19
file path found: /hdfs/store/user/varuns/Run2018D_Prompt/EGamma/crab_job_EGamma2018Dv2_2/190526_233615/0001/Data_EGamma2018Dv2_2_1177.root
name: Data_EGamma2018Dv2_2_1177.root
filenumber: 20
file path found: /hdfs/store/user/varuns/Run2018D_Prompt/EGamma/crab_job_EGamma2018Dv2_2/190526_233615/0001/Data_EGamma2018Dv2_2_1178.root
name: Data_EGamma2018Dv2_2_1178.root
filenumber: 21
file path found: /hdfs/store/user/varuns/Run2018D_Prompt/EGamma/crab_job_EGamma2018Dv2_2/190526_233615/0001/Data_EGamma2018Dv2_2_1179.root
name: Data_EGamma2018Dv2_2_1179.root
filenumber: 22
file path found: /hdfs/store/user/varuns/Run2018D_Prompt/EGamma/crab_job_EGamma2018Dv2_2/190526_233615/0001/Data_EGamma2018Dv2_2_1180.root
name: Data_EGamma2018Dv2_2_1180.root
filenumber: 23
file path found: /hdfs/store/user/varuns/Run2018D_Prompt/EGamma/crab_job_EGamma2018Dv2_2/190526_233615/0001/Data_EGamma2018Dv2_2_1181.root
name: Data_EGamma2018Dv2_2_1181.root
filenumber: 24
file path found: /hdfs/store/user/varuns/Run2018D_Prompt/EGamma/crab_job_EGamma2018Dv2_2/190526_233615/0001/Data_EGamma2018Dv2_2_1182.root
name: Data_EGamma2018Dv2_2_1182.root
filenumber: 25
file path found: /hdfs/store/user/varuns/Run2018D_Prompt/EGamma/crab_job_EGamma2018Dv2_2/190526_233615/0001/Data_EGamma2018Dv2_2_1183.root
name: Data_EGamma2018Dv2_2_1183.root
filenumber: 26
file path found: /hdfs/store/user/varuns/Run2018D_Prompt/EGamma/crab_job_EGamma2018Dv2_2/190526_233615/0001/Data_EGamma2018Dv2_2_1184.root
name: Data_EGamma2018Dv2_2_1184.root
filenumber: 27
file path found: /hdfs/store/user/varuns/Run2018D_Prompt/EGamma/crab_job_EGamma2018Dv2_2/190526_233615/0001/Data_EGamma2018Dv2_2_1185.root
name: Data_EGamma2018Dv2_2_1185.root
filenumber: 28
file path found: /hdfs/store/user/varuns/Run2018D_Prompt/EGamma/crab_job_EGamma2018Dv2_2/190526_233615/0001/Data_EGamma2018Dv2_2_1186.root
name: Data_EGamma2018Dv2_2_1186.root
filenumber: 29
file path found: /hdfs/store/user/varuns/Run2018D_Prompt/EGamma/crab_job_EGamma2018Dv2_2/190526_233615/0001/Data_EGamma2018Dv2_2_1187.root
name: Data_EGamma2018Dv2_2_1187.root
filenumber: 30
file path found: /hdfs/store/user/varuns/Run2018D_Prompt/EGamma/crab_job_EGamma2018Dv2_2/190526_233615/0001/Data_EGamma2018Dv2_2_1188.root
name: Data_EGamma2018Dv2_2_1188.root
filenumber: 31
file path found: /hdfs/store/user/varuns/Run2018D_Prompt/EGamma/crab_job_EGamma2018Dv2_2/190526_233615/0001/Data_EGamma2018Dv2_2_1189.root
name: Data_EGamma2018Dv2_2_1189.root
filenumber: 32
file path found: /hdfs/store/user/varuns/Run2018D_Prompt/EGamma/crab_job_EGamma2018Dv2_2/190526_233615/0001/Data_EGamma2018Dv2_2_1190.root
name: Data_EGamma2018Dv2_2_1190.root
filenumber: 33
file path found: /hdfs/store/user/varuns/Run2018D_Prompt/EGamma/crab_job_EGamma2018Dv2_2/190526_233615/0001/Data_EGamma2018Dv2_2_1191.root
name: Data_EGamma2018Dv2_2_1191.root
filenumber: 34
file path found: /hdfs/store/user/varuns/Run2018D_Prompt/EGamma/crab_job_EGamma2018Dv2_2/190526_233615/0001/Data_EGamma2018Dv2_2_1192.root
name: Data_EGamma2018Dv2_2_1192.root
filenumber: 35
file path found: /hdfs/store/user/varuns/Run2018D_Prompt/EGamma/crab_job_EGamma2018Dv2_2/190526_233615/0001/Data_EGamma2018Dv2_2_1193.root
name: Data_EGamma2018Dv2_2_1193.root
filenumber: 36
file path found: /hdfs/store/user/varuns/Run2018D_Prompt/EGamma/crab_job_EGamma2018Dv2_2/190526_233615/0001/Data_EGamma2018Dv2_2_1194.root
name: Data_EGamma2018Dv2_2_1194.root
filenumber: 37
file path found: /hdfs/store/user/varuns/Run2018D_Prompt/EGamma/crab_job_EGamma2018Dv2_2/190526_233615/0001/Data_EGamma2018Dv2_2_1195.root
name: Data_EGamma2018Dv2_2_1195.root
filenumber: 38
file path found: /hdfs/store/user/varuns/Run2018D_Prompt/EGamma/crab_job_EGamma2018Dv2_2/190526_233615/0001/Data_EGamma2018Dv2_2_1196.root
name: Data_EGamma2018Dv2_2_1196.root
filenumber: 39
file path found: /hdfs/store/user/varuns/Run2018D_Prompt/EGamma/crab_job_EGamma2018Dv2_2/190526_233615/0001/Data_EGamma2018Dv2_2_1197.root
name: Data_EGamma2018Dv2_2_1197.root
filenumber: 40
file path found: /hdfs/store/user/varuns/Run2018D_Prompt/EGamma/crab_job_EGamma2018Dv2_2/190526_233615/0001/Data_EGamma2018Dv2_2_1198.root
name: Data_EGamma2018Dv2_2_1198.root
filenumber: 41
file path found: /hdfs/store/user/varuns/Run2018D_Prompt/EGamma/crab_job_EGamma2018Dv2_2/190526_233615/0001/Data_EGamma2018Dv2_2_1199.root
name: Data_EGamma2018Dv2_2_1199.root
filenumber: 42
file path found: /hdfs/store/user/varuns/Run2018D_Prompt/EGamma/crab_job_EGamma2018Dv2_2/190526_233615/0001/Data_EGamma2018Dv2_2_1200.root
name: Data_EGamma2018Dv2_2_1200.root
filenumber: 43
file path found: /hdfs/store/user/varuns/Run2018D_Prompt/EGamma/crab_job_EGamma2018Dv2_2/190526_233615/0001/Data_EGamma2018Dv2_2_1201.root
name: Data_EGamma2018Dv2_2_1201.root
filenumber: 44
file path found: /hdfs/store/user/varuns/Run2018D_Prompt/EGamma/crab_job_EGamma2018Dv2_2/190526_233615/0001/Data_EGamma2018Dv2_2_1202.root
name: Data_EGamma2018Dv2_2_1202.root
filenumber: 45
file path found: /hdfs/store/user/varuns/Run2018D_Prompt/EGamma/crab_job_EGamma2018Dv2_2/190526_233615/0001/Data_EGamma2018Dv2_2_1203.root
name: Data_EGamma2018Dv2_2_1203.root
filenumber: 46
file path found: /hdfs/store/user/varuns/Run2018D_Prompt/EGamma/crab_job_EGamma2018Dv2_2/190526_233615/0001/Data_EGamma2018Dv2_2_1204.root
name: Data_EGamma2018Dv2_2_1204.root
filenumber: 47
file path found: /hdfs/store/user/varuns/Run2018D_Prompt/EGamma/crab_job_EGamma2018Dv2_2/190526_233615/0001/Data_EGamma2018Dv2_2_1205.root
name: Data_EGamma2018Dv2_2_1205.root
filenumber: 48
file path found: /hdfs/store/user/varuns/Run2018D_Prompt/EGamma/crab_job_EGamma2018Dv2_2/190526_233615/0001/Data_EGamma2018Dv2_2_1206.root
name: Data_EGamma2018Dv2_2_1206.root
filenumber: 49
file path found: /hdfs/store/user/varuns/Run2018D_Prompt/EGamma/crab_job_EGamma2018Dv2_2/190526_233615/0001/Data_EGamma2018Dv2_2_1207.root
name: Data_EGamma2018Dv2_2_1207.root
filenumber: 50
file path found: /hdfs/store/user/varuns/Run2018D_Prompt/EGamma/crab_job_EGamma2018Dv2_2/190526_233615/0001/Data_EGamma2018Dv2_2_1208.root
name: Data_EGamma2018Dv2_2_1208.root
filenumber: 51
file path found: /hdfs/store/user/varuns/Run2018D_Prompt/EGamma/crab_job_EGamma2018Dv2_2/190526_233615/0001/Data_EGamma2018Dv2_2_1209.root
name: Data_EGamma2018Dv2_2_1209.root
filenumber: 52
file path found: /hdfs/store/user/varuns/Run2018D_Prompt/EGamma/crab_job_EGamma2018Dv2_2/190526_233615/0001/Data_EGamma2018Dv2_2_1210.root
name: Data_EGamma2018Dv2_2_1210.root
filenumber: 53
file path found: /hdfs/store/user/varuns/Run2018D_Prompt/EGamma/crab_job_EGamma2018Dv2_2/190526_233615/0001/Data_EGamma2018Dv2_2_1211.root
name: Data_EGamma2018Dv2_2_1211.root
filenumber: 54
file path found: /hdfs/store/user/varuns/Run2018D_Prompt/EGamma/crab_job_EGamma2018Dv2_2/190526_233615/0001/Data_EGamma2018Dv2_2_1212.root
name: Data_EGamma2018Dv2_2_1212.root
filenumber: 55
file path found: /hdfs/store/user/varuns/Run2018D_Prompt/EGamma/crab_job_EGamma2018Dv2_2/190526_233615/0001/Data_EGamma2018Dv2_2_1213.root
name: Data_EGamma2018Dv2_2_1213.root
filenumber: 56
file path found: /hdfs/store/user/varuns/Run2018D_Prompt/EGamma/crab_job_EGamma2018Dv2_2/190526_233615/0001/Data_EGamma2018Dv2_2_1214.root
name: Data_EGamma2018Dv2_2_1214.root
filenumber: 57
file path found: /hdfs/store/user/varuns/Run2018D_Prompt/EGamma/crab_job_EGamma2018Dv2_2/190526_233615/0001/Data_EGamma2018Dv2_2_1215.root
name: Data_EGamma2018Dv2_2_1215.root
filenumber: 58
file path found: /hdfs/store/user/varuns/Run2018D_Prompt/EGamma/crab_job_EGamma2018Dv2_2/190526_233615/0001/Data_EGamma2018Dv2_2_1216.root
name: Data_EGamma2018Dv2_2_1216.root
filenumber: 59
file path found: /hdfs/store/user/varuns/Run2018D_Prompt/EGamma/crab_job_EGamma2018Dv2_2/190526_233615/0001/Data_EGamma2018Dv2_2_1219.root
name: Data_EGamma2018Dv2_2_1219.root
filenumber: 60
file path found: /hdfs/store/user/varuns/Run2018D_Prompt/EGamma/crab_job_EGamma2018Dv2_2/190526_233615/0001/Data_EGamma2018Dv2_2_1221.root
name: Data_EGamma2018Dv2_2_1221.root
filenumber: 61
file path found: /hdfs/store/user/varuns/Run2018D_Prompt/EGamma/crab_job_EGamma2018Dv2_2/190526_233615/0001/Data_EGamma2018Dv2_2_1226.root
name: Data_EGamma2018Dv2_2_1226.root
filenumber: 62
file path found: /hdfs/store/user/varuns/Run2018D_Prompt/EGamma/crab_job_EGamma2018Dv2_2/190526_233615/0001/Data_EGamma2018Dv2_2_1227.root
name: Data_EGamma2018Dv2_2_1227.root
filenumber: 63
file path found: /hdfs/store/user/varuns/Run2018D_Prompt/EGamma/crab_job_EGamma2018Dv2_2/190526_233615/0001/Data_EGamma2018Dv2_2_1238.root
name: Data_EGamma2018Dv2_2_1238.root
filenumber: 64
file path found: /hdfs/store/user/varuns/Run2018D_Prompt/EGamma/crab_job_EGamma2018Dv2_2/190526_233615/0001/Data_EGamma2018Dv2_2_1240.root
name: Data_EGamma2018Dv2_2_1240.root
filenumber: 65
file path found: /hdfs/store/user/varuns/Run2018D_Prompt/EGamma/crab_job_EGamma2018Dv2_2/190526_233615/0001/Data_EGamma2018Dv2_2_1241.root
name: Data_EGamma2018Dv2_2_1241.root
filenumber: 66
file path found: /hdfs/store/user/varuns/Run2018D_Prompt/EGamma/crab_job_EGamma2018Dv2_2/190526_233615/0001/Data_EGamma2018Dv2_2_1285.root
name: Data_EGamma2018Dv2_2_1285.root
filenumber: 67
file path found: /hdfs/store/user/varuns/Run2018D_Prompt/EGamma/crab_job_EGamma2018Dv2_2/190526_233615/0001/Data_EGamma2018Dv2_2_1329.root
name: Data_EGamma2018Dv2_2_1329.root
filenumber: 68
file path found: /hdfs/store/user/varuns/Run2018D_Prompt/EGamma/crab_job_EGamma2018Dv2_2/190526_233615/0001/Data_EGamma2018Dv2_2_1376.root
name: Data_EGamma2018Dv2_2_1376.root
filenumber: 69
file path found: /hdfs/store/user/varuns/Run2018D_Prompt/EGamma/crab_job_EGamma2018Dv2_2/190526_233615/0001/Data_EGamma2018Dv2_2_1377.root
name: Data_EGamma2018Dv2_2_1377.root
filenumber: 70
file path found: /hdfs/store/user/varuns/Run2018D_Prompt/EGamma/crab_job_EGamma2018Dv2_2/190526_233615/0001/Data_EGamma2018Dv2_2_1437.root
name: Data_EGamma2018Dv2_2_1437.root
filenumber: 71
file path found: /hdfs/store/user/varuns/Run2018D_Prompt/EGamma/crab_job_EGamma2018Dv2_2/190526_233615/0001/Data_EGamma2018Dv2_2_1439.root
name: Data_EGamma2018Dv2_2_1439.root
filenumber: 72
file path found: /hdfs/store/user/varuns/Run2018D_Prompt/EGamma/crab_job_EGamma2018Dv2_2/190526_233615/0001/Data_EGamma2018Dv2_2_1451.root
name: Data_EGamma2018Dv2_2_1451.root
filenumber: 73
file path found: /hdfs/store/user/varuns/Run2018D_Prompt/EGamma/crab_job_EGamma2018Dv2_2/190526_233615/0001/Data_EGamma2018Dv2_2_1452.root
name: Data_EGamma2018Dv2_2_1452.root
filenumber: 74
file path found: /hdfs/store/user/varuns/Run2018D_Prompt/EGamma/crab_job_EGamma2018Dv2_2/190526_233615/0001/Data_EGamma2018Dv2_2_1453.root
name: Data_EGamma2018Dv2_2_1453.root
filenumber: 75
file path found: /hdfs/store/user/varuns/Run2018D_Prompt/EGamma/crab_job_EGamma2018Dv2_2/190526_233615/0001/Data_EGamma2018Dv2_2_1454.root
name: Data_EGamma2018Dv2_2_1454.root
filenumber: 76
file path found: /hdfs/store/user/varuns/Run2018D_Prompt/EGamma/crab_job_EGamma2018Dv2_2/190526_233615/0001/Data_EGamma2018Dv2_2_1465.root
name: Data_EGamma2018Dv2_2_1465.root
filenumber: 77
file path found: /hdfs/store/user/varuns/Run2018D_Prompt/EGamma/crab_job_EGamma2018Dv2_2/190526_233615/0001/Data_EGamma2018Dv2_2_1471.root
name: Data_EGamma2018Dv2_2_1471.root
filenumber: 78
file path found: /hdfs/store/user/varuns/Run2018D_Prompt/EGamma/crab_job_EGamma2018Dv2_2/190526_233615/0001/Data_EGamma2018Dv2_2_1472.root
name: Data_EGamma2018Dv2_2_1472.root
filenumber: 79
file path found: /hdfs/store/user/varuns/Run2018D_Prompt/EGamma/crab_job_EGamma2018Dv2_2/190526_233615/0001/Data_EGamma2018Dv2_2_1476.root
name: Data_EGamma2018Dv2_2_1476.root
filenumber: 80
file path found: /hdfs/store/user/varuns/Run2018D_Prompt/EGamma/crab_job_EGamma2018Dv2_2/190526_233615/0001/Data_EGamma2018Dv2_2_1484.root
name: Data_EGamma2018Dv2_2_1484.root
filenumber: 81
Adding FullPathInputFile to chain:/hdfs/store/user/varuns/Run2018D_Prompt/EGamma/crab_job_EGamma2018Dv2_2/190526_233615/0001/Data_EGamma2018Dv2_2_1484.root

file path found: /hdfs/store/user/varuns/Run2018D_Prompt/EGamma/crab_job_EGamma2018Dv2_2/190526_233615/0001/Data_EGamma2018Dv2_2_1486.root
name: Data_EGamma2018Dv2_2_1486.root
filenumber: 82
Adding FullPathInputFile to chain:/hdfs/store/user/varuns/Run2018D_Prompt/EGamma/crab_job_EGamma2018Dv2_2/190526_233615/0001/Data_EGamma2018Dv2_2_1486.root

file path found: /hdfs/store/user/varuns/Run2018D_Prompt/EGamma/crab_job_EGamma2018Dv2_2/190526_233615/0001/Data_EGamma2018Dv2_2_1487.root
name: Data_EGamma2018Dv2_2_1487.root
filenumber: 83
Adding FullPathInputFile to chain:/hdfs/store/user/varuns/Run2018D_Prompt/EGamma/crab_job_EGamma2018Dv2_2/190526_233615/0001/Data_EGamma2018Dv2_2_1487.root

file path found: /hdfs/store/user/varuns/Run2018D_Prompt/EGamma/crab_job_EGamma2018Dv2_2/190526_233615/0001/Data_EGamma2018Dv2_2_1503.root
name: Data_EGamma2018Dv2_2_1503.root
filenumber: 84
Adding FullPathInputFile to chain:/hdfs/store/user/varuns/Run2018D_Prompt/EGamma/crab_job_EGamma2018Dv2_2/190526_233615/0001/Data_EGamma2018Dv2_2_1503.root

file path found: /hdfs/store/user/varuns/Run2018D_Prompt/EGamma/crab_job_EGamma2018Dv2_2/190526_233615/0001/Data_EGamma2018Dv2_2_1505.root
name: Data_EGamma2018Dv2_2_1505.root
filenumber: 85
Adding FullPathInputFile to chain:/hdfs/store/user/varuns/Run2018D_Prompt/EGamma/crab_job_EGamma2018Dv2_2/190526_233615/0001/Data_EGamma2018Dv2_2_1505.root

file path found: /hdfs/store/user/varuns/Run2018D_Prompt/EGamma/crab_job_EGamma2018Dv2_2/190526_233615/0001/Data_EGamma2018Dv2_2_1507.root
name: Data_EGamma2018Dv2_2_1507.root
filenumber: 86
Adding FullPathInputFile to chain:/hdfs/store/user/varuns/Run2018D_Prompt/EGamma/crab_job_EGamma2018Dv2_2/190526_233615/0001/Data_EGamma2018Dv2_2_1507.root

file path found: /hdfs/store/user/varuns/Run2018D_Prompt/EGamma/crab_job_EGamma2018Dv2_2/190526_233615/0001/Data_EGamma2018Dv2_2_1508.root
name: Data_EGamma2018Dv2_2_1508.root
filenumber: 87
Adding FullPathInputFile to chain:/hdfs/store/user/varuns/Run2018D_Prompt/EGamma/crab_job_EGamma2018Dv2_2/190526_233615/0001/Data_EGamma2018Dv2_2_1508.root

file path found: /hdfs/store/user/varuns/Run2018D_Prompt/EGamma/crab_job_EGamma2018Dv2_2/190526_233615/0001/Data_EGamma2018Dv2_2_1509.root
name: Data_EGamma2018Dv2_2_1509.root
filenumber: 88
Adding FullPathInputFile to chain:/hdfs/store/user/varuns/Run2018D_Prompt/EGamma/crab_job_EGamma2018Dv2_2/190526_233615/0001/Data_EGamma2018Dv2_2_1509.root

file path found: /hdfs/store/user/varuns/Run2018D_Prompt/EGamma/crab_job_EGamma2018Dv2_2/190526_233615/0001/Data_EGamma2018Dv2_2_1510.root
name: Data_EGamma2018Dv2_2_1510.root
filenumber: 89
Adding FullPathInputFile to chain:/hdfs/store/user/varuns/Run2018D_Prompt/EGamma/crab_job_EGamma2018Dv2_2/190526_233615/0001/Data_EGamma2018Dv2_2_1510.root

file path found: /hdfs/store/user/varuns/Run2018D_Prompt/EGamma/crab_job_EGamma2018Dv2_2/190526_233615/0001/Data_EGamma2018Dv2_2_1521.root
name: Data_EGamma2018Dv2_2_1521.root
filenumber: 90
Adding FullPathInputFile to chain:/hdfs/store/user/varuns/Run2018D_Prompt/EGamma/crab_job_EGamma2018Dv2_2/190526_233615/0001/Data_EGamma2018Dv2_2_1521.root

file path found: /hdfs/store/user/varuns/Run2018D_Prompt/EGamma/crab_job_EGamma2018Dv2_2/190526_233615/0001/Data_EGamma2018Dv2_2_1526.root
name: Data_EGamma2018Dv2_2_1526.root
filenumber: 91
Adding FullPathInputFile to chain:/hdfs/store/user/varuns/Run2018D_Prompt/EGamma/crab_job_EGamma2018Dv2_2/190526_233615/0001/Data_EGamma2018Dv2_2_1526.root

file path found: /hdfs/store/user/varuns/Run2018D_Prompt/EGamma/crab_job_EGamma2018Dv2_2/190526_233615/0001/Data_EGamma2018Dv2_2_1527.root
name: Data_EGamma2018Dv2_2_1527.root
filenumber: 92
Adding FullPathInputFile to chain:/hdfs/store/user/varuns/Run2018D_Prompt/EGamma/crab_job_EGamma2018Dv2_2/190526_233615/0001/Data_EGamma2018Dv2_2_1527.root

file path found: /hdfs/store/user/varuns/Run2018D_Prompt/EGamma/crab_job_EGamma2018Dv2_2/190526_233615/0001/Data_EGamma2018Dv2_2_1530.root
name: Data_EGamma2018Dv2_2_1530.root
filenumber: 93
Adding FullPathInputFile to chain:/hdfs/store/user/varuns/Run2018D_Prompt/EGamma/crab_job_EGamma2018Dv2_2/190526_233615/0001/Data_EGamma2018Dv2_2_1530.root

file path found: /hdfs/store/user/varuns/Run2018D_Prompt/EGamma/crab_job_EGamma2018Dv2_2/190526_233615/0001/Data_EGamma2018Dv2_2_1535.root
name: Data_EGamma2018Dv2_2_1535.root
filenumber: 94
Adding FullPathInputFile to chain:/hdfs/store/user/varuns/Run2018D_Prompt/EGamma/crab_job_EGamma2018Dv2_2/190526_233615/0001/Data_EGamma2018Dv2_2_1535.root

file path found: /hdfs/store/user/varuns/Run2018D_Prompt/EGamma/crab_job_EGamma2018Dv2_2/190526_233615/0001/Data_EGamma2018Dv2_2_1536.root
name: Data_EGamma2018Dv2_2_1536.root
filenumber: 95
Adding FullPathInputFile to chain:/hdfs/store/user/varuns/Run2018D_Prompt/EGamma/crab_job_EGamma2018Dv2_2/190526_233615/0001/Data_EGamma2018Dv2_2_1536.root

file path found: /hdfs/store/user/varuns/Run2018D_Prompt/EGamma/crab_job_EGamma2018Dv2_2/190526_233615/0001/Data_EGamma2018Dv2_2_1537.root
name: Data_EGamma2018Dv2_2_1537.root
filenumber: 96
Adding FullPathInputFile to chain:/hdfs/store/user/varuns/Run2018D_Prompt/EGamma/crab_job_EGamma2018Dv2_2/190526_233615/0001/Data_EGamma2018Dv2_2_1537.root

file path found: /hdfs/store/user/varuns/Run2018D_Prompt/EGamma/crab_job_EGamma2018Dv2_2/190526_233615/0001/Data_EGamma2018Dv2_2_1538.root
name: Data_EGamma2018Dv2_2_1538.root
filenumber: 97
Adding FullPathInputFile to chain:/hdfs/store/user/varuns/Run2018D_Prompt/EGamma/crab_job_EGamma2018Dv2_2/190526_233615/0001/Data_EGamma2018Dv2_2_1538.root

file path found: /hdfs/store/user/varuns/Run2018D_Prompt/EGamma/crab_job_EGamma2018Dv2_2/190526_233615/0001/Data_EGamma2018Dv2_2_1539.root
name: Data_EGamma2018Dv2_2_1539.root
filenumber: 98
Adding FullPathInputFile to chain:/hdfs/store/user/varuns/Run2018D_Prompt/EGamma/crab_job_EGamma2018Dv2_2/190526_233615/0001/Data_EGamma2018Dv2_2_1539.root

file path found: /hdfs/store/user/varuns/Run2018D_Prompt/EGamma/crab_job_EGamma2018Dv2_2/190526_233615/0001/Data_EGamma2018Dv2_2_1540.root
name: Data_EGamma2018Dv2_2_1540.root
filenumber: 99
Adding FullPathInputFile to chain:/hdfs/store/user/varuns/Run2018D_Prompt/EGamma/crab_job_EGamma2018Dv2_2/190526_233615/0001/Data_EGamma2018Dv2_2_1540.root

file path found: /hdfs/store/user/varuns/Run2018D_Prompt/EGamma/crab_job_EGamma2018Dv2_2/190526_233615/0001/Data_EGamma2018Dv2_2_1541.root
name: Data_EGamma2018Dv2_2_1541.root
filenumber: 100
Adding FullPathInputFile to chain:/hdfs/store/user/varuns/Run2018D_Prompt/EGamma/crab_job_EGamma2018Dv2_2/190526_233615/0001/Data_EGamma2018Dv2_2_1541.root

file path found: /hdfs/store/user/varuns/Run2018D_Prompt/EGamma/crab_job_EGamma2018Dv2_2/190526_233615/0001/Data_EGamma2018Dv2_2_1545.root
name: Data_EGamma2018Dv2_2_1545.root
filenumber: 101
Adding FullPathInputFile to chain:/hdfs/store/user/varuns/Run2018D_Prompt/EGamma/crab_job_EGamma2018Dv2_2/190526_233615/0001/Data_EGamma2018Dv2_2_1545.root

file path found: /hdfs/store/user/varuns/Run2018D_Prompt/EGamma/crab_job_EGamma2018Dv2_2/190526_233615/0001/Data_EGamma2018Dv2_2_1547.root
name: Data_EGamma2018Dv2_2_1547.root
filenumber: 102
Adding FullPathInputFile to chain:/hdfs/store/user/varuns/Run2018D_Prompt/EGamma/crab_job_EGamma2018Dv2_2/190526_233615/0001/Data_EGamma2018Dv2_2_1547.root

file path found: /hdfs/store/user/varuns/Run2018D_Prompt/EGamma/crab_job_EGamma2018Dv2_2/190526_233615/0001/Data_EGamma2018Dv2_2_1551.root
name: Data_EGamma2018Dv2_2_1551.root
filenumber: 103
Adding FullPathInputFile to chain:/hdfs/store/user/varuns/Run2018D_Prompt/EGamma/crab_job_EGamma2018Dv2_2/190526_233615/0001/Data_EGamma2018Dv2_2_1551.root

file path found: /hdfs/store/user/varuns/Run2018D_Prompt/EGamma/crab_job_EGamma2018Dv2_2/190526_233615/0001/Data_EGamma2018Dv2_2_1563.root
name: Data_EGamma2018Dv2_2_1563.root
filenumber: 104
Adding FullPathInputFile to chain:/hdfs/store/user/varuns/Run2018D_Prompt/EGamma/crab_job_EGamma2018Dv2_2/190526_233615/0001/Data_EGamma2018Dv2_2_1563.root

file path found: /hdfs/store/user/varuns/Run2018D_Prompt/EGamma/crab_job_EGamma2018Dv2_2/190526_233615/0001/Data_EGamma2018Dv2_2_1564.root
name: Data_EGamma2018Dv2_2_1564.root
filenumber: 105
Adding FullPathInputFile to chain:/hdfs/store/user/varuns/Run2018D_Prompt/EGamma/crab_job_EGamma2018Dv2_2/190526_233615/0001/Data_EGamma2018Dv2_2_1564.root

file path found: /hdfs/store/user/varuns/Run2018D_Prompt/EGamma/crab_job_EGamma2018Dv2_2/190526_233615/0001/Data_EGamma2018Dv2_2_1565.root
name: Data_EGamma2018Dv2_2_1565.root
filenumber: 106
Adding FullPathInputFile to chain:/hdfs/store/user/varuns/Run2018D_Prompt/EGamma/crab_job_EGamma2018Dv2_2/190526_233615/0001/Data_EGamma2018Dv2_2_1565.root

file path found: /hdfs/store/user/varuns/Run2018D_Prompt/EGamma/crab_job_EGamma2018Dv2_2/190526_233615/0001/Data_EGamma2018Dv2_2_1566.root
name: Data_EGamma2018Dv2_2_1566.root
filenumber: 107
Adding FullPathInputFile to chain:/hdfs/store/user/varuns/Run2018D_Prompt/EGamma/crab_job_EGamma2018Dv2_2/190526_233615/0001/Data_EGamma2018Dv2_2_1566.root

file path found: /hdfs/store/user/varuns/Run2018D_Prompt/EGamma/crab_job_EGamma2018Dv2_2/190526_233615/0001/Data_EGamma2018Dv2_2_1567.root
name: Data_EGamma2018Dv2_2_1567.root
filenumber: 108
Adding FullPathInputFile to chain:/hdfs/store/user/varuns/Run2018D_Prompt/EGamma/crab_job_EGamma2018Dv2_2/190526_233615/0001/Data_EGamma2018Dv2_2_1567.root

file path found: /hdfs/store/user/varuns/Run2018D_Prompt/EGamma/crab_job_EGamma2018Dv2_2/190526_233615/0001/Data_EGamma2018Dv2_2_1568.root
name: Data_EGamma2018Dv2_2_1568.root
filenumber: 109
Adding FullPathInputFile to chain:/hdfs/store/user/varuns/Run2018D_Prompt/EGamma/crab_job_EGamma2018Dv2_2/190526_233615/0001/Data_EGamma2018Dv2_2_1568.root

file path found: /hdfs/store/user/varuns/Run2018D_Prompt/EGamma/crab_job_EGamma2018Dv2_2/190526_233615/0001/Data_EGamma2018Dv2_2_1569.root
name: Data_EGamma2018Dv2_2_1569.root
filenumber: 110
Adding FullPathInputFile to chain:/hdfs/store/user/varuns/Run2018D_Prompt/EGamma/crab_job_EGamma2018Dv2_2/190526_233615/0001/Data_EGamma2018Dv2_2_1569.root

file path found: /hdfs/store/user/varuns/Run2018D_Prompt/EGamma/crab_job_EGamma2018Dv2_2/190526_233615/0001/Data_EGamma2018Dv2_2_1570.root
name: Data_EGamma2018Dv2_2_1570.root
filenumber: 111
Adding FullPathInputFile to chain:/hdfs/store/user/varuns/Run2018D_Prompt/EGamma/crab_job_EGamma2018Dv2_2/190526_233615/0001/Data_EGamma2018Dv2_2_1570.root

file path found: /hdfs/store/user/varuns/Run2018D_Prompt/EGamma/crab_job_EGamma2018Dv2_2/190526_233615/0001/Data_EGamma2018Dv2_2_1571.root
name: Data_EGamma2018Dv2_2_1571.root
filenumber: 112
Adding FullPathInputFile to chain:/hdfs/store/user/varuns/Run2018D_Prompt/EGamma/crab_job_EGamma2018Dv2_2/190526_233615/0001/Data_EGamma2018Dv2_2_1571.root

file path found: /hdfs/store/user/varuns/Run2018D_Prompt/EGamma/crab_job_EGamma2018Dv2_2/190526_233615/0001/Data_EGamma2018Dv2_2_1573.root
name: Data_EGamma2018Dv2_2_1573.root
filenumber: 113
Adding FullPathInputFile to chain:/hdfs/store/user/varuns/Run2018D_Prompt/EGamma/crab_job_EGamma2018Dv2_2/190526_233615/0001/Data_EGamma2018Dv2_2_1573.root

file path found: /hdfs/store/user/varuns/Run2018D_Prompt/EGamma/crab_job_EGamma2018Dv2_2/190526_233615/0001/Data_EGamma2018Dv2_2_1574.root
name: Data_EGamma2018Dv2_2_1574.root
filenumber: 114
Adding FullPathInputFile to chain:/hdfs/store/user/varuns/Run2018D_Prompt/EGamma/crab_job_EGamma2018Dv2_2/190526_233615/0001/Data_EGamma2018Dv2_2_1574.root

file path found: /hdfs/store/user/varuns/Run2018D_Prompt/EGamma/crab_job_EGamma2018Dv2_2/190526_233615/0001/Data_EGamma2018Dv2_2_1575.root
name: Data_EGamma2018Dv2_2_1575.root
filenumber: 115
Adding FullPathInputFile to chain:/hdfs/store/user/varuns/Run2018D_Prompt/EGamma/crab_job_EGamma2018Dv2_2/190526_233615/0001/Data_EGamma2018Dv2_2_1575.root

file path found: /hdfs/store/user/varuns/Run2018D_Prompt/EGamma/crab_job_EGamma2018Dv2_2/190526_233615/0001/Data_EGamma2018Dv2_2_1577.root
name: Data_EGamma2018Dv2_2_1577.root
filenumber: 116
Adding FullPathInputFile to chain:/hdfs/store/user/varuns/Run2018D_Prompt/EGamma/crab_job_EGamma2018Dv2_2/190526_233615/0001/Data_EGamma2018Dv2_2_1577.root

file path found: /hdfs/store/user/varuns/Run2018D_Prompt/EGamma/crab_job_EGamma2018Dv2_2/190526_233615/0001/Data_EGamma2018Dv2_2_1578.root
name: Data_EGamma2018Dv2_2_1578.root
filenumber: 117
Adding FullPathInputFile to chain:/hdfs/store/user/varuns/Run2018D_Prompt/EGamma/crab_job_EGamma2018Dv2_2/190526_233615/0001/Data_EGamma2018Dv2_2_1578.root

file path found: /hdfs/store/user/varuns/Run2018D_Prompt/EGamma/crab_job_EGamma2018Dv2_2/190526_233615/0001/Data_EGamma2018Dv2_2_1579.root
name: Data_EGamma2018Dv2_2_1579.root
filenumber: 118
Adding FullPathInputFile to chain:/hdfs/store/user/varuns/Run2018D_Prompt/EGamma/crab_job_EGamma2018Dv2_2/190526_233615/0001/Data_EGamma2018Dv2_2_1579.root

file path found: /hdfs/store/user/varuns/Run2018D_Prompt/EGamma/crab_job_EGamma2018Dv2_2/190526_233615/0001/Data_EGamma2018Dv2_2_1580.root
name: Data_EGamma2018Dv2_2_1580.root
filenumber: 119
Adding FullPathInputFile to chain:/hdfs/store/user/varuns/Run2018D_Prompt/EGamma/crab_job_EGamma2018Dv2_2/190526_233615/0001/Data_EGamma2018Dv2_2_1580.root

file path found: /hdfs/store/user/varuns/Run2018D_Prompt/EGamma/crab_job_EGamma2018Dv2_2/190526_233615/0001/Data_EGamma2018Dv2_2_1581.root
name: Data_EGamma2018Dv2_2_1581.root
filenumber: 120
Adding FullPathInputFile to chain:/hdfs/store/user/varuns/Run2018D_Prompt/EGamma/crab_job_EGamma2018Dv2_2/190526_233615/0001/Data_EGamma2018Dv2_2_1581.root

file path found: /hdfs/store/user/varuns/Run2018D_Prompt/EGamma/crab_job_EGamma2018Dv2_2/190526_233615/0001/Data_EGamma2018Dv2_2_1582.root
name: Data_EGamma2018Dv2_2_1582.root
filenumber: 121
Adding FullPathInputFile to chain:/hdfs/store/user/varuns/Run2018D_Prompt/EGamma/crab_job_EGamma2018Dv2_2/190526_233615/0001/Data_EGamma2018Dv2_2_1582.root

file path found: /hdfs/store/user/varuns/Run2018D_Prompt/EGamma/crab_job_EGamma2018Dv2_2/190526_233615/0001/Data_EGamma2018Dv2_2_1583.root
name: Data_EGamma2018Dv2_2_1583.root
filenumber: 122
Adding FullPathInputFile to chain:/hdfs/store/user/varuns/Run2018D_Prompt/EGamma/crab_job_EGamma2018Dv2_2/190526_233615/0001/Data_EGamma2018Dv2_2_1583.root

file path found: /hdfs/store/user/varuns/Run2018D_Prompt/EGamma/crab_job_EGamma2018Dv2_2/190526_233615/0001/Data_EGamma2018Dv2_2_1584.root
name: Data_EGamma2018Dv2_2_1584.root
filenumber: 123
Adding FullPathInputFile to chain:/hdfs/store/user/varuns/Run2018D_Prompt/EGamma/crab_job_EGamma2018Dv2_2/190526_233615/0001/Data_EGamma2018Dv2_2_1584.root

file path found: /hdfs/store/user/varuns/Run2018D_Prompt/EGamma/crab_job_EGamma2018Dv2_2/190526_233615/0001/Data_EGamma2018Dv2_2_1586.root
name: Data_EGamma2018Dv2_2_1586.root
filenumber: 124
Adding FullPathInputFile to chain:/hdfs/store/user/varuns/Run2018D_Prompt/EGamma/crab_job_EGamma2018Dv2_2/190526_233615/0001/Data_EGamma2018Dv2_2_1586.root

file path found: /hdfs/store/user/varuns/Run2018D_Prompt/EGamma/crab_job_EGamma2018Dv2_2/190526_233615/0001/Data_EGamma2018Dv2_2_1587.root
name: Data_EGamma2018Dv2_2_1587.root
filenumber: 125
Adding FullPathInputFile to chain:/hdfs/store/user/varuns/Run2018D_Prompt/EGamma/crab_job_EGamma2018Dv2_2/190526_233615/0001/Data_EGamma2018Dv2_2_1587.root

file path found: /hdfs/store/user/varuns/Run2018D_Prompt/EGamma/crab_job_EGamma2018Dv2_2/190526_233615/0001/Data_EGamma2018Dv2_2_1588.root
name: Data_EGamma2018Dv2_2_1588.root
filenumber: 126
Adding FullPathInputFile to chain:/hdfs/store/user/varuns/Run2018D_Prompt/EGamma/crab_job_EGamma2018Dv2_2/190526_233615/0001/Data_EGamma2018Dv2_2_1588.root

file path found: /hdfs/store/user/varuns/Run2018D_Prompt/EGamma/crab_job_EGamma2018Dv2_2/190526_233615/0001/Data_EGamma2018Dv2_2_1589.root
name: Data_EGamma2018Dv2_2_1589.root
filenumber: 127
Adding FullPathInputFile to chain:/hdfs/store/user/varuns/Run2018D_Prompt/EGamma/crab_job_EGamma2018Dv2_2/190526_233615/0001/Data_EGamma2018Dv2_2_1589.root

file path found: /hdfs/store/user/varuns/Run2018D_Prompt/EGamma/crab_job_EGamma2018Dv2_2/190526_233615/0001/Data_EGamma2018Dv2_2_1590.root
name: Data_EGamma2018Dv2_2_1590.root
filenumber: 128
Adding FullPathInputFile to chain:/hdfs/store/user/varuns/Run2018D_Prompt/EGamma/crab_job_EGamma2018Dv2_2/190526_233615/0001/Data_EGamma2018Dv2_2_1590.root

file path found: /hdfs/store/user/varuns/Run2018D_Prompt/EGamma/crab_job_EGamma2018Dv2_2/190526_233615/0001/Data_EGamma2018Dv2_2_1592.root
name: Data_EGamma2018Dv2_2_1592.root
filenumber: 129
Adding FullPathInputFile to chain:/hdfs/store/user/varuns/Run2018D_Prompt/EGamma/crab_job_EGamma2018Dv2_2/190526_233615/0001/Data_EGamma2018Dv2_2_1592.root

file path found: /hdfs/store/user/varuns/Run2018D_Prompt/EGamma/crab_job_EGamma2018Dv2_2/190526_233615/0001/Data_EGamma2018Dv2_2_1593.root
name: Data_EGamma2018Dv2_2_1593.root
filenumber: 130
Adding FullPathInputFile to chain:/hdfs/store/user/varuns/Run2018D_Prompt/EGamma/crab_job_EGamma2018Dv2_2/190526_233615/0001/Data_EGamma2018Dv2_2_1593.root

file path found: /hdfs/store/user/varuns/Run2018D_Prompt/EGamma/crab_job_EGamma2018Dv2_2/190526_233615/0001/Data_EGamma2018Dv2_2_1594.root
name: Data_EGamma2018Dv2_2_1594.root
filenumber: 131
Adding FullPathInputFile to chain:/hdfs/store/user/varuns/Run2018D_Prompt/EGamma/crab_job_EGamma2018Dv2_2/190526_233615/0001/Data_EGamma2018Dv2_2_1594.root

file path found: /hdfs/store/user/varuns/Run2018D_Prompt/EGamma/crab_job_EGamma2018Dv2_2/190526_233615/0001/Data_EGamma2018Dv2_2_1595.root
name: Data_EGamma2018Dv2_2_1595.root
filenumber: 132
Adding FullPathInputFile to chain:/hdfs/store/user/varuns/Run2018D_Prompt/EGamma/crab_job_EGamma2018Dv2_2/190526_233615/0001/Data_EGamma2018Dv2_2_1595.root

file path found: /hdfs/store/user/varuns/Run2018D_Prompt/EGamma/crab_job_EGamma2018Dv2_2/190526_233615/0001/Data_EGamma2018Dv2_2_1596.root
name: Data_EGamma2018Dv2_2_1596.root
filenumber: 133
Adding FullPathInputFile to chain:/hdfs/store/user/varuns/Run2018D_Prompt/EGamma/crab_job_EGamma2018Dv2_2/190526_233615/0001/Data_EGamma2018Dv2_2_1596.root

file path found: /hdfs/store/user/varuns/Run2018D_Prompt/EGamma/crab_job_EGamma2018Dv2_2/190526_233615/0001/Data_EGamma2018Dv2_2_1597.root
name: Data_EGamma2018Dv2_2_1597.root
filenumber: 134
Adding FullPathInputFile to chain:/hdfs/store/user/varuns/Run2018D_Prompt/EGamma/crab_job_EGamma2018Dv2_2/190526_233615/0001/Data_EGamma2018Dv2_2_1597.root

file path found: /hdfs/store/user/varuns/Run2018D_Prompt/EGamma/crab_job_EGamma2018Dv2_2/190526_233615/0001/Data_EGamma2018Dv2_2_1598.root
name: Data_EGamma2018Dv2_2_1598.root
filenumber: 135
Adding FullPathInputFile to chain:/hdfs/store/user/varuns/Run2018D_Prompt/EGamma/crab_job_EGamma2018Dv2_2/190526_233615/0001/Data_EGamma2018Dv2_2_1598.root

file path found: /hdfs/store/user/varuns/Run2018D_Prompt/EGamma/crab_job_EGamma2018Dv2_2/190526_233615/0001/Data_EGamma2018Dv2_2_1599.root
name: Data_EGamma2018Dv2_2_1599.root
filenumber: 136
Adding FullPathInputFile to chain:/hdfs/store/user/varuns/Run2018D_Prompt/EGamma/crab_job_EGamma2018Dv2_2/190526_233615/0001/Data_EGamma2018Dv2_2_1599.root

file path found: /hdfs/store/user/varuns/Run2018D_Prompt/EGamma/crab_job_EGamma2018Dv2_2/190526_233615/0001/Data_EGamma2018Dv2_2_1600.root
name: Data_EGamma2018Dv2_2_1600.root
filenumber: 137
Adding FullPathInputFile to chain:/hdfs/store/user/varuns/Run2018D_Prompt/EGamma/crab_job_EGamma2018Dv2_2/190526_233615/0001/Data_EGamma2018Dv2_2_1600.root

file path found: /hdfs/store/user/varuns/Run2018D_Prompt/EGamma/crab_job_EGamma2018Dv2_2/190526_233615/0001/Data_EGamma2018Dv2_2_1601.root
name: Data_EGamma2018Dv2_2_1601.root
filenumber: 138
Adding FullPathInputFile to chain:/hdfs/store/user/varuns/Run2018D_Prompt/EGamma/crab_job_EGamma2018Dv2_2/190526_233615/0001/Data_EGamma2018Dv2_2_1601.root

file path found: /hdfs/store/user/varuns/Run2018D_Prompt/EGamma/crab_job_EGamma2018Dv2_2/190526_233615/0001/Data_EGamma2018Dv2_2_1602.root
name: Data_EGamma2018Dv2_2_1602.root
filenumber: 139
Adding FullPathInputFile to chain:/hdfs/store/user/varuns/Run2018D_Prompt/EGamma/crab_job_EGamma2018Dv2_2/190526_233615/0001/Data_EGamma2018Dv2_2_1602.root

file path found: /hdfs/store/user/varuns/Run2018D_Prompt/EGamma/crab_job_EGamma2018Dv2_2/190526_233615/0001/Data_EGamma2018Dv2_2_1603.root
name: Data_EGamma2018Dv2_2_1603.root
filenumber: 140
Adding FullPathInputFile to chain:/hdfs/store/user/varuns/Run2018D_Prompt/EGamma/crab_job_EGamma2018Dv2_2/190526_233615/0001/Data_EGamma2018Dv2_2_1603.root

file path found: /hdfs/store/user/varuns/Run2018D_Prompt/EGamma/crab_job_EGamma2018Dv2_2/190526_233615/0001/Data_EGamma2018Dv2_2_1604.root
name: Data_EGamma2018Dv2_2_1604.root
filenumber: 141
Adding FullPathInputFile to chain:/hdfs/store/user/varuns/Run2018D_Prompt/EGamma/crab_job_EGamma2018Dv2_2/190526_233615/0001/Data_EGamma2018Dv2_2_1604.root

file path found: /hdfs/store/user/varuns/Run2018D_Prompt/EGamma/crab_job_EGamma2018Dv2_2/190526_233615/0001/Data_EGamma2018Dv2_2_1605.root
name: Data_EGamma2018Dv2_2_1605.root
filenumber: 142
Adding FullPathInputFile to chain:/hdfs/store/user/varuns/Run2018D_Prompt/EGamma/crab_job_EGamma2018Dv2_2/190526_233615/0001/Data_EGamma2018Dv2_2_1605.root

file path found: /hdfs/store/user/varuns/Run2018D_Prompt/EGamma/crab_job_EGamma2018Dv2_2/190526_233615/0001/Data_EGamma2018Dv2_2_1606.root
name: Data_EGamma2018Dv2_2_1606.root
filenumber: 143
Adding FullPathInputFile to chain:/hdfs/store/user/varuns/Run2018D_Prompt/EGamma/crab_job_EGamma2018Dv2_2/190526_233615/0001/Data_EGamma2018Dv2_2_1606.root

file path found: /hdfs/store/user/varuns/Run2018D_Prompt/EGamma/crab_job_EGamma2018Dv2_2/190526_233615/0001/Data_EGamma2018Dv2_2_1607.root
name: Data_EGamma2018Dv2_2_1607.root
filenumber: 144
Adding FullPathInputFile to chain:/hdfs/store/user/varuns/Run2018D_Prompt/EGamma/crab_job_EGamma2018Dv2_2/190526_233615/0001/Data_EGamma2018Dv2_2_1607.root

file path found: /hdfs/store/user/varuns/Run2018D_Prompt/EGamma/crab_job_EGamma2018Dv2_2/190526_233615/0001/Data_EGamma2018Dv2_2_1608.root
name: Data_EGamma2018Dv2_2_1608.root
filenumber: 145
Adding FullPathInputFile to chain:/hdfs/store/user/varuns/Run2018D_Prompt/EGamma/crab_job_EGamma2018Dv2_2/190526_233615/0001/Data_EGamma2018Dv2_2_1608.root

file path found: /hdfs/store/user/varuns/Run2018D_Prompt/EGamma/crab_job_EGamma2018Dv2_2/190526_233615/0001/Data_EGamma2018Dv2_2_1610.root
name: Data_EGamma2018Dv2_2_1610.root
filenumber: 146
Adding FullPathInputFile to chain:/hdfs/store/user/varuns/Run2018D_Prompt/EGamma/crab_job_EGamma2018Dv2_2/190526_233615/0001/Data_EGamma2018Dv2_2_1610.root

file path found: /hdfs/store/user/varuns/Run2018D_Prompt/EGamma/crab_job_EGamma2018Dv2_2/190526_233615/0001/Data_EGamma2018Dv2_2_1611.root
name: Data_EGamma2018Dv2_2_1611.root
filenumber: 147
Adding FullPathInputFile to chain:/hdfs/store/user/varuns/Run2018D_Prompt/EGamma/crab_job_EGamma2018Dv2_2/190526_233615/0001/Data_EGamma2018Dv2_2_1611.root

file path found: /hdfs/store/user/varuns/Run2018D_Prompt/EGamma/crab_job_EGamma2018Dv2_2/190526_233615/0001/Data_EGamma2018Dv2_2_1613.root
name: Data_EGamma2018Dv2_2_1613.root
filenumber: 148
Adding FullPathInputFile to chain:/hdfs/store/user/varuns/Run2018D_Prompt/EGamma/crab_job_EGamma2018Dv2_2/190526_233615/0001/Data_EGamma2018Dv2_2_1613.root

file path found: /hdfs/store/user/varuns/Run2018D_Prompt/EGamma/crab_job_EGamma2018Dv2_2/190526_233615/0001/Data_EGamma2018Dv2_2_1614.root
name: Data_EGamma2018Dv2_2_1614.root
filenumber: 149
Adding FullPathInputFile to chain:/hdfs/store/user/varuns/Run2018D_Prompt/EGamma/crab_job_EGamma2018Dv2_2/190526_233615/0001/Data_EGamma2018Dv2_2_1614.root

file path found: /hdfs/store/user/varuns/Run2018D_Prompt/EGamma/crab_job_EGamma2018Dv2_2/190526_233615/0001/Data_EGamma2018Dv2_2_1615.root
name: Data_EGamma2018Dv2_2_1615.root
filenumber: 150
Adding FullPathInputFile to chain:/hdfs/store/user/varuns/Run2018D_Prompt/EGamma/crab_job_EGamma2018Dv2_2/190526_233615/0001/Data_EGamma2018Dv2_2_1615.root

file path found: /hdfs/store/user/varuns/Run2018D_Prompt/EGamma/crab_job_EGamma2018Dv2_2/190526_233615/0001/Data_EGamma2018Dv2_2_1616.root
name: Data_EGamma2018Dv2_2_1616.root
filenumber: 151
Adding FullPathInputFile to chain:/hdfs/store/user/varuns/Run2018D_Prompt/EGamma/crab_job_EGamma2018Dv2_2/190526_233615/0001/Data_EGamma2018Dv2_2_1616.root

file path found: /hdfs/store/user/varuns/Run2018D_Prompt/EGamma/crab_job_EGamma2018Dv2_2/190526_233615/0001/Data_EGamma2018Dv2_2_1617.root
name: Data_EGamma2018Dv2_2_1617.root
filenumber: 152
Adding FullPathInputFile to chain:/hdfs/store/user/varuns/Run2018D_Prompt/EGamma/crab_job_EGamma2018Dv2_2/190526_233615/0001/Data_EGamma2018Dv2_2_1617.root

file path found: /hdfs/store/user/varuns/Run2018D_Prompt/EGamma/crab_job_EGamma2018Dv2_2/190526_233615/0001/Data_EGamma2018Dv2_2_1618.root
name: Data_EGamma2018Dv2_2_1618.root
filenumber: 153
Adding FullPathInputFile to chain:/hdfs/store/user/varuns/Run2018D_Prompt/EGamma/crab_job_EGamma2018Dv2_2/190526_233615/0001/Data_EGamma2018Dv2_2_1618.root

file path found: /hdfs/store/user/varuns/Run2018D_Prompt/EGamma/crab_job_EGamma2018Dv2_2/190526_233615/0001/Data_EGamma2018Dv2_2_1619.root
name: Data_EGamma2018Dv2_2_1619.root
filenumber: 154
Adding FullPathInputFile to chain:/hdfs/store/user/varuns/Run2018D_Prompt/EGamma/crab_job_EGamma2018Dv2_2/190526_233615/0001/Data_EGamma2018Dv2_2_1619.root

file path found: /hdfs/store/user/varuns/Run2018D_Prompt/EGamma/crab_job_EGamma2018Dv2_2/190526_233615/0001/Data_EGamma2018Dv2_2_1703.root
name: Data_EGamma2018Dv2_2_1703.root
filenumber: 155
Adding FullPathInputFile to chain:/hdfs/store/user/varuns/Run2018D_Prompt/EGamma/crab_job_EGamma2018Dv2_2/190526_233615/0001/Data_EGamma2018Dv2_2_1703.root

file path found: /hdfs/store/user/varuns/Run2018D_Prompt/EGamma/crab_job_EGamma2018Dv2_2/190526_233615/0001/Data_EGamma2018Dv2_2_1735.root
name: Data_EGamma2018Dv2_2_1735.root
filenumber: 156
Adding FullPathInputFile to chain:/hdfs/store/user/varuns/Run2018D_Prompt/EGamma/crab_job_EGamma2018Dv2_2/190526_233615/0001/Data_EGamma2018Dv2_2_1735.root

file path found: /hdfs/store/user/varuns/Run2018D_Prompt/EGamma/crab_job_EGamma2018Dv2_2/190526_233615/0001/Data_EGamma2018Dv2_2_1758.root
name: Data_EGamma2018Dv2_2_1758.root
filenumber: 157
Adding FullPathInputFile to chain:/hdfs/store/user/varuns/Run2018D_Prompt/EGamma/crab_job_EGamma2018Dv2_2/190526_233615/0001/Data_EGamma2018Dv2_2_1758.root

file path found: /hdfs/store/user/varuns/Run2018D_Prompt/EGamma/crab_job_EGamma2018Dv2_2/190526_233615/0001/Data_EGamma2018Dv2_2_1759.root
name: Data_EGamma2018Dv2_2_1759.root
filenumber: 158
Adding FullPathInputFile to chain:/hdfs/store/user/varuns/Run2018D_Prompt/EGamma/crab_job_EGamma2018Dv2_2/190526_233615/0001/Data_EGamma2018Dv2_2_1759.root

file path found: /hdfs/store/user/varuns/Run2018D_Prompt/EGamma/crab_job_EGamma2018Dv2_2/190526_233615/0001/Data_EGamma2018Dv2_2_1894.root
name: Data_EGamma2018Dv2_2_1894.root
filenumber: 159
Adding FullPathInputFile to chain:/hdfs/store/user/varuns/Run2018D_Prompt/EGamma/crab_job_EGamma2018Dv2_2/190526_233615/0001/Data_EGamma2018Dv2_2_1894.root

file path found: /hdfs/store/user/varuns/Run2018D_Prompt/EGamma/crab_job_EGamma2018Dv2_2/190526_233615/0001/Data_EGamma2018Dv2_2_1927.root
name: Data_EGamma2018Dv2_2_1927.root
filenumber: 160
Adding FullPathInputFile to chain:/hdfs/store/user/varuns/Run2018D_Prompt/EGamma/crab_job_EGamma2018Dv2_2/190526_233615/0001/Data_EGamma2018Dv2_2_1927.root

file path found: /hdfs/store/user/varuns/Run2018D_Prompt/EGamma/crab_job_EGamma2018Dv2_2/190526_233615/0001/Data_EGamma2018Dv2_2_1990.root
name: Data_EGamma2018Dv2_2_1990.root
filenumber: 161
Adding FullPathInputFile to chain:/hdfs/store/user/varuns/Run2018D_Prompt/EGamma/crab_job_EGamma2018Dv2_2/190526_233615/0001/Data_EGamma2018Dv2_2_1990.root

file path found: /hdfs/store/user/varuns/Run2018D_Prompt/EGamma/crab_job_EGamma2018Dv2_2/190526_233615/0001/.
name: .
filenumber: 162
file path found: /hdfs/store/user/varuns/Run2018D_Prompt/EGamma/crab_job_EGamma2018Dv2_2/190526_233615/0001/..
name: ..
filenumber: 163
81 files added.
Initializing chain.
Coming in: 
nentries:1396381
Running over 1396381 events.
Finished entry 0/1396380
Finished entry 10000/1396380
Finished entry 20000/1396380
Finished entry 30000/1396380
Finished entry 40000/1396380
Finished entry 50000/1396380
Finished entry 60000/1396380
Finished entry 70000/1396380
Finished entry 80000/1396380
Finished entry 90000/1396380
Finished entry 100000/1396380
Finished entry 110000/1396380
Finished entry 120000/1396380
Finished entry 130000/1396380
Finished entry 140000/1396380
Finished entry 150000/1396380
Finished entry 160000/1396380
Finished entry 170000/1396380
Finished entry 180000/1396380
Finished entry 190000/1396380
Finished entry 200000/1396380
Finished entry 210000/1396380
Finished entry 220000/1396380
Finished entry 230000/1396380
Finished entry 240000/1396380
Finished entry 250000/1396380
Finished entry 260000/1396380
Finished entry 270000/1396380
Finished entry 280000/1396380
Finished entry 290000/1396380
Finished entry 300000/1396380
Finished entry 310000/1396380
Finished entry 320000/1396380
Finished entry 330000/1396380
Finished entry 340000/1396380
Finished entry 350000/1396380
Finished entry 360000/1396380
Finished entry 370000/1396380
Finished entry 380000/1396380
Finished entry 390000/1396380
Finished entry 400000/1396380
Finished entry 410000/1396380
Finished entry 420000/1396380
Finished entry 430000/1396380
Finished entry 440000/1396380
Finished entry 450000/1396380
Finished entry 460000/1396380
Finished entry 470000/1396380
Finished entry 480000/1396380
Finished entry 490000/1396380
Finished entry 500000/1396380
Finished entry 510000/1396380
Finished entry 520000/1396380
Finished entry 530000/1396380
Finished entry 540000/1396380
Finished entry 550000/1396380
Finished entry 560000/1396380
Finished entry 570000/1396380
Finished entry 580000/1396380
Finished entry 590000/1396380
Finished entry 600000/1396380
Finished entry 610000/1396380
Finished entry 620000/1396380
Finished entry 630000/1396380
Finished entry 640000/1396380
Finished entry 650000/1396380
Finished entry 660000/1396380
Finished entry 670000/1396380
Finished entry 680000/1396380
Finished entry 690000/1396380
Finished entry 700000/1396380
Finished entry 710000/1396380
Finished entry 720000/1396380
Finished entry 730000/1396380
Finished entry 740000/1396380
Finished entry 750000/1396380
Finished entry 760000/1396380
Finished entry 770000/1396380
Finished entry 780000/1396380
Finished entry 790000/1396380
Finished entry 800000/1396380
Finished entry 810000/1396380
Finished entry 820000/1396380
Finished entry 830000/1396380
Finished entry 840000/1396380
Finished entry 850000/1396380
Finished entry 860000/1396380
Finished entry 870000/1396380
Finished entry 880000/1396380
Finished entry 890000/1396380
Finished entry 900000/1396380
Finished entry 910000/1396380
Finished entry 920000/1396380
Finished entry 930000/1396380
Finished entry 940000/1396380
Finished entry 950000/1396380
Finished entry 960000/1396380
Finished entry 970000/1396380
Finished entry 980000/1396380
Finished entry 990000/1396380
Finished entry 1000000/1396380
Finished entry 1010000/1396380
Finished entry 1020000/1396380
Finished entry 1030000/1396380
Finished entry 1040000/1396380
Finished entry 1050000/1396380
Finished entry 1060000/1396380
Finished entry 1070000/1396380
Finished entry 1080000/1396380
Finished entry 1090000/1396380
Finished entry 1100000/1396380
Finished entry 1110000/1396380
Finished entry 1120000/1396380
Finished entry 1130000/1396380
Finished entry 1140000/1396380
Finished entry 1150000/1396380
Finished entry 1160000/1396380
Finished entry 1170000/1396380
Finished entry 1180000/1396380
Finished entry 1190000/1396380
Finished entry 1200000/1396380
Finished entry 1210000/1396380
Finished entry 1220000/1396380
Finished entry 1230000/1396380
Finished entry 1240000/1396380
Finished entry 1250000/1396380
Finished entry 1260000/1396380
Finished entry 1270000/1396380
Finished entry 1280000/1396380
Finished entry 1290000/1396380
Finished entry 1300000/1396380
Finished entry 1310000/1396380
Finished entry 1320000/1396380
Finished entry 1330000/1396380
Finished entry 1340000/1396380
Finished entry 1350000/1396380
Finished entry 1360000/1396380
Finished entry 1370000/1396380
Finished entry 1380000/1396380
Finished entry 1390000/1396380
