000 (690033.003.000) 07/11 07:30:06 Job submitted from host: <144.92.181.245:9618?addrs=144.92.181.245-9618+[2607-f388-101c-1000--372]-9618&noUDP&sock=6179_dbc8_3>
...
001 (690033.003.000) 07/11 08:06:13 Job executing on host: <144.92.180.112:9618?addrs=144.92.180.112-9618+[2607-f388-101c-1000--629]-9618&noUDP&sock=7613_7697_3>
...
006 (690033.003.000) 07/11 08:06:21 Image size of job updated: 226336
	105  -  MemoryUsage of job (MB)
	107496  -  ResidentSetSize of job (KB)
...
005 (690033.003.000) 07/11 08:09:56 Job terminated.
	(1) Normal termination (return value 0)
		Usr 0 00:00:36, Sys 0 00:00:02  -  Run Remote Usage
		Usr 0 00:00:00, Sys 0 00:00:00  -  Run Local Usage
		Usr 0 00:00:36, Sys 0 00:00:02  -  Total Remote Usage
		Usr 0 00:00:00, Sys 0 00:00:00  -  Total Local Usage
	171801  -  Run Bytes Sent By Job
	302156  -  Run Bytes Received By Job
	171801  -  Total Bytes Sent By Job
	302156  -  Total Bytes Received By Job
	Partitionable Resources :    Usage  Request Allocated
	   Cpus                 :                 1         1
	   Disk (KB)            :  1000000  2048000   6333852
	   Memory (MB)          :      105     1992      1992
...
