000 (166936.000.000) 06/10 13:21:58 Job submitted from host: <144.92.180.4:9618?addrs=144.92.180.4-9618+[2607-f388-101c-1000--367]-9618&noUDP&sock=4693_960c_3>
...
001 (166936.000.000) 06/10 13:40:12 Job executing on host: <144.92.181.163:9618?addrs=144.92.181.163-9618+[2607-f388-101c-1000--629]-9618&noUDP&sock=10256_5767_10>
...
006 (166936.000.000) 06/10 13:40:20 Image size of job updated: 49752
	23  -  MemoryUsage of job (MB)
	22752  -  ResidentSetSize of job (KB)
...
005 (166936.000.000) 06/10 13:44:26 Job terminated.
	(1) Normal termination (return value 0)
		Usr 0 00:00:49, Sys 0 00:00:03  -  Run Remote Usage
		Usr 0 00:00:00, Sys 0 00:00:00  -  Run Local Usage
		Usr 0 00:00:49, Sys 0 00:00:03  -  Total Remote Usage
		Usr 0 00:00:00, Sys 0 00:00:00  -  Total Local Usage
	363709  -  Run Bytes Sent By Job
	278854  -  Run Bytes Received By Job
	363709  -  Total Bytes Sent By Job
	278854  -  Total Bytes Received By Job
	Partitionable Resources :    Usage  Request Allocated
	   Cpus                 :                 1         1
	   Disk (KB)            :  1000000  2048000   7919696
	   Memory (MB)          :       23     1992      1992
...
