file path found: /hdfs/store/user/varuns/Run2018D_Prompt/EGamma/crab_job_EGamma2018Dv2_3v3/190604_144154/0005/Data_EGamma2018Dv2_3v3_5246.root
name: Data_EGamma2018Dv2_3v3_5246.root
filenumber: 0
Adding FullPathInputFile to chain:/hdfs/store/user/varuns/Run2018D_Prompt/EGamma/crab_job_EGamma2018Dv2_3v3/190604_144154/0005/Data_EGamma2018Dv2_3v3_5246.root

file path found: /hdfs/store/user/varuns/Run2018D_Prompt/EGamma/crab_job_EGamma2018Dv2_3v3/190604_144154/0005/Data_EGamma2018Dv2_3v3_5376.root
name: Data_EGamma2018Dv2_3v3_5376.root
filenumber: 1
Adding FullPathInputFile to chain:/hdfs/store/user/varuns/Run2018D_Prompt/EGamma/crab_job_EGamma2018Dv2_3v3/190604_144154/0005/Data_EGamma2018Dv2_3v3_5376.root

file path found: /hdfs/store/user/varuns/Run2018D_Prompt/EGamma/crab_job_EGamma2018Dv2_3v3/190604_144154/0005/Data_EGamma2018Dv2_3v3_5378.root
name: Data_EGamma2018Dv2_3v3_5378.root
filenumber: 2
Adding FullPathInputFile to chain:/hdfs/store/user/varuns/Run2018D_Prompt/EGamma/crab_job_EGamma2018Dv2_3v3/190604_144154/0005/Data_EGamma2018Dv2_3v3_5378.root

file path found: /hdfs/store/user/varuns/Run2018D_Prompt/EGamma/crab_job_EGamma2018Dv2_3v3/190604_144154/0005/Data_EGamma2018Dv2_3v3_5388.root
name: Data_EGamma2018Dv2_3v3_5388.root
filenumber: 3
Adding FullPathInputFile to chain:/hdfs/store/user/varuns/Run2018D_Prompt/EGamma/crab_job_EGamma2018Dv2_3v3/190604_144154/0005/Data_EGamma2018Dv2_3v3_5388.root

file path found: /hdfs/store/user/varuns/Run2018D_Prompt/EGamma/crab_job_EGamma2018Dv2_3v3/190604_144154/0005/Data_EGamma2018Dv2_3v3_5389.root
name: Data_EGamma2018Dv2_3v3_5389.root
filenumber: 4
Adding FullPathInputFile to chain:/hdfs/store/user/varuns/Run2018D_Prompt/EGamma/crab_job_EGamma2018Dv2_3v3/190604_144154/0005/Data_EGamma2018Dv2_3v3_5389.root

file path found: /hdfs/store/user/varuns/Run2018D_Prompt/EGamma/crab_job_EGamma2018Dv2_3v3/190604_144154/0005/Data_EGamma2018Dv2_3v3_5392.root
name: Data_EGamma2018Dv2_3v3_5392.root
filenumber: 5
Adding FullPathInputFile to chain:/hdfs/store/user/varuns/Run2018D_Prompt/EGamma/crab_job_EGamma2018Dv2_3v3/190604_144154/0005/Data_EGamma2018Dv2_3v3_5392.root

file path found: /hdfs/store/user/varuns/Run2018D_Prompt/EGamma/crab_job_EGamma2018Dv2_3v3/190604_144154/0005/Data_EGamma2018Dv2_3v3_5396.root
name: Data_EGamma2018Dv2_3v3_5396.root
filenumber: 6
Adding FullPathInputFile to chain:/hdfs/store/user/varuns/Run2018D_Prompt/EGamma/crab_job_EGamma2018Dv2_3v3/190604_144154/0005/Data_EGamma2018Dv2_3v3_5396.root

file path found: /hdfs/store/user/varuns/Run2018D_Prompt/EGamma/crab_job_EGamma2018Dv2_3v3/190604_144154/0005/Data_EGamma2018Dv2_3v3_5407.root
name: Data_EGamma2018Dv2_3v3_5407.root
filenumber: 7
Adding FullPathInputFile to chain:/hdfs/store/user/varuns/Run2018D_Prompt/EGamma/crab_job_EGamma2018Dv2_3v3/190604_144154/0005/Data_EGamma2018Dv2_3v3_5407.root

file path found: /hdfs/store/user/varuns/Run2018D_Prompt/EGamma/crab_job_EGamma2018Dv2_3v3/190604_144154/0005/Data_EGamma2018Dv2_3v3_5411.root
name: Data_EGamma2018Dv2_3v3_5411.root
filenumber: 8
Adding FullPathInputFile to chain:/hdfs/store/user/varuns/Run2018D_Prompt/EGamma/crab_job_EGamma2018Dv2_3v3/190604_144154/0005/Data_EGamma2018Dv2_3v3_5411.root

file path found: /hdfs/store/user/varuns/Run2018D_Prompt/EGamma/crab_job_EGamma2018Dv2_3v3/190604_144154/0005/Data_EGamma2018Dv2_3v3_5412.root
name: Data_EGamma2018Dv2_3v3_5412.root
filenumber: 9
Adding FullPathInputFile to chain:/hdfs/store/user/varuns/Run2018D_Prompt/EGamma/crab_job_EGamma2018Dv2_3v3/190604_144154/0005/Data_EGamma2018Dv2_3v3_5412.root

file path found: /hdfs/store/user/varuns/Run2018D_Prompt/EGamma/crab_job_EGamma2018Dv2_3v3/190604_144154/0005/Data_EGamma2018Dv2_3v3_5416.root
name: Data_EGamma2018Dv2_3v3_5416.root
filenumber: 10
Adding FullPathInputFile to chain:/hdfs/store/user/varuns/Run2018D_Prompt/EGamma/crab_job_EGamma2018Dv2_3v3/190604_144154/0005/Data_EGamma2018Dv2_3v3_5416.root

file path found: /hdfs/store/user/varuns/Run2018D_Prompt/EGamma/crab_job_EGamma2018Dv2_3v3/190604_144154/0005/Data_EGamma2018Dv2_3v3_5417.root
name: Data_EGamma2018Dv2_3v3_5417.root
filenumber: 11
Adding FullPathInputFile to chain:/hdfs/store/user/varuns/Run2018D_Prompt/EGamma/crab_job_EGamma2018Dv2_3v3/190604_144154/0005/Data_EGamma2018Dv2_3v3_5417.root

file path found: /hdfs/store/user/varuns/Run2018D_Prompt/EGamma/crab_job_EGamma2018Dv2_3v3/190604_144154/0005/Data_EGamma2018Dv2_3v3_5418.root
name: Data_EGamma2018Dv2_3v3_5418.root
filenumber: 12
Adding FullPathInputFile to chain:/hdfs/store/user/varuns/Run2018D_Prompt/EGamma/crab_job_EGamma2018Dv2_3v3/190604_144154/0005/Data_EGamma2018Dv2_3v3_5418.root

file path found: /hdfs/store/user/varuns/Run2018D_Prompt/EGamma/crab_job_EGamma2018Dv2_3v3/190604_144154/0005/Data_EGamma2018Dv2_3v3_5421.root
name: Data_EGamma2018Dv2_3v3_5421.root
filenumber: 13
Adding FullPathInputFile to chain:/hdfs/store/user/varuns/Run2018D_Prompt/EGamma/crab_job_EGamma2018Dv2_3v3/190604_144154/0005/Data_EGamma2018Dv2_3v3_5421.root

file path found: /hdfs/store/user/varuns/Run2018D_Prompt/EGamma/crab_job_EGamma2018Dv2_3v3/190604_144154/0005/Data_EGamma2018Dv2_3v3_5422.root
name: Data_EGamma2018Dv2_3v3_5422.root
filenumber: 14
Adding FullPathInputFile to chain:/hdfs/store/user/varuns/Run2018D_Prompt/EGamma/crab_job_EGamma2018Dv2_3v3/190604_144154/0005/Data_EGamma2018Dv2_3v3_5422.root

file path found: /hdfs/store/user/varuns/Run2018D_Prompt/EGamma/crab_job_EGamma2018Dv2_3v3/190604_144154/0005/Data_EGamma2018Dv2_3v3_5424.root
name: Data_EGamma2018Dv2_3v3_5424.root
filenumber: 15
Adding FullPathInputFile to chain:/hdfs/store/user/varuns/Run2018D_Prompt/EGamma/crab_job_EGamma2018Dv2_3v3/190604_144154/0005/Data_EGamma2018Dv2_3v3_5424.root

file path found: /hdfs/store/user/varuns/Run2018D_Prompt/EGamma/crab_job_EGamma2018Dv2_3v3/190604_144154/0005/Data_EGamma2018Dv2_3v3_5427.root
name: Data_EGamma2018Dv2_3v3_5427.root
filenumber: 16
Adding FullPathInputFile to chain:/hdfs/store/user/varuns/Run2018D_Prompt/EGamma/crab_job_EGamma2018Dv2_3v3/190604_144154/0005/Data_EGamma2018Dv2_3v3_5427.root

file path found: /hdfs/store/user/varuns/Run2018D_Prompt/EGamma/crab_job_EGamma2018Dv2_3v3/190604_144154/0005/Data_EGamma2018Dv2_3v3_5428.root
name: Data_EGamma2018Dv2_3v3_5428.root
filenumber: 17
Adding FullPathInputFile to chain:/hdfs/store/user/varuns/Run2018D_Prompt/EGamma/crab_job_EGamma2018Dv2_3v3/190604_144154/0005/Data_EGamma2018Dv2_3v3_5428.root

file path found: /hdfs/store/user/varuns/Run2018D_Prompt/EGamma/crab_job_EGamma2018Dv2_3v3/190604_144154/0005/Data_EGamma2018Dv2_3v3_5430.root
name: Data_EGamma2018Dv2_3v3_5430.root
filenumber: 18
Adding FullPathInputFile to chain:/hdfs/store/user/varuns/Run2018D_Prompt/EGamma/crab_job_EGamma2018Dv2_3v3/190604_144154/0005/Data_EGamma2018Dv2_3v3_5430.root

file path found: /hdfs/store/user/varuns/Run2018D_Prompt/EGamma/crab_job_EGamma2018Dv2_3v3/190604_144154/0005/Data_EGamma2018Dv2_3v3_5433.root
name: Data_EGamma2018Dv2_3v3_5433.root
filenumber: 19
Adding FullPathInputFile to chain:/hdfs/store/user/varuns/Run2018D_Prompt/EGamma/crab_job_EGamma2018Dv2_3v3/190604_144154/0005/Data_EGamma2018Dv2_3v3_5433.root

file path found: /hdfs/store/user/varuns/Run2018D_Prompt/EGamma/crab_job_EGamma2018Dv2_3v3/190604_144154/0005/Data_EGamma2018Dv2_3v3_5435.root
name: Data_EGamma2018Dv2_3v3_5435.root
filenumber: 20
Adding FullPathInputFile to chain:/hdfs/store/user/varuns/Run2018D_Prompt/EGamma/crab_job_EGamma2018Dv2_3v3/190604_144154/0005/Data_EGamma2018Dv2_3v3_5435.root

file path found: /hdfs/store/user/varuns/Run2018D_Prompt/EGamma/crab_job_EGamma2018Dv2_3v3/190604_144154/0005/Data_EGamma2018Dv2_3v3_5436.root
name: Data_EGamma2018Dv2_3v3_5436.root
filenumber: 21
Adding FullPathInputFile to chain:/hdfs/store/user/varuns/Run2018D_Prompt/EGamma/crab_job_EGamma2018Dv2_3v3/190604_144154/0005/Data_EGamma2018Dv2_3v3_5436.root

file path found: /hdfs/store/user/varuns/Run2018D_Prompt/EGamma/crab_job_EGamma2018Dv2_3v3/190604_144154/0005/Data_EGamma2018Dv2_3v3_5437.root
name: Data_EGamma2018Dv2_3v3_5437.root
filenumber: 22
Adding FullPathInputFile to chain:/hdfs/store/user/varuns/Run2018D_Prompt/EGamma/crab_job_EGamma2018Dv2_3v3/190604_144154/0005/Data_EGamma2018Dv2_3v3_5437.root

file path found: /hdfs/store/user/varuns/Run2018D_Prompt/EGamma/crab_job_EGamma2018Dv2_3v3/190604_144154/0005/Data_EGamma2018Dv2_3v3_5438.root
name: Data_EGamma2018Dv2_3v3_5438.root
filenumber: 23
Adding FullPathInputFile to chain:/hdfs/store/user/varuns/Run2018D_Prompt/EGamma/crab_job_EGamma2018Dv2_3v3/190604_144154/0005/Data_EGamma2018Dv2_3v3_5438.root

file path found: /hdfs/store/user/varuns/Run2018D_Prompt/EGamma/crab_job_EGamma2018Dv2_3v3/190604_144154/0005/Data_EGamma2018Dv2_3v3_5439.root
name: Data_EGamma2018Dv2_3v3_5439.root
filenumber: 24
Adding FullPathInputFile to chain:/hdfs/store/user/varuns/Run2018D_Prompt/EGamma/crab_job_EGamma2018Dv2_3v3/190604_144154/0005/Data_EGamma2018Dv2_3v3_5439.root

file path found: /hdfs/store/user/varuns/Run2018D_Prompt/EGamma/crab_job_EGamma2018Dv2_3v3/190604_144154/0005/Data_EGamma2018Dv2_3v3_5440.root
name: Data_EGamma2018Dv2_3v3_5440.root
filenumber: 25
Adding FullPathInputFile to chain:/hdfs/store/user/varuns/Run2018D_Prompt/EGamma/crab_job_EGamma2018Dv2_3v3/190604_144154/0005/Data_EGamma2018Dv2_3v3_5440.root

file path found: /hdfs/store/user/varuns/Run2018D_Prompt/EGamma/crab_job_EGamma2018Dv2_3v3/190604_144154/0005/Data_EGamma2018Dv2_3v3_5441.root
name: Data_EGamma2018Dv2_3v3_5441.root
filenumber: 26
Adding FullPathInputFile to chain:/hdfs/store/user/varuns/Run2018D_Prompt/EGamma/crab_job_EGamma2018Dv2_3v3/190604_144154/0005/Data_EGamma2018Dv2_3v3_5441.root

file path found: /hdfs/store/user/varuns/Run2018D_Prompt/EGamma/crab_job_EGamma2018Dv2_3v3/190604_144154/0005/Data_EGamma2018Dv2_3v3_5442.root
name: Data_EGamma2018Dv2_3v3_5442.root
filenumber: 27
Adding FullPathInputFile to chain:/hdfs/store/user/varuns/Run2018D_Prompt/EGamma/crab_job_EGamma2018Dv2_3v3/190604_144154/0005/Data_EGamma2018Dv2_3v3_5442.root

file path found: /hdfs/store/user/varuns/Run2018D_Prompt/EGamma/crab_job_EGamma2018Dv2_3v3/190604_144154/0005/Data_EGamma2018Dv2_3v3_5443.root
name: Data_EGamma2018Dv2_3v3_5443.root
filenumber: 28
Adding FullPathInputFile to chain:/hdfs/store/user/varuns/Run2018D_Prompt/EGamma/crab_job_EGamma2018Dv2_3v3/190604_144154/0005/Data_EGamma2018Dv2_3v3_5443.root

file path found: /hdfs/store/user/varuns/Run2018D_Prompt/EGamma/crab_job_EGamma2018Dv2_3v3/190604_144154/0005/Data_EGamma2018Dv2_3v3_5480.root
name: Data_EGamma2018Dv2_3v3_5480.root
filenumber: 29
Adding FullPathInputFile to chain:/hdfs/store/user/varuns/Run2018D_Prompt/EGamma/crab_job_EGamma2018Dv2_3v3/190604_144154/0005/Data_EGamma2018Dv2_3v3_5480.root

file path found: /hdfs/store/user/varuns/Run2018D_Prompt/EGamma/crab_job_EGamma2018Dv2_3v3/190604_144154/0005/Data_EGamma2018Dv2_3v3_5595.root
name: Data_EGamma2018Dv2_3v3_5595.root
filenumber: 30
Adding FullPathInputFile to chain:/hdfs/store/user/varuns/Run2018D_Prompt/EGamma/crab_job_EGamma2018Dv2_3v3/190604_144154/0005/Data_EGamma2018Dv2_3v3_5595.root

file path found: /hdfs/store/user/varuns/Run2018D_Prompt/EGamma/crab_job_EGamma2018Dv2_3v3/190604_144154/0005/Data_EGamma2018Dv2_3v3_5597.root
name: Data_EGamma2018Dv2_3v3_5597.root
filenumber: 31
file path found: /hdfs/store/user/varuns/Run2018D_Prompt/EGamma/crab_job_EGamma2018Dv2_3v3/190604_144154/0005/Data_EGamma2018Dv2_3v3_5606.root
name: Data_EGamma2018Dv2_3v3_5606.root
filenumber: 32
file path found: /hdfs/store/user/varuns/Run2018D_Prompt/EGamma/crab_job_EGamma2018Dv2_3v3/190604_144154/0005/Data_EGamma2018Dv2_3v3_5613.root
name: Data_EGamma2018Dv2_3v3_5613.root
filenumber: 33
file path found: /hdfs/store/user/varuns/Run2018D_Prompt/EGamma/crab_job_EGamma2018Dv2_3v3/190604_144154/0005/Data_EGamma2018Dv2_3v3_5620.root
name: Data_EGamma2018Dv2_3v3_5620.root
filenumber: 34
file path found: /hdfs/store/user/varuns/Run2018D_Prompt/EGamma/crab_job_EGamma2018Dv2_3v3/190604_144154/0005/Data_EGamma2018Dv2_3v3_5663.root
name: Data_EGamma2018Dv2_3v3_5663.root
filenumber: 35
file path found: /hdfs/store/user/varuns/Run2018D_Prompt/EGamma/crab_job_EGamma2018Dv2_3v3/190604_144154/0005/Data_EGamma2018Dv2_3v3_5680.root
name: Data_EGamma2018Dv2_3v3_5680.root
filenumber: 36
file path found: /hdfs/store/user/varuns/Run2018D_Prompt/EGamma/crab_job_EGamma2018Dv2_3v3/190604_144154/0005/Data_EGamma2018Dv2_3v3_5714.root
name: Data_EGamma2018Dv2_3v3_5714.root
filenumber: 37
file path found: /hdfs/store/user/varuns/Run2018D_Prompt/EGamma/crab_job_EGamma2018Dv2_3v3/190604_144154/0005/Data_EGamma2018Dv2_3v3_5715.root
name: Data_EGamma2018Dv2_3v3_5715.root
filenumber: 38
file path found: /hdfs/store/user/varuns/Run2018D_Prompt/EGamma/crab_job_EGamma2018Dv2_3v3/190604_144154/0005/Data_EGamma2018Dv2_3v3_5735.root
name: Data_EGamma2018Dv2_3v3_5735.root
filenumber: 39
file path found: /hdfs/store/user/varuns/Run2018D_Prompt/EGamma/crab_job_EGamma2018Dv2_3v3/190604_144154/0005/Data_EGamma2018Dv2_3v3_5736.root
name: Data_EGamma2018Dv2_3v3_5736.root
filenumber: 40
file path found: /hdfs/store/user/varuns/Run2018D_Prompt/EGamma/crab_job_EGamma2018Dv2_3v3/190604_144154/0005/Data_EGamma2018Dv2_3v3_5823.root
name: Data_EGamma2018Dv2_3v3_5823.root
filenumber: 41
file path found: /hdfs/store/user/varuns/Run2018D_Prompt/EGamma/crab_job_EGamma2018Dv2_3v3/190604_144154/0005/Data_EGamma2018Dv2_3v3_5824.root
name: Data_EGamma2018Dv2_3v3_5824.root
filenumber: 42
file path found: /hdfs/store/user/varuns/Run2018D_Prompt/EGamma/crab_job_EGamma2018Dv2_3v3/190604_144154/0005/Data_EGamma2018Dv2_3v3_5827.root
name: Data_EGamma2018Dv2_3v3_5827.root
filenumber: 43
file path found: /hdfs/store/user/varuns/Run2018D_Prompt/EGamma/crab_job_EGamma2018Dv2_3v3/190604_144154/0005/Data_EGamma2018Dv2_3v3_5828.root
name: Data_EGamma2018Dv2_3v3_5828.root
filenumber: 44
file path found: /hdfs/store/user/varuns/Run2018D_Prompt/EGamma/crab_job_EGamma2018Dv2_3v3/190604_144154/0005/Data_EGamma2018Dv2_3v3_5834.root
name: Data_EGamma2018Dv2_3v3_5834.root
filenumber: 45
file path found: /hdfs/store/user/varuns/Run2018D_Prompt/EGamma/crab_job_EGamma2018Dv2_3v3/190604_144154/0005/Data_EGamma2018Dv2_3v3_5836.root
name: Data_EGamma2018Dv2_3v3_5836.root
filenumber: 46
file path found: /hdfs/store/user/varuns/Run2018D_Prompt/EGamma/crab_job_EGamma2018Dv2_3v3/190604_144154/0005/Data_EGamma2018Dv2_3v3_5840.root
name: Data_EGamma2018Dv2_3v3_5840.root
filenumber: 47
file path found: /hdfs/store/user/varuns/Run2018D_Prompt/EGamma/crab_job_EGamma2018Dv2_3v3/190604_144154/0005/Data_EGamma2018Dv2_3v3_5841.root
name: Data_EGamma2018Dv2_3v3_5841.root
filenumber: 48
file path found: /hdfs/store/user/varuns/Run2018D_Prompt/EGamma/crab_job_EGamma2018Dv2_3v3/190604_144154/0005/Data_EGamma2018Dv2_3v3_5846.root
name: Data_EGamma2018Dv2_3v3_5846.root
filenumber: 49
file path found: /hdfs/store/user/varuns/Run2018D_Prompt/EGamma/crab_job_EGamma2018Dv2_3v3/190604_144154/0005/Data_EGamma2018Dv2_3v3_5847.root
name: Data_EGamma2018Dv2_3v3_5847.root
filenumber: 50
file path found: /hdfs/store/user/varuns/Run2018D_Prompt/EGamma/crab_job_EGamma2018Dv2_3v3/190604_144154/0005/Data_EGamma2018Dv2_3v3_5849.root
name: Data_EGamma2018Dv2_3v3_5849.root
filenumber: 51
file path found: /hdfs/store/user/varuns/Run2018D_Prompt/EGamma/crab_job_EGamma2018Dv2_3v3/190604_144154/0005/Data_EGamma2018Dv2_3v3_5851.root
name: Data_EGamma2018Dv2_3v3_5851.root
filenumber: 52
file path found: /hdfs/store/user/varuns/Run2018D_Prompt/EGamma/crab_job_EGamma2018Dv2_3v3/190604_144154/0005/Data_EGamma2018Dv2_3v3_5860.root
name: Data_EGamma2018Dv2_3v3_5860.root
filenumber: 53
file path found: /hdfs/store/user/varuns/Run2018D_Prompt/EGamma/crab_job_EGamma2018Dv2_3v3/190604_144154/0005/Data_EGamma2018Dv2_3v3_5868.root
name: Data_EGamma2018Dv2_3v3_5868.root
filenumber: 54
file path found: /hdfs/store/user/varuns/Run2018D_Prompt/EGamma/crab_job_EGamma2018Dv2_3v3/190604_144154/0005/Data_EGamma2018Dv2_3v3_5876.root
name: Data_EGamma2018Dv2_3v3_5876.root
filenumber: 55
file path found: /hdfs/store/user/varuns/Run2018D_Prompt/EGamma/crab_job_EGamma2018Dv2_3v3/190604_144154/0005/Data_EGamma2018Dv2_3v3_5902.root
name: Data_EGamma2018Dv2_3v3_5902.root
filenumber: 56
file path found: /hdfs/store/user/varuns/Run2018D_Prompt/EGamma/crab_job_EGamma2018Dv2_3v3/190604_144154/0005/Data_EGamma2018Dv2_3v3_5904.root
name: Data_EGamma2018Dv2_3v3_5904.root
filenumber: 57
file path found: /hdfs/store/user/varuns/Run2018D_Prompt/EGamma/crab_job_EGamma2018Dv2_3v3/190604_144154/0005/Data_EGamma2018Dv2_3v3_5905.root
name: Data_EGamma2018Dv2_3v3_5905.root
filenumber: 58
file path found: /hdfs/store/user/varuns/Run2018D_Prompt/EGamma/crab_job_EGamma2018Dv2_3v3/190604_144154/0005/Data_EGamma2018Dv2_3v3_5906.root
name: Data_EGamma2018Dv2_3v3_5906.root
filenumber: 59
file path found: /hdfs/store/user/varuns/Run2018D_Prompt/EGamma/crab_job_EGamma2018Dv2_3v3/190604_144154/0005/Data_EGamma2018Dv2_3v3_5907.root
name: Data_EGamma2018Dv2_3v3_5907.root
filenumber: 60
file path found: /hdfs/store/user/varuns/Run2018D_Prompt/EGamma/crab_job_EGamma2018Dv2_3v3/190604_144154/0005/Data_EGamma2018Dv2_3v3_5908.root
name: Data_EGamma2018Dv2_3v3_5908.root
filenumber: 61
file path found: /hdfs/store/user/varuns/Run2018D_Prompt/EGamma/crab_job_EGamma2018Dv2_3v3/190604_144154/0005/Data_EGamma2018Dv2_3v3_5909.root
name: Data_EGamma2018Dv2_3v3_5909.root
filenumber: 62
file path found: /hdfs/store/user/varuns/Run2018D_Prompt/EGamma/crab_job_EGamma2018Dv2_3v3/190604_144154/0005/.
name: .
filenumber: 63
file path found: /hdfs/store/user/varuns/Run2018D_Prompt/EGamma/crab_job_EGamma2018Dv2_3v3/190604_144154/0005/..
name: ..
filenumber: 64
31 files added.
Initializing chain.
Coming in: 
nentries:612358
Running over 612358 events.
Finished entry 0/612357
Finished entry 10000/612357
Finished entry 20000/612357
Finished entry 30000/612357
Finished entry 40000/612357
Finished entry 50000/612357
Finished entry 60000/612357
Finished entry 70000/612357
Finished entry 80000/612357
Finished entry 90000/612357
Finished entry 100000/612357
Finished entry 110000/612357
Finished entry 120000/612357
Finished entry 130000/612357
Finished entry 140000/612357
Finished entry 150000/612357
Finished entry 160000/612357
Finished entry 170000/612357
Finished entry 180000/612357
Finished entry 190000/612357
Finished entry 200000/612357
Finished entry 210000/612357
Finished entry 220000/612357
Finished entry 230000/612357
Finished entry 240000/612357
Finished entry 250000/612357
Finished entry 260000/612357
Finished entry 270000/612357
Finished entry 280000/612357
Finished entry 290000/612357
Finished entry 300000/612357
Finished entry 310000/612357
Finished entry 320000/612357
Finished entry 330000/612357
Finished entry 340000/612357
Finished entry 350000/612357
Finished entry 360000/612357
Finished entry 370000/612357
Finished entry 380000/612357
Finished entry 390000/612357
Finished entry 400000/612357
Finished entry 410000/612357
Finished entry 420000/612357
Finished entry 430000/612357
Finished entry 440000/612357
Finished entry 450000/612357
Finished entry 460000/612357
Finished entry 470000/612357
Finished entry 480000/612357
Finished entry 490000/612357
Finished entry 500000/612357
Finished entry 510000/612357
Finished entry 520000/612357
Finished entry 530000/612357
Finished entry 540000/612357
Finished entry 550000/612357
Finished entry 560000/612357
Finished entry 570000/612357
Finished entry 580000/612357
Finished entry 590000/612357
Finished entry 600000/612357
Finished entry 610000/612357
