000 (696033.015.000) 07/12 06:43:39 Job submitted from host: <144.92.181.245:9618?addrs=144.92.181.245-9618+[2607-f388-101c-1000--372]-9618&noUDP&sock=6179_dbc8_3>
...
001 (695036.015.000) 07/12 07:37:22 Job executing on host: <144.92.180.82:9618?addrs=144.92.180.82-9618+[2607-f388-101c-1000--629]-9618&noUDP&sock=6973_79fb_3>
...
006 (695036.015.000) 07/12 07:37:30 Image size of job updated: 97380
	25  -  MemoryUsage of job (MB)
	25564  -  ResidentSetSize of job (KB)
...
006 (695036.015.000) 07/12 07:57:30 Image size of job updated: 236620
	231  -  MemoryUsage of job (MB)
	236364  -  ResidentSetSize of job (KB)
...
006 (695036.015.000) 07/12 08:17:30 Image size of job updated: 236724
	232  -  MemoryUsage of job (MB)
	236724  -  ResidentSetSize of job (KB)
...
006 (695036.015.000) 07/12 08:17:51 Image size of job updated: 237336
	232  -  MemoryUsage of job (MB)
	236724  -  ResidentSetSize of job (KB)
...
005 (695036.015.000) 07/12 08:17:52 Job terminated.
	(1) Normal termination (return value 0)
		Usr 0 00:06:10, Sys 0 00:00:22  -  Run Remote Usage
		Usr 0 00:00:00, Sys 0 00:00:00  -  Run Local Usage
		Usr 0 00:06:10, Sys 0 00:00:22  -  Total Remote Usage
		Usr 0 00:00:00, Sys 0 00:00:00  -  Total Local Usage
	671064  -  Run Bytes Sent By Job
	281287  -  Run Bytes Received By Job
	671064  -  Total Bytes Sent By Job
	281287  -  Total Bytes Received By Job
	Partitionable Resources :    Usage  Request Allocated
	   Cpus                 :                 1         1
	   Disk (KB)            :  1000000  2048000   4750867
	   Memory (MB)          :      232     1992      1992
...
001 (696033.015.000) 07/12 08:37:13 Job executing on host: <128.104.227.114:9618?addrs=128.104.227.114-9618+[2607-f388-101c-1000--63]-9618&noUDP&sock=11628_6b57_10>
...
006 (696033.015.000) 07/12 08:37:21 Image size of job updated: 9716
	6  -  MemoryUsage of job (MB)
	5580  -  ResidentSetSize of job (KB)
...
006 (696033.015.000) 07/12 08:57:21 Image size of job updated: 246092
	232  -  MemoryUsage of job (MB)
	236548  -  ResidentSetSize of job (KB)
...
006 (696033.015.000) 07/12 09:17:22 Image size of job updated: 246400
	232  -  MemoryUsage of job (MB)
	237176  -  ResidentSetSize of job (KB)
...
005 (696033.015.000) 07/12 09:17:34 Job terminated.
	(1) Normal termination (return value 0)
		Usr 0 00:02:28, Sys 0 00:00:08  -  Run Remote Usage
		Usr 0 00:00:00, Sys 0 00:00:00  -  Run Local Usage
		Usr 0 00:02:28, Sys 0 00:00:08  -  Total Remote Usage
		Usr 0 00:00:00, Sys 0 00:00:00  -  Total Local Usage
	665338  -  Run Bytes Sent By Job
	281287  -  Run Bytes Received By Job
	665338  -  Total Bytes Sent By Job
	281287  -  Total Bytes Received By Job
	Partitionable Resources :    Usage  Request Allocated
	   Cpus                 :                 1         1
	   Disk (KB)            :  1000000  2048000   9503393
	   Memory (MB)          :      232     1992      1992
...
