000 (696033.004.000) 07/12 06:43:39 Job submitted from host: <144.92.181.245:9618?addrs=144.92.181.245-9618+[2607-f388-101c-1000--372]-9618&noUDP&sock=6179_dbc8_3>
...
001 (695036.004.000) 07/12 07:30:11 Job executing on host: <128.104.227.15:9618?addrs=128.104.227.15-9618+[2607-f388-101c-1000--629]-9618&noUDP&sock=10589_c070_3>
...
006 (695036.004.000) 07/12 07:30:20 Image size of job updated: 217184
	107  -  MemoryUsage of job (MB)
	108552  -  ResidentSetSize of job (KB)
...
006 (695036.004.000) 07/12 07:50:21 Image size of job updated: 240304
	235  -  MemoryUsage of job (MB)
	239628  -  ResidentSetSize of job (KB)
...
005 (695036.004.000) 07/12 07:55:42 Job terminated.
	(1) Normal termination (return value 0)
		Usr 0 00:02:21, Sys 0 00:00:08  -  Run Remote Usage
		Usr 0 00:00:00, Sys 0 00:00:00  -  Run Local Usage
		Usr 0 00:02:21, Sys 0 00:00:08  -  Total Remote Usage
		Usr 0 00:00:00, Sys 0 00:00:00  -  Total Local Usage
	656619  -  Run Bytes Sent By Job
	281287  -  Run Bytes Received By Job
	656619  -  Total Bytes Sent By Job
	281287  -  Total Bytes Received By Job
	Partitionable Resources :    Usage  Request Allocated
	   Cpus                 :                 1         1
	   Disk (KB)            :  1000000  2048000   9500643
	   Memory (MB)          :      235     1992      1992
...
001 (696033.004.000) 07/12 08:37:04 Job executing on host: <144.92.180.133:9618?addrs=144.92.180.133-9618+[2607-f388-101c-1000--629]-9618&noUDP&sock=9913_126b_3>
...
006 (696033.004.000) 07/12 08:37:12 Image size of job updated: 216748
	107  -  MemoryUsage of job (MB)
	108552  -  ResidentSetSize of job (KB)
...
006 (696033.004.000) 07/12 08:57:12 Image size of job updated: 237460
	232  -  MemoryUsage of job (MB)
	237460  -  ResidentSetSize of job (KB)
...
006 (696033.004.000) 07/12 09:02:13 Image size of job updated: 238944
	232  -  MemoryUsage of job (MB)
	237460  -  ResidentSetSize of job (KB)
...
005 (696033.004.000) 07/12 09:02:15 Job terminated.
	(1) Normal termination (return value 0)
		Usr 0 00:02:32, Sys 0 00:00:07  -  Run Remote Usage
		Usr 0 00:00:00, Sys 0 00:00:00  -  Run Local Usage
		Usr 0 00:02:32, Sys 0 00:00:07  -  Total Remote Usage
		Usr 0 00:00:00, Sys 0 00:00:00  -  Total Local Usage
	656619  -  Run Bytes Sent By Job
	281287  -  Run Bytes Received By Job
	656619  -  Total Bytes Sent By Job
	281287  -  Total Bytes Received By Job
	Partitionable Resources :    Usage  Request Allocated
	   Cpus                 :                 1         1
	   Disk (KB)            :  1000000  2048000   7917438
	   Memory (MB)          :      232     1992      1992
...
