000 (696033.008.000) 07/12 06:43:39 Job submitted from host: <144.92.181.245:9618?addrs=144.92.181.245-9618+[2607-f388-101c-1000--372]-9618&noUDP&sock=6179_dbc8_3>
...
001 (695036.008.000) 07/12 07:32:19 Job executing on host: <144.92.180.141:9618?addrs=144.92.180.141-9618+[2607-f388-101c-1000--629]-9618&noUDP&sock=7680_6b70_3>
...
006 (695036.008.000) 07/12 07:32:28 Image size of job updated: 215648
	106  -  MemoryUsage of job (MB)
	108544  -  ResidentSetSize of job (KB)
...
006 (695036.008.000) 07/12 07:52:29 Image size of job updated: 325896
	236  -  MemoryUsage of job (MB)
	240768  -  ResidentSetSize of job (KB)
...
005 (695036.008.000) 07/12 08:06:20 Job terminated.
	(1) Normal termination (return value 0)
		Usr 0 00:02:29, Sys 0 00:00:10  -  Run Remote Usage
		Usr 0 00:00:00, Sys 0 00:00:00  -  Run Local Usage
		Usr 0 00:02:29, Sys 0 00:00:10  -  Total Remote Usage
		Usr 0 00:00:00, Sys 0 00:00:00  -  Total Local Usage
	658584  -  Run Bytes Sent By Job
	281287  -  Run Bytes Received By Job
	658584  -  Total Bytes Sent By Job
	281287  -  Total Bytes Received By Job
	Partitionable Resources :    Usage  Request Allocated
	   Cpus                 :                 1         1
	   Disk (KB)            :  1000000  2048000   7916856
	   Memory (MB)          :      236     1992      1992
...
001 (696033.008.000) 07/12 08:37:12 Job executing on host: <144.92.181.241:9618?addrs=144.92.181.241-9618+[2607-f388-101c-1000--217]-9618&noUDP&sock=6978_e7f4_3>
...
006 (696033.008.000) 07/12 08:37:20 Image size of job updated: 169340
	53  -  MemoryUsage of job (MB)
	53328  -  ResidentSetSize of job (KB)
...
006 (696033.008.000) 07/12 08:57:20 Image size of job updated: 239300
	234  -  MemoryUsage of job (MB)
	239300  -  ResidentSetSize of job (KB)
...
006 (696033.008.000) 07/12 09:13:30 Image size of job updated: 239468
	234  -  MemoryUsage of job (MB)
	239300  -  ResidentSetSize of job (KB)
...
005 (696033.008.000) 07/12 09:13:31 Job terminated.
	(1) Normal termination (return value 0)
		Usr 0 00:05:54, Sys 0 00:00:21  -  Run Remote Usage
		Usr 0 00:00:00, Sys 0 00:00:00  -  Run Local Usage
		Usr 0 00:05:54, Sys 0 00:00:21  -  Total Remote Usage
		Usr 0 00:00:00, Sys 0 00:00:00  -  Total Local Usage
	675663  -  Run Bytes Sent By Job
	281287  -  Run Bytes Received By Job
	675663  -  Total Bytes Sent By Job
	281287  -  Total Bytes Received By Job
	Partitionable Resources :    Usage  Request Allocated
	   Cpus                 :                 1         1
	   Disk (KB)            :  1000000  2048000   4750246
	   Memory (MB)          :      234     1992      1992
...
