000 (1262642.007.000) 07/25 12:34:49 Job submitted from host: <144.92.180.28:9618?addrs=144.92.180.28-9618+[2607-f388-101c-1000--370]-9618&noUDP&sock=5187_6dd5_82>
...
001 (1262642.007.000) 07/25 14:34:05 Job executing on host: <128.104.227.27:9618?addrs=128.104.227.27-9618+[2607-f388-101c-1000--629]-9618&noUDP&sock=10393_4fe0_3>
...
006 (1262642.007.000) 07/25 14:34:13 Image size of job updated: 226244
	107  -  MemoryUsage of job (MB)
	108632  -  ResidentSetSize of job (KB)
...
005 (1262642.007.000) 07/25 14:43:34 Job terminated.
	(1) Normal termination (return value 0)
		Usr 0 00:02:03, Sys 0 00:00:06  -  Run Remote Usage
		Usr 0 00:00:00, Sys 0 00:00:00  -  Run Local Usage
		Usr 0 00:02:03, Sys 0 00:00:06  -  Total Remote Usage
		Usr 0 00:00:00, Sys 0 00:00:00  -  Total Local Usage
	445931  -  Run Bytes Sent By Job
	283691  -  Run Bytes Received By Job
	445931  -  Total Bytes Sent By Job
	283691  -  Total Bytes Received By Job
	Partitionable Resources :    Usage  Request Allocated
	   Cpus                 :                 1         1
	   Disk (KB)            :  1000000  2048000   9500451
	   Memory (MB)          :      107     1992      1992
...
