000 (691434.010.000) 07/11 11:26:35 Job submitted from host: <144.92.181.245:9618?addrs=144.92.181.245-9618+[2607-f388-101c-1000--372]-9618&noUDP&sock=6179_dbc8_3>
...
001 (691434.010.000) 07/11 11:47:24 Job executing on host: <144.92.181.220:9618?addrs=144.92.181.220-9618+[2607-f388-101c-1000--629]-9618&noUDP&sock=6939_27c2_10>
...
006 (691434.010.000) 07/11 11:47:33 Image size of job updated: 49096
	33  -  MemoryUsage of job (MB)
	33624  -  ResidentSetSize of job (KB)
...
006 (691434.010.000) 07/11 12:07:34 Image size of job updated: 257056
	242  -  MemoryUsage of job (MB)
	247740  -  ResidentSetSize of job (KB)
...
005 (691434.010.000) 07/11 12:10:08 Job terminated.
	(1) Normal termination (return value 0)
		Usr 0 00:07:30, Sys 0 00:00:20  -  Run Remote Usage
		Usr 0 00:00:00, Sys 0 00:00:00  -  Run Local Usage
		Usr 0 00:07:30, Sys 0 00:00:20  -  Total Remote Usage
		Usr 0 00:00:00, Sys 0 00:00:00  -  Total Local Usage
	363957  -  Run Bytes Sent By Job
	306644  -  Run Bytes Received By Job
	363957  -  Total Bytes Sent By Job
	306644  -  Total Bytes Received By Job
	Partitionable Resources :    Usage  Request Allocated
	   Cpus                 :                 1         1
	   Disk (KB)            :  1000000  2048000   3167351
	   Memory (MB)          :      242     1992      1992
...
