000 (691434.013.000) 07/11 11:26:35 Job submitted from host: <144.92.181.245:9618?addrs=144.92.181.245-9618+[2607-f388-101c-1000--372]-9618&noUDP&sock=6179_dbc8_3>
...
001 (691434.013.000) 07/11 11:47:25 Job executing on host: <144.92.181.150:9618?addrs=144.92.181.150-9618+[2607-f388-101c-1000--629]-9618&noUDP&sock=9864_7647_3>
...
006 (691434.013.000) 07/11 11:47:34 Image size of job updated: 205868
	106  -  MemoryUsage of job (MB)
	108400  -  ResidentSetSize of job (KB)
...
006 (691434.013.000) 07/11 12:07:35 Image size of job updated: 251320
	242  -  MemoryUsage of job (MB)
	247808  -  ResidentSetSize of job (KB)
...
005 (691434.013.000) 07/11 12:09:11 Job terminated.
	(1) Normal termination (return value 0)
		Usr 0 00:02:18, Sys 0 00:00:07  -  Run Remote Usage
		Usr 0 00:00:00, Sys 0 00:00:00  -  Run Local Usage
		Usr 0 00:02:18, Sys 0 00:00:07  -  Total Remote Usage
		Usr 0 00:00:00, Sys 0 00:00:00  -  Total Local Usage
	354157  -  Run Bytes Sent By Job
	306644  -  Run Bytes Received By Job
	354157  -  Total Bytes Sent By Job
	306644  -  Total Bytes Received By Job
	Partitionable Resources :    Usage  Request Allocated
	   Cpus                 :                 1         1
	   Disk (KB)            :  1000000  2048000   7917968
	   Memory (MB)          :      242     1992      1992
...
