000 (690097.004.000) 07/11 07:31:45 Job submitted from host: <144.92.181.245:9618?addrs=144.92.181.245-9618+[2607-f388-101c-1000--372]-9618&noUDP&sock=6179_dbc8_3>
...
001 (690097.004.000) 07/11 09:12:54 Job executing on host: <144.92.181.4:9618?addrs=144.92.181.4-9618+[2607-f388-101c-1000--629]-9618&noUDP&sock=7683_7a38_3>
...
006 (690097.004.000) 07/11 09:13:02 Image size of job updated: 165376
	53  -  MemoryUsage of job (MB)
	53488  -  ResidentSetSize of job (KB)
...
006 (690097.004.000) 07/11 09:31:01 Image size of job updated: 242628
	53  -  MemoryUsage of job (MB)
	53492  -  ResidentSetSize of job (KB)
...
005 (690097.004.000) 07/11 09:31:02 Job terminated.
	(1) Normal termination (return value 0)
		Usr 0 00:02:38, Sys 0 00:00:08  -  Run Remote Usage
		Usr 0 00:00:00, Sys 0 00:00:00  -  Run Local Usage
		Usr 0 00:02:38, Sys 0 00:00:08  -  Total Remote Usage
		Usr 0 00:00:00, Sys 0 00:00:00  -  Total Local Usage
	373815  -  Run Bytes Sent By Job
	302156  -  Run Bytes Received By Job
	373815  -  Total Bytes Sent By Job
	302156  -  Total Bytes Received By Job
	Partitionable Resources :    Usage  Request Allocated
	   Cpus                 :                 1         1
	   Disk (KB)            :  1000000  2048000   7917347
	   Memory (MB)          :       53     1992      1992
...
