000 (691382.003.000) 07/11 11:25:24 Job submitted from host: <144.92.181.245:9618?addrs=144.92.181.245-9618+[2607-f388-101c-1000--372]-9618&noUDP&sock=6179_dbc8_3>
...
001 (691382.003.000) 07/11 11:29:36 Job executing on host: <128.104.227.54:9618?addrs=128.104.227.54-9618+[2607-f388-101c-1000--629]-9618&noUDP&sock=10332_7899_3>
...
006 (691382.003.000) 07/11 11:29:45 Image size of job updated: 142432
	33  -  MemoryUsage of job (MB)
	33620  -  ResidentSetSize of job (KB)
...
006 (691382.003.000) 07/11 11:33:54 Image size of job updated: 370740
	33  -  MemoryUsage of job (MB)
	33620  -  ResidentSetSize of job (KB)
...
005 (691382.003.000) 07/11 11:33:55 Job terminated.
	(1) Normal termination (return value 0)
		Usr 0 00:00:29, Sys 0 00:00:01  -  Run Remote Usage
		Usr 0 00:00:00, Sys 0 00:00:00  -  Run Local Usage
		Usr 0 00:00:29, Sys 0 00:00:01  -  Total Remote Usage
		Usr 0 00:00:00, Sys 0 00:00:00  -  Total Local Usage
	305102  -  Run Bytes Sent By Job
	306644  -  Run Bytes Received By Job
	305102  -  Total Bytes Sent By Job
	306644  -  Total Bytes Received By Job
	Partitionable Resources :    Usage  Request Allocated
	   Cpus                 :                 1         1
	   Disk (KB)            :  1000000  2048000   9500796
	   Memory (MB)          :       33     1992      1992
...
