000 (691428.014.000) 07/11 11:26:25 Job submitted from host: <144.92.181.245:9618?addrs=144.92.181.245-9618+[2607-f388-101c-1000--372]-9618&noUDP&sock=6179_dbc8_3>
...
001 (691428.014.000) 07/11 11:47:00 Job executing on host: <128.104.227.29:9618?addrs=128.104.227.29-9618+[2607-f388-101c-1000--629]-9618&noUDP&sock=10348_721d_3>
...
006 (691428.014.000) 07/11 11:47:09 Image size of job updated: 215464
	106  -  MemoryUsage of job (MB)
	108380  -  ResidentSetSize of job (KB)
...
006 (691428.014.000) 07/11 12:07:10 Image size of job updated: 259728
	254  -  MemoryUsage of job (MB)
	259728  -  ResidentSetSize of job (KB)
...
006 (691428.014.000) 07/11 12:08:55 Image size of job updated: 259728
	254  -  MemoryUsage of job (MB)
	259744  -  ResidentSetSize of job (KB)
...
005 (691428.014.000) 07/11 12:08:57 Job terminated.
	(1) Normal termination (return value 0)
		Usr 0 00:02:01, Sys 0 00:00:05  -  Run Remote Usage
		Usr 0 00:00:00, Sys 0 00:00:00  -  Run Local Usage
		Usr 0 00:02:01, Sys 0 00:00:05  -  Total Remote Usage
		Usr 0 00:00:00, Sys 0 00:00:00  -  Total Local Usage
	353619  -  Run Bytes Sent By Job
	306644  -  Run Bytes Received By Job
	353619  -  Total Bytes Sent By Job
	306644  -  Total Bytes Received By Job
	Partitionable Resources :    Usage  Request Allocated
	   Cpus                 :                 1         1
	   Disk (KB)            :  1000000  2048000   9500265
	   Memory (MB)          :      254     1992      1992
...
