000 (691428.004.000) 07/11 11:26:25 Job submitted from host: <144.92.181.245:9618?addrs=144.92.181.245-9618+[2607-f388-101c-1000--372]-9618&noUDP&sock=6179_dbc8_3>
...
001 (691428.004.000) 07/11 11:46:13 Job executing on host: <144.92.180.58:9618?addrs=144.92.180.58-9618+[2607-f388-101c-1000--629]-9618&noUDP&sock=7143_1514_3>
...
006 (691428.004.000) 07/11 11:46:22 Image size of job updated: 143128
	54  -  MemoryUsage of job (MB)
	54976  -  ResidentSetSize of job (KB)
...
006 (691428.004.000) 07/11 12:06:23 Image size of job updated: 261220
	253  -  MemoryUsage of job (MB)
	258900  -  ResidentSetSize of job (KB)
...
005 (691428.004.000) 07/11 12:07:22 Job terminated.
	(1) Normal termination (return value 0)
		Usr 0 00:03:52, Sys 0 00:00:11  -  Run Remote Usage
		Usr 0 00:00:00, Sys 0 00:00:00  -  Run Local Usage
		Usr 0 00:03:52, Sys 0 00:00:11  -  Total Remote Usage
		Usr 0 00:00:00, Sys 0 00:00:00  -  Total Local Usage
	363375  -  Run Bytes Sent By Job
	306644  -  Run Bytes Received By Job
	363375  -  Total Bytes Sent By Job
	306644  -  Total Bytes Received By Job
	Partitionable Resources :    Usage  Request Allocated
	   Cpus                 :                 1         1
	   Disk (KB)            :  1000000  2048000   4750419
	   Memory (MB)          :      253     1992      1992
...
