000 (1262550.013.000) 07/25 12:33:41 Job submitted from host: <144.92.180.28:9618?addrs=144.92.180.28-9618+[2607-f388-101c-1000--370]-9618&noUDP&sock=5187_6dd5_82>
...
001 (1262550.013.000) 07/25 13:19:47 Job executing on host: <144.92.180.115:9618?addrs=144.92.180.115-9618+[2607-f388-101c-1000--629]-9618&noUDP&sock=7509_20be_3>
...
006 (1262550.013.000) 07/25 13:19:56 Image size of job updated: 225216
	107  -  MemoryUsage of job (MB)
	108624  -  ResidentSetSize of job (KB)
...
005 (1262550.013.000) 07/25 13:28:51 Job terminated.
	(1) Normal termination (return value 0)
		Usr 0 00:01:57, Sys 0 00:00:08  -  Run Remote Usage
		Usr 0 00:00:00, Sys 0 00:00:00  -  Run Local Usage
		Usr 0 00:01:57, Sys 0 00:00:08  -  Total Remote Usage
		Usr 0 00:00:00, Sys 0 00:00:00  -  Total Local Usage
	431366  -  Run Bytes Sent By Job
	283691  -  Run Bytes Received By Job
	431366  -  Total Bytes Sent By Job
	283691  -  Total Bytes Received By Job
	Partitionable Resources :    Usage  Request Allocated
	   Cpus                 :                 1         1
	   Disk (KB)            :  1000000  2048000   6333573
	   Memory (MB)          :      107     1992      1992
...
