000 (695955.003.000) 07/12 06:41:42 Job submitted from host: <144.92.181.245:9618?addrs=144.92.181.245-9618+[2607-f388-101c-1000--372]-9618&noUDP&sock=6179_dbc8_3>
...
001 (695955.003.000) 07/12 08:04:46 Job executing on host: <128.104.227.39:9618?addrs=128.104.227.39-9618+[2607-f388-101c-1000--629]-9618&noUDP&sock=10345_6355_3>
...
006 (695955.003.000) 07/12 08:04:55 Image size of job updated: 217460
	106  -  MemoryUsage of job (MB)
	108220  -  ResidentSetSize of job (KB)
...
006 (695955.003.000) 07/12 08:20:15 Image size of job updated: 281900
	106  -  MemoryUsage of job (MB)
	108220  -  ResidentSetSize of job (KB)
...
005 (695955.003.000) 07/12 08:20:16 Job terminated.
	(1) Normal termination (return value 0)
		Usr 0 00:01:42, Sys 0 00:00:05  -  Run Remote Usage
		Usr 0 00:00:00, Sys 0 00:00:00  -  Run Local Usage
		Usr 0 00:01:42, Sys 0 00:00:05  -  Total Remote Usage
		Usr 0 00:00:00, Sys 0 00:00:00  -  Total Local Usage
	261583  -  Run Bytes Sent By Job
	281287  -  Run Bytes Received By Job
	261583  -  Total Bytes Sent By Job
	281287  -  Total Bytes Received By Job
	Partitionable Resources :    Usage  Request Allocated
	   Cpus                 :                 1         1
	   Disk (KB)            :  1000000  2048000   9500277
	   Memory (MB)          :      106     1992      1992
...
