000 (690098.002.000) 07/11 07:31:47 Job submitted from host: <144.92.181.245:9618?addrs=144.92.181.245-9618+[2607-f388-101c-1000--372]-9618&noUDP&sock=6179_dbc8_3>
...
001 (690098.002.000) 07/11 09:14:02 Job executing on host: <128.104.227.23:9618?addrs=128.104.227.23-9618+[2607-f388-101c-1000--629]-9618&noUDP&sock=10298_2661_3>
...
006 (690098.002.000) 07/11 09:14:11 Image size of job updated: 225256
	106  -  MemoryUsage of job (MB)
	107912  -  ResidentSetSize of job (KB)
...
006 (690098.002.000) 07/11 09:34:11 Image size of job updated: 243768
	236  -  MemoryUsage of job (MB)
	241316  -  ResidentSetSize of job (KB)
...
005 (690098.002.000) 07/11 09:37:27 Job terminated.
	(1) Normal termination (return value 0)
		Usr 0 00:02:27, Sys 0 00:00:08  -  Run Remote Usage
		Usr 0 00:00:00, Sys 0 00:00:00  -  Run Local Usage
		Usr 0 00:02:27, Sys 0 00:00:08  -  Total Remote Usage
		Usr 0 00:00:00, Sys 0 00:00:00  -  Total Local Usage
	377827  -  Run Bytes Sent By Job
	302156  -  Run Bytes Received By Job
	377827  -  Total Bytes Sent By Job
	302156  -  Total Bytes Received By Job
	Partitionable Resources :    Usage  Request Allocated
	   Cpus                 :                 1         1
	   Disk (KB)            :  1000000  2048000   9501386
	   Memory (MB)          :      236     1992      1992
...
