000 (690098.009.000) 07/11 07:31:47 Job submitted from host: <144.92.181.245:9618?addrs=144.92.181.245-9618+[2607-f388-101c-1000--372]-9618&noUDP&sock=6179_dbc8_3>
...
001 (690098.009.000) 07/11 09:14:48 Job executing on host: <144.92.180.246:9618?addrs=144.92.180.246-9618+[2607-f388-101c-1000--629]-9618&noUDP&sock=10080_9ebc_3>
...
006 (690098.009.000) 07/11 09:14:57 Image size of job updated: 227972
	106  -  MemoryUsage of job (MB)
	107924  -  ResidentSetSize of job (KB)
...
006 (690098.009.000) 07/11 09:32:58 Image size of job updated: 240872
	106  -  MemoryUsage of job (MB)
	107924  -  ResidentSetSize of job (KB)
...
005 (690098.009.000) 07/11 09:32:59 Job terminated.
	(1) Normal termination (return value 0)
		Usr 0 00:02:27, Sys 0 00:00:07  -  Run Remote Usage
		Usr 0 00:00:00, Sys 0 00:00:00  -  Run Local Usage
		Usr 0 00:02:27, Sys 0 00:00:07  -  Total Remote Usage
		Usr 0 00:00:00, Sys 0 00:00:00  -  Total Local Usage
	377716  -  Run Bytes Sent By Job
	302156  -  Run Bytes Received By Job
	377716  -  Total Bytes Sent By Job
	302156  -  Total Bytes Received By Job
	Partitionable Resources :    Usage  Request Allocated
	   Cpus                 :                 1         1
	   Disk (KB)            :  1000000  2048000   7916579
	   Memory (MB)          :      106     1992      1992
...
