file path found: /hdfs/store/user/varuns/Run2018D_Prompt/EGamma/crab_job_EGamma2018Dv2_2v2/190529_223841/0003/Data_EGamma2018Dv2_2v2_3296.root
name: Data_EGamma2018Dv2_2v2_3296.root
filenumber: 0
Adding FullPathInputFile to chain:/hdfs/store/user/varuns/Run2018D_Prompt/EGamma/crab_job_EGamma2018Dv2_2v2/190529_223841/0003/Data_EGamma2018Dv2_2v2_3296.root

file path found: /hdfs/store/user/varuns/Run2018D_Prompt/EGamma/crab_job_EGamma2018Dv2_2v2/190529_223841/0003/Data_EGamma2018Dv2_2v2_3323.root
name: Data_EGamma2018Dv2_2v2_3323.root
filenumber: 1
Adding FullPathInputFile to chain:/hdfs/store/user/varuns/Run2018D_Prompt/EGamma/crab_job_EGamma2018Dv2_2v2/190529_223841/0003/Data_EGamma2018Dv2_2v2_3323.root

file path found: /hdfs/store/user/varuns/Run2018D_Prompt/EGamma/crab_job_EGamma2018Dv2_2v2/190529_223841/0003/Data_EGamma2018Dv2_2v2_3360.root
name: Data_EGamma2018Dv2_2v2_3360.root
filenumber: 2
Adding FullPathInputFile to chain:/hdfs/store/user/varuns/Run2018D_Prompt/EGamma/crab_job_EGamma2018Dv2_2v2/190529_223841/0003/Data_EGamma2018Dv2_2v2_3360.root

file path found: /hdfs/store/user/varuns/Run2018D_Prompt/EGamma/crab_job_EGamma2018Dv2_2v2/190529_223841/0003/Data_EGamma2018Dv2_2v2_3365.root
name: Data_EGamma2018Dv2_2v2_3365.root
filenumber: 3
Adding FullPathInputFile to chain:/hdfs/store/user/varuns/Run2018D_Prompt/EGamma/crab_job_EGamma2018Dv2_2v2/190529_223841/0003/Data_EGamma2018Dv2_2v2_3365.root

file path found: /hdfs/store/user/varuns/Run2018D_Prompt/EGamma/crab_job_EGamma2018Dv2_2v2/190529_223841/0003/Data_EGamma2018Dv2_2v2_3367.root
name: Data_EGamma2018Dv2_2v2_3367.root
filenumber: 4
Adding FullPathInputFile to chain:/hdfs/store/user/varuns/Run2018D_Prompt/EGamma/crab_job_EGamma2018Dv2_2v2/190529_223841/0003/Data_EGamma2018Dv2_2v2_3367.root

file path found: /hdfs/store/user/varuns/Run2018D_Prompt/EGamma/crab_job_EGamma2018Dv2_2v2/190529_223841/0003/Data_EGamma2018Dv2_2v2_3401.root
name: Data_EGamma2018Dv2_2v2_3401.root
filenumber: 5
Adding FullPathInputFile to chain:/hdfs/store/user/varuns/Run2018D_Prompt/EGamma/crab_job_EGamma2018Dv2_2v2/190529_223841/0003/Data_EGamma2018Dv2_2v2_3401.root

file path found: /hdfs/store/user/varuns/Run2018D_Prompt/EGamma/crab_job_EGamma2018Dv2_2v2/190529_223841/0003/Data_EGamma2018Dv2_2v2_3404.root
name: Data_EGamma2018Dv2_2v2_3404.root
filenumber: 6
Adding FullPathInputFile to chain:/hdfs/store/user/varuns/Run2018D_Prompt/EGamma/crab_job_EGamma2018Dv2_2v2/190529_223841/0003/Data_EGamma2018Dv2_2v2_3404.root

file path found: /hdfs/store/user/varuns/Run2018D_Prompt/EGamma/crab_job_EGamma2018Dv2_2v2/190529_223841/0003/Data_EGamma2018Dv2_2v2_3720.root
name: Data_EGamma2018Dv2_2v2_3720.root
filenumber: 7
Adding FullPathInputFile to chain:/hdfs/store/user/varuns/Run2018D_Prompt/EGamma/crab_job_EGamma2018Dv2_2v2/190529_223841/0003/Data_EGamma2018Dv2_2v2_3720.root

file path found: /hdfs/store/user/varuns/Run2018D_Prompt/EGamma/crab_job_EGamma2018Dv2_2v2/190529_223841/0003/Data_EGamma2018Dv2_2v2_3966.root
name: Data_EGamma2018Dv2_2v2_3966.root
filenumber: 8
Adding FullPathInputFile to chain:/hdfs/store/user/varuns/Run2018D_Prompt/EGamma/crab_job_EGamma2018Dv2_2v2/190529_223841/0003/Data_EGamma2018Dv2_2v2_3966.root

file path found: /hdfs/store/user/varuns/Run2018D_Prompt/EGamma/crab_job_EGamma2018Dv2_2v2/190529_223841/0003/Data_EGamma2018Dv2_2v2_3968.root
name: Data_EGamma2018Dv2_2v2_3968.root
filenumber: 9
Adding FullPathInputFile to chain:/hdfs/store/user/varuns/Run2018D_Prompt/EGamma/crab_job_EGamma2018Dv2_2v2/190529_223841/0003/Data_EGamma2018Dv2_2v2_3968.root

file path found: /hdfs/store/user/varuns/Run2018D_Prompt/EGamma/crab_job_EGamma2018Dv2_2v2/190529_223841/0003/Data_EGamma2018Dv2_2v2_3977.root
name: Data_EGamma2018Dv2_2v2_3977.root
filenumber: 10
Adding FullPathInputFile to chain:/hdfs/store/user/varuns/Run2018D_Prompt/EGamma/crab_job_EGamma2018Dv2_2v2/190529_223841/0003/Data_EGamma2018Dv2_2v2_3977.root

file path found: /hdfs/store/user/varuns/Run2018D_Prompt/EGamma/crab_job_EGamma2018Dv2_2v2/190529_223841/0003/Data_EGamma2018Dv2_2v2_3983.root
name: Data_EGamma2018Dv2_2v2_3983.root
filenumber: 11
Adding FullPathInputFile to chain:/hdfs/store/user/varuns/Run2018D_Prompt/EGamma/crab_job_EGamma2018Dv2_2v2/190529_223841/0003/Data_EGamma2018Dv2_2v2_3983.root

file path found: /hdfs/store/user/varuns/Run2018D_Prompt/EGamma/crab_job_EGamma2018Dv2_2v2/190529_223841/0003/.
name: .
filenumber: 12
file path found: /hdfs/store/user/varuns/Run2018D_Prompt/EGamma/crab_job_EGamma2018Dv2_2v2/190529_223841/0003/..
name: ..
filenumber: 13
12 files added.
Initializing chain.
Coming in: 
nentries:257887
Running over 257887 events.
Finished entry 0/257886
Finished entry 10000/257886
Finished entry 20000/257886
Finished entry 30000/257886
Finished entry 40000/257886
Finished entry 50000/257886
Finished entry 60000/257886
Finished entry 70000/257886
Finished entry 80000/257886
Finished entry 90000/257886
Finished entry 100000/257886
Finished entry 110000/257886
Finished entry 120000/257886
Finished entry 130000/257886
Finished entry 140000/257886
Finished entry 150000/257886
Finished entry 160000/257886
Finished entry 170000/257886
Finished entry 180000/257886
Finished entry 190000/257886
Finished entry 200000/257886
Finished entry 210000/257886
Finished entry 220000/257886
Finished entry 230000/257886
Finished entry 240000/257886
Finished entry 250000/257886
