000 (691489.011.000) 07/11 11:27:52 Job submitted from host: <144.92.181.245:9618?addrs=144.92.181.245-9618+[2607-f388-101c-1000--372]-9618&noUDP&sock=6179_dbc8_3>
...
001 (691489.011.000) 07/11 12:10:58 Job executing on host: <144.92.181.81:9618?addrs=144.92.181.81-9618+[2607-f388-101c-1000--629]-9618&noUDP&sock=7062_85e8_3>
...
006 (691489.011.000) 07/11 12:11:07 Image size of job updated: 199352
	92  -  MemoryUsage of job (MB)
	93480  -  ResidentSetSize of job (KB)
...
006 (691489.011.000) 07/11 12:28:24 Image size of job updated: 199352
	92  -  MemoryUsage of job (MB)
	93864  -  ResidentSetSize of job (KB)
...
005 (691489.011.000) 07/11 12:28:25 Job terminated.
	(1) Normal termination (return value 0)
		Usr 0 00:03:38, Sys 0 00:00:12  -  Run Remote Usage
		Usr 0 00:00:00, Sys 0 00:00:00  -  Run Local Usage
		Usr 0 00:03:38, Sys 0 00:00:12  -  Total Remote Usage
		Usr 0 00:00:00, Sys 0 00:00:00  -  Total Local Usage
	365805  -  Run Bytes Sent By Job
	306644  -  Run Bytes Received By Job
	365805  -  Total Bytes Sent By Job
	306644  -  Total Bytes Received By Job
	Partitionable Resources :    Usage  Request Allocated
	   Cpus                 :                 1         1
	   Disk (KB)            :  1000000  2048000   4748429
	   Memory (MB)          :       92     1992      1992
...
