000 (691489.012.000) 07/11 11:27:52 Job submitted from host: <144.92.181.245:9618?addrs=144.92.181.245-9618+[2607-f388-101c-1000--372]-9618&noUDP&sock=6179_dbc8_3>
...
001 (691489.012.000) 07/11 12:11:00 Job executing on host: <144.92.180.165:9618?addrs=144.92.180.165-9618+[2607-f388-101c-1000--629]-9618&noUDP&sock=7628_c083_3>
...
006 (691489.012.000) 07/11 12:11:09 Image size of job updated: 216936
	106  -  MemoryUsage of job (MB)
	108380  -  ResidentSetSize of job (KB)
...
005 (691489.012.000) 07/11 12:27:55 Job terminated.
	(1) Normal termination (return value 0)
		Usr 0 00:01:46, Sys 0 00:00:05  -  Run Remote Usage
		Usr 0 00:00:00, Sys 0 00:00:00  -  Run Local Usage
		Usr 0 00:01:46, Sys 0 00:00:05  -  Total Remote Usage
		Usr 0 00:00:00, Sys 0 00:00:00  -  Total Local Usage
	355134  -  Run Bytes Sent By Job
	306644  -  Run Bytes Received By Job
	355134  -  Total Bytes Sent By Job
	306644  -  Total Bytes Received By Job
	Partitionable Resources :    Usage  Request Allocated
	   Cpus                 :                 1         1
	   Disk (KB)            :  1000000  2048000   7918386
	   Memory (MB)          :      106     1992      1992
...
