000 (691489.004.000) 07/11 11:27:52 Job submitted from host: <144.92.181.245:9618?addrs=144.92.181.245-9618+[2607-f388-101c-1000--372]-9618&noUDP&sock=6179_dbc8_3>
...
001 (691489.004.000) 07/11 12:10:44 Job executing on host: <128.104.227.85:9618?addrs=128.104.227.85-9618+[2607-f388-101c-1000--629]-9618&noUDP&sock=11857_7e87_10>
...
006 (691489.004.000) 07/11 12:10:52 Image size of job updated: 139628
	56  -  MemoryUsage of job (MB)
	56440  -  ResidentSetSize of job (KB)
...
006 (691489.004.000) 07/11 12:30:52 Image size of job updated: 239104
	234  -  MemoryUsage of job (MB)
	239104  -  ResidentSetSize of job (KB)
...
006 (691489.004.000) 07/11 12:34:16 Image size of job updated: 239996
	234  -  MemoryUsage of job (MB)
	239104  -  ResidentSetSize of job (KB)
...
005 (691489.004.000) 07/11 12:34:17 Job terminated.
	(1) Normal termination (return value 0)
		Usr 0 00:01:37, Sys 0 00:00:08  -  Run Remote Usage
		Usr 0 00:00:00, Sys 0 00:00:00  -  Run Local Usage
		Usr 0 00:01:37, Sys 0 00:00:08  -  Total Remote Usage
		Usr 0 00:00:00, Sys 0 00:00:00  -  Total Local Usage
	355073  -  Run Bytes Sent By Job
	306644  -  Run Bytes Received By Job
	355073  -  Total Bytes Sent By Job
	306644  -  Total Bytes Received By Job
	Partitionable Resources :    Usage  Request Allocated
	   Cpus                 :                 1         1
	   Disk (KB)            :  1000000  2048000   9503925
	   Memory (MB)          :      234     1992      1992
...
