000 (691490.000.000) 07/11 11:27:53 Job submitted from host: <144.92.181.245:9618?addrs=144.92.181.245-9618+[2607-f388-101c-1000--372]-9618&noUDP&sock=6179_dbc8_3>
...
001 (691490.000.000) 07/11 12:11:15 Job executing on host: <144.92.181.165:9618?addrs=144.92.181.165-9618+[2607-f388-101c-1000--629]-9618&noUDP&sock=9844_be62_3>
...
006 (691490.000.000) 07/11 12:11:24 Image size of job updated: 216328
	106  -  MemoryUsage of job (MB)
	108364  -  ResidentSetSize of job (KB)
...
006 (691490.000.000) 07/11 12:31:24 Image size of job updated: 242452
	237  -  MemoryUsage of job (MB)
	242452  -  ResidentSetSize of job (KB)
...
006 (691490.000.000) 07/11 12:33:47 Image size of job updated: 244244
	237  -  MemoryUsage of job (MB)
	242452  -  ResidentSetSize of job (KB)
...
005 (691490.000.000) 07/11 12:33:48 Job terminated.
	(1) Normal termination (return value 0)
		Usr 0 00:01:32, Sys 0 00:00:04  -  Run Remote Usage
		Usr 0 00:00:00, Sys 0 00:00:00  -  Run Local Usage
		Usr 0 00:01:32, Sys 0 00:00:04  -  Total Remote Usage
		Usr 0 00:00:00, Sys 0 00:00:00  -  Total Local Usage
	355126  -  Run Bytes Sent By Job
	306644  -  Run Bytes Received By Job
	355126  -  Total Bytes Sent By Job
	306644  -  Total Bytes Received By Job
	Partitionable Resources :    Usage  Request Allocated
	   Cpus                 :                 1         1
	   Disk (KB)            :  1000000  2048000   7917346
	   Memory (MB)          :      237     1992      1992
...
