000 (691490.013.000) 07/11 11:27:53 Job submitted from host: <144.92.181.245:9618?addrs=144.92.181.245-9618+[2607-f388-101c-1000--372]-9618&noUDP&sock=6179_dbc8_3>
...
001 (691490.013.000) 07/11 12:11:38 Job executing on host: <144.92.181.200:9618?addrs=144.92.181.200-9618+[2607-f388-101c-1000--629]-9618&noUDP&sock=6744_66ca_3>
...
006 (691490.013.000) 07/11 12:11:47 Image size of job updated: 166848
	53  -  MemoryUsage of job (MB)
	53260  -  ResidentSetSize of job (KB)
...
006 (691490.013.000) 07/11 12:31:04 Image size of job updated: 245492
	53  -  MemoryUsage of job (MB)
	53260  -  ResidentSetSize of job (KB)
...
005 (691490.013.000) 07/11 12:31:05 Job terminated.
	(1) Normal termination (return value 0)
		Usr 0 00:02:38, Sys 0 00:00:08  -  Run Remote Usage
		Usr 0 00:00:00, Sys 0 00:00:00  -  Run Local Usage
		Usr 0 00:02:38, Sys 0 00:00:08  -  Total Remote Usage
		Usr 0 00:00:00, Sys 0 00:00:00  -  Total Local Usage
	363258  -  Run Bytes Sent By Job
	306644  -  Run Bytes Received By Job
	363258  -  Total Bytes Sent By Job
	306644  -  Total Bytes Received By Job
	Partitionable Resources :    Usage  Request Allocated
	   Cpus                 :                 1         1
	   Disk (KB)            :  1000000  2048000   3166862
	   Memory (MB)          :       53     1992      1992
...
