000 (691490.002.000) 07/11 11:27:53 Job submitted from host: <144.92.181.245:9618?addrs=144.92.181.245-9618+[2607-f388-101c-1000--372]-9618&noUDP&sock=6179_dbc8_3>
...
001 (691490.002.000) 07/11 12:11:20 Job executing on host: <144.92.181.137:9618?addrs=144.92.181.137-9618+[2607-f388-101c-1000--629]-9618&noUDP&sock=10036_7091_3>
...
006 (691490.002.000) 07/11 12:11:28 Image size of job updated: 168944
	53  -  MemoryUsage of job (MB)
	53536  -  ResidentSetSize of job (KB)
...
006 (691490.002.000) 07/11 12:28:29 Image size of job updated: 245552
	53  -  MemoryUsage of job (MB)
	53536  -  ResidentSetSize of job (KB)
...
005 (691490.002.000) 07/11 12:28:30 Job terminated.
	(1) Normal termination (return value 0)
		Usr 0 00:01:43, Sys 0 00:00:06  -  Run Remote Usage
		Usr 0 00:00:00, Sys 0 00:00:00  -  Run Local Usage
		Usr 0 00:01:43, Sys 0 00:00:06  -  Total Remote Usage
		Usr 0 00:00:00, Sys 0 00:00:00  -  Total Local Usage
	355224  -  Run Bytes Sent By Job
	306644  -  Run Bytes Received By Job
	355224  -  Total Bytes Sent By Job
	306644  -  Total Bytes Received By Job
	Partitionable Resources :    Usage  Request Allocated
	   Cpus                 :                 1         1
	   Disk (KB)            :  1000000  2048000   7917968
	   Memory (MB)          :       53     1992      1992
...
