000 (691490.007.000) 07/11 11:27:53 Job submitted from host: <144.92.181.245:9618?addrs=144.92.181.245-9618+[2607-f388-101c-1000--372]-9618&noUDP&sock=6179_dbc8_3>
...
001 (691490.007.000) 07/11 12:11:27 Job executing on host: <144.92.180.31:9618?addrs=144.92.180.31-9618+[2607-f388-101c-1000--629]-9618&noUDP&sock=7707_f07e_3>
...
006 (691490.007.000) 07/11 12:11:36 Image size of job updated: 208268
	106  -  MemoryUsage of job (MB)
	108364  -  ResidentSetSize of job (KB)
...
005 (691490.007.000) 07/11 12:30:39 Job terminated.
	(1) Normal termination (return value 0)
		Usr 0 00:01:41, Sys 0 00:00:05  -  Run Remote Usage
		Usr 0 00:00:00, Sys 0 00:00:00  -  Run Local Usage
		Usr 0 00:01:41, Sys 0 00:00:05  -  Total Remote Usage
		Usr 0 00:00:00, Sys 0 00:00:00  -  Total Local Usage
	355224  -  Run Bytes Sent By Job
	306644  -  Run Bytes Received By Job
	355224  -  Total Bytes Sent By Job
	306644  -  Total Bytes Received By Job
	Partitionable Resources :    Usage  Request Allocated
	   Cpus                 :                 1         1
	   Disk (KB)            :  1000000  2048000   7916405
	   Memory (MB)          :      106     1992      1992
...
