000 (691490.008.000) 07/11 11:27:53 Job submitted from host: <144.92.181.245:9618?addrs=144.92.181.245-9618+[2607-f388-101c-1000--372]-9618&noUDP&sock=6179_dbc8_3>
...
001 (691490.008.000) 07/11 12:11:27 Job executing on host: <144.92.180.205:9618?addrs=144.92.180.205-9618+[2607-f388-101c-1000--629]-9618&noUDP&sock=7744_517f_3>
...
006 (691490.008.000) 07/11 12:11:36 Image size of job updated: 168600
	53  -  MemoryUsage of job (MB)
	53392  -  ResidentSetSize of job (KB)
...
006 (691490.008.000) 07/11 12:24:08 Image size of job updated: 168600
	53  -  MemoryUsage of job (MB)
	53396  -  ResidentSetSize of job (KB)
...
005 (691490.008.000) 07/11 12:24:09 Job terminated.
	(1) Normal termination (return value 0)
		Usr 0 00:01:21, Sys 0 00:00:04  -  Run Remote Usage
		Usr 0 00:00:00, Sys 0 00:00:00  -  Run Local Usage
		Usr 0 00:01:21, Sys 0 00:00:04  -  Total Remote Usage
		Usr 0 00:00:00, Sys 0 00:00:00  -  Total Local Usage
	355705  -  Run Bytes Sent By Job
	306644  -  Run Bytes Received By Job
	355705  -  Total Bytes Sent By Job
	306644  -  Total Bytes Received By Job
	Partitionable Resources :    Usage  Request Allocated
	   Cpus                 :                 1         1
	   Disk (KB)            :  1000000  2048000   7918311
	   Memory (MB)          :       53     1992      1992
...
