000 (690159.012.000) 07/11 07:33:11 Job submitted from host: <144.92.181.245:9618?addrs=144.92.181.245-9618+[2607-f388-101c-1000--372]-9618&noUDP&sock=6179_dbc8_3>
...
001 (690159.012.000) 07/11 09:53:32 Job executing on host: <144.92.181.64:9618?addrs=144.92.181.64-9618+[2607-f388-101c-1000--629]-9618&noUDP&sock=7580_d3f7_3>
...
006 (690159.012.000) 07/11 09:53:40 Image size of job updated: 229132
	106  -  MemoryUsage of job (MB)
	107932  -  ResidentSetSize of job (KB)
...
006 (690159.012.000) 07/11 10:08:28 Image size of job updated: 290792
	106  -  MemoryUsage of job (MB)
	107932  -  ResidentSetSize of job (KB)
...
005 (690159.012.000) 07/11 10:08:29 Job terminated.
	(1) Normal termination (return value 0)
		Usr 0 00:02:03, Sys 0 00:00:06  -  Run Remote Usage
		Usr 0 00:00:00, Sys 0 00:00:00  -  Run Local Usage
		Usr 0 00:02:03, Sys 0 00:00:06  -  Total Remote Usage
		Usr 0 00:00:00, Sys 0 00:00:00  -  Total Local Usage
	343032  -  Run Bytes Sent By Job
	302156  -  Run Bytes Received By Job
	343032  -  Total Bytes Sent By Job
	302156  -  Total Bytes Received By Job
	Partitionable Resources :    Usage  Request Allocated
	   Cpus                 :                 1         1
	   Disk (KB)            :  1000000  2048000   7917720
	   Memory (MB)          :      106     1992      1992
...
