000 (690159.005.000) 07/11 07:33:11 Job submitted from host: <144.92.181.245:9618?addrs=144.92.181.245-9618+[2607-f388-101c-1000--372]-9618&noUDP&sock=6179_dbc8_3>
...
001 (690159.005.000) 07/11 09:53:17 Job executing on host: <144.92.181.1:9618?addrs=144.92.181.1-9618+[2607-f388-101c-1000--629]-9618&noUDP&sock=7674_4dde_3>
...
006 (690159.005.000) 07/11 09:53:26 Image size of job updated: 225444
	106  -  MemoryUsage of job (MB)
	107936  -  ResidentSetSize of job (KB)
...
006 (690159.005.000) 07/11 10:08:36 Image size of job updated: 250788
	106  -  MemoryUsage of job (MB)
	107936  -  ResidentSetSize of job (KB)
...
005 (690159.005.000) 07/11 10:08:37 Job terminated.
	(1) Normal termination (return value 0)
		Usr 0 00:02:18, Sys 0 00:00:08  -  Run Remote Usage
		Usr 0 00:00:00, Sys 0 00:00:00  -  Run Local Usage
		Usr 0 00:02:18, Sys 0 00:00:08  -  Total Remote Usage
		Usr 0 00:00:00, Sys 0 00:00:00  -  Total Local Usage
	343329  -  Run Bytes Sent By Job
	302156  -  Run Bytes Received By Job
	343329  -  Total Bytes Sent By Job
	302156  -  Total Bytes Received By Job
	Partitionable Resources :    Usage  Request Allocated
	   Cpus                 :                 1         1
	   Disk (KB)            :  1000000  2048000   7917509
	   Memory (MB)          :      106     1992      1992
...
