000 (690159.008.000) 07/11 07:33:11 Job submitted from host: <144.92.181.245:9618?addrs=144.92.181.245-9618+[2607-f388-101c-1000--372]-9618&noUDP&sock=6179_dbc8_3>
...
001 (690159.008.000) 07/11 09:53:22 Job executing on host: <128.104.227.63:9618?addrs=128.104.227.63-9618+[2607-f388-101c-1000--629]-9618&noUDP&sock=10298_2661_3>
...
006 (690159.008.000) 07/11 09:53:30 Image size of job updated: 226144
	106  -  MemoryUsage of job (MB)
	107936  -  ResidentSetSize of job (KB)
...
005 (690159.008.000) 07/11 10:11:45 Job terminated.
	(1) Normal termination (return value 0)
		Usr 0 00:02:05, Sys 0 00:00:08  -  Run Remote Usage
		Usr 0 00:00:00, Sys 0 00:00:00  -  Run Local Usage
		Usr 0 00:02:05, Sys 0 00:00:08  -  Total Remote Usage
		Usr 0 00:00:00, Sys 0 00:00:00  -  Total Local Usage
	342859  -  Run Bytes Sent By Job
	302156  -  Run Bytes Received By Job
	342859  -  Total Bytes Sent By Job
	302156  -  Total Bytes Received By Job
	Partitionable Resources :    Usage  Request Allocated
	   Cpus                 :                 1         1
	   Disk (KB)            :  1000000  2048000   9501597
	   Memory (MB)          :      106     1992      1992
...
