000 (690159.009.000) 07/11 07:33:11 Job submitted from host: <144.92.181.245:9618?addrs=144.92.181.245-9618+[2607-f388-101c-1000--372]-9618&noUDP&sock=6179_dbc8_3>
...
001 (690159.009.000) 07/11 09:53:28 Job executing on host: <144.92.180.235:9618?addrs=144.92.180.235-9618+[2607-f388-101c-1000--629]-9618&noUDP&sock=9858_58b5_3>
...
006 (690159.009.000) 07/11 09:53:37 Image size of job updated: 225600
	106  -  MemoryUsage of job (MB)
	107944  -  ResidentSetSize of job (KB)
...
005 (690159.009.000) 07/11 10:07:40 Job terminated.
	(1) Normal termination (return value 0)
		Usr 0 00:02:03, Sys 0 00:00:06  -  Run Remote Usage
		Usr 0 00:00:00, Sys 0 00:00:00  -  Run Local Usage
		Usr 0 00:02:03, Sys 0 00:00:06  -  Total Remote Usage
		Usr 0 00:00:00, Sys 0 00:00:00  -  Total Local Usage
	342590  -  Run Bytes Sent By Job
	302156  -  Run Bytes Received By Job
	342590  -  Total Bytes Sent By Job
	302156  -  Total Bytes Received By Job
	Partitionable Resources :    Usage  Request Allocated
	   Cpus                 :                 1         1
	   Disk (KB)            :  1000000  2048000   7917980
	   Memory (MB)          :      106     1992      1992
...
