000 (1262554.010.000) 07/25 12:33:44 Job submitted from host: <144.92.180.28:9618?addrs=144.92.180.28-9618+[2607-f388-101c-1000--370]-9618&noUDP&sock=5187_6dd5_82>
...
001 (1262554.010.000) 07/25 13:25:26 Job executing on host: <144.92.180.165:9618?addrs=144.92.180.165-9618+[2607-f388-101c-1000--629]-9618&noUDP&sock=7628_c083_3>
...
006 (1262554.010.000) 07/25 13:25:35 Image size of job updated: 224476
	107  -  MemoryUsage of job (MB)
	108664  -  ResidentSetSize of job (KB)
...
006 (1262554.010.000) 07/25 13:37:24 Image size of job updated: 246732
	107  -  MemoryUsage of job (MB)
	108664  -  ResidentSetSize of job (KB)
...
005 (1262554.010.000) 07/25 13:37:25 Job terminated.
	(1) Normal termination (return value 0)
		Usr 0 00:02:09, Sys 0 00:00:09  -  Run Remote Usage
		Usr 0 00:00:00, Sys 0 00:00:00  -  Run Local Usage
		Usr 0 00:02:09, Sys 0 00:00:09  -  Total Remote Usage
		Usr 0 00:00:00, Sys 0 00:00:00  -  Total Local Usage
	428940  -  Run Bytes Sent By Job
	283691  -  Run Bytes Received By Job
	428940  -  Total Bytes Sent By Job
	283691  -  Total Bytes Received By Job
	Partitionable Resources :    Usage  Request Allocated
	   Cpus                 :                 1         1
	   Disk (KB)            :  1000000  2048000   7918386
	   Memory (MB)          :      107     1992      1992
...
