000 (1262554.014.000) 07/25 12:33:44 Job submitted from host: <144.92.180.28:9618?addrs=144.92.180.28-9618+[2607-f388-101c-1000--370]-9618&noUDP&sock=5187_6dd5_82>
...
001 (1262554.014.000) 07/25 13:26:12 Job executing on host: <144.92.180.114:9618?addrs=144.92.180.114-9618+[2607-f388-101c-1000--629]-9618&noUDP&sock=7498_9533_3>
...
006 (1262554.014.000) 07/25 13:26:21 Image size of job updated: 186368
	107  -  MemoryUsage of job (MB)
	108620  -  ResidentSetSize of job (KB)
...
005 (1262554.014.000) 07/25 13:37:27 Job terminated.
	(1) Normal termination (return value 0)
		Usr 0 00:02:14, Sys 0 00:00:07  -  Run Remote Usage
		Usr 0 00:00:00, Sys 0 00:00:00  -  Run Local Usage
		Usr 0 00:02:14, Sys 0 00:00:07  -  Total Remote Usage
		Usr 0 00:00:00, Sys 0 00:00:00  -  Total Local Usage
	428950  -  Run Bytes Sent By Job
	283691  -  Run Bytes Received By Job
	428950  -  Total Bytes Sent By Job
	283691  -  Total Bytes Received By Job
	Partitionable Resources :    Usage  Request Allocated
	   Cpus                 :                 1         1
	   Disk (KB)            :  1000000  2048000   6333936
	   Memory (MB)          :      107     1992      1992
...
