000 (695984.004.000) 07/12 06:42:22 Job submitted from host: <144.92.181.245:9618?addrs=144.92.181.245-9618+[2607-f388-101c-1000--372]-9618&noUDP&sock=6179_dbc8_3>
...
001 (695984.004.000) 07/12 08:14:58 Job executing on host: <144.92.180.123:9618?addrs=144.92.180.123-9618+[2607-f388-101c-1000--629]-9618&noUDP&sock=7577_c52e_3>
...
006 (695984.004.000) 07/12 08:15:07 Image size of job updated: 35584
	7  -  MemoryUsage of job (MB)
	6540  -  ResidentSetSize of job (KB)
...
006 (695984.004.000) 07/12 08:35:08 Image size of job updated: 283448
	275  -  MemoryUsage of job (MB)
	281196  -  ResidentSetSize of job (KB)
...
005 (695984.004.000) 07/12 08:35:14 Job terminated.
	(1) Normal termination (return value 0)
		Usr 0 00:01:42, Sys 0 00:00:03  -  Run Remote Usage
		Usr 0 00:00:00, Sys 0 00:00:00  -  Run Local Usage
		Usr 0 00:01:42, Sys 0 00:00:03  -  Total Remote Usage
		Usr 0 00:00:00, Sys 0 00:00:00  -  Total Local Usage
	298128  -  Run Bytes Sent By Job
	281287  -  Run Bytes Received By Job
	298128  -  Total Bytes Sent By Job
	281287  -  Total Bytes Received By Job
	Partitionable Resources :    Usage  Request Allocated
	   Cpus                 :                 1         1
	   Disk (KB)            :  1000000  2048000   6334195
	   Memory (MB)          :      275     1992      1992
...
