000 (695984.005.000) 07/12 06:42:22 Job submitted from host: <144.92.181.245:9618?addrs=144.92.181.245-9618+[2607-f388-101c-1000--372]-9618&noUDP&sock=6179_dbc8_3>
...
001 (695984.005.000) 07/12 08:15:10 Job executing on host: <144.92.180.108:9618?addrs=144.92.180.108-9618+[2607-f388-101c-1000--629]-9618&noUDP&sock=7631_cf4c_3>
...
006 (695984.005.000) 07/12 08:15:18 Image size of job updated: 217428
	106  -  MemoryUsage of job (MB)
	108296  -  ResidentSetSize of job (KB)
...
006 (695984.005.000) 07/12 08:35:18 Image size of job updated: 269624
	264  -  MemoryUsage of job (MB)
	269624  -  ResidentSetSize of job (KB)
...
006 (695984.005.000) 07/12 08:39:52 Image size of job updated: 270044
	264  -  MemoryUsage of job (MB)
	269624  -  ResidentSetSize of job (KB)
...
005 (695984.005.000) 07/12 08:39:53 Job terminated.
	(1) Normal termination (return value 0)
		Usr 0 00:01:39, Sys 0 00:00:06  -  Run Remote Usage
		Usr 0 00:00:00, Sys 0 00:00:00  -  Run Local Usage
		Usr 0 00:01:39, Sys 0 00:00:06  -  Total Remote Usage
		Usr 0 00:00:00, Sys 0 00:00:00  -  Total Local Usage
	298294  -  Run Bytes Sent By Job
	281287  -  Run Bytes Received By Job
	298294  -  Total Bytes Sent By Job
	281287  -  Total Bytes Received By Job
	Partitionable Resources :    Usage  Request Allocated
	   Cpus                 :                 1         1
	   Disk (KB)            :  1000000  2048000   6334444
	   Memory (MB)          :      264     1992      1992
...
