000 (1262592.001.000) 07/25 12:34:16 Job submitted from host: <144.92.180.28:9618?addrs=144.92.180.28-9618+[2607-f388-101c-1000--370]-9618&noUDP&sock=5187_6dd5_82>
...
001 (1262592.001.000) 07/25 14:03:17 Job executing on host: <144.92.180.71:9618?addrs=144.92.180.71-9618+[2607-f388-101c-1000--629]-9618&noUDP&sock=9984_c5a4_3>
...
006 (1262592.001.000) 07/25 14:03:25 Image size of job updated: 228756
	108  -  MemoryUsage of job (MB)
	110064  -  ResidentSetSize of job (KB)
...
005 (1262592.001.000) 07/25 14:09:24 Job terminated.
	(1) Normal termination (return value 0)
		Usr 0 00:01:14, Sys 0 00:00:03  -  Run Remote Usage
		Usr 0 00:00:00, Sys 0 00:00:00  -  Run Local Usage
		Usr 0 00:01:14, Sys 0 00:00:03  -  Total Remote Usage
		Usr 0 00:00:00, Sys 0 00:00:00  -  Total Local Usage
	217759  -  Run Bytes Sent By Job
	283691  -  Run Bytes Received By Job
	217759  -  Total Bytes Sent By Job
	283691  -  Total Bytes Received By Job
	Partitionable Resources :    Usage  Request Allocated
	   Cpus                 :                 1         1
	   Disk (KB)            :  1000000  2048000   7917258
	   Memory (MB)          :      108     1992      1992
...
