000 (696088.011.000) 07/12 06:44:54 Job submitted from host: <144.92.181.245:9618?addrs=144.92.181.245-9618+[2607-f388-101c-1000--372]-9618&noUDP&sock=6179_dbc8_3>
...
001 (695091.011.000) 07/12 08:00:56 Job executing on host: <144.92.181.7:9618?addrs=144.92.181.7-9618+[2607-f388-101c-1000--629]-9618&noUDP&sock=7655_4592_3>
...
006 (695091.011.000) 07/12 08:01:05 Image size of job updated: 170624
	53  -  MemoryUsage of job (MB)
	53580  -  ResidentSetSize of job (KB)
...
006 (695091.011.000) 07/12 08:21:06 Image size of job updated: 240448
	234  -  MemoryUsage of job (MB)
	239272  -  ResidentSetSize of job (KB)
...
005 (695091.011.000) 07/12 08:30:52 Job terminated.
	(1) Normal termination (return value 0)
		Usr 0 00:02:24, Sys 0 00:00:07  -  Run Remote Usage
		Usr 0 00:00:00, Sys 0 00:00:00  -  Run Local Usage
		Usr 0 00:02:24, Sys 0 00:00:07  -  Total Remote Usage
		Usr 0 00:00:00, Sys 0 00:00:00  -  Total Local Usage
	402140  -  Run Bytes Sent By Job
	281287  -  Run Bytes Received By Job
	402140  -  Total Bytes Sent By Job
	281287  -  Total Bytes Received By Job
	Partitionable Resources :    Usage  Request Allocated
	   Cpus                 :                 1         1
	   Disk (KB)            :  1000000  2048000   7917233
	   Memory (MB)          :      234     1992      1992
...
001 (696088.011.000) 07/12 08:58:24 Job executing on host: <144.92.181.140:9618?addrs=144.92.181.140-9618+[2607-f388-101c-1000--629]-9618&noUDP&sock=10043_3dbb_3>
...
006 (696088.011.000) 07/12 08:58:32 Image size of job updated: 215488
	106  -  MemoryUsage of job (MB)
	108524  -  ResidentSetSize of job (KB)
...
006 (696088.011.000) 07/12 09:16:31 Image size of job updated: 237756
	106  -  MemoryUsage of job (MB)
	108524  -  ResidentSetSize of job (KB)
...
005 (696088.011.000) 07/12 09:16:33 Job terminated.
	(1) Normal termination (return value 0)
		Usr 0 00:02:14, Sys 0 00:00:06  -  Run Remote Usage
		Usr 0 00:00:00, Sys 0 00:00:00  -  Run Local Usage
		Usr 0 00:02:14, Sys 0 00:00:06  -  Total Remote Usage
		Usr 0 00:00:00, Sys 0 00:00:00  -  Total Local Usage
	402140  -  Run Bytes Sent By Job
	281287  -  Run Bytes Received By Job
	402140  -  Total Bytes Sent By Job
	281287  -  Total Bytes Received By Job
	Partitionable Resources :    Usage  Request Allocated
	   Cpus                 :                 1         1
	   Disk (KB)            :  1000000  2048000   7918565
	   Memory (MB)          :      106     1992      1992
...
