000 (696088.001.000) 07/12 06:44:54 Job submitted from host: <144.92.181.245:9618?addrs=144.92.181.245-9618+[2607-f388-101c-1000--372]-9618&noUDP&sock=6179_dbc8_3>
...
001 (695091.001.000) 07/12 08:00:50 Job executing on host: <128.104.227.103:9618?addrs=128.104.227.103-9618+[2607-f388-101c-1000--52]-9618&noUDP&sock=11683_250c_3>
...
006 (695091.001.000) 07/12 08:00:59 Image size of job updated: 7680
	7  -  MemoryUsage of job (MB)
	6192  -  ResidentSetSize of job (KB)
...
006 (695091.001.000) 07/12 08:20:59 Image size of job updated: 269436
	240  -  MemoryUsage of job (MB)
	245292  -  ResidentSetSize of job (KB)
...
005 (695091.001.000) 07/12 08:24:52 Job terminated.
	(1) Normal termination (return value 0)
		Usr 0 00:01:55, Sys 0 00:00:06  -  Run Remote Usage
		Usr 0 00:00:00, Sys 0 00:00:00  -  Run Local Usage
		Usr 0 00:01:55, Sys 0 00:00:06  -  Total Remote Usage
		Usr 0 00:00:00, Sys 0 00:00:00  -  Total Local Usage
	409324  -  Run Bytes Sent By Job
	281287  -  Run Bytes Received By Job
	409324  -  Total Bytes Sent By Job
	281287  -  Total Bytes Received By Job
	Partitionable Resources :    Usage  Request Allocated
	   Cpus                 :                 1         1
	   Disk (KB)            :  1000000  2048000   9503861
	   Memory (MB)          :      240     1992      1992
...
001 (696088.001.000) 07/12 08:57:24 Job executing on host: <144.92.180.135:9618?addrs=144.92.180.135-9618+[2607-f388-101c-1000--629]-9618&noUDP&sock=10076_e05b_3>
...
006 (696088.001.000) 07/12 08:57:33 Image size of job updated: 169524
	53  -  MemoryUsage of job (MB)
	53644  -  ResidentSetSize of job (KB)
...
006 (696088.001.000) 07/12 09:17:34 Image size of job updated: 245280
	240  -  MemoryUsage of job (MB)
	245280  -  ResidentSetSize of job (KB)
...
006 (696088.001.000) 07/12 09:19:48 Image size of job updated: 245344
	240  -  MemoryUsage of job (MB)
	245280  -  ResidentSetSize of job (KB)
...
005 (696088.001.000) 07/12 09:19:49 Job terminated.
	(1) Normal termination (return value 0)
		Usr 0 00:02:10, Sys 0 00:00:07  -  Run Remote Usage
		Usr 0 00:00:00, Sys 0 00:00:00  -  Run Local Usage
		Usr 0 00:02:10, Sys 0 00:00:07  -  Total Remote Usage
		Usr 0 00:00:00, Sys 0 00:00:00  -  Total Local Usage
	409324  -  Run Bytes Sent By Job
	281287  -  Run Bytes Received By Job
	409324  -  Total Bytes Sent By Job
	281287  -  Total Bytes Received By Job
	Partitionable Resources :    Usage  Request Allocated
	   Cpus                 :                 1         1
	   Disk (KB)            :  1000000  2048000   7916833
	   Memory (MB)          :      240     1992      1992
...
