000 (696088.005.000) 07/12 06:44:54 Job submitted from host: <144.92.181.245:9618?addrs=144.92.181.245-9618+[2607-f388-101c-1000--372]-9618&noUDP&sock=6179_dbc8_3>
...
001 (695091.005.000) 07/12 08:01:24 Job executing on host: <128.104.227.37:9618?addrs=128.104.227.37-9618+[2607-f388-101c-1000--629]-9618&noUDP&sock=10283_dc75_3>
...
006 (695091.005.000) 07/12 08:01:33 Image size of job updated: 211076
	106  -  MemoryUsage of job (MB)
	108524  -  ResidentSetSize of job (KB)
...
006 (695091.005.000) 07/12 08:21:34 Image size of job updated: 242740
	237  -  MemoryUsage of job (MB)
	242500  -  ResidentSetSize of job (KB)
...
005 (695091.005.000) 07/12 08:21:40 Job terminated.
	(1) Normal termination (return value 0)
		Usr 0 00:01:46, Sys 0 00:00:06  -  Run Remote Usage
		Usr 0 00:00:00, Sys 0 00:00:00  -  Run Local Usage
		Usr 0 00:01:46, Sys 0 00:00:06  -  Total Remote Usage
		Usr 0 00:00:00, Sys 0 00:00:00  -  Total Local Usage
	409385  -  Run Bytes Sent By Job
	281287  -  Run Bytes Received By Job
	409385  -  Total Bytes Sent By Job
	281287  -  Total Bytes Received By Job
	Partitionable Resources :    Usage  Request Allocated
	   Cpus                 :                 1         1
	   Disk (KB)            :  1000000  2048000   9500072
	   Memory (MB)          :      237     1992      1992
...
001 (696088.005.000) 07/12 08:57:46 Job executing on host: <128.104.227.86:9618?addrs=128.104.227.86-9618+[2607-f388-101c-1000--629]-9618&noUDP&sock=11895_8f20_3>
...
006 (696088.005.000) 07/12 08:57:55 Image size of job updated: 217152
	106  -  MemoryUsage of job (MB)
	108544  -  ResidentSetSize of job (KB)
...
006 (696088.005.000) 07/12 09:15:18 Image size of job updated: 243064
	106  -  MemoryUsage of job (MB)
	108544  -  ResidentSetSize of job (KB)
...
005 (696088.005.000) 07/12 09:15:19 Job terminated.
	(1) Normal termination (return value 0)
		Usr 0 00:01:59, Sys 0 00:00:06  -  Run Remote Usage
		Usr 0 00:00:00, Sys 0 00:00:00  -  Run Local Usage
		Usr 0 00:01:59, Sys 0 00:00:06  -  Total Remote Usage
		Usr 0 00:00:00, Sys 0 00:00:00  -  Total Local Usage
	409385  -  Run Bytes Sent By Job
	281287  -  Run Bytes Received By Job
	409385  -  Total Bytes Sent By Job
	281287  -  Total Bytes Received By Job
	Partitionable Resources :    Usage  Request Allocated
	   Cpus                 :                 1         1
	   Disk (KB)            :  1000000  2048000   9503344
	   Memory (MB)          :      106     1992      1992
...
