000 (696088.009.000) 07/12 06:44:54 Job submitted from host: <144.92.181.245:9618?addrs=144.92.181.245-9618+[2607-f388-101c-1000--372]-9618&noUDP&sock=6179_dbc8_3>
...
001 (695091.009.000) 07/12 08:00:48 Job executing on host: <128.104.227.34:9618?addrs=128.104.227.34-9618+[2607-f388-101c-1000--629]-9618&noUDP&sock=10298_2661_3>
...
006 (695091.009.000) 07/12 08:00:57 Image size of job updated: 216992
	106  -  MemoryUsage of job (MB)
	108524  -  ResidentSetSize of job (KB)
...
006 (695091.009.000) 07/12 08:18:00 Image size of job updated: 247080
	106  -  MemoryUsage of job (MB)
	108524  -  ResidentSetSize of job (KB)
...
005 (695091.009.000) 07/12 08:18:00 Job terminated.
	(1) Normal termination (return value 0)
		Usr 0 00:02:11, Sys 0 00:00:06  -  Run Remote Usage
		Usr 0 00:00:00, Sys 0 00:00:00  -  Run Local Usage
		Usr 0 00:02:11, Sys 0 00:00:06  -  Total Remote Usage
		Usr 0 00:00:00, Sys 0 00:00:00  -  Total Local Usage
	402499  -  Run Bytes Sent By Job
	281287  -  Run Bytes Received By Job
	402499  -  Total Bytes Sent By Job
	281287  -  Total Bytes Received By Job
	Partitionable Resources :    Usage  Request Allocated
	   Cpus                 :                 1         1
	   Disk (KB)            :  1000000  2048000   9500816
	   Memory (MB)          :      106     1992      1992
...
001 (696088.009.000) 07/12 08:58:09 Job executing on host: <128.104.227.59:9618?addrs=128.104.227.59-9618+[2607-f388-101c-1000--629]-9618&noUDP&sock=10315_cf7d_3>
...
006 (696088.009.000) 07/12 08:58:18 Image size of job updated: 216080
	106  -  MemoryUsage of job (MB)
	108524  -  ResidentSetSize of job (KB)
...
005 (696088.009.000) 07/12 09:15:18 Job terminated.
	(1) Normal termination (return value 0)
		Usr 0 00:02:14, Sys 0 00:00:06  -  Run Remote Usage
		Usr 0 00:00:00, Sys 0 00:00:00  -  Run Local Usage
		Usr 0 00:02:14, Sys 0 00:00:06  -  Total Remote Usage
		Usr 0 00:00:00, Sys 0 00:00:00  -  Total Local Usage
	402499  -  Run Bytes Sent By Job
	281287  -  Run Bytes Received By Job
	402499  -  Total Bytes Sent By Job
	281287  -  Total Bytes Received By Job
	Partitionable Resources :    Usage  Request Allocated
	   Cpus                 :                 1         1
	   Disk (KB)            :  1000000  2048000   9501449
	   Memory (MB)          :      106     1992      1992
...
